1e-05	0.99999	50.92799387	1.000000009
0.001010980981	0.998989019	42.38872227	1.000093105
0.002011961962	0.997988038	35.55527097	1.000358658
0.003012942943	0.9969870571	30.04340719	1.00078259
0.004013923924	0.9959860761	25.56393513	1.00135192
0.005014904905	0.9949850951	21.89731325	1.002054668
0.006015885886	0.9939841141	18.87550669	1.002879763
0.007016866867	0.9929831331	16.36889291	1.003816966
0.008017847848	0.9919821522	14.27673004	1.004856792
0.009018828829	0.9909811712	12.52016	1.005990455
0.01001980981	0.9899801902	11.03703079	1.007209798
0.01102079079	0.9889792092	9.77803519	1.008507251
0.01202177177	0.9879782282	8.703809777	1.009875779
0.01302275275	0.9869772472	7.782739822	1.011308837
0.01402373373	0.9859762663	6.989286969	1.012800336
0.01502471471	0.9849752853	6.302706756	1.014344607
0.0160256957	0.9839743043	5.706058881	1.015936363
0.01702667668	0.9829733233	5.185438736	1.01757068
0.01802765766	0.9819723423	4.729377247	1.01924296
0.01902863864	0.9809713614	4.328369499	1.020948915
0.02002961962	0.9799703804	3.974502513	1.02268454
0.0210306006	0.9789693994	3.661159764	1.024446096
0.02203158158	0.9779684184	3.382785448	1.026230086
0.02303256256	0.9769674374	3.134695484	1.028033245
0.02403354354	0.9759664565	2.912925282	1.029852519
0.02503452452	0.9749654755	2.714106569	1.031685053
0.02603550551	0.9739644945	2.535367285	1.033528177
0.02703648649	0.9729635135	2.374249878	1.035379393
0.02803746747	0.9719625325	2.228644363	1.037236365
0.02903844845	0.9709615516	2.096733232	1.039096908
0.03003942943	0.9699605706	1.976945966	1.040958978
0.03104041041	0.9689595896	1.867921329	1.042820663
0.03204139139	0.9679586086	1.768475988	1.044680175
0.03304237237	0.9669576276	1.677578335	1.046535843
0.03404335335	0.9659566466	1.594326539	1.048386104
0.03504433433	0.9649556657	1.517930119	1.050229497
0.03604531532	0.9639546847	1.447694399	1.052064657
0.0370462963	0.9629537037	1.383007368	1.053890312
0.03804727728	0.9619527227	1.323328533	1.05570527
0.03904825826	0.9609517417	1.268179436	1.057508422
0.04004923924	0.9599507608	1.217135574	1.059298735
0.04105022022	0.9589497798	1.169819472	1.061075244
0.0420512012	0.9579487988	1.125894763	1.062837053
0.04305218218	0.9569478178	1.085061079	1.064583325
0.04405316316	0.9559468368	1.047049659	1.066313288
0.04505414414	0.9549458559	1.011619552	1.068026219
0.04605512513	0.9539448749	0.9785543281	1.069721454
0.04705610611	0.9529438939	0.9476592191	1.071398374
0.04805708709	0.9519429129	0.9187586388	1.073056408
0.04905806807	0.9509419319	0.8916940157	1.07469503
0.05005904905	0.949940951	0.8663219004	1.076313755
0.05106003003	0.94893997	0.8425123086	1.077912139
0.05206101101	0.947938989	0.8201472683	1.079489771
0.05306199199	0.946938008	0.7991195411	1.08104628
0.05406297297	0.945937027	0.7793314973	1.082581326
0.05506395395	0.944936046	0.7606941231	1.084094599
0.05606493493	0.9439350651	0.7431261424	1.085585821
0.05706591592	0.9429340841	0.72655324	1.087054741
0.0580668969	0.9419331031	0.7109073718	1.088501135
0.05906787788	0.9409321221	0.6961261523	1.089924802
0.06006885886	0.9399311411	0.6821523096	1.091325568
0.06106983984	0.9389301602	0.6689331988	1.092703277
0.06207082082	0.9379291792	0.6564203686	1.094057799
0.0630718018	0.9369281982	0.6445691728	1.095389021
0.06407278278	0.9359272172	0.633338423	1.096696848
0.06507376376	0.9349262362	0.622690077	1.097981205
0.06607474474	0.9339252553	0.6125889587	1.099242034
0.06707572573	0.9329242743	0.6030025063	1.10047929
0.06807670671	0.9319232933	0.5939005458	1.101692947
0.06907768769	0.9309223123	0.5852550863	1.102882989
0.07007866867	0.9299213313	0.5770401353	1.104049417
0.07107964965	0.9289203504	0.569231532	1.105192243
0.07208063063	0.9279193694	0.5618067961	1.10631149
0.07308161161	0.9269183884	0.5547449906	1.107407194
0.07408259259	0.9259174074	0.5480265978	1.108479401
0.07508357357	0.9249164264	0.5416334061	1.109528167
0.07608455455	0.9239154454	0.5355484073	1.110553556
0.07708553554	0.9229144645	0.5297557034	1.111555643
0.07808651652	0.9219134835	0.5242404208	1.11253451
0.0790874975	0.9209125025	0.518988633	1.113490247
0.08008847848	0.9199115215	0.513987289	1.114422953
0.08108945946	0.9189105405	0.5092241488	1.115332731
0.08209044044	0.9179095596	0.5046877235	1.116219693
0.08309142142	0.9169085786	0.5003672211	1.117083955
0.0840924024	0.9159075976	0.4962524961	1.11792564
0.08509338338	0.9149066166	0.4923340039	1.118744877
0.08609436436	0.9139056356	0.4886027587	1.119541799
0.08709534535	0.9129046547	0.4850502941	1.120316542
0.08809632633	0.9119036737	0.481668628	1.12106925
0.08909730731	0.9109026927	0.4784502297	1.121800068
0.09009828829	0.9099017117	0.4753879888	1.122509146
0.09109926927	0.9089007307	0.472475188	1.123196637
0.09210025025	0.9078997497	0.4697054769	1.123862699
0.09310123123	0.9068987688	0.467072848	1.124507489
0.09410221221	0.9058977878	0.4645716145	1.125131171
0.09510319319	0.9048968068	0.4621963901	1.12573391
0.09610417417	0.9038958258	0.4599420699	1.126315872
0.09710515516	0.9028948448	0.4578038125	1.126877227
0.09810613614	0.9018938639	0.4557770239	1.127418145
0.09910711712	0.9008928829	0.4538573422	1.1279388
0.1001080981	0.8998919019	0.4520406239	1.128439366
0.1011090791	0.8988909209	0.4503229299	1.128920018
0.1021100601	0.8978899399	0.4487005143	1.129380934
0.103111041	0.896888959	0.447169812	1.129822292
0.104112022	0.895887978	0.445727429	1.130244271
0.105113003	0.894886997	0.4443701321	1.130647051
0.106113984	0.893886016	0.4430948394	1.131030812
0.107114965	0.892885035	0.4418986121	1.131395736
0.1081159459	0.8918840541	0.4407786465	1.131742005
0.1091169269	0.8908830731	0.4397322659	1.132069799
0.1101179079	0.8898820921	0.4387569142	1.132379302
0.1111188889	0.8888811111	0.437850149	1.132670697
0.1121198699	0.8878801301	0.4370096353	1.132944164
0.1131208509	0.8868791491	0.43623314	1.133199888
0.1141218318	0.8858781682	0.4355185262	1.133438049
0.1151228128	0.8848771872	0.4348637483	1.133658831
0.1161237938	0.8838762062	0.4342668472	1.133862415
0.1171247748	0.8828752252	0.4337259457	1.134048983
0.1181257558	0.8818742442	0.4332392443	1.134218716
0.1191267367	0.8808732633	0.4328050173	1.134371794
0.1201277177	0.8798722823	0.432421609	1.134508398
0.1211286987	0.8788713013	0.4320874303	1.134628706
0.1221296797	0.8778703203	0.4318009553	1.134732899
0.1231306607	0.8768693393	0.431560718	1.134821154
0.1241316416	0.8758683584	0.4313653098	1.134893649
0.1251326226	0.8748673774	0.4312133763	1.13495056
0.1261336036	0.8738663964	0.4311036149	1.134992064
0.1271345846	0.8728654154	0.4310347724	1.135018334
0.1281355656	0.8718644344	0.4310056423	1.135029546
0.1291365465	0.8708634535	0.4310150631	1.135025873
0.1301375275	0.8698624725	0.431061916	1.135007486
0.1311385085	0.8688614915	0.4311451226	1.134974557
0.1321394895	0.8678605105	0.4312636436	1.134927257
0.1331404705	0.8668595295	0.4314164768	1.134865753
0.1341414515	0.8658585485	0.4316026553	1.134790215
0.1351424324	0.8648575676	0.4318212459	1.134700809
0.1361434134	0.8638565866	0.432071348	1.134597702
0.1371443944	0.8628556056	0.4323520918	1.134481056
0.1381453754	0.8618546246	0.4326626369	1.134351037
0.1391463564	0.8608536436	0.4330021714	1.134207807
0.1401473373	0.8598526627	0.4333699104	1.134051526
0.1411483183	0.8588516817	0.4337650949	1.133882355
0.1421492993	0.8578507007	0.4341869907	1.133700453
0.1431502803	0.8568497197	0.4346348875	1.133505976
0.1441512613	0.8558487387	0.4351080975	1.133299081
0.1451522422	0.8548477578	0.4356059551	1.133079923
0.1461532232	0.8538467768	0.4361278155	1.132848656
0.1471542042	0.8528457958	0.436673054	1.132605431
0.1481551852	0.8518448148	0.4372410652	1.132350402
0.1491561662	0.8508438338	0.4378312623	1.132083716
0.1501571471	0.8498428529	0.4384430762	1.131805523
0.1511581281	0.8488418719	0.4390759549	1.13151597
0.1521591091	0.8478408909	0.439729363	1.131215203
0.1531600901	0.8468399099	0.4404027806	1.130903367
0.1541610711	0.8458389289	0.4410957032	1.130580605
0.1551620521	0.8448379479	0.4418076409	1.13024706
0.156163033	0.843836967	0.4425381177	1.129902871
0.157164014	0.842835986	0.4432866713	1.129548179
0.158164995	0.841835005	0.4440528522	1.129183122
0.159165976	0.840834024	0.4448362238	1.128807836
0.160166957	0.839833043	0.4456363613	1.128422457
0.1611679379	0.8388320621	0.4464528515	1.12802712
0.1621689189	0.8378310811	0.4472852926	1.127621958
0.1631698999	0.8368301001	0.4481332935	1.127207102
0.1641708809	0.8358291191	0.4489964737	1.126782682
0.1651718619	0.8348281381	0.4498744625	1.126348829
0.1661728428	0.8338271572	0.4507668991	1.125905669
0.1671738238	0.8328261762	0.4516734322	1.125453329
0.1681748048	0.8318251952	0.4525937192	1.124991935
0.1691757858	0.8308242142	0.4535274265	1.124521611
0.1701767668	0.8298232332	0.4544742288	1.124042479
0.1711777477	0.8288222523	0.4554338093	1.123554661
0.1721787287	0.8278212713	0.4564058585	1.123058277
0.1731797097	0.8268202903	0.4573900751	1.122553447
0.1741806907	0.8258193093	0.4583861649	1.122040288
0.1751816717	0.8248183283	0.4593938409	1.121518917
0.1761826527	0.8238173473	0.4604128229	1.120989449
0.1771836336	0.8228163664	0.4614428375	1.120451999
0.1781846146	0.8218153854	0.4624836177	1.119906678
0.1791855956	0.8208144044	0.463534903	1.1193536
0.1801865766	0.8198134234	0.4645964386	1.118792875
0.1811875576	0.8188124424	0.4656679758	1.118224611
0.1821885385	0.8178114615	0.4667492716	1.117648918
0.1831895195	0.8168104805	0.4678400884	1.117065903
0.1841905005	0.8158094995	0.4689401941	1.11647567
0.1851914815	0.8148085185	0.4700493618	1.115878326
0.1861924625	0.8138075375	0.4711673694	1.115273973
0.1871934434	0.8128065566	0.4722940001	1.114662714
0.1881944244	0.8118055756	0.4734290413	1.114044651
0.1891954054	0.8108045946	0.4745722856	1.113419883
0.1901963864	0.8098036136	0.4757235297	1.112788511
0.1911973674	0.8088026326	0.4768825747	1.112150631
0.1921983483	0.8078016517	0.4780492259	1.111506341
0.1931993293	0.8068006707	0.4792232928	1.110855736
0.1942003103	0.8057996897	0.4804045889	1.110198912
0.1952012913	0.8047987087	0.4815929315	1.109535963
0.1962022723	0.8037977277	0.4827881416	1.10886698
0.1972032533	0.8027967467	0.4839900439	1.108192056
0.1982042342	0.8017957658	0.4851984669	1.107511281
0.1992052152	0.8007947848	0.4864132422	1.106824745
0.2002061962	0.7997938038	0.487634205	1.106132536
0.2012071772	0.7987928228	0.4888611938	1.105434742
0.2022081582	0.7977918418	0.4900940501	1.104731449
0.2032091391	0.7967908609	0.4913326187	1.104022744
0.2042101201	0.7957898799	0.4925767474	1.10330871
0.2052111011	0.7947888989	0.4938262869	1.102589431
0.2062120821	0.7937879179	0.4950810908	1.101864991
0.2072130631	0.7927869369	0.4963410156	1.10113547
0.208214044	0.791785956	0.4976059203	1.10040095
0.209215025	0.790784975	0.4988756668	1.099661509
0.210216006	0.789783994	0.5001501196	1.098917228
0.211216987	0.788783013	0.5014291455	1.098168185
0.212217968	0.787782032	0.502712614	1.097414455
0.2132189489	0.7867810511	0.504000397	1.096656116
0.2142199299	0.7857800701	0.5052923687	1.095893243
0.2152209109	0.7847790891	0.5065884055	1.09512591
0.2162218919	0.7837781081	0.5078883862	1.094354191
0.2172228729	0.7827771271	0.5091921918	1.093578159
0.2182238539	0.7817761461	0.5104997053	1.092797884
0.2192248348	0.7807751652	0.511810812	1.092013439
0.2202258158	0.7797741842	0.513125399	1.091224894
0.2212267968	0.7787732032	0.5144433556	1.090432317
0.2222277778	0.7777722222	0.515764573	1.089635778
0.2232287588	0.7767712412	0.5170889442	1.088835343
0.2242297397	0.7757702603	0.5184163642	1.088031081
0.2252307207	0.7747692793	0.5197467299	1.087223057
0.2262317017	0.7737682983	0.5210799397	1.086411335
0.2272326827	0.7727673173	0.522415894	1.085595982
0.2282336637	0.7717663363	0.5237544948	1.084777061
0.2292346446	0.7707653554	0.5250956458	1.083954634
0.2302356256	0.7697643744	0.5264392524	1.083128764
0.2312366066	0.7687633934	0.5277852214	1.082299512
0.2322375876	0.7677624124	0.5291334615	1.08146694
0.2332385686	0.7667614314	0.5304838827	1.080631106
0.2342395495	0.7657604505	0.5318363965	1.079792072
0.2352405305	0.7647594695	0.5331909159	1.078949894
0.2362415115	0.7637584885	0.5345473554	1.078104632
0.2372424925	0.7627575075	0.535905631	1.077256341
0.2382434735	0.7617565265	0.5372656599	1.07640508
0.2392444545	0.7607555455	0.5386273607	1.075550903
0.2402454354	0.7597545646	0.5399906534	1.074693866
0.2412464164	0.7587535836	0.5413554593	1.073834023
0.2422473974	0.7577526026	0.5427217009	1.072971428
0.2432483784	0.7567516216	0.5440893022	1.072106134
0.2442493594	0.7557506406	0.545458188	1.071238194
0.2452503403	0.7547496597	0.5468282847	1.070367659
0.2462513213	0.7537486787	0.5481995197	1.069494582
0.2472523023	0.7527476977	0.5495718216	1.068619012
0.2482532833	0.7517467167	0.5509451203	1.067740999
0.2492542643	0.7507457357	0.5523193465	1.066860593
0.2502552452	0.7497447548	0.5536944322	1.065977843
0.2512562262	0.7487437738	0.5550703105	1.065092797
0.2522572072	0.7477427928	0.5564469155	1.064205502
0.2532581882	0.7467418118	0.5578241824	1.063316005
0.2542591692	0.7457408308	0.5592020473	1.062424354
0.2552601502	0.7447398498	0.5605804475	1.061530593
0.2562611311	0.7437388689	0.561959321	1.060634768
0.2572621121	0.7427378879	0.5633386072	1.059736924
0.2582630931	0.7417369069	0.5647182459	1.058837105
0.2592640741	0.7407359259	0.5660981784	1.057935355
0.2602650551	0.7397349449	0.5674783465	1.057031716
0.261266036	0.738733964	0.5688586931	1.056126232
0.262267017	0.737732983	0.570239162	1.055218944
0.263267998	0.736732002	0.5716196978	1.054309894
0.264268979	0.735731021	0.5730002459	1.053399122
0.26526996	0.73473004	0.5743807527	1.05248667
0.2662709409	0.7337290591	0.5757611654	1.051572577
0.2672719219	0.7327280781	0.5771414319	1.050656883
0.2682729029	0.7317270971	0.578521501	1.049739627
0.2692738839	0.7307261161	0.5799013224	1.048820847
0.2702748649	0.7297251351	0.5812808462	1.047900582
0.2712758458	0.7287241542	0.5826600238	1.046978868
0.2722768268	0.7277231732	0.5840388069	1.046055743
0.2732778078	0.7267221922	0.5854171481	1.045131244
0.2742787888	0.7257212112	0.5867950009	1.044205407
0.2752797698	0.7247202302	0.5881723192	1.043278267
0.2762807508	0.7237192492	0.5895490579	1.042349859
0.2772817317	0.7227182683	0.5909251723	1.04142022
0.2782827127	0.7217172873	0.5923006188	1.040489382
0.2792836937	0.7207163063	0.5936753539	1.039557379
0.2802846747	0.7197153253	0.5950493354	1.038624247
0.2812856557	0.7187143443	0.5964225213	1.037690016
0.2822866366	0.7177133634	0.5977948704	1.036754721
0.2832876176	0.7167123824	0.5991663421	1.035818392
0.2842885986	0.7157114014	0.6005368966	1.034881063
0.2852895796	0.7147104204	0.6019064943	1.033942765
0.2862905606	0.7137094394	0.6032750967	1.033003528
0.2872915415	0.7127084585	0.6046426656	1.032063383
0.2882925225	0.7117074775	0.6060091634	1.031122361
0.2892935035	0.7107064965	0.6073745532	1.030180492
0.2902944845	0.7097055155	0.6087387986	1.029237804
0.2912954655	0.7087045345	0.6101018638	1.028294327
0.2922964464	0.7077035536	0.6114637135	1.02735009
0.2932974274	0.7067025726	0.6128243129	1.026405121
0.2942984084	0.7057015916	0.614183628	1.025459448
0.2952993894	0.7047006106	0.615541625	1.024513098
0.2963003704	0.7036996296	0.6168982708	1.0235661
0.2973013514	0.7026986486	0.6182535328	1.02261848
0.2983023323	0.7016976677	0.6196073789	1.021670264
0.2993033133	0.7006966867	0.6209597775	1.020721479
0.3003042943	0.6996957057	0.6223106974	1.01977215
0.3013052753	0.6986947247	0.6236601082	1.018822304
0.3023062563	0.6976937437	0.6250079796	1.017871966
0.3033072372	0.6966927628	0.6263542819	1.01692116
0.3043082182	0.6956917818	0.627698986	1.01596991
0.3053091992	0.6946908008	0.6290420632	1.015018242
0.3063101802	0.6936898198	0.6303834852	1.01406618
0.3073111612	0.6926888388	0.6317232241	1.013113746
0.3083121421	0.6916878579	0.6330612525	1.012160965
0.3093131231	0.6906868769	0.6343975436	1.011207858
0.3103141041	0.6896858959	0.6357320708	1.01025445
0.3113150851	0.6886849149	0.637064808	1.009300762
0.3123160661	0.6876839339	0.6383957295	1.008346817
0.313317047	0.686682953	0.6397248101	1.007392636
0.314318028	0.685681972	0.641052025	1.006438241
0.315319009	0.684680991	0.6423773496	1.005483653
0.31631999	0.68368001	0.64370076	1.004528894
0.317320971	0.682679029	0.6450222324	1.003573983
0.318321952	0.681678048	0.6463417437	1.002618942
0.3193229329	0.6806770671	0.6476592709	1.00166379
0.3203239139	0.6796760861	0.6489747915	1.000708548
0.3213248949	0.6786751051	0.6502882835	0.9997532354
0.3223258759	0.6776741241	0.6515997249	0.998797871
0.3233268569	0.6766731431	0.6529090944	0.9978424742
0.3243278378	0.6756721622	0.6542163711	0.9968870639
0.3253288188	0.6746711812	0.655521534	0.9959316588
0.3263297998	0.6736702002	0.656824563	0.9949762771
0.3273307808	0.6726692192	0.658125438	0.994020937
0.3283317618	0.6716682382	0.6594241394	0.9930656564
0.3293327427	0.6706672573	0.6607206478	0.992110453
0.3303337237	0.6696662763	0.6620149442	0.9911553441
0.3313347047	0.6686652953	0.66330701	0.9902003468
0.3323356857	0.6676643143	0.6645968267	0.9892454782
0.3333366667	0.6666633333	0.6658843765	0.988290755
0.3343376476	0.6656623524	0.6671696415	0.9873361935
0.3353386286	0.6646613714	0.6684526044	0.9863818102
0.3363396096	0.6636603904	0.669733248	0.9854276209
0.3373405906	0.6626594094	0.6710115556	0.9844736416
0.3383415716	0.6616584284	0.6722875107	0.9835198877
0.3393425526	0.6606574474	0.673561097	0.9825663748
0.3403435335	0.6596564665	0.6748322987	0.981613118
0.3413445145	0.6586554855	0.6761011001	0.9806601322
0.3423454955	0.6576545045	0.6773674859	0.9797074322
0.3433464765	0.6566535235	0.6786314411	0.9787550327
0.3443474575	0.6556525425	0.6798929507	0.9778029478
0.3453484384	0.6546515616	0.6811520005	0.9768511919
0.3463494194	0.6536505806	0.682408576	0.9758997788
0.3473504004	0.6526495996	0.6836626634	0.9749487223
0.3483513814	0.6516486186	0.6849142489	0.973998036
0.3493523624	0.6506476376	0.686163319	0.9730477333
0.3503533433	0.6496466567	0.6874098607	0.9720978275
0.3513543243	0.6486456757	0.6886538609	0.9711483314
0.3523553053	0.6476446947	0.6898953069	0.970199258
0.3533562863	0.6466437137	0.6911341864	0.9692506199
0.3543572673	0.6456427327	0.6923704871	0.9683024295
0.3553582482	0.6446417518	0.6936041971	0.9673546993
0.3563592292	0.6436407708	0.6948353046	0.9664074412
0.3573602102	0.6426397898	0.6960637982	0.9654606674
0.3583611912	0.6416388088	0.6972896667	0.9645143894
0.3593621722	0.6406378278	0.6985128989	0.963568619
0.3603631532	0.6396368468	0.6997334841	0.9626233676
0.3613641341	0.6386358659	0.7009514118	0.9616786466
0.3623651151	0.6376348849	0.7021666716	0.9607344669
0.3633660961	0.6366339039	0.7033792534	0.9597908396
0.3643670771	0.6356329229	0.7045891473	0.9588477755
0.3653680581	0.6346319419	0.7057963434	0.9579052853
0.366369039	0.633630961	0.7070008325	0.9569633794
0.36737002	0.63262998	0.7082026052	0.9560220681
0.368371001	0.631628999	0.7094016524	0.9550813618
0.369371982	0.630628018	0.7105979652	0.9541412703
0.370372963	0.629627037	0.711791535	0.9532018037
0.3713739439	0.6286260561	0.7129823533	0.9522629717
0.3723749249	0.6276250751	0.7141704119	0.9513247838
0.3733759059	0.6266240941	0.7153557026	0.9503872495
0.3743768869	0.6256231131	0.7165382175	0.9494503782
0.3753778679	0.6246221321	0.7177179489	0.948514179
0.3763788488	0.6236211512	0.7188948894	0.9475786611
0.3773798298	0.6226201702	0.7200690316	0.9466438333
0.3783808108	0.6216191892	0.7212403683	0.9457097043
0.3793817918	0.6206182082	0.7224088926	0.9447762829
0.3803827728	0.6196172272	0.7235745976	0.9438435775
0.3813837538	0.6186162462	0.7247374767	0.9429115966
0.3823847347	0.6176152653	0.7258975236	0.9419803485
0.3833857157	0.6166142843	0.7270547318	0.9410498411
0.3843866967	0.6156133033	0.7282090953	0.9401200826
0.3853876777	0.6146123223	0.7293606082	0.9391910809
0.3863886587	0.6136113413	0.7305092647	0.9382628436
0.3873896396	0.6126103604	0.7316550591	0.9373353786
0.3883906206	0.6116093794	0.732797986	0.9364086932
0.3893916016	0.6106083984	0.7339380402	0.9354827949
0.3903925826	0.6096074174	0.7350752163	0.934557691
0.3913935636	0.6086064364	0.7362095096	0.9336333887
0.3923945445	0.6076054555	0.7373409151	0.9327098951
0.3933955255	0.6066044745	0.7384694282	0.931787217
0.3943965065	0.6056034935	0.7395950443	0.9308653614
0.3953974875	0.6046025125	0.740717759	0.929944335
0.3963984685	0.6036015315	0.7418375681	0.9290241444
0.3973994494	0.6026005506	0.7429544675	0.9281047962
0.3984004304	0.6015995696	0.7440684533	0.9271862967
0.3994014114	0.6005985886	0.7451795216	0.9262686523
0.4004023924	0.5995976076	0.7462876687	0.9253518692
0.4014033734	0.5985966266	0.7473928912	0.9244359535
0.4024043544	0.5975956456	0.7484951855	0.9235209112
0.4034053353	0.5965946647	0.7495945485	0.9226067482
0.4044063163	0.5955936837	0.750690977	0.9216934704
0.4054072973	0.5945927027	0.751784468	0.9207810834
0.4064082783	0.5935917217	0.7528750185	0.9198695929
0.4074092593	0.5925907407	0.7539626259	0.9189590044
0.4084102402	0.5915897598	0.7550472875	0.9180493233
0.4094112212	0.5905887788	0.7561290008	0.9171405551
0.4104122022	0.5895877978	0.7572077635	0.9162327049
0.4114131832	0.5885868168	0.7582835732	0.9153257778
0.4124141642	0.5875858358	0.7593564278	0.9144197791
0.4134151451	0.5865848549	0.7604263252	0.9135147136
0.4144161261	0.5855838739	0.7614932637	0.9126105863
0.4154171071	0.5845828929	0.7625572413	0.9117074019
0.4164180881	0.5835819119	0.7636182564	0.9108051653
0.4174190691	0.5825809309	0.7646763074	0.909903881
0.4184200501	0.5815799499	0.7657313929	0.9090035536
0.419421031	0.580578969	0.7667835115	0.9081041876
0.420422012	0.579577988	0.7678326619	0.9072057875
0.421422993	0.578577007	0.7688788431	0.9063083574
0.422423974	0.577576026	0.7699220539	0.9054119017
0.423424955	0.576575045	0.7709622935	0.9045164245
0.4244259359	0.5755740641	0.771999561	0.90362193
0.4254269169	0.5745730831	0.7730338557	0.9027284221
0.4264278979	0.5735721021	0.7740651769	0.9018359047
0.4274288789	0.5725711211	0.7750935243	0.9009443818
0.4284298599	0.5715701401	0.7761188972	0.9000538571
0.4294308408	0.5705691592	0.7771412954	0.8991643344
0.4304318218	0.5695681782	0.7781607186	0.8982758173
0.4314328028	0.5685671972	0.7791771667	0.8973883093
0.4324337838	0.5675662162	0.7801906396	0.896501814
0.4334347648	0.5665652352	0.7812011374	0.8956163349
0.4344357457	0.5655642543	0.7822086601	0.8947318752
0.4354367267	0.5645632733	0.7832132081	0.8938484383
0.4364377077	0.5635622923	0.7842147815	0.8929660275
0.4374386887	0.5625613113	0.7852133808	0.8920846459
0.4384396697	0.5615603303	0.7862090065	0.8912042966
0.4394406507	0.5605593493	0.7872016591	0.8903249827
0.4404416316	0.5595583684	0.7881913393	0.8894467071
0.4414426126	0.5585573874	0.7891780477	0.8885694728
0.4424435936	0.5575564064	0.7901617853	0.8876932826
0.4434445746	0.5565554254	0.7911425527	0.8868181393
0.4444455556	0.5555544444	0.7921203511	0.8859440457
0.4454465365	0.5545534635	0.7930951815	0.8850710044
0.4464475175	0.5535524825	0.7940670449	0.884199018
0.4474484985	0.5525515015	0.7950359426	0.8833280892
0.4484494795	0.5515505205	0.7960018758	0.8824582204
0.4494504605	0.5505495395	0.7969648459	0.8815894141
0.4504514414	0.5495485586	0.7979248543	0.8807216726
0.4514524224	0.5485475776	0.7988819025	0.8798549983
0.4524534034	0.5475465966	0.799835992	0.8789893935
0.4534543844	0.5465456156	0.8007871244	0.8781248604
0.4544553654	0.5455446346	0.8017353015	0.8772614011
0.4554563463	0.5445436537	0.802680525	0.8763990179
0.4564573273	0.5435426727	0.8036227967	0.8755377128
0.4574583083	0.5425416917	0.8045621185	0.8746774877
0.4584592893	0.5415407107	0.8054984924	0.8738183447
0.4594602703	0.5405397297	0.8064319205	0.8729602857
0.4604612513	0.5395387487	0.8073624047	0.8721033126
0.4614622322	0.5385377678	0.8082899473	0.8712474271
0.4624632132	0.5375367868	0.8092145504	0.870392631
0.4634641942	0.5365358058	0.8101362164	0.8695389262
0.4644651752	0.5355348248	0.8110549476	0.8686863142
0.4654661562	0.5345338438	0.8119707463	0.8678347967
0.4664671371	0.5335328629	0.812883615	0.8669843753
0.4674681181	0.5325318819	0.8137935562	0.8661350515
0.4684690991	0.5315309009	0.8147005725	0.8652868268
0.4694700801	0.5305299199	0.8156046665	0.8644397026
0.4704710611	0.5295289389	0.8165058409	0.8635936805
0.471472042	0.528527958	0.8174040983	0.8627487617
0.472473023	0.527526977	0.8182994417	0.8619049476
0.473474004	0.526525996	0.8191918738	0.8610622394
0.474474985	0.525525015	0.8200813975	0.8602206384
0.475475966	0.524524034	0.8209680157	0.8593801458
0.4764769469	0.5235230531	0.8218517315	0.8585407628
0.4774779279	0.5225220721	0.8227325479	0.8577024904
0.4784789089	0.5215210911	0.8236104679	0.8568653298
0.4794798899	0.5205201101	0.8244854947	0.8560292821
0.4804808709	0.5195191291	0.8253576315	0.8551943481
0.4814818519	0.5185181481	0.8262268815	0.8543605288
0.4824828328	0.5175171672	0.8270932481	0.8535278253
0.4834838138	0.5165161862	0.8279567344	0.8526962384
0.4844847948	0.5155152052	0.8288173439	0.8518657689
0.4854857758	0.5145142242	0.8296750801	0.8510364177
0.4864867568	0.5135132432	0.8305299462	0.8502081855
0.4874877377	0.5125122623	0.831381946	0.8493810731
0.4884887187	0.5115112813	0.8322310828	0.8485550813
0.4894896997	0.5105103003	0.8330773603	0.8477302106
0.4904906807	0.5095093193	0.8339207821	0.8469064617
0.4914916617	0.5085083383	0.8347613519	0.8460838353
0.4924926426	0.5075073574	0.8355990733	0.845262332
0.4934936236	0.5065063764	0.8364339502	0.8444419522
0.4944946046	0.5055053954	0.8372659862	0.8436226965
0.4954955856	0.5045044144	0.8380951853	0.8428045654
0.4964965666	0.5035034334	0.8389215512	0.8419875593
0.4974975475	0.5025024525	0.8397450879	0.8411716786
0.4984985285	0.5015014715	0.8405657993	0.8403569238
0.4994995095	0.5005004905	0.8413836893	0.8395432952
0.5005004905	0.4994995095	0.842198762	0.8387307931
0.5015014715	0.4984985285	0.8430110214	0.8379194178
0.5025024525	0.4974975475	0.8438204715	0.8371091697
0.5035034334	0.4964965666	0.8446271165	0.8363000489
0.5045044144	0.4954955856	0.8454309604	0.8354920556
0.5055053954	0.4944946046	0.8462320076	0.8346851901
0.5065063764	0.4934936236	0.8470302621	0.8338794525
0.5075073574	0.4924926426	0.8478257282	0.833074843
0.5085083383	0.4914916617	0.8486184101	0.8322713616
0.5095093193	0.4904906807	0.8494083121	0.8314690085
0.5105103003	0.4894896997	0.8501954386	0.8306677836
0.5115112813	0.4884887187	0.850979794	0.8298676871
0.5125122623	0.4874877377	0.8517613825	0.8290687189
0.5135132432	0.4864867568	0.8525402085	0.8282708789
0.5145142242	0.4854857758	0.8533162766	0.8274741673
0.5155152052	0.4844847948	0.8540895912	0.8266785838
0.5165161862	0.4834838138	0.8548601568	0.8258841283
0.5175171672	0.4824828328	0.8556279778	0.8250908009
0.5185181481	0.4814818519	0.8563930589	0.8242986013
0.5195191291	0.4804808709	0.8571554045	0.8235075293
0.5205201101	0.4794798899	0.8579150193	0.8227175848
0.5215210911	0.4784789089	0.8586719079	0.8219287675
0.5225220721	0.4774779279	0.8594260749	0.8211410773
0.5235230531	0.4764769469	0.860177525	0.8203545139
0.524524034	0.475475966	0.8609262629	0.8195690769
0.525525015	0.474474985	0.8616722933	0.8187847662
0.526525996	0.473474004	0.8624156208	0.8180015813
0.527526977	0.472473023	0.8631562503	0.8172195219
0.528527958	0.471472042	0.8638941866	0.8164385877
0.5295289389	0.4704710611	0.8646294344	0.8156587784
0.5305299199	0.4694700801	0.8653619984	0.8148800934
0.5315309009	0.4684690991	0.8660918837	0.8141025324
0.5325318819	0.4674681181	0.866819095	0.8133260949
0.5335328629	0.4664671371	0.8675436372	0.8125507805
0.5345338438	0.4654661562	0.8682655152	0.8117765887
0.5355348248	0.4644651752	0.8689847338	0.8110035189
0.5365358058	0.4634641942	0.8697012981	0.8102315708
0.5375367868	0.4624632132	0.870415213	0.8094607438
0.5385377678	0.4614622322	0.8711264834	0.8086910372
0.5395387487	0.4604612513	0.8718351143	0.8079224505
0.5405397297	0.4594602703	0.8725411107	0.8071549833
0.5415407107	0.4584592893	0.8732444777	0.8063886347
0.5425416917	0.4574583083	0.8739452202	0.8056234043
0.5435426727	0.4564573273	0.8746433433	0.8048592914
0.5445436537	0.4554563463	0.8753388521	0.8040962953
0.5455446346	0.4544553654	0.8760317516	0.8033344153
0.5465456156	0.4534543844	0.876722047	0.8025736509
0.5475465966	0.4524534034	0.8774097433	0.8018140012
0.5485475776	0.4514524224	0.8780948456	0.8010554656
0.5495485586	0.4504514414	0.8787773592	0.8002980433
0.5505495395	0.4494504605	0.8794572891	0.7995417336
0.5515505205	0.4484494795	0.8801346404	0.7987865357
0.5525515015	0.4474484985	0.8808094185	0.7980324489
0.5535524825	0.4464475175	0.8814816283	0.7972794723
0.5545534635	0.4454465365	0.8821512753	0.7965276052
0.5555544444	0.4444455556	0.8828183644	0.7957768466
0.5565554254	0.4434445746	0.8834829011	0.7950271959
0.5575564064	0.4424435936	0.8841448904	0.7942786522
0.5585573874	0.4414426126	0.8848043377	0.7935312145
0.5595583684	0.4404416316	0.8854612482	0.792784882
0.5605593493	0.4394406507	0.8861156272	0.7920396539
0.5615603303	0.4384396697	0.8867674799	0.7912955292
0.5625613113	0.4374386887	0.8874168115	0.790552507
0.5635622923	0.4364377077	0.8880636275	0.7898105864
0.5645632733	0.4354367267	0.8887079331	0.7890697665
0.5655642543	0.4344357457	0.8893497336	0.7883300462
0.5665652352	0.4334347648	0.8899890343	0.7875914247
0.5675662162	0.4324337838	0.8906258406	0.786853901
0.5685671972	0.4314328028	0.8912601578	0.7861174741
0.5695681782	0.4304318218	0.8918919912	0.7853821429
0.5705691592	0.4294308408	0.8925213461	0.7846479065
0.5715701401	0.4284298599	0.893148228	0.7839147639
0.5725711211	0.4274288789	0.8937726423	0.7831827141
0.5735721021	0.4264278979	0.8943945941	0.7824517559
0.5745730831	0.4254269169	0.8950140891	0.7817218883
0.5755740641	0.4244259359	0.8956311324	0.7809931104
0.576575045	0.423424955	0.8962457296	0.7802654209
0.577576026	0.422423974	0.896857886	0.7795388189
0.578577007	0.421422993	0.897467607	0.7788133033
0.579577988	0.420422012	0.898074898	0.7780888728
0.580578969	0.419421031	0.8986797645	0.7773655265
0.5815799499	0.4184200501	0.8992822118	0.7766432632
0.5825809309	0.4174190691	0.8998822454	0.7759220818
0.5835819119	0.4164180881	0.9004798707	0.7752019811
0.5845828929	0.4154171071	0.9010750931	0.7744829599
0.5855838739	0.4144161261	0.9016679181	0.7737650173
0.5865848549	0.4134151451	0.902258351	0.7730481518
0.5875858358	0.4124141642	0.9028463974	0.7723323625
0.5885868168	0.4114131832	0.9034320627	0.7716176481
0.5895877978	0.4104122022	0.9040153524	0.7709040074
0.5905887788	0.4094112212	0.9045962718	0.7701914392
0.5915897598	0.4084102402	0.9051748265	0.7694799424
0.5925907407	0.4074092593	0.9057510218	0.7687695156
0.5935917217	0.4064082783	0.9063248633	0.7680601577
0.5945927027	0.4054072973	0.9068963564	0.7673518674
0.5955936837	0.4044063163	0.9074655066	0.7666446436
0.5965946647	0.4034053353	0.9080323194	0.7659384849
0.5975956456	0.4024043544	0.9085968001	0.7652333901
0.5985966266	0.4014033734	0.9091589544	0.7645293579
0.5995976076	0.4004023924	0.9097187875	0.7638263871
0.6005985886	0.3994014114	0.9102763051	0.7631244765
0.6015995696	0.3984004304	0.9108315126	0.7624236246
0.6026005506	0.3973994494	0.9113844155	0.7617238303
0.6036015315	0.3963984685	0.9119350192	0.7610250922
0.6046025125	0.3953974875	0.9124833292	0.7603274091
0.6056034935	0.3943965065	0.9130293509	0.7596307795
0.6066044745	0.3933955255	0.91357309	0.7589352023
0.6076054555	0.3923945445	0.9141145517	0.7582406761
0.6086064364	0.3913935636	0.9146537417	0.7575471996
0.6096074174	0.3903925826	0.9151906653	0.7568547714
0.6106083984	0.3893916016	0.9157253281	0.7561633902
0.6116093794	0.3883906206	0.9162577356	0.7554730547
0.6126103604	0.3873896396	0.9167878931	0.7547837635
0.6136113413	0.3863886587	0.9173158062	0.7540955152
0.6146123223	0.3853876777	0.9178414803	0.7534083086
0.6156133033	0.3843866967	0.9183649209	0.7527221422
0.6166142843	0.3833857157	0.9188861334	0.7520370146
0.6176152653	0.3823847347	0.9194051235	0.7513529245
0.6186162462	0.3813837538	0.9199218963	0.7506698706
0.6196172272	0.3803827728	0.9204364576	0.7499878513
0.6206182082	0.3793817918	0.9209488127	0.7493068654
0.6216191892	0.3783808108	0.921458967	0.7486269114
0.6226201702	0.3773798298	0.9219669261	0.747947988
0.6236211512	0.3763788488	0.9224726953	0.7472700937
0.6246221321	0.3753778679	0.9229762802	0.7465932272
0.6256231131	0.3743768869	0.9234776861	0.745917387
0.6266240941	0.3733759059	0.9239769186	0.7452425716
0.6276250751	0.3723749249	0.924473983	0.7445687798
0.6286260561	0.3713739439	0.9249688848	0.74389601
0.629627037	0.370372963	0.9254616295	0.7432242608
0.630628018	0.369371982	0.9259522224	0.7425535309
0.631628999	0.368371001	0.926440669	0.7418838186
0.63262998	0.36737002	0.9269269747	0.7412151228
0.633630961	0.366369039	0.927411145	0.7405474418
0.6346319419	0.3653680581	0.9278931852	0.7398807742
0.6356329229	0.3643670771	0.9283731008	0.7392151186
0.6366339039	0.3633660961	0.9288508972	0.7385504735
0.6376348849	0.3623651151	0.9293265798	0.7378868375
0.6386358659	0.3613641341	0.929800154	0.7372242091
0.6396368468	0.3603631532	0.9302716251	0.7365625869
0.6406378278	0.3593621722	0.9307409986	0.7359019693
0.6416388088	0.3583611912	0.9312082799	0.7352423549
0.6426397898	0.3573602102	0.9316734743	0.7345837423
0.6436407708	0.3563592292	0.9321365873	0.7339261299
0.6446417518	0.3553582482	0.9325976242	0.7332695163
0.6456427327	0.3543572673	0.9330565903	0.7326139
0.6466437137	0.3533562863	0.9335134911	0.7319592796
0.6476446947	0.3523553053	0.9339683319	0.7313056534
0.6486456757	0.3513543243	0.934421118	0.7306530201
0.6496466567	0.3503533433	0.9348718548	0.7300013782
0.6506476376	0.3493523624	0.9353205476	0.7293507261
0.6516486186	0.3483513814	0.9357672019	0.7287010624
0.6526495996	0.3473504004	0.9362118228	0.7280523855
0.6536505806	0.3463494194	0.9366544158	0.727404694
0.6546515616	0.3453484384	0.9370949861	0.7267579863
0.6556525425	0.3443474575	0.9375335391	0.7261122611
0.6566535235	0.3433464765	0.9379700801	0.7254675166
0.6576545045	0.3423454955	0.9384046144	0.7248237515
0.6586554855	0.3413445145	0.9388371473	0.7241809642
0.6596564665	0.3403435335	0.939267684	0.7235391533
0.6606574474	0.3393425526	0.9396962299	0.7228983171
0.6616584284	0.3383415716	0.9401227902	0.7222584543
0.6626594094	0.3373405906	0.9405473702	0.7216195632
0.6636603904	0.3363396096	0.9409699752	0.7209816424
0.6646613714	0.3353386286	0.9413906104	0.7203446902
0.6656623524	0.3343376476	0.9418092811	0.7197087054
0.6666633333	0.3333366667	0.9422259926	0.7190736861
0.6676643143	0.3323356857	0.94264075	0.7184396311
0.6686652953	0.3313347047	0.9430535585	0.7178065387
0.6696662763	0.3303337237	0.9434644236	0.7171744074
0.6706672573	0.3293327427	0.9438733502	0.7165432357
0.6716682382	0.3283317618	0.9442803437	0.715913022
0.6726692192	0.3273307808	0.9446854093	0.7152837649
0.6736702002	0.3263297998	0.9450885521	0.7146554627
0.6746711812	0.3253288188	0.9454897774	0.714028114
0.6756721622	0.3243278378	0.9458890903	0.7134017172
0.6766731431	0.3233268569	0.946286496	0.7127762708
0.6776741241	0.3223258759	0.9466819997	0.7121517733
0.6786751051	0.3213248949	0.9470756065	0.7115282231
0.6796760861	0.3203239139	0.9474673215	0.7109056187
0.6806770671	0.3193229329	0.94785715	0.7102839585
0.681678048	0.318321952	0.9482450971	0.709663241
0.682679029	0.317320971	0.9486311678	0.7090434647
0.68368001	0.31631999	0.9490153674	0.708424628
0.684680991	0.315319009	0.9493977009	0.7078067294
0.685681972	0.314318028	0.9497781734	0.7071897673
0.686682953	0.313317047	0.9501567901	0.7065737402
0.6876839339	0.3123160661	0.950533556	0.7059586467
0.6886849149	0.3113150851	0.9509084762	0.705344485
0.6896858959	0.3103141041	0.9512815558	0.7047312537
0.6906868769	0.3093131231	0.9516527998	0.7041189512
0.6916878579	0.3083121421	0.9520222133	0.7035075761
0.6926888388	0.3073111612	0.9523898014	0.7028971267
0.6936898198	0.3063101802	0.9527555691	0.7022876015
0.6946908008	0.3053091992	0.9531195214	0.701678999
0.6956917818	0.3043082182	0.9534816633	0.7010713176
0.6966927628	0.3033072372	0.953842	0.7004645558
0.6976937437	0.3023062563	0.9542005363	0.699858712
0.6986947247	0.3013052753	0.9545572773	0.6992537847
0.6996957057	0.3003042943	0.954912228	0.6986497724
0.7006966867	0.2993033133	0.9552653933	0.6980466735
0.7016976677	0.2983023323	0.9556167782	0.6974444864
0.7026986486	0.2973013514	0.9559663878	0.6968432097
0.7036996296	0.2963003704	0.9563142268	0.6962428417
0.7047006106	0.2952993894	0.9566603004	0.695643381
0.7057015916	0.2942984084	0.9570046135	0.695044826
0.7067025726	0.2932974274	0.9573471708	0.6944471752
0.7077035536	0.2922964464	0.9576879775	0.6938504269
0.7087045345	0.2912954655	0.9580270384	0.6932545798
0.7097055155	0.2902944845	0.9583643584	0.6926596322
0.7107064965	0.2892935035	0.9586999424	0.6920655825
0.7117074775	0.2882925225	0.9590337953	0.6914724294
0.7127084585	0.2872915415	0.9593659219	0.6908801711
0.7137094394	0.2862905606	0.9596963272	0.6902888062
0.7147104204	0.2852895796	0.9600250159	0.6896983332
0.7157114014	0.2842885986	0.9603519931	0.6891087504
0.7167123824	0.2832876176	0.9606772634	0.6885200565
0.7177133634	0.2822866366	0.9610008317	0.6879322497
0.7187143443	0.2812856557	0.9613227028	0.6873453287
0.7197153253	0.2802846747	0.9616428816	0.6867592918
0.7207163063	0.2792836937	0.9619613729	0.6861741376
0.7217172873	0.2782827127	0.9622781814	0.6855898644
0.7227182683	0.2772817317	0.9625933119	0.6850064708
0.7237192492	0.2762807508	0.9629067693	0.6844239552
0.7247202302	0.2752797698	0.9632185582	0.6838423161
0.7257212112	0.2742787888	0.9635286835	0.683261552
0.7267221922	0.2732778078	0.9638371499	0.6826816614
0.7277231732	0.2722768268	0.9641439621	0.6821026426
0.7287241542	0.2712758458	0.9644491248	0.6815244943
0.7297251351	0.2702748649	0.9647526428	0.6809472148
0.7307261161	0.2692738839	0.9650545208	0.6803708026
0.7317270971	0.2682729029	0.9653547635	0.6797952562
0.7327280781	0.2672719219	0.9656533756	0.6792205742
0.7337290591	0.2662709409	0.9659503618	0.6786467549
0.73473004	0.26526996	0.9662457267	0.6780737968
0.735731021	0.264268979	0.9665394749	0.6775016985
0.736732002	0.263267998	0.9668316113	0.6769304583
0.737732983	0.262267017	0.9671221403	0.6763600749
0.738733964	0.261266036	0.9674110667	0.6757905466
0.7397349449	0.2602650551	0.967698395	0.675221872
0.7407359259	0.2592640741	0.9679841299	0.6746540495
0.7417369069	0.2582630931	0.968268276	0.6740870777
0.7427378879	0.2572621121	0.9685508379	0.673520955
0.7437388689	0.2562611311	0.9688318201	0.6729556798
0.7447398498	0.2552601502	0.9691112272	0.6723912508
0.7457408308	0.2542591692	0.9693890639	0.6718276664
0.7467418118	0.2532581882	0.9696653346	0.6712649251
0.7477427928	0.2522572072	0.969940044	0.6707030253
0.7487437738	0.2512562262	0.9702131965	0.6701419656
0.7497447548	0.2502552452	0.9704847966	0.6695817445
0.7507457357	0.2492542643	0.970754849	0.6690223605
0.7517467167	0.2482532833	0.9710233581	0.6684638121
0.7527476977	0.2472523023	0.9712903283	0.6679060977
0.7537486787	0.2462513213	0.9715557643	0.6673492159
0.7547496597	0.2452503403	0.9718196704	0.6667931652
0.7557506406	0.2442493594	0.9720820512	0.6662379441
0.7567516216	0.2432483784	0.9723429111	0.6656835511
0.7577526026	0.2422473974	0.9726022545	0.6651299847
0.7587535836	0.2412464164	0.9728600859	0.6645772434
0.7597545646	0.2402454354	0.9731164098	0.6640253257
0.7607555455	0.2392444545	0.9733712305	0.6634742302
0.7617565265	0.2382434735	0.9736245524	0.6629239554
0.7627575075	0.2372424925	0.97387638	0.6623744997
0.7637584885	0.2362415115	0.9741267177	0.6618258618
0.7647594695	0.2352405305	0.9743755697	0.6612780401
0.7657604505	0.2342395495	0.9746229406	0.6607310331
0.7667614314	0.2332385686	0.9748688346	0.6601848394
0.7677624124	0.2322375876	0.9751132562	0.6596394574
0.7687633934	0.2312366066	0.9753562095	0.6590948858
0.7697643744	0.2302356256	0.9755976991	0.6585511231
0.7707653554	0.2292346446	0.9758377292	0.6580081677
0.7717663363	0.2282336637	0.9760763041	0.6574660183
0.7727673173	0.2272326827	0.9763134281	0.6569246732
0.7737682983	0.2262317017	0.9765491055	0.6563841312
0.7747692793	0.2252307207	0.9767833406	0.6558443907
0.7757702603	0.2242297397	0.9770161377	0.6553054503
0.7767712412	0.2232287588	0.977247501	0.6547673084
0.7777722222	0.2222277778	0.9774774347	0.6542299637
0.7787732032	0.2212267968	0.9777059432	0.6536934147
0.7797741842	0.2202258158	0.9779330307	0.6531576599
0.7807751652	0.2192248348	0.9781587013	0.652622698
0.7817761461	0.2182238539	0.9783829593	0.6520885273
0.7827771271	0.2172228729	0.978605809	0.6515551466
0.7837781081	0.2162218919	0.9788272544	0.6510225542
0.7847790891	0.2152209109	0.9790472997	0.6504907489
0.7857800701	0.2142199299	0.9792659492	0.6499597292
0.7867810511	0.2132189489	0.979483207	0.6494294935
0.787782032	0.212217968	0.9796990773	0.6489000406
0.788783013	0.211216987	0.9799135642	0.6483713689
0.789783994	0.210216006	0.9801266718	0.6478434769
0.790784975	0.209215025	0.9803384043	0.6473163634
0.791785956	0.208214044	0.9805487657	0.6467900268
0.7927869369	0.2072130631	0.9807577602	0.6462644658
0.7937879179	0.2062120821	0.9809653919	0.6457396788
0.7947888989	0.2052111011	0.9811716649	0.6452156645
0.7957898799	0.2042101201	0.9813765831	0.6446924214
0.7967908609	0.2032091391	0.9815801508	0.6441699481
0.7977918418	0.2022081582	0.9817823719	0.6436482433
0.7987928228	0.2012071772	0.9819832505	0.6431273054
0.7997938038	0.2002061962	0.9821827906	0.6426071331
0.8007947848	0.1992052152	0.9823809963	0.642087725
0.8017957658	0.1982042342	0.9825778715	0.6415690797
0.8027967467	0.1972032533	0.9827734204	0.6410511956
0.8037977277	0.1962022723	0.9829676467	0.6405340715
0.8047987087	0.1952012913	0.9831605547	0.640017706
0.8057996897	0.1942003103	0.9833521481	0.6395020975
0.8068006707	0.1931993293	0.9835424311	0.6389872448
0.8078016517	0.1921983483	0.9837314075	0.6384731464
0.8088026326	0.1911973674	0.9839190813	0.637959801
0.8098036136	0.1901963864	0.9841054565	0.6374472071
0.8108045946	0.1891954054	0.9842905369	0.6369353633
0.8118055756	0.1881944244	0.9844743264	0.6364242684
0.8128065566	0.1871934434	0.9846568291	0.6359139207
0.8138075375	0.1861924625	0.9848380487	0.6354043191
0.8148085185	0.1851914815	0.9850179892	0.6348954621
0.8158094995	0.1841905005	0.9851966545	0.6343873483
0.8168104805	0.1831895195	0.9853740483	0.6338799763
0.8178114615	0.1821885385	0.9855501747	0.6333733448
0.8188124424	0.1811875576	0.9857250373	0.6328674524
0.8198134234	0.1801865766	0.9858986401	0.6323622977
0.8208144044	0.1791855956	0.9860709869	0.6318578793
0.8218153854	0.1781846146	0.9862420816	0.631354196
0.8228163664	0.1771836336	0.9864119278	0.6308512462
0.8238173473	0.1761826527	0.9865805294	0.6303490287
0.8248183283	0.1751816717	0.9867478903	0.6298475421
0.8258193093	0.1741806907	0.9869140141	0.629346785
0.8268202903	0.1731797097	0.9870789047	0.6288467561
0.8278212713	0.1721787287	0.9872425659	0.628347454
0.8288222523	0.1711777477	0.9874050013	0.6278488773
0.8298232332	0.1701767668	0.9875662147	0.6273510248
0.8308242142	0.1691757858	0.9877262098	0.626853895
0.8318251952	0.1681748048	0.9878849905	0.6263574866
0.8328261762	0.1671738238	0.9880425603	0.6258617984
0.8338271572	0.1661728428	0.988198923	0.6253668288
0.8348281381	0.1651718619	0.9883540823	0.6248725766
0.8358291191	0.1641708809	0.9885080418	0.6243790405
0.8368301001	0.1631698999	0.9886608053	0.6238862191
0.8378310811	0.1621689189	0.9888123764	0.6233941111
0.8388320621	0.1611679379	0.9889627588	0.6229027151
0.839833043	0.160166957	0.9891119561	0.6224120299
0.840834024	0.159165976	0.9892599719	0.621922054
0.841835005	0.158164995	0.9894068099	0.6214327863
0.842835986	0.157164014	0.9895524737	0.6209442252
0.843836967	0.156163033	0.9896969669	0.6204563696
0.8448379479	0.1551620521	0.9898402931	0.6199692182
0.8458389289	0.1541610711	0.9899824559	0.6194827695
0.8468399099	0.1531600901	0.9901234589	0.6189970223
0.8478408909	0.1521591091	0.9902633056	0.6185119753
0.8488418719	0.1511581281	0.9904019996	0.6180276271
0.8498428529	0.1501571471	0.9905395444	0.6175439765
0.8508438338	0.1491561662	0.9906759437	0.6170610222
0.8518448148	0.1481551852	0.9908112009	0.6165787628
0.8528457958	0.1471542042	0.9909453195	0.6160971971
0.8538467768	0.1461532232	0.9910783032	0.6156163237
0.8548477578	0.1451522422	0.9912101553	0.6151361414
0.8558487387	0.1441512613	0.9913408793	0.6146566489
0.8568497197	0.1431502803	0.9914704789	0.6141778448
0.8578507007	0.1421492993	0.9915989573	0.6136997279
0.8588516817	0.1411483183	0.9917263182	0.613222297
0.8598526627	0.1401473373	0.991852565	0.6127455506
0.8608536436	0.1391463564	0.991977701	0.6122694876
0.8618546246	0.1381453754	0.9921017298	0.6117941067
0.8628556056	0.1371443944	0.9922246548	0.6113194066
0.8638565866	0.1361434134	0.9923464794	0.6108453859
0.8648575676	0.1351424324	0.9924672071	0.6103720435
0.8658585485	0.1341414515	0.9925868411	0.6098993781
0.8668595295	0.1331404705	0.992705385	0.6094273884
0.8678605105	0.1321394895	0.9928228421	0.6089560731
0.8688614915	0.1311385085	0.9929392158	0.608485431
0.8698624725	0.1301375275	0.9930545094	0.6080154608
0.8708634535	0.1291365465	0.9931687263	0.6075461612
0.8718644344	0.1281355656	0.9932818699	0.6070775311
0.8728654154	0.1271345846	0.9933939435	0.6066095691
0.8738663964	0.1261336036	0.9935049505	0.606142274
0.8748673774	0.1251326226	0.9936148941	0.6056756445
0.8758683584	0.1241316416	0.9937237776	0.6052096794
0.8768693393	0.1231306607	0.9938316044	0.6047443775
0.8778703203	0.1221296797	0.9939383778	0.6042797375
0.8788713013	0.1211286987	0.9940441011	0.6038157582
0.8798722823	0.1201277177	0.9941487774	0.6033524383
0.8808732633	0.1191267367	0.9942524102	0.6028897765
0.8818742442	0.1181257558	0.9943550026	0.6024277718
0.8828752252	0.1171247748	0.994456558	0.6019664228
0.8838762062	0.1161237938	0.9945570795	0.6015057283
0.8848771872	0.1151228128	0.9946565703	0.6010456871
0.8858781682	0.1141218318	0.9947550338	0.6005862979
0.8868791491	0.1131208509	0.9948524731	0.6001275596
0.8878801301	0.1121198699	0.9949488915	0.5996694708
0.8888811111	0.1111188889	0.9950442921	0.5992120305
0.8898820921	0.1101179079	0.995138678	0.5987552374
0.8908830731	0.1091169269	0.9952320526	0.5982990902
0.8918840541	0.1081159459	0.995324419	0.5978435878
0.892885035	0.107114965	0.9954157803	0.5973887289
0.893886016	0.106113984	0.9955061397	0.5969345124
0.894886997	0.105113003	0.9955955003	0.596480937
0.895887978	0.104112022	0.9956838652	0.5960280015
0.896888959	0.103111041	0.9957712377	0.5955757048
0.8978899399	0.1021100601	0.9958576208	0.5951240457
0.8988909209	0.1011090791	0.9959430176	0.5946730229
0.8998919019	0.1001080981	0.9960274313	0.5942226353
0.9008928829	0.09910711712	0.9961108648	0.5937728816
0.9018938639	0.09810613614	0.9961933214	0.5933237607
0.9028948448	0.09710515516	0.9962748041	0.5928752714
0.9038958258	0.09610417417	0.9963553159	0.5924274125
0.9048968068	0.09510319319	0.9964348599	0.5919801829
0.9058977878	0.09410221221	0.9965134392	0.5915335813
0.9068987688	0.09310123123	0.9965910568	0.5910876066
0.9078997497	0.09210025025	0.9966677157	0.5906422576
0.9089007307	0.09109926927	0.996743419	0.5901975331
0.9099017117	0.09009828829	0.9968181697	0.589753432
0.9109026927	0.08909730731	0.9968919708	0.5893099531
0.9119036737	0.08809632633	0.9969648253	0.5888670952
0.9129046547	0.08709534535	0.9970367361	0.5884248572
0.9139056356	0.08609436436	0.9971077063	0.5879832379
0.9149066166	0.08509338338	0.9971777389	0.5875422362
0.9159075976	0.0840924024	0.9972468367	0.5871018509
0.9169085786	0.08309142142	0.9973150029	0.5866620808
0.9179095596	0.08209044044	0.9973822402	0.5862229248
0.9189105405	0.08108945946	0.9974485517	0.5857843817
0.9199115215	0.08008847848	0.9975139403	0.5853464505
0.9209125025	0.0790874975	0.9975784089	0.5849091299
0.9219134835	0.07808651652	0.9976419605	0.5844724188
0.9229144645	0.07708553554	0.9977045979	0.5840363161
0.9239154454	0.07608455455	0.997766324	0.5836008206
0.9249164264	0.07508357357	0.9978271418	0.5831659312
0.9259174074	0.07408259259	0.9978870541	0.5827316468
0.9269183884	0.07308161161	0.9979460638	0.5822979662
0.9279193694	0.07208063063	0.9980041738	0.5818648884
0.9289203504	0.07107964965	0.9980613869	0.5814324121
0.9299213313	0.07007866867	0.9981177059	0.5810005362
0.9309223123	0.06907768769	0.9981731338	0.5805692598
0.9319232933	0.06807670671	0.9982276734	0.5801385815
0.9329242743	0.06707572573	0.9982813274	0.5797085003
0.9339252553	0.06607474474	0.9983340988	0.5792790151
0.9349262362	0.06507376376	0.9983859903	0.5788501248
0.9359272172	0.06407278278	0.9984370047	0.5784218282
0.9369281982	0.0630718018	0.9984871448	0.5779941243
0.9379291792	0.06207082082	0.9985364134	0.5775670119
0.9389301602	0.06106983984	0.9985848134	0.57714049
0.9399311411	0.06006885886	0.9986323473	0.5767145574
0.9409321221	0.05906787788	0.9986790181	0.5762892131
0.9419331031	0.0580668969	0.9987248285	0.5758644559
0.9429340841	0.05706591592	0.9987697813	0.5754402847
0.9439350651	0.05606493493	0.998813879	0.5750166985
0.944936046	0.05506395395	0.9988571246	0.5745936962
0.945937027	0.05406297297	0.9988995208	0.5741712766
0.946938008	0.05306199199	0.9989410701	0.5737494387
0.947938989	0.05206101101	0.9989817755	0.5733281815
0.94893997	0.05106003003	0.9990216395	0.5729075037
0.949940951	0.05005904905	0.9990606648	0.5724874044
0.9509419319	0.04905806807	0.9990988542	0.5720678825
0.9519429129	0.04805708709	0.9991362103	0.5716489369
0.9529438939	0.04705610611	0.9991727358	0.5712305664
0.9539448749	0.04605512513	0.9992084334	0.5708127701
0.9549458559	0.04505414414	0.9992433056	0.5703955469
0.9559468368	0.04405316316	0.9992773552	0.5699788957
0.9569478178	0.04305218218	0.9993105849	0.5695628155
0.9579487988	0.0420512012	0.9993429971	0.5691473051
0.9589497798	0.04105022022	0.9993745946	0.5687323636
0.9599507608	0.04004923924	0.99940538	0.5683179898
0.9609517417	0.03904825826	0.9994353559	0.5679041827
0.9619527227	0.03804727728	0.9994645249	0.5674909413
0.9629537037	0.0370462963	0.9994928895	0.5670782645
0.9639546847	0.03604531532	0.9995204524	0.5666661513
0.9649556657	0.03504433433	0.9995472162	0.5662546005
0.9659566466	0.03404335335	0.9995731834	0.5658436112
0.9669576276	0.03304237237	0.9995983566	0.5654331824
0.9679586086	0.03204139139	0.9996227384	0.5650233129
0.9689595896	0.03104041041	0.9996463312	0.5646140018
0.9699605706	0.03003942943	0.9996691378	0.5642052479
0.9709615516	0.02903844845	0.9996911604	0.5637970504
0.9719625325	0.02803746747	0.9997124018	0.563389408
0.9729635135	0.02703648649	0.9997328645	0.5629823199
0.9739644945	0.02603550551	0.9997525509	0.562575785
0.9749654755	0.02503452452	0.9997714635	0.5621698022
0.9759664565	0.02403354354	0.9997896049	0.5617643705
0.9769674374	0.02303256256	0.9998069776	0.5613594889
0.9779684184	0.02203158158	0.999823584	0.5609551565
0.9789693994	0.0210306006	0.9998394266	0.5605513721
0.9799703804	0.02002961962	0.9998545078	0.5601481347
0.9809713614	0.01902863864	0.9998688303	0.5597454435
0.9819723423	0.01802765766	0.9998823963	0.5593432972
0.9829733233	0.01702667668	0.9998952084	0.5589416949
0.9839743043	0.0160256957	0.999907269	0.5585406357
0.9849752853	0.01502471471	0.9999185805	0.5581401185
0.9859762663	0.01402373373	0.9999291454	0.5577401423
0.9869772472	0.01302275275	0.9999389661	0.5573407061
0.9879782282	0.01202177177	0.9999480449	0.5569418089
0.9889792092	0.01102079079	0.9999563844	0.5565434497
0.9899801902	0.01001980981	0.9999639869	0.5561456275
0.9909811712	0.009018828829	0.9999708547	0.5557483414
0.9919821522	0.008017847848	0.9999769904	0.5553515903
0.9929831331	0.007016866867	0.9999823962	0.5549553732
0.9939841141	0.006015885886	0.9999870746	0.5545596892
0.9949850951	0.005014904905	0.9999910278	0.5541645373
0.9959860761	0.004013923924	0.9999942583	0.5537699165
0.9969870571	0.003012942943	0.9999967685	0.5533758258
0.997988038	0.002011961962	0.9999985606	0.5529822642
0.998989019	0.001010980981	0.999999637	0.5525892308
0.99999	1e-05	1	0.5521967245
