1e-05	0.99999	10754277.31	1.000000034
0.001010980981	0.998989019	5564584.513	1.000333636
0.002011961962	0.997988038	2981972.946	1.001275958
0.003012942943	0.9969870571	1650978.1	1.002765519
0.004013923924	0.9959860761	942287.1381	1.004747846
0.005014904905	0.9949850951	553284.3894	1.007174507
0.006015885886	0.9939841141	333602.0001	1.010002309
0.007016866867	0.9929831331	206196.6495	1.013192607
0.008017847848	0.9919821522	130444.0684	1.016710728
0.009018828829	0.9909811712	84338.83496	1.020525478
0.01001980981	0.9899801902	55655.84971	1.024608719
0.01102079079	0.9889792092	37440.1515	1.028935012
0.01202177177	0.9879782282	25645.53116	1.033481297
0.01302275275	0.9869772472	17867.8975	1.038226632
0.01402373373	0.9859762663	12650.17527	1.043151955
0.01502471471	0.9849752853	9092.537777	1.048239884
0.0160256957	0.9839743043	6629.353463	1.053474536
0.01702667668	0.9829733233	4899.054333	1.058841377
0.01802765766	0.9819723423	3666.817492	1.064327081
0.01902863864	0.9809713614	2777.824005	1.069919414
0.02002961962	0.9799703804	2128.534813	1.075607126
0.0210306006	0.9789693994	1648.761333	1.081379857
0.02203158158	0.9779684184	1290.306897	1.087228057
0.02303256256	0.9769674374	1019.668728	1.093142911
0.02403354354	0.9759664565	813.2854659	1.09911627
0.02503452452	0.9749654755	654.4025077	1.105140598
0.02603550551	0.9739644945	530.9790497	1.111208913
0.02703648649	0.9729635135	434.2742841	1.117314746
0.02803746747	0.9719625325	357.8816897	1.123452095
0.02903844845	0.9709615516	297.0623488	1.129615386
0.03003942943	0.9699605706	248.2799947	1.135799442
0.03104041041	0.9689595896	208.8735802	1.141999448
0.03204139139	0.9679586086	176.824534	1.148210926
0.03304237237	0.9669576276	150.5898383	1.154429708
0.03404335335	0.9659566466	128.9812858	1.16065191
0.03504433433	0.9649556657	111.0774195	1.166873917
0.03604531532	0.9639546847	96.15880067	1.173092358
0.0370462963	0.9629537037	83.6600638	1.179304091
0.03804727728	0.9619527227	73.13414613	1.185506185
0.03904825826	0.9609517417	64.22541243	1.191695907
0.04004923924	0.9599507608	56.64932719	1.197870708
0.04105022022	0.9589497798	50.17697906	1.204028211
0.0420512012	0.9579487988	44.62322568	1.210166198
0.04305218218	0.9569478178	39.83755717	1.216282599
0.04405316316	0.9559468368	35.69701398	1.222375485
0.04505414414	0.9549458559	32.10066645	1.228443057
0.04605512513	0.9539448749	28.96528841	1.234483638
0.04705610611	0.9529438939	26.22194895	1.240495665
0.04805708709	0.9519429129	23.81331391	1.246477683
0.04905806807	0.9509419319	21.69149902	1.252428337
0.05005904905	0.949940951	19.8163538	1.258346366
0.05106003003	0.94893997	18.15408359	1.264230599
0.05206101101	0.947938989	16.67613823	1.270079947
0.05306199199	0.946938008	15.35831201	1.275893399
0.05406297297	0.945937027	14.18001171	1.28167002
0.05506395395	0.944936046	13.1236589	1.287408943
0.05606493493	0.9439350651	12.17420014	1.293109366
0.05706591592	0.9429340841	11.31870394	1.298770549
0.0580668969	0.9419331031	10.54602804	1.30439181
0.05906787788	0.9409321221	9.846543672	1.309972522
0.06006885886	0.9399311411	9.21190639	1.315512111
0.06106983984	0.9389301602	8.63486482	1.321010048
0.06207082082	0.9379291792	8.109100677	1.326465855
0.0630718018	0.9369281982	7.629094455	1.331879093
0.06407278278	0.9359272172	7.190012339	1.337249367
0.06507376376	0.9349262362	6.787610718	1.34257632
0.06607474474	0.9339252553	6.418155315	1.347859631
0.06707572573	0.9329242743	6.078352513	1.353099015
0.06807670671	0.9319232933	5.765290889	1.358294218
0.06907768769	0.9309223123	5.476391286	1.36344502
0.07007866867	0.9299213313	5.209364091	1.368551227
0.07107964965	0.9289203504	4.962172576	1.373612674
0.07208063063	0.9279193694	4.733001363	1.378629224
0.07308161161	0.9269183884	4.520229242	1.383600762
0.07408259259	0.9259174074	4.322405681	1.388527198
0.07508357357	0.9249164264	4.138230481	1.393408465
0.07608455455	0.9239154454	3.966536124	1.398244515
0.07708553554	0.9229144645	3.806272413	1.403035321
0.07808651652	0.9219134835	3.656493088	1.407780876
0.0790874975	0.9209125025	3.51634414	1.412481189
0.08008847848	0.9199115215	3.385053582	1.417136286
0.08108945946	0.9189105405	3.261922482	1.421746211
0.08209044044	0.9179095596	3.146317088	1.42631102
0.08309142142	0.9169085786	3.037661894	1.430830785
0.0840924024	0.9159075976	2.935433537	1.435305592
0.08509338338	0.9149066166	2.839155396	1.439735538
0.08609436436	0.9139056356	2.748392823	1.444120734
0.08709534535	0.9129046547	2.662748914	1.448461301
0.08809632633	0.9119036737	2.581860756	1.452757371
0.08909730731	0.9109026927	2.505396092	1.457009087
0.09009828829	0.9099017117	2.433050352	1.461216599
0.09109926927	0.9089007307	2.364544005	1.465380069
0.09210025025	0.9078997497	2.299620194	1.469499666
0.09310123123	0.9068987688	2.238042624	1.473575567
0.09410221221	0.9058977878	2.179593668	1.477607957
0.09510319319	0.9048968068	2.124072666	1.481597028
0.09610417417	0.9038958258	2.071294409	1.485542978
0.09710515516	0.9028948448	2.021087761	1.489446011
0.09810613614	0.9018938639	1.973294425	1.493306338
0.09910711712	0.9008928829	1.927767838	1.497124176
0.1001080981	0.8998919019	1.884372159	1.500899745
0.1011090791	0.8988909209	1.842981365	1.50463327
0.1021100601	0.8978899399	1.803478431	1.508324984
0.103111041	0.896888959	1.765754586	1.511975118
0.104112022	0.895887978	1.729708637	1.515583913
0.105113003	0.894886997	1.695246358	1.519151611
0.106113984	0.893886016	1.662279936	1.522678455
0.107114965	0.892885035	1.63072746	1.526164696
0.1081159459	0.8918840541	1.600512462	1.529610583
0.1091169269	0.8908830731	1.5715635	1.533016371
0.1101179079	0.8898820921	1.543813769	1.536382317
0.1111188889	0.8888811111	1.517200754	1.539708678
0.1121198699	0.8878801301	1.491665906	1.542995715
0.1131208509	0.8868791491	1.467154353	1.54624369
0.1141218318	0.8858781682	1.443614628	1.549452867
0.1151228128	0.8848771872	1.420998424	1.552623512
0.1161237938	0.8838762062	1.399260365	1.555755891
0.1171247748	0.8828752252	1.378357801	1.558850271
0.1181257558	0.8818742442	1.358250617	1.561906922
0.1191267367	0.8808732633	1.338901053	1.564926113
0.1201277177	0.8798722823	1.320273548	1.567908115
0.1211286987	0.8788713013	1.302334583	1.570853198
0.1221296797	0.8778703203	1.285052551	1.573761633
0.1231306607	0.8768693393	1.268397624	1.576633693
0.1241316416	0.8758683584	1.252341637	1.579469649
0.1251326226	0.8748673774	1.236857981	1.582269773
0.1261336036	0.8738663964	1.221921498	1.585034338
0.1271345846	0.8728654154	1.207508394	1.587763615
0.1281355656	0.8718644344	1.193596146	1.590457876
0.1291365465	0.8708634535	1.180163427	1.593117393
0.1301375275	0.8698624725	1.167190026	1.595742437
0.1311385085	0.8688614915	1.154656786	1.598333278
0.1321394895	0.8678605105	1.142545534	1.600890189
0.1331404705	0.8668595295	1.130839023	1.603413437
0.1341414515	0.8658585485	1.119520876	1.605903292
0.1351424324	0.8648575676	1.108575537	1.608360024
0.1361434134	0.8638565866	1.097988217	1.610783899
0.1371443944	0.8628556056	1.087744855	1.613175184
0.1381453754	0.8618546246	1.077832072	1.615534147
0.1391463564	0.8608536436	1.068237133	1.617861051
0.1401473373	0.8598526627	1.058947911	1.620156161
0.1411483183	0.8588516817	1.049952851	1.622419741
0.1421492993	0.8578507007	1.041240939	1.624652052
0.1431502803	0.8568497197	1.032801675	1.626853356
0.1441512613	0.8558487387	1.024625037	1.629023912
0.1451522422	0.8548477578	1.016701463	1.63116398
0.1461532232	0.8538467768	1.009021823	1.633273817
0.1471542042	0.8528457958	1.001577393	1.635353679
0.1481551852	0.8518448148	0.9943598382	1.637403822
0.1491561662	0.8508438338	0.9873611903	1.639424499
0.1501571471	0.8498428529	0.9805738277	1.641415962
0.1511581281	0.8488418719	0.9739904587	1.643378464
0.1521591091	0.8478408909	0.9676041039	1.645312253
0.1531600901	0.8468399099	0.9614080805	1.647217578
0.1541610711	0.8458389289	0.9553959872	1.649094687
0.1551620521	0.8448379479	0.9495616901	1.650943823
0.156163033	0.843836967	0.9438993095	1.652765233
0.157164014	0.842835986	0.938403207	1.654559157
0.158164995	0.841835005	0.9330679741	1.656325838
0.159165976	0.840834024	0.9278884208	1.658065515
0.160166957	0.839833043	0.9228595651	1.659778425
0.1611679379	0.8388320621	0.9179766227	1.661464807
0.1621689189	0.8378310811	0.9132349984	1.663124894
0.1631698999	0.8368301001	0.9086302765	1.66475892
0.1641708809	0.8358291191	0.9041582125	1.666367117
0.1651718619	0.8348281381	0.8998147253	1.667949716
0.1661728428	0.8338271572	0.8955958898	1.669506945
0.1671738238	0.8328261762	0.8914979294	1.671039032
0.1681748048	0.8318251952	0.8875172095	1.672546202
0.1691757858	0.8308242142	0.8836502312	1.674028679
0.1701767668	0.8298232332	0.8798936247	1.675486687
0.1711777477	0.8288222523	0.8762441444	1.676920445
0.1721787287	0.8278212713	0.8726986625	1.678330173
0.1731797097	0.8268202903	0.8692541648	1.679716088
0.1741806907	0.8258193093	0.8659077448	1.681078408
0.1751816717	0.8248183283	0.8626565999	1.682417346
0.1761826527	0.8238173473	0.8594980263	1.683733116
0.1771836336	0.8228163664	0.8564294153	1.685025928
0.1781846146	0.8218153854	0.8534482488	1.686295992
0.1791855956	0.8208144044	0.850552096	1.687543517
0.1801865766	0.8198134234	0.8477386094	1.688768709
0.1811875576	0.8188124424	0.8450055214	1.689971773
0.1821885385	0.8178114615	0.8423506412	1.691152913
0.1831895195	0.8168104805	0.8397718515	1.692312329
0.1841905005	0.8158094995	0.8372671057	1.693450223
0.1851914815	0.8148085185	0.8348344247	1.694566793
0.1861924625	0.8138075375	0.8324718947	1.695662235
0.1871934434	0.8128065566	0.8301776642	1.696736746
0.1881944244	0.8118055756	0.8279499416	1.69779052
0.1891954054	0.8108045946	0.8257869931	1.698823747
0.1901963864	0.8098036136	0.8236871402	1.699836621
0.1911973674	0.8088026326	0.8216487578	1.700829329
0.1921983483	0.8078016517	0.8196702718	1.701802059
0.1931993293	0.8068006707	0.8177501575	1.702754998
0.1942003103	0.8057996897	0.8158869374	1.70368833
0.1952012913	0.8047987087	0.81407918	1.704602238
0.1962022723	0.8037977277	0.8123254972	1.705496905
0.1972032533	0.8027967467	0.8106245434	1.706372509
0.1982042342	0.8017957658	0.8089750139	1.70722923
0.1992052152	0.8007947848	0.8073756429	1.708067244
0.2002061962	0.7997938038	0.8058252025	1.708886728
0.2012071772	0.7987928228	0.8043225012	1.709687855
0.2022081582	0.7977918418	0.8028663826	1.710470798
0.2032091391	0.7967908609	0.8014557242	1.711235728
0.2042101201	0.7957898799	0.8000894361	1.711982816
0.2052111011	0.7947888989	0.7987664598	1.712712228
0.2062120821	0.7937879179	0.7974857674	1.713424133
0.2072130631	0.7927869369	0.7962463601	1.714118696
0.208214044	0.791785956	0.7950472675	1.71479608
0.209215025	0.790784975	0.7938875465	1.715456449
0.210216006	0.789783994	0.7927662805	1.716099963
0.211216987	0.788783013	0.7916825782	1.716726782
0.212217968	0.787782032	0.790635573	1.717337065
0.2132189489	0.7867810511	0.7896244223	1.717930969
0.2142199299	0.7857800701	0.7886483063	1.718508649
0.2152209109	0.7847790891	0.7877064273	1.71907026
0.2162218919	0.7837781081	0.7867980095	1.719615955
0.2172228729	0.7827771271	0.7859222976	1.720145886
0.2182238539	0.7817761461	0.7850785564	1.720660202
0.2192248348	0.7807751652	0.7842660704	1.721159053
0.2202258158	0.7797741842	0.7834841428	1.721642586
0.2212267968	0.7787732032	0.7827320949	1.722110949
0.2222277778	0.7777722222	0.7820092659	1.722564285
0.2232287588	0.7767712412	0.781315012	1.72300274
0.2242297397	0.7757702603	0.7806487058	1.723426455
0.2252307207	0.7747692793	0.7800097361	1.723835571
0.2262317017	0.7737682983	0.7793975072	1.724230229
0.2272326827	0.7727673173	0.7788114385	1.724610568
0.2282336637	0.7717663363	0.7782509638	1.724976725
0.2292346446	0.7707653554	0.7777155312	1.725328836
0.2302356256	0.7697643744	0.7772046025	1.725667037
0.2312366066	0.7687633934	0.7767176527	1.725991462
0.2322375876	0.7677624124	0.7762541698	1.726302242
0.2332385686	0.7667614314	0.7758136543	1.72659951
0.2342395495	0.7657604505	0.7753956187	1.726883397
0.2352405305	0.7647594695	0.7749995873	1.72715403
0.2362415115	0.7637584885	0.7746250961	1.727411539
0.2372424925	0.7627575075	0.7742716917	1.72765605
0.2382434735	0.7617565265	0.773938932	1.727887689
0.2392444545	0.7607555455	0.7736263849	1.72810658
0.2402454354	0.7597545646	0.7733336288	1.728312848
0.2412464164	0.7587535836	0.7730602517	1.728506613
0.2422473974	0.7577526026	0.7728058513	1.728687999
0.2432483784	0.7567516216	0.7725700346	1.728857124
0.2442493594	0.7557506406	0.7723524177	1.729014108
0.2452503403	0.7547496597	0.7721526254	1.729159069
0.2462513213	0.7537486787	0.771970291	1.729292123
0.2472523023	0.7527476977	0.7718050563	1.729413388
0.2482532833	0.7517467167	0.771656571	1.729522977
0.2492542643	0.7507457357	0.7715244927	1.729621004
0.2502552452	0.7497447548	0.7714084867	1.729707582
0.2512562262	0.7487437738	0.7713082257	1.729782824
0.2522572072	0.7477427928	0.7712233896	1.729846838
0.2532581882	0.7467418118	0.7711536654	1.729899736
0.2542591692	0.7457408308	0.7710987469	1.729941626
0.2552601502	0.7447398498	0.7710583345	1.729972616
0.2562611311	0.7437388689	0.7710321353	1.729992812
0.2572621121	0.7427378879	0.7710198625	1.730002321
0.2582630931	0.7417369069	0.7710212356	1.730001246
0.2592640741	0.7407359259	0.77103598	1.729989693
0.2602650551	0.7397349449	0.771063827	1.729967763
0.261266036	0.738733964	0.7711045135	1.729935559
0.262267017	0.737732983	0.771157782	1.729893182
0.263267998	0.736732002	0.7712233804	1.729840732
0.264268979	0.735731021	0.7713010619	1.729778308
0.26526996	0.73473004	0.7713905847	1.729706008
0.2662709409	0.7337290591	0.7714917122	1.729623931
0.2672719219	0.7327280781	0.7716042124	1.729532172
0.2682729029	0.7317270971	0.7717278583	1.729430826
0.2692738839	0.7307261161	0.7718624274	1.72931999
0.2702748649	0.7297251351	0.7720077018	1.729199757
0.2712758458	0.7287241542	0.7721634679	1.729070219
0.2722768268	0.7277231732	0.7723295165	1.728931469
0.2732778078	0.7267221922	0.7725056424	1.728783598
0.2742787888	0.7257212112	0.7726916449	1.728626697
0.2752797698	0.7247202302	0.7728873269	1.728460856
0.2762807508	0.7237192492	0.7730924953	1.728286163
0.2772817317	0.7227182683	0.7733069609	1.728102706
0.2782827127	0.7217172873	0.7735305382	1.727910573
0.2792836937	0.7207163063	0.7737630452	1.72770985
0.2802846747	0.7197153253	0.7740043035	1.727500623
0.2812856557	0.7187143443	0.7742541383	1.727282976
0.2822866366	0.7177133634	0.7745123781	1.727056994
0.2832876176	0.7167123824	0.7747788545	1.72682276
0.2842885986	0.7157114014	0.7750534026	1.726580356
0.2852895796	0.7147104204	0.7753358604	1.726329865
0.2862905606	0.7137094394	0.7756260693	1.726071367
0.2872915415	0.7127084585	0.7759238734	1.725804943
0.2882925225	0.7117074775	0.7762291199	1.725530672
0.2892935035	0.7107064965	0.7765416588	1.725248634
0.2902944845	0.7097055155	0.7768613429	1.724958905
0.2912954655	0.7087045345	0.7771880279	1.724661564
0.2922964464	0.7077035536	0.7775215719	1.724356688
0.2932974274	0.7067025726	0.777861836	1.724044351
0.2942984084	0.7057015916	0.7782086835	1.723724631
0.2952993894	0.7047006106	0.7785619803	1.7233976
0.2963003704	0.7036996296	0.778921595	1.723063334
0.2973013514	0.7026986486	0.7792873984	1.722721905
0.2983023323	0.7016976677	0.7796592636	1.722373387
0.2993033133	0.7006966867	0.780037066	1.72201785
0.3003042943	0.6996957057	0.7804206835	1.721655366
0.3013052753	0.6986947247	0.7808099959	1.721286006
0.3023062563	0.6976937437	0.7812048852	1.72090984
0.3033072372	0.6966927628	0.7816052358	1.720526937
0.3043082182	0.6956917818	0.7820109338	1.720137366
0.3053091992	0.6946908008	0.7824218675	1.719741194
0.3063101802	0.6936898198	0.7828379271	1.71933849
0.3073111612	0.6926888388	0.7832590049	1.718929319
0.3083121421	0.6916878579	0.7836849948	1.718513749
0.3093131231	0.6906868769	0.7841157929	1.718091845
0.3103141041	0.6896858959	0.7845512969	1.717663672
0.3113150851	0.6886849149	0.7849914064	1.717229294
0.3123160661	0.6876839339	0.7854360226	1.716788774
0.313317047	0.686682953	0.7858850485	1.716342178
0.314318028	0.685681972	0.7863383888	1.715889566
0.315319009	0.684680991	0.7867959497	1.715431001
0.31631999	0.68368001	0.7872576394	1.714966544
0.317320971	0.682679029	0.7877233671	1.714496257
0.318321952	0.681678048	0.7881930441	1.7140202
0.3193229329	0.6806770671	0.7886665827	1.713538433
0.3203239139	0.6796760861	0.7891438972	1.713051015
0.3213248949	0.6786751051	0.7896249029	1.712558004
0.3223258759	0.6776741241	0.7901095168	1.71205946
0.3233268569	0.6766731431	0.7905976573	1.711555439
0.3243278378	0.6756721622	0.7910892439	1.711045998
0.3253288188	0.6746711812	0.7915841979	1.710531196
0.3263297998	0.6736702002	0.7920824415	1.710011087
0.3273307808	0.6726692192	0.7925838984	1.709485727
0.3283317618	0.6716682382	0.7930884936	1.708955171
0.3293327427	0.6706672573	0.7935961531	1.708419474
0.3303337237	0.6696662763	0.7941068045	1.707878691
0.3313347047	0.6686652953	0.7946203762	1.707332874
0.3323356857	0.6676643143	0.7951367981	1.706782076
0.3333366667	0.6666633333	0.7956560011	1.706226351
0.3343376476	0.6656623524	0.7961779173	1.705665751
0.3353386286	0.6646613714	0.7967024797	1.705100326
0.3363396096	0.6636603904	0.7972296228	1.704530129
0.3373405906	0.6626594094	0.7977592818	1.70395521
0.3383415716	0.6616584284	0.798291393	1.70337562
0.3393425526	0.6606574474	0.798825894	1.702791408
0.3403435335	0.6596564665	0.7993627231	1.702202623
0.3413445145	0.6586554855	0.7999018198	1.701609315
0.3423454955	0.6576545045	0.8004431245	1.701011532
0.3433464765	0.6566535235	0.8009865784	1.700409322
0.3443474575	0.6556525425	0.801532124	1.699802733
0.3453484384	0.6546515616	0.8020797044	1.699191812
0.3463494194	0.6536505806	0.8026292638	1.698576605
0.3473504004	0.6526495996	0.8031807472	1.697957159
0.3483513814	0.6516486186	0.8037341004	1.697333519
0.3493523624	0.6506476376	0.8042892704	1.696705732
0.3503533433	0.6496466567	0.8048462046	1.696073842
0.3513543243	0.6486456757	0.8054048515	1.695437895
0.3523553053	0.6476446947	0.8059651603	1.694797933
0.3533562863	0.6466437137	0.8065270812	1.694154001
0.3543572673	0.6456427327	0.807090565	1.693506143
0.3553582482	0.6446417518	0.8076555632	1.692854402
0.3563592292	0.6436407708	0.8082220283	1.692198819
0.3573602102	0.6426397898	0.8087899134	1.691539438
0.3583611912	0.6416388088	0.8093591723	1.690876301
0.3593621722	0.6406378278	0.8099297596	1.690209448
0.3603631532	0.6396368468	0.8105016308	1.689538922
0.3613641341	0.6386358659	0.8110747416	1.688864762
0.3623651151	0.6376348849	0.8116490488	1.688187009
0.3633660961	0.6366339039	0.8122245098	1.687505704
0.3643670771	0.6356329229	0.8128010826	1.686820886
0.3653680581	0.6346319419	0.8133787259	1.686132593
0.366369039	0.633630961	0.813957399	1.685440866
0.36737002	0.63262998	0.8145370617	1.684745743
0.368371001	0.631628999	0.8151176748	1.684047261
0.369371982	0.630628018	0.8156991994	1.68334546
0.370372963	0.629627037	0.8162815971	1.682640376
0.3713739439	0.6286260561	0.8168648305	1.681932046
0.3723749249	0.6276250751	0.8174488625	1.681220509
0.3733759059	0.6266240941	0.8180336565	1.680505799
0.3743768869	0.6256231131	0.8186191767	1.679787954
0.3753778679	0.6246221321	0.8192053878	1.679067008
0.3763788488	0.6236211512	0.8197922547	1.678342999
0.3773798298	0.6226201702	0.8203797434	1.677615961
0.3783808108	0.6216191892	0.82096782	1.676885929
0.3793817918	0.6206182082	0.8215564513	1.676152937
0.3803827728	0.6196172272	0.8221456046	1.67541702
0.3813837538	0.6186162462	0.8227352476	1.674678213
0.3823847347	0.6176152653	0.8233253486	1.673936547
0.3833857157	0.6166142843	0.8239158763	1.673192058
0.3843866967	0.6156133033	0.8245068001	1.672444778
0.3853876777	0.6146123223	0.8250980894	1.67169474
0.3863886587	0.6136113413	0.8256897147	1.670941976
0.3873896396	0.6126103604	0.8262816464	1.670186518
0.3883906206	0.6116093794	0.8268738556	1.669428399
0.3893916016	0.6106083984	0.8274663138	1.66866765
0.3903925826	0.6096074174	0.8280589931	1.667904303
0.3913935636	0.6086064364	0.8286518657	1.667138387
0.3923945445	0.6076054555	0.8292449044	1.666369935
0.3933955255	0.6066044745	0.8298380825	1.665598977
0.3943965065	0.6056034935	0.8304313736	1.664825543
0.3953974875	0.6046025125	0.8310247517	1.664049662
0.3963984685	0.6036015315	0.8316181913	1.663271365
0.3973994494	0.6026005506	0.8322116671	1.662490681
0.3984004304	0.6015995696	0.8328051543	1.661707639
0.3994014114	0.6005985886	0.8333986285	1.660922268
0.4004023924	0.5995976076	0.8339920657	1.660134597
0.4014033734	0.5985966266	0.8345854421	1.659344653
0.4024043544	0.5975956456	0.8351787345	1.658552466
0.4034053353	0.5965946647	0.8357719199	1.657758063
0.4044063163	0.5955936837	0.8363649756	1.656961471
0.4054072973	0.5945927027	0.8369578795	1.656162718
0.4064082783	0.5935917217	0.8375506095	1.655361831
0.4074092593	0.5925907407	0.8381431441	1.654558837
0.4084102402	0.5915897598	0.838735462	1.653753763
0.4094112212	0.5905887788	0.8393275422	1.652946634
0.4104122022	0.5895877978	0.8399193643	1.652137478
0.4114131832	0.5885868168	0.8405109078	1.651326319
0.4124141642	0.5875858358	0.8411021527	1.650513184
0.4134151451	0.5865848549	0.8416930795	1.649698099
0.4144161261	0.5855838739	0.8422836687	1.648881087
0.4154171071	0.5845828929	0.8428739012	1.648062175
0.4164180881	0.5835819119	0.8434637583	1.647241388
0.4174190691	0.5825809309	0.8440532214	1.646418748
0.4184200501	0.5815799499	0.8446422724	1.645594282
0.419421031	0.580578969	0.8452308933	1.644768013
0.420422012	0.579577988	0.8458190665	1.643939965
0.421422993	0.578577007	0.8464067746	1.643110162
0.422423974	0.577576026	0.8469940004	1.642278627
0.423424955	0.576575045	0.8475807273	1.641445383
0.4244259359	0.5755740641	0.8481669384	1.640610454
0.4254269169	0.5745730831	0.8487526176	1.639773862
0.4264278979	0.5735721021	0.8493377488	1.63893563
0.4274288789	0.5725711211	0.8499223161	1.638095781
0.4284298599	0.5715701401	0.8505063041	1.637254336
0.4294308408	0.5705691592	0.8510896972	1.636411318
0.4304318218	0.5695681782	0.8516724806	1.635566748
0.4314328028	0.5685671972	0.8522546392	1.634720649
0.4324337838	0.5675662162	0.8528361586	1.633873041
0.4334347648	0.5665652352	0.8534170243	1.633023946
0.4344357457	0.5655642543	0.8539972222	1.632173385
0.4354367267	0.5645632733	0.8545767383	1.631321379
0.4364377077	0.5635622923	0.8551555589	1.630467948
0.4374386887	0.5625613113	0.8557336705	1.629613113
0.4384396697	0.5615603303	0.8563110598	1.628756895
0.4394406507	0.5605593493	0.8568877139	1.627899313
0.4404416316	0.5595583684	0.8574636197	1.627040388
0.4414426126	0.5585573874	0.8580387647	1.626180138
0.4424435936	0.5575564064	0.8586131364	1.625318585
0.4434445746	0.5565554254	0.8591867225	1.624455747
0.4444455556	0.5555544444	0.8597595111	1.623591643
0.4454465365	0.5545534635	0.8603314902	1.622726293
0.4464475175	0.5535524825	0.8609026481	1.621859715
0.4474484985	0.5525515015	0.8614729735	1.620991928
0.4484494795	0.5515505205	0.8620424549	1.620122952
0.4494504605	0.5505495395	0.8626110814	1.619252803
0.4504514414	0.5495485586	0.8631788419	1.618381501
0.4514524224	0.5485475776	0.8637457257	1.617509064
0.4524534034	0.5475465966	0.8643117223	1.616635508
0.4534543844	0.5465456156	0.8648768213	1.615760853
0.4544553654	0.5455446346	0.8654410124	1.614885116
0.4554563463	0.5445436537	0.8660042857	1.614008314
0.4564573273	0.5435426727	0.8665666311	1.613130464
0.4574583083	0.5425416917	0.867128039	1.612251584
0.4584592893	0.5415407107	0.8676884999	1.611371691
0.4594602703	0.5405397297	0.8682480043	1.610490801
0.4604612513	0.5395387487	0.868806543	1.609608931
0.4614622322	0.5385377678	0.8693641069	1.608726098
0.4624632132	0.5375367868	0.8699206871	1.607842317
0.4634641942	0.5365358058	0.8704762749	1.606957606
0.4644651752	0.5355348248	0.8710308616	1.60607198
0.4654661562	0.5345338438	0.8715844387	1.605185455
0.4664671371	0.5335328629	0.872136998	1.604298048
0.4674681181	0.5325318819	0.8726885311	1.603409772
0.4684690991	0.5315309009	0.8732390302	1.602520645
0.4694700801	0.5305299199	0.8737884872	1.601630682
0.4704710611	0.5295289389	0.8743368945	1.600739897
0.471472042	0.528527958	0.8748842444	1.599848306
0.472473023	0.527526977	0.8754305294	1.598955924
0.473474004	0.526525996	0.8759757422	1.598062765
0.474474985	0.525525015	0.8765198755	1.597168845
0.475475966	0.524524034	0.8770629222	1.596274178
0.4764769469	0.5235230531	0.8776048755	1.595378777
0.4774779279	0.5225220721	0.8781457284	1.594482659
0.4784789089	0.5215210911	0.8786854742	1.593585836
0.4794798899	0.5205201101	0.8792241064	1.592688323
0.4804808709	0.5195191291	0.8797616185	1.591790134
0.4814818519	0.5185181481	0.880298004	1.590891282
0.4824828328	0.5175171672	0.8808332569	1.589991782
0.4834838138	0.5165161862	0.881367371	1.589091646
0.4844847948	0.5155152052	0.8819003402	1.588190888
0.4854857758	0.5145142242	0.8824321588	1.587289522
0.4864867568	0.5135132432	0.8829628209	1.58638756
0.4874877377	0.5125122623	0.8834923208	1.585485016
0.4884887187	0.5115112813	0.8840206531	1.584581903
0.4894896997	0.5105103003	0.8845478123	1.583678233
0.4904906807	0.5095093193	0.885073793	1.582774019
0.4914916617	0.5085083383	0.88559859	1.581869274
0.4924926426	0.5075073574	0.8861221982	1.580964011
0.4934936236	0.5065063764	0.8866446126	1.580058241
0.4944946046	0.5055053954	0.8871658281	1.579151977
0.4954955856	0.5045044144	0.8876858402	1.578245231
0.4964965666	0.5035034334	0.8882046438	1.577338015
0.4974975475	0.5025024525	0.8887222346	1.576430341
0.4984985285	0.5015014715	0.8892386079	1.57552222
0.4994995095	0.5005004905	0.8897537593	1.574613666
0.5005004905	0.4994995095	0.8902676844	1.573704688
0.5015014715	0.4984985285	0.890780379	1.572795299
0.5025024525	0.4974975475	0.891291839	1.571885511
0.5035034334	0.4964965666	0.8918020602	1.570975333
0.5045044144	0.4954955856	0.8923110388	1.570064778
0.5055053954	0.4944946046	0.8928187707	1.569153857
0.5065063764	0.4934936236	0.8933252522	1.568242581
0.5075073574	0.4924926426	0.8938304796	1.56733096
0.5085083383	0.4914916617	0.8943344493	1.566419005
0.5095093193	0.4904906807	0.8948371576	1.565506728
0.5105103003	0.4894896997	0.8953386012	1.564594138
0.5115112813	0.4884887187	0.8958387765	1.563681246
0.5125122623	0.4874877377	0.8963376804	1.562768062
0.5135132432	0.4864867568	0.8968353096	1.561854598
0.5145142242	0.4854857758	0.8973316609	1.560940863
0.5155152052	0.4844847948	0.8978267313	1.560026866
0.5165161862	0.4834838138	0.8983205177	1.55911262
0.5175171672	0.4824828328	0.8988130173	1.558198132
0.5185181481	0.4814818519	0.8993042272	1.557283413
0.5195191291	0.4804808709	0.8997941446	1.556368473
0.5205201101	0.4794798899	0.9002827668	1.555453322
0.5215210911	0.4784789089	0.9007700912	1.554537969
0.5225220721	0.4774779279	0.9012561152	1.553622423
0.5235230531	0.4764769469	0.9017408364	1.552706694
0.524524034	0.475475966	0.9022242522	1.551790792
0.525525015	0.474474985	0.9027063604	1.550874725
0.526525996	0.473474004	0.9031871587	1.549958503
0.527526977	0.472473023	0.9036666447	1.549042134
0.528527958	0.471472042	0.9041448165	1.548125628
0.5295289389	0.4704710611	0.9046216719	1.547208994
0.5305299199	0.4694700801	0.9050972088	1.546292241
0.5315309009	0.4684690991	0.9055714253	1.545375377
0.5325318819	0.4674681181	0.9060443195	1.54445841
0.5335328629	0.4664671371	0.9065158896	1.543541351
0.5345338438	0.4654661562	0.9069861337	1.542624206
0.5355348248	0.4644651752	0.9074550502	1.541706984
0.5365358058	0.4634641942	0.9079226373	1.540789695
0.5375367868	0.4624632132	0.9083888935	1.539872345
0.5385377678	0.4614622322	0.9088538172	1.538954944
0.5395387487	0.4604612513	0.909317407	1.538037499
0.5405397297	0.4594602703	0.9097796613	1.537120018
0.5415407107	0.4584592893	0.9102405789	1.53620251
0.5425416917	0.4574583083	0.9107001583	1.535284983
0.5435426727	0.4564573273	0.9111583983	1.534367443
0.5445436537	0.4554563463	0.9116152978	1.533449899
0.5455446346	0.4544553654	0.9120708554	1.532532359
0.5465456156	0.4534543844	0.9125250701	1.53161483
0.5475465966	0.4524534034	0.9129779409	1.53069732
0.5485475776	0.4514524224	0.9134294668	1.529779835
0.5495485586	0.4504514414	0.9138796466	1.528862385
0.5505495395	0.4494504605	0.9143284796	1.527944975
0.5515505205	0.4484494795	0.9147759649	1.527027614
0.5525515015	0.4474484985	0.9152221017	1.526110308
0.5535524825	0.4464475175	0.9156668891	1.525193064
0.5545534635	0.4454465365	0.9161103265	1.52427589
0.5555544444	0.4444455556	0.9165524132	1.523358793
0.5565554254	0.4434445746	0.9169931485	1.522441779
0.5575564064	0.4424435936	0.9174325319	1.521524856
0.5585573874	0.4414426126	0.9178705628	1.520608029
0.5595583684	0.4404416316	0.9183072407	1.519691307
0.5605593493	0.4394406507	0.9187425652	1.518774695
0.5615603303	0.4384396697	0.9191765358	1.517858201
0.5625613113	0.4374386887	0.9196091521	1.51694183
0.5635622923	0.4364377077	0.9200404139	1.51602559
0.5645632733	0.4354367267	0.9204703208	1.515109486
0.5655642543	0.4344357457	0.9208988726	1.514193525
0.5665652352	0.4334347648	0.9213260691	1.513277714
0.5675662162	0.4324337838	0.9217519101	1.512362058
0.5685671972	0.4314328028	0.9221763954	1.511446564
0.5695681782	0.4304318218	0.9225995251	1.510531238
0.5705691592	0.4294308408	0.9230212989	1.509616087
0.5715701401	0.4284298599	0.923441717	1.508701115
0.5725711211	0.4274288789	0.9238607792	1.507786329
0.5735721021	0.4264278979	0.9242784858	1.506871735
0.5745730831	0.4254269169	0.9246948367	1.505957339
0.5755740641	0.4244259359	0.9251098321	1.505043146
0.576575045	0.423424955	0.9255234721	1.504129163
0.577576026	0.422423974	0.925935757	1.503215395
0.578577007	0.421422993	0.9263466869	1.502301847
0.579577988	0.420422012	0.9267562622	1.501388526
0.580578969	0.419421031	0.927164483	1.500475436
0.5815799499	0.4184200501	0.9275713499	1.499562583
0.5825809309	0.4174190691	0.927976863	1.498649973
0.5835819119	0.4164180881	0.9283810229	1.497737611
0.5845828929	0.4154171071	0.9287838299	1.496825503
0.5855838739	0.4144161261	0.9291852844	1.495913652
0.5865848549	0.4134151451	0.929585387	1.495002066
0.5875858358	0.4124141642	0.9299841382	1.494090748
0.5885868168	0.4114131832	0.9303815386	1.493179705
0.5895877978	0.4104122022	0.9307775886	1.492268941
0.5905887788	0.4094112212	0.9311722889	1.49135846
0.5915897598	0.4084102402	0.9315656402	1.490448269
0.5925907407	0.4074092593	0.931957643	1.489538372
0.5935917217	0.4064082783	0.9323482981	1.488628774
0.5945927027	0.4054072973	0.9327376063	1.487719479
0.5955936837	0.4044063163	0.9331255681	1.486810493
0.5965946647	0.4034053353	0.9335121845	1.48590182
0.5975956456	0.4024043544	0.9338974561	1.484993465
0.5985966266	0.4014033734	0.9342813839	1.484085432
0.5995976076	0.4004023924	0.9346639686	1.483177727
0.6005985886	0.3994014114	0.9350452112	1.482270353
0.6015995696	0.3984004304	0.9354251125	1.481363316
0.6026005506	0.3973994494	0.9358036735	1.480456619
0.6036015315	0.3963984685	0.936180895	1.479550267
0.6046025125	0.3953974875	0.9365567782	1.478644264
0.6056034935	0.3943965065	0.9369313239	1.477738615
0.6066044745	0.3933955255	0.9373045331	1.476833325
0.6076054555	0.3923945445	0.937676407	1.475928396
0.6086064364	0.3913935636	0.9380469466	1.475023834
0.6096074174	0.3903925826	0.9384161529	1.474119643
0.6106083984	0.3893916016	0.9387840271	1.473215826
0.6116093794	0.3883906206	0.9391505703	1.472312389
0.6126103604	0.3873896396	0.9395157836	1.471409334
0.6136113413	0.3863886587	0.9398796682	1.470506666
0.6146123223	0.3853876777	0.9402422254	1.469604389
0.6156133033	0.3843866967	0.9406034562	1.468702506
0.6166142843	0.3833857157	0.940963362	1.467801022
0.6176152653	0.3823847347	0.941321944	1.466899941
0.6186162462	0.3813837538	0.9416792035	1.465999266
0.6196172272	0.3803827728	0.9420351417	1.465099001
0.6206182082	0.3793817918	0.94238976	1.46419915
0.6216191892	0.3783808108	0.9427430597	1.463299716
0.6226201702	0.3773798298	0.9430950421	1.462400703
0.6236211512	0.3763788488	0.9434457086	1.461502115
0.6246221321	0.3753778679	0.9437950607	1.460603955
0.6256231131	0.3743768869	0.9441430995	1.459706227
0.6266240941	0.3733759059	0.9444898267	1.458808935
0.6276250751	0.3723749249	0.9448352437	1.457912081
0.6286260561	0.3713739439	0.9451793518	1.457015669
0.629627037	0.370372963	0.9455221526	1.456119703
0.630628018	0.369371982	0.9458636475	1.455224186
0.631628999	0.368371001	0.9462038381	1.454329122
0.63262998	0.36737002	0.9465427258	1.453434512
0.633630961	0.366369039	0.9468803122	1.452540362
0.6346319419	0.3653680581	0.9472165989	1.451646674
0.6356329229	0.3643670771	0.9475515874	1.450753451
0.6366339039	0.3633660961	0.9478852792	1.449860697
0.6376348849	0.3623651151	0.948217676	1.448968414
0.6386358659	0.3613641341	0.9485487794	1.448076606
0.6396368468	0.3603631532	0.948878591	1.447185275
0.6406378278	0.3593621722	0.9492071125	1.446294425
0.6416388088	0.3583611912	0.9495343454	1.445404059
0.6426397898	0.3573602102	0.9498602915	1.44451418
0.6436407708	0.3563592292	0.9501849524	1.44362479
0.6446417518	0.3553582482	0.9505083298	1.442735893
0.6456427327	0.3543572673	0.9508304255	1.441847491
0.6466437137	0.3533562863	0.9511512411	1.440959588
0.6476446947	0.3523553053	0.9514707784	1.440072186
0.6486456757	0.3513543243	0.951789039	1.439185287
0.6496466567	0.3503533433	0.9521060249	1.438298895
0.6506476376	0.3493523624	0.9524217376	1.437413012
0.6516486186	0.3483513814	0.9527361791	1.436527642
0.6526495996	0.3473504004	0.953049351	1.435642786
0.6536505806	0.3463494194	0.9533612553	1.434758447
0.6546515616	0.3453484384	0.9536718936	1.433874628
0.6556525425	0.3443474575	0.9539812679	1.432991332
0.6566535235	0.3433464765	0.95428938	1.432108561
0.6576545045	0.3423454955	0.9545962316	1.431226317
0.6586554855	0.3413445145	0.9549018247	1.430344604
0.6596564665	0.3403435335	0.9552061611	1.429463423
0.6606574474	0.3393425526	0.9555092428	1.428582777
0.6616584284	0.3383415716	0.9558110715	1.427702668
0.6626594094	0.3373405906	0.9561116492	1.426823099
0.6636603904	0.3363396096	0.9564109777	1.425944072
0.6646613714	0.3353386286	0.9567090591	1.42506559
0.6656623524	0.3343376476	0.9570058952	1.424187654
0.6666633333	0.3333366667	0.9573014879	1.423310267
0.6676643143	0.3323356857	0.9575958393	1.422433432
0.6686652953	0.3313347047	0.9578889512	1.42155715
0.6696662763	0.3303337237	0.9581808256	1.420681424
0.6706672573	0.3293327427	0.9584714644	1.419806256
0.6716682382	0.3283317618	0.9587608698	1.418931648
0.6726692192	0.3273307808	0.9590490435	1.418057602
0.6736702002	0.3263297998	0.9593359877	1.417184121
0.6746711812	0.3253288188	0.9596217043	1.416311205
0.6756721622	0.3243278378	0.9599061954	1.415438859
0.6766731431	0.3233268569	0.9601894629	1.414567082
0.6776741241	0.3223258759	0.9604715088	1.413695879
0.6786751051	0.3213248949	0.9607523353	1.412825249
0.6796760861	0.3203239139	0.9610319444	1.411955196
0.6806770671	0.3193229329	0.961310338	1.411085722
0.681678048	0.318321952	0.9615875182	1.410216828
0.682679029	0.317320971	0.9618634872	1.409348516
0.68368001	0.31631999	0.9621382469	1.408480788
0.684680991	0.315319009	0.9624117994	1.407613646
0.685681972	0.314318028	0.9626841469	1.406747091
0.686682953	0.313317047	0.9629552914	1.405881126
0.6876839339	0.3123160661	0.9632252349	1.405015753
0.6886849149	0.3113150851	0.9634939797	1.404150973
0.6896858959	0.3103141041	0.9637615277	1.403286787
0.6906868769	0.3093131231	0.9640278811	1.402423198
0.6916878579	0.3083121421	0.9642930421	1.401560207
0.6926888388	0.3073111612	0.9645570126	1.400697816
0.6936898198	0.3063101802	0.9648197949	1.399836027
0.6946908008	0.3053091992	0.9650813911	1.398974841
0.6956917818	0.3043082182	0.9653418034	1.39811426
0.6966927628	0.3033072372	0.9656010338	1.397254285
0.6976937437	0.3023062563	0.9658590844	1.396394919
0.6986947247	0.3013052753	0.9661159576	1.395536162
0.6996957057	0.3003042943	0.9663716554	1.394678016
0.7006966867	0.2993033133	0.9666261799	1.393820482
0.7016976677	0.2983023323	0.9668795333	1.392963563
0.7026986486	0.2973013514	0.9671317179	1.39210726
0.7036996296	0.2963003704	0.9673827357	1.391251573
0.7047006106	0.2952993894	0.967632589	1.390396505
0.7057015916	0.2942984084	0.9678812799	1.389542057
0.7067025726	0.2932974274	0.9681288106	1.38868823
0.7077035536	0.2922964464	0.9683751834	1.387835026
0.7087045345	0.2912954655	0.9686204003	1.386982446
0.7097055155	0.2902944845	0.9688644636	1.386130492
0.7107064965	0.2892935035	0.9691073755	1.385279164
0.7117074775	0.2882925225	0.9693491382	1.384428465
0.7127084585	0.2872915415	0.9695897539	1.383578395
0.7137094394	0.2862905606	0.9698292248	1.382728955
0.7147104204	0.2852895796	0.9700675532	1.381880147
0.7157114014	0.2842885986	0.9703047411	1.381031973
0.7167123824	0.2832876176	0.9705407909	1.380184433
0.7177133634	0.2822866366	0.9707757048	1.379337529
0.7187143443	0.2812856557	0.971009485	1.378491261
0.7197153253	0.2802846747	0.9712421338	1.377645632
0.7207163063	0.2792836937	0.9714736532	1.376800641
0.7217172873	0.2782827127	0.9717040457	1.375956291
0.7227182683	0.2772817317	0.9719333134	1.375112582
0.7237192492	0.2762807508	0.9721614586	1.374269516
0.7247202302	0.2752797698	0.9723884834	1.373427094
0.7257212112	0.2742787888	0.9726143902	1.372585316
0.7267221922	0.2732778078	0.9728391812	1.371744184
0.7277231732	0.2722768268	0.9730628586	1.370903699
0.7287241542	0.2712758458	0.9732854247	1.370063861
0.7297251351	0.2702748649	0.9735068817	1.369224673
0.7307261161	0.2692738839	0.9737272319	1.368386134
0.7317270971	0.2682729029	0.9739464775	1.367548246
0.7327280781	0.2672719219	0.9741646208	1.366711011
0.7337290591	0.2662709409	0.9743816641	1.365874427
0.73473004	0.26526996	0.9745976095	1.365038498
0.735731021	0.264268979	0.9748124594	1.364203223
0.736732002	0.263267998	0.9750262161	1.363368604
0.737732983	0.262267017	0.9752388817	1.362534642
0.738733964	0.261266036	0.9754504585	1.361701337
0.7397349449	0.2602650551	0.9756609489	1.36086869
0.7407359259	0.2592640741	0.975870355	1.360036702
0.7417369069	0.2582630931	0.9760786792	1.359205374
0.7427378879	0.2572621121	0.9762859237	1.358374707
0.7437388689	0.2562611311	0.9764920907	1.357544701
0.7447398498	0.2552601502	0.9766971826	1.356715358
0.7457408308	0.2542591692	0.9769012016	1.355886678
0.7467418118	0.2532581882	0.97710415	1.355058663
0.7477427928	0.2522572072	0.97730603	1.354231311
0.7487437738	0.2512562262	0.977506844	1.353404626
0.7497447548	0.2502552452	0.9777065941	1.352578606
0.7507457357	0.2492542643	0.9779052827	1.351753254
0.7517467167	0.2482532833	0.9781029121	1.350928569
0.7527476977	0.2472523023	0.9782994844	1.350104553
0.7537486787	0.2462513213	0.9784950021	1.349281205
0.7547496597	0.2452503403	0.9786894673	1.348458527
0.7557506406	0.2442493594	0.9788828823	1.34763652
0.7567516216	0.2432483784	0.9790752494	1.346815184
0.7577526026	0.2422473974	0.9792665709	1.345994519
0.7587535836	0.2412464164	0.9794568491	1.345174527
0.7597545646	0.2402454354	0.9796460862	1.344355208
0.7607555455	0.2392444545	0.9798342844	1.343536562
0.7617565265	0.2382434735	0.9800214462	1.34271859
0.7627575075	0.2372424925	0.9802075737	1.341901293
0.7637584885	0.2362415115	0.9803926692	1.341084672
0.7647594695	0.2352405305	0.9805767349	1.340268726
0.7657604505	0.2342395495	0.9807597733	1.339453456
0.7667614314	0.2332385686	0.9809417864	1.338638863
0.7677624124	0.2322375876	0.9811227767	1.337824948
0.7687633934	0.2312366066	0.9813027463	1.337011711
0.7697643744	0.2302356256	0.9814816976	1.336199152
0.7707653554	0.2292346446	0.9816596328	1.335387272
0.7717663363	0.2282336637	0.9818365541	1.334576072
0.7727673173	0.2272326827	0.9820124639	1.333765551
0.7737682983	0.2262317017	0.9821873644	1.332955711
0.7747692793	0.2252307207	0.9823612578	1.332146551
0.7757702603	0.2242297397	0.9825341465	1.331338073
0.7767712412	0.2232287588	0.9827060327	1.330530276
0.7777722222	0.2222277778	0.9828769187	1.329723162
0.7787732032	0.2212267968	0.9830468066	1.32891673
0.7797741842	0.2202258158	0.9832156989	1.32811098
0.7807751652	0.2192248348	0.9833835977	1.327305914
0.7817761461	0.2182238539	0.9835505053	1.326501532
0.7827771271	0.2172228729	0.9837164239	1.325697834
0.7837781081	0.2162218919	0.9838813559	1.32489482
0.7847790891	0.2152209109	0.9840453034	1.32409249
0.7857800701	0.2142199299	0.9842082688	1.323290846
0.7867810511	0.2132189489	0.9843702542	1.322489887
0.787782032	0.212217968	0.984531262	1.321689614
0.788783013	0.211216987	0.9846912943	1.320890027
0.789783994	0.210216006	0.9848503534	1.320091126
0.790784975	0.209215025	0.9850084416	1.319292912
0.791785956	0.208214044	0.9851655611	1.318495384
0.7927869369	0.2072130631	0.9853217142	1.317698544
0.7937879179	0.2062120821	0.985476903	1.316902391
0.7947888989	0.2052111011	0.9856311299	1.316106926
0.7957898799	0.2042101201	0.9857843971	1.315312149
0.7967908609	0.2032091391	0.9859367067	1.31451806
0.7977918418	0.2022081582	0.9860880611	1.313724659
0.7987928228	0.2012071772	0.9862384625	1.312931947
0.7997938038	0.2002061962	0.9863879131	1.312139924
0.8007947848	0.1992052152	0.9865364151	1.311348589
0.8017957658	0.1982042342	0.9866839707	1.310557944
0.8027967467	0.1972032533	0.9868305823	1.309767989
0.8037977277	0.1962022723	0.9869762519	1.308978723
0.8047987087	0.1952012913	0.9871209819	1.308190147
0.8057996897	0.1942003103	0.9872647745	1.30740226
0.8068006707	0.1931993293	0.9874076317	1.306615064
0.8078016517	0.1921983483	0.987549556	1.305828558
0.8088026326	0.1911973674	0.9876905495	1.305042743
0.8098036136	0.1901963864	0.9878306143	1.304257618
0.8108045946	0.1891954054	0.9879697528	1.303473183
0.8118055756	0.1881944244	0.9881079671	1.302689439
0.8128065566	0.1871934434	0.9882452594	1.301906387
0.8138075375	0.1861924625	0.9883816319	1.301124025
0.8148085185	0.1851914815	0.9885170869	1.300342354
0.8158094995	0.1841905005	0.9886516264	1.299561374
0.8168104805	0.1831895195	0.9887852528	1.298781086
0.8178114615	0.1821885385	0.9889179682	1.298001489
0.8188124424	0.1811875576	0.9890497748	1.297222583
0.8198134234	0.1801865766	0.9891806748	1.296444369
0.8208144044	0.1791855956	0.9893106703	1.295666846
0.8218153854	0.1781846146	0.9894397636	1.294890014
0.8228163664	0.1771836336	0.9895679568	1.294113875
0.8238173473	0.1761826527	0.9896952522	1.293338426
0.8248183283	0.1751816717	0.9898216518	1.29256367
0.8258193093	0.1741806907	0.9899471579	1.291789605
0.8268202903	0.1731797097	0.9900717726	1.291016232
0.8278212713	0.1721787287	0.9901954981	1.29024355
0.8288222523	0.1711777477	0.9903183366	1.28947156
0.8298232332	0.1701767668	0.9904402902	1.288700261
0.8308242142	0.1691757858	0.990561361	1.287929655
0.8318251952	0.1681748048	0.9906815514	1.287159739
0.8328261762	0.1671738238	0.9908008633	1.286390516
0.8338271572	0.1661728428	0.9909192989	1.285621984
0.8348281381	0.1651718619	0.9910368605	1.284854143
0.8358291191	0.1641708809	0.9911535501	1.284086994
0.8368301001	0.1631698999	0.9912693699	1.283320536
0.8378310811	0.1621689189	0.991384322	1.28255477
0.8388320621	0.1611679379	0.9914984086	1.281789695
0.839833043	0.160166957	0.9916116318	1.281025311
0.840834024	0.159165976	0.9917239937	1.280261618
0.841835005	0.158164995	0.9918354965	1.279498616
0.842835986	0.157164014	0.9919461422	1.278736305
0.843836967	0.156163033	0.9920559331	1.277974685
0.8448379479	0.1551620521	0.9921648712	1.277213756
0.8458389289	0.1541610711	0.9922729587	1.276453517
0.8468399099	0.1531600901	0.9923801976	1.275693969
0.8478408909	0.1521591091	0.9924865901	1.274935112
0.8488418719	0.1511581281	0.9925921383	1.274176944
0.8498428529	0.1501571471	0.9926968443	1.273419467
0.8508438338	0.1491561662	0.9928007101	1.27266268
0.8518448148	0.1481551852	0.992903738	1.271906583
0.8528457958	0.1471542042	0.9930059299	1.271151175
0.8538467768	0.1461532232	0.9931072881	1.270396457
0.8548477578	0.1451522422	0.9932078145	1.269642429
0.8558487387	0.1441512613	0.9933075113	1.26888909
0.8568497197	0.1431502803	0.9934063805	1.26813644
0.8578507007	0.1421492993	0.9935044242	1.267384479
0.8588516817	0.1411483183	0.9936016445	1.266633206
0.8598526627	0.1401473373	0.9936980436	1.265882623
0.8608536436	0.1391463564	0.9937936233	1.265132727
0.8618546246	0.1381453754	0.9938883859	1.26438352
0.8628556056	0.1371443944	0.9939823334	1.263635001
0.8638565866	0.1361434134	0.9940754678	1.26288717
0.8648575676	0.1351424324	0.9941677912	1.262140027
0.8658585485	0.1341414515	0.9942593057	1.261393571
0.8668595295	0.1331404705	0.9943500133	1.260647802
0.8678605105	0.1321394895	0.9944399161	1.25990272
0.8688614915	0.1311385085	0.9945290161	1.259158325
0.8698624725	0.1301375275	0.9946173153	1.258414616
0.8708634535	0.1291365465	0.9947048158	1.257671594
0.8718644344	0.1281355656	0.9947915196	1.256929258
0.8728654154	0.1271345846	0.9948774288	1.256187607
0.8738663964	0.1261336036	0.9949625454	1.255446643
0.8748673774	0.1251326226	0.9950468714	1.254706363
0.8758683584	0.1241316416	0.9951304089	1.253966769
0.8768693393	0.1231306607	0.9952131598	1.253227859
0.8778703203	0.1221296797	0.9952951261	1.252489635
0.8788713013	0.1211286987	0.99537631	1.251752094
0.8798722823	0.1201277177	0.9954567134	1.251015237
0.8808732633	0.1191267367	0.9955363382	1.250279065
0.8818742442	0.1181257558	0.9956151866	1.249543575
0.8828752252	0.1171247748	0.9956932605	1.248808769
0.8838762062	0.1161237938	0.9957705618	1.248074646
0.8848771872	0.1151228128	0.9958470927	1.247341205
0.8858781682	0.1141218318	0.995922855	1.246608447
0.8868791491	0.1131208509	0.9959978508	1.245876371
0.8878801301	0.1121198699	0.9960720821	1.245144976
0.8888811111	0.1111188889	0.9961455508	1.244414263
0.8898820921	0.1101179079	0.9962182589	1.243684231
0.8908830731	0.1091169269	0.9962902083	1.24295488
0.8918840541	0.1081159459	0.9963614011	1.242226209
0.892885035	0.107114965	0.9964318393	1.241498219
0.893886016	0.106113984	0.9965015246	1.240770908
0.894886997	0.105113003	0.9965704593	1.240044277
0.895887978	0.104112022	0.996638645	1.239318325
0.896888959	0.103111041	0.996706084	1.238593052
0.8978899399	0.1021100601	0.996772778	1.237868457
0.8988909209	0.1011090791	0.996838729	1.237144541
0.8998919019	0.1001080981	0.996903939	1.236421302
0.9008928829	0.09910711712	0.9969684099	1.235698741
0.9018938639	0.09810613614	0.9970321436	1.234976857
0.9028948448	0.09710515516	0.9970951421	1.23425565
0.9038958258	0.09610417417	0.9971574073	1.233535119
0.9048968068	0.09510319319	0.9972189411	1.232815264
0.9058977878	0.09410221221	0.9972797454	1.232096085
0.9068987688	0.09310123123	0.9973398222	1.231377581
0.9078997497	0.09210025025	0.9973991733	1.230659753
0.9089007307	0.09109926927	0.9974578007	1.229942598
0.9099017117	0.09009828829	0.9975157063	1.229226118
0.9109026927	0.08909730731	0.997572892	1.228510312
0.9119036737	0.08809632633	0.9976293596	1.227795179
0.9129046547	0.08709534535	0.9976851111	1.227080719
0.9139056356	0.08609436436	0.9977401483	1.226366932
0.9149066166	0.08509338338	0.9977944732	1.225653817
0.9159075976	0.0840924024	0.9978480876	1.224941374
0.9169085786	0.08309142142	0.9979009934	1.224229603
0.9179095596	0.08209044044	0.9979531926	1.223518502
0.9189105405	0.08108945946	0.9980046868	1.222808073
0.9199115215	0.08008847848	0.9980554781	1.222098313
0.9209125025	0.0790874975	0.9981055683	1.221389223
0.9219134835	0.07808651652	0.9981549592	1.220680803
0.9229144645	0.07708553554	0.9982036528	1.219973052
0.9239154454	0.07608455455	0.9982516508	1.219265969
0.9249164264	0.07508357357	0.9982989551	1.218559555
0.9259174074	0.07408259259	0.9983455676	1.217853808
0.9269183884	0.07308161161	0.9983914901	1.217148729
0.9279193694	0.07208063063	0.9984367244	1.216444316
0.9289203504	0.07107964965	0.9984812725	1.21574057
0.9299213313	0.07007866867	0.998525136	1.21503749
0.9309223123	0.06907768769	0.9985683169	1.214335076
0.9319232933	0.06807670671	0.998610817	1.213633327
0.9329242743	0.06707572573	0.998652638	1.212932243
0.9339252553	0.06607474474	0.9986937819	1.212231822
0.9349262362	0.06507376376	0.9987342504	1.211532066
0.9359272172	0.06407278278	0.9987740453	1.210832973
0.9369281982	0.0630718018	0.9988131685	1.210134543
0.9379291792	0.06207082082	0.9988516217	1.209436776
0.9389301602	0.06106983984	0.9988894068	1.20873967
0.9399311411	0.06006885886	0.9989265255	1.208043227
0.9409321221	0.05906787788	0.9989629797	1.207347444
0.9419331031	0.0580668969	0.9989987711	1.206652322
0.9429340841	0.05706591592	0.9990339015	1.20595786
0.9439350651	0.05606493493	0.9990683727	1.205264058
0.944936046	0.05506395395	0.9991021865	1.204570915
0.945937027	0.05406297297	0.9991353446	1.203878431
0.946938008	0.05306199199	0.9991678488	1.203186605
0.947938989	0.05206101101	0.999199701	1.202495437
0.94893997	0.05106003003	0.9992309027	1.201804927
0.949940951	0.05005904905	0.9992614559	1.201115073
0.9509419319	0.04905806807	0.9992913623	1.200425876
0.9519429129	0.04805708709	0.9993206236	1.199737334
0.9529438939	0.04705610611	0.9993492415	1.199049449
0.9539448749	0.04605512513	0.9993772179	1.198362218
0.9549458559	0.04505414414	0.9994045544	1.197675641
0.9559468368	0.04405316316	0.9994312529	1.196989719
0.9569478178	0.04305218218	0.9994573149	1.19630445
0.9579487988	0.0420512012	0.9994827423	1.195619834
0.9589497798	0.04105022022	0.9995075368	1.19493587
0.9599507608	0.04004923924	0.9995317001	1.194252559
0.9609517417	0.03904825826	0.999555234	1.193569899
0.9619527227	0.03804727728	0.9995781401	1.19288789
0.9629537037	0.0370462963	0.9996004201	1.192206531
0.9639546847	0.03604531532	0.9996220758	1.191525823
0.9649556657	0.03504433433	0.999643109	1.190845764
0.9659566466	0.03404335335	0.9996635211	1.190166354
0.9669576276	0.03304237237	0.9996833141	1.189487592
0.9679586086	0.03204139139	0.9997024895	1.188809479
0.9689595896	0.03104041041	0.9997210491	1.188132012
0.9699605706	0.03003942943	0.9997389946	1.187455193
0.9709615516	0.02903844845	0.9997563275	1.18677902
0.9719625325	0.02803746747	0.9997730497	1.186103493
0.9729635135	0.02703648649	0.9997891628	1.185428612
0.9739644945	0.02603550551	0.9998046684	1.184754375
0.9749654755	0.02503452452	0.9998195683	1.184080783
0.9759664565	0.02403354354	0.9998338641	1.183407834
0.9769674374	0.02303256256	0.9998475574	1.182735529
0.9779684184	0.02203158158	0.99986065	1.182063866
0.9789693994	0.0210306006	0.9998731434	1.181392846
0.9799703804	0.02002961962	0.9998850394	1.180722467
0.9809713614	0.01902863864	0.9998963395	1.18005273
0.9819723423	0.01802765766	0.9999070454	1.179383633
0.9829733233	0.01702667668	0.9999171588	1.178715176
0.9839743043	0.0160256957	0.9999266813	1.178047359
0.9849752853	0.01502471471	0.9999356146	1.177380181
0.9859762663	0.01402373373	0.9999439601	1.176713641
0.9869772472	0.01302275275	0.9999517197	1.17604774
0.9879782282	0.01202177177	0.9999588949	1.175382475
0.9889792092	0.01102079079	0.9999654873	1.174717848
0.9899801902	0.01001980981	0.9999714985	1.174053857
0.9909811712	0.009018828829	0.9999769302	1.173390501
0.9919821522	0.008017847848	0.999981784	1.172727781
0.9929831331	0.007016866867	0.9999860614	1.172065696
0.9939841141	0.006015885886	0.9999897641	1.171404244
0.9949850951	0.005014904905	0.9999928936	1.170743427
0.9959860761	0.004013923924	0.9999954516	1.170083242
0.9969870571	0.003012942943	0.9999974397	1.16942369
0.997988038	0.002011961962	0.9999988594	1.16876477
0.998989019	0.001010980981	0.9999997123	1.168106481
0.99999	1e-05	1	1.167448823
