1e-05	0.99999	20377.79437	1.000000032
0.001010980981	0.998989019	11023.20952	1.000310721
0.002011961962	0.997988038	6189.505459	1.001182082
0.003012942943	0.9969870571	3597.391602	1.002548697
0.004013923924	0.9959860761	2158.745838	1.004352931
0.005014904905	0.9949850951	1334.426431	1.006543836
0.006015885886	0.9939841141	847.9161723	1.009076224
0.007016866867	0.9929831331	552.7661612	1.011909891
0.008017847848	0.9919821522	369.0595116	1.015008973
0.009018828829	0.9909811712	251.952028	1.018341385
0.01001980981	0.9899801902	175.6157449	1.02187836
0.01102079079	0.9889792092	124.8080938	1.025594041
0.01202177177	0.9879782282	90.32589781	1.029465143
0.01302275275	0.9869772472	66.49226331	1.033470654
0.01402373373	0.9859762663	49.73439894	1.037591579
0.01502471471	0.9849752853	37.76089292	1.041810721
0.0160256957	0.9839743043	29.07581292	1.046112488
0.01702667668	0.9829733233	22.68607673	1.05048272
0.01802765766	0.9819723423	17.921943	1.054908548
0.01902863864	0.9809713614	14.32496173	1.059378261
0.02002961962	0.9799703804	11.57687313	1.06388119
0.0210306006	0.9789693994	9.453782696	1.068407613
0.02203158158	0.9779684184	7.796188024	1.072948661
0.02303256256	0.9769674374	6.489098042	1.07749624
0.02403354354	0.9759664565	5.448670107	1.082042958
0.02503452452	0.9749654755	4.613114245	1.086582069
0.02603550551	0.9739644945	3.936427234	1.091107407
0.02703648649	0.9729635135	3.384026644	1.095613345
0.02803746747	0.9719625325	2.929675493	1.10009474
0.02903844845	0.9709615516	2.553293488	1.1045469
0.03003942943	0.9699605706	2.2393838	1.108965542
0.03104041041	0.9689595896	1.975891575	1.113346762
0.03204139139	0.9679586086	1.753368212	1.117687001
0.03304237237	0.9669576276	1.564354221	1.121983022
0.03404335335	0.9659566466	1.40291974	1.12623188
0.03504433433	0.9649556657	1.264319713	1.130430902
0.03604531532	0.9639546847	1.144733181	1.134577668
0.0370462963	0.9629537037	1.041064721	1.138669987
0.03804727728	0.9619527227	0.9507921777	1.142705885
0.03904825826	0.9609517417	0.8718491211	1.146683585
0.04004923924	0.9599507608	0.8025335159	1.150601494
0.04105022022	0.9589497798	0.7414363369	1.15445819
0.0420512012	0.9579487988	0.6873854362	1.158252409
0.04305218218	0.9569478178	0.6394011566	1.161983033
0.04405316316	0.9559468368	0.5966610405	1.165649081
0.04505414414	0.9549458559	0.5584716241	1.169249697
0.04605512513	0.9539448749	0.5242457796	1.172784145
0.04705610611	0.9529438939	0.4934844264	1.176251796
0.04805708709	0.9519429129	0.4657616988	1.179652123
0.04905806807	0.9509419319	0.4407128628	1.182984694
0.05005904905	0.949940951	0.4180244296	1.186249162
0.05106003003	0.94893997	0.3974260325	1.189445266
0.05206101101	0.947938989	0.3786837247	1.192572816
0.05306199199	0.946938008	0.3615944291	1.195631695
0.05406297297	0.945937027	0.3459813234	1.198621852
0.05506395395	0.944936046	0.3316899895	1.201543295
0.05606493493	0.9439350651	0.3185851888	1.204396089
0.05706591592	0.9429340841	0.3065481531	1.207180353
0.0580668969	0.9419331031	0.2954742998	1.209896253
0.05906787788	0.9409321221	0.2852713004	1.212544001
0.06006885886	0.9399311411	0.2758574413	1.21512385
0.06106983984	0.9389301602	0.2671602287	1.217636093
0.06207082082	0.9379291792	0.2591151985	1.220081058
0.0630718018	0.9369281982	0.2516648973	1.222459107
0.06407278278	0.9359272172	0.2447580077	1.224770633
0.06507376376	0.9349262362	0.2383485964	1.227016056
0.06607474474	0.9339252553	0.2323954643	1.229195824
0.06707572573	0.9329242743	0.2268615855	1.231310408
0.06807670671	0.9319232933	0.2217136202	1.233360301
0.06907768769	0.9309223123	0.2169214916	1.235346017
0.07007866867	0.9299213313	0.212458017	1.237268088
0.07107964965	0.9289203504	0.2082985866	1.239127064
0.07208063063	0.9279193694	0.2044208814	1.240923509
0.07308161161	0.9269183884	0.2008046263	1.242658002
0.07408259259	0.9259174074	0.1974313735	1.244331135
0.07508357357	0.9249164264	0.1942843113	1.245943511
0.07608455455	0.9239154454	0.1913480957	1.247495744
0.07708553554	0.9229144645	0.1886087013	1.248988456
0.07808651652	0.9219134835	0.1860532896	1.250422279
0.0790874975	0.9209125025	0.1836700922	1.25179785
0.08008847848	0.9199115215	0.1814483066	1.253115814
0.08108945946	0.9189105405	0.1793780038	1.254376821
0.08209044044	0.9179095596	0.177450046	1.255581525
0.08309142142	0.9169085786	0.1756560125	1.256730585
0.0840924024	0.9159075976	0.1739881343	1.257824663
0.08509338338	0.9149066166	0.1724392349	1.258864422
0.08609436436	0.9139056356	0.171002677	1.259850529
0.08709534535	0.9129046547	0.1696723156	1.260783651
0.08809632633	0.9119036737	0.1684424545	1.261664457
0.08909730731	0.9109026927	0.167307808	1.262493614
0.09009828829	0.9099017117	0.1662634662	1.263271791
0.09109926927	0.9089007307	0.1653048634	1.263999655
0.09210025025	0.9078997497	0.1644277495	1.264677872
0.09310123123	0.9068987688	0.1636281644	1.265307108
0.09410221221	0.9058977878	0.1629024146	1.265888025
0.09510319319	0.9048968068	0.1622470519	1.266421284
0.09610417417	0.9038958258	0.161658854	1.266907543
0.09710515516	0.9028948448	0.161134807	1.267347458
0.09810613614	0.9018938639	0.1606720895	1.26774168
0.09910711712	0.9008928829	0.1602680577	1.268090859
0.1001080981	0.8998919019	0.1599202323	1.268395639
0.1011090791	0.8988909209	0.1596262861	1.268656662
0.1021100601	0.8978899399	0.1593840329	1.268874565
0.103111041	0.896888959	0.1591914173	1.269049982
0.104112022	0.895887978	0.1590465052	1.26918354
0.105113003	0.894886997	0.1589474753	1.269275864
0.106113984	0.893886016	0.1588926111	1.269327573
0.107114965	0.892885035	0.1588802936	1.269339282
0.1081159459	0.8918840541	0.1589089944	1.269311599
0.1091169269	0.8908830731	0.1589772701	1.269245129
0.1101179079	0.8898820921	0.159083756	1.269140471
0.1111188889	0.8888811111	0.1592271609	1.268998218
0.1121198699	0.8878801301	0.1594062626	1.268818959
0.1131208509	0.8868791491	0.1596199031	1.268603277
0.1141218318	0.8858781682	0.1598669844	1.268351748
0.1151228128	0.8848771872	0.160146465	1.268064943
0.1161237938	0.8838762062	0.1604573558	1.26774343
0.1171247748	0.8828752252	0.1607987173	1.267387768
0.1181257558	0.8818742442	0.161169656	1.266998511
0.1191267367	0.8808732633	0.161569322	1.266576208
0.1201277177	0.8798722823	0.1619969063	1.266121401
0.1211286987	0.8788713013	0.1624516377	1.265634627
0.1221296797	0.8778703203	0.1629327815	1.265116417
0.1231306607	0.8768693393	0.1634396366	1.264567296
0.1241316416	0.8758683584	0.1639715337	1.263987784
0.1251326226	0.8748673774	0.1645278335	1.263378393
0.1261336036	0.8738663964	0.1651079249	1.262739631
0.1271345846	0.8728654154	0.1657112236	1.262071999
0.1281355656	0.8718644344	0.1663371701	1.261375992
0.1291365465	0.8708634535	0.1669852286	1.260652101
0.1301375275	0.8698624725	0.1676548858	1.259900809
0.1311385085	0.8688614915	0.1683456494	1.259122593
0.1321394895	0.8678605105	0.1690570468	1.258317927
0.1331404705	0.8668595295	0.1697886246	1.257487275
0.1341414515	0.8658585485	0.1705399469	1.256631099
0.1351424324	0.8648575676	0.1713105946	1.255749853
0.1361434134	0.8638565866	0.1721001648	1.254843987
0.1371443944	0.8628556056	0.1729082695	1.253913942
0.1381453754	0.8618546246	0.1737345349	1.252960158
0.1391463564	0.8608536436	0.174578601	1.251983065
0.1401473373	0.8598526627	0.1754401202	1.250983091
0.1411483183	0.8588516817	0.1763187576	1.249960656
0.1421492993	0.8578507007	0.1772141893	1.248916174
0.1431502803	0.8568497197	0.1781261028	1.247850057
0.1441512613	0.8558487387	0.1790541957	1.246762708
0.1451522422	0.8548477578	0.1799981755	1.245654526
0.1461532232	0.8538467768	0.1809577592	1.244525905
0.1471542042	0.8528457958	0.1819326727	1.243377233
0.1481551852	0.8518448148	0.1829226503	1.242208893
0.1491561662	0.8508438338	0.1839274343	1.241021262
0.1501571471	0.8498428529	0.1849467749	1.239814714
0.1511581281	0.8488418719	0.1859804294	1.238589616
0.1521591091	0.8478408909	0.187028162	1.23734633
0.1531600901	0.8468399099	0.1880897437	1.236085213
0.1541610711	0.8458389289	0.1891649518	1.234806618
0.1551620521	0.8448379479	0.1902535694	1.233510893
0.156163033	0.843836967	0.1913553855	1.23219838
0.157164014	0.842835986	0.1924701945	1.230869417
0.158164995	0.841835005	0.1935977961	1.229524336
0.159165976	0.840834024	0.1947379949	1.228163466
0.160166957	0.839833043	0.1958906003	1.226787131
0.1611679379	0.8388320621	0.197055426	1.22539565
0.1621689189	0.8378310811	0.1982322905	1.223989336
0.1631698999	0.8368301001	0.1994210159	1.2225685
0.1641708809	0.8358291191	0.2006214288	1.221133446
0.1651718619	0.8348281381	0.201833359	1.219684477
0.1661728428	0.8338271572	0.2030566405	1.218221889
0.1671738238	0.8328261762	0.2042911104	1.216745973
0.1681748048	0.8318251952	0.2055366091	1.215257018
0.1691757858	0.8308242142	0.2067929805	1.213755307
0.1701767668	0.8298232332	0.2080600712	1.21224112
0.1711777477	0.8288222523	0.2093377308	1.210714733
0.1721787287	0.8278212713	0.2106258118	1.209176417
0.1731797097	0.8268202903	0.2119241693	1.207626438
0.1741806907	0.8258193093	0.2132326611	1.206065061
0.1751816717	0.8248183283	0.2145511472	1.204492545
0.1761826527	0.8238173473	0.2158794901	1.202909146
0.1771836336	0.8228163664	0.2172175548	1.201315115
0.1781846146	0.8218153854	0.2185652081	1.199710699
0.1791855956	0.8208144044	0.2199223192	1.198096145
0.1801865766	0.8198134234	0.2212887591	1.196471691
0.1811875576	0.8188124424	0.222664401	1.194837574
0.1821885385	0.8178114615	0.2240491196	1.193194029
0.1831895195	0.8168104805	0.2254427918	1.191541284
0.1841905005	0.8158094995	0.2268452959	1.189879567
0.1851914815	0.8148085185	0.2282565122	1.188209099
0.1861924625	0.8138075375	0.2296763223	1.1865301
0.1871934434	0.8128065566	0.2311046095	1.184842787
0.1881944244	0.8118055756	0.2325412585	1.183147371
0.1891954054	0.8108045946	0.2339861557	1.181444062
0.1901963864	0.8098036136	0.2354391886	1.179733067
0.1911973674	0.8088026326	0.2369002462	1.178014588
0.1921983483	0.8078016517	0.2383692188	1.176288825
0.1931993293	0.8068006707	0.2398459978	1.174555975
0.1942003103	0.8057996897	0.2413304762	1.172816231
0.1952012913	0.8047987087	0.2428225477	1.171069785
0.1962022723	0.8037977277	0.2443221075	1.169316823
0.1972032533	0.8027967467	0.2458290518	1.167557531
0.1982042342	0.8017957658	0.2473432778	1.16579209
0.1992052152	0.8007947848	0.2488646839	1.164020679
0.2002061962	0.7997938038	0.2503931693	1.162243475
0.2012071772	0.7987928228	0.2519286343	1.16046065
0.2022081582	0.7977918418	0.2534709803	1.158672375
0.2032091391	0.7967908609	0.2550201094	1.156878819
0.2042101201	0.7957898799	0.2565759247	1.155080146
0.2052111011	0.7947888989	0.2581383301	1.153276519
0.2062120821	0.7937879179	0.2597072306	1.151468098
0.2072130631	0.7927869369	0.2612825316	1.14965504
0.208214044	0.791785956	0.2628641399	1.147837501
0.209215025	0.790784975	0.2644519625	1.146015632
0.210216006	0.789783994	0.2660459075	1.144189584
0.211216987	0.788783013	0.2676458838	1.142359504
0.212217968	0.787782032	0.2692518008	1.140525537
0.2132189489	0.7867810511	0.2708635689	1.138687827
0.2142199299	0.7857800701	0.272481099	1.136846513
0.2152209109	0.7847790891	0.2741043028	1.135001734
0.2162218919	0.7837781081	0.2757330926	1.133153627
0.2172228729	0.7827771271	0.2773673814	1.131302323
0.2182238539	0.7817761461	0.2790070829	1.129447956
0.2192248348	0.7807751652	0.2806521113	1.127590654
0.2202258158	0.7797741842	0.2823023816	1.125730545
0.2212267968	0.7787732032	0.2839578094	1.123867755
0.2222277778	0.7777722222	0.2856183108	1.122002405
0.2232287588	0.7767712412	0.2872838025	1.120134617
0.2242297397	0.7757702603	0.2889542018	1.118264511
0.2252307207	0.7747692793	0.2906294267	1.116392203
0.2262317017	0.7737682983	0.2923093957	1.114517809
0.2272326827	0.7727673173	0.2939940277	1.112641442
0.2282336637	0.7717663363	0.2956832424	1.110763212
0.2292346446	0.7707653554	0.2973769598	1.108883231
0.2302356256	0.7697643744	0.2990751008	1.107001604
0.2312366066	0.7687633934	0.3007775864	1.105118439
0.2322375876	0.7677624124	0.3024843384	1.103233839
0.2332385686	0.7667614314	0.304195279	1.101347906
0.2342395495	0.7657604505	0.305910331	1.099460741
0.2352405305	0.7647594695	0.3076294176	1.097572444
0.2362415115	0.7637584885	0.3093524626	1.09568311
0.2372424925	0.7627575075	0.3110793903	1.093792836
0.2382434735	0.7617565265	0.3128101253	1.091901715
0.2392444545	0.7607555455	0.314544593	1.09000984
0.2402454354	0.7597545646	0.3162827191	1.088117302
0.2412464164	0.7587535836	0.3180244296	1.086224189
0.2422473974	0.7577526026	0.3197696514	1.084330589
0.2432483784	0.7567516216	0.3215183115	1.082436589
0.2442493594	0.7557506406	0.3232703375	1.080542272
0.2452503403	0.7547496597	0.3250256575	1.078647723
0.2462513213	0.7537486787	0.3267842001	1.076753022
0.2472523023	0.7527476977	0.3285458941	1.07485825
0.2482532833	0.7517467167	0.330310669	1.072963486
0.2492542643	0.7507457357	0.3320784548	1.071068807
0.2502552452	0.7497447548	0.3338491817	1.06917429
0.2512562262	0.7487437738	0.3356227804	1.067280008
0.2522572072	0.7477427928	0.3373991823	1.065386037
0.2532581882	0.7467418118	0.339178319	1.063492446
0.2542591692	0.7457408308	0.3409601225	1.061599309
0.2552601502	0.7447398498	0.3427445254	1.059706693
0.2562611311	0.7437388689	0.3445314607	1.057814668
0.2572621121	0.7427378879	0.3463208617	1.0559233
0.2582630931	0.7417369069	0.3481126623	1.054032656
0.2592640741	0.7407359259	0.3499067967	1.052142799
0.2602650551	0.7397349449	0.3517031996	1.050253795
0.261266036	0.738733964	0.3535018061	1.048365704
0.262267017	0.737732983	0.3553025517	1.046478589
0.263267998	0.736732002	0.3571053723	1.044592509
0.264268979	0.735731021	0.3589102044	1.042707523
0.26526996	0.73473004	0.3607169846	1.04082369
0.2662709409	0.7337290591	0.3625256503	1.038941066
0.2672719219	0.7327280781	0.3643361389	1.037059707
0.2682729029	0.7317270971	0.3661483886	1.035179667
0.2692738839	0.7307261161	0.3679623378	1.033301001
0.2702748649	0.7297251351	0.3697779252	1.031423762
0.2712758458	0.7287241542	0.3715950903	1.029548
0.2722768268	0.7277231732	0.3734137725	1.027673767
0.2732778078	0.7267221922	0.3752339121	1.025801112
0.2742787888	0.7257212112	0.3770554496	1.023930085
0.2752797698	0.7247202302	0.3788783257	1.022060733
0.2762807508	0.7237192492	0.3807024818	1.020193103
0.2772817317	0.7227182683	0.3825278595	1.018327242
0.2782827127	0.7217172873	0.3843544011	1.016463194
0.2792836937	0.7207163063	0.386182049	1.014601004
0.2802846747	0.7197153253	0.388010746	1.012740716
0.2812856557	0.7187143443	0.3898404355	1.010882371
0.2822866366	0.7177133634	0.3916710613	1.009026013
0.2832876176	0.7167123824	0.3935025673	1.007171681
0.2842885986	0.7157114014	0.3953348981	1.005319416
0.2852895796	0.7147104204	0.3971679985	1.003469257
0.2862905606	0.7137094394	0.399001814	1.001621243
0.2872915415	0.7127084585	0.4008362901	0.999775411
0.2882925225	0.7117074775	0.4026713728	0.9979317989
0.2892935035	0.7107064965	0.4045070088	0.9960904426
0.2902944845	0.7097055155	0.4063431448	0.9942513777
0.2912954655	0.7087045345	0.4081797281	0.9924146388
0.2922964464	0.7077035536	0.4100167063	0.9905802602
0.2932974274	0.7067025726	0.4118540275	0.9887482751
0.2942984084	0.7057015916	0.41369164	0.9869187162
0.2952993894	0.7047006106	0.4155294927	0.9850916156
0.2963003704	0.7036996296	0.4173675347	0.9832670044
0.2973013514	0.7026986486	0.4192057156	0.9814449135
0.2983023323	0.7016976677	0.4210439853	0.9796253727
0.2993033133	0.7006966867	0.4228822943	0.9778084114
0.3003042943	0.6996957057	0.4247205932	0.9759940584
0.3013052753	0.6986947247	0.4265588332	0.9741823416
0.3023062563	0.6976937437	0.4283969656	0.9723732888
0.3033072372	0.6966927628	0.4302349424	0.9705669265
0.3043082182	0.6956917818	0.4320727157	0.9687632813
0.3053091992	0.6946908008	0.4339102383	0.9669623787
0.3063101802	0.6936898198	0.4357474631	0.9651642439
0.3073111612	0.6926888388	0.4375843435	0.9633689014
0.3083121421	0.6916878579	0.4394208332	0.9615763753
0.3093131231	0.6906868769	0.4412568863	0.9597866889
0.3103141041	0.6896858959	0.4430924573	0.9579998652
0.3113150851	0.6886849149	0.4449275011	0.9562159265
0.3123160661	0.6876839339	0.4467619729	0.9544348947
0.313317047	0.686682953	0.4485958283	0.9526567911
0.314318028	0.685681972	0.4504290233	0.9508816366
0.315319009	0.684680991	0.4522615141	0.9491094513
0.31631999	0.68368001	0.4540932576	0.9473402553
0.317320971	0.682679029	0.4559242107	0.9455740677
0.318321952	0.681678048	0.4577543309	0.9438109076
0.3193229329	0.6806770671	0.4595835759	0.9420507932
0.3203239139	0.6796760861	0.461411904	0.9402937425
0.3213248949	0.6786751051	0.4632392736	0.938539773
0.3223258759	0.6776741241	0.4650656437	0.9367889017
0.3233268569	0.6766731431	0.4668909733	0.9350411453
0.3243278378	0.6756721622	0.4687152222	0.9332965198
0.3253288188	0.6746711812	0.4705383503	0.9315550409
0.3263297998	0.6736702002	0.4723603178	0.9298167241
0.3273307808	0.6726692192	0.4741810855	0.9280815843
0.3283317618	0.6716682382	0.4760006142	0.9263496358
0.3293327427	0.6706672573	0.4778188654	0.9246208928
0.3303337237	0.6696662763	0.4796358008	0.922895369
0.3313347047	0.6686652953	0.4814513824	0.9211730777
0.3323356857	0.6676643143	0.4832655727	0.9194540318
0.3333366667	0.6666633333	0.4850783342	0.9177382439
0.3343376476	0.6656623524	0.4868896303	0.9160257262
0.3353386286	0.6646613714	0.4886994242	0.9143164905
0.3363396096	0.6636603904	0.4905076797	0.9126105483
0.3373405906	0.6626594094	0.4923143611	0.9109079106
0.3383415716	0.6616584284	0.4941194326	0.9092085883
0.3393425526	0.6606574474	0.4959228592	0.9075125918
0.3403435335	0.6596564665	0.4977246059	0.9058199312
0.3413445145	0.6586554855	0.4995246383	0.9041306162
0.3423454955	0.6576545045	0.501322922	0.9024446562
0.3433464765	0.6566535235	0.5031194233	0.9007620605
0.3443474575	0.6556525425	0.5049141085	0.8990828378
0.3453484384	0.6546515616	0.5067069446	0.8974069966
0.3463494194	0.6536505806	0.5084978986	0.8957345451
0.3473504004	0.6526495996	0.5102869379	0.8940654912
0.3483513814	0.6516486186	0.5120740303	0.8923998426
0.3493523624	0.6506476376	0.513859144	0.8907376065
0.3503533433	0.6496466567	0.5156422474	0.8890787899
0.3513543243	0.6486456757	0.5174233091	0.8874233997
0.3523553053	0.6476446947	0.5192022983	0.8857714423
0.3533562863	0.6466437137	0.5209791844	0.8841229238
0.3543572673	0.6456427327	0.5227539369	0.8824778504
0.3553582482	0.6446417518	0.524526526	0.8808362276
0.3563592292	0.6436407708	0.526296922	0.8791980608
0.3573602102	0.6426397898	0.5280650955	0.8775633553
0.3583611912	0.6416388088	0.5298310175	0.875932116
0.3593621722	0.6406378278	0.5315946592	0.8743043475
0.3603631532	0.6396368468	0.5333559922	0.8726800542
0.3613641341	0.6386358659	0.5351149883	0.8710592405
0.3623651151	0.6376348849	0.5368716198	0.8694419102
0.3633660961	0.6366339039	0.5386258592	0.8678280672
0.3643670771	0.6356329229	0.5403776792	0.8662177148
0.3653680581	0.6346319419	0.5421270529	0.8646108565
0.366369039	0.633630961	0.5438739537	0.8630074952
0.36737002	0.63262998	0.5456183552	0.861407634
0.368371001	0.631628999	0.5473602316	0.8598112753
0.369371982	0.630628018	0.549099557	0.8582184218
0.370372963	0.629627037	0.550836306	0.8566290755
0.3713739439	0.6286260561	0.5525704534	0.8550432387
0.3723749249	0.6276250751	0.5543019745	0.8534609131
0.3733759059	0.6266240941	0.5560308446	0.8518821003
0.3743768869	0.6256231131	0.5577570396	0.850306802
0.3753778679	0.6246221321	0.5594805353	0.8487350193
0.3763788488	0.6236211512	0.5612013081	0.8471667533
0.3773798298	0.6226201702	0.5629193345	0.845602005
0.3783808108	0.6216191892	0.5646345915	0.8440407752
0.3793817918	0.6206182082	0.5663470561	0.8424830643
0.3803827728	0.6196172272	0.5680567058	0.8409288729
0.3813837538	0.6186162462	0.5697635182	0.8393782011
0.3823847347	0.6176152653	0.5714674714	0.8378310491
0.3833857157	0.6166142843	0.5731685435	0.8362874166
0.3843866967	0.6156133033	0.574866713	0.8347473036
0.3853876777	0.6146123223	0.5765619588	0.8332107095
0.3863886587	0.6136113413	0.5782542599	0.8316776339
0.3873896396	0.6126103604	0.5799435955	0.8301480759
0.3883906206	0.6116093794	0.5816299453	0.8286220349
0.3893916016	0.6106083984	0.5833132891	0.8270995097
0.3903925826	0.6096074174	0.584993607	0.8255804992
0.3913935636	0.6086064364	0.5866708794	0.8240650021
0.3923945445	0.6076054555	0.5883450868	0.8225530171
0.3933955255	0.6066044745	0.5900162102	0.8210445425
0.3943965065	0.6056034935	0.5916842306	0.8195395767
0.3953974875	0.6046025125	0.5933491295	0.8180381179
0.3963984685	0.6036015315	0.5950108885	0.816540164
0.3973994494	0.6026005506	0.5966694895	0.8150457131
0.3984004304	0.6015995696	0.5983249146	0.813554763
0.3994014114	0.6005985886	0.5999771462	0.8120673113
0.4004023924	0.5995976076	0.6016261669	0.8105833556
0.4014033734	0.5985966266	0.6032719596	0.8091028933
0.4024043544	0.5975956456	0.6049145074	0.8076259219
0.4034053353	0.5965946647	0.6065537936	0.8061524384
0.4044063163	0.5955936837	0.608189802	0.8046824401
0.4054072973	0.5945927027	0.6098225162	0.8032159239
0.4064082783	0.5935917217	0.6114519203	0.8017528867
0.4074092593	0.5925907407	0.6130779987	0.8002933254
0.4084102402	0.5915897598	0.6147007359	0.7988372366
0.4094112212	0.5905887788	0.6163201167	0.7973846169
0.4104122022	0.5895877978	0.617936126	0.7959354628
0.4114131832	0.5885868168	0.6195487491	0.7944897707
0.4124141642	0.5875858358	0.6211579715	0.7930475369
0.4134151451	0.5865848549	0.6227637787	0.7916087577
0.4144161261	0.5855838739	0.6243661568	0.7901734291
0.4154171071	0.5845828929	0.6259650918	0.7887415472
0.4164180881	0.5835819119	0.62756057	0.787313108
0.4174190691	0.5825809309	0.6291525781	0.7858881072
0.4184200501	0.5815799499	0.6307411028	0.7844665407
0.419421031	0.580578969	0.6323261312	0.7830484042
0.420422012	0.579577988	0.6339076503	0.7816336932
0.421422993	0.578577007	0.6354856477	0.7802224034
0.422423974	0.577576026	0.637060111	0.7788145301
0.423424955	0.576575045	0.6386310281	0.7774100688
0.4244259359	0.5755740641	0.6401983869	0.7760090147
0.4254269169	0.5745730831	0.6417621757	0.7746113631
0.4264278979	0.5735721021	0.643322383	0.7732171092
0.4274288789	0.5725711211	0.6448789975	0.7718262481
0.4284298599	0.5715701401	0.6464320081	0.7704387747
0.4294308408	0.5705691592	0.6479814037	0.7690546841
0.4304318218	0.5695681782	0.6495271738	0.7676739711
0.4314328028	0.5685671972	0.6510693076	0.7662966306
0.4324337838	0.5675662162	0.652607795	0.7649226573
0.4334347648	0.5665652352	0.6541426258	0.763552046
0.4344357457	0.5655642543	0.65567379	0.7621847913
0.4354367267	0.5645632733	0.6572012779	0.7608208877
0.4364377077	0.5635622923	0.6587250798	0.7594603298
0.4374386887	0.5625613113	0.6602451865	0.7581031122
0.4384396697	0.5615603303	0.6617615887	0.7567492291
0.4394406507	0.5605593493	0.6632742775	0.755398675
0.4404416316	0.5595583684	0.6647832439	0.7540514442
0.4414426126	0.5585573874	0.6662884795	0.7527075309
0.4424435936	0.5575564064	0.6677899756	0.7513669294
0.4434445746	0.5565554254	0.6692877241	0.7500296338
0.4444455556	0.5555544444	0.6707817169	0.7486956382
0.4454465365	0.5545534635	0.6722719459	0.7473649368
0.4464475175	0.5535524825	0.6737584036	0.7460375234
0.4474484985	0.5525515015	0.6752410823	0.7447133922
0.4484494795	0.5515505205	0.6767199746	0.7433925371
0.4494504605	0.5505495395	0.6781950733	0.7420749518
0.4504514414	0.5495485586	0.6796663714	0.7407606304
0.4514524224	0.5485475776	0.681133862	0.7394495666
0.4524534034	0.5475465966	0.6825975382	0.7381417541
0.4534543844	0.5465456156	0.6840573937	0.7368371868
0.4544553654	0.5455446346	0.685513422	0.7355358583
0.4554563463	0.5445436537	0.6869656169	0.7342377622
0.4564573273	0.5435426727	0.6884139723	0.7329428922
0.4574583083	0.5425416917	0.6898584823	0.7316512419
0.4584592893	0.5415407107	0.6912991413	0.7303628049
0.4594602703	0.5405397297	0.6927359435	0.7290775746
0.4604612513	0.5395387487	0.6941688836	0.7277955446
0.4614622322	0.5385377678	0.6955979563	0.7265167083
0.4624632132	0.5375367868	0.6970231565	0.7252410591
0.4634641942	0.5365358058	0.6984444793	0.7239685906
0.4644651752	0.5355348248	0.6998619197	0.7226992959
0.4654661562	0.5345338438	0.7012754732	0.7214331685
0.4664671371	0.5335328629	0.7026851353	0.7201702017
0.4674681181	0.5325318819	0.7040909015	0.7189103888
0.4684690991	0.5315309009	0.7054927676	0.717653723
0.4694700801	0.5305299199	0.7068907297	0.7164001977
0.4704710611	0.5295289389	0.7082847837	0.7151498059
0.471472042	0.528527958	0.7096749258	0.713902541
0.472473023	0.527526977	0.7110611524	0.7126583961
0.473474004	0.526525996	0.7124434601	0.7114173643
0.474474985	0.525525015	0.7138218453	0.7101794387
0.475475966	0.524524034	0.715196305	0.7089446126
0.4764769469	0.5235230531	0.7165668359	0.7077128789
0.4774779279	0.5225220721	0.7179334352	0.7064842308
0.4784789089	0.5215210911	0.7192961	0.7052586613
0.4794798899	0.5205201101	0.7206548276	0.7040361635
0.4804808709	0.5195191291	0.7220096154	0.7028167303
0.4814818519	0.5185181481	0.723360461	0.7016003548
0.4824828328	0.5175171672	0.7247073622	0.70038703
0.4834838138	0.5165161862	0.7260503166	0.6991767487
0.4844847948	0.5155152052	0.7273893224	0.6979695041
0.4854857758	0.5145142242	0.7287243775	0.6967652891
0.4864867568	0.5135132432	0.7300554801	0.6955640965
0.4874877377	0.5125122623	0.7313826286	0.6943659193
0.4884887187	0.5115112813	0.7327058214	0.6931707504
0.4894896997	0.5105103003	0.7340250571	0.6919785827
0.4904906807	0.5095093193	0.7353403343	0.6907894091
0.4914916617	0.5085083383	0.7366516518	0.6896032225
0.4924926426	0.5075073574	0.7379590086	0.6884200156
0.4934936236	0.5065063764	0.7392624038	0.6872397815
0.4944946046	0.5055053954	0.7405618363	0.6860625129
0.4954955856	0.5045044144	0.7418573056	0.6848882027
0.4964965666	0.5035034334	0.743148811	0.6837168437
0.4974975475	0.5025024525	0.7444363519	0.6825484287
0.4984985285	0.5015014715	0.745719928	0.6813829505
0.4994995095	0.5005004905	0.746999539	0.680220402
0.5005004905	0.4994995095	0.7482751847	0.679060776
0.5015014715	0.4984985285	0.749546865	0.6779040652
0.5025024525	0.4974975475	0.7508145799	0.6767502624
0.5035034334	0.4964965666	0.7520783296	0.6755993605
0.5045044144	0.4954955856	0.7533381143	0.6744513522
0.5055053954	0.4944946046	0.7545939344	0.6733062303
0.5065063764	0.4934936236	0.7558457902	0.6721639876
0.5075073574	0.4924926426	0.7570936824	0.6710246168
0.5085083383	0.4914916617	0.7583376116	0.6698881108
0.5095093193	0.4904906807	0.7595775785	0.6687544622
0.5105103003	0.4894896997	0.7608135839	0.6676236639
0.5115112813	0.4884887187	0.7620456289	0.6664957086
0.5125122623	0.4874877377	0.7632737144	0.6653705892
0.5135132432	0.4864867568	0.7644978416	0.6642482982
0.5145142242	0.4854857758	0.7657180117	0.6631288286
0.5155152052	0.4844847948	0.7669342259	0.6620121731
0.5165161862	0.4834838138	0.7681464858	0.6608983244
0.5175171672	0.4824828328	0.7693547928	0.6597872753
0.5185181481	0.4814818519	0.7705591485	0.6586790186
0.5195191291	0.4804808709	0.7717595545	0.657573547
0.5205201101	0.4794798899	0.7729560127	0.6564708534
0.5215210911	0.4784789089	0.7741485249	0.6553709304
0.5225220721	0.4774779279	0.7753370931	0.6542737709
0.5235230531	0.4764769469	0.7765217191	0.6531793676
0.524524034	0.475475966	0.7777024053	0.6520877133
0.525525015	0.474474985	0.7788791537	0.6509988009
0.526525996	0.473474004	0.7800519667	0.6499126229
0.527526977	0.472473023	0.7812208465	0.6488291724
0.528527958	0.471472042	0.7823857957	0.647748442
0.5295289389	0.4704710611	0.7835468167	0.6466704246
0.5305299199	0.4694700801	0.7847039121	0.6455951129
0.5315309009	0.4684690991	0.7858570847	0.6445224998
0.5325318819	0.4674681181	0.7870063372	0.6434525781
0.5335328629	0.4664671371	0.7881516723	0.6423853406
0.5345338438	0.4654661562	0.7892930931	0.6413207801
0.5355348248	0.4644651752	0.7904306024	0.6402588895
0.5365358058	0.4634641942	0.7915642034	0.6391996615
0.5375367868	0.4624632132	0.7926938992	0.6381430891
0.5385377678	0.4614622322	0.7938196929	0.637089165
0.5395387487	0.4604612513	0.7949415878	0.6360378822
0.5405397297	0.4594602703	0.7960595873	0.6349892335
0.5415407107	0.4584592893	0.7971736948	0.6339432117
0.5425416917	0.4574583083	0.7982839137	0.6328998098
0.5435426727	0.4564573273	0.7993902476	0.6318590206
0.5445436537	0.4554563463	0.8004927002	0.630820837
0.5455446346	0.4544553654	0.801591275	0.629785252
0.5465456156	0.4534543844	0.8026859759	0.6287522583
0.5475465966	0.4524534034	0.8037768067	0.6277218491
0.5485475776	0.4514524224	0.8048637712	0.6266940171
0.5495485586	0.4504514414	0.8059468733	0.6256687553
0.5505495395	0.4494504605	0.8070261171	0.6246460567
0.5515505205	0.4484494795	0.8081015067	0.6236259142
0.5525515015	0.4474484985	0.8091730461	0.6226083208
0.5535524825	0.4464475175	0.8102407395	0.6215932694
0.5545534635	0.4454465365	0.8113045912	0.6205807531
0.5555544444	0.4444455556	0.8123646055	0.6195707647
0.5565554254	0.4434445746	0.8134207868	0.6185632975
0.5575564064	0.4424435936	0.8144731394	0.6175583442
0.5585573874	0.4414426126	0.8155216679	0.6165558981
0.5595583684	0.4404416316	0.8165663767	0.615555952
0.5605593493	0.4394406507	0.8176072705	0.6145584991
0.5615603303	0.4384396697	0.8186443539	0.6135635324
0.5625613113	0.4374386887	0.8196776316	0.612571045
0.5635622923	0.4364377077	0.8207071083	0.6115810299
0.5645632733	0.4354367267	0.8217327888	0.6105934803
0.5655642543	0.4344357457	0.8227546781	0.6096083892
0.5665652352	0.4334347648	0.8237727809	0.6086257498
0.5675662162	0.4324337838	0.8247871023	0.6076455551
0.5685671972	0.4314328028	0.8257976473	0.6066677984
0.5695681782	0.4304318218	0.8268044209	0.6056924728
0.5705691592	0.4294308408	0.8278074281	0.6047195714
0.5715701401	0.4284298599	0.8288066742	0.6037490874
0.5725711211	0.4274288789	0.8298021644	0.602781014
0.5735721021	0.4264278979	0.8307939039	0.6018153444
0.5745730831	0.4254269169	0.8317818979	0.6008520717
0.5755740641	0.4244259359	0.8327661519	0.5998911894
0.576575045	0.423424955	0.8337466711	0.5989326904
0.577576026	0.422423974	0.8347234611	0.5979765682
0.578577007	0.421422993	0.8356965273	0.597022816
0.579577988	0.420422012	0.8366658751	0.596071427
0.580578969	0.419421031	0.8376315102	0.5951223946
0.5815799499	0.4184200501	0.8385934381	0.594175712
0.5825809309	0.4174190691	0.8395516645	0.5932313725
0.5835819119	0.4164180881	0.8405061951	0.5922893695
0.5845828929	0.4154171071	0.8414570355	0.5913496964
0.5855838739	0.4144161261	0.8424041915	0.5904123465
0.5865848549	0.4134151451	0.8433476689	0.5894773131
0.5875858358	0.4124141642	0.8442874735	0.5885445896
0.5885868168	0.4114131832	0.8452236112	0.5876141695
0.5895877978	0.4104122022	0.846156088	0.5866860461
0.5905887788	0.4094112212	0.8470849097	0.5857602129
0.5915897598	0.4084102402	0.8480100823	0.5848366634
0.5925907407	0.4074092593	0.8489316118	0.5839153908
0.5935917217	0.4064082783	0.8498495043	0.5829963889
0.5945927027	0.4054072973	0.8507637659	0.5820796509
0.5955936837	0.4044063163	0.8516744026	0.5811651705
0.5965946647	0.4034053353	0.8525814207	0.5802529411
0.5975956456	0.4024043544	0.8534848263	0.5793429562
0.5985966266	0.4014033734	0.8543846256	0.5784352094
0.5995976076	0.4004023924	0.8552808248	0.5775296943
0.6005985886	0.3994014114	0.8561734303	0.5766264044
0.6015995696	0.3984004304	0.8570624483	0.5757253333
0.6026005506	0.3973994494	0.8579478852	0.5748264746
0.6036015315	0.3963984685	0.8588297474	0.573929822
0.6046025125	0.3953974875	0.8597080412	0.5730353689
0.6056034935	0.3943965065	0.8605827731	0.5721431092
0.6066044745	0.3933955255	0.8614539494	0.5712530364
0.6076054555	0.3923945445	0.8623215768	0.5703651443
0.6086064364	0.3913935636	0.8631856617	0.5694794264
0.6096074174	0.3903925826	0.8640462106	0.5685958766
0.6106083984	0.3893916016	0.8649032301	0.5677144885
0.6116093794	0.3883906206	0.8657567268	0.5668352559
0.6126103604	0.3873896396	0.8666067073	0.5659581725
0.6136113413	0.3863886587	0.8674531782	0.5650832321
0.6146123223	0.3853876777	0.8682961462	0.5642104285
0.6156133033	0.3843866967	0.869135618	0.5633397554
0.6166142843	0.3833857157	0.8699716003	0.5624712068
0.6176152653	0.3823847347	0.8708040998	0.5616047763
0.6186162462	0.3813837538	0.8716331232	0.5607404579
0.6196172272	0.3803827728	0.8724586774	0.5598782453
0.6206182082	0.3793817918	0.8732807691	0.5590181326
0.6216191892	0.3783808108	0.8740994052	0.5581601135
0.6226201702	0.3773798298	0.8749145925	0.557304182
0.6236211512	0.3763788488	0.8757263379	0.556450332
0.6246221321	0.3753778679	0.8765346482	0.5555985574
0.6256231131	0.3743768869	0.8773395303	0.5547488522
0.6266240941	0.3733759059	0.8781409912	0.5539012103
0.6276250751	0.3723749249	0.8789390378	0.5530556257
0.6286260561	0.3713739439	0.8797336771	0.5522120925
0.629627037	0.370372963	0.880524916	0.5513706046
0.630628018	0.369371982	0.8813127616	0.5505311561
0.631628999	0.368371001	0.8820972208	0.549693741
0.63262998	0.36737002	0.8828783006	0.5488583534
0.633630961	0.366369039	0.8836560082	0.5480249873
0.6346319419	0.3653680581	0.8844303505	0.5471936369
0.6356329229	0.3643670771	0.8852013347	0.5463642962
0.6366339039	0.3633660961	0.8859689679	0.5455369594
0.6376348849	0.3623651151	0.886733257	0.5447116206
0.6386358659	0.3613641341	0.8874942094	0.543888274
0.6396368468	0.3603631532	0.8882518321	0.5430669137
0.6406378278	0.3593621722	0.8890061322	0.5422475339
0.6416388088	0.3583611912	0.889757117	0.5414301289
0.6426397898	0.3573602102	0.8905047936	0.5406146928
0.6436407708	0.3563592292	0.8912491691	0.5398012199
0.6446417518	0.3553582482	0.8919902509	0.5389897045
0.6456427327	0.3543572673	0.8927280461	0.5381801407
0.6466437137	0.3533562863	0.8934625619	0.5373725229
0.6476446947	0.3523553053	0.8941938056	0.5365668455
0.6486456757	0.3513543243	0.8949217845	0.5357631026
0.6496466567	0.3503533433	0.8956465057	0.5349612886
0.6506476376	0.3493523624	0.8963679766	0.5341613979
0.6516486186	0.3483513814	0.8970862045	0.5333634248
0.6526495996	0.3473504004	0.8978011966	0.5325673637
0.6536505806	0.3463494194	0.8985129603	0.531773209
0.6546515616	0.3453484384	0.8992215028	0.5309809552
0.6556525425	0.3443474575	0.8999268315	0.5301905965
0.6566535235	0.3433464765	0.9006289538	0.5294021276
0.6576545045	0.3423454955	0.9013278769	0.5286155427
0.6586554855	0.3413445145	0.9020236081	0.5278308365
0.6596564665	0.3403435335	0.902716155	0.5270480033
0.6606574474	0.3393425526	0.9034055248	0.5262670377
0.6616584284	0.3383415716	0.9040917248	0.5254879343
0.6626594094	0.3373405906	0.9047747626	0.5247106875
0.6636603904	0.3363396096	0.9054546454	0.5239352918
0.6646613714	0.3353386286	0.9061313806	0.5231617419
0.6656623524	0.3343376476	0.9068049757	0.5223900324
0.6666633333	0.3333366667	0.9074754381	0.5216201578
0.6676643143	0.3323356857	0.9081427751	0.5208521127
0.6686652953	0.3313347047	0.9088069941	0.5200858919
0.6696662763	0.3303337237	0.9094681027	0.5193214898
0.6706672573	0.3293327427	0.9101261082	0.5185589012
0.6716682382	0.3283317618	0.910781018	0.5177981208
0.6726692192	0.3273307808	0.9114328396	0.5170391432
0.6736702002	0.3263297998	0.9120815805	0.5162819632
0.6746711812	0.3253288188	0.912727248	0.5155265754
0.6756721622	0.3243278378	0.9133698496	0.5147729747
0.6766731431	0.3233268569	0.9140093928	0.5140211557
0.6776741241	0.3223258759	0.914645885	0.5132711132
0.6786751051	0.3213248949	0.9152793336	0.5125228421
0.6796760861	0.3203239139	0.9159097462	0.5117763371
0.6806770671	0.3193229329	0.9165371302	0.511031593
0.681678048	0.318321952	0.917161493	0.5102886047
0.682679029	0.317320971	0.9177828422	0.509547367
0.68368001	0.31631999	0.9184011851	0.5088078747
0.684680991	0.315319009	0.9190165293	0.5080701228
0.685681972	0.314318028	0.9196288822	0.5073341061
0.686682953	0.313317047	0.9202382512	0.5065998196
0.6876839339	0.3123160661	0.920844644	0.5058672581
0.6886849149	0.3113150851	0.9214480679	0.5051364167
0.6896858959	0.3103141041	0.9220485304	0.5044072902
0.6906868769	0.3093131231	0.922646039	0.5036798736
0.6916878579	0.3083121421	0.9232406011	0.5029541619
0.6926888388	0.3073111612	0.9238322243	0.5022301501
0.6936898198	0.3063101802	0.924420916	0.5015078333
0.6946908008	0.3053091992	0.9250066836	0.5007872064
0.6956917818	0.3043082182	0.9255895347	0.5000682644
0.6966927628	0.3033072372	0.9261694767	0.4993510026
0.6976937437	0.3023062563	0.9267465171	0.4986354158
0.6986947247	0.3013052753	0.9273206634	0.4979214993
0.6996957057	0.3003042943	0.927891923	0.4972092481
0.7006966867	0.2993033133	0.9284603034	0.4964986573
0.7016976677	0.2983023323	0.929025812	0.495789722
0.7026986486	0.2973013514	0.9295884563	0.4950824375
0.7036996296	0.2963003704	0.9301482438	0.4943767989
0.7047006106	0.2952993894	0.9307051819	0.4936728013
0.7057015916	0.2942984084	0.9312592781	0.49297044
0.7067025726	0.2932974274	0.9318105398	0.4922697101
0.7077035536	0.2922964464	0.9323589746	0.4915706069
0.7087045345	0.2912954655	0.9329045897	0.4908731257
0.7097055155	0.2902944845	0.9334473927	0.4901772616
0.7107064965	0.2892935035	0.933987391	0.4894830099
0.7117074775	0.2882925225	0.934524592	0.4887903659
0.7127084585	0.2872915415	0.9350590032	0.488099325
0.7137094394	0.2862905606	0.935590632	0.4874098824
0.7147104204	0.2852895796	0.9361194858	0.4867220334
0.7157114014	0.2842885986	0.936645572	0.4860357734
0.7167123824	0.2832876176	0.9371688981	0.4853510978
0.7177133634	0.2822866366	0.9376894714	0.4846680019
0.7187143443	0.2812856557	0.9382072994	0.483986481
0.7197153253	0.2802846747	0.9387223894	0.4833065307
0.7207163063	0.2792836937	0.9392347489	0.4826281462
0.7217172873	0.2782827127	0.9397443852	0.4819513231
0.7227182683	0.2772817317	0.9402513058	0.4812760567
0.7237192492	0.2762807508	0.9407555179	0.4806023426
0.7247202302	0.2752797698	0.941257029	0.4799301762
0.7257212112	0.2742787888	0.9417558465	0.4792595529
0.7267221922	0.2732778078	0.9422519776	0.4785904683
0.7277231732	0.2722768268	0.9427454298	0.4779229179
0.7287241542	0.2712758458	0.9432362104	0.4772568972
0.7297251351	0.2702748649	0.9437243268	0.4765924017
0.7307261161	0.2692738839	0.9442097862	0.475929427
0.7317270971	0.2682729029	0.944692596	0.4752679687
0.7327280781	0.2672719219	0.9451727636	0.4746080224
0.7337290591	0.2662709409	0.9456502962	0.4739495835
0.73473004	0.26526996	0.9461252011	0.4732926479
0.735731021	0.264268979	0.9465974857	0.472637211
0.736732002	0.263267998	0.9470671573	0.4719832685
0.737732983	0.262267017	0.9475342231	0.4713308161
0.738733964	0.261266036	0.9479986904	0.4706798494
0.7397349449	0.2602650551	0.9484605664	0.4700303641
0.7407359259	0.2592640741	0.9489198585	0.469382356
0.7417369069	0.2582630931	0.949376574	0.4687358206
0.7427378879	0.2572621121	0.9498307199	0.4680907537
0.7437388689	0.2562611311	0.9502823037	0.4674471511
0.7447398498	0.2552601502	0.9507313325	0.4668050085
0.7457408308	0.2542591692	0.9511778135	0.4661643216
0.7467418118	0.2532581882	0.951621754	0.4655250863
0.7477427928	0.2522572072	0.9520631611	0.4648872983
0.7487437738	0.2512562262	0.9525020421	0.4642509534
0.7497447548	0.2502552452	0.9529384042	0.4636160475
0.7507457357	0.2492542643	0.9533722545	0.4629825763
0.7517467167	0.2482532833	0.9538036002	0.4623505357
0.7527476977	0.2472523023	0.9542324484	0.4617199216
0.7537486787	0.2462513213	0.9546588064	0.4610907298
0.7547496597	0.2452503403	0.9550826813	0.4604629562
0.7557506406	0.2442493594	0.9555040801	0.4598365966
0.7567516216	0.2432483784	0.9559230101	0.4592116471
0.7577526026	0.2422473974	0.9563394783	0.4585881035
0.7587535836	0.2412464164	0.9567534919	0.4579659617
0.7597545646	0.2402454354	0.9571650579	0.4573452178
0.7607555455	0.2392444545	0.9575741834	0.4567258676
0.7617565265	0.2382434735	0.9579808756	0.4561079071
0.7627575075	0.2372424925	0.9583851414	0.4554913323
0.7637584885	0.2362415115	0.958786988	0.4548761392
0.7647594695	0.2352405305	0.9591864224	0.4542623239
0.7657604505	0.2342395495	0.9595834515	0.4536498822
0.7667614314	0.2332385686	0.9599780826	0.4530388104
0.7677624124	0.2322375876	0.9603703224	0.4524291044
0.7687633934	0.2312366066	0.9607601782	0.4518207602
0.7697643744	0.2302356256	0.9611476568	0.451213774
0.7707653554	0.2292346446	0.9615327653	0.4506081419
0.7717663363	0.2282336637	0.9619155106	0.4500038599
0.7727673173	0.2272326827	0.9622958997	0.4494009241
0.7737682983	0.2262317017	0.9626739395	0.4487993307
0.7747692793	0.2252307207	0.9630496371	0.4481990759
0.7757702603	0.2242297397	0.9634229992	0.4476001557
0.7767712412	0.2232287588	0.9637940329	0.4470025663
0.7777722222	0.2222277778	0.964162745	0.4464063039
0.7787732032	0.2212267968	0.9645291425	0.4458113647
0.7797741842	0.2202258158	0.9648932322	0.4452177448
0.7807751652	0.2192248348	0.9652550211	0.4446254406
0.7817761461	0.2182238539	0.9656145159	0.4440344482
0.7827771271	0.2172228729	0.9659717235	0.4434447638
0.7837781081	0.2162218919	0.9663266508	0.4428563837
0.7847790891	0.2152209109	0.9666793046	0.4422693042
0.7857800701	0.2142199299	0.9670296918	0.4416835215
0.7867810511	0.2132189489	0.967377819	0.4410990319
0.787782032	0.212217968	0.9677236932	0.4405158317
0.788783013	0.211216987	0.9680673211	0.4399339172
0.789783994	0.210216006	0.9684087095	0.4393532847
0.790784975	0.209215025	0.9687478651	0.4387739306
0.791785956	0.208214044	0.9690847947	0.4381958512
0.7927869369	0.2072130631	0.969419505	0.4376190429
0.7937879179	0.2062120821	0.9697520028	0.437043502
0.7947888989	0.2052111011	0.9700822947	0.4364692249
0.7957898799	0.2042101201	0.9704103875	0.435896208
0.7967908609	0.2032091391	0.9707362878	0.4353244477
0.7977918418	0.2022081582	0.9710600024	0.4347539404
0.7987928228	0.2012071772	0.9713815379	0.4341846825
0.7997938038	0.2002061962	0.9717009009	0.4336166705
0.8007947848	0.1992052152	0.9720180981	0.4330499008
0.8017957658	0.1982042342	0.9723331361	0.4324843699
0.8027967467	0.1972032533	0.9726460215	0.4319200742
0.8037977277	0.1962022723	0.972956761	0.4313570103
0.8047987087	0.1952012913	0.9732653611	0.4307951746
0.8057996897	0.1942003103	0.9735718283	0.4302345637
0.8068006707	0.1931993293	0.9738761693	0.429675174
0.8078016517	0.1921983483	0.9741783906	0.429117002
0.8088026326	0.1911973674	0.9744784988	0.4285600444
0.8098036136	0.1901963864	0.9747765004	0.4280042977
0.8108045946	0.1891954054	0.9750724018	0.4274497584
0.8118055756	0.1881944244	0.9753662096	0.4268964231
0.8128065566	0.1871934434	0.9756579303	0.4263442883
0.8138075375	0.1861924625	0.9759475703	0.4257933508
0.8148085185	0.1851914815	0.9762351362	0.425243607
0.8158094995	0.1841905005	0.9765206343	0.4246950537
0.8168104805	0.1831895195	0.9768040711	0.4241476874
0.8178114615	0.1821885385	0.9770854531	0.4236015047
0.8188124424	0.1811875576	0.9773647865	0.4230565024
0.8198134234	0.1801865766	0.9776420779	0.4225126771
0.8208144044	0.1791855956	0.9779173337	0.4219700254
0.8218153854	0.1781846146	0.9781905601	0.4214285441
0.8228163664	0.1771836336	0.9784617635	0.4208882298
0.8238173473	0.1761826527	0.9787309503	0.4203490792
0.8248183283	0.1751816717	0.9789981269	0.4198110891
0.8258193093	0.1741806907	0.9792632995	0.4192742561
0.8268202903	0.1731797097	0.9795264744	0.4187385771
0.8278212713	0.1721787287	0.979787658	0.4182040487
0.8288222523	0.1711777477	0.9800468565	0.4176706678
0.8298232332	0.1701767668	0.9803040762	0.417138431
0.8308242142	0.1691757858	0.9805593233	0.4166073352
0.8318251952	0.1681748048	0.9808126041	0.4160773772
0.8328261762	0.1671738238	0.9810639248	0.4155485537
0.8338271572	0.1661728428	0.9813132916	0.4150208616
0.8348281381	0.1651718619	0.9815607107	0.4144942976
0.8358291191	0.1641708809	0.9818061882	0.4139688587
0.8368301001	0.1631698999	0.9820497305	0.4134445416
0.8378310811	0.1621689189	0.9822913436	0.4129213432
0.8388320621	0.1611679379	0.9825310336	0.4123992604
0.839833043	0.160166957	0.9827688068	0.4118782901
0.840834024	0.159165976	0.9830046691	0.411358429
0.841835005	0.158164995	0.9832386268	0.4108396742
0.842835986	0.157164014	0.9834706859	0.4103220225
0.843836967	0.156163033	0.9837008525	0.4098054708
0.8448379479	0.1551620521	0.9839291326	0.409290016
0.8458389289	0.1541610711	0.9841555324	0.4087756551
0.8468399099	0.1531600901	0.9843800578	0.4082623851
0.8478408909	0.1521591091	0.9846027148	0.4077502028
0.8488418719	0.1511581281	0.9848235095	0.4072391053
0.8498428529	0.1501571471	0.9850424479	0.4067290895
0.8508438338	0.1491561662	0.9852595359	0.4062201523
0.8518448148	0.1481551852	0.9854747796	0.4057122909
0.8528457958	0.1471542042	0.9856881848	0.4052055021
0.8538467768	0.1461532232	0.9858997575	0.404699783
0.8548477578	0.1451522422	0.9861095036	0.4041951306
0.8558487387	0.1441512613	0.9863174292	0.403691542
0.8568497197	0.1431502803	0.9865235399	0.4031890142
0.8578507007	0.1421492993	0.9867278418	0.4026875441
0.8588516817	0.1411483183	0.9869303407	0.402187129
0.8598526627	0.1401473373	0.9871310425	0.4016877659
0.8608536436	0.1391463564	0.987329953	0.4011894517
0.8618546246	0.1381453754	0.987527078	0.4006921838
0.8628556056	0.1371443944	0.9877224234	0.400195959
0.8638565866	0.1361434134	0.9879159949	0.3997007745
0.8648575676	0.1351424324	0.9881077984	0.3992066276
0.8658585485	0.1341414515	0.9882978396	0.3987135151
0.8668595295	0.1331404705	0.9884861243	0.3982214344
0.8678605105	0.1321394895	0.9886726582	0.3977303826
0.8688614915	0.1311385085	0.9888574472	0.3972403567
0.8698624725	0.1301375275	0.9890404968	0.396751354
0.8708634535	0.1291365465	0.9892218128	0.3962633716
0.8718644344	0.1281355656	0.9894014009	0.3957764068
0.8728654154	0.1271345846	0.9895792667	0.3952904567
0.8738663964	0.1261336036	0.989755416	0.3948055184
0.8748673774	0.1251326226	0.9899298544	0.3943215893
0.8758683584	0.1241316416	0.9901025875	0.3938386666
0.8768693393	0.1231306607	0.990273621	0.3933567473
0.8778703203	0.1221296797	0.9904429604	0.3928758289
0.8788713013	0.1211286987	0.9906106114	0.3923959085
0.8798722823	0.1201277177	0.9907765795	0.3919169834
0.8808732633	0.1191267367	0.9909408703	0.3914390509
0.8818742442	0.1181257558	0.9911034894	0.3909621082
0.8828752252	0.1171247748	0.9912644423	0.3904861526
0.8838762062	0.1161237938	0.9914237345	0.3900111814
0.8848771872	0.1151228128	0.9915813716	0.3895371918
0.8858781682	0.1141218318	0.991737359	0.3890641813
0.8868791491	0.1131208509	0.9918917023	0.3885921471
0.8878801301	0.1121198699	0.9920444068	0.3881210865
0.8888811111	0.1111188889	0.9921954781	0.3876509968
0.8898820921	0.1101179079	0.9923449217	0.3871818755
0.8908830731	0.1091169269	0.9924927428	0.3867137199
0.8918840541	0.1081159459	0.992638947	0.3862465272
0.892885035	0.107114965	0.9927835397	0.3857802949
0.893886016	0.106113984	0.9929265262	0.3853150204
0.894886997	0.105113003	0.993067912	0.384850701
0.895887978	0.104112022	0.9932077023	0.3843873342
0.896888959	0.103111041	0.9933459026	0.3839249173
0.8978899399	0.1021100601	0.9934825181	0.3834634477
0.8988909209	0.1011090791	0.9936175542	0.3830029229
0.8998919019	0.1001080981	0.9937510163	0.3825433402
0.9008928829	0.09910711712	0.9938829095	0.3820846972
0.9018938639	0.09810613614	0.9940132392	0.3816269912
0.9028948448	0.09710515516	0.9941420107	0.3811702198
0.9038958258	0.09610417417	0.9942692291	0.3807143803
0.9048968068	0.09510319319	0.9943948998	0.3802594702
0.9058977878	0.09410221221	0.9945190279	0.379805487
0.9068987688	0.09310123123	0.9946416188	0.3793524282
0.9078997497	0.09210025025	0.9947626774	0.3789002914
0.9089007307	0.09109926927	0.9948822092	0.3784490738
0.9099017117	0.09009828829	0.9950002192	0.3779987732
0.9109026927	0.08909730731	0.9951167125	0.377549387
0.9119036737	0.08809632633	0.9952316944	0.3771009127
0.9129046547	0.08709534535	0.9953451699	0.3766533478
0.9139056356	0.08609436436	0.9954571443	0.37620669
0.9149066166	0.08509338338	0.9955676225	0.3757609367
0.9159075976	0.0840924024	0.9956766096	0.3753160855
0.9169085786	0.08309142142	0.9957841108	0.3748721339
0.9179095596	0.08209044044	0.9958901312	0.3744290796
0.9189105405	0.08108945946	0.9959946757	0.3739869201
0.9199115215	0.08008847848	0.9960977494	0.373545653
0.9209125025	0.0790874975	0.9961993573	0.3731052758
0.9219134835	0.07808651652	0.9962995044	0.3726657863
0.9229144645	0.07708553554	0.9963981958	0.372227182
0.9239154454	0.07608455455	0.9964954363	0.3717894604
0.9249164264	0.07508357357	0.9965912311	0.3713526193
0.9259174074	0.07408259259	0.9966855849	0.3709166563
0.9269183884	0.07308161161	0.9967785029	0.370481569
0.9279193694	0.07208063063	0.9968699898	0.3700473551
0.9289203504	0.07107964965	0.9969600507	0.3696140122
0.9299213313	0.07007866867	0.9970486904	0.3691815379
0.9309223123	0.06907768769	0.9971359138	0.3687499301
0.9319232933	0.06807670671	0.9972217258	0.3683191862
0.9329242743	0.06707572573	0.9973061312	0.367889304
0.9339252553	0.06607474474	0.9973891349	0.3674602813
0.9349262362	0.06507376376	0.9974707418	0.3670321156
0.9359272172	0.06407278278	0.9975509566	0.3666048048
0.9369281982	0.0630718018	0.9976297842	0.3661783465
0.9379291792	0.06207082082	0.9977072293	0.3657527384
0.9389301602	0.06106983984	0.9977832968	0.3653279783
0.9399311411	0.06006885886	0.9978579914	0.3649040639
0.9409321221	0.05906787788	0.9979313178	0.364480993
0.9419331031	0.0580668969	0.9980032809	0.3640587632
0.9429340841	0.05706591592	0.9980738854	0.3636373725
0.9439350651	0.05606493493	0.9981431358	0.3632168184
0.944936046	0.05506395395	0.9982110371	0.3627970989
0.945937027	0.05406297297	0.9982775938	0.3623782116
0.946938008	0.05306199199	0.9983428107	0.3619601544
0.947938989	0.05206101101	0.9984066923	0.3615429251
0.94893997	0.05106003003	0.9984692435	0.3611265214
0.949940951	0.05005904905	0.9985304687	0.3607109412
0.9509419319	0.04905806807	0.9985903726	0.3602961823
0.9519429129	0.04805708709	0.9986489599	0.3598822424
0.9529438939	0.04705610611	0.9987062351	0.3594691195
0.9539448749	0.04605512513	0.9987622028	0.3590568114
0.9549458559	0.04505414414	0.9988168676	0.3586453159
0.9559468368	0.04405316316	0.9988702341	0.3582346308
0.9569478178	0.04305218218	0.9989223068	0.357824754
0.9579487988	0.0420512012	0.9989730903	0.3574156835
0.9589497798	0.04105022022	0.999022589	0.3570074169
0.9599507608	0.04004923924	0.9990708075	0.3565999523
0.9609517417	0.03904825826	0.9991177502	0.3561932875
0.9619527227	0.03804727728	0.9991634218	0.3557874203
0.9629537037	0.0370462963	0.9992078266	0.3553823488
0.9639546847	0.03604531532	0.999250969	0.3549780708
0.9649556657	0.03504433433	0.9992928536	0.3545745841
0.9659566466	0.03404335335	0.9993334848	0.3541718868
0.9669576276	0.03304237237	0.999372867	0.3537699767
0.9679586086	0.03204139139	0.9994110046	0.3533688518
0.9689595896	0.03104041041	0.9994479021	0.35296851
0.9699605706	0.03003942943	0.9994835637	0.3525689492
0.9709615516	0.02903844845	0.9995179938	0.3521701674
0.9719625325	0.02803746747	0.9995511969	0.3517721626
0.9729635135	0.02703648649	0.9995831773	0.3513749327
0.9739644945	0.02603550551	0.9996139393	0.3509784757
0.9749654755	0.02503452452	0.9996434872	0.3505827896
0.9759664565	0.02403354354	0.9996718253	0.3501878722
0.9769674374	0.02303256256	0.999698958	0.3497937218
0.9779684184	0.02203158158	0.9997248895	0.3494003361
0.9789693994	0.0210306006	0.999749624	0.3490077132
0.9799703804	0.02002961962	0.999773166	0.3486158512
0.9809713614	0.01902863864	0.9997955195	0.348224748
0.9819723423	0.01802765766	0.9998166888	0.3478344017
0.9829733233	0.01702667668	0.9998366782	0.3474448103
0.9839743043	0.0160256957	0.9998554919	0.3470559718
0.9849752853	0.01502471471	0.9998731341	0.3466678842
0.9859762663	0.01402373373	0.9998896088	0.3462805456
0.9869772472	0.01302275275	0.9999049205	0.3458939541
0.9879782282	0.01202177177	0.9999190731	0.3455081077
0.9889792092	0.01102079079	0.9999320708	0.3451230045
0.9899801902	0.01001980981	0.9999439178	0.3447386424
0.9909811712	0.009018828829	0.9999546183	0.3443550197
0.9919821522	0.008017847848	0.9999641762	0.3439721344
0.9929831331	0.007016866867	0.9999725958	0.3435899846
0.9939841141	0.006015885886	0.999979881	0.3432085683
0.9949850951	0.005014904905	0.9999860361	0.3428278838
0.9959860761	0.004013923924	0.999991065	0.3424479289
0.9969870571	0.003012942943	0.9999949718	0.342068702
0.997988038	0.002011961962	0.9999977605	0.3416902011
0.998989019	0.001010980981	0.9999994352	0.3413124243
0.99999	1e-05	0.9999999999	0.3409353697
