1e-05	0.99999	48106.91483	1.000000028
0.001010980981	0.998989019	28155.68142	1.000271026
0.002011961962	0.997988038	16996.1237	1.001033167
0.003012942943	0.9969870571	10557.9853	1.002232045
0.004013923924	0.9959860761	6735.489541	1.003819546
0.005014904905	0.9949850951	4404.55563	1.005752981
0.006015885886	0.9939841141	2947.391395	1.007994368
0.007016866867	0.9929831331	2015.102541	1.010509814
0.008017847848	0.9919821522	1405.586322	1.013269003
0.009018828829	0.9909811712	998.9581356	1.016244748
0.01001980981	0.9899801902	722.5049247	1.019412615
0.01102079079	0.9889792092	531.1950988	1.0227506
0.01202177177	0.9879782282	396.5890224	1.026238846
0.01302275275	0.9869772472	300.3921392	1.029859402
0.01402373373	0.9859762663	230.6304469	1.033596013
0.01502471471	0.9849752853	179.337943	1.037433937
0.0160256957	0.9839743043	141.1329018	1.041359784
0.01702667668	0.9829733233	112.3263245	1.04536138
0.01802765766	0.9819723423	90.35458968	1.049427637
0.01902863864	0.9809713614	73.4128729	1.053548449
0.02002961962	0.9799703804	60.21484767	1.057714597
0.0210306006	0.9789693994	49.83299504	1.061917661
0.02203158158	0.9779684184	41.59109393	1.066149946
0.02303256256	0.9769674374	34.99094266	1.070404415
0.02403354354	0.9759664565	29.66182256	1.074674629
0.02503452452	0.9749654755	25.32525397	1.078954694
0.02603550551	0.9739644945	21.77015428	1.083239212
0.02703648649	0.9729635135	18.83514914	1.087523237
0.02803746747	0.9719625325	16.39585473	1.09180224
0.02903844845	0.9709615516	14.3556491	1.096072069
0.03003942943	0.9699605706	12.63891599	1.100328923
0.03104041041	0.9689595896	11.18605675	1.104569317
0.03204139139	0.9679586086	9.949777812	1.108790063
0.03304237237	0.9669576276	8.892306095	1.112988241
0.03404335335	0.9659566466	7.983284775	1.117161179
0.03504433433	0.9649556657	7.198171972	1.121306438
0.03604531532	0.9639546847	6.517013753	1.125421786
0.0370462963	0.9629537037	5.923497805	1.129505189
0.03804727728	0.9619527227	5.404218977	1.133554793
0.03904825826	0.9609517417	4.948105808	1.137568911
0.04004923924	0.9599507608	4.545970149	1.141546011
0.04105022022	0.9589497798	4.190151478	1.145484703
0.0420512012	0.9579487988	3.874234481	1.149383731
0.04305218218	0.9569478178	3.59282366	1.15324196
0.04405316316	0.9559468368	3.341362533	1.157058371
0.04505414414	0.9549458559	3.115987926	1.16083205
0.04605512513	0.9539448749	2.913411987	1.164562182
0.04705610611	0.9529438939	2.73082623	1.168248042
0.04805708709	0.9519429129	2.565823148	1.171888991
0.04905806807	0.9509419319	2.416331923	1.17548447
0.05005904905	0.949940951	2.280565476	1.179033989
0.05106003003	0.94893997	2.156976689	1.182537132
0.05206101101	0.947938989	2.044222082	1.185993541
0.05306199199	0.946938008	1.941131547	1.18940292
0.05406297297	0.945937027	1.846683067	1.192765029
0.05506395395	0.944936046	1.759981499	1.196079675
0.05606493493	0.9439350651	1.68024073	1.199346715
0.05706591592	0.9429340841	1.606768611	1.202566051
0.0580668969	0.9419331031	1.5389542	1.205737625
0.05906787788	0.9409321221	1.476256929	1.208861415
0.06006885886	0.9399311411	1.418197375	1.211937439
0.06106983984	0.9389301602	1.364349375	1.214965744
0.06207082082	0.9379291792	1.314333281	1.217946409
0.0630718018	0.9369281982	1.267810153	1.220879542
0.06407278278	0.9359272172	1.224476775	1.223765278
0.06507376376	0.9349262362	1.184061341	1.226603773
0.06607474474	0.9339252553	1.146319726	1.229395209
0.06707572573	0.9329242743	1.111032257	1.232139789
0.06807670671	0.9319232933	1.078000894	1.234837733
0.06907768769	0.9309223123	1.047046785	1.237489282
0.07007866867	0.9299213313	1.018008129	1.24009469
0.07107964965	0.9289203504	0.9907382988	1.24265423
0.07208063063	0.9279193694	0.9651042038	1.245168186
0.07308161161	0.9269183884	0.9409848471	1.247636858
0.07408259259	0.9259174074	0.9182700561	1.250060555
0.07508357357	0.9249164264	0.896859363	1.252439598
0.07608455455	0.9239154454	0.8766610154	1.254774318
0.07708553554	0.9229144645	0.8575911006	1.257065056
0.07808651652	0.9219134835	0.8395727691	1.25931216
0.0790874975	0.9209125025	0.8225355447	1.261515986
0.08008847848	0.9199115215	0.8064147102	1.263676896
0.08108945946	0.9189105405	0.7911507609	1.265795259
0.08209044044	0.9179095596	0.7766889158	1.26787145
0.08309142142	0.9169085786	0.7629786809	1.269905848
0.0840924024	0.9159075976	0.7499734582	1.271898835
0.08509338338	0.9149066166	0.7376301951	1.2738508
0.08609436436	0.9139056356	0.7259090692	1.275762131
0.08709534535	0.9129046547	0.7147732054	1.277633223
0.08809632633	0.9119036737	0.7041884205	1.279464472
0.08909730731	0.9109026927	0.6941229934	1.281256274
0.09009828829	0.9099017117	0.6845474571	1.283009028
0.09109926927	0.9089007307	0.6754344111	1.284723136
0.09210025025	0.9078997497	0.6667583509	1.286398998
0.09310123123	0.9068987688	0.6584955147	1.288037016
0.09410221221	0.9058977878	0.6506237426	1.289637592
0.09510319319	0.9048968068	0.6431223499	1.291201128
0.09610417417	0.9038958258	0.6359720116	1.292728026
0.09710515516	0.9028948448	0.6291546567	1.294218688
0.09810613614	0.9018938639	0.6226533727	1.295673513
0.09910711712	0.9008928829	0.6164523173	1.297092901
0.1001080981	0.8998919019	0.6105366391	1.298477252
0.1011090791	0.8988909209	0.6048924037	1.299826961
0.1021100601	0.8978899399	0.599506527	1.301142425
0.103111041	0.896888959	0.5943667137	1.302424038
0.104112022	0.895887978	0.589461401	1.303672193
0.105113003	0.894886997	0.5847797066	1.304887278
0.106113984	0.893886016	0.5803113813	1.306069683
0.107114965	0.892885035	0.5760467653	1.307219795
0.1081159459	0.8918840541	0.5719767475	1.308337995
0.1091169269	0.8908830731	0.568092729	1.309424667
0.1101179079	0.8898820921	0.5643865883	1.310480188
0.1111188889	0.8888811111	0.5608506497	1.311504935
0.1121198699	0.8878801301	0.5574776544	1.312499283
0.1131208509	0.8868791491	0.5542607333	1.313463601
0.1141218318	0.8858781682	0.5511933818	1.314398258
0.1151228128	0.8848771872	0.5482694368	1.315303619
0.1161237938	0.8838762062	0.5454830554	1.316180047
0.1171247748	0.8828752252	0.5428286946	1.317027902
0.1181257558	0.8818742442	0.5403010929	1.317847538
0.1191267367	0.8808732633	0.5378952535	1.318639311
0.1201277177	0.8798722823	0.5356064278	1.31940357
0.1211286987	0.8788713013	0.5334301007	1.320140662
0.1221296797	0.8778703203	0.531361977	1.320850932
0.1231306607	0.8768693393	0.5293979682	1.321534721
0.1241316416	0.8758683584	0.5275341807	1.322192365
0.1251326226	0.8748673774	0.5257669042	1.322824201
0.1261336036	0.8738663964	0.524092602	1.323430558
0.1271345846	0.8728654154	0.5225079003	1.324011765
0.1281355656	0.8718644344	0.5210095797	1.324568147
0.1291365465	0.8708634535	0.5195945663	1.325100026
0.1301375275	0.8698624725	0.5182599241	1.325607719
0.1311385085	0.8688614915	0.517002847	1.326091542
0.1321394895	0.8678605105	0.5158206522	1.326551807
0.1331404705	0.8668595295	0.5147107732	1.326988822
0.1341414515	0.8658585485	0.5136707543	1.327402892
0.1351424324	0.8648575676	0.5126982439	1.32779432
0.1361434134	0.8638565866	0.51179099	1.328163404
0.1371443944	0.8628556056	0.5109468342	1.328510441
0.1381453754	0.8618546246	0.5101637077	1.328835722
0.1391463564	0.8608536436	0.5094396261	1.329139537
0.1401473373	0.8598526627	0.5087726857	1.329422171
0.1411483183	0.8588516817	0.5081610591	1.329683908
0.1421492993	0.8578507007	0.5076029916	1.329925028
0.1431502803	0.8568497197	0.5070967975	1.330145806
0.1441512613	0.8558487387	0.5066408571	1.330346517
0.1451522422	0.8548477578	0.5062336131	1.33052743
0.1461532232	0.8538467768	0.5058735679	1.330688813
0.1471542042	0.8528457958	0.5055592806	1.33083093
0.1481551852	0.8518448148	0.5052893645	1.330954042
0.1491561662	0.8508438338	0.5050624846	1.331058408
0.1501571471	0.8498428529	0.5048773549	1.331144281
0.1511581281	0.8488418719	0.5047327364	1.331211916
0.1521591091	0.8478408909	0.5046274352	1.33126156
0.1531600901	0.8468399099	0.5045603	1.331293459
0.1541610711	0.8458389289	0.5045302204	1.331307858
0.1551620521	0.8448379479	0.5045361252	1.331304997
0.156163033	0.843836967	0.5045769806	1.331285112
0.157164014	0.842835986	0.5046517883	1.331248439
0.158164995	0.841835005	0.5047595846	1.331195211
0.159165976	0.840834024	0.5048994382	1.331125655
0.160166957	0.839833043	0.5050704494	1.331039998
0.1611679379	0.8388320621	0.5052717482	1.330938464
0.1621689189	0.8378310811	0.5055024938	1.330821274
0.1631698999	0.8368301001	0.5057618726	1.330688645
0.1641708809	0.8358291191	0.5060490977	1.330540795
0.1651718619	0.8348281381	0.5063634073	1.330377934
0.1661728428	0.8338271572	0.5067040641	1.330200275
0.1671738238	0.8328261762	0.5070703541	1.330008024
0.1681748048	0.8318251952	0.5074615858	1.329801387
0.1691757858	0.8308242142	0.507877089	1.329580566
0.1701767668	0.8298232332	0.5083162144	1.329345762
0.1711777477	0.8288222523	0.5087783325	1.329097172
0.1721787287	0.8278212713	0.5092628328	1.328834991
0.1731797097	0.8268202903	0.5097691233	1.328559413
0.1741806907	0.8258193093	0.5102966297	1.328270627
0.1751816717	0.8248183283	0.5108447946	1.327968822
0.1761826527	0.8238173473	0.5114130768	1.327654184
0.1771836336	0.8228163664	0.5120009512	1.327326895
0.1781846146	0.8218153854	0.5126079076	1.326987137
0.1791855956	0.8208144044	0.5132334506	1.326635089
0.1801865766	0.8198134234	0.5138770987	1.326270928
0.1811875576	0.8188124424	0.514538384	1.325894826
0.1821885385	0.8178114615	0.5152168518	1.325506958
0.1831895195	0.8168104805	0.5159120599	1.325107492
0.1841905005	0.8158094995	0.5166235783	1.324696598
0.1851914815	0.8148085185	0.5173509888	1.324274439
0.1861924625	0.8138075375	0.5180938843	1.323841181
0.1871934434	0.8128065566	0.518851869	1.323396984
0.1881944244	0.8118055756	0.5196245573	1.322942008
0.1891954054	0.8108045946	0.5204115741	1.322476411
0.1901963864	0.8098036136	0.521212554	1.322000348
0.1911973674	0.8088026326	0.5220271412	1.321513973
0.1921983483	0.8078016517	0.5228549889	1.321017437
0.1931993293	0.8068006707	0.5236957596	1.32051089
0.1942003103	0.8057996897	0.524549124	1.31999448
0.1952012913	0.8047987087	0.5254147614	1.319468353
0.1962022723	0.8037977277	0.5262923591	1.318932652
0.1972032533	0.8027967467	0.5271816121	1.31838752
0.1982042342	0.8017957658	0.528082223	1.317833098
0.1992052152	0.8007947848	0.5289939018	1.317269523
0.2002061962	0.7997938038	0.5299163656	1.316696933
0.2012071772	0.7987928228	0.5308493381	1.316115463
0.2022081582	0.7977918418	0.53179255	1.315525246
0.2032091391	0.7967908609	0.5327457383	1.314926413
0.2042101201	0.7957898799	0.533708646	1.314319096
0.2052111011	0.7947888989	0.5346810227	1.313703421
0.2062120821	0.7937879179	0.5356626233	1.313079517
0.2072130631	0.7927869369	0.5366532087	1.312447506
0.208214044	0.791785956	0.5376525455	1.311807515
0.209215025	0.790784975	0.5386604052	1.311159663
0.210216006	0.789783994	0.539676565	1.310504071
0.211216987	0.788783013	0.5407008067	1.309840859
0.212217968	0.787782032	0.5417329175	1.309170143
0.2132189489	0.7867810511	0.5427726889	1.308492039
0.2142199299	0.7857800701	0.5438199173	1.307806661
0.2152209109	0.7847790891	0.5448744037	1.307114122
0.2162218919	0.7837781081	0.5459359532	1.306414534
0.2172228729	0.7827771271	0.5470043754	1.305708006
0.2182238539	0.7817761461	0.5480794838	1.304994647
0.2192248348	0.7807751652	0.5491610961	1.304274563
0.2202258158	0.7797741842	0.550249034	1.303547862
0.2212267968	0.7787732032	0.5513431228	1.302814646
0.2222277778	0.7777722222	0.5524431916	1.302075019
0.2232287588	0.7767712412	0.5535490731	1.301329083
0.2242297397	0.7757702603	0.5546606036	1.300576938
0.2252307207	0.7747692793	0.5557776226	1.299818683
0.2262317017	0.7737682983	0.5568999731	1.299054416
0.2272326827	0.7727673173	0.5580275014	1.298284234
0.2282336637	0.7717663363	0.5591600569	1.297508231
0.2292346446	0.7707653554	0.5602974919	1.296726503
0.2302356256	0.7697643744	0.561439662	1.295939141
0.2312366066	0.7687633934	0.5625864255	1.295146237
0.2322375876	0.7677624124	0.5637376437	1.294347883
0.2332385686	0.7667614314	0.5648931805	1.293544167
0.2342395495	0.7657604505	0.5660529028	1.292735178
0.2352405305	0.7647594695	0.5672166798	1.291921002
0.2362415115	0.7637584885	0.5683843836	1.291101726
0.2372424925	0.7627575075	0.5695558886	1.290277434
0.2382434735	0.7617565265	0.5707310717	1.28944821
0.2392444545	0.7607555455	0.5719098123	1.288614137
0.2402454354	0.7597545646	0.573091992	1.287775296
0.2412464164	0.7587535836	0.5742774948	1.286931768
0.2422473974	0.7577526026	0.5754662068	1.286083633
0.2432483784	0.7567516216	0.5766580165	1.285230968
0.2442493594	0.7557506406	0.5778528144	1.284373852
0.2452503403	0.7547496597	0.5790504929	1.28351236
0.2462513213	0.7537486787	0.5802509468	1.282646569
0.2472523023	0.7527476977	0.5814540726	1.281776552
0.2482532833	0.7517467167	0.5826597689	1.280902384
0.2492542643	0.7507457357	0.5838679361	1.280024136
0.2502552452	0.7497447548	0.5850784765	1.279141882
0.2512562262	0.7487437738	0.5862912942	1.27825569
0.2522572072	0.7477427928	0.5875062951	1.277365632
0.2532581882	0.7467418118	0.5887233868	1.276471776
0.2542591692	0.7457408308	0.5899424786	1.275574189
0.2552601502	0.7447398498	0.5911634816	1.274672941
0.2562611311	0.7437388689	0.5923863083	1.273768095
0.2572621121	0.7427378879	0.5936108729	1.272859719
0.2582630931	0.7417369069	0.5948370912	1.271947876
0.2592640741	0.7407359259	0.5960648805	1.271032631
0.2602650551	0.7397349449	0.5972941595	1.270114046
0.261266036	0.738733964	0.5985248484	1.269192184
0.262267017	0.737732983	0.599756869	1.268267105
0.263267998	0.736732002	0.6009901444	1.26733887
0.264268979	0.735731021	0.6022245988	1.26640754
0.26526996	0.73473004	0.6034601583	1.265473173
0.2662709409	0.7337290591	0.6046967497	1.264535827
0.2672719219	0.7327280781	0.6059343016	1.263595559
0.2682729029	0.7317270971	0.6071727436	1.262652428
0.2692738839	0.7307261161	0.6084120067	1.261706487
0.2702748649	0.7297251351	0.6096520228	1.260757794
0.2712758458	0.7287241542	0.6108927255	1.259806401
0.2722768268	0.7277231732	0.612134049	1.258852364
0.2732778078	0.7267221922	0.6133759291	1.257895735
0.2742787888	0.7257212112	0.6146183025	1.256936567
0.2752797698	0.7247202302	0.6158611071	1.255974911
0.2762807508	0.7237192492	0.6171042818	1.25501082
0.2772817317	0.7227182683	0.6183477665	1.254044342
0.2782827127	0.7217172873	0.6195915025	1.253075528
0.2792836937	0.7207163063	0.6208354316	1.252104428
0.2802846747	0.7197153253	0.6220794969	1.251131089
0.2812856557	0.7187143443	0.6233236426	1.25015556
0.2822866366	0.7177133634	0.6245678136	1.249177887
0.2832876176	0.7167123824	0.6258119558	1.248198119
0.2842885986	0.7157114014	0.6270560162	1.2472163
0.2852895796	0.7147104204	0.6282999426	1.246232475
0.2862905606	0.7137094394	0.6295436837	1.245246691
0.2872915415	0.7127084585	0.6307871889	1.244258992
0.2882925225	0.7117074775	0.6320304089	1.24326942
0.2892935035	0.7107064965	0.6332732948	1.242278019
0.2902944845	0.7097055155	0.6345157988	1.241284832
0.2912954655	0.7087045345	0.6357578739	1.240289901
0.2922964464	0.7077035536	0.6369994738	1.239293268
0.2932974274	0.7067025726	0.638240553	1.238294972
0.2942984084	0.7057015916	0.6394810669	1.237295056
0.2952993894	0.7047006106	0.6407209715	1.236293558
0.2963003704	0.7036996296	0.6419602237	1.235290518
0.2973013514	0.7026986486	0.643198781	1.234285975
0.2983023323	0.7016976677	0.6444366018	1.233279968
0.2993033133	0.7006966867	0.645673645	1.232272533
0.3003042943	0.6996957057	0.6469098704	1.231263709
0.3013052753	0.6986947247	0.6481452383	1.230253533
0.3023062563	0.6976937437	0.6493797099	1.229242041
0.3033072372	0.6966927628	0.6506132468	1.228229268
0.3043082182	0.6956917818	0.6518458115	1.227215251
0.3053091992	0.6946908008	0.653077367	1.226200025
0.3063101802	0.6936898198	0.6543078769	1.225183623
0.3073111612	0.6926888388	0.6555373056	1.22416608
0.3083121421	0.6916878579	0.656765618	1.22314743
0.3093131231	0.6906868769	0.6579927796	1.222127706
0.3103141041	0.6896858959	0.6592187564	1.221106941
0.3113150851	0.6886849149	0.6604435152	1.220085167
0.3123160661	0.6876839339	0.6616670232	1.219062416
0.313317047	0.686682953	0.6628892482	1.218038719
0.314318028	0.685681972	0.6641101587	1.217014108
0.315319009	0.684680991	0.6653297235	1.215988614
0.31631999	0.68368001	0.666547912	1.214962266
0.317320971	0.682679029	0.6677646944	1.213935096
0.318321952	0.681678048	0.668980041	1.212907131
0.3193229329	0.6806770671	0.670193923	1.211878401
0.3203239139	0.6796760861	0.6714063118	1.210848936
0.3213248949	0.6786751051	0.6726171795	1.209818763
0.3223258759	0.6776741241	0.6738264986	1.20878791
0.3233268569	0.6766731431	0.675034242	1.207756406
0.3243278378	0.6756721622	0.6762403833	1.206724277
0.3253288188	0.6746711812	0.6774448964	1.20569155
0.3263297998	0.6736702002	0.6786477556	1.204658252
0.3273307808	0.6726692192	0.6798489359	1.203624409
0.3283317618	0.6716682382	0.6810484125	1.202590047
0.3293327427	0.6706672573	0.6822461611	1.201555191
0.3303337237	0.6696662763	0.6834421579	1.200519867
0.3313347047	0.6686652953	0.6846363795	1.199484099
0.3323356857	0.6676643143	0.6858288029	1.198447913
0.3333366667	0.6666633333	0.6870194056	1.197411331
0.3343376476	0.6656623524	0.6882081652	1.196374379
0.3353386286	0.6646613714	0.6893950602	1.195337079
0.3363396096	0.6636603904	0.690580069	1.194299455
0.3373405906	0.6626594094	0.6917631708	1.19326153
0.3383415716	0.6616584284	0.6929443448	1.192223326
0.3393425526	0.6606574474	0.6941235709	1.191184867
0.3403435335	0.6596564665	0.6953008293	1.190146173
0.3413445145	0.6586554855	0.6964761003	1.189107266
0.3423454955	0.6576545045	0.6976493649	1.188068169
0.3433464765	0.6566535235	0.6988206043	1.187028902
0.3443474575	0.6556525425	0.6999898001	1.185989487
0.3453484384	0.6546515616	0.7011569342	1.184949942
0.3463494194	0.6536505806	0.7023219889	1.18391029
0.3473504004	0.6526495996	0.7034849467	1.182870551
0.3483513814	0.6516486186	0.7046457906	1.181830743
0.3493523624	0.6506476376	0.7058045038	1.180790886
0.3503533433	0.6496466567	0.7069610699	1.179751001
0.3513543243	0.6486456757	0.7081154728	1.178711105
0.3523553053	0.6476446947	0.7092676966	1.177671217
0.3533562863	0.6466437137	0.710417726	1.176631357
0.3543572673	0.6456427327	0.7115655457	1.175591542
0.3553582482	0.6446417518	0.7127111407	1.17455179
0.3563592292	0.6436407708	0.7138544966	1.173512119
0.3573602102	0.6426397898	0.7149955989	1.172472547
0.3583611912	0.6416388088	0.7161344338	1.171433091
0.3593621722	0.6406378278	0.7172709873	1.170393767
0.3603631532	0.6396368468	0.7184052461	1.169354594
0.3613641341	0.6386358659	0.719537197	1.168315586
0.3623651151	0.6376348849	0.7206668271	1.167276761
0.3633660961	0.6366339039	0.7217941237	1.166238135
0.3643670771	0.6356329229	0.7229190743	1.165199724
0.3653680581	0.6346319419	0.724041667	1.164161543
0.366369039	0.633630961	0.7251618898	1.163123608
0.36737002	0.63262998	0.726279731	1.162085935
0.368371001	0.631628999	0.7273951794	1.161048537
0.369371982	0.630628018	0.7285082237	1.160011431
0.370372963	0.629627037	0.7296188531	1.15897463
0.3713739439	0.6286260561	0.7307270569	1.15793815
0.3723749249	0.6276250751	0.7318328248	1.156902004
0.3733759059	0.6266240941	0.7329361464	1.155866207
0.3743768869	0.6256231131	0.7340370119	1.154830772
0.3753778679	0.6246221321	0.7351354116	1.153795713
0.3763788488	0.6236211512	0.7362313358	1.152761044
0.3773798298	0.6226201702	0.7373247754	1.151726777
0.3783808108	0.6216191892	0.7384157212	1.150692927
0.3793817918	0.6206182082	0.7395041644	1.149659505
0.3803827728	0.6196172272	0.7405900963	1.148626525
0.3813837538	0.6186162462	0.7416735085	1.147594
0.3823847347	0.6176152653	0.7427543927	1.14656194
0.3833857157	0.6166142843	0.7438327408	1.14553036
0.3843866967	0.6156133033	0.7449085451	1.14449927
0.3853876777	0.6146123223	0.7459817979	1.143468683
0.3863886587	0.6136113413	0.7470524917	1.142438611
0.3873896396	0.6126103604	0.7481206193	1.141409064
0.3883906206	0.6116093794	0.7491861735	1.140380055
0.3893916016	0.6106083984	0.7502491476	1.139351594
0.3903925826	0.6096074174	0.7513095347	1.138323692
0.3913935636	0.6086064364	0.7523673284	1.137296362
0.3923945445	0.6076054555	0.7534225222	1.136269612
0.3933955255	0.6066044745	0.7544751101	1.135243454
0.3943965065	0.6056034935	0.755525086	1.134217898
0.3953974875	0.6046025125	0.756572444	1.133192955
0.3963984685	0.6036015315	0.7576171786	1.132168634
0.3973994494	0.6026005506	0.7586592842	1.131144946
0.3984004304	0.6015995696	0.7596987554	1.130121901
0.3994014114	0.6005985886	0.7607355871	1.129099507
0.4004023924	0.5995976076	0.7617697743	1.128077775
0.4014033734	0.5985966266	0.7628013122	1.127056715
0.4024043544	0.5975956456	0.7638301959	1.126036334
0.4034053353	0.5965946647	0.764856421	1.125016643
0.4044063163	0.5955936837	0.7658799831	1.123997651
0.4054072973	0.5945927027	0.7669008779	1.122979366
0.4064082783	0.5935917217	0.7679191013	1.121961797
0.4074092593	0.5925907407	0.7689346493	1.120944953
0.4084102402	0.5915897598	0.7699475182	1.119928842
0.4094112212	0.5905887788	0.7709577042	1.118913473
0.4104122022	0.5895877978	0.7719652038	1.117898853
0.4114131832	0.5885868168	0.7729700136	1.116884992
0.4124141642	0.5875858358	0.7739721303	1.115871896
0.4134151451	0.5865848549	0.7749715508	1.114859574
0.4144161261	0.5855838739	0.7759682722	1.113848033
0.4154171071	0.5845828929	0.7769622914	1.112837282
0.4164180881	0.5835819119	0.7779536058	1.111827327
0.4174190691	0.5825809309	0.7789422128	1.110818176
0.4184200501	0.5815799499	0.7799281098	1.109809837
0.419421031	0.580578969	0.7809112945	1.108802316
0.420422012	0.579577988	0.7818917647	1.107795621
0.421422993	0.578577007	0.7828695181	1.106789758
0.422423974	0.577576026	0.7838445528	1.105784734
0.423424955	0.576575045	0.7848168669	1.104780556
0.4244259359	0.5755740641	0.7857864586	1.103777231
0.4254269169	0.5745730831	0.7867533263	1.102774765
0.4264278979	0.5735721021	0.7877174682	1.101773165
0.4274288789	0.5725711211	0.7886788831	1.100772437
0.4284298599	0.5715701401	0.7896375696	1.099772587
0.4294308408	0.5705691592	0.7905935263	1.098773621
0.4304318218	0.5695681782	0.7915467523	1.097775546
0.4314328028	0.5685671972	0.7924972464	1.096778366
0.4324337838	0.5675662162	0.7934450078	1.095782089
0.4334347648	0.5665652352	0.7943900356	1.09478672
0.4344357457	0.5655642543	0.795332329	1.093792263
0.4354367267	0.5645632733	0.7962718876	1.092798726
0.4364377077	0.5635622923	0.7972087106	1.091806113
0.4374386887	0.5625613113	0.7981427978	1.09081443
0.4384396697	0.5615603303	0.7990741487	1.089823682
0.4394406507	0.5605593493	0.8000027631	1.088833875
0.4404416316	0.5595583684	0.8009286409	1.087845012
0.4414426126	0.5585573874	0.8018517819	1.0868571
0.4424435936	0.5575564064	0.8027721862	1.085870143
0.4434445746	0.5565554254	0.803689854	1.084884147
0.4444455556	0.5555544444	0.8046047853	1.083899115
0.4454465365	0.5545534635	0.8055169806	1.082915053
0.4464475175	0.5535524825	0.8064264401	1.081931965
0.4474484985	0.5525515015	0.8073331643	1.080949855
0.4484494795	0.5515505205	0.8082371537	1.079968729
0.4494504605	0.5505495395	0.809138409	1.07898859
0.4504514414	0.5495485586	0.8100369308	1.078009443
0.4514524224	0.5485475776	0.8109327199	1.077031292
0.4524534034	0.5475465966	0.8118257772	1.076054141
0.4534543844	0.5465456156	0.8127161035	1.075077994
0.4544553654	0.5455446346	0.8136036999	1.074102855
0.4554563463	0.5445436537	0.8144885674	1.073128729
0.4564573273	0.5435426727	0.8153707072	1.072155618
0.4574583083	0.5425416917	0.8162501204	1.071183527
0.4584592893	0.5415407107	0.8171268085	1.07021246
0.4594602703	0.5405397297	0.8180007727	1.069242419
0.4604612513	0.5395387487	0.8188720144	1.068273409
0.4614622322	0.5385377678	0.8197405352	1.067305434
0.4624632132	0.5375367868	0.8206063366	1.066338495
0.4634641942	0.5365358058	0.8214694202	1.065372598
0.4644651752	0.5355348248	0.8223297877	1.064407745
0.4654661562	0.5345338438	0.8231874409	1.063443939
0.4664671371	0.5335328629	0.8240423816	1.062481184
0.4674681181	0.5325318819	0.8248946116	1.061519482
0.4684690991	0.5315309009	0.825744133	1.060558837
0.4694700801	0.5305299199	0.8265909476	1.059599252
0.4704710611	0.5295289389	0.8274350577	1.05864073
0.471472042	0.528527958	0.8282764651	1.057683273
0.472473023	0.527526977	0.8291151723	1.056726885
0.473474004	0.526525996	0.8299511813	1.055771568
0.474474985	0.525525015	0.8307844944	1.054817324
0.475475966	0.524524034	0.8316151141	1.053864157
0.4764769469	0.5235230531	0.8324430427	1.052912069
0.4774779279	0.5225220721	0.8332682827	1.051961062
0.4784789089	0.5215210911	0.8340908365	1.05101114
0.4794798899	0.5205201101	0.8349107067	1.050062304
0.4804808709	0.5195191291	0.8357278959	1.049114556
0.4814818519	0.5185181481	0.8365424068	1.0481679
0.4824828328	0.5175171672	0.8373542421	1.047222337
0.4834838138	0.5165161862	0.8381634044	1.04627787
0.4844847948	0.5155152052	0.8389698968	1.0453345
0.4854857758	0.5145142242	0.8397737219	1.044392231
0.4864867568	0.5135132432	0.8405748826	1.043451063
0.4874877377	0.5125122623	0.841373382	1.042510999
0.4884887187	0.5115112813	0.842169223	1.04157204
0.4894896997	0.5105103003	0.8429624086	1.04063419
0.4904906807	0.5095093193	0.8437529418	1.039697449
0.4914916617	0.5085083383	0.844540826	1.03876182
0.4924926426	0.5075073574	0.845326064	1.037827303
0.4934936236	0.5065063764	0.8461086593	1.036893902
0.4944946046	0.5055053954	0.846888615	1.035961617
0.4954955856	0.5045044144	0.8476659343	1.035030451
0.4964965666	0.5035034334	0.8484406207	1.034100404
0.4974975475	0.5025024525	0.8492126774	1.033171479
0.4984985285	0.5015014715	0.849982108	1.032243677
0.4994995095	0.5005004905	0.8507489157	1.031316999
0.5005004905	0.4994995095	0.8515131041	1.030391446
0.5015014715	0.4984985285	0.8522746767	1.029467021
0.5025024525	0.4974975475	0.8530336371	1.028543724
0.5035034334	0.4964965666	0.8537899888	1.027621558
0.5045044144	0.4954955856	0.8545437354	1.026700522
0.5055053954	0.4944946046	0.8552948806	1.025780618
0.5065063764	0.4934936236	0.856043428	1.024861848
0.5075073574	0.4924926426	0.8567893814	1.023944213
0.5085083383	0.4914916617	0.8575327446	1.023027713
0.5095093193	0.4904906807	0.8582735213	1.02211235
0.5105103003	0.4894896997	0.8590117153	1.021198124
0.5115112813	0.4884887187	0.8597473305	1.020285038
0.5125122623	0.4874877377	0.8604803707	1.019373091
0.5135132432	0.4864867568	0.8612108398	1.018462285
0.5145142242	0.4854857758	0.8619387418	1.01755262
0.5155152052	0.4844847948	0.8626640807	1.016644098
0.5165161862	0.4834838138	0.8633868603	1.015736719
0.5175171672	0.4824828328	0.8641070848	1.014830484
0.5185181481	0.4814818519	0.8648247582	1.013925394
0.5195191291	0.4804808709	0.8655398846	1.013021449
0.5205201101	0.4794798899	0.866252468	1.012118651
0.5215210911	0.4784789089	0.8669625125	1.011216999
0.5225220721	0.4774779279	0.8676700224	1.010316495
0.5235230531	0.4764769469	0.8683750018	1.009417138
0.524524034	0.475475966	0.8690774548	1.008518931
0.525525015	0.474474985	0.8697773858	1.007621872
0.526525996	0.473474004	0.8704747989	1.006725963
0.527526977	0.472473023	0.8711696984	1.005831204
0.528527958	0.471472042	0.8718620886	1.004937596
0.5295289389	0.4704710611	0.8725519738	1.004045139
0.5305299199	0.4694700801	0.8732393584	1.003153833
0.5315309009	0.4684690991	0.8739242467	1.002263678
0.5325318819	0.4674681181	0.8746066431	1.001374676
0.5335328629	0.4664671371	0.875286552	1.000486826
0.5345338438	0.4654661562	0.8759639777	0.999600128
0.5355348248	0.4644651752	0.8766389248	0.9987145833
0.5365358058	0.4634641942	0.8773113977	0.9978301916
0.5375367868	0.4624632132	0.8779814008	0.9969469531
0.5385377678	0.4614622322	0.8786489386	0.996064868
0.5395387487	0.4604612513	0.8793140157	0.9951839364
0.5405397297	0.4594602703	0.8799766366	0.9943041585
0.5415407107	0.4584592893	0.8806368059	0.9934255342
0.5425416917	0.4574583083	0.881294528	0.9925480638
0.5435426727	0.4564573273	0.8819498076	0.9916717472
0.5445436537	0.4554563463	0.8826026492	0.9907965845
0.5455446346	0.4544553654	0.8832530576	0.9899225755
0.5465456156	0.4534543844	0.8839010372	0.9890497204
0.5475465966	0.4524534034	0.8845465928	0.9881780191
0.5485475776	0.4514524224	0.8851897289	0.9873074714
0.5495485586	0.4504514414	0.8858304504	0.9864380773
0.5505495395	0.4494504605	0.8864687617	0.9855698367
0.5515505205	0.4484494795	0.8871046678	0.9847027494
0.5525515015	0.4474484985	0.8877381732	0.9838368152
0.5535524825	0.4464475175	0.8883692827	0.9829720341
0.5545534635	0.4454465365	0.888998001	0.9821084056
0.5555544444	0.4444455556	0.8896243329	0.9812459297
0.5565554254	0.4434445746	0.8902482831	0.9803846061
0.5575564064	0.4424435936	0.8908698564	0.9795244345
0.5585573874	0.4414426126	0.8914890576	0.9786654146
0.5595583684	0.4404416316	0.8921058916	0.9778075461
0.5605593493	0.4394406507	0.892720363	0.9769508287
0.5615603303	0.4384396697	0.8933324767	0.9760952621
0.5625613113	0.4374386887	0.8939422376	0.9752408458
0.5635622923	0.4364377077	0.8945496505	0.9743875795
0.5645632733	0.4354367267	0.8951547203	0.9735354628
0.5655642543	0.4344357457	0.8957574517	0.9726844953
0.5665652352	0.4334347648	0.8963578497	0.9718346764
0.5675662162	0.4324337838	0.8969559191	0.9709860059
0.5685671972	0.4314328028	0.8975516649	0.9701384831
0.5695681782	0.4304318218	0.8981450919	0.9692921077
0.5705691592	0.4294308408	0.898736205	0.968446879
0.5715701401	0.4284298599	0.8993250091	0.9676027966
0.5725711211	0.4274288789	0.8999115092	0.96675986
0.5735721021	0.4264278979	0.9004957102	0.9659180684
0.5745730831	0.4254269169	0.901077617	0.9650774215
0.5755740641	0.4244259359	0.9016572345	0.9642379186
0.576575045	0.423424955	0.9022345678	0.9633995591
0.577576026	0.422423974	0.9028096217	0.9625623423
0.578577007	0.421422993	0.9033824012	0.9617262677
0.579577988	0.420422012	0.9039529113	0.9608913345
0.580578969	0.419421031	0.9045211569	0.9600575422
0.5815799499	0.4184200501	0.905087143	0.95922489
0.5825809309	0.4174190691	0.9056508747	0.9583933772
0.5835819119	0.4164180881	0.9062123568	0.9575630032
0.5845828929	0.4154171071	0.9067715945	0.9567337671
0.5855838739	0.4144161261	0.9073285926	0.9559056683
0.5865848549	0.4134151451	0.9078833562	0.955078706
0.5875858358	0.4124141642	0.9084358902	0.9542528795
0.5885868168	0.4114131832	0.9089861998	0.9534281879
0.5895877978	0.4104122022	0.9095342899	0.9526046305
0.5905887788	0.4094112212	0.9100801655	0.9517822065
0.5915897598	0.4084102402	0.9106238316	0.950960915
0.5925907407	0.4074092593	0.9111652933	0.9501407552
0.5935917217	0.4064082783	0.9117045556	0.9493217263
0.5945927027	0.4054072973	0.9122416236	0.9485038274
0.5955936837	0.4044063163	0.9127765021	0.9476870577
0.5965946647	0.4034053353	0.9133091964	0.9468714162
0.5975956456	0.4024043544	0.9138397114	0.9460569022
0.5985966266	0.4014033734	0.9143680521	0.9452435146
0.5995976076	0.4004023924	0.9148942237	0.9444312525
0.6005985886	0.3994014114	0.9154182311	0.9436201151
0.6015995696	0.3984004304	0.9159400794	0.9428101015
0.6026005506	0.3973994494	0.9164597736	0.9420012105
0.6036015315	0.3963984685	0.9169773188	0.9411934414
0.6046025125	0.3953974875	0.91749272	0.9403867931
0.6056034935	0.3943965065	0.9180059823	0.9395812647
0.6066044745	0.3933955255	0.9185171107	0.9387768551
0.6076054555	0.3923945445	0.9190261102	0.9379735634
0.6086064364	0.3913935636	0.919532986	0.9371713886
0.6096074174	0.3903925826	0.9200377431	0.9363703296
0.6106083984	0.3893916016	0.9205403865	0.9355703854
0.6116093794	0.3883906206	0.9210409212	0.934771555
0.6126103604	0.3873896396	0.9215393524	0.9339738373
0.6136113413	0.3863886587	0.9220356851	0.9331772313
0.6146123223	0.3853876777	0.9225299242	0.9323817359
0.6156133033	0.3843866967	0.9230220749	0.9315873501
0.6166142843	0.3833857157	0.9235121423	0.9307940726
0.6176152653	0.3823847347	0.9240001312	0.9300019026
0.6186162462	0.3813837538	0.9244860469	0.9292108387
0.6196172272	0.3803827728	0.9249698943	0.9284208801
0.6206182082	0.3793817918	0.9254516786	0.9276320254
0.6216191892	0.3783808108	0.9259314046	0.9268442737
0.6226201702	0.3773798298	0.9264090775	0.9260576237
0.6236211512	0.3763788488	0.9268847023	0.9252720744
0.6246221321	0.3753778679	0.927358284	0.9244876245
0.6256231131	0.3743768869	0.9278298278	0.923704273
0.6266240941	0.3733759059	0.9282993385	0.9229220186
0.6276250751	0.3723749249	0.9287668212	0.9221408602
0.6286260561	0.3713739439	0.929232281	0.9213607967
0.629627037	0.370372963	0.9296957229	0.9205818267
0.630628018	0.369371982	0.9301571518	0.9198039492
0.631628999	0.368371001	0.9306165729	0.9190271629
0.63262998	0.36737002	0.9310739911	0.9182514666
0.633630961	0.366369039	0.9315294115	0.9174768591
0.6346319419	0.3653680581	0.931982839	0.9167033392
0.6356329229	0.3643670771	0.9324342787	0.9159309057
0.6366339039	0.3633660961	0.9328837355	0.9151595573
0.6376348849	0.3623651151	0.9333312145	0.9143892928
0.6386358659	0.3613641341	0.9337767207	0.9136201109
0.6396368468	0.3603631532	0.934220259	0.9128520104
0.6406378278	0.3593621722	0.9346618344	0.9120849901
0.6416388088	0.3583611912	0.9351014519	0.9113190486
0.6426397898	0.3573602102	0.9355391166	0.9105541847
0.6436407708	0.3563592292	0.9359748333	0.9097903971
0.6446417518	0.3553582482	0.936408607	0.9090276846
0.6456427327	0.3543572673	0.9368404428	0.9082660458
0.6466437137	0.3533562863	0.9372703456	0.9075054795
0.6476446947	0.3523553053	0.9376983202	0.9067459844
0.6486456757	0.3513543243	0.9381243718	0.9059875591
0.6496466567	0.3503533433	0.9385485052	0.9052302024
0.6506476376	0.3493523624	0.9389707254	0.9044739129
0.6516486186	0.3483513814	0.9393910373	0.9037186894
0.6526495996	0.3473504004	0.9398094458	0.9029645305
0.6536505806	0.3463494194	0.940225956	0.9022114348
0.6546515616	0.3453484384	0.9406405726	0.9014594011
0.6556525425	0.3443474575	0.9410533007	0.900708428
0.6566535235	0.3433464765	0.9414641451	0.8999585142
0.6576545045	0.3423454955	0.9418731108	0.8992096583
0.6586554855	0.3413445145	0.9422802026	0.898461859
0.6596564665	0.3403435335	0.9426854255	0.8977151149
0.6606574474	0.3393425526	0.9430887843	0.8969694246
0.6616584284	0.3383415716	0.9434902839	0.8962247869
0.6626594094	0.3373405906	0.9438899293	0.8954812004
0.6636603904	0.3363396096	0.9442877253	0.8947386635
0.6646613714	0.3353386286	0.9446836767	0.8939971751
0.6656623524	0.3343376476	0.9450777884	0.8932567338
0.6666633333	0.3333366667	0.9454700653	0.892517338
0.6676643143	0.3323356857	0.9458605122	0.8917789865
0.6686652953	0.3313347047	0.946249134	0.8910416779
0.6696662763	0.3303337237	0.9466359355	0.8903054108
0.6706672573	0.3293327427	0.9470209216	0.8895701837
0.6716682382	0.3283317618	0.947404097	0.8888359953
0.6726692192	0.3273307808	0.9477854666	0.8881028442
0.6736702002	0.3263297998	0.9481650353	0.887370729
0.6746711812	0.3253288188	0.9485428077	0.8866396483
0.6756721622	0.3243278378	0.9489187887	0.8859096006
0.6766731431	0.3233268569	0.9492929832	0.8851805846
0.6776741241	0.3223258759	0.9496653958	0.8844525988
0.6786751051	0.3213248949	0.9500360314	0.8837256419
0.6796760861	0.3203239139	0.9504048948	0.8829997123
0.6806770671	0.3193229329	0.9507719907	0.8822748087
0.681678048	0.318321952	0.9511373238	0.8815509296
0.682679029	0.317320971	0.9515008989	0.8808280737
0.68368001	0.31631999	0.9518627209	0.8801062394
0.684680991	0.315319009	0.9522227943	0.8793854254
0.685681972	0.314318028	0.952581124	0.8786656302
0.686682953	0.313317047	0.9529377146	0.8779468523
0.6876839339	0.3123160661	0.9532925709	0.8772290904
0.6886849149	0.3113150851	0.9536456976	0.876512343
0.6896858959	0.3103141041	0.9539970994	0.8757966086
0.6906868769	0.3093131231	0.9543467809	0.8750818858
0.6916878579	0.3083121421	0.9546947469	0.8743681732
0.6926888388	0.3073111612	0.9550410021	0.8736554692
0.6936898198	0.3063101802	0.9553855511	0.8729437725
0.6946908008	0.3053091992	0.9557283986	0.8722330816
0.6956917818	0.3043082182	0.9560695492	0.871523395
0.6966927628	0.3033072372	0.9564090077	0.8708147113
0.6976937437	0.3023062563	0.9567467785	0.870107029
0.6986947247	0.3013052753	0.9570828664	0.8694003466
0.6996957057	0.3003042943	0.957417276	0.8686946627
0.7006966867	0.2993033133	0.957750012	0.8679899758
0.7016976677	0.2983023323	0.9580810788	0.8672862845
0.7026986486	0.2973013514	0.9584104812	0.8665835873
0.7036996296	0.2963003704	0.9587382237	0.8658818826
0.7047006106	0.2952993894	0.9590643109	0.8651811692
0.7057015916	0.2942984084	0.9593887474	0.8644814453
0.7067025726	0.2932974274	0.9597115377	0.8637827097
0.7077035536	0.2922964464	0.9600326865	0.8630849608
0.7087045345	0.2912954655	0.9603521982	0.8623881972
0.7097055155	0.2902944845	0.9606700774	0.8616924173
0.7107064965	0.2892935035	0.9609863287	0.8609976197
0.7117074775	0.2882925225	0.9613009566	0.8603038029
0.7127084585	0.2872915415	0.9616139656	0.8596109655
0.7137094394	0.2862905606	0.9619253602	0.8589191059
0.7147104204	0.2852895796	0.9622351449	0.8582282227
0.7157114014	0.2842885986	0.9625433243	0.8575383144
0.7167123824	0.2832876176	0.9628499027	0.8568493794
0.7177133634	0.2822866366	0.9631548848	0.8561614165
0.7187143443	0.2812856557	0.9634582749	0.8554744239
0.7197153253	0.2802846747	0.9637600775	0.8547884003
0.7207163063	0.2792836937	0.9640602971	0.8541033442
0.7217172873	0.2782827127	0.9643589382	0.853419254
0.7227182683	0.2772817317	0.9646560051	0.8527361284
0.7237192492	0.2762807508	0.9649515022	0.8520539657
0.7247202302	0.2752797698	0.9652454341	0.8513727646
0.7257212112	0.2742787888	0.9655378052	0.8506925235
0.7267221922	0.2732778078	0.9658286197	0.8500132409
0.7277231732	0.2722768268	0.9661178822	0.8493349154
0.7287241542	0.2712758458	0.966405597	0.8486575455
0.7297251351	0.2702748649	0.9666917684	0.8479811296
0.7307261161	0.2692738839	0.966976401	0.8473056664
0.7317270971	0.2682729029	0.9672594989	0.8466311542
0.7327280781	0.2672719219	0.9675410666	0.8459575916
0.7337290591	0.2662709409	0.9678211084	0.8452849772
0.73473004	0.26526996	0.9680996286	0.8446133094
0.735731021	0.264268979	0.9683766317	0.8439425867
0.736732002	0.263267998	0.9686521218	0.8432728076
0.737732983	0.262267017	0.9689261032	0.8426039707
0.738733964	0.261266036	0.9691985804	0.8419360745
0.7397349449	0.2602650551	0.9694695576	0.8412691175
0.7407359259	0.2592640741	0.969739039	0.8406030981
0.7417369069	0.2582630931	0.9700070289	0.8399380149
0.7427378879	0.2572621121	0.9702735317	0.8392738664
0.7437388689	0.2562611311	0.9705385515	0.8386106512
0.7447398498	0.2552601502	0.9708020925	0.8379483677
0.7457408308	0.2542591692	0.9710641592	0.8372870144
0.7467418118	0.2532581882	0.9713247555	0.8366265898
0.7477427928	0.2522572072	0.9715838859	0.8359670925
0.7487437738	0.2512562262	0.9718415544	0.835308521
0.7497447548	0.2502552452	0.9720977653	0.8346508738
0.7507457357	0.2492542643	0.9723525228	0.8339941493
0.7517467167	0.2482532833	0.9726058311	0.8333383462
0.7527476977	0.2472523023	0.9728576943	0.8326834629
0.7537486787	0.2462513213	0.9731081166	0.8320294979
0.7547496597	0.2452503403	0.9733571021	0.8313764498
0.7557506406	0.2442493594	0.9736046551	0.830724317
0.7567516216	0.2432483784	0.9738507796	0.8300730981
0.7577526026	0.2422473974	0.9740954797	0.8294227917
0.7587535836	0.2412464164	0.9743387597	0.8287733961
0.7597545646	0.2402454354	0.9745806235	0.8281249099
0.7607555455	0.2392444545	0.9748210753	0.8274773317
0.7617565265	0.2382434735	0.9750601193	0.82683066
0.7627575075	0.2372424925	0.9752977594	0.8261848933
0.7637584885	0.2362415115	0.9755339997	0.82554003
0.7647594695	0.2352405305	0.9757688444	0.8248960688
0.7657604505	0.2342395495	0.9760022974	0.8242530082
0.7667614314	0.2332385686	0.9762343628	0.8236108466
0.7677624124	0.2322375876	0.9764650447	0.8229695826
0.7687633934	0.2312366066	0.9766943471	0.8223292147
0.7697643744	0.2302356256	0.976922274	0.8216897414
0.7707653554	0.2292346446	0.9771488294	0.8210511614
0.7717663363	0.2282336637	0.9773740173	0.820413473
0.7727673173	0.2272326827	0.9775978417	0.8197766749
0.7737682983	0.2262317017	0.9778203066	0.8191407655
0.7747692793	0.2252307207	0.9780414159	0.8185057433
0.7757702603	0.2242297397	0.9782611737	0.817871607
0.7767712412	0.2232287588	0.9784795839	0.8172383551
0.7777722222	0.2222277778	0.9786966503	0.816605986
0.7787732032	0.2212267968	0.9789123771	0.8159744983
0.7797741842	0.2202258158	0.979126768	0.8153438906
0.7807751652	0.2192248348	0.9793398271	0.8147141613
0.7817761461	0.2182238539	0.9795515582	0.8140853091
0.7827771271	0.2172228729	0.9797619652	0.8134573324
0.7837781081	0.2162218919	0.979971052	0.8128302298
0.7847790891	0.2152209109	0.9801788225	0.8122039998
0.7857800701	0.2142199299	0.9803852806	0.8115786411
0.7867810511	0.2132189489	0.9805904301	0.810954152
0.787782032	0.212217968	0.9807942749	0.8103305312
0.788783013	0.211216987	0.9809968188	0.8097077772
0.789783994	0.210216006	0.9811980657	0.8090858885
0.790784975	0.209215025	0.9813980194	0.8084648638
0.791785956	0.208214044	0.9815966837	0.8078447015
0.7927869369	0.2072130631	0.9817940625	0.8072254002
0.7937879179	0.2062120821	0.9819901595	0.8066069585
0.7947888989	0.2052111011	0.9821849785	0.8059893748
0.7957898799	0.2042101201	0.9823785233	0.8053726479
0.7967908609	0.2032091391	0.9825707976	0.8047567761
0.7977918418	0.2022081582	0.9827618053	0.8041417581
0.7987928228	0.2012071772	0.9829515501	0.8035275924
0.7997938038	0.2002061962	0.9831400358	0.8029142776
0.8007947848	0.1992052152	0.983327266	0.8023018123
0.8017957658	0.1982042342	0.9835132445	0.801690195
0.8027967467	0.1972032533	0.983697975	0.8010794242
0.8037977277	0.1962022723	0.9838814613	0.8004694986
0.8047987087	0.1952012913	0.984063707	0.7998604167
0.8057996897	0.1942003103	0.9842447158	0.7992521771
0.8068006707	0.1931993293	0.9844244914	0.7986447783
0.8078016517	0.1921983483	0.9846030376	0.798038219
0.8088026326	0.1911973674	0.9847803578	0.7974324976
0.8098036136	0.1901963864	0.9849564558	0.7968276128
0.8108045946	0.1891954054	0.9851313353	0.7962235631
0.8118055756	0.1881944244	0.9853049999	0.7956203472
0.8128065566	0.1871934434	0.9854774531	0.7950179635
0.8138075375	0.1861924625	0.9856486987	0.7944164107
0.8148085185	0.1851914815	0.9858187403	0.7938156874
0.8158094995	0.1841905005	0.9859875813	0.7932157921
0.8168104805	0.1831895195	0.9861552255	0.7926167234
0.8178114615	0.1821885385	0.9863216765	0.79201848
0.8188124424	0.1811875576	0.9864869377	0.7914210604
0.8198134234	0.1801865766	0.9866510127	0.7908244631
0.8208144044	0.1791855956	0.9868139052	0.7902286868
0.8218153854	0.1781846146	0.9869756186	0.7896337301
0.8228163664	0.1771836336	0.9871361565	0.7890395916
0.8238173473	0.1761826527	0.9872955224	0.7884462699
0.8248183283	0.1751816717	0.9874537199	0.7878537635
0.8258193093	0.1741806907	0.9876107524	0.7872620711
0.8268202903	0.1731797097	0.9877666235	0.7866711912
0.8278212713	0.1721787287	0.9879213367	0.7860811226
0.8288222523	0.1711777477	0.9880748953	0.7854918637
0.8298232332	0.1701767668	0.988227303	0.7849034132
0.8308242142	0.1691757858	0.9883785632	0.7843157697
0.8318251952	0.1681748048	0.9885286793	0.7837289318
0.8328261762	0.1671738238	0.9886776548	0.7831428981
0.8338271572	0.1661728428	0.9888254931	0.7825576672
0.8348281381	0.1651718619	0.9889721977	0.7819732378
0.8358291191	0.1641708809	0.989117772	0.7813896085
0.8368301001	0.1631698999	0.9892622193	0.7808067779
0.8378310811	0.1621689189	0.9894055432	0.7802247445
0.8388320621	0.1611679379	0.989547747	0.7796435071
0.839833043	0.160166957	0.989688834	0.7790630642
0.840834024	0.159165976	0.9898288077	0.7784834145
0.841835005	0.158164995	0.9899676715	0.7779045567
0.842835986	0.157164014	0.9901054286	0.7773264892
0.843836967	0.156163033	0.9902420825	0.7767492109
0.8448379479	0.1551620521	0.9903776365	0.7761727202
0.8458389289	0.1541610711	0.990512094	0.7755970159
0.8468399099	0.1531600901	0.9906454581	0.7750220966
0.8478408909	0.1521591091	0.9907777324	0.7744479609
0.8488418719	0.1511581281	0.99090892	0.7738746075
0.8498428529	0.1501571471	0.9910390244	0.7733020349
0.8508438338	0.1491561662	0.9911680487	0.7727302419
0.8518448148	0.1481551852	0.9912959963	0.7721592271
0.8528457958	0.1471542042	0.9914228704	0.7715889892
0.8538467768	0.1461532232	0.9915486743	0.7710195268
0.8548477578	0.1451522422	0.9916734112	0.7704508385
0.8558487387	0.1441512613	0.9917970845	0.769882923
0.8568497197	0.1431502803	0.9919196974	0.769315779
0.8578507007	0.1421492993	0.992041253	0.7687494051
0.8588516817	0.1411483183	0.9921617546	0.7681838
0.8598526627	0.1401473373	0.9922812055	0.7676189623
0.8608536436	0.1391463564	0.9923996087	0.7670548907
0.8618546246	0.1381453754	0.9925169676	0.766491584
0.8628556056	0.1371443944	0.9926332853	0.7659290406
0.8638565866	0.1361434134	0.9927485651	0.7653672594
0.8648575676	0.1351424324	0.9928628099	0.764806239
0.8658585485	0.1341414515	0.9929760232	0.764245978
0.8668595295	0.1331404705	0.9930882079	0.7636864752
0.8678605105	0.1321394895	0.9931993672	0.7631277292
0.8688614915	0.1311385085	0.9933095044	0.7625697387
0.8698624725	0.1301375275	0.9934186224	0.7620125023
0.8708634535	0.1291365465	0.9935267244	0.7614560189
0.8718644344	0.1281355656	0.9936338137	0.760900287
0.8728654154	0.1271345846	0.9937398931	0.7603453053
0.8738663964	0.1261336036	0.9938449659	0.7597910726
0.8748673774	0.1251326226	0.9939490351	0.7592375875
0.8758683584	0.1241316416	0.9940521039	0.7586848487
0.8768693393	0.1231306607	0.9941541752	0.7581328549
0.8778703203	0.1221296797	0.9942552522	0.7575816048
0.8788713013	0.1211286987	0.9943553379	0.7570310971
0.8798722823	0.1201277177	0.9944544354	0.7564813306
0.8808732633	0.1191267367	0.9945525477	0.7559323039
0.8818742442	0.1181257558	0.9946496777	0.7553840157
0.8828752252	0.1171247748	0.9947458287	0.7548364647
0.8838762062	0.1161237938	0.9948410035	0.7542896497
0.8848771872	0.1151228128	0.9949352051	0.7537435694
0.8858781682	0.1141218318	0.9950284367	0.7531982224
0.8868791491	0.1131208509	0.9951207011	0.7526536075
0.8878801301	0.1121198699	0.9952120013	0.7521097234
0.8888811111	0.1111188889	0.9953023404	0.7515665689
0.8898820921	0.1101179079	0.9953917212	0.7510241426
0.8908830731	0.1091169269	0.9954801468	0.7504824433
0.8918840541	0.1081159459	0.9955676201	0.7499414696
0.892885035	0.107114965	0.995654144	0.7494012205
0.893886016	0.106113984	0.9957397215	0.7488616945
0.894886997	0.105113003	0.9958243554	0.7483228903
0.895887978	0.104112022	0.9959080488	0.7477848069
0.896888959	0.103111041	0.9959908045	0.7472474428
0.8978899399	0.1021100601	0.9960726254	0.7467107968
0.8988909209	0.1011090791	0.9961535145	0.7461748676
0.8998919019	0.1001080981	0.9962334745	0.7456396541
0.9008928829	0.09910711712	0.9963125084	0.7451051549
0.9018938639	0.09810613614	0.9963906191	0.7445713688
0.9028948448	0.09710515516	0.9964678094	0.7440382945
0.9038958258	0.09610417417	0.9965440821	0.7435059308
0.9048968068	0.09510319319	0.9966194402	0.7429742765
0.9058977878	0.09410221221	0.9966938864	0.7424433302
0.9068987688	0.09310123123	0.9967674236	0.7419130908
0.9078997497	0.09210025025	0.9968400546	0.7413835571
0.9089007307	0.09109926927	0.9969117823	0.7408547277
0.9099017117	0.09009828829	0.9969826093	0.7403266015
0.9109026927	0.08909730731	0.9970525386	0.7397991772
0.9119036737	0.08809632633	0.9971215729	0.7392724536
0.9129046547	0.08709534535	0.9971897151	0.7387464294
0.9139056356	0.08609436436	0.9972569678	0.7382211034
0.9149066166	0.08509338338	0.9973233338	0.7376964745
0.9159075976	0.0840924024	0.997388816	0.7371725413
0.9169085786	0.08309142142	0.997453417	0.7366493027
0.9179095596	0.08209044044	0.9975171397	0.7361267574
0.9189105405	0.08108945946	0.9975799867	0.7356049043
0.9199115215	0.08008847848	0.9976419608	0.735083742
0.9209125025	0.0790874975	0.9977030647	0.7345632695
0.9219134835	0.07808651652	0.9977633011	0.7340434854
0.9229144645	0.07708553554	0.9978226728	0.7335243886
0.9239154454	0.07608455455	0.9978811823	0.7330059779
0.9249164264	0.07508357357	0.9979388325	0.732488252
0.9259174074	0.07408259259	0.9979956261	0.7319712098
0.9269183884	0.07308161161	0.9980515656	0.7314548501
0.9279193694	0.07208063063	0.9981066537	0.7309391716
0.9289203504	0.07107964965	0.9981608932	0.7304241732
0.9299213313	0.07007866867	0.9982142866	0.7299098537
0.9309223123	0.06907768769	0.9982668367	0.7293962118
0.9319232933	0.06807670671	0.998318546	0.7288832465
0.9329242743	0.06707572573	0.9983694173	0.7283709564
0.9339252553	0.06607474474	0.998419453	0.7278593405
0.9349262362	0.06507376376	0.998468656	0.7273483976
0.9359272172	0.06407278278	0.9985170286	0.7268381263
0.9369281982	0.0630718018	0.9985645736	0.7263285257
0.9379291792	0.06207082082	0.9986112936	0.7258195945
0.9389301602	0.06106983984	0.9986571911	0.7253113314
0.9399311411	0.06006885886	0.9987022688	0.7248037355
0.9409321221	0.05906787788	0.9987465291	0.7242968054
0.9419331031	0.0580668969	0.9987899747	0.7237905401
0.9429340841	0.05706591592	0.9988326082	0.7232849383
0.9439350651	0.05606493493	0.998874432	0.7227799988
0.944936046	0.05506395395	0.9989154487	0.7222757206
0.945937027	0.05406297297	0.9989556609	0.7217721025
0.946938008	0.05306199199	0.9989950711	0.7212691433
0.947938989	0.05206101101	0.9990336819	0.7207668418
0.94893997	0.05106003003	0.9990714957	0.7202651969
0.949940951	0.05005904905	0.999108515	0.7197642075
0.9509419319	0.04905806807	0.9991447424	0.7192638723
0.9519429129	0.04805708709	0.9991801803	0.7187641903
0.9529438939	0.04705610611	0.9992148312	0.7182651603
0.9539448749	0.04605512513	0.9992486977	0.7177667812
0.9549458559	0.04505414414	0.9992817822	0.7172690517
0.9559468368	0.04405316316	0.9993140871	0.7167719709
0.9569478178	0.04305218218	0.999345615	0.7162755375
0.9579487988	0.0420512012	0.9993763682	0.7157797503
0.9589497798	0.04105022022	0.9994063493	0.7152846084
0.9599507608	0.04004923924	0.9994355606	0.7147901105
0.9609517417	0.03904825826	0.9994640046	0.7142962555
0.9619527227	0.03804727728	0.9994916838	0.7138030423
0.9629537037	0.0370462963	0.9995186005	0.7133104698
0.9639546847	0.03604531532	0.9995447571	0.7128185367
0.9649556657	0.03504433433	0.9995701561	0.7123272422
0.9659566466	0.03404335335	0.9995947998	0.7118365849
0.9669576276	0.03304237237	0.9996186907	0.7113465637
0.9679586086	0.03204139139	0.9996418312	0.7108571777
0.9689595896	0.03104041041	0.9996642235	0.7103684256
0.9699605706	0.03003942943	0.9996858702	0.7098803064
0.9709615516	0.02903844845	0.9997067734	0.7093928189
0.9719625325	0.02803746747	0.9997269357	0.708905962
0.9729635135	0.02703648649	0.9997463594	0.7084197346
0.9739644945	0.02603550551	0.9997650467	0.7079341357
0.9749654755	0.02503452452	0.9997830001	0.7074491641
0.9759664565	0.02403354354	0.9998002219	0.7069648187
0.9769674374	0.02303256256	0.9998167143	0.7064810985
0.9779684184	0.02203158158	0.9998324798	0.7059980022
0.9789693994	0.0210306006	0.9998475206	0.705515529
0.9799703804	0.02002961962	0.999861839	0.7050336776
0.9809713614	0.01902863864	0.9998754373	0.7045524469
0.9819723423	0.01802765766	0.9998883179	0.704071836
0.9829733233	0.01702667668	0.9999004829	0.7035918436
0.9839743043	0.0160256957	0.9999119348	0.7031124688
0.9849752853	0.01502471471	0.9999226757	0.7026337104
0.9859762663	0.01402373373	0.9999327079	0.7021555673
0.9869772472	0.01302275275	0.9999420336	0.7016780385
0.9879782282	0.01202177177	0.9999506552	0.701201123
0.9889792092	0.01102079079	0.9999585749	0.7007248196
0.9899801902	0.01001980981	0.9999657949	0.7002491272
0.9909811712	0.009018828829	0.9999723174	0.6997740449
0.9919821522	0.008017847848	0.9999781447	0.6992995715
0.9929831331	0.007016866867	0.999983279	0.698825706
0.9939841141	0.006015885886	0.9999877225	0.6983524473
0.9949850951	0.005014904905	0.9999914775	0.6978797943
0.9959860761	0.004013923924	0.999994546	0.697407746
0.9969870571	0.003012942943	0.9999969303	0.6969363014
0.997988038	0.002011961962	0.9999986326	0.6964654594
0.998989019	0.001010980981	0.9999996551	0.6959952189
0.99999	1e-05	1	0.6955255789
