1e-05	0.99999	2627562.181	1.000000037
0.001010980981	0.998989019	1271482.486	1.000367018
0.002011961962	0.997988038	643388.6631	1.001395553
0.003012942943	0.9969870571	339241.313	1.003007951
0.004013923924	0.9959860761	185794.2872	1.005136366
0.005014904905	0.9949850951	105388.275	1.007721315
0.006015885886	0.9939841141	61752.37638	1.010710452
0.007016866867	0.9929831331	37289.42634	1.014057554
0.008017847848	0.9919821522	23155.29612	1.01772167
0.009018828829	0.9909811712	14756.80676	1.021666412
0.01001980981	0.9899801902	9634.536222	1.025859355
0.01102079079	0.9889792092	6433.55606	1.030271527
0.01202177177	0.9879782282	4387.311691	1.034876983
0.01302275275	0.9869772472	3051.210267	1.039652432
0.01402373373	0.9859762663	2161.323366	1.044576919
0.01502471471	0.9849752853	1557.517616	1.04963156
0.0160256957	0.9839743043	1140.625865	1.054799303
0.01702667668	0.9829733233	848.0432433	1.060064721
0.01802765766	0.9819723423	639.5251184	1.065413842
0.01902863864	0.9809713614	488.7560724	1.070833988
0.02002961962	0.9799703804	378.2500497	1.076313646
0.0210306006	0.9789693994	296.2103475	1.081842342
0.02203158158	0.9779684184	234.5636355	1.087410543
0.02303256256	0.9769674374	187.7093716	1.09300956
0.02403354354	0.9759664565	151.7122533	1.09863147
0.02503452452	0.9749654755	123.7732734	1.10426904
0.02603550551	0.9739644945	101.8785469	1.109915666
0.02703648649	0.9729635135	84.56314982	1.115565312
0.02803746747	0.9719625325	70.75035126	1.121212461
0.02903844845	0.9709615516	59.64089138	1.126852069
0.03003942943	0.9699605706	50.63587745	1.132479524
0.03104041041	0.9689595896	43.28252171	1.138090604
0.03204139139	0.9679586086	37.23556784	1.143681453
0.03304237237	0.9669576276	32.22960574	1.149248542
0.03404335335	0.9659566466	28.05901768	1.154788645
0.03504433433	0.9649556657	24.56332462	1.160298815
0.03604531532	0.9639546847	21.61638802	1.165776362
0.0370462963	0.9629537037	19.11838877	1.171218831
0.03804727728	0.9619527227	16.98982291	1.176623983
0.03904825826	0.9609517417	15.16697384	1.181989779
0.04004923924	0.9599507608	13.5984736	1.187314366
0.04105022022	0.9589497798	12.24267365	1.192596062
0.0420512012	0.9579487988	11.06562129	1.197833341
0.04305218218	0.9569478178	10.03949251	1.203024822
0.04405316316	0.9559468368	9.141370994	1.208169263
0.04505414414	0.9549458559	8.352291295	1.213265543
0.04605512513	0.9539448749	7.656484772	1.218312658
0.04705610611	0.9529438939	7.040782232	1.223309712
0.04805708709	0.9519429129	6.494138185	1.228255909
0.04905806807	0.9509419319	6.007250089	1.233150544
0.05005904905	0.949940951	5.572252152	1.237992999
0.05106003003	0.94893997	5.182467944	1.242782734
0.05206101101	0.947938989	4.832209629	1.247519286
0.05306199199	0.946938008	4.516614333	1.252202257
0.05406297297	0.945937027	4.231510214	1.256831317
0.05506395395	0.944936046	3.973306406	1.261406191
0.05606493493	0.9439350651	3.73890222	1.265926663
0.05706591592	0.9429340841	3.525611969	1.270392566
0.0580668969	0.9419331031	3.331102471	1.274803782
0.05906787788	0.9409321221	3.153340941	1.279160236
0.06006885886	0.9399311411	2.990551374	1.283461895
0.06106983984	0.9389301602	2.84117792	1.287708765
0.06207082082	0.9379291792	2.703854037	1.291900886
0.0630718018	0.9369281982	2.577376422	1.296038331
0.06407278278	0.9359272172	2.460682922	1.300121206
0.06507376376	0.9349262362	2.35283375	1.304149643
0.06607474474	0.9339252553	2.252995482	1.308123802
0.06707572573	0.9329242743	2.160427369	1.312043866
0.06807670671	0.9319232933	2.074469615	1.315910042
0.06907768769	0.9309223123	1.994533294	1.319722558
0.07007866867	0.9299213313	1.920091674	1.323481659
0.07107964965	0.9289203504	1.850672717	1.327187611
0.07208063063	0.9279193694	1.785852592	1.330840696
0.07308161161	0.9269183884	1.725250039	1.334441209
0.07408259259	0.9259174074	1.668521481	1.337989462
0.07508357357	0.9249164264	1.615356748	1.341485779
0.07608455455	0.9239154454	1.565475356	1.344930494
0.07708553554	0.9229144645	1.518623244	1.348323955
0.07808651652	0.9219134835	1.474569909	1.351666518
0.0790874975	0.9209125025	1.433105899	1.354958549
0.08008847848	0.9199115215	1.394040597	1.35820042
0.08108945946	0.9189105405	1.357200267	1.361392514
0.08209044044	0.9179095596	1.322426333	1.364535218
0.08309142142	0.9169085786	1.289573851	1.367628926
0.0840924024	0.9159075976	1.258510152	1.370674039
0.08509338338	0.9149066166	1.229113645	1.37367096
0.08609436436	0.9139056356	1.201272741	1.376620099
0.08709534535	0.9129046547	1.174884905	1.379521867
0.08809632633	0.9119036737	1.149855799	1.382376681
0.08909730731	0.9109026927	1.126098527	1.38518496
0.09009828829	0.9099017117	1.10353295	1.387947123
0.09109926927	0.9089007307	1.082085075	1.390663595
0.09210025025	0.9078997497	1.061686508	1.393334801
0.09310123123	0.9068987688	1.042273963	1.395961165
0.09410221221	0.9058977878	1.023788812	1.398543115
0.09510319319	0.9048968068	1.006176692	1.401081078
0.09610417417	0.9038958258	0.989387136	1.403575482
0.09710515516	0.9028948448	0.9733732533	1.406026755
0.09810613614	0.9018938639	0.9580914297	1.408435325
0.09910711712	0.9008928829	0.9435010608	1.410801617
0.1001080981	0.8998919019	0.9295643088	1.41312606
0.1011090791	0.8988909209	0.9162458822	1.415409078
0.1021100601	0.8978899399	0.9035128341	1.417651096
0.103111041	0.896888959	0.8913343804	1.419852538
0.104112022	0.895887978	0.8796817326	1.422013823
0.105113003	0.894886997	0.8685279462	1.424135374
0.106113984	0.893886016	0.8578477816	1.426217608
0.107114965	0.892885035	0.8476175774	1.428260941
0.1081159459	0.8918840541	0.8378151341	1.430265789
0.1091169269	0.8908830731	0.8284196081	1.432232563
0.1101179079	0.8898820921	0.8194114133	1.434161673
0.1111188889	0.8888811111	0.8107721327	1.436053528
0.1121198699	0.8878801301	0.8024844348	1.437908532
0.1131208509	0.8868791491	0.7945319993	1.439727088
0.1141218318	0.8858781682	0.7868994463	1.441509596
0.1151228128	0.8848771872	0.7795722728	1.443256453
0.1161237938	0.8838762062	0.7725367934	1.444968055
0.1171247748	0.8828752252	0.7657800856	1.446644792
0.1181257558	0.8818742442	0.7592899396	1.448287054
0.1191267367	0.8808732633	0.7530548114	1.449895227
0.1201277177	0.8798722823	0.7470637799	1.451469694
0.1211286987	0.8788713013	0.741306507	1.453010835
0.1221296797	0.8778703203	0.7357732006	1.454519026
0.1231306607	0.8768693393	0.73045458	1.455994641
0.1241316416	0.8758683584	0.7253418448	1.457438052
0.1251326226	0.8748673774	0.7204266445	1.458849625
0.1261336036	0.8738663964	0.7157010516	1.460229726
0.1271345846	0.8728654154	0.7111575359	1.461578714
0.1281355656	0.8718644344	0.7067889407	1.462896949
0.1291365465	0.8708634535	0.7025884609	1.464184785
0.1301375275	0.8698624725	0.6985496221	1.465442573
0.1311385085	0.8688614915	0.6946662612	1.466670662
0.1321394895	0.8678605105	0.6909325092	1.467869396
0.1331404705	0.8668595295	0.6873427736	1.469039117
0.1341414515	0.8658585485	0.6838917233	1.470180165
0.1351424324	0.8648575676	0.6805742737	1.471292873
0.1361434134	0.8638565866	0.6773855734	1.472377575
0.1371443944	0.8628556056	0.6743209906	1.473434598
0.1381453754	0.8618546246	0.671376102	1.474464269
0.1391463564	0.8608536436	0.6685466809	1.475466909
0.1401473373	0.8598526627	0.6658286872	1.476442837
0.1411483183	0.8588516817	0.6632182571	1.477392369
0.1421492993	0.8578507007	0.6607116937	1.478315819
0.1431502803	0.8568497197	0.658305459	1.479213494
0.1441512613	0.8558487387	0.6559961648	1.480085701
0.1451522422	0.8548477578	0.6537805657	1.480932744
0.1461532232	0.8538467768	0.6516555516	1.481754922
0.1471542042	0.8528457958	0.6496181406	1.482552531
0.1481551852	0.8518448148	0.6476654732	1.483325866
0.1491561662	0.8508438338	0.6457948057	1.484075217
0.1501571471	0.8498428529	0.6440035048	1.484800871
0.1511581281	0.8488418719	0.642289042	1.485503112
0.1521591091	0.8478408909	0.6406489889	1.486182222
0.1531600901	0.8468399099	0.6390810119	1.486838479
0.1541610711	0.8458389289	0.6375828681	1.487472159
0.1551620521	0.8448379479	0.6361524008	1.488083533
0.156163033	0.843836967	0.6347875357	1.48867287
0.157164014	0.842835986	0.6334862767	1.489240438
0.158164995	0.841835005	0.6322467028	1.489786499
0.159165976	0.840834024	0.6310669641	1.490311314
0.160166957	0.839833043	0.6299452791	1.490815141
0.1611679379	0.8388320621	0.6288799312	1.491298234
0.1621689189	0.8378310811	0.6278692662	1.491760845
0.1631698999	0.8368301001	0.6269116891	1.492203224
0.1641708809	0.8358291191	0.626005662	1.492625617
0.1651718619	0.8348281381	0.6251497011	1.493028268
0.1661728428	0.8338271572	0.6243423748	1.493411417
0.1671738238	0.8328261762	0.6235823012	1.493775303
0.1681748048	0.8318251952	0.622868146	1.494120161
0.1691757858	0.8308242142	0.6221986206	1.494446224
0.1701767668	0.8298232332	0.62157248	1.494753723
0.1711777477	0.8288222523	0.6209885213	1.495042885
0.1721787287	0.8278212713	0.6204455816	1.495313934
0.1731797097	0.8268202903	0.6199425366	1.495567094
0.1741806907	0.8258193093	0.6194782989	1.495802585
0.1751816717	0.8248183283	0.6190518166	1.496020623
0.1761826527	0.8238173473	0.6186620718	1.496221425
0.1771836336	0.8228163664	0.6183080793	1.496405202
0.1781846146	0.8218153854	0.6179888852	1.496572164
0.1791855956	0.8208144044	0.6177035659	1.49672252
0.1801865766	0.8198134234	0.6174512267	1.496856475
0.1811875576	0.8188124424	0.6172310007	1.496974231
0.1821885385	0.8178114615	0.6170420478	1.497075989
0.1831895195	0.8168104805	0.6168835537	1.497161948
0.1841905005	0.8158094995	0.616754729	1.497232303
0.1851914815	0.8148085185	0.6166548078	1.497287248
0.1861924625	0.8138075375	0.6165830475	1.497326976
0.1871934434	0.8128065566	0.6165387275	1.497351674
0.1881944244	0.8118055756	0.6165211485	1.497361531
0.1891954054	0.8108045946	0.6165296315	1.497356731
0.1901963864	0.8098036136	0.6165635177	1.497337458
0.1911973674	0.8088026326	0.616622167	1.497303891
0.1921983483	0.8078016517	0.6167049578	1.49725621
0.1931993293	0.8068006707	0.6168112862	1.497194591
0.1942003103	0.8057996897	0.6169405654	1.497119208
0.1952012913	0.8047987087	0.6170922251	1.497030234
0.1962022723	0.8037977277	0.6172657108	1.49692784
0.1972032533	0.8027967467	0.6174604835	1.496812194
0.1982042342	0.8017957658	0.6176760191	1.496683463
0.1992052152	0.8007947848	0.6179118077	1.49654181
0.2002061962	0.7997938038	0.6181673531	1.4963874
0.2012071772	0.7987928228	0.6184421728	1.496220392
0.2022081582	0.7977918418	0.618735797	1.496040946
0.2032091391	0.7967908609	0.6190477685	1.495849219
0.2042101201	0.7957898799	0.6193776421	1.495645365
0.2052111011	0.7947888989	0.6197249843	1.495429539
0.2062120821	0.7937879179	0.620089373	1.495201892
0.2072130631	0.7927869369	0.620470397	1.494962574
0.208214044	0.791785956	0.6208676556	1.494711733
0.209215025	0.790784975	0.6212807583	1.494449515
0.210216006	0.789783994	0.6217093248	1.494176066
0.211216987	0.788783013	0.6221529841	1.493891527
0.212217968	0.787782032	0.6226113747	1.493596042
0.2132189489	0.7867810511	0.6230841441	1.493289748
0.2142199299	0.7857800701	0.6235709483	1.492972785
0.2152209109	0.7847790891	0.6240714522	1.492645289
0.2162218919	0.7837781081	0.6245853284	1.492307394
0.2172228729	0.7827771271	0.6251122579	1.491959234
0.2182238539	0.7817761461	0.6256519292	1.491600941
0.2192248348	0.7807751652	0.6262040383	1.491232645
0.2202258158	0.7797741842	0.6267682885	1.490854474
0.2212267968	0.7787732032	0.6273443901	1.490466556
0.2222277778	0.7777722222	0.6279320603	1.490069017
0.2232287588	0.7767712412	0.6285310228	1.48966198
0.2242297397	0.7757702603	0.6291410081	1.489245569
0.2252307207	0.7747692793	0.6297617525	1.488819905
0.2262317017	0.7737682983	0.6303929986	1.488385108
0.2272326827	0.7727673173	0.631034495	1.487941296
0.2282336637	0.7717663363	0.631685996	1.487488586
0.2292346446	0.7707653554	0.6323472612	1.487027095
0.2302356256	0.7697643744	0.633018056	1.486556936
0.2312366066	0.7687633934	0.6336981509	1.486078224
0.2322375876	0.7677624124	0.6343873214	1.485591069
0.2332385686	0.7667614314	0.6350853483	1.485095582
0.2342395495	0.7657604505	0.6357920169	1.484591873
0.2352405305	0.7647594695	0.6365071174	1.484080049
0.2362415115	0.7637584885	0.6372304446	1.483560217
0.2372424925	0.7627575075	0.6379617976	1.483032482
0.2382434735	0.7617565265	0.6387009802	1.482496949
0.2392444545	0.7607555455	0.6394478	1.481953721
0.2402454354	0.7597545646	0.6402020689	1.481402899
0.2412464164	0.7587535836	0.6409636028	1.480844584
0.2422473974	0.7577526026	0.6417322217	1.480278876
0.2432483784	0.7567516216	0.642507749	1.479705873
0.2442493594	0.7557506406	0.6432900122	1.479125671
0.2452503403	0.7547496597	0.6440788421	1.478538368
0.2462513213	0.7537486787	0.6448740732	1.477944057
0.2472523023	0.7527476977	0.6456755434	1.477342834
0.2482532833	0.7517467167	0.6464830939	1.476734789
0.2492542643	0.7507457357	0.6472965692	1.476120016
0.2502552452	0.7497447548	0.6481158169	1.475498605
0.2512562262	0.7487437738	0.6489406878	1.474870644
0.2522572072	0.7477427928	0.6497710356	1.474236223
0.2532581882	0.7467418118	0.6506067171	1.47359543
0.2542591692	0.7457408308	0.6514475919	1.47294835
0.2552601502	0.7447398498	0.6522935224	1.472295069
0.2562611311	0.7437388689	0.6531443737	1.471635671
0.2572621121	0.7427378879	0.6540000136	1.470970241
0.2582630931	0.7417369069	0.6548603126	1.47029886
0.2592640741	0.7407359259	0.6557251436	1.46962161
0.2602650551	0.7397349449	0.6565943821	1.468938572
0.261266036	0.738733964	0.657467906	1.468249825
0.262267017	0.737732983	0.6583455955	1.467555448
0.263267998	0.736732002	0.6592273332	1.46685552
0.264268979	0.735731021	0.660113004	1.466150116
0.26526996	0.73473004	0.661002495	1.465439313
0.2662709409	0.7337290591	0.6618956952	1.464723187
0.2672719219	0.7327280781	0.6627924961	1.464001811
0.2682729029	0.7317270971	0.6636927911	1.463275259
0.2692738839	0.7307261161	0.6645964756	1.462543603
0.2702748649	0.7297251351	0.6655034469	1.461806916
0.2712758458	0.7287241542	0.6664136044	1.461065268
0.2722768268	0.7277231732	0.6673268493	1.46031873
0.2732778078	0.7267221922	0.6682430846	1.45956737
0.2742787888	0.7257212112	0.6691622153	1.458811258
0.2752797698	0.7247202302	0.6700841478	1.458050461
0.2762807508	0.7237192492	0.6710087906	1.457285046
0.2772817317	0.7227182683	0.6719360537	1.456515079
0.2782827127	0.7217172873	0.6728658489	1.455740626
0.2792836937	0.7207163063	0.6737980893	1.45496175
0.2802846747	0.7197153253	0.67473269	1.454178518
0.2812856557	0.7187143443	0.6756695674	1.45339099
0.2822866366	0.7177133634	0.6766086395	1.452599231
0.2832876176	0.7167123824	0.6775498256	1.451803301
0.2842885986	0.7157114014	0.6784930468	1.451003261
0.2852895796	0.7147104204	0.6794382254	1.450199173
0.2862905606	0.7137094394	0.6803852851	1.449391095
0.2872915415	0.7127084585	0.6813341511	1.448579087
0.2882925225	0.7117074775	0.6822847497	1.447763207
0.2892935035	0.7107064965	0.6832370088	1.446943512
0.2902944845	0.7097055155	0.6841908574	1.44612006
0.2912954655	0.7087045345	0.6851462258	1.445292907
0.2922964464	0.7077035536	0.6861030456	1.444462108
0.2932974274	0.7067025726	0.6870612495	1.443627718
0.2942984084	0.7057015916	0.6880207715	1.442789793
0.2952993894	0.7047006106	0.6889815466	1.441948385
0.2963003704	0.7036996296	0.6899435113	1.441103547
0.2973013514	0.7026986486	0.6909066027	1.440255333
0.2983023323	0.7016976677	0.6918707594	1.439403795
0.2993033133	0.7006966867	0.692835921	1.438548982
0.3003042943	0.6996957057	0.693802028	1.437690948
0.3013052753	0.6986947247	0.6947690221	1.43682974
0.3023062563	0.6976937437	0.6957368459	1.43596541
0.3033072372	0.6966927628	0.6967054432	1.435098007
0.3043082182	0.6956917818	0.6976747584	1.434227577
0.3053091992	0.6946908008	0.6986447372	1.433354171
0.3063101802	0.6936898198	0.6996153261	1.432477834
0.3073111612	0.6926888388	0.7005864727	1.431598614
0.3083121421	0.6916878579	0.7015581251	1.430716557
0.3093131231	0.6906868769	0.7025302328	1.42983171
0.3103141041	0.6896858959	0.7035027457	1.428944116
0.3113150851	0.6886849149	0.7044756149	1.428053821
0.3123160661	0.6876839339	0.7054487923	1.427160869
0.313317047	0.686682953	0.7064222303	1.426265304
0.314318028	0.685681972	0.7073958826	1.425367169
0.315319009	0.684680991	0.7083697033	1.424466507
0.31631999	0.68368001	0.7093436475	1.42356336
0.317320971	0.682679029	0.710317671	1.42265777
0.318321952	0.681678048	0.7112917304	1.421749777
0.3193229329	0.6806770671	0.7122657829	1.420839424
0.3203239139	0.6796760861	0.7132397866	1.419926749
0.3213248949	0.6786751051	0.7142137002	1.419011794
0.3223258759	0.6776741241	0.7151874832	1.418094597
0.3233268569	0.6766731431	0.7161610957	1.417175198
0.3243278378	0.6756721622	0.7171344985	1.416253635
0.3253288188	0.6746711812	0.7181076532	1.415329946
0.3263297998	0.6736702002	0.7190805218	1.414404169
0.3273307808	0.6726692192	0.7200530671	1.413476341
0.3283317618	0.6716682382	0.7210252525	1.412546498
0.3293327427	0.6706672573	0.7219970422	1.411614678
0.3303337237	0.6696662763	0.7229684006	1.410680917
0.3313347047	0.6686652953	0.7239392932	1.409745249
0.3323356857	0.6676643143	0.7249096856	1.40880771
0.3333366667	0.6666633333	0.7258795444	1.407868335
0.3343376476	0.6656623524	0.7268488366	1.406927157
0.3353386286	0.6646613714	0.7278175296	1.405984212
0.3363396096	0.6636603904	0.7287855916	1.405039533
0.3373405906	0.6626594094	0.7297529913	1.404093153
0.3383415716	0.6616584284	0.7307196978	1.403145104
0.3393425526	0.6606574474	0.7316856809	1.402195419
0.3403435335	0.6596564665	0.7326509107	1.401244131
0.3413445145	0.6586554855	0.733615358	1.400291271
0.3423454955	0.6576545045	0.7345789941	1.39933687
0.3433464765	0.6566535235	0.7355417906	1.398380959
0.3443474575	0.6556525425	0.7365037198	1.39742357
0.3453484384	0.6546515616	0.7374647544	1.396464732
0.3463494194	0.6536505806	0.7384248676	1.395504475
0.3473504004	0.6526495996	0.7393840328	1.394542829
0.3483513814	0.6516486186	0.7403422243	1.393579823
0.3493523624	0.6506476376	0.7412994165	1.392615486
0.3503533433	0.6496466567	0.7422555844	1.391649847
0.3513543243	0.6486456757	0.7432107034	1.390682934
0.3523553053	0.6476446947	0.7441647493	1.389714775
0.3533562863	0.6466437137	0.7451176983	1.388745398
0.3543572673	0.6456427327	0.7460695271	1.387774829
0.3553582482	0.6446417518	0.7470202127	1.386803097
0.3563592292	0.6436407708	0.7479697325	1.385830227
0.3573602102	0.6426397898	0.7489180645	1.384856247
0.3583611912	0.6416388088	0.7498651869	1.383881182
0.3593621722	0.6406378278	0.7508110781	1.382905058
0.3603631532	0.6396368468	0.7517557174	1.3819279
0.3613641341	0.6386358659	0.7526990839	1.380949734
0.3623651151	0.6376348849	0.7536411574	1.379970585
0.3633660961	0.6366339039	0.754581918	1.378990478
0.3643670771	0.6356329229	0.7555213462	1.378009436
0.3653680581	0.6346319419	0.7564594226	1.377027484
0.366369039	0.633630961	0.7573961285	1.376044646
0.36737002	0.63262998	0.7583314452	1.375060945
0.368371001	0.631628999	0.7592653546	1.374076405
0.369371982	0.630628018	0.7601978388	1.373091048
0.370372963	0.629627037	0.7611288802	1.372104897
0.3713739439	0.6286260561	0.7620584615	1.371117975
0.3723749249	0.6276250751	0.7629865658	1.370130304
0.3733759059	0.6266240941	0.7639131766	1.369141907
0.3743768869	0.6256231131	0.7648382774	1.368152804
0.3753778679	0.6246221321	0.7657618522	1.367163017
0.3763788488	0.6236211512	0.7666838854	1.366172567
0.3773798298	0.6226201702	0.7676043614	1.365181476
0.3783808108	0.6216191892	0.768523265	1.364189765
0.3793817918	0.6206182082	0.7694405816	1.363197452
0.3803827728	0.6196172272	0.7703562963	1.36220456
0.3813837538	0.6186162462	0.7712703949	1.361211108
0.3823847347	0.6176152653	0.7721828633	1.360217116
0.3833857157	0.6166142843	0.7730936878	1.359222603
0.3843866967	0.6156133033	0.7740028548	1.358227589
0.3853876777	0.6146123223	0.7749103509	1.357232093
0.3863886587	0.6136113413	0.7758161633	1.356236134
0.3873896396	0.6126103604	0.7767202791	1.35523973
0.3883906206	0.6116093794	0.7776226857	1.3542429
0.3893916016	0.6106083984	0.778523371	1.353245663
0.3903925826	0.6096074174	0.7794223228	1.352248036
0.3913935636	0.6086064364	0.7803195294	1.351250037
0.3923945445	0.6076054555	0.7812149791	1.350251684
0.3933955255	0.6066044745	0.7821086606	1.349252995
0.3943965065	0.6056034935	0.7830005627	1.348253986
0.3953974875	0.6046025125	0.7838906747	1.347254674
0.3963984685	0.6036015315	0.7847789857	1.346255077
0.3973994494	0.6026005506	0.7856654854	1.345255211
0.3984004304	0.6015995696	0.7865501634	1.344255093
0.3994014114	0.6005985886	0.7874330098	1.343254739
0.4004023924	0.5995976076	0.7883140146	1.342254164
0.4014033734	0.5985966266	0.7891931682	1.341253386
0.4024043544	0.5975956456	0.7900704613	1.340252419
0.4034053353	0.5965946647	0.7909458845	1.339251279
0.4044063163	0.5955936837	0.7918194288	1.338249981
0.4054072973	0.5945927027	0.7926910854	1.337248542
0.4064082783	0.5935917217	0.7935608456	1.336246974
0.4074092593	0.5925907407	0.794428701	1.335245294
0.4084102402	0.5915897598	0.7952946432	1.334243516
0.4094112212	0.5905887788	0.7961586641	1.333241655
0.4104122022	0.5895877978	0.7970207559	1.332239725
0.4114131832	0.5885868168	0.7978809107	1.331237739
0.4124141642	0.5875858358	0.798739121	1.330235713
0.4134151451	0.5865848549	0.7995953793	1.329233659
0.4144161261	0.5855838739	0.8004496786	1.328231592
0.4154171071	0.5845828929	0.8013020116	1.327229525
0.4164180881	0.5835819119	0.8021523714	1.326227471
0.4174190691	0.5825809309	0.8030007514	1.325225443
0.4184200501	0.5815799499	0.803847145	1.324223455
0.419421031	0.580578969	0.8046915456	1.323221519
0.420422012	0.579577988	0.8055339472	1.322219648
0.421422993	0.578577007	0.8063743434	1.321217855
0.422423974	0.577576026	0.8072127285	1.320216152
0.423424955	0.576575045	0.8080490965	1.319214551
0.4244259359	0.5755740641	0.8088834418	1.318213065
0.4254269169	0.5745730831	0.8097157589	1.317211705
0.4264278979	0.5735721021	0.8105460424	1.316210483
0.4274288789	0.5725711211	0.811374287	1.315209412
0.4284298599	0.5715701401	0.8122004877	1.314208502
0.4294308408	0.5705691592	0.8130246395	1.313207764
0.4304318218	0.5695681782	0.8138467376	1.312207212
0.4314328028	0.5685671972	0.8146667773	1.311206854
0.4324337838	0.5675662162	0.815484754	1.310206703
0.4334347648	0.5665652352	0.8163006633	1.309206769
0.4344357457	0.5655642543	0.8171145009	1.308207064
0.4354367267	0.5645632733	0.8179262625	1.307207597
0.4364377077	0.5635622923	0.8187359443	1.306208379
0.4374386887	0.5625613113	0.8195435422	1.305209421
0.4384396697	0.5615603303	0.8203490524	1.304210733
0.4394406507	0.5605593493	0.8211524712	1.303212325
0.4404416316	0.5595583684	0.8219537951	1.302214207
0.4414426126	0.5585573874	0.8227530206	1.301216389
0.4424435936	0.5575564064	0.8235501444	1.30021888
0.4434445746	0.5565554254	0.8243451632	1.299221691
0.4444455556	0.5555544444	0.825138074	1.298224831
0.4454465365	0.5545534635	0.8259288736	1.297228309
0.4464475175	0.5535524825	0.8267175593	1.296232134
0.4474484985	0.5525515015	0.8275041282	1.295236317
0.4484494795	0.5515505205	0.8282885777	1.294240865
0.4494504605	0.5505495395	0.8290709051	1.293245788
0.4504514414	0.5495485586	0.829851108	1.292251095
0.4514524224	0.5485475776	0.830629184	1.291256795
0.4524534034	0.5475465966	0.8314051308	1.290262895
0.4534543844	0.5465456156	0.8321789463	1.289269405
0.4544553654	0.5455446346	0.8329506283	1.288276334
0.4554563463	0.5445436537	0.8337201749	1.287283688
0.4564573273	0.5435426727	0.8344875842	1.286291478
0.4574583083	0.5425416917	0.8352528543	1.28529971
0.4584592893	0.5415407107	0.8360159836	1.284308393
0.4594602703	0.5405397297	0.8367769705	1.283317535
0.4604612513	0.5395387487	0.8375358134	1.282327143
0.4614622322	0.5385377678	0.8382925108	1.281337225
0.4624632132	0.5375367868	0.8390470615	1.28034779
0.4634641942	0.5365358058	0.8397994641	1.279358844
0.4644651752	0.5355348248	0.8405497175	1.278370395
0.4654661562	0.5345338438	0.8412978206	1.277382451
0.4664671371	0.5335328629	0.8420437723	1.276395017
0.4674681181	0.5325318819	0.8427875717	1.275408103
0.4684690991	0.5315309009	0.843529218	1.274421714
0.4694700801	0.5305299199	0.8442687103	1.273435859
0.4704710611	0.5295289389	0.845006048	1.272450543
0.471472042	0.528527958	0.8457412304	1.271465773
0.472473023	0.527526977	0.846474257	1.270481557
0.473474004	0.526525996	0.8472051273	1.2694979
0.474474985	0.525525015	0.8479338408	1.26851481
0.475475966	0.524524034	0.8486603974	1.267532293
0.4764769469	0.5235230531	0.8493847967	1.266550356
0.4774779279	0.5225220721	0.8501070384	1.265569004
0.4784789089	0.5215210911	0.8508271226	1.264588244
0.4794798899	0.5205201101	0.8515450491	1.263608081
0.4804808709	0.5195191291	0.852260818	1.262628523
0.4814818519	0.5185181481	0.8529744293	1.261649575
0.4824828328	0.5175171672	0.8536858832	1.260671243
0.4834838138	0.5165161862	0.8543951798	1.259693533
0.4844847948	0.5155152052	0.8551023196	1.25871645
0.4854857758	0.5145142242	0.8558073027	1.257740001
0.4864867568	0.5135132432	0.8565101297	1.256764191
0.4874877377	0.5125122623	0.8572108009	1.255789024
0.4884887187	0.5115112813	0.8579093168	1.254814508
0.4894896997	0.5105103003	0.8586056782	1.253840647
0.4904906807	0.5095093193	0.8592998855	1.252867447
0.4914916617	0.5085083383	0.8599919395	1.251894913
0.4924926426	0.5075073574	0.860681841	1.250923049
0.4934936236	0.5065063764	0.8613695907	1.249951862
0.4944946046	0.5055053954	0.8620551895	1.248981356
0.4954955856	0.5045044144	0.8627386384	1.248011535
0.4964965666	0.5035034334	0.8634199382	1.247042406
0.4974975475	0.5025024525	0.8640990901	1.246073973
0.4984985285	0.5015014715	0.864776095	1.245106241
0.4994995095	0.5005004905	0.8654509542	1.244139214
0.5005004905	0.4994995095	0.8661236688	1.243172897
0.5015014715	0.4984985285	0.86679424	1.242207295
0.5025024525	0.4974975475	0.8674626691	1.241242411
0.5035034334	0.4964965666	0.8681289574	1.240278252
0.5045044144	0.4954955856	0.8687931064	1.23931482
0.5055053954	0.4944946046	0.8694551173	1.23835212
0.5065063764	0.4934936236	0.8701149917	1.237390158
0.5075073574	0.4924926426	0.8707727311	1.236428936
0.5085083383	0.4914916617	0.871428337	1.235468458
0.5095093193	0.4904906807	0.8720818111	1.23450873
0.5105103003	0.4894896997	0.872733155	1.233549756
0.5115112813	0.4884887187	0.8733823703	1.232591538
0.5125122623	0.4874877377	0.8740294588	1.231634081
0.5135132432	0.4864867568	0.8746744223	1.230677389
0.5145142242	0.4854857758	0.8753172626	1.229721466
0.5155152052	0.4844847948	0.8759579815	1.228766315
0.5165161862	0.4834838138	0.8765965809	1.22781194
0.5175171672	0.4824828328	0.8772330628	1.226858345
0.5185181481	0.4814818519	0.8778674291	1.225905534
0.5195191291	0.4804808709	0.8784996818	1.224953509
0.5205201101	0.4794798899	0.8791298229	1.224002275
0.5215210911	0.4784789089	0.8797578547	1.223051835
0.5225220721	0.4774779279	0.880383779	1.222102192
0.5235230531	0.4764769469	0.8810075982	1.221153349
0.524524034	0.475475966	0.8816293144	1.220205311
0.525525015	0.474474985	0.8822489299	1.21925808
0.526525996	0.473474004	0.8828664468	1.218311659
0.527526977	0.472473023	0.8834818675	1.217366051
0.528527958	0.471472042	0.8840951943	1.21642126
0.5295289389	0.4704710611	0.8847064295	1.215477289
0.5305299199	0.4694700801	0.8853155756	1.21453414
0.5315309009	0.4684690991	0.885922635	1.213591817
0.5325318819	0.4674681181	0.8865276101	1.212650323
0.5335328629	0.4664671371	0.8871305033	1.21170966
0.5345338438	0.4654661562	0.8877313173	1.210769831
0.5355348248	0.4644651752	0.8883300545	1.209830839
0.5365358058	0.4634641942	0.8889267176	1.208892686
0.5375367868	0.4624632132	0.889521309	1.207955376
0.5385377678	0.4614622322	0.8901138315	1.207018911
0.5395387487	0.4604612513	0.8907042877	1.206083294
0.5405397297	0.4594602703	0.8912926803	1.205148527
0.5415407107	0.4584592893	0.891879012	1.204214612
0.5425416917	0.4574583083	0.8924632855	1.203281553
0.5435426727	0.4564573273	0.8930455035	1.202349352
0.5445436537	0.4554563463	0.893625669	1.20141801
0.5455446346	0.4544553654	0.8942037846	1.200487531
0.5465456156	0.4534543844	0.8947798533	1.199557916
0.5475465966	0.4524534034	0.8953538778	1.198629169
0.5485475776	0.4514524224	0.8959258611	1.19770129
0.5495485586	0.4504514414	0.8964958061	1.196774284
0.5505495395	0.4494504605	0.8970637157	1.19584815
0.5515505205	0.4484494795	0.8976295928	1.194922893
0.5525515015	0.4474484985	0.8981934404	1.193998513
0.5535524825	0.4464475175	0.8987552616	1.193075013
0.5545534635	0.4454465365	0.8993150594	1.192152395
0.5555544444	0.4444455556	0.8998728367	1.19123066
0.5565554254	0.4434445746	0.9004285967	1.190309812
0.5575564064	0.4424435936	0.9009823425	1.189389851
0.5585573874	0.4414426126	0.901534077	1.18847078
0.5595583684	0.4404416316	0.9020838035	1.1875526
0.5605593493	0.4394406507	0.9026315252	1.186635313
0.5615603303	0.4384396697	0.903177245	1.185718922
0.5625613113	0.4374386887	0.9037209663	1.184803427
0.5635622923	0.4364377077	0.9042626923	1.18388883
0.5645632733	0.4354367267	0.9048024261	1.182975134
0.5655642543	0.4344357457	0.905340171	1.182062339
0.5665652352	0.4334347648	0.9058759302	1.181150448
0.5675662162	0.4324337838	0.906409707	1.180239462
0.5685671972	0.4314328028	0.9069415046	1.179329382
0.5695681782	0.4304318218	0.9074713265	1.17842021
0.5705691592	0.4294308408	0.9079991758	1.177511947
0.5715701401	0.4284298599	0.908525056	1.176604596
0.5725711211	0.4274288789	0.9090489703	1.175698157
0.5735721021	0.4264278979	0.9095709222	1.174792631
0.5745730831	0.4254269169	0.910090915	1.173888021
0.5755740641	0.4244259359	0.9106089521	1.172984327
0.576575045	0.423424955	0.9111250369	1.172081551
0.577576026	0.422423974	0.9116391728	1.171179694
0.578577007	0.421422993	0.9121513633	1.170278757
0.579577988	0.420422012	0.9126616117	1.169378742
0.580578969	0.419421031	0.9131699217	1.16847965
0.5815799499	0.4184200501	0.9136762966	1.167581481
0.5825809309	0.4174190691	0.9141807398	1.166684237
0.5835819119	0.4164180881	0.9146832551	1.16578792
0.5845828929	0.4154171071	0.9151838457	1.164892529
0.5855838739	0.4144161261	0.9156825153	1.163998067
0.5865848549	0.4134151451	0.9161792673	1.163104534
0.5875858358	0.4124141642	0.9166741054	1.162211932
0.5885868168	0.4114131832	0.9171670331	1.161320261
0.5895877978	0.4104122022	0.9176580539	1.160429522
0.5905887788	0.4094112212	0.9181471714	1.159539716
0.5915897598	0.4084102402	0.9186343892	1.158650844
0.5925907407	0.4074092593	0.9191197109	1.157762908
0.5935917217	0.4064082783	0.9196031402	1.156875907
0.5945927027	0.4054072973	0.9200846805	1.155989843
0.5955936837	0.4044063163	0.9205643356	1.155104716
0.5965946647	0.4034053353	0.9210421091	1.154220528
0.5975956456	0.4024043544	0.9215180046	1.153337279
0.5985966266	0.4014033734	0.9219920258	1.152454969
0.5995976076	0.4004023924	0.9224641763	1.1515736
0.6005985886	0.3994014114	0.9229344598	1.150693173
0.6015995696	0.3984004304	0.92340288	1.149813687
0.6026005506	0.3973994494	0.9238694405	1.148935144
0.6036015315	0.3963984685	0.9243341451	1.148057544
0.6046025125	0.3953974875	0.9247969975	1.147180888
0.6056034935	0.3943965065	0.9252580013	1.146305176
0.6066044745	0.3933955255	0.9257171603	1.145430409
0.6076054555	0.3923945445	0.9261744782	1.144556588
0.6086064364	0.3913935636	0.9266299587	1.143683713
0.6096074174	0.3903925826	0.9270836055	1.142811784
0.6106083984	0.3893916016	0.9275354225	1.141940803
0.6116093794	0.3883906206	0.9279854132	1.141070769
0.6126103604	0.3873896396	0.9284335816	1.140201683
0.6136113413	0.3863886587	0.9288799313	1.139333546
0.6146123223	0.3853876777	0.9293244661	1.138466357
0.6156133033	0.3843866967	0.9297671898	1.137600118
0.6166142843	0.3833857157	0.9302081061	1.136734828
0.6176152653	0.3823847347	0.9306472188	1.135870489
0.6186162462	0.3813837538	0.9310845318	1.135007099
0.6196172272	0.3803827728	0.9315200487	1.13414466
0.6206182082	0.3793817918	0.9319537734	1.133283173
0.6216191892	0.3783808108	0.9323857097	1.132422636
0.6226201702	0.3773798298	0.9328158614	1.131563051
0.6236211512	0.3763788488	0.9332442322	1.130704418
0.6246221321	0.3753778679	0.9336708261	1.129846736
0.6256231131	0.3743768869	0.9340956467	1.128990007
0.6266240941	0.3733759059	0.934518698	1.12813423
0.6276250751	0.3723749249	0.9349399836	1.127279406
0.6286260561	0.3713739439	0.9353595076	1.126425535
0.629627037	0.370372963	0.9357772735	1.125572616
0.630628018	0.369371982	0.9361932854	1.124720651
0.631628999	0.368371001	0.9366075471	1.123869639
0.63262998	0.36737002	0.9370200622	1.12301958
0.633630961	0.366369039	0.9374308348	1.122170474
0.6346319419	0.3653680581	0.9378398686	1.121322322
0.6356329229	0.3643670771	0.9382471675	1.120475123
0.6366339039	0.3633660961	0.9386527353	1.119628878
0.6376348849	0.3623651151	0.9390565758	1.118783586
0.6386358659	0.3613641341	0.939458693	1.117939248
0.6396368468	0.3603631532	0.9398590906	1.117095863
0.6406378278	0.3593621722	0.9402577724	1.116253432
0.6416388088	0.3583611912	0.9406547424	1.115411955
0.6426397898	0.3573602102	0.9410500044	1.114571431
0.6436407708	0.3563592292	0.9414435622	1.11373186
0.6446417518	0.3553582482	0.9418354198	1.112893243
0.6456427327	0.3543572673	0.9422255808	1.112055579
0.6466437137	0.3533562863	0.9426140493	1.111218868
0.6476446947	0.3523553053	0.943000829	1.11038311
0.6486456757	0.3513543243	0.9433859238	1.109548306
0.6496466567	0.3503533433	0.9437693376	1.108714454
0.6506476376	0.3493523624	0.9441510741	1.107881554
0.6516486186	0.3483513814	0.9445311374	1.107049607
0.6526495996	0.3473504004	0.9449095312	1.106218612
0.6536505806	0.3463494194	0.9452862593	1.10538857
0.6546515616	0.3453484384	0.9456613257	1.104559479
0.6556525425	0.3443474575	0.9460347342	1.10373134
0.6566535235	0.3433464765	0.9464064886	1.102904153
0.6576545045	0.3423454955	0.9467765928	1.102077917
0.6586554855	0.3413445145	0.9471450506	1.101252631
0.6596564665	0.3403435335	0.947511866	1.100428297
0.6606574474	0.3393425526	0.9478770427	1.099604913
0.6616584284	0.3383415716	0.9482405846	1.098782479
0.6626594094	0.3373405906	0.9486024956	1.097960995
0.6636603904	0.3363396096	0.9489627794	1.09714046
0.6646613714	0.3353386286	0.94932144	1.096320875
0.6656623524	0.3343376476	0.9496784812	1.095502239
0.6666633333	0.3333366667	0.9500339068	1.094684551
0.6676643143	0.3323356857	0.9503877207	1.093867812
0.6686652953	0.3313347047	0.9507399268	1.09305202
0.6696662763	0.3303337237	0.9510905287	1.092237176
0.6706672573	0.3293327427	0.9514395305	1.09142328
0.6716682382	0.3283317618	0.9517869359	1.090610329
0.6726692192	0.3273307808	0.9521327488	1.089798326
0.6736702002	0.3263297998	0.952476973	1.088987268
0.6746711812	0.3253288188	0.9528196123	1.088177156
0.6756721622	0.3243278378	0.9531606706	1.087367988
0.6766731431	0.3233268569	0.9535001516	1.086559766
0.6776741241	0.3223258759	0.9538380593	1.085752488
0.6786751051	0.3213248949	0.9541743973	1.084946153
0.6796760861	0.3203239139	0.9545091697	1.084140762
0.6806770671	0.3193229329	0.95484238	1.083336313
0.681678048	0.318321952	0.9551740323	1.082532807
0.682679029	0.317320971	0.9555041302	1.081730243
0.68368001	0.31631999	0.9558326776	1.08092862
0.684680991	0.315319009	0.9561596783	1.080127938
0.685681972	0.314318028	0.9564851362	1.079328196
0.686682953	0.313317047	0.9568090548	1.078529394
0.6876839339	0.3123160661	0.9571314382	1.077731532
0.6886849149	0.3113150851	0.9574522901	1.076934608
0.6896858959	0.3103141041	0.9577716142	1.076138622
0.6906868769	0.3093131231	0.9580894144	1.075343574
0.6916878579	0.3083121421	0.9584056945	1.074549463
0.6926888388	0.3073111612	0.9587204581	1.073756288
0.6936898198	0.3063101802	0.9590337092	1.072964049
0.6946908008	0.3053091992	0.9593454514	1.072172745
0.6956917818	0.3043082182	0.9596556885	1.071382377
0.6966927628	0.3033072372	0.9599644243	1.070592942
0.6976937437	0.3023062563	0.9602716626	1.069804441
0.6986947247	0.3013052753	0.9605774071	1.069016872
0.6996957057	0.3003042943	0.9608816616	1.068230236
0.7006966867	0.2993033133	0.9611844298	1.067444531
0.7016976677	0.2983023323	0.9614857154	1.066659758
0.7026986486	0.2973013514	0.9617855223	1.065875914
0.7036996296	0.2963003704	0.9620838541	1.065093
0.7047006106	0.2952993894	0.9623807146	1.064311016
0.7057015916	0.2942984084	0.9626761074	1.063529959
0.7067025726	0.2932974274	0.9629700364	1.062749831
0.7077035536	0.2922964464	0.9632625053	1.061970629
0.7087045345	0.2912954655	0.9635535177	1.061192353
0.7097055155	0.2902944845	0.9638430774	1.060415003
0.7107064965	0.2892935035	0.964131188	1.059638578
0.7117074775	0.2882925225	0.9644178534	1.058863077
0.7127084585	0.2872915415	0.9647030771	1.0580885
0.7137094394	0.2862905606	0.9649868629	1.057314845
0.7147104204	0.2852895796	0.9652692145	1.056542112
0.7157114014	0.2842885986	0.9655501356	1.055770301
0.7167123824	0.2832876176	0.9658296297	1.05499941
0.7177133634	0.2822866366	0.9661077007	1.054229439
0.7187143443	0.2812856557	0.9663843521	1.053460387
0.7197153253	0.2802846747	0.9666595877	1.052692253
0.7207163063	0.2792836937	0.9669334111	1.051925037
0.7217172873	0.2782827127	0.9672058259	1.051158738
0.7227182683	0.2772817317	0.9674768359	1.050393354
0.7237192492	0.2762807508	0.9677464446	1.049628886
0.7247202302	0.2752797698	0.9680146557	1.048865332
0.7257212112	0.2742787888	0.9682814728	1.048102692
0.7267221922	0.2732778078	0.9685468996	1.047340965
0.7277231732	0.2722768268	0.9688109396	1.04658015
0.7287241542	0.2712758458	0.9690735966	1.045820247
0.7297251351	0.2702748649	0.969334874	1.045061253
0.7307261161	0.2692738839	0.9695947756	1.04430317
0.7317270971	0.2682729029	0.969853305	1.043545995
0.7327280781	0.2672719219	0.9701104656	1.042789728
0.7337290591	0.2662709409	0.9703662612	1.042034369
0.73473004	0.26526996	0.9706206953	1.041279915
0.735731021	0.264268979	0.9708737714	1.040526368
0.736732002	0.263267998	0.9711254933	1.039773725
0.737732983	0.262267017	0.9713758644	1.039021986
0.738733964	0.261266036	0.9716248882	1.03827115
0.7397349449	0.2602650551	0.9718725685	1.037521216
0.7407359259	0.2592640741	0.9721189087	1.036772184
0.7417369069	0.2582630931	0.9723639123	1.036024052
0.7427378879	0.2572621121	0.9726075829	1.035276819
0.7437388689	0.2562611311	0.9728499241	1.034530485
0.7447398498	0.2552601502	0.9730909394	1.03378505
0.7457408308	0.2542591692	0.9733306323	1.033040511
0.7467418118	0.2532581882	0.9735690063	1.032296868
0.7477427928	0.2522572072	0.9738060649	1.03155412
0.7487437738	0.2512562262	0.9740418117	1.030812267
0.7497447548	0.2502552452	0.9742762502	1.030071307
0.7507457357	0.2492542643	0.9745093838	1.02933124
0.7517467167	0.2482532833	0.974741216	1.028592065
0.7527476977	0.2472523023	0.9749717504	1.02785378
0.7537486787	0.2462513213	0.9752009904	1.027116385
0.7547496597	0.2452503403	0.9754289394	1.026379879
0.7557506406	0.2442493594	0.975655601	1.025644261
0.7567516216	0.2432483784	0.9758809786	1.02490953
0.7577526026	0.2422473974	0.9761050757	1.024175685
0.7587535836	0.2412464164	0.9763278957	1.023442726
0.7597545646	0.2402454354	0.976549442	1.022710651
0.7607555455	0.2392444545	0.9767697181	1.021979459
0.7617565265	0.2382434735	0.9769887275	1.02124915
0.7627575075	0.2372424925	0.9772064734	1.020519723
0.7637584885	0.2362415115	0.9774229595	1.019791176
0.7647594695	0.2352405305	0.977638189	1.019063509
0.7657604505	0.2342395495	0.9778521654	1.01833672
0.7667614314	0.2332385686	0.9780648921	1.01761081
0.7677624124	0.2322375876	0.9782763725	1.016885776
0.7687633934	0.2312366066	0.9784866099	1.016161618
0.7697643744	0.2302356256	0.9786956078	1.015438335
0.7707653554	0.2292346446	0.9789033695	1.014715926
0.7717663363	0.2282336637	0.9791098984	1.01399439
0.7727673173	0.2272326827	0.9793151979	1.013273727
0.7737682983	0.2262317017	0.9795192712	1.012553934
0.7747692793	0.2252307207	0.9797221218	1.011835011
0.7757702603	0.2242297397	0.979923753	1.011116958
0.7767712412	0.2232287588	0.9801241682	1.010399773
0.7777722222	0.2222277778	0.9803233706	1.009683455
0.7787732032	0.2212267968	0.9805213636	1.008968004
0.7797741842	0.2202258158	0.9807181505	1.008253417
0.7807751652	0.2192248348	0.9809137346	1.007539695
0.7817761461	0.2182238539	0.9811081193	1.006826837
0.7827771271	0.2172228729	0.9813013077	1.006114841
0.7837781081	0.2162218919	0.9814933033	1.005403706
0.7847790891	0.2152209109	0.9816841093	1.004693431
0.7857800701	0.2142199299	0.981873729	1.003984016
0.7867810511	0.2132189489	0.9820621656	1.003275459
0.787782032	0.212217968	0.9822494225	1.00256776
0.788783013	0.211216987	0.9824355028	1.001860917
0.789783994	0.210216006	0.9826204098	1.001154929
0.790784975	0.209215025	0.9828041469	1.000449796
0.791785956	0.208214044	0.9829867171	0.9997455165
0.7927869369	0.2072130631	0.9831681238	0.9990420892
0.7937879179	0.2062120821	0.9833483702	0.9983395133
0.7947888989	0.2052111011	0.9835274595	0.9976377878
0.7957898799	0.2042101201	0.9837053948	0.9969369117
0.7967908609	0.2032091391	0.9838821795	0.9962368839
0.7977918418	0.2022081582	0.9840578167	0.9955377035
0.7987928228	0.2012071772	0.9842323097	0.9948393695
0.7997938038	0.2002061962	0.9844056615	0.9941418808
0.8007947848	0.1992052152	0.9845778754	0.9934452364
0.8017957658	0.1982042342	0.9847489546	0.9927494353
0.8027967467	0.1972032533	0.9849189021	0.9920544765
0.8037977277	0.1962022723	0.9850877213	0.991360359
0.8047987087	0.1952012913	0.9852554152	0.9906670817
0.8057996897	0.1942003103	0.985421987	0.9899746436
0.8068006707	0.1931993293	0.9855874398	0.9892830438
0.8078016517	0.1921983483	0.9857517768	0.9885922811
0.8088026326	0.1911973674	0.985915001	0.9879023545
0.8098036136	0.1901963864	0.9860771157	0.9872132631
0.8108045946	0.1891954054	0.9862381239	0.9865250057
0.8118055756	0.1881944244	0.9863980287	0.9858375814
0.8128065566	0.1871934434	0.9865568332	0.9851509892
0.8138075375	0.1861924625	0.9867145406	0.9844652279
0.8148085185	0.1851914815	0.9868711539	0.9837802966
0.8158094995	0.1841905005	0.9870266762	0.9830961942
0.8168104805	0.1831895195	0.9871811105	0.9824129197
0.8178114615	0.1821885385	0.98733446	0.9817304721
0.8188124424	0.1811875576	0.9874867276	0.9810488502
0.8198134234	0.1801865766	0.9876379166	0.9803680532
0.8208144044	0.1791855956	0.9877880298	0.9796880798
0.8218153854	0.1781846146	0.9879370703	0.9790089292
0.8228163664	0.1771836336	0.9880850413	0.9783306003
0.8238173473	0.1761826527	0.9882319456	0.9776530919
0.8248183283	0.1751816717	0.9883777863	0.9769764031
0.8258193093	0.1741806907	0.9885225665	0.9763005329
0.8268202903	0.1731797097	0.9886662891	0.9756254801
0.8278212713	0.1721787287	0.9888089572	0.9749512437
0.8288222523	0.1711777477	0.9889505737	0.9742778228
0.8298232332	0.1701767668	0.9890911416	0.9736052162
0.8308242142	0.1691757858	0.989230664	0.9729334229
0.8318251952	0.1681748048	0.9893691437	0.9722624419
0.8328261762	0.1671738238	0.9895065837	0.971592272
0.8338271572	0.1661728428	0.9896429871	0.9709229123
0.8348281381	0.1651718619	0.9897783567	0.9702543617
0.8358291191	0.1641708809	0.9899126955	0.9695866192
0.8368301001	0.1631698999	0.9900460065	0.9689196836
0.8378310811	0.1621689189	0.9901782925	0.9682535541
0.8388320621	0.1611679379	0.9903095566	0.9675882294
0.839833043	0.160166957	0.9904398016	0.9669237085
0.840834024	0.159165976	0.9905690304	0.9662599905
0.841835005	0.158164995	0.990697246	0.9655970742
0.842835986	0.157164014	0.9908244512	0.9649349586
0.843836967	0.156163033	0.990950649	0.9642736426
0.8448379479	0.1551620521	0.9910758422	0.9636131253
0.8458389289	0.1541610711	0.9912000337	0.9629534054
0.8468399099	0.1531600901	0.9913232264	0.962294482
0.8478408909	0.1521591091	0.9914454231	0.9616363541
0.8488418719	0.1511581281	0.9915666268	0.9609790205
0.8498428529	0.1501571471	0.9916868402	0.9603224802
0.8508438338	0.1491561662	0.9918060662	0.9596667321
0.8518448148	0.1481551852	0.9919243077	0.9590117753
0.8528457958	0.1471542042	0.9920415675	0.9583576086
0.8538467768	0.1461532232	0.9921578483	0.957704231
0.8548477578	0.1451522422	0.9922731532	0.9570516414
0.8558487387	0.1441512613	0.9923874847	0.9563998388
0.8568497197	0.1431502803	0.9925008458	0.9557488221
0.8578507007	0.1421492993	0.9926132393	0.9550985903
0.8588516817	0.1411483183	0.9927246679	0.9544491423
0.8598526627	0.1401473373	0.9928351345	0.953800477
0.8608536436	0.1391463564	0.9929446418	0.9531525934
0.8618546246	0.1381453754	0.9930531925	0.9525054905
0.8628556056	0.1371443944	0.9931607895	0.9518591671
0.8638565866	0.1361434134	0.9932674356	0.9512136222
0.8648575676	0.1351424324	0.9933731334	0.9505688549
0.8658585485	0.1341414515	0.9934778857	0.9499248639
0.8668595295	0.1331404705	0.9935816953	0.9492816482
0.8678605105	0.1321394895	0.9936845649	0.9486392069
0.8688614915	0.1311385085	0.9937864972	0.9479975388
0.8698624725	0.1301375275	0.993887495	0.9473566429
0.8708634535	0.1291365465	0.9939875609	0.9467165181
0.8718644344	0.1281355656	0.9940866977	0.9460771634
0.8728654154	0.1271345846	0.9941849081	0.9454385777
0.8738663964	0.1261336036	0.9942821947	0.9448007599
0.8748673774	0.1251326226	0.9943785603	0.9441637091
0.8758683584	0.1241316416	0.9944740076	0.9435274241
0.8768693393	0.1231306607	0.9945685391	0.9428919039
0.8778703203	0.1221296797	0.9946621576	0.9422571474
0.8788713013	0.1211286987	0.9947548658	0.9416231536
0.8798722823	0.1201277177	0.9948466663	0.9409899215
0.8808732633	0.1191267367	0.9949375617	0.9403574499
0.8818742442	0.1181257558	0.9950275547	0.9397257378
0.8828752252	0.1171247748	0.995116648	0.9390947842
0.8838762062	0.1161237938	0.9952048441	0.938464588
0.8848771872	0.1151228128	0.9952921457	0.9378351482
0.8858781682	0.1141218318	0.9953785554	0.9372064637
0.8868791491	0.1131208509	0.9954640758	0.9365785335
0.8878801301	0.1121198699	0.9955487096	0.9359513564
0.8888811111	0.1111188889	0.9956324592	0.9353249315
0.8898820921	0.1101179079	0.9957153274	0.9346992578
0.8908830731	0.1091169269	0.9957973166	0.934074334
0.8918840541	0.1081159459	0.9958784296	0.9334501593
0.892885035	0.107114965	0.9959586687	0.9328267325
0.893886016	0.106113984	0.9960380367	0.9322040527
0.894886997	0.105113003	0.9961165361	0.9315821186
0.895887978	0.104112022	0.9961941693	0.9309609294
0.896888959	0.103111041	0.9962709391	0.930340484
0.8978899399	0.1021100601	0.9963468478	0.9297207813
0.8988909209	0.1011090791	0.9964218981	0.9291018202
0.8998919019	0.1001080981	0.9964960925	0.9284835997
0.9008928829	0.09910711712	0.9965694335	0.9278661189
0.9018938639	0.09810613614	0.9966419236	0.9272493765
0.9028948448	0.09710515516	0.9967135653	0.9266333717
0.9038958258	0.09610417417	0.9967843611	0.9260181033
0.9048968068	0.09510319319	0.9968543135	0.9254035702
0.9058977878	0.09410221221	0.9969234251	0.9247897716
0.9068987688	0.09310123123	0.9969916982	0.9241767062
0.9078997497	0.09210025025	0.9970591354	0.9235643731
0.9089007307	0.09109926927	0.9971257392	0.9229527713
0.9099017117	0.09009828829	0.997191512	0.9223418996
0.9109026927	0.08909730731	0.9972564562	0.9217317571
0.9119036737	0.08809632633	0.9973205743	0.9211223427
0.9129046547	0.08709534535	0.9973838688	0.9205136553
0.9139056356	0.08609436436	0.9974463421	0.919905694
0.9149066166	0.08509338338	0.9975079967	0.9192984577
0.9159075976	0.0840924024	0.9975688349	0.9186919453
0.9169085786	0.08309142142	0.9976288592	0.9180861559
0.9179095596	0.08209044044	0.997688072	0.9174810884
0.9189105405	0.08108945946	0.9977464757	0.9168767417
0.9199115215	0.08008847848	0.9978040727	0.9162731148
0.9209125025	0.0790874975	0.9978608654	0.9156702068
0.9219134835	0.07808651652	0.9979168563	0.9150680164
0.9229144645	0.07708553554	0.9979720476	0.9144665429
0.9239154454	0.07608455455	0.9980264418	0.913865785
0.9249164264	0.07508357357	0.9980800412	0.9132657417
0.9259174074	0.07408259259	0.9981328482	0.9126664121
0.9269183884	0.07308161161	0.9981848652	0.9120677951
0.9279193694	0.07208063063	0.9982360945	0.9114698897
0.9289203504	0.07107964965	0.9982865385	0.9108726948
0.9299213313	0.07007866867	0.9983361995	0.9102762095
0.9309223123	0.06907768769	0.9983850798	0.9096804327
0.9319232933	0.06807670671	0.9984331818	0.9090853633
0.9329242743	0.06707572573	0.9984805078	0.9084910004
0.9339252553	0.06607474474	0.9985270601	0.9078973429
0.9349262362	0.06507376376	0.998572841	0.9073043899
0.9359272172	0.06407278278	0.9986178529	0.9067121402
0.9369281982	0.0630718018	0.998662098	0.9061205929
0.9379291792	0.06207082082	0.9987055787	0.9055297469
0.9389301602	0.06106983984	0.9987482971	0.9049396013
0.9399311411	0.06006885886	0.9987902557	0.904350155
0.9409321221	0.05906787788	0.9988314566	0.903761407
0.9419331031	0.0580668969	0.9988719022	0.9031733562
0.9429340841	0.05706591592	0.9989115947	0.9025860018
0.9439350651	0.05606493493	0.9989505363	0.9019993425
0.944936046	0.05506395395	0.9989887294	0.9014133776
0.945937027	0.05406297297	0.9990261761	0.9008281058
0.946938008	0.05306199199	0.9990628788	0.9002435263
0.947938989	0.05206101101	0.9990988396	0.8996596379
0.94893997	0.05106003003	0.9991340607	0.8990764398
0.949940951	0.05005904905	0.9991685445	0.8984939309
0.9509419319	0.04905806807	0.999202293	0.8979121101
0.9519429129	0.04805708709	0.9992353086	0.8973309765
0.9529438939	0.04705610611	0.9992675935	0.8967505291
0.9539448749	0.04605512513	0.9992991497	0.8961707669
0.9549458559	0.04505414414	0.9993299796	0.8955916888
0.9559468368	0.04405316316	0.9993600853	0.8950132938
0.9569478178	0.04305218218	0.9993894689	0.8944355811
0.9579487988	0.0420512012	0.9994181328	0.8938585494
0.9589497798	0.04105022022	0.999446079	0.893282198
0.9599507608	0.04004923924	0.9994733097	0.8927065257
0.9609517417	0.03904825826	0.9994998271	0.8921315316
0.9619527227	0.03804727728	0.9995256333	0.8915572146
0.9629537037	0.0370462963	0.9995507304	0.8909835738
0.9639546847	0.03604531532	0.9995751207	0.8904106082
0.9649556657	0.03504433433	0.9995988062	0.8898383167
0.9659566466	0.03404335335	0.9996217892	0.8892666985
0.9669576276	0.03304237237	0.9996440716	0.8886957524
0.9679586086	0.03204139139	0.9996656556	0.8881254776
0.9689595896	0.03104041041	0.9996865434	0.887555873
0.9699605706	0.03003942943	0.999706737	0.8869869376
0.9709615516	0.02903844845	0.9997262386	0.8864186704
0.9719625325	0.02803746747	0.9997450503	0.8858510706
0.9729635135	0.02703648649	0.9997631741	0.885284137
0.9739644945	0.02603550551	0.9997806121	0.8847178686
0.9749654755	0.02503452452	0.9997973664	0.8841522646
0.9759664565	0.02403354354	0.9998134391	0.8835873239
0.9769674374	0.02303256256	0.9998288323	0.8830230456
0.9779684184	0.02203158158	0.999843548	0.8824594286
0.9789693994	0.0210306006	0.9998575883	0.881896472
0.9799703804	0.02002961962	0.9998709552	0.8813341748
0.9809713614	0.01902863864	0.9998836508	0.8807725361
0.9819723423	0.01802765766	0.9998956771	0.8802115548
0.9829733233	0.01702667668	0.9999070361	0.87965123
0.9839743043	0.0160256957	0.99991773	0.8790915607
0.9849752853	0.01502471471	0.9999277607	0.8785325459
0.9859762663	0.01402373373	0.9999371302	0.8779741847
0.9869772472	0.01302275275	0.9999458405	0.8774164762
0.9879782282	0.01202177177	0.9999538938	0.8768594192
0.9889792092	0.01102079079	0.9999612919	0.8763030129
0.9899801902	0.01001980981	0.9999680368	0.8757472563
0.9909811712	0.009018828829	0.9999741306	0.8751921484
0.9919821522	0.008017847848	0.9999795753	0.8746376883
0.9929831331	0.007016866867	0.9999843728	0.8740838751
0.9939841141	0.006015885886	0.9999885251	0.8735307076
0.9949850951	0.005014904905	0.9999920342	0.8729781851
0.9959860761	0.004013923924	0.999994902	0.8724263064
0.9969870571	0.003012942943	0.9999971306	0.8718750708
0.997988038	0.002011961962	0.9999987218	0.8713244771
0.998989019	0.001010980981	0.9999996776	0.8707745245
0.99999	1e-05	1	0.870225212
