1e-05	0.99999	0.000576451158	0.999999996
0.001010980981	0.998989019	0.0006237750588	0.9999597992
0.002011961962	0.997988038	0.0006741314856	0.9998423875
0.003012942943	0.9969870571	0.0007276546481	0.9996500938
0.004013923924	0.9959860761	0.0007844813886	0.9993851866
0.005014904905	0.9949850951	0.0008447510983	0.9990498723
0.006015885886	0.9939841141	0.0009086056285	0.9986462965
0.007016866867	0.9929831331	0.0009761891994	0.998176546
0.008017847848	0.9919821522	0.001047648304	0.9976426505
0.009018828829	0.9909811712	0.00112313161	0.9970465843
0.01001980981	0.9899801902	0.001202789858	0.9963902673
0.01102079079	0.9889792092	0.001286775755	0.9956755675
0.01202177177	0.9879782282	0.00137524387	0.9949043014
0.01302275275	0.9869772472	0.001468350523	0.9940782364
0.01402373373	0.9859762663	0.001566253673	0.9931990913
0.01502471471	0.9849752853	0.001669112803	0.9922685385
0.0160256957	0.9839743043	0.001777088809	0.9912882046
0.01702667668	0.9829733233	0.001890343877	0.990259672
0.01802765766	0.9819723423	0.002009041369	0.9891844803
0.01902863864	0.9809713614	0.002133345701	0.9880641269
0.02002961962	0.9799703804	0.002263422227	0.9869000689
0.0210306006	0.9789693994	0.002399437113	0.9856937237
0.02203158158	0.9779684184	0.002541557219	0.9844464701
0.02303256256	0.9769674374	0.002689949978	0.9831596497
0.02403354354	0.9759664565	0.002844783272	0.9818345677
0.02503452452	0.9749654755	0.003006225314	0.9804724939
0.02603550551	0.9739644945	0.003174444524	0.9790746636
0.02703648649	0.9729635135	0.003349609411	0.9776422787
0.02803746747	0.9719625325	0.00353188845	0.9761765086
0.02903844845	0.9709615516	0.00372144997	0.974678491
0.03003942943	0.9699605706	0.003918462026	0.9731493327
0.03104041041	0.9689595896	0.004123092294	0.9715901107
0.03204139139	0.9679586086	0.004335507945	0.9700018726
0.03304237237	0.9669576276	0.004555875538	0.9683856379
0.03404335335	0.9659566466	0.004784360906	0.9667423984
0.03504433433	0.9649556657	0.005021129043	0.9650731188
0.03604531532	0.9639546847	0.005266344	0.9633787381
0.0370462963	0.9629537037	0.005520168773	0.9616601696
0.03804727728	0.9619527227	0.005782765203	0.9599183018
0.03904825826	0.9609517417	0.006054293868	0.9581539993
0.04004923924	0.9599507608	0.006334913988	0.9563681032
0.04105022022	0.9589497798	0.006624783325	0.9545614318
0.0420512012	0.9579487988	0.006924058084	0.9527347812
0.04305218218	0.9569478178	0.007232892826	0.9508889258
0.04405316316	0.9559468368	0.00755144037	0.9490246192
0.04505414414	0.9549458559	0.007879851711	0.9471425943
0.04605512513	0.9539448749	0.008218275932	0.9452435642
0.04705610611	0.9529438939	0.008566860119	0.9433282226
0.04805708709	0.9519429129	0.008925749286	0.9413972444
0.04905806807	0.9509419319	0.009295086293	0.939451286
0.05005904905	0.949940951	0.009675011772	0.9374909859
0.05106003003	0.94893997	0.01006566406	0.9355169654
0.05206101101	0.947938989	0.01046717911	0.9335298286
0.05306199199	0.946938008	0.01087969047	0.9315301633
0.05406297297	0.945937027	0.01130332917	0.929518541
0.05506395395	0.944936046	0.01173822368	0.927495518
0.05606493493	0.9439350651	0.01218449986	0.9254616348
0.05706591592	0.9429340841	0.01264228091	0.9234174175
0.0580668969	0.9419331031	0.01311168728	0.9213633777
0.05906787788	0.9409321221	0.01359283668	0.9193000127
0.06006885886	0.9399311411	0.01408584398	0.9172278065
0.06106983984	0.9389301602	0.01459082119	0.9151472294
0.06207082082	0.9379291792	0.01510787743	0.913058739
0.0630718018	0.9369281982	0.01563711887	0.9109627801
0.06407278278	0.9359272172	0.0161786487	0.9088597854
0.06507376376	0.9349262362	0.01673256712	0.9067501753
0.06607474474	0.9339252553	0.01729897126	0.9046343588
0.06707572573	0.9329242743	0.01787795521	0.9025127334
0.06807670671	0.9319232933	0.01846960996	0.9003856857
0.06907768769	0.9309223123	0.01907402338	0.8982535913
0.07007866867	0.9299213313	0.01969128023	0.8961168156
0.07107964965	0.9289203504	0.02032146209	0.8939757134
0.07208063063	0.9279193694	0.02096464739	0.8918306298
0.07308161161	0.9269183884	0.02162091138	0.8896819002
0.07408259259	0.9259174074	0.02229032612	0.8875298505
0.07508357357	0.9249164264	0.02297296047	0.8853747974
0.07608455455	0.9239154454	0.0236688801	0.8832170487
0.07708553554	0.9229144645	0.02437814747	0.8810569034
0.07808651652	0.9219134835	0.02510082181	0.878894652
0.0790874975	0.9209125025	0.02583695917	0.8767305769
0.08008847848	0.9199115215	0.0265866124	0.8745649521
0.08108945946	0.9189105405	0.02734983111	0.8723980442
0.08209044044	0.9179095596	0.02812666176	0.8702301116
0.08309142142	0.9169085786	0.02891714761	0.8680614059
0.0840924024	0.9159075976	0.02972132873	0.8658921708
0.08509338338	0.9149066166	0.03053924205	0.8637226433
0.08609436436	0.9139056356	0.03137092132	0.8615530535
0.08709534535	0.9129046547	0.03221639719	0.8593836247
0.08809632633	0.9119036737	0.03307569716	0.8572145737
0.08909730731	0.9109026927	0.03394884565	0.855046111
0.09009828829	0.9099017117	0.03483586399	0.8528784406
0.09109926927	0.9089007307	0.03573677045	0.8507117609
0.09210025025	0.9078997497	0.03665158026	0.8485462642
0.09310123123	0.9068987688	0.03758030564	0.8463821369
0.09410221221	0.9058977878	0.03852295583	0.8442195602
0.09510319319	0.9048968068	0.03947953707	0.8420587095
0.09610417417	0.9038958258	0.04045005272	0.8398997551
0.09710515516	0.9028948448	0.04143450318	0.837742862
0.09810613614	0.9018938639	0.042432886	0.8355881904
0.09910711712	0.9008928829	0.04344519588	0.8334358953
0.1001080981	0.8998919019	0.04447142469	0.8312861272
0.1011090791	0.8988909209	0.04551156153	0.8291390318
0.1021100601	0.8978899399	0.04656559273	0.8269947503
0.103111041	0.896888959	0.04763350193	0.8248534194
0.104112022	0.895887978	0.04871527006	0.8227151717
0.105113003	0.894886997	0.04981087542	0.8205801355
0.106113984	0.893886016	0.05092029369	0.8184484349
0.107114965	0.892885035	0.05204349796	0.8163201903
0.1081159459	0.8918840541	0.05318045881	0.814195518
0.1091169269	0.8908830731	0.0543311443	0.8120745305
0.1101179079	0.8898820921	0.05549552003	0.8099573369
0.1111188889	0.8888811111	0.05667354919	0.8078440424
0.1121198699	0.8878801301	0.05786519257	0.805734749
0.1131208509	0.8868791491	0.05907040862	0.8036295551
0.1141218318	0.8858781682	0.06028915348	0.8015285558
0.1151228128	0.8848771872	0.06152138103	0.799431843
0.1161237938	0.8838762062	0.06276704292	0.7973395056
0.1171247748	0.8828752252	0.06402608863	0.7952516293
0.1181257558	0.8818742442	0.06529846548	0.7931682968
0.1191267367	0.8808732633	0.06658411869	0.7910895879
0.1201277177	0.8798722823	0.06788299144	0.7890155798
0.1211286987	0.8788713013	0.06919502485	0.7869463466
0.1221296797	0.8778703203	0.0705201581	0.78488196
0.1231306607	0.8768693393	0.07185832842	0.7828224888
0.1241316416	0.8758683584	0.07320947113	0.7807679996
0.1251326226	0.8748673774	0.07457351973	0.7787185563
0.1261336036	0.8738663964	0.07595040587	0.7766742203
0.1271345846	0.8728654154	0.07734005945	0.774635051
0.1281355656	0.8718644344	0.07874240864	0.7726011051
0.1291365465	0.8708634535	0.08015737991	0.7705724374
0.1301375275	0.8698624725	0.08158489811	0.7685491003
0.1311385085	0.8688614915	0.08302488645	0.7665311441
0.1321394895	0.8678605105	0.0844772666	0.7645186173
0.1331404705	0.8668595295	0.0859419587	0.7625115661
0.1341414515	0.8658585485	0.0874188814	0.7605100348
0.1351424324	0.8648575676	0.08890795192	0.758514066
0.1361434134	0.8638565866	0.09040908605	0.7565237002
0.1371443944	0.8628556056	0.09192219825	0.7545389762
0.1381453754	0.8618546246	0.09344720164	0.752559931
0.1391463564	0.8608536436	0.09498400805	0.7505866
0.1401473373	0.8598526627	0.09653252809	0.7486190169
0.1411483183	0.8588516817	0.09809267113	0.7466572137
0.1421492993	0.8578507007	0.0996643454	0.7447012208
0.1431502803	0.8568497197	0.101247458	0.7427510671
0.1441512613	0.8558487387	0.1028419149	0.7408067803
0.1451522422	0.8548477578	0.1044476211	0.7388683861
0.1461532232	0.8538467768	0.1060644804	0.7369359092
0.1471542042	0.8528457958	0.1076923959	0.7350093727
0.1481551852	0.8518448148	0.1093312696	0.7330887986
0.1491561662	0.8508438338	0.1109810025	0.7311742073
0.1501571471	0.8498428529	0.1126414948	0.7292656182
0.1511581281	0.8488418719	0.114312646	0.7273630492
0.1521591091	0.8478408909	0.1159943546	0.7254665172
0.1531600901	0.8468399099	0.1176865185	0.7235760378
0.1541610711	0.8458389289	0.1193890347	0.7216916256
0.1551620521	0.8448379479	0.1211017996	0.719813294
0.156163033	0.843836967	0.122824709	0.7179410554
0.157164014	0.842835986	0.1245576579	0.7160749209
0.158164995	0.841835005	0.1263005408	0.714214901
0.159165976	0.840834024	0.1280532515	0.7123610048
0.160166957	0.839833043	0.1298156836	0.7105132407
0.1611679379	0.8388320621	0.1315877298	0.708671616
0.1621689189	0.8378310811	0.1333692825	0.7068361373
0.1631698999	0.8368301001	0.1351602337	0.7050068101
0.1641708809	0.8358291191	0.1369604749	0.7031836391
0.1651718619	0.8348281381	0.1387698971	0.7013666283
0.1661728428	0.8338271572	0.1405883912	0.6995557806
0.1671738238	0.8328261762	0.1424158477	0.6977510983
0.1681748048	0.8318251952	0.1442521566	0.6959525831
0.1691757858	0.8308242142	0.1460972078	0.6941602355
0.1701767668	0.8298232332	0.1479508909	0.6923740557
0.1711777477	0.8288222523	0.1498130952	0.690594043
0.1721787287	0.8278212713	0.1516837101	0.6888201959
0.1731797097	0.8268202903	0.1535626244	0.6870525126
0.1741806907	0.8258193093	0.1554497271	0.6852909904
0.1751816717	0.8248183283	0.1573449068	0.6835356258
0.1761826527	0.8238173473	0.1592480522	0.6817864151
0.1771836336	0.8228163664	0.1611590519	0.6800433537
0.1781846146	0.8218153854	0.1630777944	0.6783064366
0.1791855956	0.8208144044	0.1650041682	0.6765756582
0.1801865766	0.8198134234	0.1669380617	0.6748510122
0.1811875576	0.8188124424	0.1688793634	0.673132492
0.1821885385	0.8178114615	0.1708279618	0.6714200903
0.1831895195	0.8168104805	0.1727837456	0.6697137996
0.1841905005	0.8158094995	0.1747466033	0.6680136116
0.1851914815	0.8148085185	0.1767164238	0.6663195176
0.1861924625	0.8138075375	0.1786930958	0.6646315086
0.1871934434	0.8128065566	0.1806765085	0.6629495751
0.1881944244	0.8118055756	0.1826665509	0.6612737071
0.1891954054	0.8108045946	0.1846631124	0.6596038943
0.1901963864	0.8098036136	0.1866660824	0.6579401259
0.1911973674	0.8088026326	0.1886753508	0.6562823908
0.1921983483	0.8078016517	0.1906908075	0.6546306774
0.1931993293	0.8068006707	0.1927123427	0.652984974
0.1942003103	0.8057996897	0.1947398468	0.6513452682
0.1952012913	0.8047987087	0.1967732105	0.6497115476
0.1962022723	0.8037977277	0.198812325	0.6480837993
0.1972032533	0.8027967467	0.2008570814	0.6464620101
0.1982042342	0.8017957658	0.2029073715	0.6448461664
0.1992052152	0.8007947848	0.2049630871	0.6432362546
0.2002061962	0.7997938038	0.2070241208	0.6416322604
0.2012071772	0.7987928228	0.209090365	0.6400341697
0.2022081582	0.7977918418	0.2111617129	0.6384419677
0.2032091391	0.7967908609	0.213238058	0.6368556396
0.2042101201	0.7957898799	0.215319294	0.6352751702
0.2052111011	0.7947888989	0.2174053153	0.6337005443
0.2062120821	0.7937879179	0.2194960164	0.6321317463
0.2072130631	0.7927869369	0.2215912927	0.6305687602
0.208214044	0.791785956	0.2236910395	0.6290115702
0.209215025	0.790784975	0.2257951529	0.62746016
0.210216006	0.789783994	0.2279035294	0.6259145132
0.211216987	0.788783013	0.2300160661	0.6243746131
0.212217968	0.787782032	0.2321326602	0.622840443
0.2132189489	0.7867810511	0.2342532099	0.621311986
0.2142199299	0.7857800701	0.2363776135	0.6197892248
0.2152209109	0.7847790891	0.23850577	0.6182721422
0.2162218919	0.7837781081	0.240637579	0.6167607208
0.2172228729	0.7827771271	0.2427729404	0.6152549429
0.2182238539	0.7817761461	0.2449117549	0.6137547908
0.2192248348	0.7807751652	0.2470539235	0.6122602466
0.2202258158	0.7797741842	0.2491993479	0.6107712923
0.2212267968	0.7787732032	0.2513479305	0.6092879099
0.2222277778	0.7777722222	0.2534995739	0.6078100809
0.2232287588	0.7767712412	0.2556541816	0.6063377872
0.2242297397	0.7757702603	0.2578116575	0.6048710102
0.2252307207	0.7747692793	0.2599719063	0.6034097313
0.2262317017	0.7737682983	0.262134833	0.6019539319
0.2272326827	0.7727673173	0.2643003434	0.6005035933
0.2282336637	0.7717663363	0.2664683439	0.5990586965
0.2292346446	0.7707653554	0.2686387414	0.5976192226
0.2302356256	0.7697643744	0.2708114435	0.5961851528
0.2312366066	0.7687633934	0.2729863585	0.5947564677
0.2322375876	0.7677624124	0.2751633952	0.5933331485
0.2332385686	0.7667614314	0.2773424629	0.5919151757
0.2342395495	0.7657604505	0.2795234719	0.5905025301
0.2352405305	0.7647594695	0.2817063329	0.5890951925
0.2362415115	0.7637584885	0.2838909572	0.5876931434
0.2372424925	0.7627575075	0.2860772568	0.5862963634
0.2382434735	0.7617565265	0.2882651444	0.584904833
0.2392444545	0.7607555455	0.2904545333	0.5835185328
0.2402454354	0.7597545646	0.2926453375	0.582137443
0.2412464164	0.7587535836	0.2948374716	0.5807615443
0.2422473974	0.7577526026	0.2970308509	0.5793908169
0.2432483784	0.7567516216	0.2992253913	0.5780252412
0.2442493594	0.7557506406	0.3014210094	0.5766647975
0.2452503403	0.7547496597	0.3036176225	0.5753094662
0.2462513213	0.7537486787	0.3058151484	0.5739592275
0.2472523023	0.7527476977	0.3080135059	0.5726140617
0.2482532833	0.7517467167	0.3102126141	0.5712739491
0.2492542643	0.7507457357	0.312412393	0.5699388698
0.2502552452	0.7497447548	0.3146127632	0.5686088042
0.2512562262	0.7487437738	0.3168136459	0.5672837325
0.2522572072	0.7477427928	0.3190149632	0.565963635
0.2532581882	0.7467418118	0.3212166376	0.5646484918
0.2542591692	0.7457408308	0.3234185924	0.5633382832
0.2552601502	0.7447398498	0.3256207515	0.5620329894
0.2562611311	0.7437388689	0.3278230397	0.5607325908
0.2572621121	0.7427378879	0.3300253822	0.5594370675
0.2582630931	0.7417369069	0.332227705	0.5581463998
0.2592640741	0.7407359259	0.3344299348	0.5568605681
0.2602650551	0.7397349449	0.3366319989	0.5555795525
0.261266036	0.738733964	0.3388338253	0.5543033335
0.262267017	0.737732983	0.3410353426	0.5530318914
0.263267998	0.736732002	0.3432364803	0.5517652065
0.264268979	0.735731021	0.3454371682	0.5505032593
0.26526996	0.73473004	0.3476373372	0.54924603
0.2662709409	0.7337290591	0.3498369185	0.5479934993
0.2672719219	0.7327280781	0.3520358442	0.5467456474
0.2682729029	0.7317270971	0.354234047	0.545502455
0.2692738839	0.7307261161	0.3564314602	0.5442639025
0.2702748649	0.7297251351	0.3586280177	0.5430299706
0.2712758458	0.7287241542	0.3608236544	0.5418006397
0.2722768268	0.7277231732	0.3630183055	0.5405758905
0.2732778078	0.7267221922	0.365211907	0.5393557038
0.2742787888	0.7257212112	0.3674043955	0.5381400601
0.2752797698	0.7247202302	0.3695957084	0.5369289402
0.2762807508	0.7237192492	0.3717857836	0.5357223249
0.2772817317	0.7227182683	0.3739745597	0.5345201951
0.2782827127	0.7217172873	0.376161976	0.5333225316
0.2792836937	0.7207163063	0.3783479723	0.5321293153
0.2802846747	0.7197153253	0.3805324893	0.5309405272
0.2812856557	0.7187143443	0.382715468	0.5297561483
0.2822866366	0.7177133634	0.3848968503	0.5285761596
0.2832876176	0.7167123824	0.3870765786	0.5274005422
0.2842885986	0.7157114014	0.3892545961	0.5262292773
0.2852895796	0.7147104204	0.3914308465	0.5250623461
0.2862905606	0.7137094394	0.3936052741	0.5238997298
0.2872915415	0.7127084585	0.3957778239	0.5227414098
0.2882925225	0.7117074775	0.3979484416	0.5215873673
0.2892935035	0.7107064965	0.4001170732	0.5204375839
0.2902944845	0.7097055155	0.4022836658	0.5192920409
0.2912954655	0.7087045345	0.4044481666	0.5181507199
0.2922964464	0.7077035536	0.4066105239	0.5170136024
0.2932974274	0.7067025726	0.4087706862	0.5158806702
0.2942984084	0.7057015916	0.4109286029	0.5147519048
0.2952993894	0.7047006106	0.4130842239	0.5136272881
0.2963003704	0.7036996296	0.4152374996	0.5125068018
0.2973013514	0.7026986486	0.4173883811	0.5113904277
0.2983023323	0.7016976677	0.4195368201	0.5102781479
0.2993033133	0.7006966867	0.4216827688	0.5091699443
0.3003042943	0.6996957057	0.4238261802	0.508065799
0.3013052753	0.6986947247	0.4259670076	0.506965694
0.3023062563	0.6976937437	0.4281052051	0.5058696115
0.3033072372	0.6966927628	0.4302407273	0.5047775337
0.3043082182	0.6956917818	0.4323735293	0.503689443
0.3053091992	0.6946908008	0.4345035669	0.5026053217
0.3063101802	0.6936898198	0.4366307964	0.5015251521
0.3073111612	0.6926888388	0.4387551746	0.5004489169
0.3083121421	0.6916878579	0.4408766591	0.4993765985
0.3093131231	0.6906868769	0.4429952077	0.4983081795
0.3103141041	0.6896858959	0.445110779	0.4972436426
0.3113150851	0.6886849149	0.4472233321	0.4961829706
0.3123160661	0.6876839339	0.4493328267	0.4951261462
0.313317047	0.686682953	0.4514392229	0.4940731524
0.314318028	0.685681972	0.4535424814	0.493023972
0.315319009	0.684680991	0.4556425635	0.491978588
0.31631999	0.68368001	0.457739431	0.4909369836
0.317320971	0.682679029	0.4598330462	0.4898991418
0.318321952	0.681678048	0.4619233719	0.4888650458
0.3193229329	0.6806770671	0.4640103715	0.487834679
0.3203239139	0.6796760861	0.4660940089	0.4868080246
0.3213248949	0.6786751051	0.4681742484	0.485785066
0.3223258759	0.6776741241	0.4702510549	0.4847657868
0.3233268569	0.6766731431	0.4723243939	0.4837501704
0.3243278378	0.6756721622	0.4743942313	0.4827382004
0.3253288188	0.6746711812	0.4764605334	0.4817298605
0.3263297998	0.6736702002	0.4785232671	0.4807251345
0.3273307808	0.6726692192	0.4805824	0.4797240062
0.3283317618	0.6716682382	0.4826378997	0.4787264593
0.3293327427	0.6706672573	0.4846897347	0.4777324779
0.3303337237	0.6696662763	0.4867378739	0.476742046
0.3313347047	0.6686652953	0.4887822865	0.4757551476
0.3323356857	0.6676643143	0.4908229424	0.4747717669
0.3333366667	0.6666633333	0.4928598118	0.4737918881
0.3343376476	0.6656623524	0.4948928655	0.4728154954
0.3353386286	0.6646613714	0.4969220745	0.4718425733
0.3363396096	0.6636603904	0.4989474107	0.4708731061
0.3373405906	0.6626594094	0.500968846	0.4699070783
0.3383415716	0.6616584284	0.5029863531	0.4689444744
0.3393425526	0.6606574474	0.5049999049	0.4679852791
0.3403435335	0.6596564665	0.5070094749	0.4670294771
0.3413445145	0.6586554855	0.5090150369	0.4660770531
0.3423454955	0.6576545045	0.5110165653	0.4651279919
0.3433464765	0.6566535235	0.5130140349	0.4641822785
0.3443474575	0.6556525425	0.5150074207	0.4632398977
0.3453484384	0.6546515616	0.5169966985	0.4623008346
0.3463494194	0.6536505806	0.5189818443	0.4613650743
0.3473504004	0.6526495996	0.5209628344	0.460432602
0.3483513814	0.6516486186	0.5229396458	0.4595034028
0.3493523624	0.6506476376	0.5249122557	0.4585774621
0.3503533433	0.6496466567	0.5268806419	0.4576547653
0.3513543243	0.6486456757	0.5288447823	0.4567352976
0.3523553053	0.6476446947	0.5308046555	0.4558190448
0.3533562863	0.6466437137	0.5327602403	0.4549059922
0.3543572673	0.6456427327	0.534711516	0.4539961255
0.3553582482	0.6446417518	0.5366584624	0.4530894305
0.3563592292	0.6436407708	0.5386010593	0.4521858929
0.3573602102	0.6426397898	0.5405392873	0.4512854984
0.3583611912	0.6416388088	0.5424731272	0.4503882331
0.3593621722	0.6406378278	0.5444025602	0.4494940828
0.3603631532	0.6396368468	0.5463275677	0.4486030335
0.3613641341	0.6386358659	0.5482481318	0.4477150715
0.3623651151	0.6376348849	0.5501642347	0.4468301827
0.3633660961	0.6366339039	0.552075859	0.4459483535
0.3643670771	0.6356329229	0.5539829879	0.4450695701
0.3653680581	0.6346319419	0.5558856046	0.4441938189
0.366369039	0.633630961	0.5577836929	0.4433210863
0.36737002	0.63262998	0.5596772368	0.4424513587
0.368371001	0.631628999	0.5615662207	0.4415846227
0.369371982	0.630628018	0.5634506295	0.4407208649
0.370372963	0.629627037	0.5653304481	0.439860072
0.3713739439	0.6286260561	0.567205662	0.4390022307
0.3723749249	0.6276250751	0.569076257	0.4381473278
0.3733759059	0.6266240941	0.5709422192	0.4372953502
0.3743768869	0.6256231131	0.5728035349	0.4364462848
0.3753778679	0.6246221321	0.574660191	0.4356001186
0.3763788488	0.6236211512	0.5765121743	0.4347568385
0.3773798298	0.6226201702	0.5783594724	0.4339164318
0.3783808108	0.6216191892	0.5802020729	0.4330788857
0.3793817918	0.6206182082	0.5820399638	0.4322441873
0.3803827728	0.6196172272	0.5838731334	0.4314123239
0.3813837538	0.6186162462	0.5857015702	0.4305832829
0.3823847347	0.6176152653	0.5875252633	0.4297570518
0.3833857157	0.6166142843	0.5893442017	0.428933618
0.3843866967	0.6156133033	0.591158375	0.428112969
0.3853876777	0.6146123223	0.5929677729	0.4272950926
0.3863886587	0.6136113413	0.5947723856	0.4264799762
0.3873896396	0.6126103604	0.5965722034	0.4256676077
0.3883906206	0.6116093794	0.5983672168	0.4248579748
0.3893916016	0.6106083984	0.6001574169	0.4240510654
0.3903925826	0.6096074174	0.6019427949	0.4232468674
0.3913935636	0.6086064364	0.6037233421	0.4224453688
0.3923945445	0.6076054555	0.6054990503	0.4216465576
0.3933955255	0.6066044745	0.6072699116	0.4208504218
0.3943965065	0.6056034935	0.6090359182	0.4200569496
0.3953974875	0.6046025125	0.6107970626	0.4192661292
0.3963984685	0.6036015315	0.6125533376	0.4184779489
0.3973994494	0.6026005506	0.6143047362	0.417692397
0.3984004304	0.6015995696	0.6160512519	0.4169094618
0.3994014114	0.6005985886	0.617792878	0.4161291318
0.4004023924	0.5995976076	0.6195296084	0.4153513955
0.4014033734	0.5985966266	0.6212614372	0.4145762415
0.4024043544	0.5975956456	0.6229883586	0.4138036582
0.4034053353	0.5965946647	0.6247103671	0.4130336345
0.4044063163	0.5955936837	0.6264274575	0.4122661589
0.4054072973	0.5945927027	0.6281396249	0.4115012204
0.4064082783	0.5935917217	0.6298468643	0.4107388076
0.4074092593	0.5925907407	0.6315491714	0.4099789095
0.4084102402	0.5915897598	0.6332465417	0.4092215151
0.4094112212	0.5905887788	0.6349389712	0.4084666133
0.4104122022	0.5895877978	0.636626456	0.4077141931
0.4114131832	0.5885868168	0.6383089924	0.4069642438
0.4124141642	0.5875858358	0.639986577	0.4062167543
0.4134151451	0.5865848549	0.6416592066	0.4054717141
0.4144161261	0.5855838739	0.6433268782	0.4047291122
0.4154171071	0.5845828929	0.644989589	0.4039889381
0.4164180881	0.5835819119	0.6466473363	0.4032511811
0.4174190691	0.5825809309	0.6483001178	0.4025158306
0.4184200501	0.5815799499	0.6499479313	0.4017828762
0.419421031	0.580578969	0.6515907748	0.4010523073
0.420422012	0.579577988	0.6532286465	0.4003241136
0.421422993	0.578577007	0.6548615448	0.3995982846
0.422423974	0.577576026	0.6564894683	0.3988748101
0.423424955	0.576575045	0.6581124158	0.3981536798
0.4244259359	0.5755740641	0.6597303862	0.3974348835
0.4254269169	0.5745730831	0.6613433788	0.396718411
0.4264278979	0.5735721021	0.6629513927	0.3960042523
0.4274288789	0.5725711211	0.6645544277	0.3952923973
0.4284298599	0.5715701401	0.6661524833	0.3945828359
0.4294308408	0.5705691592	0.6677455595	0.3938755583
0.4304318218	0.5695681782	0.6693336562	0.3931705545
0.4314328028	0.5685671972	0.6709167738	0.3924678147
0.4324337838	0.5675662162	0.6724949126	0.391767329
0.4334347648	0.5665652352	0.6740680731	0.3910690878
0.4344357457	0.5655642543	0.6756362562	0.3903730812
0.4354367267	0.5645632733	0.6771994626	0.3896792998
0.4364377077	0.5635622923	0.6787576935	0.3889877337
0.4374386887	0.5625613113	0.68031095	0.3882983736
0.4384396697	0.5615603303	0.6818592336	0.3876112098
0.4394406507	0.5605593493	0.6834025457	0.3869262329
0.4404416316	0.5595583684	0.684940888	0.3862434335
0.4414426126	0.5585573874	0.6864742624	0.3855628023
0.4424435936	0.5575564064	0.6880026709	0.3848843298
0.4434445746	0.5565554254	0.6895261155	0.3842080069
0.4444455556	0.5555544444	0.6910445985	0.3835338243
0.4454465365	0.5545534635	0.6925581225	0.3828617727
0.4464475175	0.5535524825	0.6940666898	0.3821918432
0.4474484985	0.5525515015	0.6955703033	0.3815240266
0.4484494795	0.5515505205	0.6970689657	0.3808583138
0.4494504605	0.5505495395	0.6985626801	0.3801946959
0.4504514414	0.5495485586	0.7000514496	0.3795331639
0.4514524224	0.5485475776	0.7015352774	0.3788737089
0.4524534034	0.5475465966	0.7030141668	0.378216322
0.4534543844	0.5465456156	0.7044881214	0.3775609944
0.4544553654	0.5455446346	0.7059571449	0.3769077173
0.4554563463	0.5445436537	0.7074212409	0.3762564821
0.4564573273	0.5435426727	0.7088804134	0.37560728
0.4574583083	0.5425416917	0.7103346663	0.3749601024
0.4584592893	0.5415407107	0.7117840038	0.3743149407
0.4594602703	0.5405397297	0.7132284302	0.3736717863
0.4604612513	0.5395387487	0.7146679498	0.3730306307
0.4614622322	0.5385377678	0.716102567	0.3723914655
0.4624632132	0.5375367868	0.7175322865	0.3717542822
0.4634641942	0.5365358058	0.7189571131	0.3711190724
0.4644651752	0.5355348248	0.7203770514	0.3704858278
0.4654661562	0.5345338438	0.7217921064	0.3698545402
0.4664671371	0.5335328629	0.7232022831	0.3692252011
0.4674681181	0.5325318819	0.7246075868	0.3685978025
0.4684690991	0.5315309009	0.7260080226	0.3679723362
0.4694700801	0.5305299199	0.7274035959	0.3673487939
0.4704710611	0.5295289389	0.7287943122	0.3667271677
0.471472042	0.528527958	0.7301801769	0.3661074495
0.472473023	0.527526977	0.7315611958	0.3654896312
0.473474004	0.526525996	0.7329373746	0.3648737049
0.474474985	0.525525015	0.7343087191	0.3642596626
0.475475966	0.524524034	0.7356752352	0.3636474965
0.4764769469	0.5235230531	0.7370369291	0.3630371987
0.4774779279	0.5225220721	0.7383938068	0.3624287614
0.4784789089	0.5215210911	0.7397458745	0.3618221768
0.4794798899	0.5205201101	0.7410931385	0.3612174372
0.4804808709	0.5195191291	0.7424356053	0.3606145348
0.4814818519	0.5185181481	0.7437732812	0.3600134621
0.4824828328	0.5175171672	0.745106173	0.3594142114
0.4834838138	0.5165161862	0.7464342871	0.3588167751
0.4844847948	0.5155152052	0.7477576303	0.3582211458
0.4854857758	0.5145142242	0.7490762094	0.3576273157
0.4864867568	0.5135132432	0.7503900314	0.3570352776
0.4874877377	0.5125122623	0.7516991031	0.356445024
0.4884887187	0.5115112813	0.7530034317	0.3558565474
0.4894896997	0.5105103003	0.7543030242	0.3552698406
0.4904906807	0.5095093193	0.7555978878	0.3546848962
0.4914916617	0.5085083383	0.7568880298	0.3541017069
0.4924926426	0.5075073574	0.7581734575	0.3535202654
0.4934936236	0.5065063764	0.7594541784	0.3529405646
0.4944946046	0.5055053954	0.7607301998	0.3523625973
0.4954955856	0.5045044144	0.7620015294	0.3517863564
0.4964965666	0.5035034334	0.7632681748	0.3512118347
0.4974975475	0.5025024525	0.7645301437	0.3506390251
0.4984985285	0.5015014715	0.7657874437	0.3500679207
0.4994995095	0.5005004905	0.7670400827	0.3494985145
0.5005004905	0.4994995095	0.7682880686	0.3489307994
0.5015014715	0.4984985285	0.7695314093	0.3483647685
0.5025024525	0.4974975475	0.7707701128	0.347800415
0.5035034334	0.4964965666	0.7720041872	0.347237732
0.5045044144	0.4954955856	0.7732336405	0.3466767127
0.5055053954	0.4944946046	0.774458481	0.3461173502
0.5065063764	0.4934936236	0.7756787168	0.3455596378
0.5075073574	0.4924926426	0.7768943563	0.3450035689
0.5085083383	0.4914916617	0.7781054077	0.3444491366
0.5095093193	0.4904906807	0.7793118796	0.3438963343
0.5105103003	0.4894896997	0.7805137802	0.3433451555
0.5115112813	0.4884887187	0.7817111182	0.3427955935
0.5125122623	0.4874877377	0.782903902	0.3422476417
0.5135132432	0.4864867568	0.7840921403	0.3417012936
0.5145142242	0.4854857758	0.7852758416	0.3411565428
0.5155152052	0.4844847948	0.7864550148	0.3406133827
0.5165161862	0.4834838138	0.7876296684	0.340071807
0.5175171672	0.4824828328	0.7887998114	0.3395318092
0.5185181481	0.4814818519	0.7899654525	0.338993383
0.5195191291	0.4804808709	0.7911266006	0.338456522
0.5205201101	0.4794798899	0.7922832646	0.3379212199
0.5215210911	0.4784789089	0.7934354535	0.3373874704
0.5225220721	0.4774779279	0.7945831762	0.3368552674
0.5235230531	0.4764769469	0.7957264419	0.3363246045
0.524524034	0.475475966	0.7968652595	0.3357954756
0.525525015	0.474474985	0.7979996383	0.3352678746
0.526525996	0.473474004	0.7991295873	0.3347417953
0.527526977	0.472473023	0.8002551158	0.3342172317
0.528527958	0.471472042	0.8013762329	0.3336941776
0.5295289389	0.4704710611	0.802492948	0.333172627
0.5305299199	0.4694700801	0.8036052703	0.332652574
0.5315309009	0.4684690991	0.8047132092	0.3321340125
0.5325318819	0.4674681181	0.8058167741	0.3316169367
0.5335328629	0.4664671371	0.8069159743	0.3311013405
0.5345338438	0.4654661562	0.8080108192	0.3305872182
0.5355348248	0.4644651752	0.8091013184	0.3300745638
0.5365358058	0.4634641942	0.8101874813	0.3295633716
0.5375367868	0.4624632132	0.8112693175	0.3290536356
0.5385377678	0.4614622322	0.8123468364	0.3285453502
0.5395387487	0.4604612513	0.8134200477	0.3280385096
0.5405397297	0.4594602703	0.8144889609	0.3275331081
0.5415407107	0.4584592893	0.8155535857	0.32702914
0.5425416917	0.4574583083	0.8166139318	0.3265265997
0.5435426727	0.4564573273	0.8176700089	0.3260254814
0.5445436537	0.4554563463	0.8187218265	0.3255257797
0.5455446346	0.4544553654	0.8197693945	0.3250274888
0.5465456156	0.4534543844	0.8208127226	0.3245306033
0.5475465966	0.4524534034	0.8218518207	0.3240351177
0.5485475776	0.4514524224	0.8228866983	0.3235410264
0.5495485586	0.4504514414	0.8239173655	0.323048324
0.5505495395	0.4494504605	0.8249438321	0.322557005
0.5515505205	0.4484494795	0.8259661078	0.322067064
0.5525515015	0.4474484985	0.8269842026	0.3215784956
0.5535524825	0.4464475175	0.8279981264	0.3210912944
0.5545534635	0.4454465365	0.829007889	0.3206054552
0.5555544444	0.4444455556	0.8300135005	0.3201209725
0.5565554254	0.4434445746	0.8310149707	0.3196378412
0.5575564064	0.4424435936	0.8320123096	0.3191560559
0.5585573874	0.4414426126	0.8330055272	0.3186756114
0.5595583684	0.4404416316	0.8339946335	0.3181965024
0.5605593493	0.4394406507	0.8349796386	0.3177187239
0.5615603303	0.4384396697	0.8359605523	0.3172422706
0.5625613113	0.4374386887	0.8369373848	0.3167671374
0.5635622923	0.4364377077	0.8379101461	0.3162933191
0.5645632733	0.4354367267	0.8388788463	0.3158208108
0.5655642543	0.4344357457	0.8398434955	0.3153496072
0.5665652352	0.4334347648	0.8408041036	0.3148797035
0.5675662162	0.4324337838	0.8417606809	0.3144110945
0.5685671972	0.4314328028	0.8427132374	0.3139437753
0.5695681782	0.4304318218	0.8436617833	0.3134777409
0.5705691592	0.4294308408	0.8446063287	0.3130129864
0.5715701401	0.4284298599	0.8455468836	0.3125495068
0.5725711211	0.4274288789	0.8464834583	0.3120872972
0.5735721021	0.4264278979	0.8474160629	0.3116263528
0.5745730831	0.4254269169	0.8483447076	0.3111666688
0.5755740641	0.4244259359	0.8492694025	0.3107082402
0.576575045	0.423424955	0.8501901577	0.3102510622
0.577576026	0.422423974	0.8511069836	0.3097951302
0.578577007	0.421422993	0.8520198902	0.3093404393
0.579577988	0.420422012	0.8529288877	0.3088869849
0.580578969	0.419421031	0.8538339864	0.3084347621
0.5815799499	0.4184200501	0.8547351963	0.3079837663
0.5825809309	0.4174190691	0.8556325279	0.3075339928
0.5835819119	0.4164180881	0.8565259911	0.307085437
0.5845828929	0.4154171071	0.8574155963	0.3066380942
0.5855838739	0.4144161261	0.8583013536	0.3061919599
0.5865848549	0.4134151451	0.8591832733	0.3057470294
0.5875858358	0.4124141642	0.8600613656	0.3053032983
0.5885868168	0.4114131832	0.8609356407	0.3048607619
0.5895877978	0.4104122022	0.8618061087	0.3044194157
0.5905887788	0.4094112212	0.86267278	0.3039792553
0.5915897598	0.4084102402	0.8635356647	0.3035402762
0.5925907407	0.4074092593	0.8643947731	0.3031024739
0.5935917217	0.4064082783	0.8652501154	0.302665844
0.5945927027	0.4054072973	0.8661017017	0.302230382
0.5955936837	0.4044063163	0.8669495423	0.3017960836
0.5965946647	0.4034053353	0.8677936474	0.3013629445
0.5975956456	0.4024043544	0.8686340273	0.3009309601
0.5985966266	0.4014033734	0.8694706921	0.3005001263
0.5995976076	0.4004023924	0.870303652	0.3000704388
0.6005985886	0.3994014114	0.8711329173	0.2996418931
0.6015995696	0.3984004304	0.8719584981	0.2992144851
0.6026005506	0.3973994494	0.8727804046	0.2987882105
0.6036015315	0.3963984685	0.873598647	0.2983630651
0.6046025125	0.3953974875	0.8744132356	0.2979390447
0.6056034935	0.3943965065	0.8752241805	0.297516145
0.6066044745	0.3933955255	0.8760314918	0.2970943619
0.6076054555	0.3923945445	0.8768351798	0.2966736913
0.6086064364	0.3913935636	0.8776352546	0.296254129
0.6096074174	0.3903925826	0.8784317264	0.2958356709
0.6106083984	0.3893916016	0.8792246053	0.2954183129
0.6116093794	0.3883906206	0.8800139015	0.2950020509
0.6126103604	0.3873896396	0.8807996251	0.2945868809
0.6136113413	0.3863886587	0.8815817863	0.2941727989
0.6146123223	0.3853876777	0.8823603952	0.2937598008
0.6156133033	0.3843866967	0.8831354619	0.2933478826
0.6166142843	0.3833857157	0.8839069965	0.2929370403
0.6176152653	0.3823847347	0.8846750092	0.29252727
0.6186162462	0.3813837538	0.88543951	0.2921185678
0.6196172272	0.3803827728	0.886200509	0.2917109296
0.6206182082	0.3793817918	0.8869580163	0.2913043517
0.6216191892	0.3783808108	0.887712042	0.29089883
0.6226201702	0.3773798298	0.8884625961	0.2904943608
0.6236211512	0.3763788488	0.8892096887	0.2900909402
0.6246221321	0.3753778679	0.8899533299	0.2896885643
0.6256231131	0.3743768869	0.8906935296	0.2892872293
0.6266240941	0.3733759059	0.8914302979	0.2888869314
0.6276250751	0.3723749249	0.8921636448	0.2884876669
0.6286260561	0.3713739439	0.8928935803	0.2880894319
0.629627037	0.370372963	0.8936201144	0.2876922227
0.630628018	0.369371982	0.8943432571	0.2872960356
0.631628999	0.368371001	0.8950630183	0.2869008669
0.63262998	0.36737002	0.895779408	0.2865067128
0.633630961	0.366369039	0.8964924362	0.2861135698
0.6346319419	0.3653680581	0.8972021128	0.285721434
0.6356329229	0.3643670771	0.8979084476	0.2853303019
0.6366339039	0.3633660961	0.8986114507	0.2849401698
0.6376348849	0.3623651151	0.8993111319	0.2845510342
0.6386358659	0.3613641341	0.9000075011	0.2841628914
0.6396368468	0.3603631532	0.9007005682	0.2837757378
0.6406378278	0.3593621722	0.901390343	0.2833895699
0.6416388088	0.3583611912	0.9020768354	0.2830043841
0.6426397898	0.3573602102	0.9027600552	0.2826201769
0.6436407708	0.3563592292	0.9034400122	0.2822369448
0.6446417518	0.3553582482	0.9041167162	0.2818546842
0.6456427327	0.3543572673	0.9047901771	0.2814733917
0.6466437137	0.3533562863	0.9054604046	0.2810930638
0.6476446947	0.3523553053	0.9061274084	0.2807136971
0.6486456757	0.3513543243	0.9067911984	0.2803352881
0.6496466567	0.3503533433	0.9074517842	0.2799578334
0.6506476376	0.3493523624	0.9081091756	0.2795813295
0.6516486186	0.3483513814	0.9087633822	0.2792057732
0.6526495996	0.3473504004	0.9094144138	0.2788311609
0.6536505806	0.3463494194	0.91006228	0.2784574894
0.6546515616	0.3453484384	0.9107069906	0.2780847553
0.6556525425	0.3443474575	0.911348555	0.2777129553
0.6566535235	0.3433464765	0.9119869831	0.277342086
0.6576545045	0.3423454955	0.9126222843	0.2769721442
0.6586554855	0.3413445145	0.9132544683	0.2766031265
0.6596564665	0.3403435335	0.9138835446	0.2762350297
0.6606574474	0.3393425526	0.9145095229	0.2758678505
0.6616584284	0.3383415716	0.9151324126	0.2755015857
0.6626594094	0.3373405906	0.9157522233	0.2751362321
0.6636603904	0.3363396096	0.9163689646	0.2747717864
0.6646613714	0.3353386286	0.9169826459	0.2744082454
0.6656623524	0.3343376476	0.9175932766	0.274045606
0.6666633333	0.3333366667	0.9182008663	0.2736838649
0.6676643143	0.3323356857	0.9188054245	0.2733230191
0.6686652953	0.3313347047	0.9194069604	0.2729630653
0.6696662763	0.3303337237	0.9200054836	0.2726040005
0.6706672573	0.3293327427	0.9206010035	0.2722458215
0.6716682382	0.3283317618	0.9211935294	0.2718885252
0.6726692192	0.3273307808	0.9217830707	0.2715321086
0.6736702002	0.3263297998	0.9223696367	0.2711765685
0.6746711812	0.3253288188	0.9229532368	0.2708219019
0.6756721622	0.3243278378	0.9235338802	0.2704681058
0.6766731431	0.3233268569	0.9241115764	0.270115177
0.6776741241	0.3223258759	0.9246863344	0.2697631127
0.6786751051	0.3213248949	0.9252581636	0.2694119098
0.6796760861	0.3203239139	0.9258270733	0.2690615652
0.6806770671	0.3193229329	0.9263930726	0.268712076
0.681678048	0.318321952	0.9269561707	0.2683634393
0.682679029	0.317320971	0.9275163768	0.268015652
0.68368001	0.31631999	0.9280737002	0.2676687113
0.684680991	0.315319009	0.9286281498	0.2673226142
0.685681972	0.314318028	0.9291797349	0.2669773578
0.686682953	0.313317047	0.9297284646	0.2666329392
0.6876839339	0.3123160661	0.9302743479	0.2662893555
0.6886849149	0.3113150851	0.930817394	0.2659466038
0.6896858959	0.3103141041	0.9313576118	0.2656046812
0.6906868769	0.3093131231	0.9318950104	0.265263585
0.6916878579	0.3083121421	0.9324295988	0.2649233122
0.6926888388	0.3073111612	0.932961386	0.26458386
0.6936898198	0.3063101802	0.9334903809	0.2642452256
0.6946908008	0.3053091992	0.9340165926	0.2639074063
0.6956917818	0.3043082182	0.93454003	0.2635703991
0.6966927628	0.3033072372	0.9350607019	0.2632342014
0.6976937437	0.3023062563	0.9355786173	0.2628988104
0.6986947247	0.3013052753	0.9360937851	0.2625642232
0.6996957057	0.3003042943	0.936606214	0.2622304372
0.7006966867	0.2993033133	0.937115913	0.2618974497
0.7016976677	0.2983023323	0.9376228909	0.2615652579
0.7026986486	0.2973013514	0.9381271564	0.2612338591
0.7036996296	0.2963003704	0.9386287183	0.2609032506
0.7047006106	0.2952993894	0.9391275855	0.2605734297
0.7057015916	0.2942984084	0.9396237665	0.2602443937
0.7067025726	0.2932974274	0.9401172702	0.2599161401
0.7077035536	0.2922964464	0.9406081052	0.2595886661
0.7087045345	0.2912954655	0.9410962803	0.259261969
0.7097055155	0.2902944845	0.941581804	0.2589360464
0.7107064965	0.2892935035	0.942064685	0.2586108955
0.7117074775	0.2882925225	0.942544932	0.2582865137
0.7127084585	0.2872915415	0.9430225534	0.2579628985
0.7137094394	0.2862905606	0.943497558	0.2576400473
0.7147104204	0.2852895796	0.9439699543	0.2573179575
0.7157114014	0.2842885986	0.9444397507	0.2569966265
0.7167123824	0.2832876176	0.9449069558	0.2566760518
0.7177133634	0.2822866366	0.9453715782	0.2563562308
0.7187143443	0.2812856557	0.9458336262	0.2560371611
0.7197153253	0.2802846747	0.9462931083	0.25571884
0.7207163063	0.2792836937	0.946750033	0.2554012652
0.7217172873	0.2782827127	0.9472044087	0.255084434
0.7227182683	0.2772817317	0.9476562438	0.2547683441
0.7237192492	0.2762807508	0.9481055466	0.2544529929
0.7247202302	0.2752797698	0.9485523255	0.254138378
0.7257212112	0.2742787888	0.9489965888	0.2538244969
0.7267221922	0.2732778078	0.9494383449	0.2535113471
0.7277231732	0.2722768268	0.9498776019	0.2531989263
0.7287241542	0.2712758458	0.9503143683	0.2528872321
0.7297251351	0.2702748649	0.9507486522	0.2525762619
0.7307261161	0.2692738839	0.9511804619	0.2522660134
0.7317270971	0.2682729029	0.9516098056	0.2519564843
0.7327280781	0.2672719219	0.9520366914	0.2516476721
0.7337290591	0.2662709409	0.9524611275	0.2513395744
0.73473004	0.26526996	0.9528831221	0.2510321889
0.735731021	0.264268979	0.9533026833	0.2507255133
0.736732002	0.263267998	0.9537198192	0.2504195452
0.737732983	0.262267017	0.9541345379	0.2501142822
0.738733964	0.261266036	0.9545468474	0.2498097221
0.7397349449	0.2602650551	0.9549567558	0.2495058625
0.7407359259	0.2592640741	0.9553642711	0.2492027011
0.7417369069	0.2582630931	0.9557694013	0.2489002357
0.7427378879	0.2572621121	0.9561721544	0.2485984639
0.7437388689	0.2562611311	0.9565725383	0.2482973835
0.7447398498	0.2552601502	0.956970561	0.2479969922
0.7457408308	0.2542591692	0.9573662304	0.2476972878
0.7467418118	0.2532581882	0.9577595543	0.247398268
0.7477427928	0.2522572072	0.9581505407	0.2470999305
0.7487437738	0.2512562262	0.9585391974	0.2468022732
0.7497447548	0.2502552452	0.9589255323	0.2465052938
0.7507457357	0.2492542643	0.9593095531	0.2462089901
0.7517467167	0.2482532833	0.9596912676	0.24591336
0.7527476977	0.2472523023	0.9600706836	0.2456184011
0.7537486787	0.2462513213	0.9604478089	0.2453241115
0.7547496597	0.2452503403	0.9608226512	0.2450304887
0.7557506406	0.2442493594	0.9611952182	0.2447375308
0.7567516216	0.2432483784	0.9615655175	0.2444452356
0.7577526026	0.2422473974	0.9619335569	0.2441536008
0.7587535836	0.2412464164	0.962299344	0.2438626245
0.7597545646	0.2402454354	0.9626628863	0.2435723044
0.7607555455	0.2392444545	0.9630241916	0.2432826384
0.7617565265	0.2382434735	0.9633832674	0.2429936244
0.7627575075	0.2372424925	0.9637401212	0.2427052603
0.7637584885	0.2362415115	0.9640947607	0.242417544
0.7647594695	0.2352405305	0.9644471932	0.2421304735
0.7657604505	0.2342395495	0.9647974264	0.2418440466
0.7667614314	0.2332385686	0.9651454676	0.2415582614
0.7677624124	0.2322375876	0.9654913244	0.2412731156
0.7687633934	0.2312366066	0.9658350042	0.2409886074
0.7697643744	0.2302356256	0.9661765144	0.2407047345
0.7707653554	0.2292346446	0.9665158623	0.2404214951
0.7717663363	0.2282336637	0.9668530555	0.2401388871
0.7727673173	0.2272326827	0.9671881011	0.2398569084
0.7737682983	0.2262317017	0.9675210066	0.2395755571
0.7747692793	0.2252307207	0.9678517793	0.2392948311
0.7757702603	0.2242297397	0.9681804264	0.2390147285
0.7767712412	0.2232287588	0.9685069553	0.2387352473
0.7777722222	0.2222277778	0.9688313731	0.2384563855
0.7787732032	0.2212267968	0.9691536872	0.2381781411
0.7797741842	0.2202258158	0.9694739046	0.2379005121
0.7807751652	0.2192248348	0.9697920327	0.2376234967
0.7817761461	0.2182238539	0.9701080786	0.2373470929
0.7827771271	0.2172228729	0.9704220493	0.2370712987
0.7837781081	0.2162218919	0.9707339521	0.2367961122
0.7847790891	0.2152209109	0.9710437941	0.2365215315
0.7857800701	0.2142199299	0.9713515823	0.2362475546
0.7867810511	0.2132189489	0.9716573239	0.2359741798
0.787782032	0.212217968	0.9719610257	0.235701405
0.788783013	0.211216987	0.972262695	0.2354292284
0.789783994	0.210216006	0.9725623386	0.2351576481
0.790784975	0.209215025	0.9728599636	0.2348866622
0.791785956	0.208214044	0.973155577	0.2346162689
0.7927869369	0.2072130631	0.9734491856	0.2343464662
0.7937879179	0.2062120821	0.9737407964	0.2340772524
0.7947888989	0.2052111011	0.9740304163	0.2338086256
0.7957898799	0.2042101201	0.9743180522	0.233540584
0.7967908609	0.2032091391	0.974603711	0.2332731257
0.7977918418	0.2022081582	0.9748873994	0.2330062489
0.7987928228	0.2012071772	0.9751691244	0.2327399518
0.7997938038	0.2002061962	0.9754488927	0.2324742326
0.8007947848	0.1992052152	0.975726711	0.2322090895
0.8017957658	0.1982042342	0.9760025863	0.2319445206
0.8027967467	0.1972032533	0.9762765251	0.2316805243
0.8037977277	0.1962022723	0.9765485343	0.2314170987
0.8047987087	0.1952012913	0.9768186205	0.231154242
0.8057996897	0.1942003103	0.9770867904	0.2308919525
0.8068006707	0.1931993293	0.9773530507	0.2306302284
0.8078016517	0.1921983483	0.977617408	0.2303690681
0.8088026326	0.1911973674	0.977879869	0.2301084696
0.8098036136	0.1901963864	0.9781404402	0.2298484314
0.8108045946	0.1891954054	0.9783991282	0.2295889516
0.8118055756	0.1881944244	0.9786559396	0.2293300285
0.8128065566	0.1871934434	0.978910881	0.2290716605
0.8138075375	0.1861924625	0.9791639588	0.2288138457
0.8148085185	0.1851914815	0.9794151796	0.2285565826
0.8158094995	0.1841905005	0.9796645498	0.2282998694
0.8168104805	0.1831895195	0.979912076	0.2280437044
0.8178114615	0.1821885385	0.9801577645	0.227788086
0.8188124424	0.1811875576	0.9804016218	0.2275330124
0.8198134234	0.1801865766	0.9806436543	0.227278482
0.8208144044	0.1791855956	0.9808838684	0.2270244931
0.8218153854	0.1781846146	0.9811222704	0.2267710441
0.8228163664	0.1771836336	0.9813588668	0.2265181333
0.8238173473	0.1761826527	0.9815936638	0.2262657591
0.8248183283	0.1751816717	0.9818266677	0.2260139198
0.8258193093	0.1741806907	0.9820578848	0.2257626139
0.8268202903	0.1731797097	0.9822873215	0.2255118396
0.8278212713	0.1721787287	0.9825149839	0.2252615953
0.8288222523	0.1711777477	0.9827408783	0.2250118796
0.8298232332	0.1701767668	0.982965011	0.2247626906
0.8308242142	0.1691757858	0.983187388	0.2245140269
0.8318251952	0.1681748048	0.9834080156	0.2242658869
0.8328261762	0.1671738238	0.9836269	0.2240182689
0.8338271572	0.1661728428	0.9838440472	0.2237711714
0.8348281381	0.1651718619	0.9840594634	0.2235245929
0.8358291191	0.1641708809	0.9842731547	0.2232785316
0.8368301001	0.1631698999	0.9844851272	0.2230329861
0.8378310811	0.1621689189	0.9846953869	0.2227879549
0.8388320621	0.1611679379	0.9849039399	0.2225434363
0.839833043	0.160166957	0.9851107922	0.2222994289
0.840834024	0.159165976	0.9853159499	0.222055931
0.841835005	0.158164995	0.9855194188	0.2218129412
0.842835986	0.157164014	0.985721205	0.2215704579
0.843836967	0.156163033	0.9859213145	0.2213284796
0.8448379479	0.1551620521	0.9861197531	0.2210870048
0.8458389289	0.1541610711	0.9863165267	0.220846032
0.8468399099	0.1531600901	0.9865116414	0.2206055597
0.8478408909	0.1521591091	0.9867051028	0.2203655863
0.8488418719	0.1511581281	0.986896917	0.2201261105
0.8498428529	0.1501571471	0.9870870897	0.2198871306
0.8508438338	0.1491561662	0.9872756268	0.2196486453
0.8518448148	0.1481551852	0.987462534	0.219410653
0.8528457958	0.1471542042	0.9876478172	0.2191731523
0.8538467768	0.1461532232	0.9878314821	0.2189361417
0.8548477578	0.1451522422	0.9880135345	0.2186996197
0.8558487387	0.1441512613	0.9881939801	0.218463585
0.8568497197	0.1431502803	0.9883728246	0.218228036
0.8578507007	0.1421492993	0.9885500737	0.2179929714
0.8588516817	0.1411483183	0.9887257331	0.2177583896
0.8598526627	0.1401473373	0.9888998084	0.2175242893
0.8608536436	0.1391463564	0.9890723053	0.217290669
0.8618546246	0.1381453754	0.9892432294	0.2170575273
0.8628556056	0.1371443944	0.9894125864	0.2168248628
0.8638565866	0.1361434134	0.9895803817	0.2165926741
0.8648575676	0.1351424324	0.989746621	0.2163609598
0.8658585485	0.1341414515	0.9899113098	0.2161297185
0.8668595295	0.1331404705	0.9900744537	0.2158989487
0.8678605105	0.1321394895	0.9902360581	0.2156686492
0.8688614915	0.1311385085	0.9903961286	0.2154388185
0.8698624725	0.1301375275	0.9905546707	0.2152094552
0.8708634535	0.1291365465	0.9907116898	0.214980558
0.8718644344	0.1281355656	0.9908671913	0.2147521255
0.8728654154	0.1271345846	0.9910211808	0.2145241563
0.8738663964	0.1261336036	0.9911736635	0.2142966492
0.8748673774	0.1251326226	0.9913246449	0.2140696027
0.8758683584	0.1241316416	0.9914741305	0.2138430155
0.8768693393	0.1231306607	0.9916221254	0.2136168862
0.8778703203	0.1221296797	0.9917686352	0.2133912135
0.8788713013	0.1211286987	0.991913665	0.2131659962
0.8798722823	0.1201277177	0.9920572203	0.2129412328
0.8808732633	0.1191267367	0.9921993062	0.212716922
0.8818742442	0.1181257558	0.9923399282	0.2124930625
0.8828752252	0.1171247748	0.9924790914	0.2122696531
0.8838762062	0.1161237938	0.992616801	0.2120466924
0.8848771872	0.1151228128	0.9927530624	0.2118241791
0.8858781682	0.1141218318	0.9928878807	0.2116021119
0.8868791491	0.1131208509	0.993021261	0.2113804895
0.8878801301	0.1121198699	0.9931532087	0.2111593106
0.8888811111	0.1111188889	0.9932837287	0.210938574
0.8898820921	0.1101179079	0.9934128264	0.2107182783
0.8908830731	0.1091169269	0.9935405067	0.2104984224
0.8918840541	0.1081159459	0.9936667749	0.2102790049
0.892885035	0.107114965	0.9937916359	0.2100600245
0.893886016	0.106113984	0.9939150949	0.2098414801
0.894886997	0.105113003	0.9940371569	0.2096233703
0.895887978	0.104112022	0.994157827	0.2094056939
0.896888959	0.103111041	0.9942771101	0.2091884497
0.8978899399	0.1021100601	0.9943950114	0.2089716364
0.8988909209	0.1011090791	0.9945115357	0.2087552528
0.8998919019	0.1001080981	0.9946266881	0.2085392977
0.9008928829	0.09910711712	0.9947404735	0.2083237698
0.9018938639	0.09810613614	0.9948528969	0.2081086679
0.9028948448	0.09710515516	0.9949639631	0.2078939908
0.9038958258	0.09610417417	0.9950736772	0.2076797373
0.9048968068	0.09510319319	0.995182044	0.2074659061
0.9058977878	0.09410221221	0.9952890683	0.2072524962
0.9068987688	0.09310123123	0.9953947551	0.2070395062
0.9078997497	0.09210025025	0.9954991091	0.2068269349
0.9089007307	0.09109926927	0.9956021353	0.2066147813
0.9099017117	0.09009828829	0.9957038384	0.206403044
0.9109026927	0.08909730731	0.9958042233	0.206191722
0.9119036737	0.08809632633	0.9959032946	0.205980814
0.9129046547	0.08709534535	0.9960010572	0.2057703189
0.9139056356	0.08609436436	0.9960975159	0.2055602355
0.9149066166	0.08509338338	0.9961926753	0.2053505626
0.9159075976	0.0840924024	0.9962865403	0.2051412991
0.9169085786	0.08309142142	0.9963791154	0.2049324438
0.9179095596	0.08209044044	0.9964704054	0.2047239955
0.9189105405	0.08108945946	0.996560415	0.2045159532
0.9199115215	0.08008847848	0.9966491488	0.2043083157
0.9209125025	0.0790874975	0.9967366115	0.2041010818
0.9219134835	0.07808651652	0.9968228076	0.2038942504
0.9229144645	0.07708553554	0.9969077419	0.2036878203
0.9239154454	0.07608455455	0.9969914189	0.2034817905
0.9249164264	0.07508357357	0.9970738431	0.2032761599
0.9259174074	0.07408259259	0.9971550193	0.2030709272
0.9269183884	0.07308161161	0.9972349518	0.2028660914
0.9279193694	0.07208063063	0.9973136453	0.2026616514
0.9289203504	0.07107964965	0.9973911043	0.202457606
0.9299213313	0.07007866867	0.9974673332	0.2022539543
0.9309223123	0.06907768769	0.9975423366	0.202050695
0.9319232933	0.06807670671	0.997616119	0.201847827
0.9329242743	0.06707572573	0.9976886848	0.2016453494
0.9339252553	0.06607474474	0.9977600384	0.2014432609
0.9349262362	0.06507376376	0.9978301843	0.2012415606
0.9359272172	0.06407278278	0.997899127	0.2010402472
0.9369281982	0.0630718018	0.9979668708	0.2008393199
0.9379291792	0.06207082082	0.9980334201	0.2006387774
0.9389301602	0.06106983984	0.9980987792	0.2004386188
0.9399311411	0.06006885886	0.9981629526	0.2002388429
0.9409321221	0.05906787788	0.9982259446	0.2000394487
0.9419331031	0.0580668969	0.9982877596	0.1998404351
0.9429340841	0.05706591592	0.9983484017	0.1996418011
0.9439350651	0.05606493493	0.9984078754	0.1994435457
0.944936046	0.05506395395	0.998466185	0.1992456677
0.945937027	0.05406297297	0.9985233346	0.1990481662
0.946938008	0.05306199199	0.9985793286	0.1988510402
0.947938989	0.05206101101	0.9986341713	0.1986542885
0.94893997	0.05106003003	0.9986878667	0.1984579101
0.949940951	0.05005904905	0.9987404193	0.1982619041
0.9509419319	0.04905806807	0.9987918331	0.1980662694
0.9519429129	0.04805708709	0.9988421123	0.1978710049
0.9529438939	0.04705610611	0.9988912612	0.1976761098
0.9539448749	0.04605512513	0.9989392838	0.1974815829
0.9549458559	0.04505414414	0.9989861844	0.1972874232
0.9559468368	0.04405316316	0.9990319671	0.1970936298
0.9569478178	0.04305218218	0.999076636	0.1969002016
0.9579487988	0.0420512012	0.9991201951	0.1967071377
0.9589497798	0.04105022022	0.9991626487	0.196514437
0.9599507608	0.04004923924	0.9992040007	0.1963220986
0.9609517417	0.03904825826	0.9992442552	0.1961301214
0.9619527227	0.03804727728	0.9992834164	0.1959385046
0.9629537037	0.0370462963	0.9993214881	0.195747247
0.9639546847	0.03604531532	0.9993584745	0.1955563478
0.9649556657	0.03504433433	0.9993943796	0.1953658059
0.9659566466	0.03404335335	0.9994292073	0.1951756204
0.9669576276	0.03304237237	0.9994629617	0.1949857904
0.9679586086	0.03204139139	0.9994956466	0.1947963148
0.9689595896	0.03104041041	0.9995272661	0.1946071927
0.9699605706	0.03003942943	0.9995578242	0.1944184232
0.9709615516	0.02903844845	0.9995873246	0.1942300052
0.9719625325	0.02803746747	0.9996157715	0.1940419379
0.9729635135	0.02703648649	0.9996431686	0.1938542203
0.9739644945	0.02603550551	0.9996695198	0.1936668514
0.9749654755	0.02503452452	0.9996948291	0.1934798303
0.9759664565	0.02403354354	0.9997191002	0.1932931562
0.9769674374	0.02303256256	0.9997423371	0.1931068279
0.9779684184	0.02203158158	0.9997645436	0.1929208447
0.9789693994	0.0210306006	0.9997857235	0.1927352055
0.9799703804	0.02002961962	0.9998058807	0.1925499096
0.9809713614	0.01902863864	0.9998250188	0.1923649558
0.9819723423	0.01802765766	0.9998431418	0.1921803434
0.9829733233	0.01702667668	0.9998602534	0.1919960714
0.9839743043	0.0160256957	0.9998763573	0.1918121389
0.9849752853	0.01502471471	0.9998914573	0.191628545
0.9859762663	0.01402373373	0.9999055571	0.1914452888
0.9869772472	0.01302275275	0.9999186605	0.1912623693
0.9879782282	0.01202177177	0.9999307711	0.1910797858
0.9889792092	0.01102079079	0.9999418928	0.1908975372
0.9899801902	0.01001980981	0.999952029	0.1907156228
0.9909811712	0.009018828829	0.9999611837	0.1905340415
0.9919821522	0.008017847848	0.9999693603	0.1903527926
0.9929831331	0.007016866867	0.9999765625	0.1901718752
0.9939841141	0.006015885886	0.999982794	0.1899912883
0.9949850951	0.005014904905	0.9999880584	0.1898110311
0.9959860761	0.004013923924	0.9999923593	0.1896311026
0.9969870571	0.003012942943	0.9999957004	0.1894515022
0.997988038	0.002011961962	0.9999980851	0.1892722288
0.998989019	0.001010980981	0.9999995171	0.1890932816
0.99999	1e-05	1	0.1889146598
