1e-05	0.99999	34.5514648	1.000000017
0.001010980981	0.998989019	24.659869	1.000170454
0.002011961962	0.997988038	17.98327457	1.000646889
0.003012942943	0.9969870571	13.37867673	1.001391066
0.004013923924	0.9959860761	10.13903592	1.002369028
0.005014904905	0.9949850951	7.81710496	1.003550569
0.006015885886	0.9939841141	6.124013752	1.004908766
0.007016866867	0.9929831331	4.869519879	1.006419579
0.008017847848	0.9919821522	3.926035047	1.008061508
0.009018828829	0.9909811712	3.206521589	1.009815299
0.01001980981	0.9899801902	2.650649749	1.011663688
0.01102079079	0.9889792092	2.215971678	1.013591177
0.01202177177	0.9879782282	1.872198382	1.015583839
0.01302275275	0.9869772472	1.597429331	1.017629155
0.01402373373	0.9859762663	1.375631034	1.019715859
0.01502471471	0.9849752853	1.194926858	1.021833813
0.0160256957	0.9839743043	1.046421489	1.023973887
0.01702667668	0.9829733233	0.9233826243	1.026127863
0.01802765766	0.9819723423	0.8206644821	1.02828834
0.01902863864	0.9809713614	0.7342970445	1.030448658
0.02002961962	0.9799703804	0.661190221	1.032602824
0.0210306006	0.9789693994	0.5989185944	1.03474545
0.02203158158	0.9779684184	0.5455632731	1.036871696
0.02303256256	0.9769674374	0.499594622	1.038977219
0.02403354354	0.9759664565	0.4597845379	1.04105813
0.02503452452	0.9749654755	0.4251402752	1.043110945
0.02603550551	0.9739644945	0.3948541272	1.045132559
0.02703648649	0.9729635135	0.3682648727	1.047120204
0.02803746747	0.9719625325	0.3448280192	1.049071423
0.02903844845	0.9709615516	0.3240926785	1.05098404
0.03003942943	0.9699605706	0.3056834736	1.05285614
0.03104041041	0.9689595896	0.2892862941	1.05468604
0.03204139139	0.9679586086	0.2746370121	1.056472274
0.03304237237	0.9669576276	0.2615124914	1.058213573
0.03404335335	0.9659566466	0.2497233827	1.059908845
0.03504433433	0.9649556657	0.2391083211	1.061557163
0.03604531532	0.9639546847	0.2295292262	1.063157752
0.0370462963	0.9629537037	0.2208674786	1.064709971
0.03804727728	0.9619527227	0.2130207935	1.066213305
0.03904825826	0.9609517417	0.2059006527	1.067667356
0.04004923924	0.9599507608	0.1994301859	1.069071826
0.04105022022	0.9589497798	0.1935424157	1.070426516
0.0420512012	0.9579487988	0.1881787975	1.071731314
0.04305218218	0.9569478178	0.1832880005	1.072986184
0.04405316316	0.9559468368	0.1788248848	1.074191167
0.04505414414	0.9549458559	0.174749642	1.075346367
0.04605512513	0.9539448749	0.1710270689	1.076451948
0.04705610611	0.9529438939	0.1676259521	1.077508131
0.04805708709	0.9519429129	0.164518545	1.078515184
0.04905806807	0.9509419319	0.1616801224	1.079473421
0.05005904905	0.949940951	0.1590885982	1.080383196
0.05106003003	0.94893997	0.1567241992	1.081244899
0.05206101101	0.947938989	0.1545691828	1.082058956
0.05306199199	0.946938008	0.1526075945	1.08282582
0.05406297297	0.945937027	0.1508250577	1.08354597
0.05506395395	0.944936046	0.1492085916	1.08421991
0.05606493493	0.9439350651	0.1477464527	1.084848166
0.05706591592	0.9429340841	0.1464279965	1.085431281
0.0580668969	0.9419331031	0.1452435572	1.085969814
0.05906787788	0.9409321221	0.1441843417	1.08646434
0.06006885886	0.9399311411	0.1432423372	1.086915446
0.06106983984	0.9389301602	0.1424102291	1.087323729
0.06207082082	0.9379291792	0.1416813298	1.087689796
0.0630718018	0.9369281982	0.1410495147	1.088014259
0.06407278278	0.9359272172	0.1405091661	1.08829774
0.06507376376	0.9349262362	0.1400551235	1.088540862
0.06607474474	0.9339252553	0.139682639	1.088744256
0.06707572573	0.9329242743	0.1393873385	1.088908552
0.06807670671	0.9319232933	0.139165186	1.089034383
0.06907768769	0.9309223123	0.1390124524	1.089122384
0.07007866867	0.9299213313	0.1389256878	1.089173187
0.07107964965	0.9289203504	0.1389016957	1.089187426
0.07208063063	0.9279193694	0.1389375109	1.089165732
0.07308161161	0.9269183884	0.1390303793	1.089108734
0.07408259259	0.9259174074	0.1391777393	1.089017059
0.07508357357	0.9249164264	0.1393772055	1.08889133
0.07608455455	0.9239154454	0.1396265538	1.088732167
0.07708553554	0.9229144645	0.1399237081	1.088540184
0.07808651652	0.9219134835	0.140266728	1.088315993
0.0790874975	0.9209125025	0.140653798	1.088060198
0.08008847848	0.9199115215	0.141083217	1.0877734
0.08108945946	0.9189105405	0.1415533899	1.087456195
0.08209044044	0.9179095596	0.1420628188	1.087109169
0.08309142142	0.9169085786	0.1426100957	1.086732908
0.0840924024	0.9159075976	0.1431938955	1.086327986
0.08509338338	0.9149066166	0.1438129698	1.085894974
0.08609436436	0.9139056356	0.1444661415	1.085434435
0.08709534535	0.9129046547	0.1451522987	1.084946926
0.08809632633	0.9119036737	0.145870391	1.084432996
0.08909730731	0.9109026927	0.146619424	1.083893187
0.09009828829	0.9099017117	0.1473984563	1.083328035
0.09109926927	0.9089007307	0.1482065949	1.082738069
0.09210025025	0.9078997497	0.1490429923	1.082123809
0.09310123123	0.9068987688	0.1499068434	1.081485768
0.09410221221	0.9058977878	0.1507973823	1.080824454
0.09510319319	0.9048968068	0.1517138797	1.080140365
0.09610417417	0.9038958258	0.1526556406	1.079433992
0.09710515516	0.9028948448	0.1536220021	1.07870582
0.09810613614	0.9018938639	0.1546123308	1.077956326
0.09910711712	0.9008928829	0.1556260216	1.07718598
0.1001080981	0.8998919019	0.1566624953	1.076395242
0.1011090791	0.8988909209	0.1577211972	1.075584569
0.1021100601	0.8978899399	0.1588015955	1.074754407
0.103111041	0.896888959	0.1599031799	1.073905198
0.104112022	0.895887978	0.1610254602	1.073037374
0.105113003	0.894886997	0.1621679652	1.072151361
0.106113984	0.893886016	0.1633302415	1.071247579
0.107114965	0.892885035	0.1645118522	1.070326438
0.1081159459	0.8918840541	0.1657123764	1.069388345
0.1091169269	0.8908830731	0.1669314078	1.068433698
0.1101179079	0.8898820921	0.1681685542	1.067462886
0.1111188889	0.8888811111	0.1694234364	1.066476296
0.1121198699	0.8878801301	0.1706956875	1.065474304
0.1131208509	0.8868791491	0.1719849527	1.064457283
0.1141218318	0.8858781682	0.1732908877	1.063425595
0.1151228128	0.8848771872	0.174613159	1.062379601
0.1161237938	0.8838762062	0.1759514429	1.061319651
0.1171247748	0.8828752252	0.177305425	1.060246092
0.1181257558	0.8818742442	0.1786747996	1.059159262
0.1191267367	0.8808732633	0.1800592697	1.058059494
0.1201277177	0.8798722823	0.1814585459	1.056947116
0.1211286987	0.8788713013	0.1828723465	1.055822449
0.1221296797	0.8778703203	0.1843003969	1.054685808
0.1231306607	0.8768693393	0.1857424293	1.053537503
0.1241316416	0.8758683584	0.1871981824	1.052377836
0.1251326226	0.8748673774	0.188667401	1.051207108
0.1261336036	0.8738663964	0.1901498357	1.050025609
0.1271345846	0.8728654154	0.1916452427	1.048833627
0.1281355656	0.8718644344	0.1931533834	1.047631444
0.1291365465	0.8708634535	0.1946740246	1.046419336
0.1301375275	0.8698624725	0.1962069375	1.045197575
0.1311385085	0.8688614915	0.1977518981	1.043966426
0.1321394895	0.8678605105	0.1993086869	1.042726151
0.1331404705	0.8668595295	0.2008770884	1.041477005
0.1341414515	0.8658585485	0.2024568915	1.04021924
0.1351424324	0.8648575676	0.2040478885	1.038953103
0.1361434134	0.8638565866	0.2056498757	1.037678834
0.1371443944	0.8628556056	0.207262653	1.03639667
0.1381453754	0.8618546246	0.2088860234	1.035106845
0.1391463564	0.8608536436	0.2105197937	1.033809586
0.1401473373	0.8598526627	0.2121637733	1.032505117
0.1411483183	0.8588516817	0.2138177749	1.031193656
0.1421492993	0.8578507007	0.2154816143	1.029875419
0.1431502803	0.8568497197	0.2171551098	1.028550616
0.1441512613	0.8558487387	0.2188380826	1.027219455
0.1451522422	0.8548477578	0.2205303566	1.025882137
0.1461532232	0.8538467768	0.2222317579	1.024538861
0.1471542042	0.8528457958	0.2239421154	1.023189821
0.1481551852	0.8518448148	0.2256612603	1.021835209
0.1491561662	0.8508438338	0.227389026	1.020475212
0.1501571471	0.8498428529	0.2291252482	1.019110013
0.1511581281	0.8488418719	0.2308697648	1.017739791
0.1521591091	0.8478408909	0.2326224157	1.016364723
0.1531600901	0.8468399099	0.234383043	1.014984981
0.1541610711	0.8458389289	0.2361514904	1.013600735
0.1551620521	0.8448379479	0.2379276041	1.01221215
0.156163033	0.843836967	0.2397112318	1.010819388
0.157164014	0.842835986	0.2415022231	1.00942261
0.158164995	0.841835005	0.2433004293	1.008021971
0.159165976	0.840834024	0.2451057037	1.006617624
0.160166957	0.839833043	0.2469179011	1.005209718
0.1611679379	0.8388320621	0.2487368779	1.003798401
0.1621689189	0.8378310811	0.2505624924	1.002383816
0.1631698999	0.8368301001	0.2523946042	1.000966104
0.1641708809	0.8358291191	0.2542330746	0.9995454038
0.1651718619	0.8348281381	0.2560777665	0.9981218496
0.1661728428	0.8338271572	0.2579285441	0.9966955741
0.1671738238	0.8328261762	0.2597852731	0.9952667071
0.1681748048	0.8318251952	0.2616478209	0.9938353758
0.1691757858	0.8308242142	0.263516056	0.9924017046
0.1701767668	0.8298232332	0.2653898484	0.9909658154
0.1711777477	0.8288222523	0.2672690696	0.9895278277
0.1721787287	0.8278212713	0.2691535921	0.9880878584
0.1731797097	0.8268202903	0.2710432901	0.9866460221
0.1741806907	0.8258193093	0.2729380389	0.9852024309
0.1751816717	0.8248183283	0.2748377152	0.9837571946
0.1761826527	0.8238173473	0.2767421968	0.9823104209
0.1771836336	0.8228163664	0.2786513628	0.9808622151
0.1781846146	0.8218153854	0.2805650937	0.9794126803
0.1791855956	0.8208144044	0.2824832709	0.9779619175
0.1801865766	0.8198134234	0.2844057773	0.9765100255
0.1811875576	0.8188124424	0.2863324969	0.9750571011
0.1821885385	0.8178114615	0.2882633147	0.9736032392
0.1831895195	0.8168104805	0.290198117	0.9721485324
0.1841905005	0.8158094995	0.2921367913	0.9706930715
0.1851914815	0.8148085185	0.294079226	0.9692369455
0.1861924625	0.8138075375	0.2960253109	0.9677802414
0.1871934434	0.8128065566	0.2979749367	0.9663230442
0.1881944244	0.8118055756	0.2999279953	0.9648654373
0.1891954054	0.8108045946	0.3018843795	0.9634075024
0.1901963864	0.8098036136	0.3038439835	0.9619493191
0.1911973674	0.8088026326	0.3058067023	0.9604909657
0.1921983483	0.8078016517	0.3077724319	0.9590325185
0.1931993293	0.8068006707	0.3097410696	0.9575740523
0.1942003103	0.8057996897	0.3117125136	0.9561156403
0.1952012913	0.8047987087	0.313686663	0.954657354
0.1962022723	0.8037977277	0.3156634181	0.9531992636
0.1972032533	0.8027967467	0.3176426801	0.9517414375
0.1982042342	0.8017957658	0.3196243512	0.9502839427
0.1992052152	0.8007947848	0.3216083347	0.9488268447
0.2002061962	0.7997938038	0.3235945347	0.9473702077
0.2012071772	0.7987928228	0.3255828565	0.9459140944
0.2022081582	0.7977918418	0.327573206	0.944458566
0.2032091391	0.7967908609	0.3295654905	0.9430036826
0.2042101201	0.7957898799	0.331559618	0.9415495028
0.2052111011	0.7947888989	0.3335554974	0.9400960838
0.2062120821	0.7937879179	0.3355530386	0.9386434818
0.2072130631	0.7927869369	0.3375521525	0.9371917515
0.208214044	0.791785956	0.3395527509	0.9357409465
0.209215025	0.790784975	0.3415547465	0.9342911191
0.210216006	0.789783994	0.3435580527	0.9328423205
0.211216987	0.788783013	0.3455625842	0.9313946007
0.212217968	0.787782032	0.3475682563	0.9299480086
0.2132189489	0.7867810511	0.3495749852	0.9285025918
0.2142199299	0.7857800701	0.3515826882	0.9270583972
0.2152209109	0.7847790891	0.3535912833	0.9256154701
0.2162218919	0.7837781081	0.3556006893	0.9241738553
0.2172228729	0.7827771271	0.3576108261	0.9227335961
0.2182238539	0.7817761461	0.3596216143	0.9212947351
0.2192248348	0.7807751652	0.3616329754	0.9198573136
0.2202258158	0.7797741842	0.3636448316	0.9184213723
0.2212267968	0.7787732032	0.3656571062	0.9169869507
0.2222277778	0.7777722222	0.3676697232	0.9155540874
0.2232287588	0.7767712412	0.3696826074	0.9141228201
0.2242297397	0.7757702603	0.3716956844	0.9126931857
0.2252307207	0.7747692793	0.3737088809	0.9112652199
0.2262317017	0.7737682983	0.3757221239	0.9098389579
0.2272326827	0.7727673173	0.3777353418	0.9084144338
0.2282336637	0.7717663363	0.3797484632	0.906991681
0.2292346446	0.7707653554	0.3817614181	0.9055707321
0.2302356256	0.7697643744	0.3837741368	0.9041516189
0.2312366066	0.7687633934	0.3857865506	0.9027343721
0.2322375876	0.7677624124	0.3877985915	0.9013190221
0.2332385686	0.7667614314	0.3898101925	0.8999055983
0.2342395495	0.7657604505	0.3918212872	0.8984941294
0.2352405305	0.7647594695	0.3938318098	0.8970846432
0.2362415115	0.7637584885	0.3958416955	0.8956771671
0.2372424925	0.7627575075	0.3978508802	0.8942717277
0.2382434735	0.7617565265	0.3998593005	0.8928683507
0.2392444545	0.7607555455	0.4018668938	0.8914670614
0.2402454354	0.7597545646	0.4038735982	0.8900678843
0.2412464164	0.7587535836	0.4058793525	0.8886708433
0.2422473974	0.7577526026	0.4078840963	0.8872759617
0.2432483784	0.7567516216	0.4098877699	0.885883262
0.2442493594	0.7557506406	0.4118903143	0.8844927663
0.2452503403	0.7547496597	0.4138916712	0.883104496
0.2462513213	0.7537486787	0.415891783	0.881718472
0.2472523023	0.7527476977	0.4178905929	0.8803347145
0.2482532833	0.7517467167	0.4198880447	0.8789532432
0.2492542643	0.7507457357	0.4218840829	0.8775740773
0.2502552452	0.7497447548	0.4238786527	0.8761972354
0.2512562262	0.7487437738	0.4258717	0.8748227355
0.2522572072	0.7477427928	0.4278631713	0.8734505952
0.2532581882	0.7467418118	0.4298530139	0.8720808316
0.2542591692	0.7457408308	0.4318411757	0.8707134612
0.2552601502	0.7447398498	0.4338276051	0.8693485
0.2562611311	0.7437388689	0.4358122515	0.8679859636
0.2572621121	0.7427378879	0.4377950647	0.8666258672
0.2582630931	0.7417369069	0.4397759952	0.8652682254
0.2592640741	0.7407359259	0.4417549941	0.8639130523
0.2602650551	0.7397349449	0.4437320132	0.8625603617
0.261266036	0.738733964	0.445707005	0.861210167
0.262267017	0.737732983	0.4476799224	0.8598624809
0.263267998	0.736732002	0.4496507192	0.858517316
0.264268979	0.735731021	0.4516193496	0.8571746842
0.26526996	0.73473004	0.4535857685	0.8558345974
0.2662709409	0.7337290591	0.4555499314	0.8544970666
0.2672719219	0.7327280781	0.4575117944	0.8531621028
0.2682729029	0.7317270971	0.4594713141	0.8518297165
0.2692738839	0.7307261161	0.4614284479	0.8504999177
0.2702748649	0.7297251351	0.4633831537	0.8491727164
0.2712758458	0.7287241542	0.4653353898	0.8478481217
0.2722768268	0.7277231732	0.4672851153	0.8465261428
0.2732778078	0.7267221922	0.4692322899	0.8452067884
0.2742787888	0.7257212112	0.4711768736	0.8438900669
0.2752797698	0.7247202302	0.4731188273	0.8425759863
0.2762807508	0.7237192492	0.4750581121	0.8412645543
0.2772817317	0.7227182683	0.47699469	0.8399557784
0.2782827127	0.7217172873	0.4789285234	0.8386496655
0.2792836937	0.7207163063	0.4808595751	0.8373462226
0.2802846747	0.7197153253	0.4827878086	0.836045456
0.2812856557	0.7187143443	0.4847131881	0.8347473721
0.2822866366	0.7177133634	0.4866356779	0.8334519766
0.2832876176	0.7167123824	0.4885552431	0.8321592753
0.2842885986	0.7157114014	0.4904718495	0.8308692735
0.2852895796	0.7147104204	0.4923854629	0.8295819763
0.2862905606	0.7137094394	0.4942960502	0.8282973885
0.2872915415	0.7127084585	0.4962035783	0.8270155147
0.2882925225	0.7117074775	0.4981080149	0.8257363592
0.2892935035	0.7107064965	0.5000093282	0.824459926
0.2902944845	0.7097055155	0.5019074867	0.8231862191
0.2912954655	0.7087045345	0.5038024596	0.8219152419
0.2922964464	0.7077035536	0.5056942164	0.8206469979
0.2932974274	0.7067025726	0.5075827272	0.8193814901
0.2942984084	0.7057015916	0.5094679626	0.8181187215
0.2952993894	0.7047006106	0.5113498936	0.8168586947
0.2963003704	0.7036996296	0.5132284916	0.8156014123
0.2973013514	0.7026986486	0.5151037287	0.8143468764
0.2983023323	0.7016976677	0.5169755771	0.8130950892
0.2993033133	0.7006966867	0.5188440099	0.8118460525
0.3003042943	0.6996957057	0.5207090002	0.8105997679
0.3013052753	0.6986947247	0.5225705219	0.8093562369
0.3023062563	0.6976937437	0.5244285492	0.8081154607
0.3033072372	0.6966927628	0.5262830566	0.8068774406
0.3043082182	0.6956917818	0.5281340193	0.8056421773
0.3053091992	0.6946908008	0.5299814128	0.8044096716
0.3063101802	0.6936898198	0.5318252129	0.803179924
0.3073111612	0.6926888388	0.5336653961	0.801952935
0.3083121421	0.6916878579	0.5355019391	0.8007287047
0.3093131231	0.6906868769	0.5373348191	0.7995072332
0.3103141041	0.6896858959	0.5391640136	0.7982885205
0.3113150851	0.6886849149	0.5409895006	0.7970725662
0.3123160661	0.6876839339	0.5428112586	0.7958593699
0.313317047	0.686682953	0.5446292664	0.794648931
0.314318028	0.685681972	0.546443503	0.7934412489
0.315319009	0.684680991	0.5482539481	0.7922363227
0.31631999	0.68368001	0.5500605817	0.7910341514
0.317320971	0.682679029	0.551863384	0.7898347339
0.318321952	0.681678048	0.5536623359	0.7886380689
0.3193229329	0.6806770671	0.5554574183	0.787444155
0.3203239139	0.6796760861	0.5572486127	0.7862529906
0.3213248949	0.6786751051	0.559035901	0.7850645742
0.3223258759	0.6776741241	0.5608192653	0.783878904
0.3233268569	0.6766731431	0.5625986883	0.782695978
0.3243278378	0.6756721622	0.5643741527	0.7815157942
0.3253288188	0.6746711812	0.5661456419	0.7803383506
0.3263297998	0.6736702002	0.5679131394	0.7791636449
0.3273307808	0.6726692192	0.5696766293	0.7779916747
0.3283317618	0.6716682382	0.5714360957	0.7768224375
0.3293327427	0.6706672573	0.5731915233	0.7756559309
0.3303337237	0.6696662763	0.5749428971	0.7744921521
0.3313347047	0.6686652953	0.5766902023	0.7733310984
0.3323356857	0.6676643143	0.5784334246	0.7721727669
0.3333366667	0.6666633333	0.5801725498	0.7710171547
0.3343376476	0.6656623524	0.5819075644	0.7698642586
0.3353386286	0.6646613714	0.5836384547	0.7687140756
0.3363396096	0.6636603904	0.5853652078	0.7675666025
0.3373405906	0.6626594094	0.5870878108	0.7664218358
0.3383415716	0.6616584284	0.5888062511	0.7652797723
0.3393425526	0.6606574474	0.5905205167	0.7641404084
0.3403435335	0.6596564665	0.5922305956	0.7630037404
0.3413445145	0.6586554855	0.5939364762	0.7618697649
0.3423454955	0.6576545045	0.5956381473	0.760738478
0.3433464765	0.6566535235	0.5973355977	0.759609876
0.3443474575	0.6556525425	0.5990288168	0.758483955
0.3453484384	0.6546515616	0.600717794	0.757360711
0.3463494194	0.6536505806	0.6024025194	0.7562401399
0.3473504004	0.6526495996	0.6040829829	0.7551222378
0.3483513814	0.6516486186	0.6057591749	0.7540070005
0.3493523624	0.6506476376	0.6074310862	0.7528944237
0.3503533433	0.6496466567	0.6090987075	0.7517845031
0.3513543243	0.6486456757	0.6107620302	0.7506772345
0.3523553053	0.6476446947	0.6124210457	0.7495726134
0.3533562863	0.6466437137	0.6140757456	0.7484706353
0.3543572673	0.6456427327	0.615726122	0.7473712957
0.3553582482	0.6446417518	0.6173721671	0.74627459
0.3563592292	0.6436407708	0.6190138733	0.7451805137
0.3573602102	0.6426397898	0.6206512333	0.7440890619
0.3583611912	0.6416388088	0.6222842402	0.7430002301
0.3593621722	0.6406378278	0.6239128872	0.7419140133
0.3603631532	0.6396368468	0.6255371676	0.7408304068
0.3613641341	0.6386358659	0.6271570751	0.7397494056
0.3623651151	0.6376348849	0.6287726037	0.7386710049
0.3633660961	0.6366339039	0.6303837476	0.7375951996
0.3643670771	0.6356329229	0.631990501	0.7365219847
0.3653680581	0.6346319419	0.6335928587	0.7354513553
0.366369039	0.633630961	0.6351908153	0.7343833061
0.36737002	0.63262998	0.6367843661	0.733317832
0.368371001	0.631628999	0.6383735061	0.7322549279
0.369371982	0.630628018	0.6399582309	0.7311945885
0.370372963	0.629627037	0.6415385362	0.7301368085
0.3713739439	0.6286260561	0.6431144179	0.7290815827
0.3723749249	0.6276250751	0.6446858721	0.7280289058
0.3733759059	0.6266240941	0.6462528951	0.7269787723
0.3743768869	0.6256231131	0.6478154833	0.7259311769
0.3753778679	0.6246221321	0.6493736336	0.7248861142
0.3763788488	0.6236211512	0.6509273429	0.7238435787
0.3773798298	0.6226201702	0.6524766081	0.7228035649
0.3783808108	0.6216191892	0.6540214267	0.7217660672
0.3793817918	0.6206182082	0.6555617961	0.7207310803
0.3803827728	0.6196172272	0.657097714	0.7196985984
0.3813837538	0.6186162462	0.6586291783	0.718668616
0.3823847347	0.6176152653	0.660156187	0.7176411275
0.3833857157	0.6166142843	0.6616787382	0.7166161272
0.3843866967	0.6156133033	0.6631968306	0.7155936094
0.3853876777	0.6146123223	0.6647104625	0.7145735685
0.3863886587	0.6136113413	0.6662196328	0.7135559988
0.3873896396	0.6126103604	0.6677243404	0.7125408945
0.3883906206	0.6116093794	0.6692245844	0.7115282499
0.3893916016	0.6106083984	0.670720364	0.7105180592
0.3903925826	0.6096074174	0.6722116788	0.7095103165
0.3913935636	0.6086064364	0.6736985282	0.7085050162
0.3923945445	0.6076054555	0.675180912	0.7075021523
0.3933955255	0.6066044745	0.6766588303	0.7065017191
0.3943965065	0.6056034935	0.6781322829	0.7055037107
0.3953974875	0.6046025125	0.6796012702	0.7045081211
0.3963984685	0.6036015315	0.6810657925	0.7035149446
0.3973994494	0.6026005506	0.6825258504	0.7025241752
0.3984004304	0.6015995696	0.6839814446	0.7015358069
0.3994014114	0.6005985886	0.6854325758	0.700549834
0.4004023924	0.5995976076	0.6868792451	0.6995662504
0.4014033734	0.5985966266	0.6883214536	0.6985850502
0.4024043544	0.5975956456	0.6897592025	0.6976062274
0.4034053353	0.5965946647	0.6911924932	0.6966297761
0.4044063163	0.5955936837	0.6926213273	0.6956556903
0.4054072973	0.5945927027	0.6940457064	0.6946839639
0.4064082783	0.5935917217	0.6954656324	0.6937145911
0.4074092593	0.5925907407	0.6968811072	0.6927475658
0.4084102402	0.5915897598	0.6982921328	0.6917828819
0.4094112212	0.5905887788	0.6996987115	0.6908205336
0.4104122022	0.5895877978	0.7011008455	0.6898605147
0.4114131832	0.5885868168	0.7024985374	0.6889028192
0.4124141642	0.5875858358	0.7038917896	0.6879474411
0.4134151451	0.5865848549	0.705280605	0.6869943743
0.4144161261	0.5855838739	0.7066649863	0.6860436129
0.4154171071	0.5845828929	0.7080449364	0.6850951507
0.4164180881	0.5835819119	0.7094204584	0.6841489818
0.4174190691	0.5825809309	0.7107915554	0.6832051
0.4184200501	0.5815799499	0.7121582308	0.6822634993
0.419421031	0.580578969	0.7135204879	0.6813241737
0.420422012	0.579577988	0.7148783303	0.6803871171
0.421422993	0.578577007	0.7162317615	0.6794523234
0.422423974	0.577576026	0.7175807852	0.6785197866
0.423424955	0.576575045	0.7189254053	0.6775895005
0.4244259359	0.5755740641	0.7202656257	0.6766614593
0.4254269169	0.5745730831	0.7216014505	0.6757356567
0.4264278979	0.5735721021	0.7229328837	0.6748120868
0.4274288789	0.5725711211	0.7242599296	0.6738907435
0.4284298599	0.5715701401	0.7255825924	0.6729716207
0.4294308408	0.5705691592	0.7269008768	0.6720547123
0.4304318218	0.5695681782	0.7282147871	0.6711400124
0.4314328028	0.5685671972	0.7295243279	0.6702275148
0.4324337838	0.5675662162	0.7308295041	0.6693172135
0.4334347648	0.5665652352	0.7321303203	0.6684091025
0.4344357457	0.5655642543	0.7334267814	0.6675031758
0.4354367267	0.5645632733	0.7347188925	0.6665994272
0.4364377077	0.5635622923	0.7360066586	0.6656978508
0.4374386887	0.5625613113	0.7372900847	0.6647984406
0.4384396697	0.5615603303	0.7385691763	0.6639011904
0.4394406507	0.5605593493	0.7398439385	0.6630060944
0.4404416316	0.5595583684	0.7411143768	0.6621131464
0.4414426126	0.5585573874	0.7423804967	0.6612223405
0.4424435936	0.5575564064	0.7436423036	0.6603336706
0.4434445746	0.5565554254	0.7448998033	0.6594471308
0.4444455556	0.5555544444	0.7461530014	0.6585627151
0.4454465365	0.5545534635	0.7474019038	0.6576804175
0.4464475175	0.5535524825	0.7486465162	0.656800232
0.4474484985	0.5525515015	0.7498868446	0.6559221526
0.4484494795	0.5515505205	0.751122895	0.6550461735
0.4494504605	0.5505495395	0.7523546736	0.6541722885
0.4504514414	0.5495485586	0.7535821863	0.6533004918
0.4514524224	0.5485475776	0.7548054395	0.6524307775
0.4524534034	0.5475465966	0.7560244394	0.6515631395
0.4534543844	0.5465456156	0.7572391923	0.6506975721
0.4544553654	0.5455446346	0.7584497047	0.6498340692
0.4554563463	0.5445436537	0.7596559831	0.6489726249
0.4564573273	0.5435426727	0.7608580339	0.6481132334
0.4574583083	0.5425416917	0.7620558638	0.6472558888
0.4584592893	0.5415407107	0.7632494795	0.6464005851
0.4594602703	0.5405397297	0.7644388875	0.6455473166
0.4604612513	0.5395387487	0.7656240948	0.6446960773
0.4614622322	0.5385377678	0.7668051082	0.6438468614
0.4624632132	0.5375367868	0.7679819344	0.642999663
0.4634641942	0.5365358058	0.7691545806	0.6421544764
0.4644651752	0.5355348248	0.7703230536	0.6413112956
0.4654661562	0.5345338438	0.7714873606	0.6404701149
0.4664671371	0.5335328629	0.7726475086	0.6396309286
0.4674681181	0.5325318819	0.7738035049	0.6387937307
0.4684690991	0.5315309009	0.7749553565	0.6379585155
0.4694700801	0.5305299199	0.7761030708	0.6371252772
0.4704710611	0.5295289389	0.777246655	0.6362940102
0.471472042	0.528527958	0.7783861166	0.6354647085
0.472473023	0.527526977	0.7795214629	0.6346373666
0.473474004	0.526525996	0.7806527013	0.6338119786
0.474474985	0.525525015	0.7817798394	0.6329885389
0.475475966	0.524524034	0.7829028847	0.6321670417
0.4764769469	0.5235230531	0.7840218448	0.6313474814
0.4774779279	0.5225220721	0.7851367272	0.6305298523
0.4784789089	0.5215210911	0.7862475397	0.6297141487
0.4794798899	0.5205201101	0.78735429	0.628900365
0.4804808709	0.5195191291	0.7884569857	0.6280884955
0.4814818519	0.5185181481	0.7895556348	0.6272785345
0.4824828328	0.5175171672	0.7906502449	0.6264704766
0.4834838138	0.5165161862	0.791740824	0.625664316
0.4844847948	0.5155152052	0.79282738	0.6248600471
0.4854857758	0.5145142242	0.7939099207	0.6240576645
0.4864867568	0.5135132432	0.7949884542	0.6232571625
0.4874877377	0.5125122623	0.7960629885	0.6224585355
0.4884887187	0.5115112813	0.7971335315	0.6216617781
0.4894896997	0.5105103003	0.7982000915	0.6208668846
0.4904906807	0.5095093193	0.7992626763	0.6200738497
0.4914916617	0.5085083383	0.8003212943	0.6192826677
0.4924926426	0.5075073574	0.8013759535	0.6184933332
0.4934936236	0.5065063764	0.8024266621	0.6177058407
0.4944946046	0.5055053954	0.8034734284	0.6169201848
0.4954955856	0.5045044144	0.8045162607	0.6161363599
0.4964965666	0.5035034334	0.8055551671	0.6153543607
0.4974975475	0.5025024525	0.806590156	0.6145741817
0.4984985285	0.5015014715	0.8076212357	0.6137958176
0.4994995095	0.5005004905	0.8086484147	0.6130192629
0.5005004905	0.4994995095	0.8096717012	0.6122445122
0.5015014715	0.4984985285	0.8106911037	0.6114715602
0.5025024525	0.4974975475	0.8117066306	0.6107004015
0.5035034334	0.4964965666	0.8127182903	0.6099310308
0.5045044144	0.4954955856	0.8137260915	0.6091634427
0.5055053954	0.4944946046	0.8147300424	0.608397632
0.5065063764	0.4934936236	0.8157301518	0.6076335933
0.5075073574	0.4924926426	0.816726428	0.6068713213
0.5085083383	0.4914916617	0.8177188797	0.6061108108
0.5095093193	0.4904906807	0.8187075155	0.6053520566
0.5105103003	0.4894896997	0.8196923439	0.6045950533
0.5115112813	0.4884887187	0.8206733737	0.6038397957
0.5125122623	0.4874877377	0.8216506133	0.6030862787
0.5135132432	0.4864867568	0.8226240715	0.602334497
0.5145142242	0.4854857758	0.823593757	0.6015844455
0.5155152052	0.4844847948	0.8245596784	0.6008361189
0.5165161862	0.4834838138	0.8255218445	0.6000895121
0.5175171672	0.4824828328	0.8264802639	0.5993446199
0.5185181481	0.4814818519	0.8274349454	0.5986014373
0.5195191291	0.4804808709	0.8283858978	0.5978599591
0.5205201101	0.4794798899	0.8293331298	0.5971201802
0.5215210911	0.4784789089	0.8302766502	0.5963820956
0.5225220721	0.4774779279	0.8312164678	0.5956457001
0.5235230531	0.4764769469	0.8321525914	0.5949109887
0.524524034	0.475475966	0.8330850297	0.5941779563
0.525525015	0.474474985	0.8340137918	0.5934465979
0.526525996	0.473474004	0.8349388862	0.5927169086
0.527526977	0.472473023	0.835860322	0.5919888832
0.528527958	0.471472042	0.836778108	0.5912625168
0.5295289389	0.4704710611	0.837692253	0.5905378045
0.5305299199	0.4694700801	0.8386027659	0.5898147413
0.5315309009	0.4684690991	0.8395096556	0.5890933222
0.5325318819	0.4674681181	0.840412931	0.5883735423
0.5335328629	0.4664671371	0.841312601	0.5876553967
0.5345338438	0.4654661562	0.8422086745	0.5869388805
0.5355348248	0.4644651752	0.8431011604	0.5862239888
0.5365358058	0.4634641942	0.8439900676	0.5855107168
0.5375367868	0.4624632132	0.8448754051	0.5847990595
0.5385377678	0.4614622322	0.8457571818	0.5840890122
0.5395387487	0.4604612513	0.8466354066	0.58338057
0.5405397297	0.4594602703	0.8475100885	0.5826737281
0.5415407107	0.4584592893	0.8483812364	0.5819684817
0.5425416917	0.4574583083	0.8492488593	0.581264826
0.5435426727	0.4564573273	0.8501129661	0.5805627562
0.5445436537	0.4554563463	0.8509735657	0.5798622676
0.5455446346	0.4544553654	0.8518306673	0.5791633555
0.5465456156	0.4534543844	0.8526842796	0.5784660151
0.5475465966	0.4524534034	0.8535344117	0.5777702418
0.5485475776	0.4514524224	0.8543810726	0.5770760307
0.5495485586	0.4504514414	0.8552242711	0.5763833773
0.5505495395	0.4494504605	0.8560640164	0.5756922768
0.5515505205	0.4484494795	0.8569003173	0.5750027247
0.5525515015	0.4474484985	0.8577331828	0.5743147162
0.5535524825	0.4464475175	0.858562622	0.5736282467
0.5545534635	0.4454465365	0.8593886437	0.5729433117
0.5555544444	0.4444455556	0.8602112569	0.5722599066
0.5565554254	0.4434445746	0.8610304707	0.5715780266
0.5575564064	0.4424435936	0.8618462939	0.5708976674
0.5585573874	0.4414426126	0.8626587356	0.5702188243
0.5595583684	0.4404416316	0.8634678047	0.5695414928
0.5605593493	0.4394406507	0.8642735102	0.5688656684
0.5615603303	0.4384396697	0.8650758611	0.5681913465
0.5625613113	0.4374386887	0.8658748662	0.5675185227
0.5635622923	0.4364377077	0.8666705346	0.5668471925
0.5645632733	0.4354367267	0.8674628753	0.5661773513
0.5655642543	0.4344357457	0.8682518971	0.5655089949
0.5665652352	0.4334347648	0.869037609	0.5648421186
0.5675662162	0.4324337838	0.86982002	0.5641767182
0.5685671972	0.4314328028	0.8705991389	0.5635127891
0.5695681782	0.4304318218	0.8713749748	0.562850327
0.5705691592	0.4294308408	0.8721475366	0.5621893275
0.5715701401	0.4284298599	0.8729168332	0.5615297863
0.5725711211	0.4274288789	0.8736828734	0.5608716989
0.5735721021	0.4264278979	0.8744456663	0.560215061
0.5745730831	0.4254269169	0.8752052207	0.5595598684
0.5755740641	0.4244259359	0.8759615455	0.5589061167
0.576575045	0.423424955	0.8767146496	0.5582538015
0.577576026	0.422423974	0.877464542	0.5576029187
0.578577007	0.421422993	0.8782112314	0.5569534639
0.579577988	0.420422012	0.8789547268	0.5563054329
0.580578969	0.419421031	0.879695037	0.5556588214
0.5815799499	0.4184200501	0.880432171	0.5550136252
0.5825809309	0.4174190691	0.8811661375	0.5543698401
0.5835819119	0.4164180881	0.8818969453	0.5537274619
0.5845828929	0.4154171071	0.8826246034	0.5530864864
0.5855838739	0.4144161261	0.8833491206	0.5524469095
0.5865848549	0.4134151451	0.8840705057	0.5518087269
0.5875858358	0.4124141642	0.8847887674	0.5511719345
0.5885868168	0.4114131832	0.8855039146	0.5505365282
0.5895877978	0.4104122022	0.8862159562	0.5499025039
0.5905887788	0.4094112212	0.8869249008	0.5492698574
0.5915897598	0.4084102402	0.8876307572	0.5486385847
0.5925907407	0.4074092593	0.8883335343	0.5480086816
0.5935917217	0.4064082783	0.8890332407	0.5473801442
0.5945927027	0.4054072973	0.8897298853	0.5467529683
0.5955936837	0.4044063163	0.8904234767	0.54612715
0.5965946647	0.4034053353	0.8911140236	0.5455026852
0.5975956456	0.4024043544	0.8918015349	0.5448795698
0.5985966266	0.4014033734	0.8924860192	0.5442578
0.5995976076	0.4004023924	0.8931674851	0.5436373716
0.6005985886	0.3994014114	0.8938459415	0.5430182808
0.6015995696	0.3984004304	0.8945213969	0.5424005235
0.6026005506	0.3973994494	0.8951938599	0.5417840958
0.6036015315	0.3963984685	0.8958633394	0.5411689939
0.6046025125	0.3953974875	0.8965298438	0.5405552137
0.6056034935	0.3943965065	0.8971933818	0.5399427513
0.6066044745	0.3933955255	0.8978539621	0.539331603
0.6076054555	0.3923945445	0.8985115931	0.5387217647
0.6086064364	0.3913935636	0.8991662836	0.5381132326
0.6096074174	0.3903925826	0.8998180421	0.5375060029
0.6106083984	0.3893916016	0.9004668772	0.5369000717
0.6116093794	0.3883906206	0.9011127973	0.5362954352
0.6126103604	0.3873896396	0.9017558111	0.5356920896
0.6136113413	0.3863886587	0.9023959271	0.5350900311
0.6146123223	0.3853876777	0.9030331537	0.5344892558
0.6156133033	0.3843866967	0.9036674995	0.53388976
0.6166142843	0.3833857157	0.904298973	0.53329154
0.6176152653	0.3823847347	0.9049275827	0.5326945919
0.6186162462	0.3813837538	0.9055533369	0.5320989121
0.6196172272	0.3803827728	0.9061762442	0.5315044968
0.6206182082	0.3793817918	0.9067963129	0.5309113423
0.6216191892	0.3783808108	0.9074135516	0.5303194449
0.6226201702	0.3773798298	0.9080279685	0.529728801
0.6236211512	0.3763788488	0.9086395722	0.5291394067
0.6246221321	0.3753778679	0.9092483709	0.5285512585
0.6256231131	0.3743768869	0.909854373	0.5279643527
0.6266240941	0.3733759059	0.9104575869	0.5273786857
0.6276250751	0.3723749249	0.9110580208	0.5267942539
0.6286260561	0.3713739439	0.9116556833	0.5262110536
0.629627037	0.370372963	0.9122505824	0.5256290812
0.630628018	0.369371982	0.9128427265	0.5250483331
0.631628999	0.368371001	0.9134321239	0.5244688058
0.63262998	0.36737002	0.9140187829	0.5238904957
0.633630961	0.366369039	0.9146027117	0.5233133992
0.6346319419	0.3653680581	0.9151839184	0.5227375128
0.6356329229	0.3643670771	0.9157624114	0.522162833
0.6366339039	0.3633660961	0.9163381988	0.5215893562
0.6376348849	0.3623651151	0.9169112888	0.5210170789
0.6386358659	0.3613641341	0.9174816896	0.5204459977
0.6396368468	0.3603631532	0.9180494093	0.5198761091
0.6406378278	0.3593621722	0.918614456	0.5193074095
0.6416388088	0.3583611912	0.919176838	0.5187398956
0.6426397898	0.3573602102	0.9197365632	0.5181735639
0.6436407708	0.3563592292	0.9202936397	0.5176084109
0.6446417518	0.3553582482	0.9208480757	0.5170444332
0.6456427327	0.3543572673	0.9213998792	0.5164816274
0.6466437137	0.3533562863	0.9219490582	0.5159199902
0.6476446947	0.3523553053	0.9224956208	0.5153595181
0.6486456757	0.3513543243	0.9230395749	0.5148002077
0.6496466567	0.3503533433	0.9235809286	0.5142420557
0.6506476376	0.3493523624	0.9241196898	0.5136850587
0.6516486186	0.3483513814	0.9246558665	0.5131292134
0.6526495996	0.3473504004	0.9251894666	0.5125745164
0.6536505806	0.3463494194	0.9257204981	0.5120209645
0.6546515616	0.3453484384	0.9262489688	0.5114685543
0.6556525425	0.3443474575	0.9267748867	0.5109172825
0.6566535235	0.3433464765	0.9272982595	0.5103671459
0.6576545045	0.3423454955	0.9278190953	0.5098181411
0.6586554855	0.3413445145	0.9283374018	0.5092702649
0.6596564665	0.3403435335	0.9288531868	0.5087235141
0.6606574474	0.3393425526	0.9293664582	0.5081778853
0.6616584284	0.3383415716	0.9298772237	0.5076333755
0.6626594094	0.3373405906	0.9303854912	0.5070899813
0.6636603904	0.3363396096	0.9308912683	0.5065476995
0.6646613714	0.3353386286	0.9313945628	0.506006527
0.6656623524	0.3343376476	0.9318953824	0.5054664606
0.6666633333	0.3333366667	0.9323937349	0.504927497
0.6676643143	0.3323356857	0.9328896279	0.5043896332
0.6686652953	0.3313347047	0.9333830691	0.5038528659
0.6696662763	0.3303337237	0.9338740662	0.503317192
0.6706672573	0.3293327427	0.9343626267	0.5027826085
0.6716682382	0.3283317618	0.9348487584	0.5022491121
0.6726692192	0.3273307808	0.9353324687	0.5017166998
0.6736702002	0.3263297998	0.9358137653	0.5011853684
0.6746711812	0.3253288188	0.9362926558	0.500655115
0.6756721622	0.3243278378	0.9367691477	0.5001259363
0.6766731431	0.3233268569	0.9372432485	0.4995978293
0.6776741241	0.3223258759	0.9377149658	0.499070791
0.6786751051	0.3213248949	0.938184307	0.4985448183
0.6796760861	0.3203239139	0.9386512796	0.4980199082
0.6806770671	0.3193229329	0.9391158911	0.4974960577
0.681678048	0.318321952	0.9395781489	0.4969732637
0.682679029	0.317320971	0.9400380604	0.4964515232
0.68368001	0.31631999	0.9404956331	0.4959308333
0.684680991	0.315319009	0.9409508744	0.4954111909
0.685681972	0.314318028	0.9414037916	0.4948925931
0.686682953	0.313317047	0.941854392	0.4943750369
0.6876839339	0.3123160661	0.9423026831	0.4938585193
0.6886849149	0.3113150851	0.942748672	0.4933430375
0.6896858959	0.3103141041	0.9431923662	0.4928285885
0.6906868769	0.3093131231	0.9436337729	0.4923151693
0.6916878579	0.3083121421	0.9440728994	0.491802777
0.6926888388	0.3073111612	0.9445097529	0.4912914088
0.6936898198	0.3063101802	0.9449443406	0.4907810617
0.6946908008	0.3053091992	0.9453766698	0.4902717329
0.6956917818	0.3043082182	0.9458067477	0.4897634195
0.6966927628	0.3033072372	0.9462345814	0.4892561185
0.6976937437	0.3023062563	0.946660178	0.4887498273
0.6986947247	0.3013052753	0.9470835448	0.4882445428
0.6996957057	0.3003042943	0.9475046889	0.4877402623
0.7006966867	0.2993033133	0.9479236173	0.487236983
0.7016976677	0.2983023323	0.9483403371	0.486734702
0.7026986486	0.2973013514	0.9487548555	0.4862334166
0.7036996296	0.2963003704	0.9491671794	0.4857331239
0.7047006106	0.2952993894	0.9495773158	0.4852338211
0.7057015916	0.2942984084	0.9499852719	0.4847355055
0.7067025726	0.2932974274	0.9503910546	0.4842381743
0.7077035536	0.2922964464	0.9507946709	0.4837418247
0.7087045345	0.2912954655	0.9511961277	0.483246454
0.7097055155	0.2902944845	0.9515954319	0.4827520595
0.7107064965	0.2892935035	0.9519925906	0.4822586384
0.7117074775	0.2882925225	0.9523876106	0.481766188
0.7127084585	0.2872915415	0.9527804987	0.4812747056
0.7137094394	0.2862905606	0.9531712619	0.4807841884
0.7147104204	0.2852895796	0.9535599071	0.4802946339
0.7157114014	0.2842885986	0.953946441	0.4798060393
0.7167123824	0.2832876176	0.9543308704	0.4793184018
0.7177133634	0.2822866366	0.9547132023	0.478831719
0.7187143443	0.2812856557	0.9550934432	0.478345988
0.7197153253	0.2802846747	0.9554716001	0.4778612064
0.7207163063	0.2792836937	0.9558476796	0.4773773713
0.7217172873	0.2782827127	0.9562216885	0.4768944802
0.7227182683	0.2772817317	0.9565936335	0.4764125305
0.7237192492	0.2762807508	0.9569635213	0.4759315195
0.7247202302	0.2752797698	0.9573313585	0.4754514447
0.7257212112	0.2742787888	0.9576971518	0.4749723035
0.7267221922	0.2732778078	0.9580609078	0.4744940932
0.7277231732	0.2722768268	0.9584226332	0.4740168113
0.7287241542	0.2712758458	0.9587823346	0.4735404553
0.7297251351	0.2702748649	0.9591400185	0.4730650225
0.7307261161	0.2692738839	0.9594956915	0.4725905104
0.7317270971	0.2682729029	0.9598493601	0.4721169165
0.7327280781	0.2672719219	0.960201031	0.4716442383
0.7337290591	0.2662709409	0.9605507105	0.4711724731
0.73473004	0.26526996	0.9608984052	0.4707016186
0.735731021	0.264268979	0.9612441216	0.4702316722
0.736732002	0.263267998	0.9615878661	0.4697626313
0.737732983	0.262267017	0.9619296451	0.4692944936
0.738733964	0.261266036	0.9622694652	0.4688272565
0.7397349449	0.2602650551	0.9626073326	0.4683609175
0.7407359259	0.2592640741	0.9629432538	0.4678954742
0.7417369069	0.2582630931	0.9632772351	0.4674309241
0.7427378879	0.2572621121	0.9636092829	0.4669672648
0.7437388689	0.2562611311	0.9639394036	0.4665044939
0.7447398498	0.2552601502	0.9642676034	0.4660426089
0.7457408308	0.2542591692	0.9645938886	0.4655816073
0.7467418118	0.2532581882	0.9649182656	0.4651214868
0.7477427928	0.2522572072	0.9652407406	0.464662245
0.7487437738	0.2512562262	0.9655613198	0.4642038794
0.7497447548	0.2502552452	0.9658800094	0.4637463877
0.7507457357	0.2492542643	0.9661968157	0.4632897675
0.7517467167	0.2482532833	0.9665117449	0.4628340163
0.7527476977	0.2472523023	0.9668248032	0.462379132
0.7537486787	0.2462513213	0.9671359966	0.461925112
0.7547496597	0.2452503403	0.9674453314	0.461471954
0.7557506406	0.2442493594	0.9677528136	0.4610196558
0.7567516216	0.2432483784	0.9680584494	0.4605682149
0.7577526026	0.2422473974	0.9683622448	0.460117629
0.7587535836	0.2412464164	0.968664206	0.4596678958
0.7597545646	0.2402454354	0.968964339	0.459219013
0.7607555455	0.2392444545	0.9692626498	0.4587709783
0.7617565265	0.2382434735	0.9695591444	0.4583237895
0.7627575075	0.2372424925	0.9698538288	0.4578774441
0.7637584885	0.2362415115	0.9701467091	0.4574319399
0.7647594695	0.2352405305	0.9704377912	0.4569872747
0.7657604505	0.2342395495	0.970727081	0.4565434462
0.7667614314	0.2332385686	0.9710145844	0.4561004521
0.7677624124	0.2322375876	0.9713003075	0.4556582902
0.7687633934	0.2312366066	0.971584256	0.4552169583
0.7697643744	0.2302356256	0.971866436	0.454776454
0.7707653554	0.2292346446	0.9721468531	0.4543367752
0.7717663363	0.2282336637	0.9724255133	0.4538979197
0.7727673173	0.2272326827	0.9727024225	0.4534598852
0.7737682983	0.2262317017	0.9729775863	0.4530226696
0.7747692793	0.2252307207	0.9732510107	0.4525862706
0.7757702603	0.2242297397	0.9735227014	0.4521506861
0.7767712412	0.2232287588	0.9737926641	0.4517159138
0.7777722222	0.2222277778	0.9740609047	0.4512819516
0.7787732032	0.2212267968	0.9743274288	0.4508487973
0.7797741842	0.2202258158	0.9745922421	0.4504164488
0.7807751652	0.2192248348	0.9748553504	0.4499849039
0.7817761461	0.2182238539	0.9751167593	0.4495541605
0.7827771271	0.2172228729	0.9753764745	0.4491242164
0.7837781081	0.2162218919	0.9756345016	0.4486950695
0.7847790891	0.2152209109	0.9758908462	0.4482667176
0.7857800701	0.2142199299	0.9761455141	0.4478391587
0.7867810511	0.2132189489	0.9763985106	0.4474123906
0.787782032	0.212217968	0.9766498416	0.4469864113
0.788783013	0.211216987	0.9768995124	0.4465612185
0.789783994	0.210216006	0.9771475287	0.4461368104
0.790784975	0.209215025	0.9773938959	0.4457131846
0.791785956	0.208214044	0.9776386197	0.4452903393
0.7927869369	0.2072130631	0.9778817054	0.4448682723
0.7937879179	0.2062120821	0.9781231586	0.4444469815
0.7947888989	0.2052111011	0.9783629847	0.444026465
0.7957898799	0.2042101201	0.9786011892	0.4436067205
0.7967908609	0.2032091391	0.9788377775	0.4431877462
0.7977918418	0.2022081582	0.979072755	0.44276954
0.7987928228	0.2012071772	0.9793061272	0.4423520998
0.7997938038	0.2002061962	0.9795378993	0.4419354236
0.8007947848	0.1992052152	0.9797680768	0.4415195094
0.8017957658	0.1982042342	0.979996665	0.4411043552
0.8027967467	0.1972032533	0.9802236693	0.4406899591
0.8037977277	0.1962022723	0.9804490949	0.4402763189
0.8047987087	0.1952012913	0.9806729471	0.4398634327
0.8057996897	0.1942003103	0.9808952314	0.4394512986
0.8068006707	0.1931993293	0.9811159528	0.4390399145
0.8078016517	0.1921983483	0.9813351167	0.4386292785
0.8088026326	0.1911973674	0.9815527284	0.4382193886
0.8098036136	0.1901963864	0.9817687929	0.4378102429
0.8108045946	0.1891954054	0.9819833156	0.4374018394
0.8118055756	0.1881944244	0.9821963016	0.4369941762
0.8128065566	0.1871934434	0.9824077561	0.4365872513
0.8138075375	0.1861924625	0.9826176843	0.4361810628
0.8148085185	0.1851914815	0.9828260912	0.4357756089
0.8158094995	0.1841905005	0.9830329821	0.4353708875
0.8168104805	0.1831895195	0.9832383621	0.4349668967
0.8178114615	0.1821885385	0.9834422361	0.4345636347
0.8188124424	0.1811875576	0.9836446094	0.4341610996
0.8198134234	0.1801865766	0.9838454869	0.4337592894
0.8208144044	0.1791855956	0.9840448738	0.4333582023
0.8218153854	0.1781846146	0.9842427751	0.4329578364
0.8228163664	0.1771836336	0.9844391957	0.4325581898
0.8238173473	0.1761826527	0.9846341407	0.4321592607
0.8248183283	0.1751816717	0.984827615	0.4317610471
0.8258193093	0.1741806907	0.9850196237	0.4313635473
0.8268202903	0.1731797097	0.9852101717	0.4309667594
0.8278212713	0.1721787287	0.9853992639	0.4305706816
0.8288222523	0.1711777477	0.9855869053	0.4301753119
0.8298232332	0.1701767668	0.9857731008	0.4297806486
0.8308242142	0.1691757858	0.9859578552	0.4293866899
0.8318251952	0.1681748048	0.9861411735	0.4289934339
0.8328261762	0.1671738238	0.9863230605	0.4286008789
0.8338271572	0.1661728428	0.986503521	0.4282090229
0.8348281381	0.1651718619	0.98668256	0.4278178643
0.8358291191	0.1641708809	0.9868601822	0.4274274011
0.8368301001	0.1631698999	0.9870363924	0.4270376317
0.8378310811	0.1621689189	0.9872111954	0.4266485543
0.8388320621	0.1611679379	0.987384596	0.426260167
0.839833043	0.160166957	0.987556599	0.4258724681
0.840834024	0.159165976	0.987727209	0.4254854558
0.841835005	0.158164995	0.9878964309	0.4250991284
0.842835986	0.157164014	0.9880642694	0.4247134841
0.843836967	0.156163033	0.9882307291	0.4243285212
0.8448379479	0.1551620521	0.9883958147	0.4239442379
0.8458389289	0.1541610711	0.988559531	0.4235606324
0.8468399099	0.1531600901	0.9887218825	0.4231777032
0.8478408909	0.1521591091	0.9888828739	0.4227954483
0.8488418719	0.1511581281	0.9890425099	0.4224138661
0.8498428529	0.1501571471	0.989200795	0.422032955
0.8508438338	0.1491561662	0.9893577339	0.421652713
0.8518448148	0.1481551852	0.9895133311	0.4212731387
0.8528457958	0.1471542042	0.9896675912	0.4208942302
0.8538467768	0.1461532232	0.9898205188	0.420515986
0.8548477578	0.1451522422	0.9899721184	0.4201384042
0.8558487387	0.1441512613	0.9901223946	0.4197614832
0.8568497197	0.1431502803	0.9902713518	0.4193852213
0.8578507007	0.1421492993	0.9904189945	0.4190096169
0.8588516817	0.1411483183	0.9905653273	0.4186346683
0.8598526627	0.1401473373	0.9907103547	0.4182603738
0.8608536436	0.1391463564	0.9908540809	0.4178867318
0.8618546246	0.1381453754	0.9909965107	0.4175137407
0.8628556056	0.1371443944	0.9911376482	0.4171413987
0.8638565866	0.1361434134	0.991277498	0.4167697042
0.8648575676	0.1351424324	0.9914160645	0.4163986557
0.8658585485	0.1341414515	0.991553352	0.4160282514
0.8668595295	0.1331404705	0.9916893649	0.4156584898
0.8678605105	0.1321394895	0.9918241077	0.4152893693
0.8688614915	0.1311385085	0.9919575845	0.4149208881
0.8698624725	0.1301375275	0.9920897998	0.4145530448
0.8708634535	0.1291365465	0.992220758	0.4141858377
0.8718644344	0.1281355656	0.9923504631	0.4138192651
0.8728654154	0.1271345846	0.9924789197	0.4134533257
0.8738663964	0.1261336036	0.992606132	0.4130880176
0.8748673774	0.1251326226	0.9927321041	0.4127233394
0.8758683584	0.1241316416	0.9928568404	0.4123592895
0.8768693393	0.1231306607	0.9929803452	0.4119958662
0.8778703203	0.1221296797	0.9931026226	0.4116330681
0.8788713013	0.1211286987	0.9932236768	0.4112708936
0.8798722823	0.1201277177	0.9933435121	0.4109093411
0.8808732633	0.1191267367	0.9934621326	0.410548409
0.8818742442	0.1181257558	0.9935795425	0.4101880959
0.8828752252	0.1171247748	0.9936957459	0.4098284001
0.8838762062	0.1161237938	0.9938107471	0.4094693201
0.8848771872	0.1151228128	0.9939245501	0.4091108545
0.8858781682	0.1141218318	0.994037159	0.4087530016
0.8868791491	0.1131208509	0.994148578	0.40839576
0.8878801301	0.1121198699	0.9942588112	0.4080391281
0.8888811111	0.1111188889	0.9943678625	0.4076831044
0.8898820921	0.1101179079	0.9944757362	0.4073276874
0.8908830731	0.1091169269	0.9945824362	0.4069728756
0.8918840541	0.1081159459	0.9946879666	0.4066186676
0.892885035	0.107114965	0.9947923314	0.4062650617
0.893886016	0.106113984	0.9948955346	0.4059120565
0.894886997	0.105113003	0.9949975803	0.4055596506
0.895887978	0.104112022	0.9950984723	0.4052078425
0.896888959	0.103111041	0.9951982148	0.4048566306
0.8978899399	0.1021100601	0.9952968116	0.4045060135
0.8988909209	0.1011090791	0.9953942667	0.4041559898
0.8998919019	0.1001080981	0.9954905841	0.4038065579
0.9008928829	0.09910711712	0.9955857676	0.4034577165
0.9018938639	0.09810613614	0.9956798212	0.403109464
0.9028948448	0.09710515516	0.9957727487	0.4027617991
0.9038958258	0.09610417417	0.9958645542	0.4024147202
0.9048968068	0.09510319319	0.9959552413	0.402068226
0.9058977878	0.09410221221	0.9960448141	0.401722315
0.9068987688	0.09310123123	0.9961332764	0.4013769857
0.9078997497	0.09210025025	0.9962206319	0.4010322369
0.9089007307	0.09109926927	0.9963068845	0.4006880669
0.9099017117	0.09009828829	0.9963920381	0.4003444744
0.9109026927	0.08909730731	0.9964760964	0.4000014581
0.9119036737	0.08809632633	0.9965590632	0.3996590164
0.9129046547	0.08709534535	0.9966409423	0.3993171481
0.9139056356	0.08609436436	0.9967217374	0.3989758516
0.9149066166	0.08509338338	0.9968014524	0.3986351256
0.9159075976	0.0840924024	0.9968800909	0.3982949687
0.9169085786	0.08309142142	0.9969576567	0.3979553796
0.9179095596	0.08209044044	0.9970341535	0.3976163568
0.9189105405	0.08108945946	0.997109585	0.3972778989
0.9199115215	0.08008847848	0.9971839549	0.3969400047
0.9209125025	0.0790874975	0.9972572668	0.3966026727
0.9219134835	0.07808651652	0.9973295245	0.3962659015
0.9229144645	0.07708553554	0.9974007316	0.3959296898
0.9239154454	0.07608455455	0.9974708917	0.3955940363
0.9249164264	0.07508357357	0.9975400085	0.3952589395
0.9259174074	0.07408259259	0.9976080856	0.3949243982
0.9269183884	0.07308161161	0.9976751266	0.394590411
0.9279193694	0.07208063063	0.997741135	0.3942569766
0.9289203504	0.07107964965	0.9978061146	0.3939240936
0.9299213313	0.07007866867	0.9978700688	0.3935917606
0.9309223123	0.06907768769	0.9979330013	0.3932599765
0.9319232933	0.06807670671	0.9979949155	0.3929287398
0.9329242743	0.06707572573	0.9980558151	0.3925980492
0.9339252553	0.06607474474	0.9981157034	0.3922679035
0.9349262362	0.06507376376	0.9981745842	0.3919383012
0.9359272172	0.06407278278	0.9982324608	0.3916092412
0.9369281982	0.0630718018	0.9982893368	0.391280722
0.9379291792	0.06207082082	0.9983452156	0.3909527425
0.9389301602	0.06106983984	0.9984001007	0.3906253012
0.9399311411	0.06006885886	0.9984539956	0.390298397
0.9409321221	0.05906787788	0.9985069037	0.3899720284
0.9419331031	0.0580668969	0.9985588285	0.3896461944
0.9429340841	0.05706591592	0.9986097734	0.3893208935
0.9439350651	0.05606493493	0.9986597418	0.3889961245
0.944936046	0.05506395395	0.9987087371	0.3886718861
0.945937027	0.05406297297	0.9987567627	0.3883481771
0.946938008	0.05306199199	0.9988038219	0.3880249961
0.947938989	0.05206101101	0.9988499183	0.3877023421
0.94893997	0.05106003003	0.998895055	0.3873802135
0.949940951	0.05005904905	0.9989392355	0.3870586094
0.9509419319	0.04905806807	0.9989824632	0.3867375283
0.9519429129	0.04805708709	0.9990247412	0.386416969
0.9529438939	0.04705610611	0.999066073	0.3860969303
0.9539448749	0.04605512513	0.9991064619	0.385777411
0.9549458559	0.04505414414	0.9991459111	0.3854584099
0.9559468368	0.04405316316	0.999184424	0.3851399256
0.9569478178	0.04305218218	0.9992220038	0.384821957
0.9579487988	0.0420512012	0.9992586537	0.3845045029
0.9589497798	0.04105022022	0.9992943771	0.384187562
0.9599507608	0.04004923924	0.9993291772	0.3838711332
0.9609517417	0.03904825826	0.9993630571	0.3835552152
0.9619527227	0.03804727728	0.9993960202	0.3832398068
0.9629537037	0.0370462963	0.9994280696	0.3829249068
0.9639546847	0.03604531532	0.9994592086	0.382610514
0.9649556657	0.03504433433	0.9994894402	0.3822966272
0.9659566466	0.03404335335	0.9995187678	0.3819832452
0.9669576276	0.03304237237	0.9995471945	0.3816703669
0.9679586086	0.03204139139	0.9995747234	0.3813579911
0.9689595896	0.03104041041	0.9996013576	0.3810461165
0.9699605706	0.03003942943	0.9996271004	0.380734742
0.9709615516	0.02903844845	0.9996519549	0.3804238665
0.9719625325	0.02803746747	0.9996759241	0.3801134887
0.9729635135	0.02703648649	0.9996990111	0.3798036075
0.9739644945	0.02603550551	0.9997212192	0.3794942217
0.9749654755	0.02503452452	0.9997425513	0.3791853302
0.9759664565	0.02403354354	0.9997630105	0.3788769318
0.9769674374	0.02303256256	0.9997826	0.3785690253
0.9779684184	0.02203158158	0.9998013227	0.3782616097
0.9789693994	0.0210306006	0.9998191817	0.3779546837
0.9799703804	0.02002961962	0.99983618	0.3776482463
0.9809713614	0.01902863864	0.9998523207	0.3773422962
0.9819723423	0.01802765766	0.9998676069	0.3770368324
0.9829733233	0.01702667668	0.9998820414	0.3767318537
0.9839743043	0.0160256957	0.9998956273	0.376427359
0.9849752853	0.01502471471	0.9999083676	0.3761233472
0.9859762663	0.01402373373	0.9999202652	0.3758198171
0.9869772472	0.01302275275	0.9999313232	0.3755167676
0.9879782282	0.01202177177	0.9999415444	0.3752141977
0.9889792092	0.01102079079	0.9999509319	0.3749121061
0.9899801902	0.01001980981	0.9999594886	0.3746104918
0.9909811712	0.009018828829	0.9999672174	0.3743093538
0.9919821522	0.008017847848	0.9999741212	0.3740086908
0.9929831331	0.007016866867	0.999980203	0.3737085018
0.9939841141	0.006015885886	0.9999854656	0.3734087857
0.9949850951	0.005014904905	0.9999899119	0.3731095414
0.9959860761	0.004013923924	0.9999935448	0.3728107678
0.9969870571	0.003012942943	0.9999963672	0.3725124638
0.997988038	0.002011961962	0.999998382	0.3722146284
0.998989019	0.001010980981	0.9999995919	0.3719172604
0.99999	1e-05	1	0.3716203589
