1e-05	0.99999	34.63463865	1.000000011
0.001010980981	0.998989019	27.7610518	1.000112082
0.002011961962	0.997988038	22.49680801	1.00042958
0.003012942943	0.9969870571	18.42010773	1.000932679
0.004013923924	0.9959860761	15.22982605	1.001603316
0.005014904905	0.9949850951	12.70842291	1.002425003
0.006015885886	0.9939841141	10.69696488	1.003382679
0.007016866867	0.9929831331	9.078090947	1.004462564
0.008017847848	0.9919821522	7.76425626	1.005652037
0.009018828829	0.9909811712	6.689525837	1.00693953
0.01001980981	0.9899801902	5.803783921	1.008314424
0.01102079079	0.9889792092	5.068605591	1.009766969
0.01202177177	0.9879782282	4.454284366	1.0112882
0.01302275275	0.9869772472	3.937671946	1.012869874
0.01402373373	0.9859762663	3.500594056	1.0145044
0.01502471471	0.9849752853	3.12867877	1.01618479
0.0160256957	0.9839743043	2.810482781	1.017904605
0.01702667668	0.9829733233	2.536834735	1.019657907
0.01802765766	0.9819723423	2.300337975	1.021439222
0.01902863864	0.9809713614	2.094991291	1.023243503
0.02002961962	0.9799703804	1.915897662	1.025066091
0.0210306006	0.9789693994	1.759039095	1.026902687
0.02203158158	0.9779684184	1.621101453	1.028749328
0.02303256256	0.9769674374	1.499337337	1.030602353
0.02403354354	0.9759664565	1.391458132	1.032458387
0.02503452452	0.9749654755	1.295548526	1.034314317
0.02603550551	0.9739644945	1.209998459	1.036167271
0.02703648649	0.9729635135	1.133448672	1.038014604
0.02803746747	0.9719625325	1.064746903	1.039853875
0.02903844845	0.9709615516	1.002912496	1.04168284
0.03003942943	0.9699605706	0.9471076614	1.043499433
0.03104041041	0.9689595896	0.8966140324	1.045301755
0.03204139139	0.9679586086	0.8508134681	1.04708806
0.03304237237	0.9669576276	0.8091722581	1.048856747
0.03404335335	0.9659566466	0.7712280788	1.05060635
0.03504433433	0.9649556657	0.7365791777	1.052335524
0.03604531532	0.9639546847	0.7048753726	1.054043045
0.0370462963	0.9629537037	0.6758105329	1.055727792
0.03804727728	0.9619527227	0.6491162773	1.057388749
0.03904825826	0.9609517417	0.6245566727	1.05902499
0.04004923924	0.9599507608	0.6019237609	1.06063568
0.04105022022	0.9589497798	0.5810337713	1.062220062
0.0420512012	0.9579487988	0.5617239049	1.063777459
0.04305218218	0.9569478178	0.5438495952	1.065307262
0.04405316316	0.9559468368	0.5272821679	1.066808929
0.04505414414	0.9549458559	0.5119068366	1.068281981
0.04605512513	0.9539448749	0.4976209807	1.069725995
0.04705610611	0.9529438939	0.4843326626	1.071140603
0.04805708709	0.9519429129	0.4719593472	1.072525487
0.04905806807	0.9509419319	0.4604267932	1.073880375
0.05005904905	0.949940951	0.4496680913	1.075205041
0.05106003003	0.94893997	0.4396228275	1.076499297
0.05206101101	0.947938989	0.4302363539	1.077762995
0.05306199199	0.946938008	0.4214591513	1.078996022
0.05406297297	0.945937027	0.413246271	1.080198298
0.05506395395	0.944936046	0.4055568455	1.081369775
0.05606493493	0.9439350651	0.3983536579	1.082510431
0.05706591592	0.9429340841	0.3916027623	1.083620273
0.0580668969	0.9419331031	0.3852731494	1.084699332
0.05906787788	0.9409321221	0.3793364501	1.085747664
0.06006885886	0.9399311411	0.3737666731	1.086765344
0.06106983984	0.9389301602	0.3685399724	1.087752468
0.06207082082	0.9379291792	0.3636344399	1.088709151
0.0630718018	0.9369281982	0.3590299207	1.089635526
0.06407278278	0.9359272172	0.3547078495	1.090531739
0.06507376376	0.9349262362	0.3506511024	1.091397954
0.06607474474	0.9339252553	0.3468438663	1.092234348
0.06707572573	0.9329242743	0.3432715202	1.093041108
0.06807670671	0.9319232933	0.3399205297	1.093818437
0.06907768769	0.9309223123	0.3367783518	1.094566545
0.07007866867	0.9299213313	0.333833349	1.095285653
0.07107964965	0.9289203504	0.3310747119	1.095975993
0.07208063063	0.9279193694	0.3284923898	1.096637802
0.07308161161	0.9269183884	0.3260770274	1.097271326
0.07408259259	0.9259174074	0.3238199077	1.097876819
0.07508357357	0.9249164264	0.3217129003	1.098454539
0.07608455455	0.9239154454	0.3197484143	1.099004752
0.07708553554	0.9229144645	0.3179193558	1.099527726
0.07808651652	0.9219134835	0.316219089	1.100023738
0.0790874975	0.9209125025	0.3146414008	1.100493064
0.08008847848	0.9199115215	0.3131804687	1.100935988
0.08108945946	0.9189105405	0.3118308312	1.101352793
0.08209044044	0.9179095596	0.3105873612	1.101743768
0.08309142142	0.9169085786	0.3094452409	1.102109204
0.0840924024	0.9159075976	0.3083999398	1.102449391
0.08509338338	0.9149066166	0.3074471939	1.102764625
0.08609436436	0.9139056356	0.3065829865	1.103055199
0.08709534535	0.9129046547	0.3058035313	1.103321411
0.08809632633	0.9119036737	0.3051052559	1.103563556
0.08909730731	0.9109026927	0.3044847873	1.103781933
0.09009828829	0.9099017117	0.3039389385	1.103976838
0.09109926927	0.9089007307	0.3034646958	1.10414857
0.09210025025	0.9078997497	0.3030592073	1.104297425
0.09310123123	0.9068987688	0.3027197723	1.1044237
0.09410221221	0.9058977878	0.3024438314	1.104527692
0.09510319319	0.9048968068	0.3022289576	1.104609695
0.09610417417	0.9038958258	0.3020728475	1.104670005
0.09710515516	0.9028948448	0.3019733138	1.104708915
0.09810613614	0.9018938639	0.3019282781	1.104726717
0.09910711712	0.9008928829	0.3019357638	1.104723701
0.1001080981	0.8998919019	0.3019938905	1.104700158
0.1011090791	0.8988909209	0.3021008673	1.104656374
0.1021100601	0.8978899399	0.3022549885	1.104592635
0.103111041	0.896888959	0.3024546275	1.104509226
0.104112022	0.895887978	0.302698233	1.104406428
0.105113003	0.894886997	0.3029843241	1.104284523
0.106113984	0.893886016	0.3033114865	1.104143787
0.107114965	0.892885035	0.3036783687	1.103984498
0.1081159459	0.8918840541	0.3040836781	1.103806928
0.1091169269	0.8908830731	0.3045261785	1.10361135
0.1101179079	0.8898820921	0.305004686	1.103398032
0.1111188889	0.8888811111	0.3055180669	1.103167241
0.1121198699	0.8878801301	0.3060652345	1.102919242
0.1131208509	0.8868791491	0.3066451471	1.102654296
0.1141218318	0.8858781682	0.3072568049	1.102372664
0.1151228128	0.8848771872	0.3078992483	1.102074602
0.1161237938	0.8838762062	0.3085715559	1.101760365
0.1171247748	0.8828752252	0.3092728418	1.101430204
0.1181257558	0.8818742442	0.3100022548	1.101084369
0.1191267367	0.8808732633	0.3107589758	1.100723106
0.1201277177	0.8798722823	0.3115422166	1.100346659
0.1211286987	0.8788713013	0.3123512182	1.099955271
0.1221296797	0.8778703203	0.3131852495	1.099549179
0.1231306607	0.8768693393	0.3140436058	1.09912862
0.1241316416	0.8758683584	0.3149256077	1.098693827
0.1251326226	0.8748673774	0.3158305996	1.098245032
0.1261336036	0.8738663964	0.3167579488	1.097782462
0.1271345846	0.8728654154	0.3177070444	1.097306342
0.1281355656	0.8718644344	0.3186772963	1.096816896
0.1291365465	0.8708634535	0.3196681341	1.096314344
0.1301375275	0.8698624725	0.3206790062	1.095798904
0.1311385085	0.8688614915	0.3217093793	1.09527079
0.1321394895	0.8678605105	0.3227587369	1.094730215
0.1331404705	0.8668595295	0.3238265795	1.094177388
0.1341414515	0.8658585485	0.3249124228	1.093612517
0.1351424324	0.8648575676	0.3260157979	1.093035807
0.1361434134	0.8638565866	0.3271362502	1.092447458
0.1371443944	0.8628556056	0.3282733387	1.09184767
0.1381453754	0.8618546246	0.3294266359	1.091236642
0.1391463564	0.8608536436	0.3305957268	1.090614565
0.1401473373	0.8598526627	0.3317802083	1.089981633
0.1411483183	0.8588516817	0.3329796893	1.089338035
0.1421492993	0.8578507007	0.3341937896	1.088683958
0.1431502803	0.8568497197	0.3354221397	1.088019585
0.1441512613	0.8558487387	0.3366643805	1.087345099
0.1451522422	0.8548477578	0.3379201627	1.08666068
0.1461532232	0.8538467768	0.3391891463	1.085966505
0.1471542042	0.8528457958	0.3404710006	1.085262747
0.1481551852	0.8518448148	0.3417654036	1.084549581
0.1491561662	0.8508438338	0.3430720418	1.083827175
0.1501571471	0.8498428529	0.3443906096	1.083095698
0.1511581281	0.8488418719	0.3457208094	1.082355314
0.1521591091	0.8478408909	0.347062351	1.081606188
0.1531600901	0.8468399099	0.3484149514	1.08084848
0.1541610711	0.8458389289	0.3497783348	1.080082349
0.1551620521	0.8448379479	0.3511522318	1.079307952
0.156163033	0.843836967	0.3525363798	1.078525442
0.157164014	0.842835986	0.3539305222	1.077734972
0.158164995	0.841835005	0.3553344085	1.076936693
0.159165976	0.840834024	0.3567477943	1.076130751
0.160166957	0.839833043	0.3581704405	1.075317293
0.1611679379	0.8388320621	0.3596021135	1.074496463
0.1621689189	0.8378310811	0.3610425851	1.073668403
0.1631698999	0.8368301001	0.3624916322	1.072833252
0.1641708809	0.8358291191	0.3639490364	1.071991149
0.1651718619	0.8348281381	0.3654145842	1.071142228
0.1661728428	0.8338271572	0.3668880668	1.070286624
0.1671738238	0.8328261762	0.3683692798	1.069424469
0.1681748048	0.8318251952	0.369858023	1.068555894
0.1691757858	0.8308242142	0.3713541006	1.067681025
0.1701767668	0.8298232332	0.3728573208	1.06679999
0.1711777477	0.8288222523	0.3743674956	1.065912912
0.1721787287	0.8278212713	0.375884441	1.065019916
0.1731797097	0.8268202903	0.3774079766	1.064121121
0.1741806907	0.8258193093	0.3789379256	1.063216647
0.1751816717	0.8248183283	0.3804741149	1.062306612
0.1761826527	0.8238173473	0.3820163745	1.06139113
0.1771836336	0.8228163664	0.3835645379	1.060470317
0.1781846146	0.8218153854	0.3851184418	1.059544284
0.1791855956	0.8208144044	0.3866779258	1.058613142
0.1801865766	0.8198134234	0.3882428328	1.057677001
0.1811875576	0.8188124424	0.3898130086	1.056735967
0.1821885385	0.8178114615	0.3913883018	1.055790146
0.1831895195	0.8168104805	0.3929685637	1.054839644
0.1841905005	0.8158094995	0.3945536486	1.053884562
0.1851914815	0.8148085185	0.3961434131	1.052925003
0.1861924625	0.8138075375	0.3977377168	1.051961065
0.1871934434	0.8128065566	0.3993364215	1.050992846
0.1881944244	0.8118055756	0.4009393915	1.050020445
0.1891954054	0.8108045946	0.4025464936	1.049043956
0.1901963864	0.8098036136	0.4041575969	1.048063473
0.1911973674	0.8088026326	0.4057725727	1.047079088
0.1921983483	0.8078016517	0.4073912946	1.046090893
0.1931993293	0.8068006707	0.4090136384	1.045098977
0.1942003103	0.8057996897	0.410639482	1.04410343
0.1952012913	0.8047987087	0.4122687052	1.043104337
0.1962022723	0.8037977277	0.4139011901	1.042101785
0.1972032533	0.8027967467	0.4155368206	1.041095859
0.1982042342	0.8017957658	0.4171754827	1.040086641
0.1992052152	0.8007947848	0.418817064	1.039074213
0.2002061962	0.7997938038	0.4204614543	1.038058657
0.2012071772	0.7987928228	0.4221085448	1.037040051
0.2022081582	0.7977918418	0.423758229	1.036018474
0.2032091391	0.7967908609	0.4254104016	1.034994003
0.2042101201	0.7957898799	0.4270649593	1.033966714
0.2052111011	0.7947888989	0.4287218005	1.032936681
0.2062120821	0.7937879179	0.4303808249	1.031903979
0.2072130631	0.7927869369	0.4320419343	1.03086868
0.208214044	0.791785956	0.4337050315	1.029830855
0.209215025	0.790784975	0.4353700213	1.028790574
0.210216006	0.789783994	0.4370368098	1.027747908
0.211216987	0.788783013	0.4387053044	1.026702923
0.212217968	0.787782032	0.4403754143	1.025655687
0.2132189489	0.7867810511	0.4420470499	1.024606266
0.2142199299	0.7857800701	0.443720123	1.023554726
0.2152209109	0.7847790891	0.4453945467	1.022501129
0.2162218919	0.7837781081	0.4470702357	1.02144554
0.2172228729	0.7827771271	0.4487471057	1.020388021
0.2182238539	0.7817761461	0.4504250739	1.019328632
0.2192248348	0.7807751652	0.4521040587	1.018267433
0.2202258158	0.7797741842	0.4537839796	1.017204485
0.2212267968	0.7787732032	0.4554647576	1.016139845
0.2222277778	0.7777722222	0.4571463147	1.015073571
0.2232287588	0.7767712412	0.4588285741	1.01400572
0.2242297397	0.7757702603	0.4605114602	1.012936346
0.2252307207	0.7747692793	0.4621948985	1.011865506
0.2262317017	0.7737682983	0.4638788157	1.010793252
0.2272326827	0.7727673173	0.4655631396	1.009719637
0.2282336637	0.7717663363	0.4672477988	1.008644716
0.2292346446	0.7707653554	0.4689327234	1.007568537
0.2302356256	0.7697643744	0.4706178443	1.006491153
0.2312366066	0.7687633934	0.4723030934	1.005412613
0.2322375876	0.7677624124	0.4739884038	1.004332966
0.2332385686	0.7667614314	0.4756737093	1.003252261
0.2342395495	0.7657604505	0.477358945	1.002170545
0.2352405305	0.7647594695	0.4790440468	1.001087864
0.2362415115	0.7637584885	0.4807289515	1.000004266
0.2372424925	0.7627575075	0.4824135969	0.9989197943
0.2382434735	0.7617565265	0.4840979219	0.9978344947
0.2392444545	0.7607555455	0.485781866	0.9967484106
0.2402454354	0.7597545646	0.4874653697	0.9956615855
0.2412464164	0.7587535836	0.4891483746	0.9945740618
0.2422473974	0.7577526026	0.4908308228	0.9934858812
0.2432483784	0.7567516216	0.4925126575	0.9923970851
0.2442493594	0.7557506406	0.4941938227	0.9913077138
0.2452503403	0.7547496597	0.4958742631	0.9902178074
0.2462513213	0.7537486787	0.4975539245	0.9891274049
0.2472523023	0.7527476977	0.4992327532	0.988036545
0.2482532833	0.7517467167	0.5009106965	0.9869452657
0.2492542643	0.7507457357	0.5025877024	0.9858536043
0.2502552452	0.7497447548	0.5042637196	0.9847615976
0.2512562262	0.7487437738	0.5059386978	0.9836692818
0.2522572072	0.7477427928	0.5076125871	0.9825766925
0.2532581882	0.7467418118	0.5092853387	0.9814838647
0.2542591692	0.7457408308	0.5109569043	0.9803908328
0.2552601502	0.7447398498	0.5126272364	0.9792976308
0.2562611311	0.7437388689	0.5142962881	0.9782042919
0.2572621121	0.7427378879	0.5159640134	0.977110849
0.2582630931	0.7417369069	0.5176303668	0.9760173343
0.2592640741	0.7407359259	0.5192953037	0.9749237795
0.2602650551	0.7397349449	0.5209587799	0.973830216
0.261266036	0.738733964	0.5226207521	0.9727366743
0.262267017	0.737732983	0.5242811775	0.9716431847
0.263267998	0.736732002	0.525940014	0.9705497769
0.264268979	0.735731021	0.5275972202	0.96945648
0.26526996	0.73473004	0.5292527551	0.968363323
0.2662709409	0.7337290591	0.5309065787	0.9672703339
0.2672719219	0.7327280781	0.5325586513	0.9661775406
0.2682729029	0.7317270971	0.5342089339	0.9650849704
0.2692738839	0.7307261161	0.5358573882	0.9639926502
0.2702748649	0.7297251351	0.5375039762	0.9629006064
0.2712758458	0.7287241542	0.5391486609	0.961808865
0.2722768268	0.7277231732	0.5407914055	0.9607174516
0.2732778078	0.7267221922	0.5424321739	0.9596263912
0.2742787888	0.7257212112	0.5440709306	0.9585357086
0.2752797698	0.7247202302	0.5457076408	0.957445428
0.2762807508	0.7237192492	0.5473422698	0.9563555734
0.2772817317	0.7227182683	0.5489747839	0.9552661682
0.2782827127	0.7217172873	0.5506051497	0.9541772355
0.2792836937	0.7207163063	0.5522333343	0.9530887979
0.2802846747	0.7197153253	0.5538593055	0.9520008777
0.2812856557	0.7187143443	0.5554830315	0.950913497
0.2822866366	0.7177133634	0.5571044809	0.9498266771
0.2832876176	0.7167123824	0.5587236229	0.9487404393
0.2842885986	0.7157114014	0.5603404274	0.9476548044
0.2852895796	0.7147104204	0.5619548644	0.9465697928
0.2862905606	0.7137094394	0.5635669046	0.9454854247
0.2872915415	0.7127084585	0.5651765192	0.9444017197
0.2882925225	0.7117074775	0.5667836798	0.9433186973
0.2892935035	0.7107064965	0.5683883584	0.9422363765
0.2902944845	0.7097055155	0.5699905277	0.9411547761
0.2912954655	0.7087045345	0.5715901606	0.9400739144
0.2922964464	0.7077035536	0.5731872305	0.9389938096
0.2932974274	0.7067025726	0.5747817114	0.9379144794
0.2942984084	0.7057015916	0.5763735774	0.9368359413
0.2952993894	0.7047006106	0.5779628035	0.9357582123
0.2963003704	0.7036996296	0.5795493648	0.9346813094
0.2973013514	0.7026986486	0.5811332368	0.9336052491
0.2983023323	0.7016976677	0.5827143956	0.9325300476
0.2993033133	0.7006966867	0.5842928176	0.9314557208
0.3003042943	0.6996957057	0.5858684796	0.9303822844
0.3013052753	0.6986947247	0.587441359	0.9293097537
0.3023062563	0.6976937437	0.5890114331	0.928238144
0.3033072372	0.6966927628	0.5905786802	0.9271674699
0.3043082182	0.6956917818	0.5921430787	0.9260977461
0.3053091992	0.6946908008	0.5937046072	0.9250289869
0.3063101802	0.6936898198	0.595263245	0.9239612061
0.3073111612	0.6926888388	0.5968189716	0.9228944177
0.3083121421	0.6916878579	0.5983717669	0.9218286351
0.3093131231	0.6906868769	0.5999216112	0.9207638716
0.3103141041	0.6896858959	0.6014684852	0.9197001402
0.3113150851	0.6886849149	0.6030123697	0.9186374536
0.3123160661	0.6876839339	0.6045532462	0.9175758244
0.313317047	0.686682953	0.6060910964	0.9165152649
0.314318028	0.685681972	0.6076259022	0.9154557871
0.315319009	0.684680991	0.6091576461	0.9143974028
0.31631999	0.68368001	0.6106863107	0.9133401236
0.317320971	0.682679029	0.6122118791	0.912283961
0.318321952	0.681678048	0.6137343346	0.911228926
0.3193229329	0.6806770671	0.6152536609	0.9101750296
0.3203239139	0.6796760861	0.6167698421	0.9091222825
0.3213248949	0.6786751051	0.6182828625	0.9080706952
0.3223258759	0.6776741241	0.6197927066	0.9070202781
0.3233268569	0.6766731431	0.6212993595	0.9059710412
0.3243278378	0.6756721622	0.6228028064	0.9049229945
0.3253288188	0.6746711812	0.6243030327	0.9038761476
0.3263297998	0.6736702002	0.6258000245	0.9028305101
0.3273307808	0.6726692192	0.6272937678	0.9017860912
0.3283317618	0.6716682382	0.628784249	0.9007429001
0.3293327427	0.6706672573	0.6302714548	0.8997009457
0.3303337237	0.6696662763	0.6317553723	0.8986602368
0.3313347047	0.6686652953	0.6332359888	0.897620782
0.3323356857	0.6676643143	0.6347132917	0.8965825896
0.3333366667	0.6666633333	0.636187269	0.8955456679
0.3343376476	0.6656623524	0.6376579087	0.8945100248
0.3353386286	0.6646613714	0.6391251991	0.8934756684
0.3363396096	0.6636603904	0.640589129	0.8924426062
0.3373405906	0.6626594094	0.6420496872	0.8914108459
0.3383415716	0.6616584284	0.6435068629	0.8903803947
0.3393425526	0.6606574474	0.6449606454	0.88935126
0.3403435335	0.6596564665	0.6464110244	0.8883234488
0.3413445145	0.6586554855	0.6478579899	0.8872969679
0.3423454955	0.6576545045	0.6493015319	0.8862718241
0.3433464765	0.6566535235	0.6507416408	0.8852480241
0.3443474575	0.6556525425	0.6521783074	0.8842255742
0.3453484384	0.6546515616	0.6536115224	0.8832044808
0.3463494194	0.6536505806	0.655041277	0.88218475
0.3473504004	0.6526495996	0.6564675625	0.8811663878
0.3483513814	0.6516486186	0.6578903704	0.8801494001
0.3493523624	0.6506476376	0.6593096926	0.8791337926
0.3503533433	0.6496466567	0.660725521	0.878119571
0.3513543243	0.6486456757	0.6621378479	0.8771067406
0.3523553053	0.6476446947	0.6635466657	0.8760953069
0.3533562863	0.6466437137	0.664951967	0.8750852749
0.3543572673	0.6456427327	0.6663537449	0.8740766499
0.3553582482	0.6446417518	0.6677519923	0.8730694366
0.3563592292	0.6436407708	0.6691467025	0.87206364
0.3573602102	0.6426397898	0.670537869	0.8710592647
0.3583611912	0.6416388088	0.6719254856	0.8700563153
0.3593621722	0.6406378278	0.673309546	0.8690547963
0.3603631532	0.6396368468	0.6746900445	0.868054712
0.3613641341	0.6386358659	0.6760669753	0.8670560665
0.3623651151	0.6376348849	0.6774403329	0.8660588642
0.3633660961	0.6366339039	0.6788101119	0.8650631088
0.3643670771	0.6356329229	0.6801763072	0.8640688043
0.3653680581	0.6346319419	0.6815389138	0.8630759545
0.366369039	0.633630961	0.6828979271	0.8620845631
0.36737002	0.63262998	0.6842533423	0.8610946336
0.368371001	0.631628999	0.6856051551	0.8601061694
0.369371982	0.630628018	0.6869533612	0.859119174
0.370372963	0.629627037	0.6882979566	0.8581336506
0.3713739439	0.6286260561	0.6896389374	0.8571496022
0.3723749249	0.6276250751	0.6909762998	0.8561670321
0.3733759059	0.6266240941	0.6923100403	0.8551859432
0.3743768869	0.6256231131	0.6936401555	0.8542063382
0.3753778679	0.6246221321	0.6949666422	0.8532282201
0.3763788488	0.6236211512	0.6962894974	0.8522515914
0.3773798298	0.6226201702	0.697608718	0.8512764548
0.3783808108	0.6216191892	0.6989243015	0.8503028128
0.3793817918	0.6206182082	0.7002362451	0.8493306677
0.3803827728	0.6196172272	0.7015445464	0.848360022
0.3813837538	0.6186162462	0.7028492032	0.8473908777
0.3823847347	0.6176152653	0.7041502133	0.8464232372
0.3833857157	0.6166142843	0.7054475748	0.8454571025
0.3843866967	0.6156133033	0.7067412857	0.8444924755
0.3853876777	0.6146123223	0.7080313444	0.8435293582
0.3863886587	0.6136113413	0.7093177494	0.8425677524
0.3873896396	0.6126103604	0.7106004992	0.8416076599
0.3883906206	0.6116093794	0.7118795925	0.8406490823
0.3893916016	0.6106083984	0.7131550282	0.8396920213
0.3903925826	0.6096074174	0.7144268053	0.8387364784
0.3913935636	0.6086064364	0.7156949229	0.8377824549
0.3923945445	0.6076054555	0.7169593804	0.8368299524
0.3933955255	0.6066044745	0.7182201769	0.8358789721
0.3943965065	0.6056034935	0.7194773122	0.8349295153
0.3953974875	0.6046025125	0.7207307858	0.8339815831
0.3963984685	0.6036015315	0.7219805974	0.8330351767
0.3973994494	0.6026005506	0.7232267471	0.832090297
0.3984004304	0.6015995696	0.7244692348	0.8311469451
0.3994014114	0.6005985886	0.7257080606	0.8302051219
0.4004023924	0.5995976076	0.7269432248	0.8292648281
0.4014033734	0.5985966266	0.7281747277	0.8283260647
0.4024043544	0.5975956456	0.7294025699	0.8273888323
0.4034053353	0.5965946647	0.7306267519	0.8264531316
0.4044063163	0.5955936837	0.7318472744	0.8255189631
0.4054072973	0.5945927027	0.7330641383	0.8245863275
0.4064082783	0.5935917217	0.7342773445	0.8236552252
0.4074092593	0.5925907407	0.7354868941	0.8227256566
0.4084102402	0.5915897598	0.7366927881	0.8217976221
0.4094112212	0.5905887788	0.7378950278	0.820871122
0.4104122022	0.5895877978	0.7390936146	0.8199461566
0.4114131832	0.5885868168	0.7402885499	0.8190227261
0.4124141642	0.5875858358	0.7414798353	0.8181008306
0.4134151451	0.5865848549	0.7426674724	0.8171804703
0.4144161261	0.5855838739	0.743851463	0.8162616451
0.4154171071	0.5845828929	0.745031809	0.8153443552
0.4164180881	0.5835819119	0.7462085122	0.8144286004
0.4174190691	0.5825809309	0.7473815748	0.8135143807
0.4184200501	0.5815799499	0.7485509987	0.8126016959
0.419421031	0.580578969	0.7497167864	0.8116905459
0.420422012	0.579577988	0.75087894	0.8107809303
0.421422993	0.578577007	0.752037462	0.8098728489
0.422423974	0.577576026	0.7531923549	0.8089663014
0.423424955	0.576575045	0.7543436212	0.8080612875
0.4244259359	0.5755740641	0.7554912636	0.8071578066
0.4254269169	0.5745730831	0.7566352849	0.8062558583
0.4264278979	0.5735721021	0.7577756878	0.8053554422
0.4274288789	0.5725711211	0.7589124753	0.8044565577
0.4284298599	0.5715701401	0.7600456503	0.8035592043
0.4294308408	0.5705691592	0.761175216	0.8026633812
0.4304318218	0.5695681782	0.7623011754	0.8017690879
0.4314328028	0.5685671972	0.7634235319	0.8008763236
0.4324337838	0.5675662162	0.7645422887	0.7999850876
0.4334347648	0.5665652352	0.7656574491	0.7990953792
0.4344357457	0.5655642543	0.7667690166	0.7982071974
0.4354367267	0.5645632733	0.7678769947	0.7973205416
0.4364377077	0.5635622923	0.7689813871	0.7964354108
0.4374386887	0.5625613113	0.7700821974	0.795551804
0.4384396697	0.5615603303	0.7711794293	0.7946697204
0.4394406507	0.5605593493	0.7722730865	0.7937891589
0.4404416316	0.5595583684	0.7733631731	0.7929101185
0.4414426126	0.5585573874	0.7744496929	0.7920325982
0.4424435936	0.5575564064	0.7755326498	0.7911565969
0.4434445746	0.5565554254	0.7766120481	0.7902821135
0.4444455556	0.5555544444	0.7776878917	0.7894091468
0.4454465365	0.5545534635	0.7787601849	0.7885376957
0.4464475175	0.5535524825	0.7798289319	0.7876677589
0.4474484985	0.5525515015	0.780894137	0.7867993353
0.4484494795	0.5515505205	0.7819558047	0.7859324235
0.4494504605	0.5505495395	0.7830139393	0.7850670222
0.4504514414	0.5495485586	0.7840685453	0.7842031302
0.4514524224	0.5485475776	0.7851196272	0.7833407461
0.4524534034	0.5475465966	0.7861671897	0.7824798685
0.4534543844	0.5465456156	0.7872112374	0.7816204961
0.4544553654	0.5455446346	0.788251775	0.7807626273
0.4554563463	0.5445436537	0.7892888073	0.7799062608
0.4564573273	0.5435426727	0.7903223391	0.779051395
0.4574583083	0.5425416917	0.7913523752	0.7781980285
0.4584592893	0.5415407107	0.7923789205	0.7773461597
0.4594602703	0.5405397297	0.7934019801	0.7764957871
0.4604612513	0.5395387487	0.7944215589	0.7756469091
0.4614622322	0.5385377678	0.795437662	0.7747995241
0.4624632132	0.5375367868	0.7964502945	0.7739536305
0.4634641942	0.5365358058	0.7974594616	0.7731092266
0.4644651752	0.5355348248	0.7984651684	0.7722663109
0.4654661562	0.5345338438	0.7994674202	0.7714248815
0.4664671371	0.5335328629	0.8004662223	0.7705849369
0.4674681181	0.5325318819	0.8014615801	0.7697464752
0.4684690991	0.5315309009	0.8024534988	0.7689094947
0.4694700801	0.5305299199	0.803441984	0.7680739937
0.4704710611	0.5295289389	0.804427041	0.7672399704
0.471472042	0.528527958	0.8054086755	0.7664074229
0.472473023	0.527526977	0.8063868928	0.7655763495
0.473474004	0.526525996	0.8073616987	0.7647467483
0.474474985	0.525525015	0.8083330986	0.7639186175
0.475475966	0.524524034	0.8093010984	0.7630919551
0.4764769469	0.5235230531	0.8102657036	0.7622667593
0.4774779279	0.5225220721	0.81122692	0.7614430282
0.4784789089	0.5215210911	0.8121847534	0.7606207598
0.4794798899	0.5205201101	0.8131392096	0.7597999522
0.4804808709	0.5195191291	0.8140902943	0.7589806035
0.4814818519	0.5185181481	0.8150380135	0.7581627116
0.4824828328	0.5175171672	0.8159823731	0.7573462746
0.4834838138	0.5165161862	0.816923379	0.7565312904
0.4844847948	0.5155152052	0.8178610372	0.7557177571
0.4854857758	0.5145142242	0.8187953536	0.7549056727
0.4864867568	0.5135132432	0.8197263343	0.7540950349
0.4874877377	0.5125122623	0.8206539853	0.7532858419
0.4884887187	0.5115112813	0.8215783128	0.7524780915
0.4894896997	0.5105103003	0.8224993229	0.7516717817
0.4904906807	0.5095093193	0.8234170217	0.7508669102
0.4914916617	0.5085083383	0.8243314153	0.7500634751
0.4924926426	0.5075073574	0.82524251	0.7492614742
0.4934936236	0.5065063764	0.826150312	0.7484609054
0.4944946046	0.5055053954	0.8270548275	0.7476617664
0.4954955856	0.5045044144	0.8279560629	0.7468640552
0.4964965666	0.5035034334	0.8288540244	0.7460677696
0.4974975475	0.5025024525	0.8297487183	0.7452729073
0.4984985285	0.5015014715	0.8306401511	0.7444794662
0.4994995095	0.5005004905	0.831528329	0.7436874441
0.5005004905	0.4994995095	0.8324132585	0.7428968388
0.5015014715	0.4984985285	0.8332949461	0.7421076479
0.5025024525	0.4974975475	0.834173398	0.7413198694
0.5035034334	0.4964965666	0.8350486209	0.7405335009
0.5045044144	0.4954955856	0.8359206211	0.7397485403
0.5055053954	0.4944946046	0.8367894053	0.7389649851
0.5065063764	0.4934936236	0.8376549798	0.7381828332
0.5075073574	0.4924926426	0.8385173513	0.7374020823
0.5085083383	0.4914916617	0.8393765263	0.73662273
0.5095093193	0.4904906807	0.8402325114	0.7358447741
0.5105103003	0.4894896997	0.8410853132	0.7350682123
0.5115112813	0.4884887187	0.8419349384	0.7342930423
0.5125122623	0.4874877377	0.8427813934	0.7335192616
0.5135132432	0.4864867568	0.8436246851	0.7327468681
0.5145142242	0.4854857758	0.84446482	0.7319758593
0.5155152052	0.4844847948	0.8453018049	0.731206233
0.5165161862	0.4834838138	0.8461356464	0.7304379867
0.5175171672	0.4824828328	0.8469663513	0.7296711181
0.5185181481	0.4814818519	0.8477939262	0.7289056248
0.5195191291	0.4804808709	0.8486183779	0.7281415045
0.5205201101	0.4794798899	0.8494397133	0.7273787547
0.5215210911	0.4784789089	0.8502579389	0.7266173732
0.5225220721	0.4774779279	0.8510730617	0.7258573575
0.5235230531	0.4764769469	0.8518850884	0.7250987052
0.524524034	0.475475966	0.8526940258	0.7243414139
0.525525015	0.474474985	0.8534998808	0.7235854812
0.526525996	0.473474004	0.8543026601	0.7228309046
0.527526977	0.472473023	0.8551023706	0.7220776819
0.528527958	0.471472042	0.8558990192	0.7213258105
0.5295289389	0.4704710611	0.8566926126	0.720575288
0.5305299199	0.4694700801	0.8574831579	0.719826112
0.5315309009	0.4684690991	0.8582706618	0.7190782801
0.5325318819	0.4674681181	0.8590551312	0.7183317898
0.5335328629	0.4664671371	0.8598365731	0.7175866387
0.5345338438	0.4654661562	0.8606149944	0.7168428243
0.5355348248	0.4644651752	0.8613904019	0.7161003441
0.5365358058	0.4634641942	0.8621628026	0.7153591958
0.5375367868	0.4624632132	0.8629322034	0.7146193769
0.5385377678	0.4614622322	0.8636986113	0.7138808848
0.5395387487	0.4604612513	0.8644620331	0.7131437172
0.5405397297	0.4594602703	0.8652224759	0.7124078715
0.5415407107	0.4584592893	0.8659799466	0.7116733453
0.5425416917	0.4574583083	0.8667344522	0.7109401362
0.5435426727	0.4564573273	0.8674859996	0.7102082416
0.5445436537	0.4554563463	0.8682345958	0.709477659
0.5455446346	0.4544553654	0.8689802478	0.708748386
0.5465456156	0.4534543844	0.8697229625	0.7080204201
0.5475465966	0.4524534034	0.870462747	0.7072937589
0.5485475776	0.4514524224	0.8711996082	0.7065683997
0.5495485586	0.4504514414	0.8719335531	0.7058443402
0.5505495395	0.4494504605	0.8726645888	0.7051215778
0.5515505205	0.4484494795	0.8733927222	0.7044001101
0.5525515015	0.4474484985	0.8741179603	0.7036799345
0.5535524825	0.4464475175	0.8748403102	0.7029610486
0.5545534635	0.4454465365	0.8755597788	0.7022434498
0.5555544444	0.4444455556	0.8762763732	0.7015271357
0.5565554254	0.4434445746	0.8769901004	0.7008121037
0.5575564064	0.4424435936	0.8777009673	0.7000983514
0.5585573874	0.4414426126	0.8784089811	0.6993858762
0.5595583684	0.4404416316	0.8791141487	0.6986746757
0.5605593493	0.4394406507	0.8798164771	0.6979647473
0.5615603303	0.4384396697	0.8805159734	0.6972560886
0.5625613113	0.4374386887	0.8812126446	0.696548697
0.5635622923	0.4364377077	0.8819064976	0.69584257
0.5645632733	0.4354367267	0.8825975396	0.6951377051
0.5655642543	0.4344357457	0.8832857776	0.6944340998
0.5665652352	0.4334347648	0.8839712185	0.6937317517
0.5675662162	0.4324337838	0.8846538694	0.6930306581
0.5685671972	0.4314328028	0.8853337373	0.6923308167
0.5695681782	0.4304318218	0.8860108291	0.6916322248
0.5705691592	0.4294308408	0.8866851521	0.69093488
0.5715701401	0.4284298599	0.887356713	0.6902387797
0.5725711211	0.4274288789	0.8880255191	0.6895439216
0.5735721021	0.4264278979	0.8886915772	0.6888503029
0.5745730831	0.4254269169	0.8893548943	0.6881579214
0.5755740641	0.4244259359	0.8900154776	0.6874667744
0.576575045	0.423424955	0.8906733339	0.6867768594
0.577576026	0.422423974	0.8913284703	0.6860881739
0.578577007	0.421422993	0.8919808938	0.6854007155
0.579577988	0.420422012	0.8926306113	0.6847144817
0.580578969	0.419421031	0.8932776299	0.6840294699
0.5815799499	0.4184200501	0.8939219566	0.6833456776
0.5825809309	0.4174190691	0.8945635982	0.6826631023
0.5835819119	0.4164180881	0.8952025619	0.6819817416
0.5845828929	0.4154171071	0.8958388546	0.6813015929
0.5855838739	0.4144161261	0.8964724833	0.6806226538
0.5865848549	0.4134151451	0.8971034548	0.6799449217
0.5875858358	0.4124141642	0.8977317762	0.6792683942
0.5885868168	0.4114131832	0.8983574545	0.6785930687
0.5895877978	0.4104122022	0.8989804966	0.6779189428
0.5905887788	0.4094112212	0.8996009094	0.6772460141
0.5915897598	0.4084102402	0.9002186999	0.6765742799
0.5925907407	0.4074092593	0.900833875	0.6759037379
0.5935917217	0.4064082783	0.9014464417	0.6752343854
0.5945927027	0.4054072973	0.9020564068	0.6745662202
0.5955936837	0.4044063163	0.9026637774	0.6738992396
0.5965946647	0.4034053353	0.9032685602	0.6732334413
0.5975956456	0.4024043544	0.9038707622	0.6725688226
0.5985966266	0.4014033734	0.9044703904	0.6719053812
0.5995976076	0.4004023924	0.9050674516	0.6712431146
0.6005985886	0.3994014114	0.9056619526	0.6705820204
0.6015995696	0.3984004304	0.9062539005	0.6699220959
0.6026005506	0.3973994494	0.906843302	0.6692633389
0.6036015315	0.3963984685	0.907430164	0.6686057468
0.6046025125	0.3953974875	0.9080144934	0.6679493171
0.6056034935	0.3943965065	0.908596297	0.6672940475
0.6066044745	0.3933955255	0.9091755817	0.6666399354
0.6076054555	0.3923945445	0.9097523543	0.6659869784
0.6086064364	0.3913935636	0.9103266217	0.6653351741
0.6096074174	0.3903925826	0.9108983906	0.66468452
0.6106083984	0.3893916016	0.9114676679	0.6640350136
0.6116093794	0.3883906206	0.9120344604	0.6633866526
0.6126103604	0.3873896396	0.9125987749	0.6627394344
0.6136113413	0.3863886587	0.9131606181	0.6620933567
0.6146123223	0.3853876777	0.9137199969	0.6614484171
0.6156133033	0.3843866967	0.914276918	0.6608046129
0.6166142843	0.3833857157	0.9148313883	0.660161942
0.6176152653	0.3823847347	0.9153834143	0.6595204018
0.6186162462	0.3813837538	0.915933003	0.6588799899
0.6196172272	0.3803827728	0.916480161	0.6582407039
0.6206182082	0.3793817918	0.9170248951	0.6576025413
0.6216191892	0.3783808108	0.917567212	0.6569654999
0.6226201702	0.3773798298	0.9181071183	0.6563295771
0.6236211512	0.3763788488	0.9186446209	0.6556947705
0.6246221321	0.3753778679	0.9191797264	0.6550610778
0.6256231131	0.3743768869	0.9197124414	0.6544284966
0.6266240941	0.3733759059	0.9202427727	0.6537970244
0.6276250751	0.3723749249	0.9207707268	0.6531666588
0.6286260561	0.3713739439	0.9212963106	0.6525373975
0.629627037	0.370372963	0.9218195305	0.6519092382
0.630628018	0.369371982	0.9223403933	0.6512821783
0.631628999	0.368371001	0.9228589056	0.6506562155
0.63262998	0.36737002	0.9233750739	0.6500313475
0.633630961	0.366369039	0.923888905	0.6494075719
0.6346319419	0.3653680581	0.9244004053	0.6487848862
0.6356329229	0.3643670771	0.9249095814	0.6481632882
0.6366339039	0.3633660961	0.92541644	0.6475427755
0.6376348849	0.3623651151	0.9259209876	0.6469233457
0.6386358659	0.3613641341	0.9264232307	0.6463049965
0.6396368468	0.3603631532	0.926923176	0.6456877254
0.6406378278	0.3593621722	0.9274208298	0.6450715303
0.6416388088	0.3583611912	0.9279161988	0.6444564087
0.6426397898	0.3573602102	0.9284092894	0.6438423582
0.6436407708	0.3563592292	0.9289001082	0.6432293766
0.6446417518	0.3553582482	0.9293886615	0.6426174615
0.6456427327	0.3543572673	0.929874956	0.6420066106
0.6466437137	0.3533562863	0.9303589981	0.6413968216
0.6476446947	0.3523553053	0.9308407942	0.640788092
0.6486456757	0.3513543243	0.9313203508	0.6401804198
0.6496466567	0.3503533433	0.9317976742	0.6395738024
0.6506476376	0.3493523624	0.932272771	0.6389682376
0.6516486186	0.3483513814	0.9327456474	0.6383637231
0.6526495996	0.3473504004	0.93321631	0.6377602566
0.6536505806	0.3463494194	0.9336847652	0.6371578358
0.6546515616	0.3453484384	0.9341510191	0.6365564584
0.6556525425	0.3443474575	0.9346150783	0.6359561221
0.6566535235	0.3433464765	0.9350769491	0.6353568246
0.6576545045	0.3423454955	0.9355366379	0.6347585637
0.6586554855	0.3413445145	0.9359941508	0.634161337
0.6596564665	0.3403435335	0.9364494944	0.6335651423
0.6606574474	0.3393425526	0.9369026748	0.6329699774
0.6616584284	0.3383415716	0.9373536983	0.6323758399
0.6626594094	0.3373405906	0.9378025713	0.6317827276
0.6636603904	0.3363396096	0.9382493	0.6311906382
0.6646613714	0.3353386286	0.9386938907	0.6305995695
0.6656623524	0.3343376476	0.9391363495	0.6300095192
0.6666633333	0.3333366667	0.9395766828	0.6294204851
0.6676643143	0.3323356857	0.9400148967	0.628832465
0.6686652953	0.3313347047	0.9404509975	0.6282454566
0.6696662763	0.3303337237	0.9408849913	0.6276594576
0.6706672573	0.3293327427	0.9413168843	0.6270744659
0.6716682382	0.3283317618	0.9417466827	0.6264904792
0.6726692192	0.3273307808	0.9421743927	0.6259074954
0.6736702002	0.3263297998	0.9426000203	0.6253255121
0.6746711812	0.3253288188	0.9430235718	0.6247445272
0.6756721622	0.3243278378	0.9434450532	0.6241645384
0.6766731431	0.3233268569	0.9438644706	0.6235855437
0.6776741241	0.3223258759	0.9442818302	0.6230075407
0.6786751051	0.3213248949	0.944697138	0.6224305272
0.6796760861	0.3203239139	0.9451104001	0.6218545012
0.6806770671	0.3193229329	0.9455216225	0.6212794603
0.681678048	0.318321952	0.9459308113	0.6207054025
0.682679029	0.317320971	0.9463379725	0.6201323255
0.68368001	0.31631999	0.9467431121	0.6195602271
0.684680991	0.315319009	0.9471462361	0.6189891053
0.685681972	0.314318028	0.9475473506	0.6184189578
0.686682953	0.313317047	0.9479464615	0.6178497825
0.6876839339	0.3123160661	0.9483435747	0.6172815771
0.6886849149	0.3113150851	0.9487386962	0.6167143397
0.6896858959	0.3103141041	0.949131832	0.6161480679
0.6906868769	0.3093131231	0.949522988	0.6155827598
0.6916878579	0.3083121421	0.9499121701	0.6150184131
0.6926888388	0.3073111612	0.9502993841	0.6144550256
0.6936898198	0.3063101802	0.9506846361	0.6138925954
0.6946908008	0.3053091992	0.9510679318	0.6133311202
0.6956917818	0.3043082182	0.9514492771	0.6127705979
0.6966927628	0.3033072372	0.9518286779	0.6122110265
0.6976937437	0.3023062563	0.95220614	0.6116524037
0.6986947247	0.3013052753	0.9525816692	0.6110947276
0.6996957057	0.3003042943	0.9529552713	0.6105379959
0.7006966867	0.2993033133	0.9533269521	0.6099822066
0.7016976677	0.2983023323	0.9536967175	0.6094273577
0.7026986486	0.2973013514	0.9540645731	0.6088734469
0.7036996296	0.2963003704	0.9544305248	0.6083204723
0.7047006106	0.2952993894	0.9547945782	0.6077684317
0.7057015916	0.2942984084	0.9551567391	0.607217323
0.7067025726	0.2932974274	0.9555170133	0.6066671443
0.7077035536	0.2922964464	0.9558754064	0.6061178934
0.7087045345	0.2912954655	0.9562319241	0.6055695683
0.7097055155	0.2902944845	0.956586572	0.6050221668
0.7107064965	0.2892935035	0.956939356	0.604475687
0.7117074775	0.2882925225	0.9572902815	0.6039301269
0.7127084585	0.2872915415	0.9576393543	0.6033854842
0.7137094394	0.2862905606	0.9579865799	0.6028417571
0.7147104204	0.2852895796	0.958331964	0.6022989435
0.7157114014	0.2842885986	0.9586755122	0.6017570413
0.7167123824	0.2832876176	0.95901723	0.6012160486
0.7177133634	0.2822866366	0.9593571231	0.6006759632
0.7187143443	0.2812856557	0.9596951969	0.6001367833
0.7197153253	0.2802846747	0.9600314571	0.5995985067
0.7207163063	0.2792836937	0.9603659091	0.5990611314
0.7217172873	0.2782827127	0.9606985584	0.5985246555
0.7227182683	0.2772817317	0.9610294107	0.597989077
0.7237192492	0.2762807508	0.9613584713	0.5974543938
0.7247202302	0.2752797698	0.9616857457	0.596920604
0.7257212112	0.2742787888	0.9620112395	0.5963877055
0.7267221922	0.2732778078	0.962334958	0.5958556964
0.7277231732	0.2722768268	0.9626569067	0.5953245748
0.7287241542	0.2712758458	0.962977091	0.5947943386
0.7297251351	0.2702748649	0.9632955163	0.5942649859
0.7307261161	0.2692738839	0.963612188	0.5937365147
0.7317270971	0.2682729029	0.9639271116	0.593208923
0.7327280781	0.2672719219	0.9642402923	0.5926822089
0.7337290591	0.2662709409	0.9645517355	0.5921563705
0.73473004	0.26526996	0.9648614466	0.5916314057
0.735731021	0.264268979	0.9651694309	0.5911073127
0.736732002	0.263267998	0.9654756938	0.5905840895
0.737732983	0.262267017	0.9657802404	0.5900617342
0.738733964	0.261266036	0.9660830762	0.5895402449
0.7397349449	0.2602650551	0.9663842063	0.5890196195
0.7407359259	0.2592640741	0.9666836361	0.5884998563
0.7417369069	0.2582630931	0.9669813708	0.5879809533
0.7427378879	0.2572621121	0.9672774156	0.5874629085
0.7437388689	0.2562611311	0.9675717758	0.5869457201
0.7447398498	0.2552601502	0.9678644566	0.5864293862
0.7457408308	0.2542591692	0.9681554631	0.5859139048
0.7467418118	0.2532581882	0.9684448006	0.5853992741
0.7477427928	0.2522572072	0.9687324742	0.5848854922
0.7487437738	0.2512562262	0.969018489	0.5843725572
0.7497447548	0.2502552452	0.9693028503	0.5838604672
0.7507457357	0.2492542643	0.9695855632	0.5833492203
0.7517467167	0.2482532833	0.9698666327	0.5828388147
0.7527476977	0.2472523023	0.9701460639	0.5823292486
0.7537486787	0.2462513213	0.9704238621	0.5818205199
0.7547496597	0.2452503403	0.9707000321	0.581312627
0.7557506406	0.2442493594	0.9709745792	0.5808055678
0.7567516216	0.2432483784	0.9712475083	0.5802993406
0.7577526026	0.2422473974	0.9715188245	0.5797939436
0.7587535836	0.2412464164	0.9717885329	0.5792893749
0.7597545646	0.2402454354	0.9720566383	0.5787856326
0.7607555455	0.2392444545	0.9723231459	0.5782827149
0.7617565265	0.2382434735	0.9725880606	0.57778062
0.7627575075	0.2372424925	0.9728513874	0.5772793461
0.7637584885	0.2362415115	0.9731131312	0.5767788913
0.7647594695	0.2352405305	0.973373297	0.5762792539
0.7657604505	0.2342395495	0.9736318897	0.575780432
0.7667614314	0.2332385686	0.9738889142	0.5752824238
0.7677624124	0.2322375876	0.9741443755	0.5747852275
0.7687633934	0.2312366066	0.9743982785	0.5742888413
0.7697643744	0.2302356256	0.9746506279	0.5737932635
0.7707653554	0.2292346446	0.9749014287	0.5732984921
0.7717663363	0.2282336637	0.9751506858	0.5728045256
0.7727673173	0.2272326827	0.975398404	0.5723113619
0.7737682983	0.2262317017	0.975644588	0.5718189995
0.7747692793	0.2252307207	0.9758892428	0.5713274365
0.7757702603	0.2242297397	0.9761323731	0.5708366712
0.7767712412	0.2232287588	0.9763739838	0.5703467017
0.7777722222	0.2222277778	0.9766140795	0.5698575263
0.7787732032	0.2212267968	0.9768526651	0.5693691434
0.7797741842	0.2202258158	0.9770897453	0.568881551
0.7807751652	0.2192248348	0.9773253248	0.5683947475
0.7817761461	0.2182238539	0.9775594084	0.5679087312
0.7827771271	0.2172228729	0.9777920008	0.5674235002
0.7837781081	0.2162218919	0.9780231066	0.5669390529
0.7847790891	0.2152209109	0.9782527307	0.5664553875
0.7857800701	0.2142199299	0.9784808775	0.5659725024
0.7867810511	0.2132189489	0.9787075519	0.5654903957
0.787782032	0.212217968	0.9789327584	0.5650090658
0.788783013	0.211216987	0.9791565017	0.5645285109
0.789783994	0.210216006	0.9793787865	0.5640487294
0.790784975	0.209215025	0.9795996172	0.5635697195
0.791785956	0.208214044	0.9798189986	0.5630914795
0.7927869369	0.2072130631	0.9800369351	0.5626140078
0.7937879179	0.2062120821	0.9802534315	0.5621373027
0.7947888989	0.2052111011	0.9804684921	0.5616613624
0.7957898799	0.2042101201	0.9806821217	0.5611861853
0.7967908609	0.2032091391	0.9808943246	0.5607117696
0.7977918418	0.2022081582	0.9811051055	0.5602381138
0.7987928228	0.2012071772	0.9813144688	0.5597652162
0.7997938038	0.2002061962	0.9815224191	0.5592930751
0.8007947848	0.1992052152	0.9817289608	0.5588216887
0.8017957658	0.1982042342	0.9819340984	0.5583510555
0.8027967467	0.1972032533	0.9821378364	0.5578811739
0.8037977277	0.1962022723	0.9823401791	0.5574120421
0.8047987087	0.1952012913	0.9825411311	0.5569436585
0.8057996897	0.1942003103	0.9827406968	0.5564760214
0.8068006707	0.1931993293	0.9829388805	0.5560091293
0.8078016517	0.1921983483	0.9831356867	0.5555429805
0.8088026326	0.1911973674	0.9833311197	0.5550775734
0.8098036136	0.1901963864	0.983525184	0.5546129063
0.8108045946	0.1891954054	0.9837178838	0.5541489776
0.8118055756	0.1881944244	0.9839092236	0.5536857857
0.8128065566	0.1871934434	0.9840992076	0.5532233289
0.8138075375	0.1861924625	0.9842878403	0.5527616058
0.8148085185	0.1851914815	0.9844751258	0.5523006146
0.8158094995	0.1841905005	0.9846610685	0.5518403538
0.8168104805	0.1831895195	0.9848456728	0.5513808217
0.8178114615	0.1821885385	0.9850289427	0.5509220168
0.8188124424	0.1811875576	0.9852108827	0.5504639375
0.8198134234	0.1801865766	0.985391497	0.5500065822
0.8208144044	0.1791855956	0.9855707898	0.5495499493
0.8218153854	0.1781846146	0.9857487654	0.5490940372
0.8228163664	0.1771836336	0.9859254278	0.5486388444
0.8238173473	0.1761826527	0.9861007815	0.5481843692
0.8248183283	0.1751816717	0.9862748305	0.5477306102
0.8258193093	0.1741806907	0.986447579	0.5472775658
0.8268202903	0.1731797097	0.9866190312	0.5468252343
0.8278212713	0.1721787287	0.9867891913	0.5463736143
0.8288222523	0.1711777477	0.9869580633	0.5459227041
0.8298232332	0.1701767668	0.9871256515	0.5454725023
0.8308242142	0.1691757858	0.9872919599	0.5450230073
0.8318251952	0.1681748048	0.9874569926	0.5445742176
0.8328261762	0.1671738238	0.9876207538	0.5441261316
0.8338271572	0.1661728428	0.9877832475	0.5436787478
0.8348281381	0.1651718619	0.9879444779	0.5432320646
0.8358291191	0.1641708809	0.9881044488	0.5427860806
0.8368301001	0.1631698999	0.9882631645	0.5423407942
0.8378310811	0.1621689189	0.9884206289	0.5418962039
0.8388320621	0.1611679379	0.9885768461	0.5414523082
0.839833043	0.160166957	0.9887318201	0.5410091056
0.840834024	0.159165976	0.9888855548	0.5405665946
0.841835005	0.158164995	0.9890380543	0.5401247736
0.842835986	0.157164014	0.9891893226	0.5396836412
0.843836967	0.156163033	0.9893393636	0.5392431959
0.8448379479	0.1551620521	0.9894881812	0.5388034362
0.8458389289	0.1541610711	0.9896357795	0.5383643606
0.8468399099	0.1531600901	0.9897821623	0.5379259677
0.8478408909	0.1521591091	0.9899273336	0.5374882558
0.8488418719	0.1511581281	0.9900712973	0.5370512237
0.8498428529	0.1501571471	0.9902140572	0.5366148697
0.8508438338	0.1491561662	0.9903556173	0.5361791925
0.8518448148	0.1481551852	0.9904959815	0.5357441905
0.8528457958	0.1471542042	0.9906351536	0.5353098624
0.8538467768	0.1461532232	0.9907731374	0.5348762066
0.8548477578	0.1451522422	0.9909099368	0.5344432217
0.8558487387	0.1441512613	0.9910455557	0.5340109062
0.8568497197	0.1431502803	0.9911799978	0.5335792588
0.8578507007	0.1421492993	0.9913132669	0.5331482779
0.8588516817	0.1411483183	0.991445367	0.5327179622
0.8598526627	0.1401473373	0.9915763016	0.5322883101
0.8608536436	0.1391463564	0.9917060747	0.5318593203
0.8618546246	0.1381453754	0.99183469	0.5314309913
0.8628556056	0.1371443944	0.9919621512	0.5310033218
0.8638565866	0.1361434134	0.992088462	0.5305763102
0.8648575676	0.1351424324	0.9922136263	0.5301499552
0.8658585485	0.1341414515	0.9923376477	0.5297242553
0.8668595295	0.1331404705	0.9924605299	0.5292992092
0.8678605105	0.1321394895	0.9925822767	0.5288748155
0.8688614915	0.1311385085	0.9927028917	0.5284510727
0.8698624725	0.1301375275	0.9928223786	0.5280279794
0.8708634535	0.1291365465	0.992940741	0.5276055343
0.8718644344	0.1281355656	0.9930579826	0.5271837359
0.8728654154	0.1271345846	0.9931741071	0.5267625829
0.8738663964	0.1261336036	0.9932891181	0.5263420739
0.8748673774	0.1251326226	0.9934030192	0.5259222075
0.8758683584	0.1241316416	0.9935158141	0.5255029823
0.8768693393	0.1231306607	0.9936275062	0.525084397
0.8778703203	0.1221296797	0.9937380993	0.5246664501
0.8788713013	0.1211286987	0.9938475968	0.5242491404
0.8798722823	0.1201277177	0.9939560025	0.5238324664
0.8808732633	0.1191267367	0.9940633197	0.5234164268
0.8818742442	0.1181257558	0.9941695521	0.5230010202
0.8828752252	0.1171247748	0.9942747032	0.5225862453
0.8838762062	0.1161237938	0.9943787765	0.5221721008
0.8848771872	0.1151228128	0.9944817756	0.5217585852
0.8858781682	0.1141218318	0.9945837039	0.5213456973
0.8868791491	0.1131208509	0.994684565	0.5209334356
0.8878801301	0.1121198699	0.9947843622	0.520521799
0.8888811111	0.1111188889	0.9948830992	0.5201107859
0.8898820921	0.1101179079	0.9949807794	0.5197003952
0.8908830731	0.1091169269	0.9950774062	0.5192906255
0.8918840541	0.1081159459	0.995172983	0.5188814754
0.892885035	0.107114965	0.9952675133	0.5184729436
0.893886016	0.106113984	0.9953610006	0.5180650289
0.894886997	0.105113003	0.9954534482	0.5176577299
0.895887978	0.104112022	0.9955448595	0.5172510452
0.896888959	0.103111041	0.9956352379	0.5168449737
0.8978899399	0.1021100601	0.9957245868	0.5164395139
0.8988909209	0.1011090791	0.9958129097	0.5160346647
0.8998919019	0.1001080981	0.9959002097	0.5156304246
0.9008928829	0.09910711712	0.9959864903	0.5152267925
0.9018938639	0.09810613614	0.9960717549	0.5148237669
0.9028948448	0.09710515516	0.9961560067	0.5144213467
0.9038958258	0.09610417417	0.9962392491	0.5140195306
0.9048968068	0.09510319319	0.9963214854	0.5136183172
0.9058977878	0.09410221221	0.9964027189	0.5132177052
0.9068987688	0.09310123123	0.9964829529	0.5128176936
0.9078997497	0.09210025025	0.9965621906	0.5124182808
0.9089007307	0.09109926927	0.9966404354	0.5120194657
0.9099017117	0.09009828829	0.9967176905	0.5116212471
0.9109026927	0.08909730731	0.9967939591	0.5112236236
0.9119036737	0.08809632633	0.9968692445	0.510826594
0.9129046547	0.08709534535	0.9969435499	0.510430157
0.9139056356	0.08609436436	0.9970168786	0.5100343115
0.9149066166	0.08509338338	0.9970892338	0.5096390561
0.9159075976	0.0840924024	0.9971606186	0.5092443896
0.9169085786	0.08309142142	0.9972310362	0.5088503107
0.9179095596	0.08209044044	0.99730049	0.5084568183
0.9189105405	0.08108945946	0.9973689829	0.5080639111
0.9199115215	0.08008847848	0.9974365182	0.5076715878
0.9209125025	0.0790874975	0.997503099	0.5072798473
0.9219134835	0.07808651652	0.9975687285	0.5068886883
0.9229144645	0.07708553554	0.9976334098	0.5064981095
0.9239154454	0.07608455455	0.997697146	0.5061081099
0.9249164264	0.07508357357	0.9977599404	0.505718688
0.9259174074	0.07408259259	0.9978217958	0.5053298429
0.9269183884	0.07308161161	0.9978827156	0.5049415731
0.9279193694	0.07208063063	0.9979427026	0.5045538775
0.9289203504	0.07107964965	0.9980017601	0.504166755
0.9299213313	0.07007866867	0.9980598911	0.5037802043
0.9309223123	0.06907768769	0.9981170987	0.5033942242
0.9319232933	0.06807670671	0.9981733859	0.5030088135
0.9329242743	0.06707572573	0.9982287557	0.5026239711
0.9339252553	0.06607474474	0.9982832112	0.5022396957
0.9349262362	0.06507376376	0.9983367554	0.5018559862
0.9359272172	0.06407278278	0.9983893914	0.5014728413
0.9369281982	0.0630718018	0.998441122	0.5010902599
0.9379291792	0.06207082082	0.9984919504	0.5007082409
0.9389301602	0.06106983984	0.9985418795	0.500326783
0.9399311411	0.06006885886	0.9985909123	0.4999458851
0.9409321221	0.05906787788	0.9986390517	0.499565546
0.9419331031	0.0580668969	0.9986863007	0.4991857645
0.9429340841	0.05706591592	0.9987326623	0.4988065395
0.9439350651	0.05606493493	0.9987781395	0.4984278698
0.944936046	0.05506395395	0.998822735	0.4980497543
0.945937027	0.05406297297	0.9988664519	0.4976721919
0.946938008	0.05306199199	0.9989092931	0.4972951813
0.947938989	0.05206101101	0.9989512615	0.4969187214
0.94893997	0.05106003003	0.9989923599	0.4965428111
0.949940951	0.05005904905	0.9990325913	0.4961674492
0.9509419319	0.04905806807	0.9990719586	0.4957926346
0.9519429129	0.04805708709	0.9991104646	0.4954183662
0.9529438939	0.04705610611	0.9991481121	0.4950446428
0.9539448749	0.04605512513	0.9991849041	0.4946714633
0.9549458559	0.04505414414	0.9992208433	0.4942988266
0.9559468368	0.04405316316	0.9992559327	0.4939267315
0.9569478178	0.04305218218	0.999290175	0.493555177
0.9579487988	0.0420512012	0.9993235731	0.4931841618
0.9589497798	0.04105022022	0.9993561297	0.492813685
0.9599507608	0.04004923924	0.9993878476	0.4924437454
0.9609517417	0.03904825826	0.9994187298	0.4920743418
0.9619527227	0.03804727728	0.9994487788	0.4917054732
0.9629537037	0.0370462963	0.9994779976	0.4913371384
0.9639546847	0.03604531532	0.9995063889	0.4909693364
0.9649556657	0.03504433433	0.9995339554	0.4906020661
0.9659566466	0.03404335335	0.9995606999	0.4902353264
0.9669576276	0.03304237237	0.9995866251	0.4898691161
0.9679586086	0.03204139139	0.9996117338	0.4895034342
0.9689595896	0.03104041041	0.9996360287	0.4891382796
0.9699605706	0.03003942943	0.9996595124	0.4887736512
0.9709615516	0.02903844845	0.9996821878	0.4884095479
0.9719625325	0.02803746747	0.9997040575	0.4880459687
0.9729635135	0.02703648649	0.9997251242	0.4876829125
0.9739644945	0.02603550551	0.9997453906	0.4873203781
0.9749654755	0.02503452452	0.9997648593	0.4869583646
0.9759664565	0.02403354354	0.999783533	0.4865968709
0.9769674374	0.02303256256	0.9998014145	0.4862358959
0.9779684184	0.02203158158	0.9998185062	0.4858754385
0.9789693994	0.0210306006	0.999834811	0.4855154976
0.9799703804	0.02002961962	0.9998503313	0.4851560723
0.9809713614	0.01902863864	0.9998650699	0.4847971615
0.9819723423	0.01802765766	0.9998790293	0.484438764
0.9829733233	0.01702667668	0.9998922122	0.4840808789
0.9839743043	0.0160256957	0.9999046211	0.4837235052
0.9849752853	0.01502471471	0.9999162587	0.4833666417
0.9859762663	0.01402373373	0.9999271275	0.4830102874
0.9869772472	0.01302275275	0.9999372302	0.4826544413
0.9879782282	0.01202177177	0.9999465692	0.4822991024
0.9889792092	0.01102079079	0.9999551472	0.4819442696
0.9899801902	0.01001980981	0.9999629667	0.4815899418
0.9909811712	0.009018828829	0.9999700302	0.4812361182
0.9919821522	0.008017847848	0.9999763403	0.4808827975
0.9929831331	0.007016866867	0.9999818995	0.4805299789
0.9939841141	0.006015885886	0.9999867103	0.4801776613
0.9949850951	0.005014904905	0.9999907753	0.4798258436
0.9959860761	0.004013923924	0.999994097	0.4794745249
0.9969870571	0.003012942943	0.9999966778	0.4791237041
0.997988038	0.002011961962	0.9999985202	0.4787733803
0.998989019	0.001010980981	0.9999996268	0.4784235524
0.99999	1e-05	1	0.4780742194
