1e-05	0.99999	1.850243697e-07	0.9999999835
0.001010980981	0.998989019	2.549057878e-07	0.9998346058
0.002011961962	0.997988038	3.474378392e-07	0.9993591376
0.003012942943	0.9969870571	4.687505503e-07	0.9985937345
0.004013923924	0.9959860761	6.262977284e-07	0.9975573927
0.005014904905	0.9949850951	8.290655815e-07	0.9962680106
0.006015885886	0.9939841141	1.087799881e-06	0.9947424477
0.007016866867	0.9929831331	1.415251228e-06	0.9929965817
0.008017847848	0.9919821522	1.826437713e-06	0.9910453623
0.009018828829	0.9909811712	2.338923973e-06	0.9889028632
0.01001980981	0.9899801902	2.973115378e-06	0.9865823315
0.01102079079	0.9889792092	3.752565848e-06	0.9840962345
0.01202177177	0.9879782282	4.70429753e-06	0.9814563045
0.01302275275	0.9869772472	5.859130392e-06	0.9786735805
0.01402373373	0.9859762663	7.252019569e-06	0.9757584487
0.01502471471	0.9849752853	8.922398177e-06	0.9727206801
0.0160256957	0.9839743043	1.091452316e-05	0.9695694662
0.01702667668	0.9829733233	1.327782165e-05	0.9663134529
0.01802765766	0.9819723423	1.606723529e-05	0.9629607721
0.01902863864	0.9809713614	1.934355993e-05	0.9595190719
0.02002961962	0.9799703804	2.317377804e-05	0.9559955451
0.0210306006	0.9789693994	2.763138141e-05	0.9523969555
0.02203158158	0.9779684184	3.279668157e-05	0.9487296631
0.02303256256	0.9769674374	3.87571056e-05	0.944999648
0.02403354354	0.9759664565	4.560747504e-05	0.9412125325
0.02503452452	0.9749654755	5.345026583e-05	0.9373736021
0.02603550551	0.9739644945	6.239584727e-05	0.9334878252
0.02703648649	0.9729635135	7.256269826e-05	0.9295598716
0.02803746747	0.9719625325	8.407759926e-05	0.9255941301
0.02903844845	0.9709615516	9.707579846e-05	0.9215947247
0.03003942943	0.9699605706	0.0001117011512	0.9175655304
0.03104041041	0.9689595896	0.0001281062313	0.9135101874
0.03204139139	0.9679586086	0.000146452414	0.9094321149
0.03304237237	0.9669576276	0.0001669099298	0.9053345239
0.03404335335	0.9659566466	0.0001896578883	0.9012204293
0.03504433433	0.9649556657	0.0002148842728	0.8970926614
0.03604531532	0.9639546847	0.0002427859051	0.8929538764
0.0370462963	0.9629537037	0.0002735683811	0.8888065666
0.03804727728	0.9619527227	0.0003074459769	0.8846530698
0.03904825826	0.9609517417	0.0003446415273	0.8804955783
0.04004923924	0.9599507608	0.0003853862756	0.8763361471
0.04105022022	0.9589497798	0.0004299196973	0.872176702
0.0420512012	0.9579487988	0.0004784892978	0.868019047
0.04305218218	0.9569478178	0.000531350385	0.8638648712
0.04405316316	0.9559468368	0.0005887658185	0.8597157553
0.04505414414	0.9549458559	0.0006510057368	0.855573178
0.04605512513	0.9539448749	0.0007183472632	0.8514385218
0.04705610611	0.9529438939	0.000791074192	0.8473130784
0.04805708709	0.9519429129	0.0008694766575	0.8431980539
0.04905806807	0.9509419319	0.0009538507854	0.8390945738
0.05005904905	0.949940951	0.00104449833	0.8350036874
0.05106003003	0.94893997	0.001141726297	0.8309263724
0.05206101101	0.947938989	0.001245846556	0.8268635386
0.05306199199	0.946938008	0.00135717544	0.8228160322
0.05406297297	0.945937027	0.00147603334	0.818784639
0.05506395395	0.944936046	0.001602744285	0.8147700881
0.05606493493	0.9439350651	0.001737635528	0.8107730551
0.05706591592	0.9429340841	0.001881037113	0.8067941651
0.0580668969	0.9419331031	0.002033281452	0.8028339955
0.05906787788	0.9409321221	0.002194702892	0.7988930787
0.06006885886	0.9399311411	0.002365637284	0.794971905
0.06106983984	0.9389301602	0.002546421555	0.7910709244
0.06207082082	0.9379291792	0.002737393279	0.7871905495
0.0630718018	0.9369281982	0.002938890252	0.7833311573
0.06407278278	0.9359272172	0.003151250073	0.7794930911
0.06507376376	0.9349262362	0.003374809726	0.775676663
0.06607474474	0.9339252553	0.003609905178	0.7718821549
0.06707572573	0.9329242743	0.003856870968	0.7681098209
0.06807670671	0.9319232933	0.004116039821	0.7643598887
0.06907768769	0.9309223123	0.004387742259	0.7606325608
0.07007866867	0.9299213313	0.004672306227	0.7569280165
0.07107964965	0.9289203504	0.004970056726	0.7532464128
0.07208063063	0.9279193694	0.005281315459	0.749587886
0.07308161161	0.9269183884	0.005606400489	0.7459525526
0.07408259259	0.9259174074	0.005945625901	0.7423405107
0.07508357357	0.9249164264	0.006299301489	0.7387518412
0.07608455455	0.9239154454	0.006667732442	0.7351866084
0.07708553554	0.9229144645	0.007051219052	0.7316448613
0.07808651652	0.9219134835	0.007450056429	0.7281266344
0.0790874975	0.9209125025	0.007864534234	0.7246319488
0.08008847848	0.9199115215	0.008294936421	0.7211608124
0.08108945946	0.9189105405	0.008741540992	0.7177132216
0.08209044044	0.9179095596	0.009204619771	0.7142891612
0.08309142142	0.9169085786	0.009684438185	0.7108886055
0.0840924024	0.9159075976	0.01018125506	0.707511519
0.08509338338	0.9149066166	0.01069532244	0.7041578567
0.08609436436	0.9139056356	0.01122688538	0.7008275651
0.08709534535	0.9129046547	0.01177618184	0.6975205823
0.08809632633	0.9119036737	0.01234344247	0.6942368392
0.08909730731	0.9109026927	0.0129288905	0.6909762591
0.09009828829	0.9099017117	0.01353274164	0.6877387589
0.09109926927	0.9089007307	0.01415520393	0.6845242493
0.09210025025	0.9078997497	0.01479647763	0.6813326351
0.09310123123	0.9068987688	0.01545675519	0.6781638158
0.09410221221	0.9058977878	0.0161362211	0.6750176859
0.09510319319	0.9048968068	0.01683505187	0.6718941352
0.09610417417	0.9038958258	0.01755341598	0.6687930491
0.09710515516	0.9028948448	0.01829147379	0.6657143092
0.09810613614	0.9018938639	0.01904937754	0.6626577933
0.09910711712	0.9008928829	0.01982727134	0.6596233757
0.1001080981	0.8998919019	0.0206252911	0.6566109276
0.1011090791	0.8988909209	0.0214435646	0.6536203175
0.1021100601	0.8978899399	0.02228221143	0.6506514111
0.103111041	0.896888959	0.02314134303	0.6477040716
0.104112022	0.895887978	0.0240210627	0.6447781601
0.105113003	0.894886997	0.02492146566	0.6418735358
0.106113984	0.893886016	0.02584263906	0.6389900559
0.107114965	0.892885035	0.02678466201	0.6361275761
0.1081159459	0.8918840541	0.02774760566	0.6332859507
0.1091169269	0.8908830731	0.02873153328	0.6304650326
0.1101179079	0.8898820921	0.02973650024	0.6276646735
0.1111188889	0.8888811111	0.03076255418	0.6248847244
0.1121198699	0.8878801301	0.03180973502	0.6221250351
0.1131208509	0.8868791491	0.03287807507	0.6193854549
0.1141218318	0.8858781682	0.03396759911	0.6166658325
0.1151228128	0.8848771872	0.03507832447	0.6139660159
0.1161237938	0.8838762062	0.03621026118	0.611285853
0.1171247748	0.8828752252	0.03736341197	0.6086251913
0.1181257558	0.8818742442	0.03853777248	0.605983878
0.1191267367	0.8808732633	0.0397333313	0.6033617604
0.1201277177	0.8798722823	0.04095007012	0.6007586857
0.1211286987	0.8788713013	0.04218796381	0.5981745012
0.1221296797	0.8778703203	0.04344698057	0.5956090543
0.1231306607	0.8768693393	0.04472708203	0.5930621927
0.1241316416	0.8758683584	0.04602822338	0.5905337643
0.1251326226	0.8748673774	0.0473503535	0.5880236174
0.1261336036	0.8738663964	0.04869341507	0.5855316007
0.1271345846	0.8728654154	0.05005734471	0.5830575634
0.1281355656	0.8718644344	0.05144207312	0.5806013551
0.1291365465	0.8708634535	0.05284752518	0.5781628262
0.1301375275	0.8698624725	0.05427362012	0.5757418273
0.1311385085	0.8688614915	0.05572027163	0.57333821
0.1321394895	0.8678605105	0.05718738798	0.5709518265
0.1331404705	0.8668595295	0.05867487221	0.5685825297
0.1341414515	0.8658585485	0.06018262218	0.5662301732
0.1351424324	0.8648575676	0.0617105308	0.5638946114
0.1361434134	0.8638565866	0.06325848608	0.5615756997
0.1371443944	0.8628556056	0.06482637133	0.5592732941
0.1381453754	0.8618546246	0.06641406523	0.5569872516
0.1391463564	0.8608536436	0.06802144205	0.5547174301
0.1401473373	0.8598526627	0.0696483717	0.5524636883
0.1411483183	0.8588516817	0.0712947199	0.550225886
0.1421492993	0.8578507007	0.07296034833	0.5480038839
0.1431502803	0.8568497197	0.07464511472	0.5457975434
0.1441512613	0.8558487387	0.07634887303	0.5436067274
0.1451522422	0.8548477578	0.07807147353	0.5414312993
0.1461532232	0.8538467768	0.07981276296	0.5392711238
0.1471542042	0.8528457958	0.08157258466	0.5371260666
0.1481551852	0.8518448148	0.08335077867	0.5349959943
0.1491561662	0.8508438338	0.08514718189	0.5328807746
0.1501571471	0.8498428529	0.08696162818	0.5307802762
0.1511581281	0.8488418719	0.08879394847	0.5286943689
0.1521591091	0.8478408909	0.09064397092	0.5266229237
0.1531600901	0.8468399099	0.09251152102	0.5245658124
0.1541610711	0.8458389289	0.0943964217	0.5225229079
0.1551620521	0.8448379479	0.09629849344	0.5204940844
0.156163033	0.843836967	0.09821755442	0.518479217
0.157164014	0.842835986	0.1001534206	0.5164781818
0.158164995	0.841835005	0.1021059058	0.5144908561
0.159165976	0.840834024	0.1040748219	0.5125171182
0.160166957	0.839833043	0.106059979	0.5105568476
0.1611679379	0.8388320621	0.1080611851	0.5086099246
0.1621689189	0.8378310811	0.1100782469	0.506676231
0.1631698999	0.8368301001	0.1121109693	0.5047556492
0.1641708809	0.8358291191	0.1141591558	0.5028480629
0.1651718619	0.8348281381	0.1162226085	0.500953357
0.1661728428	0.8338271572	0.1183011283	0.4990714171
0.1671738238	0.8328261762	0.1203945148	0.4972021302
0.1681748048	0.8318251952	0.1225025665	0.4953453841
0.1691757858	0.8308242142	0.1246250811	0.4935010679
0.1701767668	0.8298232332	0.1267618552	0.4916690714
0.1711777477	0.8288222523	0.1289126846	0.4898492858
0.1721787287	0.8278212713	0.1310773644	0.4880416031
0.1731797097	0.8268202903	0.133255689	0.4862459164
0.1741806907	0.8258193093	0.1354474523	0.4844621198
0.1751816717	0.8248183283	0.1376524476	0.4826901085
0.1761826527	0.8238173473	0.1398704679	0.4809297786
0.1771836336	0.8228163664	0.1421013058	0.4791810271
0.1781846146	0.8218153854	0.1443447535	0.4774437524
0.1791855956	0.8208144044	0.1466006032	0.4757178534
0.1801865766	0.8198134234	0.1488686469	0.4740032303
0.1811875576	0.8188124424	0.1511486764	0.4722997842
0.1821885385	0.8178114615	0.1534404838	0.4706074172
0.1831895195	0.8168104805	0.1557438609	0.4689260322
0.1841905005	0.8158094995	0.1580586	0.4672555332
0.1851914815	0.8148085185	0.1603844933	0.4655958252
0.1861924625	0.8138075375	0.1627213334	0.4639468139
0.1871934434	0.8128065566	0.1650689131	0.4623084062
0.1881944244	0.8118055756	0.1674270257	0.4606805098
0.1891954054	0.8108045946	0.1697954649	0.4590630333
0.1901963864	0.8098036136	0.1721740247	0.4574558863
0.1911973674	0.8088026326	0.1745624998	0.4558589791
0.1921983483	0.8078016517	0.1769606854	0.4542722231
0.1931993293	0.8068006707	0.1793683773	0.4526955305
0.1942003103	0.8057996897	0.1817853721	0.4511288144
0.1952012913	0.8047987087	0.1842114668	0.4495719888
0.1962022723	0.8037977277	0.1866464596	0.4480249685
0.1972032533	0.8027967467	0.189090149	0.446487669
0.1982042342	0.8017957658	0.1915423348	0.4449600071
0.1992052152	0.8007947848	0.1940028173	0.4434418999
0.2002061962	0.7997938038	0.1964713979	0.4419332658
0.2012071772	0.7987928228	0.1989478789	0.4404340236
0.2022081582	0.7977918418	0.2014320636	0.4389440933
0.2032091391	0.7967908609	0.2039237563	0.4374633954
0.2042101201	0.7957898799	0.2064227623	0.4359918514
0.2052111011	0.7947888989	0.2089288881	0.4345293834
0.2062120821	0.7937879179	0.2114419413	0.4330759145
0.2072130631	0.7927869369	0.2139617304	0.4316313685
0.208214044	0.791785956	0.2164880653	0.4301956698
0.209215025	0.790784975	0.219020757	0.4287687438
0.210216006	0.789783994	0.2215596178	0.4273505164
0.211216987	0.788783013	0.2241044611	0.4259409146
0.212217968	0.787782032	0.2266551017	0.4245398658
0.2132189489	0.7867810511	0.2292113556	0.4231472983
0.2142199299	0.7857800701	0.2317730401	0.421763141
0.2152209109	0.7847790891	0.2343399738	0.4203873237
0.2162218919	0.7837781081	0.2369119768	0.4190197766
0.2172228729	0.7827771271	0.2394888703	0.4176604311
0.2182238539	0.7817761461	0.2420704771	0.4163092187
0.2192248348	0.7807751652	0.2446566213	0.414966072
0.2202258158	0.7797741842	0.2472471285	0.4136309241
0.2212267968	0.7787732032	0.2498418254	0.4123037088
0.2222277778	0.7777722222	0.2524405406	0.4109843607
0.2232287588	0.7767712412	0.2550431038	0.4096728148
0.2242297397	0.7757702603	0.2576493463	0.408369007
0.2252307207	0.7747692793	0.2602591009	0.4070728736
0.2262317017	0.7737682983	0.2628722017	0.4057843517
0.2272326827	0.7727673173	0.2654884845	0.404503379
0.2282336637	0.7717663363	0.2681077865	0.4032298939
0.2292346446	0.7707653554	0.2707299463	0.4019638352
0.2302356256	0.7697643744	0.2733548043	0.4007051425
0.2312366066	0.7687633934	0.275982202	0.3994537558
0.2322375876	0.7677624124	0.2786119829	0.3982096161
0.2332385686	0.7667614314	0.2812439916	0.3969726644
0.2342395495	0.7657604505	0.2838780744	0.3957428429
0.2352405305	0.7647594695	0.2865140793	0.3945200938
0.2362415115	0.7637584885	0.2891518557	0.3933043604
0.2372424925	0.7627575075	0.2917912543	0.3920955861
0.2382434735	0.7617565265	0.2944321278	0.3908937152
0.2392444545	0.7607555455	0.2970743301	0.3896986924
0.2402454354	0.7597545646	0.2997177169	0.3885104629
0.2412464164	0.7587535836	0.3023621451	0.3873289725
0.2422473974	0.7577526026	0.3050074736	0.3861541677
0.2432483784	0.7567516216	0.3076535624	0.3849859952
0.2442493594	0.7557506406	0.3103002734	0.3838244024
0.2452503403	0.7547496597	0.3129474698	0.3826693372
0.2462513213	0.7537486787	0.3155950165	0.3815207481
0.2472523023	0.7527476977	0.3182427798	0.3803785839
0.2482532833	0.7517467167	0.3208906277	0.3792427941
0.2492542643	0.7507457357	0.3235384297	0.3781133286
0.2502552452	0.7497447548	0.3261860566	0.3769901378
0.2512562262	0.7487437738	0.3288333811	0.3758731726
0.2522572072	0.7477427928	0.3314802772	0.3747623843
0.2532581882	0.7467418118	0.3341266204	0.3736577247
0.2542591692	0.7457408308	0.3367722878	0.3725591462
0.2552601502	0.7447398498	0.3394171579	0.3714666015
0.2562611311	0.7437388689	0.342061111	0.3703800439
0.2572621121	0.7427378879	0.3447040284	0.3692994269
0.2582630931	0.7417369069	0.3473457935	0.3682247048
0.2592640741	0.7407359259	0.3499862906	0.3671558321
0.2602650551	0.7397349449	0.3526254058	0.3660927637
0.261266036	0.738733964	0.3552630268	0.3650354552
0.262267017	0.737732983	0.3578990424	0.3639838623
0.263267998	0.736732002	0.3605333431	0.3629379414
0.264268979	0.735731021	0.3631658208	0.3618976491
0.26526996	0.73473004	0.3657963688	0.3608629425
0.2662709409	0.7337290591	0.368424882	0.3598337793
0.2672719219	0.7327280781	0.3710512566	0.3588101172
0.2682729029	0.7317270971	0.3736753902	0.3577919147
0.2692738839	0.7307261161	0.3762971818	0.3567791304
0.2702748649	0.7297251351	0.3789165319	0.3557717235
0.2712758458	0.7287241542	0.3815333423	0.3547696535
0.2722768268	0.7277231732	0.3841475164	0.3537728802
0.2732778078	0.7267221922	0.3867589586	0.3527813639
0.2742787888	0.7257212112	0.3893675751	0.3517950653
0.2752797698	0.7247202302	0.3919732731	0.3508139453
0.2762807508	0.7237192492	0.3945759613	0.3498379654
0.2772817317	0.7227182683	0.3971755499	0.3488670873
0.2782827127	0.7217172873	0.3997719501	0.347901273
0.2792836937	0.7207163063	0.4023650746	0.3469404851
0.2802846747	0.7197153253	0.4049548376	0.3459846862
0.2812856557	0.7187143443	0.4075411542	0.3450338397
0.2822866366	0.7177133634	0.4101239411	0.3440879089
0.2832876176	0.7167123824	0.4127031162	0.3431468577
0.2842885986	0.7157114014	0.4152785986	0.3422106503
0.2852895796	0.7147104204	0.4178503088	0.3412792512
0.2862905606	0.7137094394	0.4204181685	0.3403526252
0.2872915415	0.7127084585	0.4229821005	0.3394307374
0.2882925225	0.7117074775	0.4255420292	0.3385135533
0.2892935035	0.7107064965	0.4280978797	0.3376010388
0.2902944845	0.7097055155	0.4306495788	0.3366931599
0.2912954655	0.7087045345	0.4331970542	0.3357898831
0.2922964464	0.7077035536	0.4357402349	0.334891175
0.2932974274	0.7067025726	0.4382790511	0.3339970028
0.2942984084	0.7057015916	0.4408134341	0.3331073337
0.2952993894	0.7047006106	0.4433433164	0.3322221353
0.2963003704	0.7036996296	0.4458686317	0.3313413757
0.2973013514	0.7026986486	0.4483893148	0.3304650231
0.2983023323	0.7016976677	0.4509053017	0.3295930458
0.2993033133	0.7006966867	0.4534165292	0.3287254128
0.3003042943	0.6996957057	0.4559229356	0.3278620931
0.3013052753	0.6986947247	0.4584244602	0.327003056
0.3023062563	0.6976937437	0.4609210433	0.3261482713
0.3033072372	0.6966927628	0.4634126262	0.3252977087
0.3043082182	0.6956917818	0.4658991515	0.3244513385
0.3053091992	0.6946908008	0.4683805627	0.3236091311
0.3063101802	0.6936898198	0.4708568044	0.3227710573
0.3073111612	0.6926888388	0.4733278221	0.3219370879
0.3083121421	0.6916878579	0.4757935626	0.3211071943
0.3093131231	0.6906868769	0.4782539735	0.3202813479
0.3103141041	0.6896858959	0.4807090034	0.3194595204
0.3113150851	0.6886849149	0.4831586021	0.3186416839
0.3123160661	0.6876839339	0.48560272	0.3178278106
0.313317047	0.686682953	0.4880413089	0.3170178729
0.314318028	0.685681972	0.4904743213	0.3162118437
0.315319009	0.684680991	0.4929017108	0.3154096958
0.31631999	0.68368001	0.4953234317	0.3146114025
0.317320971	0.682679029	0.4977394396	0.3138169373
0.318321952	0.681678048	0.5001496907	0.3130262737
0.3193229329	0.6806770671	0.5025541422	0.3122393858
0.3203239139	0.6796760861	0.5049527524	0.3114562476
0.3213248949	0.6786751051	0.5073454802	0.3106768336
0.3223258759	0.6776741241	0.5097322855	0.3099011182
0.3233268569	0.6766731431	0.5121131291	0.3091290764
0.3243278378	0.6756721622	0.5144879728	0.3083606832
0.3253288188	0.6746711812	0.5168567789	0.3075959137
0.3263297998	0.6736702002	0.5192195108	0.3068347435
0.3273307808	0.6726692192	0.5215761328	0.3060771482
0.3283317618	0.6716682382	0.5239266097	0.3053231037
0.3293327427	0.6706672573	0.5262709075	0.3045725861
0.3303337237	0.6696662763	0.5286089928	0.3038255717
0.3313347047	0.6686652953	0.5309408329	0.303082037
0.3323356857	0.6676643143	0.5332663961	0.3023419587
0.3333366667	0.6666633333	0.5355856514	0.3016053137
0.3343376476	0.6656623524	0.5378985685	0.3008720791
0.3353386286	0.6646613714	0.5402051179	0.3001422323
0.3363396096	0.6636603904	0.542505271	0.2994157505
0.3373405906	0.6626594094	0.5447989997	0.2986926117
0.3383415716	0.6616584284	0.5470862767	0.2979727936
0.3393425526	0.6606574474	0.5493670755	0.2972562743
0.3403435335	0.6596564665	0.5516413704	0.296543032
0.3413445145	0.6586554855	0.553909136	0.2958330452
0.3423454955	0.6576545045	0.5561703482	0.2951262925
0.3433464765	0.6566535235	0.558424983	0.2944227526
0.3443474575	0.6556525425	0.5606730175	0.2937224046
0.3453484384	0.6546515616	0.5629144293	0.2930252275
0.3463494194	0.6536505806	0.5651491966	0.2923312008
0.3473504004	0.6526495996	0.5673772985	0.2916403038
0.3483513814	0.6516486186	0.5695987144	0.2909525163
0.3493523624	0.6506476376	0.5718134246	0.2902678181
0.3503533433	0.6496466567	0.5740214099	0.2895861891
0.3513543243	0.6486456757	0.5762226519	0.2889076097
0.3523553053	0.6476446947	0.5784171325	0.28823206
0.3533562863	0.6466437137	0.5806048346	0.2875595206
0.3543572673	0.6456427327	0.5827857413	0.2868899722
0.3553582482	0.6446417518	0.5849598365	0.2862233955
0.3563592292	0.6436407708	0.5871271048	0.2855597715
0.3573602102	0.6426397898	0.5892875311	0.2848990815
0.3583611912	0.6416388088	0.5914411011	0.2842413065
0.3593621722	0.6406378278	0.5935878009	0.2835864282
0.3603631532	0.6396368468	0.5957276172	0.2829344281
0.3613641341	0.6386358659	0.5978605373	0.2822852879
0.3623651151	0.6376348849	0.599986549	0.2816389895
0.3633660961	0.6366339039	0.6021056406	0.280995515
0.3643670771	0.6356329229	0.6042178009	0.2803548465
0.3653680581	0.6346319419	0.6063230193	0.2797169664
0.366369039	0.633630961	0.6084212857	0.2790818571
0.36737002	0.63262998	0.6105125904	0.2784495013
0.368371001	0.631628999	0.6125969244	0.2778198818
0.369371982	0.630628018	0.614674279	0.2771929813
0.370372963	0.629627037	0.6167446459	0.276568783
0.3713739439	0.6286260561	0.6188080176	0.27594727
0.3723749249	0.6276250751	0.6208643867	0.2753284256
0.3733759059	0.6266240941	0.6229137466	0.2747122333
0.3743768869	0.6256231131	0.6249560909	0.2740986766
0.3753778679	0.6246221321	0.6269914138	0.2734877392
0.3763788488	0.6236211512	0.6290197098	0.272879405
0.3773798298	0.6226201702	0.631040974	0.2722736579
0.3783808108	0.6216191892	0.6330552017	0.271670482
0.3793817918	0.6206182082	0.635062389	0.2710698615
0.3803827728	0.6196172272	0.6370625319	0.2704717808
0.3813837538	0.6186162462	0.6390556274	0.2698762243
0.3823847347	0.6176152653	0.6410416723	0.2692831766
0.3833857157	0.6166142843	0.6430206643	0.2686926224
0.3843866967	0.6156133033	0.6449926012	0.2681045466
0.3853876777	0.6146123223	0.6469574813	0.267518934
0.3863886587	0.6136113413	0.6489153032	0.2669357698
0.3873896396	0.6126103604	0.650866066	0.2663550391
0.3883906206	0.6116093794	0.6528097691	0.2657767273
0.3893916016	0.6106083984	0.6547464122	0.2652008196
0.3903925826	0.6096074174	0.6566759955	0.2646273018
0.3913935636	0.6086064364	0.6585985194	0.2640561593
0.3923945445	0.6076054555	0.6605139848	0.263487378
0.3933955255	0.6066044745	0.6624223927	0.2629209437
0.3943965065	0.6056034935	0.6643237448	0.2623568423
0.3953974875	0.6046025125	0.6662180429	0.2617950601
0.3963984685	0.6036015315	0.668105289	0.261235583
0.3973994494	0.6026005506	0.6699854857	0.2606783975
0.3984004304	0.6015995696	0.6718586358	0.2601234899
0.3994014114	0.6005985886	0.6737247424	0.2595708468
0.4004023924	0.5995976076	0.6755838088	0.2590204546
0.4014033734	0.5985966266	0.6774358389	0.2584723002
0.4024043544	0.5975956456	0.6792808366	0.2579263704
0.4034053353	0.5965946647	0.6811188061	0.257382652
0.4044063163	0.5955936837	0.6829497522	0.2568411321
0.4054072973	0.5945927027	0.6847736797	0.2563017977
0.4064082783	0.5935917217	0.6865905937	0.2557646362
0.4074092593	0.5925907407	0.6884004996	0.2552296347
0.4084102402	0.5915897598	0.6902034031	0.2546967806
0.4094112212	0.5905887788	0.6919993102	0.2541660616
0.4104122022	0.5895877978	0.6937882271	0.2536374651
0.4114131832	0.5885868168	0.6955701603	0.2531109788
0.4124141642	0.5875858358	0.6973451164	0.2525865906
0.4134151451	0.5865848549	0.6991131025	0.2520642882
0.4144161261	0.5855838739	0.7008741258	0.2515440597
0.4154171071	0.5845828929	0.7026281936	0.251025893
0.4164180881	0.5835819119	0.7043753137	0.2505097764
0.4174190691	0.5825809309	0.706115494	0.249995698
0.4184200501	0.5815799499	0.7078487427	0.2494836461
0.419421031	0.580578969	0.709575068	0.2489736092
0.420422012	0.579577988	0.7112944786	0.2484655758
0.421422993	0.578577007	0.7130069832	0.2479595343
0.422423974	0.577576026	0.7147125909	0.2474554735
0.423424955	0.576575045	0.7164113109	0.246953382
0.4244259359	0.5755740641	0.7181031526	0.2464532488
0.4254269169	0.5745730831	0.7197881255	0.2459550627
0.4264278979	0.5735721021	0.7214662396	0.2454588127
0.4274288789	0.5725711211	0.7231375048	0.2449644879
0.4284298599	0.5715701401	0.7248019313	0.2444720774
0.4294308408	0.5705691592	0.7264595294	0.2439815704
0.4304318218	0.5695681782	0.7281103098	0.2434929563
0.4314328028	0.5685671972	0.7297542832	0.2430062244
0.4324337838	0.5675662162	0.7313914604	0.2425213641
0.4334347648	0.5665652352	0.7330218526	0.2420383651
0.4344357457	0.5655642543	0.734645471	0.2415572169
0.4354367267	0.5645632733	0.736262327	0.2410779093
0.4364377077	0.5635622923	0.7378724322	0.2406004319
0.4374386887	0.5625613113	0.7394757984	0.2401247746
0.4384396697	0.5615603303	0.7410724374	0.2396509273
0.4394406507	0.5605593493	0.7426623613	0.23917888
0.4404416316	0.5595583684	0.7442455822	0.2387086228
0.4414426126	0.5585573874	0.7458221126	0.2382401457
0.4424435936	0.5575564064	0.7473919648	0.237773439
0.4434445746	0.5565554254	0.7489551516	0.237308493
0.4444455556	0.5555544444	0.7505116857	0.2368452979
0.4454465365	0.5545534635	0.75206158	0.2363838442
0.4464475175	0.5535524825	0.7536048475	0.2359241223
0.4474484985	0.5525515015	0.7551415014	0.2354661228
0.4484494795	0.5515505205	0.7566715549	0.2350098363
0.4494504605	0.5505495395	0.7581950216	0.2345552535
0.4504514414	0.5495485586	0.7597119148	0.234102365
0.4514524224	0.5485475776	0.7612222483	0.2336511618
0.4524534034	0.5475465966	0.7627260359	0.2332016347
0.4534543844	0.5465456156	0.7642232913	0.2327537745
0.4544553654	0.5455446346	0.7657140287	0.2323075724
0.4554563463	0.5445436537	0.767198262	0.2318630193
0.4564573273	0.5435426727	0.7686760056	0.2314201064
0.4574583083	0.5425416917	0.7701472737	0.2309788249
0.4584592893	0.5415407107	0.7716120807	0.2305391659
0.4594602703	0.5405397297	0.7730704411	0.230101121
0.4604612513	0.5395387487	0.7745223697	0.2296646813
0.4614622322	0.5385377678	0.7759678809	0.2292298383
0.4624632132	0.5375367868	0.7774069897	0.2287965836
0.4634641942	0.5365358058	0.7788397109	0.2283649086
0.4644651752	0.5355348248	0.7802660596	0.227934805
0.4654661562	0.5345338438	0.7816860506	0.2275062644
0.4664671371	0.5335328629	0.7830996993	0.2270792785
0.4674681181	0.5325318819	0.7845070207	0.2266538392
0.4684690991	0.5315309009	0.7859080303	0.2262299382
0.4694700801	0.5305299199	0.7873027434	0.2258075675
0.4704710611	0.5295289389	0.7886911754	0.2253867189
0.471472042	0.528527958	0.7900733418	0.2249673846
0.472473023	0.527526977	0.7914492583	0.2245495565
0.473474004	0.526525996	0.7928189405	0.2241332268
0.474474985	0.525525015	0.7941824042	0.2237183876
0.475475966	0.524524034	0.7955396651	0.2233050311
0.4764769469	0.5235230531	0.7968907391	0.2228931497
0.4774779279	0.5225220721	0.7982356421	0.2224827356
0.4784789089	0.5215210911	0.7995743901	0.2220737812
0.4794798899	0.5205201101	0.8009069991	0.2216662789
0.4804808709	0.5195191291	0.8022334853	0.2212602213
0.4814818519	0.5185181481	0.8035538648	0.2208556007
0.4824828328	0.5175171672	0.8048681537	0.2204524099
0.4834838138	0.5165161862	0.8061763684	0.2200506415
0.4844847948	0.5155152052	0.8074785251	0.2196502881
0.4854857758	0.5145142242	0.8087746402	0.2192513424
0.4864867568	0.5135132432	0.8100647301	0.2188537972
0.4874877377	0.5125122623	0.8113488112	0.2184576454
0.4884887187	0.5115112813	0.8126269	0.2180628799
0.4894896997	0.5105103003	0.813899013	0.2176694934
0.4904906807	0.5095093193	0.8151651668	0.2172774791
0.4914916617	0.5085083383	0.8164253779	0.2168868299
0.4924926426	0.5075073574	0.8176796631	0.2164975389
0.4934936236	0.5065063764	0.8189280391	0.2161095991
0.4944946046	0.5055053954	0.8201705224	0.2157230038
0.4954955856	0.5045044144	0.8214071298	0.2153377461
0.4964965666	0.5035034334	0.8226378782	0.2149538193
0.4974975475	0.5025024525	0.8238627843	0.2145712166
0.4984985285	0.5015014715	0.825081865	0.2141899314
0.4994995095	0.5005004905	0.826295137	0.2138099571
0.5005004905	0.4994995095	0.8275026174	0.2134312871
0.5015014715	0.4984985285	0.8287043229	0.2130539148
0.5025024525	0.4974975475	0.8299002706	0.2126778337
0.5035034334	0.4964965666	0.8310904773	0.2123030374
0.5045044144	0.4954955856	0.8322749601	0.2119295195
0.5055053954	0.4944946046	0.8334537359	0.2115572736
0.5065063764	0.4934936236	0.8346268218	0.2111862934
0.5075073574	0.4924926426	0.8357942348	0.2108165725
0.5085083383	0.4914916617	0.8369559919	0.2104481048
0.5095093193	0.4904906807	0.8381121102	0.210080884
0.5105103003	0.4894896997	0.8392626067	0.2097149039
0.5115112813	0.4884887187	0.8404074985	0.2093501585
0.5125122623	0.4874877377	0.8415468028	0.2089866416
0.5135132432	0.4864867568	0.8426805367	0.2086243472
0.5145142242	0.4854857758	0.8438087171	0.2082632693
0.5155152052	0.4844847948	0.8449313614	0.2079034019
0.5165161862	0.4834838138	0.8460484866	0.2075447391
0.5175171672	0.4824828328	0.8471601098	0.2071872749
0.5185181481	0.4814818519	0.8482662482	0.2068310036
0.5195191291	0.4804808709	0.849366919	0.2064759193
0.5205201101	0.4794798899	0.8504621392	0.2061220161
0.5215210911	0.4784789089	0.8515519261	0.2057692885
0.5225220721	0.4774779279	0.8526362967	0.2054177306
0.5235230531	0.4764769469	0.8537152684	0.2050673368
0.524524034	0.475475966	0.8547888581	0.2047181015
0.525525015	0.474474985	0.8558570831	0.204370019
0.526525996	0.473474004	0.8569199604	0.2040230838
0.527526977	0.472473023	0.8579775074	0.2036772903
0.528527958	0.471472042	0.859029741	0.2033326331
0.5295289389	0.4704710611	0.8600766785	0.2029891067
0.5305299199	0.4694700801	0.8611183369	0.2026467056
0.5315309009	0.4684690991	0.8621547335	0.2023054245
0.5325318819	0.4674681181	0.8631858852	0.2019652579
0.5335328629	0.4664671371	0.8642118093	0.2016262007
0.5345338438	0.4654661562	0.8652325229	0.2012882474
0.5355348248	0.4644651752	0.8662480429	0.2009513929
0.5365358058	0.4634641942	0.8672583866	0.2006156319
0.5375367868	0.4624632132	0.868263571	0.2002809591
0.5385377678	0.4614622322	0.8692636131	0.1999473695
0.5395387487	0.4604612513	0.8702585301	0.1996148579
0.5405397297	0.4594602703	0.8712483389	0.1992834192
0.5415407107	0.4584592893	0.8722330565	0.1989530483
0.5425416917	0.4574583083	0.8732127	0.1986237402
0.5435426727	0.4564573273	0.8741872864	0.1982954899
0.5445436537	0.4554563463	0.8751568327	0.1979682924
0.5455446346	0.4544553654	0.8761213558	0.1976421428
0.5465456156	0.4534543844	0.8770808726	0.1973170361
0.5475465966	0.4524534034	0.8780354001	0.1969929675
0.5485475776	0.4514524224	0.8789849552	0.1966699321
0.5495485586	0.4504514414	0.8799295548	0.1963479252
0.5505495395	0.4494504605	0.8808692158	0.1960269418
0.5515505205	0.4484494795	0.881803955	0.1957069772
0.5525515015	0.4474484985	0.8827337893	0.1953880267
0.5535524825	0.4464475175	0.8836587354	0.1950700857
0.5545534635	0.4454465365	0.8845788102	0.1947531493
0.5555544444	0.4444455556	0.8854940304	0.194437213
0.5565554254	0.4434445746	0.8864044128	0.1941222721
0.5575564064	0.4424435936	0.8873099741	0.193808322
0.5585573874	0.4414426126	0.888210731	0.1934953582
0.5595583684	0.4404416316	0.8891067001	0.1931833762
0.5605593493	0.4394406507	0.8899978982	0.1928723713
0.5615603303	0.4384396697	0.8908843419	0.1925623392
0.5625613113	0.4374386887	0.8917660477	0.1922532754
0.5635622923	0.4364377077	0.8926430323	0.1919451754
0.5645632733	0.4354367267	0.8935153121	0.1916380348
0.5655642543	0.4344357457	0.8943829038	0.1913318493
0.5665652352	0.4334347648	0.8952458238	0.1910266145
0.5675662162	0.4324337838	0.8961040885	0.190722326
0.5685671972	0.4314328028	0.8969577145	0.1904189796
0.5695681782	0.4304318218	0.8978067181	0.1901165711
0.5705691592	0.4294308408	0.8986511158	0.189815096
0.5715701401	0.4284298599	0.8994909238	0.1895145503
0.5725711211	0.4274288789	0.9003261586	0.1892149297
0.5735721021	0.4264278979	0.9011568363	0.1889162301
0.5745730831	0.4254269169	0.9019829733	0.1886184473
0.5755740641	0.4244259359	0.9028045858	0.1883215771
0.576575045	0.423424955	0.90362169	0.1880256155
0.577576026	0.422423974	0.9044343022	0.1877305583
0.578577007	0.421422993	0.9052424383	0.1874364016
0.579577988	0.420422012	0.9060461146	0.1871431414
0.580578969	0.419421031	0.9068453471	0.1868507735
0.5815799499	0.4184200501	0.9076401519	0.186559294
0.5825809309	0.4174190691	0.908430545	0.186268699
0.5835819119	0.4164180881	0.9092165423	0.1859789845
0.5845828929	0.4154171071	0.9099981598	0.1856901466
0.5855838739	0.4144161261	0.9107754135	0.1854021814
0.5865848549	0.4134151451	0.9115483192	0.1851150851
0.5875858358	0.4124141642	0.9123168927	0.1848288537
0.5885868168	0.4114131832	0.9130811499	0.1845434836
0.5895877978	0.4104122022	0.9138411066	0.1842589708
0.5905887788	0.4094112212	0.9145967784	0.1839753116
0.5915897598	0.4084102402	0.9153481812	0.1836925022
0.5925907407	0.4074092593	0.9160953305	0.1834105389
0.5935917217	0.4064082783	0.916838242	0.1831294181
0.5945927027	0.4054072973	0.9175769313	0.1828491359
0.5955936837	0.4044063163	0.9183114139	0.1825696887
0.5965946647	0.4034053353	0.9190417055	0.1822910729
0.5975956456	0.4024043544	0.9197678215	0.1820132848
0.5985966266	0.4014033734	0.9204897772	0.1817363209
0.5995976076	0.4004023924	0.9212075883	0.1814601775
0.6005985886	0.3994014114	0.92192127	0.181184851
0.6015995696	0.3984004304	0.9226308377	0.180910338
0.6026005506	0.3973994494	0.9233363067	0.1806366349
0.6036015315	0.3963984685	0.9240376922	0.1803637382
0.6046025125	0.3953974875	0.9247350095	0.1800916443
0.6056034935	0.3943965065	0.9254282739	0.1798203499
0.6066044745	0.3933955255	0.9261175003	0.1795498515
0.6076054555	0.3923945445	0.926802704	0.1792801456
0.6086064364	0.3913935636	0.9274839001	0.1790112289
0.6096074174	0.3903925826	0.9281611035	0.1787430979
0.6106083984	0.3893916016	0.9288343293	0.1784757493
0.6116093794	0.3883906206	0.9295035924	0.1782091797
0.6126103604	0.3873896396	0.9301689078	0.1779433859
0.6136113413	0.3863886587	0.9308302903	0.1776783644
0.6146123223	0.3853876777	0.9314877548	0.1774141119
0.6156133033	0.3843866967	0.9321413161	0.1771506253
0.6166142843	0.3833857157	0.932790989	0.1768879012
0.6176152653	0.3823847347	0.9334367881	0.1766259364
0.6186162462	0.3813837538	0.9340787282	0.1763647277
0.6196172272	0.3803827728	0.9347168239	0.1761042719
0.6206182082	0.3793817918	0.9353510899	0.1758445658
0.6216191892	0.3783808108	0.9359815406	0.1755856061
0.6226201702	0.3773798298	0.9366081906	0.1753273899
0.6236211512	0.3763788488	0.9372310544	0.1750699138
0.6246221321	0.3753778679	0.9378501465	0.1748131749
0.6256231131	0.3743768869	0.9384654812	0.17455717
0.6266240941	0.3733759059	0.9390770729	0.174301896
0.6276250751	0.3723749249	0.9396849359	0.1740473498
0.6286260561	0.3713739439	0.9402890846	0.1737935285
0.629627037	0.370372963	0.9408895331	0.1735404289
0.630628018	0.369371982	0.9414862956	0.1732880481
0.631628999	0.368371001	0.9420793864	0.1730363831
0.63262998	0.36737002	0.9426688195	0.1727854308
0.633630961	0.366369039	0.9432546091	0.1725351883
0.6346319419	0.3653680581	0.943836769	0.1722856527
0.6356329229	0.3643670771	0.9444153134	0.172036821
0.6366339039	0.3633660961	0.9449902563	0.1717886903
0.6376348849	0.3623651151	0.9455616114	0.1715412577
0.6386358659	0.3613641341	0.9461293927	0.1712945204
0.6396368468	0.3603631532	0.9466936141	0.1710484753
0.6406378278	0.3593621722	0.9472542892	0.1708031198
0.6416388088	0.3583611912	0.9478114319	0.1705584509
0.6426397898	0.3573602102	0.9483650559	0.1703144658
0.6436407708	0.3563592292	0.9489151748	0.1700711617
0.6446417518	0.3553582482	0.9494618022	0.1698285358
0.6456427327	0.3543572673	0.9500049518	0.1695865854
0.6466437137	0.3533562863	0.950544637	0.1693453076
0.6476446947	0.3523553053	0.9510808714	0.1691046998
0.6486456757	0.3513543243	0.9516136685	0.1688647591
0.6496466567	0.3503533433	0.9521430416	0.1686254829
0.6506476376	0.3493523624	0.9526690041	0.1683868685
0.6516486186	0.3483513814	0.9531915694	0.1681489131
0.6526495996	0.3473504004	0.9537107507	0.1679116141
0.6536505806	0.3463494194	0.9542265613	0.1676749688
0.6546515616	0.3453484384	0.9547390145	0.1674389746
0.6556525425	0.3443474575	0.9552481233	0.1672036289
0.6566535235	0.3433464765	0.9557539008	0.1669689289
0.6576545045	0.3423454955	0.9562563603	0.1667348722
0.6586554855	0.3413445145	0.9567555147	0.1665014561
0.6596564665	0.3403435335	0.9572513771	0.166268678
0.6606574474	0.3393425526	0.9577439603	0.1660365354
0.6616584284	0.3383415716	0.9582332773	0.1658050257
0.6626594094	0.3373405906	0.9587193409	0.1655741465
0.6636603904	0.3363396096	0.9592021641	0.165343895
0.6646613714	0.3353386286	0.9596817596	0.1651142689
0.6656623524	0.3343376476	0.9601581402	0.1648852657
0.6666633333	0.3333366667	0.9606313185	0.1646568828
0.6676643143	0.3323356857	0.9611013072	0.1644291178
0.6686652953	0.3313347047	0.961568119	0.1642019682
0.6696662763	0.3303337237	0.9620317665	0.1639754316
0.6706672573	0.3293327427	0.9624922621	0.1637495056
0.6716682382	0.3283317618	0.9629496185	0.1635241876
0.6726692192	0.3273307808	0.963403848	0.1632994754
0.6736702002	0.3263297998	0.963854963	0.1630753665
0.6746711812	0.3253288188	0.9643029761	0.1628518585
0.6756721622	0.3243278378	0.9647478994	0.1626289491
0.6766731431	0.3233268569	0.9651897453	0.1624066359
0.6776741241	0.3223258759	0.965628526	0.1621849166
0.6786751051	0.3213248949	0.9660642539	0.1619637888
0.6796760861	0.3203239139	0.9664969409	0.1617432501
0.6806770671	0.3193229329	0.9669265993	0.1615232984
0.681678048	0.318321952	0.9673532412	0.1613039312
0.682679029	0.317320971	0.9677768786	0.1610851463
0.68368001	0.31631999	0.9681975235	0.1608669415
0.684680991	0.315319009	0.968615188	0.1606493144
0.685681972	0.314318028	0.9690298838	0.1604322628
0.686682953	0.313317047	0.9694416229	0.1602157845
0.6876839339	0.3123160661	0.9698504173	0.1599998772
0.6886849149	0.3113150851	0.9702562785	0.1597845388
0.6896858959	0.3103141041	0.9706592185	0.1595697669
0.6906868769	0.3093131231	0.971059249	0.1593555595
0.6916878579	0.3083121421	0.9714563816	0.1591419143
0.6926888388	0.3073111612	0.971850628	0.1589288291
0.6936898198	0.3063101802	0.9722419998	0.1587163019
0.6946908008	0.3053091992	0.9726305086	0.1585043304
0.6956917818	0.3043082182	0.9730161658	0.1582929125
0.6966927628	0.3033072372	0.9733989831	0.158082046
0.6976937437	0.3023062563	0.9737789717	0.157871729
0.6986947247	0.3013052753	0.9741561432	0.1576619591
0.6996957057	0.3003042943	0.9745305089	0.1574527345
0.7006966867	0.2993033133	0.97490208	0.1572440528
0.7016976677	0.2983023323	0.975270868	0.1570359122
0.7026986486	0.2973013514	0.975636884	0.1568283105
0.7036996296	0.2963003704	0.9760001393	0.1566212457
0.7047006106	0.2952993894	0.976360645	0.1564147156
0.7057015916	0.2942984084	0.9767184123	0.1562087184
0.7067025726	0.2932974274	0.9770734522	0.1560032519
0.7077035536	0.2922964464	0.9774257758	0.1557983142
0.7087045345	0.2912954655	0.9777753941	0.1555939032
0.7097055155	0.2902944845	0.9781223181	0.1553900169
0.7107064965	0.2892935035	0.9784665586	0.1551866534
0.7117074775	0.2882925225	0.9788081267	0.1549838107
0.7127084585	0.2872915415	0.9791470331	0.1547814868
0.7137094394	0.2862905606	0.9794832887	0.1545796798
0.7147104204	0.2852895796	0.9798169042	0.1543783877
0.7157114014	0.2842885986	0.9801478904	0.1541776086
0.7167123824	0.2832876176	0.980476258	0.1539773405
0.7177133634	0.2822866366	0.9808020177	0.1537775816
0.7187143443	0.2812856557	0.98112518	0.1535783299
0.7197153253	0.2802846747	0.9814457555	0.1533795835
0.7207163063	0.2792836937	0.9817637549	0.1531813406
0.7217172873	0.2782827127	0.9820791886	0.1529835992
0.7227182683	0.2772817317	0.982392067	0.1527863575
0.7237192492	0.2762807508	0.9827024007	0.1525896137
0.7247202302	0.2752797698	0.9830101999	0.1523933658
0.7257212112	0.2742787888	0.9833154752	0.1521976121
0.7267221922	0.2732778078	0.9836182367	0.1520023507
0.7277231732	0.2722768268	0.9839184947	0.1518075797
0.7287241542	0.2712758458	0.9842162596	0.1516132974
0.7297251351	0.2702748649	0.9845115415	0.151419502
0.7307261161	0.2692738839	0.9848043506	0.1512261916
0.7317270971	0.2682729029	0.9850946969	0.1510333645
0.7327280781	0.2672719219	0.9853825907	0.1508410189
0.7337290591	0.2662709409	0.985668042	0.1506491529
0.73473004	0.26526996	0.9859510608	0.150457765
0.735731021	0.264268979	0.986231657	0.1502668532
0.736732002	0.263267998	0.9865098407	0.1500764158
0.737732983	0.262267017	0.9867856216	0.1498864512
0.738733964	0.261266036	0.9870590098	0.1496969575
0.7397349449	0.2602650551	0.9873300151	0.1495079331
0.7407359259	0.2592640741	0.9875986472	0.1493193763
0.7417369069	0.2582630931	0.9878649159	0.1491312852
0.7427378879	0.2572621121	0.9881288309	0.1489436583
0.7437388689	0.2562611311	0.988390402	0.1487564939
0.7447398498	0.2552601502	0.9886496388	0.1485697902
0.7457408308	0.2542591692	0.9889065508	0.1483835456
0.7467418118	0.2532581882	0.9891611478	0.1481977584
0.7477427928	0.2522572072	0.9894134393	0.148012427
0.7487437738	0.2512562262	0.9896634346	0.1478275497
0.7497447548	0.2502552452	0.9899111435	0.1476431249
0.7507457357	0.2492542643	0.9901565752	0.147459151
0.7517467167	0.2482532833	0.9903997392	0.1472756263
0.7527476977	0.2472523023	0.9906406449	0.1470925491
0.7537486787	0.2462513213	0.9908793015	0.146909918
0.7547496597	0.2452503403	0.9911157185	0.1467277313
0.7557506406	0.2442493594	0.9913499051	0.1465459873
0.7567516216	0.2432483784	0.9915818704	0.1463646846
0.7577526026	0.2422473974	0.9918116238	0.1461838214
0.7587535836	0.2412464164	0.9920391743	0.1460033964
0.7597545646	0.2402454354	0.9922645311	0.1458234078
0.7607555455	0.2392444545	0.9924877033	0.1456438542
0.7617565265	0.2382434735	0.9927086999	0.1454647339
0.7627575075	0.2372424925	0.9929275301	0.1452860455
0.7637584885	0.2362415115	0.9931442026	0.1451077873
0.7647594695	0.2352405305	0.9933587267	0.1449299579
0.7657604505	0.2342395495	0.993571111	0.1447525558
0.7667614314	0.2332385686	0.9937813646	0.1445755794
0.7677624124	0.2322375876	0.9939894963	0.1443990273
0.7687633934	0.2312366066	0.994195515	0.1442228979
0.7697643744	0.2302356256	0.9943994293	0.1440471897
0.7707653554	0.2292346446	0.9946012481	0.1438719012
0.7717663363	0.2282336637	0.99480098	0.143697031
0.7727673173	0.2272326827	0.9949986339	0.1435225776
0.7737682983	0.2262317017	0.9951942183	0.1433485395
0.7747692793	0.2252307207	0.9953877418	0.1431749153
0.7757702603	0.2242297397	0.9955792131	0.1430017035
0.7767712412	0.2232287588	0.9957686407	0.1428289027
0.7777722222	0.2222277778	0.9959560331	0.1426565114
0.7787732032	0.2212267968	0.9961413989	0.1424845281
0.7797741842	0.2202258158	0.9963247464	0.1423129516
0.7807751652	0.2192248348	0.9965060841	0.1421417803
0.7817761461	0.2182238539	0.9966854205	0.1419710128
0.7827771271	0.2172228729	0.9968627638	0.1418006478
0.7837781081	0.2162218919	0.9970381224	0.1416306838
0.7847790891	0.2152209109	0.9972115045	0.1414611194
0.7857800701	0.2142199299	0.9973829186	0.1412919533
0.7867810511	0.2132189489	0.9975523728	0.1411231841
0.787782032	0.212217968	0.9977198752	0.1409548103
0.788783013	0.211216987	0.9978854342	0.1407868307
0.789783994	0.210216006	0.9980490577	0.1406192438
0.790784975	0.209215025	0.998210754	0.1404520484
0.791785956	0.208214044	0.9983705311	0.140285243
0.7927869369	0.2072130631	0.998528397	0.1401188263
0.7937879179	0.2062120821	0.9986843598	0.1399527969
0.7947888989	0.2052111011	0.9988384275	0.1397871537
0.7957898799	0.2042101201	0.9989906079	0.1396218951
0.7967908609	0.2032091391	0.9991409091	0.1394570199
0.7977918418	0.2022081582	0.9992893389	0.1392925269
0.7987928228	0.2012071772	0.9994359052	0.1391284146
0.7997938038	0.2002061962	0.9995806158	0.1389646817
0.8007947848	0.1992052152	0.9997234786	0.1388013271
0.8017957658	0.1982042342	0.9998645012	0.1386383493
0.8027967467	0.1972032533	1.000003691	0.1384757472
0.8037977277	0.1962022723	1.000141057	0.1383135193
0.8047987087	0.1952012913	1.000276606	0.1381516646
0.8057996897	0.1942003103	1.000410345	0.1379901816
0.8068006707	0.1931993293	1.000542282	0.1378290691
0.8078016517	0.1921983483	1.000672426	0.1376683259
0.8088026326	0.1911973674	1.000800783	0.1375079507
0.8098036136	0.1901963864	1.000927361	0.1373479423
0.8108045946	0.1891954054	1.001052167	0.1371882995
0.8118055756	0.1881944244	1.001175209	0.1370290209
0.8128065566	0.1871934434	1.001296495	0.1368701054
0.8138075375	0.1861924625	1.001416032	0.1367115518
0.8148085185	0.1851914815	1.001533826	0.1365533587
0.8158094995	0.1841905005	1.001649887	0.1363955251
0.8168104805	0.1831895195	1.00176422	0.1362380498
0.8178114615	0.1821885385	1.001876833	0.1360809314
0.8188124424	0.1811875576	1.001987734	0.1359241689
0.8198134234	0.1801865766	1.00209693	0.1357677609
0.8208144044	0.1791855956	1.002204427	0.1356117065
0.8218153854	0.1781846146	1.002310234	0.1354560042
0.8228163664	0.1771836336	1.002414356	0.1353006531
0.8238173473	0.1761826527	1.002516803	0.1351456519
0.8248183283	0.1751816717	1.00261758	0.1349909994
0.8258193093	0.1741806907	1.002716694	0.1348366946
0.8268202903	0.1731797097	1.002814153	0.1346827361
0.8278212713	0.1721787287	1.002909963	0.134529123
0.8288222523	0.1711777477	1.003004133	0.134375854
0.8298232332	0.1701767668	1.003096668	0.134222928
0.8308242142	0.1691757858	1.003187575	0.1340703438
0.8318251952	0.1681748048	1.003276862	0.1339181005
0.8328261762	0.1671738238	1.003364535	0.1337661967
0.8338271572	0.1661728428	1.003450602	0.1336146314
0.8348281381	0.1651718619	1.003535068	0.1334634035
0.8358291191	0.1641708809	1.003617941	0.1333125119
0.8368301001	0.1631698999	1.003699228	0.1331619554
0.8378310811	0.1621689189	1.003778935	0.133011733
0.8388320621	0.1611679379	1.00385707	0.1328618436
0.839833043	0.160166957	1.003933638	0.1327122861
0.840834024	0.159165976	1.004008646	0.1325630593
0.841835005	0.158164995	1.004082102	0.1324141623
0.842835986	0.157164014	1.004154011	0.1322655939
0.843836967	0.156163033	1.004224381	0.132117353
0.8448379479	0.1551620521	1.004293217	0.1319694387
0.8458389289	0.1541610711	1.004360527	0.1318218497
0.8468399099	0.1531600901	1.004426316	0.1316745852
0.8478408909	0.1521591091	1.004490592	0.131527644
0.8488418719	0.1511581281	1.004553361	0.131381025
0.8498428529	0.1501571471	1.00461463	0.1312347273
0.8508438338	0.1491561662	1.004674404	0.1310887497
0.8518448148	0.1481551852	1.00473269	0.1309430913
0.8528457958	0.1471542042	1.004789494	0.130797751
0.8538467768	0.1461532232	1.004844823	0.1306527278
0.8548477578	0.1451522422	1.004898684	0.1305080207
0.8558487387	0.1441512613	1.004951081	0.1303636286
0.8568497197	0.1431502803	1.005002023	0.1302195505
0.8578507007	0.1421492993	1.005051514	0.1300757855
0.8588516817	0.1411483183	1.005099561	0.1299323324
0.8598526627	0.1401473373	1.005146171	0.1297891904
0.8608536436	0.1391463564	1.005191349	0.1296463585
0.8618546246	0.1381453754	1.005235101	0.1295038355
0.8628556056	0.1371443944	1.005277434	0.1293616206
0.8638565866	0.1361434134	1.005318354	0.1292197127
0.8648575676	0.1351424324	1.005357867	0.1290781109
0.8658585485	0.1341414515	1.005395979	0.1289368142
0.8668595295	0.1331404705	1.005432695	0.1287958216
0.8678605105	0.1321394895	1.005468023	0.1286551322
0.8688614915	0.1311385085	1.005501967	0.1285147449
0.8698624725	0.1301375275	1.005534534	0.1283746589
0.8708634535	0.1291365465	1.00556573	0.1282348732
0.8718644344	0.1281355656	1.00559556	0.1280953868
0.8728654154	0.1271345846	1.005624031	0.1279561987
0.8738663964	0.1261336036	1.005651148	0.1278173081
0.8748673774	0.1251326226	1.005676917	0.127678714
0.8758683584	0.1241316416	1.005701345	0.1275404155
0.8768693393	0.1231306607	1.005724436	0.1274024115
0.8778703203	0.1221296797	1.005746196	0.1272647013
0.8788713013	0.1211286987	1.005766632	0.1271272838
0.8798722823	0.1201277177	1.005785749	0.1269901581
0.8808732633	0.1191267367	1.005803552	0.1268533234
0.8818742442	0.1181257558	1.005820048	0.1267167788
0.8828752252	0.1171247748	1.005835242	0.1265805232
0.8838762062	0.1161237938	1.005849139	0.1264445558
0.8848771872	0.1151228128	1.005861745	0.1263088757
0.8858781682	0.1141218318	1.005873066	0.1261734821
0.8868791491	0.1131208509	1.005883108	0.1260383739
0.8878801301	0.1121198699	1.005891875	0.1259035504
0.8888811111	0.1111188889	1.005899374	0.1257690105
0.8898820921	0.1101179079	1.005905609	0.1256347536
0.8908830731	0.1091169269	1.005910587	0.1255007786
0.8918840541	0.1081159459	1.005914312	0.1253670846
0.892885035	0.107114965	1.005916791	0.1252336709
0.893886016	0.106113984	1.005918028	0.1251005366
0.894886997	0.105113003	1.005918029	0.1249676807
0.895887978	0.104112022	1.0059168	0.1248351025
0.896888959	0.103111041	1.005914345	0.124702801
0.8978899399	0.1021100601	1.00591067	0.1245707754
0.8988909209	0.1011090791	1.005905781	0.1244390249
0.8998919019	0.1001080981	1.005899682	0.1243075486
0.9008928829	0.09910711712	1.005892378	0.1241763456
0.9018938639	0.09810613614	1.005883876	0.1240454152
0.9028948448	0.09710515516	1.00587418	0.1239147565
0.9038958258	0.09610417417	1.005863295	0.1237843686
0.9048968068	0.09510319319	1.005851227	0.1236542507
0.9058977878	0.09410221221	1.005837981	0.123524402
0.9068987688	0.09310123123	1.005823562	0.1233948217
0.9078997497	0.09210025025	1.005807974	0.1232655089
0.9089007307	0.09109926927	1.005791224	0.1231364629
0.9099017117	0.09009828829	1.005773315	0.1230076828
0.9109026927	0.08909730731	1.005754254	0.1228791677
0.9119036737	0.08809632633	1.005734045	0.122750917
0.9129046547	0.08709534535	1.005712694	0.1226229298
0.9139056356	0.08609436436	1.005690204	0.1224952052
0.9149066166	0.08509338338	1.005666582	0.1223677426
0.9159075976	0.0840924024	1.005641831	0.122240541
0.9169085786	0.08309142142	1.005615958	0.1221135997
0.9179095596	0.08209044044	1.005588967	0.121986918
0.9189105405	0.08108945946	1.005560862	0.121860495
0.9199115215	0.08008847848	1.005531649	0.1217343299
0.9209125025	0.0790874975	1.005501333	0.121608422
0.9219134835	0.07808651652	1.005469918	0.1214827705
0.9229144645	0.07708553554	1.005437409	0.1213573746
0.9239154454	0.07608455455	1.005403812	0.1212322336
0.9249164264	0.07508357357	1.00536913	0.1211073466
0.9259174074	0.07408259259	1.005333368	0.120982713
0.9269183884	0.07308161161	1.005296532	0.1208583319
0.9279193694	0.07208063063	1.005258625	0.1207342026
0.9289203504	0.07107964965	1.005219653	0.1206103244
0.9299213313	0.07007866867	1.005179621	0.1204866964
0.9309223123	0.06907768769	1.005138532	0.120363318
0.9319232933	0.06807670671	1.005096392	0.1202401884
0.9329242743	0.06707572573	1.005053206	0.1201173069
0.9339252553	0.06607474474	1.005008977	0.1199946727
0.9349262362	0.06507376376	1.00496371	0.119872285
0.9359272172	0.06407278278	1.004917411	0.1197501432
0.9369281982	0.0630718018	1.004870083	0.1196282465
0.9379291792	0.06207082082	1.004821731	0.1195065942
0.9389301602	0.06106983984	1.004772359	0.1193851856
0.9399311411	0.06006885886	1.004721973	0.1192640199
0.9409321221	0.05906787788	1.004670576	0.1191430964
0.9419331031	0.0580668969	1.004618173	0.1190224144
0.9429340841	0.05706591592	1.004564768	0.1189019732
0.9439350651	0.05606493493	1.004510366	0.1187817721
0.944936046	0.05506395395	1.004454972	0.1186618103
0.945937027	0.05406297297	1.004398589	0.1185420872
0.946938008	0.05306199199	1.004341222	0.1184226021
0.947938989	0.05206101101	1.004282876	0.1183033542
0.94893997	0.05106003003	1.004223554	0.1181843428
0.949940951	0.05005904905	1.004163261	0.1180655673
0.9509419319	0.04905806807	1.004102001	0.117947027
0.9519429129	0.04805708709	1.004039779	0.1178287212
0.9529438939	0.04705610611	1.003976599	0.1177106492
0.9539448749	0.04605512513	1.003912465	0.1175928102
0.9549458559	0.04505414414	1.003847381	0.1174752037
0.9559468368	0.04405316316	1.003781351	0.117357829
0.9569478178	0.04305218218	1.003714381	0.1172406853
0.9579487988	0.0420512012	1.003646473	0.117123772
0.9589497798	0.04105022022	1.003577632	0.1170070885
0.9599507608	0.04004923924	1.003507862	0.116890634
0.9609517417	0.03904825826	1.003437168	0.1167744079
0.9619527227	0.03804727728	1.003365553	0.1166584095
0.9629537037	0.0370462963	1.003293022	0.1165426382
0.9639546847	0.03604531532	1.003219578	0.1164270933
0.9649556657	0.03504433433	1.003145226	0.1163117741
0.9659566466	0.03404335335	1.00306997	0.1161966801
0.9669576276	0.03304237237	1.002993813	0.1160818105
0.9679586086	0.03204139139	1.00291676	0.1159671646
0.9689595896	0.03104041041	1.002838815	0.115852742
0.9699605706	0.03003942943	1.002759981	0.1157385418
0.9709615516	0.02903844845	1.002680264	0.1156245636
0.9719625325	0.02803746747	1.002599666	0.1155108065
0.9729635135	0.02703648649	1.002518191	0.1153972701
0.9739644945	0.02603550551	1.002435844	0.1152839536
0.9749654755	0.02503452452	1.002352628	0.1151708564
0.9759664565	0.02403354354	1.002268548	0.1150579779
0.9769674374	0.02303256256	1.002183607	0.1149453175
0.9779684184	0.02203158158	1.002097809	0.1148328746
0.9789693994	0.0210306006	1.002011157	0.1147206485
0.9799703804	0.02002961962	1.001923657	0.1146086385
0.9809713614	0.01902863864	1.00183531	0.1144968442
0.9819723423	0.01802765766	1.001746123	0.1143852649
0.9829733233	0.01702667668	1.001656097	0.1142738999
0.9839743043	0.0160256957	1.001565237	0.1141627486
0.9849752853	0.01502471471	1.001473546	0.1140518105
0.9859762663	0.01402373373	1.001381029	0.113941085
0.9869772472	0.01302275275	1.001287689	0.1138305713
0.9879782282	0.01202177177	1.001193529	0.113720269
0.9889792092	0.01102079079	1.001098554	0.1136101775
0.9899801902	0.01001980981	1.001002767	0.113500296
0.9909811712	0.009018828829	1.000906172	0.1133906242
0.9919821522	0.008017847848	1.000808772	0.1132811612
0.9929831331	0.007016866867	1.000710572	0.1131719067
0.9939841141	0.006015885886	1.000611573	0.1130628599
0.9949850951	0.005014904905	1.000511781	0.1129540202
0.9959860761	0.004013923924	1.000411199	0.1128453872
0.9969870571	0.003012942943	1.00030983	0.1127369602
0.997988038	0.002011961962	1.000207679	0.1126287387
0.998989019	0.001010980981	1.000104747	0.112520722
0.99999	1e-05	1.00000104	0.1124129096
