1e-05	0.99999	391.8807383	1.000000015
0.001010980981	0.998989019	290.0871934	1.000152374
0.002011961962	0.997988038	217.9997223	1.000583796
0.003012942943	0.9969870571	166.1635961	1.001267202
0.004013923924	0.9959860761	128.3506067	1.002178098
0.005014904905	0.9949850951	100.3919113	1.003294291
0.006015885886	0.9939841141	79.45471626	1.004595634
0.007016866867	0.9929831331	63.58648966	1.006063806
0.008017847848	0.9919821522	51.42318951	1.007682122
0.009018828829	0.9909811712	41.99967729	1.009435361
0.01001980981	0.9899801902	34.62477248	1.011309622
0.01102079079	0.9889792092	28.79779465	1.013292191
0.01202177177	0.9879782282	24.15210161	1.015371425
0.01302275275	0.9869772472	20.41642496	1.017536651
0.01402373373	0.9859762663	17.38808586	1.019778075
0.01502471471	0.9849752853	14.91423562	1.0220867
0.0160256957	0.9839743043	12.87857845	1.024454256
0.01702667668	0.9829733233	11.19187997	1.026873133
0.01802765766	0.9819723423	9.78511712	1.029336324
0.01902863864	0.9809713614	8.604489119	1.031837373
0.02002961962	0.9799703804	7.607752119	1.034370329
0.0210306006	0.9789693994	6.761503875	1.036929703
0.02203158158	0.9779684184	6.03915609	1.039510431
0.02303256256	0.9769674374	5.419408694	1.042107837
0.02403354354	0.9759664565	4.885093387	1.044717607
0.02503452452	0.9749654755	4.422290911	1.047335753
0.02603550551	0.9739644945	4.019652704	1.049958595
0.02703648649	0.9729635135	3.667876265	1.052582733
0.02803746747	0.9719625325	3.359296845	1.055205026
0.02903844845	0.9709615516	3.087567798	1.057822574
0.03003942943	0.9699605706	2.847408891	1.060432701
0.03104041041	0.9689595896	2.634407029	1.063032934
0.03204139139	0.9679586086	2.44485765	1.065620994
0.03304237237	0.9669576276	2.275637827	1.068194778
0.03404335335	0.9659566466	2.124104253	1.070752346
0.03504433433	0.9649556657	1.988010835	1.073291915
0.03604531532	0.9639546847	1.865441814	1.075811842
0.0370462963	0.9629537037	1.754757259	1.078310617
0.03804727728	0.9619527227	1.654548446	1.080786852
0.03904825826	0.9609517417	1.563601185	1.083239276
0.04004923924	0.9599507608	1.480865553	1.085666724
0.04105022022	0.9589497798	1.405430826	1.088068131
0.0420512012	0.9579487988	1.336504628	1.090442527
0.04305218218	0.9569478178	1.27339554	1.092789025
0.04405316316	0.9559468368	1.215498528	1.095106823
0.04505414414	0.9549458559	1.16228271	1.097395193
0.04605512513	0.9539448749	1.113281033	1.099653479
0.04705610611	0.9529438939	1.068081554	1.101881089
0.04805708709	0.9519429129	1.026320035	1.104077496
0.04905806807	0.9509419319	0.9876736498	1.106242229
0.05005904905	0.949940951	0.9518556151	1.108374871
0.05106003003	0.94893997	0.9186105917	1.110475056
0.05206101101	0.947938989	0.8877107435	1.112542466
0.05306199199	0.946938008	0.8589523467	1.114576826
0.05406297297	0.945937027	0.8321528653	1.116577903
0.05506395395	0.944936046	0.8071484235	1.118545504
0.05606493493	0.9439350651	0.7837916146	1.120479469
0.05706591592	0.9429340841	0.7619495983	1.122379676
0.0580668969	0.9419331031	0.7415024445	1.124246031
0.05906787788	0.9409321221	0.7223416872	1.126078471
0.06006885886	0.9399311411	0.7043690612	1.127876961
0.06106983984	0.9389301602	0.6874953947	1.129641493
0.06207082082	0.9379291792	0.6716396363	1.13137208
0.0630718018	0.9369281982	0.6567280002	1.133068761
0.06407278278	0.9359272172	0.6426932117	1.134731592
0.06507376376	0.9349262362	0.6294738414	1.136360654
0.06607474474	0.9339252553	0.6170137163	1.137956041
0.06707572573	0.9329242743	0.6052613966	1.139517867
0.06807670671	0.9319232933	0.5941697132	1.141046261
0.06907768769	0.9309223123	0.5836953542	1.142541368
0.07007866867	0.9299213313	0.5737984982	1.144003345
0.07107964965	0.9289203504	0.5644424862	1.145432363
0.07208063063	0.9279193694	0.5555935283	1.146828603
0.07308161161	0.9269183884	0.5472204417	1.14819226
0.07408259259	0.9259174074	0.5392944157	1.149523537
0.07508357357	0.9249164264	0.5317887999	1.150822646
0.07608455455	0.9239154454	0.5246789154	1.152089809
0.07708553554	0.9229144645	0.5179418829	1.153325256
0.07808651652	0.9219134835	0.5115564693	1.154529224
0.0790874975	0.9209125025	0.5055029484	1.155701955
0.08008847848	0.9199115215	0.4997629752	1.1568437
0.08108945946	0.9189105405	0.4943194719	1.157954714
0.08209044044	0.9179095596	0.4891565249	1.159035257
0.08309142142	0.9169085786	0.4842592915	1.160085594
0.0840924024	0.9159075976	0.4796139144	1.161105995
0.08509338338	0.9149066166	0.4752074445	1.162096733
0.08609436436	0.9139056356	0.4710277709	1.163058083
0.08709534535	0.9129046547	0.467063556	1.163990325
0.08809632633	0.9119036737	0.4633041776	1.164893741
0.08909730731	0.9109026927	0.4597396751	1.165768616
0.09009828829	0.9099017117	0.4563607006	1.166615234
0.09109926927	0.9089007307	0.4531584739	1.167433885
0.09210025025	0.9078997497	0.4501247418	1.168224857
0.09310123123	0.9068987688	0.4472517402	1.168988441
0.09410221221	0.9058977878	0.4445321598	1.169724928
0.09510319319	0.9048968068	0.4419591139	1.170434609
0.09610417417	0.9038958258	0.4395261094	1.171117778
0.09710515516	0.9028948448	0.43722702	1.171774726
0.09810613614	0.9018938639	0.4350560612	1.172405746
0.09910711712	0.9008928829	0.4330077675	1.173011131
0.1001080981	0.8998919019	0.4310769714	1.173591173
0.1011090791	0.8988909209	0.4292587836	1.174146163
0.1021100601	0.8978899399	0.4275485751	1.174676392
0.103111041	0.896888959	0.4259419606	1.175182151
0.104112022	0.895887978	0.424434783	1.175663728
0.105113003	0.894886997	0.4230230987	1.176121413
0.106113984	0.893886016	0.4217031651	1.176555491
0.107114965	0.892885035	0.4204714273	1.17696625
0.1081159459	0.8918840541	0.4193245073	1.177353973
0.1091169269	0.8908830731	0.4182591931	1.177718944
0.1101179079	0.8898820921	0.4172724288	1.178061444
0.1111188889	0.8888811111	0.4163613053	1.178381754
0.1121198699	0.8878801301	0.4155230518	1.17868015
0.1131208509	0.8868791491	0.4147550277	1.178956911
0.1141218318	0.8858781682	0.4140547152	1.17921231
0.1151228128	0.8848771872	0.4134197121	1.179446621
0.1161237938	0.8838762062	0.4128477257	1.179660114
0.1171247748	0.8828752252	0.4123365662	1.179853058
0.1181257558	0.8818742442	0.4118841413	1.18002572
0.1191267367	0.8808732633	0.4114884507	1.180178364
0.1201277177	0.8798722823	0.4111475813	1.180311254
0.1211286987	0.8788713013	0.4108597023	1.18042465
0.1221296797	0.8778703203	0.4106230611	1.18051881
0.1231306607	0.8768693393	0.4104359786	1.18059399
0.1241316416	0.8758683584	0.410296846	1.180650444
0.1251326226	0.8748673774	0.4102041209	1.180688424
0.1261336036	0.8738663964	0.4101563237	1.180708179
0.1271345846	0.8728654154	0.4101520347	1.180709955
0.1281355656	0.8718644344	0.4101898907	1.180693999
0.1291365465	0.8708634535	0.4102685828	1.180660551
0.1301375275	0.8698624725	0.410386853	1.180609853
0.1311385085	0.8688614915	0.4105434922	1.180542141
0.1321394895	0.8678605105	0.4107373374	1.180457651
0.1331404705	0.8668595295	0.41096727	1.180356617
0.1341414515	0.8658585485	0.4112322132	1.180239268
0.1351424324	0.8648575676	0.4115311301	1.180105832
0.1361434134	0.8638565866	0.4118630222	1.179956537
0.1371443944	0.8628556056	0.412226927	1.179791604
0.1381453754	0.8618546246	0.4126219169	1.179611256
0.1391463564	0.8608536436	0.4130470973	1.179415711
0.1401473373	0.8598526627	0.4135016051	1.179205186
0.1411483183	0.8588516817	0.4139846073	1.178979894
0.1421492993	0.8578507007	0.4144952998	1.178740047
0.1431502803	0.8568497197	0.4150329059	1.178485855
0.1441512613	0.8558487387	0.4155966753	1.178217525
0.1451522422	0.8548477578	0.4161858828	1.177935262
0.1461532232	0.8538467768	0.4167998272	1.177639267
0.1471542042	0.8528457958	0.4174378305	1.177329741
0.1481551852	0.8518448148	0.4180992366	1.177006882
0.1491561662	0.8508438338	0.4187834106	1.176670886
0.1501571471	0.8498428529	0.4194897378	1.176321945
0.1511581281	0.8488418719	0.420217623	1.175960251
0.1521591091	0.8478408909	0.4209664895	1.175585993
0.1531600901	0.8468399099	0.4217357784	1.175199358
0.1541610711	0.8458389289	0.4225249481	1.174800529
0.1551620521	0.8448379479	0.4233334734	1.17438969
0.156163033	0.843836967	0.4241608447	1.173967019
0.157164014	0.842835986	0.4250065677	1.173532696
0.158164995	0.841835005	0.4258701628	1.173086895
0.159165976	0.840834024	0.4267511641	1.172629791
0.160166957	0.839833043	0.4276491195	1.172161556
0.1611679379	0.8388320621	0.4285635895	1.171682358
0.1621689189	0.8378310811	0.4294941475	1.171192365
0.1631698999	0.8368301001	0.4304403784	1.170691742
0.1641708809	0.8358291191	0.431401879	1.170180654
0.1651718619	0.8348281381	0.4323782571	1.16965926
0.1661728428	0.8338271572	0.4333691312	1.169127721
0.1671738238	0.8328261762	0.4343741302	1.168586194
0.1681748048	0.8318251952	0.4353928929	1.168034835
0.1691757858	0.8308242142	0.4364250677	1.167473796
0.1701767668	0.8298232332	0.4374703123	1.166903229
0.1711777477	0.8288222523	0.4385282932	1.166323285
0.1721787287	0.8278212713	0.4395986857	1.165734111
0.1731797097	0.8268202903	0.4406811734	1.165135852
0.1741806907	0.8258193093	0.4417754477	1.164528653
0.1751816717	0.8248183283	0.4428812081	1.163912656
0.1761826527	0.8238173473	0.4439981614	1.163288002
0.1771836336	0.8228163664	0.4451260218	1.162654829
0.1781846146	0.8218153854	0.4462645103	1.162013274
0.1791855956	0.8208144044	0.4474133549	1.161363473
0.1801865766	0.8198134234	0.4485722899	1.160705558
0.1811875576	0.8188124424	0.4497410564	1.160039662
0.1821885385	0.8178114615	0.4509194011	1.159365914
0.1831895195	0.8168104805	0.452107077	1.158684444
0.1841905005	0.8158094995	0.4533038429	1.157995376
0.1851914815	0.8148085185	0.4545094629	1.157298838
0.1861924625	0.8138075375	0.4557237067	1.156594951
0.1871934434	0.8128065566	0.4569463493	1.155883839
0.1881944244	0.8118055756	0.4581771706	1.15516562
0.1891954054	0.8108045946	0.4594159556	1.154440415
0.1901963864	0.8098036136	0.4606624939	1.153708339
0.1911973674	0.8088026326	0.46191658	1.15296951
0.1921983483	0.8078016517	0.4631780127	1.15222404
0.1931993293	0.8068006707	0.4644465952	1.151472042
0.1942003103	0.8057996897	0.465722135	1.150713628
0.1952012913	0.8047987087	0.4670044436	1.149948908
0.1962022723	0.8037977277	0.4682933367	1.149177989
0.1972032533	0.8027967467	0.4695886338	1.148400979
0.1982042342	0.8017957658	0.4708901581	1.147617982
0.1992052152	0.8007947848	0.4721977365	1.146829103
0.2002061962	0.7997938038	0.4735111997	1.146034445
0.2012071772	0.7987928228	0.4748303816	1.145234109
0.2022081582	0.7977918418	0.4761551196	1.144428195
0.2032091391	0.7967908609	0.4774852544	1.143616801
0.2042101201	0.7957898799	0.4788206298	1.142800026
0.2052111011	0.7947888989	0.4801610929	1.141977964
0.2062120821	0.7937879179	0.4815064937	1.141150711
0.2072130631	0.7927869369	0.4828566853	1.14031836
0.208214044	0.791785956	0.4842115234	1.139481004
0.209215025	0.790784975	0.4855708669	1.138638733
0.210216006	0.789783994	0.4869345771	1.137791638
0.211216987	0.788783013	0.4883025182	1.136939807
0.212217968	0.787782032	0.4896745568	1.136083328
0.2132189489	0.7867810511	0.4910505622	1.135222286
0.2142199299	0.7857800701	0.4924304061	1.134356768
0.2152209109	0.7847790891	0.4938139626	1.133486857
0.2162218919	0.7837781081	0.4952011084	1.132612635
0.2172228729	0.7827771271	0.496591722	1.131734185
0.2182238539	0.7817761461	0.4979856846	1.130851588
0.2192248348	0.7807751652	0.4993828794	1.129964922
0.2202258158	0.7797741842	0.5007831918	1.129074267
0.2212267968	0.7787732032	0.5021865093	1.1281797
0.2222277778	0.7777722222	0.5035927213	1.127281297
0.2232287588	0.7767712412	0.5050017193	1.126379134
0.2242297397	0.7757702603	0.5064133969	1.125473284
0.2252307207	0.7747692793	0.5078276494	1.124563823
0.2262317017	0.7737682983	0.509244374	1.123650821
0.2272326827	0.7727673173	0.5106634698	1.12273435
0.2282336637	0.7717663363	0.5120848376	1.121814481
0.2292346446	0.7707653554	0.51350838	1.120891284
0.2302356256	0.7697643744	0.5149340013	1.119964825
0.2312366066	0.7687633934	0.5163616075	1.119035175
0.2322375876	0.7677624124	0.5177911061	1.118102398
0.2332385686	0.7667614314	0.5192224065	1.117166561
0.2342395495	0.7657604505	0.5206554192	1.116227729
0.2352405305	0.7647594695	0.5220900568	1.115285966
0.2362415115	0.7637584885	0.5235262329	1.114341334
0.2372424925	0.7627575075	0.5249638629	1.113393897
0.2382434735	0.7617565265	0.5264028634	1.112443715
0.2392444545	0.7607555455	0.5278431527	1.11149085
0.2402454354	0.7597545646	0.5292846502	1.110535361
0.2412464164	0.7587535836	0.5307272768	1.109577306
0.2422473974	0.7577526026	0.5321709548	1.108616745
0.2432483784	0.7567516216	0.5336156076	1.107653735
0.2442493594	0.7557506406	0.5350611601	1.106688331
0.2452503403	0.7547496597	0.5365075383	1.10572059
0.2462513213	0.7537486787	0.5379546695	1.104750568
0.2472523023	0.7527476977	0.5394024823	1.103778318
0.2482532833	0.7517467167	0.5408509062	1.102803893
0.2492542643	0.7507457357	0.5422998721	1.101827347
0.2502552452	0.7497447548	0.543749312	1.100848732
0.2512562262	0.7487437738	0.545199159	1.099868099
0.2522572072	0.7477427928	0.5466493473	1.098885499
0.2532581882	0.7467418118	0.5480998123	1.097900982
0.2542591692	0.7457408308	0.5495504901	1.096914596
0.2552601502	0.7447398498	0.5510013182	1.095926392
0.2562611311	0.7437388689	0.5524522351	1.094936416
0.2572621121	0.7427378879	0.5539031801	1.093944715
0.2582630931	0.7417369069	0.5553540935	1.092951338
0.2592640741	0.7407359259	0.5568049169	1.091956328
0.2602650551	0.7397349449	0.5582555924	1.090959733
0.261266036	0.738733964	0.5597060634	1.089961596
0.262267017	0.737732983	0.5611562739	1.088961962
0.263267998	0.736732002	0.5626061691	1.087960874
0.264268979	0.735731021	0.564055695	1.086958375
0.26526996	0.73473004	0.5655047983	1.085954507
0.2662709409	0.7337290591	0.5669534268	1.084949313
0.2672719219	0.7327280781	0.5684015289	1.083942832
0.2682729029	0.7317270971	0.5698490541	1.082935106
0.2692738839	0.7307261161	0.5712959525	1.081926175
0.2702748649	0.7297251351	0.5727421752	1.080916079
0.2712758458	0.7287241542	0.5741876738	1.079904855
0.2722768268	0.7277231732	0.575632401	1.078892542
0.2732778078	0.7267221922	0.57707631	1.077879179
0.2742787888	0.7257212112	0.5785193549	1.076864802
0.2752797698	0.7247202302	0.5799614906	1.075849449
0.2762807508	0.7237192492	0.5814026725	1.074833155
0.2772817317	0.7227182683	0.5828428569	1.073815956
0.2782827127	0.7217172873	0.5842820008	1.072797887
0.2792836937	0.7207163063	0.5857200619	1.071778984
0.2802846747	0.7197153253	0.5871569983	1.07075928
0.2812856557	0.7187143443	0.5885927693	1.06973881
0.2822866366	0.7177133634	0.5900273343	1.068717606
0.2832876176	0.7167123824	0.5914606539	1.067695701
0.2842885986	0.7157114014	0.5928926888	1.066673128
0.2852895796	0.7147104204	0.5943234008	1.065649919
0.2862905606	0.7137094394	0.595752752	1.064626105
0.2872915415	0.7127084585	0.5971807053	1.063601717
0.2882925225	0.7117074775	0.5986072241	1.062576785
0.2892935035	0.7107064965	0.6000322724	1.06155134
0.2902944845	0.7097055155	0.6014558149	1.060525412
0.2912954655	0.7087045345	0.6028778168	1.05949903
0.2922964464	0.7077035536	0.6042982438	1.058472223
0.2932974274	0.7067025726	0.6057170623	1.057445018
0.2942984084	0.7057015916	0.6071342391	1.056417445
0.2952993894	0.7047006106	0.6085497416	1.055389531
0.2963003704	0.7036996296	0.6099635379	1.054361303
0.2973013514	0.7026986486	0.6113755965	1.053332788
0.2983023323	0.7016976677	0.6127858862	1.052304013
0.2993033133	0.7006966867	0.6141943767	1.051275003
0.3003042943	0.6996957057	0.615601038	1.050245785
0.3013052753	0.6986947247	0.6170058407	1.049216383
0.3023062563	0.6976937437	0.6184087556	1.048186823
0.3033072372	0.6966927628	0.6198097545	1.04715713
0.3043082182	0.6956917818	0.6212088091	1.046127327
0.3053091992	0.6946908008	0.6226058921	1.045097439
0.3063101802	0.6936898198	0.6240009763	1.044067489
0.3073111612	0.6926888388	0.6253940351	1.0430375
0.3083121421	0.6916878579	0.6267850423	1.042007496
0.3093131231	0.6906868769	0.6281739723	1.040977499
0.3103141041	0.6896858959	0.6295607997	1.039947532
0.3113150851	0.6886849149	0.6309454997	1.038917615
0.3123160661	0.6876839339	0.6323280478	1.037887771
0.313317047	0.686682953	0.6337084201	1.036858021
0.314318028	0.685681972	0.635086593	1.035828387
0.315319009	0.684680991	0.6364625434	1.034798888
0.31631999	0.68368001	0.6378362483	1.033769545
0.317320971	0.682679029	0.6392076856	1.032740378
0.318321952	0.681678048	0.6405768331	1.031711407
0.3193229329	0.6806770671	0.6419436694	1.030682652
0.3203239139	0.6796760861	0.6433081732	1.029654131
0.3213248949	0.6786751051	0.6446703236	1.028625864
0.3223258759	0.6776741241	0.6460301003	1.027597869
0.3233268569	0.6766731431	0.6473874831	1.026570164
0.3243278378	0.6756721622	0.6487424524	1.025542769
0.3253288188	0.6746711812	0.6500949887	1.024515699
0.3263297998	0.6736702002	0.651445073	1.023488974
0.3273307808	0.6726692192	0.6527926867	1.02246261
0.3283317618	0.6716682382	0.6541378115	1.021436624
0.3293327427	0.6706672573	0.6554804293	1.020411033
0.3303337237	0.6696662763	0.6568205226	1.019385854
0.3313347047	0.6686652953	0.658158074	1.018361103
0.3323356857	0.6676643143	0.6594930665	1.017336796
0.3333366667	0.6666633333	0.6608254834	1.016312948
0.3343376476	0.6656623524	0.6621553085	1.015289576
0.3353386286	0.6646613714	0.6634825256	1.014266694
0.3363396096	0.6636603904	0.6648071191	1.013244318
0.3373405906	0.6626594094	0.6661290735	1.012222462
0.3383415716	0.6616584284	0.6674483737	1.011201141
0.3393425526	0.6606574474	0.6687650048	1.01018037
0.3403435335	0.6596564665	0.6700789524	1.009160162
0.3413445145	0.6586554855	0.6713902022	1.008140532
0.3423454955	0.6576545045	0.6726987403	1.007121494
0.3433464765	0.6566535235	0.6740045529	1.00610306
0.3443474575	0.6556525425	0.6753076266	1.005085245
0.3453484384	0.6546515616	0.6766079485	1.004068061
0.3463494194	0.6536505806	0.6779055055	1.003051521
0.3473504004	0.6526495996	0.6792002851	1.002035638
0.3483513814	0.6516486186	0.6804922751	1.001020424
0.3493523624	0.6506476376	0.6817814633	1.000005892
0.3503533433	0.6496466567	0.6830678379	0.9989920542
0.3513543243	0.6486456757	0.6843513874	0.997978922
0.3523553053	0.6476446947	0.6856321006	0.9969665073
0.3533562863	0.6466437137	0.6869099663	0.9959548217
0.3543572673	0.6456427327	0.6881849737	0.9949438765
0.3553582482	0.6446417518	0.6894571124	0.993933683
0.3563592292	0.6436407708	0.6907263719	0.992924252
0.3573602102	0.6426397898	0.6919927422	0.9919155945
0.3583611912	0.6416388088	0.6932562134	0.9909077211
0.3593621722	0.6406378278	0.6945167759	0.9899006423
0.3603631532	0.6396368468	0.6957744204	0.9888943684
0.3613641341	0.6386358659	0.6970291375	0.9878889096
0.3623651151	0.6376348849	0.6982809184	0.9868842757
0.3633660961	0.6366339039	0.6995297544	0.9858804767
0.3643670771	0.6356329229	0.7007756368	0.9848775222
0.3653680581	0.6346319419	0.7020185574	0.9838754216
0.366369039	0.633630961	0.7032585081	0.9828741844
0.36737002	0.63262998	0.704495481	0.9818738197
0.368371001	0.631628999	0.7057294684	0.9808743365
0.369371982	0.630628018	0.7069604628	0.9798757437
0.370372963	0.629627037	0.7081884569	0.97887805
0.3713739439	0.6286260561	0.7094134436	0.9778812641
0.3723749249	0.6276250751	0.710635416	0.9768853943
0.3733759059	0.6266240941	0.7118543674	0.975890449
0.3743768869	0.6256231131	0.7130702913	0.9748964362
0.3753778679	0.6246221321	0.7142831813	0.9739033641
0.3763788488	0.6236211512	0.7154930313	0.9729112404
0.3773798298	0.6226201702	0.7166998354	0.971920073
0.3783808108	0.6216191892	0.7179035876	0.9709298694
0.3793817918	0.6206182082	0.7191042825	0.9699406371
0.3803827728	0.6196172272	0.7203019145	0.9689523834
0.3813837538	0.6186162462	0.7214964784	0.9679651156
0.3823847347	0.6176152653	0.7226879691	0.9669788407
0.3833857157	0.6166142843	0.7238763817	0.9659935657
0.3843866967	0.6156133033	0.7250617114	0.9650092974
0.3853876777	0.6146123223	0.7262439536	0.9640260426
0.3863886587	0.6136113413	0.7274231039	0.9630438077
0.3873896396	0.6126103604	0.728599158	0.9620625994
0.3883906206	0.6116093794	0.7297721117	0.961082424
0.3893916016	0.6106083984	0.7309419611	0.9601032876
0.3903925826	0.6096074174	0.7321087024	0.9591251965
0.3913935636	0.6086064364	0.733272332	0.9581481566
0.3923945445	0.6076054555	0.7344328463	0.9571721738
0.3933955255	0.6066044745	0.7355902419	0.956197254
0.3943965065	0.6056034935	0.7367445156	0.9552234027
0.3953974875	0.6046025125	0.7378956644	0.9542506256
0.3963984685	0.6036015315	0.7390436854	0.9532789282
0.3973994494	0.6026005506	0.7401885756	0.9523083157
0.3984004304	0.6015995696	0.7413303326	0.9513387935
0.3994014114	0.6005985886	0.7424689537	0.9503703667
0.4004023924	0.5995976076	0.7436044365	0.9494030404
0.4014033734	0.5985966266	0.7447367789	0.9484368195
0.4024043544	0.5975956456	0.7458659787	0.9474717089
0.4034053353	0.5965946647	0.7469920339	0.9465077133
0.4044063163	0.5955936837	0.7481149427	0.9455448375
0.4054072973	0.5945927027	0.7492347033	0.944583086
0.4064082783	0.5935917217	0.750351314	0.9436224632
0.4074092593	0.5925907407	0.7514647735	0.9426629736
0.4084102402	0.5915897598	0.7525750804	0.9417046214
0.4094112212	0.5905887788	0.7536822333	0.940747411
0.4104122022	0.5895877978	0.7547862312	0.9397913463
0.4114131832	0.5885868168	0.755887073	0.9388364314
0.4124141642	0.5875858358	0.7569847579	0.9378826704
0.4134151451	0.5865848549	0.7580792851	0.9369300669
0.4144161261	0.5855838739	0.7591706538	0.9359786249
0.4154171071	0.5845828929	0.7602588636	0.935028348
0.4164180881	0.5835819119	0.7613439139	0.9340792398
0.4174190691	0.5825809309	0.7624258044	0.9331313039
0.4184200501	0.5815799499	0.763504535	0.9321845438
0.419421031	0.580578969	0.7645801053	0.9312389627
0.420422012	0.579577988	0.7656525155	0.9302945641
0.421422993	0.578577007	0.7667217655	0.9293513511
0.422423974	0.577576026	0.7677878556	0.9284093269
0.423424955	0.576575045	0.768850786	0.9274684945
0.4244259359	0.5755740641	0.7699105571	0.926528857
0.4254269169	0.5745730831	0.7709671693	0.9255904173
0.4264278979	0.5735721021	0.7720206231	0.9246531783
0.4274288789	0.5725711211	0.7730709193	0.9237171427
0.4284298599	0.5715701401	0.7741180586	0.9227823133
0.4294308408	0.5705691592	0.7751620418	0.9218486928
0.4304318218	0.5695681782	0.7762028699	0.9209162836
0.4314328028	0.5685671972	0.7772405438	0.9199850884
0.4324337838	0.5675662162	0.7782750646	0.9190551095
0.4334347648	0.5665652352	0.7793064336	0.9181263494
0.4344357457	0.5655642543	0.7803346519	0.9171988104
0.4354367267	0.5645632733	0.7813597211	0.9162724948
0.4364377077	0.5635622923	0.7823816424	0.9153474047
0.4374386887	0.5625613113	0.7834004174	0.9144235423
0.4384396697	0.5615603303	0.7844160478	0.9135009096
0.4394406507	0.5605593493	0.7854285351	0.9125795088
0.4404416316	0.5595583684	0.7864378812	0.9116593416
0.4414426126	0.5585573874	0.7874440879	0.9107404101
0.4424435936	0.5575564064	0.7884471571	0.9098227161
0.4434445746	0.5565554254	0.7894470907	0.9089062614
0.4444455556	0.5555544444	0.7904438909	0.9079910476
0.4454465365	0.5545534635	0.7914375598	0.9070770765
0.4464475175	0.5535524825	0.7924280995	0.9061643497
0.4474484985	0.5525515015	0.7934155124	0.9052528687
0.4484494795	0.5515505205	0.7943998008	0.9043426351
0.4494504605	0.5505495395	0.795380967	0.9034336503
0.4504514414	0.5495485586	0.7963590137	0.9025259157
0.4514524224	0.5485475776	0.7973339433	0.9016194327
0.4524534034	0.5475465966	0.7983057585	0.9007142027
0.4534543844	0.5465456156	0.7992744619	0.8998102267
0.4544553654	0.5455446346	0.8002400562	0.8989075062
0.4554563463	0.5445436537	0.8012025444	0.8980060421
0.4564573273	0.5435426727	0.8021619292	0.8971058357
0.4574583083	0.5425416917	0.8031182135	0.896206888
0.4584592893	0.5415407107	0.8040714004	0.8953092
0.4594602703	0.5405397297	0.805021493	0.8944127727
0.4604612513	0.5395387487	0.8059684942	0.893517607
0.4614622322	0.5385377678	0.8069124074	0.8926237039
0.4624632132	0.5375367868	0.8078532356	0.8917310641
0.4634641942	0.5365358058	0.8087909822	0.8908396884
0.4644651752	0.5355348248	0.8097256505	0.8899495776
0.4654661562	0.5345338438	0.810657244	0.8890607325
0.4664671371	0.5335328629	0.8115857659	0.8881731537
0.4674681181	0.5325318819	0.81251122	0.8872868417
0.4684690991	0.5315309009	0.8134336095	0.8864017973
0.4694700801	0.5305299199	0.8143529383	0.885518021
0.4704710611	0.5295289389	0.8152692099	0.8846355132
0.471472042	0.528527958	0.8161824279	0.8837542744
0.472473023	0.527526977	0.8170925963	0.8828743052
0.473474004	0.526525996	0.8179997186	0.8819956058
0.474474985	0.525525015	0.8189037989	0.8811181767
0.475475966	0.524524034	0.8198048409	0.8802420181
0.4764769469	0.5235230531	0.8207028487	0.8793671304
0.4774779279	0.5225220721	0.8215978261	0.8784935137
0.4784789089	0.5215210911	0.8224897772	0.8776211684
0.4794798899	0.5205201101	0.8233787061	0.8767500946
0.4804808709	0.5195191291	0.8242646168	0.8758802924
0.4814818519	0.5185181481	0.8251475135	0.875011762
0.4824828328	0.5175171672	0.8260274005	0.8741445035
0.4834838138	0.5165161862	0.8269042818	0.8732785168
0.4844847948	0.5155152052	0.8277781619	0.872413802
0.4854857758	0.5145142242	0.828649045	0.8715503591
0.4864867568	0.5135132432	0.8295169354	0.8706881881
0.4874877377	0.5125122623	0.8303818376	0.8698272888
0.4884887187	0.5115112813	0.8312437559	0.8689676612
0.4894896997	0.5105103003	0.8321026949	0.8681093051
0.4904906807	0.5095093193	0.832958659	0.8672522203
0.4914916617	0.5085083383	0.8338116528	0.8663964067
0.4924926426	0.5075073574	0.8346616808	0.8655418641
0.4934936236	0.5065063764	0.8355087476	0.8646885921
0.4944946046	0.5055053954	0.8363528579	0.8638365905
0.4954955856	0.5045044144	0.8371940163	0.8629858589
0.4964965666	0.5035034334	0.8380322276	0.8621363971
0.4974975475	0.5025024525	0.8388674964	0.8612882047
0.4984985285	0.5015014715	0.8396998275	0.8604412813
0.4994995095	0.5005004905	0.8405292258	0.8595956264
0.5005004905	0.4994995095	0.841355696	0.8587512397
0.5015014715	0.4984985285	0.8421792431	0.8579081206
0.5025024525	0.4974975475	0.8429998718	0.8570662687
0.5035034334	0.4964965666	0.8438175871	0.8562256834
0.5045044144	0.4954955856	0.844632394	0.8553863642
0.5055053954	0.4944946046	0.8454442974	0.8545483106
0.5065063764	0.4934936236	0.8462533023	0.853711522
0.5075073574	0.4924926426	0.8470594138	0.8528759977
0.5085083383	0.4914916617	0.8478626368	0.852041737
0.5095093193	0.4904906807	0.8486629765	0.8512087395
0.5105103003	0.4894896997	0.849460438	0.8503770043
0.5115112813	0.4884887187	0.8502550263	0.8495465308
0.5125122623	0.4874877377	0.8510467467	0.8487173182
0.5135132432	0.4864867568	0.8518356043	0.8478893659
0.5145142242	0.4854857758	0.8526216043	0.8470626729
0.5155152052	0.4844847948	0.8534047519	0.8462372387
0.5165161862	0.4834838138	0.8541850524	0.8454130623
0.5175171672	0.4824828328	0.854962511	0.8445901429
0.5185181481	0.4814818519	0.8557371331	0.8437684796
0.5195191291	0.4804808709	0.8565089238	0.8429480717
0.5205201101	0.4794798899	0.8572778886	0.8421289183
0.5215210911	0.4784789089	0.8580440327	0.8413110183
0.5225220721	0.4774779279	0.8588073616	0.840494371
0.5235230531	0.4764769469	0.8595678807	0.8396789754
0.524524034	0.475475966	0.8603255952	0.8388648304
0.525525015	0.474474985	0.8610805107	0.8380519352
0.526525996	0.473474004	0.8618326327	0.8372402888
0.527526977	0.472473023	0.8625819664	0.83642989
0.528527958	0.471472042	0.8633285175	0.835620738
0.5295289389	0.4704710611	0.8640722914	0.8348128317
0.5305299199	0.4694700801	0.8648132936	0.83400617
0.5315309009	0.4684690991	0.8655515297	0.8332007518
0.5325318819	0.4674681181	0.8662870052	0.8323965761
0.5335328629	0.4664671371	0.8670197255	0.8315936417
0.5345338438	0.4654661562	0.8677496964	0.8307919475
0.5355348248	0.4644651752	0.8684769234	0.8299914924
0.5365358058	0.4634641942	0.869201412	0.8291922752
0.5375367868	0.4624632132	0.869923168	0.8283942948
0.5385377678	0.4614622322	0.8706421968	0.82759755
0.5395387487	0.4604612513	0.8713585042	0.8268020396
0.5405397297	0.4594602703	0.8720720958	0.8260077624
0.5415407107	0.4584592893	0.8727829773	0.8252147171
0.5425416917	0.4574583083	0.8734911543	0.8244229025
0.5435426727	0.4564573273	0.8741966325	0.8236323175
0.5445436537	0.4554563463	0.8748994177	0.8228429606
0.5455446346	0.4544553654	0.8755995154	0.8220548307
0.5465456156	0.4534543844	0.8762969315	0.8212679264
0.5475465966	0.4524534034	0.8769916717	0.8204822465
0.5485475776	0.4514524224	0.8776837417	0.8196977897
0.5495485586	0.4504514414	0.8783731473	0.8189145545
0.5505495395	0.4494504605	0.8790598941	0.8181325398
0.5515505205	0.4484494795	0.8797439881	0.817351744
0.5525515015	0.4474484985	0.8804254349	0.816572166
0.5535524825	0.4464475175	0.8811042403	0.8157938043
0.5545534635	0.4454465365	0.8817804102	0.8150166574
0.5555544444	0.4444455556	0.8824539504	0.8142407242
0.5565554254	0.4434445746	0.8831248665	0.813466003
0.5575564064	0.4424435936	0.8837931645	0.8126924926
0.5585573874	0.4414426126	0.8844588503	0.8119201915
0.5595583684	0.4404416316	0.8851219295	0.8111490983
0.5605593493	0.4394406507	0.885782408	0.8103792114
0.5615603303	0.4384396697	0.8864402918	0.8096105296
0.5625613113	0.4374386887	0.8870955866	0.8088430512
0.5635622923	0.4364377077	0.8877482983	0.8080767749
0.5645632733	0.4354367267	0.8883984327	0.8073116992
0.5655642543	0.4344357457	0.8890459957	0.8065478225
0.5665652352	0.4334347648	0.8896909933	0.8057851434
0.5675662162	0.4324337838	0.8903334312	0.8050236603
0.5685671972	0.4314328028	0.8909733153	0.8042633718
0.5695681782	0.4304318218	0.8916106515	0.8035042763
0.5705691592	0.4294308408	0.8922454458	0.8027463723
0.5715701401	0.4284298599	0.892877704	0.8019896582
0.5725711211	0.4274288789	0.8935074319	0.8012341326
0.5735721021	0.4264278979	0.8941346355	0.8004797938
0.5745730831	0.4254269169	0.8947593208	0.7997266403
0.5755740641	0.4244259359	0.8953814935	0.7989746704
0.576575045	0.423424955	0.8960011596	0.7982238827
0.577576026	0.422423974	0.8966183251	0.7974742756
0.578577007	0.421422993	0.8972329957	0.7967258474
0.579577988	0.420422012	0.8978451775	0.7959785966
0.580578969	0.419421031	0.8984548764	0.7952325214
0.5815799499	0.4184200501	0.8990620982	0.7944876205
0.5825809309	0.4174190691	0.8996668489	0.793743892
0.5835819119	0.4164180881	0.9002691344	0.7930013344
0.5845828929	0.4154171071	0.9008689606	0.7922599461
0.5855838739	0.4144161261	0.9014663335	0.7915197254
0.5865848549	0.4134151451	0.9020612589	0.7907806706
0.5875858358	0.4124141642	0.9026537428	0.7900427802
0.5885868168	0.4114131832	0.9032437911	0.7893060524
0.5895877978	0.4104122022	0.9038314098	0.7885704857
0.5905887788	0.4094112212	0.9044166047	0.7878360782
0.5915897598	0.4084102402	0.9049993817	0.7871028284
0.5925907407	0.4074092593	0.9055797469	0.7863707346
0.5935917217	0.4064082783	0.9061577061	0.7856397951
0.5945927027	0.4054072973	0.9067332652	0.7849100082
0.5955936837	0.4044063163	0.9073064301	0.7841813723
0.5965946647	0.4034053353	0.9078772068	0.7834538855
0.5975956456	0.4024043544	0.9084456012	0.7827275463
0.5985966266	0.4014033734	0.9090116192	0.7820023528
0.5995976076	0.4004023924	0.9095752667	0.7812783035
0.6005985886	0.3994014114	0.9101365496	0.7805553965
0.6015995696	0.3984004304	0.9106954738	0.7798336302
0.6026005506	0.3973994494	0.9112520453	0.7791130029
0.6036015315	0.3963984685	0.9118062699	0.7783935127
0.6046025125	0.3953974875	0.9123581535	0.777675158
0.6056034935	0.3943965065	0.9129077021	0.7769579371
0.6066044745	0.3933955255	0.9134549215	0.7762418481
0.6076054555	0.3923945445	0.9139998176	0.7755268895
0.6086064364	0.3913935636	0.9145423963	0.7748130593
0.6096074174	0.3903925826	0.9150826635	0.7741003559
0.6106083984	0.3893916016	0.9156206251	0.7733887774
0.6116093794	0.3883906206	0.9161562869	0.7726783223
0.6126103604	0.3873896396	0.9166896549	0.7719689886
0.6136113413	0.3863886587	0.9172207348	0.7712607746
0.6146123223	0.3853876777	0.9177495327	0.7705536786
0.6156133033	0.3843866967	0.9182760543	0.7698476988
0.6166142843	0.3833857157	0.9188003054	0.7691428333
0.6176152653	0.3823847347	0.9193222921	0.7684390806
0.6186162462	0.3813837538	0.91984202	0.7677364387
0.6196172272	0.3803827728	0.920359495	0.7670349058
0.6206182082	0.3793817918	0.9208747231	0.7663344803
0.6216191892	0.3783808108	0.9213877099	0.7656351602
0.6226201702	0.3773798298	0.9218984614	0.7649369439
0.6236211512	0.3763788488	0.9224069834	0.7642398296
0.6246221321	0.3753778679	0.9229132817	0.7635438153
0.6256231131	0.3743768869	0.9234173621	0.7628488994
0.6266240941	0.3733759059	0.9239192305	0.7621550801
0.6276250751	0.3723749249	0.9244188925	0.7614623555
0.6286260561	0.3713739439	0.9249163541	0.7607707239
0.629627037	0.370372963	0.9254116211	0.7600801834
0.630628018	0.369371982	0.9259046991	0.7593907323
0.631628999	0.368371001	0.926395594	0.7587023687
0.63262998	0.36737002	0.9268843116	0.7580150909
0.633630961	0.366369039	0.9273708576	0.757328897
0.6346319419	0.3653680581	0.9278552378	0.7566437852
0.6356329229	0.3643670771	0.928337458	0.7559597537
0.6366339039	0.3633660961	0.9288175239	0.7552768007
0.6376348849	0.3623651151	0.9292954413	0.7545949244
0.6386358659	0.3613641341	0.9297712158	0.753914123
0.6396368468	0.3603631532	0.9302448532	0.7532343946
0.6406378278	0.3593621722	0.9307163593	0.7525557374
0.6416388088	0.3583611912	0.9311857398	0.7518781497
0.6426397898	0.3573602102	0.9316530003	0.7512016295
0.6436407708	0.3563592292	0.9321181466	0.7505261752
0.6446417518	0.3553582482	0.9325811843	0.7498517848
0.6456427327	0.3543572673	0.9330421192	0.7491784565
0.6466437137	0.3533562863	0.933500957	0.7485061886
0.6476446947	0.3523553053	0.9339577033	0.7478349791
0.6486456757	0.3513543243	0.9344123637	0.7471648264
0.6496466567	0.3503533433	0.934864944	0.7464957284
0.6506476376	0.3493523624	0.9353154497	0.7458276835
0.6516486186	0.3483513814	0.9357638866	0.7451606898
0.6526495996	0.3473504004	0.9362102602	0.7444947455
0.6536505806	0.3463494194	0.9366545763	0.7438298487
0.6546515616	0.3453484384	0.9370968403	0.7431659976
0.6556525425	0.3443474575	0.9375370579	0.7425031905
0.6566535235	0.3433464765	0.9379752348	0.7418414254
0.6576545045	0.3423454955	0.9384113765	0.7411807005
0.6586554855	0.3413445145	0.9388454886	0.7405210141
0.6596564665	0.3403435335	0.9392775767	0.7398623643
0.6606574474	0.3393425526	0.9397076464	0.7392047492
0.6616584284	0.3383415716	0.9401357031	0.7385481671
0.6626594094	0.3373405906	0.9405617526	0.7378926161
0.6636603904	0.3363396096	0.9409858002	0.7372380944
0.6646613714	0.3353386286	0.9414078516	0.7365846002
0.6656623524	0.3343376476	0.9418279122	0.7359321316
0.6666633333	0.3333366667	0.9422459877	0.7352806868
0.6676643143	0.3323356857	0.9426620835	0.7346302641
0.6686652953	0.3313347047	0.943076205	0.7339808615
0.6696662763	0.3303337237	0.9434883579	0.7333324772
0.6706672573	0.3293327427	0.9438985476	0.7326851095
0.6716682382	0.3283317618	0.9443067795	0.7320387565
0.6726692192	0.3273307808	0.9447130591	0.7313934164
0.6736702002	0.3263297998	0.9451173919	0.7307490873
0.6746711812	0.3253288188	0.9455197833	0.7301057675
0.6756721622	0.3243278378	0.9459202388	0.7294634551
0.6766731431	0.3233268569	0.9463187637	0.7288221484
0.6776741241	0.3223258759	0.9467153636	0.7281818454
0.6786751051	0.3213248949	0.9471100438	0.7275425443
0.6796760861	0.3203239139	0.9475028097	0.7269042435
0.6806770671	0.3193229329	0.9478936667	0.726266941
0.681678048	0.318321952	0.9482826202	0.725630635
0.682679029	0.317320971	0.9486696756	0.7249953237
0.68368001	0.31631999	0.9490548382	0.7243610053
0.684680991	0.315319009	0.9494381133	0.723727678
0.685681972	0.314318028	0.9498195064	0.72309534
0.686682953	0.313317047	0.9501990227	0.7224639894
0.6876839339	0.3123160661	0.9505766676	0.7218336246
0.6886849149	0.3113150851	0.9509524463	0.7212042436
0.6896858959	0.3103141041	0.9513263643	0.7205758446
0.6906868769	0.3093131231	0.9516984267	0.7199484259
0.6916878579	0.3083121421	0.952068639	0.7193219856
0.6926888388	0.3073111612	0.9524370062	0.7186965219
0.6936898198	0.3063101802	0.9528035338	0.7180720332
0.6946908008	0.3053091992	0.9531682269	0.7174485174
0.6956917818	0.3043082182	0.9535310908	0.7168259729
0.6966927628	0.3033072372	0.9538921307	0.7162043978
0.6976937437	0.3023062563	0.9542513519	0.7155837904
0.6986947247	0.3013052753	0.9546087596	0.7149641489
0.6996957057	0.3003042943	0.9549643589	0.7143454714
0.7006966867	0.2993033133	0.9553181552	0.7137277563
0.7016976677	0.2983023323	0.9556701534	0.7131110016
0.7026986486	0.2973013514	0.9560203589	0.7124952056
0.7036996296	0.2963003704	0.9563687768	0.7118803665
0.7047006106	0.2952993894	0.9567154122	0.7112664826
0.7057015916	0.2942984084	0.9570602703	0.710653552
0.7067025726	0.2932974274	0.9574033562	0.710041573
0.7077035536	0.2922964464	0.957744675	0.7094305438
0.7087045345	0.2912954655	0.9580842319	0.7088204626
0.7097055155	0.2902944845	0.9584220319	0.7082113276
0.7107064965	0.2892935035	0.9587580801	0.7076031371
0.7117074775	0.2882925225	0.9590923817	0.7069958893
0.7127084585	0.2872915415	0.9594249416	0.7063895825
0.7137094394	0.2862905606	0.9597557649	0.7057842148
0.7147104204	0.2852895796	0.9600848568	0.7051797845
0.7157114014	0.2842885986	0.9604122222	0.7045762898
0.7167123824	0.2832876176	0.9607378661	0.703973729
0.7177133634	0.2822866366	0.9610617935	0.7033721003
0.7187143443	0.2812856557	0.9613840096	0.7027714019
0.7197153253	0.2802846747	0.9617045192	0.7021716321
0.7207163063	0.2792836937	0.9620233273	0.7015727892
0.7217172873	0.2782827127	0.962340439	0.7009748714
0.7227182683	0.2772817317	0.9626558592	0.7003778769
0.7237192492	0.2762807508	0.9629695927	0.699781804
0.7247202302	0.2752797698	0.9632816447	0.6991866509
0.7257212112	0.2742787888	0.96359202	0.6985924159
0.7267221922	0.2732778078	0.9639007234	0.6979990973
0.7277231732	0.2722768268	0.9642077601	0.6974066933
0.7287241542	0.2712758458	0.9645131347	0.6968152021
0.7297251351	0.2702748649	0.9648168523	0.6962246222
0.7307261161	0.2692738839	0.9651189176	0.6956349516
0.7317270971	0.2682729029	0.9654193356	0.6950461887
0.7327280781	0.2672719219	0.9657181112	0.6944583317
0.7337290591	0.2662709409	0.9660152491	0.693871379
0.73473004	0.26526996	0.9663107541	0.6932853288
0.735731021	0.264268979	0.9666046312	0.6927001793
0.736732002	0.263267998	0.9668968852	0.6921159289
0.737732983	0.262267017	0.9671875207	0.6915325758
0.738733964	0.261266036	0.9674765427	0.6909501184
0.7397349449	0.2602650551	0.9677639558	0.6903685549
0.7407359259	0.2592640741	0.9680497649	0.6897878835
0.7417369069	0.2582630931	0.9683339748	0.6892081027
0.7427378879	0.2572621121	0.9686165901	0.6886292106
0.7437388689	0.2562611311	0.9688976156	0.6880512056
0.7447398498	0.2552601502	0.969177056	0.687474086
0.7457408308	0.2542591692	0.9694549161	0.6868978501
0.7467418118	0.2532581882	0.9697312005	0.6863224962
0.7477427928	0.2522572072	0.9700059139	0.6857480226
0.7487437738	0.2512562262	0.9702790611	0.6851744275
0.7497447548	0.2502552452	0.9705506466	0.6846017094
0.7507457357	0.2492542643	0.9708206752	0.6840298665
0.7517467167	0.2482532833	0.9710891514	0.6834588971
0.7527476977	0.2472523023	0.97135608	0.6828887996
0.7537486787	0.2462513213	0.9716214656	0.6823195723
0.7547496597	0.2452503403	0.9718853127	0.6817512134
0.7557506406	0.2442493594	0.9721476259	0.6811837214
0.7567516216	0.2432483784	0.97240841	0.6806170946
0.7577526026	0.2422473974	0.9726676694	0.6800513312
0.7587535836	0.2412464164	0.9729254087	0.6794864297
0.7597545646	0.2402454354	0.9731816325	0.6789223883
0.7607555455	0.2392444545	0.9734363453	0.6783592054
0.7617565265	0.2382434735	0.9736895516	0.6777968793
0.7627575075	0.2372424925	0.9739412561	0.6772354085
0.7637584885	0.2362415115	0.9741914632	0.6766747911
0.7647594695	0.2352405305	0.9744401774	0.6761150256
0.7657604505	0.2342395495	0.9746874032	0.6755561104
0.7667614314	0.2332385686	0.9749331451	0.6749980437
0.7677624124	0.2322375876	0.9751774075	0.674440824
0.7687633934	0.2312366066	0.975420195	0.6738844496
0.7697643744	0.2302356256	0.975661512	0.6733289188
0.7707653554	0.2292346446	0.9759013629	0.6727742301
0.7717663363	0.2282336637	0.9761397521	0.6722203817
0.7727673173	0.2272326827	0.9763766841	0.6716673721
0.7737682983	0.2262317017	0.9766121633	0.6711151997
0.7747692793	0.2252307207	0.976846194	0.6705638627
0.7757702603	0.2242297397	0.9770787807	0.6700133596
0.7767712412	0.2232287588	0.9773099277	0.6694636888
0.7777722222	0.2222277778	0.9775396395	0.6689148487
0.7787732032	0.2212267968	0.9777679202	0.6683668376
0.7797741842	0.2202258158	0.9779947744	0.6678196539
0.7807751652	0.2192248348	0.9782202062	0.6672732961
0.7817761461	0.2182238539	0.9784442202	0.6667277624
0.7827771271	0.2172228729	0.9786668204	0.6661830514
0.7837781081	0.2162218919	0.9788880113	0.6656391614
0.7847790891	0.2152209109	0.9791077972	0.6650960907
0.7857800701	0.2142199299	0.9793261822	0.6645538379
0.7867810511	0.2132189489	0.9795431708	0.6640124014
0.787782032	0.212217968	0.979758767	0.6634717794
0.788783013	0.211216987	0.9799729753	0.6629319705
0.789783994	0.210216006	0.9801857997	0.6623929731
0.790784975	0.209215025	0.9803972446	0.6618547856
0.791785956	0.208214044	0.9806073141	0.6613174064
0.7927869369	0.2072130631	0.9808160125	0.6607808339
0.7937879179	0.2062120821	0.9810233439	0.6602450665
0.7947888989	0.2052111011	0.9812293126	0.6597101028
0.7957898799	0.2042101201	0.9814339226	0.6591759411
0.7967908609	0.2032091391	0.9816371782	0.6586425798
0.7977918418	0.2022081582	0.9818390834	0.6581100174
0.7987928228	0.2012071772	0.9820396425	0.6575782524
0.7997938038	0.2002061962	0.9822388596	0.6570472831
0.8007947848	0.1992052152	0.9824367387	0.6565171081
0.8017957658	0.1982042342	0.982633284	0.6559877258
0.8027967467	0.1972032533	0.9828284995	0.6554591345
0.8037977277	0.1962022723	0.9830223894	0.6549313329
0.8047987087	0.1952012913	0.9832149578	0.6544043193
0.8057996897	0.1942003103	0.9834062086	0.6538780923
0.8068006707	0.1931993293	0.983596146	0.6533526502
0.8078016517	0.1921983483	0.9837847739	0.6528279915
0.8088026326	0.1911973674	0.9839720965	0.6523041147
0.8098036136	0.1901963864	0.9841581177	0.6517810184
0.8108045946	0.1891954054	0.9843428415	0.6512587008
0.8118055756	0.1881944244	0.984526272	0.6507371606
0.8128065566	0.1871934434	0.9847084131	0.6502163963
0.8138075375	0.1861924625	0.9848892688	0.6496964062
0.8148085185	0.1851914815	0.9850688431	0.6491771889
0.8158094995	0.1841905005	0.98524714	0.6486587428
0.8168104805	0.1831895195	0.9854241632	0.6481410666
0.8178114615	0.1821885385	0.985599917	0.6476241586
0.8188124424	0.1811875576	0.985774405	0.6471080173
0.8198134234	0.1801865766	0.9859476313	0.6465926413
0.8208144044	0.1791855956	0.9861195997	0.6460780291
0.8218153854	0.1781846146	0.9862903143	0.6455641791
0.8228163664	0.1771836336	0.9864597787	0.64505109
0.8238173473	0.1761826527	0.9866279969	0.6445387601
0.8248183283	0.1751816717	0.9867949729	0.644027188
0.8258193093	0.1741806907	0.9869607103	0.6435163722
0.8268202903	0.1731797097	0.9871252131	0.6430063113
0.8278212713	0.1721787287	0.9872884851	0.6424970038
0.8288222523	0.1711777477	0.9874505301	0.6419884481
0.8298232332	0.1701767668	0.987611352	0.6414806429
0.8308242142	0.1691757858	0.9877709544	0.6409735866
0.8318251952	0.1681748048	0.9879293413	0.6404672778
0.8328261762	0.1671738238	0.9880865164	0.639961715
0.8338271572	0.1661728428	0.9882424835	0.6394568968
0.8348281381	0.1651718619	0.9883972463	0.6389528218
0.8358291191	0.1641708809	0.9885508086	0.6384494883
0.8368301001	0.1631698999	0.9887031741	0.6379468951
0.8378310811	0.1621689189	0.9888543466	0.6374450407
0.8388320621	0.1611679379	0.9890043297	0.6369439235
0.839833043	0.160166957	0.9891531273	0.6364435423
0.840834024	0.159165976	0.9893007428	0.6359438954
0.841835005	0.158164995	0.9894471802	0.6354449816
0.842835986	0.157164014	0.989592443	0.6349467993
0.843836967	0.156163033	0.9897365349	0.6344493472
0.8448379479	0.1551620521	0.9898794596	0.6339526238
0.8458389289	0.1541610711	0.9900212208	0.6334566276
0.8468399099	0.1531600901	0.990161822	0.6329613573
0.8478408909	0.1521591091	0.9903012668	0.6324668115
0.8488418719	0.1511581281	0.990439559	0.6319729886
0.8498428529	0.1501571471	0.9905767021	0.6314798874
0.8508438338	0.1491561662	0.9907126998	0.6309875064
0.8518448148	0.1481551852	0.9908475555	0.6304958441
0.8528457958	0.1471542042	0.9909812729	0.6300048993
0.8538467768	0.1461532232	0.9911138556	0.6295146704
0.8548477578	0.1451522422	0.9912453071	0.6290251561
0.8558487387	0.1441512613	0.991375631	0.628536355
0.8568497197	0.1431502803	0.9915048307	0.6280482656
0.8578507007	0.1421492993	0.9916329099	0.6275608867
0.8588516817	0.1411483183	0.9917598721	0.6270742168
0.8598526627	0.1401473373	0.9918857207	0.6265882545
0.8608536436	0.1391463564	0.9920104593	0.6261029985
0.8618546246	0.1381453754	0.9921340913	0.6256184473
0.8628556056	0.1371443944	0.9922566203	0.6251345996
0.8638565866	0.1361434134	0.9923780497	0.624651454
0.8648575676	0.1351424324	0.9924983829	0.6241690092
0.8658585485	0.1341414515	0.9926176235	0.6236872638
0.8668595295	0.1331404705	0.9927357748	0.6232062163
0.8678605105	0.1321394895	0.9928528404	0.6227258655
0.8688614915	0.1311385085	0.9929688235	0.62224621
0.8698624725	0.1301375275	0.9930837277	0.6217672484
0.8708634535	0.1291365465	0.9931975564	0.6212889794
0.8718644344	0.1281355656	0.9933103128	0.6208114016
0.8728654154	0.1271345846	0.9934220005	0.6203345136
0.8738663964	0.1261336036	0.9935326228	0.6198583142
0.8748673774	0.1251326226	0.993642183	0.619382802
0.8758683584	0.1241316416	0.9937506846	0.6189079757
0.8768693393	0.1231306607	0.9938581308	0.6184338338
0.8778703203	0.1221296797	0.993964525	0.6179603751
0.8788713013	0.1211286987	0.9940698706	0.6174875982
0.8798722823	0.1201277177	0.9941741708	0.6170155019
0.8808732633	0.1191267367	0.9942774289	0.6165440847
0.8818742442	0.1181257558	0.9943796484	0.6160733454
0.8828752252	0.1171247748	0.9944808323	0.6156032827
0.8838762062	0.1161237938	0.9945809841	0.6151338951
0.8848771872	0.1151228128	0.994680107	0.6146651815
0.8858781682	0.1141218318	0.9947782043	0.6141971404
0.8868791491	0.1131208509	0.9948752791	0.6137297707
0.8878801301	0.1121198699	0.9949713349	0.6132630709
0.8888811111	0.1111188889	0.9950663747	0.6127970398
0.8898820921	0.1101179079	0.9951604019	0.612331676
0.8908830731	0.1091169269	0.9952534196	0.6118669783
0.8918840541	0.1081159459	0.995345431	0.6114029454
0.892885035	0.107114965	0.9954364394	0.610939576
0.893886016	0.106113984	0.9955264479	0.6104768688
0.894886997	0.105113003	0.9956154598	0.6100148224
0.895887978	0.104112022	0.9957034781	0.6095534357
0.896888959	0.103111041	0.9957905061	0.6090927073
0.8978899399	0.1021100601	0.9958765468	0.608632636
0.8988909209	0.1011090791	0.9959616036	0.6081732204
0.8998919019	0.1001080981	0.9960456794	0.6077144594
0.9008928829	0.09910711712	0.9961287774	0.6072563516
0.9018938639	0.09810613614	0.9962109007	0.6067988957
0.9028948448	0.09710515516	0.9962920525	0.6063420906
0.9038958258	0.09610417417	0.9963722358	0.6058859348
0.9048968068	0.09510319319	0.9964514538	0.6054304273
0.9058977878	0.09410221221	0.9965297094	0.6049755667
0.9068987688	0.09310123123	0.9966070058	0.6045213517
0.9078997497	0.09210025025	0.996683346	0.6040677811
0.9089007307	0.09109926927	0.9967587332	0.6036148537
0.9099017117	0.09009828829	0.9968331703	0.6031625682
0.9109026927	0.08909730731	0.9969066603	0.6027109233
0.9119036737	0.08809632633	0.9969792064	0.6022599179
0.9129046547	0.08709534535	0.9970508115	0.6018095507
0.9139056356	0.08609436436	0.9971214787	0.6013598204
0.9149066166	0.08509338338	0.9971912108	0.6009107258
0.9159075976	0.0840924024	0.9972600111	0.6004622657
0.9169085786	0.08309142142	0.9973278823	0.6000144388
0.9179095596	0.08209044044	0.9973948275	0.599567244
0.9189105405	0.08108945946	0.9974608497	0.59912068
0.9199115215	0.08008847848	0.9975259518	0.5986747456
0.9209125025	0.0790874975	0.9975901368	0.5982294395
0.9219134835	0.07808651652	0.9976534077	0.5977847606
0.9229144645	0.07708553554	0.9977157672	0.5973407076
0.9239154454	0.07608455455	0.9977772185	0.5968972793
0.9249164264	0.07508357357	0.9978377643	0.5964544746
0.9259174074	0.07408259259	0.9978974076	0.5960122921
0.9269183884	0.07308161161	0.9979561514	0.5955707308
0.9279193694	0.07208063063	0.9980139984	0.5951297894
0.9289203504	0.07107964965	0.9980709516	0.5946894667
0.9299213313	0.07007866867	0.9981270139	0.5942497615
0.9309223123	0.06907768769	0.9981821881	0.5938106727
0.9319232933	0.06807670671	0.998236477	0.593372199
0.9329242743	0.06707572573	0.9982898836	0.5929343392
0.9339252553	0.06607474474	0.9983424106	0.5924970922
0.9349262362	0.06507376376	0.998394061	0.5920604568
0.9359272172	0.06407278278	0.9984448374	0.5916244318
0.9369281982	0.0630718018	0.9984947428	0.5911890161
0.9379291792	0.06207082082	0.99854378	0.5907542084
0.9389301602	0.06106983984	0.9985919516	0.5903200075
0.9399311411	0.06006885886	0.9986392607	0.5898864124
0.9409321221	0.05906787788	0.9986857098	0.5894534219
0.9419331031	0.0580668969	0.9987313019	0.5890210347
0.9429340841	0.05706591592	0.9987760396	0.5885892497
0.9439350651	0.05606493493	0.9988199257	0.5881580659
0.944936046	0.05506395395	0.9988629631	0.5877274819
0.945937027	0.05406297297	0.9989051543	0.5872974967
0.946938008	0.05306199199	0.9989465022	0.5868681091
0.947938989	0.05206101101	0.9989870095	0.5864393179
0.94893997	0.05106003003	0.9990266788	0.5860111221
0.949940951	0.05005904905	0.999065513	0.5855835204
0.9509419319	0.04905806807	0.9991035147	0.5851565118
0.9519429129	0.04805708709	0.9991406866	0.584730095
0.9529438939	0.04705610611	0.9991770315	0.584304269
0.9539448749	0.04605512513	0.9992125518	0.5838790327
0.9549458559	0.04505414414	0.9992472505	0.5834543848
0.9559468368	0.04405316316	0.99928113	0.5830303243
0.9569478178	0.04305218218	0.9993141931	0.58260685
0.9579487988	0.0420512012	0.9993464425	0.5821839608
0.9589497798	0.04105022022	0.9993778807	0.5817616556
0.9599507608	0.04004923924	0.9994085103	0.5813399333
0.9609517417	0.03904825826	0.9994383341	0.5809187927
0.9619527227	0.03804727728	0.9994673546	0.5804982328
0.9629537037	0.0370462963	0.9994955745	0.5800782525
0.9639546847	0.03604531532	0.9995229963	0.5796588505
0.9649556657	0.03504433433	0.9995496226	0.5792400259
0.9659566466	0.03404335335	0.9995754561	0.5788217774
0.9669576276	0.03304237237	0.9996004992	0.5784041041
0.9679586086	0.03204139139	0.9996247547	0.5779870048
0.9689595896	0.03104041041	0.9996482249	0.5775704785
0.9699605706	0.03003942943	0.9996709126	0.5771545239
0.9709615516	0.02903844845	0.9996928202	0.5767391401
0.9719625325	0.02803746747	0.9997139502	0.5763243259
0.9729635135	0.02703648649	0.9997343053	0.5759100803
0.9739644945	0.02603550551	0.9997538879	0.5754964021
0.9749654755	0.02503452452	0.9997727006	0.5750832903
0.9759664565	0.02403354354	0.9997907458	0.5746707439
0.9769674374	0.02303256256	0.9998080261	0.5742587617
0.9779684184	0.02203158158	0.999824544	0.5738473426
0.9789693994	0.0210306006	0.9998403019	0.5734364856
0.9799703804	0.02002961962	0.9998553024	0.5730261896
0.9809713614	0.01902863864	0.9998695478	0.5726164536
0.9819723423	0.01802765766	0.9998830408	0.5722072765
0.9829733233	0.01702667668	0.9998957836	0.5717986572
0.9839743043	0.0160256957	0.9999077789	0.5713905946
0.9849752853	0.01502471471	0.999919029	0.5709830878
0.9859762663	0.01402373373	0.9999295363	0.5705761356
0.9869772472	0.01302275275	0.9999393034	0.5701697369
0.9879782282	0.01202177177	0.9999483325	0.5697638909
0.9889792092	0.01102079079	0.9999566263	0.5693585963
0.9899801902	0.01001980981	0.9999641869	0.5689538522
0.9909811712	0.009018828829	0.9999710169	0.5685496574
0.9919821522	0.008017847848	0.9999771186	0.568146011
0.9929831331	0.007016866867	0.9999824945	0.567742912
0.9939841141	0.006015885886	0.9999871468	0.5673403592
0.9949850951	0.005014904905	0.9999910781	0.5669383517
0.9959860761	0.004013923924	0.9999942905	0.5665368884
0.9969870571	0.003012942943	0.9999967866	0.5661359682
0.997988038	0.002011961962	0.9999985687	0.5657355903
0.998989019	0.001010980981	0.999999639	0.5653357534
0.99999	1e-05	1	0.5649364567
