1e-05	0.99999	0.01588656049	0.9999999993
0.001010980981	0.998989019	0.01611920501	0.9999925557
0.002011961962	0.997988038	0.01635851804	0.9999702299
0.003012942943	0.9969870571	0.01660450333	0.9999326219
0.004013923924	0.9959860761	0.01685716806	0.9998793642
0.005014904905	0.9949850951	0.01711652265	0.9998101202
0.006015885886	0.9939841141	0.01738258045	0.9997245829
0.007016866867	0.9929831331	0.01765535754	0.9996224729
0.008017847848	0.9919821522	0.01793487247	0.9995035374
0.009018828829	0.9909811712	0.01822114614	0.9993675488
0.01001980981	0.9899801902	0.01851420153	0.9992143031
0.01102079079	0.9889792092	0.01881406358	0.9990436192
0.01202177177	0.9879782282	0.019120759	0.9988553373
0.01302275275	0.9869772472	0.01943431615	0.9986493182
0.01402373373	0.9859762663	0.01975476486	0.9984254418
0.01502471471	0.9849752853	0.02008213632	0.9981836065
0.0160256957	0.9839743043	0.02041646295	0.9979237281
0.01702667668	0.9829733233	0.0207577783	0.9976457389
0.01802765766	0.9819723423	0.02110611689	0.9973495868
0.01902863864	0.9809713614	0.02146151418	0.9970352348
0.02002961962	0.9799703804	0.02182400641	0.9967026596
0.0210306006	0.9789693994	0.02219363054	0.9963518516
0.02203158158	0.9779684184	0.02257042414	0.9959828134
0.02303256256	0.9769674374	0.02295442534	0.99559556
0.02403354354	0.9759664565	0.02334567273	0.9951901174
0.02503452452	0.9749654755	0.0237442053	0.9947665225
0.02603550551	0.9739644945	0.02415006234	0.9943248222
0.02703648649	0.9729635135	0.02456328341	0.993865073
0.02803746747	0.9719625325	0.02498390826	0.9933873404
0.02903844845	0.9709615516	0.0254119768	0.9928916987
0.03003942943	0.9699605706	0.02584752897	0.9923782298
0.03104041041	0.9689595896	0.02629060477	0.9918470234
0.03204139139	0.9679586086	0.02674124416	0.9912981766
0.03304237237	0.9669576276	0.02719948703	0.9907317928
0.03404335335	0.9659566466	0.02766537314	0.990147982
0.03504433433	0.9649556657	0.0281389421	0.9895468601
0.03604531532	0.9639546847	0.02862023329	0.9889285485
0.0370462963	0.9629537037	0.02910928586	0.9882931739
0.03804727728	0.9619527227	0.02960613866	0.987640868
0.03904825826	0.9609517417	0.03011083022	0.9869717668
0.04004923924	0.9599507608	0.03062339873	0.986286011
0.04105022022	0.9589497798	0.03114388197	0.9855837449
0.0420512012	0.9579487988	0.03167231729	0.9848651167
0.04305218218	0.9569478178	0.03220874162	0.984130278
0.04405316316	0.9559468368	0.03275319136	0.9833793837
0.04505414414	0.9549458559	0.03330570245	0.9826125915
0.04605512513	0.9539448749	0.03386631025	0.981830062
0.04705610611	0.9529438939	0.0344350496	0.9810319582
0.04805708709	0.9519429129	0.03501195472	0.9802184455
0.04905806807	0.9509419319	0.03559705923	0.9793896912
0.05005904905	0.949940951	0.03619039613	0.9785458647
0.05106003003	0.94893997	0.03679199777	0.9776871371
0.05206101101	0.947938989	0.03740189581	0.9768136811
0.05306199199	0.946938008	0.03802012124	0.9759256706
0.05406297297	0.945937027	0.03864670433	0.9750232809
0.05506395395	0.944936046	0.03928167462	0.9741066885
0.05606493493	0.9439350651	0.03992506093	0.9731760705
0.05706591592	0.9429340841	0.0405768913	0.972231605
0.0580668969	0.9419331031	0.04123719301	0.971273471
0.05906787788	0.9409321221	0.04190599254	0.9703018475
0.06006885886	0.9399311411	0.0425833156	0.9693169145
0.06106983984	0.9389301602	0.04326918707	0.968318852
0.06207082082	0.9379291792	0.04396363099	0.9673078402
0.0630718018	0.9369281982	0.04466667059	0.9662840596
0.06407278278	0.9359272172	0.04537832826	0.9652476906
0.06507376376	0.9349262362	0.04609862551	0.9641989136
0.06607474474	0.9339252553	0.046827583	0.9631379086
0.06707572573	0.9329242743	0.04756522053	0.9620648556
0.06807670671	0.9319232933	0.048311557	0.9609799342
0.06907768769	0.9309223123	0.04906661042	0.9598833237
0.07007866867	0.9299213313	0.04983039794	0.9587752026
0.07107964965	0.9289203504	0.05060293576	0.9576557493
0.07208063063	0.9279193694	0.05138423921	0.9565251412
0.07308161161	0.9269183884	0.0521743227	0.9553835553
0.07408259259	0.9259174074	0.05297319971	0.9542311678
0.07508357357	0.9249164264	0.05378088282	0.9530681541
0.07608455455	0.9239154454	0.05459738368	0.9518946887
0.07708553554	0.9229144645	0.05542271299	0.9507109454
0.07808651652	0.9219134835	0.05625688055	0.9495170969
0.0790874975	0.9209125025	0.05709989522	0.9483133151
0.08008847848	0.9199115215	0.0579517649	0.9470997708
0.08108945946	0.9189105405	0.05881249659	0.9458766338
0.08209044044	0.9179095596	0.05968209634	0.9446440727
0.08309142142	0.9169085786	0.06056056924	0.9434022552
0.0840924024	0.9159075976	0.06144791948	0.9421513477
0.08509338338	0.9149066166	0.06234415027	0.9408915154
0.08609436436	0.9139056356	0.06324926392	0.9396229224
0.08709534535	0.9129046547	0.06416326177	0.9383457316
0.08809632633	0.9119036737	0.06508614425	0.9370601045
0.08909730731	0.9109026927	0.06601791084	0.9357662015
0.09009828829	0.9099017117	0.0669585601	0.9344641815
0.09109926927	0.9089007307	0.06790808963	0.9331542024
0.09210025025	0.9078997497	0.06886649615	0.9318364205
0.09310123123	0.9068987688	0.0698337754	0.9305109909
0.09410221221	0.9058977878	0.07080992224	0.9291780671
0.09510319319	0.9048968068	0.07179493059	0.9278378017
0.09610417417	0.9038958258	0.07278879345	0.9264903454
0.09710515516	0.9028948448	0.07379150294	0.9251358478
0.09810613614	0.9018938639	0.07480305023	0.923774457
0.09910711712	0.9008928829	0.07582342561	0.9224063199
0.1001080981	0.8998919019	0.07685261847	0.9210315816
0.1011090791	0.8988909209	0.0778906173	0.919650386
0.1021100601	0.8978899399	0.07893740971	0.9182628757
0.103111041	0.896888959	0.07999298243	0.9168691915
0.104112022	0.895887978	0.08105732129	0.9154694731
0.105113003	0.894886997	0.08213041127	0.9140638585
0.106113984	0.893886016	0.08321223648	0.9126524846
0.107114965	0.892885035	0.08430278016	0.9112354864
0.1081159459	0.8918840541	0.08540202472	0.9098129977
0.1091169269	0.8908830731	0.08650995169	0.908385151
0.1101179079	0.8898820921	0.0876265418	0.906952077
0.1111188889	0.8888811111	0.08875177491	0.9055139053
0.1121198699	0.8878801301	0.08988563008	0.9040707638
0.1131208509	0.8868791491	0.09102808554	0.9026227792
0.1141218318	0.8858781682	0.09217911872	0.9011700764
0.1151228128	0.8848771872	0.09333870622	0.8997127793
0.1161237938	0.8838762062	0.09450682388	0.89825101
0.1171247748	0.8828752252	0.09568344673	0.8967848894
0.1181257558	0.8818742442	0.09686854903	0.895314537
0.1191267367	0.8808732633	0.09806210426	0.8938400707
0.1201277177	0.8798722823	0.09926408515	0.8923616071
0.1211286987	0.8788713013	0.1004744637	0.8908792613
0.1221296797	0.8778703203	0.101693211	0.8893931473
0.1231306607	0.8768693393	0.1029202977	0.8879033774
0.1241316416	0.8758683584	0.1041556935	0.8864100626
0.1251326226	0.8748673774	0.1053993674	0.8849133126
0.1261336036	0.8738663964	0.1066512877	0.8834132356
0.1271345846	0.8728654154	0.1079114221	0.8819099385
0.1281355656	0.8718644344	0.1091797375	0.880403527
0.1291365465	0.8708634535	0.1104562001	0.8788941053
0.1301375275	0.8698624725	0.1117407755	0.8773817762
0.1311385085	0.8688614915	0.1130334286	0.8758666413
0.1321394895	0.8678605105	0.1143341237	0.8743488009
0.1331404705	0.8668595295	0.1156428244	0.8728283539
0.1341414515	0.8658585485	0.1169594935	0.871305398
0.1351424324	0.8648575676	0.1182840936	0.8697800295
0.1361434134	0.8638565866	0.1196165862	0.8682523436
0.1371443944	0.8628556056	0.1209569324	0.866722434
0.1381453754	0.8618546246	0.1223050929	0.8651903933
0.1391463564	0.8608536436	0.1236610275	0.8636563128
0.1401473373	0.8598526627	0.1250246956	0.8621202826
0.1411483183	0.8588516817	0.1263960558	0.8605823915
0.1421492993	0.8578507007	0.1277750665	0.8590427273
0.1431502803	0.8568497197	0.1291616853	0.8575013762
0.1441512613	0.8558487387	0.1305558693	0.8559584236
0.1451522422	0.8548477578	0.1319575751	0.8544139535
0.1461532232	0.8538467768	0.1333667588	0.8528680487
0.1471542042	0.8528457958	0.1347833759	0.851320791
0.1481551852	0.8518448148	0.1362073814	0.849772261
0.1491561662	0.8508438338	0.13763873	0.848222538
0.1501571471	0.8498428529	0.1390773756	0.8466717003
0.1511581281	0.8488418719	0.140523272	0.8451198252
0.1521591091	0.8478408909	0.1419763722	0.8435669886
0.1531600901	0.8468399099	0.143436629	0.8420132655
0.1541610711	0.8458389289	0.1449039946	0.8404587298
0.1551620521	0.8448379479	0.1463784207	0.8389034543
0.156163033	0.843836967	0.1478598589	0.8373475107
0.157164014	0.842835986	0.14934826	0.8357909697
0.158164995	0.841835005	0.1508435746	0.8342339008
0.159165976	0.840834024	0.152345753	0.8326763728
0.160166957	0.839833043	0.1538547448	0.8311184532
0.1611679379	0.8388320621	0.1553704996	0.8295602085
0.1621689189	0.8378310811	0.1568929663	0.8280017043
0.1631698999	0.8368301001	0.1584220936	0.8264430051
0.1641708809	0.8358291191	0.1599578299	0.8248841746
0.1651718619	0.8348281381	0.1615001233	0.8233252754
0.1661728428	0.8338271572	0.1630489212	0.8217663691
0.1671738238	0.8328261762	0.1646041712	0.8202075164
0.1681748048	0.8318251952	0.1661658203	0.8186487772
0.1691757858	0.8308242142	0.1677338151	0.8170902102
0.1701767668	0.8298232332	0.1693081022	0.8155318734
0.1711777477	0.8288222523	0.1708886278	0.8139738238
0.1721787287	0.8278212713	0.1724753376	0.8124161176
0.1731797097	0.8268202903	0.1740681774	0.8108588099
0.1741806907	0.8258193093	0.1756670925	0.8093019552
0.1751816717	0.8248183283	0.1772720281	0.807745607
0.1761826527	0.8238173473	0.1788829289	0.8061898178
0.1771836336	0.8228163664	0.1804997398	0.8046346396
0.1781846146	0.8218153854	0.1821224051	0.8030801232
0.1791855956	0.8208144044	0.183750869	0.8015263188
0.1801865766	0.8198134234	0.1853850756	0.7999732757
0.1811875576	0.8188124424	0.1870249687	0.7984210424
0.1821885385	0.8178114615	0.1886704919	0.7968696666
0.1831895195	0.8168104805	0.1903215887	0.7953191954
0.1841905005	0.8158094995	0.1919782023	0.7937696747
0.1851914815	0.8148085185	0.1936402759	0.7922211501
0.1861924625	0.8138075375	0.1953077525	0.790673666
0.1871934434	0.8128065566	0.1969805749	0.7891272665
0.1881944244	0.8118055756	0.1986586858	0.7875819946
0.1891954054	0.8108045946	0.2003420276	0.7860378927
0.1901963864	0.8098036136	0.202030543	0.7844950025
0.1911973674	0.8088026326	0.203724174	0.782953365
0.1921983483	0.8078016517	0.2054228631	0.7814130204
0.1931993293	0.8068006707	0.2071265523	0.7798740084
0.1942003103	0.8057996897	0.2088351836	0.7783363676
0.1952012913	0.8047987087	0.2105486989	0.7768001365
0.1962022723	0.8037977277	0.2122670401	0.7752653524
0.1972032533	0.8027967467	0.213990149	0.7737320523
0.1982042342	0.8017957658	0.2157179672	0.7722002724
0.1992052152	0.8007947848	0.2174504366	0.7706700481
0.2002061962	0.7997938038	0.2191874986	0.7691414146
0.2012071772	0.7987928228	0.2209290949	0.767614406
0.2022081582	0.7977918418	0.222675167	0.766089056
0.2032091391	0.7967908609	0.2244256564	0.7645653978
0.2042101201	0.7957898799	0.2261805046	0.7630434637
0.2052111011	0.7947888989	0.2279396531	0.7615232857
0.2062120821	0.7937879179	0.2297030433	0.760004895
0.2072130631	0.7927869369	0.2314706167	0.7584883223
0.208214044	0.791785956	0.2332423148	0.7569735978
0.209215025	0.790784975	0.2350180791	0.7554607509
0.210216006	0.789783994	0.236797851	0.7539498107
0.211216987	0.788783013	0.238581572	0.7524408057
0.212217968	0.787782032	0.2403691838	0.7509337637
0.2132189489	0.7867810511	0.2421606278	0.7494287122
0.2142199299	0.7857800701	0.2439558458	0.7479256779
0.2152209109	0.7847790891	0.2457547794	0.7464246871
0.2162218919	0.7837781081	0.2475573702	0.7449257657
0.2172228729	0.7827771271	0.2493635602	0.7434289389
0.2182238539	0.7817761461	0.2511732911	0.7419342316
0.2192248348	0.7807751652	0.2529865048	0.740441668
0.2202258158	0.7797741842	0.2548031434	0.738951272
0.2212267968	0.7787732032	0.2566231489	0.7374630667
0.2222277778	0.7777722222	0.2584464634	0.7359770752
0.2232287588	0.7767712412	0.2602730292	0.7344933198
0.2242297397	0.7757702603	0.2621027886	0.7330118224
0.2252307207	0.7747692793	0.2639356841	0.7315326044
0.2262317017	0.7737682983	0.2657716582	0.7300556869
0.2272326827	0.7727673173	0.2676106535	0.7285810905
0.2282336637	0.7717663363	0.2694526129	0.7271088352
0.2292346446	0.7707653554	0.2712974791	0.7256389408
0.2302356256	0.7697643744	0.2731451953	0.7241714265
0.2312366066	0.7687633934	0.2749957045	0.7227063112
0.2322375876	0.7677624124	0.27684895	0.7212436133
0.2332385686	0.7667614314	0.2787048752	0.7197833509
0.2342395495	0.7657604505	0.2805634237	0.7183255416
0.2352405305	0.7647594695	0.2824245392	0.7168702026
0.2362415115	0.7637584885	0.2842881654	0.7154173508
0.2372424925	0.7627575075	0.2861542464	0.7139670026
0.2382434735	0.7617565265	0.2880227264	0.7125191741
0.2392444545	0.7607555455	0.2898935497	0.711073881
0.2402454354	0.7597545646	0.2917666606	0.7096311386
0.2412464164	0.7587535836	0.293642004	0.708190962
0.2422473974	0.7577526026	0.2955195246	0.7067533656
0.2432483784	0.7567516216	0.2973991674	0.7053183638
0.2442493594	0.7557506406	0.2992808775	0.7038859705
0.2452503403	0.7547496597	0.3011646004	0.7024561992
0.2462513213	0.7537486787	0.3030502816	0.7010290632
0.2472523023	0.7527476977	0.3049378669	0.6996045754
0.2482532833	0.7517467167	0.3068273021	0.6981827482
0.2492542643	0.7507457357	0.3087185333	0.696763594
0.2502552452	0.7497447548	0.310611507	0.6953471247
0.2512562262	0.7487437738	0.3125061697	0.6939333518
0.2522572072	0.7477427928	0.314402468	0.6925222867
0.2532581882	0.7467418118	0.316300349	0.6911139403
0.2542591692	0.7457408308	0.3181997597	0.6897083233
0.2552601502	0.7447398498	0.3201006476	0.6883054462
0.2562611311	0.7437388689	0.3220029602	0.6869053189
0.2572621121	0.7427378879	0.3239066454	0.6855079514
0.2582630931	0.7417369069	0.3258116511	0.6841133531
0.2592640741	0.7407359259	0.3277179256	0.6827215333
0.2602650551	0.7397349449	0.3296254175	0.6813325008
0.261266036	0.738733964	0.3315340753	0.6799462646
0.262267017	0.737732983	0.3334438481	0.6785628328
0.263267998	0.736732002	0.335354685	0.6771822138
0.264268979	0.735731021	0.3372665355	0.6758044154
0.26526996	0.73473004	0.3391793491	0.6744294453
0.2662709409	0.7337290591	0.3410930758	0.6730573108
0.2672719219	0.7327280781	0.3430076657	0.6716880191
0.2682729029	0.7317270971	0.3449230692	0.6703215771
0.2692738839	0.7307261161	0.3468392369	0.6689579915
0.2702748649	0.7297251351	0.3487561196	0.6675972687
0.2712758458	0.7287241542	0.3506736686	0.6662394148
0.2722768268	0.7277231732	0.3525918351	0.6648844359
0.2732778078	0.7267221922	0.3545105708	0.6635323376
0.2742787888	0.7257212112	0.3564298276	0.6621831255
0.2752797698	0.7247202302	0.3583495576	0.6608368048
0.2762807508	0.7237192492	0.3602697132	0.6594933807
0.2772817317	0.7227182683	0.3621902471	0.658152858
0.2782827127	0.7217172873	0.3641111121	0.6568152413
0.2792836937	0.7207163063	0.3660322615	0.6554805351
0.2802846747	0.7197153253	0.3679536487	0.6541487437
0.2812856557	0.7187143443	0.3698752275	0.652819871
0.2822866366	0.7177133634	0.3717969517	0.6514939209
0.2832876176	0.7167123824	0.3737187756	0.6501708971
0.2842885986	0.7157114014	0.3756406538	0.648850803
0.2852895796	0.7147104204	0.377562541	0.6475336419
0.2862905606	0.7137094394	0.3794843923	0.6462194168
0.2872915415	0.7127084585	0.381406163	0.6449081307
0.2882925225	0.7117074775	0.3833278086	0.6435997864
0.2892935035	0.7107064965	0.3852492852	0.6422943863
0.2902944845	0.7097055155	0.3871705487	0.6409919327
0.2912954655	0.7087045345	0.3890915557	0.6396924281
0.2922964464	0.7077035536	0.3910122628	0.6383958743
0.2932974274	0.7067025726	0.392932627	0.6371022732
0.2942984084	0.7057015916	0.3948526056	0.6358116265
0.2952993894	0.7047006106	0.396772156	0.6345239358
0.2963003704	0.7036996296	0.3986912361	0.6332392025
0.2973013514	0.7026986486	0.400609804	0.6319574278
0.2983023323	0.7016976677	0.402527818	0.6306786128
0.2993033133	0.7006966867	0.4044452368	0.6294027584
0.3003042943	0.6996957057	0.4063620193	0.6281298654
0.3013052753	0.6986947247	0.4082781248	0.6268599345
0.3023062563	0.6976937437	0.4101935126	0.625592966
0.3033072372	0.6966927628	0.4121081426	0.6243289605
0.3043082182	0.6956917818	0.4140219749	0.6230679181
0.3053091992	0.6946908008	0.4159349697	0.6218098389
0.3063101802	0.6936898198	0.4178470877	0.6205547228
0.3073111612	0.6926888388	0.4197582899	0.6193025696
0.3083121421	0.6916878579	0.4216685373	0.6180533791
0.3093131231	0.6906868769	0.4235777914	0.6168071509
0.3103141041	0.6896858959	0.4254860141	0.6155638842
0.3113150851	0.6886849149	0.4273931673	0.6143235785
0.3123160661	0.6876839339	0.4292992133	0.613086233
0.313317047	0.686682953	0.4312041148	0.6118518466
0.314318028	0.685681972	0.4331078346	0.6106204185
0.315319009	0.684680991	0.4350103359	0.6093919473
0.31631999	0.68368001	0.4369115822	0.6081664319
0.317320971	0.682679029	0.4388115372	0.6069438709
0.318321952	0.681678048	0.4407101649	0.6057242627
0.3193229329	0.6806770671	0.4426074296	0.6045076058
0.3203239139	0.6796760861	0.444503296	0.6032938985
0.3213248949	0.6786751051	0.4463977287	0.602083139
0.3223258759	0.6776741241	0.4482906931	0.6008753254
0.3233268569	0.6766731431	0.4501821545	0.5996704556
0.3243278378	0.6756721622	0.4520720786	0.5984685275
0.3253288188	0.6746711812	0.4539604315	0.597269539
0.3263297998	0.6736702002	0.4558471794	0.5960734878
0.3273307808	0.6726692192	0.4577322889	0.5948803714
0.3283317618	0.6716682382	0.4596157267	0.5936901875
0.3293327427	0.6706672573	0.46149746	0.5925029333
0.3303337237	0.6696662763	0.4633774563	0.5913186063
0.3313347047	0.6686652953	0.4652556831	0.5901372038
0.3323356857	0.6676643143	0.4671321084	0.5889587229
0.3333366667	0.6666633333	0.4690067004	0.5877831606
0.3343376476	0.6656623524	0.4708794277	0.5866105141
0.3353386286	0.6646613714	0.4727502589	0.5854407802
0.3363396096	0.6636603904	0.4746191633	0.5842739557
0.3373405906	0.6626594094	0.47648611	0.5831100375
0.3383415716	0.6616584284	0.4783510688	0.5819490223
0.3393425526	0.6606574474	0.4802140094	0.5807909066
0.3403435335	0.6596564665	0.482074902	0.5796356871
0.3413445145	0.6586554855	0.4839337171	0.5784833601
0.3423454955	0.6576545045	0.4857904253	0.5773339222
0.3433464765	0.6566535235	0.4876449977	0.5761873696
0.3443474575	0.6556525425	0.4894974054	0.5750436986
0.3453484384	0.6546515616	0.4913476199	0.5739029055
0.3463494194	0.6536505806	0.4931956131	0.5727649863
0.3473504004	0.6526495996	0.4950413569	0.5716299372
0.3483513814	0.6516486186	0.4968848237	0.5704977541
0.3493523624	0.6506476376	0.4987259861	0.569368433
0.3503533433	0.6496466567	0.5005648169	0.5682419699
0.3513543243	0.6486456757	0.5024012892	0.5671183604
0.3523553053	0.6476446947	0.5042353764	0.5659976005
0.3533562863	0.6466437137	0.5060670521	0.5648796859
0.3543572673	0.6456427327	0.5078962902	0.5637646121
0.3553582482	0.6446417518	0.5097230649	0.5626523749
0.3563592292	0.6436407708	0.5115473506	0.5615429697
0.3573602102	0.6426397898	0.5133691219	0.5604363921
0.3583611912	0.6416388088	0.5151883539	0.5593326376
0.3593621722	0.6406378278	0.5170050217	0.5582317015
0.3603631532	0.6396368468	0.5188191007	0.5571335792
0.3613641341	0.6386358659	0.5206305666	0.5560382661
0.3623651151	0.6376348849	0.5224393955	0.5549457573
0.3633660961	0.6366339039	0.5242455636	0.5538560481
0.3643670771	0.6356329229	0.5260490472	0.5527691337
0.3653680581	0.6346319419	0.5278498231	0.5516850092
0.366369039	0.633630961	0.5296478684	0.5506036697
0.36737002	0.63262998	0.5314431601	0.5495251102
0.368371001	0.631628999	0.5332356758	0.5484493258
0.369371982	0.630628018	0.5350253932	0.5473763114
0.370372963	0.629627037	0.5368122903	0.5463060619
0.3713739439	0.6286260561	0.5385963453	0.5452385722
0.3723749249	0.6276250751	0.5403775365	0.5441738372
0.3733759059	0.6266240941	0.5421558428	0.5431118517
0.3743768869	0.6256231131	0.543931243	0.5420526104
0.3753778679	0.6246221321	0.5457037163	0.5409961082
0.3763788488	0.6236211512	0.5474732421	0.5399423397
0.3773798298	0.6226201702	0.5492398002	0.5388912995
0.3783808108	0.6216191892	0.5510033703	0.5378429825
0.3793817918	0.6206182082	0.5527639327	0.536797383
0.3803827728	0.6196172272	0.5545214676	0.5357544959
0.3813837538	0.6186162462	0.5562759558	0.5347143155
0.3823847347	0.6176152653	0.5580273779	0.5336768365
0.3833857157	0.6166142843	0.5597757152	0.5326420532
0.3843866967	0.6156133033	0.5615209488	0.5316099603
0.3853876777	0.6146123223	0.5632630603	0.5305805521
0.3863886587	0.6136113413	0.5650020315	0.529553823
0.3873896396	0.6126103604	0.5667378443	0.5285297675
0.3883906206	0.6116093794	0.5684704809	0.5275083799
0.3893916016	0.6106083984	0.5701999238	0.5264896545
0.3903925826	0.6096074174	0.5719261557	0.5254735857
0.3913935636	0.6086064364	0.5736491594	0.5244601678
0.3923945445	0.6076054555	0.575368918	0.523449395
0.3933955255	0.6066044745	0.5770854148	0.5224412615
0.3943965065	0.6056034935	0.5787986333	0.5214357617
0.3953974875	0.6046025125	0.5805085574	0.5204328898
0.3963984685	0.6036015315	0.582215171	0.5194326398
0.3973994494	0.6026005506	0.5839184583	0.5184350061
0.3984004304	0.6015995696	0.5856184037	0.5174399827
0.3994014114	0.6005985886	0.5873149918	0.5164475638
0.4004023924	0.5995976076	0.5890082074	0.5154577436
0.4014033734	0.5985966266	0.5906980355	0.514470516
0.4024043544	0.5975956456	0.5923844615	0.5134858752
0.4034053353	0.5965946647	0.5940674708	0.5125038154
0.4044063163	0.5955936837	0.5957470489	0.5115243304
0.4054072973	0.5945927027	0.5974231819	0.5105474144
0.4064082783	0.5935917217	0.5990958557	0.5095730615
0.4074092593	0.5925907407	0.6007650567	0.5086012655
0.4084102402	0.5915897598	0.6024307713	0.5076320206
0.4094112212	0.5905887788	0.6040929862	0.5066653207
0.4104122022	0.5895877978	0.6057516883	0.5057011598
0.4114131832	0.5885868168	0.6074068646	0.5047395318
0.4124141642	0.5875858358	0.6090585024	0.5037804308
0.4134151451	0.5865848549	0.6107065892	0.5028238506
0.4144161261	0.5855838739	0.6123511127	0.5018697852
0.4154171071	0.5845828929	0.6139920606	0.5009182286
0.4164180881	0.5835819119	0.6156294211	0.4999691746
0.4174190691	0.5825809309	0.6172631825	0.4990226171
0.4184200501	0.5815799499	0.618893333	0.4980785501
0.419421031	0.580578969	0.6205198613	0.4971369675
0.420422012	0.579577988	0.6221427563	0.496197863
0.421422993	0.578577007	0.623762007	0.4952612307
0.422423974	0.577576026	0.6253776024	0.4943270644
0.423424955	0.576575045	0.626989532	0.4933953579
0.4244259359	0.5755740641	0.6285977853	0.4924661052
0.4254269169	0.5745730831	0.630202352	0.4915393
0.4264278979	0.5735721021	0.6318032221	0.4906149362
0.4274288789	0.5725711211	0.6334003855	0.4896930077
0.4284298599	0.5715701401	0.6349938326	0.4887735083
0.4294308408	0.5705691592	0.6365835539	0.4878564318
0.4304318218	0.5695681782	0.6381695398	0.4869417721
0.4314328028	0.5685671972	0.6397517812	0.486029523
0.4324337838	0.5675662162	0.6413302691	0.4851196784
0.4334347648	0.5665652352	0.6429049945	0.484212232
0.4344357457	0.5655642543	0.6444759488	0.4833071778
0.4354367267	0.5645632733	0.6460431235	0.4824045094
0.4364377077	0.5635622923	0.6476065101	0.4815042207
0.4374386887	0.5625613113	0.6491661005	0.4806063057
0.4384396697	0.5615603303	0.6507218866	0.4797107579
0.4394406507	0.5605593493	0.6522738606	0.4788175714
0.4404416316	0.5595583684	0.6538220148	0.4779267399
0.4414426126	0.5585573874	0.6553663416	0.4770382572
0.4424435936	0.5575564064	0.6569068336	0.4761521172
0.4434445746	0.5565554254	0.6584434836	0.4752683136
0.4444455556	0.5555544444	0.6599762846	0.4743868403
0.4454465365	0.5545534635	0.6615052296	0.4735076912
0.4464475175	0.5535524825	0.6630303119	0.4726308599
0.4474484985	0.5525515015	0.6645515249	0.4717563405
0.4484494795	0.5515505205	0.6660688621	0.4708841266
0.4494504605	0.5505495395	0.6675823173	0.4700142121
0.4504514414	0.5495485586	0.6690918843	0.4691465909
0.4514524224	0.5485475776	0.6705975572	0.4682812568
0.4524534034	0.5475465966	0.67209933	0.4674182036
0.4534543844	0.5465456156	0.6735971971	0.4665574251
0.4544553654	0.5455446346	0.6750911529	0.4656989153
0.4554563463	0.5445436537	0.6765811921	0.464842668
0.4564573273	0.5435426727	0.6780673094	0.4639886769
0.4574583083	0.5425416917	0.6795494997	0.463136936
0.4584592893	0.5415407107	0.681027758	0.4622874392
0.4594602703	0.5405397297	0.6825020795	0.4614401802
0.4604612513	0.5395387487	0.6839724594	0.4605951531
0.4614622322	0.5385377678	0.6854388933	0.4597523516
0.4624632132	0.5375367868	0.6869013768	0.4589117696
0.4634641942	0.5365358058	0.6883599055	0.458073401
0.4644651752	0.5355348248	0.6898144753	0.4572372397
0.4654661562	0.5345338438	0.6912650822	0.4564032797
0.4664671371	0.5335328629	0.6927117224	0.4555715148
0.4674681181	0.5325318819	0.6941543921	0.4547419389
0.4684690991	0.5315309009	0.6955930877	0.4539145459
0.4694700801	0.5305299199	0.6970278057	0.4530893298
0.4704710611	0.5295289389	0.6984585428	0.4522662845
0.471472042	0.528527958	0.6998852958	0.451445404
0.472473023	0.527526977	0.7013080615	0.4506266822
0.473474004	0.526525996	0.702726837	0.449810113
0.474474985	0.525525015	0.7041416195	0.4489956903
0.475475966	0.524524034	0.7055524062	0.4481834083
0.4764769469	0.5235230531	0.7069591946	0.4473732608
0.4774779279	0.5225220721	0.7083619821	0.4465652419
0.4784789089	0.5215210911	0.7097607664	0.4457593454
0.4794798899	0.5205201101	0.7111555454	0.4449555655
0.4804808709	0.5195191291	0.7125463168	0.4441538962
0.4814818519	0.5185181481	0.7139330787	0.4433543314
0.4824828328	0.5175171672	0.7153158292	0.4425568651
0.4834838138	0.5165161862	0.7166945665	0.4417614915
0.4844847948	0.5155152052	0.7180692891	0.4409682045
0.4854857758	0.5145142242	0.7194399952	0.4401769983
0.4864867568	0.5135132432	0.7208066836	0.4393878668
0.4874877377	0.5125122623	0.722169353	0.4386008042
0.4884887187	0.5115112813	0.723528002	0.4378158045
0.4894896997	0.5105103003	0.7248826297	0.4370328618
0.4904906807	0.5095093193	0.726233235	0.4362519702
0.4914916617	0.5085083383	0.7275798171	0.4354731239
0.4924926426	0.5075073574	0.7289223751	0.4346963169
0.4934936236	0.5065063764	0.7302609086	0.4339215434
0.4944946046	0.5055053954	0.7315954168	0.4331487976
0.4954955856	0.5045044144	0.7329258993	0.4323780735
0.4964965666	0.5035034334	0.7342523558	0.4316093654
0.4974975475	0.5025024525	0.7355747861	0.4308426674
0.4984985285	0.5015014715	0.7368931899	0.4300779736
0.4994995095	0.5005004905	0.7382075673	0.4293152784
0.5005004905	0.4994995095	0.7395179183	0.4285545759
0.5015014715	0.4984985285	0.740824243	0.4277958602
0.5025024525	0.4974975475	0.7421265417	0.4270391257
0.5035034334	0.4964965666	0.7434248147	0.4262843666
0.5045044144	0.4954955856	0.7447190625	0.4255315771
0.5055053954	0.4944946046	0.7460092856	0.4247807516
0.5065063764	0.4934936236	0.7472954847	0.4240318841
0.5075073574	0.4924926426	0.7485776604	0.4232849691
0.5085083383	0.4914916617	0.7498558136	0.4225400008
0.5095093193	0.4904906807	0.7511299451	0.4217969736
0.5105103003	0.4894896997	0.752400056	0.4210558818
0.5115112813	0.4884887187	0.7536661474	0.4203167196
0.5125122623	0.4874877377	0.7549282204	0.4195794815
0.5135132432	0.4864867568	0.7561862763	0.4188441617
0.5145142242	0.4854857758	0.7574403164	0.4181107547
0.5155152052	0.4844847948	0.7586903422	0.4173792548
0.5165161862	0.4834838138	0.7599363552	0.4166496565
0.5175171672	0.4824828328	0.7611783569	0.415921954
0.5185181481	0.4814818519	0.7624163491	0.4151961419
0.5195191291	0.4804808709	0.7636503335	0.4144722146
0.5205201101	0.4794798899	0.7648803121	0.4137501664
0.5215210911	0.4784789089	0.7661062866	0.4130299919
0.5225220721	0.4774779279	0.7673282591	0.4123116855
0.5235230531	0.4764769469	0.7685462318	0.4115952417
0.524524034	0.475475966	0.7697602067	0.410880655
0.525525015	0.474474985	0.7709701862	0.4101679198
0.526525996	0.473474004	0.7721761725	0.4094570307
0.527526977	0.472473023	0.773378168	0.4087479823
0.528527958	0.471472042	0.7745761753	0.408040769
0.5295289389	0.4704710611	0.7757701968	0.4073353854
0.5305299199	0.4694700801	0.7769602352	0.4066318261
0.5315309009	0.4684690991	0.7781462932	0.4059300856
0.5325318819	0.4674681181	0.7793283735	0.4052301586
0.5335328629	0.4664671371	0.780506479	0.4045320396
0.5345338438	0.4654661562	0.7816806126	0.4038357233
0.5355348248	0.4644651752	0.7828507772	0.4031412042
0.5365358058	0.4634641942	0.784016976	0.4024484771
0.5375367868	0.4624632132	0.785179212	0.4017575366
0.5385377678	0.4614622322	0.7863374884	0.4010683774
0.5395387487	0.4604612513	0.7874918084	0.400380994
0.5405397297	0.4594602703	0.7886421754	0.3996953813
0.5415407107	0.4584592893	0.7897885928	0.399011534
0.5425416917	0.4574583083	0.790931064	0.3983294467
0.5435426727	0.4564573273	0.7920695926	0.3976491142
0.5445436537	0.4554563463	0.793204182	0.3969705312
0.5455446346	0.4544553654	0.7943348359	0.3962936926
0.5465456156	0.4534543844	0.795461558	0.395618593
0.5475465966	0.4524534034	0.7965843521	0.3949452274
0.5485475776	0.4514524224	0.7977032221	0.3942735903
0.5495485586	0.4504514414	0.7988181717	0.3936036768
0.5505495395	0.4494504605	0.7999292049	0.3929354816
0.5515505205	0.4484494795	0.8010363257	0.3922689995
0.5525515015	0.4474484985	0.8021395382	0.3916042255
0.5535524825	0.4464475175	0.8032388465	0.3909411543
0.5545534635	0.4454465365	0.8043342547	0.3902797809
0.5555544444	0.4444455556	0.8054257671	0.3896201001
0.5565554254	0.4434445746	0.806513388	0.3889621069
0.5575564064	0.4424435936	0.8075971216	0.3883057963
0.5585573874	0.4414426126	0.8086769724	0.387651163
0.5595583684	0.4404416316	0.8097529449	0.3869982021
0.5605593493	0.4394406507	0.8108250434	0.3863469086
0.5615603303	0.4384396697	0.8118932726	0.3856972773
0.5625613113	0.4374386887	0.812957637	0.3850493034
0.5635622923	0.4364377077	0.8140181413	0.3844029818
0.5645632733	0.4354367267	0.8150747902	0.3837583076
0.5655642543	0.4344357457	0.8161275885	0.3831152757
0.5665652352	0.4334347648	0.8171765409	0.3824738812
0.5675662162	0.4324337838	0.8182216522	0.3818341192
0.5685671972	0.4314328028	0.8192629274	0.3811959847
0.5695681782	0.4304318218	0.8203003715	0.3805594728
0.5705691592	0.4294308408	0.8213339893	0.3799245787
0.5715701401	0.4284298599	0.8223637859	0.3792912974
0.5725711211	0.4274288789	0.8233897664	0.3786596241
0.5735721021	0.4264278979	0.824411936	0.3780295539
0.5745730831	0.4254269169	0.8254302997	0.3774010819
0.5755740641	0.4244259359	0.8264448628	0.3767742034
0.576575045	0.423424955	0.8274556306	0.3761489135
0.577576026	0.422423974	0.8284626083	0.3755252075
0.578577007	0.421422993	0.8294658013	0.3749030804
0.579577988	0.420422012	0.8304652149	0.3742825276
0.580578969	0.419421031	0.8314608546	0.3736635442
0.5815799499	0.4184200501	0.8324527258	0.3730461256
0.5825809309	0.4174190691	0.833440834	0.372430267
0.5835819119	0.4164180881	0.8344251848	0.3718159636
0.5845828929	0.4154171071	0.8354057837	0.3712032108
0.5855838739	0.4144161261	0.8363826363	0.3705920039
0.5865848549	0.4134151451	0.8373557483	0.3699823381
0.5875858358	0.4124141642	0.8383251255	0.3693742089
0.5885868168	0.4114131832	0.8392907734	0.3687676115
0.5895877978	0.4104122022	0.8402526979	0.3681625413
0.5905887788	0.4094112212	0.8412109048	0.3675589938
0.5915897598	0.4084102402	0.8421653998	0.3669569642
0.5925907407	0.4074092593	0.843116189	0.3663564479
0.5935917217	0.4064082783	0.844063278	0.3657574405
0.5945927027	0.4054072973	0.845006673	0.3651599373
0.5955936837	0.4044063163	0.8459463799	0.3645639337
0.5965946647	0.4034053353	0.8468824046	0.3639694253
0.5975956456	0.4024043544	0.8478147531	0.3633764074
0.5985966266	0.4014033734	0.8487434317	0.3627848756
0.5995976076	0.4004023924	0.8496684462	0.3621948253
0.6005985886	0.3994014114	0.850589803	0.3616062521
0.6015995696	0.3984004304	0.8515075081	0.3610191514
0.6026005506	0.3973994494	0.8524215676	0.3604335189
0.6036015315	0.3963984685	0.8533319879	0.35984935
0.6046025125	0.3953974875	0.8542387752	0.3592666404
0.6056034935	0.3943965065	0.8551419357	0.3586853855
0.6066044745	0.3933955255	0.8560414757	0.358105581
0.6076054555	0.3923945445	0.8569374016	0.3575272225
0.6086064364	0.3913935636	0.8578297197	0.3569503056
0.6096074174	0.3903925826	0.8587184363	0.356374826
0.6106083984	0.3893916016	0.859603558	0.3558007792
0.6116093794	0.3883906206	0.8604850911	0.3552281609
0.6126103604	0.3873896396	0.8613630421	0.3546569668
0.6136113413	0.3863886587	0.8622374174	0.3540871925
0.6146123223	0.3853876777	0.8631082237	0.3535188338
0.6156133033	0.3843866967	0.8639754673	0.3529518864
0.6166142843	0.3833857157	0.8648391549	0.352386346
0.6176152653	0.3823847347	0.865699293	0.3518222083
0.6186162462	0.3813837538	0.8665558882	0.3512594691
0.6196172272	0.3803827728	0.8674089472	0.3506981241
0.6206182082	0.3793817918	0.8682584766	0.350138169
0.6216191892	0.3783808108	0.869104483	0.3495795998
0.6226201702	0.3773798298	0.8699469732	0.3490224122
0.6236211512	0.3763788488	0.8707859539	0.3484666019
0.6246221321	0.3753778679	0.8716214318	0.3479121648
0.6256231131	0.3743768869	0.8724534135	0.3473590969
0.6266240941	0.3733759059	0.873281906	0.3468073938
0.6276250751	0.3723749249	0.874106916	0.3462570515
0.6286260561	0.3713739439	0.8749284503	0.3457080658
0.629627037	0.370372963	0.8757465158	0.3451604326
0.630628018	0.369371982	0.8765611191	0.3446141479
0.631628999	0.368371001	0.8773722674	0.3440692076
0.63262998	0.36737002	0.8781799673	0.3435256075
0.633630961	0.366369039	0.8789842258	0.3429833436
0.6346319419	0.3653680581	0.8797850499	0.3424424119
0.6356329229	0.3643670771	0.8805824464	0.3419028083
0.6366339039	0.3633660961	0.8813764223	0.3413645289
0.6376348849	0.3623651151	0.8821669846	0.3408275695
0.6386358659	0.3613641341	0.8829541402	0.3402919263
0.6396368468	0.3603631532	0.8837378961	0.3397575952
0.6406378278	0.3593621722	0.8845182594	0.3392245722
0.6416388088	0.3583611912	0.885295237	0.3386928534
0.6426397898	0.3573602102	0.886068836	0.3381624349
0.6436407708	0.3563592292	0.8868390634	0.3376333127
0.6446417518	0.3553582482	0.8876059264	0.3371054828
0.6456427327	0.3543572673	0.8883694319	0.3365789415
0.6466437137	0.3533562863	0.8891295871	0.3360536847
0.6476446947	0.3523553053	0.889886399	0.3355297086
0.6486456757	0.3513543243	0.8906398749	0.3350070094
0.6496466567	0.3503533433	0.8913900217	0.3344855831
0.6506476376	0.3493523624	0.8921368467	0.333965426
0.6516486186	0.3483513814	0.892880357	0.3334465341
0.6526495996	0.3473504004	0.8936205598	0.3329289037
0.6536505806	0.3463494194	0.8943574621	0.332412531
0.6546515616	0.3453484384	0.8950910713	0.3318974121
0.6556525425	0.3443474575	0.8958213945	0.3313835433
0.6566535235	0.3433464765	0.8965484388	0.3308709208
0.6576545045	0.3423454955	0.8972722116	0.3303595408
0.6586554855	0.3413445145	0.89799272	0.3298493997
0.6596564665	0.3403435335	0.8987099712	0.3293404935
0.6606574474	0.3393425526	0.8994239726	0.3288328187
0.6616584284	0.3383415716	0.9001347312	0.3283263715
0.6626594094	0.3373405906	0.9008422545	0.3278211482
0.6636603904	0.3363396096	0.9015465496	0.3273171451
0.6646613714	0.3353386286	0.9022476238	0.3268143586
0.6656623524	0.3343376476	0.9029454844	0.3263127849
0.6666633333	0.3333366667	0.9036401387	0.3258124205
0.6676643143	0.3323356857	0.904331594	0.3253132616
0.6686652953	0.3313347047	0.9050198575	0.3248153047
0.6696662763	0.3303337237	0.9057049366	0.3243185461
0.6706672573	0.3293327427	0.9063868386	0.3238229822
0.6716682382	0.3283317618	0.9070655708	0.3233286095
0.6726692192	0.3273307808	0.9077411405	0.3228354243
0.6736702002	0.3263297998	0.908413555	0.322343423
0.6746711812	0.3253288188	0.9090828218	0.3218526022
0.6756721622	0.3243278378	0.909748948	0.3213629582
0.6766731431	0.3233268569	0.9104119411	0.3208744876
0.6776741241	0.3223258759	0.9110718083	0.3203871867
0.6786751051	0.3213248949	0.9117285572	0.3199010522
0.6796760861	0.3203239139	0.9123821949	0.3194160804
0.6806770671	0.3193229329	0.9130327289	0.3189322679
0.681678048	0.318321952	0.9136801664	0.3184496112
0.682679029	0.317320971	0.914324515	0.3179681069
0.68368001	0.31631999	0.9149657819	0.3174877514
0.684680991	0.315319009	0.9156039746	0.3170085414
0.685681972	0.314318028	0.9162391003	0.3165304734
0.686682953	0.313317047	0.9168711665	0.316053544
0.6876839339	0.3123160661	0.9175001805	0.3155777497
0.6886849149	0.3113150851	0.9181261498	0.3151030872
0.6896858959	0.3103141041	0.9187490816	0.314629553
0.6906868769	0.3093131231	0.9193689835	0.3141571439
0.6916878579	0.3083121421	0.9199858627	0.3136858564
0.6926888388	0.3073111612	0.9205997266	0.3132156871
0.6936898198	0.3063101802	0.9212105827	0.3127466328
0.6946908008	0.3053091992	0.9218184383	0.3122786901
0.6956917818	0.3043082182	0.9224233008	0.3118118556
0.6966927628	0.3033072372	0.9230251776	0.3113461261
0.6976937437	0.3023062563	0.923624076	0.3108814983
0.6986947247	0.3013052753	0.9242200036	0.3104179688
0.6996957057	0.3003042943	0.9248129676	0.3099555343
0.7006966867	0.2993033133	0.9254029754	0.3094941917
0.7016976677	0.2983023323	0.9259900345	0.3090339377
0.7026986486	0.2973013514	0.9265741522	0.3085747689
0.7036996296	0.2963003704	0.9271553358	0.3081166822
0.7047006106	0.2952993894	0.9277335929	0.3076596744
0.7057015916	0.2942984084	0.9283089307	0.3072037421
0.7067025726	0.2932974274	0.9288813566	0.3067488823
0.7077035536	0.2922964464	0.929450878	0.3062950917
0.7087045345	0.2912954655	0.9300175024	0.3058423671
0.7097055155	0.2902944845	0.930581237	0.3053907054
0.7107064965	0.2892935035	0.9311420893	0.3049401034
0.7117074775	0.2882925225	0.9317000665	0.304490558
0.7127084585	0.2872915415	0.9322551762	0.3040420659
0.7137094394	0.2862905606	0.9328074255	0.3035946242
0.7147104204	0.2852895796	0.933356822	0.3031482295
0.7157114014	0.2842885986	0.933903373	0.3027028789
0.7167123824	0.2832876176	0.9344470857	0.3022585693
0.7177133634	0.2822866366	0.9349879677	0.3018152975
0.7187143443	0.2812856557	0.9355260261	0.3013730604
0.7197153253	0.2802846747	0.9360612684	0.3009318551
0.7207163063	0.2792836937	0.9365937019	0.3004916784
0.7217172873	0.2782827127	0.937123334	0.3000525273
0.7227182683	0.2772817317	0.9376501719	0.2996143987
0.7237192492	0.2762807508	0.9381742231	0.2991772896
0.7247202302	0.2752797698	0.9386954948	0.298741197
0.7257212112	0.2742787888	0.9392139943	0.2983061179
0.7267221922	0.2732778078	0.939729729	0.2978720493
0.7277231732	0.2722768268	0.9402427062	0.2974389882
0.7287241542	0.2712758458	0.9407529331	0.2970069316
0.7297251351	0.2702748649	0.9412604172	0.2965758766
0.7307261161	0.2692738839	0.9417651656	0.2961458201
0.7317270971	0.2682729029	0.9422671857	0.2957167593
0.7327280781	0.2672719219	0.9427664848	0.2952886911
0.7337290591	0.2662709409	0.9432630701	0.2948616128
0.73473004	0.26526996	0.9437569489	0.2944355212
0.735731021	0.264268979	0.9442481286	0.2940104136
0.736732002	0.263267998	0.9447366162	0.293586287
0.737732983	0.262267017	0.9452224192	0.2931631386
0.738733964	0.261266036	0.9457055447	0.2927409654
0.7397349449	0.2602650551	0.946186	0.2923197645
0.7407359259	0.2592640741	0.9466637923	0.2918995332
0.7417369069	0.2582630931	0.9471389289	0.2914802686
0.7427378879	0.2572621121	0.947611417	0.2910619678
0.7437388689	0.2562611311	0.9480812637	0.2906446279
0.7447398498	0.2552601502	0.9485484765	0.2902282462
0.7457408308	0.2542591692	0.9490130623	0.2898128199
0.7467418118	0.2532581882	0.9494750284	0.2893983461
0.7477427928	0.2522572072	0.9499343821	0.288984822
0.7487437738	0.2512562262	0.9503911304	0.2885722449
0.7497447548	0.2502552452	0.9508452806	0.2881606119
0.7507457357	0.2492542643	0.9512968398	0.2877499204
0.7517467167	0.2482532833	0.9517458152	0.2873401674
0.7527476977	0.2472523023	0.952192214	0.2869313504
0.7537486787	0.2462513213	0.9526360432	0.2865234665
0.7547496597	0.2452503403	0.9530773101	0.2861165131
0.7557506406	0.2442493594	0.9535160217	0.2857104873
0.7567516216	0.2432483784	0.9539521852	0.2853053865
0.7577526026	0.2422473974	0.9543858077	0.2849012079
0.7587535836	0.2412464164	0.9548168962	0.284497949
0.7597545646	0.2402454354	0.9552454579	0.2840956069
0.7607555455	0.2392444545	0.9556714999	0.283694179
0.7617565265	0.2382434735	0.9560950293	0.2832936627
0.7627575075	0.2372424925	0.956516053	0.2828940552
0.7637584885	0.2362415115	0.9569345782	0.2824953539
0.7647594695	0.2352405305	0.957350612	0.2820975563
0.7657604505	0.2342395495	0.9577641613	0.2817006596
0.7667614314	0.2332385686	0.9581752332	0.2813046612
0.7677624124	0.2322375876	0.9585838347	0.2809095585
0.7687633934	0.2312366066	0.9589899729	0.2805153489
0.7697643744	0.2302356256	0.9593936547	0.2801220298
0.7707653554	0.2292346446	0.9597948872	0.2797295986
0.7717663363	0.2282336637	0.9601936773	0.2793380527
0.7727673173	0.2272326827	0.960590032	0.2789473896
0.7737682983	0.2262317017	0.9609839583	0.2785576066
0.7747692793	0.2252307207	0.9613754631	0.2781687013
0.7757702603	0.2242297397	0.9617645534	0.277780671
0.7767712412	0.2232287588	0.9621512361	0.2773935133
0.7777722222	0.2222277778	0.9625355181	0.2770072256
0.7787732032	0.2212267968	0.9629174065	0.2766218054
0.7797741842	0.2202258158	0.963296908	0.2762372502
0.7807751652	0.2192248348	0.9636740296	0.2758535574
0.7817761461	0.2182238539	0.9640487781	0.2754707246
0.7827771271	0.2172228729	0.9644211605	0.2750887493
0.7837781081	0.2162218919	0.9647911836	0.274707629
0.7847790891	0.2152209109	0.9651588543	0.2743273612
0.7857800701	0.2142199299	0.9655241793	0.2739479434
0.7867810511	0.2132189489	0.9658871657	0.2735693733
0.787782032	0.212217968	0.9662478201	0.2731916483
0.788783013	0.211216987	0.9666061494	0.2728147661
0.789783994	0.210216006	0.9669621604	0.2724387241
0.790784975	0.209215025	0.9673158599	0.27206352
0.791785956	0.208214044	0.9676672547	0.2716891513
0.7927869369	0.2072130631	0.9680163515	0.2713156157
0.7937879179	0.2062120821	0.9683631571	0.2709429107
0.7947888989	0.2052111011	0.9687076783	0.270571034
0.7957898799	0.2042101201	0.9690499218	0.2701999831
0.7967908609	0.2032091391	0.9693898943	0.2698297557
0.7977918418	0.2022081582	0.9697276026	0.2694603495
0.7987928228	0.2012071772	0.9700630533	0.269091762
0.7997938038	0.2002061962	0.9703962532	0.2687239909
0.8007947848	0.1992052152	0.9707272089	0.2683570339
0.8017957658	0.1982042342	0.971055927	0.2679908886
0.8027967467	0.1972032533	0.9713824144	0.2676255527
0.8037977277	0.1962022723	0.9717066776	0.2672610238
0.8047987087	0.1952012913	0.9720287232	0.2668972998
0.8057996897	0.1942003103	0.9723485578	0.2665343782
0.8068006707	0.1931993293	0.9726661882	0.2661722568
0.8078016517	0.1921983483	0.9729816209	0.2658109332
0.8088026326	0.1911973674	0.9732948624	0.2654504053
0.8098036136	0.1901963864	0.9736059194	0.2650906706
0.8108045946	0.1891954054	0.9739147985	0.264731727
0.8118055756	0.1881944244	0.9742215061	0.2643735722
0.8128065566	0.1871934434	0.9745260488	0.2640162039
0.8138075375	0.1861924625	0.9748284333	0.2636596199
0.8148085185	0.1851914815	0.9751286659	0.263303818
0.8158094995	0.1841905005	0.9754267531	0.2629487959
0.8168104805	0.1831895195	0.9757227016	0.2625945514
0.8178114615	0.1821885385	0.9760165178	0.2622410823
0.8188124424	0.1811875576	0.9763082081	0.2618883863
0.8198134234	0.1801865766	0.976597779	0.2615364614
0.8208144044	0.1791855956	0.9768852369	0.2611853052
0.8218153854	0.1781846146	0.9771705883	0.2608349156
0.8228163664	0.1771836336	0.9774538397	0.2604852904
0.8238173473	0.1761826527	0.9777349973	0.2601364275
0.8248183283	0.1751816717	0.9780140677	0.2597883247
0.8258193093	0.1741806907	0.9782910572	0.2594409798
0.8268202903	0.1731797097	0.9785659721	0.2590943907
0.8278212713	0.1721787287	0.9788388189	0.2587485552
0.8288222523	0.1711777477	0.9791096039	0.2584034712
0.8298232332	0.1701767668	0.9793783335	0.2580591365
0.8308242142	0.1691757858	0.9796450138	0.2577155492
0.8318251952	0.1681748048	0.9799096514	0.2573727069
0.8328261762	0.1671738238	0.9801722524	0.2570306077
0.8338271572	0.1661728428	0.9804328231	0.2566892494
0.8348281381	0.1651718619	0.9806913699	0.2563486299
0.8358291191	0.1641708809	0.980947899	0.2560087472
0.8368301001	0.1631698999	0.9812024166	0.2556695992
0.8378310811	0.1621689189	0.9814549289	0.2553311837
0.8388320621	0.1611679379	0.9817054423	0.2549934988
0.839833043	0.160166957	0.9819539629	0.2546565423
0.840834024	0.159165976	0.9822004968	0.2543203122
0.841835005	0.158164995	0.9824450504	0.2539848065
0.842835986	0.157164014	0.9826876297	0.2536500232
0.843836967	0.156163033	0.9829282409	0.2533159601
0.8448379479	0.1551620521	0.9831668903	0.2529826153
0.8458389289	0.1541610711	0.9834035838	0.2526499868
0.8468399099	0.1531600901	0.9836383276	0.2523180725
0.8478408909	0.1521591091	0.9838711279	0.2519868704
0.8488418719	0.1511581281	0.9841019906	0.2516563786
0.8498428529	0.1501571471	0.984330922	0.251326595
0.8508438338	0.1491561662	0.9845579281	0.2509975177
0.8518448148	0.1481551852	0.9847830149	0.2506691446
0.8528457958	0.1471542042	0.9850061885	0.2503414739
0.8538467768	0.1461532232	0.9852274549	0.2500145035
0.8548477578	0.1451522422	0.9854468202	0.2496882315
0.8558487387	0.1441512613	0.9856642902	0.2493626559
0.8568497197	0.1431502803	0.9858798711	0.2490377748
0.8578507007	0.1421492993	0.9860935688	0.2487135862
0.8588516817	0.1411483183	0.9863053893	0.2483900883
0.8598526627	0.1401473373	0.9865153385	0.248067279
0.8608536436	0.1391463564	0.9867234223	0.2477451564
0.8618546246	0.1381453754	0.9869296467	0.2474237188
0.8628556056	0.1371443944	0.9871340177	0.247102964
0.8638565866	0.1361434134	0.987336541	0.2467828903
0.8648575676	0.1351424324	0.9875372226	0.2464634957
0.8658585485	0.1341414515	0.9877360684	0.2461447784
0.8668595295	0.1331404705	0.9879330842	0.2458267364
0.8678605105	0.1321394895	0.9881282759	0.2455093679
0.8688614915	0.1311385085	0.9883216492	0.245192671
0.8698624725	0.1301375275	0.9885132101	0.2448766439
0.8708634535	0.1291365465	0.9887029644	0.2445612847
0.8718644344	0.1281355656	0.9888909177	0.2442465915
0.8728654154	0.1271345846	0.989077076	0.2439325624
0.8738663964	0.1261336036	0.989261445	0.2436191958
0.8748673774	0.1251326226	0.9894440304	0.2433064896
0.8758683584	0.1241316416	0.9896248379	0.2429944421
0.8768693393	0.1231306607	0.9898038734	0.2426830515
0.8778703203	0.1221296797	0.9899811425	0.242372316
0.8788713013	0.1211286987	0.9901566509	0.2420622336
0.8798722823	0.1201277177	0.9903304044	0.2417528027
0.8808732633	0.1191267367	0.9905024085	0.2414440215
0.8818742442	0.1181257558	0.990672669	0.241135888
0.8828752252	0.1171247748	0.9908411915	0.2408284006
0.8838762062	0.1161237938	0.9910079816	0.2405215575
0.8848771872	0.1151228128	0.991173045	0.2402153569
0.8858781682	0.1141218318	0.9913363872	0.239909797
0.8868791491	0.1131208509	0.991498014	0.2396048761
0.8878801301	0.1121198699	0.9916579307	0.2393005923
0.8888811111	0.1111188889	0.9918161431	0.238996944
0.8898820921	0.1101179079	0.9919726567	0.2386939294
0.8908830731	0.1091169269	0.992127477	0.2383915468
0.8918840541	0.1081159459	0.9922806096	0.2380897944
0.892885035	0.107114965	0.9924320599	0.2377886705
0.893886016	0.106113984	0.9925818335	0.2374881733
0.894886997	0.105113003	0.9927299359	0.2371883012
0.895887978	0.104112022	0.9928763725	0.2368890525
0.896888959	0.103111041	0.9930211489	0.2365904254
0.8978899399	0.1021100601	0.9931642703	0.2362924182
0.8988909209	0.1011090791	0.9933057424	0.2359950292
0.8998919019	0.1001080981	0.9934455705	0.2356982568
0.9008928829	0.09910711712	0.9935837601	0.2354020993
0.9018938639	0.09810613614	0.9937203165	0.2351065549
0.9028948448	0.09710515516	0.9938552451	0.234811622
0.9038958258	0.09610417417	0.9939885513	0.234517299
0.9048968068	0.09510319319	0.9941202404	0.2342235841
0.9058977878	0.09410221221	0.9942503178	0.2339304757
0.9068987688	0.09310123123	0.9943787889	0.2336379723
0.9078997497	0.09210025025	0.9945056589	0.233346072
0.9089007307	0.09109926927	0.9946309331	0.2330547733
0.9099017117	0.09009828829	0.9947546169	0.2327640745
0.9109026927	0.08909730731	0.9948767155	0.232473974
0.9119036737	0.08809632633	0.9949972343	0.2321844702
0.9129046547	0.08709534535	0.9951161783	0.2318955615
0.9139056356	0.08609436436	0.9952335529	0.2316072462
0.9149066166	0.08509338338	0.9953493634	0.2313195228
0.9159075976	0.0840924024	0.9954636149	0.2310323895
0.9169085786	0.08309142142	0.9955763126	0.2307458449
0.9179095596	0.08209044044	0.9956874617	0.2304598873
0.9189105405	0.08108945946	0.9957970674	0.2301745152
0.9199115215	0.08008847848	0.9959051348	0.2298897269
0.9209125025	0.0790874975	0.9960116692	0.2296055209
0.9219134835	0.07808651652	0.9961166756	0.2293218956
0.9229144645	0.07708553554	0.9962201591	0.2290388495
0.9239154454	0.07608455455	0.9963221249	0.2287563809
0.9249164264	0.07508357357	0.9964225781	0.2284744883
0.9259174074	0.07408259259	0.9965215237	0.2281931702
0.9269183884	0.07308161161	0.9966189668	0.227912425
0.9279193694	0.07208063063	0.9967149125	0.2276322512
0.9289203504	0.07107964965	0.9968093658	0.2273526472
0.9299213313	0.07007866867	0.9969023317	0.2270736115
0.9309223123	0.06907768769	0.9969938153	0.2267951425
0.9319232933	0.06807670671	0.9970838216	0.2265172388
0.9329242743	0.06707572573	0.9971723555	0.2262398988
0.9339252553	0.06607474474	0.9972594221	0.225963121
0.9349262362	0.06507376376	0.9973450263	0.2256869039
0.9359272172	0.06407278278	0.9974291731	0.225411246
0.9369281982	0.0630718018	0.9975118673	0.2251361458
0.9379291792	0.06207082082	0.997593114	0.2248616018
0.9389301602	0.06106983984	0.997672918	0.2245876125
0.9399311411	0.06006885886	0.9977512843	0.2243141764
0.9409321221	0.05906787788	0.9978282177	0.2240412921
0.9419331031	0.0580668969	0.9979037231	0.223768958
0.9429340841	0.05706591592	0.9979778053	0.2234971728
0.9439350651	0.05606493493	0.9980504693	0.2232259348
0.944936046	0.05506395395	0.9981217199	0.2229552427
0.945937027	0.05406297297	0.9981915619	0.2226850951
0.946938008	0.05306199199	0.99826	0.2224154904
0.947938989	0.05206101101	0.9983270391	0.2221464272
0.94893997	0.05106003003	0.9983926841	0.221877904
0.949940951	0.05005904905	0.9984569395	0.2216099195
0.9509419319	0.04905806807	0.9985198103	0.2213424722
0.9519429129	0.04805708709	0.9985813012	0.2210755607
0.9529438939	0.04705610611	0.9986414169	0.2208091834
0.9539448749	0.04605512513	0.9987001621	0.2205433392
0.9549458559	0.04505414414	0.9987575415	0.2202780264
0.9559468368	0.04405316316	0.9988135599	0.2200132437
0.9569478178	0.04305218218	0.9988682218	0.2197489897
0.9579487988	0.0420512012	0.9989215321	0.219485263
0.9589497798	0.04105022022	0.9989734953	0.2192220621
0.9599507608	0.04004923924	0.9990241162	0.2189593858
0.9609517417	0.03904825826	0.9990733992	0.2186972326
0.9619527227	0.03804727728	0.9991213491	0.2184356011
0.9629537037	0.0370462963	0.9991679705	0.2181744899
0.9639546847	0.03604531532	0.9992132679	0.2179138977
0.9649556657	0.03504433433	0.999257246	0.2176538231
0.9659566466	0.03404335335	0.9992999093	0.2173942647
0.9669576276	0.03304237237	0.9993412624	0.2171352212
0.9679586086	0.03204139139	0.9993813098	0.2168766912
0.9689595896	0.03104041041	0.9994200561	0.2166186733
0.9699605706	0.03003942943	0.9994575058	0.2163611663
0.9709615516	0.02903844845	0.9994936633	0.2161041687
0.9719625325	0.02803746747	0.9995285333	0.2158476792
0.9729635135	0.02703648649	0.9995621201	0.2155916965
0.9739644945	0.02603550551	0.9995944283	0.2153362193
0.9749654755	0.02503452452	0.9996254623	0.2150812461
0.9759664565	0.02403354354	0.9996552265	0.2148267758
0.9769674374	0.02303256256	0.9996837255	0.214572807
0.9779684184	0.02203158158	0.9997109635	0.2143193383
0.9789693994	0.0210306006	0.9997369452	0.2140663684
0.9799703804	0.02002961962	0.9997616747	0.2138138961
0.9809713614	0.01902863864	0.9997851566	0.2135619201
0.9819723423	0.01802765766	0.9998073951	0.213310439
0.9829733233	0.01702667668	0.9998283947	0.2130594515
0.9839743043	0.0160256957	0.9998481598	0.2128089564
0.9849752853	0.01502471471	0.9998666946	0.2125589523
0.9859762663	0.01402373373	0.9998840034	0.212309438
0.9869772472	0.01302275275	0.9999000907	0.2120604123
0.9879782282	0.01202177177	0.9999149606	0.2118118737
0.9889792092	0.01102079079	0.9999286175	0.2115638212
0.9899801902	0.01001980981	0.9999410657	0.2113162533
0.9909811712	0.009018828829	0.9999523095	0.2110691688
0.9919821522	0.008017847848	0.999962353	0.2108225666
0.9929831331	0.007016866867	0.9999712005	0.2105764452
0.9939841141	0.006015885886	0.9999788563	0.2103308035
0.9949850951	0.005014904905	0.9999853246	0.2100856402
0.9959860761	0.004013923924	0.9999906095	0.2098409542
0.9969870571	0.003012942943	0.9999947154	0.209596744
0.997988038	0.002011961962	0.9999976463	0.2093530085
0.998989019	0.001010980981	0.9999994064	0.2091097466
0.99999	1e-05	0.9999999999	0.2088669568
