1e-05	0.99999	875680.8782	1.000000027
0.001010980981	0.998989019	519388.8229	1.000264698
0.002011961962	0.997988038	316012.1409	1.001015302
0.003012942943	0.9969870571	196916.7607	1.002206703
0.004013923924	0.9959860761	125483.627	1.003798439
0.005014904905	0.9949850951	81662.74233	1.005754141
0.006015885886	0.9939841141	54205.73412	1.00804103
0.007016866867	0.9929831331	36655.8668	1.010629491
0.008017847848	0.9919821522	25226.00684	1.013492703
0.009018828829	0.9909811712	17649.15553	1.01660632
0.01001980981	0.9899801902	12541.93041	1.019948196
0.01102079079	0.9889792092	9044.672737	1.023498147
0.01202177177	0.9879782282	6613.910362	1.027237738
0.01302275275	0.9869772472	4900.422605	1.031150104
0.01402373373	0.9859762663	3676.319637	1.035219788
0.01502471471	0.9849752853	2790.694967	1.039432599
0.0160256957	0.9839743043	2142.221116	1.043775492
0.01702667668	0.9829733233	1661.956364	1.048236451
0.01802765766	0.9819723423	1302.400991	1.0528044
0.01902863864	0.9809713614	1030.435001	1.05746911
0.02002961962	0.9799703804	822.7005691	1.062221124
0.0210306006	0.9789693994	662.5449719	1.067051691
0.02203158158	0.9779684184	537.9723708	1.071952702
0.02303256256	0.9769674374	440.2557985	1.076916632
0.02403354354	0.9759664565	362.986254	1.081936498
0.02503452452	0.9749654755	301.4144365	1.087005808
0.02603550551	0.9739644945	251.9904967	1.092118525
0.02703648649	0.9729635135	212.0391551	1.097269027
0.02803746747	0.9719625325	179.5282662	1.102452078
0.02903844845	0.9709615516	152.9025005	1.107662797
0.03003942943	0.9699605706	130.9628132	1.112896628
0.03104041041	0.9689595896	112.7783859	1.118149323
0.03204139139	0.9679586086	97.62179359	1.123416909
0.03304237237	0.9669576276	84.92091256	1.128695679
0.03404335335	0.9659566466	74.22299141	1.133982164
0.03504433433	0.9649556657	65.16762272	1.139273121
0.03604531532	0.9639546847	57.46627532	1.144565518
0.0370462963	0.9629537037	50.88669541	1.149856515
0.03804727728	0.9619527227	45.240945	1.155143456
0.03904825826	0.9609517417	40.37617492	1.160423854
0.04004923924	0.9599507608	36.16746646	1.16569538
0.04105022022	0.9589497798	32.51224719	1.170955854
0.0420512012	0.9579487988	29.32591145	1.176203233
0.04305218218	0.9569478178	26.53836801	1.181435607
0.04405316316	0.9559468368	24.09130501	1.186651185
0.04505414414	0.9549458559	21.93601276	1.191848292
0.04605512513	0.9539448749	20.03164253	1.197025358
0.04705610611	0.9529438939	18.34380784	1.202180917
0.04805708709	0.9519429129	16.84345582	1.207313595
0.04905806807	0.9509419319	15.50595289	1.212422109
0.05005904905	0.949940951	14.31034087	1.217505258
0.05106003003	0.94893997	13.2387294	1.222561921
0.05206101101	0.947938989	12.27579783	1.227591052
0.05306199199	0.946938008	11.40838535	1.232591674
0.05406297297	0.945937027	10.62515246	1.237562876
0.05506395395	0.944936046	9.916300426	1.242503812
0.05606493493	0.9439350651	9.273338001	1.247413692
0.05706591592	0.9429340841	8.68888681	1.252291783
0.0580668969	0.9419331031	8.156518463	1.257137404
0.05906787788	0.9409321221	7.670617821	1.261949925
0.06006885886	0.9399311411	7.22626785	1.266728762
0.06106983984	0.9389301602	6.819152389	1.271473376
0.06207082082	0.9379291792	6.445473795	1.27618327
0.0630718018	0.9369281982	6.101883018	1.280857987
0.06407278278	0.9359272172	5.785420046	1.285497107
0.06507376376	0.9349262362	5.49346307	1.290100246
0.06607474474	0.9339252553	5.223684972	1.294667056
0.06707572573	0.9329242743	4.974015987	1.299197219
0.06807670671	0.9319232933	4.742611596	1.303690447
0.06907768769	0.9309223123	4.527824841	1.308146482
0.07007866867	0.9299213313	4.328182407	1.312565093
0.07107964965	0.9289203504	4.142363907	1.316946075
0.07208063063	0.9279193694	3.969183905	1.321289247
0.07308161161	0.9269183884	3.807576282	1.325594454
0.07408259259	0.9259174074	3.656580608	1.329861558
0.07508357357	0.9249164264	3.515330249	1.334090447
0.07608455455	0.9239154454	3.383041952	1.338281027
0.07708553554	0.9229144645	3.259006719	1.342433222
0.07808651652	0.9219134835	3.142581794	1.346546975
0.0790874975	0.9209125025	3.033183609	1.350622245
0.08008847848	0.9199115215	2.930281569	1.354659009
0.08108945946	0.9189105405	2.833392564	1.358657257
0.08209044044	0.9179095596	2.742076112	1.362616996
0.08309142142	0.9169085786	2.655930059	1.366538243
0.0840924024	0.9159075976	2.574586767	1.370421033
0.08509338338	0.9149066166	2.497709717	1.374265409
0.08609436436	0.9139056356	2.424990492	1.378071428
0.08709534535	0.9129046547	2.356146084	1.381839158
0.08809632633	0.9119036737	2.290916496	1.385568676
0.08909730731	0.9109026927	2.229062588	1.38926007
0.09009828829	0.9099017117	2.170364153	1.392913438
0.09109926927	0.9089007307	2.114618198	1.396528887
0.09210025025	0.9078997497	2.06163739	1.40010653
0.09310123123	0.9068987688	2.011248667	1.403646491
0.09410221221	0.9058977878	1.963291983	1.4071489
0.09510319319	0.9048968068	1.917619177	1.410613895
0.09610417417	0.9038958258	1.87409296	1.414041618
0.09710515516	0.9028948448	1.832585986	1.417432222
0.09810613614	0.9018938639	1.792980024	1.420785862
0.09910711712	0.9008928829	1.755165202	1.4241027
0.1001080981	0.8998919019	1.719039323	1.427382905
0.1011090791	0.8988909209	1.684507243	1.430626647
0.1021100601	0.8978899399	1.651480309	1.433834105
0.103111041	0.896888959	1.619875841	1.43700546
0.104112022	0.895887978	1.58961667	1.440140896
0.105113003	0.894886997	1.560630707	1.443240605
0.106113984	0.893886016	1.532850558	1.446304779
0.107114965	0.892885035	1.506213166	1.449333614
0.1081159459	0.8918840541	1.480659485	1.452327311
0.1091169269	0.8908830731	1.456134187	1.455286071
0.1101179079	0.8898820921	1.432585386	1.458210101
0.1111188889	0.8888811111	1.409964389	1.461099607
0.1121198699	0.8878801301	1.388225467	1.4639548
0.1131208509	0.8868791491	1.367325644	1.466775893
0.1141218318	0.8858781682	1.347224506	1.4695631
0.1151228128	0.8848771872	1.327884017	1.472316637
0.1161237938	0.8838762062	1.309268361	1.475036722
0.1171247748	0.8828752252	1.291343788	1.477723574
0.1181257558	0.8818742442	1.274078472	1.480377413
0.1191267367	0.8808732633	1.257442388	1.482998463
0.1201277177	0.8798722823	1.241407188	1.485586946
0.1211286987	0.8788713013	1.225946093	1.488143086
0.1221296797	0.8778703203	1.211033792	1.490667108
0.1231306607	0.8768693393	1.196646343	1.493159238
0.1241316416	0.8758683584	1.182761094	1.495619701
0.1251326226	0.8748673774	1.169356593	1.498048726
0.1261336036	0.8738663964	1.156412519	1.500446538
0.1271345846	0.8728654154	1.143909608	1.502813365
0.1281355656	0.8718644344	1.131829591	1.505149436
0.1291365465	0.8708634535	1.120155133	1.507454978
0.1301375275	0.8698624725	1.108869774	1.50973022
0.1311385085	0.8688614915	1.097957883	1.511975389
0.1321394895	0.8678605105	1.0874046	1.514190713
0.1331404705	0.8668595295	1.077195799	1.51637642
0.1341414515	0.8658585485	1.067318043	1.518532738
0.1351424324	0.8648575676	1.05775854	1.520659894
0.1361434134	0.8638565866	1.048505113	1.522758115
0.1371443944	0.8628556056	1.03954616	1.524827627
0.1381453754	0.8618546246	1.030870624	1.526868657
0.1391463564	0.8608536436	1.022467963	1.528881431
0.1401473373	0.8598526627	1.01432812	1.530866172
0.1411483183	0.8588516817	1.006441499	1.532823106
0.1421492993	0.8578507007	0.998798937	1.534752456
0.1431502803	0.8568497197	0.9913916827	1.536654445
0.1441512613	0.8558487387	0.9842113745	1.538529296
0.1451522422	0.8548477578	0.977250019	1.54037723
0.1461532232	0.8538467768	0.9704999725	1.542198467
0.1471542042	0.8528457958	0.9639539224	1.543993228
0.1481551852	0.8518448148	0.9576048705	1.545761732
0.1491561662	0.8508438338	0.9514461164	1.547504196
0.1501571471	0.8498428529	0.945471243	1.549220837
0.1511581281	0.8488418719	0.9396741016	1.550911872
0.1521591091	0.8478408909	0.9340487992	1.552577515
0.1531600901	0.8468399099	0.9285896853	1.554217981
0.1541610711	0.8458389289	0.9232913402	1.555833483
0.1551620521	0.8448379479	0.9181485637	1.557424232
0.156163033	0.843836967	0.9131563645	1.558990439
0.157164014	0.842835986	0.9083099503	1.560532314
0.158164995	0.841835005	0.9036047181	1.562050066
0.159165976	0.840834024	0.8990362453	1.563543901
0.160166957	0.839833043	0.8946002814	1.565014027
0.1611679379	0.8388320621	0.8902927399	1.566460647
0.1621689189	0.8378310811	0.8861096906	1.567883966
0.1631698999	0.8368301001	0.8820473527	1.569284187
0.1641708809	0.8358291191	0.8781020878	1.57066151
0.1651718619	0.8348281381	0.8742703933	1.572016136
0.1661728428	0.8338271572	0.8705488968	1.573348264
0.1671738238	0.8328261762	0.8669343499	1.574658091
0.1681748048	0.8318251952	0.8634236229	1.575945815
0.1691757858	0.8308242142	0.8600136995	1.577211629
0.1701767668	0.8298232332	0.8567016718	1.578455728
0.1711777477	0.8288222523	0.8534847359	1.579678304
0.1721787287	0.8278212713	0.8503601873	1.580879548
0.1731797097	0.8268202903	0.8473254162	1.582059651
0.1741806907	0.8258193093	0.8443779044	1.583218801
0.1751816717	0.8248183283	0.8415152206	1.584357186
0.1761826527	0.8238173473	0.8387350172	1.585474991
0.1771836336	0.8228163664	0.836035027	1.586572401
0.1781846146	0.8218153854	0.8334130593	1.5876496
0.1791855956	0.8208144044	0.8308669972	1.588706769
0.1801865766	0.8198134234	0.8283947947	1.58974409
0.1811875576	0.8188124424	0.8259944735	1.590761741
0.1821885385	0.8178114615	0.8236641204	1.591759902
0.1831895195	0.8168104805	0.8214018849	1.592738749
0.1841905005	0.8158094995	0.8192059765	1.593698457
0.1851914815	0.8148085185	0.8170746625	1.594639201
0.1861924625	0.8138075375	0.8150062656	1.595561154
0.1871934434	0.8128065566	0.8129991617	1.596464486
0.1881944244	0.8118055756	0.8110517783	1.597349369
0.1891954054	0.8108045946	0.8091625919	1.598215971
0.1901963864	0.8098036136	0.8073301266	1.599064461
0.1911973674	0.8088026326	0.8055529521	1.599895004
0.1921983483	0.8078016517	0.803829682	1.600707765
0.1931993293	0.8068006707	0.8021589724	1.601502909
0.1942003103	0.8057996897	0.8005395198	1.602280597
0.1952012913	0.8047987087	0.7989700601	1.603040992
0.1962022723	0.8037977277	0.7974493672	1.603784252
0.1972032533	0.8027967467	0.7959762512	1.604510537
0.1982042342	0.8017957658	0.7945495573	1.605220004
0.1992052152	0.8007947848	0.7931681646	1.60591281
0.2002061962	0.7997938038	0.791830985	1.606589108
0.2012071772	0.7987928228	0.7905369617	1.607249053
0.2022081582	0.7977918418	0.7892850683	1.607892796
0.2032091391	0.7967908609	0.7880743079	1.60852049
0.2042101201	0.7957898799	0.7869037116	1.609132284
0.2052111011	0.7947888989	0.7857723382	1.609728326
0.2062120821	0.7937879179	0.7846792726	1.610308764
0.2072130631	0.7927869369	0.7836236253	1.610873745
0.208214044	0.791785956	0.7826045314	1.611423413
0.209215025	0.790784975	0.7816211499	1.611957911
0.210216006	0.789783994	0.7806726625	1.612477383
0.211216987	0.788783013	0.7797582734	1.61298197
0.212217968	0.787782032	0.7788772083	1.613471812
0.2132189489	0.7867810511	0.7780287135	1.613947049
0.2142199299	0.7857800701	0.7772120555	1.614407817
0.2152209109	0.7847790891	0.7764265204	1.614854254
0.2162218919	0.7837781081	0.7756714128	1.615286495
0.2172228729	0.7827771271	0.7749460557	1.615704675
0.2182238539	0.7817761461	0.7742497898	1.616108926
0.2192248348	0.7807751652	0.7735819727	1.616499381
0.2202258158	0.7797741842	0.7729419788	1.616876171
0.2212267968	0.7787732032	0.7723291982	1.617239426
0.2222277778	0.7777722222	0.7717430367	1.617589274
0.2232287588	0.7767712412	0.7711829151	1.617925843
0.2242297397	0.7757702603	0.7706482687	1.618249259
0.2252307207	0.7747692793	0.770138547	1.618559648
0.2262317017	0.7737682983	0.7696532131	1.618857135
0.2272326827	0.7727673173	0.7691917436	1.619141841
0.2282336637	0.7717663363	0.7687536277	1.619413891
0.2292346446	0.7707653554	0.7683383672	1.619673404
0.2302356256	0.7697643744	0.767945476	1.619920501
0.2312366066	0.7687633934	0.7675744797	1.620155301
0.2322375876	0.7677624124	0.7672249155	1.620377922
0.2332385686	0.7667614314	0.7668963314	1.62058848
0.2342395495	0.7657604505	0.7665882864	1.620787093
0.2352405305	0.7647594695	0.7663003497	1.620973873
0.2362415115	0.7637584885	0.7660321008	1.621148936
0.2372424925	0.7627575075	0.7657831289	1.621312395
0.2382434735	0.7617565265	0.765553033	1.621464361
0.2392444545	0.7607555455	0.7653414212	1.621604945
0.2402454354	0.7597545646	0.7651479107	1.621734257
0.2412464164	0.7587535836	0.7649721272	1.621852406
0.2422473974	0.7577526026	0.7648137055	1.6219595
0.2432483784	0.7567516216	0.7646722881	1.622055646
0.2442493594	0.7557506406	0.764547526	1.62214095
0.2452503403	0.7547496597	0.7644390777	1.622215518
0.2462513213	0.7537486787	0.7643466095	1.622279453
0.2472523023	0.7527476977	0.7642697952	1.622332859
0.2482532833	0.7517467167	0.7642083156	1.622375838
0.2492542643	0.7507457357	0.7641618586	1.622408492
0.2502552452	0.7497447548	0.7641301191	1.622430921
0.2512562262	0.7487437738	0.7641127984	1.622443225
0.2522572072	0.7477427928	0.7641096045	1.622445502
0.2532581882	0.7467418118	0.7641202514	1.622437851
0.2542591692	0.7457408308	0.7641444595	1.622420368
0.2552601502	0.7447398498	0.7641819552	1.62239315
0.2562611311	0.7437388689	0.7642324705	1.622356292
0.2572621121	0.7427378879	0.7642957432	1.622309888
0.2582630931	0.7417369069	0.7643715167	1.622254033
0.2592640741	0.7407359259	0.7644595396	1.622188817
0.2602650551	0.7397349449	0.7645595658	1.622114335
0.261266036	0.738733964	0.7646713545	1.622030676
0.262267017	0.737732983	0.7647946697	1.621937931
0.263267998	0.736732002	0.7649292802	1.621836189
0.264268979	0.735731021	0.7650749597	1.621725539
0.26526996	0.73473004	0.7652314864	1.621606069
0.2662709409	0.7337290591	0.7653986431	1.621477866
0.2672719219	0.7327280781	0.765576217	1.621341016
0.2682729029	0.7317270971	0.7657639995	1.621195605
0.2692738839	0.7307261161	0.7659617861	1.621041717
0.2702748649	0.7297251351	0.7661693767	1.620879436
0.2712758458	0.7287241542	0.7663865748	1.620708846
0.2722768268	0.7277231732	0.7666131881	1.620530029
0.2732778078	0.7267221922	0.7668490279	1.620343067
0.2742787888	0.7257212112	0.7670939093	1.62014804
0.2752797698	0.7247202302	0.767347651	1.619945029
0.2762807508	0.7237192492	0.7676100751	1.619734114
0.2772817317	0.7227182683	0.7678810073	1.619515373
0.2782827127	0.7217172873	0.7681602766	1.619288884
0.2792836937	0.7207163063	0.7684477155	1.619054725
0.2802846747	0.7197153253	0.7687431593	1.618812972
0.2812856557	0.7187143443	0.7690464467	1.618563701
0.2822866366	0.7177133634	0.7693574196	1.618306988
0.2832876176	0.7167123824	0.7696759225	1.618042907
0.2842885986	0.7157114014	0.7700018032	1.617771533
0.2852895796	0.7147104204	0.7703349122	1.617492937
0.2862905606	0.7137094394	0.7706751028	1.617207194
0.2872915415	0.7127084585	0.7710222311	1.616914375
0.2882925225	0.7117074775	0.7713761557	1.616614551
0.2892935035	0.7107064965	0.7717367381	1.616307793
0.2902944845	0.7097055155	0.7721038421	1.61599417
0.2912954655	0.7087045345	0.7724773341	1.615673753
0.2922964464	0.7077035536	0.7728570831	1.61534661
0.2932974274	0.7067025726	0.7732429601	1.615012809
0.2942984084	0.7057015916	0.7736348388	1.614672418
0.2952993894	0.7047006106	0.7740325952	1.614325503
0.2963003704	0.7036996296	0.7744361072	1.613972131
0.2973013514	0.7026986486	0.7748452553	1.613612368
0.2983023323	0.7016976677	0.7752599218	1.613246278
0.2993033133	0.7006966867	0.7756799913	1.612873926
0.3003042943	0.6996957057	0.7761053505	1.612495376
0.3013052753	0.6986947247	0.776535888	1.612110691
0.3023062563	0.6976937437	0.7769714943	1.611719934
0.3033072372	0.6966927628	0.7774120621	1.611323168
0.3043082182	0.6956917818	0.7778574856	1.610920453
0.3053091992	0.6946908008	0.7783076613	1.610511851
0.3063101802	0.6936898198	0.7787624872	1.610097423
0.3073111612	0.6926888388	0.7792218631	1.609677227
0.3083121421	0.6916878579	0.7796856907	1.609251325
0.3093131231	0.6906868769	0.7801538732	1.608819774
0.3103141041	0.6896858959	0.7806263157	1.608382633
0.3113150851	0.6886849149	0.7811029247	1.60793996
0.3123160661	0.6876839339	0.7815836085	1.607491812
0.313317047	0.686682953	0.7820682769	1.607038246
0.314318028	0.685681972	0.7825568412	1.606579318
0.315319009	0.684680991	0.7830492142	1.606115084
0.31631999	0.68368001	0.7835453102	1.605645598
0.317320971	0.682679029	0.784045045	1.605170917
0.318321952	0.681678048	0.7845483359	1.604691093
0.3193229329	0.6806770671	0.7850551014	1.604206182
0.3203239139	0.6796760861	0.7855652614	1.603716235
0.3213248949	0.6786751051	0.7860787372	1.603221306
0.3223258759	0.6776741241	0.7865954515	1.602721447
0.3233268569	0.6766731431	0.7871153282	1.60221671
0.3243278378	0.6756721622	0.7876382924	1.601707146
0.3253288188	0.6746711812	0.7881642705	1.601192807
0.3263297998	0.6736702002	0.7886931902	1.600673741
0.3273307808	0.6726692192	0.7892249803	1.600150001
0.3283317618	0.6716682382	0.7897595707	1.599621634
0.3293327427	0.6706672573	0.7902968927	1.599088691
0.3303337237	0.6696662763	0.7908368784	1.598551219
0.3313347047	0.6686652953	0.7913794613	1.598009267
0.3323356857	0.6676643143	0.7919245759	1.597462883
0.3333366667	0.6666633333	0.7924721576	1.596912113
0.3343376476	0.6656623524	0.7930221431	1.596357006
0.3353386286	0.6646613714	0.7935744699	1.595797606
0.3363396096	0.6636603904	0.7941290767	1.595233961
0.3373405906	0.6626594094	0.7946859031	1.594666116
0.3383415716	0.6616584284	0.7952448897	1.594094116
0.3393425526	0.6606574474	0.7958059781	1.593518006
0.3403435335	0.6596564665	0.7963691106	1.59293783
0.3413445145	0.6586554855	0.7969342307	1.592353633
0.3423454955	0.6576545045	0.7975012828	1.591765457
0.3433464765	0.6566535235	0.798070212	1.591173347
0.3443474575	0.6556525425	0.7986409644	1.590577344
0.3453484384	0.6546515616	0.7992134868	1.589977492
0.3463494194	0.6536505806	0.7997877272	1.589373831
0.3473504004	0.6526495996	0.8003636341	1.588766405
0.3483513814	0.6516486186	0.8009411568	1.588155255
0.3493523624	0.6506476376	0.8015202457	1.58754042
0.3503533433	0.6496466567	0.8021008517	1.586921942
0.3513543243	0.6486456757	0.8026829266	1.586299861
0.3523553053	0.6476446947	0.8032664229	1.585674216
0.3533562863	0.6466437137	0.8038512939	1.585045048
0.3543572673	0.6456427327	0.8044374936	1.584412395
0.3553582482	0.6446417518	0.8050249768	1.583776295
0.3563592292	0.6436407708	0.8056136988	1.583136788
0.3573602102	0.6426397898	0.8062036159	1.582493912
0.3583611912	0.6416388088	0.8067946848	1.581847703
0.3593621722	0.6406378278	0.807386863	1.5811982
0.3603631532	0.6396368468	0.8079801087	1.580545439
0.3613641341	0.6386358659	0.8085743806	1.579889457
0.3623651151	0.6376348849	0.8091696384	1.579230291
0.3633660961	0.6366339039	0.8097658419	1.578567976
0.3643670771	0.6356329229	0.8103629519	1.577902548
0.3653680581	0.6346319419	0.8109609298	1.577234043
0.366369039	0.633630961	0.8115597373	1.576562495
0.36737002	0.63262998	0.8121593371	1.57588794
0.368371001	0.631628999	0.8127596921	1.575210411
0.369371982	0.630628018	0.8133607661	1.574529944
0.370372963	0.629627037	0.8139625231	1.57384657
0.3713739439	0.6286260561	0.8145649281	1.573160325
0.3723749249	0.6276250751	0.8151679461	1.572471242
0.3733759059	0.6266240941	0.8157715432	1.571779352
0.3743768869	0.6256231131	0.8163756856	1.57108469
0.3753778679	0.6246221321	0.8169803403	1.570387287
0.3763788488	0.6236211512	0.8175854745	1.569687175
0.3773798298	0.6226201702	0.8181910562	1.568984385
0.3783808108	0.6216191892	0.8187970537	1.568278951
0.3793817918	0.6206182082	0.8194034359	1.567570901
0.3803827728	0.6196172272	0.8200101722	1.566860268
0.3813837538	0.6186162462	0.8206172323	1.566147083
0.3823847347	0.6176152653	0.8212245866	1.565431374
0.3833857157	0.6166142843	0.8218322056	1.564713173
0.3843866967	0.6156133033	0.8224400607	1.563992509
0.3853876777	0.6146123223	0.8230481234	1.563269412
0.3863886587	0.6136113413	0.8236563657	1.56254391
0.3873896396	0.6126103604	0.8242647602	1.561816034
0.3883906206	0.6116093794	0.8248732797	1.561085811
0.3893916016	0.6106083984	0.8254818975	1.560353271
0.3903925826	0.6096074174	0.8260905874	1.55961844
0.3913935636	0.6086064364	0.8266993234	1.558881348
0.3923945445	0.6076054555	0.8273080801	1.558142023
0.3933955255	0.6066044745	0.8279168325	1.55740049
0.3943965065	0.6056034935	0.8285255557	1.556656778
0.3953974875	0.6046025125	0.8291342254	1.555910914
0.3963984685	0.6036015315	0.8297428177	1.555162924
0.3973994494	0.6026005506	0.8303513091	1.554412835
0.3984004304	0.6015995696	0.8309596761	1.553660673
0.3994014114	0.6005985886	0.8315678961	1.552906464
0.4004023924	0.5995976076	0.8321759464	1.552150234
0.4014033734	0.5985966266	0.8327838049	1.551392009
0.4024043544	0.5975956456	0.8333914497	1.550631813
0.4034053353	0.5965946647	0.8339988593	1.549869672
0.4044063163	0.5955936837	0.8346060125	1.54910561
0.4054072973	0.5945927027	0.8352128886	1.548339653
0.4064082783	0.5935917217	0.8358194669	1.547571825
0.4074092593	0.5925907407	0.8364257273	1.546802149
0.4084102402	0.5915897598	0.8370316499	1.546030651
0.4094112212	0.5905887788	0.8376372149	1.545257353
0.4104122022	0.5895877978	0.8382424033	1.544482279
0.4114131832	0.5885868168	0.8388471959	1.543705453
0.4124141642	0.5875858358	0.8394515741	1.542926897
0.4134151451	0.5865848549	0.8400555194	1.542146635
0.4144161261	0.5855838739	0.8406590137	1.54136469
0.4154171071	0.5845828929	0.8412620392	1.540581083
0.4164180881	0.5835819119	0.8418645783	1.539795837
0.4174190691	0.5825809309	0.8424666137	1.539008975
0.4184200501	0.5815799499	0.8430681284	1.538220518
0.419421031	0.580578969	0.8436691056	1.537430487
0.420422012	0.579577988	0.8442695288	1.536638906
0.421422993	0.578577007	0.8448693818	1.535845793
0.422423974	0.577576026	0.8454686486	1.535051172
0.423424955	0.576575045	0.8460673133	1.534255062
0.4244259359	0.5755740641	0.8466653607	1.533457485
0.4254269169	0.5745730831	0.8472627753	1.532658461
0.4264278979	0.5735721021	0.8478595422	1.531858011
0.4274288789	0.5725711211	0.8484556466	1.531056154
0.4284298599	0.5715701401	0.849051074	1.530252911
0.4294308408	0.5705691592	0.8496458101	1.529448302
0.4304318218	0.5695681782	0.8502398407	1.528642346
0.4314328028	0.5685671972	0.8508331521	1.527835062
0.4324337838	0.5675662162	0.8514257306	1.527026471
0.4334347648	0.5665652352	0.8520175627	1.526216591
0.4344357457	0.5655642543	0.8526086352	1.525405441
0.4354367267	0.5645632733	0.8531989353	1.52459304
0.4364377077	0.5635622923	0.85378845	1.523779406
0.4374386887	0.5625613113	0.8543771668	1.522964559
0.4384396697	0.5615603303	0.8549650733	1.522148516
0.4394406507	0.5605593493	0.8555521574	1.521331295
0.4404416316	0.5595583684	0.856138407	1.520512915
0.4414426126	0.5585573874	0.8567238104	1.519693393
0.4424435936	0.5575564064	0.857308356	1.518872746
0.4434445746	0.5565554254	0.8578920323	1.518050994
0.4444455556	0.5555544444	0.8584748283	1.517228152
0.4454465365	0.5545534635	0.8590567327	1.516404237
0.4464475175	0.5535524825	0.8596377348	1.515579268
0.4474484985	0.5525515015	0.8602178239	1.51475326
0.4484494795	0.5515505205	0.8607969895	1.513926231
0.4494504605	0.5505495395	0.8613752213	1.513098197
0.4504514414	0.5495485586	0.8619525092	1.512269175
0.4514524224	0.5485475776	0.862528843	1.51143918
0.4524534034	0.5475465966	0.8631042132	1.510608229
0.4534543844	0.5465456156	0.8636786099	1.509776338
0.4544553654	0.5455446346	0.8642520237	1.508943523
0.4554563463	0.5445436537	0.8648244454	1.508109799
0.4564573273	0.5435426727	0.8653958656	1.507275182
0.4574583083	0.5425416917	0.8659662755	1.506439687
0.4584592893	0.5415407107	0.8665356661	1.50560333
0.4594602703	0.5405397297	0.8671040288	1.504766125
0.4604612513	0.5395387487	0.867671355	1.503928088
0.4614622322	0.5385377678	0.8682376363	1.503089234
0.4624632132	0.5375367868	0.8688028645	1.502249578
0.4634641942	0.5365358058	0.8693670314	1.501409133
0.4644651752	0.5355348248	0.8699301291	1.500567915
0.4654661562	0.5345338438	0.8704921497	1.499725937
0.4664671371	0.5335328629	0.8710530856	1.498883214
0.4674681181	0.5325318819	0.8716129292	1.498039761
0.4684690991	0.5315309009	0.872171673	1.49719559
0.4694700801	0.5305299199	0.8727293099	1.496350716
0.4704710611	0.5295289389	0.8732858326	1.495505153
0.471472042	0.528527958	0.8738412341	1.494658914
0.472473023	0.527526977	0.8743955076	1.493812012
0.473474004	0.526525996	0.8749486462	1.492964461
0.474474985	0.525525015	0.8755006433	1.492116275
0.475475966	0.524524034	0.8760514925	1.491267465
0.4764769469	0.5235230531	0.8766011872	1.490418046
0.4774779279	0.5225220721	0.8771497212	1.48956803
0.4784789089	0.5215210911	0.8776970884	1.488717429
0.4794798899	0.5205201101	0.8782432827	1.487866257
0.4804808709	0.5195191291	0.8787882982	1.487014526
0.4814818519	0.5185181481	0.8793321291	1.486162249
0.4824828328	0.5175171672	0.8798747697	1.485309437
0.4834838138	0.5165161862	0.8804162143	1.484456102
0.4844847948	0.5155152052	0.8809564575	1.483602258
0.4854857758	0.5145142242	0.8814954939	1.482747915
0.4864867568	0.5135132432	0.8820333183	1.481893086
0.4874877377	0.5125122623	0.8825699255	1.481037783
0.4884887187	0.5115112813	0.8831053105	1.480182017
0.4894896997	0.5105103003	0.8836394682	1.479325799
0.4904906807	0.5095093193	0.8841723938	1.478469141
0.4914916617	0.5085083383	0.8847040826	1.477612055
0.4924926426	0.5075073574	0.8852345299	1.476754551
0.4934936236	0.5065063764	0.8857637312	1.475896641
0.4944946046	0.5055053954	0.886291682	1.475038335
0.4954955856	0.5045044144	0.8868183779	1.474179646
0.4964965666	0.5035034334	0.8873438146	1.473320582
0.4974975475	0.5025024525	0.8878679881	1.472461156
0.4984985285	0.5015014715	0.8883908941	1.471601378
0.4994995095	0.5005004905	0.8889125287	1.470741258
0.5005004905	0.4994995095	0.8894328879	1.469880807
0.5015014715	0.4984985285	0.8899519681	1.469020035
0.5025024525	0.4974975475	0.8904697653	1.468158952
0.5035034334	0.4964965666	0.890986276	1.467297569
0.5045044144	0.4954955856	0.8915014965	1.466435895
0.5055053954	0.4944946046	0.8920154235	1.465573941
0.5065063764	0.4934936236	0.8925280535	1.464711716
0.5075073574	0.4924926426	0.8930393832	1.463849231
0.5085083383	0.4914916617	0.8935494093	1.462986494
0.5095093193	0.4904906807	0.8940581287	1.462123516
0.5105103003	0.4894896997	0.8945655383	1.461260306
0.5115112813	0.4884887187	0.8950716351	1.460396873
0.5125122623	0.4874877377	0.8955764161	1.459533227
0.5135132432	0.4864867568	0.8960798786	1.458669377
0.5145142242	0.4854857758	0.8965820197	1.457805333
0.5155152052	0.4844847948	0.8970828368	1.456941103
0.5165161862	0.4834838138	0.8975823271	1.456076696
0.5175171672	0.4824828328	0.8980804881	1.455212121
0.5185181481	0.4814818519	0.8985773174	1.454347387
0.5195191291	0.4804808709	0.8990728125	1.453482504
0.5205201101	0.4794798899	0.899566971	1.452617479
0.5215210911	0.4784789089	0.9000597907	1.451752321
0.5225220721	0.4774779279	0.9005512693	1.450887038
0.5235230531	0.4764769469	0.9010414048	1.45002164
0.524524034	0.475475966	0.9015301949	1.449156134
0.525525015	0.474474985	0.9020176377	1.44829053
0.526525996	0.473474004	0.9025037313	1.447424834
0.527526977	0.472473023	0.9029884736	1.446559055
0.528527958	0.471472042	0.903471863	1.445693202
0.5295289389	0.4704710611	0.9039538975	1.444827281
0.5305299199	0.4694700801	0.9044345756	1.443961302
0.5315309009	0.4684690991	0.9049138954	1.443095272
0.5325318819	0.4674681181	0.9053918555	1.442229198
0.5335328629	0.4664671371	0.9058684544	1.441363089
0.5345338438	0.4654661562	0.9063436904	1.440496952
0.5355348248	0.4644651752	0.9068175622	1.439630795
0.5365358058	0.4634641942	0.9072900685	1.438764625
0.5375367868	0.4624632132	0.9077612079	1.437898449
0.5385377678	0.4614622322	0.9082309791	1.437032275
0.5395387487	0.4604612513	0.908699381	1.43616611
0.5405397297	0.4594602703	0.9091664123	1.435299962
0.5415407107	0.4584592893	0.9096320721	1.434433837
0.5425416917	0.4574583083	0.9100963592	1.433567743
0.5435426727	0.4564573273	0.9105592727	1.432701686
0.5445436537	0.4554563463	0.9110208116	1.431835674
0.5455446346	0.4544553654	0.911480975	1.430969714
0.5465456156	0.4534543844	0.911939762	1.430103811
0.5475465966	0.4524534034	0.9123971719	1.429237974
0.5485475776	0.4514524224	0.9128532039	1.428372208
0.5495485586	0.4504514414	0.9133078573	1.427506521
0.5505495395	0.4494504605	0.9137611315	1.426640919
0.5515505205	0.4484494795	0.9142130258	1.425775408
0.5525515015	0.4474484985	0.9146635396	1.424909994
0.5535524825	0.4464475175	0.9151126725	1.424044686
0.5545534635	0.4454465365	0.915560424	1.423179487
0.5555544444	0.4444455556	0.9160067936	1.422314406
0.5565554254	0.4434445746	0.9164517809	1.421449447
0.5575564064	0.4424435936	0.9168953856	1.420584618
0.5585573874	0.4414426126	0.9173376074	1.419719924
0.5595583684	0.4404416316	0.9177784461	1.418855371
0.5605593493	0.4394406507	0.9182179013	1.417990965
0.5615603303	0.4384396697	0.9186559729	1.417126713
0.5625613113	0.4374386887	0.9190926608	1.41626262
0.5635622923	0.4364377077	0.9195279649	1.415398692
0.5645632733	0.4354367267	0.9199618851	1.414534934
0.5655642543	0.4344357457	0.9203944213	1.413671352
0.5665652352	0.4334347648	0.9208255736	1.412807953
0.5675662162	0.4324337838	0.921255342	1.411944741
0.5685671972	0.4314328028	0.9216837267	1.411081722
0.5695681782	0.4304318218	0.9221107276	1.410218901
0.5705691592	0.4294308408	0.9225363451	1.409356285
0.5715701401	0.4284298599	0.9229605792	1.408493878
0.5725711211	0.4274288789	0.9233834303	1.407631686
0.5735721021	0.4264278979	0.9238048985	1.406769713
0.5745730831	0.4254269169	0.9242249841	1.405907966
0.5755740641	0.4244259359	0.9246436876	1.40504645
0.576575045	0.423424955	0.9250610092	1.404185168
0.577576026	0.422423974	0.9254769493	1.403324128
0.578577007	0.421422993	0.9258915084	1.402463332
0.579577988	0.420422012	0.926304687	1.401602788
0.580578969	0.419421031	0.9267164854	1.400742499
0.5815799499	0.4184200501	0.9271269043	1.39988247
0.5825809309	0.4174190691	0.9275359442	1.399022707
0.5835819119	0.4164180881	0.9279436056	1.398163214
0.5845828929	0.4154171071	0.9283498893	1.397303995
0.5855838739	0.4144161261	0.9287547957	1.396445056
0.5865848549	0.4134151451	0.9291583256	1.395586401
0.5875858358	0.4124141642	0.9295604797	1.394728034
0.5885868168	0.4114131832	0.9299612587	1.393869961
0.5895877978	0.4104122022	0.9303606634	1.393012186
0.5905887788	0.4094112212	0.9307586945	1.392154713
0.5915897598	0.4084102402	0.9311553529	1.391297547
0.5925907407	0.4074092593	0.9315506393	1.390440691
0.5935917217	0.4064082783	0.9319445547	1.389584151
0.5945927027	0.4054072973	0.9323371	1.388727931
0.5955936837	0.4044063163	0.9327282759	1.387872035
0.5965946647	0.4034053353	0.9331180836	1.387016467
0.5975956456	0.4024043544	0.9335065238	1.386161231
0.5985966266	0.4014033734	0.9338935977	1.385306332
0.5995976076	0.4004023924	0.9342793063	1.384451774
0.6005985886	0.3994014114	0.9346636505	1.38359756
0.6015995696	0.3984004304	0.9350466314	1.382743694
0.6026005506	0.3973994494	0.9354282501	1.381890182
0.6036015315	0.3963984685	0.9358085078	1.381037025
0.6046025125	0.3953974875	0.9361874055	1.38018423
0.6056034935	0.3943965065	0.9365649444	1.379331798
0.6066044745	0.3933955255	0.9369411256	1.378479735
0.6076054555	0.3923945445	0.9373159504	1.377628043
0.6086064364	0.3913935636	0.9376894199	1.376776727
0.6096074174	0.3903925826	0.9380615354	1.375925791
0.6106083984	0.3893916016	0.9384322982	1.375075237
0.6116093794	0.3883906206	0.9388017095	1.37422507
0.6126103604	0.3873896396	0.9391697706	1.373375293
0.6136113413	0.3863886587	0.9395364829	1.37252591
0.6146123223	0.3853876777	0.9399018476	1.371676924
0.6156133033	0.3843866967	0.9402658662	1.370828338
0.6166142843	0.3833857157	0.9406285399	1.369980157
0.6176152653	0.3823847347	0.9409898703	1.369132384
0.6186162462	0.3813837538	0.9413498586	1.368285021
0.6196172272	0.3803827728	0.9417085063	1.367438073
0.6206182082	0.3793817918	0.942065815	1.366591542
0.6216191892	0.3783808108	0.9424217859	1.365745432
0.6226201702	0.3773798298	0.9427764207	1.364899747
0.6236211512	0.3763788488	0.9431297208	1.364054488
0.6246221321	0.3753778679	0.9434816877	1.36320966
0.6256231131	0.3743768869	0.943832323	1.362365266
0.6266240941	0.3733759059	0.9441816281	1.361521308
0.6276250751	0.3723749249	0.9445296048	1.360677791
0.6286260561	0.3713739439	0.9448762545	1.359834716
0.629627037	0.370372963	0.9452215788	1.358992087
0.630628018	0.369371982	0.9455655794	1.358149906
0.631628999	0.368371001	0.9459082578	1.357308178
0.63262998	0.36737002	0.9462496158	1.356466904
0.633630961	0.366369039	0.946589655	1.355626088
0.6346319419	0.3653680581	0.946928377	1.354785732
0.6356329229	0.3643670771	0.9472657835	1.353945839
0.6366339039	0.3633660961	0.9476018763	1.353106413
0.6376348849	0.3623651151	0.947936657	1.352267455
0.6386358659	0.3613641341	0.9482701274	1.351428969
0.6396368468	0.3603631532	0.9486022892	1.350590957
0.6406378278	0.3593621722	0.9489331441	1.349753422
0.6416388088	0.3583611912	0.9492626939	1.348916366
0.6426397898	0.3573602102	0.9495909405	1.348079793
0.6436407708	0.3563592292	0.9499178855	1.347243704
0.6446417518	0.3553582482	0.9502435308	1.346408103
0.6456427327	0.3543572673	0.9505678782	1.345572992
0.6466437137	0.3533562863	0.9508909296	1.344738373
0.6476446947	0.3523553053	0.9512126867	1.343904249
0.6486456757	0.3513543243	0.9515331515	1.343070622
0.6496466567	0.3503533433	0.9518523257	1.342237495
0.6506476376	0.3493523624	0.9521702113	1.34140487
0.6516486186	0.3483513814	0.9524868101	1.34057275
0.6526495996	0.3473504004	0.952802124	1.339741137
0.6536505806	0.3463494194	0.953116155	1.338910032
0.6546515616	0.3453484384	0.9534289049	1.33807944
0.6556525425	0.3443474575	0.9537403757	1.337249361
0.6566535235	0.3433464765	0.9540505693	1.336419797
0.6576545045	0.3423454955	0.9543594877	1.335590753
0.6586554855	0.3413445145	0.9546671328	1.334762228
0.6596564665	0.3403435335	0.9549735065	1.333934226
0.6606574474	0.3393425526	0.9552786109	1.333106749
0.6616584284	0.3383415716	0.9555824479	1.332279799
0.6626594094	0.3373405906	0.9558850196	1.331453377
0.6636603904	0.3363396096	0.9561863279	1.330627487
0.6646613714	0.3353386286	0.9564863748	1.329802129
0.6656623524	0.3343376476	0.9567851623	1.328977307
0.6666633333	0.3333366667	0.9570826926	1.328153022
0.6676643143	0.3323356857	0.9573789676	1.327329276
0.6686652953	0.3313347047	0.9576739893	1.326506071
0.6696662763	0.3303337237	0.9579677598	1.325683408
0.6706672573	0.3293327427	0.9582602813	1.324861291
0.6716682382	0.3283317618	0.9585515556	1.32403972
0.6726692192	0.3273307808	0.958841585	1.323218698
0.6736702002	0.3263297998	0.9591303714	1.322398227
0.6746711812	0.3253288188	0.9594179171	1.321578308
0.6756721622	0.3243278378	0.959704224	1.320758942
0.6766731431	0.3233268569	0.9599892943	1.319940133
0.6776741241	0.3223258759	0.9602731301	1.319121881
0.6786751051	0.3213248949	0.9605557335	1.318304189
0.6796760861	0.3203239139	0.9608371066	1.317487057
0.6806770671	0.3193229329	0.9611172516	1.316670489
0.681678048	0.318321952	0.9613961706	1.315854485
0.682679029	0.317320971	0.9616738658	1.315039046
0.68368001	0.31631999	0.9619503392	1.314224176
0.684680991	0.315319009	0.9622255931	1.313409875
0.685681972	0.314318028	0.9624996295	1.312596145
0.686682953	0.313317047	0.9627724508	1.311782987
0.6876839339	0.3123160661	0.9630440589	1.310970403
0.6886849149	0.3113150851	0.9633144562	1.310158395
0.6896858959	0.3103141041	0.9635836448	1.309346964
0.6906868769	0.3093131231	0.9638516269	1.308536112
0.6916878579	0.3083121421	0.9641184046	1.30772584
0.6926888388	0.3073111612	0.9643839803	1.306916149
0.6936898198	0.3063101802	0.9646483559	1.306107041
0.6946908008	0.3053091992	0.9649115339	1.305298518
0.6956917818	0.3043082182	0.9651735164	1.30449058
0.6966927628	0.3033072372	0.9654343055	1.30368323
0.6976937437	0.3023062563	0.9656939036	1.302876468
0.6986947247	0.3013052753	0.9659523128	1.302070296
0.6996957057	0.3003042943	0.9662095355	1.301264715
0.7006966867	0.2993033133	0.9664655737	1.300459726
0.7016976677	0.2983023323	0.9667204297	1.299655332
0.7026986486	0.2973013514	0.9669741059	1.298851533
0.7036996296	0.2963003704	0.9672266044	1.29804833
0.7047006106	0.2952993894	0.9674779274	1.297245724
0.7057015916	0.2942984084	0.9677280773	1.296443718
0.7067025726	0.2932974274	0.9679770563	1.295642311
0.7077035536	0.2922964464	0.9682248666	1.294841506
0.7087045345	0.2912954655	0.9684715105	1.294041303
0.7097055155	0.2902944845	0.9687169902	1.293241704
0.7107064965	0.2892935035	0.9689613081	1.292442709
0.7117074775	0.2882925225	0.9692044664	1.291644321
0.7127084585	0.2872915415	0.9694464674	1.290846539
0.7137094394	0.2862905606	0.9696873133	1.290049365
0.7147104204	0.2852895796	0.9699270064	1.289252801
0.7157114014	0.2842885986	0.9701655491	1.288456847
0.7167123824	0.2832876176	0.9704029435	1.287661504
0.7177133634	0.2822866366	0.970639192	1.286866773
0.7187143443	0.2812856557	0.9708742969	1.286072656
0.7197153253	0.2802846747	0.9711082604	1.285279153
0.7207163063	0.2792836937	0.9713410849	1.284486265
0.7217172873	0.2782827127	0.9715727726	1.283693994
0.7227182683	0.2772817317	0.9718033259	1.28290234
0.7237192492	0.2762807508	0.972032747	1.282111304
0.7247202302	0.2752797698	0.9722610383	1.281320888
0.7257212112	0.2742787888	0.9724882019	1.280531091
0.7267221922	0.2732778078	0.9727142404	1.279741915
0.7277231732	0.2722768268	0.9729391558	1.278953362
0.7287241542	0.2712758458	0.9731629507	1.278165431
0.7297251351	0.2702748649	0.9733856272	1.277378123
0.7307261161	0.2692738839	0.9736071876	1.27659144
0.7317270971	0.2682729029	0.9738276344	1.275805383
0.7327280781	0.2672719219	0.9740469697	1.275019951
0.7337290591	0.2662709409	0.974265196	1.274235147
0.73473004	0.26526996	0.9744823155	1.27345097
0.735731021	0.264268979	0.9746983305	1.272667421
0.736732002	0.263267998	0.9749132434	1.271884502
0.737732983	0.262267017	0.9751270565	1.271102213
0.738733964	0.261266036	0.975339772	1.270320555
0.7397349449	0.2602650551	0.9755513924	1.269539528
0.7407359259	0.2592640741	0.9757619199	1.268759134
0.7417369069	0.2582630931	0.9759713569	1.267979372
0.7427378879	0.2572621121	0.9761797056	1.267200244
0.7437388689	0.2562611311	0.9763869684	1.26642175
0.7447398498	0.2552601502	0.9765931477	1.265643892
0.7457408308	0.2542591692	0.9767982457	1.264866669
0.7467418118	0.2532581882	0.9770022647	1.264090082
0.7477427928	0.2522572072	0.9772052071	1.263314132
0.7487437738	0.2512562262	0.9774070753	1.26253882
0.7497447548	0.2502552452	0.9776078714	1.261764146
0.7507457357	0.2492542643	0.977807598	1.26099011
0.7517467167	0.2482532833	0.9780062572	1.260216714
0.7527476977	0.2472523023	0.9782038513	1.259443958
0.7537486787	0.2462513213	0.9784003829	1.258671843
0.7547496597	0.2452503403	0.978595854	1.257900368
0.7557506406	0.2442493594	0.9787902671	1.257129535
0.7567516216	0.2432483784	0.9789836245	1.256359344
0.7577526026	0.2422473974	0.9791759286	1.255589796
0.7587535836	0.2412464164	0.9793671815	1.254820891
0.7597545646	0.2402454354	0.9795573857	1.25405263
0.7607555455	0.2392444545	0.9797465435	1.253285012
0.7617565265	0.2382434735	0.9799346572	1.25251804
0.7627575075	0.2372424925	0.9801217291	1.251751712
0.7637584885	0.2362415115	0.9803077615	1.25098603
0.7647594695	0.2352405305	0.9804927567	1.250220994
0.7657604505	0.2342395495	0.9806767172	1.249456604
0.7667614314	0.2332385686	0.9808596451	1.248692861
0.7677624124	0.2322375876	0.9810415428	1.247929766
0.7687633934	0.2312366066	0.9812224126	1.247167318
0.7697643744	0.2302356256	0.9814022569	1.246405518
0.7707653554	0.2292346446	0.9815810779	1.245644367
0.7717663363	0.2282336637	0.9817588779	1.244883865
0.7727673173	0.2272326827	0.9819356594	1.244124011
0.7737682983	0.2262317017	0.9821114244	1.243364808
0.7747692793	0.2252307207	0.9822861755	1.242606254
0.7757702603	0.2242297397	0.9824599149	1.241848351
0.7767712412	0.2232287588	0.9826326448	1.241091098
0.7777722222	0.2222277778	0.9828043677	1.240334496
0.7787732032	0.2212267968	0.9829750857	1.239578545
0.7797741842	0.2202258158	0.9831448013	1.238823246
0.7807751652	0.2192248348	0.9833135167	1.238068599
0.7817761461	0.2182238539	0.9834812342	1.237314604
0.7827771271	0.2172228729	0.983647956	1.236561261
0.7837781081	0.2162218919	0.9838136846	1.235808571
0.7847790891	0.2152209109	0.9839784222	1.235056534
0.7857800701	0.2142199299	0.9841421711	1.23430515
0.7867810511	0.2132189489	0.9843049335	1.233554419
0.787782032	0.212217968	0.9844667119	1.232804342
0.788783013	0.211216987	0.9846275083	1.232054919
0.789783994	0.210216006	0.9847873253	1.231306151
0.790784975	0.209215025	0.9849461649	1.230558036
0.791785956	0.208214044	0.9851040296	1.229810576
0.7927869369	0.2072130631	0.9852609216	1.229063771
0.7937879179	0.2062120821	0.9854168431	1.22831762
0.7947888989	0.2052111011	0.9855717965	1.227572125
0.7957898799	0.2042101201	0.985725784	1.226827285
0.7967908609	0.2032091391	0.9858788079	1.2260831
0.7977918418	0.2022081582	0.9860308705	1.225339571
0.7987928228	0.2012071772	0.986181974	1.224596698
0.7997938038	0.2002061962	0.9863321208	1.22385448
0.8007947848	0.1992052152	0.986481313	1.223112919
0.8017957658	0.1982042342	0.9866295529	1.222372013
0.8027967467	0.1972032533	0.9867768428	1.221631764
0.8037977277	0.1962022723	0.986923185	1.220892171
0.8047987087	0.1952012913	0.9870685818	1.220153235
0.8057996897	0.1942003103	0.9872130352	1.219414955
0.8068006707	0.1931993293	0.9873565477	1.218677332
0.8078016517	0.1921983483	0.9874991215	1.217940365
0.8088026326	0.1911973674	0.9876407588	1.217204055
0.8098036136	0.1901963864	0.9877814618	1.216468402
0.8108045946	0.1891954054	0.9879212328	1.215733407
0.8118055756	0.1881944244	0.9880600741	1.214999068
0.8128065566	0.1871934434	0.9881979879	1.214265386
0.8138075375	0.1861924625	0.9883349764	1.213532361
0.8148085185	0.1851914815	0.9884710418	1.212799993
0.8158094995	0.1841905005	0.9886061864	1.212068282
0.8168104805	0.1831895195	0.9887404124	1.211337229
0.8178114615	0.1821885385	0.9888737221	1.210606832
0.8188124424	0.1811875576	0.9890061176	1.209877093
0.8198134234	0.1801865766	0.9891376012	1.209148011
0.8208144044	0.1791855956	0.9892681751	1.208419586
0.8218153854	0.1781846146	0.9893978415	1.207691818
0.8228163664	0.1771836336	0.9895266026	1.206964708
0.8238173473	0.1761826527	0.9896544606	1.206238254
0.8248183283	0.1751816717	0.9897814178	1.205512458
0.8258193093	0.1741806907	0.9899074763	1.204787318
0.8268202903	0.1731797097	0.9900326383	1.204062836
0.8278212713	0.1721787287	0.9901569061	1.20333901
0.8288222523	0.1711777477	0.9902802818	1.202615842
0.8298232332	0.1701767668	0.9904027677	1.20189333
0.8308242142	0.1691757858	0.9905243658	1.201171475
0.8318251952	0.1681748048	0.9906450785	1.200450277
0.8328261762	0.1671738238	0.9907649079	1.199729735
0.8338271572	0.1661728428	0.9908838561	1.19900985
0.8348281381	0.1651718619	0.9910019254	1.198290622
0.8358291191	0.1641708809	0.9911191179	1.197572049
0.8368301001	0.1631698999	0.9912354358	1.196854134
0.8378310811	0.1621689189	0.9913508812	1.196136874
0.8388320621	0.1611679379	0.9914654564	1.19542027
0.839833043	0.160166957	0.9915791635	1.194704322
0.840834024	0.159165976	0.9916920046	1.19398903
0.841835005	0.158164995	0.991803982	1.193274394
0.842835986	0.157164014	0.9919150977	1.192560414
0.843836967	0.156163033	0.9920253539	1.191847088
0.8448379479	0.1551620521	0.9921347528	1.191134418
0.8458389289	0.1541610711	0.9922432965	1.190422404
0.8468399099	0.1531600901	0.9923509872	1.189711044
0.8478408909	0.1521591091	0.992457827	1.189000339
0.8488418719	0.1511581281	0.9925638179	1.188290289
0.8498428529	0.1501571471	0.9926689623	1.187580893
0.8508438338	0.1491561662	0.9927732621	1.186872152
0.8518448148	0.1481551852	0.9928767195	1.186164065
0.8528457958	0.1471542042	0.9929793367	1.185456631
0.8538467768	0.1461532232	0.9930811158	1.184749852
0.8548477578	0.1451522422	0.9931820588	1.184043726
0.8558487387	0.1441512613	0.9932821679	1.183338254
0.8568497197	0.1431502803	0.9933814452	1.182633435
0.8578507007	0.1421492993	0.9934798928	1.181929269
0.8588516817	0.1411483183	0.9935775128	1.181225756
0.8598526627	0.1401473373	0.9936743073	1.180522895
0.8608536436	0.1391463564	0.9937702784	1.179820687
0.8618546246	0.1381453754	0.9938654282	1.179119131
0.8628556056	0.1371443944	0.9939597588	1.178418227
0.8638565866	0.1361434134	0.9940532722	1.177717975
0.8648575676	0.1351424324	0.9941459706	1.177018374
0.8658585485	0.1341414515	0.9942378561	1.176319425
0.8668595295	0.1331404705	0.9943289306	1.175621126
0.8678605105	0.1321394895	0.9944191964	1.174923479
0.8688614915	0.1311385085	0.9945086554	1.174226481
0.8698624725	0.1301375275	0.9945973097	1.173530135
0.8708634535	0.1291365465	0.9946851614	1.172834438
0.8718644344	0.1281355656	0.9947722126	1.172139391
0.8728654154	0.1271345846	0.9948584652	1.171444993
0.8738663964	0.1261336036	0.9949439214	1.170751245
0.8748673774	0.1251326226	0.9950285832	1.170058145
0.8758683584	0.1241316416	0.9951124527	1.169365694
0.8768693393	0.1231306607	0.9951955318	1.168673892
0.8778703203	0.1221296797	0.9952778226	1.167982738
0.8788713013	0.1211286987	0.9953593273	1.167292231
0.8798722823	0.1201277177	0.9954400477	1.166602373
0.8808732633	0.1191267367	0.9955199859	1.165913161
0.8818742442	0.1181257558	0.995599144	1.165224596
0.8828752252	0.1171247748	0.9956775239	1.164536678
0.8838762062	0.1161237938	0.9957551278	1.163849407
0.8848771872	0.1151228128	0.9958319575	1.163162781
0.8858781682	0.1141218318	0.9959080151	1.162476801
0.8868791491	0.1131208509	0.9959833027	1.161791466
0.8878801301	0.1121198699	0.9960578222	1.161106777
0.8888811111	0.1111188889	0.9961315755	1.160422732
0.8898820921	0.1101179079	0.9962045648	1.159739332
0.8908830731	0.1091169269	0.9962767921	1.159056576
0.8918840541	0.1081159459	0.9963482592	1.158374463
0.892885035	0.107114965	0.9964189682	1.157692994
0.893886016	0.106113984	0.996488921	1.157012169
0.894886997	0.105113003	0.9965581197	1.156331985
0.895887978	0.104112022	0.9966265662	1.155652445
0.896888959	0.103111041	0.9966942625	1.154973546
0.8978899399	0.1021100601	0.9967612106	1.154295289
0.8988909209	0.1011090791	0.9968274123	1.153617674
0.8998919019	0.1001080981	0.9968928698	1.152940699
0.9008928829	0.09910711712	0.9969575849	1.152264365
0.9018938639	0.09810613614	0.9970215595	1.151588671
0.9028948448	0.09710515516	0.9970847957	1.150913618
0.9038958258	0.09610417417	0.9971472954	1.150239203
0.9048968068	0.09510319319	0.9972090605	1.149565428
0.9058977878	0.09410221221	0.997270093	1.148892292
0.9068987688	0.09310123123	0.9973303948	1.148219794
0.9078997497	0.09210025025	0.9973899678	1.147547934
0.9089007307	0.09109926927	0.9974488139	1.146876712
0.9099017117	0.09009828829	0.9975069351	1.146206127
0.9109026927	0.08909730731	0.9975643333	1.145536179
0.9119036737	0.08809632633	0.9976210105	1.144866868
0.9129046547	0.08709534535	0.9976769684	1.144198192
0.9139056356	0.08609436436	0.9977322091	1.143530153
0.9149066166	0.08509338338	0.9977867345	1.142862748
0.9159075976	0.0840924024	0.9978405463	1.142195979
0.9169085786	0.08309142142	0.9978936466	1.141529844
0.9179095596	0.08209044044	0.9979460373	1.140864343
0.9189105405	0.08108945946	0.9979977201	1.140199476
0.9199115215	0.08008847848	0.9980486971	1.139535242
0.9209125025	0.0790874975	0.9980989701	1.13887164
0.9219134835	0.07808651652	0.9981485409	1.138208672
0.9229144645	0.07708553554	0.9981974115	1.137546335
0.9239154454	0.07608455455	0.9982455837	1.13688463
0.9249164264	0.07508357357	0.9982930594	1.136223556
0.9259174074	0.07408259259	0.9983398404	1.135563113
0.9269183884	0.07308161161	0.9983859287	1.1349033
0.9279193694	0.07208063063	0.998431326	1.134244117
0.9289203504	0.07107964965	0.9984760342	1.133585563
0.9299213313	0.07007866867	0.9985200552	1.132927639
0.9309223123	0.06907768769	0.9985633908	1.132270343
0.9319232933	0.06807670671	0.9986060429	1.131613675
0.9329242743	0.06707572573	0.9986480133	1.130957635
0.9339252553	0.06607474474	0.9986893038	1.130302222
0.9349262362	0.06507376376	0.9987299162	1.129647436
0.9359272172	0.06407278278	0.9987698525	1.128993277
0.9369281982	0.0630718018	0.9988091143	1.128339743
0.9379291792	0.06207082082	0.9988477036	1.127686835
0.9389301602	0.06106983984	0.9988856221	1.127034552
0.9399311411	0.06006885886	0.9989228717	1.126382893
0.9409321221	0.05906787788	0.9989594542	1.125731858
0.9419331031	0.0580668969	0.9989953713	1.125081447
0.9429340841	0.05706591592	0.9990306249	1.12443166
0.9439350651	0.05606493493	0.9990652168	1.123782495
0.944936046	0.05506395395	0.9990991487	1.123133952
0.945937027	0.05406297297	0.9991324225	1.122486031
0.946938008	0.05306199199	0.9991650399	1.121838731
0.947938989	0.05206101101	0.9991970028	1.121192052
0.94893997	0.05106003003	0.9992283128	1.120545994
0.949940951	0.05005904905	0.9992589718	1.119900555
0.9509419319	0.04905806807	0.9992889816	1.119255736
0.9519429129	0.04805708709	0.9993183438	1.118611536
0.9529438939	0.04705610611	0.9993470604	1.117967954
0.9539448749	0.04605512513	0.999375133	1.11732499
0.9549458559	0.04505414414	0.9994025634	1.116682644
0.9559468368	0.04405316316	0.9994293533	1.116040915
0.9569478178	0.04305218218	0.9994555045	1.115399802
0.9579487988	0.0420512012	0.9994810187	1.114759305
0.9589497798	0.04105022022	0.9995058978	1.114119424
0.9599507608	0.04004923924	0.9995301433	1.113480158
0.9609517417	0.03904825826	0.9995537571	1.112841506
0.9619527227	0.03804727728	0.9995767409	1.112203469
0.9629537037	0.0370462963	0.9995990964	1.111566045
0.9639546847	0.03604531532	0.9996208253	1.110929234
0.9649556657	0.03504433433	0.9996419294	1.110293036
0.9659566466	0.03404335335	0.9996624103	1.10965745
0.9669576276	0.03304237237	0.9996822698	1.109022475
0.9679586086	0.03204139139	0.9997015096	1.108388112
0.9689595896	0.03104041041	0.9997201314	1.107754359
0.9699605706	0.03003942943	0.9997381368	1.107121216
0.9709615516	0.02903844845	0.9997555277	1.106488683
0.9719625325	0.02803746747	0.9997723056	1.105856759
0.9729635135	0.02703648649	0.9997884723	1.105225443
0.9739644945	0.02603550551	0.9998040295	1.104594735
0.9749654755	0.02503452452	0.9998189788	1.103964635
0.9759664565	0.02403354354	0.9998333219	1.103335142
0.9769674374	0.02303256256	0.9998470605	1.102706256
0.9779684184	0.02203158158	0.9998601962	1.102077975
0.9789693994	0.0210306006	0.9998727308	1.1014503
0.9799703804	0.02002961962	0.9998846659	1.100823229
0.9809713614	0.01902863864	0.9998960031	1.100196764
0.9819723423	0.01802765766	0.9999067441	1.099570902
0.9829733233	0.01702667668	0.9999168906	1.098945643
0.9839743043	0.0160256957	0.9999264442	1.098320987
0.9849752853	0.01502471471	0.9999354066	1.097696934
0.9859762663	0.01402373373	0.9999437793	1.097073482
0.9869772472	0.01302275275	0.9999515641	1.096450632
0.9879782282	0.01202177177	0.9999587625	1.095828383
0.9889792092	0.01102079079	0.9999653763	1.095206733
0.9899801902	0.01001980981	0.999971407	1.094585684
0.9909811712	0.009018828829	0.9999768562	1.093965233
0.9919821522	0.008017847848	0.9999817256	1.093345381
0.9929831331	0.007016866867	0.9999860168	1.092726127
0.9939841141	0.006015885886	0.9999897313	1.092107471
0.9949850951	0.005014904905	0.9999928709	1.091489412
0.9959860761	0.004013923924	0.9999954371	1.090871949
0.9969870571	0.003012942943	0.9999974315	1.090255082
0.997988038	0.002011961962	0.9999988557	1.089638811
0.998989019	0.001010980981	0.9999997114	1.089023134
0.99999	1e-05	1	1.088408052
