1e-05	0.99999	166.2775895	1.000000022
0.001010980981	0.998989019	109.3347384	1.000211825
0.002011961962	0.997988038	73.89177936	1.000803064
0.003012942943	0.9969870571	51.21898284	1.00172533
0.004013923924	0.9959860761	36.34381167	1.002935945
0.005014904905	0.9949850951	26.35347202	1.004397176
0.006015885886	0.9939841141	19.49680751	1.006075593
0.007016866867	0.9929831331	14.69529116	1.007941504
0.008017847848	0.9919821522	11.26955434	1.009968492
0.009018828829	0.9909811712	8.782590099	1.012133008
0.01001980981	0.9899801902	6.94773266	1.014414029
0.01102079079	0.9889792092	5.573461855	1.016792761
0.01202177177	0.9879782282	4.529612029	1.019252381
0.01302275275	0.9869772472	3.726284265	1.021777816
0.01402373373	0.9859762663	3.100446921	1.02435555
0.01502471471	0.9849752853	2.607275816	1.026973453
0.0160256957	0.9839743043	2.214467451	1.029620636
0.01702667668	0.9829733233	1.898447914	1.03228732
0.01802765766	0.9819723423	1.641809347	1.034964721
0.01902863864	0.9809713614	1.431553052	1.037644952
0.02002961962	0.9799703804	1.257869999	1.040320929
0.0210306006	0.9789693994	1.113284129	1.042986294
0.02203158158	0.9779684184	0.9920435885	1.045635349
0.02303256256	0.9769674374	0.8896834608	1.048262983
0.02403354354	0.9759664565	0.8027084194	1.050864627
0.02503452452	0.9749654755	0.7283601617	1.053436195
0.02603550551	0.9739644945	0.6644453796	1.055974044
0.02703648649	0.9729635135	0.6092073794	1.058474931
0.02803746747	0.9719625325	0.5612294649	1.060935979
0.02903844845	0.9709615516	0.5193616373	1.06335464
0.03003942943	0.9699605706	0.4826645584	1.065728668
0.03104041041	0.9689595896	0.450366394	1.068056095
0.03204139139	0.9679586086	0.4218293457	1.0703352
0.03304237237	0.9669576276	0.3965235204	1.07256449
0.03404335335	0.9659566466	0.3740063984	1.074742684
0.03504433433	0.9649556657	0.3539066008	1.076868687
0.03604531532	0.9639546847	0.3359109806	1.078941579
0.0370462963	0.9629537037	0.3197542987	1.080960599
0.03804727728	0.9619527227	0.3052109228	1.082925129
0.03904825826	0.9609517417	0.2920881176	1.084834683
0.04004923924	0.9599507608	0.2802205946	1.086688896
0.04105022022	0.9589497798	0.2694660634	1.088487511
0.0420512012	0.9579487988	0.259701584	1.090230372
0.04305218218	0.9569478178	0.2508205625	1.091917415
0.04405316316	0.9559468368	0.2427302658	1.093548656
0.04505414414	0.9549458559	0.2353497579	1.095124189
0.04605512513	0.9539448749	0.2286081787	1.096644176
0.04705610611	0.9529438939	0.2224433035	1.09810884
0.04805708709	0.9519429129	0.2168003328	1.099518463
0.04905806807	0.9509419319	0.2116308715	1.100873375
0.05005904905	0.949940951	0.2068920662	1.102173954
0.05106003003	0.94893997	0.2025458722	1.10342062
0.05206101101	0.947938989	0.1985584292	1.104613829
0.05306199199	0.946938008	0.1948995287	1.105754073
0.05406297297	0.945937027	0.1915421573	1.106841873
0.05506395395	0.944936046	0.1884621041	1.107877775
0.05606493493	0.9439350651	0.1856376229	1.108862353
0.05706591592	0.9429340841	0.1830491399	1.1097962
0.0580668969	0.9419331031	0.1806790006	1.110679926
0.05906787788	0.9409321221	0.1785112504	1.11151416
0.06006885886	0.9399311411	0.176531443	1.112299545
0.06106983984	0.9389301602	0.1747264733	1.113036735
0.06207082082	0.9379291792	0.1730844318	1.113726394
0.0630718018	0.9369281982	0.171594476	1.114369196
0.06407278278	0.9359272172	0.1702467184	1.114965821
0.06507376376	0.9349262362	0.1690321273	1.115516957
0.06607474474	0.9339252553	0.1679424391	1.116023293
0.06707572573	0.9329242743	0.1669700814	1.116485523
0.06807670671	0.9319232933	0.1661081044	1.116904343
0.06907768769	0.9309223123	0.1653501202	1.11728045
0.07007866867	0.9299213313	0.1646902487	1.117614542
0.07107964965	0.9289203504	0.1641230697	1.117907313
0.07208063063	0.9279193694	0.1636435798	1.11815946
0.07308161161	0.9269183884	0.1632471541	1.118371674
0.07408259259	0.9259174074	0.1629295119	1.118544645
0.07508357357	0.9249164264	0.1626866857	1.118679059
0.07608455455	0.9239154454	0.1625149939	1.118775599
0.07708553554	0.9229144645	0.1624110157	1.118834941
0.07808651652	0.9219134835	0.1623715687	1.118857759
0.0790874975	0.9209125025	0.1623936889	1.118844719
0.08008847848	0.9199115215	0.162474612	1.118796483
0.08108945946	0.9189105405	0.1626117575	1.118713706
0.08209044044	0.9179095596	0.1628027131	1.118597037
0.08309142142	0.9169085786	0.1630452217	1.118447118
0.0840924024	0.9159075976	0.1633371687	1.118264586
0.08509338338	0.9149066166	0.163676571	1.118050067
0.08609436436	0.9139056356	0.1640615667	1.117804183
0.08709534535	0.9129046547	0.164490406	1.117527549
0.08809632633	0.9119036737	0.1649614423	1.117220769
0.08909730731	0.9109026927	0.165473125	1.116884443
0.09009828829	0.9099017117	0.1660239921	1.11651916
0.09109926927	0.9089007307	0.1666126637	1.116125505
0.09210025025	0.9078997497	0.1672378362	1.115704051
0.09310123123	0.9068987688	0.1678982767	1.115255365
0.09410221221	0.9058977878	0.1685928183	1.114780007
0.09510319319	0.9048968068	0.1693203552	1.114278526
0.09610417417	0.9038958258	0.1700798384	1.113751467
0.09710515516	0.9028948448	0.1708702723	1.113199363
0.09810613614	0.9018938639	0.1716907105	1.112622741
0.09910711712	0.9008928829	0.1725402529	1.11202212
0.1001080981	0.8998919019	0.1734180426	1.11139801
0.1011090791	0.8988909209	0.1743232629	1.110750914
0.1021100601	0.8978899399	0.1752551349	1.110081326
0.103111041	0.896888959	0.1762129148	1.109389734
0.104112022	0.895887978	0.1771958921	1.108676615
0.105113003	0.894886997	0.178203387	1.107942442
0.106113984	0.893886016	0.179234749	1.107187677
0.107114965	0.892885035	0.1802893548	1.106412775
0.1081159459	0.8918840541	0.1813666066	1.105618186
0.1091169269	0.8908830731	0.1824659308	1.104804349
0.1101179079	0.8898820921	0.1835867763	1.103971698
0.1111188889	0.8888811111	0.1847286135	1.103120657
0.1121198699	0.8878801301	0.1858909327	1.102251646
0.1131208509	0.8868791491	0.1870732432	1.101365075
0.1141218318	0.8858781682	0.1882750722	1.100461348
0.1151228128	0.8848771872	0.1894959634	1.099540862
0.1161237938	0.8838762062	0.1907354768	1.098604007
0.1171247748	0.8828752252	0.1919931872	1.097651165
0.1181257558	0.8818742442	0.1932686836	1.096682714
0.1191267367	0.8808732633	0.1945615683	1.095699022
0.1201277177	0.8798722823	0.1958714566	1.094700451
0.1211286987	0.8788713013	0.1971979757	1.09368736
0.1221296797	0.8778703203	0.198540764	1.092660096
0.1231306607	0.8768693393	0.199899471	1.091619004
0.1241316416	0.8758683584	0.2012737563	1.090564421
0.1251326226	0.8748673774	0.2026632894	1.089496679
0.1261336036	0.8738663964	0.2040677489	1.088416101
0.1271345846	0.8728654154	0.2054868222	1.087323007
0.1281355656	0.8718644344	0.2069202053	1.08621771
0.1291365465	0.8708634535	0.2083676018	1.085100518
0.1301375275	0.8698624725	0.2098287232	1.083971732
0.1311385085	0.8688614915	0.2113032883	1.082831648
0.1321394895	0.8678605105	0.2127910224	1.081680557
0.1331404705	0.8668595295	0.2142916577	1.080518743
0.1341414515	0.8658585485	0.2158049327	1.079346486
0.1351424324	0.8648575676	0.2173305919	1.078164061
0.1361434134	0.8638565866	0.2188683853	1.076971737
0.1371443944	0.8628556056	0.2204180687	1.075769778
0.1381453754	0.8618546246	0.2219794031	1.074558443
0.1391463564	0.8608536436	0.2235521544	1.073337987
0.1401473373	0.8598526627	0.2251360936	1.072108658
0.1411483183	0.8588516817	0.226730996	1.070870702
0.1421492993	0.8578507007	0.2283366417	1.069624358
0.1431502803	0.8568497197	0.2299528148	1.068369862
0.1441512613	0.8558487387	0.2315793038	1.067107444
0.1451522422	0.8548477578	0.2332159008	1.065837332
0.1461532232	0.8538467768	0.2348624021	1.064559746
0.1471542042	0.8528457958	0.2365186074	1.063274905
0.1481551852	0.8518448148	0.2381843199	1.061983022
0.1491561662	0.8508438338	0.2398593465	1.060684307
0.1501571471	0.8498428529	0.2415434972	1.059378964
0.1511581281	0.8488418719	0.2432365851	1.058067196
0.1521591091	0.8478408909	0.2449384266	1.0567492
0.1531600901	0.8468399099	0.2466488408	1.055425169
0.1541610711	0.8458389289	0.2483676499	1.054095293
0.1551620521	0.8448379479	0.2500946789	1.052759759
0.156163033	0.843836967	0.2518297552	1.051418748
0.157164014	0.842835986	0.2535727092	1.05007244
0.158164995	0.841835005	0.2553233736	1.04872101
0.159165976	0.840834024	0.2570815835	1.04736463
0.160166957	0.839833043	0.2588471768	1.046003468
0.1611679379	0.8388320621	0.2606199932	1.04463769
0.1621689189	0.8378310811	0.262399875	1.043267457
0.1631698999	0.8368301001	0.2641866666	1.041892929
0.1641708809	0.8358291191	0.2659802145	1.04051426
0.1651718619	0.8348281381	0.2677803675	1.039131605
0.1661728428	0.8338271572	0.2695869761	1.037745111
0.1671738238	0.8328261762	0.2713998931	1.036354925
0.1681748048	0.8318251952	0.2732189731	1.034961192
0.1691757858	0.8308242142	0.2750440726	1.033564051
0.1701767668	0.8298232332	0.2768750499	1.032163641
0.1711777477	0.8288222523	0.2787117653	1.030760097
0.1721787287	0.8278212713	0.2805540807	1.029353551
0.1731797097	0.8268202903	0.2824018597	1.027944133
0.1741806907	0.8258193093	0.2842549677	1.02653197
0.1751816717	0.8248183283	0.2861132718	1.025117187
0.1761826527	0.8238173473	0.2879766406	1.023699907
0.1771836336	0.8228163664	0.2898449445	1.022280248
0.1781846146	0.8218153854	0.2917180552	1.020858327
0.1791855956	0.8208144044	0.2935958462	1.019434261
0.1801865766	0.8198134234	0.2954781923	1.018008161
0.1811875576	0.8188124424	0.2973649699	1.016580137
0.1821885385	0.8178114615	0.2992560569	1.015150298
0.1831895195	0.8168104805	0.3011513325	1.013718749
0.1841905005	0.8158094995	0.3030506774	1.012285594
0.1851914815	0.8148085185	0.3049539738	1.010850935
0.1861924625	0.8138075375	0.3068611049	1.00941487
0.1871934434	0.8128065566	0.3087719557	1.007977498
0.1881944244	0.8118055756	0.3106864122	1.006538914
0.1891954054	0.8108045946	0.312604362	1.005099211
0.1901963864	0.8098036136	0.3145256936	1.003658481
0.1911973674	0.8088026326	0.316450297	1.002216813
0.1921983483	0.8078016517	0.3183780636	1.000774295
0.1931993293	0.8068006707	0.3203088857	0.9993310133
0.1942003103	0.8057996897	0.3222426572	0.9978870519
0.1952012913	0.8047987087	0.3241792728	0.9964424932
0.1962022723	0.8037977277	0.3261186286	0.9949974179
0.1972032533	0.8027967467	0.3280606219	0.993551905
0.1982042342	0.8017957658	0.3300051512	0.992106032
0.1992052152	0.8007947848	0.3319521159	0.9906598746
0.2002061962	0.7997938038	0.3339014168	0.9892135068
0.2012071772	0.7987928228	0.3358529557	0.9877670014
0.2022081582	0.7977918418	0.3378066354	0.9863204293
0.2032091391	0.7967908609	0.3397623601	0.9848738602
0.2042101201	0.7957898799	0.3417200347	0.9834273621
0.2052111011	0.7947888989	0.3436795655	0.9819810017
0.2062120821	0.7937879179	0.3456408597	0.9805348441
0.2072130631	0.7927869369	0.3476038255	0.9790889533
0.208214044	0.791785956	0.3495683722	0.9776433917
0.209215025	0.790784975	0.3515344102	0.9761982203
0.210216006	0.789783994	0.3535018507	0.9747534991
0.211216987	0.788783013	0.3554706062	0.9733092866
0.212217968	0.787782032	0.35744059	0.9718656399
0.2132189489	0.7867810511	0.3594117163	0.9704226151
0.2142199299	0.7857800701	0.3613839005	0.9689802671
0.2152209109	0.7847790891	0.3633570588	0.9675386494
0.2162218919	0.7837781081	0.3653311085	0.9660978144
0.2172228729	0.7827771271	0.3673059676	0.9646578134
0.2182238539	0.7817761461	0.3692815554	0.9632186967
0.2192248348	0.7807751652	0.3712577919	0.9617805132
0.2202258158	0.7797741842	0.3732345979	0.9603433108
0.2212267968	0.7787732032	0.3752118954	0.9589071366
0.2222277778	0.7777722222	0.3771896072	0.9574720364
0.2232287588	0.7767712412	0.3791676568	0.9560380549
0.2242297397	0.7757702603	0.3811459689	0.954605236
0.2252307207	0.7747692793	0.3831244688	0.9531736226
0.2262317017	0.7737682983	0.385103083	0.9517432565
0.2272326827	0.7727673173	0.3870817385	0.9503141787
0.2282336637	0.7717663363	0.3890603633	0.9488864291
0.2292346446	0.7707653554	0.3910388865	0.9474600468
0.2302356256	0.7697643744	0.3930172376	0.94603507
0.2312366066	0.7687633934	0.3949953472	0.944611536
0.2322375876	0.7677624124	0.3969731467	0.9431894813
0.2332385686	0.7667614314	0.3989505684	0.9417689414
0.2342395495	0.7657604505	0.4009275452	0.9403499511
0.2352405305	0.7647594695	0.4029040109	0.9389325443
0.2362415115	0.7637584885	0.4048799001	0.9375167543
0.2372424925	0.7627575075	0.4068551484	0.9361026133
0.2382434735	0.7617565265	0.4088296918	0.934690153
0.2392444545	0.7607555455	0.4108034674	0.9332794043
0.2402454354	0.7597545646	0.4127764129	0.9318703972
0.2412464164	0.7587535836	0.4147484668	0.9304631611
0.2422473974	0.7577526026	0.4167195683	0.9290577247
0.2432483784	0.7567516216	0.4186896576	0.9276541159
0.2442493594	0.7557506406	0.4206586754	0.9262523621
0.2452503403	0.7547496597	0.4226265632	0.9248524899
0.2462513213	0.7537486787	0.4245932633	0.9234545252
0.2472523023	0.7527476977	0.4265587185	0.9220584933
0.2482532833	0.7517467167	0.4285228727	0.9206644189
0.2492542643	0.7507457357	0.4304856703	0.919272326
0.2502552452	0.7497447548	0.4324470562	0.9178822382
0.2512562262	0.7487437738	0.4344069765	0.9164941782
0.2522572072	0.7477427928	0.4363653776	0.9151081684
0.2532581882	0.7467418118	0.4383222067	0.9137242303
0.2542591692	0.7457408308	0.4402774117	0.9123423851
0.2552601502	0.7447398498	0.4422309411	0.9109626533
0.2562611311	0.7437388689	0.4441827444	0.9095850551
0.2572621121	0.7427378879	0.4461327712	0.9082096098
0.2582630931	0.7417369069	0.4480809723	0.9068363364
0.2592640741	0.7407359259	0.4500272989	0.9054652534
0.2602650551	0.7397349449	0.4519717028	0.9040963788
0.261266036	0.738733964	0.4539141365	0.9027297299
0.262267017	0.737732983	0.4558545534	0.9013653237
0.263267998	0.736732002	0.457792907	0.9000031768
0.264268979	0.735731021	0.459729152	0.8986433051
0.26526996	0.73473004	0.4616632432	0.8972857243
0.2662709409	0.7337290591	0.4635951365	0.8959304494
0.2672719219	0.7327280781	0.465524788	0.8945774952
0.2682729029	0.7317270971	0.4674521547	0.8932268758
0.2692738839	0.7307261161	0.469377194	0.8918786051
0.2702748649	0.7297251351	0.471299864	0.8905326966
0.2712758458	0.7287241542	0.4732201235	0.8891891631
0.2722768268	0.7277231732	0.4751379315	0.8878480174
0.2732778078	0.7267221922	0.4770532481	0.8865092717
0.2742787888	0.7257212112	0.4789660336	0.8851729377
0.2752797698	0.7247202302	0.4808762489	0.883839027
0.2762807508	0.7237192492	0.4827838557	0.8825075505
0.2772817317	0.7227182683	0.484688816	0.8811785192
0.2782827127	0.7217172873	0.4865910924	0.8798519432
0.2792836937	0.7207163063	0.4884906482	0.8785278327
0.2802846747	0.7197153253	0.4903874471	0.8772061972
0.2812856557	0.7187143443	0.4922814535	0.8758870463
0.2822866366	0.7177133634	0.494172632	0.8745703888
0.2832876176	0.7167123824	0.4960609482	0.8732562334
0.2842885986	0.7157114014	0.4979463677	0.8719445886
0.2852895796	0.7147104204	0.4998288571	0.8706354624
0.2862905606	0.7137094394	0.5017083833	0.8693288626
0.2872915415	0.7127084585	0.5035849135	0.8680247967
0.2882925225	0.7117074775	0.5054584159	0.8667232717
0.2892935035	0.7107064965	0.5073288587	0.8654242947
0.2902944845	0.7097055155	0.5091962109	0.8641278722
0.2912954655	0.7087045345	0.5110604419	0.8628340105
0.2922964464	0.7077035536	0.5129215216	0.8615427157
0.2932974274	0.7067025726	0.5147794203	0.8602539937
0.2942984084	0.7057015916	0.516634109	0.8589678499
0.2952993894	0.7047006106	0.5184855588	0.8576842896
0.2963003704	0.7036996296	0.5203337416	0.8564033179
0.2973013514	0.7026986486	0.5221786297	0.8551249396
0.2983023323	0.7016976677	0.5240201957	0.8538491592
0.2993033133	0.7006966867	0.5258584128	0.852575981
0.3003042943	0.6996957057	0.5276932546	0.8513054092
0.3013052753	0.6986947247	0.5295246952	0.8500374475
0.3023062563	0.6976937437	0.5313527091	0.8487720997
0.3033072372	0.6966927628	0.5331772711	0.8475093691
0.3043082182	0.6956917818	0.5349983567	0.846249259
0.3053091992	0.6946908008	0.5368159416	0.8449917723
0.3063101802	0.6936898198	0.538630002	0.8437369119
0.3073111612	0.6926888388	0.5404405146	0.8424846804
0.3083121421	0.6916878579	0.5422474565	0.8412350801
0.3093131231	0.6906868769	0.544050805	0.8399881133
0.3103141041	0.6896858959	0.5458505381	0.838743782
0.3113150851	0.6886849149	0.5476466339	0.8375020881
0.3123160661	0.6876839339	0.5494390713	0.8362630332
0.313317047	0.686682953	0.5512278292	0.8350266187
0.314318028	0.685681972	0.553012887	0.833792846
0.315319009	0.684680991	0.5547942247	0.8325617163
0.31631999	0.68368001	0.5565718224	0.8313332304
0.317320971	0.682679029	0.5583456608	0.8301073893
0.318321952	0.681678048	0.5601157207	0.8288841935
0.3193229329	0.6806770671	0.5618819836	0.8276636436
0.3203239139	0.6796760861	0.5636444311	0.8264457399
0.3213248949	0.6786751051	0.5654030454	0.8252304825
0.3223258759	0.6776741241	0.5671578088	0.8240178715
0.3233268569	0.6766731431	0.5689087042	0.8228079069
0.3243278378	0.6756721622	0.5706557146	0.8216005883
0.3253288188	0.6746711812	0.5723988236	0.8203959154
0.3263297998	0.6736702002	0.574138015	0.8191938877
0.3273307808	0.6726692192	0.575873273	0.8179945045
0.3283317618	0.6716682382	0.577604582	0.816797765
0.3293327427	0.6706672573	0.579331927	0.8156036684
0.3303337237	0.6696662763	0.581055293	0.8144122136
0.3313347047	0.6686652953	0.5827746657	0.8132233994
0.3323356857	0.6676643143	0.5844900307	0.8120372247
0.3333366667	0.6666633333	0.5862013743	0.8108536879
0.3343376476	0.6656623524	0.5879086829	0.8096727876
0.3353386286	0.6646613714	0.5896119433	0.8084945221
0.3363396096	0.6636603904	0.5913111425	0.8073188899
0.3373405906	0.6626594094	0.593006268	0.8061458889
0.3383415716	0.6616584284	0.5946973074	0.8049755174
0.3393425526	0.6606574474	0.5963842486	0.8038077732
0.3403435335	0.6596564665	0.5980670801	0.8026426542
0.3413445145	0.6586554855	0.5997457904	0.8014801581
0.3423454955	0.6576545045	0.6014203682	0.8003202828
0.3433464765	0.6566535235	0.6030908029	0.7991630256
0.3443474575	0.6556525425	0.6047570837	0.7980083842
0.3453484384	0.6546515616	0.6064192004	0.7968563558
0.3463494194	0.6536505806	0.6080771431	0.7957069379
0.3473504004	0.6526495996	0.6097309019	0.7945601276
0.3483513814	0.6516486186	0.6113804674	0.793415922
0.3493523624	0.6506476376	0.6130258304	0.7922743183
0.3503533433	0.6496466567	0.614666982	0.7911353133
0.3513543243	0.6486456757	0.6163039134	0.7899989041
0.3523553053	0.6476446947	0.6179366163	0.7888650873
0.3533562863	0.6466437137	0.6195650825	0.7877338598
0.3543572673	0.6456427327	0.6211893041	0.7866052182
0.3553582482	0.6446417518	0.6228092734	0.7854791591
0.3563592292	0.6436407708	0.6244249831	0.7843556791
0.3573602102	0.6426397898	0.6260364259	0.7832347746
0.3583611912	0.6416388088	0.6276435948	0.782116442
0.3593621722	0.6406378278	0.6292464834	0.7810006777
0.3603631532	0.6396368468	0.6308450849	0.7798874779
0.3613641341	0.6386358659	0.6324393934	0.7787768387
0.3623651151	0.6376348849	0.6340294027	0.7776687565
0.3633660961	0.6366339039	0.635615107	0.7765632272
0.3643670771	0.6356329229	0.6371965009	0.7754602469
0.3653680581	0.6346319419	0.638773579	0.7743598115
0.366369039	0.633630961	0.6403463363	0.773261917
0.36737002	0.63262998	0.6419147678	0.7721665592
0.368371001	0.631628999	0.6434788688	0.7710737339
0.369371982	0.630628018	0.6450386349	0.769983437
0.370372963	0.629627037	0.6465940619	0.7688956641
0.3713739439	0.6286260561	0.6481451457	0.7678104109
0.3723749249	0.6276250751	0.6496918825	0.766727673
0.3733759059	0.6266240941	0.6512342686	0.7656474459
0.3743768869	0.6256231131	0.6527723006	0.7645697253
0.3753778679	0.6246221321	0.6543059752	0.7634945065
0.3763788488	0.6236211512	0.6558352894	0.7624217851
0.3773798298	0.6226201702	0.6573602403	0.7613515564
0.3783808108	0.6216191892	0.6588808253	0.7602838158
0.3793817918	0.6206182082	0.6603970419	0.7592185585
0.3803827728	0.6196172272	0.6619088877	0.75815578
0.3813837538	0.6186162462	0.6634163608	0.7570954754
0.3823847347	0.6176152653	0.664919459	0.75603764
0.3833857157	0.6166142843	0.6664181807	0.7549822688
0.3843866967	0.6156133033	0.6679125243	0.7539293572
0.3853876777	0.6146123223	0.6694024884	0.7528789001
0.3863886587	0.6136113413	0.6708880717	0.7518308927
0.3873896396	0.6126103604	0.6723692732	0.7507853299
0.3883906206	0.6116093794	0.6738460919	0.7497422069
0.3893916016	0.6106083984	0.6753185272	0.7487015185
0.3903925826	0.6096074174	0.6767865784	0.7476632599
0.3913935636	0.6086064364	0.6782502452	0.7466274258
0.3923945445	0.6076054555	0.6797095272	0.7455940112
0.3933955255	0.6066044745	0.6811644244	0.7445630109
0.3943965065	0.6056034935	0.6826149368	0.7435344199
0.3953974875	0.6046025125	0.6840610647	0.742508233
0.3963984685	0.6036015315	0.6855028084	0.7414844449
0.3973994494	0.6026005506	0.6869401683	0.7404630504
0.3984004304	0.6015995696	0.6883731452	0.7394440444
0.3994014114	0.6005985886	0.6898017399	0.7384274215
0.4004023924	0.5995976076	0.6912259532	0.7374131764
0.4014033734	0.5985966266	0.6926457863	0.736401304
0.4024043544	0.5975956456	0.6940612404	0.7353917987
0.4034053353	0.5965946647	0.6954723168	0.7343846554
0.4044063163	0.5955936837	0.696879017	0.7333798687
0.4054072973	0.5945927027	0.6982813426	0.7323774331
0.4064082783	0.5935917217	0.6996792955	0.7313773433
0.4074092593	0.5925907407	0.7010728774	0.7303795939
0.4084102402	0.5915897598	0.7024620904	0.7293841795
0.4094112212	0.5905887788	0.7038469366	0.7283910947
0.4104122022	0.5895877978	0.7052274183	0.727400334
0.4114131832	0.5885868168	0.7066035378	0.7264118918
0.4124141642	0.5875858358	0.7079752978	0.7254257629
0.4134151451	0.5865848549	0.7093427007	0.7244419417
0.4144161261	0.5855838739	0.7107057494	0.7234604226
0.4154171071	0.5845828929	0.7120644467	0.7224812003
0.4164180881	0.5835819119	0.7134187955	0.7215042691
0.4174190691	0.5825809309	0.714768799	0.7205296235
0.4184200501	0.5815799499	0.7161144603	0.7195572581
0.419421031	0.580578969	0.7174557828	0.7185871672
0.420422012	0.579577988	0.7187927698	0.7176193453
0.421422993	0.578577007	0.720125425	0.7166537869
0.422423974	0.577576026	0.7214537518	0.7156904864
0.423424955	0.576575045	0.7227777541	0.7147294382
0.4244259359	0.5755740641	0.7240974356	0.7137706368
0.4254269169	0.5745730831	0.7254128004	0.7128140764
0.4264278979	0.5735721021	0.7267238523	0.7118597517
0.4274288789	0.5725711211	0.7280305956	0.7109076569
0.4284298599	0.5715701401	0.7293330345	0.7099577864
0.4294308408	0.5705691592	0.7306311733	0.7090101347
0.4304318218	0.5695681782	0.7319250164	0.7080646962
0.4314328028	0.5685671972	0.7332145683	0.7071214651
0.4324337838	0.5675662162	0.7344998336	0.706180436
0.4334347648	0.5665652352	0.7357808169	0.7052416032
0.4344357457	0.5655642543	0.7370575231	0.704304961
0.4354367267	0.5645632733	0.738329957	0.7033705039
0.4364377077	0.5635622923	0.7395981236	0.7024382262
0.4374386887	0.5625613113	0.7408620278	0.7015081223
0.4384396697	0.5615603303	0.7421216748	0.7005801866
0.4394406507	0.5605593493	0.7433770698	0.6996544135
0.4404416316	0.5595583684	0.7446282179	0.6987307972
0.4414426126	0.5585573874	0.7458751247	0.6978093323
0.4424435936	0.5575564064	0.7471177955	0.696890013
0.4434445746	0.5565554254	0.7483562357	0.6959728338
0.4444455556	0.5555544444	0.749590451	0.695057789
0.4454465365	0.5545534635	0.7508204471	0.694144873
0.4464475175	0.5535524825	0.7520462296	0.6932340802
0.4474484985	0.5525515015	0.7532678043	0.6923254049
0.4484494795	0.5515505205	0.7544851772	0.6914188416
0.4494504605	0.5505495395	0.755698354	0.6905143846
0.4504514414	0.5495485586	0.7569073409	0.6896120283
0.4514524224	0.5485475776	0.7581121439	0.6887117671
0.4524534034	0.5475465966	0.7593127692	0.6878135955
0.4534543844	0.5465456156	0.7605092228	0.6869175077
0.4544553654	0.5455446346	0.7617015112	0.6860234983
0.4554563463	0.5445436537	0.7628896405	0.6851315616
0.4564573273	0.5435426727	0.7640736173	0.684241692
0.4574583083	0.5425416917	0.7652534479	0.6833538839
0.4584592893	0.5415407107	0.7664291389	0.6824681319
0.4594602703	0.5405397297	0.7676006967	0.6815844302
0.4604612513	0.5395387487	0.7687681281	0.6807027734
0.4614622322	0.5385377678	0.7699314397	0.6798231558
0.4624632132	0.5375367868	0.7710906382	0.6789455719
0.4634641942	0.5365358058	0.7722457305	0.6780700163
0.4644651752	0.5355348248	0.7733967233	0.6771964832
0.4654661562	0.5345338438	0.7745436235	0.6763249672
0.4664671371	0.5335328629	0.7756864382	0.6754554627
0.4674681181	0.5325318819	0.7768251742	0.6745879643
0.4684690991	0.5315309009	0.7779598387	0.6737224664
0.4694700801	0.5305299199	0.7790904387	0.6728589635
0.4704710611	0.5295289389	0.7802169814	0.67199745
0.471472042	0.528527958	0.7813394739	0.6711379206
0.472473023	0.527526977	0.7824579234	0.6702803697
0.473474004	0.526525996	0.7835723374	0.6694247918
0.474474985	0.525525015	0.784682723	0.6685711815
0.475475966	0.524524034	0.7857890876	0.6677195333
0.4764769469	0.5235230531	0.7868914387	0.6668698417
0.4774779279	0.5225220721	0.7879897837	0.6660221013
0.4784789089	0.5215210911	0.7890841301	0.6651763066
0.4794798899	0.5205201101	0.7901744854	0.6643324523
0.4804808709	0.5195191291	0.7912608571	0.6634905329
0.4814818519	0.5185181481	0.792343253	0.6626505429
0.4824828328	0.5175171672	0.7934216806	0.6618124771
0.4834838138	0.5165161862	0.7944961476	0.66097633
0.4844847948	0.5155152052	0.7955666617	0.6601420961
0.4854857758	0.5145142242	0.7966332307	0.6593097702
0.4864867568	0.5135132432	0.7976958624	0.6584793469
0.4874877377	0.5125122623	0.7987545646	0.6576508208
0.4884887187	0.5115112813	0.7998093451	0.6568241865
0.4894896997	0.5105103003	0.8008602119	0.6559994388
0.4904906807	0.5095093193	0.8019071728	0.6551765723
0.4914916617	0.5085083383	0.8029502358	0.6543555817
0.4924926426	0.5075073574	0.8039894089	0.6535364617
0.4934936236	0.5065063764	0.8050247	0.652719207
0.4944946046	0.5055053954	0.8060561173	0.6519038123
0.4954955856	0.5045044144	0.8070836688	0.6510902724
0.4964965666	0.5035034334	0.8081073626	0.6502785819
0.4974975475	0.5025024525	0.8091272067	0.6494687356
0.4984985285	0.5015014715	0.8101432094	0.6486607284
0.4994995095	0.5005004905	0.8111553788	0.6478545549
0.5005004905	0.4994995095	0.8121637231	0.6470502099
0.5015014715	0.4984985285	0.8131682506	0.6462476883
0.5025024525	0.4974975475	0.8141689694	0.6454469848
0.5035034334	0.4964965666	0.8151658879	0.6446480942
0.5045044144	0.4954955856	0.8161590143	0.6438510114
0.5055053954	0.4944946046	0.817148357	0.6430557313
0.5065063764	0.4934936236	0.8181339242	0.6422622486
0.5075073574	0.4924926426	0.8191157243	0.6414705582
0.5085083383	0.4914916617	0.8200937658	0.6406806551
0.5095093193	0.4904906807	0.8210680569	0.639892534
0.5105103003	0.4894896997	0.8220386061	0.6391061899
0.5115112813	0.4884887187	0.8230054219	0.6383216177
0.5125122623	0.4874877377	0.8239685127	0.6375388122
0.5135132432	0.4864867568	0.8249278869	0.6367577686
0.5145142242	0.4854857758	0.825883553	0.6359784816
0.5155152052	0.4844847948	0.8268355195	0.6352009462
0.5165161862	0.4834838138	0.827783795	0.6344251575
0.5175171672	0.4824828328	0.828728388	0.6336511104
0.5185181481	0.4814818519	0.8296693069	0.6328787998
0.5195191291	0.4804808709	0.8306065604	0.6321082208
0.5205201101	0.4794798899	0.831540157	0.6313393684
0.5215210911	0.4784789089	0.8324701054	0.6305722377
0.5225220721	0.4774779279	0.8333964141	0.6298068236
0.5235230531	0.4764769469	0.8343190917	0.6290431213
0.524524034	0.475475966	0.8352381468	0.6282811257
0.525525015	0.474474985	0.8361535881	0.627520832
0.526525996	0.473474004	0.8370654242	0.6267622353
0.527526977	0.472473023	0.8379736638	0.6260053307
0.528527958	0.471472042	0.8388783155	0.6252501132
0.5295289389	0.4704710611	0.839779388	0.6244965781
0.5305299199	0.4694700801	0.84067689	0.6237447204
0.5315309009	0.4684690991	0.8415708301	0.6229945354
0.5325318819	0.4674681181	0.8424612172	0.6222460181
0.5335328629	0.4664671371	0.8433480597	0.6214991638
0.5345338438	0.4654661562	0.8442313666	0.6207539677
0.5355348248	0.4644651752	0.8451111465	0.6200104249
0.5365358058	0.4634641942	0.8459874081	0.6192685307
0.5375367868	0.4624632132	0.8468601601	0.6185282803
0.5385377678	0.4614622322	0.8477294114	0.617789669
0.5395387487	0.4604612513	0.8485951706	0.6170526919
0.5405397297	0.4594602703	0.8494574464	0.6163173445
0.5415407107	0.4584592893	0.8503162477	0.6155836219
0.5425416917	0.4574583083	0.8511715832	0.6148515195
0.5435426727	0.4564573273	0.8520234616	0.6141210326
0.5445436537	0.4554563463	0.8528718918	0.6133921565
0.5455446346	0.4544553654	0.8537168824	0.6126648865
0.5465456156	0.4534543844	0.8545584423	0.611939218
0.5475465966	0.4524534034	0.8553965802	0.6112151463
0.5485475776	0.4514524224	0.8562313049	0.6104926669
0.5495485586	0.4504514414	0.8570626251	0.609771775
0.5505495395	0.4494504605	0.8578905497	0.6090524661
0.5515505205	0.4484494795	0.8587150874	0.6083347357
0.5525515015	0.4474484985	0.859536247	0.6076185791
0.5535524825	0.4464475175	0.8603540373	0.6069039918
0.5545534635	0.4454465365	0.861168467	0.6061909692
0.5555544444	0.4444455556	0.8619795449	0.6054795068
0.5565554254	0.4434445746	0.8627872799	0.6047696001
0.5575564064	0.4424435936	0.8635916806	0.6040612445
0.5585573874	0.4414426126	0.8643927558	0.6033544356
0.5595583684	0.4404416316	0.8651905144	0.6026491689
0.5605593493	0.4394406507	0.8659849651	0.60194544
0.5615603303	0.4384396697	0.8667761167	0.6012432442
0.5625613113	0.4374386887	0.8675639779	0.6005425773
0.5635622923	0.4364377077	0.8683485575	0.5998434348
0.5645632733	0.4354367267	0.8691298642	0.5991458123
0.5655642543	0.4344357457	0.8699079069	0.5984497053
0.5665652352	0.4334347648	0.8706826942	0.5977551094
0.5675662162	0.4324337838	0.871454235	0.5970620204
0.5685671972	0.4314328028	0.8722225379	0.5963704338
0.5695681782	0.4304318218	0.8729876117	0.5956803453
0.5705691592	0.4294308408	0.8737494652	0.5949917505
0.5715701401	0.4284298599	0.874508107	0.5943046451
0.5725711211	0.4274288789	0.875263546	0.5936190248
0.5735721021	0.4264278979	0.8760157908	0.5929348853
0.5745730831	0.4254269169	0.8767648501	0.5922522223
0.5755740641	0.4244259359	0.8775107327	0.5915710316
0.576575045	0.423424955	0.8782534472	0.5908913088
0.577576026	0.422423974	0.8789930024	0.5902130497
0.578577007	0.421422993	0.879729407	0.5895362501
0.579577988	0.420422012	0.8804626696	0.5888609057
0.580578969	0.419421031	0.8811927989	0.5881870124
0.5815799499	0.4184200501	0.8819198036	0.5875145659
0.5825809309	0.4174190691	0.8826436923	0.5868435622
0.5835819119	0.4164180881	0.8833644738	0.5861739968
0.5845828929	0.4154171071	0.8840821566	0.5855058659
0.5855838739	0.4144161261	0.8847967495	0.5848391651
0.5865848549	0.4134151451	0.8855082609	0.5841738903
0.5875858358	0.4124141642	0.8862166996	0.5835100375
0.5885868168	0.4114131832	0.8869220742	0.5828476025
0.5895877978	0.4104122022	0.8876243933	0.5821865813
0.5905887788	0.4094112212	0.8883236654	0.5815269696
0.5915897598	0.4084102402	0.8890198992	0.5808687636
0.5925907407	0.4074092593	0.8897131033	0.580211959
0.5935917217	0.4064082783	0.8904032862	0.579556552
0.5945927027	0.4054072973	0.8910904565	0.5789025383
0.5955936837	0.4044063163	0.8917746227	0.5782499141
0.5965946647	0.4034053353	0.8924557934	0.5775986752
0.5975956456	0.4024043544	0.893133977	0.5769488178
0.5985966266	0.4014033734	0.8938091823	0.5763003378
0.5995976076	0.4004023924	0.8944814175	0.5756532313
0.6005985886	0.3994014114	0.8951506913	0.5750074943
0.6015995696	0.3984004304	0.8958170121	0.5743631228
0.6026005506	0.3973994494	0.8964803884	0.5737201129
0.6036015315	0.3963984685	0.8971408287	0.5730784608
0.6046025125	0.3953974875	0.8977983414	0.5724381624
0.6056034935	0.3943965065	0.8984529349	0.571799214
0.6066044745	0.3933955255	0.8991046178	0.5711616115
0.6076054555	0.3923945445	0.8997533984	0.5705253512
0.6086064364	0.3913935636	0.9003992851	0.5698904292
0.6096074174	0.3903925826	0.9010422864	0.5692568417
0.6106083984	0.3893916016	0.9016824106	0.5686245847
0.6116093794	0.3883906206	0.902319666	0.5679936545
0.6126103604	0.3873896396	0.9029540611	0.5673640473
0.6136113413	0.3863886587	0.9035856042	0.5667357593
0.6146123223	0.3853876777	0.9042143036	0.5661087866
0.6156133033	0.3843866967	0.9048401677	0.5654831256
0.6166142843	0.3833857157	0.9054632047	0.5648587724
0.6176152653	0.3823847347	0.906083423	0.5642357233
0.6186162462	0.3813837538	0.9067008308	0.5636139746
0.6196172272	0.3803827728	0.9073154365	0.5629935226
0.6206182082	0.3793817918	0.9079272482	0.5623743635
0.6216191892	0.3783808108	0.9085362742	0.5617564936
0.6226201702	0.3773798298	0.9091425228	0.5611399092
0.6236211512	0.3763788488	0.9097460021	0.5605246067
0.6246221321	0.3753778679	0.9103467203	0.5599105824
0.6256231131	0.3743768869	0.9109446858	0.5592978326
0.6266240941	0.3733759059	0.9115399065	0.5586863538
0.6276250751	0.3723749249	0.9121323907	0.5580761422
0.6286260561	0.3713739439	0.9127221466	0.5574671942
0.629627037	0.370372963	0.9133091822	0.5568595063
0.630628018	0.369371982	0.9138935056	0.5562530749
0.631628999	0.368371001	0.9144751251	0.5556478963
0.63262998	0.36737002	0.9150540486	0.555043967
0.633630961	0.366369039	0.9156302843	0.5544412834
0.6346319419	0.3653680581	0.9162038402	0.553839842
0.6356329229	0.3643670771	0.9167747243	0.5532396393
0.6366339039	0.3633660961	0.9173429447	0.5526406717
0.6376348849	0.3623651151	0.9179085093	0.5520429357
0.6386358659	0.3613641341	0.9184714263	0.5514464277
0.6396368468	0.3603631532	0.9190317035	0.5508511444
0.6406378278	0.3593621722	0.919589349	0.5502570823
0.6416388088	0.3583611912	0.9201443707	0.5496642378
0.6426397898	0.3573602102	0.9206967765	0.5490726074
0.6436407708	0.3563592292	0.9212465743	0.5484821879
0.6446417518	0.3553582482	0.9217937721	0.5478929757
0.6456427327	0.3543572673	0.9223383778	0.5473049673
0.6466437137	0.3533562863	0.9228803992	0.5467181595
0.6476446947	0.3523553053	0.9234198442	0.5461325487
0.6486456757	0.3513543243	0.9239567206	0.5455481317
0.6496466567	0.3503533433	0.9244910362	0.5449649049
0.6506476376	0.3493523624	0.925022799	0.5443828651
0.6516486186	0.3483513814	0.9255520166	0.5438020089
0.6526495996	0.3473504004	0.9260786969	0.5432223329
0.6536505806	0.3463494194	0.9266028476	0.5426438339
0.6546515616	0.3453484384	0.9271244764	0.5420665084
0.6556525425	0.3443474575	0.9276435911	0.5414903532
0.6566535235	0.3433464765	0.9281601995	0.5409153649
0.6576545045	0.3423454955	0.9286743092	0.5403415404
0.6586554855	0.3413445145	0.9291859278	0.5397688762
0.6596564665	0.3403435335	0.9296950631	0.5391973692
0.6606574474	0.3393425526	0.9302017228	0.538627016
0.6616584284	0.3383415716	0.9307059144	0.5380578135
0.6626594094	0.3373405906	0.9312076455	0.5374897583
0.6636603904	0.3363396096	0.9317069238	0.5369228473
0.6646613714	0.3353386286	0.9322037569	0.5363570772
0.6656623524	0.3343376476	0.9326981522	0.5357924449
0.6666633333	0.3333366667	0.9331901175	0.5352289471
0.6676643143	0.3323356857	0.9336796601	0.5346665807
0.6686652953	0.3313347047	0.9341667876	0.5341053424
0.6696662763	0.3303337237	0.9346515076	0.5335452291
0.6706672573	0.3293327427	0.9351338275	0.5329862378
0.6716682382	0.3283317618	0.9356137547	0.5324283651
0.6726692192	0.3273307808	0.9360912967	0.531871608
0.6736702002	0.3263297998	0.936566461	0.5313159634
0.6746711812	0.3253288188	0.937039255	0.5307614281
0.6756721622	0.3243278378	0.937509686	0.5302079991
0.6766731431	0.3233268569	0.9379777615	0.5296556732
0.6776741241	0.3223258759	0.9384434888	0.5291044475
0.6786751051	0.3213248949	0.9389068752	0.5285543187
0.6796760861	0.3203239139	0.9393679282	0.5280052839
0.6806770671	0.3193229329	0.9398266549	0.5274573399
0.681678048	0.318321952	0.9402830627	0.5269104839
0.682679029	0.317320971	0.9407371589	0.5263647126
0.68368001	0.31631999	0.9411889507	0.5258200232
0.684680991	0.315319009	0.9416384454	0.5252764125
0.685681972	0.314318028	0.9420856503	0.5247338777
0.686682953	0.313317047	0.9425305724	0.5241924156
0.6876839339	0.3123160661	0.942973219	0.5236520234
0.6886849149	0.3113150851	0.9434135974	0.523112698
0.6896858959	0.3103141041	0.9438517145	0.5225744365
0.6906868769	0.3093131231	0.9442875777	0.5220372359
0.6916878579	0.3083121421	0.9447211939	0.5215010934
0.6926888388	0.3073111612	0.9451525704	0.5209660059
0.6936898198	0.3063101802	0.9455817141	0.5204319706
0.6946908008	0.3053091992	0.9460086323	0.5198989844
0.6956917818	0.3043082182	0.9464333318	0.5193670447
0.6966927628	0.3033072372	0.9468558198	0.5188361483
0.6976937437	0.3023062563	0.9472761033	0.5183062925
0.6986947247	0.3013052753	0.9476941892	0.5177774744
0.6996957057	0.3003042943	0.9481100847	0.5172496911
0.7006966867	0.2993033133	0.9485237965	0.5167229397
0.7016976677	0.2983023323	0.9489353317	0.5161972175
0.7026986486	0.2973013514	0.9493446972	0.5156725216
0.7036996296	0.2963003704	0.9497518999	0.5151488491
0.7047006106	0.2952993894	0.9501569468	0.5146261972
0.7057015916	0.2942984084	0.9505598446	0.5141045631
0.7067025726	0.2932974274	0.9509606003	0.5135839441
0.7077035536	0.2922964464	0.9513592207	0.5130643374
0.7087045345	0.2912954655	0.9517557126	0.51254574
0.7097055155	0.2902944845	0.9521500828	0.5120281494
0.7107064965	0.2892935035	0.9525423381	0.5115115627
0.7117074775	0.2882925225	0.9529324854	0.5109959772
0.7127084585	0.2872915415	0.9533205312	0.51048139
0.7137094394	0.2862905606	0.9537064825	0.5099677986
0.7147104204	0.2852895796	0.9540903459	0.5094552002
0.7157114014	0.2842885986	0.9544721281	0.508943592
0.7167123824	0.2832876176	0.9548518357	0.5084329714
0.7177133634	0.2822866366	0.9552294756	0.5079233356
0.7187143443	0.2812856557	0.9556050542	0.5074146819
0.7197153253	0.2802846747	0.9559785783	0.5069070078
0.7207163063	0.2792836937	0.9563500545	0.5064003104
0.7217172873	0.2782827127	0.9567194893	0.5058945872
0.7227182683	0.2772817317	0.9570868893	0.5053898355
0.7237192492	0.2762807508	0.9574522612	0.5048860526
0.7247202302	0.2752797698	0.9578156114	0.5043832359
0.7257212112	0.2742787888	0.9581769465	0.5038813828
0.7267221922	0.2732778078	0.9585362729	0.5033804907
0.7277231732	0.2722768268	0.9588935973	0.5028805569
0.7287241542	0.2712758458	0.959248926	0.5023815788
0.7297251351	0.2702748649	0.9596022655	0.501883554
0.7307261161	0.2692738839	0.9599536222	0.5013864796
0.7317270971	0.2682729029	0.9603030027	0.5008903533
0.7327280781	0.2672719219	0.9606504132	0.5003951724
0.7337290591	0.2662709409	0.9609958602	0.4999009344
0.73473004	0.26526996	0.96133935	0.4994076367
0.735731021	0.264268979	0.9616808891	0.4989152768
0.736732002	0.263267998	0.9620204836	0.4984238521
0.737732983	0.262267017	0.96235814	0.4979333601
0.738733964	0.261266036	0.9626938646	0.4974437983
0.7397349449	0.2602650551	0.9630276636	0.4969551643
0.7407359259	0.2592640741	0.9633595433	0.4964674554
0.7417369069	0.2582630931	0.96368951	0.4959806692
0.7427378879	0.2572621121	0.9640175699	0.4954948032
0.7437388689	0.2562611311	0.9643437291	0.4950098549
0.7447398498	0.2552601502	0.964667994	0.494525822
0.7457408308	0.2542591692	0.9649903707	0.4940427018
0.7467418118	0.2532581882	0.9653108653	0.493560492
0.7477427928	0.2522572072	0.9656294839	0.4930791901
0.7487437738	0.2512562262	0.9659462329	0.4925987937
0.7497447548	0.2502552452	0.9662611181	0.4921193003
0.7507457357	0.2492542643	0.9665741458	0.4916407076
0.7517467167	0.2482532833	0.966885322	0.4911630131
0.7527476977	0.2472523023	0.9671946527	0.4906862144
0.7537486787	0.2462513213	0.9675021441	0.4902103092
0.7547496597	0.2452503403	0.9678078021	0.489735295
0.7557506406	0.2442493594	0.9681116328	0.4892611694
0.7567516216	0.2432483784	0.9684136421	0.4887879301
0.7577526026	0.2422473974	0.968713836	0.4883155748
0.7587535836	0.2412464164	0.9690122206	0.487844101
0.7597545646	0.2402454354	0.9693088016	0.4873735064
0.7607555455	0.2392444545	0.9696035851	0.4869037887
0.7617565265	0.2382434735	0.9698965769	0.4864349455
0.7627575075	0.2372424925	0.970187783	0.4859669746
0.7637584885	0.2362415115	0.9704772092	0.4854998735
0.7647594695	0.2352405305	0.9707648614	0.4850336401
0.7657604505	0.2342395495	0.9710507454	0.4845682719
0.7667614314	0.2332385686	0.971334867	0.4841037667
0.7677624124	0.2322375876	0.9716172321	0.4836401223
0.7687633934	0.2312366066	0.9718978465	0.4831773362
0.7697643744	0.2302356256	0.9721767159	0.4827154063
0.7707653554	0.2292346446	0.972453846	0.4822543303
0.7717663363	0.2282336637	0.9727292426	0.4817941059
0.7727673173	0.2272326827	0.9730029115	0.4813347309
0.7737682983	0.2262317017	0.9732748584	0.480876203
0.7747692793	0.2252307207	0.9735450889	0.48041852
0.7757702603	0.2242297397	0.9738136087	0.4799616797
0.7767712412	0.2232287588	0.9740804234	0.4795056798
0.7777722222	0.2222277778	0.9743455388	0.4790505182
0.7787732032	0.2212267968	0.9746089604	0.4785961926
0.7797741842	0.2202258158	0.9748706939	0.4781427008
0.7807751652	0.2192248348	0.9751307448	0.4776900407
0.7817761461	0.2182238539	0.9753891187	0.47723821
0.7827771271	0.2172228729	0.9756458212	0.4767872066
0.7837781081	0.2162218919	0.9759008578	0.4763370283
0.7847790891	0.2152209109	0.9761542341	0.475887673
0.7857800701	0.2142199299	0.9764059555	0.4754391384
0.7867810511	0.2132189489	0.9766560275	0.4749914224
0.787782032	0.212217968	0.9769044557	0.474544523
0.788783013	0.211216987	0.9771512455	0.4740984379
0.789783994	0.210216006	0.9773964023	0.473653165
0.790784975	0.209215025	0.9776399316	0.4732087023
0.791785956	0.208214044	0.9778818388	0.4727650475
0.7927869369	0.2072130631	0.9781221292	0.4723221986
0.7937879179	0.2062120821	0.9783608083	0.4718801535
0.7947888989	0.2052111011	0.9785978815	0.4714389101
0.7957898799	0.2042101201	0.978833354	0.4709984662
0.7967908609	0.2032091391	0.9790672312	0.4705588199
0.7977918418	0.2022081582	0.9792995185	0.4701199691
0.7987928228	0.2012071772	0.979530221	0.4696819116
0.7997938038	0.2002061962	0.9797593442	0.4692446454
0.8007947848	0.1992052152	0.9799868933	0.4688081685
0.8017957658	0.1982042342	0.9802128735	0.4683724788
0.8027967467	0.1972032533	0.9804372901	0.4679375743
0.8037977277	0.1962022723	0.9806601483	0.4675034529
0.8047987087	0.1952012913	0.9808814533	0.4670701127
0.8057996897	0.1942003103	0.9811012103	0.4666375515
0.8068006707	0.1931993293	0.9813194245	0.4662057675
0.8078016517	0.1921983483	0.9815361011	0.4657747585
0.8088026326	0.1911973674	0.9817512451	0.4653445225
0.8098036136	0.1901963864	0.9819648617	0.4649150577
0.8108045946	0.1891954054	0.9821769561	0.4644863619
0.8118055756	0.1881944244	0.9823875333	0.4640584332
0.8128065566	0.1871934434	0.9825965984	0.4636312697
0.8138075375	0.1861924625	0.9828041565	0.4632048693
0.8148085185	0.1851914815	0.9830102126	0.4627792301
0.8158094995	0.1841905005	0.9832147718	0.4623543502
0.8168104805	0.1831895195	0.9834178391	0.4619302276
0.8178114615	0.1821885385	0.9836194194	0.4615068603
0.8188124424	0.1811875576	0.9838195179	0.4610842464
0.8198134234	0.1801865766	0.9840181394	0.460662384
0.8208144044	0.1791855956	0.984215289	0.4602412711
0.8218153854	0.1781846146	0.9844109715	0.4598209059
0.8228163664	0.1771836336	0.984605192	0.4594012865
0.8238173473	0.1761826527	0.9847979552	0.4589824108
0.8248183283	0.1751816717	0.9849892662	0.458564277
0.8258193093	0.1741806907	0.9851791298	0.4581468833
0.8268202903	0.1731797097	0.9853675508	0.4577302277
0.8278212713	0.1721787287	0.9855545342	0.4573143083
0.8288222523	0.1711777477	0.9857400848	0.4568991234
0.8298232332	0.1701767668	0.9859242074	0.4564846709
0.8308242142	0.1691757858	0.9861069068	0.4560709491
0.8318251952	0.1681748048	0.9862881878	0.455657956
0.8328261762	0.1671738238	0.9864680552	0.4552456899
0.8338271572	0.1661728428	0.9866465137	0.4548341489
0.8348281381	0.1651718619	0.9868235682	0.4544233311
0.8358291191	0.1641708809	0.9869992233	0.4540132347
0.8368301001	0.1631698999	0.9871734838	0.4536038579
0.8378310811	0.1621689189	0.9873463543	0.4531951989
0.8388320621	0.1611679379	0.9875178397	0.4527872558
0.839833043	0.160166957	0.9876879445	0.4523800268
0.840834024	0.159165976	0.9878566734	0.4519735101
0.841835005	0.158164995	0.9880240311	0.451567704
0.842835986	0.157164014	0.9881900222	0.4511626066
0.843836967	0.156163033	0.9883546513	0.4507582162
0.8448379479	0.1551620521	0.9885179231	0.4503545309
0.8458389289	0.1541610711	0.9886798421	0.449951549
0.8468399099	0.1531600901	0.988840413	0.4495492687
0.8478408909	0.1521591091	0.9889996402	0.4491476882
0.8488418719	0.1511581281	0.9891575283	0.4487468058
0.8498428529	0.1501571471	0.9893140819	0.4483466198
0.8508438338	0.1491561662	0.9894693055	0.4479471283
0.8518448148	0.1481551852	0.9896232036	0.4475483297
0.8528457958	0.1471542042	0.9897757806	0.4471502222
0.8538467768	0.1461532232	0.9899270412	0.4467528041
0.8548477578	0.1451522422	0.9900769897	0.4463560736
0.8558487387	0.1441512613	0.9902256305	0.445960029
0.8568497197	0.1431502803	0.9903729682	0.4455646686
0.8578507007	0.1421492993	0.9905190072	0.4451699907
0.8588516817	0.1411483183	0.9906637518	0.4447759937
0.8598526627	0.1401473373	0.9908072065	0.4443826757
0.8608536436	0.1391463564	0.9909493756	0.4439900351
0.8618546246	0.1381453754	0.9910902636	0.4435980702
0.8628556056	0.1371443944	0.9912298747	0.4432067793
0.8638565866	0.1361434134	0.9913682133	0.4428161608
0.8648575676	0.1351424324	0.9915052838	0.4424262129
0.8658585485	0.1341414515	0.9916410905	0.4420369341
0.8668595295	0.1331404705	0.9917756376	0.4416483226
0.8678605105	0.1321394895	0.9919089294	0.4412603768
0.8688614915	0.1311385085	0.9920409703	0.440873095
0.8698624725	0.1301375275	0.9921717644	0.4404864756
0.8708634535	0.1291365465	0.9923013161	0.440100517
0.8718644344	0.1281355656	0.9924296296	0.4397152174
0.8728654154	0.1271345846	0.992556709	0.4393305754
0.8738663964	0.1261336036	0.9926825587	0.4389465892
0.8748673774	0.1251326226	0.9928071827	0.4385632572
0.8758683584	0.1241316416	0.9929305853	0.4381805778
0.8768693393	0.1231306607	0.9930527706	0.4377985495
0.8778703203	0.1221296797	0.9931737429	0.4374171705
0.8788713013	0.1211286987	0.9932935062	0.4370364394
0.8798722823	0.1201277177	0.9934120646	0.4366563544
0.8808732633	0.1191267367	0.9935294223	0.4362769141
0.8818742442	0.1181257558	0.9936455834	0.4358981168
0.8828752252	0.1171247748	0.993760552	0.4355199609
0.8838762062	0.1161237938	0.9938743321	0.4351424449
0.8848771872	0.1151228128	0.9939869279	0.4347655672
0.8858781682	0.1141218318	0.9940983433	0.4343893262
0.8868791491	0.1131208509	0.9942085824	0.4340137204
0.8878801301	0.1121198699	0.9943176493	0.4336387482
0.8888811111	0.1111188889	0.9944255478	0.4332644081
0.8898820921	0.1101179079	0.9945322822	0.4328906985
0.8908830731	0.1091169269	0.9946378562	0.4325176179
0.8918840541	0.1081159459	0.994742274	0.4321451647
0.892885035	0.107114965	0.9948455394	0.4317733374
0.893886016	0.106113984	0.9949476565	0.4314021345
0.894886997	0.105113003	0.9950486291	0.4310315545
0.895887978	0.104112022	0.9951484611	0.4306615958
0.896888959	0.103111041	0.9952471566	0.4302922569
0.8978899399	0.1021100601	0.9953447193	0.4299235363
0.8988909209	0.1011090791	0.9954411533	0.4295554326
0.8998919019	0.1001080981	0.9955364622	0.4291879441
0.9008928829	0.09910711712	0.9956306501	0.4288210695
0.9018938639	0.09810613614	0.9957237208	0.4284548072
0.9028948448	0.09710515516	0.995815678	0.4280891558
0.9038958258	0.09610417417	0.9959065257	0.4277241137
0.9048968068	0.09510319319	0.9959962676	0.4273596795
0.9058977878	0.09410221221	0.9960849075	0.4269958517
0.9068987688	0.09310123123	0.9961724493	0.4266326288
0.9078997497	0.09210025025	0.9962588966	0.4262700095
0.9089007307	0.09109926927	0.9963442534	0.4259079922
0.9099017117	0.09009828829	0.9964285232	0.4255465754
0.9109026927	0.08909730731	0.99651171	0.4251857578
0.9119036737	0.08809632633	0.9965938173	0.4248255378
0.9129046547	0.08709534535	0.9966748489	0.4244659141
0.9139056356	0.08609436436	0.9967548085	0.4241068852
0.9149066166	0.08509338338	0.9968336998	0.4237484497
0.9159075976	0.0840924024	0.9969115265	0.4233906061
0.9169085786	0.08309142142	0.9969882923	0.4230333531
0.9179095596	0.08209044044	0.9970640008	0.4226766891
0.9189105405	0.08108945946	0.9971386556	0.4223206129
0.9199115215	0.08008847848	0.9972122605	0.4219651229
0.9209125025	0.0790874975	0.9972848189	0.4216102178
0.9219134835	0.07808651652	0.9973563346	0.4212558962
0.9229144645	0.07708553554	0.9974268111	0.4209021566
0.9239154454	0.07608455455	0.997496252	0.4205489978
0.9249164264	0.07508357357	0.9975646609	0.4201964182
0.9259174074	0.07408259259	0.9976320413	0.4198444166
0.9269183884	0.07308161161	0.9976983969	0.4194929915
0.9279193694	0.07208063063	0.9977637311	0.4191421416
0.9289203504	0.07107964965	0.9978280475	0.4187918654
0.9299213313	0.07007866867	0.9978913496	0.4184421617
0.9309223123	0.06907768769	0.9979536409	0.418093029
0.9319232933	0.06807670671	0.9980149248	0.4177444661
0.9329242743	0.06707572573	0.998075205	0.4173964715
0.9339252553	0.06607474474	0.9981344849	0.4170490439
0.9349262362	0.06507376376	0.9981927678	0.4167021819
0.9359272172	0.06407278278	0.9982500574	0.4163558843
0.9369281982	0.0630718018	0.9983063569	0.4160101496
0.9379291792	0.06207082082	0.9983616699	0.4156649766
0.9389301602	0.06106983984	0.9984159998	0.4153203638
0.9399311411	0.06006885886	0.9984693499	0.4149763101
0.9409321221	0.05906787788	0.9985217237	0.414632814
0.9419331031	0.0580668969	0.9985731246	0.4142898743
0.9429340841	0.05706591592	0.9986235558	0.4139474895
0.9439350651	0.05606493493	0.9986730209	0.4136056586
0.944936046	0.05506395395	0.9987215231	0.41326438
0.945937027	0.05406297297	0.9987690658	0.4129236525
0.946938008	0.05306199199	0.9988156524	0.4125834748
0.947938989	0.05206101101	0.998861286	0.4122438457
0.94893997	0.05106003003	0.9989059701	0.4119047638
0.949940951	0.05005904905	0.998949708	0.4115662278
0.9509419319	0.04905806807	0.9989925028	0.4112282365
0.9519429129	0.04805708709	0.999034358	0.4108907886
0.9529438939	0.04705610611	0.9990752768	0.4105538828
0.9539448749	0.04605512513	0.9991152624	0.4102175178
0.9549458559	0.04505414414	0.9991543181	0.4098816924
0.9559468368	0.04405316316	0.9991924471	0.4095464053
0.9569478178	0.04305218218	0.9992296527	0.4092116552
0.9579487988	0.0420512012	0.999265938	0.4088774409
0.9589497798	0.04105022022	0.9993013062	0.4085437612
0.9599507608	0.04004923924	0.9993357606	0.4082106148
0.9609517417	0.03904825826	0.9993693044	0.4078780004
0.9619527227	0.03804727728	0.9994019406	0.4075459168
0.9629537037	0.0370462963	0.9994336726	0.4072143628
0.9639546847	0.03604531532	0.9994645033	0.4068833371
0.9649556657	0.03504433433	0.9994944361	0.4065528385
0.9659566466	0.03404335335	0.9995234739	0.4062228658
0.9669576276	0.03304237237	0.9995516199	0.4058934178
0.9679586086	0.03204139139	0.9995788773	0.4055644932
0.9689595896	0.03104041041	0.9996052491	0.4052360908
0.9699605706	0.03003942943	0.9996307385	0.4049082094
0.9709615516	0.02903844845	0.9996553484	0.4045808479
0.9719625325	0.02803746747	0.999679082	0.4042540049
0.9729635135	0.02703648649	0.9997019424	0.4039276794
0.9739644945	0.02603550551	0.9997239326	0.4036018701
0.9749654755	0.02503452452	0.9997450556	0.4032765757
0.9759664565	0.02403354354	0.9997653144	0.4029517952
0.9769674374	0.02303256256	0.9997847122	0.4026275273
0.9779684184	0.02203158158	0.9998032519	0.4023037709
0.9789693994	0.0210306006	0.9998209364	0.4019805248
0.9799703804	0.02002961962	0.9998377689	0.4016577877
0.9809713614	0.01902863864	0.9998537522	0.4013355586
0.9819723423	0.01802765766	0.9998688894	0.4010138363
0.9829733233	0.01702667668	0.9998831834	0.4006926195
0.9839743043	0.0160256957	0.9998966372	0.4003719071
0.9849752853	0.01502471471	0.9999092537	0.4000516981
0.9859762663	0.01402373373	0.9999210358	0.3997319911
0.9869772472	0.01302275275	0.9999319865	0.3994127851
0.9879782282	0.01202177177	0.9999421087	0.399094079
0.9889792092	0.01102079079	0.9999514053	0.3987758715
0.9899801902	0.01001980981	0.9999598792	0.3984581615
0.9909811712	0.009018828829	0.9999675333	0.3981409479
0.9919821522	0.008017847848	0.9999743704	0.3978242296
0.9929831331	0.007016866867	0.9999803935	0.3975080055
0.9939841141	0.006015885886	0.9999856054	0.3971922743
0.9949850951	0.005014904905	0.9999900089	0.396877035
0.9959860761	0.004013923924	0.9999936068	0.3965622864
0.9969870571	0.003012942943	0.9999964021	0.3962480275
0.997988038	0.002011961962	0.9999983975	0.3959342571
0.998989019	0.001010980981	0.9999995959	0.3956209741
0.99999	1e-05	1	0.3953081774
