1e-05	0.99999	7.702937921e-07	0.9999999859
0.001010980981	0.998989019	1.01619525e-06	0.9998592612
0.002011961962	0.997988038	1.328256815e-06	0.9994547444
0.003012942943	0.9969870571	1.720937948e-06	0.9988036405
0.004013923924	0.9959860761	2.211101107e-06	0.9979221067
0.005014904905	0.9949850951	2.818272294e-06	0.9968253158
0.006015885886	0.9939841141	3.564910142e-06	0.9955275166
0.007016866867	0.9929831331	4.476681683e-06	0.9940420906
0.008017847848	0.9919821522	5.582742743e-06	0.9923816054
0.009018828829	0.9909811712	6.916020874e-06	0.9905578649
0.01001980981	0.9899801902	8.513498627e-06	0.9885819567
0.01102079079	0.9889792092	1.041649498e-05	0.9864642967
0.01202177177	0.9879782282	1.267094268e-05	0.9842146699
0.01302275275	0.9869772472	1.53276594e-05	0.9818422707
0.01402373373	0.9859762663	1.844261044e-05	0.9793557384
0.01502471471	0.9849752853	2.207716115e-05	0.9767631922
0.0160256957	0.9839743043	2.62983169e-05	0.9740722632
0.01702667668	0.9829733233	3.117894902e-05	0.9712901245
0.01802765766	0.9819723423	3.679800479e-05	0.9684235192
0.01902863864	0.9809713614	4.324070024e-05	0.9654787873
0.02002961962	0.9799703804	5.059869411e-05	0.9624618899
0.0210306006	0.9789693994	5.897024201e-05	0.9593784328
0.02203158158	0.9779684184	6.846032965e-05	0.9562336878
0.02303256256	0.9769674374	7.918078435e-05	0.9530326133
0.02403354354	0.9759664565	9.125036408e-05	0.9497798733
0.02503452452	0.9749654755	0.0001047948238	0.9464798548
0.02603550551	0.9739644945	0.0001199469582	0.943136685
0.02703648649	0.9729635135	0.0001368466218	0.9397542467
0.02803746747	0.9719625325	0.0001556407248	0.9363361927
0.02903844845	0.9709615516	0.0001764832067	0.9328859601
0.03003942943	0.9699605706	0.0001995349862	0.9294067823
0.03104041041	0.9689595896	0.0002249638892	0.9259017018
0.03204139139	0.9679586086	0.0002529445548	0.9223735812
0.03304237237	0.9669576276	0.0002836583199	0.9188251137
0.03404335335	0.9659566466	0.0003172930833	0.9152588331
0.03504433433	0.9649556657	0.0003540431507	0.9116771232
0.03604531532	0.9639546847	0.00039410906	0.9080822263
0.0370462963	0.9629537037	0.0004376973902	0.9044762519
0.03804727728	0.9619527227	0.0004850205521	0.9008611836
0.03904825826	0.9609517417	0.0005362965646	0.8972388872
0.04004923924	0.9599507608	0.0005917488164	0.8936111168
0.04105022022	0.9589497798	0.0006516058134	0.8899795218
0.0420512012	0.9579487988	0.0007161009153	0.8863456522
0.04305218218	0.9569478178	0.0007854720602	0.8827109648
0.04405316316	0.9559468368	0.0008599614797	0.8790768283
0.04505414414	0.9549458559	0.0009398154057	0.8754445283
0.04605512513	0.9539448749	0.001025283769	0.8718152718
0.04705610611	0.9529438939	0.001116619893	0.868190192
0.04805708709	0.9519429129	0.00121408018	0.8645703521
0.04905806807	0.9509419319	0.001317923793	0.8609567494
0.05005904905	0.949940951	0.001428412342	0.857350319
0.05106003003	0.94893997	0.001545809553	0.853751937
0.05206101101	0.947938989	0.001670380954	0.8501624241
0.05306199199	0.946938008	0.001802393545	0.8465825485
0.05406297297	0.945937027	0.001942115481	0.8430130288
0.05506395395	0.944936046	0.002089815746	0.8394545368
0.05606493493	0.9439350651	0.002245763842	0.8359077001
0.05706591592	0.9429340841	0.002410229464	0.8323731044
0.0580668969	0.9419331031	0.002583482198	0.8288512959
0.05906787788	0.9409321221	0.00276579121	0.8253427835
0.06006885886	0.9399311411	0.002957424943	0.8218480407
0.06106983984	0.9389301602	0.003158650826	0.8183675077
0.06207082082	0.9379291792	0.003369734982	0.814901593
0.0630718018	0.9369281982	0.003590941942	0.8114506754
0.06407278278	0.9359272172	0.003822534376	0.8080151055
0.06507376376	0.9349262362	0.004064772823	0.8045952071
0.06607474474	0.9339252553	0.004317915426	0.8011912789
0.06707572573	0.9329242743	0.004582217688	0.7978035957
0.06807670671	0.9319232933	0.004857932225	0.7944324097
0.06907768769	0.9309223123	0.005145308531	0.7910779519
0.07007866867	0.9299213313	0.005444592755	0.787740433
0.07107964965	0.9289203504	0.005756027483	0.7844200448
0.07208063063	0.9279193694	0.006079851533	0.7811169609
0.07308161161	0.9269183884	0.006416299754	0.777831338
0.07408259259	0.9259174074	0.006765602841	0.7745633166
0.07508357357	0.9249164264	0.007127987156	0.771313022
0.07608455455	0.9239154454	0.007503674557	0.7680805651
0.07708553554	0.9229144645	0.00789288224	0.7648660433
0.07808651652	0.9219134835	0.008295822585	0.761669541
0.0790874975	0.9209125025	0.008712703023	0.7584911306
0.08008847848	0.9199115215	0.009143725895	0.7553308728
0.08108945946	0.9189105405	0.009589088335	0.7521888177
0.08209044044	0.9179095596	0.01004898215	0.7490650052
0.08309142142	0.9169085786	0.01052359374	0.7459594653
0.0840924024	0.9159075976	0.01101310396	0.742872219
0.08509338338	0.9149066166	0.01151768806	0.7398032788
0.08609436436	0.9139056356	0.01203751562	0.736752649
0.08709534535	0.9129046547	0.01257275044	0.7337203262
0.08809632633	0.9119036737	0.01312355052	0.7307062998
0.08909730731	0.9109026927	0.01369006796	0.7277105525
0.09009828829	0.9099017117	0.01427244898	0.7247330605
0.09109926927	0.9089007307	0.01487083379	0.721773794
0.09210025025	0.9078997497	0.01548535666	0.7188327176
0.09310123123	0.9068987688	0.01611614581	0.7159097904
0.09410221221	0.9058977878	0.01676332344	0.7130049666
0.09510319319	0.9048968068	0.01742700569	0.7101181957
0.09610417417	0.9038958258	0.01810730268	0.7072494227
0.09710515516	0.9028948448	0.01880431846	0.7043985884
0.09810613614	0.9018938639	0.01951815104	0.7015656299
0.09910711712	0.9008928829	0.02024889242	0.6987504804
0.1001080981	0.8998919019	0.02099662857	0.69595307
0.1011090791	0.8988909209	0.02176143949	0.6931733253
0.1021100601	0.8978899399	0.02254339921	0.6904111701
0.103111041	0.896888959	0.02334257586	0.6876665253
0.104112022	0.895887978	0.02415903166	0.6849393092
0.105113003	0.894886997	0.02499282301	0.6822294379
0.106113984	0.893886016	0.02584400051	0.679536825
0.107114965	0.892885035	0.026712609	0.6768613822
0.1081159459	0.8918840541	0.02759868766	0.6742030191
0.1091169269	0.8908830731	0.02850227001	0.6715616437
0.1101179079	0.8898820921	0.02942338403	0.6689371621
0.1111188889	0.8888811111	0.03036205215	0.6663294793
0.1121198699	0.8878801301	0.03131829141	0.6637384985
0.1131208509	0.8868791491	0.03229211345	0.6611641218
0.1141218318	0.8858781682	0.03328352464	0.6586062501
0.1151228128	0.8848771872	0.03429252609	0.6560647835
0.1161237938	0.8838762062	0.03531911381	0.6535396207
0.1171247748	0.8828752252	0.03636327872	0.6510306599
0.1181257558	0.8818742442	0.03742500676	0.6485377985
0.1191267367	0.8808732633	0.03850427898	0.6460609329
0.1201277177	0.8798722823	0.03960107161	0.6435999594
0.1211286987	0.8788713013	0.04071535615	0.6411547734
0.1221296797	0.8778703203	0.04184709945	0.63872527
0.1231306607	0.8768693393	0.04299626381	0.6363113439
0.1241316416	0.8758683584	0.04416280707	0.6339128896
0.1251326226	0.8748673774	0.0453466827	0.6315298011
0.1261336036	0.8738663964	0.04654783987	0.6291619724
0.1271345846	0.8728654154	0.04776622358	0.6268092975
0.1281355656	0.8718644344	0.04900177469	0.6244716699
0.1291365465	0.8708634535	0.0502544301	0.6221489835
0.1301375275	0.8698624725	0.05152412277	0.619841132
0.1311385085	0.8688614915	0.05281078184	0.6175480092
0.1321394895	0.8678605105	0.05411433271	0.615269509
0.1331404705	0.8668595295	0.05543469717	0.6130055254
0.1341414515	0.8658585485	0.05677179346	0.6107559527
0.1351424324	0.8648575676	0.05812553634	0.6085206853
0.1361434134	0.8638565866	0.05949583725	0.6062996179
0.1371443944	0.8628556056	0.06088260435	0.6040926455
0.1381453754	0.8618546246	0.06228574262	0.6018996633
0.1391463564	0.8608536436	0.06370515398	0.5997205671
0.1401473373	0.8598526627	0.06514073732	0.5975552528
0.1411483183	0.8588516817	0.06659238868	0.5954036168
0.1421492993	0.8578507007	0.06806000124	0.5932655559
0.1431502803	0.8568497197	0.0695434655	0.5911409673
0.1441512613	0.8558487387	0.07104266929	0.5890297486
0.1451522422	0.8548477578	0.07255749792	0.5869317982
0.1461532232	0.8538467768	0.07408783423	0.5848470145
0.1471542042	0.8528457958	0.07563355868	0.5827752968
0.1481551852	0.8518448148	0.07719454947	0.5807165448
0.1491561662	0.8508438338	0.07877068255	0.5786706586
0.1501571471	0.8498428529	0.08036183178	0.5766375391
0.1511581281	0.8488418719	0.08196786898	0.5746170876
0.1521591091	0.8478408909	0.08358866399	0.5726092059
0.1531600901	0.8468399099	0.08522408479	0.5706137967
0.1541610711	0.8458389289	0.08687399756	0.5686307629
0.1551620521	0.8448379479	0.08853826673	0.5666600084
0.156163033	0.843836967	0.09021675513	0.5647014373
0.157164014	0.842835986	0.09190932397	0.5627549547
0.158164995	0.841835005	0.09361583299	0.5608204661
0.159165976	0.840834024	0.0953361405	0.5588978776
0.160166957	0.839833043	0.09707010346	0.5569870962
0.1611679379	0.8388320621	0.09881757755	0.5550880293
0.1621689189	0.8378310811	0.1005784172	0.553200585
0.1631698999	0.8368301001	0.1023524758	0.5513246722
0.1641708809	0.8358291191	0.1041396056	0.5494602002
0.1651718619	0.8348281381	0.1059396577	0.5476070791
0.1661728428	0.8338271572	0.1077524825	0.5457652198
0.1671738238	0.8328261762	0.1095779293	0.5439345335
0.1681748048	0.8318251952	0.1114158468	0.5421149325
0.1691757858	0.8308242142	0.1132660828	0.5403063295
0.1701767668	0.8298232332	0.1151284843	0.5385086378
0.1711777477	0.8288222523	0.1170028979	0.5367217717
0.1721787287	0.8278212713	0.1188891694	0.5349456458
0.1731797097	0.8268202903	0.1207871441	0.5331801755
0.1741806907	0.8258193093	0.122696667	0.531425277
0.1751816717	0.8248183283	0.1246175826	0.5296808671
0.1761826527	0.8238173473	0.1265497348	0.5279468631
0.1771836336	0.8228163664	0.1284929675	0.5262231832
0.1781846146	0.8218153854	0.1304471242	0.524509746
0.1791855956	0.8208144044	0.1324120481	0.5228064712
0.1801865766	0.8198134234	0.1343875823	0.5211132786
0.1811875576	0.8188124424	0.1363735699	0.5194300891
0.1821885385	0.8178114615	0.1383698537	0.5177568241
0.1831895195	0.8168104805	0.1403762765	0.5160934056
0.1841905005	0.8158094995	0.1423926813	0.5144397563
0.1851914815	0.8148085185	0.1444189109	0.5127957996
0.1861924625	0.8138075375	0.1464548083	0.5111614595
0.1871934434	0.8128065566	0.1485002167	0.5095366605
0.1881944244	0.8118055756	0.1505549794	0.5079213281
0.1891954054	0.8108045946	0.1526189398	0.5063153881
0.1901963864	0.8098036136	0.1546919417	0.5047187671
0.1911973674	0.8088026326	0.1567738291	0.5031313922
0.1921983483	0.8078016517	0.1588644464	0.5015531913
0.1931993293	0.8068006707	0.1609636381	0.4999840928
0.1942003103	0.8057996897	0.1630712494	0.4984240258
0.1952012913	0.8047987087	0.1651871257	0.4968729198
0.1962022723	0.8037977277	0.1673111128	0.4953307053
0.1972032533	0.8027967467	0.1694430572	0.493797313
0.1982042342	0.8017957658	0.1715828056	0.4922726746
0.1992052152	0.8007947848	0.1737302056	0.490756722
0.2002061962	0.7997938038	0.1758851049	0.4892493879
0.2012071772	0.7987928228	0.1780473522	0.4877506057
0.2022081582	0.7977918418	0.1802167965	0.4862603092
0.2032091391	0.7967908609	0.1823932875	0.4847784328
0.2042101201	0.7957898799	0.1845766757	0.4833049116
0.2052111011	0.7947888989	0.1867668122	0.4818396811
0.2062120821	0.7937879179	0.1889635485	0.4803826776
0.2072130631	0.7927869369	0.1911667374	0.4789338377
0.208214044	0.791785956	0.1933762318	0.4774930989
0.209215025	0.790784975	0.1955918859	0.4760603988
0.210216006	0.789783994	0.1978135544	0.474635676
0.211216987	0.788783013	0.2000410927	0.4732188694
0.212217968	0.787782032	0.2022743572	0.4718099185
0.2132189489	0.7867810511	0.2045132052	0.4704087633
0.2142199299	0.7857800701	0.2067574945	0.4690153444
0.2152209109	0.7847790891	0.2090070841	0.4676296029
0.2162218919	0.7837781081	0.2112618338	0.4662514804
0.2172228729	0.7827771271	0.213521604	0.4648809192
0.2182238539	0.7817761461	0.2157862564	0.4635178618
0.2192248348	0.7807751652	0.2180556535	0.4621622514
0.2202258158	0.7797741842	0.2203296584	0.4608140318
0.2212267968	0.7787732032	0.2226081357	0.459473147
0.2222277778	0.7777722222	0.2248909504	0.4581395419
0.2232287588	0.7767712412	0.2271779689	0.4568131616
0.2242297397	0.7757702603	0.2294690582	0.4554939518
0.2252307207	0.7747692793	0.2317640865	0.4541818587
0.2262317017	0.7737682983	0.234062923	0.4528768288
0.2272326827	0.7727673173	0.2363654378	0.4515788094
0.2282336637	0.7717663363	0.2386715019	0.450287748
0.2292346446	0.7707653554	0.2409809876	0.4490035927
0.2302356256	0.7697643744	0.243293768	0.447726292
0.2312366066	0.7687633934	0.2456097172	0.446455795
0.2322375876	0.7677624124	0.2479287104	0.445192051
0.2332385686	0.7667614314	0.250250624	0.44393501
0.2342395495	0.7657604505	0.2525753351	0.4426846223
0.2352405305	0.7647594695	0.254902722	0.4414408388
0.2362415115	0.7637584885	0.2572326641	0.4402036106
0.2372424925	0.7627575075	0.2595650419	0.4389728895
0.2382434735	0.7617565265	0.2618997367	0.4377486275
0.2392444545	0.7607555455	0.2642366312	0.4365307772
0.2402454354	0.7597545646	0.2665756088	0.4353192914
0.2412464164	0.7587535836	0.2689165542	0.4341141237
0.2422473974	0.7577526026	0.2712593531	0.4329152278
0.2432483784	0.7567516216	0.2736038924	0.4317225578
0.2442493594	0.7557506406	0.2759500597	0.4305360685
0.2452503403	0.7547496597	0.278297744	0.4293557147
0.2462513213	0.7537486787	0.2806468354	0.428181452
0.2472523023	0.7527476977	0.2829972248	0.4270132361
0.2482532833	0.7517467167	0.2853488043	0.4258510232
0.2492542643	0.7507457357	0.2877014671	0.42469477
0.2502552452	0.7497447548	0.2900551075	0.4235444333
0.2512562262	0.7487437738	0.2924096207	0.4223999706
0.2522572072	0.7477427928	0.2947649032	0.4212613396
0.2532581882	0.7467418118	0.2971208524	0.4201284984
0.2542591692	0.7457408308	0.2994773668	0.4190014054
0.2552601502	0.7447398498	0.301834346	0.4178800195
0.2562611311	0.7437388689	0.3041916905	0.4167643
0.2572621121	0.7427378879	0.3065493022	0.4156542064
0.2582630931	0.7417369069	0.3089070836	0.4145496986
0.2592640741	0.7407359259	0.3112649387	0.4134507368
0.2602650551	0.7397349449	0.3136227722	0.4123572818
0.261266036	0.738733964	0.3159804901	0.4112692945
0.262267017	0.737732983	0.3183379993	0.4101867362
0.263267998	0.736732002	0.3206952077	0.4091095685
0.264268979	0.735731021	0.3230520244	0.4080377535
0.26526996	0.73473004	0.3254083594	0.4069712534
0.2662709409	0.7337290591	0.3277641238	0.4059100309
0.2672719219	0.7327280781	0.3301192297	0.404854049
0.2682729029	0.7317270971	0.3324735902	0.4038032711
0.2692738839	0.7307261161	0.3348271194	0.4027576606
0.2702748649	0.7297251351	0.3371797326	0.4017171815
0.2712758458	0.7287241542	0.3395313458	0.4006817982
0.2722768268	0.7277231732	0.3418818762	0.3996514751
0.2732778078	0.7267221922	0.3442312421	0.3986261771
0.2742787888	0.7257212112	0.3465793624	0.3976058695
0.2752797698	0.7247202302	0.3489261575	0.3965905175
0.2762807508	0.7237192492	0.3512715483	0.3955800872
0.2772817317	0.7227182683	0.3536154571	0.3945745444
0.2782827127	0.7217172873	0.3559578069	0.3935738555
0.2792836937	0.7207163063	0.3582985217	0.3925779873
0.2802846747	0.7197153253	0.3606375265	0.3915869066
0.2812856557	0.7187143443	0.3629747474	0.3906005807
0.2822866366	0.7177133634	0.3653101112	0.389618977
0.2832876176	0.7167123824	0.3676435457	0.3886420634
0.2842885986	0.7157114014	0.3699749799	0.3876698079
0.2852895796	0.7147104204	0.3723043434	0.3867021788
0.2862905606	0.7137094394	0.3746315668	0.3857391447
0.2872915415	0.7127084585	0.3769565818	0.3847806746
0.2882925225	0.7117074775	0.3792793209	0.3838267374
0.2892935035	0.7107064965	0.3815997174	0.3828773027
0.2902944845	0.7097055155	0.3839177057	0.38193234
0.2912954655	0.7087045345	0.3862332209	0.3809918193
0.2922964464	0.7077035536	0.3885461992	0.3800557108
0.2932974274	0.7067025726	0.3908565776	0.3791239848
0.2942984084	0.7057015916	0.3931642938	0.378196612
0.2952993894	0.7047006106	0.3954692867	0.3772735635
0.2963003704	0.7036996296	0.3977714958	0.3763548102
0.2973013514	0.7026986486	0.4000708616	0.3754403236
0.2983023323	0.7016976677	0.4023673253	0.3745300754
0.2993033133	0.7006966867	0.4046608292	0.3736240375
0.3003042943	0.6996957057	0.4069513162	0.3727221819
0.3013052753	0.6986947247	0.4092387301	0.371824481
0.3023062563	0.6976937437	0.4115230156	0.3709309074
0.3033072372	0.6966927628	0.4138041181	0.3700414339
0.3043082182	0.6956917818	0.4160819839	0.3691560336
0.3053091992	0.6946908008	0.4183565602	0.3682746797
0.3063101802	0.6936898198	0.4206277947	0.3673973456
0.3073111612	0.6926888388	0.4228956361	0.3665240052
0.3083121421	0.6916878579	0.425160034	0.3656546323
0.3093131231	0.6906868769	0.4274209386	0.364789201
0.3103141041	0.6896858959	0.4296783008	0.3639276857
0.3113150851	0.6886849149	0.4319320725	0.3630700611
0.3123160661	0.6876839339	0.4341822061	0.3622163017
0.313317047	0.686682953	0.4364286551	0.3613663827
0.314318028	0.685681972	0.4386713733	0.3605202792
0.315319009	0.684680991	0.4409103156	0.3596779666
0.31631999	0.68368001	0.4431454376	0.3588394206
0.317320971	0.682679029	0.4453766954	0.3580046168
0.318321952	0.681678048	0.4476040459	0.3571735313
0.3193229329	0.6806770671	0.449827447	0.3563461402
0.3203239139	0.6796760861	0.4520468569	0.35552242
0.3213248949	0.6786751051	0.4542622347	0.3547023472
0.3223258759	0.6776741241	0.4564735401	0.3538858986
0.3233268569	0.6766731431	0.4586807337	0.3530730511
0.3243278378	0.6756721622	0.4608837766	0.3522637819
0.3253288188	0.6746711812	0.4630826306	0.3514580683
0.3263297998	0.6736702002	0.4652772582	0.3506558878
0.3273307808	0.6726692192	0.4674676224	0.3498572181
0.3283317618	0.6716682382	0.4696536872	0.349062037
0.3293327427	0.6706672573	0.4718354169	0.3482703226
0.3303337237	0.6696662763	0.4740127766	0.3474820531
0.3313347047	0.6686652953	0.476185732	0.346697207
0.3323356857	0.6676643143	0.4783542496	0.3459157627
0.3333366667	0.6666633333	0.4805182962	0.345137699
0.3343376476	0.6656623524	0.4826778394	0.3443629949
0.3353386286	0.6646613714	0.4848328476	0.3435916294
0.3363396096	0.6636603904	0.4869832893	0.3428235817
0.3373405906	0.6626594094	0.4891291341	0.3420588313
0.3383415716	0.6616584284	0.491270352	0.3412973577
0.3393425526	0.6606574474	0.4934069135	0.3405391407
0.3403435335	0.6596564665	0.4955387898	0.3397841602
0.3413445145	0.6586554855	0.4976659526	0.3390323961
0.3423454955	0.6576545045	0.4997883742	0.3382838288
0.3433464765	0.6566535235	0.5019060275	0.3375384386
0.3443474575	0.6556525425	0.5040188859	0.336796206
0.3453484384	0.6546515616	0.5061269233	0.3360571117
0.3463494194	0.6536505806	0.5082301143	0.3353211365
0.3473504004	0.6526495996	0.510328434	0.3345882614
0.3483513814	0.6516486186	0.5124218578	0.3338584675
0.3493523624	0.6506476376	0.514510362	0.3331317361
0.3503533433	0.6496466567	0.5165939231	0.3324080486
0.3513543243	0.6486456757	0.5186725183	0.3316873866
0.3523553053	0.6476446947	0.5207461252	0.3309697317
0.3533562863	0.6466437137	0.522814722	0.3302550659
0.3543572673	0.6456427327	0.5248782874	0.329543371
0.3553582482	0.6446417518	0.5269368005	0.3288346293
0.3563592292	0.6436407708	0.5289902409	0.328128823
0.3573602102	0.6426397898	0.5310385887	0.3274259345
0.3583611912	0.6416388088	0.5330818246	0.3267259463
0.3593621722	0.6406378278	0.5351199296	0.3260288412
0.3603631532	0.6396368468	0.5371528853	0.3253346018
0.3613641341	0.6386358659	0.5391806735	0.3246432112
0.3623651151	0.6376348849	0.5412032769	0.3239546524
0.3633660961	0.6366339039	0.5432206782	0.3232689087
0.3643670771	0.6356329229	0.5452328608	0.3225859632
0.3653680581	0.6346319419	0.5472398085	0.3219057996
0.366369039	0.633630961	0.5492415055	0.3212284013
0.36737002	0.63262998	0.5512379365	0.3205537521
0.368371001	0.631628999	0.5532290864	0.3198818358
0.369371982	0.630628018	0.5552149409	0.3192126364
0.370372963	0.629627037	0.5571954857	0.3185461378
0.3713739439	0.6286260561	0.5591707072	0.3178823244
0.3723749249	0.6276250751	0.5611405922	0.3172211804
0.3733759059	0.6266240941	0.5631051276	0.3165626902
0.3743768869	0.6256231131	0.5650643011	0.3159068384
0.3753778679	0.6246221321	0.5670181005	0.3152536096
0.3763788488	0.6236211512	0.5689665142	0.3146029887
0.3773798298	0.6226201702	0.5709095307	0.3139549605
0.3783808108	0.6216191892	0.5728471391	0.31330951
0.3793817918	0.6206182082	0.5747793288	0.3126666223
0.3803827728	0.6196172272	0.5767060896	0.3120262826
0.3813837538	0.6186162462	0.5786274117	0.3113884764
0.3823847347	0.6176152653	0.5805432855	0.3107531889
0.3833857157	0.6166142843	0.5824537019	0.3101204059
0.3843866967	0.6156133033	0.5843586521	0.3094901128
0.3853876777	0.6146123223	0.5862581276	0.3088622956
0.3863886587	0.6136113413	0.5881521203	0.30823694
0.3873896396	0.6126103604	0.5900406224	0.3076140321
0.3883906206	0.6116093794	0.5919236265	0.3069935579
0.3893916016	0.6106083984	0.5938011255	0.3063755036
0.3903925826	0.6096074174	0.5956731126	0.3057598555
0.3913935636	0.6086064364	0.5975395812	0.3051465999
0.3923945445	0.6076054555	0.5994005252	0.3045357233
0.3933955255	0.6066044745	0.6012559388	0.3039272124
0.3943965065	0.6056034935	0.6031058165	0.3033210537
0.3953974875	0.6046025125	0.6049501529	0.3027172342
0.3963984685	0.6036015315	0.6067889431	0.3021157405
0.3973994494	0.6026005506	0.6086221825	0.3015165597
0.3984004304	0.6015995696	0.6104498668	0.3009196789
0.3994014114	0.6005985886	0.6122719918	0.3003250853
0.4004023924	0.5995976076	0.6140885538	0.2997327659
0.4014033734	0.5985966266	0.6158995492	0.2991427083
0.4024043544	0.5975956456	0.6177049749	0.2985548998
0.4034053353	0.5965946647	0.6195048278	0.2979693279
0.4044063163	0.5955936837	0.6212991054	0.2973859802
0.4054072973	0.5945927027	0.6230878051	0.2968048445
0.4064082783	0.5935917217	0.6248709248	0.2962259086
0.4074092593	0.5925907407	0.6266484625	0.2956491602
0.4084102402	0.5915897598	0.6284204168	0.2950745874
0.4094112212	0.5905887788	0.6301867861	0.2945021783
0.4104122022	0.5895877978	0.6319475692	0.2939319208
0.4114131832	0.5885868168	0.6337027654	0.2933638033
0.4124141642	0.5875858358	0.6354523739	0.2927978141
0.4134151451	0.5865848549	0.6371963943	0.2922339415
0.4144161261	0.5855838739	0.6389348264	0.291672174
0.4154171071	0.5845828929	0.6406676702	0.2911125001
0.4164180881	0.5835819119	0.642394926	0.2905549085
0.4174190691	0.5825809309	0.6441165943	0.2899993879
0.4184200501	0.5815799499	0.6458326758	0.289445927
0.419421031	0.580578969	0.6475431714	0.2888945148
0.420422012	0.579577988	0.6492480823	0.2883451401
0.421422993	0.578577007	0.6509474098	0.2877977919
0.422423974	0.577576026	0.6526411555	0.2872524595
0.423424955	0.576575045	0.6543293212	0.2867091319
0.4244259359	0.5755740641	0.6560119088	0.2861677984
0.4254269169	0.5745730831	0.6576889205	0.2856284484
0.4264278979	0.5735721021	0.6593603586	0.2850910711
0.4274288789	0.5725711211	0.6610262259	0.2845556561
0.4284298599	0.5715701401	0.6626865249	0.284022193
0.4294308408	0.5705691592	0.6643412586	0.2834906713
0.4304318218	0.5695681782	0.6659904302	0.2829610807
0.4314328028	0.5685671972	0.667634043	0.282433411
0.4324337838	0.5675662162	0.6692721005	0.281907652
0.4334347648	0.5665652352	0.6709046063	0.2813837937
0.4344357457	0.5655642543	0.6725315643	0.2808618259
0.4354367267	0.5645632733	0.6741529785	0.2803417387
0.4364377077	0.5635622923	0.6757688531	0.2798235222
0.4374386887	0.5625613113	0.6773791924	0.2793071667
0.4384396697	0.5615603303	0.678984001	0.2787926623
0.4394406507	0.5605593493	0.6805832836	0.2782799993
0.4404416316	0.5595583684	0.6821770449	0.2777691681
0.4414426126	0.5585573874	0.6837652901	0.2772601592
0.4424435936	0.5575564064	0.6853480242	0.276752963
0.4434445746	0.5565554254	0.6869252525	0.2762475701
0.4444455556	0.5555544444	0.6884969805	0.2757439712
0.4454465365	0.5545534635	0.6900632138	0.2752421569
0.4464475175	0.5535524825	0.6916239581	0.274742118
0.4474484985	0.5525515015	0.6931792194	0.2742438453
0.4484494795	0.5515505205	0.6947290037	0.2737473297
0.4494504605	0.5505495395	0.696273317	0.2732525622
0.4504514414	0.5495485586	0.6978121658	0.2727595337
0.4514524224	0.5485475776	0.6993455564	0.2722682352
0.4524534034	0.5475465966	0.7008734955	0.271778658
0.4534543844	0.5465456156	0.7023959897	0.2712907932
0.4544553654	0.5455446346	0.7039130459	0.2708046321
0.4554563463	0.5445436537	0.7054246709	0.2703201659
0.4564573273	0.5435426727	0.7069308719	0.2698373859
0.4574583083	0.5425416917	0.7084316561	0.2693562837
0.4584592893	0.5415407107	0.7099270308	0.2688768507
0.4594602703	0.5405397297	0.7114170033	0.2683990783
0.4604612513	0.5395387487	0.7129015813	0.2679229583
0.4614622322	0.5385377678	0.7143807725	0.2674484822
0.4624632132	0.5375367868	0.7158545844	0.2669756416
0.4634641942	0.5365358058	0.7173230252	0.2665044285
0.4644651752	0.5355348248	0.7187861026	0.2660348345
0.4654661562	0.5345338438	0.7202438249	0.2655668516
0.4664671371	0.5335328629	0.7216962002	0.2651004716
0.4674681181	0.5325318819	0.7231432368	0.2646356865
0.4684690991	0.5315309009	0.724584943	0.2641724883
0.4694700801	0.5305299199	0.7260213275	0.263710869
0.4704710611	0.5295289389	0.7274523987	0.2632508209
0.471472042	0.528527958	0.7288781654	0.2627923361
0.472473023	0.527526977	0.7302986363	0.2623354067
0.473474004	0.526525996	0.7317138204	0.2618800251
0.474474985	0.525525015	0.7331237264	0.2614261835
0.475475966	0.524524034	0.7345283635	0.2609738744
0.4764769469	0.5235230531	0.7359277409	0.2605230902
0.4774779279	0.5225220721	0.7373218677	0.2600738233
0.4784789089	0.5215210911	0.7387107532	0.2596260663
0.4794798899	0.5205201101	0.7400944067	0.2591798117
0.4804808709	0.5195191291	0.7414728379	0.2587350521
0.4814818519	0.5185181481	0.7428460561	0.2582917802
0.4824828328	0.5175171672	0.744214071	0.2578499887
0.4834838138	0.5165161862	0.7455768923	0.2574096703
0.4844847948	0.5155152052	0.7469345297	0.256970818
0.4854857758	0.5145142242	0.7482869931	0.2565334244
0.4864867568	0.5135132432	0.7496342923	0.2560974825
0.4874877377	0.5125122623	0.7509764374	0.2556629852
0.4884887187	0.5115112813	0.7523134383	0.2552299255
0.4894896997	0.5105103003	0.7536453052	0.2547982965
0.4904906807	0.5095093193	0.7549720482	0.2543680912
0.4914916617	0.5085083383	0.7562936776	0.2539393027
0.4924926426	0.5075073574	0.7576102037	0.2535119242
0.4934936236	0.5065063764	0.7589216367	0.2530859488
0.4944946046	0.5055053954	0.7602279872	0.2526613699
0.4954955856	0.5045044144	0.7615292656	0.2522381807
0.4964965666	0.5035034334	0.7628254824	0.2518163745
0.4974975475	0.5025024525	0.7641166482	0.2513959447
0.4984985285	0.5015014715	0.7654027737	0.2509768847
0.4994995095	0.5005004905	0.7666838695	0.250559188
0.5005004905	0.4994995095	0.7679599464	0.2501428481
0.5015014715	0.4984985285	0.7692310151	0.2497278584
0.5025024525	0.4974975475	0.7704970866	0.2493142126
0.5035034334	0.4964965666	0.7717581716	0.2489019043
0.5045044144	0.4954955856	0.7730142812	0.2484909272
0.5055053954	0.4944946046	0.7742654263	0.2480812748
0.5065063764	0.4934936236	0.775511618	0.247672941
0.5075073574	0.4924926426	0.7767528673	0.2472659196
0.5085083383	0.4914916617	0.7779891854	0.2468602043
0.5095093193	0.4904906807	0.7792205833	0.2464557889
0.5105103003	0.4894896997	0.7804470723	0.2460526675
0.5115112813	0.4884887187	0.7816686637	0.2456508338
0.5125122623	0.4874877377	0.7828853687	0.2452502819
0.5135132432	0.4864867568	0.7840971985	0.2448510057
0.5145142242	0.4854857758	0.7853041647	0.2444529993
0.5155152052	0.4844847948	0.7865062784	0.2440562568
0.5165161862	0.4834838138	0.7877035513	0.2436607722
0.5175171672	0.4824828328	0.7888959946	0.2432665398
0.5185181481	0.4814818519	0.79008362	0.2428735536
0.5195191291	0.4804808709	0.7912664388	0.2424818079
0.5205201101	0.4794798899	0.7924444627	0.2420912969
0.5215210911	0.4784789089	0.7936177032	0.241702015
0.5225220721	0.4774779279	0.794786172	0.2413139564
0.5235230531	0.4764769469	0.7959498806	0.2409271155
0.524524034	0.475475966	0.7971088407	0.2405414867
0.525525015	0.474474985	0.798263064	0.2401570643
0.526525996	0.473474004	0.7994125622	0.239773843
0.527526977	0.472473023	0.800557347	0.239391817
0.528527958	0.471472042	0.8016974302	0.2390109811
0.5295289389	0.4704710611	0.8028328236	0.2386313296
0.5305299199	0.4694700801	0.8039635389	0.2382528572
0.5315309009	0.4684690991	0.8050895881	0.2378755586
0.5325318819	0.4674681181	0.8062109828	0.2374994283
0.5335328629	0.4664671371	0.807327735	0.2371244611
0.5345338438	0.4654661562	0.8084398566	0.2367506516
0.5355348248	0.4644651752	0.8095473594	0.2363779946
0.5365358058	0.4634641942	0.8106502553	0.236006485
0.5375367868	0.4624632132	0.8117485564	0.2356361174
0.5385377678	0.4614622322	0.8128422744	0.2352668867
0.5395387487	0.4604612513	0.8139314215	0.2348987878
0.5405397297	0.4594602703	0.8150160095	0.2345318156
0.5415407107	0.4584592893	0.8160960504	0.2341659651
0.5425416917	0.4574583083	0.8171715563	0.2338012311
0.5435426727	0.4564573273	0.8182425391	0.2334376087
0.5445436537	0.4554563463	0.8193090109	0.2330750929
0.5455446346	0.4544553654	0.8203709836	0.2327136787
0.5465456156	0.4534543844	0.8214284694	0.2323533612
0.5475465966	0.4524534034	0.8224814803	0.2319941355
0.5485475776	0.4514524224	0.8235300283	0.2316359968
0.5495485586	0.4504514414	0.8245741255	0.2312789402
0.5505495395	0.4494504605	0.825613784	0.2309229609
0.5515505205	0.4484494795	0.8266490158	0.2305680541
0.5525515015	0.4474484985	0.8276798331	0.230214215
0.5535524825	0.4464475175	0.8287062479	0.2298614391
0.5545534635	0.4454465365	0.8297282723	0.2295097214
0.5555544444	0.4444455556	0.8307459184	0.2291590574
0.5565554254	0.4434445746	0.8317591984	0.2288094424
0.5575564064	0.4424435936	0.8327681242	0.2284608719
0.5585573874	0.4414426126	0.8337727082	0.2281133411
0.5595583684	0.4404416316	0.8347729622	0.2277668456
0.5605593493	0.4394406507	0.8357688986	0.2274213808
0.5615603303	0.4384396697	0.8367605293	0.2270769421
0.5625613113	0.4374386887	0.8377478665	0.2267335252
0.5635622923	0.4364377077	0.8387309223	0.2263911255
0.5645632733	0.4354367267	0.8397097088	0.2260497387
0.5655642543	0.4344357457	0.8406842382	0.2257093602
0.5665652352	0.4334347648	0.8416545224	0.2253699858
0.5675662162	0.4324337838	0.8426205738	0.225031611
0.5685671972	0.4314328028	0.8435824042	0.2246942315
0.5695681782	0.4304318218	0.8445400259	0.224357843
0.5705691592	0.4294308408	0.845493451	0.2240224412
0.5715701401	0.4284298599	0.8464426915	0.2236880219
0.5725711211	0.4274288789	0.8473877596	0.2233545808
0.5735721021	0.4264278979	0.8483286673	0.2230221138
0.5745730831	0.4254269169	0.8492654266	0.2226906165
0.5755740641	0.4244259359	0.8501980498	0.2223600849
0.576575045	0.423424955	0.8511265488	0.2220305148
0.577576026	0.422423974	0.8520509357	0.221701902
0.578577007	0.421422993	0.8529712225	0.2213742426
0.579577988	0.420422012	0.8538874214	0.2210475324
0.580578969	0.419421031	0.8547995443	0.2207217673
0.5815799499	0.4184200501	0.8557076033	0.2203969434
0.5825809309	0.4174190691	0.8566116104	0.2200730566
0.5835819119	0.4164180881	0.8575115776	0.2197501029
0.5845828929	0.4154171071	0.858407517	0.2194280785
0.5855838739	0.4144161261	0.8592994404	0.2191069792
0.5865848549	0.4134151451	0.8601873599	0.2187868013
0.5875858358	0.4124141642	0.8610712876	0.2184675409
0.5885868168	0.4114131832	0.8619512352	0.218149194
0.5895877978	0.4104122022	0.8628272149	0.2178317568
0.5905887788	0.4094112212	0.8636992384	0.2175152255
0.5915897598	0.4084102402	0.8645673179	0.2171995962
0.5925907407	0.4074092593	0.8654314651	0.2168848652
0.5935917217	0.4064082783	0.866291692	0.2165710287
0.5945927027	0.4054072973	0.8671480104	0.216258083
0.5955936837	0.4044063163	0.8680004324	0.2159460243
0.5965946647	0.4034053353	0.8688489696	0.215634849
0.5975956456	0.4024043544	0.869693634	0.2153245533
0.5985966266	0.4014033734	0.8705344374	0.2150151335
0.5995976076	0.4004023924	0.8713713917	0.2147065861
0.6005985886	0.3994014114	0.8722045086	0.2143989074
0.6015995696	0.3984004304	0.8730337999	0.2140920938
0.6026005506	0.3973994494	0.8738592774	0.2137861417
0.6036015315	0.3963984685	0.874680953	0.2134810476
0.6046025125	0.3953974875	0.8754988382	0.2131768078
0.6056034935	0.3943965065	0.8763129449	0.2128734189
0.6066044745	0.3933955255	0.8771232848	0.2125708774
0.6076054555	0.3923945445	0.8779298696	0.2122691798
0.6086064364	0.3913935636	0.8787327109	0.2119683225
0.6096074174	0.3903925826	0.8795318204	0.2116683022
0.6106083984	0.3893916016	0.8803272099	0.2113691154
0.6116093794	0.3883906206	0.8811188908	0.2110707587
0.6126103604	0.3873896396	0.8819068748	0.2107732286
0.6136113413	0.3863886587	0.8826911736	0.210476522
0.6146123223	0.3853876777	0.8834717987	0.2101806352
0.6156133033	0.3843866967	0.8842487616	0.2098855651
0.6166142843	0.3833857157	0.8850220739	0.2095913083
0.6176152653	0.3823847347	0.8857917472	0.2092978614
0.6186162462	0.3813837538	0.8865577928	0.2090052212
0.6196172272	0.3803827728	0.8873202224	0.2087133845
0.6206182082	0.3793817918	0.8880790473	0.2084223479
0.6216191892	0.3783808108	0.8888342791	0.2081321083
0.6226201702	0.3773798298	0.8895859291	0.2078426624
0.6236211512	0.3763788488	0.8903340088	0.207554007
0.6246221321	0.3753778679	0.8910785295	0.2072661389
0.6256231131	0.3743768869	0.8918195026	0.2069790549
0.6266240941	0.3733759059	0.8925569395	0.206692752
0.6276250751	0.3723749249	0.8932908515	0.2064072269
0.6286260561	0.3713739439	0.8940212498	0.2061224765
0.629627037	0.370372963	0.8947481458	0.2058384978
0.630628018	0.369371982	0.8954715507	0.2055552877
0.631628999	0.368371001	0.8961914758	0.205272843
0.63262998	0.36737002	0.8969079323	0.2049911608
0.633630961	0.366369039	0.8976209314	0.204710238
0.6346319419	0.3653680581	0.8983304842	0.2044300715
0.6356329229	0.3643670771	0.899036602	0.2041506584
0.6366339039	0.3633660961	0.8997392958	0.2038719957
0.6376348849	0.3623651151	0.9004385768	0.2035940804
0.6386358659	0.3613641341	0.901134456	0.2033169095
0.6396368468	0.3603631532	0.9018269445	0.2030404801
0.6406378278	0.3593621722	0.9025160534	0.2027647893
0.6416388088	0.3583611912	0.9032017937	0.2024898341
0.6426397898	0.3573602102	0.9038841763	0.2022156117
0.6436407708	0.3563592292	0.9045632123	0.2019421191
0.6446417518	0.3553582482	0.9052389126	0.2016693536
0.6456427327	0.3543572673	0.9059112882	0.2013973122
0.6466437137	0.3533562863	0.9065803499	0.2011259921
0.6476446947	0.3523553053	0.9072461086	0.2008553905
0.6486456757	0.3513543243	0.9079085751	0.2005855046
0.6496466567	0.3503533433	0.9085677604	0.2003163315
0.6506476376	0.3493523624	0.9092236752	0.2000478686
0.6516486186	0.3483513814	0.9098763304	0.1997801129
0.6526495996	0.3473504004	0.9105257366	0.1995130619
0.6536505806	0.3463494194	0.9111719046	0.1992467127
0.6546515616	0.3453484384	0.9118148451	0.1989810626
0.6556525425	0.3443474575	0.9124545689	0.1987161089
0.6566535235	0.3433464765	0.9130910865	0.1984518489
0.6576545045	0.3423454955	0.9137244087	0.19818828
0.6586554855	0.3413445145	0.9143545461	0.1979253994
0.6596564665	0.3403435335	0.9149815091	0.1976632044
0.6606574474	0.3393425526	0.9156053085	0.1974016926
0.6616584284	0.3383415716	0.9162259548	0.1971408612
0.6626594094	0.3373405906	0.9168434584	0.1968807075
0.6636603904	0.3363396096	0.9174578299	0.1966212291
0.6646613714	0.3353386286	0.9180690797	0.1963624233
0.6656623524	0.3343376476	0.9186772184	0.1961042876
0.6666633333	0.3333366667	0.9192822562	0.1958468193
0.6676643143	0.3323356857	0.9198842036	0.195590016
0.6686652953	0.3313347047	0.920483071	0.195333875
0.6696662763	0.3303337237	0.9210788687	0.1950783939
0.6706672573	0.3293327427	0.921671607	0.1948235702
0.6716682382	0.3283317618	0.9222612963	0.1945694013
0.6726692192	0.3273307808	0.9228479468	0.1943158848
0.6736702002	0.3263297998	0.9234315687	0.1940630181
0.6746711812	0.3253288188	0.9240121722	0.1938107989
0.6756721622	0.3243278378	0.9245897676	0.1935592247
0.6766731431	0.3233268569	0.925164365	0.193308293
0.6776741241	0.3223258759	0.9257359746	0.1930580014
0.6786751051	0.3213248949	0.9263046064	0.1928083476
0.6796760861	0.3203239139	0.9268702706	0.192559329
0.6806770671	0.3193229329	0.9274329772	0.1923109433
0.681678048	0.318321952	0.9279927363	0.1920631882
0.682679029	0.317320971	0.9285495579	0.1918160612
0.68368001	0.31631999	0.9291034519	0.19156956
0.684680991	0.315319009	0.9296544283	0.1913236823
0.685681972	0.314318028	0.9302024971	0.1910784258
0.686682953	0.313317047	0.9307476681	0.190833788
0.6876839339	0.3123160661	0.9312899513	0.1905897668
0.6886849149	0.3113150851	0.9318293565	0.1903463597
0.6896858959	0.3103141041	0.9323658935	0.1901035646
0.6906868769	0.3093131231	0.9328995721	0.1898613791
0.6916878579	0.3083121421	0.9334304022	0.189619801
0.6926888388	0.3073111612	0.9339583934	0.1893788281
0.6936898198	0.3063101802	0.9344835555	0.189138458
0.6946908008	0.3053091992	0.9350058982	0.1888986886
0.6956917818	0.3043082182	0.9355254311	0.1886595176
0.6966927628	0.3033072372	0.936042164	0.1884209429
0.6976937437	0.3023062563	0.9365561064	0.1881829622
0.6986947247	0.3013052753	0.9370672679	0.1879455733
0.6996957057	0.3003042943	0.9375756581	0.1877087741
0.7006966867	0.2993033133	0.9380812866	0.1874725623
0.7016976677	0.2983023323	0.9385841628	0.187236936
0.7026986486	0.2973013514	0.9390842963	0.1870018928
0.7036996296	0.2963003704	0.9395816964	0.1867674307
0.7047006106	0.2952993894	0.9400763727	0.1865335475
0.7057015916	0.2942984084	0.9405683346	0.1863002412
0.7067025726	0.2932974274	0.9410575914	0.1860675095
0.7077035536	0.2922964464	0.9415441525	0.1858353505
0.7087045345	0.2912954655	0.9420280273	0.185603762
0.7097055155	0.2902944845	0.942509225	0.185372742
0.7107064965	0.2892935035	0.9429877549	0.1851422884
0.7117074775	0.2882925225	0.9434636263	0.1849123991
0.7127084585	0.2872915415	0.9439368483	0.1846830722
0.7137094394	0.2862905606	0.9444074303	0.1844543054
0.7147104204	0.2852895796	0.9448753814	0.184226097
0.7157114014	0.2842885986	0.9453407107	0.1839984447
0.7167123824	0.2832876176	0.9458034273	0.1837713467
0.7177133634	0.2822866366	0.9462635404	0.1835448009
0.7187143443	0.2812856557	0.946721059	0.1833188053
0.7197153253	0.2802846747	0.9471759922	0.183093358
0.7207163063	0.2792836937	0.947628349	0.1828684569
0.7217172873	0.2782827127	0.9480781383	0.1826441002
0.7227182683	0.2772817317	0.9485253691	0.1824202859
0.7237192492	0.2762807508	0.9489700505	0.182197012
0.7247202302	0.2752797698	0.9494121912	0.1819742766
0.7257212112	0.2742787888	0.9498518002	0.1817520778
0.7267221922	0.2732778078	0.9502888864	0.1815304137
0.7277231732	0.2722768268	0.9507234585	0.1813092823
0.7287241542	0.2712758458	0.9511555254	0.1810886818
0.7297251351	0.2702748649	0.9515850959	0.1808686103
0.7307261161	0.2692738839	0.9520121786	0.1806490658
0.7317270971	0.2682729029	0.9524367825	0.1804300467
0.7327280781	0.2672719219	0.9528589161	0.1802115508
0.7337290591	0.2662709409	0.9532785882	0.1799935766
0.73473004	0.26526996	0.9536958073	0.179776122
0.735731021	0.264268979	0.9541105822	0.1795591852
0.736732002	0.263267998	0.9545229214	0.1793427645
0.737732983	0.262267017	0.9549328335	0.1791268579
0.738733964	0.261266036	0.955340327	0.1789114638
0.7397349449	0.2602650551	0.9557454105	0.1786965803
0.7407359259	0.2592640741	0.9561480925	0.1784822055
0.7417369069	0.2582630931	0.9565483815	0.1782683378
0.7427378879	0.2572621121	0.9569462858	0.1780549753
0.7437388689	0.2562611311	0.9573418139	0.1778421163
0.7447398498	0.2552601502	0.9577349743	0.177629759
0.7457408308	0.2542591692	0.9581257752	0.1774179017
0.7467418118	0.2532581882	0.9585142251	0.1772065426
0.7477427928	0.2522572072	0.9589003322	0.17699568
0.7487437738	0.2512562262	0.9592841049	0.1767853121
0.7497447548	0.2502552452	0.9596655513	0.1765754373
0.7507457357	0.2492542643	0.9600446798	0.1763660538
0.7517467167	0.2482532833	0.9604214986	0.1761571599
0.7527476977	0.2472523023	0.9607960159	0.175948754
0.7537486787	0.2462513213	0.9611682397	0.1757408343
0.7547496597	0.2452503403	0.9615381784	0.1755333991
0.7557506406	0.2442493594	0.9619058399	0.1753264469
0.7567516216	0.2432483784	0.9622712324	0.1751199759
0.7577526026	0.2422473974	0.962634364	0.1749139844
0.7587535836	0.2412464164	0.9629952426	0.1747084708
0.7597545646	0.2402454354	0.9633538763	0.1745034336
0.7607555455	0.2392444545	0.9637102732	0.1742988709
0.7617565265	0.2382434735	0.9640644411	0.1740947813
0.7627575075	0.2372424925	0.964416388	0.173891163
0.7637584885	0.2362415115	0.9647661218	0.1736880146
0.7647594695	0.2352405305	0.9651136504	0.1734853343
0.7657604505	0.2342395495	0.9654589817	0.1732831205
0.7667614314	0.2332385686	0.9658021235	0.1730813718
0.7677624124	0.2322375876	0.9661430836	0.1728800864
0.7687633934	0.2312366066	0.9664818698	0.1726792629
0.7697643744	0.2302356256	0.96681849	0.1724788996
0.7707653554	0.2292346446	0.9671529518	0.172278995
0.7717663363	0.2282336637	0.9674852629	0.1720795475
0.7727673173	0.2272326827	0.9678154311	0.1718805556
0.7737682983	0.2262317017	0.968143464	0.1716820178
0.7747692793	0.2252307207	0.9684693693	0.1714839324
0.7757702603	0.2242297397	0.9687931545	0.1712862981
0.7767712412	0.2232287588	0.9691148273	0.1710891131
0.7777722222	0.2222277778	0.9694343953	0.1708923762
0.7787732032	0.2212267968	0.969751866	0.1706960856
0.7797741842	0.2202258158	0.9700672469	0.17050024
0.7807751652	0.2192248348	0.9703805455	0.1703048378
0.7817761461	0.2182238539	0.9706917693	0.1701098776
0.7827771271	0.2172228729	0.9710009258	0.1699153578
0.7837781081	0.2162218919	0.9713080223	0.169721277
0.7847790891	0.2152209109	0.9716130663	0.1695276338
0.7857800701	0.2142199299	0.9719160652	0.1693344266
0.7867810511	0.2132189489	0.9722170263	0.169141654
0.787782032	0.212217968	0.9725159569	0.1689493145
0.788783013	0.211216987	0.9728128644	0.1687574068
0.789783994	0.210216006	0.973107756	0.1685659294
0.790784975	0.209215025	0.973400639	0.1683748807
0.791785956	0.208214044	0.9736915207	0.1681842596
0.7927869369	0.2072130631	0.9739804082	0.1679940644
0.7937879179	0.2062120821	0.9742673088	0.1678042938
0.7947888989	0.2052111011	0.9745522295	0.1676149464
0.7957898799	0.2042101201	0.9748351776	0.1674260208
0.7967908609	0.2032091391	0.9751161602	0.1672375156
0.7977918418	0.2022081582	0.9753951844	0.1670494294
0.7987928228	0.2012071772	0.9756722572	0.1668617608
0.7997938038	0.2002061962	0.9759473856	0.1666745085
0.8007947848	0.1992052152	0.9762205768	0.1664876711
0.8017957658	0.1982042342	0.9764918378	0.1663012472
0.8027967467	0.1972032533	0.9767611754	0.1661152354
0.8037977277	0.1962022723	0.9770285967	0.1659296345
0.8047987087	0.1952012913	0.9772941086	0.165744443
0.8057996897	0.1942003103	0.977557718	0.1655596597
0.8068006707	0.1931993293	0.9778194317	0.1653752831
0.8078016517	0.1921983483	0.9780792568	0.1651913121
0.8088026326	0.1911973674	0.9783372	0.1650077451
0.8098036136	0.1901963864	0.9785932681	0.164824581
0.8108045946	0.1891954054	0.9788474679	0.1646418185
0.8118055756	0.1881944244	0.9790998063	0.1644594561
0.8128065566	0.1871934434	0.9793502899	0.1642774926
0.8138075375	0.1861924625	0.9795989255	0.1640959268
0.8148085185	0.1851914815	0.9798457198	0.1639147573
0.8158094995	0.1841905005	0.9800906795	0.1637339828
0.8168104805	0.1831895195	0.9803338112	0.1635536021
0.8178114615	0.1821885385	0.9805751217	0.1633736139
0.8188124424	0.1811875576	0.9808146175	0.1631940169
0.8198134234	0.1801865766	0.9810523051	0.1630148099
0.8208144044	0.1791855956	0.9812881913	0.1628359916
0.8218153854	0.1781846146	0.9815222825	0.1626575608
0.8228163664	0.1771836336	0.9817545853	0.1624795162
0.8238173473	0.1761826527	0.9819851062	0.1623018565
0.8248183283	0.1751816717	0.9822138517	0.1621245807
0.8258193093	0.1741806907	0.9824408282	0.1619476873
0.8268202903	0.1731797097	0.9826660422	0.1617711752
0.8278212713	0.1721787287	0.9828895002	0.1615950431
0.8288222523	0.1711777477	0.9831112084	0.16141929
0.8298232332	0.1701767668	0.9833311733	0.1612439145
0.8308242142	0.1691757858	0.9835494014	0.1610689154
0.8318251952	0.1681748048	0.9837658987	0.1608942915
0.8328261762	0.1671738238	0.9839806719	0.1607200417
0.8338271572	0.1661728428	0.984193727	0.1605461648
0.8348281381	0.1651718619	0.9844050704	0.1603726595
0.8358291191	0.1641708809	0.9846147083	0.1601995248
0.8368301001	0.1631698999	0.984822647	0.1600267594
0.8378310811	0.1621689189	0.9850288927	0.1598543621
0.8388320621	0.1611679379	0.9852334515	0.1596823318
0.839833043	0.160166957	0.9854363297	0.1595106673
0.840834024	0.159165976	0.9856375334	0.1593393676
0.841835005	0.158164995	0.9858370687	0.1591684313
0.842835986	0.157164014	0.9860349417	0.1589978575
0.843836967	0.156163033	0.9862311585	0.1588276448
0.8448379479	0.1551620521	0.9864257251	0.1586577923
0.8458389289	0.1541610711	0.9866186477	0.1584882988
0.8468399099	0.1531600901	0.9868099322	0.1583191631
0.8478408909	0.1521591091	0.9869995847	0.1581503842
0.8488418719	0.1511581281	0.987187611	0.1579819608
0.8498428529	0.1501571471	0.9873740173	0.157813892
0.8508438338	0.1491561662	0.9875588094	0.1576461765
0.8518448148	0.1481551852	0.9877419932	0.1574788134
0.8528457958	0.1471542042	0.9879235747	0.1573118014
0.8538467768	0.1461532232	0.9881035597	0.1571451396
0.8548477578	0.1451522422	0.9882819542	0.1569788267
0.8558487387	0.1441512613	0.9884587638	0.1568128618
0.8568497197	0.1431502803	0.9886339945	0.1566472438
0.8578507007	0.1421492993	0.9888076521	0.1564819714
0.8588516817	0.1411483183	0.9889797423	0.1563170438
0.8598526627	0.1401473373	0.989150271	0.1561524599
0.8608536436	0.1391463564	0.9893192437	0.1559882185
0.8618546246	0.1381453754	0.9894866664	0.1558243186
0.8628556056	0.1371443944	0.9896525446	0.1556607591
0.8638565866	0.1361434134	0.9898168841	0.1554975391
0.8648575676	0.1351424324	0.9899796905	0.1553346574
0.8658585485	0.1341414515	0.9901409694	0.1551721131
0.8668595295	0.1331404705	0.9903007266	0.155009905
0.8678605105	0.1321394895	0.9904589675	0.1548480322
0.8688614915	0.1311385085	0.9906156978	0.1546864936
0.8698624725	0.1301375275	0.9907709231	0.1545252882
0.8708634535	0.1291365465	0.9909246489	0.1543644149
0.8718644344	0.1281355656	0.9910768807	0.1542038729
0.8728654154	0.1271345846	0.9912276241	0.1540436609
0.8738663964	0.1261336036	0.9913768845	0.1538837782
0.8748673774	0.1251326226	0.9915246673	0.1537242235
0.8758683584	0.1241316416	0.9916709782	0.153564996
0.8768693393	0.1231306607	0.9918158224	0.1534060946
0.8778703203	0.1221296797	0.9919592055	0.1532475184
0.8788713013	0.1211286987	0.9921011327	0.1530892664
0.8798722823	0.1201277177	0.9922416095	0.1529313375
0.8808732633	0.1191267367	0.9923806413	0.1527737308
0.8818742442	0.1181257558	0.9925182334	0.1526164453
0.8828752252	0.1171247748	0.992654391	0.1524594801
0.8838762062	0.1161237938	0.9927891196	0.1523028342
0.8848771872	0.1151228128	0.9929224244	0.1521465066
0.8858781682	0.1141218318	0.9930543106	0.1519904963
0.8868791491	0.1131208509	0.9931847836	0.1518348024
0.8878801301	0.1121198699	0.9933138485	0.151679424
0.8888811111	0.1111188889	0.9934415106	0.1515243601
0.8898820921	0.1101179079	0.993567775	0.1513696097
0.8908830731	0.1091169269	0.993692647	0.151215172
0.8918840541	0.1081159459	0.9938161316	0.1510610459
0.892885035	0.107114965	0.9939382341	0.1509072305
0.893886016	0.106113984	0.9940589596	0.150753725
0.894886997	0.105113003	0.9941783131	0.1506005283
0.895887978	0.104112022	0.9942962997	0.1504476396
0.896888959	0.103111041	0.9944129246	0.1502950579
0.8978899399	0.1021100601	0.9945281928	0.1501427824
0.8988909209	0.1011090791	0.9946421093	0.1499908121
0.8998919019	0.1001080981	0.9947546791	0.149839146
0.9008928829	0.09910711712	0.9948659072	0.1496877834
0.9018938639	0.09810613614	0.9949757987	0.1495367233
0.9028948448	0.09710515516	0.9950843584	0.1493859647
0.9038958258	0.09610417417	0.9951915913	0.1492355069
0.9048968068	0.09510319319	0.9952975024	0.1490853488
0.9058977878	0.09410221221	0.9954020966	0.1489354897
0.9068987688	0.09310123123	0.9955053788	0.1487859287
0.9078997497	0.09210025025	0.9956073537	0.1486366648
0.9089007307	0.09109926927	0.9957080264	0.1484876971
0.9099017117	0.09009828829	0.9958074017	0.1483390249
0.9109026927	0.08909730731	0.9959054843	0.1481906473
0.9119036737	0.08809632633	0.9960022792	0.1480425633
0.9129046547	0.08709534535	0.996097791	0.1478947721
0.9139056356	0.08609436436	0.9961920246	0.1477472728
0.9149066166	0.08509338338	0.9962849847	0.1476000647
0.9159075976	0.0840924024	0.9963766761	0.1474531468
0.9169085786	0.08309142142	0.9964671035	0.1473065182
0.9179095596	0.08209044044	0.9965562716	0.1471601783
0.9189105405	0.08108945946	0.9966441851	0.147014126
0.9199115215	0.08008847848	0.9967308487	0.1468683605
0.9209125025	0.0790874975	0.9968162671	0.1467228811
0.9219134835	0.07808651652	0.9969004448	0.1465776869
0.9229144645	0.07708553554	0.9969833866	0.146432777
0.9239154454	0.07608455455	0.9970650971	0.1462881507
0.9249164264	0.07508357357	0.9971455807	0.1461438071
0.9259174074	0.07408259259	0.9972248422	0.1459997453
0.9269183884	0.07308161161	0.9973028861	0.1458559646
0.9279193694	0.07208063063	0.9973797169	0.1457124642
0.9289203504	0.07107964965	0.9974553392	0.1455692432
0.9299213313	0.07007866867	0.9975297574	0.1454263008
0.9309223123	0.06907768769	0.9976029762	0.1452836363
0.9319232933	0.06807670671	0.9976749999	0.1451412488
0.9329242743	0.06707572573	0.9977458331	0.1449991375
0.9339252553	0.06607474474	0.9978154801	0.1448573016
0.9349262362	0.06507376376	0.9978839455	0.1447157404
0.9359272172	0.06407278278	0.9979512337	0.144574453
0.9369281982	0.0630718018	0.998017349	0.1444334387
0.9379291792	0.06207082082	0.9980822959	0.1442926966
0.9389301602	0.06106983984	0.9981460787	0.144152226
0.9399311411	0.06006885886	0.9982087018	0.1440120262
0.9409321221	0.05906787788	0.9982701696	0.1438720962
0.9419331031	0.0580668969	0.9983304863	0.1437324355
0.9429340841	0.05706591592	0.9983896564	0.1435930431
0.9439350651	0.05606493493	0.998447684	0.1434539184
0.944936046	0.05506395395	0.9985045735	0.1433150605
0.945937027	0.05406297297	0.9985603291	0.1431764687
0.946938008	0.05306199199	0.9986149552	0.1430381423
0.947938989	0.05206101101	0.9986684559	0.1429000805
0.94893997	0.05106003003	0.9987208354	0.1427622825
0.949940951	0.05005904905	0.998772098	0.1426247476
0.9509419319	0.04905806807	0.9988222479	0.142487475
0.9519429129	0.04805708709	0.9988712893	0.142350464
0.9529438939	0.04705610611	0.9989192263	0.1422137139
0.9539448749	0.04605512513	0.998966063	0.1420772239
0.9549458559	0.04505414414	0.9990118037	0.1419409933
0.9559468368	0.04405316316	0.9990564523	0.1418050214
0.9569478178	0.04305218218	0.9991000132	0.1416693074
0.9579487988	0.0420512012	0.9991424902	0.1415338505
0.9589497798	0.04105022022	0.9991838876	0.1413986501
0.9599507608	0.04004923924	0.9992242093	0.1412637055
0.9609517417	0.03904825826	0.9992634594	0.1411290159
0.9619527227	0.03804727728	0.9993016421	0.1409945807
0.9629537037	0.0370462963	0.9993387612	0.140860399
0.9639546847	0.03604531532	0.9993748207	0.1407264702
0.9649556657	0.03504433433	0.9994098248	0.1405927936
0.9659566466	0.03404335335	0.9994437773	0.1404593684
0.9669576276	0.03304237237	0.9994766823	0.140326194
0.9679586086	0.03204139139	0.9995085436	0.1401932697
0.9689595896	0.03104041041	0.9995393652	0.1400605948
0.9699605706	0.03003942943	0.9995691511	0.1399281685
0.9709615516	0.02903844845	0.9995979051	0.1397959902
0.9719625325	0.02803746747	0.9996256312	0.1396640593
0.9729635135	0.02703648649	0.9996523331	0.1395323749
0.9739644945	0.02603550551	0.9996780149	0.1394009364
0.9749654755	0.02503452452	0.9997026803	0.1392697432
0.9759664565	0.02403354354	0.9997263332	0.1391387945
0.9769674374	0.02303256256	0.9997489774	0.1390080897
0.9779684184	0.02203158158	0.9997706168	0.1388776281
0.9789693994	0.0210306006	0.999791255	0.138747409
0.9799703804	0.02002961962	0.999810896	0.1386174318
0.9809713614	0.01902863864	0.9998295435	0.1384876958
0.9819723423	0.01802765766	0.9998472012	0.1383582003
0.9829733233	0.01702667668	0.9998638729	0.1382289446
0.9839743043	0.0160256957	0.9998795623	0.1380999282
0.9849752853	0.01502471471	0.9998942732	0.1379711503
0.9859762663	0.01402373373	0.9999080092	0.1378426103
0.9869772472	0.01302275275	0.9999207741	0.1377143075
0.9879782282	0.01202177177	0.9999325715	0.1375862414
0.9889792092	0.01102079079	0.9999434051	0.1374584111
0.9899801902	0.01001980981	0.9999532786	0.1373308161
0.9909811712	0.009018828829	0.9999621956	0.1372034558
0.9919821522	0.008017847848	0.9999701596	0.1370763295
0.9929831331	0.007016866867	0.9999771744	0.1369494365
0.9939841141	0.006015885886	0.9999832436	0.1368227763
0.9949850951	0.005014904905	0.9999883707	0.1366963482
0.9959860761	0.004013923924	0.9999925593	0.1365701515
0.9969870571	0.003012942943	0.999995813	0.1364441856
0.997988038	0.002011961962	0.9999981353	0.13631845
0.998989019	0.001010980981	0.9999995298	0.1361929439
0.99999	1e-05	1	0.1360676667
