1e-05	0.99999	941280550.9	1.000000033
0.001010980981	0.998989019	491854194.6	1.000329034
0.002011961962	0.997988038	264922867.1	1.001264005
0.003012942943	0.9969870571	146803682.3	1.002751674
0.004013923924	0.9959860761	83545598.36	1.004744513
0.005014904905	0.9949850951	48749900.85	1.00719999
0.006015885886	0.9939841141	29122991.94	1.010079931
0.007016866867	0.9929831331	17787218.29	1.01334998
0.008017847848	0.9919821522	11092572.35	1.016979131
0.009018828829	0.9909811712	7054915.396	1.020939335
0.01001980981	0.9899801902	4570954.65	1.025205151
0.01102079079	0.9889792092	3013920.379	1.029753454
0.01202177177	0.9879782282	2020466.479	1.034563174
0.01302275275	0.9869772472	1375879.007	1.039615077
0.01402373373	0.9859762663	950949.3325	1.044891563
0.01502471471	0.9849752853	666571.6803	1.050376502
0.0160256957	0.9839743043	473515.8971	1.056055078
0.01702667668	0.9829733233	340664.3602	1.06191366
0.01802765766	0.9819723423	248055.1352	1.067939687
0.01902863864	0.9809713614	182701.1964	1.074121563
0.02002961962	0.9799703804	136039.3256	1.080448564
0.0210306006	0.9789693994	102350.6315	1.086910761
0.02203158158	0.9779684184	77768.9693	1.093498945
0.02303256256	0.9769674374	59650.13363	1.100204565
0.02403354354	0.9759664565	46165.44932	1.107019665
0.02503452452	0.9749654755	36036.74507	1.113936841
0.02603550551	0.9739644945	28361.51148	1.120949187
0.02703648649	0.9729635135	22496.26856	1.128050256
0.02803746747	0.9719625325	17977.93196	1.135234024
0.02903844845	0.9709615516	14470.25507	1.142494854
0.03003942943	0.9699605706	11726.99219	1.149827467
0.03104041041	0.9689595896	9566.323488	1.157226913
0.03204139139	0.9679586086	7852.938184	1.164688544
0.03304237237	0.9669576276	6485.373509	1.172207996
0.03404335335	0.9659566466	5386.993002	1.179781165
0.03504433433	0.9649556657	4499.506306	1.187404187
0.03604531532	0.9639546847	3778.278511	1.195073424
0.0370462963	0.9629537037	3188.909547	1.202785444
0.03804727728	0.9619527227	2704.721855	1.21053701
0.03904825826	0.9609517417	2304.902394	1.218325066
0.04004923924	0.9599507608	1973.119407	1.226146723
0.04105022022	0.9589497798	1696.485999	1.233999251
0.0420512012	0.9579487988	1464.778767	1.241880063
0.04305218218	0.9569478178	1269.845173	1.249786713
0.04405316316	0.9559468368	1105.151469	1.257716881
0.04505414414	0.9549458559	965.4359193	1.26566837
0.04605512513	0.9539448749	846.4413409	1.273639092
0.04705610611	0.9529438939	744.7077522	1.281627069
0.04805708709	0.9519429129	657.4108024	1.289630419
0.04905806807	0.9509419319	582.2352584	1.297647357
0.05005904905	0.949940951	517.2754731	1.305676182
0.05106003003	0.94893997	460.9567194	1.313715281
0.05206101101	0.947938989	411.9727417	1.321763114
0.05306199199	0.946938008	369.2359641	1.329818218
0.05406297297	0.945937027	331.8376273	1.3378792
0.05506395395	0.944936046	299.015743	1.34594473
0.05606493493	0.9439350651	270.1292314	1.354013542
0.05706591592	0.9429340841	244.6369699	1.362084428
0.0580668969	0.9419331031	222.0807567	1.370156238
0.05906787788	0.9409321221	202.0714079	1.37822787
0.06006885886	0.9399311411	184.2773723	1.386298277
0.06106983984	0.9389301602	168.4153761	1.394366457
0.06207082082	0.9379291792	154.24271	1.402431451
0.0630718018	0.9369281982	141.5508505	1.410492347
0.06407278278	0.9359272172	130.1601672	1.41854827
0.06507376376	0.9349262362	119.9155187	1.426598385
0.06607474474	0.9339252553	110.6825764	1.434641894
0.06707572573	0.9329242743	102.3447477	1.442678032
0.06807670671	0.9319232933	94.80059284	1.45070607
0.06907768769	0.9309223123	87.96165106	1.458725307
0.07007866867	0.9299213313	81.7506058	1.466735076
0.07107964965	0.9289203504	76.09973222	1.474734737
0.07208063063	0.9279193694	70.94958035	1.482723676
0.07308161161	0.9269183884	66.24785523	1.490701306
0.07408259259	0.9259174074	61.94846237	1.498667067
0.07508357357	0.9249164264	58.01069211	1.506620421
0.07608455455	0.9239154454	54.39852123	1.514560852
0.07708553554	0.9229144645	51.08001346	1.522487867
0.07808651652	0.9219134835	48.0268039	1.530400994
0.0790874975	0.9209125025	45.2136545	1.53829978
0.08008847848	0.9199115215	42.61807023	1.546183792
0.08108945946	0.9189105405	40.21996676	1.554052615
0.08209044044	0.9179095596	38.00138231	1.56190585
0.08309142142	0.9169085786	35.94622726	1.569743117
0.0840924024	0.9159075976	34.04006618	1.57756405
0.08509338338	0.9149066166	32.26992768	1.585368301
0.08609436436	0.9139056356	30.62413837	1.593155534
0.08709534535	0.9129046547	29.0921774	1.600925429
0.08809632633	0.9119036737	27.66454899	1.608677678
0.08909730731	0.9109026927	26.33267049	1.616411988
0.09009828829	0.9099017117	25.08877384	1.624128078
0.09109926927	0.9089007307	23.9258188	1.631825676
0.09210025025	0.9078997497	22.83741635	1.639504527
0.09310123123	0.9068987688	21.81776095	1.647164382
0.09410221221	0.9058977878	20.86157059	1.654805006
0.09510319319	0.9048968068	19.96403372	1.662426173
0.09610417417	0.9038958258	19.12076195	1.670027668
0.09710515516	0.9028948448	18.32774818	1.677609282
0.09810613614	0.9018938639	17.5813292	1.68517082
0.09910711712	0.9008928829	16.8781524	1.692712092
0.1001080981	0.8998919019	16.21514603	1.70023292
0.1011090791	0.8988909209	15.58949258	1.70773313
0.1021100601	0.8978899399	14.99860505	1.715212559
0.103111041	0.896888959	14.44010556	1.722671051
0.104112022	0.895887978	13.91180622	1.730108456
0.105113003	0.894886997	13.41169196	1.737524632
0.106113984	0.893886016	12.93790506	1.744919445
0.107114965	0.892885035	12.48873116	1.752292765
0.1081159459	0.8918840541	12.06258677	1.759644471
0.1091169269	0.8908830731	11.65800791	1.766974445
0.1101179079	0.8898820921	11.27363983	1.774282578
0.1111188889	0.8888811111	10.90822779	1.781568765
0.1121198699	0.8878801301	10.56060863	1.788832906
0.1131208509	0.8868791491	10.22970319	1.796074908
0.1141218318	0.8858781682	9.914509382	1.803294682
0.1151228128	0.8848771872	9.614095921	1.810492144
0.1161237938	0.8838762062	9.327596634	1.817667214
0.1171247748	0.8828752252	9.054205261	1.824819819
0.1181257558	0.8818742442	8.793170726	1.831949888
0.1191267367	0.8808732633	8.543792824	1.839057356
0.1201277177	0.8798722823	8.305418286	1.84614216
0.1211286987	0.8788713013	8.077437184	1.853204244
0.1221296797	0.8778703203	7.859279642	1.860243553
0.1231306607	0.8768693393	7.650412824	1.867260038
0.1241316416	0.8758683584	7.450338185	1.874253653
0.1251326226	0.8748673774	7.258588935	1.881224353
0.1261336036	0.8738663964	7.074727728	1.888172101
0.1271345846	0.8728654154	6.89834453	1.89509686
0.1281355656	0.8718644344	6.729054663	1.901998597
0.1291365465	0.8708634535	6.566497006	1.908877281
0.1301375275	0.8698624725	6.410332337	1.915732887
0.1311385085	0.8688614915	6.26024181	1.922565391
0.1321394895	0.8678605105	6.115925547	1.92937477
0.1331404705	0.8668595295	5.977101342	1.936161006
0.1341414515	0.8658585485	5.843503461	1.942924085
0.1351424324	0.8648575676	5.714881536	1.949663991
0.1361434134	0.8638565866	5.590999544	1.956380714
0.1371443944	0.8628556056	5.471634859	1.963074246
0.1381453754	0.8618546246	5.356577372	1.969744581
0.1391463564	0.8608536436	5.245628688	1.976391713
0.1401473373	0.8598526627	5.138601364	1.983015643
0.1411483183	0.8588516817	5.035318218	1.989616368
0.1421492993	0.8578507007	4.935611674	1.996193893
0.1431502803	0.8568497197	4.839323167	2.00274822
0.1441512613	0.8558487387	4.74630258	2.009279357
0.1451522422	0.8548477578	4.656407724	2.01578731
0.1461532232	0.8538467768	4.569503851	2.02227209
0.1471542042	0.8528457958	4.48546321	2.028733708
0.1481551852	0.8518448148	4.404164621	2.035172177
0.1491561662	0.8508438338	4.325493086	2.041587511
0.1501571471	0.8498428529	4.249339421	2.047979728
0.1511581281	0.8488418719	4.17559992	2.054348844
0.1521591091	0.8478408909	4.104176033	2.060694879
0.1531600901	0.8468399099	4.034974069	2.067017854
0.1541610711	0.8458389289	3.967904919	2.07331779
0.1551620521	0.8448379479	3.902883795	2.079594712
0.156163033	0.843836967	3.839829987	2.085848642
0.157164014	0.842835986	3.778666635	2.092079609
0.158164995	0.841835005	3.719320518	2.098287638
0.159165976	0.840834024	3.66172185	2.104472758
0.160166957	0.839833043	3.605804093	2.110634998
0.1611679379	0.8388320621	3.551503785	2.116774389
0.1621689189	0.8378310811	3.498760369	2.122890963
0.1631698999	0.8368301001	3.447516043	2.128984752
0.1641708809	0.8358291191	3.397715612	2.135055789
0.1651718619	0.8348281381	3.349306349	2.141104111
0.1661728428	0.8338271572	3.302237871	2.147129751
0.1671738238	0.8328261762	3.256462014	2.153132746
0.1681748048	0.8318251952	3.211932719	2.159113135
0.1691757858	0.8308242142	3.168605927	2.165070954
0.1701767668	0.8298232332	3.126439474	2.171006244
0.1711777477	0.8288222523	3.085393001	2.176919043
0.1721787287	0.8278212713	3.045427859	2.182809393
0.1731797097	0.8268202903	3.006507026	2.188677335
0.1741806907	0.8258193093	2.968595028	2.194522911
0.1751816717	0.8248183283	2.931657861	2.200346163
0.1761826527	0.8238173473	2.895662924	2.206147136
0.1771836336	0.8228163664	2.860578945	2.211925872
0.1781846146	0.8218153854	2.826375924	2.217682418
0.1791855956	0.8208144044	2.793025066	2.223416818
0.1801865766	0.8198134234	2.760498732	2.229129119
0.1811875576	0.8188124424	2.728770377	2.234819366
0.1821885385	0.8178114615	2.697814504	2.240487607
0.1831895195	0.8168104805	2.667606615	2.24613389
0.1841905005	0.8158094995	2.638123162	2.251758262
0.1851914815	0.8148085185	2.609341509	2.257360773
0.1861924625	0.8138075375	2.581239884	2.262941471
0.1871934434	0.8128065566	2.553797348	2.268500405
0.1881944244	0.8118055756	2.526993749	2.274037627
0.1891954054	0.8108045946	2.500809696	2.279553186
0.1901963864	0.8098036136	2.475226518	2.285047133
0.1911973674	0.8088026326	2.450226237	2.29051952
0.1921983483	0.8078016517	2.425791536	2.295970398
0.1931993293	0.8068006707	2.401905731	2.301399819
0.1942003103	0.8057996897	2.378552742	2.306807836
0.1952012913	0.8047987087	2.355717071	2.312194501
0.1962022723	0.8037977277	2.333383773	2.317559867
0.1972032533	0.8027967467	2.311538437	2.322903988
0.1982042342	0.8017957658	2.29016716	2.328226917
0.1992052152	0.8007947848	2.269256526	2.333528709
0.2002061962	0.7997938038	2.248793589	2.338809417
0.2012071772	0.7987928228	2.228765852	2.344069096
0.2022081582	0.7977918418	2.209161246	2.349307801
0.2032091391	0.7967908609	2.189968118	2.354525587
0.2042101201	0.7957898799	2.171175208	2.359722509
0.2052111011	0.7947888989	2.15277164	2.364898623
0.2062120821	0.7937879179	2.134746899	2.370053985
0.2072130631	0.7927869369	2.117090826	2.375188649
0.208214044	0.791785956	2.099793593	2.380302674
0.209215025	0.790784975	2.0828457	2.385396114
0.210216006	0.789783994	2.066237957	2.390469026
0.211216987	0.788783013	2.049961473	2.395521467
0.212217968	0.787782032	2.034007644	2.400553494
0.2132189489	0.7867810511	2.018368143	2.405565164
0.2142199299	0.7857800701	2.003034908	2.410556533
0.2152209109	0.7847790891	1.988000136	2.41552766
0.2162218919	0.7837781081	1.973256268	2.420478601
0.2172228729	0.7827771271	1.958795982	2.425409414
0.2182238539	0.7817761461	1.944612185	2.430320157
0.2192248348	0.7807751652	1.930698004	2.435210887
0.2202258158	0.7797741842	1.917046778	2.440081663
0.2212267968	0.7787732032	1.90365205	2.444932541
0.2222277778	0.7777722222	1.890507559	2.449763581
0.2232287588	0.7767712412	1.877607234	2.45457484
0.2242297397	0.7757702603	1.864945188	2.459366377
0.2252307207	0.7747692793	1.852515709	2.46413825
0.2262317017	0.7737682983	1.840313254	2.468890516
0.2272326827	0.7727673173	1.828332447	2.473623235
0.2282336637	0.7717663363	1.816568068	2.478336464
0.2292346446	0.7707653554	1.805015049	2.483030263
0.2302356256	0.7697643744	1.793668471	2.48770469
0.2312366066	0.7687633934	1.782523558	2.492359803
0.2322375876	0.7677624124	1.771575669	2.496995661
0.2332385686	0.7667614314	1.760820298	2.501612322
0.2342395495	0.7657604505	1.750253066	2.506209846
0.2352405305	0.7647594695	1.739869718	2.51078829
0.2362415115	0.7637584885	1.729666119	2.515347714
0.2372424925	0.7627575075	1.719638249	2.519888175
0.2382434735	0.7617565265	1.709782201	2.524409733
0.2392444545	0.7607555455	1.700094175	2.528912447
0.2402454354	0.7597545646	1.690570477	2.533396374
0.2412464164	0.7587535836	1.681207513	2.537861574
0.2422473974	0.7577526026	1.672001787	2.542308105
0.2432483784	0.7567516216	1.662949897	2.546736026
0.2442493594	0.7557506406	1.654048535	2.551145395
0.2452503403	0.7547496597	1.64529448	2.555536271
0.2462513213	0.7537486787	1.636684596	2.559908713
0.2472523023	0.7527476977	1.628215832	2.564262778
0.2482532833	0.7517467167	1.619885216	2.568598525
0.2492542643	0.7507457357	1.611689856	2.572916014
0.2502552452	0.7497447548	1.603626933	2.577215301
0.2512562262	0.7487437738	1.595693703	2.581496445
0.2522572072	0.7477427928	1.587887491	2.585759505
0.2532581882	0.7467418118	1.580205694	2.590004539
0.2542591692	0.7457408308	1.572645772	2.594231605
0.2552601502	0.7447398498	1.565205253	2.598440761
0.2562611311	0.7437388689	1.557881724	2.602632065
0.2572621121	0.7427378879	1.550672835	2.606805576
0.2582630931	0.7417369069	1.543576296	2.61096135
0.2592640741	0.7407359259	1.536589871	2.615099446
0.2602650551	0.7397349449	1.529711381	2.619219921
0.261266036	0.738733964	1.522938702	2.623322834
0.262267017	0.737732983	1.51626976	2.627408242
0.263267998	0.736732002	1.509702533	2.631476202
0.264268979	0.735731021	1.503235049	2.635526771
0.26526996	0.73473004	1.496865381	2.639560008
0.2662709409	0.7337290591	1.490591651	2.64357597
0.2672719219	0.7327280781	1.484412025	2.647574713
0.2682729029	0.7317270971	1.478324713	2.651556295
0.2692738839	0.7307261161	1.472327967	2.655520773
0.2702748649	0.7297251351	1.466420081	2.659468204
0.2712758458	0.7287241542	1.460599388	2.663398644
0.2722768268	0.7277231732	1.454864262	2.667312151
0.2732778078	0.7267221922	1.449213113	2.67120878
0.2742787888	0.7257212112	1.443644389	2.675088589
0.2752797698	0.7247202302	1.438156572	2.678951634
0.2762807508	0.7237192492	1.432748181	2.682797971
0.2772817317	0.7227182683	1.427417769	2.686627657
0.2782827127	0.7217172873	1.42216392	2.690440747
0.2792836937	0.7207163063	1.41698525	2.694237297
0.2802846747	0.7197153253	1.411880409	2.698017365
0.2812856557	0.7187143443	1.406848075	2.701781004
0.2822866366	0.7177133634	1.401886956	2.705528271
0.2832876176	0.7167123824	1.396995788	2.709259222
0.2842885986	0.7157114014	1.392173337	2.712973912
0.2852895796	0.7147104204	1.387418394	2.716672396
0.2862905606	0.7137094394	1.382729778	2.72035473
0.2872915415	0.7127084585	1.378106333	2.724020968
0.2882925225	0.7117074775	1.373546929	2.727671166
0.2892935035	0.7107064965	1.369050458	2.731305378
0.2902944845	0.7097055155	1.36461584	2.734923659
0.2912954655	0.7087045345	1.360242014	2.738526064
0.2922964464	0.7077035536	1.355927945	2.742112648
0.2932974274	0.7067025726	1.351672617	2.745683464
0.2942984084	0.7057015916	1.347475038	2.749238566
0.2952993894	0.7047006106	1.343334236	2.75277801
0.2963003704	0.7036996296	1.339249259	2.756301849
0.2973013514	0.7026986486	1.335219176	2.759810136
0.2983023323	0.7016976677	1.331243073	2.763302926
0.2993033133	0.7006966867	1.327320058	2.766780272
0.3003042943	0.6996957057	1.323449255	2.770242228
0.3013052753	0.6986947247	1.319629807	2.773688847
0.3023062563	0.6976937437	1.315860875	2.777120181
0.3033072372	0.6966927628	1.312141636	2.780536285
0.3043082182	0.6956917818	1.308471285	2.783937211
0.3053091992	0.6946908008	1.304849031	2.787323012
0.3063101802	0.6936898198	1.301274101	2.790693741
0.3073111612	0.6926888388	1.297745738	2.794049449
0.3083121421	0.6916878579	1.294263197	2.79739019
0.3093131231	0.6906868769	1.290825751	2.800716016
0.3103141041	0.6896858959	1.287432686	2.804026978
0.3113150851	0.6886849149	1.284083301	2.80732313
0.3123160661	0.6876839339	1.280776911	2.810604522
0.313317047	0.686682953	1.277512844	2.813871207
0.314318028	0.685681972	1.274290439	2.817123235
0.315319009	0.684680991	1.271109049	2.820360659
0.31631999	0.68368001	1.267968041	2.82358353
0.317320971	0.682679029	1.264866791	2.826791898
0.318321952	0.681678048	1.261804691	2.829985815
0.3193229329	0.6806770671	1.25878114	2.833165332
0.3203239139	0.6796760861	1.255795553	2.836330499
0.3213248949	0.6786751051	1.252847352	2.839481368
0.3223258759	0.6776741241	1.249935972	2.842617987
0.3233268569	0.6766731431	1.247060859	2.845740409
0.3243278378	0.6756721622	1.244221469	2.848848682
0.3253288188	0.6746711812	1.241417266	2.851942857
0.3263297998	0.6736702002	1.238647728	2.855022984
0.3273307808	0.6726692192	1.235912338	2.858089113
0.3283317618	0.6716682382	1.233210593	2.861141292
0.3293327427	0.6706672573	1.230541996	2.864179572
0.3303337237	0.6696662763	1.22790606	2.867204002
0.3313347047	0.6686652953	1.225302307	2.870214631
0.3323356857	0.6676643143	1.222730269	2.873211507
0.3333366667	0.6666633333	1.220189484	2.876194681
0.3343376476	0.6656623524	1.217679499	2.8791642
0.3353386286	0.6646613714	1.21519987	2.882120113
0.3363396096	0.6636603904	1.212750161	2.885062469
0.3373405906	0.6626594094	1.210329943	2.887991315
0.3383415716	0.6616584284	1.207938794	2.890906701
0.3393425526	0.6606574474	1.205576302	2.893808673
0.3403435335	0.6596564665	1.203242058	2.89669728
0.3413445145	0.6586554855	1.200935665	2.89957257
0.3423454955	0.6576545045	1.198656729	2.902434589
0.3433464765	0.6566535235	1.196404866	2.905283386
0.3443474575	0.6556525425	1.194179696	2.908119008
0.3453484384	0.6546515616	1.191980846	2.910941502
0.3463494194	0.6536505806	1.189807951	2.913750914
0.3473504004	0.6526495996	1.187660652	2.916547293
0.3483513814	0.6516486186	1.185538594	2.919330683
0.3493523624	0.6506476376	1.183441431	2.922101132
0.3503533433	0.6496466567	1.18136882	2.924858687
0.3513543243	0.6486456757	1.179320425	2.927603393
0.3523553053	0.6476446947	1.177295917	2.930335297
0.3533562863	0.6466437137	1.175294971	2.933054444
0.3543572673	0.6456427327	1.173317267	2.935760881
0.3553582482	0.6446417518	1.171362491	2.938454653
0.3563592292	0.6436407708	1.169430335	2.941135805
0.3573602102	0.6426397898	1.167520496	2.943804383
0.3583611912	0.6416388088	1.165632673	2.946460433
0.3593621722	0.6406378278	1.163766575	2.949103999
0.3603631532	0.6396368468	1.161921911	2.951735126
0.3613641341	0.6386358659	1.160098398	2.954353859
0.3623651151	0.6376348849	1.158295756	2.956960242
0.3633660961	0.6366339039	1.156513709	2.959554321
0.3643670771	0.6356329229	1.154751988	2.96213614
0.3653680581	0.6346319419	1.153010326	2.964705742
0.366369039	0.633630961	1.151288461	2.967263173
0.36737002	0.63262998	1.149586134	2.969808475
0.368371001	0.631628999	1.147903093	2.972341692
0.369371982	0.630628018	1.146239088	2.974862869
0.370372963	0.629627037	1.144593872	2.977372049
0.3713739439	0.6286260561	1.142967204	2.979869275
0.3723749249	0.6276250751	1.141358847	2.98235459
0.3733759059	0.6266240941	1.139768564	2.984828038
0.3743768869	0.6256231131	1.138196126	2.987289661
0.3753778679	0.6246221321	1.136641306	2.989739503
0.3763788488	0.6236211512	1.13510388	2.992177605
0.3773798298	0.6226201702	1.133583627	2.99460401
0.3783808108	0.6216191892	1.132080332	2.997018762
0.3793817918	0.6206182082	1.13059378	2.999421901
0.3803827728	0.6196172272	1.129123762	3.00181347
0.3813837538	0.6186162462	1.127670069	3.004193512
0.3823847347	0.6176152653	1.1262325	3.006562067
0.3833857157	0.6166142843	1.124810852	3.008919177
0.3843866967	0.6156133033	1.123404928	3.011264885
0.3853876777	0.6146123223	1.122014534	3.013599231
0.3863886587	0.6136113413	1.120639477	3.015922257
0.3873896396	0.6126103604	1.119279568	3.018234004
0.3883906206	0.6116093794	1.117934622	3.020534512
0.3893916016	0.6106083984	1.116604455	3.022823823
0.3903925826	0.6096074174	1.115288887	3.025101977
0.3913935636	0.6086064364	1.113987738	3.027369015
0.3923945445	0.6076054555	1.112700835	3.029624977
0.3933955255	0.6066044745	1.111428004	3.031869904
0.3943965065	0.6056034935	1.110169074	3.034103836
0.3953974875	0.6046025125	1.108923879	3.036326812
0.3963984685	0.6036015315	1.107692252	3.038538872
0.3973994494	0.6026005506	1.106474031	3.040740058
0.3984004304	0.6015995696	1.105269055	3.042930406
0.3994014114	0.6005985886	1.104077166	3.045109959
0.4004023924	0.5995976076	1.102898208	3.047278754
0.4014033734	0.5985966266	1.101732027	3.049436831
0.4024043544	0.5975956456	1.100578472	3.051584229
0.4034053353	0.5965946647	1.099437392	3.053720986
0.4044063163	0.5955936837	1.098308641	3.055847143
0.4054072973	0.5945927027	1.097192073	3.057962736
0.4064082783	0.5935917217	1.096087546	3.060067806
0.4074092593	0.5925907407	1.094994918	3.062162389
0.4084102402	0.5915897598	1.093914049	3.064246525
0.4094112212	0.5905887788	1.092844803	3.066320252
0.4104122022	0.5895877978	1.091787045	3.068383607
0.4114131832	0.5885868168	1.09074064	3.070436629
0.4124141642	0.5875858358	1.089705458	3.072479355
0.4134151451	0.5865848549	1.088681367	3.074511823
0.4144161261	0.5855838739	1.087668242	3.076534069
0.4154171071	0.5845828929	1.086665954	3.078546133
0.4164180881	0.5835819119	1.08567438	3.08054805
0.4174190691	0.5825809309	1.084693397	3.082539858
0.4184200501	0.5815799499	1.083722883	3.084521593
0.419421031	0.580578969	1.08276272	3.086493294
0.420422012	0.579577988	1.081812789	3.088454995
0.421422993	0.578577007	1.080872974	3.090406734
0.422423974	0.577576026	1.07994316	3.092348548
0.423424955	0.576575045	1.079023234	3.094280472
0.4244259359	0.5755740641	1.078113084	3.096202542
0.4254269169	0.5745730831	1.0772126	3.098114796
0.4264278979	0.5735721021	1.076321674	3.100017268
0.4274288789	0.5725711211	1.075440199	3.101909994
0.4284298599	0.5715701401	1.074568067	3.103793011
0.4294308408	0.5705691592	1.073705175	3.105666353
0.4304318218	0.5695681782	1.07285142	3.107530056
0.4314328028	0.5685671972	1.0720067	3.109384155
0.4324337838	0.5675662162	1.071170915	3.111228686
0.4334347648	0.5665652352	1.070343965	3.113063684
0.4344357457	0.5655642543	1.069525753	3.114889182
0.4354367267	0.5645632733	1.068716182	3.116705217
0.4364377077	0.5635622923	1.067915157	3.118511823
0.4374386887	0.5625613113	1.067122584	3.120309034
0.4384396697	0.5615603303	1.066338369	3.122096885
0.4394406507	0.5605593493	1.065562422	3.123875411
0.4404416316	0.5595583684	1.064794652	3.125644644
0.4414426126	0.5585573874	1.06403497	3.12740462
0.4424435936	0.5575564064	1.063283287	3.129155372
0.4434445746	0.5565554254	1.062539516	3.130896934
0.4444455556	0.5555544444	1.061803572	3.132629339
0.4454465365	0.5545534635	1.061075369	3.134352622
0.4464475175	0.5535524825	1.060354824	3.136066816
0.4474484985	0.5525515015	1.059641853	3.137771954
0.4484494795	0.5515505205	1.058936376	3.139468069
0.4494504605	0.5505495395	1.058238312	3.141155194
0.4504514414	0.5495485586	1.05754758	3.142833363
0.4514524224	0.5485475776	1.056864103	3.144502607
0.4524534034	0.5475465966	1.056187802	3.146162961
0.4534543844	0.5465456156	1.0555186	3.147814456
0.4544553654	0.5455446346	1.054856423	3.149457126
0.4554563463	0.5445436537	1.054201195	3.151091001
0.4564573273	0.5435426727	1.053552841	3.152716115
0.4574583083	0.5425416917	1.05291129	3.1543325
0.4584592893	0.5415407107	1.052276469	3.155940188
0.4594602703	0.5405397297	1.051648306	3.157539211
0.4604612513	0.5395387487	1.051026732	3.1591296
0.4614622322	0.5385377678	1.050411676	3.160711387
0.4624632132	0.5375367868	1.04980307	3.162284604
0.4634641942	0.5365358058	1.049200847	3.163849282
0.4644651752	0.5355348248	1.048604938	3.165405453
0.4654661562	0.5345338438	1.048015278	3.166953148
0.4664671371	0.5335328629	1.047431802	3.168492397
0.4674681181	0.5325318819	1.046854444	3.170023233
0.4684690991	0.5315309009	1.046283141	3.171545685
0.4694700801	0.5305299199	1.04571783	3.173059785
0.4704710611	0.5295289389	1.045158448	3.174565563
0.471472042	0.528527958	1.044604933	3.17606305
0.472473023	0.527526977	1.044057226	3.177552276
0.473474004	0.526525996	1.043515264	3.179033272
0.474474985	0.525525015	1.04297899	3.180506068
0.475475966	0.524524034	1.042448344	3.181970693
0.4764769469	0.5235230531	1.041923268	3.183427179
0.4774779279	0.5225220721	1.041403704	3.184875554
0.4784789089	0.5215210911	1.040889596	3.186315849
0.4794798899	0.5205201101	1.040380889	3.187748093
0.4804808709	0.5195191291	1.039877525	3.189172316
0.4814818519	0.5185181481	1.039379451	3.190588548
0.4824828328	0.5175171672	1.038886612	3.191996817
0.4834838138	0.5165161862	1.038398955	3.193397153
0.4844847948	0.5155152052	1.037916427	3.194789586
0.4854857758	0.5145142242	1.037438976	3.196174143
0.4864867568	0.5135132432	1.036966549	3.197550854
0.4874877377	0.5125122623	1.036499096	3.198919749
0.4884887187	0.5115112813	1.036036566	3.200280855
0.4894896997	0.5105103003	1.035578909	3.201634201
0.4904906807	0.5095093193	1.035126075	3.202979816
0.4914916617	0.5085083383	1.034678017	3.204317728
0.4924926426	0.5075073574	1.034234685	3.205647966
0.4934936236	0.5065063764	1.033796031	3.206970557
0.4944946046	0.5055053954	1.03336201	3.20828553
0.4954955856	0.5045044144	1.032932573	3.209592913
0.4964965666	0.5035034334	1.032507674	3.210892733
0.4974975475	0.5025024525	1.032087269	3.212185019
0.4984985285	0.5015014715	1.031671312	3.213469798
0.4994995095	0.5005004905	1.031259757	3.214747097
0.5005004905	0.4994995095	1.030852562	3.216016945
0.5015014715	0.4984985285	1.030449682	3.217279369
0.5025024525	0.4974975475	1.030051075	3.218534395
0.5035034334	0.4964965666	1.029656697	3.219782051
0.5045044144	0.4954955856	1.029266506	3.221022365
0.5055053954	0.4944946046	1.028880461	3.222255363
0.5065063764	0.4934936236	1.02849852	3.223481071
0.5075073574	0.4924926426	1.028120642	3.224699518
0.5085083383	0.4914916617	1.027746787	3.225910729
0.5095093193	0.4904906807	1.027376915	3.227114731
0.5105103003	0.4894896997	1.027010986	3.228311551
0.5115112813	0.4884887187	1.026648962	3.229501214
0.5125122623	0.4874877377	1.026290803	3.230683748
0.5135132432	0.4864867568	1.025936472	3.231859179
0.5145142242	0.4854857758	1.02558593	3.233027532
0.5155152052	0.4844847948	1.02523914	3.234188834
0.5165161862	0.4834838138	1.024896065	3.23534311
0.5175171672	0.4824828328	1.024556668	3.236490387
0.5185181481	0.4814818519	1.024220914	3.23763069
0.5195191291	0.4804808709	1.023888765	3.238764045
0.5205201101	0.4794798899	1.023560187	3.239890477
0.5215210911	0.4784789089	1.023235145	3.241010011
0.5225220721	0.4774779279	1.022913604	3.242122674
0.5235230531	0.4764769469	1.022595529	3.24322849
0.524524034	0.475475966	1.022280886	3.244327485
0.525525015	0.474474985	1.021969643	3.245419683
0.526525996	0.473474004	1.021661764	3.24650511
0.527526977	0.472473023	1.021357219	3.24758379
0.528527958	0.471472042	1.021055973	3.248655749
0.5295289389	0.4704710611	1.020757995	3.249721011
0.5305299199	0.4694700801	1.020463252	3.2507796
0.5315309009	0.4684690991	1.020171714	3.251831541
0.5325318819	0.4674681181	1.019883349	3.252876859
0.5335328629	0.4664671371	1.019598125	3.253915578
0.5345338438	0.4654661562	1.019316013	3.254947722
0.5355348248	0.4644651752	1.019036982	3.255973315
0.5365358058	0.4634641942	1.018761002	3.256992382
0.5375367868	0.4624632132	1.018488043	3.258004946
0.5385377678	0.4614622322	1.018218076	3.259011031
0.5395387487	0.4604612513	1.017951072	3.260010662
0.5405397297	0.4594602703	1.017687003	3.261003861
0.5415407107	0.4584592893	1.017425839	3.261990653
0.5425416917	0.4574583083	1.017167552	3.262971061
0.5435426727	0.4564573273	1.016912115	3.263945109
0.5445436537	0.4554563463	1.0166595	3.264912819
0.5455446346	0.4544553654	1.016409679	3.265874216
0.5465456156	0.4534543844	1.016162626	3.266829322
0.5475465966	0.4524534034	1.015918314	3.26777816
0.5485475776	0.4514524224	1.015676716	3.268720754
0.5495485586	0.4504514414	1.015437806	3.269657127
0.5505495395	0.4494504605	1.015201558	3.270587301
0.5515505205	0.4484494795	1.014967947	3.271511299
0.5525515015	0.4474484985	1.014736946	3.272429144
0.5535524825	0.4464475175	1.014508531	3.273340859
0.5545534635	0.4454465365	1.014282676	3.274246465
0.5555544444	0.4444455556	1.014059357	3.275145987
0.5565554254	0.4434445746	1.01383855	3.276039444
0.5575564064	0.4424435936	1.01362023	3.276926862
0.5585573874	0.4414426126	1.013404374	3.27780826
0.5595583684	0.4404416316	1.013190957	3.278683662
0.5605593493	0.4394406507	1.012979956	3.279553089
0.5615603303	0.4384396697	1.012771348	3.280416564
0.5625613113	0.4374386887	1.012565109	3.281274108
0.5635622923	0.4364377077	1.012361217	3.282125743
0.5645632733	0.4354367267	1.01215965	3.282971491
0.5655642543	0.4344357457	1.011960385	3.283811374
0.5665652352	0.4334347648	1.011763399	3.284645413
0.5675662162	0.4324337838	1.011568672	3.285473629
0.5685671972	0.4314328028	1.01137618	3.286296044
0.5695681782	0.4304318218	1.011185904	3.287112679
0.5705691592	0.4294308408	1.01099782	3.287923556
0.5715701401	0.4284298599	1.010811909	3.288728696
0.5725711211	0.4274288789	1.010628149	3.289528119
0.5735721021	0.4264278979	1.01044652	3.290321847
0.5745730831	0.4254269169	1.010267001	3.291109901
0.5755740641	0.4244259359	1.010089572	3.291892301
0.576575045	0.423424955	1.009914213	3.292669069
0.577576026	0.422423974	1.009740903	3.293440224
0.578577007	0.421422993	1.009569624	3.294205788
0.579577988	0.420422012	1.009400356	3.294965782
0.580578969	0.419421031	1.009233079	3.295720225
0.5815799499	0.4184200501	1.009067774	3.296469138
0.5825809309	0.4174190691	1.008904423	3.297212542
0.5835819119	0.4164180881	1.008743006	3.297950456
0.5845828929	0.4154171071	1.008583505	3.298682901
0.5855838739	0.4144161261	1.008425902	3.299409897
0.5865848549	0.4134151451	1.008270177	3.300131463
0.5875858358	0.4124141642	1.008116314	3.300847621
0.5885868168	0.4114131832	1.007964294	3.301558389
0.5895877978	0.4104122022	1.0078141	3.302263788
0.5905887788	0.4094112212	1.007665714	3.302963838
0.5915897598	0.4084102402	1.007519118	3.303658557
0.5925907407	0.4074092593	1.007374295	3.304347966
0.5935917217	0.4064082783	1.007231229	3.305032084
0.5945927027	0.4054072973	1.007089902	3.30571093
0.5955936837	0.4044063163	1.006950298	3.306384524
0.5965946647	0.4034053353	1.006812399	3.307052886
0.5975956456	0.4024043544	1.00667619	3.307716034
0.5985966266	0.4014033734	1.006541655	3.308373987
0.5995976076	0.4004023924	1.006408776	3.309026765
0.6005985886	0.3994014114	1.006277539	3.309674387
0.6015995696	0.3984004304	1.006147927	3.310316871
0.6026005506	0.3973994494	1.006019925	3.310954237
0.6036015315	0.3963984685	1.005893516	3.311586503
0.6046025125	0.3953974875	1.005768686	3.312213688
0.6056034935	0.3943965065	1.00564542	3.312835811
0.6066044745	0.3933955255	1.005523702	3.31345289
0.6076054555	0.3923945445	1.005403517	3.314064944
0.6086064364	0.3913935636	1.005284851	3.314671992
0.6096074174	0.3903925826	1.005167688	3.315274051
0.6106083984	0.3893916016	1.005052015	3.31587114
0.6116093794	0.3883906206	1.004937816	3.316463278
0.6126103604	0.3873896396	1.004825078	3.317050482
0.6136113413	0.3863886587	1.004713786	3.31763277
0.6146123223	0.3853876777	1.004603926	3.318210162
0.6156133033	0.3843866967	1.004495485	3.318782674
0.6166142843	0.3833857157	1.004388448	3.319350324
0.6176152653	0.3823847347	1.004282802	3.319913131
0.6186162462	0.3813837538	1.004178534	3.320471113
0.6196172272	0.3803827728	1.004075629	3.321024286
0.6206182082	0.3793817918	1.003974075	3.321572669
0.6216191892	0.3783808108	1.003873858	3.32211628
0.6226201702	0.3773798298	1.003774966	3.322655135
0.6236211512	0.3763788488	1.003677386	3.323189253
0.6246221321	0.3753778679	1.003581104	3.32371865
0.6256231131	0.3743768869	1.003486108	3.324243344
0.6266240941	0.3733759059	1.003392385	3.324763353
0.6276250751	0.3723749249	1.003299923	3.325278693
0.6286260561	0.3713739439	1.00320871	3.325789383
0.629627037	0.370372963	1.003118733	3.326295437
0.630628018	0.369371982	1.00302998	3.326796875
0.631628999	0.368371001	1.00294244	3.327293713
0.63262998	0.36737002	1.002856099	3.327785967
0.633630961	0.366369039	1.002770947	3.328273655
0.6346319419	0.3653680581	1.002686972	3.328756793
0.6356329229	0.3643670771	1.002604162	3.329235398
0.6366339039	0.3633660961	1.002522505	3.329709487
0.6376348849	0.3623651151	1.00244199	3.330179076
0.6386358659	0.3613641341	1.002362607	3.330644182
0.6396368468	0.3603631532	1.002284343	3.331104822
0.6406378278	0.3593621722	1.002207187	3.331561011
0.6416388088	0.3583611912	1.002131129	3.332012766
0.6426397898	0.3573602102	1.002056158	3.332460104
0.6436407708	0.3563592292	1.001982263	3.332903041
0.6446417518	0.3553582482	1.001909432	3.333341592
0.6456427327	0.3543572673	1.001837657	3.333775774
0.6466437137	0.3533562863	1.001766925	3.334205603
0.6476446947	0.3523553053	1.001697227	3.334631096
0.6486456757	0.3513543243	1.001628552	3.335052267
0.6496466567	0.3503533433	1.00156089	3.335469133
0.6506476376	0.3493523624	1.001494231	3.335881709
0.6516486186	0.3483513814	1.001428565	3.336290012
0.6526495996	0.3473504004	1.001363881	3.336694058
0.6536505806	0.3463494194	1.00130017	3.337093861
0.6546515616	0.3453484384	1.001237423	3.337489437
0.6556525425	0.3443474575	1.001175628	3.337880802
0.6566535235	0.3433464765	1.001114778	3.338267972
0.6576545045	0.3423454955	1.001054861	3.338650962
0.6586554855	0.3413445145	1.00099587	3.339029786
0.6596564665	0.3403435335	1.000937793	3.339404462
0.6606574474	0.3393425526	1.000880623	3.339775003
0.6616584284	0.3383415716	1.000824349	3.340141425
0.6626594094	0.3373405906	1.000768963	3.340503743
0.6636603904	0.3363396096	1.000714456	3.340861972
0.6646613714	0.3353386286	1.000660818	3.341216128
0.6656623524	0.3343376476	1.000608041	3.341566225
0.6666633333	0.3333366667	1.000556116	3.341912277
0.6676643143	0.3323356857	1.000505033	3.342254301
0.6686652953	0.3313347047	1.000454786	3.342592311
0.6696662763	0.3303337237	1.000405364	3.342926321
0.6706672573	0.3293327427	1.000356759	3.343256347
0.6716682382	0.3283317618	1.000308963	3.343582403
0.6726692192	0.3273307808	1.000261967	3.343904503
0.6736702002	0.3263297998	1.000215764	3.344222662
0.6746711812	0.3253288188	1.000170345	3.344536895
0.6756721622	0.3243278378	1.000125701	3.344847216
0.6766731431	0.3233268569	1.000081825	3.34515364
0.6776741241	0.3223258759	1.000038708	3.34545618
0.6786751051	0.3213248949	0.9999963429	3.345754851
0.6796760861	0.3203239139	0.9999547215	3.346049667
0.6806770671	0.3193229329	0.9999138361	3.346340643
0.681678048	0.318321952	0.9998736788	3.346627793
0.682679029	0.317320971	0.999834242	3.34691113
0.68368001	0.31631999	0.999795518	3.347190669
0.684680991	0.315319009	0.9997574992	3.347466424
0.685681972	0.314318028	0.9997201781	3.347738408
0.686682953	0.313317047	0.9996835474	3.348006636
0.6876839339	0.3123160661	0.9996475996	3.348271121
0.6886849149	0.3113150851	0.9996123275	3.348531877
0.6896858959	0.3103141041	0.9995777237	3.348788918
0.6906868769	0.3093131231	0.9995437811	3.349042258
0.6916878579	0.3083121421	0.9995104926	3.349291909
0.6926888388	0.3073111612	0.9994778512	3.349537887
0.6936898198	0.3063101802	0.9994458497	3.349780203
0.6946908008	0.3053091992	0.9994144813	3.350018872
0.6956917818	0.3043082182	0.999383739	3.350253908
0.6966927628	0.3033072372	0.9993536161	3.350485322
0.6976937437	0.3023062563	0.9993241058	3.35071313
0.6986947247	0.3013052753	0.9992952014	3.350937344
0.6996957057	0.3003042943	0.9992668961	3.351157977
0.7006966867	0.2993033133	0.9992391835	3.351375042
0.7016976677	0.2983023323	0.9992120569	3.351588553
0.7026986486	0.2973013514	0.9991855099	3.351798523
0.7036996296	0.2963003704	0.999159536	3.352004965
0.7047006106	0.2952993894	0.9991341289	3.352207892
0.7057015916	0.2942984084	0.9991092822	3.352407316
0.7067025726	0.2932974274	0.9990849897	3.352603251
0.7077035536	0.2922964464	0.999061245	3.352795709
0.7087045345	0.2912954655	0.9990380422	3.352984704
0.7097055155	0.2902944845	0.9990153749	3.353170248
0.7107064965	0.2892935035	0.9989932373	3.353352353
0.7117074775	0.2882925225	0.9989716232	3.353531033
0.7127084585	0.2872915415	0.9989505267	3.3537063
0.7137094394	0.2862905606	0.9989299418	3.353878167
0.7147104204	0.2852895796	0.9989098628	3.354046646
0.7157114014	0.2842885986	0.9988902837	3.354211749
0.7167123824	0.2832876176	0.9988711989	3.35437349
0.7177133634	0.2822866366	0.9988526026	3.35453188
0.7187143443	0.2812856557	0.998834489	3.354686932
0.7197153253	0.2802846747	0.9988168527	3.354838658
0.7207163063	0.2792836937	0.998799688	3.35498707
0.7217172873	0.2782827127	0.9987829894	3.355132182
0.7227182683	0.2772817317	0.9987667514	3.355274004
0.7237192492	0.2762807508	0.9987509685	3.355412548
0.7247202302	0.2752797698	0.9987356354	3.355547828
0.7257212112	0.2742787888	0.9987207467	3.355679855
0.7267221922	0.2732778078	0.9987062971	3.355808641
0.7277231732	0.2722768268	0.9986922814	3.355934199
0.7287241542	0.2712758458	0.9986786942	3.356056539
0.7297251351	0.2702748649	0.9986655305	3.356175674
0.7307261161	0.2692738839	0.9986527852	3.356291615
0.7317270971	0.2682729029	0.998640453	3.356404375
0.7327280781	0.2672719219	0.998628529	3.356513965
0.7337290591	0.2662709409	0.9986170082	3.356620397
0.73473004	0.26526996	0.9986058855	3.356723682
0.735731021	0.264268979	0.9985951562	3.356823833
0.736732002	0.263267998	0.9985848152	3.35692086
0.737732983	0.262267017	0.9985748578	3.357014776
0.738733964	0.261266036	0.9985652792	3.357105591
0.7397349449	0.2602650551	0.9985560745	3.357193317
0.7407359259	0.2592640741	0.998547239	3.357277966
0.7417369069	0.2582630931	0.9985387682	3.357359549
0.7427378879	0.2572621121	0.9985306573	3.357438077
0.7437388689	0.2562611311	0.9985229017	3.357513562
0.7447398498	0.2552601502	0.9985154968	3.357586015
0.7457408308	0.2542591692	0.9985084382	3.357655446
0.7467418118	0.2532581882	0.9985017212	3.357721868
0.7477427928	0.2522572072	0.9984953416	3.357785291
0.7487437738	0.2512562262	0.9984892948	3.357845726
0.7497447548	0.2502552452	0.9984835764	3.357903185
0.7507457357	0.2492542643	0.9984781821	3.357957678
0.7517467167	0.2482532833	0.9984731077	3.358009217
0.7527476977	0.2472523023	0.9984683487	3.358057811
0.7537486787	0.2462513213	0.9984639011	3.358103473
0.7547496597	0.2452503403	0.9984597605	3.358146213
0.7557506406	0.2442493594	0.9984559228	3.358186042
0.7567516216	0.2432483784	0.9984523838	3.358222971
0.7577526026	0.2422473974	0.9984491395	3.35825701
0.7587535836	0.2412464164	0.9984461858	3.35828817
0.7597545646	0.2402454354	0.9984435186	3.358316461
0.7607555455	0.2392444545	0.9984411339	3.358341895
0.7617565265	0.2382434735	0.9984390279	3.358364482
0.7627575075	0.2372424925	0.9984371964	3.358384232
0.7637584885	0.2362415115	0.9984356357	3.358401156
0.7647594695	0.2352405305	0.9984343418	3.358415264
0.7657604505	0.2342395495	0.9984333109	3.358426567
0.7667614314	0.2332385686	0.9984325392	3.358435076
0.7677624124	0.2322375876	0.9984320229	3.3584408
0.7687633934	0.2312366066	0.9984317582	3.35844375
0.7697643744	0.2302356256	0.9984317415	3.358443935
0.7707653554	0.2292346446	0.9984319691	3.358441368
0.7717663363	0.2282336637	0.9984324373	3.358436057
0.7727673173	0.2272326827	0.9984331424	3.358428012
0.7737682983	0.2262317017	0.9984340809	3.358417245
0.7747692793	0.2252307207	0.9984352492	3.358403764
0.7757702603	0.2242297397	0.9984366437	3.35838758
0.7767712412	0.2232287588	0.998438261	3.358368704
0.7777722222	0.2222277778	0.9984400976	3.358347144
0.7787732032	0.2212267968	0.99844215	3.358322912
0.7797741842	0.2202258158	0.9984444148	3.358296016
0.7807751652	0.2192248348	0.9984468886	3.358266467
0.7817761461	0.2182238539	0.998449568	3.358234275
0.7827771271	0.2172228729	0.9984524497	3.358199449
0.7837781081	0.2162218919	0.9984555304	3.358162
0.7847790891	0.2152209109	0.9984588067	3.358121936
0.7857800701	0.2142199299	0.9984622755	3.358079268
0.7867810511	0.2132189489	0.9984659335	3.358034005
0.787782032	0.212217968	0.9984697774	3.357986158
0.788783013	0.211216987	0.9984738042	3.357935734
0.789783994	0.210216006	0.9984780106	3.357882745
0.790784975	0.209215025	0.9984823935	3.3578272
0.791785956	0.208214044	0.9984869498	3.357769108
0.7927869369	0.2072130631	0.9984916765	3.357708478
0.7937879179	0.2062120821	0.9984965704	3.35764532
0.7947888989	0.2052111011	0.9985016286	3.357579644
0.7957898799	0.2042101201	0.9985068481	3.357511459
0.7967908609	0.2032091391	0.9985122259	3.357440774
0.7977918418	0.2022081582	0.9985177589	3.357367598
0.7987928228	0.2012071772	0.9985234444	3.357291941
0.7997938038	0.2002061962	0.9985292794	3.357213811
0.8007947848	0.1992052152	0.9985352609	3.357133219
0.8017957658	0.1982042342	0.9985413862	3.357050174
0.8027967467	0.1972032533	0.9985476525	3.356964683
0.8037977277	0.1962022723	0.9985540568	3.356876757
0.8047987087	0.1952012913	0.9985605964	3.356786405
0.8057996897	0.1942003103	0.9985672686	3.356693636
0.8068006707	0.1931993293	0.9985740706	3.356598458
0.8078016517	0.1921983483	0.9985809997	3.35650088
0.8088026326	0.1911973674	0.9985880532	3.356400913
0.8098036136	0.1901963864	0.9985952284	3.356298563
0.8108045946	0.1891954054	0.9986025226	3.356193841
0.8118055756	0.1881944244	0.9986099333	3.356086755
0.8128065566	0.1871934434	0.9986174577	3.355977315
0.8138075375	0.1861924625	0.9986250935	3.355865528
0.8148085185	0.1851914815	0.9986328378	3.355751403
0.8158094995	0.1841905005	0.9986406883	3.35563495
0.8168104805	0.1831895195	0.9986486424	3.355516176
0.8178114615	0.1821885385	0.9986566975	3.355395092
0.8188124424	0.1811875576	0.9986648512	3.355271704
0.8198134234	0.1801865766	0.9986731011	3.355146022
0.8208144044	0.1791855956	0.9986814447	3.355018055
0.8218153854	0.1781846146	0.9986898795	3.354887811
0.8228163664	0.1771836336	0.9986984032	3.354755298
0.8238173473	0.1761826527	0.9987070134	3.354620524
0.8248183283	0.1751816717	0.9987157076	3.3544835
0.8258193093	0.1741806907	0.9987244837	3.354344232
0.8268202903	0.1731797097	0.9987333392	3.354202729
0.8278212713	0.1721787287	0.9987422718	3.354059
0.8288222523	0.1711777477	0.9987512793	3.353913052
0.8298232332	0.1701767668	0.9987603593	3.353764895
0.8308242142	0.1691757858	0.9987695097	3.353614536
0.8318251952	0.1681748048	0.9987787282	3.353461984
0.8328261762	0.1671738238	0.9987880126	3.353307246
0.8338271572	0.1661728428	0.9987973607	3.353150332
0.8348281381	0.1651718619	0.9988067703	3.352991249
0.8358291191	0.1641708809	0.9988162393	3.352830005
0.8368301001	0.1631698999	0.9988257655	3.352666608
0.8378310811	0.1621689189	0.9988353467	3.352501067
0.8388320621	0.1611679379	0.998844981	3.352333389
0.839833043	0.160166957	0.9988546662	3.352163583
0.840834024	0.159165976	0.9988644002	3.351991657
0.841835005	0.158164995	0.998874181	3.351817618
0.842835986	0.157164014	0.9988840066	3.351641474
0.843836967	0.156163033	0.9988938749	3.351463234
0.8448379479	0.1551620521	0.9989037839	3.351282904
0.8458389289	0.1541610711	0.9989137316	3.351100494
0.8468399099	0.1531600901	0.9989237162	3.35091601
0.8478408909	0.1521591091	0.9989337355	3.350729461
0.8488418719	0.1511581281	0.9989437877	3.350540855
0.8498428529	0.1501571471	0.9989538709	3.350350198
0.8508438338	0.1491561662	0.9989639832	3.3501575
0.8518448148	0.1481551852	0.9989741226	3.349962766
0.8528457958	0.1471542042	0.9989842873	3.349766006
0.8538467768	0.1461532232	0.9989944755	3.349567226
0.8548477578	0.1451522422	0.9990046853	3.349366435
0.8558487387	0.1441512613	0.9990149148	3.34916364
0.8568497197	0.1431502803	0.9990251623	3.348958848
0.8578507007	0.1421492993	0.999035426	3.348752067
0.8588516817	0.1411483183	0.9990457041	3.348543305
0.8598526627	0.1401473373	0.9990559948	3.348332568
0.8608536436	0.1391463564	0.9990662963	3.348119865
0.8618546246	0.1381453754	0.999076607	3.347905202
0.8628556056	0.1371443944	0.9990869252	3.347688588
0.8638565866	0.1361434134	0.999097249	3.347470029
0.8648575676	0.1351424324	0.9991075768	3.347249533
0.8658585485	0.1341414515	0.999117907	3.347027107
0.8668595295	0.1331404705	0.9991282379	3.346802758
0.8678605105	0.1321394895	0.9991385678	3.346576495
0.8688614915	0.1311385085	0.9991488951	3.346348323
0.8698624725	0.1301375275	0.9991592181	3.34611825
0.8708634535	0.1291365465	0.9991695354	3.345886283
0.8718644344	0.1281355656	0.9991798451	3.34565243
0.8728654154	0.1271345846	0.9991901459	3.345416698
0.8738663964	0.1261336036	0.9992004361	3.345179093
0.8748673774	0.1251326226	0.9992107141	3.344939623
0.8758683584	0.1241316416	0.9992209785	3.344698294
0.8768693393	0.1231306607	0.9992312277	3.344455115
0.8778703203	0.1221296797	0.9992414601	3.344210091
0.8788713013	0.1211286987	0.9992516743	3.343963231
0.8798722823	0.1201277177	0.9992618688	3.34371454
0.8808732633	0.1191267367	0.9992720421	3.343464025
0.8818742442	0.1181257558	0.9992821928	3.343211695
0.8828752252	0.1171247748	0.9992923193	3.342957555
0.8838762062	0.1161237938	0.9993024203	3.342701612
0.8848771872	0.1151228128	0.9993124944	3.342443873
0.8858781682	0.1141218318	0.99932254	3.342184346
0.8868791491	0.1131208509	0.9993325559	3.341923036
0.8878801301	0.1121198699	0.9993425406	3.341659951
0.8888811111	0.1111188889	0.9993524927	3.341395097
0.8898820921	0.1101179079	0.9993624109	3.341128481
0.8908830731	0.1091169269	0.9993722939	3.34086011
0.8918840541	0.1081159459	0.9993821402	3.340589991
0.892885035	0.107114965	0.9993919486	3.340318129
0.893886016	0.106113984	0.9994017176	3.340044532
0.894886997	0.105113003	0.9994114462	3.339769207
0.895887978	0.104112022	0.9994211328	3.339492159
0.896888959	0.103111041	0.9994307763	3.339213395
0.8978899399	0.1021100601	0.9994403753	3.338932923
0.8988909209	0.1011090791	0.9994499287	3.338650748
0.8998919019	0.1001080981	0.9994594351	3.338366877
0.9008928829	0.09910711712	0.9994688933	3.338081316
0.9018938639	0.09810613614	0.9994783021	3.337794072
0.9028948448	0.09710515516	0.9994876602	3.337505152
0.9038958258	0.09610417417	0.9994969665	3.337214561
0.9048968068	0.09510319319	0.9995062198	3.336922306
0.9058977878	0.09410221221	0.9995154188	3.336628393
0.9068987688	0.09310123123	0.9995245624	3.336332829
0.9078997497	0.09210025025	0.9995336494	3.336035621
0.9089007307	0.09109926927	0.9995426787	3.335736773
0.9099017117	0.09009828829	0.9995516491	3.335436293
0.9109026927	0.08909730731	0.9995605594	3.335134187
0.9119036737	0.08809632633	0.9995694087	3.334830461
0.9129046547	0.08709534535	0.9995781956	3.334525121
0.9139056356	0.08609436436	0.9995869192	3.334218174
0.9149066166	0.08509338338	0.9995955783	3.333909625
0.9159075976	0.0840924024	0.9996041719	3.333599481
0.9169085786	0.08309142142	0.9996126989	3.333287747
0.9179095596	0.08209044044	0.9996211581	3.332974431
0.9189105405	0.08108945946	0.9996295486	3.332659537
0.9199115215	0.08008847848	0.9996378693	3.332343073
0.9209125025	0.0790874975	0.9996461191	3.332025044
0.9219134835	0.07808651652	0.9996542971	3.331705455
0.9229144645	0.07708553554	0.9996624022	3.331384314
0.9239154454	0.07608455455	0.9996704334	3.331061626
0.9249164264	0.07508357357	0.9996783897	3.330737397
0.9259174074	0.07408259259	0.9996862701	3.330411632
0.9269183884	0.07308161161	0.9996940736	3.330084339
0.9279193694	0.07208063063	0.9997017992	3.329755522
0.9289203504	0.07107964965	0.999709446	3.329425187
0.9299213313	0.07007866867	0.9997170131	3.329093341
0.9309223123	0.06907768769	0.9997244994	3.32875999
0.9319232933	0.06807670671	0.9997319041	3.328425138
0.9329242743	0.06707572573	0.9997392261	3.328088792
0.9339252553	0.06607474474	0.9997464646	3.327750958
0.9349262362	0.06507376376	0.9997536187	3.32741164
0.9359272172	0.06407278278	0.9997606875	3.327070846
0.9369281982	0.0630718018	0.99976767	3.326728581
0.9379291792	0.06207082082	0.9997745654	3.32638485
0.9389301602	0.06106983984	0.9997813728	3.326039659
0.9399311411	0.06006885886	0.9997880913	3.325693014
0.9409321221	0.05906787788	0.9997947201	3.32534492
0.9419331031	0.0580668969	0.9998012583	3.324995384
0.9429340841	0.05706591592	0.999807705	3.324644409
0.9439350651	0.05606493493	0.9998140594	3.324292003
0.944936046	0.05506395395	0.9998203207	3.323938171
0.945937027	0.05406297297	0.9998264881	3.323582917
0.946938008	0.05306199199	0.9998325607	3.323226249
0.947938989	0.05206101101	0.9998385377	3.32286817
0.94893997	0.05106003003	0.9998444183	3.322508687
0.949940951	0.05005904905	0.9998502018	3.322147805
0.9509419319	0.04905806807	0.9998558873	3.32178553
0.9519429129	0.04805708709	0.9998614741	3.321421867
0.9529438939	0.04705610611	0.9998669614	3.321056821
0.9539448749	0.04605512513	0.9998723484	3.320690398
0.9549458559	0.04505414414	0.9998776344	3.320322603
0.9559468368	0.04405316316	0.9998828186	3.319953441
0.9569478178	0.04305218218	0.9998879003	3.319582918
0.9579487988	0.0420512012	0.9998928788	3.319211039
0.9589497798	0.04105022022	0.9998977532	3.31883781
0.9599507608	0.04004923924	0.999902523	3.318463235
0.9609517417	0.03904825826	0.9999071874	3.31808732
0.9619527227	0.03804727728	0.9999117456	3.31771007
0.9629537037	0.0370462963	0.999916197	3.31733149
0.9639546847	0.03604531532	0.9999205409	3.316951586
0.9649556657	0.03504433433	0.9999247766	3.316570362
0.9659566466	0.03404335335	0.9999289034	3.316187824
0.9669576276	0.03304237237	0.9999329206	3.315803978
0.9679586086	0.03204139139	0.9999368276	3.315418827
0.9689595896	0.03104041041	0.9999406238	3.315032378
0.9699605706	0.03003942943	0.9999443084	3.314644634
0.9709615516	0.02903844845	0.9999478808	3.314255603
0.9719625325	0.02803746747	0.9999513404	3.313865287
0.9729635135	0.02703648649	0.9999546866	3.313473693
0.9739644945	0.02603550551	0.9999579187	3.313080826
0.9749654755	0.02503452452	0.999961036	3.31268669
0.9759664565	0.02403354354	0.9999640381	3.31229129
0.9769674374	0.02303256256	0.9999669242	3.311894632
0.9779684184	0.02203158158	0.9999696938	3.31149672
0.9789693994	0.0210306006	0.9999723463	3.31109756
0.9799703804	0.02002961962	0.9999748811	3.310697155
0.9809713614	0.01902863864	0.9999772975	3.310295512
0.9819723423	0.01802765766	0.9999795951	3.309892635
0.9829733233	0.01702667668	0.9999817733	3.309488529
0.9839743043	0.0160256957	0.9999838314	3.309083198
0.9849752853	0.01502471471	0.999985769	3.308676648
0.9859762663	0.01402373373	0.9999875854	3.308268884
0.9869772472	0.01302275275	0.9999892801	3.307859909
0.9879782282	0.01202177177	0.9999908527	3.30744973
0.9889792092	0.01102079079	0.9999923024	3.30703835
0.9899801902	0.01001980981	0.9999936289	3.306625774
0.9909811712	0.009018828829	0.9999948316	3.306212008
0.9919821522	0.008017847848	0.9999959099	3.305797056
0.9929831331	0.007016866867	0.9999968634	3.305380923
0.9939841141	0.006015885886	0.9999976916	3.304963612
0.9949850951	0.005014904905	0.9999983938	3.30454513
0.9959860761	0.004013923924	0.9999989697	3.30412548
0.9969870571	0.003012942943	0.9999994188	3.303704668
0.997988038	0.002011961962	0.9999997405	3.303282697
0.998989019	0.001010980981	0.9999999344	3.302859573
0.99999	1e-05	1	3.302435301
