1e-05	0.99999	16.84086846	1.000000008
0.001010980981	0.998989019	14.38810318	1.00007985
0.002011961962	0.997988038	12.37464407	1.000307567
0.003012942943	0.9969870571	10.71052582	1.000671008
0.004013923924	0.9959860761	9.326202021	1.001158943
0.005014904905	0.9949850951	8.16750718	1.001760977
0.006015885886	0.9939841141	7.191952369	1.002467484
0.007016866867	0.9929831331	6.365979282	1.003269536
0.008017847848	0.9919821522	5.662908998	1.004158849
0.009018828829	0.9909811712	5.061398272	1.005127728
0.01001980981	0.9899801902	4.544269487	1.006169023
0.01102079079	0.9889792092	4.097617724	1.007276081
0.01202177177	0.9879782282	3.710124844	1.00844271
0.01302275275	0.9869772472	3.372529243	1.009663143
0.01402373373	0.9859762663	3.07721345	1.010932007
0.01502471471	0.9849752853	2.817881514	1.01224429
0.0160256957	0.9839743043	2.589305184	1.013595319
0.01702667668	0.9829733233	2.387123154	1.014980731
0.01802765766	0.9819723423	2.207681422	1.016396453
0.01902863864	0.9809713614	2.047905729	1.017838682
0.02002961962	0.9799703804	1.905199109	1.019303865
0.0210306006	0.9789693994	1.77735924	1.020788681
0.02203158158	0.9779684184	1.662511461	1.022290027
0.02303256256	0.9769674374	1.559054241	1.023805001
0.02403354354	0.9759664565	1.465614607	1.025330892
0.02503452452	0.9749654755	1.381011561	1.026865163
0.02603550551	0.9739644945	1.304225929	1.028405444
0.02703648649	0.9729635135	1.234375425	1.029949517
0.02803746747	0.9719625325	1.170693947	1.031495309
0.02903844845	0.9709615516	1.112514325	1.033040885
0.03003942943	0.9699605706	1.059253896	1.034584431
0.03104041041	0.9689595896	1.010402405	1.036124257
0.03204139139	0.9679586086	0.9655118202	1.037658782
0.03304237237	0.9669576276	0.9241877348	1.039186529
0.03404335335	0.9659566466	0.8860820839	1.040706122
0.03504433433	0.9649556657	0.8508869598	1.042216274
0.03604531532	0.9639546847	0.8183293431	1.043715787
0.0370462963	0.9629537037	0.7881666013	1.045203544
0.03804727728	0.9619527227	0.7601826344	1.046678506
0.03904825826	0.9609517417	0.7341845631	1.048139704
0.04004923924	0.9599507608	0.7099998792	1.04958624
0.04105022022	0.9589497798	0.687473984	1.051017277
0.0420512012	0.9579487988	0.6664680603	1.052432041
0.04305218218	0.9569478178	0.6468572256	1.053829814
0.04405316316	0.9559468368	0.6285289271	1.055209933
0.04505414414	0.9549458559	0.6113815438	1.056571783
0.04605512513	0.9539448749	0.5953231658	1.0579148
0.04705610611	0.9529438939	0.5802705257	1.059238463
0.04805708709	0.9519429129	0.566148063	1.060542295
0.04905806807	0.9509419319	0.5528871012	1.061825858
0.05005904905	0.949940951	0.5404251234	1.063088752
0.05106003003	0.94893997	0.5287051346	1.064330615
0.05206101101	0.947938989	0.5176750972	1.065551117
0.05306199199	0.946938008	0.5072874317	1.06674996
0.05406297297	0.945937027	0.4974985742	1.067926876
0.05506395395	0.944936046	0.4882685833	1.069081626
0.05606493493	0.9439350651	0.4795607902	1.070213999
0.05706591592	0.9429340841	0.4713414872	1.071323809
0.0580668969	0.9419331031	0.4635796493	1.072410891
0.05906787788	0.9409321221	0.456246686	1.073475108
0.06006885886	0.9399311411	0.449316218	1.07451634
0.06106983984	0.9389301602	0.4427638783	1.07553449
0.06207082082	0.9379291792	0.4365671326	1.076529478
0.0630718018	0.9369281982	0.4307051182	1.077501244
0.06407278278	0.9359272172	0.4251584989	1.078449744
0.06507376376	0.9349262362	0.4199093344	1.07937495
0.06607474474	0.9339252553	0.4149409619	1.08027685
0.06707572573	0.9329242743	0.4102378895	1.081155445
0.06807670671	0.9319232933	0.4057856994	1.08201075
0.06907768769	0.9309223123	0.4015709607	1.082842793
0.07007866867	0.9299213313	0.3975811495	1.083651615
0.07107964965	0.9289203504	0.3938045767	1.084437265
0.07208063063	0.9279193694	0.3902303229	1.085199807
0.07308161161	0.9269183884	0.386848178	1.085939312
0.07408259259	0.9259174074	0.383648587	1.08665586
0.07508357357	0.9249164264	0.3806226002	1.087349543
0.07608455455	0.9239154454	0.377761828	1.088020457
0.07708553554	0.9229144645	0.3750583988	1.08866871
0.07808651652	0.9219134835	0.3725049218	1.089294414
0.0790874975	0.9209125025	0.3700944515	1.089897689
0.08008847848	0.9199115215	0.3678204558	1.090478662
0.08108945946	0.9189105405	0.3656767872	1.091037465
0.08209044044	0.9179095596	0.3636576552	1.091574237
0.08309142142	0.9169085786	0.3617576019	1.09208912
0.0840924024	0.9159075976	0.359971479	1.092582263
0.08509338338	0.9149066166	0.3582944269	1.093053818
0.08609436436	0.9139056356	0.3567218551	1.093503942
0.08709534535	0.9129046547	0.3552494246	1.093932796
0.08809632633	0.9119036737	0.3538730309	1.094340543
0.08909730731	0.9109026927	0.3525887894	1.094727352
0.09009828829	0.9099017117	0.3513930205	1.095093392
0.09109926927	0.9089007307	0.3502822369	1.095438837
0.09210025025	0.9078997497	0.3492531315	1.095763863
0.09310123123	0.9068987688	0.348302566	1.096068648
0.09410221221	0.9058977878	0.3474275605	1.096353372
0.09510319319	0.9048968068	0.3466252836	1.096618218
0.09610417417	0.9038958258	0.3458930438	1.096863369
0.09710515516	0.9028948448	0.3452282806	1.097089011
0.09810613614	0.9018938639	0.3446285572	1.097295331
0.09910711712	0.9008928829	0.3440915527	1.097482516
0.1001080981	0.8998919019	0.3436150558	1.097650756
0.1011090791	0.8988909209	0.343196958	1.097800241
0.1021100601	0.8978899399	0.3428352482	1.09793116
0.103111041	0.896888959	0.3425280067	1.098043706
0.104112022	0.895887978	0.3422734005	1.09813807
0.105113003	0.894886997	0.342069678	1.098214444
0.106113984	0.893886016	0.3419151649	1.09827302
0.107114965	0.892885035	0.3418082599	1.098313991
0.1081159459	0.8918840541	0.3417474305	1.09833755
0.1091169269	0.8908830731	0.3417312095	1.098343887
0.1101179079	0.8898820921	0.3417581915	1.098333197
0.1111188889	0.8888811111	0.3418270298	1.09830567
0.1121198699	0.8878801301	0.3419364328	1.098261499
0.1131208509	0.8868791491	0.3420851619	1.098200874
0.1141218318	0.8858781682	0.3422720282	1.098123986
0.1151228128	0.8848771872	0.34249589	1.098031025
0.1161237938	0.8838762062	0.3427556508	1.097922182
0.1171247748	0.8828752252	0.3430502567	1.097797644
0.1181257558	0.8818742442	0.3433786945	1.097657599
0.1191267367	0.8808732633	0.3437399893	1.097502236
0.1201277177	0.8798722823	0.3441332032	1.097331741
0.1211286987	0.8788713013	0.3445574332	1.097146298
0.1221296797	0.8778703203	0.3450118094	1.096946093
0.1231306607	0.8768693393	0.3454954938	1.096731309
0.1241316416	0.8758683584	0.3460076783	1.09650213
0.1251326226	0.8748673774	0.3465475838	1.096258735
0.1261336036	0.8738663964	0.3471144587	1.096001306
0.1271345846	0.8728654154	0.3477075773	1.095730022
0.1281355656	0.8718644344	0.348326239	1.095445062
0.1291365465	0.8708634535	0.3489697673	1.095146601
0.1301375275	0.8698624725	0.3496375082	1.094834816
0.1311385085	0.8688614915	0.3503288295	1.094509881
0.1321394895	0.8678605105	0.3510431199	1.094171969
0.1331404705	0.8668595295	0.3517797881	1.093821253
0.1341414515	0.8658585485	0.3525382617	1.093457902
0.1351424324	0.8648575676	0.3533179865	1.093082086
0.1361434134	0.8638565866	0.3541184258	1.092693973
0.1371443944	0.8628556056	0.3549390598	1.092293729
0.1381453754	0.8618546246	0.3557793843	1.091881519
0.1391463564	0.8608536436	0.3566389109	1.091457508
0.1401473373	0.8598526627	0.3575171655	1.091021858
0.1411483183	0.8588516817	0.3584136885	1.09057473
0.1421492993	0.8578507007	0.3593280335	1.090116282
0.1431502803	0.8568497197	0.3602597674	1.089646674
0.1441512613	0.8558487387	0.3612084693	1.089166062
0.1451522422	0.8548477578	0.3621737305	1.088674602
0.1461532232	0.8538467768	0.3631551536	1.088172446
0.1471542042	0.8528457958	0.3641523526	1.087659749
0.1481551852	0.8518448148	0.3651649518	1.08713666
0.1491561662	0.8508438338	0.3661925859	1.086603329
0.1501571471	0.8498428529	0.3672348995	1.086059905
0.1511581281	0.8488418719	0.3682915465	1.085506534
0.1521591091	0.8478408909	0.36936219	1.08494336
0.1531600901	0.8468399099	0.3704465021	1.084370529
0.1541610711	0.8458389289	0.3715441629	1.083788182
0.1551620521	0.8448379479	0.3726548612	1.08319646
0.156163033	0.843836967	0.3737782933	1.082595503
0.157164014	0.842835986	0.3749141632	1.081985448
0.158164995	0.841835005	0.3760621821	1.081366433
0.159165976	0.840834024	0.3772220685	1.080738592
0.160166957	0.839833043	0.3783935476	1.080102059
0.1611679379	0.8388320621	0.379576351	1.079456967
0.1621689189	0.8378310811	0.3807702169	1.078803446
0.1631698999	0.8368301001	0.3819748895	1.078141626
0.1641708809	0.8358291191	0.3831901191	1.077471635
0.1651718619	0.8348281381	0.3844156615	1.0767936
0.1661728428	0.8338271572	0.3856512782	1.076107646
0.1671738238	0.8328261762	0.386896736	1.075413898
0.1681748048	0.8318251952	0.3881518071	1.074712478
0.1691757858	0.8308242142	0.3894162683	1.074003506
0.1701767668	0.8298232332	0.3906899016	1.073287104
0.1711777477	0.8288222523	0.3919724938	1.07256339
0.1721787287	0.8278212713	0.3932638358	1.07183248
0.1731797097	0.8268202903	0.3945637235	1.071094492
0.1741806907	0.8258193093	0.3958719566	1.070349539
0.1751816717	0.8248183283	0.3971883392	1.069597734
0.1761826527	0.8238173473	0.3985126795	1.068839191
0.1771836336	0.8228163664	0.3998447894	1.068074019
0.1781846146	0.8218153854	0.4011844848	1.067302328
0.1791855956	0.8208144044	0.4025315851	1.066524227
0.1801865766	0.8198134234	0.4038859134	1.065739822
0.1811875576	0.8188124424	0.4052472963	1.064949218
0.1821885385	0.8178114615	0.4066155637	1.064152521
0.1831895195	0.8168104805	0.4079905488	1.063349833
0.1841905005	0.8158094995	0.4093720881	1.062541257
0.1851914815	0.8148085185	0.4107600209	1.061726894
0.1861924625	0.8138075375	0.4121541899	1.060906842
0.1871934434	0.8128065566	0.4135544405	1.0600812
0.1881944244	0.8118055756	0.414960621	1.059250067
0.1891954054	0.8108045946	0.4163725825	1.058413537
0.1901963864	0.8098036136	0.4177901788	1.057571705
0.1911973674	0.8088026326	0.4192132665	1.056724666
0.1921983483	0.8078016517	0.4206417044	1.055872512
0.1931993293	0.8068006707	0.4220753541	1.055015335
0.1942003103	0.8057996897	0.4235140796	1.054153225
0.1952012913	0.8047987087	0.4249577473	1.053286271
0.1962022723	0.8037977277	0.4264062257	1.052414561
0.1972032533	0.8027967467	0.4278593858	1.051538183
0.1982042342	0.8017957658	0.4293171008	1.050657223
0.1992052152	0.8007947848	0.4307792459	1.049771766
0.2002061962	0.7997938038	0.4322456985	1.048881896
0.2012071772	0.7987928228	0.4337163381	1.047987695
0.2022081582	0.7977918418	0.4351910462	1.047089246
0.2032091391	0.7967908609	0.4366697061	1.046186629
0.2042101201	0.7957898799	0.4381522032	1.045279925
0.2052111011	0.7947888989	0.4396384246	1.044369212
0.2062120821	0.7937879179	0.4411282595	1.043454568
0.2072130631	0.7927869369	0.4426215987	1.04253607
0.208214044	0.791785956	0.4441183346	1.041613794
0.209215025	0.790784975	0.4456183617	1.040687815
0.210216006	0.789783994	0.4471215758	1.039758207
0.211216987	0.788783013	0.4486278745	1.038825043
0.212217968	0.787782032	0.4501371572	1.037888396
0.2132189489	0.7867810511	0.4516493244	1.036948336
0.2142199299	0.7857800701	0.4531642786	1.036004934
0.2152209109	0.7847790891	0.4546819235	1.03505826
0.2162218919	0.7837781081	0.4562021645	1.034108382
0.2172228729	0.7827771271	0.4577249083	1.033155367
0.2182238539	0.7817761461	0.459250063	1.032199283
0.2192248348	0.7807751652	0.4607775382	1.031240196
0.2202258158	0.7797741842	0.4623072449	1.03027817
0.2212267968	0.7787732032	0.4638390951	1.029313271
0.2222277778	0.7777722222	0.4653730026	1.028345561
0.2232287588	0.7767712412	0.4669088821	1.027375103
0.2242297397	0.7757702603	0.4684466497	1.026401959
0.2252307207	0.7747692793	0.4699862228	1.02542619
0.2262317017	0.7737682983	0.4715275199	1.024447857
0.2272326827	0.7727673173	0.4730704609	1.023467018
0.2282336637	0.7717663363	0.4746149665	1.022483733
0.2292346446	0.7707653554	0.4761609589	1.021498059
0.2302356256	0.7697643744	0.4777083612	1.020510054
0.2312366066	0.7687633934	0.4792570978	1.019519773
0.2322375876	0.7677624124	0.4808070941	1.018527274
0.2332385686	0.7667614314	0.4823582765	1.017532609
0.2342395495	0.7657604505	0.4839105726	1.016535835
0.2352405305	0.7647594695	0.4854639109	1.015537004
0.2362415115	0.7637584885	0.4870182209	1.014536169
0.2372424925	0.7627575075	0.4885734334	1.013533383
0.2382434735	0.7617565265	0.4901294798	1.012528696
0.2392444545	0.7607555455	0.4916862926	1.011522159
0.2402454354	0.7597545646	0.4932438054	1.010513823
0.2412464164	0.7587535836	0.4948019525	1.009503737
0.2422473974	0.7577526026	0.4963606693	1.00849195
0.2432483784	0.7567516216	0.4979198921	1.007478509
0.2442493594	0.7557506406	0.499479558	1.006463462
0.2452503403	0.7547496597	0.5010396049	1.005446857
0.2462513213	0.7537486787	0.5025999719	1.004428738
0.2472523023	0.7527476977	0.5041605986	1.003409153
0.2482532833	0.7517467167	0.5057214256	1.002388145
0.2492542643	0.7507457357	0.5072823943	1.001365759
0.2502552452	0.7497447548	0.508843447	1.000342039
0.2512562262	0.7487437738	0.5104045266	0.9993170276
0.2522572072	0.7477427928	0.511965577	0.9982907681
0.2532581882	0.7467418118	0.5135265427	0.9972633022
0.2542591692	0.7457408308	0.5150873691	0.9962346712
0.2552601502	0.7447398498	0.5166480024	0.9952049162
0.2562611311	0.7437388689	0.5182083894	0.9941740773
0.2572621121	0.7427378879	0.5197684776	0.9931421945
0.2582630931	0.7417369069	0.5213282155	0.9921093068
0.2592640741	0.7407359259	0.522887552	0.9910754531
0.2602650551	0.7397349449	0.5244464369	0.9900406714
0.261266036	0.738733964	0.5260048206	0.9890049994
0.262267017	0.737732983	0.5275626542	0.9879684743
0.263267998	0.736732002	0.5291198895	0.9869311326
0.264268979	0.735731021	0.530676479	0.9858930105
0.26526996	0.73473004	0.5322323758	0.9848541435
0.2662709409	0.7337290591	0.5337875336	0.9838145668
0.2672719219	0.7327280781	0.535341907	0.9827743151
0.2682729029	0.7317270971	0.5368954508	0.9817334224
0.2692738839	0.7307261161	0.5384481208	0.9806919226
0.2702748649	0.7297251351	0.5399998732	0.9796498487
0.2712758458	0.7287241542	0.541550665	0.9786072335
0.2722768268	0.7277231732	0.5431004535	0.9775641094
0.2732778078	0.7267221922	0.544649197	0.9765205081
0.2742787888	0.7257212112	0.5461968539	0.9754764612
0.2752797698	0.7247202302	0.5477433837	0.9744319995
0.2762807508	0.7237192492	0.549288746	0.9733871535
0.2772817317	0.7227182683	0.5508329012	0.9723419534
0.2782827127	0.7217172873	0.5523758103	0.9712964289
0.2792836937	0.7207163063	0.5539174347	0.9702506092
0.2802846747	0.7197153253	0.5554577364	0.969204523
0.2812856557	0.7187143443	0.556996678	0.968158199
0.2822866366	0.7177133634	0.5585342225	0.9671116651
0.2832876176	0.7167123824	0.5600703335	0.9660649489
0.2842885986	0.7157114014	0.5616049752	0.9650180777
0.2852895796	0.7147104204	0.5631381121	0.9639710783
0.2862905606	0.7137094394	0.5646697093	0.9629239773
0.2872915415	0.7127084585	0.5661997326	0.9618768006
0.2882925225	0.7117074775	0.5677281478	0.9608295741
0.2892935035	0.7107064965	0.5692549218	0.959782323
0.2902944845	0.7097055155	0.5707800214	0.9587350723
0.2912954655	0.7087045345	0.5723034144	0.9576878467
0.2922964464	0.7077035536	0.5738250685	0.9566406705
0.2932974274	0.7067025726	0.5753449524	0.9555935675
0.2942984084	0.7057015916	0.576863035	0.9545465613
0.2952993894	0.7047006106	0.5783792856	0.9534996752
0.2963003704	0.7036996296	0.579893674	0.952452932
0.2973013514	0.7026986486	0.5814061705	0.9514063543
0.2983023323	0.7016976677	0.5829167458	0.9503599644
0.2993033133	0.7006966867	0.5844253711	0.9493137841
0.3003042943	0.6996957057	0.5859320178	0.948267835
0.3013052753	0.6986947247	0.5874366579	0.9472221383
0.3023062563	0.6976937437	0.5889392639	0.9461767151
0.3033072372	0.6966927628	0.5904398085	0.945131586
0.3043082182	0.6956917818	0.591938265	0.9440867712
0.3053091992	0.6946908008	0.5934346068	0.943042291
0.3063101802	0.6936898198	0.5949288081	0.9419981648
0.3073111612	0.6926888388	0.5964208433	0.9409544123
0.3083121421	0.6916878579	0.597910687	0.9399110526
0.3093131231	0.6906868769	0.5993983145	0.9388681045
0.3103141041	0.6896858959	0.6008837013	0.9378255866
0.3113150851	0.6886849149	0.6023668234	0.9367835172
0.3123160661	0.6876839339	0.6038476569	0.9357419144
0.313317047	0.686682953	0.6053261787	0.9347007959
0.314318028	0.685681972	0.6068023656	0.9336601792
0.315319009	0.684680991	0.6082761951	0.9326200814
0.31631999	0.68368001	0.6097476449	0.9315805197
0.317320971	0.682679029	0.6112166931	0.9305415106
0.318321952	0.681678048	0.6126833181	0.9295030707
0.3193229329	0.6806770671	0.6141474986	0.928465216
0.3203239139	0.6796760861	0.6156092139	0.9274279626
0.3213248949	0.6786751051	0.6170684432	0.9263913262
0.3223258759	0.6776741241	0.6185251664	0.9253553221
0.3233268569	0.6766731431	0.6199793637	0.9243199657
0.3243278378	0.6756721622	0.6214310153	0.9232852718
0.3253288188	0.6746711812	0.6228801021	0.9222512553
0.3263297998	0.6736702002	0.6243266052	0.9212179307
0.3273307808	0.6726692192	0.6257705058	0.9201853122
0.3283317618	0.6716682382	0.6272117857	0.9191534139
0.3293327427	0.6706672573	0.6286504269	0.9181222496
0.3303337237	0.6696662763	0.6300864117	0.917091833
0.3313347047	0.6686652953	0.6315197226	0.9160621774
0.3323356857	0.6676643143	0.6329503425	0.9150332961
0.3333366667	0.6666633333	0.6343782547	0.914005202
0.3343376476	0.6656623524	0.6358034426	0.912977908
0.3353386286	0.6646613714	0.63722589	0.9119514265
0.3363396096	0.6636603904	0.6386455808	0.9109257699
0.3373405906	0.6626594094	0.6400624995	0.9099009505
0.3383415716	0.6616584284	0.6414766306	0.9088769801
0.3393425526	0.6606574474	0.642887959	0.9078538705
0.3403435335	0.6596564665	0.6442964699	0.9068316333
0.3413445145	0.6586554855	0.6457021486	0.90581028
0.3423454955	0.6576545045	0.6471049808	0.9047898216
0.3433464765	0.6566535235	0.6485049526	0.9037702692
0.3443474575	0.6556525425	0.64990205	0.9027516337
0.3453484384	0.6546515616	0.6512962595	0.9017339257
0.3463494194	0.6536505806	0.6526875679	0.9007171556
0.3473504004	0.6526495996	0.6540759621	0.8997013338
0.3483513814	0.6516486186	0.6554614294	0.8986864704
0.3493523624	0.6506476376	0.6568439571	0.8976725753
0.3503533433	0.6496466567	0.658223533	0.8966596583
0.3513543243	0.6486456757	0.659600145	0.895647729
0.3523553053	0.6476446947	0.6609737813	0.8946367969
0.3533562863	0.6466437137	0.6623444303	0.8936268713
0.3543572673	0.6456427327	0.6637120807	0.8926179613
0.3553582482	0.6446417518	0.6650767213	0.8916100758
0.3563592292	0.6436407708	0.6664383412	0.8906032237
0.3573602102	0.6426397898	0.6677969298	0.8895974136
0.3583611912	0.6416388088	0.6691524766	0.888592654
0.3593621722	0.6406378278	0.6705049713	0.8875889533
0.3603631532	0.6396368468	0.671854404	0.8865863197
0.3613641341	0.6386358659	0.6732007649	0.8855847612
0.3623651151	0.6376348849	0.6745440443	0.8845842858
0.3633660961	0.6366339039	0.675884233	0.8835849012
0.3643670771	0.6356329229	0.6772213216	0.8825866151
0.3653680581	0.6346319419	0.6785553014	0.8815894349
0.366369039	0.633630961	0.6798861634	0.880593368
0.36737002	0.63262998	0.6812138992	0.8795984216
0.368371001	0.631628999	0.6825385004	0.8786046027
0.369371982	0.630628018	0.6838599588	0.8776119184
0.370372963	0.629627037	0.6851782664	0.8766203755
0.3713739439	0.6286260561	0.6864934156	0.8756299806
0.3723749249	0.6276250751	0.6878053986	0.8746407403
0.3733759059	0.6266240941	0.6891142082	0.8736526611
0.3743768869	0.6256231131	0.690419837	0.8726657492
0.3753778679	0.6246221321	0.6917222781	0.8716800109
0.3763788488	0.6236211512	0.6930215246	0.8706954522
0.3773798298	0.6226201702	0.6943175699	0.869712079
0.3783808108	0.6216191892	0.6956104074	0.8687298973
0.3793817918	0.6206182082	0.6969000309	0.8677489127
0.3803827728	0.6196172272	0.6981864343	0.8667691308
0.3813837538	0.6186162462	0.6994696114	0.8657905572
0.3823847347	0.6176152653	0.7007495566	0.8648131971
0.3833857157	0.6166142843	0.7020262643	0.8638370559
0.3843866967	0.6156133033	0.7032997289	0.8628621388
0.3853876777	0.6146123223	0.7045699451	0.8618884507
0.3863886587	0.6136113413	0.7058369079	0.8609159967
0.3873896396	0.6126103604	0.7071006123	0.8599447815
0.3883906206	0.6116093794	0.7083610534	0.8589748099
0.3893916016	0.6106083984	0.7096182265	0.8580060866
0.3903925826	0.6096074174	0.7108721273	0.8570386161
0.3913935636	0.6086064364	0.7121227512	0.8560724028
0.3923945445	0.6076054555	0.7133700942	0.8551074511
0.3933955255	0.6066044745	0.7146141522	0.8541437652
0.3943965065	0.6056034935	0.7158549213	0.8531813493
0.3953974875	0.6046025125	0.7170923976	0.8522202074
0.3963984685	0.6036015315	0.7183265777	0.8512603435
0.3973994494	0.6026005506	0.719557458	0.8503017614
0.3984004304	0.6015995696	0.7207850352	0.849344465
0.3994014114	0.6005985886	0.7220093062	0.8483884579
0.4004023924	0.5995976076	0.7232302679	0.8474337437
0.4014033734	0.5985966266	0.7244479173	0.846480326
0.4024043544	0.5975956456	0.7256622517	0.8455282082
0.4034053353	0.5965946647	0.7268732685	0.8445773937
0.4044063163	0.5955936837	0.7280809651	0.8436278856
0.4054072973	0.5945927027	0.7292853392	0.8426796872
0.4064082783	0.5935917217	0.7304863885	0.8417328017
0.4074092593	0.5925907407	0.7316841109	0.8407872319
0.4084102402	0.5915897598	0.7328785044	0.8398429809
0.4094112212	0.5905887788	0.7340695671	0.8389000515
0.4104122022	0.5895877978	0.7352572972	0.8379584465
0.4114131832	0.5885868168	0.7364416932	0.8370181686
0.4124141642	0.5875858358	0.7376227535	0.8360792205
0.4134151451	0.5865848549	0.7388004768	0.8351416047
0.4144161261	0.5855838739	0.7399748617	0.8342053237
0.4154171071	0.5845828929	0.7411459071	0.8332703799
0.4164180881	0.5835819119	0.742313612	0.8323367758
0.4174190691	0.5825809309	0.7434779754	0.8314045134
0.4184200501	0.5815799499	0.7446389965	0.8304735952
0.419421031	0.580578969	0.7457966746	0.8295440232
0.420422012	0.579577988	0.7469510091	0.8286157994
0.421422993	0.578577007	0.7481019995	0.8276889259
0.422423974	0.577576026	0.7492496455	0.8267634047
0.423424955	0.576575045	0.7503939466	0.8258392376
0.4244259359	0.5755740641	0.7515349029	0.8249164264
0.4254269169	0.5745730831	0.7526725141	0.8239949729
0.4264278979	0.5735721021	0.7538067803	0.8230748788
0.4274288789	0.5725711211	0.7549377017	0.8221561457
0.4284298599	0.5715701401	0.7560652784	0.8212387751
0.4294308408	0.5705691592	0.7571895108	0.8203227686
0.4304318218	0.5695681782	0.7583103993	0.8194081277
0.4314328028	0.5685671972	0.7594279444	0.8184948537
0.4324337838	0.5675662162	0.7605421468	0.8175829479
0.4334347648	0.5665652352	0.7616530071	0.8166724117
0.4344357457	0.5655642543	0.7627605261	0.8157632462
0.4354367267	0.5645632733	0.7638647047	0.8148554527
0.4364377077	0.5635622923	0.7649655439	0.8139490323
0.4374386887	0.5625613113	0.7660630447	0.8130439859
0.4384396697	0.5615603303	0.7671572083	0.8121403147
0.4394406507	0.5605593493	0.7682480359	0.8112380195
0.4404416316	0.5595583684	0.7693355288	0.8103371014
0.4414426126	0.5585573874	0.7704196885	0.8094375611
0.4424435936	0.5575564064	0.7715005164	0.8085393995
0.4434445746	0.5565554254	0.7725780142	0.8076426173
0.4444455556	0.5555544444	0.7736521833	0.8067472152
0.4454465365	0.5545534635	0.7747230256	0.8058531939
0.4464475175	0.5535524825	0.7757905429	0.804960554
0.4474484985	0.5525515015	0.776854737	0.8040692961
0.4484494795	0.5515505205	0.77791561	0.8031794207
0.4494504605	0.5505495395	0.7789731638	0.8022909283
0.4504514414	0.5495485586	0.7800274006	0.8014038193
0.4514524224	0.5485475776	0.7810783225	0.8005180941
0.4524534034	0.5475465966	0.7821259318	0.7996337531
0.4534543844	0.5465456156	0.7831702309	0.7987507965
0.4544553654	0.5455446346	0.7842112221	0.7978692247
0.4554563463	0.5445436537	0.7852489079	0.7969890378
0.4564573273	0.5435426727	0.7862832908	0.7961102361
0.4574583083	0.5425416917	0.7873143735	0.7952328197
0.4584592893	0.5415407107	0.7883421586	0.7943567886
0.4594602703	0.5405397297	0.7893666488	0.7934821429
0.4604612513	0.5395387487	0.790387847	0.7926088828
0.4614622322	0.5385377678	0.7914057561	0.7917370081
0.4624632132	0.5375367868	0.7924203789	0.7908665188
0.4634641942	0.5365358058	0.7934317185	0.7899974148
0.4644651752	0.5355348248	0.7944397779	0.789129696
0.4654661562	0.5345338438	0.7954445602	0.7882633622
0.4664671371	0.5335328629	0.7964460686	0.7873984133
0.4674681181	0.5325318819	0.7974443064	0.786534849
0.4684690991	0.5315309009	0.7984392768	0.7856726691
0.4694700801	0.5305299199	0.7994309832	0.7848118732
0.4704710611	0.5295289389	0.800419429	0.783952461
0.471472042	0.528527958	0.8014046177	0.7830944322
0.472473023	0.527526977	0.8023865528	0.7822377863
0.473474004	0.526525996	0.8033652378	0.781382523
0.474474985	0.525525015	0.8043406765	0.7805286417
0.475475966	0.524524034	0.8053128724	0.7796761421
0.4764769469	0.5235230531	0.8062818293	0.7788250235
0.4774779279	0.5225220721	0.8072475511	0.7779752854
0.4784789089	0.5215210911	0.8082100415	0.7771269273
0.4794798899	0.5205201101	0.8091693043	0.7762799485
0.4804808709	0.5195191291	0.8101253437	0.7754343484
0.4814818519	0.5185181481	0.8110781635	0.7745901263
0.4824828328	0.5175171672	0.8120277677	0.7737472815
0.4834838138	0.5165161862	0.8129741606	0.7729058134
0.4844847948	0.5155152052	0.813917346	0.7720657211
0.4854857758	0.5145142242	0.8148573284	0.7712270039
0.4864867568	0.5135132432	0.8157941118	0.770389661
0.4874877377	0.5125122623	0.8167277005	0.7695536916
0.4884887187	0.5115112813	0.8176580988	0.7687190948
0.4894896997	0.5105103003	0.8185853111	0.7678858697
0.4904906807	0.5095093193	0.8195093418	0.7670540155
0.4914916617	0.5085083383	0.8204301952	0.7662235311
0.4924926426	0.5075073574	0.8213478759	0.7653944157
0.4934936236	0.5065063764	0.8222623884	0.7645666683
0.4944946046	0.5055053954	0.8231737372	0.7637402879
0.4954955856	0.5045044144	0.8240819269	0.7629152735
0.4964965666	0.5035034334	0.8249869621	0.7620916239
0.4974975475	0.5025024525	0.8258888476	0.7612693383
0.4984985285	0.5015014715	0.8267875879	0.7604484154
0.4994995095	0.5005004905	0.8276831879	0.7596288542
0.5005004905	0.4994995095	0.8285756523	0.7588106535
0.5015014715	0.4984985285	0.829464986	0.7579938123
0.5025024525	0.4974975475	0.8303511938	0.7571783292
0.5035034334	0.4964965666	0.8312342805	0.7563642032
0.5045044144	0.4954955856	0.8321142511	0.7555514331
0.5055053954	0.4944946046	0.8329911105	0.7547400175
0.5065063764	0.4934936236	0.8338648637	0.7539299552
0.5075073574	0.4924926426	0.8347355158	0.7531212451
0.5085083383	0.4914916617	0.8356030717	0.7523138858
0.5095093193	0.4904906807	0.8364675365	0.7515078759
0.5105103003	0.4894896997	0.8373289154	0.7507032142
0.5115112813	0.4884887187	0.8381872135	0.7498998994
0.5125122623	0.4874877377	0.8390424359	0.7490979301
0.5135132432	0.4864867568	0.8398945878	0.7482973048
0.5145142242	0.4854857758	0.8407436745	0.7474980223
0.5155152052	0.4844847948	0.8415897013	0.7467000811
0.5165161862	0.4834838138	0.8424326733	0.7459034797
0.5175171672	0.4824828328	0.8432725959	0.7451082169
0.5185181481	0.4814818519	0.8441094744	0.744314291
0.5195191291	0.4804808709	0.8449433142	0.7435217006
0.5205201101	0.4794798899	0.8457741206	0.7427304443
0.5215210911	0.4784789089	0.8466018992	0.7419405205
0.5225220721	0.4774779279	0.8474266552	0.7411519277
0.5235230531	0.4764769469	0.8482483941	0.7403646645
0.524524034	0.475475966	0.8490671215	0.7395787292
0.525525015	0.474474985	0.8498828429	0.7387941203
0.526525996	0.473474004	0.8506955637	0.7380108362
0.527526977	0.472473023	0.8515052894	0.7372288753
0.528527958	0.471472042	0.8523120258	0.7364482361
0.5295289389	0.4704710611	0.8531157783	0.735668917
0.5305299199	0.4694700801	0.8539165526	0.7348909162
0.5315309009	0.4684690991	0.8547143543	0.7341142322
0.5325318819	0.4674681181	0.8555091891	0.7333388634
0.5335328629	0.4664671371	0.8563010625	0.732564808
0.5345338438	0.4654661562	0.8570899804	0.7317920644
0.5355348248	0.4644651752	0.8578759484	0.7310206309
0.5365358058	0.4634641942	0.8586589723	0.7302505058
0.5375367868	0.4624632132	0.8594390578	0.7294816874
0.5385377678	0.4614622322	0.8602162106	0.7287141741
0.5395387487	0.4604612513	0.8609904365	0.727947964
0.5405397297	0.4594602703	0.8617617414	0.7271830554
0.5415407107	0.4584592893	0.862530131	0.7264194466
0.5425416917	0.4574583083	0.8632956112	0.7256571358
0.5435426727	0.4564573273	0.8640581879	0.7248961213
0.5445436537	0.4554563463	0.8648178668	0.7241364013
0.5455446346	0.4544553654	0.8655746538	0.7233779739
0.5465456156	0.4534543844	0.8663285549	0.7226208374
0.5475465966	0.4524534034	0.867079576	0.72186499
0.5485475776	0.4514524224	0.8678277229	0.7211104298
0.5495485586	0.4504514414	0.8685730016	0.7203571551
0.5505495395	0.4494504605	0.8693154181	0.719605164
0.5515505205	0.4484494795	0.8700549783	0.7188544547
0.5525515015	0.4474484985	0.8707916881	0.7181050253
0.5535524825	0.4464475175	0.8715255536	0.7173568739
0.5545534635	0.4454465365	0.8722565807	0.7166099987
0.5555544444	0.4444455556	0.8729847755	0.7158643978
0.5565554254	0.4434445746	0.873710144	0.7151200694
0.5575564064	0.4424435936	0.8744326921	0.7143770115
0.5585573874	0.4414426126	0.875152426	0.7136352222
0.5595583684	0.4404416316	0.8758693517	0.7128946997
0.5605593493	0.4394406507	0.8765834752	0.712155442
0.5615603303	0.4384396697	0.8772948026	0.7114174472
0.5625613113	0.4374386887	0.87800334	0.7106807134
0.5635622923	0.4364377077	0.8787090935	0.7099452386
0.5645632733	0.4354367267	0.8794120691	0.709211021
0.5655642543	0.4344357457	0.880112273	0.7084780585
0.5665652352	0.4334347648	0.8808097113	0.7077463493
0.5675662162	0.4324337838	0.8815043901	0.7070158913
0.5685671972	0.4314328028	0.8821963155	0.7062866826
0.5695681782	0.4304318218	0.8828854937	0.7055587213
0.5705691592	0.4294308408	0.8835719308	0.7048320053
0.5715701401	0.4284298599	0.884255633	0.7041065327
0.5725711211	0.4274288789	0.8849366063	0.7033823015
0.5735721021	0.4264278979	0.885614857	0.7026593097
0.5745730831	0.4254269169	0.8862903913	0.7019375553
0.5755740641	0.4244259359	0.8869632153	0.7012170364
0.576575045	0.423424955	0.8876333351	0.7004977508
0.577576026	0.422423974	0.888300757	0.6997796967
0.578577007	0.421422993	0.8889654872	0.6990628719
0.579577988	0.420422012	0.8896275318	0.6983472745
0.580578969	0.419421031	0.8902868971	0.6976329025
0.5815799499	0.4184200501	0.8909435892	0.6969197538
0.5825809309	0.4174190691	0.8915976144	0.6962078264
0.5835819119	0.4164180881	0.8922489789	0.6954971182
0.5845828929	0.4154171071	0.8928976888	0.6947876273
0.5855838739	0.4144161261	0.8935437504	0.6940793515
0.5865848549	0.4134151451	0.89418717	0.6933722889
0.5875858358	0.4124141642	0.8948279537	0.6926664374
0.5885868168	0.4114131832	0.8954661077	0.6919617949
0.5895877978	0.4104122022	0.8961016383	0.6912583594
0.5905887788	0.4094112212	0.8967345518	0.6905561288
0.5915897598	0.4084102402	0.8973648543	0.6898551011
0.5925907407	0.4074092593	0.897992552	0.6891552741
0.5935917217	0.4064082783	0.8986176513	0.6884566459
0.5945927027	0.4054072973	0.8992401584	0.6877592144
0.5955936837	0.4044063163	0.8998600794	0.6870629774
0.5965946647	0.4034053353	0.9004774207	0.686367933
0.5975956456	0.4024043544	0.9010921884	0.6856740789
0.5985966266	0.4014033734	0.9017043889	0.6849814133
0.5995976076	0.4004023924	0.9023140283	0.6842899339
0.6005985886	0.3994014114	0.9029211128	0.6835996387
0.6015995696	0.3984004304	0.9035256488	0.6829105256
0.6026005506	0.3973994494	0.9041276425	0.6822225925
0.6036015315	0.3963984685	0.9047271001	0.6815358373
0.6046025125	0.3953974875	0.9053240278	0.680850258
0.6056034935	0.3943965065	0.9059184319	0.6801658523
0.6066044745	0.3933955255	0.9065103186	0.6794826184
0.6076054555	0.3923945445	0.9070996941	0.6788005539
0.6086064364	0.3913935636	0.9076865648	0.6781196569
0.6096074174	0.3903925826	0.9082709368	0.6774399253
0.6106083984	0.3893916016	0.9088528163	0.6767613569
0.6116093794	0.3883906206	0.9094322096	0.6760839496
0.6126103604	0.3873896396	0.9100091229	0.6754077014
0.6136113413	0.3863886587	0.9105835624	0.6747326101
0.6146123223	0.3853876777	0.9111555345	0.6740586736
0.6156133033	0.3843866967	0.9117250451	0.6733858898
0.6166142843	0.3833857157	0.9122921007	0.6727142566
0.6176152653	0.3823847347	0.9128567074	0.672043772
0.6186162462	0.3813837538	0.9134188714	0.6713744337
0.6196172272	0.3803827728	0.913978599	0.6707062397
0.6206182082	0.3793817918	0.9145358963	0.6700391879
0.6216191892	0.3783808108	0.9150907695	0.6693732762
0.6226201702	0.3773798298	0.9156432249	0.6687085024
0.6236211512	0.3763788488	0.9161932686	0.6680448644
0.6246221321	0.3753778679	0.9167409068	0.6673823601
0.6256231131	0.3743768869	0.9172861458	0.6667209875
0.6266240941	0.3733759059	0.9178289917	0.6660607444
0.6276250751	0.3723749249	0.9183694506	0.6654016286
0.6286260561	0.3713739439	0.9189075288	0.6647436382
0.629627037	0.370372963	0.9194432324	0.6640867709
0.630628018	0.369371982	0.9199765677	0.6634310246
0.631628999	0.368371001	0.9205075406	0.6627763973
0.63262998	0.36737002	0.9210361575	0.6621228868
0.633630961	0.366369039	0.9215624245	0.661470491
0.6346319419	0.3653680581	0.9220863476	0.6608192078
0.6356329229	0.3643670771	0.9226079332	0.6601690352
0.6366339039	0.3633660961	0.9231271872	0.6595199709
0.6376348849	0.3623651151	0.9236441158	0.6588720128
0.6386358659	0.3613641341	0.9241587251	0.6582251589
0.6396368468	0.3603631532	0.9246710214	0.6575794071
0.6406378278	0.3593621722	0.9251810106	0.6569347553
0.6416388088	0.3583611912	0.9256886989	0.6562912012
0.6426397898	0.3573602102	0.9261940923	0.6556487429
0.6436407708	0.3563592292	0.9266971971	0.6550073782
0.6446417518	0.3553582482	0.9271980192	0.6543671051
0.6456427327	0.3543572673	0.9276965648	0.6537279213
0.6466437137	0.3533562863	0.9281928399	0.6530898249
0.6476446947	0.3523553053	0.9286868507	0.6524528136
0.6486456757	0.3513543243	0.929178603	0.6518168855
0.6496466567	0.3503533433	0.9296681031	0.6511820384
0.6506476376	0.3493523624	0.930155357	0.6505482702
0.6516486186	0.3483513814	0.9306403707	0.6499155788
0.6526495996	0.3473504004	0.9311231503	0.6492839621
0.6536505806	0.3463494194	0.9316037017	0.648653418
0.6546515616	0.3453484384	0.932082031	0.6480239445
0.6556525425	0.3443474575	0.9325581442	0.6473955393
0.6566535235	0.3433464765	0.9330320474	0.6467682006
0.6576545045	0.3423454955	0.9335037465	0.646141926
0.6586554855	0.3413445145	0.9339732474	0.6455167137
0.6596564665	0.3403435335	0.9344405563	0.6448925614
0.6606574474	0.3393425526	0.9349056791	0.6442694671
0.6616584284	0.3383415716	0.9353686217	0.6436474287
0.6626594094	0.3373405906	0.9358293901	0.6430264441
0.6636603904	0.3363396096	0.9362879903	0.6424065112
0.6646613714	0.3353386286	0.9367444281	0.6417876281
0.6656623524	0.3343376476	0.9371987096	0.6411697925
0.6666633333	0.3333366667	0.9376508407	0.6405530024
0.6676643143	0.3323356857	0.9381008272	0.6399372558
0.6686652953	0.3313347047	0.9385486752	0.6393225505
0.6696662763	0.3303337237	0.9389943904	0.6387088846
0.6706672573	0.3293327427	0.9394379788	0.6380962559
0.6716682382	0.3283317618	0.9398794464	0.6374846623
0.6726692192	0.3273307808	0.9403187988	0.6368741018
0.6736702002	0.3263297998	0.9407560421	0.6362645724
0.6746711812	0.3253288188	0.9411911821	0.635656072
0.6756721622	0.3243278378	0.9416242246	0.6350485985
0.6766731431	0.3233268569	0.9420551755	0.6344421498
0.6776741241	0.3223258759	0.9424840406	0.633836724
0.6786751051	0.3213248949	0.9429108258	0.6332323189
0.6796760861	0.3203239139	0.9433355368	0.6326289326
0.6806770671	0.3193229329	0.9437581794	0.6320265629
0.681678048	0.318321952	0.9441787596	0.6314252078
0.682679029	0.317320971	0.9445972829	0.6308248653
0.68368001	0.31631999	0.9450137553	0.6302255334
0.684680991	0.315319009	0.9454281824	0.62962721
0.685681972	0.314318028	0.9458405701	0.629029893
0.686682953	0.313317047	0.9462509241	0.6284335805
0.6876839339	0.3123160661	0.9466592502	0.6278382704
0.6886849149	0.3113150851	0.947065554	0.6272439607
0.6896858959	0.3103141041	0.9474698413	0.6266506493
0.6906868769	0.3093131231	0.9478721178	0.6260583342
0.6916878579	0.3083121421	0.9482723892	0.6254670135
0.6926888388	0.3073111612	0.9486706611	0.6248766851
0.6936898198	0.3063101802	0.9490669394	0.6242873469
0.6946908008	0.3053091992	0.9494612296	0.623698997
0.6956917818	0.3043082182	0.9498535374	0.6231116334
0.6966927628	0.3033072372	0.9502438684	0.622525254
0.6976937437	0.3023062563	0.9506322284	0.6219398569
0.6986947247	0.3013052753	0.9510186229	0.62135544
0.6996957057	0.3003042943	0.9514030575	0.6207720014
0.7006966867	0.2993033133	0.9517855379	0.620189539
0.7016976677	0.2983023323	0.9521660697	0.6196080509
0.7026986486	0.2973013514	0.9525446584	0.619027535
0.7036996296	0.2963003704	0.9529213096	0.6184479894
0.7047006106	0.2952993894	0.953296029	0.6178694121
0.7057015916	0.2942984084	0.953668822	0.6172918011
0.7067025726	0.2932974274	0.9540396942	0.6167151545
0.7077035536	0.2922964464	0.9544086512	0.6161394702
0.7087045345	0.2912954655	0.9547756985	0.6155647463
0.7097055155	0.2902944845	0.9551408415	0.6149909807
0.7107064965	0.2892935035	0.9555040859	0.6144181717
0.7117074775	0.2882925225	0.955865437	0.6138463171
0.7127084585	0.2872915415	0.9562249005	0.613275415
0.7137094394	0.2862905606	0.9565824817	0.6127054634
0.7147104204	0.2852895796	0.9569381861	0.6121364605
0.7157114014	0.2842885986	0.9572920192	0.6115684042
0.7167123824	0.2832876176	0.9576439865	0.6110012926
0.7177133634	0.2822866366	0.9579940933	0.6104351237
0.7187143443	0.2812856557	0.958342345	0.6098698957
0.7197153253	0.2802846747	0.9586887472	0.6093056065
0.7207163063	0.2792836937	0.9590333052	0.6087422542
0.7217172873	0.2782827127	0.9593760243	0.6081798369
0.7227182683	0.2772817317	0.95971691	0.6076183527
0.7237192492	0.2762807508	0.9600559676	0.6070577996
0.7247202302	0.2752797698	0.9603932024	0.6064981757
0.7257212112	0.2742787888	0.9607286199	0.6059394791
0.7267221922	0.2732778078	0.9610622254	0.6053817078
0.7277231732	0.2722768268	0.9613940241	0.60482486
0.7287241542	0.2712758458	0.9617240215	0.6042689337
0.7297251351	0.2702748649	0.9620522227	0.603713927
0.7307261161	0.2692738839	0.9623786331	0.6031598381
0.7317270971	0.2682729029	0.962703258	0.6026066649
0.7327280781	0.2672719219	0.9630261026	0.6020544057
0.7337290591	0.2662709409	0.9633471722	0.6015030584
0.73473004	0.26526996	0.963666472	0.6009526213
0.735731021	0.264268979	0.9639840073	0.6004030924
0.736732002	0.263267998	0.9642997832	0.5998544699
0.737732983	0.262267017	0.9646138051	0.5993067518
0.738733964	0.261266036	0.9649260781	0.5987599363
0.7397349449	0.2602650551	0.9652366073	0.5982140215
0.7407359259	0.2592640741	0.9655453981	0.5976690055
0.7417369069	0.2582630931	0.9658524554	0.5971248864
0.7427378879	0.2572621121	0.9661577846	0.5965816625
0.7437388689	0.2562611311	0.9664613907	0.5960393317
0.7447398498	0.2552601502	0.9667632788	0.5954978923
0.7457408308	0.2542591692	0.9670634541	0.5949573424
0.7467418118	0.2532581882	0.9673619218	0.5944176802
0.7477427928	0.2522572072	0.9676586868	0.5938789037
0.7487437738	0.2512562262	0.9679537543	0.5933410112
0.7497447548	0.2502552452	0.9682471294	0.5928040008
0.7507457357	0.2492542643	0.9685388171	0.5922678707
0.7517467167	0.2482532833	0.9688288224	0.5917326189
0.7527476977	0.2472523023	0.9691171505	0.5911982438
0.7537486787	0.2462513213	0.9694038064	0.5906647434
0.7547496597	0.2452503403	0.969688795	0.590132116
0.7557506406	0.2442493594	0.9699721213	0.5896003596
0.7567516216	0.2432483784	0.9702537905	0.5890694726
0.7577526026	0.2422473974	0.9705338074	0.588539453
0.7587535836	0.2412464164	0.970812177	0.588010299
0.7597545646	0.2402454354	0.9710889043	0.5874820089
0.7607555455	0.2392444545	0.9713639943	0.5869545808
0.7617565265	0.2382434735	0.9716374518	0.586428013
0.7627575075	0.2372424925	0.9719092819	0.5859023036
0.7637584885	0.2362415115	0.9721794893	0.5853774508
0.7647594695	0.2352405305	0.9724480791	0.5848534529
0.7657604505	0.2342395495	0.9727150561	0.584330308
0.7667614314	0.2332385686	0.9729804252	0.5838080144
0.7677624124	0.2322375876	0.9732441913	0.5832865702
0.7687633934	0.2312366066	0.9735063592	0.5827659738
0.7697643744	0.2302356256	0.9737669338	0.5822462233
0.7707653554	0.2292346446	0.9740259199	0.5817273169
0.7717663363	0.2282336637	0.9742833223	0.5812092529
0.7727673173	0.2272326827	0.9745391459	0.5806920296
0.7737682983	0.2262317017	0.9747933954	0.580175645
0.7747692793	0.2252307207	0.9750460756	0.5796600976
0.7757702603	0.2242297397	0.9752971914	0.5791453855
0.7767712412	0.2232287588	0.9755467474	0.578631507
0.7777722222	0.2222277778	0.9757947485	0.5781184604
0.7787732032	0.2212267968	0.9760411994	0.5776062438
0.7797741842	0.2202258158	0.9762861047	0.5770948556
0.7807751652	0.2192248348	0.9765294693	0.576584294
0.7817761461	0.2182238539	0.9767712978	0.5760745572
0.7827771271	0.2172228729	0.977011595	0.5755656437
0.7837781081	0.2162218919	0.9772503655	0.5750575515
0.7847790891	0.2152209109	0.977487614	0.574550279
0.7857800701	0.2142199299	0.9777233451	0.5740438246
0.7867810511	0.2132189489	0.9779575636	0.5735381863
0.787782032	0.212217968	0.978190274	0.5730333626
0.788783013	0.211216987	0.978421481	0.5725293518
0.789783994	0.210216006	0.9786511892	0.572026152
0.790784975	0.209215025	0.9788794032	0.5715237617
0.791785956	0.208214044	0.9791061275	0.5710221791
0.7927869369	0.2072130631	0.9793313669	0.5705214026
0.7937879179	0.2062120821	0.9795551258	0.5700214304
0.7947888989	0.2052111011	0.9797774088	0.5695222608
0.7957898799	0.2042101201	0.9799982205	0.5690238922
0.7967908609	0.2032091391	0.9802175654	0.5685263228
0.7977918418	0.2022081582	0.980435448	0.5680295511
0.7987928228	0.2012071772	0.9806518728	0.5675335752
0.7997938038	0.2002061962	0.9808668444	0.5670383937
0.8007947848	0.1992052152	0.9810803672	0.5665440047
0.8017957658	0.1982042342	0.9812924457	0.5660504066
0.8027967467	0.1972032533	0.9815030843	0.5655575978
0.8037977277	0.1962022723	0.9817122877	0.5650655766
0.8047987087	0.1952012913	0.9819200601	0.5645743413
0.8057996897	0.1942003103	0.982126406	0.5640838903
0.8068006707	0.1931993293	0.9823313298	0.563594222
0.8078016517	0.1921983483	0.982534836	0.5631053346
0.8088026326	0.1911973674	0.982736929	0.5626172266
0.8098036136	0.1901963864	0.9829376131	0.5621298964
0.8108045946	0.1891954054	0.9831368927	0.5616433422
0.8118055756	0.1881944244	0.9833347722	0.5611575625
0.8128065566	0.1871934434	0.9835312559	0.5606725557
0.8138075375	0.1861924625	0.9837263482	0.56018832
0.8148085185	0.1851914815	0.9839200535	0.5597048539
0.8158094995	0.1841905005	0.9841123759	0.5592221558
0.8168104805	0.1831895195	0.98430332	0.5587402241
0.8178114615	0.1821885385	0.9844928898	0.5582590571
0.8188124424	0.1811875576	0.9846810898	0.5577786533
0.8198134234	0.1801865766	0.9848679243	0.557299011
0.8208144044	0.1791855956	0.9850533974	0.5568201287
0.8218153854	0.1781846146	0.9852375134	0.5563420047
0.8228163664	0.1771836336	0.9854202766	0.5558646374
0.8238173473	0.1761826527	0.9856016913	0.5553880254
0.8248183283	0.1751816717	0.9857817615	0.5549121669
0.8258193093	0.1741806907	0.9859604916	0.5544370604
0.8268202903	0.1731797097	0.9861378858	0.5539627044
0.8278212713	0.1721787287	0.9863139481	0.5534890972
0.8288222523	0.1711777477	0.9864886829	0.5530162373
0.8298232332	0.1701767668	0.9866620942	0.5525441231
0.8308242142	0.1691757858	0.9868341863	0.552072753
0.8318251952	0.1681748048	0.9870049632	0.5516021255
0.8328261762	0.1671738238	0.9871744291	0.5511322391
0.8338271572	0.1661728428	0.9873425882	0.5506630921
0.8348281381	0.1651718619	0.9875094444	0.5501946831
0.8358291191	0.1641708809	0.987675002	0.5497270104
0.8368301001	0.1631698999	0.9878392651	0.5492600726
0.8378310811	0.1621689189	0.9880022376	0.5487938681
0.8388320621	0.1611679379	0.9881639237	0.5483283953
0.839833043	0.160166957	0.9883243274	0.5478636527
0.840834024	0.159165976	0.9884834528	0.5473996389
0.841835005	0.158164995	0.9886413038	0.5469363522
0.842835986	0.157164014	0.9887978846	0.5464737911
0.843836967	0.156163033	0.9889531991	0.5460119542
0.8448379479	0.1551620521	0.9891072514	0.5455508398
0.8458389289	0.1541610711	0.9892600454	0.5450904466
0.8468399099	0.1531600901	0.9894115851	0.544630773
0.8478408909	0.1521591091	0.9895618744	0.5441718174
0.8488418719	0.1511581281	0.9897109174	0.5437135784
0.8498428529	0.1501571471	0.989858718	0.5432560545
0.8508438338	0.1491561662	0.9900052801	0.5427992441
0.8518448148	0.1481551852	0.9901506076	0.5423431458
0.8528457958	0.1471542042	0.9902947045	0.5418877582
0.8538467768	0.1461532232	0.9904375746	0.5414330796
0.8548477578	0.1451522422	0.9905792219	0.5409791087
0.8558487387	0.1441512613	0.9907196503	0.5405258439
0.8568497197	0.1431502803	0.9908588635	0.5400732838
0.8578507007	0.1421492993	0.9909968656	0.5396214268
0.8588516817	0.1411483183	0.9911336602	0.5391702717
0.8598526627	0.1401473373	0.9912692513	0.5387198167
0.8608536436	0.1391463564	0.9914036427	0.5382700606
0.8618546246	0.1381453754	0.9915368383	0.5378210018
0.8628556056	0.1371443944	0.9916688417	0.5373726389
0.8638565866	0.1361434134	0.9917996569	0.5369249704
0.8648575676	0.1351424324	0.9919292876	0.5364779949
0.8658585485	0.1341414515	0.9920577376	0.5360317109
0.8668595295	0.1331404705	0.9921850106	0.535586117
0.8678605105	0.1321394895	0.9923111104	0.5351412118
0.8688614915	0.1311385085	0.9924360408	0.5346969938
0.8698624725	0.1301375275	0.9925598055	0.5342534616
0.8708634535	0.1291365465	0.9926824082	0.5338106137
0.8718644344	0.1281355656	0.9928038527	0.5333684487
0.8728654154	0.1271345846	0.9929241426	0.5329269652
0.8738663964	0.1261336036	0.9930432816	0.5324861619
0.8748673774	0.1251326226	0.9931612734	0.5320460371
0.8758683584	0.1241316416	0.9932781218	0.5316065897
0.8768693393	0.1231306607	0.9933938303	0.5311678181
0.8778703203	0.1221296797	0.9935084026	0.5307297209
0.8788713013	0.1211286987	0.9936218423	0.5302922967
0.8798722823	0.1201277177	0.9937341532	0.5298555442
0.8808732633	0.1191267367	0.9938453387	0.5294194618
0.8818742442	0.1181257558	0.9939554026	0.5289840484
0.8828752252	0.1171247748	0.9940643484	0.5285493023
0.8838762062	0.1161237938	0.9941721797	0.5281152224
0.8848771872	0.1151228128	0.9942789001	0.5276818071
0.8858781682	0.1141218318	0.9943845132	0.5272490551
0.8868791491	0.1131208509	0.9944890225	0.526816965
0.8878801301	0.1121198699	0.9945924316	0.5263855354
0.8888811111	0.1111188889	0.994694744	0.525954765
0.8898820921	0.1101179079	0.9947959633	0.5255246524
0.8908830731	0.1091169269	0.9948960929	0.5250951963
0.8918840541	0.1081159459	0.9949951365	0.5246663952
0.892885035	0.107114965	0.9950930974	0.5242382478
0.893886016	0.106113984	0.9951899792	0.5238107528
0.894886997	0.105113003	0.9952857854	0.5233839087
0.895887978	0.104112022	0.9953805195	0.5229577143
0.896888959	0.103111041	0.9954741848	0.5225321683
0.8978899399	0.1021100601	0.9955667849	0.5221072692
0.8988909209	0.1011090791	0.9956583232	0.5216830157
0.8998919019	0.1001080981	0.9957488031	0.5212594065
0.9008928829	0.09910711712	0.995838228	0.5208364402
0.9018938639	0.09810613614	0.9959266015	0.5204141155
0.9028948448	0.09710515516	0.9960139268	0.5199924312
0.9038958258	0.09610417417	0.9961002074	0.5195713858
0.9048968068	0.09510319319	0.9961854466	0.5191509781
0.9058977878	0.09410221221	0.9962696478	0.5187312066
0.9068987688	0.09310123123	0.9963528144	0.5183120702
0.9078997497	0.09210025025	0.9964349498	0.5178935675
0.9089007307	0.09109926927	0.9965160573	0.5174756972
0.9099017117	0.09009828829	0.9965961402	0.517058458
0.9109026927	0.08909730731	0.9966752018	0.5166418485
0.9119036737	0.08809632633	0.9967532455	0.5162258675
0.9129046547	0.08709534535	0.9968302746	0.5158105137
0.9139056356	0.08609436436	0.9969062923	0.5153957858
0.9149066166	0.08509338338	0.996981302	0.5149816825
0.9159075976	0.0840924024	0.9970553069	0.5145682025
0.9169085786	0.08309142142	0.9971283104	0.5141553445
0.9179095596	0.08209044044	0.9972003156	0.5137431072
0.9189105405	0.08108945946	0.9972713258	0.5133314894
0.9199115215	0.08008847848	0.9973413443	0.5129204898
0.9209125025	0.0790874975	0.9974103743	0.5125101071
0.9219134835	0.07808651652	0.997478419	0.5121003401
0.9229144645	0.07708553554	0.9975454816	0.5116911874
0.9239154454	0.07608455455	0.9976115654	0.5112826478
0.9249164264	0.07508357357	0.9976766735	0.5108747201
0.9259174074	0.07408259259	0.997740809	0.510467403
0.9269183884	0.07308161161	0.9978039753	0.5100606952
0.9279193694	0.07208063063	0.9978661754	0.5096545955
0.9289203504	0.07107964965	0.9979274126	0.5092491026
0.9299213313	0.07007866867	0.9979876898	0.5088442153
0.9309223123	0.06907768769	0.9980470104	0.5084399324
0.9319232933	0.06807670671	0.9981053774	0.5080362526
0.9329242743	0.06707572573	0.998162794	0.5076331746
0.9339252553	0.06607474474	0.9982192632	0.5072306973
0.9349262362	0.06507376376	0.9982747882	0.5068288194
0.9359272172	0.06407278278	0.998329372	0.5064275396
0.9369281982	0.0630718018	0.9983830178	0.5060268568
0.9379291792	0.06207082082	0.9984357285	0.5056267698
0.9389301602	0.06106983984	0.9984875074	0.5052272772
0.9399311411	0.06006885886	0.9985383574	0.5048283779
0.9409321221	0.05906787788	0.9985882816	0.5044300707
0.9419331031	0.0580668969	0.998637283	0.5040323543
0.9429340841	0.05706591592	0.9986853647	0.5036352276
0.9439350651	0.05606493493	0.9987325296	0.5032386894
0.944936046	0.05506395395	0.9987787809	0.5028427384
0.945937027	0.05406297297	0.9988241214	0.5024473734
0.946938008	0.05306199199	0.9988685543	0.5020525933
0.947938989	0.05206101101	0.9989120824	0.5016583968
0.94893997	0.05106003003	0.9989547088	0.5012647828
0.949940951	0.05005904905	0.9989964364	0.5008717501
0.9509419319	0.04905806807	0.9990372681	0.5004792975
0.9519429129	0.04805708709	0.9990772071	0.5000874238
0.9529438939	0.04705610611	0.9991162561	0.4996961277
0.9539448749	0.04605512513	0.9991544181	0.4993054083
0.9549458559	0.04505414414	0.9991916961	0.4989152642
0.9559468368	0.04405316316	0.9992280929	0.4985256943
0.9569478178	0.04305218218	0.9992636115	0.4981366975
0.9579487988	0.0420512012	0.9992982547	0.4977482725
0.9589497798	0.04105022022	0.9993320255	0.4973604182
0.9599507608	0.04004923924	0.9993649268	0.4969731334
0.9609517417	0.03904825826	0.9993969613	0.4965864171
0.9619527227	0.03804727728	0.9994281321	0.496200268
0.9629537037	0.0370462963	0.9994584419	0.4958146849
0.9639546847	0.03604531532	0.9994878935	0.4954296668
0.9649556657	0.03504433433	0.9995164899	0.4950452124
0.9659566466	0.03404335335	0.9995442339	0.4946613207
0.9669576276	0.03304237237	0.9995711282	0.4942779905
0.9679586086	0.03204139139	0.9995971757	0.4938952206
0.9689595896	0.03104041041	0.9996223792	0.49351301
0.9699605706	0.03003942943	0.9996467416	0.4931313574
0.9709615516	0.02903844845	0.9996702655	0.4927502618
0.9719625325	0.02803746747	0.9996929538	0.492369722
0.9729635135	0.02703648649	0.9997148093	0.491989737
0.9739644945	0.02603550551	0.9997358346	0.4916103055
0.9749654755	0.02503452452	0.9997560326	0.4912314264
0.9759664565	0.02403354354	0.9997754061	0.4908530988
0.9769674374	0.02303256256	0.9997939577	0.4904753213
0.9779684184	0.02203158158	0.9998116902	0.4900980929
0.9789693994	0.0210306006	0.9998286063	0.4897214126
0.9799703804	0.02002961962	0.9998447088	0.4893452792
0.9809713614	0.01902863864	0.9998600003	0.4889696915
0.9819723423	0.01802765766	0.9998744835	0.4885946486
0.9829733233	0.01702667668	0.9998881612	0.4882201492
0.9839743043	0.0160256957	0.999901036	0.4878461924
0.9849752853	0.01502471471	0.9999131105	0.4874727769
0.9859762663	0.01402373373	0.9999243876	0.4870999018
0.9869772472	0.01302275275	0.9999348697	0.4867275659
0.9879782282	0.01202177177	0.9999445597	0.4863557681
0.9889792092	0.01102079079	0.99995346	0.4859845074
0.9899801902	0.01001980981	0.9999615735	0.4856137827
0.9909811712	0.009018828829	0.9999689025	0.4852435929
0.9919821522	0.008017847848	0.9999754499	0.4848739369
0.9929831331	0.007016866867	0.9999812183	0.4845048136
0.9939841141	0.006015885886	0.9999862101	0.484136222
0.9949850951	0.005014904905	0.9999904281	0.4837681611
0.9959860761	0.004013923924	0.9999938747	0.4834006297
0.9969870571	0.003012942943	0.9999965527	0.4830336268
0.997988038	0.002011961962	0.9999984645	0.4826671513
0.998989019	0.001010980981	0.9999996127	0.4823012022
0.99999	1e-05	1	0.4819357783
