1e-05	0.99999	1.203775311	1.000000004
0.001010980981	0.998989019	1.117656949	1.000037629
0.002011961962	0.997988038	1.041265604	1.000144535
0.003012942943	0.9969870571	0.973260562	1.000314433
0.004013923924	0.9959860761	0.9125163455	1.000541507
0.005014904905	0.9949850951	0.8580838075	1.000820375
0.006015885886	0.9939841141	0.8091589758	1.001146055
0.007016866867	0.9929831331	0.7650579748	1.001513926
0.008017847848	0.9919821522	0.7251967329	1.001919707
0.009018828829	0.9909811712	0.6890744843	1.002359422
0.01001980981	0.9899801902	0.6562602898	1.002829381
0.01102079079	0.9889792092	0.626381977	1.003326154
0.01202177177	0.9879782282	0.5991170236	1.003846556
0.01302275275	0.9869772472	0.5741850128	1.004387623
0.01402373373	0.9859762663	0.5513413638	1.0049466
0.01502471471	0.9849752853	0.5303721009	1.005520922
0.0160256957	0.9839743043	0.5110894746	1.006108204
0.01702667668	0.9829733233	0.4933282806	1.006706225
0.01802765766	0.9819723423	0.4769427565	1.007312917
0.01902863864	0.9809713614	0.4618039553	1.007926356
0.02002961962	0.9799703804	0.4477975163	1.008544751
0.0210306006	0.9789693994	0.4348217664	1.009166432
0.02203158158	0.9779684184	0.4227860991	1.009789847
0.02303256256	0.9769674374	0.4116095847	1.010413552
0.02403354354	0.9759664565	0.4012197776	1.0110362
0.02503452452	0.9749654755	0.3915516879	1.011656542
0.02603550551	0.9739644945	0.3825468939	1.012273414
0.02703648649	0.9729635135	0.3741527725	1.012885735
0.02803746747	0.9719625325	0.3663218321	1.013492499
0.02903844845	0.9709615516	0.3590111317	1.014092775
0.03003942943	0.9699605706	0.352181774	1.014685696
0.03104041041	0.9689595896	0.3457984622	1.015270461
0.03204139139	0.9679586086	0.3398291119	1.015846325
0.03304237237	0.9669576276	0.3342445105	1.016412601
0.03404335335	0.9659566466	0.3290180165	1.016968653
0.03504433433	0.9649556657	0.3241252957	1.017513893
0.03604531532	0.9639546847	0.3195440872	1.018047781
0.0370462963	0.9629537037	0.3152539964	1.018569817
0.03804727728	0.9619527227	0.3112363117	1.019079545
0.03904825826	0.9609517417	0.3074738416	1.019576544
0.04004923924	0.9599507608	0.3039507693	1.020060429
0.04105022022	0.9589497798	0.3006525238	1.020530852
0.0420512012	0.9579487988	0.297565664	1.020987491
0.04305218218	0.9569478178	0.2946777755	1.021430059
0.04405316316	0.9559468368	0.2919773783	1.021858294
0.04505414414	0.9549458559	0.2894538433	1.022271959
0.04605512513	0.9539448749	0.2870973178	1.022670846
0.04705610611	0.9529438939	0.2848986584	1.023054767
0.04805708709	0.9519429129	0.2828493704	1.023423556
0.04905806807	0.9509419319	0.2809415532	1.023777068
0.05005904905	0.949940951	0.2791678507	1.024115179
0.05106003003	0.94893997	0.2775214069	1.02443778
0.05206101101	0.947938989	0.2759958249	1.024744782
0.05306199199	0.946938008	0.2745851307	1.025036111
0.05406297297	0.945937027	0.2732837395	1.025311708
0.05506395395	0.944936046	0.2720864253	1.025571528
0.05606493493	0.9439350651	0.2709882934	1.025815539
0.05706591592	0.9429340841	0.269984755	1.026043724
0.0580668969	0.9419331031	0.2690715042	1.026256075
0.05906787788	0.9409321221	0.2682444973	1.026452596
0.06006885886	0.9399311411	0.2674999331	1.026633302
0.06106983984	0.9389301602	0.2668342353	1.026798218
0.06207082082	0.9379291792	0.2662440368	1.026947376
0.0630718018	0.9369281982	0.2657261645	1.027080819
0.06407278278	0.9359272172	0.2652776258	1.027198597
0.06507376376	0.9349262362	0.2648955959	1.027300768
0.06607474474	0.9339252553	0.2645774067	1.027387397
0.06707572573	0.9329242743	0.2643205357	1.027458554
0.06807670671	0.9319232933	0.2641225966	1.027514318
0.06907768769	0.9309223123	0.2639813301	1.027554772
0.07007866867	0.9299213313	0.2638945956	1.027580004
0.07107964965	0.9289203504	0.2638603634	1.027590107
0.07208063063	0.9279193694	0.2638767077	1.027585181
0.07308161161	0.9269183884	0.2639418001	1.027565328
0.07408259259	0.9259174074	0.264053903	1.027530654
0.07508357357	0.9249164264	0.2642113646	1.02748127
0.07608455455	0.9239154454	0.2644126132	1.027417289
0.07708553554	0.9229144645	0.2646561522	1.027338828
0.07808651652	0.9219134835	0.2649405561	1.027246008
0.0790874975	0.9209125025	0.2652644657	1.02713895
0.08008847848	0.9199115215	0.2656265845	1.02701778
0.08108945946	0.9189105405	0.2660256748	1.026882625
0.08209044044	0.9179095596	0.2664605546	1.026733613
0.08309142142	0.9169085786	0.2669300942	1.026570877
0.0840924024	0.9159075976	0.267433213	1.026394549
0.08509338338	0.9149066166	0.2679688774	1.026204763
0.08609436436	0.9139056356	0.2685360974	1.026001655
0.08709534535	0.9129046547	0.2691339248	1.025785361
0.08809632633	0.9119036737	0.2697614505	1.02555602
0.08909730731	0.9109026927	0.2704178027	1.02531377
0.09009828829	0.9099017117	0.2711021446	1.025058751
0.09109926927	0.9089007307	0.2718136729	1.024791103
0.09210025025	0.9078997497	0.2725516156	1.024510966
0.09310123123	0.9068987688	0.2733152308	1.024218482
0.09410221221	0.9058977878	0.2741038049	1.023913792
0.09510319319	0.9048968068	0.274916651	1.023597037
0.09610417417	0.9038958258	0.2757531081	1.023268361
0.09710515516	0.9028948448	0.2766125391	1.022927904
0.09810613614	0.9018938639	0.2774943302	1.022575808
0.09910711712	0.9008928829	0.2783978894	1.022212215
0.1001080981	0.8998919019	0.2793226455	1.021837267
0.1011090791	0.8988909209	0.2802680473	1.021451104
0.1021100601	0.8978899399	0.2812335623	1.021053869
0.103111041	0.896888959	0.2822186761	1.0206457
0.104112022	0.895887978	0.2832228915	1.020226739
0.105113003	0.894886997	0.2842457273	1.019797125
0.106113984	0.893886016	0.2852867185	1.019356997
0.107114965	0.892885035	0.2863454143	1.018906494
0.1081159459	0.8918840541	0.2874213787	1.018445753
0.1091169269	0.8908830731	0.2885141888	1.017974912
0.1101179079	0.8898820921	0.2896234349	1.017494107
0.1111188889	0.8888811111	0.2907487198	1.017003474
0.1121198699	0.8878801301	0.2918896579	1.016503147
0.1131208509	0.8868791491	0.293045875	1.015993261
0.1141218318	0.8858781682	0.2942170078	1.01547395
0.1151228128	0.8848771872	0.2954027036	1.014945344
0.1161237938	0.8838762062	0.2966026193	1.014407577
0.1171247748	0.8828752252	0.2978164215	1.013860778
0.1181257558	0.8818742442	0.299043786	1.013305077
0.1191267367	0.8808732633	0.3002843973	1.012740603
0.1201277177	0.8798722823	0.3015379485	1.012167483
0.1211286987	0.8788713013	0.3028041406	1.011585844
0.1221296797	0.8778703203	0.3040826824	1.010995811
0.1231306607	0.8768693393	0.3053732902	1.010397509
0.1241316416	0.8758683584	0.3066756875	1.009791062
0.1251326226	0.8748673774	0.3079896046	1.009176593
0.1261336036	0.8738663964	0.3093147787	1.008554221
0.1271345846	0.8728654154	0.310650953	1.007924069
0.1281355656	0.8718644344	0.3119978772	1.007286254
0.1291365465	0.8708634535	0.3133553067	1.006640896
0.1301375275	0.8698624725	0.3147230027	1.005988111
0.1311385085	0.8688614915	0.3161007319	1.005328015
0.1321394895	0.8678605105	0.3174882663	1.004660723
0.1331404705	0.8668595295	0.3188853831	1.003986349
0.1341414515	0.8658585485	0.3202918642	1.003305005
0.1351424324	0.8648575676	0.3217074966	1.002616802
0.1361434134	0.8638565866	0.3231320717	1.001921852
0.1371443944	0.8628556056	0.3245653853	1.001220263
0.1381453754	0.8618546246	0.3260072377	1.000512144
0.1391463564	0.8608536436	0.3274574333	0.9997976013
0.1401473373	0.8598526627	0.3289157803	0.9990767407
0.1411483183	0.8588516817	0.3303820911	0.9983496672
0.1421492993	0.8578507007	0.3318561817	0.9976164844
0.1431502803	0.8568497197	0.3333378719	0.9968772948
0.1441512613	0.8558487387	0.3348269848	0.9961321999
0.1451522422	0.8548477578	0.3363233472	0.9953812999
0.1461532232	0.8538467768	0.337826789	0.9946246941
0.1471542042	0.8528457958	0.3393371435	0.9938624805
0.1481551852	0.8518448148	0.3408542469	0.9930947562
0.1491561662	0.8508438338	0.3423779387	0.9923216171
0.1501571471	0.8498428529	0.3439080612	0.991543158
0.1511581281	0.8488418719	0.3454444595	0.9907594727
0.1521591091	0.8478408909	0.3469869817	0.9899706539
0.1531600901	0.8468399099	0.3485354784	0.9891767931
0.1541610711	0.8458389289	0.3500898029	0.988377981
0.1551620521	0.8448379479	0.3516498111	0.9875743071
0.156163033	0.843836967	0.3532153613	0.9867658597
0.157164014	0.842835986	0.3547863143	0.9859527264
0.158164995	0.841835005	0.3563625333	0.9851349934
0.159165976	0.840834024	0.3579438835	0.9843127462
0.160166957	0.839833043	0.3595302327	0.983486069
0.1611679379	0.8388320621	0.3611214508	0.9826550453
0.1621689189	0.8378310811	0.3627174096	0.9818197573
0.1631698999	0.8368301001	0.3643179833	0.9809802863
0.1641708809	0.8358291191	0.3659230479	0.9801367127
0.1651718619	0.8348281381	0.3675324814	0.9792891158
0.1661728428	0.8338271572	0.3691461638	0.9784375741
0.1671738238	0.8328261762	0.3707639769	0.9775821648
0.1681748048	0.8318251952	0.3723858044	0.9767229646
0.1691757858	0.8308242142	0.3740115317	0.9758600488
0.1701767668	0.8298232332	0.3756410462	0.9749934922
0.1711777477	0.8288222523	0.3772742368	0.9741233682
0.1721787287	0.8278212713	0.378910994	0.9732497497
0.1731797097	0.8268202903	0.3805512101	0.9723727085
0.1741806907	0.8258193093	0.3821947791	0.9714923154
0.1751816717	0.8248183283	0.3838415963	0.9706086405
0.1761826527	0.8238173473	0.3854915588	0.9697217528
0.1771836336	0.8228163664	0.3871445649	0.9688317207
0.1781846146	0.8218153854	0.3888005148	0.9679386115
0.1791855956	0.8208144044	0.3904593098	0.9670424916
0.1801865766	0.8198134234	0.3921208527	0.9661434268
0.1811875576	0.8188124424	0.3937850478	0.9652414818
0.1821885385	0.8178114615	0.3954518006	0.9643367207
0.1831895195	0.8168104805	0.3971210181	0.9634292065
0.1841905005	0.8158094995	0.3987926085	0.9625190015
0.1851914815	0.8148085185	0.4004664814	0.9616061674
0.1861924625	0.8138075375	0.4021425474	0.9606907647
0.1871934434	0.8128065566	0.4038207186	0.9597728535
0.1881944244	0.8118055756	0.4055009084	0.9588524928
0.1891954054	0.8108045946	0.407183031	0.9579297409
0.1901963864	0.8098036136	0.4088670021	0.9570046556
0.1911973674	0.8088026326	0.4105527386	0.9560772935
0.1921983483	0.8078016517	0.4122401582	0.9551477108
0.1931993293	0.8068006707	0.4139291801	0.9542159627
0.1942003103	0.8057996897	0.4156197243	0.9532821039
0.1952012913	0.8047987087	0.417311712	0.9523461882
0.1962022723	0.8037977277	0.4190050655	0.9514082688
0.1972032533	0.8027967467	0.4206997081	0.9504683981
0.1982042342	0.8017957658	0.4223955641	0.9495266278
0.1992052152	0.8007947848	0.4240925589	0.948583009
0.2002061962	0.7997938038	0.4257906187	0.947637592
0.2012071772	0.7987928228	0.4274896709	0.9466904264
0.2022081582	0.7977918418	0.4291896438	0.9457415612
0.2032091391	0.7967908609	0.4308904667	0.9447910449
0.2042101201	0.7957898799	0.4325920695	0.9438389249
0.2052111011	0.7947888989	0.4342943836	0.9428852485
0.2062120821	0.7937879179	0.4359973408	0.9419300619
0.2072130631	0.7927869369	0.437700874	0.9409734109
0.208214044	0.791785956	0.439404917	0.9400153406
0.209215025	0.790784975	0.4411094044	0.9390558955
0.210216006	0.789783994	0.4428142718	0.9380951195
0.211216987	0.788783013	0.4445194555	0.9371330559
0.212217968	0.787782032	0.4462248926	0.9361697474
0.2132189489	0.7867810511	0.4479305212	0.9352052361
0.2142199299	0.7857800701	0.44963628	0.9342395634
0.2152209109	0.7847790891	0.4513421087	0.9332727704
0.2162218919	0.7837781081	0.4530479477	0.9323048974
0.2172228729	0.7827771271	0.4547537381	0.9313359841
0.2182238539	0.7817761461	0.4564594218	0.93036607
0.2192248348	0.7807751652	0.4581649416	0.9293951935
0.2202258158	0.7797741842	0.459870241	0.928423393
0.2212267968	0.7787732032	0.461575264	0.9274507061
0.2222277778	0.7777722222	0.4632799556	0.9264771697
0.2232287588	0.7767712412	0.4649842616	0.9255028206
0.2242297397	0.7757702603	0.4666881281	0.9245276948
0.2252307207	0.7747692793	0.4683915022	0.9235518277
0.2262317017	0.7737682983	0.4700943317	0.9225752546
0.2272326827	0.7727673173	0.4717965651	0.9215980098
0.2282336637	0.7717663363	0.4734981513	0.9206201275
0.2292346446	0.7707653554	0.4751990403	0.9196416413
0.2302356256	0.7697643744	0.4768991823	0.9186625841
0.2312366066	0.7687633934	0.4785985286	0.9176829888
0.2322375876	0.7677624124	0.4802970307	0.9167028873
0.2332385686	0.7667614314	0.4819946411	0.9157223114
0.2342395495	0.7657604505	0.4836913128	0.9147412923
0.2352405305	0.7647594695	0.4853869994	0.9137598609
0.2362415115	0.7637584885	0.487081655	0.9127780474
0.2372424925	0.7627575075	0.4887752346	0.9117958818
0.2382434735	0.7617565265	0.4904676936	0.9108133935
0.2392444545	0.7607555455	0.492158988	0.9098306116
0.2402454354	0.7597545646	0.4938490743	0.9088475647
0.2412464164	0.7587535836	0.4955379099	0.907864281
0.2422473974	0.7577526026	0.4972254524	0.9068807882
0.2432483784	0.7567516216	0.4989116602	0.9058971139
0.2442493594	0.7557506406	0.5005964922	0.9049132849
0.2452503403	0.7547496597	0.5022799079	0.9039293278
0.2462513213	0.7537486787	0.5039618671	0.9029452689
0.2472523023	0.7527476977	0.5056423306	0.901961134
0.2482532833	0.7517467167	0.5073212592	0.9009769484
0.2492542643	0.7507457357	0.5089986147	0.8999927373
0.2502552452	0.7497447548	0.5106743592	0.8990085254
0.2512562262	0.7487437738	0.5123484552	0.8980243368
0.2522572072	0.7477427928	0.514020866	0.8970401957
0.2532581882	0.7467418118	0.5156915552	0.8960561256
0.2542591692	0.7457408308	0.517360487	0.8950721497
0.2552601502	0.7447398498	0.5190276261	0.8940882909
0.2562611311	0.7437388689	0.5206929375	0.8931045718
0.2572621121	0.7427378879	0.522356387	0.8921210146
0.2582630931	0.7417369069	0.5240179406	0.8911376412
0.2592640741	0.7407359259	0.525677565	0.8901544732
0.2602650551	0.7397349449	0.5273352271	0.8891715316
0.261266036	0.738733964	0.5289908946	0.8881888375
0.262267017	0.737732983	0.5306445354	0.8872064115
0.263267998	0.736732002	0.5322961179	0.8862242737
0.264268979	0.735731021	0.5339456111	0.8852424441
0.26526996	0.73473004	0.5355929842	0.8842609425
0.2662709409	0.7337290591	0.5372382071	0.8832797881
0.2672719219	0.7327280781	0.53888125	0.882299
0.2682729029	0.7317270971	0.5405220834	0.881318597
0.2692738839	0.7307261161	0.5421606786	0.8803385975
0.2702748649	0.7297251351	0.5437970069	0.8793590197
0.2712758458	0.7287241542	0.5454310403	0.8783798815
0.2722768268	0.7277231732	0.5470627511	0.8774012005
0.2732778078	0.7267221922	0.5486921121	0.876422994
0.2742787888	0.7257212112	0.5503190963	0.8754452792
0.2752797698	0.7247202302	0.5519436774	0.8744680729
0.2762807508	0.7237192492	0.5535658292	0.8734913915
0.2772817317	0.7227182683	0.5551855262	0.8725152514
0.2782827127	0.7217172873	0.5568027429	0.8715396685
0.2792836937	0.7207163063	0.5584174545	0.8705646587
0.2802846747	0.7197153253	0.5600296366	0.8695902375
0.2812856557	0.7187143443	0.5616392648	0.86861642
0.2822866366	0.7177133634	0.5632463156	0.8676432214
0.2832876176	0.7167123824	0.5648507655	0.8666706564
0.2842885986	0.7157114014	0.5664525913	0.8656987396
0.2852895796	0.7147104204	0.5680517706	0.8647274853
0.2862905606	0.7137094394	0.5696482809	0.8637569075
0.2872915415	0.7127084585	0.5712421003	0.8627870201
0.2882925225	0.7117074775	0.5728332072	0.8618178366
0.2892935035	0.7107064965	0.5744215802	0.8608493707
0.2902944845	0.7097055155	0.5760071986	0.8598816352
0.2912954655	0.7087045345	0.5775900416	0.8589146434
0.2922964464	0.7077035536	0.5791700891	0.8579484078
0.2932974274	0.7067025726	0.5807473211	0.856982941
0.2942984084	0.7057015916	0.582321718	0.8560182554
0.2952993894	0.7047006106	0.5838932605	0.8550543631
0.2963003704	0.7036996296	0.5854619298	0.854091276
0.2973013514	0.7026986486	0.5870277072	0.8531290057
0.2983023323	0.7016976677	0.5885905743	0.8521675639
0.2993033133	0.7006966867	0.5901505132	0.8512069618
0.3003042943	0.6996957057	0.5917075062	0.8502472106
0.3013052753	0.6986947247	0.5932615358	0.8492883212
0.3023062563	0.6976937437	0.5948125851	0.8483303044
0.3033072372	0.6966927628	0.5963606372	0.8473731707
0.3043082182	0.6956917818	0.5979056757	0.8464169306
0.3053091992	0.6946908008	0.5994476842	0.8454615941
0.3063101802	0.6936898198	0.600986647	0.8445071715
0.3073111612	0.6926888388	0.6025225484	0.8435536724
0.3083121421	0.6916878579	0.6040553731	0.8426011066
0.3093131231	0.6906868769	0.605585106	0.8416494836
0.3103141041	0.6896858959	0.6071117323	0.8406988128
0.3113150851	0.6886849149	0.6086352375	0.8397491032
0.3123160661	0.6876839339	0.6101556075	0.838800364
0.313317047	0.686682953	0.6116728281	0.837852604
0.314318028	0.685681972	0.6131868858	0.8369058318
0.315319009	0.684680991	0.6146977671	0.835960056
0.31631999	0.68368001	0.6162054588	0.8350152849
0.317320971	0.682679029	0.617709948	0.8340715269
0.318321952	0.681678048	0.6192112221	0.8331287899
0.3193229329	0.6806770671	0.6207092686	0.8321870818
0.3203239139	0.6796760861	0.6222040753	0.8312464105
0.3213248949	0.6786751051	0.6236956304	0.8303067836
0.3223258759	0.6776741241	0.6251839222	0.8293682086
0.3233268569	0.6766731431	0.6266689393	0.8284306928
0.3243278378	0.6756721622	0.6281506704	0.8274942434
0.3253288188	0.6746711812	0.6296291047	0.8265588674
0.3263297998	0.6736702002	0.6311042314	0.8256245719
0.3273307808	0.6726692192	0.63257604	0.8246913636
0.3283317618	0.6716682382	0.6340445202	0.8237592492
0.3293327427	0.6706672573	0.6355096621	0.8228282352
0.3303337237	0.6696662763	0.6369714558	0.821898328
0.3313347047	0.6686652953	0.6384298917	0.8209695339
0.3323356857	0.6676643143	0.6398849606	0.820041859
0.3333366667	0.6666633333	0.6413366531	0.8191153095
0.3343376476	0.6656623524	0.6427849605	0.8181898911
0.3353386286	0.6646613714	0.6442298739	0.8172656097
0.3363396096	0.6636603904	0.6456713848	0.8163424709
0.3373405906	0.6626594094	0.6471094851	0.8154204804
0.3383415716	0.6616584284	0.6485441665	0.8144996435
0.3393425526	0.6606574474	0.6499754211	0.8135799655
0.3403435335	0.6596564665	0.6514032413	0.8126614518
0.3413445145	0.6586554855	0.6528276196	0.8117441073
0.3423454955	0.6576545045	0.6542485486	0.8108279371
0.3433464765	0.6566535235	0.6556660213	0.809912946
0.3443474575	0.6556525425	0.6570800308	0.8089991389
0.3453484384	0.6546515616	0.6584905703	0.8080865203
0.3463494194	0.6536505806	0.6598976333	0.807175095
0.3473504004	0.6526495996	0.6613012134	0.8062648673
0.3483513814	0.6516486186	0.6627013045	0.8053558416
0.3493523624	0.6506476376	0.6640979006	0.8044480222
0.3503533433	0.6496466567	0.6654909959	0.8035414132
0.3513543243	0.6486456757	0.6668805847	0.8026360187
0.3523553053	0.6476446947	0.6682666617	0.8017318427
0.3533562863	0.6466437137	0.6696492215	0.8008288892
0.3543572673	0.6456427327	0.671028259	0.7999271618
0.3553582482	0.6446417518	0.6724037694	0.7990266642
0.3563592292	0.6436407708	0.6737757477	0.7981274002
0.3573602102	0.6426397898	0.6751441895	0.7972293731
0.3583611912	0.6416388088	0.6765090903	0.7963325865
0.3593621722	0.6406378278	0.6778704458	0.7954370437
0.3603631532	0.6396368468	0.6792282519	0.794542748
0.3613641341	0.6386358659	0.6805825046	0.7936497024
0.3623651151	0.6376348849	0.6819332002	0.7927579102
0.3633660961	0.6366339039	0.683280335	0.7918673743
0.3643670771	0.6356329229	0.6846239055	0.7909780977
0.3653680581	0.6346319419	0.6859639084	0.7900900832
0.366369039	0.633630961	0.6873003405	0.7892033336
0.36737002	0.63262998	0.6886331987	0.7883178516
0.368371001	0.631628999	0.6899624802	0.7874336398
0.369371982	0.630628018	0.6912881822	0.7865507008
0.370372963	0.629627037	0.692610302	0.7856690369
0.3713739439	0.6286260561	0.6939288373	0.7847886508
0.3723749249	0.6276250751	0.6952437857	0.7839095445
0.3733759059	0.6266240941	0.696555145	0.7830317205
0.3743768869	0.6256231131	0.6978629132	0.7821551809
0.3753778679	0.6246221321	0.6991670883	0.7812799278
0.3763788488	0.6236211512	0.7004676686	0.7804059632
0.3773798298	0.6226201702	0.7017646523	0.7795332892
0.3783808108	0.6216191892	0.7030580381	0.7786619076
0.3793817918	0.6206182082	0.7043478244	0.7777918204
0.3803827728	0.6196172272	0.7056340101	0.7769230292
0.3813837538	0.6186162462	0.7069165939	0.7760555358
0.3823847347	0.6176152653	0.7081955749	0.7751893419
0.3833857157	0.6166142843	0.7094709522	0.7743244491
0.3843866967	0.6156133033	0.7107427249	0.7734608588
0.3853876777	0.6146123223	0.7120108925	0.7725985726
0.3863886587	0.6136113413	0.7132754544	0.771737592
0.3873896396	0.6126103604	0.7145364101	0.7708779181
0.3883906206	0.6116093794	0.7157937595	0.7700195524
0.3893916016	0.6106083984	0.7170475022	0.7691624961
0.3903925826	0.6096074174	0.7182976382	0.7683067504
0.3913935636	0.6086064364	0.7195441675	0.7674523164
0.3923945445	0.6076054555	0.7207870903	0.7665991951
0.3933955255	0.6066044745	0.7220264069	0.7657473877
0.3943965065	0.6056034935	0.7232621175	0.7648968951
0.3953974875	0.6046025125	0.7244942226	0.7640477181
0.3963984685	0.6036015315	0.7257227229	0.7631998578
0.3973994494	0.6026005506	0.7269476189	0.7623533148
0.3984004304	0.6015995696	0.7281689115	0.76150809
0.3994014114	0.6005985886	0.7293866016	0.7606641841
0.4004023924	0.5995976076	0.73060069	0.7598215977
0.4014033734	0.5985966266	0.7318111779	0.7589803315
0.4024043544	0.5975956456	0.7330180664	0.7581403861
0.4034053353	0.5965946647	0.7342213568	0.7573017619
0.4044063163	0.5955936837	0.7354210504	0.7564644595
0.4054072973	0.5945927027	0.7366171487	0.7556284793
0.4064082783	0.5935917217	0.7378096533	0.7547938217
0.4074092593	0.5925907407	0.7389985657	0.753960487
0.4084102402	0.5915897598	0.7401838878	0.7531284756
0.4094112212	0.5905887788	0.7413656212	0.7522977877
0.4104122022	0.5895877978	0.7425437679	0.7514684236
0.4114131832	0.5885868168	0.7437183299	0.7506403834
0.4124141642	0.5875858358	0.7448893092	0.7498136673
0.4134151451	0.5865848549	0.746056708	0.7489882753
0.4144161261	0.5855838739	0.7472205285	0.7481642075
0.4154171071	0.5845828929	0.7483807731	0.7473414641
0.4164180881	0.5835819119	0.7495374441	0.7465200448
0.4174190691	0.5825809309	0.7506905441	0.7456999498
0.4184200501	0.5815799499	0.7518400755	0.7448811788
0.419421031	0.580578969	0.752986041	0.7440637319
0.420422012	0.579577988	0.7541284433	0.7432476087
0.421422993	0.578577007	0.7552672851	0.7424328092
0.422423974	0.577576026	0.7564025695	0.741619333
0.423424955	0.576575045	0.7575342992	0.7408071799
0.4244259359	0.5755740641	0.7586624773	0.7399963497
0.4254269169	0.5745730831	0.7597871068	0.7391868419
0.4264278979	0.5735721021	0.760908191	0.7383786563
0.4274288789	0.5725711211	0.762025733	0.7375717924
0.4284298599	0.5715701401	0.763139736	0.7367662497
0.4294308408	0.5705691592	0.7642502035	0.7359620279
0.4304318218	0.5695681782	0.7653571389	0.7351591264
0.4314328028	0.5685671972	0.7664605456	0.7343575447
0.4324337838	0.5675662162	0.7675604272	0.7335572822
0.4334347648	0.5665652352	0.7686567873	0.7327583384
0.4344357457	0.5655642543	0.7697496295	0.7319607127
0.4354367267	0.5645632733	0.7708389577	0.7311644043
0.4364377077	0.5635622923	0.7719247756	0.7303694127
0.4374386887	0.5625613113	0.7730070871	0.7295757371
0.4384396697	0.5615603303	0.774085896	0.7287833769
0.4394406507	0.5605593493	0.7751612063	0.7279923312
0.4404416316	0.5595583684	0.7762330222	0.7272025993
0.4414426126	0.5585573874	0.7773013476	0.7264141803
0.4424435936	0.5575564064	0.7783661868	0.7256270735
0.4434445746	0.5565554254	0.7794275438	0.724841278
0.4444455556	0.5555544444	0.780485423	0.7240567929
0.4454465365	0.5545534635	0.7815398287	0.7232736173
0.4464475175	0.5535524825	0.7825907653	0.7224917503
0.4474484985	0.5525515015	0.7836382371	0.7217111909
0.4484494795	0.5515505205	0.7846822486	0.7209319382
0.4494504605	0.5505495395	0.7857228043	0.7201539911
0.4504514414	0.5495485586	0.7867599088	0.7193773486
0.4514524224	0.5485475776	0.7877935667	0.7186020098
0.4524534034	0.5475465966	0.7888237827	0.7178279734
0.4534543844	0.5465456156	0.7898505615	0.7170552385
0.4544553654	0.5455446346	0.7908739077	0.7162838038
0.4554563463	0.5445436537	0.7918938263	0.7155136684
0.4564573273	0.5435426727	0.7929103221	0.714744831
0.4574583083	0.5425416917	0.7939233999	0.7139772905
0.4584592893	0.5415407107	0.7949330647	0.7132110457
0.4594602703	0.5405397297	0.7959393215	0.7124460954
0.4604612513	0.5395387487	0.7969421752	0.7116824382
0.4614622322	0.5385377678	0.797941631	0.7109200731
0.4624632132	0.5375367868	0.798937694	0.7101589987
0.4634641942	0.5365358058	0.7999303692	0.7093992138
0.4644651752	0.5355348248	0.8009196619	0.708640717
0.4654661562	0.5345338438	0.8019055773	0.7078835071
0.4664671371	0.5335328629	0.8028881206	0.7071275826
0.4674681181	0.5325318819	0.8038672972	0.7063729422
0.4684690991	0.5315309009	0.8048431124	0.7056195847
0.4694700801	0.5305299199	0.8058155715	0.7048675085
0.4704710611	0.5295289389	0.8067846799	0.7041167123
0.471472042	0.528527958	0.8077504432	0.7033671946
0.472473023	0.527526977	0.8087128667	0.702618954
0.473474004	0.526525996	0.809671956	0.7018719892
0.474474985	0.525525015	0.8106277166	0.7011262985
0.475475966	0.524524034	0.8115801541	0.7003818806
0.4764769469	0.5235230531	0.8125292741	0.6996387339
0.4774779279	0.5225220721	0.8134750823	0.6988968569
0.4784789089	0.5215210911	0.8144175843	0.6981562481
0.4794798899	0.5205201101	0.8153567858	0.697416906
0.4804808709	0.5195191291	0.8162926925	0.696678829
0.4814818519	0.5185181481	0.8172253103	0.6959420155
0.4824828328	0.5175171672	0.8181546448	0.6952064641
0.4834838138	0.5165161862	0.819080702	0.694472173
0.4844847948	0.5155152052	0.8200034876	0.6937391407
0.4854857758	0.5145142242	0.8209230075	0.6930073656
0.4864867568	0.5135132432	0.8218392677	0.692276846
0.4874877377	0.5125122623	0.822752274	0.6915475803
0.4884887187	0.5115112813	0.8236620325	0.6908195669
0.4894896997	0.5105103003	0.824568549	0.6900928041
0.4904906807	0.5095093193	0.8254718296	0.6893672902
0.4914916617	0.5085083383	0.8263718803	0.6886430236
0.4924926426	0.5075073574	0.8272687072	0.6879200025
0.4934936236	0.5065063764	0.8281623163	0.6871982253
0.4944946046	0.5055053954	0.8290527138	0.6864776902
0.4954955856	0.5045044144	0.8299399057	0.6857583955
0.4964965666	0.5035034334	0.8308238982	0.6850403395
0.4974975475	0.5025024525	0.8317046974	0.6843235204
0.4984985285	0.5015014715	0.8325823095	0.6836079365
0.4994995095	0.5005004905	0.8334567408	0.682893586
0.5005004905	0.4994995095	0.8343279974	0.6821804671
0.5015014715	0.4984985285	0.8351960857	0.6814685781
0.5025024525	0.4974975475	0.8360610117	0.6807579172
0.5035034334	0.4964965666	0.8369227819	0.6800484825
0.5045044144	0.4954955856	0.8377814026	0.6793402723
0.5055053954	0.4944946046	0.8386368799	0.6786332848
0.5065063764	0.4934936236	0.8394892204	0.677927518
0.5075073574	0.4924926426	0.8403384303	0.6772229703
0.5085083383	0.4914916617	0.8411845159	0.6765196397
0.5095093193	0.4904906807	0.8420274838	0.6758175245
0.5105103003	0.4894896997	0.8428673402	0.6751166226
0.5115112813	0.4884887187	0.8437040916	0.6744169324
0.5125122623	0.4874877377	0.8445377444	0.6737184519
0.5135132432	0.4864867568	0.8453683051	0.6730211793
0.5145142242	0.4854857758	0.8461957801	0.6723251126
0.5155152052	0.4844847948	0.8470201759	0.67163025
0.5165161862	0.4834838138	0.8478414989	0.6709365896
0.5175171672	0.4824828328	0.8486597557	0.6702441294
0.5185181481	0.4814818519	0.8494749528	0.6695528677
0.5195191291	0.4804808709	0.8502870967	0.6688628024
0.5205201101	0.4794798899	0.8510961939	0.6681739316
0.5215210911	0.4784789089	0.8519022511	0.6674862535
0.5225220721	0.4774779279	0.8527052746	0.666799766
0.5235230531	0.4764769469	0.8535052712	0.6661144673
0.524524034	0.475475966	0.8543022473	0.6654303555
0.525525015	0.474474985	0.8550962096	0.6647474285
0.526525996	0.473474004	0.8558871647	0.6640656844
0.527526977	0.472473023	0.8566751192	0.6633851212
0.528527958	0.471472042	0.8574600797	0.6627057371
0.5295289389	0.4704710611	0.8582420528	0.66202753
0.5305299199	0.4694700801	0.8590210452	0.6613504979
0.5315309009	0.4684690991	0.8597970635	0.660674639
0.5325318819	0.4674681181	0.8605701143	0.6599999511
0.5335328629	0.4664671371	0.8613402044	0.6593264324
0.5345338438	0.4654661562	0.8621073404	0.6586540808
0.5355348248	0.4644651752	0.8628715289	0.6579828944
0.5365358058	0.4634641942	0.8636327767	0.6573128711
0.5375367868	0.4624632132	0.8643910904	0.656644009
0.5385377678	0.4614622322	0.8651464767	0.6559763061
0.5395387487	0.4604612513	0.8658989424	0.6553097603
0.5405397297	0.4594602703	0.866648494	0.6546443696
0.5415407107	0.4584592893	0.8673951385	0.6539801321
0.5425416917	0.4574583083	0.8681388824	0.6533170457
0.5435426727	0.4564573273	0.8688797324	0.6526551085
0.5445436537	0.4554563463	0.8696176954	0.6519943183
0.5455446346	0.4544553654	0.870352778	0.6513346731
0.5465456156	0.4534543844	0.871084987	0.650676171
0.5475465966	0.4524534034	0.8718143291	0.6500188099
0.5485475776	0.4514524224	0.8725408111	0.6493625878
0.5495485586	0.4504514414	0.8732644396	0.6487075027
0.5505495395	0.4494504605	0.8739852215	0.6480535524
0.5515505205	0.4484494795	0.8747031634	0.647400735
0.5525515015	0.4474484985	0.8754182723	0.6467490485
0.5535524825	0.4464475175	0.8761305547	0.6460984908
0.5545534635	0.4454465365	0.8768400174	0.6454490598
0.5555544444	0.4444455556	0.8775466673	0.6448007535
0.5565554254	0.4434445746	0.8782505111	0.6441535698
0.5575564064	0.4424435936	0.8789515554	0.6435075068
0.5585573874	0.4414426126	0.8796498072	0.6428625624
0.5595583684	0.4404416316	0.8803452732	0.6422187344
0.5605593493	0.4394406507	0.8810379601	0.6415760209
0.5615603303	0.4384396697	0.8817278746	0.6409344199
0.5625613113	0.4374386887	0.8824150237	0.6402939291
0.5635622923	0.4364377077	0.8830994139	0.6396545467
0.5645632733	0.4354367267	0.8837810522	0.6390162705
0.5655642543	0.4344357457	0.8844599452	0.6383790985
0.5665652352	0.4334347648	0.8851360997	0.6377430286
0.5675662162	0.4324337838	0.8858095225	0.6371080588
0.5685671972	0.4314328028	0.8864802203	0.6364741869
0.5695681782	0.4304318218	0.8871482	0.6358414111
0.5705691592	0.4294308408	0.8878134682	0.635209729
0.5715701401	0.4284298599	0.8884760317	0.6345791388
0.5725711211	0.4274288789	0.8891358973	0.6339496384
0.5735721021	0.4264278979	0.8897930718	0.6333212257
0.5745730831	0.4254269169	0.8904475618	0.6326938985
0.5755740641	0.4244259359	0.8910993742	0.632067655
0.576575045	0.423424955	0.8917485156	0.6314424929
0.577576026	0.422423974	0.8923949929	0.6308184103
0.578577007	0.421422993	0.8930388127	0.6301954051
0.579577988	0.420422012	0.8936799819	0.6295734751
0.580578969	0.419421031	0.8943185071	0.6289526184
0.5815799499	0.4184200501	0.8949543951	0.6283328329
0.5825809309	0.4174190691	0.8955876526	0.6277141166
0.5835819119	0.4164180881	0.8962182863	0.6270964672
0.5845828929	0.4154171071	0.896846303	0.6264798829
0.5855838739	0.4144161261	0.8974717094	0.6258643615
0.5865848549	0.4134151451	0.8980945122	0.625249901
0.5875858358	0.4124141642	0.898714718	0.6246364993
0.5885868168	0.4114131832	0.8993323336	0.6240241543
0.5895877978	0.4104122022	0.8999473658	0.623412864
0.5905887788	0.4094112212	0.9005598211	0.6228026264
0.5915897598	0.4084102402	0.9011697064	0.6221934393
0.5925907407	0.4074092593	0.9017770282	0.6215853007
0.5935917217	0.4064082783	0.9023817932	0.6209782086
0.5945927027	0.4054072973	0.9029840082	0.6203721609
0.5955936837	0.4044063163	0.9035836798	0.6197671555
0.5965946647	0.4034053353	0.9041808146	0.6191631905
0.5975956456	0.4024043544	0.9047754194	0.6185602636
0.5985966266	0.4014033734	0.9053675007	0.617958373
0.5995976076	0.4004023924	0.9059570652	0.6173575165
0.6005985886	0.3994014114	0.9065441196	0.6167576921
0.6015995696	0.3984004304	0.9071286705	0.6161588977
0.6026005506	0.3973994494	0.9077107245	0.6155611313
0.6036015315	0.3963984685	0.9082902882	0.6149643909
0.6046025125	0.3953974875	0.9088673683	0.6143686743
0.6056034935	0.3943965065	0.9094419713	0.6137739796
0.6066044745	0.3933955255	0.9100141039	0.6131803048
0.6076054555	0.3923945445	0.9105837727	0.6125876477
0.6086064364	0.3913935636	0.9111509842	0.6119960063
0.6096074174	0.3903925826	0.911715745	0.6114053786
0.6106083984	0.3893916016	0.9122780617	0.6108157627
0.6116093794	0.3883906206	0.9128379408	0.6102271563
0.6126103604	0.3873896396	0.913395389	0.6096395575
0.6136113413	0.3863886587	0.9139504127	0.6090529643
0.6146123223	0.3853876777	0.9145030185	0.6084673747
0.6156133033	0.3843866967	0.915053213	0.6078827865
0.6166142843	0.3833857157	0.9156010026	0.6072991979
0.6176152653	0.3823847347	0.9161463939	0.6067166067
0.6186162462	0.3813837538	0.9166893933	0.606135011
0.6196172272	0.3803827728	0.9172300075	0.6055544087
0.6206182082	0.3793817918	0.9177682429	0.6049747978
0.6216191892	0.3783808108	0.9183041059	0.6043961763
0.6226201702	0.3773798298	0.918837603	0.6038185421
0.6236211512	0.3763788488	0.9193687408	0.6032418934
0.6246221321	0.3753778679	0.9198975256	0.602666228
0.6256231131	0.3743768869	0.9204239639	0.6020915439
0.6266240941	0.3733759059	0.9209480622	0.6015178392
0.6276250751	0.3723749249	0.9214698269	0.6009451119
0.6286260561	0.3713739439	0.9219892643	0.6003733599
0.629627037	0.370372963	0.922506381	0.5998025812
0.630628018	0.369371982	0.9230211834	0.5992327739
0.631628999	0.368371001	0.9235336777	0.598663936
0.63262998	0.36737002	0.9240438705	0.5980960654
0.633630961	0.366369039	0.924551768	0.5975291602
0.6346319419	0.3653680581	0.9250573767	0.5969632184
0.6356329229	0.3643670771	0.9255607029	0.596398238
0.6366339039	0.3633660961	0.9260617529	0.5958342171
0.6376348849	0.3623651151	0.9265605331	0.5952711536
0.6386358659	0.3613641341	0.9270570498	0.5947090455
0.6396368468	0.3603631532	0.9275513094	0.594147891
0.6406378278	0.3593621722	0.9280433181	0.593587688
0.6416388088	0.3583611912	0.9285330823	0.5930284346
0.6426397898	0.3573602102	0.9290206081	0.5924701287
0.6436407708	0.3563592292	0.929505902	0.5919127685
0.6446417518	0.3553582482	0.9299889701	0.5913563519
0.6456427327	0.3543572673	0.9304698188	0.5908008771
0.6466437137	0.3533562863	0.9309484542	0.590246342
0.6476446947	0.3523553053	0.9314248827	0.5896927448
0.6486456757	0.3513543243	0.9318991103	0.5891400834
0.6496466567	0.3503533433	0.9323711434	0.5885883558
0.6506476376	0.3493523624	0.9328409882	0.5880375603
0.6516486186	0.3483513814	0.9333086508	0.5874876948
0.6526495996	0.3473504004	0.9337741374	0.5869387573
0.6536505806	0.3463494194	0.9342374542	0.586390746
0.6546515616	0.3453484384	0.9346986074	0.585843659
0.6556525425	0.3443474575	0.9351576031	0.5852974942
0.6566535235	0.3433464765	0.9356144474	0.5847522497
0.6576545045	0.3423454955	0.9360691465	0.5842079237
0.6586554855	0.3413445145	0.9365217065	0.5836645142
0.6596564665	0.3403435335	0.9369721335	0.5831220193
0.6606574474	0.3393425526	0.9374204336	0.5825804371
0.6616584284	0.3383415716	0.9378666129	0.5820397656
0.6626594094	0.3373405906	0.9383106774	0.581500003
0.6636603904	0.3363396096	0.9387526332	0.5809611473
0.6646613714	0.3353386286	0.9391924863	0.5804231967
0.6656623524	0.3343376476	0.9396302429	0.5798861492
0.6666633333	0.3333366667	0.9400659089	0.579350003
0.6676643143	0.3323356857	0.9404994903	0.5788147561
0.6686652953	0.3313347047	0.9409309932	0.5782804067
0.6696662763	0.3303337237	0.9413604235	0.5777469529
0.6706672573	0.3293327427	0.9417877872	0.5772143927
0.6716682382	0.3283317618	0.9422130903	0.5766827243
0.6726692192	0.3273307808	0.9426363387	0.5761519459
0.6736702002	0.3263297998	0.9430575385	0.5756220555
0.6746711812	0.3253288188	0.9434766954	0.5750930513
0.6756721622	0.3243278378	0.9438938155	0.5745649314
0.6766731431	0.3233268569	0.9443089047	0.5740376939
0.6776741241	0.3223258759	0.9447219688	0.573511337
0.6786751051	0.3213248949	0.9451330138	0.5729858589
0.6796760861	0.3203239139	0.9455420454	0.5724612576
0.6806770671	0.3193229329	0.9459490697	0.5719375313
0.681678048	0.318321952	0.9463540924	0.5714146781
0.682679029	0.317320971	0.9467571193	0.5708926963
0.68368001	0.31631999	0.9471581564	0.5703715839
0.684680991	0.315319009	0.9475572094	0.5698513392
0.685681972	0.314318028	0.9479542841	0.5693319602
0.686682953	0.313317047	0.9483493863	0.5688134452
0.6876839339	0.3123160661	0.9487425217	0.5682957924
0.6886849149	0.3113150851	0.9491336963	0.5677789998
0.6896858959	0.3103141041	0.9495229157	0.5672630657
0.6906868769	0.3093131231	0.9499101856	0.5667479882
0.6916878579	0.3083121421	0.9502955118	0.5662337656
0.6926888388	0.3073111612	0.9506789	0.565720396
0.6936898198	0.3063101802	0.9510603559	0.5652078776
0.6946908008	0.3053091992	0.9514398852	0.5646962086
0.6956917818	0.3043082182	0.9518174936	0.5641853872
0.6966927628	0.3033072372	0.9521931868	0.5636754117
0.6976937437	0.3023062563	0.9525669703	0.5631662801
0.6986947247	0.3013052753	0.9529388499	0.5626579907
0.6996957057	0.3003042943	0.9533088313	0.5621505417
0.7006966867	0.2993033133	0.9536769199	0.5616439314
0.7016976677	0.2983023323	0.9540431214	0.5611381579
0.7026986486	0.2973013514	0.9544074415	0.5606332195
0.7036996296	0.2963003704	0.9547698856	0.5601291143
0.7047006106	0.2952993894	0.9551304594	0.5596258407
0.7057015916	0.2942984084	0.9554891685	0.5591233968
0.7067025726	0.2932974274	0.9558460183	0.5586217809
0.7077035536	0.2922964464	0.9562010144	0.5581209912
0.7087045345	0.2912954655	0.9565541624	0.557621026
0.7097055155	0.2902944845	0.9569054676	0.5571218834
0.7107064965	0.2892935035	0.9572549357	0.5566235618
0.7117074775	0.2882925225	0.9576025721	0.5561260594
0.7127084585	0.2872915415	0.9579483823	0.5556293745
0.7137094394	0.2862905606	0.9582923718	0.5551335052
0.7147104204	0.2852895796	0.9586345459	0.55463845
0.7157114014	0.2842885986	0.9589749101	0.5541442069
0.7167123824	0.2832876176	0.9593134699	0.5536507744
0.7177133634	0.2822866366	0.9596502307	0.5531581506
0.7187143443	0.2812856557	0.9599851977	0.5526663339
0.7197153253	0.2802846747	0.9603183765	0.5521753224
0.7207163063	0.2792836937	0.9606497724	0.5516851146
0.7217172873	0.2782827127	0.9609793908	0.5511957087
0.7227182683	0.2772817317	0.961307237	0.550707103
0.7237192492	0.2762807508	0.9616333162	0.5502192957
0.7247202302	0.2752797698	0.961957634	0.5497322852
0.7257212112	0.2742787888	0.9622801955	0.5492460698
0.7267221922	0.2732778078	0.9626010061	0.5487606477
0.7277231732	0.2722768268	0.962920071	0.5482760173
0.7287241542	0.2712758458	0.9632373955	0.5477921769
0.7297251351	0.2702748649	0.9635529849	0.5473091248
0.7307261161	0.2692738839	0.9638668444	0.5468268593
0.7317270971	0.2682729029	0.9641789792	0.5463453787
0.7327280781	0.2672719219	0.9644893946	0.5458646814
0.7337290591	0.2662709409	0.9647980957	0.5453847656
0.73473004	0.26526996	0.9651050879	0.5449056298
0.735731021	0.264268979	0.9654103761	0.5444272722
0.736732002	0.263267998	0.9657139657	0.5439496912
0.737732983	0.262267017	0.9660158618	0.5434728851
0.738733964	0.261266036	0.9663160694	0.5429968523
0.7397349449	0.2602650551	0.9666145938	0.5425215911
0.7407359259	0.2592640741	0.9669114401	0.5420470999
0.7417369069	0.2582630931	0.9672066134	0.541573377
0.7427378879	0.2572621121	0.9675001187	0.5411004208
0.7437388689	0.2562611311	0.9677919611	0.5406282296
0.7447398498	0.2552601502	0.9680821458	0.5401568018
0.7457408308	0.2542591692	0.9683706777	0.5396861358
0.7467418118	0.2532581882	0.9686575619	0.53921623
0.7477427928	0.2522572072	0.9689428035	0.5387470827
0.7487437738	0.2512562262	0.9692264075	0.5382786922
0.7497447548	0.2502552452	0.9695083788	0.5378110571
0.7507457357	0.2492542643	0.9697887224	0.5373441757
0.7517467167	0.2482532833	0.9700674434	0.5368780463
0.7527476977	0.2472523023	0.9703445467	0.5364126673
0.7537486787	0.2462513213	0.9706200373	0.5359480372
0.7547496597	0.2452503403	0.9708939201	0.5354841544
0.7557506406	0.2442493594	0.9711662	0.5350210172
0.7567516216	0.2432483784	0.9714368819	0.5345586241
0.7577526026	0.2422473974	0.9717059708	0.5340969735
0.7587535836	0.2412464164	0.9719734716	0.5336360637
0.7597545646	0.2402454354	0.9722393891	0.5331758933
0.7607555455	0.2392444545	0.9725037282	0.5327164606
0.7617565265	0.2382434735	0.9727664937	0.532257764
0.7627575075	0.2372424925	0.9730276905	0.531799802
0.7637584885	0.2362415115	0.9732873235	0.5313425731
0.7647594695	0.2352405305	0.9735453974	0.5308860756
0.7657604505	0.2342395495	0.9738019171	0.5304303079
0.7667614314	0.2332385686	0.9740568873	0.5299752686
0.7677624124	0.2322375876	0.9743103128	0.5295209561
0.7687633934	0.2312366066	0.9745621984	0.5290673687
0.7697643744	0.2302356256	0.9748125489	0.5286145051
0.7707653554	0.2292346446	0.975061369	0.5281623636
0.7717663363	0.2282336637	0.9753086633	0.5277109426
0.7727673173	0.2272326827	0.9755544368	0.5272602408
0.7737682983	0.2262317017	0.9757986939	0.5268102564
0.7747692793	0.2252307207	0.9760414396	0.526360988
0.7757702603	0.2242297397	0.9762826783	0.5259124341
0.7767712412	0.2232287588	0.9765224149	0.5254645931
0.7777722222	0.2222277778	0.9767606539	0.5250174636
0.7787732032	0.2212267968	0.9769974	0.5245710439
0.7797741842	0.2202258158	0.9772326578	0.5241253326
0.7807751652	0.2192248348	0.977466432	0.5236803282
0.7817761461	0.2182238539	0.9776987271	0.5232360291
0.7827771271	0.2172228729	0.9779295478	0.522792434
0.7837781081	0.2162218919	0.9781588986	0.5223495411
0.7847790891	0.2152209109	0.9783867842	0.5219073492
0.7857800701	0.2142199299	0.978613209	0.5214658566
0.7867810511	0.2132189489	0.9788381777	0.521025062
0.787782032	0.212217968	0.9790616947	0.5205849637
0.788783013	0.211216987	0.9792837646	0.5201455603
0.789783994	0.210216006	0.9795043918	0.5197068504
0.790784975	0.209215025	0.979723581	0.5192688324
0.791785956	0.208214044	0.9799413365	0.5188315049
0.7927869369	0.2072130631	0.9801576629	0.5183948665
0.7937879179	0.2062120821	0.9803725646	0.5179589156
0.7947888989	0.2052111011	0.9805860461	0.5175236508
0.7957898799	0.2042101201	0.9807981118	0.5170890706
0.7967908609	0.2032091391	0.9810087661	0.5166551736
0.7977918418	0.2022081582	0.9812180135	0.5162219583
0.7987928228	0.2012071772	0.9814258583	0.5157894233
0.7997938038	0.2002061962	0.9816323049	0.5153575672
0.8007947848	0.1992052152	0.9818373578	0.5149263884
0.8017957658	0.1982042342	0.9820410213	0.5144958855
0.8027967467	0.1972032533	0.9822432997	0.5140660572
0.8037977277	0.1962022723	0.9824441974	0.513636902
0.8047987087	0.1952012913	0.9826437187	0.5132084184
0.8057996897	0.1942003103	0.982841868	0.512780605
0.8068006707	0.1931993293	0.9830386495	0.5123534605
0.8078016517	0.1921983483	0.9832340675	0.5119269833
0.8088026326	0.1911973674	0.9834281264	0.5115011721
0.8098036136	0.1901963864	0.9836208304	0.5110760254
0.8108045946	0.1891954054	0.9838121837	0.5106515419
0.8118055756	0.1881944244	0.9840021907	0.5102277201
0.8128065566	0.1871934434	0.9841908555	0.5098045587
0.8138075375	0.1861924625	0.9843781824	0.5093820562
0.8148085185	0.1851914815	0.9845641755	0.5089602112
0.8158094995	0.1841905005	0.9847488392	0.5085390224
0.8168104805	0.1831895195	0.9849321775	0.5081184884
0.8178114615	0.1821885385	0.9851141948	0.5076986077
0.8188124424	0.1811875576	0.985294895	0.507279379
0.8198134234	0.1801865766	0.9854742824	0.5068608009
0.8208144044	0.1791855956	0.9856523612	0.506442872
0.8218153854	0.1781846146	0.9858291354	0.5060255911
0.8228163664	0.1771836336	0.9860046093	0.5056089566
0.8238173473	0.1761826527	0.9861787868	0.5051929672
0.8248183283	0.1751816717	0.9863516721	0.5047776215
0.8258193093	0.1741806907	0.9865232693	0.5043629183
0.8268202903	0.1731797097	0.9866935825	0.5039488561
0.8278212713	0.1721787287	0.9868626156	0.5035354336
0.8288222523	0.1711777477	0.9870303729	0.5031226495
0.8298232332	0.1701767668	0.9871968583	0.5027105023
0.8308242142	0.1691757858	0.9873620758	0.5022989908
0.8318251952	0.1681748048	0.9875260295	0.5018881135
0.8328261762	0.1671738238	0.9876887234	0.5014778693
0.8338271572	0.1661728428	0.9878501615	0.5010682566
0.8348281381	0.1651718619	0.9880103477	0.5006592743
0.8358291191	0.1641708809	0.9881692861	0.5002509209
0.8368301001	0.1631698999	0.9883269805	0.4998431952
0.8378310811	0.1621689189	0.988483435	0.4994360957
0.8388320621	0.1611679379	0.9886386535	0.4990296213
0.839833043	0.160166957	0.98879264	0.4986237706
0.840834024	0.159165976	0.9889453982	0.4982185422
0.841835005	0.158164995	0.9890969322	0.4978139349
0.842835986	0.157164014	0.9892472459	0.4974099474
0.843836967	0.156163033	0.989396343	0.4970065783
0.8448379479	0.1551620521	0.9895442276	0.4966038264
0.8458389289	0.1541610711	0.9896909034	0.4962016903
0.8468399099	0.1531600901	0.9898363744	0.4958001687
0.8478408909	0.1521591091	0.9899806443	0.4953992605
0.8488418719	0.1511581281	0.990123717	0.4949989642
0.8498428529	0.1501571471	0.9902655963	0.4945992786
0.8508438338	0.1491561662	0.9904062861	0.4942002024
0.8518448148	0.1481551852	0.99054579	0.4938017344
0.8528457958	0.1471542042	0.990684112	0.4934038732
0.8538467768	0.1461532232	0.9908212557	0.4930066176
0.8548477578	0.1451522422	0.9909572249	0.4926099663
0.8558487387	0.1441512613	0.9910920235	0.4922139181
0.8568497197	0.1431502803	0.9912256551	0.4918184716
0.8578507007	0.1421492993	0.9913581235	0.4914236257
0.8588516817	0.1411483183	0.9914894324	0.491029379
0.8598526627	0.1401473373	0.9916195854	0.4906357303
0.8608536436	0.1391463564	0.9917485864	0.4902426784
0.8618546246	0.1381453754	0.991876439	0.489850222
0.8628556056	0.1371443944	0.9920031469	0.4894583599
0.8638565866	0.1361434134	0.9921287137	0.4890670908
0.8648575676	0.1351424324	0.9922531431	0.4886764135
0.8658585485	0.1341414515	0.9923764388	0.4882863267
0.8668595295	0.1331404705	0.9924986043	0.4878968293
0.8678605105	0.1321394895	0.9926196434	0.4875079199
0.8688614915	0.1311385085	0.9927395596	0.4871195974
0.8698624725	0.1301375275	0.9928583565	0.4867318605
0.8708634535	0.1291365465	0.9929760378	0.486344708
0.8718644344	0.1281355656	0.993092607	0.4859581387
0.8728654154	0.1271345846	0.9932080677	0.4855721514
0.8738663964	0.1261336036	0.9933224235	0.4851867448
0.8748673774	0.1251326226	0.9934356778	0.4848019178
0.8758683584	0.1241316416	0.9935478343	0.4844176691
0.8768693393	0.1231306607	0.9936588965	0.4840339976
0.8778703203	0.1221296797	0.993768868	0.483650902
0.8788713013	0.1211286987	0.9938777521	0.4832683811
0.8798722823	0.1201277177	0.9939855525	0.4828864338
0.8808732633	0.1191267367	0.9940922726	0.4825050589
0.8818742442	0.1181257558	0.9941979159	0.482124255
0.8828752252	0.1171247748	0.9943024858	0.4817440212
0.8838762062	0.1161237938	0.9944059859	0.4813643562
0.8848771872	0.1151228128	0.9945084196	0.4809852587
0.8858781682	0.1141218318	0.9946097903	0.4806067277
0.8868791491	0.1131208509	0.9947101015	0.480228762
0.8878801301	0.1121198699	0.9948093566	0.4798513603
0.8888811111	0.1111188889	0.9949075589	0.4794745215
0.8898820921	0.1101179079	0.995004712	0.4790982445
0.8908830731	0.1091169269	0.9951008191	0.4787225281
0.8918840541	0.1081159459	0.9951958838	0.4783473711
0.892885035	0.107114965	0.9952899092	0.4779727723
0.893886016	0.106113984	0.9953828989	0.4775987307
0.894886997	0.105113003	0.9954748561	0.477225245
0.895887978	0.104112022	0.9955657842	0.4768523141
0.896888959	0.103111041	0.9956556865	0.4764799368
0.8978899399	0.1021100601	0.9957445664	0.4761081121
0.8988909209	0.1011090791	0.9958324271	0.4757368387
0.8998919019	0.1001080981	0.9959192721	0.4753661156
0.9008928829	0.09910711712	0.9960051045	0.4749959416
0.9018938639	0.09810613614	0.9960899276	0.4746263155
0.9028948448	0.09710515516	0.9961737447	0.4742572362
0.9038958258	0.09610417417	0.9962565591	0.4738887027
0.9048968068	0.09510319319	0.9963383741	0.4735207137
0.9058977878	0.09410221221	0.9964191929	0.4731532682
0.9068987688	0.09310123123	0.9964990186	0.472786365
0.9078997497	0.09210025025	0.9965778546	0.4724200031
0.9089007307	0.09109926927	0.9966557041	0.4720541812
0.9099017117	0.09009828829	0.9967325702	0.4716888983
0.9109026927	0.08909730731	0.9968084562	0.4713241533
0.9119036737	0.08809632633	0.9968833653	0.4709599451
0.9129046547	0.08709534535	0.9969573006	0.4705962726
0.9139056356	0.08609436436	0.9970302653	0.4702331346
0.9149066166	0.08509338338	0.9971022625	0.4698705301
0.9159075976	0.0840924024	0.9971732955	0.469508458
0.9169085786	0.08309142142	0.9972433673	0.4691469172
0.9179095596	0.08209044044	0.997312481	0.4687859065
0.9189105405	0.08108945946	0.9973806399	0.468425425
0.9199115215	0.08008847848	0.997447847	0.4680654715
0.9209125025	0.0790874975	0.9975141055	0.4677060449
0.9219134835	0.07808651652	0.9975794183	0.4673471442
0.9229144645	0.07708553554	0.9976437887	0.4669887683
0.9239154454	0.07608455455	0.9977072196	0.4666309161
0.9249164264	0.07508357357	0.9977697141	0.4662735865
0.9259174074	0.07408259259	0.9978312754	0.4659167785
0.9269183884	0.07308161161	0.9978919064	0.465560491
0.9279193694	0.07208063063	0.9979516102	0.4652047229
0.9289203504	0.07107964965	0.9980103899	0.4648494732
0.9299213313	0.07007866867	0.9980682483	0.4644947409
0.9309223123	0.06907768769	0.9981251886	0.4641405247
0.9319232933	0.06807670671	0.9981812138	0.4637868238
0.9329242743	0.06707572573	0.9982363269	0.4634336371
0.9339252553	0.06607474474	0.9982905307	0.4630809635
0.9349262362	0.06507376376	0.9983438284	0.4627288019
0.9359272172	0.06407278278	0.9983962229	0.4623771513
0.9369281982	0.0630718018	0.9984477171	0.4620260108
0.9379291792	0.06207082082	0.998498314	0.4616753791
0.9389301602	0.06106983984	0.9985480166	0.4613252554
0.9399311411	0.06006885886	0.9985968277	0.4609756386
0.9409321221	0.05906787788	0.9986447502	0.4606265275
0.9419331031	0.0580668969	0.9986917872	0.4602779213
0.9429340841	0.05706591592	0.9987379415	0.4599298189
0.9439350651	0.05606493493	0.9987832161	0.4595822193
0.944936046	0.05506395395	0.9988276137	0.4592351214
0.945937027	0.05406297297	0.9988711373	0.4588885242
0.946938008	0.05306199199	0.9989137897	0.4585424267
0.947938989	0.05206101101	0.9989555738	0.4581968279
0.94893997	0.05106003003	0.9989964925	0.4578517268
0.949940951	0.05005904905	0.9990365486	0.4575071224
0.9509419319	0.04905806807	0.999075745	0.4571630137
0.9519429129	0.04805708709	0.9991140844	0.4568193996
0.9529438939	0.04705610611	0.9991515698	0.4564762792
0.9539448749	0.04605512513	0.9991882038	0.4561336514
0.9549458559	0.04505414414	0.9992239894	0.4557915154
0.9559468368	0.04405316316	0.9992589292	0.45544987
0.9569478178	0.04305218218	0.9992930262	0.4551087143
0.9579487988	0.0420512012	0.999326283	0.4547680473
0.9589497798	0.04105022022	0.9993587024	0.454427868
0.9599507608	0.04004923924	0.9993902873	0.4540881754
0.9609517417	0.03904825826	0.9994210403	0.4537489686
0.9619527227	0.03804727728	0.9994509642	0.4534102465
0.9629537037	0.0370462963	0.9994800617	0.4530720082
0.9639546847	0.03604531532	0.9995083356	0.4527342528
0.9649556657	0.03504433433	0.9995357886	0.4523969792
0.9659566466	0.03404335335	0.9995624233	0.4520601864
0.9669576276	0.03304237237	0.9995882426	0.4517238736
0.9679586086	0.03204139139	0.999613249	0.4513880397
0.9689595896	0.03104041041	0.9996374454	0.4510526838
0.9699605706	0.03003942943	0.9996608343	0.4507178049
0.9709615516	0.02903844845	0.9996834184	0.450383402
0.9719625325	0.02803746747	0.9997052004	0.4500494743
0.9729635135	0.02703648649	0.9997261829	0.4497160207
0.9739644945	0.02603550551	0.9997463686	0.4493830403
0.9749654755	0.02503452452	0.9997657602	0.4490505322
0.9759664565	0.02403354354	0.9997843602	0.4487184954
0.9769674374	0.02303256256	0.9998021713	0.4483869289
0.9779684184	0.02203158158	0.9998191961	0.4480558319
0.9789693994	0.0210306006	0.9998354372	0.4477252033
0.9799703804	0.02002961962	0.9998508972	0.4473950423
0.9809713614	0.01902863864	0.9998655787	0.4470653478
0.9819723423	0.01802765766	0.9998794843	0.4467361191
0.9829733233	0.01702667668	0.9998926165	0.4464073551
0.9839743043	0.0160256957	0.9999049779	0.4460790549
0.9849752853	0.01502471471	0.9999165712	0.4457512176
0.9859762663	0.01402373373	0.9999273987	0.4454238422
0.9869772472	0.01302275275	0.9999374631	0.4450969279
0.9879782282	0.01202177177	0.999946767	0.4447704738
0.9889792092	0.01102079079	0.9999553128	0.4444444788
0.9899801902	0.01001980981	0.999963103	0.4441189422
0.9909811712	0.009018828829	0.9999701402	0.4437938629
0.9919821522	0.008017847848	0.9999764269	0.4434692401
0.9929831331	0.007016866867	0.9999819656	0.4431450728
0.9939841141	0.006015885886	0.9999867587	0.4428213602
0.9949850951	0.005014904905	0.9999908088	0.4424981014
0.9959860761	0.004013923924	0.9999941184	0.4421752954
0.9969870571	0.003012942943	0.9999966898	0.4418529413
0.997988038	0.002011961962	0.9999985255	0.4415310383
0.998989019	0.001010980981	0.9999996281	0.4412095855
0.99999	1e-05	1	0.4408885819
