1e-05	0.99999	0.251194589	1.000000002
0.001010980981	0.998989019	0.2399757735	1.000023123
0.002011961962	0.997988038	0.229845818	1.000088209
0.003012942943	0.9969870571	0.2206797679	1.000190532
0.004013923924	0.9959860761	0.2123698342	1.000325714
0.005014904905	0.9949850951	0.2048227075	1.000489696
0.006015885886	0.9939841141	0.1979573387	1.000678718
0.007016866867	0.9929831331	0.1917030987	1.000889294
0.008017847848	0.9919821522	0.1859982455	1.001118193
0.009018828829	0.9909811712	0.1807886431	1.001362422
0.01001980981	0.9899801902	0.1760266864	1.001619206
0.01102079079	0.9889792092	0.1716703959	1.001885973
0.01202177177	0.9879782282	0.1676826534	1.002160342
0.01302275275	0.9869772472	0.1640305527	1.002440105
0.01402373373	0.9859762663	0.160684849	1.002723221
0.01502471471	0.9849752853	0.1576194882	1.0030078
0.0160256957	0.9839743043	0.1548112042	1.003292092
0.01702667668	0.9829733233	0.1522391735	1.003574481
0.01802765766	0.9819723423	0.149884718	1.003853474
0.01902863864	0.9809713614	0.1477310484	1.004127693
0.02002961962	0.9799703804	0.1457630421	1.004395866
0.0210306006	0.9789693994	0.1439670508	1.004656821
0.02203158158	0.9779684184	0.1423307328	1.00490948
0.02303256256	0.9769674374	0.1408429073	1.005152853
0.02403354354	0.9759664565	0.1394934266	1.005386029
0.02503452452	0.9749654755	0.1382730644	1.005608176
0.02603550551	0.9739644945	0.137173418	1.00581853
0.02703648649	0.9729635135	0.1361868219	1.006016395
0.02803746747	0.9719625325	0.1353062716	1.006201138
0.02903844845	0.9709615516	0.1345253569	1.006372182
0.03003942943	0.9699605706	0.1338382021	1.006529005
0.03104041041	0.9689595896	0.1332394135	1.006671138
0.03204139139	0.9679586086	0.1327240328	1.006798155
0.03304237237	0.9669576276	0.1322874951	1.006909679
0.03404335335	0.9659566466	0.131925592	1.007005371
0.03504433433	0.9649556657	0.1316344385	1.007084933
0.03604531532	0.9639546847	0.1314104433	1.007148103
0.0370462963	0.9629537037	0.1312502823	1.007194651
0.03804727728	0.9619527227	0.1311508746	1.007224381
0.03904825826	0.9609517417	0.1311093614	1.007237127
0.04004923924	0.9599507608	0.1311230864	1.007232748
0.04105022022	0.9589497798	0.1311895788	1.007211131
0.0420512012	0.9579487988	0.1313065373	1.007172186
0.04305218218	0.9569478178	0.131471816	1.007115848
0.04405316316	0.9559468368	0.1316834118	1.00704207
0.04505414414	0.9549458559	0.1319394524	1.006950826
0.04605512513	0.9539448749	0.1322381862	1.006842108
0.04705610611	0.9529438939	0.1325779725	1.006715926
0.04805708709	0.9519429129	0.1329572725	1.006572304
0.04905806807	0.9509419319	0.1333746419	1.006411284
0.05005904905	0.949940951	0.1338287235	1.006232918
0.05106003003	0.94893997	0.1343182401	1.006037273
0.05206101101	0.947938989	0.1348419894	1.005824428
0.05306199199	0.946938008	0.1353988377	1.005594471
0.05406297297	0.945937027	0.1359877149	1.005347503
0.05506395395	0.944936046	0.1366076106	1.005083632
0.05606493493	0.9439350651	0.1372575687	1.004802975
0.05706591592	0.9429340841	0.1379366847	1.00450566
0.0580668969	0.9419331031	0.1386441012	1.004191818
0.05906787788	0.9409321221	0.139379005	1.00386159
0.06006885886	0.9399311411	0.140140624	1.003515122
0.06106983984	0.9389301602	0.1409282244	1.003152565
0.06207082082	0.9379291792	0.141741108	1.002774078
0.0630718018	0.9369281982	0.1425786101	1.00237982
0.06407278278	0.9359272172	0.1434400969	1.001969959
0.06507376376	0.9349262362	0.1443249639	1.001544665
0.06607474474	0.9339252553	0.1452326336	1.001104111
0.06707572573	0.9329242743	0.1461625539	1.000648474
0.06807670671	0.9319232933	0.1471141968	1.000177933
0.06907768769	0.9309223123	0.1480870562	0.9996926695
0.07007866867	0.9299213313	0.1490806472	0.9991928684
0.07107964965	0.9289203504	0.1500945045	0.9986787154
0.07208063063	0.9279193694	0.1511281811	0.998150398
0.07308161161	0.9269183884	0.1521812474	0.9976081051
0.07408259259	0.9259174074	0.15325329	0.9970520268
0.07508357357	0.9249164264	0.1543439107	0.996482354
0.07608455455	0.9239154454	0.1554527258	0.9958992784
0.07708553554	0.9229144645	0.1565793652	0.995302992
0.07808651652	0.9219134835	0.1577234714	0.9946936874
0.0790874975	0.9209125025	0.1588846989	0.9940715573
0.08008847848	0.9199115215	0.1600627138	0.9934367941
0.08108945946	0.9189105405	0.1612571926	0.9927895904
0.08209044044	0.9179095596	0.162467822	0.9921301383
0.08309142142	0.9169085786	0.1636942983	0.9914586295
0.0840924024	0.9159075976	0.1649363268	0.9907752553
0.08509338338	0.9149066166	0.1661936212	0.990080206
0.08609436436	0.9139056356	0.1674659035	0.9893736715
0.08709534535	0.9129046547	0.1687529032	0.9886558406
0.08809632633	0.9119036737	0.1700543571	0.9879269013
0.08909730731	0.9109026927	0.1713700087	0.9871870404
0.09009828829	0.9099017117	0.1726996083	0.9864364436
0.09109926927	0.9089007307	0.1740429121	0.9856752955
0.09210025025	0.9078997497	0.1753996824	0.9849037794
0.09310123123	0.9068987688	0.176769687	0.9841220773
0.09410221221	0.9058977878	0.1781526989	0.9833303696
0.09510319319	0.9048968068	0.1795484963	0.9825288356
0.09610417417	0.9038958258	0.180956862	0.981717653
0.09710515516	0.9028948448	0.1823775838	0.9808969978
0.09810613614	0.9018938639	0.1838104533	0.9800670446
0.09910711712	0.9008928829	0.1852552668	0.9792279664
0.1001080981	0.8998919019	0.1867118242	0.9783799345
0.1011090791	0.8988909209	0.1881799293	0.9775231186
0.1021100601	0.8978899399	0.1896593895	0.9766576866
0.103111041	0.896888959	0.191150016	0.9757838048
0.104112022	0.895887978	0.1926516228	0.9749016377
0.105113003	0.894886997	0.1941640274	0.974011348
0.106113984	0.893886016	0.1956870503	0.9731130967
0.107114965	0.892885035	0.197220515	0.972207043
0.1081159459	0.8918840541	0.1987642476	0.9712933444
0.1091169269	0.8908830731	0.2003180771	0.9703721563
0.1101179079	0.8898820921	0.2018818351	0.9694436326
0.1111188889	0.8888811111	0.2034553554	0.9685079253
0.1121198699	0.8878801301	0.2050384747	0.9675651845
0.1131208509	0.8868791491	0.2066310316	0.9666155584
0.1141218318	0.8858781682	0.2082328671	0.9656591936
0.1151228128	0.8848771872	0.2098438243	0.9646962347
0.1161237938	0.8838762062	0.2114637486	0.9637268245
0.1171247748	0.8828752252	0.213092487	0.9627511042
0.1181257558	0.8818742442	0.2147298889	0.9617692127
0.1191267367	0.8808732633	0.2163758053	0.9607812875
0.1201277177	0.8798722823	0.2180300892	0.9597874643
0.1211286987	0.8788713013	0.2196925951	0.9587878766
0.1221296797	0.8778703203	0.2213631795	0.9577826566
0.1231306607	0.8768693393	0.2230417005	0.9567719345
0.1241316416	0.8758683584	0.2247280178	0.9557558385
0.1251326226	0.8748673774	0.2264219927	0.9547344955
0.1261336036	0.8738663964	0.228123488	0.9537080302
0.1271345846	0.8728654154	0.229832368	0.952676566
0.1281355656	0.8718644344	0.2315484985	0.9516402241
0.1291365465	0.8708634535	0.2332717468	0.9505991243
0.1301375275	0.8698624725	0.2350019814	0.9495533847
0.1311385085	0.8688614915	0.2367390722	0.9485031216
0.1321394895	0.8678605105	0.2384828907	0.9474484495
0.1331404705	0.8668595295	0.2402333094	0.9463894816
0.1341414515	0.8658585485	0.2419902022	0.9453263292
0.1351424324	0.8648575676	0.2437534441	0.9442591019
0.1361434134	0.8638565866	0.2455229117	0.9431879079
0.1371443944	0.8628556056	0.2472984824	0.9421128536
0.1381453754	0.8618546246	0.249080035	0.941034044
0.1391463564	0.8608536436	0.2508674493	0.9399515825
0.1401473373	0.8598526627	0.2526606065	0.9388655707
0.1411483183	0.8588516817	0.2544593886	0.937776109
0.1421492993	0.8578507007	0.256263679	0.9366832961
0.1431502803	0.8568497197	0.2580733621	0.9355872292
0.1441512613	0.8558487387	0.2598883231	0.9344880041
0.1451522422	0.8548477578	0.2617084487	0.9333857149
0.1461532232	0.8538467768	0.2635336264	0.9322804546
0.1471542042	0.8528457958	0.2653637447	0.9311723144
0.1481551852	0.8518448148	0.2671986931	0.9300613844
0.1491561662	0.8508438338	0.2690383623	0.9289477531
0.1501571471	0.8498428529	0.2708826438	0.9278315076
0.1511581281	0.8488418719	0.2727314301	0.9267127337
0.1521591091	0.8478408909	0.2745846149	0.9255915159
0.1531600901	0.8468399099	0.2764420924	0.9244679373
0.1541610711	0.8458389289	0.2783037581	0.9233420795
0.1551620521	0.8448379479	0.2801695085	0.9222140231
0.156163033	0.843836967	0.2820392407	0.9210838473
0.157164014	0.842835986	0.2839128529	0.91995163
0.158164995	0.841835005	0.2857902443	0.9188174477
0.159165976	0.840834024	0.2876713149	0.917681376
0.160166957	0.839833043	0.2895559655	0.9165434889
0.1611679379	0.8388320621	0.2914440979	0.9154038596
0.1621689189	0.8378310811	0.2933356149	0.9142625597
0.1631698999	0.8368301001	0.29523042	0.9131196598
0.1641708809	0.8358291191	0.2971284175	0.9119752295
0.1651718619	0.8348281381	0.2990295128	0.910829337
0.1661728428	0.8338271572	0.3009336119	0.9096820496
0.1671738238	0.8328261762	0.3028406218	0.9085334332
0.1681748048	0.8318251952	0.3047504504	0.9073835528
0.1691757858	0.8308242142	0.3066630062	0.9062324723
0.1701767668	0.8298232332	0.3085781987	0.9050802546
0.1711777477	0.8288222523	0.3104959383	0.9039269614
0.1721787287	0.8278212713	0.3124161361	0.9027726534
0.1731797097	0.8268202903	0.3143387039	0.9016173903
0.1741806907	0.8258193093	0.3162635545	0.9004612308
0.1751816717	0.8248183283	0.3181906015	0.8993042326
0.1761826527	0.8238173473	0.3201197591	0.8981464525
0.1771836336	0.8228163664	0.3220509425	0.8969879461
0.1781846146	0.8218153854	0.3239840677	0.8958287683
0.1791855956	0.8208144044	0.3259190513	0.8946689729
0.1801865766	0.8198134234	0.3278558107	0.8935086129
0.1811875576	0.8188124424	0.3297942644	0.8923477402
0.1821885385	0.8178114615	0.3317343312	0.891186406
0.1831895195	0.8168104805	0.3336759309	0.8900246606
0.1841905005	0.8158094995	0.3356189842	0.8888625532
0.1851914815	0.8148085185	0.3375634124	0.8877001325
0.1861924625	0.8138075375	0.3395091374	0.8865374459
0.1871934434	0.8128065566	0.3414560821	0.8853745404
0.1881944244	0.8118055756	0.3434041701	0.884211462
0.1891954054	0.8108045946	0.3453533256	0.8830482558
0.1901963864	0.8098036136	0.3473034737	0.8818849662
0.1911973674	0.8088026326	0.3492545402	0.8807216369
0.1921983483	0.8078016517	0.3512064515	0.8795583106
0.1931993293	0.8068006707	0.3531591349	0.8783950294
0.1942003103	0.8057996897	0.3551125184	0.8772318346
0.1952012913	0.8047987087	0.3570665305	0.8760687668
0.1962022723	0.8037977277	0.3590211006	0.8749058659
0.1972032533	0.8027967467	0.3609761589	0.8737431709
0.1982042342	0.8017957658	0.362931636	0.8725807203
0.1992052152	0.8007947848	0.3648874636	0.8714185518
0.2002061962	0.7997938038	0.3668435737	0.8702567024
0.2012071772	0.7987928228	0.3687998993	0.8690952085
0.2022081582	0.7977918418	0.3707563739	0.8679341058
0.2032091391	0.7967908609	0.3727129318	0.8667734293
0.2042101201	0.7957898799	0.3746695078	0.8656132134
0.2052111011	0.7947888989	0.3766260377	0.8644534919
0.2062120821	0.7937879179	0.3785824577	0.8632942979
0.2072130631	0.7927869369	0.3805387047	0.8621356639
0.208214044	0.791785956	0.3824947164	0.8609776219
0.209215025	0.790784975	0.3844504311	0.859820203
0.210216006	0.789783994	0.3864057876	0.8586634382
0.211216987	0.788783013	0.3883607257	0.8575073575
0.212217968	0.787782032	0.3903151855	0.8563519905
0.2132189489	0.7867810511	0.3922691079	0.8551973662
0.2142199299	0.7857800701	0.3942224345	0.854043513
0.2152209109	0.7847790891	0.3961751074	0.852890459
0.2162218919	0.7837781081	0.3981270696	0.8517382315
0.2172228729	0.7827771271	0.4000782643	0.8505868573
0.2182238539	0.7817761461	0.4020286357	0.8494363629
0.2192248348	0.7807751652	0.4039781286	0.8482867739
0.2202258158	0.7797741842	0.4059266881	0.8471381158
0.2212267968	0.7787732032	0.4078742602	0.8459904134
0.2222277778	0.7777722222	0.4098207915	0.8448436911
0.2232287588	0.7767712412	0.4117662292	0.8436979727
0.2242297397	0.7757702603	0.4137105209	0.8425532815
0.2252307207	0.7747692793	0.4156536152	0.8414096407
0.2262317017	0.7737682983	0.4175954608	0.8402670725
0.2272326827	0.7727673173	0.4195360073	0.8391255991
0.2282336637	0.7717663363	0.421475205	0.8379852421
0.2292346446	0.7707653554	0.4234130045	0.8368460225
0.2302356256	0.7697643744	0.4253493571	0.8357079612
0.2312366066	0.7687633934	0.4272842147	0.8345710783
0.2322375876	0.7677624124	0.4292175298	0.8334353939
0.2332385686	0.7667614314	0.4311492554	0.8323009274
0.2342395495	0.7657604505	0.4330793451	0.8311676978
0.2352405305	0.7647594695	0.435007753	0.8300357238
0.2362415115	0.7637584885	0.4369344338	0.8289050238
0.2372424925	0.7627575075	0.4388593429	0.8277756156
0.2382434735	0.7617565265	0.440782436	0.8266475167
0.2392444545	0.7607555455	0.4427036695	0.8255207444
0.2402454354	0.7597545646	0.4446230003	0.8243953154
0.2412464164	0.7587535836	0.4465403858	0.8232712461
0.2422473974	0.7577526026	0.4484557841	0.8221485527
0.2432483784	0.7567516216	0.4503691536	0.8210272509
0.2442493594	0.7557506406	0.4522804534	0.819907356
0.2452503403	0.7547496597	0.4541896431	0.8187888832
0.2462513213	0.7537486787	0.4560966826	0.8176718471
0.2472523023	0.7527476977	0.4580015327	0.8165562621
0.2482532833	0.7517467167	0.4599041544	0.8154421424
0.2492542643	0.7507457357	0.4618045093	0.8143295016
0.2502552452	0.7497447548	0.4637025596	0.8132183534
0.2512562262	0.7487437738	0.4655982679	0.8121087106
0.2522572072	0.7477427928	0.4674915972	0.8110005864
0.2532581882	0.7467418118	0.4693825113	0.8098939931
0.2542591692	0.7457408308	0.4712709742	0.8087889431
0.2552601502	0.7447398498	0.4731569505	0.8076854483
0.2562611311	0.7437388689	0.4750404053	0.8065835204
0.2572621121	0.7427378879	0.476921304	0.8054831708
0.2582630931	0.7417369069	0.4787996128	0.8043844107
0.2592640741	0.7407359259	0.4806752981	0.803287251
0.2602650551	0.7397349449	0.4825483269	0.8021917023
0.261266036	0.738733964	0.4844186665	0.8010977749
0.262267017	0.737732983	0.4862862849	0.8000054789
0.263267998	0.736732002	0.4881511504	0.7989148241
0.264268979	0.735731021	0.4900132318	0.7978258203
0.26526996	0.73473004	0.4918724982	0.7967384766
0.2662709409	0.7337290591	0.4937289195	0.7956528024
0.2672719219	0.7327280781	0.4955824656	0.7945688063
0.2682729029	0.7317270971	0.4974331072	0.7934864972
0.2692738839	0.7307261161	0.4992808152	0.7924058833
0.2702748649	0.7297251351	0.5011255611	0.791326973
0.2712758458	0.7287241542	0.5029673166	0.7902497742
0.2722768268	0.7277231732	0.5048060541	0.7891742947
0.2732778078	0.7267221922	0.5066417462	0.7881005419
0.2742787888	0.7257212112	0.5084743661	0.7870285234
0.2752797698	0.7247202302	0.5103038872	0.7859582462
0.2762807508	0.7237192492	0.5121302834	0.7848897172
0.2772817317	0.7227182683	0.5139535291	0.7838229432
0.2782827127	0.7217172873	0.515773599	0.7827579307
0.2792836937	0.7207163063	0.5175904682	0.7816946861
0.2802846747	0.7197153253	0.5194041123	0.7806332156
0.2812856557	0.7187143443	0.5212145071	0.7795735251
0.2822866366	0.7177133634	0.5230216289	0.7785156204
0.2832876176	0.7167123824	0.5248254544	0.7774595072
0.2842885986	0.7157114014	0.5266259607	0.7764051908
0.2852895796	0.7147104204	0.5284231251	0.7753526765
0.2862905606	0.7137094394	0.5302169256	0.7743019695
0.2872915415	0.7127084585	0.5320073402	0.7732530746
0.2882925225	0.7117074775	0.5337943475	0.7722059966
0.2892935035	0.7107064965	0.5355779265	0.7711607401
0.2902944845	0.7097055155	0.5373580563	0.7701173095
0.2912954655	0.7087045345	0.5391347166	0.7690757092
0.2922964464	0.7077035536	0.5409078874	0.7680359431
0.2932974274	0.7067025726	0.542677549	0.7669980154
0.2942984084	0.7057015916	0.5444436821	0.7659619299
0.2952993894	0.7047006106	0.5462062677	0.7649276901
0.2963003704	0.7036996296	0.5479652871	0.7638952997
0.2973013514	0.7026986486	0.5497207221	0.762864762
0.2983023323	0.7016976677	0.5514725546	0.7618360803
0.2993033133	0.7006966867	0.5532207671	0.7608092578
0.3003042943	0.6996957057	0.5549653422	0.7597842972
0.3013052753	0.6986947247	0.5567062629	0.7587612017
0.3023062563	0.6976937437	0.5584435125	0.7577399737
0.3033072372	0.6966927628	0.5601770748	0.756720616
0.3043082182	0.6956917818	0.5619069336	0.755703131
0.3053091992	0.6946908008	0.5636330733	0.754687521
0.3063101802	0.6936898198	0.5653554784	0.7536737883
0.3073111612	0.6926888388	0.5670741338	0.7526619349
0.3083121421	0.6916878579	0.5687890248	0.7516519628
0.3093131231	0.6906868769	0.5705001367	0.750643874
0.3103141041	0.6896858959	0.5722074555	0.7496376701
0.3113150851	0.6886849149	0.5739109672	0.7486333527
0.3123160661	0.6876839339	0.5756106581	0.7476309236
0.313317047	0.686682953	0.577306515	0.7466303839
0.314318028	0.685681972	0.5789985247	0.7456317351
0.315319009	0.684680991	0.5806866746	0.7446349785
0.31631999	0.68368001	0.5823709521	0.743640115
0.317320971	0.682679029	0.5840513451	0.7426471457
0.318321952	0.681678048	0.5857278415	0.7416560715
0.3193229329	0.6806770671	0.5874004298	0.7406668933
0.3203239139	0.6796760861	0.5890690985	0.7396796118
0.3213248949	0.6786751051	0.5907338365	0.7386942275
0.3223258759	0.6776741241	0.5923946329	0.7377107411
0.3233268569	0.6766731431	0.5940514771	0.736729153
0.3243278378	0.6756721622	0.5957043588	0.7357494635
0.3253288188	0.6746711812	0.5973532679	0.7347716729
0.3263297998	0.6736702002	0.5989981946	0.7337957814
0.3273307808	0.6726692192	0.6006391291	0.7328217891
0.3283317618	0.6716682382	0.6022760623	0.7318496961
0.3293327427	0.6706672573	0.603908985	0.7308795022
0.3303337237	0.6696662763	0.6055378882	0.7299112073
0.3313347047	0.6686652953	0.6071627635	0.7289448113
0.3323356857	0.6676643143	0.6087836024	0.7279803138
0.3333366667	0.6666633333	0.6104003968	0.7270177144
0.3343376476	0.6656623524	0.6120131388	0.7260570127
0.3353386286	0.6646613714	0.6136218206	0.7250982083
0.3363396096	0.6636603904	0.6152264348	0.7241413004
0.3373405906	0.6626594094	0.6168269741	0.7231862885
0.3383415716	0.6616584284	0.6184234316	0.7222331719
0.3393425526	0.6606574474	0.6200158004	0.7212819496
0.3403435335	0.6596564665	0.621604074	0.720332621
0.3413445145	0.6586554855	0.623188246	0.719385185
0.3423454955	0.6576545045	0.6247683101	0.7184396407
0.3433464765	0.6566535235	0.6263442606	0.717495987
0.3443474575	0.6556525425	0.6279160916	0.7165542228
0.3453484384	0.6546515616	0.6294837976	0.715614347
0.3463494194	0.6536505806	0.6310473733	0.7146763584
0.3473504004	0.6526495996	0.6326068135	0.7137402555
0.3483513814	0.6516486186	0.6341621134	0.7128060372
0.3493523624	0.6506476376	0.6357132681	0.7118737019
0.3503533433	0.6496466567	0.6372602731	0.7109432483
0.3513543243	0.6486456757	0.6388031242	0.7100146748
0.3523553053	0.6476446947	0.640341817	0.7090879799
0.3533562863	0.6466437137	0.6418763477	0.708163162
0.3543572673	0.6456427327	0.6434067124	0.7072402194
0.3553582482	0.6446417518	0.6449329076	0.7063191504
0.3563592292	0.6436407708	0.6464549297	0.7053999533
0.3573602102	0.6426397898	0.6479727757	0.7044826261
0.3583611912	0.6416388088	0.6494864423	0.7035671672
0.3593621722	0.6406378278	0.6509959268	0.7026535745
0.3603631532	0.6396368468	0.6525012263	0.7017418462
0.3613641341	0.6386358659	0.6540023383	0.7008319802
0.3623651151	0.6376348849	0.6554992605	0.6999239746
0.3633660961	0.6366339039	0.6569919905	0.6990178272
0.3643670771	0.6356329229	0.6584805265	0.6981135359
0.3653680581	0.6346319419	0.6599648664	0.6972110986
0.366369039	0.633630961	0.6614450086	0.6963105132
0.36737002	0.63262998	0.6629209514	0.6954117772
0.368371001	0.631628999	0.6643926935	0.6945148886
0.369371982	0.630628018	0.6658602335	0.6936198449
0.370372963	0.629627037	0.6673235705	0.6927266438
0.3713739439	0.6286260561	0.6687827034	0.691835283
0.3723749249	0.6276250751	0.6702376314	0.69094576
0.3733759059	0.6266240941	0.6716883538	0.6900580724
0.3743768869	0.6256231131	0.6731348703	0.6891722177
0.3753778679	0.6246221321	0.6745771803	0.6882881934
0.3763788488	0.6236211512	0.6760152836	0.6874059969
0.3773798298	0.6226201702	0.6774491802	0.6865256256
0.3783808108	0.6216191892	0.6788788701	0.685647077
0.3793817918	0.6206182082	0.6803043536	0.6847703484
0.3803827728	0.6196172272	0.6817256308	0.6838954371
0.3813837538	0.6186162462	0.6831427024	0.6830223404
0.3823847347	0.6176152653	0.6845555688	0.6821510557
0.3833857157	0.6166142843	0.6859642308	0.6812815801
0.3843866967	0.6156133033	0.6873686893	0.6804139108
0.3853876777	0.6146123223	0.6887689452	0.6795480451
0.3863886587	0.6136113413	0.6901649996	0.6786839801
0.3873896396	0.6126103604	0.6915568537	0.6778217129
0.3883906206	0.6116093794	0.692944509	0.6769612408
0.3893916016	0.6106083984	0.6943279667	0.6761025607
0.3903925826	0.6096074174	0.6957072286	0.6752456697
0.3913935636	0.6086064364	0.6970822964	0.6743905649
0.3923945445	0.6076054555	0.6984531718	0.6735372433
0.3933955255	0.6066044745	0.6998198568	0.6726857019
0.3943965065	0.6056034935	0.7011823535	0.6718359377
0.3953974875	0.6046025125	0.7025406639	0.6709879476
0.3963984685	0.6036015315	0.7038947904	0.6701417287
0.3973994494	0.6026005506	0.7052447354	0.6692972777
0.3984004304	0.6015995696	0.7065905012	0.6684545916
0.3994014114	0.6005985886	0.7079320906	0.6676136673
0.4004023924	0.5995976076	0.7092695061	0.6667745016
0.4014033734	0.5985966266	0.7106027507	0.6659370914
0.4024043544	0.5975956456	0.7119318271	0.6651014335
0.4034053353	0.5965946647	0.7132567385	0.6642675248
0.4044063163	0.5955936837	0.7145774878	0.663435362
0.4054072973	0.5945927027	0.7158940783	0.6626049418
0.4064082783	0.5935917217	0.7172065132	0.6617762612
0.4074092593	0.5925907407	0.718514796	0.6609493167
0.4084102402	0.5915897598	0.7198189301	0.6601241052
0.4094112212	0.5905887788	0.721118919	0.6593006233
0.4104122022	0.5895877978	0.7224147665	0.6584788678
0.4114131832	0.5885868168	0.7237064764	0.6576588354
0.4124141642	0.5875858358	0.7249940523	0.6568405227
0.4134151451	0.5865848549	0.7262774982	0.6560239263
0.4144161261	0.5855838739	0.7275568183	0.6552090431
0.4154171071	0.5845828929	0.7288320164	0.6543958695
0.4164180881	0.5835819119	0.7301030969	0.6535844022
0.4174190691	0.5825809309	0.731370064	0.6527746378
0.4184200501	0.5815799499	0.732632922	0.651966573
0.419421031	0.580578969	0.7338916753	0.6511602044
0.420422012	0.579577988	0.7351463285	0.6503555284
0.421422993	0.578577007	0.736396886	0.6495525418
0.422423974	0.577576026	0.7376433526	0.648751241
0.423424955	0.576575045	0.738885733	0.6479516226
0.4244259359	0.5755740641	0.740124032	0.6471536832
0.4254269169	0.5745730831	0.7413582544	0.6463574193
0.4264278979	0.5735721021	0.7425884052	0.6455628274
0.4274288789	0.5725711211	0.7438144894	0.6447699041
0.4284298599	0.5715701401	0.7450365121	0.6439786459
0.4294308408	0.5705691592	0.7462544785	0.6431890493
0.4304318218	0.5695681782	0.7474683937	0.6424011107
0.4314328028	0.5685671972	0.7486782631	0.6416148267
0.4324337838	0.5675662162	0.7498840919	0.6408301938
0.4334347648	0.5665652352	0.7510858857	0.6400472085
0.4344357457	0.5655642543	0.7522836499	0.6392658671
0.4354367267	0.5645632733	0.75347739	0.6384861663
0.4364377077	0.5635622923	0.7546671116	0.6377081024
0.4374386887	0.5625613113	0.7558528204	0.6369316719
0.4384396697	0.5615603303	0.7570345222	0.6361568713
0.4394406507	0.5605593493	0.7582122227	0.635383697
0.4404416316	0.5595583684	0.7593859277	0.6346121454
0.4414426126	0.5585573874	0.7605556431	0.6338422131
0.4424435936	0.5575564064	0.761721375	0.6330738964
0.4434445746	0.5565554254	0.7628831292	0.6323071917
0.4444455556	0.5555544444	0.7640409119	0.6315420956
0.4454465365	0.5545534635	0.7651947291	0.6307786044
0.4464475175	0.5535524825	0.7663445871	0.6300167146
0.4474484985	0.5525515015	0.767490492	0.6292564225
0.4484494795	0.5515505205	0.7686324501	0.6284977246
0.4494504605	0.5505495395	0.7697704678	0.6277406173
0.4504514414	0.5495485586	0.7709045513	0.626985097
0.4514524224	0.5485475776	0.7720347071	0.6262311601
0.4524534034	0.5475465966	0.7731609417	0.6254788031
0.4534543844	0.5465456156	0.7742832616	0.6247280223
0.4544553654	0.5455446346	0.7754016732	0.6239788142
0.4554563463	0.5445436537	0.7765161833	0.6232311751
0.4564573273	0.5435426727	0.7776267984	0.6224851015
0.4574583083	0.5425416917	0.7787335252	0.6217405897
0.4584592893	0.5415407107	0.7798363705	0.6209976362
0.4594602703	0.5405397297	0.780935341	0.6202562374
0.4604612513	0.5395387487	0.7820304434	0.6195163896
0.4614622322	0.5385377678	0.7831216848	0.6187780893
0.4624632132	0.5375367868	0.7842090719	0.6180413328
0.4634641942	0.5365358058	0.7852926116	0.6173061166
0.4644651752	0.5355348248	0.786372311	0.6165724371
0.4654661562	0.5345338438	0.787448177	0.6158402907
0.4664671371	0.5335328629	0.7885202166	0.6151096737
0.4674681181	0.5325318819	0.789588437	0.6143805826
0.4684690991	0.5315309009	0.7906528451	0.6136530138
0.4694700801	0.5305299199	0.7917134482	0.6129269636
0.4704710611	0.5295289389	0.7927702535	0.6122024286
0.471472042	0.528527958	0.7938232681	0.6114794051
0.472473023	0.527526977	0.7948724992	0.6107578894
0.473474004	0.526525996	0.7959179541	0.6100378781
0.474474985	0.525525015	0.7969596402	0.6093193676
0.475475966	0.524524034	0.7979975647	0.6086023541
0.4764769469	0.5235230531	0.7990317351	0.6078868343
0.4774779279	0.5225220721	0.8000621586	0.6071728044
0.4784789089	0.5215210911	0.8010888427	0.606460261
0.4794798899	0.5205201101	0.8021117948	0.6057492003
0.4804808709	0.5195191291	0.8031310225	0.605039619
0.4814818519	0.5185181481	0.8041465332	0.6043315133
0.4824828328	0.5175171672	0.8051583344	0.6036248798
0.4834838138	0.5165161862	0.8061664336	0.6029197148
0.4844847948	0.5155152052	0.8071708385	0.6022160148
0.4854857758	0.5145142242	0.8081715566	0.6015137762
0.4864867568	0.5135132432	0.8091685956	0.6008129955
0.4874877377	0.5125122623	0.810161963	0.6001136692
0.4884887187	0.5115112813	0.8111516666	0.5994157936
0.4894896997	0.5105103003	0.812137714	0.5987193652
0.4904906807	0.5095093193	0.8131201129	0.5980243806
0.4914916617	0.5085083383	0.8140988711	0.5973308361
0.4924926426	0.5075073574	0.8150739963	0.5966387282
0.4934936236	0.5065063764	0.8160454963	0.5959480534
0.4944946046	0.5055053954	0.8170133788	0.5952588082
0.4954955856	0.5045044144	0.8179776516	0.594570989
0.4964965666	0.5035034334	0.8189383227	0.5938845923
0.4974975475	0.5025024525	0.8198953997	0.5931996147
0.4984985285	0.5015014715	0.8208488906	0.5925160525
0.4994995095	0.5005004905	0.8217988032	0.5918339024
0.5005004905	0.4994995095	0.8227451455	0.5911531607
0.5015014715	0.4984985285	0.8236879253	0.5904738241
0.5025024525	0.4974975475	0.8246271506	0.5897958889
0.5035034334	0.4964965666	0.8255628292	0.5891193518
0.5045044144	0.4954955856	0.8264949691	0.5884442092
0.5055053954	0.4944946046	0.8274235784	0.5877704577
0.5065063764	0.4934936236	0.8283486649	0.5870980938
0.5075073574	0.4924926426	0.8292702366	0.586427114
0.5085083383	0.4914916617	0.8301883016	0.5857575149
0.5095093193	0.4904906807	0.8311028679	0.585089293
0.5105103003	0.4894896997	0.8320139434	0.5844224448
0.5115112813	0.4884887187	0.8329215363	0.583756967
0.5125122623	0.4874877377	0.8338256545	0.5830928561
0.5135132432	0.4864867568	0.8347263062	0.5824301086
0.5145142242	0.4854857758	0.8356234993	0.5817687211
0.5155152052	0.4844847948	0.836517242	0.5811086902
0.5165161862	0.4834838138	0.8374075424	0.5804500124
0.5175171672	0.4824828328	0.8382944085	0.5797926845
0.5185181481	0.4814818519	0.8391778484	0.5791367029
0.5195191291	0.4804808709	0.8400578703	0.5784820642
0.5205201101	0.4794798899	0.8409344822	0.5778287651
0.5215210911	0.4784789089	0.8418076923	0.5771768022
0.5225220721	0.4774779279	0.8426775088	0.576526172
0.5235230531	0.4764769469	0.8435439397	0.5758768713
0.524524034	0.475475966	0.8444069932	0.5752288966
0.525525015	0.474474985	0.8452666775	0.5745822446
0.526525996	0.473474004	0.8461230006	0.5739369119
0.527526977	0.472473023	0.8469759708	0.5732928952
0.528527958	0.471472042	0.8478255963	0.5726501911
0.5295289389	0.4704710611	0.8486718851	0.5720087962
0.5305299199	0.4694700801	0.8495148455	0.5713687073
0.5315309009	0.4684690991	0.8503544857	0.5707299211
0.5325318819	0.4674681181	0.8511908138	0.5700924341
0.5335328629	0.4664671371	0.852023838	0.5694562431
0.5345338438	0.4654661562	0.8528535665	0.5688213449
0.5355348248	0.4644651752	0.8536800074	0.5681877359
0.5365358058	0.4634641942	0.8545031691	0.5675554131
0.5375367868	0.4624632132	0.8553230596	0.5669243731
0.5385377678	0.4614622322	0.8561396871	0.5662946125
0.5395387487	0.4604612513	0.8569530599	0.5656661282
0.5405397297	0.4594602703	0.8577631862	0.5650389169
0.5415407107	0.4584592893	0.858570074	0.5644129753
0.5425416917	0.4574583083	0.8593737318	0.5637883001
0.5435426727	0.4564573273	0.8601741675	0.5631648882
0.5445436537	0.4554563463	0.8609713895	0.5625427362
0.5455446346	0.4544553654	0.861765406	0.561921841
0.5465456156	0.4534543844	0.862556225	0.5613021992
0.5475465966	0.4524534034	0.8633438549	0.5606838078
0.5485475776	0.4514524224	0.8641283037	0.5600666634
0.5495485586	0.4504514414	0.8649095798	0.5594507628
0.5505495395	0.4494504605	0.8656876913	0.558836103
0.5515505205	0.4484494795	0.8664626463	0.5582226806
0.5525515015	0.4474484985	0.8672344531	0.5576104925
0.5535524825	0.4464475175	0.8680031199	0.5569995355
0.5545534635	0.4454465365	0.8687686548	0.5563898064
0.5555544444	0.4444455556	0.8695310659	0.5557813022
0.5565554254	0.4434445746	0.8702903616	0.5551740195
0.5575564064	0.4424435936	0.8710465499	0.5545679553
0.5585573874	0.4414426126	0.871799639	0.5539631064
0.5595583684	0.4404416316	0.8725496371	0.5533594697
0.5605593493	0.4394406507	0.8732965523	0.5527570421
0.5615603303	0.4384396697	0.8740403928	0.5521558204
0.5625613113	0.4374386887	0.8747811668	0.5515558015
0.5635622923	0.4364377077	0.8755188823	0.5509569824
0.5645632733	0.4354367267	0.8762535475	0.5503593598
0.5655642543	0.4344357457	0.8769851706	0.5497629308
0.5665652352	0.4334347648	0.8777137597	0.5491676922
0.5675662162	0.4324337838	0.8784393229	0.548573641
0.5685671972	0.4314328028	0.8791618683	0.547980774
0.5695681782	0.4304318218	0.879881404	0.5473890883
0.5705691592	0.4294308408	0.8805979382	0.5467985808
0.5715701401	0.4284298599	0.8813114789	0.5462092483
0.5725711211	0.4274288789	0.8820220342	0.545621088
0.5735721021	0.4264278979	0.8827296122	0.5450340967
0.5745730831	0.4254269169	0.8834342211	0.5444482714
0.5755740641	0.4244259359	0.8841358688	0.5438636091
0.576575045	0.423424955	0.8848345634	0.5432801068
0.577576026	0.422423974	0.885530313	0.5426977615
0.578577007	0.421422993	0.8862231256	0.5421165701
0.579577988	0.420422012	0.8869130093	0.5415365298
0.580578969	0.419421031	0.8875999721	0.5409576374
0.5815799499	0.4184200501	0.888284022	0.5403798901
0.5825809309	0.4174190691	0.8889651671	0.5398032848
0.5835819119	0.4164180881	0.8896434153	0.5392278187
0.5845828929	0.4154171071	0.8903187747	0.5386534887
0.5855838739	0.4144161261	0.8909912531	0.5380802919
0.5865848549	0.4134151451	0.8916608587	0.5375082254
0.5875858358	0.4124141642	0.8923275994	0.5369372862
0.5885868168	0.4114131832	0.8929914832	0.5363674714
0.5895877978	0.4104122022	0.8936525179	0.5357987782
0.5905887788	0.4094112212	0.8943107116	0.5352312035
0.5915897598	0.4084102402	0.8949660722	0.5346647445
0.5925907407	0.4074092593	0.8956186076	0.5340993983
0.5935917217	0.4064082783	0.8962683257	0.533535162
0.5945927027	0.4054072973	0.8969152344	0.5329720327
0.5955936837	0.4044063163	0.8975593416	0.5324100076
0.5965946647	0.4034053353	0.8982006552	0.5318490837
0.5975956456	0.4024043544	0.8988391831	0.5312892583
0.5985966266	0.4014033734	0.8994749331	0.5307305285
0.5995976076	0.4004023924	0.9001079131	0.5301728915
0.6005985886	0.3994014114	0.900738131	0.5296163443
0.6015995696	0.3984004304	0.9013655944	0.5290608842
0.6026005506	0.3973994494	0.9019903114	0.5285065084
0.6036015315	0.3963984685	0.9026122896	0.527953214
0.6046025125	0.3953974875	0.9032315369	0.5274009983
0.6056034935	0.3943965065	0.903848061	0.5268498584
0.6066044745	0.3933955255	0.9044618698	0.5262997916
0.6076054555	0.3923945445	0.9050729709	0.5257507951
0.6086064364	0.3913935636	0.9056813722	0.525202866
0.6096074174	0.3903925826	0.9062870814	0.5246560017
0.6106083984	0.3893916016	0.9068901062	0.5241101994
0.6116093794	0.3883906206	0.9074904542	0.5235654562
0.6126103604	0.3873896396	0.9080881333	0.5230217696
0.6136113413	0.3863886587	0.9086831511	0.5224791367
0.6146123223	0.3853876777	0.9092755152	0.5219375547
0.6156133033	0.3843866967	0.9098652334	0.5213970211
0.6166142843	0.3833857157	0.9104523133	0.520857533
0.6176152653	0.3823847347	0.9110367625	0.5203190878
0.6186162462	0.3813837538	0.9116185887	0.5197816827
0.6196172272	0.3803827728	0.9121977994	0.5192453151
0.6206182082	0.3793817918	0.9127744023	0.5187099822
0.6216191892	0.3783808108	0.913348405	0.5181756814
0.6226201702	0.3773798298	0.9139198149	0.5176424101
0.6236211512	0.3763788488	0.9144886398	0.5171101655
0.6246221321	0.3753778679	0.915054887	0.516578945
0.6256231131	0.3743768869	0.9156185643	0.5160487459
0.6266240941	0.3733759059	0.916179679	0.5155195656
0.6276250751	0.3723749249	0.9167382387	0.5149914015
0.6286260561	0.3713739439	0.917294251	0.5144642509
0.629627037	0.370372963	0.9178477231	0.5139381113
0.630628018	0.369371982	0.9183986627	0.5134129799
0.631628999	0.368371001	0.9189470772	0.5128888543
0.63262998	0.36737002	0.919492974	0.5123657317
0.633630961	0.366369039	0.9200363606	0.5118436096
0.6346319419	0.3653680581	0.9205772443	0.5113224854
0.6356329229	0.3643670771	0.9211156325	0.5108023566
0.6366339039	0.3633660961	0.9216515327	0.5102832205
0.6376348849	0.3623651151	0.9221849522	0.5097650746
0.6386358659	0.3613641341	0.9227158984	0.5092479164
0.6396368468	0.3603631532	0.9232443785	0.5087317433
0.6406378278	0.3593621722	0.9237704	0.5082165527
0.6416388088	0.3583611912	0.92429397	0.5077023421
0.6426397898	0.3573602102	0.9248150961	0.507189109
0.6436407708	0.3563592292	0.9253337853	0.5066768509
0.6446417518	0.3553582482	0.925850045	0.5061655652
0.6456427327	0.3543572673	0.9263638824	0.5056552495
0.6466437137	0.3533562863	0.9268753048	0.5051459012
0.6476446947	0.3523553053	0.9273843194	0.5046375179
0.6486456757	0.3513543243	0.9278909333	0.504130097
0.6496466567	0.3503533433	0.9283951539	0.5036236361
0.6506476376	0.3493523624	0.9288969882	0.5031181327
0.6516486186	0.3483513814	0.9293964435	0.5026135844
0.6526495996	0.3473504004	0.9298935268	0.5021099886
0.6536505806	0.3463494194	0.9303882454	0.501607343
0.6546515616	0.3453484384	0.9308806063	0.5011056451
0.6556525425	0.3443474575	0.9313706166	0.5006048925
0.6566535235	0.3433464765	0.9318582835	0.5001050827
0.6576545045	0.3423454955	0.9323436139	0.4996062132
0.6586554855	0.3413445145	0.932826615	0.4991082818
0.6596564665	0.3403435335	0.9333072939	0.4986112859
0.6606574474	0.3393425526	0.9337856574	0.4981152233
0.6616584284	0.3383415716	0.9342617127	0.4976200914
0.6626594094	0.3373405906	0.9347354667	0.4971258879
0.6636603904	0.3363396096	0.9352069265	0.4966326104
0.6646613714	0.3353386286	0.9356760989	0.4961402565
0.6656623524	0.3343376476	0.936142991	0.4956488239
0.6666633333	0.3333366667	0.9366076097	0.4951583102
0.6676643143	0.3323356857	0.9370699618	0.494668713
0.6686652953	0.3313347047	0.9375300544	0.4941800301
0.6696662763	0.3303337237	0.9379878942	0.493692259
0.6706672573	0.3293327427	0.9384434882	0.4932053974
0.6716682382	0.3283317618	0.9388968432	0.4927194431
0.6726692192	0.3273307808	0.9393479661	0.4922343936
0.6736702002	0.3263297998	0.9397968637	0.4917502466
0.6746711812	0.3253288188	0.9402435428	0.491267
0.6756721622	0.3243278378	0.9406880102	0.4907846512
0.6766731431	0.3233268569	0.9411302726	0.4903031982
0.6776741241	0.3223258759	0.941570337	0.4898226385
0.6786751051	0.3213248949	0.9420082099	0.4893429699
0.6796760861	0.3203239139	0.9424438981	0.4888641901
0.6806770671	0.3193229329	0.9428774083	0.4883862968
0.681678048	0.318321952	0.9433087474	0.4879092879
0.682679029	0.317320971	0.9437379218	0.4874331609
0.68368001	0.31631999	0.9441649383	0.4869579138
0.684680991	0.315319009	0.9445898036	0.4864835442
0.685681972	0.314318028	0.9450125243	0.4860100499
0.686682953	0.313317047	0.945433107	0.4855374286
0.6876839339	0.3123160661	0.9458515583	0.4850656783
0.6886849149	0.3113150851	0.9462678849	0.4845947965
0.6896858959	0.3103141041	0.9466820932	0.4841247812
0.6906868769	0.3093131231	0.9470941898	0.4836556301
0.6916878579	0.3083121421	0.9475041814	0.4831873411
0.6926888388	0.3073111612	0.9479120744	0.4827199119
0.6936898198	0.3063101802	0.9483178753	0.4822533403
0.6946908008	0.3053091992	0.9487215906	0.4817876242
0.6956917818	0.3043082182	0.9491232268	0.4813227614
0.6966927628	0.3033072372	0.9495227904	0.4808587498
0.6976937437	0.3023062563	0.9499202878	0.4803955872
0.6986947247	0.3013052753	0.9503157254	0.4799332714
0.6996957057	0.3003042943	0.9507091097	0.4794718002
0.7006966867	0.2993033133	0.9511004471	0.4790111717
0.7016976677	0.2983023323	0.9514897439	0.4785513835
0.7026986486	0.2973013514	0.9518770065	0.4780924336
0.7036996296	0.2963003704	0.9522622413	0.4776343199
0.7047006106	0.2952993894	0.9526454546	0.4771770402
0.7057015916	0.2942984084	0.9530266527	0.4767205925
0.7067025726	0.2932974274	0.953405842	0.4762649747
0.7077035536	0.2922964464	0.9537830286	0.4758101845
0.7087045345	0.2912954655	0.954158219	0.4753562201
0.7097055155	0.2902944845	0.9545314192	0.4749030792
0.7107064965	0.2892935035	0.9549026357	0.4744507598
0.7117074775	0.2882925225	0.9552718746	0.4739992598
0.7127084585	0.2872915415	0.9556391421	0.4735485772
0.7137094394	0.2862905606	0.9560044444	0.4730987099
0.7147104204	0.2852895796	0.9563677877	0.4726496558
0.7157114014	0.2842885986	0.9567291781	0.472201413
0.7167123824	0.2832876176	0.9570886218	0.4717539793
0.7177133634	0.2822866366	0.957446125	0.4713073527
0.7187143443	0.2812856557	0.9578016936	0.4708615312
0.7197153253	0.2802846747	0.958155334	0.4704165128
0.7207163063	0.2792836937	0.958507052	0.4699722954
0.7217172873	0.2782827127	0.9588568538	0.4695288771
0.7227182683	0.2772817317	0.9592047454	0.4690862558
0.7237192492	0.2762807508	0.9595507329	0.4686444296
0.7247202302	0.2752797698	0.9598948223	0.4682033964
0.7257212112	0.2742787888	0.9602370196	0.4677631543
0.7267221922	0.2732778078	0.9605773307	0.4673237012
0.7277231732	0.2722768268	0.9609157617	0.4668850353
0.7287241542	0.2712758458	0.9612523185	0.4664471544
0.7297251351	0.2702748649	0.961587007	0.4660100568
0.7307261161	0.2692738839	0.9619198331	0.4655737403
0.7317270971	0.2682729029	0.9622508029	0.4651382031
0.7327280781	0.2672719219	0.962579922	0.4647034433
0.7337290591	0.2662709409	0.9629071965	0.4642694587
0.73473004	0.26526996	0.9632326322	0.4638362477
0.735731021	0.264268979	0.963556235	0.4634038081
0.736732002	0.263267998	0.9638780106	0.4629721381
0.737732983	0.262267017	0.9641979649	0.4625412358
0.738733964	0.261266036	0.9645161036	0.4621110992
0.7397349449	0.2602650551	0.9648324326	0.4616817264
0.7407359259	0.2592640741	0.9651469577	0.4612531156
0.7417369069	0.2582630931	0.9654596845	0.4608252649
0.7427378879	0.2572621121	0.9657706188	0.4603981722
0.7437388689	0.2562611311	0.9660797664	0.4599718359
0.7447398498	0.2552601502	0.9663871328	0.459546254
0.7457408308	0.2542591692	0.9666927239	0.4591214245
0.7467418118	0.2532581882	0.9669965453	0.4586973458
0.7477427928	0.2522572072	0.9672986027	0.4582740158
0.7487437738	0.2512562262	0.9675989016	0.4578514327
0.7497447548	0.2502552452	0.9678974477	0.4574295948
0.7507457357	0.2492542643	0.9681942467	0.4570085
0.7517467167	0.2482532833	0.9684893041	0.4565881467
0.7527476977	0.2472523023	0.9687826255	0.4561685329
0.7537486787	0.2462513213	0.9690742164	0.4557496569
0.7547496597	0.2452503403	0.9693640825	0.4553315167
0.7557506406	0.2442493594	0.9696522292	0.4549141107
0.7567516216	0.2432483784	0.9699386621	0.4544974369
0.7577526026	0.2422473974	0.9702233866	0.4540814936
0.7587535836	0.2412464164	0.9705064083	0.4536662789
0.7597545646	0.2402454354	0.9707877327	0.4532517911
0.7607555455	0.2392444545	0.9710673651	0.4528380284
0.7617565265	0.2382434735	0.971345311	0.452424989
0.7627575075	0.2372424925	0.9716215759	0.4520126711
0.7637584885	0.2362415115	0.9718961652	0.4516010729
0.7647594695	0.2352405305	0.9721690842	0.4511901927
0.7657604505	0.2342395495	0.9724403383	0.4507800287
0.7667614314	0.2332385686	0.972709933	0.4503705791
0.7677624124	0.2322375876	0.9729778735	0.4499618422
0.7687633934	0.2312366066	0.9732441652	0.4495538162
0.7697643744	0.2302356256	0.9735088134	0.4491464994
0.7707653554	0.2292346446	0.9737718234	0.4487398901
0.7717663363	0.2282336637	0.9740332006	0.4483339864
0.7727673173	0.2272326827	0.9742929501	0.4479287868
0.7737682983	0.2262317017	0.9745510772	0.4475242894
0.7747692793	0.2252307207	0.9748075873	0.4471204926
0.7757702603	0.2242297397	0.9750624854	0.4467173945
0.7767712412	0.2232287588	0.9753157769	0.4463149936
0.7777722222	0.2222277778	0.9755674669	0.4459132881
0.7787732032	0.2212267968	0.9758175607	0.4455122764
0.7797741842	0.2202258158	0.9760660633	0.4451119566
0.7807751652	0.2192248348	0.97631298	0.4447123272
0.7817761461	0.2182238539	0.9765583158	0.4443133864
0.7827771271	0.2172228729	0.976802076	0.4439151326
0.7837781081	0.2162218919	0.9770442656	0.4435175641
0.7847790891	0.2152209109	0.9772848897	0.4431206792
0.7857800701	0.2142199299	0.9775239534	0.4427244763
0.7867810511	0.2132189489	0.9777614618	0.4423289537
0.787782032	0.212217968	0.9779974199	0.4419341098
0.788783013	0.211216987	0.9782318328	0.4415399428
0.789783994	0.210216006	0.9784647054	0.4411464512
0.790784975	0.209215025	0.9786960429	0.4407536333
0.791785956	0.208214044	0.9789258501	0.4403614875
0.7927869369	0.2072130631	0.9791541322	0.4399700122
0.7937879179	0.2062120821	0.9793808939	0.4395792057
0.7947888989	0.2052111011	0.9796061403	0.4391890664
0.7957898799	0.2042101201	0.9798298764	0.4387995926
0.7967908609	0.2032091391	0.980052107	0.4384107829
0.7977918418	0.2022081582	0.9802728371	0.4380226356
0.7987928228	0.2012071772	0.9804920715	0.437635149
0.7997938038	0.2002061962	0.9807098151	0.4372483216
0.8007947848	0.1992052152	0.9809260729	0.4368621518
0.8017957658	0.1982042342	0.9811408495	0.436476638
0.8027967467	0.1972032533	0.98135415	0.4360917786
0.8037977277	0.1962022723	0.981565979	0.435707572
0.8047987087	0.1952012913	0.9817763415	0.4353240167
0.8057996897	0.1942003103	0.9819852422	0.4349411111
0.8068006707	0.1931993293	0.9821926859	0.4345588537
0.8078016517	0.1921983483	0.9823986773	0.4341772428
0.8088026326	0.1911973674	0.9826032212	0.433796277
0.8098036136	0.1901963864	0.9828063224	0.4334159546
0.8108045946	0.1891954054	0.9830079855	0.4330362741
0.8118055756	0.1881944244	0.9832082153	0.4326572341
0.8128065566	0.1871934434	0.9834070165	0.4322788329
0.8138075375	0.1861924625	0.9836043937	0.431901069
0.8148085185	0.1851914815	0.9838003517	0.4315239409
0.8158094995	0.1841905005	0.983994895	0.431147447
0.8168104805	0.1831895195	0.9841880284	0.4307715859
0.8178114615	0.1821885385	0.9843797564	0.4303963561
0.8188124424	0.1811875576	0.9845700837	0.430021756
0.8198134234	0.1801865766	0.9847590148	0.4296477841
0.8208144044	0.1791855956	0.9849465544	0.4292744389
0.8218153854	0.1781846146	0.985132707	0.4289017189
0.8228163664	0.1771836336	0.9853174771	0.4285296227
0.8238173473	0.1761826527	0.9855008694	0.4281581487
0.8248183283	0.1751816717	0.9856828884	0.4277872955
0.8258193093	0.1741806907	0.9858635385	0.4274170616
0.8268202903	0.1731797097	0.9860428243	0.4270474454
0.8278212713	0.1721787287	0.9862207502	0.4266784457
0.8288222523	0.1711777477	0.9863973208	0.4263100608
0.8298232332	0.1701767668	0.9865725405	0.4259422893
0.8308242142	0.1691757858	0.9867464137	0.4255751297
0.8318251952	0.1681748048	0.986918945	0.4252085807
0.8328261762	0.1671738238	0.9870901387	0.4248426407
0.8338271572	0.1661728428	0.9872599992	0.4244773084
0.8348281381	0.1651718619	0.9874285309	0.4241125822
0.8358291191	0.1641708809	0.9875957382	0.4237484607
0.8368301001	0.1631698999	0.9877616255	0.4233849425
0.8378310811	0.1621689189	0.9879261972	0.4230220263
0.8388320621	0.1611679379	0.9880894575	0.4226597104
0.839833043	0.160166957	0.9882514109	0.4222979936
0.840834024	0.159165976	0.9884120616	0.4219368745
0.841835005	0.158164995	0.9885714139	0.4215763515
0.842835986	0.157164014	0.9887294721	0.4212164233
0.843836967	0.156163033	0.9888862406	0.4208570886
0.8448379479	0.1551620521	0.9890417235	0.4204983458
0.8458389289	0.1541610711	0.9891959252	0.4201401936
0.8468399099	0.1531600901	0.9893488499	0.4197826307
0.8478408909	0.1521591091	0.9895005017	0.4194256556
0.8488418719	0.1511581281	0.989650885	0.4190692669
0.8498428529	0.1501571471	0.9898000038	0.4187134633
0.8508438338	0.1491561662	0.9899478625	0.4183582434
0.8518448148	0.1481551852	0.9900944652	0.4180036058
0.8528457958	0.1471542042	0.990239816	0.4176495492
0.8538467768	0.1461532232	0.9903839191	0.4172960722
0.8548477578	0.1451522422	0.9905267786	0.4169431734
0.8558487387	0.1441512613	0.9906683987	0.4165908515
0.8568497197	0.1431502803	0.9908087835	0.4162391051
0.8578507007	0.1421492993	0.9909479371	0.4158879329
0.8588516817	0.1411483183	0.9910858635	0.4155373336
0.8598526627	0.1401473373	0.9912225668	0.4151873058
0.8608536436	0.1391463564	0.9913580512	0.4148378481
0.8618546246	0.1381453754	0.9914923206	0.4144889593
0.8628556056	0.1371443944	0.9916253791	0.414140638
0.8638565866	0.1361434134	0.9917572307	0.4137928829
0.8648575676	0.1351424324	0.9918878795	0.4134456926
0.8658585485	0.1341414515	0.9920173294	0.413099066
0.8668595295	0.1331404705	0.9921455844	0.4127530015
0.8678605105	0.1321394895	0.9922726485	0.412407498
0.8688614915	0.1311385085	0.9923985257	0.4120625541
0.8698624725	0.1301375275	0.9925232199	0.4117181686
0.8708634535	0.1291365465	0.992646735	0.4113743401
0.8718644344	0.1281355656	0.9927690751	0.4110310673
0.8728654154	0.1271345846	0.9928902439	0.410688349
0.8738663964	0.1261336036	0.9930102455	0.4103461839
0.8748673774	0.1251326226	0.9931290836	0.4100045707
0.8758683584	0.1241316416	0.9932467623	0.409663508
0.8768693393	0.1231306607	0.9933632853	0.4093229947
0.8778703203	0.1221296797	0.9934786565	0.4089830295
0.8788713013	0.1211286987	0.9935928797	0.4086436111
0.8798722823	0.1201277177	0.9937059588	0.4083047382
0.8808732633	0.1191267367	0.9938178977	0.4079664096
0.8818742442	0.1181257558	0.9939287	0.407628624
0.8828752252	0.1171247748	0.9940383697	0.4072913801
0.8838762062	0.1161237938	0.9941469104	0.4069546768
0.8848771872	0.1151228128	0.994254326	0.4066185128
0.8858781682	0.1141218318	0.9943606203	0.4062828868
0.8868791491	0.1131208509	0.9944657969	0.4059477976
0.8878801301	0.1121198699	0.9945698596	0.4056132439
0.8888811111	0.1111188889	0.9946728122	0.4052792246
0.8898820921	0.1101179079	0.9947746584	0.4049457384
0.8908830731	0.1091169269	0.9948754018	0.4046127841
0.8918840541	0.1081159459	0.9949750462	0.4042803604
0.892885035	0.107114965	0.9950735953	0.4039484662
0.893886016	0.106113984	0.9951710526	0.4036171002
0.894886997	0.105113003	0.995267422	0.4032862612
0.895887978	0.104112022	0.9953627069	0.4029559481
0.896888959	0.103111041	0.9954569111	0.4026261596
0.8978899399	0.1021100601	0.9955500382	0.4022968944
0.8988909209	0.1011090791	0.9956420917	0.4019681515
0.8998919019	0.1001080981	0.9957330754	0.4016399296
0.9008928829	0.09910711712	0.9958229928	0.4013122276
0.9018938639	0.09810613614	0.9959118474	0.4009850442
0.9028948448	0.09710515516	0.9959996428	0.4006583783
0.9038958258	0.09610417417	0.9960863827	0.4003322286
0.9048968068	0.09510319319	0.9961720704	0.4000065941
0.9058977878	0.09410221221	0.9962567097	0.3996814735
0.9068987688	0.09310123123	0.9963403039	0.3993568657
0.9078997497	0.09210025025	0.9964228567	0.3990327695
0.9089007307	0.09109926927	0.9965043715	0.3987091838
0.9099017117	0.09009828829	0.9965848517	0.3983861073
0.9109026927	0.08909730731	0.996664301	0.398063539
0.9119036737	0.08809632633	0.9967427227	0.3977414777
0.9129046547	0.08709534535	0.9968201204	0.3974199222
0.9139056356	0.08609436436	0.9968964974	0.3970988713
0.9149066166	0.08509338338	0.9969718571	0.3967783241
0.9159075976	0.0840924024	0.9970462032	0.3964582792
0.9169085786	0.08309142142	0.9971195388	0.3961387356
0.9179095596	0.08209044044	0.9971918675	0.3958196921
0.9189105405	0.08108945946	0.9972631927	0.3955011477
0.9199115215	0.08008847848	0.9973335176	0.3951831011
0.9209125025	0.0790874975	0.9974028458	0.3948655513
0.9219134835	0.07808651652	0.9974711805	0.3945484971
0.9229144645	0.07708553554	0.9975385252	0.3942319375
0.9239154454	0.07608455455	0.997604883	0.3939158713
0.9249164264	0.07508357357	0.9976702575	0.3936002973
0.9259174074	0.07408259259	0.9977346519	0.3932852146
0.9269183884	0.07308161161	0.9977980695	0.3929706219
0.9279193694	0.07208063063	0.9978605136	0.3926565183
0.9289203504	0.07107964965	0.9979219875	0.3923429025
0.9299213313	0.07007866867	0.9979824945	0.3920297735
0.9309223123	0.06907768769	0.9980420379	0.3917171303
0.9319232933	0.06807670671	0.9981006209	0.3914049716
0.9329242743	0.06707572573	0.9981582467	0.3910932965
0.9339252553	0.06607474474	0.9982149186	0.3907821039
0.9349262362	0.06507376376	0.9982706399	0.3904713926
0.9359272172	0.06407278278	0.9983254137	0.3901611616
0.9369281982	0.0630718018	0.9983792432	0.3898514098
0.9379291792	0.06207082082	0.9984321317	0.3895421362
0.9389301602	0.06106983984	0.9984840824	0.3892333397
0.9399311411	0.06006885886	0.9985350983	0.3889250191
0.9409321221	0.05906787788	0.9985851828	0.3886171736
0.9419331031	0.0580668969	0.9986343389	0.3883098019
0.9429340841	0.05706591592	0.9986825697	0.3880029031
0.9439350651	0.05606493493	0.9987298785	0.3876964761
0.944936046	0.05506395395	0.9987762684	0.3873905199
0.945937027	0.05406297297	0.9988217424	0.3870850333
0.946938008	0.05306199199	0.9988663037	0.3867800155
0.947938989	0.05206101101	0.9989099554	0.3864754652
0.94893997	0.05106003003	0.9989527005	0.3861713815
0.949940951	0.05005904905	0.9989945422	0.3858677633
0.9509419319	0.04905806807	0.9990354835	0.3855646097
0.9519429129	0.04805708709	0.9990755275	0.3852619196
0.9529438939	0.04705610611	0.9991146771	0.3849596919
0.9539448749	0.04605512513	0.9991529356	0.3846579256
0.9549458559	0.04505414414	0.9991903059	0.3843566198
0.9559468368	0.04405316316	0.9992267909	0.3840557734
0.9569478178	0.04305218218	0.9992623938	0.3837553854
0.9579487988	0.0420512012	0.9992971176	0.3834554547
0.9589497798	0.04105022022	0.9993309651	0.3831559804
0.9599507608	0.04004923924	0.9993639395	0.3828569615
0.9609517417	0.03904825826	0.9993960436	0.3825583969
0.9619527227	0.03804727728	0.9994272805	0.3822602857
0.9629537037	0.0370462963	0.999457653	0.3819626269
0.9639546847	0.03604531532	0.9994871642	0.3816654194
0.9649556657	0.03504433433	0.999515817	0.3813686623
0.9659566466	0.03404335335	0.9995436143	0.3810723546
0.9669576276	0.03304237237	0.999570559	0.3807764953
0.9679586086	0.03204139139	0.9995966541	0.3804810834
0.9689595896	0.03104041041	0.9996219023	0.3801861179
0.9699605706	0.03003942943	0.9996463067	0.3798915979
0.9709615516	0.02903844845	0.9996698701	0.3795975224
0.9719625325	0.02803746747	0.9996925954	0.3793038904
0.9729635135	0.02703648649	0.9997144854	0.3790107009
0.9739644945	0.02603550551	0.999735543	0.378717953
0.9749654755	0.02503452452	0.999755771	0.3784256457
0.9759664565	0.02403354354	0.9997751723	0.3781337781
0.9769674374	0.02303256256	0.9997937497	0.3778423492
0.9779684184	0.02203158158	0.999811506	0.377551358
0.9789693994	0.0210306006	0.999828444	0.3772608035
0.9799703804	0.02002961962	0.9998445665	0.3769706849
0.9809713614	0.01902863864	0.9998598763	0.3766810012
0.9819723423	0.01802765766	0.9998743763	0.3763917514
0.9829733233	0.01702667668	0.9998880691	0.3761029346
0.9839743043	0.0160256957	0.9999009575	0.3758145499
0.9849752853	0.01502471471	0.9999130443	0.3755265963
0.9859762663	0.01402373373	0.9999243323	0.3752390728
0.9869772472	0.01302275275	0.9999348241	0.3749519786
0.9879782282	0.01202177177	0.9999445225	0.3746653127
0.9889792092	0.01102079079	0.9999534302	0.3743790742
0.9899801902	0.01001980981	0.99996155	0.3740932621
0.9909811712	0.009018828829	0.9999688845	0.3738078756
0.9919821522	0.008017847848	0.9999754364	0.3735229137
0.9929831331	0.007016866867	0.9999812085	0.3732383755
0.9939841141	0.006015885886	0.9999862033	0.3729542601
0.9949850951	0.005014904905	0.9999904237	0.3726705666
0.9959860761	0.004013923924	0.9999938721	0.372387294
0.9969870571	0.003012942943	0.9999965513	0.3721044415
0.997988038	0.002011961962	0.9999984639	0.3718220081
0.998989019	0.001010980981	0.9999996126	0.371539993
0.99999	1e-05	1	0.3712583952
