1e-05	0.99999	3.927164005e-05	0.9999999919
0.001010980981	0.998989019	4.610958245e-05	0.9999183592
0.002011961962	0.997988038	5.390838227e-05	0.9996821941
0.003012942943	0.9969870571	6.276910543e-05	0.9992994119
0.004013923924	0.9959860761	7.279944315e-05	0.9987775391
0.005014904905	0.9949850951	8.411379016e-05	0.998123734
0.006015885886	0.9939841141	9.683330004e-05	0.9973448046
0.007016866867	0.9929831331	0.0001110859176	0.9964472265
0.008017847848	0.9919821522	0.0001270063877	0.9954371599
0.009018828829	0.9909811712	0.0001447362422	0.9943204652
0.01001980981	0.9899801902	0.0001644237625	0.9931027187
0.01102079079	0.9889792092	0.0001862239216	0.9917892264
0.01202177177	0.9879782282	0.0002102983035	0.9903850382
0.01302275275	0.9869772472	0.0002368150016	0.9888949605
0.01402373373	0.9859762663	0.0002659484973	0.9873235686
0.01502471471	0.9849752853	0.0002978795188	0.9856752183
0.0160256957	0.9839743043	0.0003327948812	0.983954057
0.01702667668	0.9829733233	0.0003708873102	0.9821640341
0.01802765766	0.9819723423	0.0004123552475	0.980308911
0.01902863864	0.9809713614	0.0004574026431	0.9783922703
0.02002961962	0.9799703804	0.0005062387312	0.9764175249
0.0210306006	0.9789693994	0.0005590777943	0.9743879263
0.02203158158	0.9779684184	0.0006161389154	0.9723065728
0.02303256256	0.9769674374	0.0006776457185	0.9701764166
0.02403354354	0.9759664565	0.0007438261003	0.9680002717
0.02503452452	0.9749654755	0.0008149119531	0.9657808199
0.02603550551	0.9739644945	0.0008911388806	0.9635206179
0.02703648649	0.9729635135	0.0009727459069	0.9612221031
0.02803746747	0.9719625325	0.001059975181	0.9588875994
0.02903844845	0.9709615516	0.001153071678	0.9565193227
0.03003942943	0.9699605706	0.001252282894	0.9541193864
0.03104041041	0.9689595896	0.001357858544	0.9516898057
0.03204139139	0.9679586086	0.001470050253	0.9492325029
0.03304237237	0.9669576276	0.001589111253	0.9467493118
0.03404335335	0.9659566466	0.001715296074	0.9442419813
0.03504433433	0.9649556657	0.001848860244	0.9417121803
0.03604531532	0.9639546847	0.001990059984	0.9391615008
0.0370462963	0.9629537037	0.00213915191	0.9365914617
0.03804727728	0.9619527227	0.002296392738	0.9340035126
0.03904825826	0.9609517417	0.002462038995	0.9313990363
0.04004923924	0.9599507608	0.00263634673	0.9287793526
0.04105022022	0.9589497798	0.002819571236	0.9261457211
0.0420512012	0.9579487988	0.003011966773	0.9234993434
0.04305218218	0.9569478178	0.003213786301	0.9208413667
0.04405316316	0.9559468368	0.003425281221	0.9181728854
0.04505414414	0.9549458559	0.003646701117	0.9154949443
0.04605512513	0.9539448749	0.003878293508	0.9128085401
0.04705610611	0.9529438939	0.004120303615	0.9101146243
0.04805708709	0.9519429129	0.004372974124	0.9074141048
0.04905806807	0.9509419319	0.004636544966	0.9047078479
0.05005904905	0.949940951	0.004911253101	0.9019966805
0.05106003003	0.94893997	0.005197332312	0.8992813914
0.05206101101	0.947938989	0.005495013011	0.8965627332
0.05306199199	0.946938008	0.005804522045	0.8938414242
0.05406297297	0.945937027	0.00612608252	0.8911181495
0.05506395395	0.944936046	0.006459913628	0.8883935626
0.05606493493	0.9439350651	0.006806230486	0.8856682868
0.05706591592	0.9429340841	0.007165243983	0.8829429168
0.0580668969	0.9419331031	0.007537160633	0.8802180194
0.05906787788	0.9409321221	0.007922182441	0.8774941352
0.06006885886	0.9399311411	0.008320506777	0.8747717797
0.06106983984	0.9389301602	0.008732326254	0.8720514439
0.06207082082	0.9379291792	0.00915782862	0.8693335961
0.0630718018	0.9369281982	0.009597196655	0.8666186822
0.06407278278	0.9359272172	0.01005060808	0.8639071273
0.06507376376	0.9349262362	0.01051823546	0.8611993361
0.06607474474	0.9339252553	0.01100024615	0.8584956938
0.06707572573	0.9329242743	0.01149680219	0.8557965674
0.06807670671	0.9319232933	0.01200806029	0.8531023059
0.06907768769	0.9309223123	0.01253417172	0.8504132415
0.07007866867	0.9299213313	0.01307528231	0.84772969
0.07107964965	0.9289203504	0.01363153236	0.8450519517
0.07208063063	0.9279193694	0.01420305666	0.8423803122
0.07308161161	0.9269183884	0.01478998442	0.8397150423
0.07408259259	0.9259174074	0.01539243929	0.8370563998
0.07508357357	0.9249164264	0.01601053927	0.8344046288
0.07608455455	0.9239154454	0.0166443968	0.8317599613
0.07708553554	0.9229144645	0.01729411867	0.829122617
0.07808651652	0.9219134835	0.01795980608	0.8264928042
0.0790874975	0.9209125025	0.01864155462	0.8238707201
0.08008847848	0.9199115215	0.01933945428	0.8212565515
0.08108945946	0.9189105405	0.02005358947	0.8186504749
0.08209044044	0.9179095596	0.02078403907	0.8160526571
0.08309142142	0.9169085786	0.02153087642	0.8134632557
0.0840924024	0.9159075976	0.02229416935	0.8108824193
0.08509338338	0.9149066166	0.02307398026	0.808310288
0.08609436436	0.9139056356	0.0238703661	0.8057469936
0.08709534535	0.9129046547	0.02468337845	0.8031926602
0.08809632633	0.9119036737	0.02551306356	0.8006474044
0.08909730731	0.9109026927	0.02635946239	0.7981113354
0.09009828829	0.9099017117	0.02722261067	0.7955845556
0.09109926927	0.9089007307	0.02810253895	0.7930671607
0.09210025025	0.9078997497	0.02899927268	0.7905592403
0.09310123123	0.9068987688	0.02991283223	0.7880608775
0.09410221221	0.9058977878	0.03084323298	0.78557215
0.09510319319	0.9048968068	0.03179048538	0.7830931296
0.09610417417	0.9038958258	0.03275459504	0.7806238827
0.09710515516	0.9028948448	0.03373556275	0.7781644709
0.09810613614	0.9018938639	0.0347333846	0.7757149506
0.09910711712	0.9008928829	0.03574805202	0.7732753736
0.1001080981	0.8998919019	0.03677955188	0.770845787
0.1011090791	0.8988909209	0.03782786655	0.7684262337
0.1021100601	0.8978899399	0.03889297398	0.7660167526
0.103111041	0.896888959	0.03997484777	0.7636173783
0.104112022	0.895887978	0.04107345729	0.7612281417
0.105113003	0.894886997	0.04218876771	0.7588490703
0.106113984	0.893886016	0.04332074009	0.7564801877
0.107114965	0.892885035	0.04446933149	0.7541215145
0.1081159459	0.8918840541	0.04563449505	0.7517730677
0.1091169269	0.8908830731	0.04681618003	0.7494348616
0.1101179079	0.8898820921	0.04801433193	0.7471069074
0.1111188889	0.8888811111	0.04922889259	0.7447892135
0.1121198699	0.8878801301	0.05045980023	0.7424817855
0.1131208509	0.8868791491	0.05170698955	0.7401846266
0.1141218318	0.8858781682	0.05297039184	0.7378977373
0.1151228128	0.8848771872	0.05424993503	0.735621116
0.1161237938	0.8838762062	0.05554554377	0.7333547586
0.1171247748	0.8828752252	0.05685713957	0.731098659
0.1181257558	0.8818742442	0.05818464082	0.7288528089
0.1191267367	0.8808732633	0.05952796289	0.7266171982
0.1201277177	0.8798722823	0.06088701823	0.7243918147
0.1211286987	0.8788713013	0.06226171646	0.7221766445
0.1221296797	0.8778703203	0.0636519644	0.719971672
0.1231306607	0.8768693393	0.06505766622	0.7177768799
0.1241316416	0.8758683584	0.06647872346	0.7155922494
0.1251326226	0.8748673774	0.06791503515	0.71341776
0.1261336036	0.8738663964	0.06936649788	0.71125339
0.1271345846	0.8728654154	0.07083300587	0.7090991163
0.1281355656	0.8718644344	0.07231445105	0.7069549143
0.1291365465	0.8708634535	0.07381072315	0.7048207583
0.1301375275	0.8698624725	0.07532170975	0.7026966215
0.1311385085	0.8688614915	0.07684729639	0.7005824759
0.1321394895	0.8678605105	0.07838736662	0.6984782923
0.1331404705	0.8668595295	0.07994180209	0.6963840406
0.1341414515	0.8658585485	0.08151048261	0.6942996899
0.1351424324	0.8648575676	0.0830932862	0.6922252079
0.1361434134	0.8638565866	0.08469008924	0.690160562
0.1371443944	0.8628556056	0.08630076643	0.6881057183
0.1381453754	0.8618546246	0.08792519096	0.6860606425
0.1391463564	0.8608536436	0.08956323451	0.6840252992
0.1401473373	0.8598526627	0.09121476736	0.6819996525
0.1411483183	0.8588516817	0.09287965841	0.6799836658
0.1421492993	0.8578507007	0.09455777529	0.6779773018
0.1431502803	0.8568497197	0.09624898441	0.6759805228
0.1441512613	0.8558487387	0.097953151	0.6739932903
0.1451522422	0.8548477578	0.09967013921	0.6720155654
0.1461532232	0.8538467768	0.1013998121	0.6700473087
0.1471542042	0.8528457958	0.1031420319	0.6680884803
0.1481551852	0.8518448148	0.1048966597	0.6661390399
0.1491561662	0.8508438338	0.1066635559	0.6641989467
0.1501571471	0.8498428529	0.10844258	0.6622681596
0.1511581281	0.8488418719	0.1102335907	0.6603466372
0.1521591091	0.8478408909	0.1120364462	0.6584343376
0.1531600901	0.8468399099	0.1138510039	0.6565312186
0.1541610711	0.8458389289	0.1156771206	0.654637238
0.1551620521	0.8448379479	0.1175146526	0.6527523531
0.156163033	0.843836967	0.1193634558	0.6508765209
0.157164014	0.842835986	0.1212233854	0.6490096983
0.158164995	0.841835005	0.1230942964	0.6471518419
0.159165976	0.840834024	0.1249760435	0.6453029084
0.160166957	0.839833043	0.1268684809	0.6434628539
0.1611679379	0.8388320621	0.1287714628	0.6416316346
0.1621689189	0.8378310811	0.1306848428	0.6398092067
0.1631698999	0.8368301001	0.1326084747	0.637995526
0.1641708809	0.8358291191	0.1345422121	0.6361905483
0.1651718619	0.8348281381	0.1364859082	0.6343942294
0.1661728428	0.8338271572	0.1384394166	0.6326065249
0.1671738238	0.8328261762	0.1404025905	0.6308273905
0.1681748048	0.8318251952	0.1423752834	0.6290567817
0.1691757858	0.8308242142	0.1443573487	0.6272946541
0.1701767668	0.8298232332	0.14634864	0.6255409632
0.1711777477	0.8288222523	0.1483490109	0.6237956644
0.1721787287	0.8278212713	0.1503583153	0.6220587133
0.1731797097	0.8268202903	0.1523764073	0.6203300654
0.1741806907	0.8258193093	0.1544031409	0.6186096762
0.1751816717	0.8248183283	0.1564383709	0.6168975014
0.1761826527	0.8238173473	0.1584819521	0.6151934965
0.1771836336	0.8228163664	0.1605337395	0.6134976172
0.1781846146	0.8218153854	0.1625935886	0.6118098192
0.1791855956	0.8208144044	0.1646613554	0.6101300584
0.1801865766	0.8198134234	0.166736896	0.6084582906
0.1811875576	0.8188124424	0.1688200673	0.6067944717
0.1821885385	0.8178114615	0.1709107263	0.6051385578
0.1831895195	0.8168104805	0.1730087306	0.6034905051
0.1841905005	0.8158094995	0.1751139384	0.6018502697
0.1851914815	0.8148085185	0.1772262084	0.6002178081
0.1861924625	0.8138075375	0.1793453998	0.5985930768
0.1871934434	0.8128065566	0.1814713722	0.5969760322
0.1881944244	0.8118055756	0.1836039862	0.5953666311
0.1891954054	0.8108045946	0.1857431027	0.5937648305
0.1901963864	0.8098036136	0.1878885832	0.5921705872
0.1911973674	0.8088026326	0.1900402901	0.5905838583
0.1921983483	0.8078016517	0.1921980862	0.5890046013
0.1931993293	0.8068006707	0.1943618351	0.5874327735
0.1942003103	0.8057996897	0.1965314013	0.5858683324
0.1952012913	0.8047987087	0.1987066496	0.5843112359
0.1962022723	0.8037977277	0.2008874458	0.5827614418
0.1972032533	0.8027967467	0.2030736564	0.5812189081
0.1982042342	0.8017957658	0.2052651487	0.5796835932
0.1992052152	0.8007947848	0.2074617907	0.5781554555
0.2002061962	0.7997938038	0.2096634513	0.5766344534
0.2012071772	0.7987928228	0.2118699999	0.5751205458
0.2022081582	0.7977918418	0.2140813072	0.5736136917
0.2032091391	0.7967908609	0.2162972442	0.57211385
0.2042101201	0.7957898799	0.2185176832	0.5706209802
0.2052111011	0.7947888989	0.220742497	0.5691350418
0.2062120821	0.7937879179	0.2229715595	0.5676559943
0.2072130631	0.7927869369	0.2252047452	0.5661837978
0.208214044	0.791785956	0.2274419297	0.5647184122
0.209215025	0.790784975	0.2296829894	0.5632597978
0.210216006	0.789783994	0.2319278017	0.5618079151
0.211216987	0.788783013	0.2341762446	0.5603627248
0.212217968	0.787782032	0.2364281972	0.5589241876
0.2132189489	0.7867810511	0.2386835397	0.5574922647
0.2142199299	0.7857800701	0.2409421529	0.5560669173
0.2152209109	0.7847790891	0.2432039186	0.5546481069
0.2162218919	0.7837781081	0.2454687196	0.553235795
0.2172228729	0.7827771271	0.2477364397	0.5518299437
0.2182238539	0.7817761461	0.2500069635	0.5504305149
0.2192248348	0.7807751652	0.2522801765	0.5490374709
0.2202258158	0.7797741842	0.2545559653	0.5476507743
0.2212267968	0.7787732032	0.2568342173	0.5462703876
0.2222277778	0.7777722222	0.2591148211	0.5448962738
0.2232287588	0.7767712412	0.261397666	0.5435283961
0.2242297397	0.7757702603	0.2636826424	0.5421667176
0.2252307207	0.7747692793	0.2659696415	0.540811202
0.2262317017	0.7737682983	0.2682585557	0.539461813
0.2272326827	0.7727673173	0.2705492782	0.5381185144
0.2282336637	0.7717663363	0.2728417032	0.5367812705
0.2292346446	0.7707653554	0.2751357259	0.5354500456
0.2302356256	0.7697643744	0.2774312424	0.5341248042
0.2312366066	0.7687633934	0.2797281498	0.5328055112
0.2322375876	0.7677624124	0.2820263463	0.5314921314
0.2332385686	0.7667614314	0.2843257308	0.5301846302
0.2342395495	0.7657604505	0.2866262035	0.5288829729
0.2352405305	0.7647594695	0.2889276653	0.527587125
0.2362415115	0.7637584885	0.2912300181	0.5262970525
0.2372424925	0.7627575075	0.2935331649	0.5250127213
0.2382434735	0.7617565265	0.2958370097	0.5237340976
0.2392444545	0.7607555455	0.2981414571	0.5224611479
0.2402454354	0.7597545646	0.3004464132	0.5211938389
0.2412464164	0.7587535836	0.3027517846	0.5199321373
0.2422473974	0.7577526026	0.3050574792	0.5186760102
0.2432483784	0.7567516216	0.3073634056	0.5174254249
0.2442493594	0.7557506406	0.3096694735	0.5161803488
0.2452503403	0.7547496597	0.3119755936	0.5149407496
0.2462513213	0.7537486787	0.3142816773	0.5137065951
0.2472523023	0.7527476977	0.3165876373	0.5124778534
0.2482532833	0.7517467167	0.3188933869	0.5112544928
0.2492542643	0.7507457357	0.3211988406	0.5100364818
0.2502552452	0.7497447548	0.3235039138	0.5088237889
0.2512562262	0.7487437738	0.3258085228	0.5076163831
0.2522572072	0.7477427928	0.3281125846	0.5064142335
0.2532581882	0.7467418118	0.3304160176	0.5052173092
0.2542591692	0.7457408308	0.3327187408	0.5040255798
0.2552601502	0.7447398498	0.3350206742	0.5028390149
0.2562611311	0.7437388689	0.3373217387	0.5016575843
0.2572621121	0.7427378879	0.3396218561	0.5004812581
0.2582630931	0.7417369069	0.3419209492	0.4993100066
0.2592640741	0.7407359259	0.3442189416	0.4981438001
0.2602650551	0.7397349449	0.3465157579	0.4969826094
0.261266036	0.738733964	0.3488113235	0.4958264051
0.262267017	0.737732983	0.3511055648	0.4946751583
0.263267998	0.736732002	0.353398409	0.4935288402
0.264268979	0.735731021	0.3556897841	0.4923874221
0.26526996	0.73473004	0.3579796193	0.4912508757
0.2662709409	0.7337290591	0.3602678444	0.4901191727
0.2672719219	0.7327280781	0.36255439	0.488992285
0.2682729029	0.7317270971	0.3648391878	0.4878701847
0.2692738839	0.7307261161	0.3671221703	0.4867528442
0.2702748649	0.7297251351	0.3694032707	0.4856402359
0.2712758458	0.7287241542	0.3716824232	0.4845323325
0.2722768268	0.7277231732	0.3739595628	0.4834291069
0.2732778078	0.7267221922	0.3762346254	0.482330532
0.2742787888	0.7257212112	0.3785075476	0.4812365811
0.2752797698	0.7247202302	0.380778267	0.4801472276
0.2762807508	0.7237192492	0.3830467218	0.4790624449
0.2772817317	0.7227182683	0.3853128511	0.477982207
0.2782827127	0.7217172873	0.387576595	0.4769064876
0.2792836937	0.7207163063	0.3898378941	0.4758352609
0.2802846747	0.7197153253	0.3920966901	0.474768501
0.2812856557	0.7187143443	0.3943529253	0.4737061825
0.2822866366	0.7177133634	0.3966065428	0.4726482799
0.2832876176	0.7167123824	0.3988574865	0.471594768
0.2842885986	0.7157114014	0.4011057012	0.4705456217
0.2852895796	0.7147104204	0.4033511322	0.4695008161
0.2862905606	0.7137094394	0.4055937259	0.4684603266
0.2872915415	0.7127084585	0.4078334291	0.4674241284
0.2882925225	0.7117074775	0.4100701898	0.4663921972
0.2892935035	0.7107064965	0.4123039563	0.4653645088
0.2902944845	0.7097055155	0.4145346778	0.464341039
0.2912954655	0.7087045345	0.4167623045	0.4633217641
0.2922964464	0.7077035536	0.4189867869	0.4623066601
0.2932974274	0.7067025726	0.4212080765	0.4612957035
0.2942984084	0.7057015916	0.4234261254	0.4602888709
0.2952993894	0.7047006106	0.4256408865	0.459286139
0.2963003704	0.7036996296	0.4278523134	0.4582874846
0.2973013514	0.7026986486	0.4300603603	0.4572928847
0.2983023323	0.7016976677	0.4322649823	0.4563023166
0.2993033133	0.7006966867	0.4344661348	0.4553157576
0.3003042943	0.6996957057	0.4366637744	0.4543331851
0.3013052753	0.6986947247	0.438857858	0.4533545768
0.3023062563	0.6976937437	0.4410483432	0.4523799104
0.3033072372	0.6966927628	0.4432351885	0.451409164
0.3043082182	0.6956917818	0.4454183529	0.4504423155
0.3053091992	0.6946908008	0.447597796	0.4494793432
0.3063101802	0.6936898198	0.4497734781	0.4485202255
0.3073111612	0.6926888388	0.4519453602	0.4475649409
0.3083121421	0.6916878579	0.454113404	0.446613468
0.3093131231	0.6906868769	0.4562775716	0.4456657856
0.3103141041	0.6896858959	0.4584378259	0.4447218727
0.3113150851	0.6886849149	0.4605941303	0.4437817085
0.3123160661	0.6876839339	0.462746449	0.4428452719
0.313317047	0.686682953	0.4648947466	0.4419125426
0.314318028	0.685681972	0.4670389886	0.4409834999
0.315319009	0.684680991	0.4691791406	0.4400581235
0.31631999	0.68368001	0.4713151693	0.4391363932
0.317320971	0.682679029	0.4734470418	0.4382182888
0.318321952	0.681678048	0.4755747256	0.4373037905
0.3193229329	0.6806770671	0.477698189	0.4363928783
0.3203239139	0.6796760861	0.4798174008	0.4354855327
0.3213248949	0.6786751051	0.4819323304	0.434581734
0.3223258759	0.6776741241	0.4840429477	0.4336814628
0.3233268569	0.6766731431	0.4861492231	0.4327846998
0.3243278378	0.6756721622	0.4882511277	0.4318914259
0.3253288188	0.6746711812	0.4903486331	0.4310016219
0.3263297998	0.6736702002	0.4924417114	0.430115269
0.3273307808	0.6726692192	0.4945303351	0.4292323484
0.3283317618	0.6716682382	0.4966144775	0.4283528414
0.3293327427	0.6706672573	0.4986941121	0.4274767295
0.3303337237	0.6696662763	0.5007692133	0.4266039942
0.3313347047	0.6686652953	0.5028397557	0.4257346172
0.3323356857	0.6676643143	0.5049057145	0.4248685804
0.3333366667	0.6666633333	0.5069670654	0.4240058658
0.3343376476	0.6656623524	0.5090237847	0.4231464553
0.3353386286	0.6646613714	0.5110758489	0.4222903312
0.3363396096	0.6636603904	0.5131232353	0.4214374757
0.3373405906	0.6626594094	0.5151659216	0.4205878713
0.3383415716	0.6616584284	0.5172038857	0.4197415005
0.3393425526	0.6606574474	0.5192371065	0.418898346
0.3403435335	0.6596564665	0.5212655628	0.4180583905
0.3413445145	0.6586554855	0.5232892342	0.4172216168
0.3423454955	0.6576545045	0.5253081007	0.4163880081
0.3433464765	0.6566535235	0.5273221427	0.4155575473
0.3443474575	0.6556525425	0.529331341	0.4147302178
0.3453484384	0.6546515616	0.531335677	0.4139060027
0.3463494194	0.6536505806	0.5333351324	0.4130848856
0.3473504004	0.6526495996	0.5353296893	0.41226685
0.3483513814	0.6516486186	0.5373193303	0.4114518796
0.3493523624	0.6506476376	0.5393040385	0.410639958
0.3503533433	0.6496466567	0.5412837973	0.4098310693
0.3513543243	0.6486456757	0.5432585904	0.4090251972
0.3523553053	0.6476446947	0.5452284022	0.408222326
0.3533562863	0.6466437137	0.5471932173	0.4074224397
0.3543572673	0.6456427327	0.5491530207	0.4066255227
0.3553582482	0.6446417518	0.5511077978	0.4058315594
0.3563592292	0.6436407708	0.5530575345	0.4050405342
0.3573602102	0.6426397898	0.5550022169	0.4042524317
0.3583611912	0.6416388088	0.5569418317	0.4034672366
0.3593621722	0.6406378278	0.5588763659	0.4026849338
0.3603631532	0.6396368468	0.5608058066	0.401905508
0.3613641341	0.6386358659	0.5627301417	0.4011289443
0.3623651151	0.6376348849	0.5646493591	0.4003552278
0.3633660961	0.6366339039	0.5665634473	0.3995843435
0.3643670771	0.6356329229	0.5684723951	0.3988162769
0.3653680581	0.6346319419	0.5703761916	0.3980510133
0.366369039	0.633630961	0.5722748262	0.3972885381
0.36737002	0.63262998	0.5741682887	0.396528837
0.368371001	0.631628999	0.5760565693	0.3957718955
0.369371982	0.630628018	0.5779396584	0.3950176993
0.370372963	0.629627037	0.5798175469	0.3942662345
0.3713739439	0.6286260561	0.5816902258	0.3935174868
0.3723749249	0.6276250751	0.5835576867	0.3927714422
0.3733759059	0.6266240941	0.5854199212	0.392028087
0.3743768869	0.6256231131	0.5872769215	0.3912874073
0.3753778679	0.6246221321	0.5891286799	0.3905493893
0.3763788488	0.6236211512	0.5909751892	0.3898140196
0.3773798298	0.6226201702	0.5928164423	0.3890812844
0.3783808108	0.6216191892	0.5946524325	0.3883511704
0.3793817918	0.6206182082	0.5964831534	0.3876236642
0.3803827728	0.6196172272	0.5983085989	0.3868987525
0.3813837538	0.6186162462	0.6001287631	0.3861764222
0.3823847347	0.6176152653	0.6019436406	0.3854566601
0.3833857157	0.6166142843	0.603753226	0.3847394531
0.3843866967	0.6156133033	0.6055575143	0.3840247885
0.3853876777	0.6146123223	0.6073565008	0.3833126532
0.3863886587	0.6136113413	0.6091501811	0.3826030345
0.3873896396	0.6126103604	0.610938551	0.3818959197
0.3883906206	0.6116093794	0.6127216065	0.3811912963
0.3893916016	0.6106083984	0.614499344	0.3804891515
0.3903925826	0.6096074174	0.6162717601	0.3797894731
0.3913935636	0.6086064364	0.6180388517	0.3790922486
0.3923945445	0.6076054555	0.6198006157	0.3783974657
0.3933955255	0.6066044745	0.6215570496	0.3777051122
0.3943965065	0.6056034935	0.623308151	0.377015176
0.3953974875	0.6046025125	0.6250539177	0.3763276449
0.3963984685	0.6036015315	0.6267943477	0.375642507
0.3973994494	0.6026005506	0.6285294393	0.3749597504
0.3984004304	0.6015995696	0.6302591911	0.3742793632
0.3994014114	0.6005985886	0.6319836018	0.3736013336
0.4004023924	0.5995976076	0.6337026703	0.37292565
0.4014033734	0.5985966266	0.635416396	0.3722523007
0.4024043544	0.5975956456	0.6371247782	0.3715812742
0.4034053353	0.5965946647	0.6388278165	0.3709125591
0.4044063163	0.5955936837	0.6405255107	0.3702461438
0.4054072973	0.5945927027	0.642217861	0.369582017
0.4064082783	0.5935917217	0.6439048676	0.3689201676
0.4074092593	0.5925907407	0.645586531	0.3682605843
0.4084102402	0.5915897598	0.6472628518	0.367603256
0.4094112212	0.5905887788	0.6489338309	0.3669481716
0.4104122022	0.5895877978	0.6505994693	0.3662953201
0.4114131832	0.5885868168	0.6522597683	0.3656446907
0.4124141642	0.5875858358	0.6539147294	0.3649962724
0.4134151451	0.5865848549	0.6555643541	0.3643500545
0.4144161261	0.5855838739	0.6572086444	0.3637060263
0.4154171071	0.5845828929	0.6588476021	0.3630641772
0.4164180881	0.5835819119	0.6604812295	0.3624244964
0.4174190691	0.5825809309	0.662109529	0.3617869736
0.4184200501	0.5815799499	0.6637325029	0.3611515982
0.419421031	0.580578969	0.6653501542	0.3605183599
0.420422012	0.579577988	0.6669624855	0.3598872484
0.421422993	0.578577007	0.6685695	0.3592582533
0.422423974	0.577576026	0.6701712009	0.3586313645
0.423424955	0.576575045	0.6717675916	0.3580065719
0.4244259359	0.5755740641	0.6733586754	0.3573838653
0.4254269169	0.5745730831	0.6749444563	0.3567632348
0.4264278979	0.5735721021	0.6765249379	0.3561446704
0.4274288789	0.5725711211	0.6781001243	0.3555281622
0.4284298599	0.5715701401	0.6796700196	0.3549137003
0.4294308408	0.5705691592	0.6812346281	0.3543012751
0.4304318218	0.5695681782	0.6827939542	0.3536908767
0.4314328028	0.5685671972	0.6843480026	0.3530824956
0.4324337838	0.5675662162	0.6858967779	0.3524761221
0.4334347648	0.5665652352	0.687440285	0.3518717467
0.4344357457	0.5655642543	0.6889785289	0.3512693599
0.4354367267	0.5645632733	0.6905115148	0.3506689523
0.4364377077	0.5635622923	0.6920392479	0.3500705146
0.4374386887	0.5625613113	0.6935617336	0.3494740374
0.4384396697	0.5615603303	0.6950789775	0.3488795114
0.4394406507	0.5605593493	0.6965909851	0.3482869275
0.4404416316	0.5595583684	0.6980977624	0.3476962765
0.4414426126	0.5585573874	0.6995993151	0.3471075494
0.4424435936	0.5575564064	0.7010956493	0.3465207371
0.4434445746	0.5565554254	0.7025867712	0.3459358306
0.4444455556	0.5555544444	0.704072687	0.345352821
0.4454465365	0.5545534635	0.7055534032	0.3447716995
0.4464475175	0.5535524825	0.7070289261	0.3441924571
0.4474484985	0.5525515015	0.7084992624	0.3436150852
0.4484494795	0.5515505205	0.7099644189	0.3430395751
0.4494504605	0.5505495395	0.7114244022	0.342465918
0.4504514414	0.5495485586	0.7128792195	0.3418941053
0.4514524224	0.5485475776	0.7143288776	0.3413241286
0.4524534034	0.5475465966	0.7157733838	0.3407559792
0.4534543844	0.5465456156	0.7172127453	0.3401896488
0.4544553654	0.5455446346	0.7186469694	0.3396251289
0.4554563463	0.5445436537	0.7200760635	0.3390624112
0.4564573273	0.5435426727	0.7215000352	0.3385014874
0.4574583083	0.5425416917	0.7229188921	0.3379423491
0.4584592893	0.5415407107	0.7243326419	0.3373849882
0.4594602703	0.5405397297	0.7257412925	0.3368293965
0.4604612513	0.5395387487	0.7271448517	0.336275566
0.4614622322	0.5385377678	0.7285433275	0.3357234885
0.4624632132	0.5375367868	0.729936728	0.335173156
0.4634641942	0.5365358058	0.7313250614	0.3346245605
0.4644651752	0.5355348248	0.7327083358	0.3340776942
0.4654661562	0.5345338438	0.7340865597	0.3335325491
0.4664671371	0.5335328629	0.7354597414	0.3329891175
0.4674681181	0.5325318819	0.7368278894	0.3324473914
0.4684690991	0.5315309009	0.7381910123	0.3319073632
0.4694700801	0.5305299199	0.7395491187	0.3313690252
0.4704710611	0.5295289389	0.7409022173	0.3308323697
0.471472042	0.528527958	0.7422503169	0.3302973891
0.472473023	0.527526977	0.7435934264	0.3297640759
0.473474004	0.526525996	0.7449315546	0.3292324225
0.474474985	0.525525015	0.7462647107	0.3287024215
0.475475966	0.524524034	0.7475929035	0.3281740653
0.4764769469	0.5235230531	0.7489161424	0.3276473467
0.4774779279	0.5225220721	0.7502344364	0.3271222583
0.4784789089	0.5215210911	0.7515477949	0.3265987927
0.4794798899	0.5205201101	0.7528562271	0.3260769428
0.4804808709	0.5195191291	0.7541597424	0.3255567012
0.4814818519	0.5185181481	0.7554583504	0.3250380609
0.4824828328	0.5175171672	0.7567520604	0.3245210146
0.4834838138	0.5165161862	0.7580408821	0.3240055552
0.4844847948	0.5155152052	0.759324825	0.3234916758
0.4854857758	0.5145142242	0.7606038988	0.3229793693
0.4864867568	0.5135132432	0.7618781133	0.3224686286
0.4874877377	0.5125122623	0.7631474783	0.321959447
0.4884887187	0.5115112813	0.7644120035	0.3214518174
0.4894896997	0.5105103003	0.7656716989	0.320945733
0.4904906807	0.5095093193	0.7669265743	0.3204411871
0.4914916617	0.5085083383	0.7681766398	0.3199381727
0.4924926426	0.5075073574	0.7694219054	0.3194366832
0.4934936236	0.5065063764	0.7706623811	0.3189367119
0.4944946046	0.5055053954	0.7718980772	0.3184382521
0.4954955856	0.5045044144	0.7731290036	0.3179412971
0.4964965666	0.5035034334	0.7743551707	0.3174458404
0.4974975475	0.5025024525	0.7755765887	0.3169518755
0.4984985285	0.5015014715	0.7767932679	0.3164593957
0.4994995095	0.5005004905	0.7780052186	0.3159683947
0.5005004905	0.4994995095	0.7792124511	0.315478866
0.5015014715	0.4984985285	0.780414976	0.3149908031
0.5025024525	0.4974975475	0.7816128035	0.3145041997
0.5035034334	0.4964965666	0.7828059443	0.3140190495
0.5045044144	0.4954955856	0.7839944088	0.3135353461
0.5055053954	0.4944946046	0.7851782075	0.3130530834
0.5065063764	0.4934936236	0.7863573511	0.312572255
0.5075073574	0.4924926426	0.7875318502	0.3120928547
0.5085083383	0.4914916617	0.7887017154	0.3116148765
0.5095093193	0.4904906807	0.7898669574	0.3111383142
0.5105103003	0.4894896997	0.7910275868	0.3106631616
0.5115112813	0.4884887187	0.7921836145	0.3101894127
0.5125122623	0.4874877377	0.7933350512	0.3097170616
0.5135132432	0.4864867568	0.7944819077	0.3092461021
0.5145142242	0.4854857758	0.7956241948	0.3087765284
0.5155152052	0.4844847948	0.7967619233	0.3083083345
0.5165161862	0.4834838138	0.7978951042	0.3078415146
0.5175171672	0.4824828328	0.7990237483	0.3073760627
0.5185181481	0.4814818519	0.8001478665	0.306911973
0.5195191291	0.4804808709	0.8012674698	0.3064492397
0.5205201101	0.4794798899	0.8023825691	0.3059878572
0.5215210911	0.4784789089	0.8034931754	0.3055278195
0.5225220721	0.4774779279	0.8045992997	0.3050691211
0.5235230531	0.4764769469	0.8057009531	0.3046117563
0.524524034	0.475475966	0.8067981466	0.3041557194
0.525525015	0.474474985	0.8078908911	0.3037010048
0.526525996	0.473474004	0.808979198	0.3032476069
0.527526977	0.472473023	0.8100630781	0.3027955202
0.528527958	0.471472042	0.8111425426	0.3023447392
0.5295289389	0.4704710611	0.8122176027	0.3018952584
0.5305299199	0.4694700801	0.8132882694	0.3014470723
0.5315309009	0.4684690991	0.814354554	0.3010001754
0.5325318819	0.4674681181	0.8154164676	0.3005545625
0.5335328629	0.4664671371	0.8164740214	0.3001102281
0.5345338438	0.4654661562	0.8175272266	0.2996671669
0.5355348248	0.4644651752	0.8185760943	0.2992253735
0.5365358058	0.4634641942	0.8196206358	0.2987848428
0.5375367868	0.4624632132	0.8206608624	0.2983455693
0.5385377678	0.4614622322	0.8216967852	0.297907548
0.5395387487	0.4604612513	0.8227284155	0.2974707736
0.5405397297	0.4594602703	0.8237557645	0.2970352409
0.5415407107	0.4584592893	0.8247788436	0.2966009448
0.5425416917	0.4574583083	0.8257976639	0.2961678802
0.5435426727	0.4564573273	0.8268122368	0.295736042
0.5445436537	0.4554563463	0.8278225735	0.2953054251
0.5455446346	0.4544553654	0.8288286854	0.2948760245
0.5465456156	0.4534543844	0.8298305836	0.2944478351
0.5475465966	0.4524534034	0.8308282796	0.2940208521
0.5485475776	0.4514524224	0.8318217846	0.2935950705
0.5495485586	0.4504514414	0.8328111098	0.2931704853
0.5505495395	0.4494504605	0.8337962667	0.2927470916
0.5515505205	0.4484494795	0.8347772666	0.2923248845
0.5525515015	0.4474484985	0.8357541207	0.2919038593
0.5535524825	0.4464475175	0.8367268403	0.291484011
0.5545534635	0.4454465365	0.8376954368	0.291065335
0.5555544444	0.4444455556	0.8386599215	0.2906478263
0.5565554254	0.4434445746	0.8396203057	0.2902314803
0.5575564064	0.4424435936	0.8405766007	0.2898162922
0.5585573874	0.4414426126	0.8415288179	0.2894022573
0.5595583684	0.4404416316	0.8424769685	0.2889893711
0.5605593493	0.4394406507	0.8434210639	0.2885776287
0.5615603303	0.4384396697	0.8443611153	0.2881670256
0.5625613113	0.4374386887	0.8452971342	0.2877575573
0.5635622923	0.4364377077	0.8462291317	0.287349219
0.5645632733	0.4354367267	0.8471571192	0.2869420063
0.5655642543	0.4344357457	0.8480811081	0.2865359147
0.5665652352	0.4334347648	0.8490011095	0.2861309396
0.5675662162	0.4324337838	0.8499171347	0.2857270765
0.5685671972	0.4314328028	0.8508291952	0.2853243211
0.5695681782	0.4304318218	0.8517373021	0.2849226688
0.5705691592	0.4294308408	0.8526414667	0.2845221152
0.5715701401	0.4284298599	0.8535417002	0.284122656
0.5725711211	0.4274288789	0.8544380141	0.2837242868
0.5735721021	0.4264278979	0.8553304194	0.2833270032
0.5745730831	0.4254269169	0.8562189275	0.282930801
0.5755740641	0.4244259359	0.8571035496	0.2825356758
0.576575045	0.423424955	0.857984297	0.2821416234
0.577576026	0.422423974	0.8588611807	0.2817486395
0.578577007	0.421422993	0.8597342122	0.2813567198
0.579577988	0.420422012	0.8606034026	0.2809658602
0.580578969	0.419421031	0.861468763	0.2805760564
0.5815799499	0.4184200501	0.8623303047	0.2801873044
0.5825809309	0.4174190691	0.8631880388	0.2797995999
0.5835819119	0.4164180881	0.8640419766	0.2794129389
0.5845828929	0.4154171071	0.8648921292	0.2790273172
0.5855838739	0.4144161261	0.8657385077	0.2786427307
0.5865848549	0.4134151451	0.8665811233	0.2782591754
0.5875858358	0.4124141642	0.8674199871	0.2778766472
0.5885868168	0.4114131832	0.8682551102	0.2774951422
0.5895877978	0.4104122022	0.8690865038	0.2771146563
0.5905887788	0.4094112212	0.8699141788	0.2767351855
0.5915897598	0.4084102402	0.8707381465	0.2763567259
0.5925907407	0.4074092593	0.8715584178	0.2759792735
0.5935917217	0.4064082783	0.8723750038	0.2756028245
0.5945927027	0.4054072973	0.8731879157	0.2752273749
0.5955936837	0.4044063163	0.8739971643	0.2748529208
0.5965946647	0.4034053353	0.8748027607	0.2744794584
0.5975956456	0.4024043544	0.8756047159	0.2741069839
0.5985966266	0.4014033734	0.876403041	0.2737354933
0.5995976076	0.4004023924	0.8771977468	0.273364983
0.6005985886	0.3994014114	0.8779888443	0.2729954491
0.6015995696	0.3984004304	0.8787763445	0.2726268879
0.6026005506	0.3973994494	0.8795602583	0.2722592956
0.6036015315	0.3963984685	0.8803405967	0.2718926685
0.6046025125	0.3953974875	0.8811173704	0.2715270028
0.6056034935	0.3943965065	0.8818905905	0.271162295
0.6066044745	0.3933955255	0.8826602677	0.2707985413
0.6076054555	0.3923945445	0.883426413	0.270435738
0.6086064364	0.3913935636	0.8841890371	0.2700738816
0.6096074174	0.3903925826	0.8849481508	0.2697129685
0.6106083984	0.3893916016	0.8857037651	0.2693529949
0.6116093794	0.3883906206	0.8864558906	0.2689939574
0.6126103604	0.3873896396	0.8872045381	0.2686358523
0.6136113413	0.3863886587	0.8879497184	0.2682786762
0.6146123223	0.3853876777	0.8886914423	0.2679224255
0.6156133033	0.3843866967	0.8894297203	0.2675670967
0.6166142843	0.3833857157	0.8901645633	0.2672126863
0.6176152653	0.3823847347	0.8908959819	0.2668591908
0.6186162462	0.3813837538	0.8916239867	0.2665066068
0.6196172272	0.3803827728	0.8923485885	0.2661549308
0.6206182082	0.3793817918	0.8930697978	0.2658041594
0.6216191892	0.3783808108	0.8937876252	0.2654542892
0.6226201702	0.3773798298	0.8945020814	0.2651053168
0.6236211512	0.3763788488	0.8952131769	0.2647572388
0.6246221321	0.3753778679	0.8959209222	0.2644100519
0.6256231131	0.3743768869	0.896625328	0.2640637527
0.6266240941	0.3733759059	0.8973264046	0.2637183379
0.6276250751	0.3723749249	0.8980241626	0.2633738042
0.6286260561	0.3713739439	0.8987186125	0.2630301483
0.629627037	0.370372963	0.8994097647	0.262687367
0.630628018	0.369371982	0.9000976296	0.2623454568
0.631628999	0.368371001	0.9007822177	0.2620044147
0.63262998	0.36737002	0.9014635394	0.2616642374
0.633630961	0.366369039	0.9021416049	0.2613249217
0.6346319419	0.3653680581	0.9028164248	0.2609864643
0.6356329229	0.3643670771	0.9034880093	0.2606488621
0.6366339039	0.3633660961	0.9041563687	0.2603121119
0.6376348849	0.3623651151	0.9048215133	0.2599762106
0.6386358659	0.3613641341	0.9054834535	0.2596411551
0.6396368468	0.3603631532	0.9061421993	0.2593069421
0.6406378278	0.3593621722	0.9067977611	0.2589735687
0.6416388088	0.3583611912	0.9074501491	0.2586410317
0.6426397898	0.3573602102	0.9080993735	0.258309328
0.6436407708	0.3563592292	0.9087454444	0.2579784545
0.6446417518	0.3553582482	0.9093883719	0.2576484084
0.6456427327	0.3543572673	0.9100281663	0.2573191864
0.6466437137	0.3533562863	0.9106648375	0.2569907855
0.6476446947	0.3523553053	0.9112983957	0.2566632029
0.6486456757	0.3513543243	0.9119288509	0.2563364354
0.6496466567	0.3503533433	0.9125562132	0.2560104801
0.6506476376	0.3493523624	0.9131804925	0.2556853341
0.6516486186	0.3483513814	0.9138016989	0.2553609944
0.6526495996	0.3473504004	0.9144198424	0.255037458
0.6536505806	0.3463494194	0.9150349328	0.2547147221
0.6546515616	0.3453484384	0.9156469801	0.2543927837
0.6556525425	0.3443474575	0.9162559943	0.25407164
0.6566535235	0.3433464765	0.9168619851	0.253751288
0.6576545045	0.3423454955	0.9174649624	0.2534317249
0.6586554855	0.3413445145	0.9180649362	0.2531129479
0.6596564665	0.3403435335	0.9186619161	0.2527949541
0.6606574474	0.3393425526	0.919255912	0.2524777407
0.6616584284	0.3383415716	0.9198469336	0.2521613049
0.6626594094	0.3373405906	0.9204349908	0.2518456439
0.6636603904	0.3363396096	0.9210200931	0.2515307549
0.6646613714	0.3353386286	0.9216022503	0.251216635
0.6656623524	0.3343376476	0.9221814722	0.2509032817
0.6666633333	0.3333366667	0.9227577682	0.2505906921
0.6676643143	0.3323356857	0.9233311481	0.2502788635
0.6686652953	0.3313347047	0.9239016215	0.2499677931
0.6696662763	0.3303337237	0.9244691979	0.2496574783
0.6706672573	0.3293327427	0.925033887	0.2493479164
0.6716682382	0.3283317618	0.9255956982	0.2490391047
0.6726692192	0.3273307808	0.926154641	0.2487310405
0.6736702002	0.3263297998	0.926710725	0.2484237211
0.6746711812	0.3253288188	0.9272639596	0.248117144
0.6756721622	0.3243278378	0.9278143542	0.2478113064
0.6766731431	0.3233268569	0.9283619184	0.2475062058
0.6776741241	0.3223258759	0.9289066613	0.2472018396
0.6786751051	0.3213248949	0.9294485926	0.2468982051
0.6796760861	0.3203239139	0.9299877214	0.2465952998
0.6806770671	0.3193229329	0.9305240572	0.2462931211
0.681678048	0.318321952	0.9310576091	0.2459916664
0.682679029	0.317320971	0.9315883866	0.2456909333
0.68368001	0.31631999	0.9321163988	0.2453909191
0.684680991	0.315319009	0.9326416549	0.2450916213
0.685681972	0.314318028	0.9331641643	0.2447930374
0.686682953	0.313317047	0.933683936	0.244495165
0.6876839339	0.3123160661	0.9342009793	0.2441980014
0.6886849149	0.3113150851	0.9347153032	0.2439015443
0.6896858959	0.3103141041	0.9352269169	0.2436057912
0.6906868769	0.3093131231	0.9357358295	0.2433107397
0.6916878579	0.3083121421	0.9362420499	0.2430163871
0.6926888388	0.3073111612	0.9367455874	0.2427227313
0.6936898198	0.3063101802	0.9372464508	0.2424297696
0.6946908008	0.3053091992	0.9377446492	0.2421374998
0.6956917818	0.3043082182	0.9382401916	0.2418459193
0.6966927628	0.3033072372	0.9387330868	0.2415550259
0.6976937437	0.3023062563	0.9392233438	0.2412648171
0.6986947247	0.3013052753	0.9397109715	0.2409752906
0.6996957057	0.3003042943	0.9401959789	0.240686444
0.7006966867	0.2993033133	0.9406783746	0.2403982749
0.7016976677	0.2983023323	0.9411581676	0.2401107811
0.7026986486	0.2973013514	0.9416353666	0.2398239601
0.7036996296	0.2963003704	0.9421099805	0.2395378097
0.7047006106	0.2952993894	0.9425820179	0.2392523277
0.7057015916	0.2942984084	0.9430514876	0.2389675115
0.7067025726	0.2932974274	0.9435183984	0.2386833591
0.7077035536	0.2922964464	0.9439827589	0.2383998681
0.7087045345	0.2912954655	0.9444445777	0.2381170363
0.7097055155	0.2902944845	0.9449038634	0.2378348614
0.7107064965	0.2892935035	0.9453606248	0.2375533411
0.7117074775	0.2882925225	0.9458148704	0.2372724733
0.7127084585	0.2872915415	0.9462666087	0.2369922556
0.7137094394	0.2862905606	0.9467158483	0.2367126859
0.7147104204	0.2852895796	0.9471625977	0.2364337621
0.7157114014	0.2842885986	0.9476068653	0.2361554818
0.7167123824	0.2832876176	0.9480486597	0.2358778429
0.7177133634	0.2822866366	0.9484879893	0.2356008432
0.7187143443	0.2812856557	0.9489248625	0.2353244806
0.7197153253	0.2802846747	0.9493592877	0.2350487529
0.7207163063	0.2792836937	0.9497912733	0.234773658
0.7217172873	0.2782827127	0.9502208276	0.2344991937
0.7227182683	0.2772817317	0.950647959	0.2342253579
0.7237192492	0.2762807508	0.9510726756	0.2339521485
0.7247202302	0.2752797698	0.9514949859	0.2336795633
0.7257212112	0.2742787888	0.9519148981	0.2334076003
0.7267221922	0.2732778078	0.9523324204	0.2331362574
0.7277231732	0.2722768268	0.9527475609	0.2328655325
0.7287241542	0.2712758458	0.953160328	0.2325954236
0.7297251351	0.2702748649	0.9535707296	0.2323259285
0.7307261161	0.2692738839	0.9539787741	0.2320570452
0.7317270971	0.2682729029	0.9543844694	0.2317887717
0.7327280781	0.2672719219	0.9547878237	0.2315211059
0.7337290591	0.2662709409	0.955188845	0.2312540458
0.73473004	0.26526996	0.9555875414	0.2309875894
0.735731021	0.264268979	0.9559839208	0.2307217347
0.736732002	0.263267998	0.9563779914	0.2304564796
0.737732983	0.262267017	0.9567697609	0.2301918223
0.738733964	0.261266036	0.9571592375	0.2299277606
0.7397349449	0.2602650551	0.9575464289	0.2296642927
0.7407359259	0.2592640741	0.9579313431	0.2294014166
0.7417369069	0.2582630931	0.9583139881	0.2291391302
0.7427378879	0.2572621121	0.9586943715	0.2288774318
0.7437388689	0.2562611311	0.9590725013	0.2286163192
0.7447398498	0.2552601502	0.9594483853	0.2283557906
0.7457408308	0.2542591692	0.9598220311	0.2280958441
0.7467418118	0.2532581882	0.9601934467	0.2278364778
0.7477427928	0.2522572072	0.9605626397	0.2275776896
0.7487437738	0.2512562262	0.9609296179	0.2273194779
0.7497447548	0.2502552452	0.9612943888	0.2270618405
0.7507457357	0.2492542643	0.9616569603	0.2268047758
0.7517467167	0.2482532833	0.9620173399	0.2265482817
0.7527476977	0.2472523023	0.9623755353	0.2262923565
0.7537486787	0.2462513213	0.962731554	0.2260369982
0.7547496597	0.2452503403	0.9630854036	0.2257822051
0.7557506406	0.2442493594	0.9634370917	0.2255279752
0.7567516216	0.2432483784	0.9637866257	0.2252743068
0.7577526026	0.2422473974	0.9641340133	0.225021198
0.7587535836	0.2412464164	0.9644792619	0.224768647
0.7597545646	0.2402454354	0.9648223789	0.2245166519
0.7607555455	0.2392444545	0.9651633717	0.2242652111
0.7617565265	0.2382434735	0.9655022479	0.2240143226
0.7627575075	0.2372424925	0.9658390147	0.2237639848
0.7637584885	0.2362415115	0.9661736796	0.2235141957
0.7647594695	0.2352405305	0.9665062498	0.2232649537
0.7657604505	0.2342395495	0.9668367328	0.223016257
0.7667614314	0.2332385686	0.9671651357	0.2227681038
0.7677624124	0.2322375876	0.967491466	0.2225204924
0.7687633934	0.2312366066	0.9678157307	0.222273421
0.7697643744	0.2302356256	0.9681379373	0.2220268879
0.7707653554	0.2292346446	0.9684580928	0.2217808913
0.7717663363	0.2282336637	0.9687762045	0.2215354296
0.7727673173	0.2272326827	0.9690922795	0.221290501
0.7737682983	0.2262317017	0.969406325	0.2210461039
0.7747692793	0.2252307207	0.9697183481	0.2208022364
0.7757702603	0.2242297397	0.9700283559	0.220558897
0.7767712412	0.2232287588	0.9703363554	0.2203160839
0.7777722222	0.2222277778	0.9706423538	0.2200737955
0.7787732032	0.2212267968	0.970946358	0.2198320301
0.7797741842	0.2202258158	0.971248375	0.219590786
0.7807751652	0.2192248348	0.9715484119	0.2193500616
0.7817761461	0.2182238539	0.9718464756	0.2191098552
0.7827771271	0.2172228729	0.9721425731	0.2188701651
0.7837781081	0.2162218919	0.9724367112	0.2186309898
0.7847790891	0.2152209109	0.972728897	0.2183923277
0.7857800701	0.2142199299	0.9730191371	0.218154177
0.7867810511	0.2132189489	0.9733074386	0.2179165361
0.787782032	0.212217968	0.9735938082	0.2176794036
0.788783013	0.211216987	0.9738782528	0.2174427776
0.789783994	0.210216006	0.9741607792	0.2172066568
0.790784975	0.209215025	0.974441394	0.2169710394
0.791785956	0.208214044	0.9747201042	0.2167359239
0.7927869369	0.2072130631	0.9749969163	0.2165013087
0.7937879179	0.2062120821	0.9752718371	0.2162671923
0.7947888989	0.2052111011	0.9755448733	0.216033573
0.7957898799	0.2042101201	0.9758160315	0.2158004493
0.7967908609	0.2032091391	0.9760853185	0.2155678197
0.7977918418	0.2022081582	0.9763527407	0.2153356826
0.7987928228	0.2012071772	0.9766183049	0.2151040366
0.7997938038	0.2002061962	0.9768820175	0.2148728799
0.8007947848	0.1992052152	0.9771438852	0.2146422112
0.8017957658	0.1982042342	0.9774039144	0.2144120289
0.8027967467	0.1972032533	0.9776621118	0.2141823315
0.8037977277	0.1962022723	0.9779184837	0.2139531174
0.8047987087	0.1952012913	0.9781730367	0.2137243853
0.8057996897	0.1942003103	0.9784257772	0.2134961335
0.8068006707	0.1931993293	0.9786767117	0.2132683607
0.8078016517	0.1921983483	0.9789258465	0.2130410652
0.8088026326	0.1911973674	0.979173188	0.2128142457
0.8098036136	0.1901963864	0.9794187427	0.2125879007
0.8108045946	0.1891954054	0.9796625168	0.2123620287
0.8118055756	0.1881944244	0.9799045167	0.2121366282
0.8128065566	0.1871934434	0.9801447487	0.2119116978
0.8138075375	0.1861924625	0.9803832191	0.2116872361
0.8148085185	0.1851914815	0.9806199342	0.2114632415
0.8158094995	0.1841905005	0.9808549001	0.2112397128
0.8168104805	0.1831895195	0.9810881232	0.2110166483
0.8178114615	0.1821885385	0.9813196096	0.2107940468
0.8188124424	0.1811875576	0.9815493655	0.2105719068
0.8198134234	0.1801865766	0.9817773971	0.2103502269
0.8208144044	0.1791855956	0.9820037105	0.2101290057
0.8218153854	0.1781846146	0.9822283119	0.2099082417
0.8228163664	0.1771836336	0.9824512073	0.2096879336
0.8238173473	0.1761826527	0.9826724029	0.20946808
0.8248183283	0.1751816717	0.9828919047	0.2092486796
0.8258193093	0.1741806907	0.9831097187	0.2090297308
0.8268202903	0.1731797097	0.983325851	0.2088112324
0.8278212713	0.1721787287	0.9835403076	0.208593183
0.8288222523	0.1711777477	0.9837530945	0.2083755813
0.8298232332	0.1701767668	0.9839642176	0.2081584258
0.8308242142	0.1691757858	0.9841736829	0.2079417152
0.8318251952	0.1681748048	0.9843814963	0.2077254482
0.8328261762	0.1671738238	0.9845876637	0.2075096234
0.8338271572	0.1661728428	0.984792191	0.2072942395
0.8348281381	0.1651718619	0.9849950841	0.2070792952
0.8358291191	0.1641708809	0.9851963489	0.2068647891
0.8368301001	0.1631698999	0.9853959911	0.20665072
0.8378310811	0.1621689189	0.9855940165	0.2064370864
0.8388320621	0.1611679379	0.9857904311	0.2062238872
0.839833043	0.160166957	0.9859852404	0.2060111209
0.840834024	0.159165976	0.9861784504	0.2057987864
0.841835005	0.158164995	0.9863700667	0.2055868822
0.842835986	0.157164014	0.986560095	0.2053754072
0.843836967	0.156163033	0.986748541	0.20516436
0.8448379479	0.1551620521	0.9869354105	0.2049537393
0.8458389289	0.1541610711	0.987120709	0.2047435439
0.8468399099	0.1531600901	0.9873044423	0.2045337726
0.8478408909	0.1521591091	0.9874866159	0.2043244239
0.8488418719	0.1511581281	0.9876672354	0.2041154968
0.8498428529	0.1501571471	0.9878463064	0.2039069899
0.8508438338	0.1491561662	0.9880238346	0.203698902
0.8518448148	0.1481551852	0.9881998253	0.2034912318
0.8528457958	0.1471542042	0.9883742843	0.2032839781
0.8538467768	0.1461532232	0.9885472169	0.2030771397
0.8548477578	0.1451522422	0.9887186287	0.2028707153
0.8558487387	0.1441512613	0.9888885251	0.2026647038
0.8568497197	0.1431502803	0.9890569116	0.2024591038
0.8578507007	0.1421492993	0.9892237936	0.2022539142
0.8588516817	0.1411483183	0.9893891766	0.2020491338
0.8598526627	0.1401473373	0.989553066	0.2018447614
0.8608536436	0.1391463564	0.9897154671	0.2016407957
0.8618546246	0.1381453754	0.9898763852	0.2014372355
0.8628556056	0.1371443944	0.9900358259	0.2012340798
0.8638565866	0.1361434134	0.9901937943	0.2010313272
0.8648575676	0.1351424324	0.9903502958	0.2008289766
0.8658585485	0.1341414515	0.9905053356	0.2006270269
0.8668595295	0.1331404705	0.9906589192	0.2004254768
0.8678605105	0.1321394895	0.9908110516	0.2002243252
0.8688614915	0.1311385085	0.9909617382	0.2000235709
0.8698624725	0.1301375275	0.9911109842	0.1998232128
0.8708634535	0.1291365465	0.9912587947	0.1996232496
0.8718644344	0.1281355656	0.991405175	0.1994236804
0.8728654154	0.1271345846	0.9915501303	0.1992245038
0.8738663964	0.1261336036	0.9916936656	0.1990257188
0.8748673774	0.1251326226	0.9918357862	0.1988273242
0.8758683584	0.1241316416	0.9919764971	0.1986293189
0.8768693393	0.1231306607	0.9921158034	0.1984317018
0.8778703203	0.1221296797	0.9922537103	0.1982344717
0.8788713013	0.1211286987	0.9923902228	0.1980376275
0.8798722823	0.1201277177	0.9925253459	0.1978411681
0.8808732633	0.1191267367	0.9926590847	0.1976450924
0.8818742442	0.1181257558	0.9927914442	0.1974493993
0.8828752252	0.1171247748	0.9929224294	0.1972540877
0.8838762062	0.1161237938	0.9930520452	0.1970591564
0.8848771872	0.1151228128	0.9931802967	0.1968646044
0.8858781682	0.1141218318	0.9933071887	0.1966704307
0.8868791491	0.1131208509	0.9934327263	0.196476634
0.8878801301	0.1121198699	0.9935569143	0.1962832133
0.8888811111	0.1111188889	0.9936797576	0.1960901676
0.8898820921	0.1101179079	0.9938012612	0.1958974957
0.8908830731	0.1091169269	0.9939214298	0.1957051967
0.8918840541	0.1081159459	0.9940402683	0.1955132693
0.892885035	0.107114965	0.9941577816	0.1953217127
0.893886016	0.106113984	0.9942739744	0.1951305256
0.894886997	0.105113003	0.9943888516	0.1949397071
0.895887978	0.104112022	0.9945024179	0.1947492561
0.896888959	0.103111041	0.9946146782	0.1945591716
0.8978899399	0.1021100601	0.9947256371	0.1943694524
0.8988909209	0.1011090791	0.9948352994	0.1941800977
0.8998919019	0.1001080981	0.9949436699	0.1939911062
0.9008928829	0.09910711712	0.9950507531	0.1938024771
0.9018938639	0.09810613614	0.9951565539	0.1936142093
0.9028948448	0.09710515516	0.9952610768	0.1934263017
0.9038958258	0.09610417417	0.9953643265	0.1932387533
0.9048968068	0.09510319319	0.9954663077	0.1930515632
0.9058977878	0.09410221221	0.995567025	0.1928647303
0.9068987688	0.09310123123	0.995666483	0.1926782536
0.9078997497	0.09210025025	0.9957646863	0.1924921321
0.9089007307	0.09109926927	0.9958616394	0.1923063647
0.9099017117	0.09009828829	0.995957347	0.1921209506
0.9109026927	0.08909730731	0.9960518135	0.1919358887
0.9119036737	0.08809632633	0.9961450435	0.1917511779
0.9129046547	0.08709534535	0.9962370415	0.1915668174
0.9139056356	0.08609436436	0.996327812	0.1913828062
0.9149066166	0.08509338338	0.9964173595	0.1911991432
0.9159075976	0.0840924024	0.9965056885	0.1910158275
0.9169085786	0.08309142142	0.9965928033	0.1908328582
0.9179095596	0.08209044044	0.9966787085	0.1906502341
0.9189105405	0.08108945946	0.9967634085	0.1904679545
0.9199115215	0.08008847848	0.9968469076	0.1902860183
0.9209125025	0.0790874975	0.9969292103	0.1901044246
0.9219134835	0.07808651652	0.9970103209	0.1899231723
0.9229144645	0.07708553554	0.9970902438	0.1897422607
0.9239154454	0.07608455455	0.9971689833	0.1895616886
0.9249164264	0.07508357357	0.9972465438	0.1893814552
0.9259174074	0.07408259259	0.9973229296	0.1892015596
0.9269183884	0.07308161161	0.997398145	0.1890220007
0.9279193694	0.07208063063	0.9974721943	0.1888427778
0.9289203504	0.07107964965	0.9975450817	0.1886638897
0.9299213313	0.07007866867	0.9976168116	0.1884853357
0.9309223123	0.06907768769	0.9976873881	0.1883071147
0.9319232933	0.06807670671	0.9977568154	0.1881292259
0.9329242743	0.06707572573	0.9978250979	0.1879516683
0.9339252553	0.06607474474	0.9978922396	0.1877744411
0.9349262362	0.06507376376	0.9979582449	0.1875975433
0.9359272172	0.06407278278	0.9980231177	0.1874209741
0.9369281982	0.0630718018	0.9980868624	0.1872447324
0.9379291792	0.06207082082	0.998149483	0.1870688175
0.9389301602	0.06106983984	0.9982109837	0.1868932283
0.9399311411	0.06006885886	0.9982713686	0.1867179641
0.9409321221	0.05906787788	0.9983306418	0.186543024
0.9419331031	0.0580668969	0.9983888074	0.186368407
0.9429340841	0.05706591592	0.9984458694	0.1861941122
0.9439350651	0.05606493493	0.9985018319	0.1860201388
0.944936046	0.05506395395	0.9985566989	0.185846486
0.945937027	0.05406297297	0.9986104745	0.1856731527
0.946938008	0.05306199199	0.9986631627	0.1855001383
0.947938989	0.05206101101	0.9987147675	0.1853274417
0.94893997	0.05106003003	0.9987652929	0.1851550621
0.949940951	0.05005904905	0.9988147429	0.1849829988
0.9509419319	0.04905806807	0.9988631213	0.1848112507
0.9519429129	0.04805708709	0.9989104323	0.1846398171
0.9529438939	0.04705610611	0.9989566796	0.1844686971
0.9539448749	0.04605512513	0.9990018672	0.1842978898
0.9549458559	0.04505414414	0.9990459991	0.1841273944
0.9559468368	0.04405316316	0.999089079	0.1839572101
0.9569478178	0.04305218218	0.999131111	0.183787336
0.9579487988	0.0420512012	0.9991720988	0.1836177713
0.9589497798	0.04105022022	0.9992120464	0.1834485152
0.9599507608	0.04004923924	0.9992509575	0.1832795667
0.9609517417	0.03904825826	0.9992888359	0.1831109252
0.9619527227	0.03804727728	0.9993256856	0.1829425897
0.9629537037	0.0370462963	0.9993615103	0.1827745595
0.9639546847	0.03604531532	0.9993963137	0.1826068336
0.9649556657	0.03504433433	0.9994300997	0.1824394114
0.9659566466	0.03404335335	0.999462872	0.182272292
0.9669576276	0.03304237237	0.9994946344	0.1821054745
0.9679586086	0.03204139139	0.9995253905	0.1819389582
0.9689595896	0.03104041041	0.9995551442	0.1817727423
0.9699605706	0.03003942943	0.9995838991	0.181606826
0.9709615516	0.02903844845	0.999611659	0.1814412084
0.9719625325	0.02803746747	0.9996384274	0.1812758887
0.9729635135	0.02703648649	0.9996642081	0.1811108663
0.9739644945	0.02603550551	0.9996890048	0.1809461402
0.9749654755	0.02503452452	0.999712821	0.1807817097
0.9759664565	0.02403354354	0.9997356605	0.180617574
0.9769674374	0.02303256256	0.9997575268	0.1804537324
0.9779684184	0.02203158158	0.9997784235	0.180290184
0.9789693994	0.0210306006	0.9997983543	0.180126928
0.9799703804	0.02002961962	0.9998173227	0.1799639637
0.9809713614	0.01902863864	0.9998353322	0.1798012904
0.9819723423	0.01802765766	0.9998523866	0.1796389072
0.9829733233	0.01702667668	0.9998684892	0.1794768134
0.9839743043	0.0160256957	0.9998836436	0.1793150082
0.9849752853	0.01502471471	0.9998978534	0.1791534909
0.9859762663	0.01402373373	0.9999111221	0.1789922606
0.9869772472	0.01302275275	0.9999234531	0.1788313167
0.9879782282	0.01202177177	0.99993485	0.1786706584
0.9889792092	0.01102079079	0.9999453161	0.1785102849
0.9899801902	0.01001980981	0.9999548551	0.1783501955
0.9909811712	0.009018828829	0.9999634702	0.1781903895
0.9919821522	0.008017847848	0.9999711651	0.178030866
0.9929831331	0.007016866867	0.999977943	0.1778716245
0.9939841141	0.006015885886	0.9999838074	0.177712664
0.9949850951	0.005014904905	0.9999887617	0.1775539839
0.9959860761	0.004013923924	0.9999928093	0.1773955835
0.9969870571	0.003012942943	0.9999959536	0.177237462
0.997988038	0.002011961962	0.9999981979	0.1770796187
0.998989019	0.001010980981	0.9999995455	0.1769220528
0.99999	1e-05	1	0.1767647637
