1e-05	0.99999	3.322396481	1.000000009
0.001010980981	0.998989019	2.764815483	1.0000931
0.002011961962	0.997988038	2.321296839	1.00035713
0.003012942943	0.9969870571	1.965346858	1.000775966
0.004013923924	0.9959860761	1.677254853	1.001334798
0.005014904905	0.9949850951	1.442213957	1.002020014
0.006015885886	0.9939841141	1.248998257	1.002819089
0.007016866867	0.9929831331	1.089021861	1.003720486
0.008017847848	0.9919821522	0.9556630007	1.004713566
0.009018828829	0.9909811712	0.8437739219	1.005788509
0.01001980981	0.9899801902	0.7493222797	1.006936245
0.01102079079	0.9889792092	0.6691264906	1.008148388
0.01202177177	0.9879782282	0.6006588077	1.009417179
0.01302275275	0.9869772472	0.5418976317	1.010735436
0.01402373373	0.9859762663	0.491215908	1.012096505
0.01502471471	0.9849752853	0.4472961809	1.013494221
0.0160256957	0.9839743043	0.4090654877	1.014922866
0.01702667668	0.9829733233	0.3756451263	1.016377137
0.01802765766	0.9819723423	0.3463116491	1.017852115
0.01902863864	0.9809713614	0.3204663888	1.019343233
0.02002961962	0.9799703804	0.2976115082	1.020846254
0.0210306006	0.9789693994	0.2773310709	1.022357244
0.02203158158	0.9779684184	0.2592759985	1.023872551
0.02303256256	0.9769674374	0.2431520523	1.025388785
0.02403354354	0.9759664565	0.2287101848	1.0269028
0.02503452452	0.9749654755	0.2157387534	1.028411677
0.02603550551	0.9739644945	0.2040572088	1.029912708
0.02703648649	0.9729635135	0.1935109561	1.031403382
0.02803746747	0.9719625325	0.1839671502	1.032881372
0.02903844845	0.9709615516	0.1753112432	1.034344521
0.03003942943	0.9699605706	0.1674441371	1.035790834
0.03104041041	0.9689595896	0.1602798256	1.037218465
0.03204139139	0.9679586086	0.1537434348	1.038625709
0.03304237237	0.9669576276	0.1477695885	1.04001099
0.03404335335	0.9659566466	0.1423010397	1.041372858
0.03504433433	0.9649556657	0.1372875206	1.042709975
0.03604531532	0.9639546847	0.1326847746	1.044021112
0.0370462963	0.9629537037	0.1284537358	1.045305142
0.03804727728	0.9619527227	0.124559835	1.046561032
0.03904825826	0.9609517417	0.1209724078	1.047787838
0.04004923924	0.9599507608	0.1176641905	1.0489847
0.04105022022	0.9589497798	0.114610888	1.050150836
0.0420512012	0.9579487988	0.1117908034	1.051285539
0.04305218218	0.9569478178	0.1091845193	1.052388169
0.04405316316	0.9559468368	0.1067746229	1.053458154
0.04505414414	0.9549458559	0.104545468	1.054494981
0.04605512513	0.9539448749	0.1024829687	1.055498195
0.04705610611	0.9529438939	0.1005744207	1.056467395
0.04805708709	0.9519429129	0.09880834471	1.057402232
0.04905806807	0.9509419319	0.09717435066	1.058302403
0.05005904905	0.949940951	0.09566301813	1.059167652
0.05106003003	0.94893997	0.09426579202	1.059997763
0.05206101101	0.947938989	0.09297489072	1.060792562
0.05306199199	0.946938008	0.0917832252	1.06155191
0.05406297297	0.945937027	0.09068432776	1.062275705
0.05506395395	0.944936046	0.08967228895	1.062963878
0.05606493493	0.9439350651	0.08874170183	1.063616389
0.05706591592	0.9429340841	0.08788761241	1.064233229
0.0580668969	0.9419331031	0.08710547569	1.064814415
0.05906787788	0.9409321221	0.08639111649	1.065359992
0.06006885886	0.9399311411	0.08574069457	1.065870025
0.06106983984	0.9389301602	0.08515067338	1.066344606
0.06207082082	0.9379291792	0.08461779224	1.066783845
0.0630718018	0.9369281982	0.08413904129	1.067187873
0.06407278278	0.9359272172	0.08371163911	1.067556839
0.06507376376	0.9349262362	0.08333301253	1.06789091
0.06607474474	0.9339252553	0.08300077851	1.06819027
0.06707572573	0.9329242743	0.08271272779	1.068455115
0.06807670671	0.9319232933	0.08246681016	1.068685659
0.06907768769	0.9309223123	0.08226112111	1.068882126
0.07007866867	0.9299213313	0.08209388973	1.069044755
0.07107964965	0.9289203504	0.08196346788	1.069173794
0.07208063063	0.9279193694	0.08186832016	1.069269502
0.07308161161	0.9269183884	0.08180701497	1.069332149
0.07408259259	0.9259174074	0.08177821633	1.069362013
0.07508357357	0.9249164264	0.08178067636	1.069359382
0.07608455455	0.9239154454	0.08181322855	1.069324549
0.07708553554	0.9229144645	0.08187478148	1.069257816
0.07808651652	0.9219134835	0.08196431324	1.06915949
0.0790874975	0.9209125025	0.08208086618	1.069029887
0.08008847848	0.9199115215	0.08222354217	1.068869325
0.08108945946	0.9189105405	0.08239149828	1.068678128
0.08209044044	0.9179095596	0.08258394278	1.068456626
0.08309142142	0.9169085786	0.08280013145	1.06820515
0.0840924024	0.9159075976	0.08303936422	1.067924038
0.08509338338	0.9149066166	0.0833009821	1.067613628
0.08609436436	0.9139056356	0.08358436429	1.067274263
0.08709534535	0.9129046547	0.08388892555	1.066906287
0.08809632633	0.9119036737	0.0842141138	1.066510047
0.08909730731	0.9109026927	0.08455940785	1.06608589
0.09009828829	0.9099017117	0.08492431532	1.065634168
0.09109926927	0.9089007307	0.08530837076	1.06515523
0.09210025025	0.9078997497	0.08571113385	1.064649428
0.09310123123	0.9068987688	0.08613218774	1.064117115
0.09410221221	0.9058977878	0.08657113756	1.063558644
0.09510319319	0.9048968068	0.08702760899	1.062974367
0.09610417417	0.9038958258	0.08750124693	1.062364637
0.09710515516	0.9028948448	0.08799171431	1.061729807
0.09810613614	0.9018938639	0.08849869091	1.061070227
0.09910711712	0.9008928829	0.08902187235	1.060386251
0.1001080981	0.8998919019	0.08956096909	1.059678227
0.1011090791	0.8988909209	0.09011570548	1.058946505
0.1021100601	0.8978899399	0.09068581895	1.058191434
0.103111041	0.896888959	0.0912710592	1.05741336
0.104112022	0.895887978	0.09187118742	1.056612629
0.105113003	0.894886997	0.09248597564	1.055789585
0.106113984	0.893886016	0.09311520606	1.054944569
0.107114965	0.892885035	0.09375867043	1.054077922
0.1081159459	0.8918840541	0.09441616949	1.053189982
0.1091169269	0.8908830731	0.09508751243	1.052281086
0.1101179079	0.8898820921	0.0957725164	1.051351568
0.1111188889	0.8888811111	0.09647100605	1.05040176
0.1121198699	0.8878801301	0.09718281304	1.049431991
0.1131208509	0.8868791491	0.0979077757	1.04844259
0.1141218318	0.8858781682	0.09864573857	1.047433881
0.1151228128	0.8848771872	0.09939655209	1.046406186
0.1161237938	0.8838762062	0.1001600722	1.045359826
0.1171247748	0.8828752252	0.1009361602	1.044295118
0.1181257558	0.8818742442	0.1017246821	1.043212376
0.1191267367	0.8808732633	0.1025255086	1.042111913
0.1201277177	0.8798722823	0.1033385148	1.040994038
0.1211286987	0.8788713013	0.10416358	1.039859058
0.1221296797	0.8778703203	0.1050005871	1.038707275
0.1231306607	0.8768693393	0.105849423	1.037538992
0.1241316416	0.8758683584	0.1067099777	1.036354505
0.1251326226	0.8748673774	0.1075821446	1.035154111
0.1261336036	0.8738663964	0.1084658201	1.0339381
0.1271345846	0.8728654154	0.1093609036	1.032706764
0.1281355656	0.8718644344	0.110267297	1.031460386
0.1291365465	0.8708634535	0.1111849049	1.030199252
0.1301375275	0.8698624725	0.1121136342	1.028923642
0.1311385085	0.8688614915	0.113053394	1.027633831
0.1321394895	0.8678605105	0.1140040957	1.026330096
0.1331404705	0.8668595295	0.1149656526	1.025012708
0.1341414515	0.8658585485	0.1159379799	1.023681934
0.1351424324	0.8648575676	0.1169209944	1.02233804
0.1361434134	0.8638565866	0.1179146148	1.020981288
0.1371443944	0.8628556056	0.1189187611	1.019611939
0.1381453754	0.8618546246	0.1199333551	1.018230247
0.1391463564	0.8608536436	0.1209583197	1.016836467
0.1401473373	0.8598526627	0.1219935791	1.015430849
0.1411483183	0.8588516817	0.1230390588	1.014013639
0.1421492993	0.8578507007	0.1240946854	1.012585084
0.1431502803	0.8568497197	0.1251603866	1.011145423
0.1441512613	0.8558487387	0.1262360909	1.009694896
0.1451522422	0.8548477578	0.1273217279	1.008233737
0.1461532232	0.8538467768	0.1284172281	1.006762181
0.1471542042	0.8528457958	0.1295225226	1.005280456
0.1481551852	0.8518448148	0.1306375435	1.003788788
0.1491561662	0.8508438338	0.1317622234	1.002287403
0.1501571471	0.8498428529	0.1328964957	1.000776522
0.1511581281	0.8488418719	0.1340402942	0.9992563612
0.1521591091	0.8478408909	0.1351935535	0.9977271375
0.1531600901	0.8468399099	0.1363562085	0.9961890632
0.1541610711	0.8458389289	0.1375281948	0.9946423481
0.1551620521	0.8448379479	0.1387094483	0.9930871992
0.156163033	0.843836967	0.1398999053	0.9915238207
0.157164014	0.842835986	0.1410995025	0.9899524142
0.158164995	0.841835005	0.142308177	0.9883731786
0.159165976	0.840834024	0.1435258662	0.9867863099
0.160166957	0.839833043	0.1447525078	0.9851920018
0.1611679379	0.8388320621	0.1459880396	0.9835904449
0.1621689189	0.8378310811	0.1472323999	0.9819818275
0.1631698999	0.8368301001	0.1484855269	0.9803663352
0.1641708809	0.8358291191	0.1497473594	0.9787441512
0.1651718619	0.8348281381	0.1510178361	0.9771154557
0.1661728428	0.8338271572	0.1522968958	0.9754804269
0.1671738238	0.8328261762	0.1535844776	0.9738392401
0.1681748048	0.8318251952	0.1548805207	0.9721920683
0.1691757858	0.8308242142	0.1561849644	0.9705390821
0.1701767668	0.8298232332	0.1574977479	0.9688804494
0.1711777477	0.8288222523	0.1588188109	0.9672163361
0.1721787287	0.8278212713	0.1601480926	0.9655469053
0.1731797097	0.8268202903	0.1614855328	0.963872318
0.1741806907	0.8258193093	0.162831071	0.9621927328
0.1751816717	0.8248183283	0.1641846468	0.9605083058
0.1761826527	0.8238173473	0.1655461999	0.9588191912
0.1771836336	0.8228163664	0.16691567	0.9571255407
0.1781846146	0.8218153854	0.1682929966	0.9554275036
0.1791855956	0.8208144044	0.1696781196	0.9537252273
0.1801865766	0.8198134234	0.1710709786	0.9520188568
0.1811875576	0.8188124424	0.1724715131	0.9503085351
0.1821885385	0.8178114615	0.1738796628	0.9485944029
0.1831895195	0.8168104805	0.1752953674	0.9468765989
0.1841905005	0.8158094995	0.1767185664	0.9451552595
0.1851914815	0.8148085185	0.1781491994	0.9434305193
0.1861924625	0.8138075375	0.1795872058	0.9417025107
0.1871934434	0.8128065566	0.181032525	0.9399713641
0.1881944244	0.8118055756	0.1824850966	0.9382372079
0.1891954054	0.8108045946	0.18394486	0.9365001686
0.1901963864	0.8098036136	0.1854117543	0.9347603706
0.1911973674	0.8088026326	0.186885719	0.9330179365
0.1921983483	0.8078016517	0.1883666931	0.9312729869
0.1931993293	0.8068006707	0.1898546161	0.9295256406
0.1942003103	0.8057996897	0.1913494268	0.9277760145
0.1952012913	0.8047987087	0.1928510645	0.9260242236
0.1962022723	0.8037977277	0.1943594682	0.9242703812
0.1972032533	0.8027967467	0.1958745768	0.9225145987
0.1982042342	0.8017957658	0.1973963293	0.9207569859
0.1992052152	0.8007947848	0.1989246646	0.9189976507
0.2002061962	0.7997938038	0.2004595214	0.9172366993
0.2012071772	0.7987928228	0.2020008387	0.9154742362
0.2022081582	0.7977918418	0.203548555	0.9137103642
0.2032091391	0.7967908609	0.2051026092	0.9119451844
0.2042101201	0.7957898799	0.2066629399	0.9101787965
0.2052111011	0.7947888989	0.2082294857	0.9084112984
0.2062120821	0.7937879179	0.2098021851	0.9066427862
0.2072130631	0.7927869369	0.2113809768	0.9048733548
0.208214044	0.791785956	0.2129657993	0.9031030973
0.209215025	0.790784975	0.214556591	0.9013321054
0.210216006	0.789783994	0.2161532904	0.8995604692
0.211216987	0.788783013	0.2177558359	0.8977882773
0.212217968	0.787782032	0.219364166	0.8960156168
0.2132189489	0.7867810511	0.2209782191	0.8942425735
0.2142199299	0.7857800701	0.2225979334	0.8924692316
0.2152209109	0.7847790891	0.2242232475	0.8906956739
0.2162218919	0.7837781081	0.2258540997	0.8889219819
0.2172228729	0.7827771271	0.2274904283	0.8871482355
0.2182238539	0.7817761461	0.2291321717	0.8853745136
0.2192248348	0.7807751652	0.2307792683	0.8836008934
0.2202258158	0.7797741842	0.2324316564	0.881827451
0.2212267968	0.7787732032	0.2340892744	0.880054261
0.2222277778	0.7777722222	0.2357520607	0.8782813969
0.2232287588	0.7767712412	0.2374199537	0.8765089309
0.2242297397	0.7757702603	0.2390928919	0.8747369338
0.2252307207	0.7747692793	0.2407708136	0.8729654753
0.2262317017	0.7737682983	0.2424536575	0.8711946238
0.2272326827	0.7727673173	0.2441413619	0.8694244466
0.2282336637	0.7717663363	0.2458338655	0.8676550097
0.2292346446	0.7707653554	0.2475311069	0.8658863779
0.2302356256	0.7697643744	0.2492330247	0.8641186151
0.2312366066	0.7687633934	0.2509395576	0.8623517837
0.2322375876	0.7677624124	0.2526506443	0.8605859453
0.2332385686	0.7667614314	0.2543662236	0.8588211601
0.2342395495	0.7657604505	0.2560862345	0.8570574875
0.2352405305	0.7647594695	0.2578106158	0.8552949856
0.2362415115	0.7637584885	0.2595393065	0.8535337115
0.2372424925	0.7627575075	0.2612722458	0.8517737214
0.2382434735	0.7617565265	0.2630093727	0.8500150703
0.2392444545	0.7607555455	0.2647506264	0.8482578122
0.2402454354	0.7597545646	0.2664959464	0.8465020001
0.2412464164	0.7587535836	0.2682452719	0.8447476861
0.2422473974	0.7577526026	0.2699985426	0.8429949212
0.2432483784	0.7567516216	0.2717556979	0.8412437556
0.2442493594	0.7557506406	0.2735166776	0.8394942384
0.2452503403	0.7547496597	0.2752814215	0.8377464179
0.2462513213	0.7537486787	0.2770498695	0.8360003413
0.2472523023	0.7527476977	0.2788219615	0.8342560551
0.2482532833	0.7517467167	0.2805976378	0.8325136049
0.2492542643	0.7507457357	0.2823768386	0.8307730351
0.2502552452	0.7497447548	0.2841595043	0.8290343896
0.2512562262	0.7487437738	0.2859455753	0.8272977114
0.2522572072	0.7477427928	0.2877349924	0.8255630424
0.2532581882	0.7467418118	0.2895276963	0.823830424
0.2542591692	0.7457408308	0.2913236278	0.8220998966
0.2552601502	0.7447398498	0.2931227281	0.8203714997
0.2562611311	0.7437388689	0.2949249384	0.8186452723
0.2572621121	0.7427378879	0.2967301999	0.8169212523
0.2582630931	0.7417369069	0.2985384543	0.8151994771
0.2592640741	0.7407359259	0.3003496431	0.8134799831
0.2602650551	0.7397349449	0.3021637082	0.8117628062
0.261266036	0.738733964	0.3039805916	0.8100479814
0.262267017	0.737732983	0.3058002353	0.8083355429
0.263267998	0.736732002	0.3076225817	0.8066255245
0.264268979	0.735731021	0.3094475734	0.8049179589
0.26526996	0.73473004	0.3112751529	0.8032128784
0.2662709409	0.7337290591	0.313105263	0.8015103144
0.2672719219	0.7327280781	0.314937847	0.7998102979
0.2682729029	0.7317270971	0.3167728478	0.7981128591
0.2692738839	0.7307261161	0.3186102089	0.7964180273
0.2702748649	0.7297251351	0.320449874	0.7947258316
0.2712758458	0.7287241542	0.3222917867	0.7930363001
0.2722768268	0.7277231732	0.3241358911	0.7913494605
0.2732778078	0.7267221922	0.3259821314	0.7896653399
0.2742787888	0.7257212112	0.3278304518	0.7879839645
0.2752797698	0.7247202302	0.3296807971	0.7863053603
0.2762807508	0.7237192492	0.3315331119	0.7846295524
0.2772817317	0.7227182683	0.3333873413	0.7829565655
0.2782827127	0.7217172873	0.3352434306	0.7812864236
0.2792836937	0.7207163063	0.337101325	0.7796191504
0.2802846747	0.7197153253	0.3389609703	0.7779547686
0.2812856557	0.7187143443	0.3408223124	0.7762933009
0.2822866366	0.7177133634	0.3426852973	0.774634769
0.2832876176	0.7167123824	0.3445498713	0.7729791942
0.2842885986	0.7157114014	0.346415981	0.7713265976
0.2852895796	0.7147104204	0.3482835732	0.7696769993
0.2862905606	0.7137094394	0.3501525948	0.7680304192
0.2872915415	0.7127084585	0.3520229931	0.7663868766
0.2882925225	0.7117074775	0.3538947156	0.7647463903
0.2892935035	0.7107064965	0.3557677099	0.7631089788
0.2902944845	0.7097055155	0.357641924	0.7614746599
0.2912954655	0.7087045345	0.3595173062	0.7598434511
0.2922964464	0.7077035536	0.3613938047	0.7582153692
0.2932974274	0.7067025726	0.3632713684	0.7565904309
0.2942984084	0.7057015916	0.3651499461	0.7549686521
0.2952993894	0.7047006106	0.3670294871	0.7533500486
0.2963003704	0.7036996296	0.3689099407	0.7517346355
0.2973013514	0.7026986486	0.3707912566	0.7501224276
0.2983023323	0.7016976677	0.3726733848	0.7485134393
0.2993033133	0.7006966867	0.3745562754	0.7469076845
0.3003042943	0.6996957057	0.3764398789	0.7453051767
0.3013052753	0.6986947247	0.3783241459	0.7437059292
0.3023062563	0.6976937437	0.3802090276	0.7421099547
0.3033072372	0.6966927628	0.382094475	0.7405172656
0.3043082182	0.6956917818	0.3839804397	0.7389278738
0.3053091992	0.6946908008	0.3858668734	0.7373417911
0.3063101802	0.6936898198	0.3877537282	0.7357590286
0.3073111612	0.6926888388	0.3896409562	0.7341795972
0.3083121421	0.6916878579	0.3915285102	0.7326035076
0.3093131231	0.6906868769	0.3934163429	0.7310307698
0.3103141041	0.6896858959	0.3953044073	0.7294613938
0.3113150851	0.6886849149	0.3971926569	0.7278953891
0.3123160661	0.6876839339	0.3990810453	0.7263327648
0.313317047	0.686682953	0.4009695264	0.7247735299
0.314318028	0.685681972	0.4028580544	0.7232176927
0.315319009	0.684680991	0.4047465837	0.7216652616
0.31631999	0.68368001	0.4066350691	0.7201162445
0.317320971	0.682679029	0.4085234656	0.7185706489
0.318321952	0.681678048	0.4104117284	0.7170284822
0.3193229329	0.6806770671	0.4122998132	0.7154897513
0.3203239139	0.6796760861	0.4141876758	0.713954463
0.3213248949	0.6786751051	0.4160752722	0.7124226236
0.3223258759	0.6776741241	0.417962559	0.7108942394
0.3233268569	0.6766731431	0.4198494927	0.7093693162
0.3243278378	0.6756721622	0.4217360304	0.7078478595
0.3253288188	0.6746711812	0.4236221294	0.7063298747
0.3263297998	0.6736702002	0.425507747	0.7048153669
0.3273307808	0.6726692192	0.4273928412	0.7033043408
0.3283317618	0.6716682382	0.42927737	0.701796801
0.3293327427	0.6706672573	0.4311612919	0.7002927518
0.3303337237	0.6696662763	0.4330445655	0.6987921972
0.3313347047	0.6686652953	0.4349271496	0.697295141
0.3323356857	0.6676643143	0.4368090037	0.6958015868
0.3333366667	0.6666633333	0.4386900871	0.6943115379
0.3343376476	0.6656623524	0.4405703598	0.6928249974
0.3353386286	0.6646613714	0.4424497817	0.6913419683
0.3363396096	0.6636603904	0.4443283132	0.689862453
0.3373405906	0.6626594094	0.446205915	0.6883864541
0.3383415716	0.6616584284	0.4480825481	0.6869139738
0.3393425526	0.6606574474	0.4499581737	0.6854450141
0.3403435335	0.6596564665	0.4518327532	0.6839795767
0.3413445145	0.6586554855	0.4537062486	0.6825176634
0.3423454955	0.6576545045	0.4555786218	0.6810592753
0.3433464765	0.6566535235	0.4574498352	0.6796044139
0.3443474575	0.6556525425	0.4593198516	0.6781530799
0.3453484384	0.6546515616	0.4611886337	0.6767052744
0.3463494194	0.6536505806	0.463056145	0.6752609978
0.3473504004	0.6526495996	0.4649223488	0.6738202506
0.3483513814	0.6516486186	0.466787209	0.6723830331
0.3493523624	0.6506476376	0.4686506897	0.6709493454
0.3503533433	0.6496466567	0.4705127551	0.6695191873
0.3513543243	0.6486456757	0.4723733701	0.6680925586
0.3523553053	0.6476446947	0.4742324994	0.6666694589
0.3533562863	0.6466437137	0.4760901084	0.6652498875
0.3543572673	0.6456427327	0.4779461625	0.6638338437
0.3553582482	0.6446417518	0.4798006274	0.6624213266
0.3563592292	0.6436407708	0.4816534694	0.6610123351
0.3573602102	0.6426397898	0.4835046546	0.6596068679
0.3583611912	0.6416388088	0.4853541498	0.6582049238
0.3593621722	0.6406378278	0.4872019218	0.656806501
0.3603631532	0.6396368468	0.4890479378	0.6554115981
0.3613641341	0.6386358659	0.4908921654	0.6540202131
0.3623651151	0.6376348849	0.4927345722	0.6526323441
0.3633660961	0.6366339039	0.4945751263	0.6512479889
0.3643670771	0.6356329229	0.4964137959	0.6498671455
0.3653680581	0.6346319419	0.4982505498	0.6484898113
0.366369039	0.633630961	0.5000853566	0.6471159839
0.36737002	0.63262998	0.5019181857	0.6457456608
0.368371001	0.631628999	0.5037490063	0.644378839
0.369371982	0.630628018	0.5055777882	0.6430155158
0.370372963	0.629627037	0.5074045013	0.6416556882
0.3713739439	0.6286260561	0.5092291159	0.640299353
0.3723749249	0.6276250751	0.5110516025	0.6389465071
0.3733759059	0.6266240941	0.5128719318	0.637597147
0.3743768869	0.6256231131	0.514690075	0.6362512694
0.3753778679	0.6246221321	0.5165060033	0.6349088707
0.3763788488	0.6236211512	0.5183196884	0.6335699471
0.3773798298	0.6226201702	0.5201311021	0.6322344951
0.3783808108	0.6216191892	0.5219402165	0.6309025105
0.3793817918	0.6206182082	0.5237470041	0.6295739896
0.3803827728	0.6196172272	0.5255514375	0.6282489281
0.3813837538	0.6186162462	0.5273534897	0.626927322
0.3823847347	0.6176152653	0.5291531338	0.6256091669
0.3833857157	0.6166142843	0.5309503433	0.6242944586
0.3843866967	0.6156133033	0.5327450921	0.6229831924
0.3853876777	0.6146123223	0.5345373539	0.621675364
0.3863886587	0.6136113413	0.5363271032	0.6203709686
0.3873896396	0.6126103604	0.5381143144	0.6190700016
0.3883906206	0.6116093794	0.5398989623	0.6177724581
0.3893916016	0.6106083984	0.5416810219	0.6164783332
0.3903925826	0.6096074174	0.5434604685	0.6151876221
0.3913935636	0.6086064364	0.5452372777	0.6139003196
0.3923945445	0.6076054555	0.5470114253	0.6126164206
0.3933955255	0.6066044745	0.5487828873	0.6113359199
0.3943965065	0.6056034935	0.5505516401	0.6100588122
0.3953974875	0.6046025125	0.5523176602	0.6087850923
0.3963984685	0.6036015315	0.5540809244	0.6075147546
0.3973994494	0.6026005506	0.5558414098	0.6062477938
0.3984004304	0.6015995696	0.5575990938	0.6049842042
0.3994014114	0.6005985886	0.5593539539	0.6037239802
0.4004023924	0.5995976076	0.5611059679	0.6024671161
0.4014033734	0.5985966266	0.5628551139	0.6012136062
0.4024043544	0.5975956456	0.5646013701	0.5999634447
0.4034053353	0.5965946647	0.5663447152	0.5987166257
0.4044063163	0.5955936837	0.568085128	0.5974731432
0.4054072973	0.5945927027	0.5698225875	0.5962329913
0.4064082783	0.5935917217	0.5715570729	0.594996164
0.4074092593	0.5925907407	0.5732885638	0.593762655
0.4084102402	0.5915897598	0.57501704	0.5925324584
0.4094112212	0.5905887788	0.5767424814	0.5913055678
0.4104122022	0.5895877978	0.5784648684	0.590081977
0.4114131832	0.5885868168	0.5801841813	0.5888616797
0.4124141642	0.5875858358	0.5819004008	0.5876446695
0.4134151451	0.5865848549	0.583613508	0.58643094
0.4144161261	0.5855838739	0.585323484	0.5852204847
0.4154171071	0.5845828929	0.5870303102	0.5840132973
0.4164180881	0.5835819119	0.5887339682	0.582809371
0.4174190691	0.5825809309	0.5904344399	0.5816086994
0.4184200501	0.5815799499	0.5921317074	0.5804112758
0.419421031	0.580578969	0.593825753	0.5792170934
0.420422012	0.579577988	0.5955165592	0.5780261457
0.421422993	0.578577007	0.5972041089	0.5768384259
0.422423974	0.577576026	0.598888385	0.5756539271
0.423424955	0.576575045	0.6005693707	0.5744726426
0.4244259359	0.5755740641	0.6022470494	0.5732945654
0.4254269169	0.5745730831	0.6039214048	0.5721196887
0.4264278979	0.5735721021	0.6055924208	0.5709480056
0.4274288789	0.5725711211	0.6072600815	0.5697795091
0.4284298599	0.5715701401	0.6089243712	0.5686141921
0.4294308408	0.5705691592	0.6105852743	0.5674520477
0.4304318218	0.5695681782	0.6122427756	0.5662930689
0.4314328028	0.5685671972	0.6138968601	0.5651372484
0.4324337838	0.5675662162	0.615547513	0.5639845793
0.4334347648	0.5665652352	0.6171947195	0.5628350543
0.4344357457	0.5655642543	0.6188384652	0.5616886663
0.4354367267	0.5645632733	0.620478736	0.5605454081
0.4364377077	0.5635622923	0.6221155178	0.5594052725
0.4374386887	0.5625613113	0.6237487969	0.5582682522
0.4384396697	0.5615603303	0.6253785595	0.55713434
0.4394406507	0.5605593493	0.6270047924	0.5560035286
0.4404416316	0.5595583684	0.6286274822	0.5548758106
0.4414426126	0.5585573874	0.6302466161	0.5537511788
0.4424435936	0.5575564064	0.6318621812	0.5526296257
0.4434445746	0.5565554254	0.6334741648	0.551511144
0.4444455556	0.5555544444	0.6350825547	0.5503957264
0.4454465365	0.5545534635	0.6366873385	0.5492833654
0.4464475175	0.5535524825	0.6382885043	0.5481740535
0.4474484985	0.5525515015	0.6398860403	0.5470677834
0.4484494795	0.5515505205	0.6414799347	0.5459645475
0.4494504605	0.5505495395	0.6430701762	0.5448643384
0.4504514414	0.5495485586	0.6446567535	0.5437671487
0.4514524224	0.5485475776	0.6462396555	0.5426729707
0.4524534034	0.5475465966	0.6478188714	0.5415817971
0.4534543844	0.5465456156	0.6493943905	0.5404936201
0.4544553654	0.5455446346	0.6509662022	0.5394084324
0.4554563463	0.5445436537	0.6525342962	0.5383262264
0.4564573273	0.5435426727	0.6540986624	0.5372469944
0.4574583083	0.5425416917	0.6556592907	0.536170729
0.4584592893	0.5415407107	0.6572161715	0.5350974225
0.4594602703	0.5405397297	0.6587692952	0.5340270673
0.4604612513	0.5395387487	0.6603186522	0.5329596558
0.4614622322	0.5385377678	0.6618642333	0.5318951805
0.4624632132	0.5375367868	0.6634060294	0.5308336337
0.4634641942	0.5365358058	0.6649440317	0.5297750077
0.4644651752	0.5355348248	0.6664782314	0.528719295
0.4654661562	0.5345338438	0.6680086199	0.5276664879
0.4664671371	0.5335328629	0.6695351889	0.5266165788
0.4674681181	0.5325318819	0.6710579301	0.52556956
0.4684690991	0.5315309009	0.6725768354	0.5245254238
0.4694700801	0.5305299199	0.674091897	0.5234841627
0.4704710611	0.5295289389	0.6756031071	0.5224457688
0.471472042	0.528527958	0.6771104581	0.5214102347
0.472473023	0.527526977	0.6786139428	0.5203775526
0.473474004	0.526525996	0.6801135537	0.5193477148
0.474474985	0.525525015	0.6816092839	0.5183207136
0.475475966	0.524524034	0.6831011264	0.5172965415
0.4764769469	0.5235230531	0.6845890744	0.5162751907
0.4774779279	0.5225220721	0.6860731214	0.5152566535
0.4784789089	0.5215210911	0.6875532609	0.5142409223
0.4794798899	0.5205201101	0.6890294866	0.5132279894
0.4804808709	0.5195191291	0.6905017923	0.5122178472
0.4814818519	0.5185181481	0.6919701721	0.5112104879
0.4824828328	0.5175171672	0.6934346202	0.5102059038
0.4834838138	0.5165161862	0.6948951307	0.5092040874
0.4844847948	0.5155152052	0.6963516982	0.508205031
0.4854857758	0.5145142242	0.6978043174	0.5072087268
0.4864867568	0.5135132432	0.6992529828	0.5062151672
0.4874877377	0.5125122623	0.7006976895	0.5052243447
0.4884887187	0.5115112813	0.7021384325	0.5042362514
0.4894896997	0.5105103003	0.7035752069	0.5032508798
0.4904906807	0.5095093193	0.7050080082	0.5022682222
0.4914916617	0.5085083383	0.7064368316	0.5012882709
0.4924926426	0.5075073574	0.707861673	0.5003110185
0.4934936236	0.5065063764	0.7092825279	0.4993364571
0.4944946046	0.5055053954	0.7106993924	0.4983645792
0.4954955856	0.5045044144	0.7121122623	0.4973953771
0.4964965666	0.5035034334	0.7135211339	0.4964288433
0.4974975475	0.5025024525	0.7149260034	0.4954649702
0.4984985285	0.5015014715	0.7163268673	0.4945037501
0.4994995095	0.5005004905	0.7177237221	0.4935451754
0.5005004905	0.4994995095	0.7191165645	0.4925892386
0.5015014715	0.4984985285	0.7205053913	0.491635932
0.5025024525	0.4974975475	0.7218901995	0.4906852482
0.5035034334	0.4964965666	0.7232709861	0.4897371795
0.5045044144	0.4954955856	0.7246477483	0.4887917184
0.5055053954	0.4944946046	0.7260204835	0.4878488573
0.5065063764	0.4934936236	0.727389189	0.4869085887
0.5075073574	0.4924926426	0.7287538625	0.4859709051
0.5085083383	0.4914916617	0.7301145017	0.4850357989
0.5095093193	0.4904906807	0.7314711043	0.4841032627
0.5105103003	0.4894896997	0.7328236683	0.483173289
0.5115112813	0.4884887187	0.7341721917	0.4822458701
0.5125122623	0.4874877377	0.7355166728	0.4813209988
0.5135132432	0.4864867568	0.7368571097	0.4803986674
0.5145142242	0.4854857758	0.738193501	0.4794788686
0.5155152052	0.4844847948	0.7395258451	0.4785615948
0.5165161862	0.4834838138	0.7408541407	0.4776468388
0.5175171672	0.4824828328	0.7421783865	0.4767345929
0.5185181481	0.4814818519	0.7434985814	0.4758248498
0.5195191291	0.4804808709	0.7448147243	0.4749176022
0.5205201101	0.4794798899	0.7461268143	0.4740128425
0.5215210911	0.4784789089	0.7474348507	0.4731105635
0.5225220721	0.4774779279	0.7487388326	0.4722107577
0.5235230531	0.4764769469	0.7500387596	0.4713134179
0.524524034	0.475475966	0.7513346311	0.4704185366
0.525525015	0.474474985	0.7526264467	0.4695261065
0.526525996	0.473474004	0.7539142062	0.4686361203
0.527526977	0.472473023	0.7551979095	0.4677485707
0.528527958	0.471472042	0.7564775563	0.4668634504
0.5295289389	0.4704710611	0.7577531468	0.4659807522
0.5305299199	0.4694700801	0.759024681	0.4651004687
0.5315309009	0.4684690991	0.7602921593	0.4642225927
0.5325318819	0.4674681181	0.7615555819	0.463347117
0.5335328629	0.4664671371	0.7628149493	0.4624740343
0.5345338438	0.4654661562	0.764070262	0.4616033374
0.5355348248	0.4644651752	0.7653215206	0.4607350192
0.5365358058	0.4634641942	0.7665687258	0.4598690724
0.5375367868	0.4624632132	0.7678118784	0.4590054898
0.5385377678	0.4614622322	0.7690509794	0.4581442644
0.5395387487	0.4604612513	0.7702860297	0.4572853889
0.5405397297	0.4594602703	0.7715170304	0.4564288563
0.5415407107	0.4584592893	0.7727439827	0.4555746595
0.5425416917	0.4574583083	0.7739668879	0.4547227912
0.5435426727	0.4564573273	0.7751857473	0.4538732445
0.5445436537	0.4554563463	0.7764005623	0.4530260123
0.5455446346	0.4544553654	0.7776113345	0.4521810875
0.5465456156	0.4534543844	0.7788180656	0.4513384631
0.5475465966	0.4524534034	0.7800207571	0.4504981321
0.5485475776	0.4514524224	0.7812194109	0.4496600875
0.5495485586	0.4504514414	0.7824140289	0.4488243222
0.5505495395	0.4494504605	0.783604613	0.4479908293
0.5515505205	0.4484494795	0.7847911652	0.4471596019
0.5525515015	0.4474484985	0.7859736878	0.4463306329
0.5535524825	0.4464475175	0.7871521827	0.4455039155
0.5545534635	0.4454465365	0.7883266525	0.4446794428
0.5555544444	0.4444455556	0.7894970993	0.4438572078
0.5565554254	0.4434445746	0.7906635256	0.4430372036
0.5575564064	0.4424435936	0.791825934	0.4422194235
0.5585573874	0.4414426126	0.792984327	0.4414038606
0.5595583684	0.4404416316	0.7941387073	0.440590508
0.5605593493	0.4394406507	0.7952890777	0.4397793588
0.5615603303	0.4384396697	0.7964354409	0.4389704064
0.5625613113	0.4374386887	0.7975777998	0.438163644
0.5635622923	0.4364377077	0.7987161573	0.4373590646
0.5645632733	0.4354367267	0.7998505166	0.4365566617
0.5655642543	0.4344357457	0.8009808807	0.4357564285
0.5665652352	0.4334347648	0.8021072528	0.4349583583
0.5675662162	0.4324337838	0.8032296361	0.4341624443
0.5685671972	0.4314328028	0.8043480339	0.4333686798
0.5695681782	0.4304318218	0.8054624496	0.4325770583
0.5705691592	0.4294308408	0.8065728867	0.4317875731
0.5715701401	0.4284298599	0.8076793486	0.4310002175
0.5725711211	0.4274288789	0.808781839	0.4302149849
0.5735721021	0.4264278979	0.8098803614	0.4294318687
0.5745730831	0.4254269169	0.8109749196	0.4286508623
0.5755740641	0.4244259359	0.8120655174	0.4278719592
0.576575045	0.423424955	0.8131521585	0.4270951529
0.577576026	0.422423974	0.8142348469	0.4263204367
0.578577007	0.421422993	0.8153135865	0.4255478042
0.579577988	0.420422012	0.8163883813	0.4247772489
0.580578969	0.419421031	0.8174592354	0.4240087644
0.5815799499	0.4184200501	0.818526153	0.423242344
0.5825809309	0.4174190691	0.8195891383	0.4224779815
0.5835819119	0.4164180881	0.8206481954	0.4217156703
0.5845828929	0.4154171071	0.8217033287	0.4209554041
0.5855838739	0.4144161261	0.8227545426	0.4201971764
0.5865848549	0.4134151451	0.8238018415	0.419440981
0.5875858358	0.4124141642	0.8248452298	0.4186868114
0.5885868168	0.4114131832	0.8258847121	0.4179346613
0.5895877978	0.4104122022	0.826920293	0.4171845244
0.5905887788	0.4094112212	0.8279519771	0.4164363944
0.5915897598	0.4084102402	0.8289797691	0.415690265
0.5925907407	0.4074092593	0.8300036738	0.4149461299
0.5935917217	0.4064082783	0.8310236959	0.4142039828
0.5945927027	0.4054072973	0.8320398402	0.4134638176
0.5955936837	0.4044063163	0.8330521118	0.412725628
0.5965946647	0.4034053353	0.8340605155	0.4119894078
0.5975956456	0.4024043544	0.8350650563	0.4112551509
0.5985966266	0.4014033734	0.8360657393	0.410522851
0.5995976076	0.4004023924	0.8370625696	0.4097925021
0.6005985886	0.3994014114	0.8380555522	0.409064098
0.6015995696	0.3984004304	0.8390446924	0.4083376325
0.6026005506	0.3973994494	0.8400299955	0.4076130997
0.6036015315	0.3963984685	0.8410114666	0.4068904933
0.6046025125	0.3953974875	0.8419891111	0.4061698074
0.6056034935	0.3943965065	0.8429629343	0.405451036
0.6066044745	0.3933955255	0.8439329418	0.4047341729
0.6076054555	0.3923945445	0.8448991389	0.4040192123
0.6086064364	0.3913935636	0.845861531	0.403306148
0.6096074174	0.3903925826	0.8468201239	0.4025949742
0.6106083984	0.3893916016	0.847774923	0.4018856848
0.6116093794	0.3883906206	0.8487259339	0.401178274
0.6126103604	0.3873896396	0.8496731623	0.4004727358
0.6136113413	0.3863886587	0.850616614	0.3997690644
0.6146123223	0.3853876777	0.8515562945	0.3990672538
0.6156133033	0.3843866967	0.8524922098	0.3983672982
0.6166142843	0.3833857157	0.8534243656	0.3976691917
0.6176152653	0.3823847347	0.8543527678	0.3969729285
0.6186162462	0.3813837538	0.8552774223	0.3962785028
0.6196172272	0.3803827728	0.856198335	0.3955859088
0.6206182082	0.3793817918	0.8571155118	0.3948951407
0.6216191892	0.3783808108	0.8580289587	0.3942061928
0.6226201702	0.3773798298	0.8589386819	0.3935190594
0.6236211512	0.3763788488	0.8598446873	0.3928337346
0.6246221321	0.3753778679	0.860746981	0.3921502128
0.6256231131	0.3743768869	0.8616455692	0.3914684883
0.6266240941	0.3733759059	0.8625404581	0.3907885554
0.6276250751	0.3723749249	0.8634316538	0.3901104085
0.6286260561	0.3713739439	0.8643191625	0.389434042
0.629627037	0.370372963	0.8652029906	0.3887594501
0.630628018	0.369371982	0.8660831444	0.3880866274
0.631628999	0.368371001	0.8669596301	0.3874155682
0.63262998	0.36737002	0.8678324541	0.386746267
0.633630961	0.366369039	0.8687016228	0.3860787182
0.6346319419	0.3653680581	0.8695671426	0.3854129162
0.6356329229	0.3643670771	0.8704290199	0.3847488556
0.6366339039	0.3633660961	0.8712872613	0.3840865309
0.6376348849	0.3623651151	0.8721418731	0.3834259366
0.6386358659	0.3613641341	0.872992862	0.3827670672
0.6396368468	0.3603631532	0.8738402345	0.3821099172
0.6406378278	0.3593621722	0.8746839972	0.3814544813
0.6416388088	0.3583611912	0.8755241566	0.3808007541
0.6426397898	0.3573602102	0.8763607194	0.38014873
0.6436407708	0.3563592292	0.8771936923	0.3794984038
0.6446417518	0.3553582482	0.878023082	0.3788497701
0.6456427327	0.3543572673	0.878848895	0.3782028236
0.6466437137	0.3533562863	0.8796711383	0.3775575589
0.6476446947	0.3523553053	0.8804898184	0.3769139706
0.6486456757	0.3513543243	0.8813049423	0.3762720536
0.6496466567	0.3503533433	0.8821165166	0.3756318026
0.6506476376	0.3493523624	0.8829245483	0.3749932122
0.6516486186	0.3483513814	0.8837290441	0.3743562772
0.6526495996	0.3473504004	0.8845300109	0.3737209925
0.6536505806	0.3463494194	0.8853274556	0.3730873528
0.6546515616	0.3453484384	0.8861213852	0.3724553529
0.6556525425	0.3443474575	0.8869118064	0.3718249876
0.6566535235	0.3433464765	0.8876987264	0.3711962517
0.6576545045	0.3423454955	0.8884821519	0.3705691402
0.6586554855	0.3413445145	0.8892620902	0.369943648
0.6596564665	0.3403435335	0.890038548	0.3693197698
0.6606574474	0.3393425526	0.8908115325	0.3686975006
0.6616584284	0.3383415716	0.8915810506	0.3680768353
0.6626594094	0.3373405906	0.8923471096	0.3674577689
0.6636603904	0.3363396096	0.8931097163	0.3668402964
0.6646613714	0.3353386286	0.8938688779	0.3662244126
0.6656623524	0.3343376476	0.8946246016	0.3656101126
0.6666633333	0.3333366667	0.8953768944	0.3649973914
0.6676643143	0.3323356857	0.8961257635	0.364386244
0.6686652953	0.3313347047	0.896871216	0.3637766655
0.6696662763	0.3303337237	0.8976132591	0.3631686509
0.6706672573	0.3293327427	0.8983519	0.3625621952
0.6716682382	0.3283317618	0.8990871459	0.3619572937
0.6726692192	0.3273307808	0.899819004	0.3613539413
0.6736702002	0.3263297998	0.9005474815	0.3607521331
0.6746711812	0.3253288188	0.9012725857	0.3601518645
0.6756721622	0.3243278378	0.9019943239	0.3595531303
0.6766731431	0.3233268569	0.9027127032	0.358955926
0.6776741241	0.3223258759	0.903427731	0.3583602465
0.6786751051	0.3213248949	0.9041394146	0.3577660872
0.6796760861	0.3203239139	0.9048477612	0.3571734433
0.6806770671	0.3193229329	0.9055527783	0.3565823099
0.681678048	0.318321952	0.906254473	0.3559926823
0.682679029	0.317320971	0.9069528528	0.3554045558
0.68368001	0.31631999	0.907647925	0.3548179257
0.684680991	0.315319009	0.908339697	0.3542327872
0.685681972	0.314318028	0.9090281761	0.3536491357
0.686682953	0.313317047	0.9097133697	0.3530669665
0.6876839339	0.3123160661	0.9103952852	0.352486275
0.6886849149	0.3113150851	0.91107393	0.3519070564
0.6896858959	0.3103141041	0.9117493115	0.3513293062
0.6906868769	0.3093131231	0.9124214371	0.3507530197
0.6916878579	0.3083121421	0.9130903142	0.3501781924
0.6926888388	0.3073111612	0.9137559503	0.3496048197
0.6936898198	0.3063101802	0.9144183529	0.349032897
0.6946908008	0.3053091992	0.9150775293	0.3484624197
0.6956917818	0.3043082182	0.915733487	0.3478933834
0.6966927628	0.3033072372	0.9163862335	0.3473257834
0.6976937437	0.3023062563	0.9170357762	0.3467596154
0.6986947247	0.3013052753	0.9176821227	0.3461948748
0.6996957057	0.3003042943	0.9183252803	0.3456315571
0.7006966867	0.2993033133	0.9189652567	0.3450696578
0.7016976677	0.2983023323	0.9196020592	0.3445091727
0.7026986486	0.2973013514	0.9202356954	0.3439500971
0.7036996296	0.2963003704	0.9208661728	0.3433924266
0.7047006106	0.2952993894	0.9214934989	0.342836157
0.7057015916	0.2942984084	0.9221176811	0.3422812838
0.7067025726	0.2932974274	0.9227387271	0.3417278026
0.7077035536	0.2922964464	0.9233566444	0.3411757091
0.7087045345	0.2912954655	0.9239714404	0.3406249989
0.7097055155	0.2902944845	0.9245831227	0.3400756677
0.7107064965	0.2892935035	0.9251916988	0.3395277113
0.7117074775	0.2882925225	0.9257971763	0.3389811252
0.7127084585	0.2872915415	0.9263995628	0.3384359052
0.7137094394	0.2862905606	0.9269988656	0.3378920471
0.7147104204	0.2852895796	0.9275950925	0.3373495466
0.7157114014	0.2842885986	0.9281882509	0.3368083995
0.7167123824	0.2832876176	0.9287783484	0.3362686015
0.7177133634	0.2822866366	0.9293653925	0.3357301484
0.7187143443	0.2812856557	0.9299493908	0.3351930361
0.7197153253	0.2802846747	0.9305303509	0.3346572603
0.7207163063	0.2792836937	0.9311082803	0.3341228169
0.7217172873	0.2782827127	0.9316831865	0.3335897017
0.7227182683	0.2772817317	0.9322550772	0.3330579106
0.7237192492	0.2762807508	0.9328239598	0.3325274395
0.7247202302	0.2752797698	0.933389842	0.3319982843
0.7257212112	0.2742787888	0.9339527313	0.3314704408
0.7267221922	0.2732778078	0.9345126352	0.330943905
0.7277231732	0.2722768268	0.9350695614	0.3304186728
0.7287241542	0.2712758458	0.9356235173	0.3298947402
0.7297251351	0.2702748649	0.9361745105	0.3293721031
0.7307261161	0.2692738839	0.9367225487	0.3288507574
0.7317270971	0.2682729029	0.9372676393	0.3283306993
0.7327280781	0.2672719219	0.9378097899	0.3278119246
0.7337290591	0.2662709409	0.9383490081	0.3272944295
0.73473004	0.26526996	0.9388853013	0.3267782098
0.735731021	0.264268979	0.9394186773	0.3262632618
0.736732002	0.263267998	0.9399491434	0.3257495813
0.737732983	0.262267017	0.9404767074	0.3252371645
0.738733964	0.261266036	0.9410013766	0.3247260076
0.7397349449	0.2602650551	0.9415231587	0.3242161064
0.7407359259	0.2592640741	0.9420420611	0.3237074573
0.7417369069	0.2582630931	0.9425580915	0.3232000563
0.7427378879	0.2572621121	0.9430712574	0.3226938995
0.7437388689	0.2562611311	0.9435815663	0.322188983
0.7447398498	0.2552601502	0.9440890257	0.3216853032
0.7457408308	0.2542591692	0.9445936431	0.321182856
0.7467418118	0.2532581882	0.9450954262	0.3206816378
0.7477427928	0.2522572072	0.9455943823	0.3201816447
0.7487437738	0.2512562262	0.946090519	0.3196828729
0.7497447548	0.2502552452	0.9465838439	0.3191853187
0.7507457357	0.2492542643	0.9470743644	0.3186889783
0.7517467167	0.2482532833	0.947562088	0.3181938479
0.7527476977	0.2472523023	0.9480470222	0.3176999239
0.7537486787	0.2462513213	0.9485291746	0.3172072025
0.7547496597	0.2452503403	0.9490085526	0.3167156799
0.7557506406	0.2442493594	0.9494851637	0.3162253526
0.7567516216	0.2432483784	0.9499590154	0.3157362168
0.7577526026	0.2422473974	0.9504301151	0.3152482688
0.7587535836	0.2412464164	0.9508984703	0.314761505
0.7597545646	0.2402454354	0.9513640886	0.3142759218
0.7607555455	0.2392444545	0.9518269773	0.3137915155
0.7617565265	0.2382434735	0.9522871438	0.3133082825
0.7627575075	0.2372424925	0.9527445957	0.3128262192
0.7637584885	0.2362415115	0.9531993404	0.312345322
0.7647594695	0.2352405305	0.9536513854	0.3118655873
0.7657604505	0.2342395495	0.9541007379	0.3113870115
0.7667614314	0.2332385686	0.9545474056	0.3109095912
0.7677624124	0.2322375876	0.9549913957	0.3104333227
0.7687633934	0.2312366066	0.9554327157	0.3099582025
0.7697643744	0.2302356256	0.955871373	0.3094842271
0.7707653554	0.2292346446	0.956307375	0.3090113931
0.7717663363	0.2282336637	0.9567407291	0.3085396968
0.7727673173	0.2272326827	0.9571714427	0.3080691348
0.7737682983	0.2262317017	0.9575995231	0.3075997036
0.7747692793	0.2252307207	0.9580249777	0.3071313999
0.7757702603	0.2242297397	0.9584478139	0.3066642201
0.7767712412	0.2232287588	0.958868039	0.3061981607
0.7777722222	0.2222277778	0.9592856603	0.3057332185
0.7787732032	0.2212267968	0.9597006853	0.3052693899
0.7797741842	0.2202258158	0.9601131211	0.3048066716
0.7807751652	0.2192248348	0.9605229753	0.3043450601
0.7817761461	0.2182238539	0.960930255	0.3038845521
0.7827771271	0.2172228729	0.9613349675	0.3034251443
0.7837781081	0.2162218919	0.9617371203	0.3029668333
0.7847790891	0.2152209109	0.9621367204	0.3025096157
0.7857800701	0.2142199299	0.9625337754	0.3020534882
0.7867810511	0.2132189489	0.9629282923	0.3015984475
0.787782032	0.212217968	0.9633202785	0.3011444903
0.788783013	0.211216987	0.9637097412	0.3006916132
0.789783994	0.210216006	0.9640966877	0.3002398131
0.790784975	0.209215025	0.9644811252	0.2997890866
0.791785956	0.208214044	0.9648630609	0.2993394305
0.7927869369	0.2072130631	0.9652425021	0.2988908415
0.7937879179	0.2062120821	0.9656194559	0.2984433163
0.7947888989	0.2052111011	0.9659939296	0.2979968519
0.7957898799	0.2042101201	0.9663659304	0.2975514448
0.7967908609	0.2032091391	0.9667354654	0.297107092
0.7977918418	0.2022081582	0.9671025417	0.2966637903
0.7987928228	0.2012071772	0.9674671667	0.2962215364
0.7997938038	0.2002061962	0.9678293473	0.2957803271
0.8007947848	0.1992052152	0.9681890908	0.2953401594
0.8017957658	0.1982042342	0.9685464043	0.2949010301
0.8027967467	0.1972032533	0.9689012949	0.294462936
0.8037977277	0.1962022723	0.9692537698	0.294025874
0.8047987087	0.1952012913	0.9696038359	0.293589841
0.8057996897	0.1942003103	0.9699515005	0.2931548338
0.8068006707	0.1931993293	0.9702967706	0.2927208495
0.8078016517	0.1921983483	0.9706396532	0.2922878848
0.8088026326	0.1911973674	0.9709801555	0.2918559368
0.8098036136	0.1901963864	0.9713182844	0.2914250023
0.8108045946	0.1891954054	0.9716540471	0.2909950783
0.8118055756	0.1881944244	0.9719874505	0.2905661618
0.8128065566	0.1871934434	0.9723185017	0.2901382497
0.8138075375	0.1861924625	0.9726472076	0.2897113391
0.8148085185	0.1851914815	0.9729735753	0.2892854268
0.8158094995	0.1841905005	0.9732976118	0.2888605099
0.8168104805	0.1831895195	0.973619324	0.2884365854
0.8178114615	0.1821885385	0.9739387189	0.2880136504
0.8188124424	0.1811875576	0.9742558035	0.2875917018
0.8198134234	0.1801865766	0.9745705846	0.2871707367
0.8208144044	0.1791855956	0.9748830693	0.2867507522
0.8218153854	0.1781846146	0.9751932644	0.2863317452
0.8228163664	0.1771836336	0.9755011768	0.285913713
0.8238173473	0.1761826527	0.9758068135	0.2854966524
0.8248183283	0.1751816717	0.9761101813	0.2850805608
0.8258193093	0.1741806907	0.9764112871	0.2846654351
0.8268202903	0.1731797097	0.9767101378	0.2842512724
0.8278212713	0.1721787287	0.9770067402	0.28383807
0.8288222523	0.1711777477	0.9773011011	0.2834258249
0.8298232332	0.1701767668	0.9775932274	0.2830145342
0.8308242142	0.1691757858	0.9778831259	0.2826041951
0.8318251952	0.1681748048	0.9781708033	0.2821948048
0.8328261762	0.1671738238	0.9784562666	0.2817863604
0.8338271572	0.1661728428	0.9787395224	0.2813788592
0.8348281381	0.1651718619	0.9790205776	0.2809722982
0.8358291191	0.1641708809	0.9792994388	0.2805666748
0.8368301001	0.1631698999	0.9795761129	0.2801619861
0.8378310811	0.1621689189	0.9798506065	0.2797582293
0.8388320621	0.1611679379	0.9801229264	0.2793554017
0.839833043	0.160166957	0.9803930793	0.2789535005
0.840834024	0.159165976	0.9806610718	0.2785525229
0.841835005	0.158164995	0.9809269107	0.2781524663
0.842835986	0.157164014	0.9811906027	0.2777533278
0.843836967	0.156163033	0.9814521543	0.2773551048
0.8448379479	0.1551620521	0.9817115723	0.2769577945
0.8458389289	0.1541610711	0.9819688632	0.2765613943
0.8468399099	0.1531600901	0.9822240337	0.2761659014
0.8478408909	0.1521591091	0.9824770904	0.2757713131
0.8488418719	0.1511581281	0.9827280398	0.2753776268
0.8498428529	0.1501571471	0.9829768887	0.2749848399
0.8508438338	0.1491561662	0.9832236434	0.2745929495
0.8518448148	0.1481551852	0.9834683107	0.2742019532
0.8528457958	0.1471542042	0.983710897	0.2738118482
0.8538467768	0.1461532232	0.9839514089	0.273422632
0.8548477578	0.1451522422	0.9841898528	0.2730343018
0.8558487387	0.1441512613	0.9844262353	0.2726468552
0.8568497197	0.1431502803	0.9846605629	0.2722602894
0.8578507007	0.1421492993	0.9848928421	0.2718746019
0.8588516817	0.1411483183	0.9851230793	0.2714897902
0.8598526627	0.1401473373	0.985351281	0.2711058515
0.8608536436	0.1391463564	0.9855774536	0.2707227834
0.8618546246	0.1381453754	0.9858016036	0.2703405833
0.8628556056	0.1371443944	0.9860237373	0.2699592487
0.8638565866	0.1361434134	0.9862438612	0.2695787769
0.8648575676	0.1351424324	0.9864619816	0.2691991656
0.8658585485	0.1341414515	0.986678105	0.268820412
0.8668595295	0.1331404705	0.9868922377	0.2684425138
0.8678605105	0.1321394895	0.987104386	0.2680654685
0.8688614915	0.1311385085	0.9873145563	0.2676892734
0.8698624725	0.1301375275	0.9875227549	0.2673139262
0.8708634535	0.1291365465	0.9877289881	0.2669394243
0.8718644344	0.1281355656	0.9879332622	0.2665657653
0.8728654154	0.1271345846	0.9881355835	0.2661929467
0.8738663964	0.1261336036	0.9883359583	0.2658209661
0.8748673774	0.1251326226	0.9885343928	0.265449821
0.8758683584	0.1241316416	0.9887308932	0.2650795089
0.8768693393	0.1231306607	0.9889254659	0.2647100275
0.8778703203	0.1221296797	0.9891181169	0.2643413743
0.8788713013	0.1211286987	0.9893088526	0.2639735469
0.8798722823	0.1201277177	0.989497679	0.2636065429
0.8808732633	0.1191267367	0.9896846024	0.2632403599
0.8818742442	0.1181257558	0.989869629	0.2628749955
0.8828752252	0.1171247748	0.9900527649	0.2625104473
0.8838762062	0.1161237938	0.9902340161	0.262146713
0.8848771872	0.1151228128	0.990413389	0.2617837901
0.8858781682	0.1141218318	0.9905908894	0.2614216764
0.8868791491	0.1131208509	0.9907665237	0.2610603695
0.8878801301	0.1121198699	0.9909402977	0.260699867
0.8888811111	0.1111188889	0.9911122177	0.2603401666
0.8898820921	0.1101179079	0.9912822896	0.2599812659
0.8908830731	0.1091169269	0.9914505195	0.2596231628
0.8918840541	0.1081159459	0.9916169135	0.2592658547
0.892885035	0.107114965	0.9917814775	0.2589093396
0.893886016	0.106113984	0.9919442175	0.2585536149
0.894886997	0.105113003	0.9921051395	0.2581986786
0.895887978	0.104112022	0.9922642495	0.2578445282
0.896888959	0.103111041	0.9924215535	0.2574911616
0.8978899399	0.1021100601	0.9925770574	0.2571385764
0.8988909209	0.1011090791	0.9927307672	0.2567867704
0.8998919019	0.1001080981	0.9928826887	0.2564357414
0.9008928829	0.09910711712	0.9930328278	0.2560854871
0.9018938639	0.09810613614	0.9931811905	0.2557360053
0.9028948448	0.09710515516	0.9933277826	0.2553872937
0.9038958258	0.09610417417	0.99347261	0.2550393502
0.9048968068	0.09510319319	0.9936156786	0.2546921725
0.9058977878	0.09410221221	0.9937569941	0.2543457584
0.9068987688	0.09310123123	0.9938965625	0.2540001058
0.9078997497	0.09210025025	0.9940343894	0.2536552124
0.9089007307	0.09109926927	0.9941704808	0.2533110761
0.9099017117	0.09009828829	0.9943048423	0.2529676947
0.9109026927	0.08909730731	0.9944374798	0.2526250661
0.9119036737	0.08809632633	0.9945683991	0.252283188
0.9129046547	0.08709534535	0.9946976057	0.2519420583
0.9139056356	0.08609436436	0.9948251056	0.2516016749
0.9149066166	0.08509338338	0.9949509043	0.2512620356
0.9159075976	0.0840924024	0.9950750076	0.2509231384
0.9169085786	0.08309142142	0.9951974212	0.2505849811
0.9179095596	0.08209044044	0.9953181508	0.2502475616
0.9189105405	0.08108945946	0.9954372019	0.2499108777
0.9199115215	0.08008847848	0.9955545804	0.2495749274
0.9209125025	0.0790874975	0.9956702916	0.2492397086
0.9219134835	0.07808651652	0.9957843414	0.2489052192
0.9229144645	0.07708553554	0.9958967353	0.2485714571
0.9239154454	0.07608455455	0.9960074789	0.2482384203
0.9249164264	0.07508357357	0.9961165778	0.2479061067
0.9259174074	0.07408259259	0.9962240375	0.2475745141
0.9269183884	0.07308161161	0.9963298636	0.2472436407
0.9279193694	0.07208063063	0.9964340616	0.2469134843
0.9289203504	0.07107964965	0.996536637	0.2465840429
0.9299213313	0.07007866867	0.9966375954	0.2462553145
0.9309223123	0.06907768769	0.9967369422	0.245927297
0.9319232933	0.06807670671	0.9968346829	0.2455999884
0.9329242743	0.06707572573	0.996930823	0.2452733868
0.9339252553	0.06607474474	0.997025368	0.2449474901
0.9349262362	0.06507376376	0.9971183232	0.2446222963
0.9359272172	0.06407278278	0.9972096941	0.2442978034
0.9369281982	0.0630718018	0.9972994862	0.2439740095
0.9379291792	0.06207082082	0.9973877048	0.2436509125
0.9389301602	0.06106983984	0.9974743552	0.2433285106
0.9399311411	0.06006885886	0.997559443	0.2430068017
0.9409321221	0.05906787788	0.9976429733	0.2426857839
0.9419331031	0.0580668969	0.9977249517	0.2423654552
0.9429340841	0.05706591592	0.9978053833	0.2420458138
0.9439350651	0.05606493493	0.9978842736	0.2417268575
0.944936046	0.05506395395	0.9979616277	0.2414085847
0.945937027	0.05406297297	0.9980374511	0.2410909932
0.946938008	0.05306199199	0.998111749	0.2407740812
0.947938989	0.05206101101	0.9981845266	0.2404578468
0.94893997	0.05106003003	0.9982557892	0.240142288
0.949940951	0.05005904905	0.9983255421	0.2398274031
0.9509419319	0.04905806807	0.9983937904	0.23951319
0.9519429129	0.04805708709	0.9984605394	0.239199647
0.9529438939	0.04705610611	0.9985257942	0.238886772
0.9539448749	0.04605512513	0.99858956	0.2385745633
0.9549458559	0.04505414414	0.9986518421	0.238263019
0.9559468368	0.04405316316	0.9987126455	0.2379521372
0.9569478178	0.04305218218	0.9987719755	0.2376419161
0.9579487988	0.0420512012	0.998829837	0.2373323538
0.9589497798	0.04105022022	0.9988862353	0.2370234485
0.9599507608	0.04004923924	0.9989411755	0.2367151984
0.9609517417	0.03904825826	0.9989946625	0.2364076015
0.9619527227	0.03804727728	0.9990467016	0.2361006562
0.9629537037	0.0370462963	0.9990972977	0.2357943605
0.9639546847	0.03604531532	0.999146456	0.2354887127
0.9649556657	0.03504433433	0.9991941814	0.235183711
0.9659566466	0.03404335335	0.9992404789	0.2348793535
0.9669576276	0.03304237237	0.9992853536	0.2345756385
0.9679586086	0.03204139139	0.9993288105	0.2342725642
0.9689595896	0.03104041041	0.9993708545	0.2339701288
0.9699605706	0.03003942943	0.9994114906	0.2336683305
0.9709615516	0.02903844845	0.9994507238	0.2333671676
0.9719625325	0.02803746747	0.999488559	0.2330666383
0.9729635135	0.02703648649	0.9995250011	0.2327667408
0.9739644945	0.02603550551	0.9995600551	0.2324674734
0.9749654755	0.02503452452	0.9995937258	0.2321688344
0.9759664565	0.02403354354	0.9996260182	0.2318708219
0.9769674374	0.02303256256	0.999656937	0.2315734344
0.9779684184	0.02203158158	0.9996864872	0.2312766699
0.9789693994	0.0210306006	0.9997146736	0.2309805269
0.9799703804	0.02002961962	0.9997415011	0.2306850036
0.9809713614	0.01902863864	0.9997669745	0.2303900983
0.9819723423	0.01802765766	0.9997910985	0.2300958093
0.9829733233	0.01702667668	0.999813878	0.2298021348
0.9839743043	0.0160256957	0.9998353177	0.2295090733
0.9849752853	0.01502471471	0.9998554225	0.2292166229
0.9859762663	0.01402373373	0.999874197	0.2289247821
0.9869772472	0.01302275275	0.9998916461	0.2286335491
0.9879782282	0.01202177177	0.9999077744	0.2283429223
0.9889792092	0.01102079079	0.9999225867	0.2280529
0.9899801902	0.01001980981	0.9999360877	0.2277634805
0.9909811712	0.009018828829	0.999948282	0.2274746623
0.9919821522	0.008017847848	0.9999591744	0.2271864435
0.9929831331	0.007016866867	0.9999687694	0.2268988227
0.9939841141	0.006015885886	0.9999770719	0.2266117981
0.9949850951	0.005014904905	0.9999840863	0.2263253681
0.9959860761	0.004013923924	0.9999898174	0.2260395311
0.9969870571	0.003012942943	0.9999942697	0.2257542855
0.997988038	0.002011961962	0.9999974478	0.2254696296
0.998989019	0.001010980981	0.9999993564	0.2251855619
0.99999	1e-05	0.9999999999	0.2249020807
