1e-05	0.99999	0.008118588431	1
0.001010980981	0.998989019	0.008126583475	0.9999993287
0.002011961962	0.997988038	0.00815044238	0.9999947336
0.003012942943	0.9969870571	0.00818920149	0.9999826372
0.004013923924	0.9959860761	0.008242036633	0.9999598258
0.005014904905	0.9949850951	0.008308242862	0.9999234178
0.006015885886	0.9939841141	0.008387217524	0.9998708349
0.007016866867	0.9929831331	0.008478446066	0.9997997761
0.008017847848	0.9919821522	0.008581490054	0.9997081943
0.009018828829	0.9909811712	0.008695977057	0.999594274
0.01001980981	0.9899801902	0.008821592039	0.9994564124
0.01102079079	0.9889792092	0.008958070021	0.9992932006
0.01202177177	0.9879782282	0.009105189806	0.9991034081
0.01302275275	0.9869772472	0.009262768583	0.998885967
0.01402373373	0.9859762663	0.009430657273	0.9986399583
0.01502471471	0.9849752853	0.009608736506	0.9983646
0.0160256957	0.9839743043	0.009796913125	0.9980592347
0.01702667668	0.9829733233	0.009995117143	0.9977233194
0.01802765766	0.9819723423	0.01020329908	0.9973564158
0.01902863864	0.9809713614	0.01042142765	0.9969581812
0.02002961962	0.9799703804	0.01064948765	0.9965283604
0.0210306006	0.9789693994	0.01088747824	0.9960667778
0.02203158158	0.9779684184	0.01113541124	0.995573331
0.02303256256	0.9769674374	0.01139330979	0.995047984
0.02403354354	0.9759664565	0.01166120704	0.9944907612
0.02503452452	0.9749654755	0.01193914502	0.9939017425
0.02603550551	0.9739644945	0.01222717363	0.9932810574
0.02703648649	0.9729635135	0.01252534974	0.9926288812
0.02803746747	0.9719625325	0.01283373633	0.9919454304
0.02903844845	0.9709615516	0.01315240183	0.9912309587
0.03003942943	0.9699605706	0.01348141934	0.9904857534
0.03104041041	0.9689595896	0.01382086612	0.9897101321
0.03204139139	0.9679586086	0.01417082297	0.9889044395
0.03304237237	0.9669576276	0.01453137375	0.9880690449
0.03404335335	0.9659566466	0.01490260491	0.9872043389
0.03504433433	0.9649556657	0.01528460509	0.9863107317
0.03604531532	0.9639546847	0.01567746468	0.9853886502
0.0370462963	0.9629537037	0.01608127551	0.9844385365
0.03804727728	0.9619527227	0.0164961305	0.9834608455
0.03904825826	0.9609517417	0.01692212335	0.9824560436
0.04004923924	0.9599507608	0.01735934826	0.9814246065
0.04105022022	0.9589497798	0.01780789968	0.9803670184
0.0420512012	0.9579487988	0.01826787206	0.97928377
0.04305218218	0.9569478178	0.01873935963	0.9781753576
0.04405316316	0.9559468368	0.01922245617	0.9770422818
0.04505414414	0.9549458559	0.01971725484	0.9758850464
0.04605512513	0.9539448749	0.02022384799	0.9747041576
0.04705610611	0.9529438939	0.02074232699	0.9735001227
0.04805708709	0.9519429129	0.02127278206	0.9722734498
0.04905806807	0.9509419319	0.02181530216	0.9710246464
0.05005904905	0.949940951	0.02236997481	0.9697542195
0.05106003003	0.94893997	0.02293688599	0.9684626742
0.05206101101	0.947938989	0.02351612001	0.9671505134
0.05306199199	0.946938008	0.02410775939	0.9658182376
0.05406297297	0.945937027	0.02471188478	0.9644663439
0.05506395395	0.944936046	0.02532857485	0.9630953257
0.05606493493	0.9439350651	0.0259579062	0.9617056727
0.05706591592	0.9429340841	0.02659995328	0.96029787
0.0580668969	0.9419331031	0.0272547883	0.958872398
0.05906787788	0.9409321221	0.02792248118	0.9574297322
0.06006885886	0.9399311411	0.02860309949	0.9559703428
0.06106983984	0.9389301602	0.02929670834	0.9544946946
0.06207082082	0.9379291792	0.03000337039	0.9530032465
0.0630718018	0.9369281982	0.03072314573	0.9514964519
0.06407278278	0.9359272172	0.03145609192	0.9499747578
0.06507376376	0.9349262362	0.03220226386	0.9484386053
0.06607474474	0.9339252553	0.03296171381	0.946888429
0.06707572573	0.9329242743	0.03373449132	0.9453246575
0.06807670671	0.9319232933	0.03452064322	0.9437477125
0.06907768769	0.9309223123	0.03532021362	0.9421580094
0.07007866867	0.9299213313	0.03613324382	0.940555957
0.07107964965	0.9289203504	0.03695977233	0.9389419574
0.07208063063	0.9279193694	0.03779983487	0.9373164061
0.07308161161	0.9269183884	0.03865346433	0.935679692
0.07408259259	0.9259174074	0.03952069075	0.9340321971
0.07508357357	0.9249164264	0.04040154136	0.9323742969
0.07608455455	0.9239154454	0.04129604051	0.9307063602
0.07708553554	0.9229144645	0.04220420972	0.9290287491
0.07808651652	0.9219134835	0.04312606765	0.9273418191
0.0790874975	0.9209125025	0.04406163014	0.9256459191
0.08008847848	0.9199115215	0.04501091016	0.9239413914
0.08108945946	0.9189105405	0.04597391785	0.922228572
0.08209044044	0.9179095596	0.04695066054	0.92050779
0.08309142142	0.9169085786	0.04794114273	0.9187793685
0.0840924024	0.9159075976	0.04894536613	0.917043624
0.08509338338	0.9149066166	0.04996332966	0.9153008669
0.08609436436	0.9139056356	0.05099502948	0.9135514012
0.08709534535	0.9129046547	0.05204045897	0.9117955247
0.08809632633	0.9119036737	0.05309960883	0.9100335293
0.08909730731	0.9109026927	0.054172467	0.9082657007
0.09009828829	0.9099017117	0.05525901877	0.9064923187
0.09109926927	0.9089007307	0.05635924676	0.9047136573
0.09210025025	0.9078997497	0.05747313093	0.9029299847
0.09310123123	0.9068987688	0.05860064868	0.9011415632
0.09410221221	0.9058977878	0.05974177479	0.8993486496
0.09510319319	0.9048968068	0.06089648151	0.8975514952
0.09610417417	0.9038958258	0.06206473857	0.8957503457
0.09710515516	0.9028948448	0.06324651319	0.8939454415
0.09810613614	0.9018938639	0.06444177017	0.8921370176
0.09910711712	0.9008928829	0.06565047185	0.8903253038
0.1001080981	0.8998919019	0.06687257822	0.8885105249
0.1011090791	0.8988909209	0.06810804688	0.8866929004
0.1021100601	0.8978899399	0.06935683315	0.884872645
0.103111041	0.896888959	0.07061889003	0.8830499684
0.104112022	0.895887978	0.07189416831	0.8812250757
0.105113003	0.894886997	0.07318261656	0.8793981668
0.106113984	0.893886016	0.07448418117	0.8775694376
0.107114965	0.892885035	0.07579880642	0.8757390789
0.1081159459	0.8918840541	0.07712643449	0.8739072772
0.1091169269	0.8908830731	0.0784670055	0.8720742147
0.1101179079	0.8898820921	0.07982045758	0.8702400692
0.1111188889	0.8888811111	0.08118672687	0.8684050142
0.1121198699	0.8878801301	0.08256574759	0.8665692191
0.1131208509	0.8868791491	0.08395745205	0.8647328492
0.1141218318	0.8858781682	0.08536177074	0.8628960658
0.1151228128	0.8848771872	0.08677863232	0.8610590262
0.1161237938	0.8838762062	0.08820796368	0.8592218839
0.1171247748	0.8828752252	0.08964969	0.8573847888
0.1181257558	0.8818742442	0.09110373476	0.8555478866
0.1191267367	0.8808732633	0.0925700198	0.8537113199
0.1201277177	0.8798722823	0.09404846536	0.8518752275
0.1211286987	0.8788713013	0.0955389901	0.8500397445
0.1221296797	0.8778703203	0.09704151119	0.848205003
0.1231306607	0.8768693393	0.0985559443	0.8463711313
0.1241316416	0.8758683584	0.1000822037	0.8445382548
0.1251326226	0.8748673774	0.1016202021	0.8427064955
0.1261336036	0.8738663964	0.1031698511	0.8408759721
0.1271345846	0.8728654154	0.1047310609	0.8390468005
0.1281355656	0.8718644344	0.1063037402	0.8372190934
0.1291365465	0.8708634535	0.1078877968	0.8353929605
0.1301375275	0.8698624725	0.1094831371	0.8335685086
0.1311385085	0.8688614915	0.1110896664	0.8317458417
0.1321394895	0.8678605105	0.1127072889	0.8299250612
0.1331404705	0.8668595295	0.1143359076	0.8281062653
0.1341414515	0.8658585485	0.1159754247	0.82628955
0.1351424324	0.8648575676	0.1176257411	0.8244750085
0.1361434134	0.8638565866	0.119286757	0.8226627313
0.1371443944	0.8628556056	0.1209583715	0.8208528066
0.1381453754	0.8618546246	0.1226404829	0.81904532
0.1391463564	0.8608536436	0.1243329886	0.8172403549
0.1401473373	0.8598526627	0.1260357851	0.8154379922
0.1411483183	0.8588516817	0.1277487684	0.8136383104
0.1421492993	0.8578507007	0.1294718335	0.811841386
0.1431502803	0.8568497197	0.1312048748	0.8100472932
0.1441512613	0.8558487387	0.1329477859	0.8082561039
0.1451522422	0.8548477578	0.1347004599	0.806467888
0.1461532232	0.8538467768	0.1364627893	0.8046827135
0.1471542042	0.8528457958	0.1382346659	0.8029006462
0.1481551852	0.8518448148	0.1400159811	0.80112175
0.1491561662	0.8508438338	0.1418066256	0.7993460867
0.1501571471	0.8498428529	0.1436064899	0.7975737165
0.1511581281	0.8488418719	0.1454154639	0.7958046976
0.1521591091	0.8478408909	0.147233437	0.7940390864
0.1531600901	0.8468399099	0.1490602984	0.7922769375
0.1541610711	0.8458389289	0.1508959368	0.7905183039
0.1551620521	0.8448379479	0.1527402407	0.7887632368
0.156163033	0.843836967	0.1545930982	0.7870117858
0.157164014	0.842835986	0.1564543973	0.785263999
0.158164995	0.841835005	0.1583240256	0.7835199227
0.159165976	0.840834024	0.1602018705	0.7817796018
0.160166957	0.839833043	0.1620878193	0.7800430796
0.1611679379	0.8388320621	0.1639817591	0.7783103982
0.1621689189	0.8378310811	0.165883577	0.7765815979
0.1631698999	0.8368301001	0.1677931597	0.7748567178
0.1641708809	0.8358291191	0.1697103942	0.7731357956
0.1651718619	0.8348281381	0.1716351672	0.7714188676
0.1661728428	0.8338271572	0.1735673654	0.769705969
0.1671738238	0.8328261762	0.1755068756	0.7679971334
0.1681748048	0.8318251952	0.1774535845	0.7662923934
0.1691757858	0.8308242142	0.179407379	0.7645917803
0.1701767668	0.8298232332	0.1813681458	0.7628953242
0.1711777477	0.8288222523	0.1833357721	0.7612030539
0.1721787287	0.8278212713	0.1853101447	0.7595149973
0.1731797097	0.8268202903	0.1872911511	0.7578311811
0.1741806907	0.8258193093	0.1892786784	0.7561516309
0.1751816717	0.8248183283	0.1912726142	0.7544763711
0.1761826527	0.8238173473	0.1932728463	0.7528054254
0.1771836336	0.8228163664	0.1952792626	0.7511388161
0.1781846146	0.8218153854	0.1972917512	0.7494765648
0.1791855956	0.8208144044	0.1993102006	0.7478186921
0.1801865766	0.8198134234	0.2013344994	0.7461652174
0.1811875576	0.8188124424	0.2033645365	0.7445161596
0.1821885385	0.8178114615	0.2054002013	0.7428715363
0.1831895195	0.8168104805	0.2074413833	0.7412313644
0.1841905005	0.8158094995	0.2094879724	0.73959566
0.1851914815	0.8148085185	0.2115398589	0.7379644384
0.1861924625	0.8138075375	0.2135969334	0.7363377138
0.1871934434	0.8128065566	0.2156590869	0.7347155
0.1881944244	0.8118055756	0.2177262107	0.7330978096
0.1891954054	0.8108045946	0.2197981967	0.7314846549
0.1901963864	0.8098036136	0.2218749372	0.729876047
0.1911973674	0.8088026326	0.2239563246	0.7282719966
0.1921983483	0.8078016517	0.2260422523	0.7266725137
0.1931993293	0.8068006707	0.2281326136	0.7250776073
0.1942003103	0.8057996897	0.2302273027	0.7234872861
0.1952012913	0.8047987087	0.232326214	0.721901558
0.1962022723	0.8037977277	0.2344292427	0.7203204302
0.1972032533	0.8027967467	0.236536284	0.7187439093
0.1982042342	0.8017957658	0.2386472342	0.7171720013
0.1992052152	0.8007947848	0.2407619898	0.7156047117
0.2002061962	0.7997938038	0.2428804478	0.7140420454
0.2012071772	0.7987928228	0.245002506	0.7124840066
0.2022081582	0.7977918418	0.2471280624	0.7109305992
0.2032091391	0.7967908609	0.2492570158	0.7093818262
0.2042101201	0.7957898799	0.2513892657	0.7078376904
0.2052111011	0.7947888989	0.2535247118	0.706298194
0.2062120821	0.7937879179	0.2556632547	0.7047633387
0.2072130631	0.7927869369	0.2578047955	0.7032331256
0.208214044	0.791785956	0.2599492359	0.7017075556
0.209215025	0.790784975	0.2620964781	0.7001866289
0.210216006	0.789783994	0.2642464252	0.6986703454
0.211216987	0.788783013	0.2663989807	0.6971587044
0.212217968	0.787782032	0.2685540487	0.6956517049
0.2132189489	0.7867810511	0.2707115341	0.6941493455
0.2142199299	0.7857800701	0.2728713423	0.6926516244
0.2152209109	0.7847790891	0.2750333794	0.6911585394
0.2162218919	0.7837781081	0.2771975522	0.6896700877
0.2172228729	0.7827771271	0.2793637682	0.6881862666
0.2182238539	0.7817761461	0.2815319353	0.6867070726
0.2192248348	0.7807751652	0.2837019623	0.6852325021
0.2202258158	0.7797741842	0.2858737587	0.683762551
0.2212267968	0.7787732032	0.2880472345	0.682297215
0.2222277778	0.7777722222	0.2902223005	0.6808364894
0.2232287588	0.7767712412	0.2923988681	0.6793803692
0.2242297397	0.7757702603	0.2945768495	0.6779288491
0.2252307207	0.7747692793	0.2967561574	0.6764819236
0.2262317017	0.7737682983	0.2989367055	0.6750395867
0.2272326827	0.7727673173	0.3011184077	0.6736018322
0.2282336637	0.7717663363	0.3033011792	0.6721686538
0.2292346446	0.7707653554	0.3054849353	0.6707400448
0.2302356256	0.7697643744	0.3076695925	0.6693159982
0.2312366066	0.7687633934	0.3098550677	0.6678965067
0.2322375876	0.7677624124	0.3120412786	0.666481563
0.2332385686	0.7667614314	0.3142281436	0.6650711593
0.2342395495	0.7657604505	0.3164155817	0.6636652877
0.2352405305	0.7647594695	0.3186035128	0.6622639402
0.2362415115	0.7637584885	0.3207918574	0.6608671083
0.2372424925	0.7627575075	0.3229805367	0.6594747834
0.2382434735	0.7617565265	0.3251694726	0.6580869569
0.2392444545	0.7607555455	0.3273585876	0.6567036198
0.2402454354	0.7597545646	0.3295478053	0.6553247628
0.2412464164	0.7587535836	0.3317370495	0.6539503768
0.2422473974	0.7577526026	0.333926245	0.652580452
0.2432483784	0.7567516216	0.3361153174	0.651214979
0.2442493594	0.7557506406	0.3383041927	0.6498539477
0.2452503403	0.7547496597	0.3404927978	0.6484973482
0.2462513213	0.7537486787	0.3426810602	0.6471451704
0.2472523023	0.7527476977	0.3448689083	0.6457974038
0.2482532833	0.7517467167	0.3470562711	0.644454038
0.2492542643	0.7507457357	0.3492430782	0.6431150625
0.2502552452	0.7497447548	0.3514292599	0.6417804663
0.2512562262	0.7487437738	0.3536147475	0.6404502387
0.2522572072	0.7477427928	0.3557994726	0.6391243686
0.2532581882	0.7467418118	0.3579833677	0.6378028448
0.2542591692	0.7457408308	0.360166366	0.6364856562
0.2552601502	0.7447398498	0.3623484014	0.6351727913
0.2562611311	0.7437388689	0.3645294085	0.6338642387
0.2572621121	0.7427378879	0.3667093224	0.6325599867
0.2582630931	0.7417369069	0.3688880792	0.6312600236
0.2592640741	0.7407359259	0.3710656154	0.6299643377
0.2602650551	0.7397349449	0.3732418683	0.628672917
0.261266036	0.738733964	0.375416776	0.6273857496
0.262267017	0.737732983	0.3775902771	0.6261028234
0.263267998	0.736732002	0.379762311	0.6248241262
0.264268979	0.735731021	0.3819328176	0.6235496458
0.26526996	0.73473004	0.3841017377	0.6222793699
0.2662709409	0.7337290591	0.3862690126	0.621013286
0.2672719219	0.7327280781	0.3884345844	0.6197513817
0.2682729029	0.7317270971	0.3905983956	0.6184936445
0.2692738839	0.7307261161	0.3927603898	0.6172400617
0.2702748649	0.7297251351	0.3949205108	0.6159906208
0.2712758458	0.7287241542	0.3970787034	0.6147453089
0.2722768268	0.7277231732	0.3992349128	0.6135041133
0.2732778078	0.7267221922	0.401389085	0.6122670212
0.2742787888	0.7257212112	0.4035411667	0.6110340196
0.2752797698	0.7247202302	0.405691105	0.6098050957
0.2762807508	0.7237192492	0.4078388479	0.6085802365
0.2772817317	0.7227182683	0.4099843438	0.6073594289
0.2782827127	0.7217172873	0.4121275419	0.6061426598
0.2792836937	0.7207163063	0.4142683921	0.6049299163
0.2802846747	0.7197153253	0.4164068446	0.603721185
0.2812856557	0.7187143443	0.4185428506	0.6025164529
0.2822866366	0.7177133634	0.4206763616	0.6013157068
0.2832876176	0.7167123824	0.4228073299	0.6001189334
0.2842885986	0.7157114014	0.4249357085	0.5989261194
0.2852895796	0.7147104204	0.4270614507	0.5977372516
0.2862905606	0.7137094394	0.4291845107	0.5965523167
0.2872915415	0.7127084585	0.4313048431	0.5953713013
0.2882925225	0.7117074775	0.4334224033	0.594194192
0.2892935035	0.7107064965	0.435537147	0.5930209755
0.2902944845	0.7097055155	0.4376490307	0.5918516384
0.2912954655	0.7087045345	0.4397580115	0.5906861674
0.2922964464	0.7077035536	0.441864047	0.5895245489
0.2932974274	0.7067025726	0.4439670954	0.5883667696
0.2942984084	0.7057015916	0.4460671155	0.587212816
0.2952993894	0.7047006106	0.4481640665	0.5860626748
0.2963003704	0.7036996296	0.4502579085	0.5849163323
0.2973013514	0.7026986486	0.4523486019	0.5837737753
0.2983023323	0.7016976677	0.4544361076	0.5826349902
0.2993033133	0.7006966867	0.4565203873	0.5814999636
0.3003042943	0.6996957057	0.4586014032	0.580368682
0.3013052753	0.6986947247	0.4606791178	0.579241132
0.3023062563	0.6976937437	0.4627534944	0.5781173002
0.3033072372	0.6966927628	0.4648244967	0.576997173
0.3043082182	0.6956917818	0.4668920891	0.575880737
0.3053091992	0.6946908008	0.4689562364	0.5747679789
0.3063101802	0.6936898198	0.4710169038	0.5736588851
0.3073111612	0.6926888388	0.4730740572	0.5725534423
0.3083121421	0.6916878579	0.4751276631	0.571451637
0.3093131231	0.6906868769	0.4771776883	0.5703534559
0.3103141041	0.6896858959	0.4792241003	0.5692588856
0.3113150851	0.6886849149	0.4812668668	0.5681679126
0.3123160661	0.6876839339	0.4833059564	0.5670805237
0.313317047	0.686682953	0.485341338	0.5659967054
0.314318028	0.685681972	0.4873729809	0.5649164446
0.315319009	0.684680991	0.489400855	0.5638397278
0.31631999	0.68368001	0.4914249307	0.5627665417
0.317320971	0.682679029	0.4934451789	0.5616968732
0.318321952	0.681678048	0.4954615709	0.5606307088
0.3193229329	0.6806770671	0.4974740785	0.5595680355
0.3203239139	0.6796760861	0.499482674	0.55850884
0.3213248949	0.6786751051	0.5014873301	0.5574531092
0.3223258759	0.6776741241	0.50348802	0.5564008297
0.3233268569	0.6766731431	0.5054847173	0.5553519886
0.3243278378	0.6756721622	0.5074773963	0.5543065727
0.3253288188	0.6746711812	0.5094660314	0.5532645688
0.3263297998	0.6736702002	0.5114505977	0.552225964
0.3273307808	0.6726692192	0.5134310706	0.5511907452
0.3283317618	0.6716682382	0.515407426	0.5501588994
0.3293327427	0.6706672573	0.5173796402	0.5491304137
0.3303337237	0.6696662763	0.5193476899	0.5481052749
0.3313347047	0.6686652953	0.5213115524	0.5470834703
0.3323356857	0.6676643143	0.5232712052	0.5460649869
0.3333366667	0.6666633333	0.5252266264	0.5450498119
0.3343376476	0.6656623524	0.5271777944	0.5440379324
0.3353386286	0.6646613714	0.5291246879	0.5430293357
0.3363396096	0.6636603904	0.5310672863	0.5420240089
0.3373405906	0.6626594094	0.5330055693	0.5410219394
0.3383415716	0.6616584284	0.5349395168	0.5400231143
0.3393425526	0.6606574474	0.5368691093	0.5390275211
0.3403435335	0.6596564665	0.5387943276	0.5380351471
0.3413445145	0.6586554855	0.5407151531	0.5370459797
0.3423454955	0.6576545045	0.5426315671	0.5360600063
0.3433464765	0.6566535235	0.5445435519	0.5350772144
0.3443474575	0.6556525425	0.5464510896	0.5340975916
0.3453484384	0.6546515616	0.5483541631	0.5331211252
0.3463494194	0.6536505806	0.5502527555	0.5321478029
0.3473504004	0.6526495996	0.5521468502	0.5311776123
0.3483513814	0.6516486186	0.554036431	0.5302105411
0.3493523624	0.6506476376	0.5559214822	0.5292465769
0.3503533433	0.6496466567	0.5578019883	0.5282857075
0.3513543243	0.6486456757	0.5596779343	0.5273279205
0.3523553053	0.6476446947	0.5615493052	0.5263732039
0.3533562863	0.6466437137	0.5634160868	0.5254215453
0.3543572673	0.6456427327	0.565278265	0.5244729328
0.3553582482	0.6446417518	0.5671358259	0.5235273542
0.3563592292	0.6436407708	0.5689887563	0.5225847974
0.3573602102	0.6426397898	0.5708370431	0.5216452505
0.3583611912	0.6416388088	0.5726806735	0.5207087014
0.3593621722	0.6406378278	0.5745196351	0.5197751383
0.3603631532	0.6396368468	0.5763539158	0.5188445492
0.3613641341	0.6386358659	0.5781835038	0.5179169223
0.3623651151	0.6376348849	0.5800083877	0.5169922457
0.3633660961	0.6366339039	0.5818285563	0.5160705077
0.3643670771	0.6356329229	0.5836439987	0.5151516966
0.3653680581	0.6346319419	0.5854547044	0.5142358007
0.366369039	0.633630961	0.5872606632	0.5133228082
0.36737002	0.63262998	0.5890618651	0.5124127077
0.368371001	0.631628999	0.5908583004	0.5115054874
0.369371982	0.630628018	0.5926499598	0.510601136
0.370372963	0.629627037	0.5944368342	0.5096996419
0.3713739439	0.6286260561	0.5962189147	0.5088009936
0.3723749249	0.6276250751	0.597996193	0.5079051798
0.3733759059	0.6266240941	0.5997686607	0.5070121891
0.3743768869	0.6256231131	0.60153631	0.5061220101
0.3753778679	0.6246221321	0.603299133	0.5052346316
0.3763788488	0.6236211512	0.6050571224	0.5043500423
0.3773798298	0.6226201702	0.6068102711	0.5034682311
0.3783808108	0.6216191892	0.6085585721	0.5025891868
0.3793817918	0.6206182082	0.6103020188	0.5017128982
0.3803827728	0.6196172272	0.6120406048	0.5008393544
0.3813837538	0.6186162462	0.6137743241	0.4999685442
0.3823847347	0.6176152653	0.6155031707	0.4991004567
0.3833857157	0.6166142843	0.6172271391	0.4982350809
0.3843866967	0.6156133033	0.6189462238	0.497372406
0.3853876777	0.6146123223	0.6206604197	0.496512421
0.3863886587	0.6136113413	0.622369722	0.4956551151
0.3873896396	0.6126103604	0.624074126	0.4948004777
0.3883906206	0.6116093794	0.6257736272	0.4939484979
0.3893916016	0.6106083984	0.6274682215	0.493099165
0.3903925826	0.6096074174	0.6291579049	0.4922524684
0.3913935636	0.6086064364	0.6308426736	0.4914083974
0.3923945445	0.6076054555	0.6325225243	0.4905669416
0.3933955255	0.6066044745	0.6341974535	0.4897280904
0.3943965065	0.6056034935	0.6358674582	0.4888918333
0.3953974875	0.6046025125	0.6375325355	0.4880581598
0.3963984685	0.6036015315	0.6391926828	0.4872270596
0.3973994494	0.6026005506	0.6408478978	0.4863985224
0.3984004304	0.6015995696	0.642498178	0.4855725377
0.3994014114	0.6005985886	0.6441435216	0.4847490953
0.4004023924	0.5995976076	0.6457839266	0.483928185
0.4014033734	0.5985966266	0.6474193916	0.4831097967
0.4024043544	0.5975956456	0.649049915	0.48229392
0.4034053353	0.5965946647	0.6506754956	0.4814805451
0.4044063163	0.5955936837	0.6522961324	0.4806696617
0.4054072973	0.5945927027	0.6539118247	0.4798612598
0.4064082783	0.5935917217	0.6555225716	0.4790553296
0.4074092593	0.5925907407	0.6571283727	0.478251861
0.4084102402	0.5915897598	0.6587292278	0.4774508441
0.4094112212	0.5905887788	0.6603251367	0.4766522691
0.4104122022	0.5895877978	0.6619160996	0.4758561262
0.4114131832	0.5885868168	0.6635021167	0.4750624056
0.4124141642	0.5875858358	0.6650831883	0.4742710976
0.4134151451	0.5865848549	0.6666593152	0.4734821924
0.4144161261	0.5855838739	0.668230498	0.4726956805
0.4154171071	0.5845828929	0.6697967377	0.4719115522
0.4164180881	0.5835819119	0.6713580354	0.4711297979
0.4174190691	0.5825809309	0.6729143924	0.4703504081
0.4184200501	0.5815799499	0.67446581	0.4695733734
0.419421031	0.580578969	0.67601229	0.4687986842
0.420422012	0.579577988	0.6775538339	0.4680263313
0.421422993	0.578577007	0.6790904437	0.4672563051
0.422423974	0.577576026	0.6806221215	0.4664885964
0.423424955	0.576575045	0.6821488695	0.465723196
0.4244259359	0.5755740641	0.6836706899	0.4649600944
0.4254269169	0.5745730831	0.6851875853	0.4641992826
0.4264278979	0.5735721021	0.6866995584	0.4634407514
0.4274288789	0.5725711211	0.6882066118	0.4626844917
0.4284298599	0.5715701401	0.6897087486	0.4619304943
0.4294308408	0.5705691592	0.6912059718	0.4611787503
0.4304318218	0.5695681782	0.6926982845	0.4604292505
0.4314328028	0.5685671972	0.6941856902	0.4596819861
0.4324337838	0.5675662162	0.6956681922	0.4589369481
0.4334347648	0.5665652352	0.6971457942	0.4581941277
0.4344357457	0.5655642543	0.6986184999	0.4574535159
0.4354367267	0.5645632733	0.7000863132	0.4567151039
0.4364377077	0.5635622923	0.701549238	0.4559788831
0.4374386887	0.5625613113	0.7030072784	0.4552448446
0.4384396697	0.5615603303	0.7044604387	0.4545129798
0.4394406507	0.5605593493	0.7059087231	0.4537832799
0.4404416316	0.5595583684	0.7073521363	0.4530557365
0.4414426126	0.5585573874	0.7087906826	0.4523303408
0.4424435936	0.5575564064	0.7102243669	0.4516070844
0.4434445746	0.5565554254	0.711653194	0.4508859587
0.4444455556	0.5555544444	0.7130771687	0.4501669553
0.4454465365	0.5545534635	0.7144962961	0.4494500657
0.4464475175	0.5535524825	0.7159105814	0.4487352816
0.4474484985	0.5525515015	0.7173200297	0.4480225945
0.4484494795	0.5515505205	0.7187246465	0.4473119963
0.4494504605	0.5505495395	0.7201244372	0.4466034785
0.4504514414	0.5495485586	0.7215194073	0.445897033
0.4514524224	0.5485475776	0.7229095625	0.4451926515
0.4524534034	0.5475465966	0.7242949086	0.4444903259
0.4534543844	0.5465456156	0.7256754514	0.443790048
0.4544553654	0.5455446346	0.7270511969	0.4430918097
0.4554563463	0.5445436537	0.7284221512	0.442395603
0.4564573273	0.5435426727	0.7297883203	0.4417014199
0.4574583083	0.5425416917	0.7311497105	0.4410092523
0.4584592893	0.5415407107	0.7325063281	0.4403190923
0.4594602703	0.5405397297	0.7338581795	0.439630932
0.4604612513	0.5395387487	0.7352052712	0.4389447634
0.4614622322	0.5385377678	0.7365476099	0.4382605788
0.4624632132	0.5375367868	0.7378852022	0.4375783704
0.4634641942	0.5365358058	0.7392180547	0.4368981303
0.4644651752	0.5355348248	0.7405461745	0.4362198508
0.4654661562	0.5345338438	0.7418695683	0.4355435242
0.4664671371	0.5335328629	0.7431882432	0.4348691429
0.4674681181	0.5325318819	0.7445022062	0.4341966991
0.4684690991	0.5315309009	0.7458114645	0.4335261854
0.4694700801	0.5305299199	0.7471160254	0.432857594
0.4704710611	0.5295289389	0.748415896	0.4321909176
0.471472042	0.528527958	0.7497110839	0.4315261485
0.472473023	0.527526977	0.7510015964	0.4308632794
0.473474004	0.526525996	0.752287441	0.4302023027
0.474474985	0.525525015	0.7535686253	0.4295432111
0.475475966	0.524524034	0.754845157	0.4288859972
0.4764769469	0.5235230531	0.7561170438	0.4282306538
0.4774779279	0.5225220721	0.7573842934	0.4275771734
0.4784789089	0.5215210911	0.7586469138	0.4269255488
0.4794798899	0.5205201101	0.7599049128	0.4262757728
0.4804808709	0.5195191291	0.7611582984	0.4256278382
0.4814818519	0.5185181481	0.7624070786	0.4249817378
0.4824828328	0.5175171672	0.7636512616	0.4243374645
0.4834838138	0.5165161862	0.7648908554	0.4236950112
0.4844847948	0.5155152052	0.7661258683	0.4230543708
0.4854857758	0.5145142242	0.7673563085	0.4224155363
0.4864867568	0.5135132432	0.7685821844	0.4217785006
0.4874877377	0.5125122623	0.7698035044	0.4211432568
0.4884887187	0.5115112813	0.7710202768	0.4205097979
0.4894896997	0.5105103003	0.7722325102	0.4198781171
0.4904906807	0.5095093193	0.773440213	0.4192482074
0.4914916617	0.5085083383	0.774643394	0.4186200621
0.4924926426	0.5075073574	0.7758420616	0.4179936742
0.4934936236	0.5065063764	0.7770362246	0.417369037
0.4944946046	0.5055053954	0.7782258917	0.4167461438
0.4954955856	0.5045044144	0.7794110717	0.4161249877
0.4964965666	0.5035034334	0.7805917734	0.4155055622
0.4974975475	0.5025024525	0.7817680057	0.4148878606
0.4984985285	0.5015014715	0.7829397774	0.4142718762
0.4994995095	0.5005004905	0.7841070976	0.4136576024
0.5005004905	0.4994995095	0.7852699752	0.4130450327
0.5015014715	0.4984985285	0.7864284192	0.4124341604
0.5025024525	0.4974975475	0.7875824388	0.4118249792
0.5035034334	0.4964965666	0.788732043	0.4112174824
0.5045044144	0.4954955856	0.789877241	0.4106116637
0.5055053954	0.4944946046	0.791018042	0.4100075167
0.5065063764	0.4934936236	0.7921544552	0.4094050348
0.5075073574	0.4924926426	0.7932864898	0.4088042119
0.5085083383	0.4914916617	0.7944141552	0.4082050414
0.5095093193	0.4904906807	0.7955374607	0.4076075172
0.5105103003	0.4894896997	0.7966564157	0.4070116329
0.5115112813	0.4884887187	0.7977710295	0.4064173823
0.5125122623	0.4874877377	0.7988813115	0.4058247592
0.5135132432	0.4864867568	0.7999872713	0.4052337573
0.5145142242	0.4854857758	0.8010889183	0.4046443705
0.5155152052	0.4844847948	0.8021862621	0.4040565927
0.5165161862	0.4834838138	0.8032793121	0.4034704178
0.5175171672	0.4824828328	0.804368078	0.4028858396
0.5185181481	0.4814818519	0.8054525694	0.4023028521
0.5195191291	0.4804808709	0.8065327958	0.4017214493
0.5205201101	0.4794798899	0.807608767	0.4011416252
0.5215210911	0.4784789089	0.8086804925	0.4005633738
0.5225220721	0.4774779279	0.8097479822	0.3999866892
0.5235230531	0.4764769469	0.8108112458	0.3994115654
0.524524034	0.475475966	0.8118702929	0.3988379966
0.525525015	0.474474985	0.8129251334	0.3982659769
0.526525996	0.473474004	0.813975777	0.3976955004
0.527526977	0.472473023	0.8150222337	0.3971265614
0.528527958	0.471472042	0.8160645131	0.396559154
0.5295289389	0.4704710611	0.8171026251	0.3959932725
0.5305299199	0.4694700801	0.8181365797	0.3954289112
0.5315309009	0.4684690991	0.8191663867	0.3948660643
0.5325318819	0.4674681181	0.8201920561	0.3943047262
0.5335328629	0.4664671371	0.8212135977	0.3937448912
0.5345338438	0.4654661562	0.8222310214	0.3931865537
0.5355348248	0.4644651752	0.8232443374	0.3926297081
0.5365358058	0.4634641942	0.8242535554	0.3920743489
0.5375367868	0.4624632132	0.8252586856	0.3915204703
0.5385377678	0.4614622322	0.8262597378	0.390968067
0.5395387487	0.4604612513	0.8272567222	0.3904171334
0.5405397297	0.4594602703	0.8282496488	0.389867664
0.5415407107	0.4584592893	0.8292385275	0.3893196535
0.5425416917	0.4574583083	0.8302233685	0.3887730963
0.5435426727	0.4564573273	0.8312041819	0.388227987
0.5445436537	0.4554563463	0.8321809776	0.3876843204
0.5455446346	0.4544553654	0.8331537657	0.3871420909
0.5465456156	0.4534543844	0.8341225565	0.3866012933
0.5475465966	0.4524534034	0.8350873599	0.3860619223
0.5485475776	0.4514524224	0.8360481861	0.3855239727
0.5495485586	0.4504514414	0.8370050453	0.384987439
0.5505495395	0.4494504605	0.8379579474	0.3844523162
0.5515505205	0.4484494795	0.8389069028	0.3839185989
0.5525515015	0.4474484985	0.8398519214	0.383386282
0.5535524825	0.4464475175	0.8407930136	0.3828553604
0.5545534635	0.4454465365	0.8417301894	0.3823258289
0.5555544444	0.4444455556	0.8426634589	0.3817976824
0.5565554254	0.4434445746	0.8435928324	0.3812709157
0.5575564064	0.4424435936	0.8445183201	0.3807455238
0.5585573874	0.4414426126	0.845439932	0.3802215017
0.5595583684	0.4404416316	0.8463576784	0.3796988443
0.5605593493	0.4394406507	0.8472715695	0.3791775467
0.5615603303	0.4384396697	0.8481816155	0.3786576038
0.5625613113	0.4374386887	0.8490878265	0.3781390107
0.5635622923	0.4364377077	0.8499902127	0.3776217624
0.5645632733	0.4354367267	0.8508887843	0.3771058541
0.5655642543	0.4344357457	0.8517835515	0.3765912807
0.5665652352	0.4334347648	0.8526745246	0.3760780376
0.5675662162	0.4324337838	0.8535617136	0.3755661198
0.5685671972	0.4314328028	0.8544451288	0.3750555224
0.5695681782	0.4304318218	0.8553247805	0.3745462408
0.5705691592	0.4294308408	0.8562006786	0.37403827
0.5715701401	0.4284298599	0.8570728336	0.3735316054
0.5725711211	0.4274288789	0.8579412555	0.3730262422
0.5735721021	0.4264278979	0.8588059546	0.3725221756
0.5745730831	0.4254269169	0.859666941	0.3720194011
0.5755740641	0.4244259359	0.8605242249	0.3715179138
0.576575045	0.423424955	0.8613778165	0.3710177091
0.577576026	0.422423974	0.8622277259	0.3705187825
0.578577007	0.421422993	0.8630739634	0.3700211292
0.579577988	0.420422012	0.8639165392	0.3695247447
0.580578969	0.419421031	0.8647554633	0.3690296245
0.5815799499	0.4184200501	0.8655907459	0.3685357639
0.5825809309	0.4174190691	0.8664223973	0.3680431584
0.5835819119	0.4164180881	0.8672504275	0.3675518035
0.5845828929	0.4154171071	0.8680748467	0.3670616947
0.5855838739	0.4144161261	0.868895665	0.3665728276
0.5865848549	0.4134151451	0.8697128926	0.3660851977
0.5875858358	0.4124141642	0.8705265395	0.3655988005
0.5885868168	0.4114131832	0.871336616	0.3651136317
0.5895877978	0.4104122022	0.8721431322	0.3646296868
0.5905887788	0.4094112212	0.872946098	0.3641469615
0.5915897598	0.4084102402	0.8737455237	0.3636654513
0.5925907407	0.4074092593	0.8745414193	0.3631851521
0.5935917217	0.4064082783	0.8753337949	0.3627060594
0.5945927027	0.4054072973	0.8761226606	0.362228169
0.5955936837	0.4044063163	0.8769080264	0.3617514765
0.5965946647	0.4034053353	0.8776899025	0.3612759778
0.5975956456	0.4024043544	0.8784682988	0.3608016685
0.5985966266	0.4014033734	0.8792432253	0.3603285445
0.5995976076	0.4004023924	0.8800146922	0.3598566015
0.6005985886	0.3994014114	0.8807827095	0.3593858354
0.6015995696	0.3984004304	0.8815472871	0.3589162419
0.6026005506	0.3973994494	0.882308435	0.3584478171
0.6036015315	0.3963984685	0.8830661632	0.3579805566
0.6046025125	0.3953974875	0.8838204818	0.3575144564
0.6056034935	0.3943965065	0.8845714007	0.3570495125
0.6066044745	0.3933955255	0.8853189297	0.3565857206
0.6076054555	0.3923945445	0.886063079	0.3561230768
0.6086064364	0.3913935636	0.8868038584	0.3556615771
0.6096074174	0.3903925826	0.8875412778	0.3552012174
0.6106083984	0.3893916016	0.8882753471	0.3547419936
0.6116093794	0.3883906206	0.8890060763	0.3542839019
0.6126103604	0.3873896396	0.8897334751	0.3538269382
0.6136113413	0.3863886587	0.8904575536	0.3533710986
0.6146123223	0.3853876777	0.8911783215	0.3529163791
0.6156133033	0.3843866967	0.8918957887	0.3524627759
0.6166142843	0.3833857157	0.892609965	0.352010285
0.6176152653	0.3823847347	0.8933208603	0.3515589025
0.6186162462	0.3813837538	0.8940284843	0.3511086247
0.6196172272	0.3803827728	0.8947328469	0.3506594475
0.6206182082	0.3793817918	0.8954339577	0.3502113673
0.6216191892	0.3783808108	0.8961318267	0.3497643801
0.6226201702	0.3773798298	0.8968264634	0.3493184822
0.6236211512	0.3763788488	0.8975178777	0.3488736698
0.6246221321	0.3753778679	0.8982060793	0.3484299391
0.6256231131	0.3743768869	0.8988910779	0.3479872863
0.6266240941	0.3733759059	0.8995728832	0.3475457079
0.6276250751	0.3723749249	0.9002515048	0.3471051999
0.6286260561	0.3713739439	0.9009269524	0.3466657587
0.629627037	0.370372963	0.9015992356	0.3462273807
0.630628018	0.369371982	0.9022683642	0.3457900622
0.631628999	0.368371001	0.9029343476	0.3453537994
0.63262998	0.36737002	0.9035971955	0.3449185888
0.633630961	0.366369039	0.9042569175	0.3444844267
0.6346319419	0.3653680581	0.9049135231	0.3440513096
0.6356329229	0.3643670771	0.9055670219	0.3436192338
0.6366339039	0.3633660961	0.9062174235	0.3431881958
0.6376348849	0.3623651151	0.9068647372	0.342758192
0.6386358659	0.3613641341	0.9075089727	0.3423292189
0.6396368468	0.3603631532	0.9081501394	0.3419012728
0.6406378278	0.3593621722	0.9087882468	0.3414743504
0.6416388088	0.3583611912	0.9094233043	0.3410484481
0.6426397898	0.3573602102	0.9100553213	0.3406235625
0.6436407708	0.3563592292	0.9106843074	0.34019969
0.6446417518	0.3553582482	0.9113102718	0.3397768271
0.6456427327	0.3543572673	0.9119332239	0.3393549706
0.6466437137	0.3533562863	0.9125531732	0.3389341169
0.6476446947	0.3523553053	0.9131701289	0.3385142626
0.6486456757	0.3513543243	0.9137841004	0.3380954044
0.6496466567	0.3503533433	0.914395097	0.3376775387
0.6506476376	0.3493523624	0.915003128	0.3372606624
0.6516486186	0.3483513814	0.9156082026	0.336844772
0.6526495996	0.3473504004	0.9162103301	0.3364298642
0.6536505806	0.3463494194	0.9168095198	0.3360159357
0.6546515616	0.3453484384	0.9174057808	0.3356029831
0.6556525425	0.3443474575	0.9179991224	0.3351910031
0.6566535235	0.3433464765	0.9185895538	0.3347799926
0.6576545045	0.3423454955	0.919177084	0.3343699481
0.6586554855	0.3413445145	0.9197617223	0.3339608665
0.6596564665	0.3403435335	0.9203434777	0.3335527446
0.6606574474	0.3393425526	0.9209223595	0.333145579
0.6616584284	0.3383415716	0.9214983766	0.3327393666
0.6626594094	0.3373405906	0.9220715381	0.3323341041
0.6636603904	0.3363396096	0.9226418531	0.3319297885
0.6646613714	0.3353386286	0.9232093307	0.3315264164
0.6656623524	0.3343376476	0.9237739797	0.3311239848
0.6666633333	0.3333366667	0.9243358093	0.3307224906
0.6676643143	0.3323356857	0.9248948283	0.3303219305
0.6686652953	0.3313347047	0.9254510458	0.3299223015
0.6696662763	0.3303337237	0.9260044706	0.3295236004
0.6706672573	0.3293327427	0.9265551118	0.3291258242
0.6716682382	0.3283317618	0.9271029781	0.3287289698
0.6726692192	0.3273307808	0.9276480785	0.3283330341
0.6736702002	0.3263297998	0.9281904217	0.3279380141
0.6746711812	0.3253288188	0.9287300167	0.3275439067
0.6756721622	0.3243278378	0.9292668723	0.3271507089
0.6766731431	0.3233268569	0.9298009972	0.3267584176
0.6776741241	0.3223258759	0.9303324003	0.32636703
0.6786751051	0.3213248949	0.9308610902	0.3259765429
0.6796760861	0.3203239139	0.9313870757	0.3255869534
0.6806770671	0.3193229329	0.9319103656	0.3251982586
0.681678048	0.318321952	0.9324309685	0.3248104555
0.682679029	0.317320971	0.932948893	0.3244235411
0.68368001	0.31631999	0.933464148	0.3240375126
0.684680991	0.315319009	0.9339767419	0.323652367
0.685681972	0.314318028	0.9344866834	0.3232681013
0.686682953	0.313317047	0.9349939811	0.3228847128
0.6876839339	0.3123160661	0.9354986436	0.3225021985
0.6886849149	0.3113150851	0.9360006794	0.3221205556
0.6896858959	0.3103141041	0.9365000971	0.3217397812
0.6906868769	0.3093131231	0.9369969051	0.3213598725
0.6916878579	0.3083121421	0.9374911119	0.3209808266
0.6926888388	0.3073111612	0.9379827261	0.3206026407
0.6936898198	0.3063101802	0.9384717561	0.320225312
0.6946908008	0.3053091992	0.9389582103	0.3198488377
0.6956917818	0.3043082182	0.939442097	0.3194732151
0.6966927628	0.3033072372	0.9399234248	0.3190984413
0.6976937437	0.3023062563	0.9404022019	0.3187245136
0.6986947247	0.3013052753	0.9408784368	0.3183514292
0.6996957057	0.3003042943	0.9413521377	0.3179791855
0.7006966867	0.2993033133	0.9418233129	0.3176077796
0.7016976677	0.2983023323	0.9422919708	0.3172372088
0.7026986486	0.2973013514	0.9427581195	0.3168674706
0.7036996296	0.2963003704	0.9432217674	0.316498562
0.7047006106	0.2952993894	0.9436829227	0.3161304806
0.7057015916	0.2942984084	0.9441415935	0.3157632235
0.7067025726	0.2932974274	0.944597788	0.3153967882
0.7077035536	0.2922964464	0.9450515144	0.315031172
0.7087045345	0.2912954655	0.9455027809	0.3146663722
0.7097055155	0.2902944845	0.9459515955	0.3143023862
0.7107064965	0.2892935035	0.9463979664	0.3139392115
0.7117074775	0.2882925225	0.9468419016	0.3135768453
0.7127084585	0.2872915415	0.9472834092	0.3132152851
0.7137094394	0.2862905606	0.9477224972	0.3128545284
0.7147104204	0.2852895796	0.9481591736	0.3124945725
0.7157114014	0.2842885986	0.9485934464	0.3121354148
0.7167123824	0.2832876176	0.9490253237	0.3117770529
0.7177133634	0.2822866366	0.9494548132	0.3114194842
0.7187143443	0.2812856557	0.9498819231	0.3110627061
0.7197153253	0.2802846747	0.9503066611	0.3107067161
0.7207163063	0.2792836937	0.9507290351	0.3103515117
0.7217172873	0.2782827127	0.9511490531	0.3099970904
0.7227182683	0.2772817317	0.9515667229	0.3096434498
0.7237192492	0.2762807508	0.9519820523	0.3092905872
0.7247202302	0.2752797698	0.9523950491	0.3089385003
0.7257212112	0.2742787888	0.952805721	0.3085871867
0.7267221922	0.2732778078	0.9532140759	0.3082366437
0.7277231732	0.2722768268	0.9536201215	0.3078868691
0.7287241542	0.2712758458	0.9540238655	0.3075378603
0.7297251351	0.2702748649	0.9544253156	0.307189615
0.7307261161	0.2692738839	0.9548244795	0.3068421307
0.7317270971	0.2682729029	0.9552213648	0.306495405
0.7327280781	0.2672719219	0.9556159792	0.3061494355
0.7337290591	0.2662709409	0.9560083302	0.30580422
0.73473004	0.26526996	0.9563984256	0.3054597558
0.735731021	0.264268979	0.9567862728	0.3051160408
0.736732002	0.263267998	0.9571718794	0.3047730726
0.737732983	0.262267017	0.9575552529	0.3044308488
0.738733964	0.261266036	0.9579364009	0.304089367
0.7397349449	0.2602650551	0.9583153308	0.303748625
0.7407359259	0.2592640741	0.9586920501	0.3034086204
0.7417369069	0.2582630931	0.9590665663	0.303069351
0.7427378879	0.2572621121	0.9594388867	0.3027308144
0.7437388689	0.2562611311	0.9598090189	0.3023930083
0.7447398498	0.2552601502	0.9601769701	0.3020559304
0.7457408308	0.2542591692	0.9605427477	0.3017195786
0.7467418118	0.2532581882	0.9609063591	0.3013839504
0.7477427928	0.2522572072	0.9612678116	0.3010490438
0.7487437738	0.2512562262	0.9616271125	0.3007148563
0.7497447548	0.2502552452	0.961984269	0.3003813858
0.7507457357	0.2492542643	0.9623392886	0.3000486301
0.7517467167	0.2482532833	0.9626921782	0.299716587
0.7527476977	0.2472523023	0.9630429453	0.2993852541
0.7537486787	0.2462513213	0.963391597	0.2990546294
0.7547496597	0.2452503403	0.9637381405	0.2987247107
0.7557506406	0.2442493594	0.9640825829	0.2983954957
0.7567516216	0.2432483784	0.9644249314	0.2980669823
0.7577526026	0.2422473974	0.964765193	0.2977391683
0.7587535836	0.2412464164	0.965103375	0.2974120515
0.7597545646	0.2402454354	0.9654394843	0.2970856299
0.7607555455	0.2392444545	0.965773528	0.2967599012
0.7617565265	0.2382434735	0.9661055131	0.2964348634
0.7627575075	0.2372424925	0.9664354467	0.2961105144
0.7637584885	0.2362415115	0.9667633358	0.2957868519
0.7647594695	0.2352405305	0.9670891873	0.2954638739
0.7657604505	0.2342395495	0.9674130081	0.2951415783
0.7667614314	0.2332385686	0.9677348053	0.294819963
0.7677624124	0.2322375876	0.9680545857	0.294499026
0.7687633934	0.2312366066	0.9683723562	0.2941787651
0.7697643744	0.2302356256	0.9686881237	0.2938591783
0.7707653554	0.2292346446	0.969001895	0.2935402635
0.7717663363	0.2282336637	0.969313677	0.2932220187
0.7727673173	0.2272326827	0.9696234765	0.2929044419
0.7737682983	0.2262317017	0.9699313002	0.2925875309
0.7747692793	0.2252307207	0.970237155	0.2922712839
0.7757702603	0.2242297397	0.9705410476	0.2919556987
0.7767712412	0.2232287588	0.9708429847	0.2916407733
0.7777722222	0.2222277778	0.971142973	0.2913265059
0.7787732032	0.2212267968	0.9714410192	0.2910128942
0.7797741842	0.2202258158	0.97173713	0.2906999365
0.7807751652	0.2192248348	0.9720313121	0.2903876307
0.7817761461	0.2182238539	0.972323572	0.2900759747
0.7827771271	0.2172228729	0.9726139164	0.2897649668
0.7837781081	0.2162218919	0.9729023519	0.2894546048
0.7847790891	0.2152209109	0.973188885	0.2891448869
0.7857800701	0.2142199299	0.9734735223	0.2888358112
0.7867810511	0.2132189489	0.9737562704	0.2885273756
0.787782032	0.212217968	0.9740371357	0.2882195783
0.788783013	0.211216987	0.9743161247	0.2879124173
0.789783994	0.210216006	0.9745932439	0.2876058908
0.790784975	0.209215025	0.9748684997	0.2872999968
0.791785956	0.208214044	0.9751418987	0.2869947334
0.7927869369	0.2072130631	0.9754134471	0.2866900988
0.7937879179	0.2062120821	0.9756831515	0.286386091
0.7947888989	0.2052111011	0.9759510181	0.2860827082
0.7957898799	0.2042101201	0.9762170533	0.2857799486
0.7967908609	0.2032091391	0.9764812635	0.2854778102
0.7977918418	0.2022081582	0.976743655	0.2851762912
0.7987928228	0.2012071772	0.977004234	0.2848753898
0.7997938038	0.2002061962	0.9772630069	0.2845751042
0.8007947848	0.1992052152	0.9775199799	0.2842754324
0.8017957658	0.1982042342	0.9777751593	0.2839763727
0.8027967467	0.1972032533	0.9780285512	0.2836779233
0.8037977277	0.1962022723	0.9782801619	0.2833800823
0.8047987087	0.1952012913	0.9785299976	0.2830828479
0.8057996897	0.1942003103	0.9787780643	0.2827862184
0.8068006707	0.1931993293	0.9790243684	0.282490192
0.8078016517	0.1921983483	0.9792689158	0.2821947668
0.8088026326	0.1911973674	0.9795117127	0.2818999412
0.8098036136	0.1901963864	0.9797527652	0.2816057133
0.8108045946	0.1891954054	0.9799920793	0.2813120813
0.8118055756	0.1881944244	0.9802296611	0.2810190435
0.8128065566	0.1871934434	0.9804655166	0.2807265983
0.8138075375	0.1861924625	0.9806996519	0.2804347437
0.8148085185	0.1851914815	0.980932073	0.2801434781
0.8158094995	0.1841905005	0.9811627857	0.2798527998
0.8168104805	0.1831895195	0.9813917961	0.279562707
0.8178114615	0.1821885385	0.98161911	0.279273198
0.8188124424	0.1811875576	0.9818447335	0.2789842712
0.8198134234	0.1801865766	0.9820686724	0.2786959247
0.8208144044	0.1791855956	0.9822909327	0.278408157
0.8218153854	0.1781846146	0.98251152	0.2781209662
0.8228163664	0.1771836336	0.9827304404	0.2778343508
0.8238173473	0.1761826527	0.9829476996	0.2775483091
0.8248183283	0.1751816717	0.9831633035	0.2772628393
0.8258193093	0.1741806907	0.9833772578	0.2769779399
0.8268202903	0.1731797097	0.9835895683	0.2766936091
0.8278212713	0.1721787287	0.9838002407	0.2764098453
0.8288222523	0.1711777477	0.9840092808	0.2761266469
0.8298232332	0.1701767668	0.9842166944	0.2758440122
0.8308242142	0.1691757858	0.984422487	0.2755619396
0.8318251952	0.1681748048	0.9846266645	0.2752804275
0.8328261762	0.1671738238	0.9848292323	0.2749994742
0.8338271572	0.1661728428	0.9850301963	0.2747190781
0.8348281381	0.1651718619	0.985229562	0.2744392376
0.8358291191	0.1641708809	0.9854273351	0.2741599511
0.8368301001	0.1631698999	0.9856235211	0.2738812171
0.8378310811	0.1621689189	0.9858181255	0.2736030338
0.8388320621	0.1611679379	0.986011154	0.2733253998
0.839833043	0.160166957	0.9862026122	0.2730483134
0.840834024	0.159165976	0.9863925054	0.2727717732
0.841835005	0.158164995	0.9865808392	0.2724957774
0.842835986	0.157164014	0.9867676192	0.2722203246
0.843836967	0.156163033	0.9869528507	0.2719454131
0.8448379479	0.1551620521	0.9871365392	0.2716710415
0.8458389289	0.1541610711	0.9873186902	0.2713972082
0.8468399099	0.1531600901	0.9874993091	0.2711239117
0.8478408909	0.1521591091	0.9876784012	0.2708511503
0.8488418719	0.1511581281	0.987855972	0.2705789227
0.8498428529	0.1501571471	0.9880320268	0.2703072272
0.8508438338	0.1491561662	0.988206571	0.2700360624
0.8518448148	0.1481551852	0.9883796098	0.2697654267
0.8528457958	0.1471542042	0.9885511487	0.2694953187
0.8538467768	0.1461532232	0.9887211928	0.2692257368
0.8548477578	0.1451522422	0.9888897475	0.2689566795
0.8558487387	0.1441512613	0.9890568181	0.2686881454
0.8568497197	0.1431502803	0.9892224097	0.268420133
0.8578507007	0.1421492993	0.9893865277	0.2681526407
0.8588516817	0.1411483183	0.9895491772	0.2678856672
0.8598526627	0.1401473373	0.9897103633	0.2676192109
0.8608536436	0.1391463564	0.9898700914	0.2673532704
0.8618546246	0.1381453754	0.9900283665	0.2670878442
0.8628556056	0.1371443944	0.9901851938	0.2668229309
0.8638565866	0.1361434134	0.9903405785	0.2665585291
0.8648575676	0.1351424324	0.9904945255	0.2662946372
0.8658585485	0.1341414515	0.9906470401	0.2660312539
0.8668595295	0.1331404705	0.9907981273	0.2657683777
0.8678605105	0.1321394895	0.9909477922	0.2655060072
0.8688614915	0.1311385085	0.9910960397	0.265244141
0.8698624725	0.1301375275	0.991242875	0.2649827777
0.8708634535	0.1291365465	0.991388303	0.2647219158
0.8718644344	0.1281355656	0.9915323288	0.264461554
0.8728654154	0.1271345846	0.9916749573	0.2642016908
0.8738663964	0.1261336036	0.9918161935	0.2639423249
0.8748673774	0.1251326226	0.9919560423	0.2636834549
0.8758683584	0.1241316416	0.9920945086	0.2634250793
0.8768693393	0.1231306607	0.9922315974	0.2631671969
0.8778703203	0.1221296797	0.9923673136	0.2629098061
0.8788713013	0.1211286987	0.9925016621	0.2626529058
0.8798722823	0.1201277177	0.9926346477	0.2623964944
0.8808732633	0.1191267367	0.9927662752	0.2621405707
0.8818742442	0.1181257558	0.9928965495	0.2618851332
0.8828752252	0.1171247748	0.9930254755	0.2616301807
0.8838762062	0.1161237938	0.9931530579	0.2613757118
0.8848771872	0.1151228128	0.9932793015	0.2611217251
0.8858781682	0.1141218318	0.9934042111	0.2608682194
0.8868791491	0.1131208509	0.9935277914	0.2606151932
0.8878801301	0.1121198699	0.9936500473	0.2603626453
0.8888811111	0.1111188889	0.9937709833	0.2601105743
0.8898820921	0.1101179079	0.9938906042	0.2598589789
0.8908830731	0.1091169269	0.9940089147	0.2596078578
0.8918840541	0.1081159459	0.9941259196	0.2593572098
0.892885035	0.107114965	0.9942416233	0.2591070334
0.893886016	0.106113984	0.9943560307	0.2588573275
0.894886997	0.105113003	0.9944691463	0.2586080906
0.895887978	0.104112022	0.9945809748	0.2583593216
0.896888959	0.103111041	0.9946915207	0.2581110191
0.8978899399	0.1021100601	0.9948007886	0.2578631819
0.8988909209	0.1011090791	0.9949087831	0.2576158087
0.8998919019	0.1001080981	0.9950155088	0.2573688981
0.9008928829	0.09910711712	0.9951209702	0.257122449
0.9018938639	0.09810613614	0.9952251718	0.2568764602
0.9028948448	0.09710515516	0.9953281182	0.2566309302
0.9038958258	0.09610417417	0.9954298138	0.2563858579
0.9048968068	0.09510319319	0.9955302631	0.2561412421
0.9058977878	0.09410221221	0.9956294707	0.2558970814
0.9068987688	0.09310123123	0.9957274408	0.2556533747
0.9078997497	0.09210025025	0.995824178	0.2554101207
0.9089007307	0.09109926927	0.9959196868	0.2551673182
0.9099017117	0.09009828829	0.9960139714	0.2549249659
0.9109026927	0.08909730731	0.9961070363	0.2546830627
0.9119036737	0.08809632633	0.9961988859	0.2544416073
0.9129046547	0.08709534535	0.9962895246	0.2542005985
0.9139056356	0.08609436436	0.9963789566	0.2539600351
0.9149066166	0.08509338338	0.9964671864	0.2537199159
0.9159075976	0.0840924024	0.9965542182	0.2534802397
0.9169085786	0.08309142142	0.9966400564	0.2532410053
0.9179095596	0.08209044044	0.9967247052	0.2530022115
0.9189105405	0.08108945946	0.996808169	0.2527638571
0.9199115215	0.08008847848	0.9968904519	0.2525259409
0.9209125025	0.0790874975	0.9969715583	0.2522884619
0.9219134835	0.07808651652	0.9970514923	0.2520514186
0.9229144645	0.07708553554	0.9971302583	0.2518148101
0.9239154454	0.07608455455	0.9972078603	0.2515786352
0.9249164264	0.07508357357	0.9972843027	0.2513428926
0.9259174074	0.07408259259	0.9973595895	0.2511075813
0.9269183884	0.07308161161	0.997433725	0.2508727
0.9279193694	0.07208063063	0.9975067132	0.2506382476
0.9289203504	0.07107964965	0.9975785584	0.250404223
0.9299213313	0.07007866867	0.9976492646	0.250170625
0.9309223123	0.06907768769	0.997718836	0.2499374526
0.9319232933	0.06807670671	0.9977872767	0.2497047044
0.9329242743	0.06707572573	0.9978545907	0.2494723795
0.9339252553	0.06607474474	0.9979207821	0.2492404767
0.9349262362	0.06507376376	0.997985855	0.2490089948
0.9359272172	0.06407278278	0.9980498134	0.2487779329
0.9369281982	0.0630718018	0.9981126613	0.2485472896
0.9379291792	0.06207082082	0.9981744028	0.248317064
0.9389301602	0.06106983984	0.9982350419	0.2480872549
0.9399311411	0.06006885886	0.9982945824	0.2478578612
0.9409321221	0.05906787788	0.9983530285	0.2476288818
0.9419331031	0.0580668969	0.9984103841	0.2474003156
0.9429340841	0.05706591592	0.9984666531	0.2471721616
0.9439350651	0.05606493493	0.9985218395	0.2469444186
0.944936046	0.05506395395	0.9985759471	0.2467170855
0.945937027	0.05406297297	0.99862898	0.2464901614
0.946938008	0.05306199199	0.9986809419	0.246263645
0.947938989	0.05206101101	0.9987318368	0.2460375353
0.94893997	0.05106003003	0.9987816685	0.2458118313
0.949940951	0.05005904905	0.998830441	0.2455865319
0.9509419319	0.04905806807	0.9988781579	0.245361636
0.9519429129	0.04805708709	0.9989248233	0.2451371425
0.9529438939	0.04705610611	0.9989704408	0.2449130505
0.9539448749	0.04605512513	0.9990150143	0.2446893588
0.9549458559	0.04505414414	0.9990585476	0.2444660664
0.9559468368	0.04405316316	0.9991010445	0.2442431722
0.9569478178	0.04305218218	0.9991425087	0.2440206753
0.9579487988	0.0420512012	0.999182944	0.2437985746
0.9589497798	0.04105022022	0.9992223541	0.243576869
0.9599507608	0.04004923924	0.9992607428	0.2433555575
0.9609517417	0.03904825826	0.9992981137	0.2431346392
0.9619527227	0.03804727728	0.9993344706	0.2429141128
0.9629537037	0.0370462963	0.9993698172	0.2426939776
0.9639546847	0.03604531532	0.9994041571	0.2424742323
0.9649556657	0.03504433433	0.9994374941	0.2422548761
0.9659566466	0.03404335335	0.9994698317	0.2420359079
0.9669576276	0.03304237237	0.9995011736	0.2418173266
0.9679586086	0.03204139139	0.9995315234	0.2415991314
0.9689595896	0.03104041041	0.9995608848	0.2413813212
0.9699605706	0.03003942943	0.9995892613	0.2411638949
0.9709615516	0.02903844845	0.9996166567	0.2409468517
0.9719625325	0.02803746747	0.9996430743	0.2407301905
0.9729635135	0.02703648649	0.9996685178	0.2405139103
0.9739644945	0.02603550551	0.9996929908	0.2402980101
0.9749654755	0.02503452452	0.9997164968	0.2400824891
0.9759664565	0.02403354354	0.9997390394	0.2398673461
0.9769674374	0.02303256256	0.999760622	0.2396525802
0.9779684184	0.02203158158	0.9997812481	0.2394381905
0.9789693994	0.0210306006	0.9998009214	0.239224176
0.9799703804	0.02002961962	0.9998196451	0.2390105356
0.9809713614	0.01902863864	0.9998374229	0.2387972686
0.9819723423	0.01802765766	0.9998542582	0.2385843738
0.9829733233	0.01702667668	0.9998701544	0.2383718504
0.9839743043	0.0160256957	0.999885115	0.2381596974
0.9849752853	0.01502471471	0.9998991434	0.2379479138
0.9859762663	0.01402373373	0.999912243	0.2377364987
0.9869772472	0.01302275275	0.9999244172	0.2375254512
0.9879782282	0.01202177177	0.9999356694	0.2373147704
0.9889792092	0.01102079079	0.999946003	0.2371044552
0.9899801902	0.01001980981	0.9999554214	0.2368945048
0.9909811712	0.009018828829	0.9999639279	0.2366849182
0.9919821522	0.008017847848	0.9999715258	0.2364756945
0.9929831331	0.007016866867	0.9999782186	0.2362668328
0.9939841141	0.006015885886	0.9999840094	0.2360583321
0.9949850951	0.005014904905	0.9999889017	0.2358501916
0.9959860761	0.004013923924	0.9999928988	0.2356424103
0.9969870571	0.003012942943	0.9999960038	0.2354349874
0.997988038	0.002011961962	0.9999982202	0.2352279219
0.998989019	0.001010980981	0.9999995512	0.2350212128
0.99999	1e-05	1	0.2348148594
