1e-05	0.99999	1.069254771	1.00000001
0.001010980981	0.998989019	0.8865029791	1.000094803
0.002011961962	0.997988038	0.7431968837	1.00036089
0.003012942943	0.9969870571	0.6295797441	1.000778184
0.004013923924	0.9959860761	0.5385688255	1.001328493
0.005014904905	0.9949850951	0.4649601553	1.001995326
0.006015885886	0.9939841141	0.404886385	1.002763718
0.007016866867	0.9929831331	0.3554424016	1.003620071
0.008017847848	0.9919821522	0.314423604	1.004552024
0.009018828829	0.9909811712	0.280140805	1.00554833
0.01001980981	0.9899801902	0.2512878773	1.006598752
0.01102079079	0.9889792092	0.2268461196	1.007693966
0.01202177177	0.9879782282	0.2060144633	1.008825474
0.01302275275	0.9869772472	0.1881580554	1.009985537
0.01402373373	0.9859762663	0.1727700342	1.011167098
0.01502471471	0.9849752853	0.1594428703	1.012363726
0.0160256957	0.9839743043	0.1478466994	1.013569561
0.01702667668	0.9829733233	0.1377128159	1.014779264
0.01802765766	0.9819723423	0.1288210008	1.015987974
0.01902863864	0.9809713614	0.120989726	1.017191266
0.02002961962	0.9799703804	0.1140685282	1.018385116
0.0210306006	0.9789693994	0.107932035	1.019565867
0.02203158158	0.9779684184	0.1024752535	1.020730199
0.02303256256	0.9769674374	0.09760983467	1.021875103
0.02403354354	0.9759664565	0.09326109252	1.022997857
0.02503452452	0.9749654755	0.08936561315	1.024095998
0.02603550551	0.9739644945	0.08586932685	1.025167307
0.02703648649	0.9729635135	0.08272594528	1.02620979
0.02803746747	0.9719625325	0.0798956887	1.027221654
0.02903844845	0.9709615516	0.07734424431	1.028201298
0.03003942943	0.9699605706	0.07504191003	1.029147297
0.03104041041	0.9689595896	0.07296288754	1.030058386
0.03204139139	0.9679586086	0.07108469615	1.030933449
0.03304237237	0.9669576276	0.06938768491	1.031771509
0.03404335335	0.9659566466	0.06785462475	1.032571713
0.03504433433	0.9649556657	0.06647036654	1.03333333
0.03604531532	0.9639546847	0.06522155303	1.034055733
0.0370462963	0.9629537037	0.06409637556	1.034738398
0.03804727728	0.9619527227	0.06308436785	1.035380893
0.03904825826	0.9609517417	0.06217623058	1.035982871
0.04004923924	0.9599507608	0.06136368168	1.036544064
0.04105022022	0.9589497798	0.06063932834	1.037064276
0.0420512012	0.9579487988	0.05999655699	1.037543379
0.04305218218	0.9569478178	0.05942943877	1.037981307
0.04405316316	0.9559468368	0.05893264777	1.03837805
0.04505414414	0.9549458559	0.05850139037	1.038733651
0.04605512513	0.9539448749	0.05813134391	1.039048203
0.04705610611	0.9529438939	0.05781860333	1.03932184
0.04805708709	0.9519429129	0.05755963459	1.039554739
0.04905806807	0.9509419319	0.05735123406	1.039747114
0.05005904905	0.949940951	0.0571904928	1.039899214
0.05106003003	0.94893997	0.05707476534	1.040011317
0.05206101101	0.947938989	0.05700164208	1.040083733
0.05306199199	0.946938008	0.05696892505	1.040116795
0.05406297297	0.945937027	0.0569746064	1.040110861
0.05506395395	0.944936046	0.05701684945	1.040066311
0.05606493493	0.9439350651	0.05709397176	1.039983544
0.05706591592	0.9429340841	0.05720443021	1.039862977
0.0580668969	0.9419331031	0.05734680764	1.039705042
0.05906787788	0.9409321221	0.05751980093	1.039510186
0.06006885886	0.9399311411	0.05772221035	1.039278867
0.06106983984	0.9389301602	0.0579529301	1.039011558
0.06207082082	0.9379291792	0.0582109397	1.038708737
0.0630718018	0.9369281982	0.05849529639	1.038370895
0.06407278278	0.9359272172	0.05880512819	1.037998527
0.06507376376	0.9349262362	0.05913962771	1.037592136
0.06607474474	0.9339252553	0.05949804654	1.037152232
0.06707572573	0.9329242743	0.05987969019	1.036679325
0.06807670671	0.9319232933	0.06028391354	1.036173934
0.06907768769	0.9309223123	0.06071011665	1.035636577
0.07007866867	0.9299213313	0.06115774101	1.035067776
0.07107964965	0.9289203504	0.06162626614	1.034468053
0.07208063063	0.9279193694	0.06211520647	1.033837931
0.07308161161	0.9269183884	0.06262410854	1.033177934
0.07408259259	0.9259174074	0.06315254835	1.032488585
0.07508357357	0.9249164264	0.06370012909	1.031770407
0.07608455455	0.9239154454	0.06426647894	1.031023919
0.07708553554	0.9229144645	0.06485124911	1.030249641
0.07808651652	0.9219134835	0.06545411207	1.029448089
0.0790874975	0.9209125025	0.06607475986	1.028619778
0.08008847848	0.9199115215	0.06671290258	1.027765219
0.08108945946	0.9189105405	0.06736826704	1.026884918
0.08209044044	0.9179095596	0.06804059544	1.025979382
0.08309142142	0.9169085786	0.06872964421	1.025049109
0.0840924024	0.9159075976	0.06943518292	1.024094597
0.08509338338	0.9149066166	0.07015699332	1.023116337
0.08609436436	0.9139056356	0.07089486835	1.022114817
0.08709534535	0.9129046547	0.07164861136	1.02109052
0.08809632633	0.9119036737	0.07241803529	1.020043925
0.08909730731	0.9109026927	0.07320296194	1.018975503
0.09009828829	0.9099017117	0.07400322133	1.017885724
0.09109926927	0.9089007307	0.07481865105	1.016775049
0.09210025025	0.9078997497	0.07564909569	1.015643938
0.09310123123	0.9068987688	0.07649440633	1.014492841
0.09410221221	0.9058977878	0.07735444003	1.013322205
0.09510319319	0.9048968068	0.07822905935	1.012132472
0.09610417417	0.9038958258	0.07911813197	1.010924076
0.09710515516	0.9028948448	0.08002153027	1.009697448
0.09810613614	0.9018938639	0.08093913094	1.008453011
0.09910711712	0.9008928829	0.0818708147	1.007191184
0.1001080981	0.8998919019	0.08281646594	1.005912379
0.1011090791	0.8988909209	0.08377597241	1.004617004
0.1021100601	0.8978899399	0.08474922499	1.003305458
0.103111041	0.896888959	0.08573611742	1.001978138
0.104112022	0.895887978	0.08673654605	1.000635432
0.105113003	0.894886997	0.08775040962	0.9992777249
0.106113984	0.893886016	0.08877760907	0.9979053936
0.107114965	0.892885035	0.08981804734	0.9965188106
0.1081159459	0.8918840541	0.0908716292	0.9951183421
0.1091169269	0.8908830731	0.09193826105	0.9937043489
0.1101179079	0.8898820921	0.09301785083	0.9922771859
0.1111188889	0.8888811111	0.09411030782	0.9908372025
0.1121198699	0.8878801301	0.09521554251	0.9893847425
0.1131208509	0.8868791491	0.09633346653	0.9879201439
0.1141218318	0.8858781682	0.09746399246	0.9864437396
0.1151228128	0.8848771872	0.09860703377	0.9849558566
0.1161237938	0.8838762062	0.09976250473	0.9834568167
0.1171247748	0.8828752252	0.1009303203	0.9819469363
0.1181257558	0.8818742442	0.1021103959	0.9804265265
0.1191267367	0.8808732633	0.1033026477	0.9788958929
0.1201277177	0.8798722823	0.1045069922	0.977355336
0.1211286987	0.8788713013	0.1057233462	0.9758051514
0.1221296797	0.8778703203	0.106951627	0.974245629
0.1231306607	0.8768693393	0.108191752	0.9726770542
0.1241316416	0.8758683584	0.1094436389	0.9710997071
0.1251326226	0.8748673774	0.1107072054	0.9695138628
0.1261336036	0.8738663964	0.1119823694	0.9679197917
0.1271345846	0.8728654154	0.1132690491	0.9663177594
0.1281355656	0.8718644344	0.1145671622	0.9647080264
0.1291365465	0.8708634535	0.1158766269	0.9630908489
0.1301375275	0.8698624725	0.1171973611	0.9614664781
0.1311385085	0.8688614915	0.1185292825	0.959835161
0.1321394895	0.8678605105	0.1198723092	0.9581971397
0.1331404705	0.8668595295	0.1212263585	0.9565526521
0.1341414515	0.8658585485	0.1225913482	0.9549019316
0.1351424324	0.8648575676	0.1239671954	0.9532452071
0.1361434134	0.8638565866	0.1253538174	0.9515827036
0.1371443944	0.8628556056	0.1267511311	0.9499146415
0.1381453754	0.8618546246	0.1281590533	0.9482412374
0.1391463564	0.8608536436	0.1295775005	0.9465627034
0.1401473373	0.8598526627	0.1310063889	0.9448792479
0.1411483183	0.8588516817	0.1324456347	0.9431910752
0.1421492993	0.8578507007	0.1338951537	0.9414983856
0.1431502803	0.8568497197	0.1353548613	0.9398013758
0.1441512613	0.8558487387	0.1368246729	0.9381002385
0.1451522422	0.8548477578	0.1383045035	0.9363951627
0.1461532232	0.8538467768	0.1397942679	0.9346863337
0.1471542042	0.8528457958	0.1412938805	0.9329739332
0.1481551852	0.8518448148	0.1428032556	0.9312581394
0.1491561662	0.8508438338	0.1443223072	0.929539127
0.1501571471	0.8498428529	0.145850949	0.927817067
0.1511581281	0.8488418719	0.1473890943	0.9260921274
0.1521591091	0.8478408909	0.1489366565	0.9243644726
0.1531600901	0.8468399099	0.1504935484	0.9226342638
0.1541610711	0.8458389289	0.1520596827	0.9209016588
0.1551620521	0.8448379479	0.1536349719	0.9191668125
0.156163033	0.843836967	0.1552193282	0.9174298766
0.157164014	0.842835986	0.1568126635	0.9156909996
0.158164995	0.841835005	0.1584148896	0.913950327
0.159165976	0.840834024	0.160025918	0.9122080014
0.160166957	0.839833043	0.1616456601	0.9104641626
0.1611679379	0.8388320621	0.163274027	0.9087189473
0.1621689189	0.8378310811	0.1649109296	0.9069724894
0.1631698999	0.8368301001	0.1665562787	0.9052249202
0.1641708809	0.8358291191	0.1682099848	0.9034763681
0.1651718619	0.8348281381	0.1698719583	0.901726959
0.1661728428	0.8338271572	0.1715421095	0.899976816
0.1671738238	0.8328261762	0.1732203486	0.8982260597
0.1681748048	0.8318251952	0.1749065854	0.8964748081
0.1691757858	0.8308242142	0.1766007299	0.8947231768
0.1701767668	0.8298232332	0.1783026917	0.8929712789
0.1711777477	0.8288222523	0.1800123804	0.891219225
0.1721787287	0.8278212713	0.1817297057	0.8894671235
0.1731797097	0.8268202903	0.1834545769	0.8877150803
0.1741806907	0.8258193093	0.1851869035	0.8859631992
0.1751816717	0.8248183283	0.1869265947	0.8842115817
0.1761826527	0.8238173473	0.1886735597	0.8824603269
0.1771836336	0.8228163664	0.1904277079	0.880709532
0.1781846146	0.8218153854	0.1921889484	0.878959292
0.1791855956	0.8208144044	0.1939571903	0.8772096997
0.1801865766	0.8198134234	0.1957323429	0.875460846
0.1811875576	0.8188124424	0.1975143152	0.8737128198
0.1821885385	0.8178114615	0.1993030166	0.8719657078
0.1831895195	0.8168104805	0.2010983561	0.870219595
0.1841905005	0.8158094995	0.202900243	0.8684745644
0.1851914815	0.8148085185	0.2047085867	0.8667306971
0.1861924625	0.8138075375	0.2065232964	0.8649880725
0.1871934434	0.8128065566	0.2083442816	0.863246768
0.1881944244	0.8118055756	0.2101714517	0.8615068594
0.1891954054	0.8108045946	0.2120047163	0.8597684207
0.1901963864	0.8098036136	0.2138439852	0.8580315242
0.1911973674	0.8088026326	0.2156891681	0.8562962405
0.1921983483	0.8078016517	0.2175401749	0.8545626385
0.1931993293	0.8068006707	0.2193969157	0.8528307858
0.1942003103	0.8057996897	0.2212593006	0.8511007479
0.1952012913	0.8047987087	0.2231272399	0.8493725893
0.1962022723	0.8037977277	0.2250006443	0.8476463725
0.1972032533	0.8027967467	0.2268794242	0.8459221589
0.1982042342	0.8017957658	0.2287634906	0.8442000081
0.1992052152	0.8007947848	0.2306527546	0.8424799785
0.2002061962	0.7997938038	0.2325471272	0.840762127
0.2012071772	0.7987928228	0.23444652	0.8390465091
0.2022081582	0.7977918418	0.2363508447	0.8373331789
0.2032091391	0.7967908609	0.238260013	0.8356221894
0.2042101201	0.7957898799	0.2401739371	0.8339135919
0.2052111011	0.7947888989	0.2420925294	0.8322074367
0.2062120821	0.7937879179	0.2440157024	0.8305037729
0.2072130631	0.7927869369	0.2459433691	0.828802648
0.208214044	0.791785956	0.2478754425	0.8271041087
0.209215025	0.790784975	0.2498118361	0.8254082003
0.210216006	0.789783994	0.2517524635	0.8237149669
0.211216987	0.788783013	0.2536972388	0.8220244516
0.212217968	0.787782032	0.2556460762	0.8203366962
0.2132189489	0.7867810511	0.2575988904	0.8186517415
0.2142199299	0.7857800701	0.2595555961	0.8169696273
0.2152209109	0.7847790891	0.2615161087	0.8152903923
0.2162218919	0.7837781081	0.2634803437	0.8136140739
0.2172228729	0.7827771271	0.2654482169	0.8119407089
0.2182238539	0.7817761461	0.2674196447	0.8102703328
0.2192248348	0.7807751652	0.2693945435	0.8086029802
0.2202258158	0.7797741842	0.2713728304	0.8069386848
0.2212267968	0.7787732032	0.2733544225	0.8052774793
0.2222277778	0.7777722222	0.2753392375	0.8036193954
0.2232287588	0.7767712412	0.2773271936	0.8019644642
0.2242297397	0.7757702603	0.279318209	0.8003127155
0.2252307207	0.7747692793	0.2813122026	0.7986641784
0.2262317017	0.7737682983	0.2833090935	0.7970188813
0.2272326827	0.7727673173	0.2853088014	0.7953768515
0.2282336637	0.7717663363	0.2873112461	0.7937381157
0.2292346446	0.7707653554	0.2893163481	0.7921026996
0.2302356256	0.7697643744	0.2913240281	0.7904706283
0.2312366066	0.7687633934	0.2933342074	0.788841926
0.2322375876	0.7677624124	0.2953468076	0.7872166161
0.2332385686	0.7667614314	0.2973617507	0.7855947215
0.2342395495	0.7657604505	0.2993789591	0.783976264
0.2352405305	0.7647594695	0.3013983559	0.7823612649
0.2362415115	0.7637584885	0.3034198642	0.780749745
0.2372424925	0.7627575075	0.305443408	0.7791417239
0.2382434735	0.7617565265	0.3074689113	0.777537221
0.2392444545	0.7607555455	0.3094962989	0.7759362549
0.2402454354	0.7597545646	0.311525496	0.7743388433
0.2412464164	0.7587535836	0.3135564279	0.7727450037
0.2422473974	0.7577526026	0.3155890209	0.7711547526
0.2432483784	0.7567516216	0.3176232014	0.7695681062
0.2442493594	0.7557506406	0.3196588963	0.7679850798
0.2452503403	0.7547496597	0.321696033	0.7664056883
0.2462513213	0.7537486787	0.3237345394	0.764829946
0.2472523023	0.7527476977	0.325774344	0.7632578667
0.2482532833	0.7517467167	0.3278153754	0.7616894635
0.2492542643	0.7507457357	0.3298575631	0.7601247491
0.2502552452	0.7497447548	0.3319008368	0.7585637355
0.2512562262	0.7487437738	0.3339451267	0.7570064344
0.2522572072	0.7477427928	0.3359903637	0.7554528568
0.2532581882	0.7467418118	0.3380364789	0.7539030133
0.2542591692	0.7457408308	0.3400834041	0.7523569141
0.2552601502	0.7447398498	0.3421310714	0.7508145688
0.2562611311	0.7437388689	0.3441794136	0.7492759864
0.2572621121	0.7427378879	0.3462283638	0.7477411758
0.2582630931	0.7417369069	0.3482778558	0.7462101451
0.2592640741	0.7407359259	0.3503278236	0.7446829022
0.2602650551	0.7397349449	0.352378202	0.7431594544
0.261266036	0.738733964	0.3544289261	0.7416398088
0.262267017	0.737732983	0.3564799316	0.7401239718
0.263267998	0.736732002	0.3585311546	0.7386119497
0.264268979	0.735731021	0.3605825317	0.7371037481
0.26526996	0.73473004	0.3626340002	0.7355993724
0.2662709409	0.7337290591	0.3646854977	0.7340988276
0.2672719219	0.7327280781	0.3667369623	0.7326021183
0.2682729029	0.7317270971	0.3687883327	0.7311092488
0.2692738839	0.7307261161	0.3708395481	0.729620223
0.2702748649	0.7297251351	0.372890548	0.7281350443
0.2712758458	0.7287241542	0.3749412726	0.7266537161
0.2722768268	0.7277231732	0.3769916627	0.7251762411
0.2732778078	0.7267221922	0.3790416593	0.723702622
0.2742787888	0.7257212112	0.3810912041	0.7222328609
0.2752797698	0.7247202302	0.3831402392	0.7207669598
0.2762807508	0.7237192492	0.3851887074	0.7193049202
0.2772817317	0.7227182683	0.3872365518	0.7178467435
0.2782827127	0.7217172873	0.389283716	0.7163924306
0.2792836937	0.7207163063	0.3913301443	0.7149419824
0.2802846747	0.7197153253	0.3933757812	0.7134953993
0.2812856557	0.7187143443	0.3954205719	0.7120526813
0.2822866366	0.7177133634	0.397464462	0.7106138286
0.2832876176	0.7167123824	0.3995073979	0.7091788405
0.2842885986	0.7157114014	0.4015493259	0.7077477167
0.2852895796	0.7147104204	0.4035901934	0.7063204561
0.2862905606	0.7137094394	0.405629948	0.7048970578
0.2872915415	0.7127084585	0.4076685377	0.7034775202
0.2882925225	0.7117074775	0.4097059113	0.7020618419
0.2892935035	0.7107064965	0.4117420178	0.7006500211
0.2902944845	0.7097055155	0.4137768068	0.6992420556
0.2912954655	0.7087045345	0.4158102285	0.6978379433
0.2922964464	0.7077035536	0.4178422334	0.6964376817
0.2932974274	0.7067025726	0.4198727725	0.695041268
0.2942984084	0.7057015916	0.4219017976	0.6936486994
0.2952993894	0.7047006106	0.4239292605	0.6922599729
0.2963003704	0.7036996296	0.4259551138	0.6908750851
0.2973013514	0.7026986486	0.4279793105	0.6894940325
0.2983023323	0.7016976677	0.4300018042	0.6881168115
0.2993033133	0.7006966867	0.4320225487	0.6867434183
0.3003042943	0.6996957057	0.4340414985	0.6853738488
0.3013052753	0.6986947247	0.4360586086	0.6840080989
0.3023062563	0.6976937437	0.4380738342	0.6826461642
0.3033072372	0.6966927628	0.4400871313	0.6812880401
0.3043082182	0.6956917818	0.4420984562	0.679933722
0.3053091992	0.6946908008	0.4441077657	0.6785832051
0.3063101802	0.6936898198	0.4461150171	0.6772364842
0.3073111612	0.6926888388	0.448120168	0.6758935544
0.3083121421	0.6916878579	0.4501231768	0.6745544102
0.3093131231	0.6906868769	0.4521240019	0.6732190463
0.3103141041	0.6896858959	0.4541226026	0.671887457
0.3113150851	0.6886849149	0.4561189384	0.6705596367
0.3123160661	0.6876839339	0.4581129692	0.6692355794
0.313317047	0.686682953	0.4601046557	0.6679152793
0.314318028	0.685681972	0.4620939587	0.6665987303
0.315319009	0.684680991	0.4640808396	0.665285926
0.31631999	0.68368001	0.4660652602	0.6639768601
0.317320971	0.682679029	0.4680471827	0.6626715263
0.318321952	0.681678048	0.4700265699	0.6613699179
0.3193229329	0.6806770671	0.4720033849	0.6600720282
0.3203239139	0.6796760861	0.4739775913	0.6587778504
0.3213248949	0.6786751051	0.4759491531	0.6574873777
0.3223258759	0.6776741241	0.4779180347	0.6562006031
0.3233268569	0.6766731431	0.4798842011	0.6549175193
0.3243278378	0.6756721622	0.4818476175	0.6536381193
0.3253288188	0.6746711812	0.4838082496	0.6523623958
0.3263297998	0.6736702002	0.4857660637	0.6510903413
0.3273307808	0.6726692192	0.4877210263	0.6498219485
0.3283317618	0.6716682382	0.4896731044	0.6485572097
0.3293327427	0.6706672573	0.4916222653	0.6472961172
0.3303337237	0.6696662763	0.4935684771	0.6460386635
0.3313347047	0.6686652953	0.4955117077	0.6447848406
0.3323356857	0.6676643143	0.497451926	0.6435346408
0.3333366667	0.6666633333	0.499389101	0.642288056
0.3343376476	0.6656623524	0.5013232021	0.6410450782
0.3353386286	0.6646613714	0.5032541992	0.6398056993
0.3363396096	0.6636603904	0.5051820625	0.6385699112
0.3373405906	0.6626594094	0.5071067628	0.6373377056
0.3383415716	0.6616584284	0.509028271	0.6361090743
0.3393425526	0.6606574474	0.5109465586	0.6348840088
0.3403435335	0.6596564665	0.5128615975	0.6336625008
0.3413445145	0.6586554855	0.5147733598	0.6324445418
0.3423454955	0.6576545045	0.5166818182	0.6312301232
0.3433464765	0.6566535235	0.5185869456	0.6300192365
0.3443474575	0.6556525425	0.5204887155	0.628811873
0.3453484384	0.6546515616	0.5223871015	0.6276080241
0.3463494194	0.6536505806	0.5242820777	0.626407681
0.3473504004	0.6526495996	0.5261736188	0.6252108349
0.3483513814	0.6516486186	0.5280616994	0.6240174769
0.3493523624	0.6506476376	0.5299462949	0.6228275983
0.3503533433	0.6496466567	0.5318273809	0.62164119
0.3513543243	0.6486456757	0.5337049332	0.6204582432
0.3523553053	0.6476446947	0.5355789282	0.6192787488
0.3533562863	0.6466437137	0.5374493426	0.6181026979
0.3543572673	0.6456427327	0.5393161533	0.6169300812
0.3553582482	0.6446417518	0.5411793378	0.6157608897
0.3563592292	0.6436407708	0.5430388738	0.6145951143
0.3573602102	0.6426397898	0.5448947393	0.6134327458
0.3583611912	0.6416388088	0.5467469128	0.612273775
0.3593621722	0.6406378278	0.5485953729	0.6111181927
0.3603631532	0.6396368468	0.5504400988	0.6099659895
0.3613641341	0.6386358659	0.55228107	0.6088171563
0.3623651151	0.6376348849	0.5541182661	0.6076716837
0.3633660961	0.6366339039	0.5559516673	0.6065295623
0.3643670771	0.6356329229	0.5577812539	0.6053907828
0.3653680581	0.6346319419	0.5596070068	0.6042553358
0.366369039	0.633630961	0.561428907	0.6031232119
0.36737002	0.63262998	0.5632469358	0.6019944017
0.368371001	0.631628999	0.5650610751	0.6008688958
0.369371982	0.630628018	0.5668713067	0.5997466846
0.370372963	0.629627037	0.5686776131	0.5986277587
0.3713739439	0.6286260561	0.5704799768	0.5975121086
0.3723749249	0.6276250751	0.5722783809	0.5963997249
0.3733759059	0.6266240941	0.5740728086	0.5952905979
0.3743768869	0.6256231131	0.5758632435	0.5941847182
0.3753778679	0.6246221321	0.5776496694	0.5930820762
0.3763788488	0.6236211512	0.5794320705	0.5919826624
0.3773798298	0.6226201702	0.5812104312	0.5908864672
0.3783808108	0.6216191892	0.5829847364	0.589793481
0.3793817918	0.6206182082	0.584754971	0.5887036942
0.3803827728	0.6196172272	0.5865211203	0.5876170973
0.3813837538	0.6186162462	0.5882831701	0.5865336807
0.3823847347	0.6176152653	0.5900411061	0.5854534348
0.3833857157	0.6166142843	0.5917949146	0.5843763499
0.3843866967	0.6156133033	0.593544582	0.5833024166
0.3853876777	0.6146123223	0.5952900951	0.5822316251
0.3863886587	0.6136113413	0.5970314409	0.5811639658
0.3873896396	0.6126103604	0.5987686067	0.5800994292
0.3883906206	0.6116093794	0.6005015799	0.5790380057
0.3893916016	0.6106083984	0.6022303485	0.5779796856
0.3903925826	0.6096074174	0.6039549005	0.5769244593
0.3913935636	0.6086064364	0.6056752242	0.5758723172
0.3923945445	0.6076054555	0.6073913083	0.5748232497
0.3933955255	0.6066044745	0.6091031416	0.5737772473
0.3943965065	0.6056034935	0.6108107132	0.5727343002
0.3953974875	0.6046025125	0.6125140126	0.571694399
0.3963984685	0.6036015315	0.6142130292	0.5706575339
0.3973994494	0.6026005506	0.6159077531	0.5696236956
0.3984004304	0.6015995696	0.6175981742	0.5685928743
0.3994014114	0.6005985886	0.619284283	0.5675650605
0.4004023924	0.5995976076	0.62096607	0.5665402446
0.4014033734	0.5985966266	0.6226435262	0.5655184171
0.4024043544	0.5975956456	0.6243166425	0.5644995684
0.4034053353	0.5965946647	0.6259854103	0.563483689
0.4044063163	0.5955936837	0.6276498211	0.5624707693
0.4054072973	0.5945927027	0.6293098666	0.5614607999
0.4064082783	0.5935917217	0.630965539	0.5604537712
0.4074092593	0.5925907407	0.6326168304	0.5594496737
0.4084102402	0.5915897598	0.6342637332	0.558448498
0.4094112212	0.5905887788	0.6359062401	0.5574502345
0.4104122022	0.5895877978	0.6375443441	0.5564548738
0.4114131832	0.5885868168	0.6391780382	0.5554624065
0.4124141642	0.5875858358	0.6408073157	0.5544728231
0.4134151451	0.5865848549	0.6424321702	0.5534861141
0.4144161261	0.5855838739	0.6440525955	0.5525022702
0.4154171071	0.5845828929	0.6456685854	0.551521282
0.4164180881	0.5835819119	0.6472801341	0.55054314
0.4174190691	0.5825809309	0.6488872361	0.549567835
0.4184200501	0.5815799499	0.6504898858	0.5485953575
0.419421031	0.580578969	0.6520880781	0.5476256982
0.420422012	0.579577988	0.6536818078	0.5466588479
0.421422993	0.578577007	0.6552710703	0.5456947971
0.422423974	0.577576026	0.6568558608	0.5447335366
0.423424955	0.576575045	0.6584361748	0.5437750572
0.4244259359	0.5755740641	0.6600120082	0.5428193496
0.4254269169	0.5745730831	0.6615833568	0.5418664044
0.4264278979	0.5735721021	0.6631502168	0.5409162127
0.4274288789	0.5725711211	0.6647125845	0.539968765
0.4284298599	0.5715701401	0.6662704563	0.5390240522
0.4294308408	0.5705691592	0.667823829	0.5380820653
0.4304318218	0.5695681782	0.6693726993	0.5371427949
0.4314328028	0.5685671972	0.6709170643	0.5362062321
0.4324337838	0.5675662162	0.6724569212	0.5352723676
0.4334347648	0.5665652352	0.6739922674	0.5343411925
0.4344357457	0.5655642543	0.6755231003	0.5334126976
0.4354367267	0.5645632733	0.6770494178	0.5324868739
0.4364377077	0.5635622923	0.6785712176	0.5315637123
0.4374386887	0.5625613113	0.6800884979	0.530643204
0.4384396697	0.5615603303	0.6816012568	0.5297253398
0.4394406507	0.5605593493	0.6831094927	0.5288101107
0.4404416316	0.5595583684	0.6846132042	0.527897508
0.4414426126	0.5585573874	0.6861123899	0.5269875226
0.4424435936	0.5575564064	0.6876070486	0.5260801457
0.4434445746	0.5565554254	0.6890971795	0.5251753683
0.4444455556	0.5555544444	0.6905827817	0.5242731816
0.4454465365	0.5545534635	0.6920638543	0.5233735769
0.4464475175	0.5535524825	0.693540397	0.5224765451
0.4474484985	0.5525515015	0.6950124094	0.5215820777
0.4484494795	0.5515505205	0.6964798911	0.5206901658
0.4494504605	0.5505495395	0.6979428421	0.5198008006
0.4504514414	0.5495485586	0.6994012624	0.5189139735
0.4514524224	0.5485475776	0.7008551523	0.5180296757
0.4524534034	0.5475465966	0.702304512	0.5171478986
0.4534543844	0.5465456156	0.703749342	0.5162686335
0.4544553654	0.5455446346	0.7051896429	0.5153918718
0.4554563463	0.5445436537	0.7066254154	0.514517605
0.4564573273	0.5435426727	0.7080566605	0.5136458243
0.4574583083	0.5425416917	0.7094833792	0.5127765212
0.4584592893	0.5415407107	0.7109055724	0.5119096873
0.4594602703	0.5405397297	0.7123232416	0.511045314
0.4604612513	0.5395387487	0.7137363882	0.5101833929
0.4614622322	0.5385377678	0.7151450136	0.5093239154
0.4624632132	0.5375367868	0.7165491194	0.5084668731
0.4634641942	0.5365358058	0.7179487075	0.5076122576
0.4644651752	0.5355348248	0.7193437798	0.5067600606
0.4654661562	0.5345338438	0.7207343382	0.5059102737
0.4664671371	0.5335328629	0.7221203849	0.5050628884
0.4674681181	0.5325318819	0.7235019222	0.5042178966
0.4684690991	0.5315309009	0.7248789523	0.50337529
0.4694700801	0.5305299199	0.7262514778	0.5025350602
0.4704710611	0.5295289389	0.7276195012	0.501697199
0.471472042	0.528527958	0.7289830253	0.5008616982
0.472473023	0.527526977	0.7303420529	0.5000285497
0.473474004	0.526525996	0.7316965868	0.4991977452
0.474474985	0.525525015	0.7330466302	0.4983692766
0.475475966	0.524524034	0.7343921862	0.4975431359
0.4764769469	0.5235230531	0.7357332579	0.4967193149
0.4774779279	0.5225220721	0.7370698488	0.4958978055
0.4784789089	0.5215210911	0.7384019622	0.4950785997
0.4794798899	0.5205201101	0.7397296018	0.4942616896
0.4804808709	0.5195191291	0.7410527712	0.4934470671
0.4814818519	0.5185181481	0.7423714741	0.4926347242
0.4824828328	0.5175171672	0.7436857143	0.4918246531
0.4834838138	0.5165161862	0.7449954959	0.4910168458
0.4844847948	0.5155152052	0.7463008227	0.4902112944
0.4854857758	0.5145142242	0.7476016991	0.4894079911
0.4864867568	0.5135132432	0.7488981291	0.4886069281
0.4874877377	0.5125122623	0.7501901171	0.4878080974
0.4884887187	0.5115112813	0.7514776675	0.4870114914
0.4894896997	0.5105103003	0.7527607848	0.4862171023
0.4904906807	0.5095093193	0.7540394735	0.4854249224
0.4914916617	0.5085083383	0.7553137383	0.4846349439
0.4924926426	0.5075073574	0.756583584	0.4838471592
0.4934936236	0.5065063764	0.7578490154	0.4830615606
0.4944946046	0.5055053954	0.7591100373	0.4822781405
0.4954955856	0.5045044144	0.7603666549	0.4814968913
0.4964965666	0.5035034334	0.7616188731	0.4807178054
0.4974975475	0.5025024525	0.7628666971	0.4799408753
0.4984985285	0.5015014715	0.7641101322	0.4791660934
0.4994995095	0.5005004905	0.7653491836	0.4783934522
0.5005004905	0.4994995095	0.7665838568	0.4776229443
0.5015014715	0.4984985285	0.7678141571	0.4768545622
0.5025024525	0.4974975475	0.7690400902	0.4760882984
0.5035034334	0.4964965666	0.7702616616	0.4753241457
0.5045044144	0.4954955856	0.771478877	0.4745620966
0.5055053954	0.4944946046	0.7726917422	0.4738021437
0.5065063764	0.4934936236	0.773900263	0.4730442798
0.5075073574	0.4924926426	0.7751044453	0.4722884975
0.5085083383	0.4914916617	0.7763042949	0.4715347896
0.5095093193	0.4904906807	0.777499818	0.4707831488
0.5105103003	0.4894896997	0.7786910206	0.4700335679
0.5115112813	0.4884887187	0.7798779089	0.4692860397
0.5125122623	0.4874877377	0.7810604891	0.4685405571
0.5135132432	0.4864867568	0.7822387675	0.4677971129
0.5145142242	0.4854857758	0.7834127504	0.4670556999
0.5155152052	0.4844847948	0.7845824441	0.4663163112
0.5165161862	0.4834838138	0.7857478553	0.4655789395
0.5175171672	0.4824828328	0.7869089903	0.464843578
0.5185181481	0.4814818519	0.7880658558	0.4641102195
0.5195191291	0.4804808709	0.7892184584	0.463378857
0.5205201101	0.4794798899	0.7903668047	0.4626494837
0.5215210911	0.4784789089	0.7915109016	0.4619220925
0.5225220721	0.4774779279	0.7926507558	0.4611966766
0.5235230531	0.4764769469	0.7937863742	0.4604732289
0.524524034	0.475475966	0.7949177637	0.4597517428
0.525525015	0.474474985	0.7960449312	0.4590322113
0.526525996	0.473474004	0.7971678838	0.4583146276
0.527526977	0.472473023	0.7982866285	0.4575989849
0.528527958	0.471472042	0.7994011724	0.4568852765
0.5295289389	0.4704710611	0.8005115226	0.4561734956
0.5305299199	0.4694700801	0.8016176865	0.4554636354
0.5315309009	0.4684690991	0.8027196711	0.4547556894
0.5325318819	0.4674681181	0.8038174839	0.4540496508
0.5335328629	0.4664671371	0.8049111322	0.4533455129
0.5345338438	0.4654661562	0.8060006233	0.4526432692
0.5355348248	0.4644651752	0.8070859647	0.4519429131
0.5365358058	0.4634641942	0.8081671638	0.4512444379
0.5375367868	0.4624632132	0.8092442282	0.4505478372
0.5385377678	0.4614622322	0.8103171654	0.4498531044
0.5395387487	0.4604612513	0.8113859831	0.449160233
0.5405397297	0.4594602703	0.8124506888	0.4484692165
0.5415407107	0.4584592893	0.8135112902	0.4477800486
0.5425416917	0.4574583083	0.814567795	0.4470927226
0.5435426727	0.4564573273	0.8156202111	0.4464072323
0.5445436537	0.4554563463	0.8166685461	0.4457235713
0.5455446346	0.4544553654	0.817712808	0.4450417332
0.5465456156	0.4534543844	0.8187530045	0.4443617117
0.5475465966	0.4524534034	0.8197891435	0.4436835005
0.5485475776	0.4514524224	0.8208212331	0.4430070932
0.5495485586	0.4504514414	0.8218492811	0.4423324837
0.5505495395	0.4494504605	0.8228732956	0.4416596657
0.5515505205	0.4484494795	0.8238932845	0.4409886329
0.5525515015	0.4474484985	0.824909256	0.4403193792
0.5535524825	0.4464475175	0.8259212181	0.4396518984
0.5545534635	0.4454465365	0.826929179	0.4389861844
0.5555544444	0.4444455556	0.8279331467	0.4383222311
0.5565554254	0.4434445746	0.8289331295	0.4376600322
0.5575564064	0.4424435936	0.8299291356	0.4369995819
0.5585573874	0.4414426126	0.8309211732	0.436340874
0.5595583684	0.4404416316	0.8319092506	0.4356839025
0.5605593493	0.4394406507	0.8328933761	0.4350286613
0.5615603303	0.4384396697	0.8338735579	0.4343751446
0.5625613113	0.4374386887	0.8348498045	0.4337233463
0.5635622923	0.4364377077	0.8358221241	0.4330732605
0.5645632733	0.4354367267	0.8367905252	0.4324248813
0.5655642543	0.4344357457	0.8377550162	0.4317782028
0.5665652352	0.4334347648	0.8387156055	0.4311332191
0.5675662162	0.4324337838	0.8396723016	0.4304899244
0.5685671972	0.4314328028	0.840625113	0.4298483128
0.5695681782	0.4304318218	0.8415740481	0.4292083786
0.5705691592	0.4294308408	0.8425191155	0.4285701159
0.5715701401	0.4284298599	0.8434603237	0.4279335191
0.5725711211	0.4274288789	0.8443976813	0.4272985823
0.5735721021	0.4264278979	0.8453311968	0.4266652999
0.5745730831	0.4254269169	0.8462608789	0.4260336661
0.5755740641	0.4244259359	0.8471867362	0.4254036753
0.576575045	0.423424955	0.8481087774	0.4247753219
0.577576026	0.422423974	0.8490270109	0.4241486002
0.578577007	0.421422993	0.8499414457	0.4235235045
0.579577988	0.420422012	0.8508520902	0.4229000294
0.580578969	0.419421031	0.8517589533	0.4222781693
0.5815799499	0.4184200501	0.8526620436	0.4216579186
0.5825809309	0.4174190691	0.8535613699	0.4210392718
0.5835819119	0.4164180881	0.8544569409	0.4204222233
0.5845828929	0.4154171071	0.8553487654	0.4198067678
0.5855838739	0.4144161261	0.8562368522	0.4191928998
0.5865848549	0.4134151451	0.85712121	0.4185806138
0.5875858358	0.4124141642	0.8580018476	0.4179699044
0.5885868168	0.4114131832	0.8588787739	0.4173607662
0.5895877978	0.4104122022	0.8597519976	0.4167531939
0.5905887788	0.4094112212	0.8606215276	0.416147182
0.5915897598	0.4084102402	0.8614873728	0.4155427254
0.5925907407	0.4074092593	0.862349542	0.4149398186
0.5935917217	0.4064082783	0.863208044	0.4143384563
0.5945927027	0.4054072973	0.8640628878	0.4137386334
0.5955936837	0.4044063163	0.8649140822	0.4131403445
0.5965946647	0.4034053353	0.8657616361	0.4125435844
0.5975956456	0.4024043544	0.8666055585	0.4119483479
0.5985966266	0.4014033734	0.8674458581	0.4113546299
0.5995976076	0.4004023924	0.868282544	0.4107624251
0.6005985886	0.3994014114	0.869115625	0.4101717284
0.6015995696	0.3984004304	0.8699451101	0.4095825347
0.6026005506	0.3973994494	0.8707710083	0.4089948389
0.6036015315	0.3963984685	0.8715933284	0.4084086358
0.6046025125	0.3953974875	0.8724120794	0.4078239205
0.6056034935	0.3943965065	0.8732272702	0.4072406879
0.6066044745	0.3933955255	0.8740389099	0.4066589328
0.6076054555	0.3923945445	0.8748470073	0.4060786505
0.6086064364	0.3913935636	0.8756515715	0.4054998357
0.6096074174	0.3903925826	0.8764526114	0.4049224837
0.6106083984	0.3893916016	0.877250136	0.4043465893
0.6116093794	0.3883906206	0.8780441543	0.4037721478
0.6126103604	0.3873896396	0.8788346752	0.4031991541
0.6136113413	0.3863886587	0.8796217077	0.4026276034
0.6146123223	0.3853876777	0.8804052608	0.4020574909
0.6156133033	0.3843866967	0.8811853435	0.4014888115
0.6166142843	0.3833857157	0.8819619648	0.4009215607
0.6176152653	0.3823847347	0.8827351336	0.4003557334
0.6186162462	0.3813837538	0.883504859	0.3997913249
0.6196172272	0.3803827728	0.88427115	0.3992283305
0.6206182082	0.3793817918	0.8850340154	0.3986667453
0.6216191892	0.3783808108	0.8857934644	0.3981065646
0.6226201702	0.3773798298	0.8865495059	0.3975477838
0.6236211512	0.3763788488	0.8873021489	0.396990398
0.6246221321	0.3753778679	0.8880514024	0.3964344027
0.6256231131	0.3743768869	0.8887972754	0.3958797931
0.6266240941	0.3733759059	0.8895397768	0.3953265646
0.6276250751	0.3723749249	0.8902789157	0.3947747125
0.6286260561	0.3713739439	0.891014701	0.3942242323
0.629627037	0.370372963	0.8917471417	0.3936751193
0.630628018	0.369371982	0.8924762468	0.3931273691
0.631628999	0.368371001	0.8932020253	0.3925809769
0.63262998	0.36737002	0.8939244861	0.3920359383
0.633630961	0.366369039	0.8946436382	0.3914922487
0.6346319419	0.3653680581	0.8953594905	0.3909499037
0.6356329229	0.3643670771	0.8960720521	0.3904088988
0.6366339039	0.3633660961	0.8967813318	0.3898692294
0.6376348849	0.3623651151	0.8974873387	0.3893308911
0.6386358659	0.3613641341	0.8981900816	0.3887938795
0.6396368468	0.3603631532	0.8988895696	0.3882581902
0.6406378278	0.3593621722	0.8995858115	0.3877238188
0.6416388088	0.3583611912	0.9002788163	0.3871907609
0.6426397898	0.3573602102	0.900968593	0.386659012
0.6436407708	0.3563592292	0.9016551503	0.386128568
0.6446417518	0.3553582482	0.9023384974	0.3855994243
0.6456427327	0.3543572673	0.903018643	0.3850715768
0.6466437137	0.3533562863	0.903695596	0.3845450211
0.6476446947	0.3523553053	0.9043693654	0.3840197529
0.6486456757	0.3513543243	0.9050399601	0.383495768
0.6496466567	0.3503533433	0.9057073889	0.3829730621
0.6506476376	0.3493523624	0.9063716607	0.382451631
0.6516486186	0.3483513814	0.9070327844	0.3819314705
0.6526495996	0.3473504004	0.9076907689	0.3814125763
0.6536505806	0.3463494194	0.9083456229	0.3808949443
0.6546515616	0.3453484384	0.9089973554	0.3803785704
0.6556525425	0.3443474575	0.9096459751	0.3798634503
0.6566535235	0.3433464765	0.9102914909	0.3793495799
0.6576545045	0.3423454955	0.9109339117	0.3788369552
0.6586554855	0.3413445145	0.9115732462	0.3783255719
0.6596564665	0.3403435335	0.9122095032	0.3778154261
0.6606574474	0.3393425526	0.9128426916	0.3773065137
0.6616584284	0.3383415716	0.9134728201	0.3767988305
0.6626594094	0.3373405906	0.9140998974	0.3762923726
0.6636603904	0.3363396096	0.9147239324	0.375787136
0.6646613714	0.3353386286	0.9153449339	0.3752831166
0.6656623524	0.3343376476	0.9159629104	0.3747803104
0.6666633333	0.3333366667	0.9165778709	0.3742787135
0.6676643143	0.3323356857	0.9171898239	0.3737783219
0.6686652953	0.3313347047	0.9177987783	0.3732791317
0.6696662763	0.3303337237	0.9184047428	0.3727811389
0.6706672573	0.3293327427	0.9190077259	0.3722843396
0.6716682382	0.3283317618	0.9196077364	0.3717887299
0.6726692192	0.3273307808	0.9202047831	0.371294306
0.6736702002	0.3263297998	0.9207988744	0.3708010639
0.6746711812	0.3253288188	0.9213900192	0.3703089999
0.6756721622	0.3243278378	0.921978226	0.36981811
0.6766731431	0.3233268569	0.9225635034	0.3693283905
0.6776741241	0.3223258759	0.9231458601	0.3688398375
0.6786751051	0.3213248949	0.9237253046	0.3683524473
0.6796760861	0.3203239139	0.9243018456	0.367866216
0.6806770671	0.3193229329	0.9248754917	0.3673811399
0.681678048	0.318321952	0.9254462513	0.3668972153
0.682679029	0.317320971	0.9260141331	0.3664144384
0.68368001	0.31631999	0.9265791456	0.3659328055
0.684680991	0.315319009	0.9271412973	0.3654523129
0.685681972	0.314318028	0.9277005967	0.364972957
0.686682953	0.313317047	0.9282570524	0.3644947339
0.6876839339	0.3123160661	0.9288106729	0.3640176401
0.6886849149	0.3113150851	0.9293614665	0.3635416719
0.6896858959	0.3103141041	0.9299094418	0.3630668257
0.6906868769	0.3093131231	0.9304546072	0.3625930978
0.6916878579	0.3083121421	0.9309969712	0.3621204847
0.6926888388	0.3073111612	0.9315365422	0.3616489827
0.6936898198	0.3063101802	0.9320733286	0.3611785884
0.6946908008	0.3053091992	0.9326073387	0.360709298
0.6956917818	0.3043082182	0.9331385811	0.3602411081
0.6966927628	0.3033072372	0.9336670639	0.3597740151
0.6976937437	0.3023062563	0.9341927957	0.3593080156
0.6986947247	0.3013052753	0.9347157847	0.3588431059
0.6996957057	0.3003042943	0.9352360392	0.3583792826
0.7006966867	0.2993033133	0.9357535677	0.3579165422
0.7016976677	0.2983023323	0.9362683783	0.3574548813
0.7026986486	0.2973013514	0.9367804793	0.3569942964
0.7036996296	0.2963003704	0.9372898791	0.356534784
0.7047006106	0.2952993894	0.9377965858	0.3560763407
0.7057015916	0.2942984084	0.9383006078	0.3556189631
0.7067025726	0.2932974274	0.9388019532	0.3551626479
0.7077035536	0.2922964464	0.9393006302	0.3547073915
0.7087045345	0.2912954655	0.9397966471	0.3542531907
0.7097055155	0.2902944845	0.940290012	0.353800042
0.7107064965	0.2892935035	0.940780733	0.3533479421
0.7117074775	0.2882925225	0.9412688184	0.3528968878
0.7127084585	0.2872915415	0.9417542763	0.3524468756
0.7137094394	0.2862905606	0.9422371147	0.3519979022
0.7147104204	0.2852895796	0.9427173418	0.3515499644
0.7157114014	0.2842885986	0.9431949657	0.3511030588
0.7167123824	0.2832876176	0.9436699945	0.3506571822
0.7177133634	0.2822866366	0.9441424361	0.3502123313
0.7187143443	0.2812856557	0.9446122986	0.349768503
0.7197153253	0.2802846747	0.9450795902	0.3493256938
0.7207163063	0.2792836937	0.9455443186	0.3488839007
0.7217172873	0.2782827127	0.9460064921	0.3484431203
0.7227182683	0.2772817317	0.9464661184	0.3480033496
0.7237192492	0.2762807508	0.9469232057	0.3475645853
0.7247202302	0.2752797698	0.9473777618	0.3471268242
0.7257212112	0.2742787888	0.9478297947	0.3466900632
0.7267221922	0.2732778078	0.9482793122	0.3462542992
0.7277231732	0.2722768268	0.9487263224	0.3458195289
0.7287241542	0.2712758458	0.9491708329	0.3453857493
0.7297251351	0.2702748649	0.9496128518	0.3449529572
0.7307261161	0.2692738839	0.9500523869	0.3445211496
0.7317270971	0.2682729029	0.9504894459	0.3440903234
0.7327280781	0.2672719219	0.9509240368	0.3436604754
0.7337290591	0.2662709409	0.9513561672	0.3432316027
0.73473004	0.26526996	0.951785845	0.3428037021
0.735731021	0.264268979	0.952213078	0.3423767706
0.736732002	0.263267998	0.9526378739	0.3419508052
0.737732983	0.262267017	0.9530602403	0.3415258029
0.738733964	0.261266036	0.9534801852	0.3411017606
0.7397349449	0.2602650551	0.953897716	0.3406786754
0.7407359259	0.2592640741	0.9543128405	0.3402565443
0.7417369069	0.2582630931	0.9547255665	0.3398353642
0.7427378879	0.2572621121	0.9551359014	0.3394151323
0.7437388689	0.2562611311	0.955543853	0.3389958456
0.7447398498	0.2552601502	0.9559494288	0.3385775011
0.7457408308	0.2542591692	0.9563526365	0.3381600959
0.7467418118	0.2532581882	0.9567534837	0.3377436272
0.7477427928	0.2522572072	0.9571519778	0.3373280919
0.7487437738	0.2512562262	0.9575481265	0.3369134872
0.7497447548	0.2502552452	0.9579419372	0.3364998102
0.7507457357	0.2492542643	0.9583334174	0.336087058
0.7517467167	0.2482532833	0.9587225748	0.3356752279
0.7527476977	0.2472523023	0.9591094167	0.3352643168
0.7537486787	0.2462513213	0.9594939505	0.334854322
0.7547496597	0.2452503403	0.9598761839	0.3344452407
0.7557506406	0.2442493594	0.960256124	0.3340370699
0.7567516216	0.2432483784	0.9606337784	0.333629807
0.7577526026	0.2422473974	0.9610091545	0.3332234491
0.7587535836	0.2412464164	0.9613822596	0.3328179935
0.7597545646	0.2402454354	0.961753101	0.3324134373
0.7607555455	0.2392444545	0.9621216862	0.3320097778
0.7617565265	0.2382434735	0.9624880224	0.3316070122
0.7627575075	0.2372424925	0.9628521169	0.3312051378
0.7637584885	0.2362415115	0.9632139771	0.3308041518
0.7647594695	0.2352405305	0.9635736101	0.3304040516
0.7657604505	0.2342395495	0.9639310232	0.3300048343
0.7667614314	0.2332385686	0.9642862237	0.3296064974
0.7677624124	0.2322375876	0.9646392187	0.3292090381
0.7687633934	0.2312366066	0.9649900155	0.3288124537
0.7697643744	0.2302356256	0.9653386213	0.3284167415
0.7707653554	0.2292346446	0.9656850431	0.3280218989
0.7717663363	0.2282336637	0.9660292883	0.3276279233
0.7727673173	0.2272326827	0.9663713637	0.3272348119
0.7737682983	0.2262317017	0.9667112767	0.3268425622
0.7747692793	0.2252307207	0.9670490342	0.3264511715
0.7757702603	0.2242297397	0.9673846433	0.3260606372
0.7767712412	0.2232287588	0.9677181112	0.3256709568
0.7777722222	0.2222277778	0.9680494448	0.3252821275
0.7787732032	0.2212267968	0.9683786511	0.3248941468
0.7797741842	0.2202258158	0.9687057372	0.3245070123
0.7807751652	0.2192248348	0.96903071	0.3241207211
0.7817761461	0.2182238539	0.9693535765	0.323735271
0.7827771271	0.2172228729	0.9696743437	0.3233506591
0.7837781081	0.2162218919	0.9699930185	0.3229668832
0.7847790891	0.2152209109	0.9703096077	0.3225839405
0.7857800701	0.2142199299	0.9706241184	0.3222018287
0.7867810511	0.2132189489	0.9709365573	0.3218205451
0.787782032	0.212217968	0.9712469314	0.3214400873
0.788783013	0.211216987	0.9715552474	0.3210604528
0.789783994	0.210216006	0.9718615122	0.3206816391
0.790784975	0.209215025	0.9721657327	0.3203036438
0.791785956	0.208214044	0.9724679155	0.3199264643
0.7927869369	0.2072130631	0.9727680675	0.3195500983
0.7937879179	0.2062120821	0.9730661954	0.3191745432
0.7947888989	0.2052111011	0.973362306	0.3187997967
0.7957898799	0.2042101201	0.9736564059	0.3184258563
0.7967908609	0.2032091391	0.973948502	0.3180527197
0.7977918418	0.2022081582	0.9742386008	0.3176803843
0.7987928228	0.2012071772	0.974526709	0.3173088478
0.7997938038	0.2002061962	0.9748128333	0.3169381078
0.8007947848	0.1992052152	0.9750969803	0.3165681619
0.8017957658	0.1982042342	0.9753791566	0.3161990078
0.8027967467	0.1972032533	0.9756593689	0.315830643
0.8037977277	0.1962022723	0.9759376236	0.3154630653
0.8047987087	0.1952012913	0.9762139274	0.3150962723
0.8057996897	0.1942003103	0.9764882868	0.3147302616
0.8068006707	0.1931993293	0.9767607084	0.314365031
0.8078016517	0.1921983483	0.9770311985	0.314000578
0.8088026326	0.1911973674	0.9772997638	0.3136369004
0.8098036136	0.1901963864	0.9775664107	0.3132739959
0.8108045946	0.1891954054	0.9778311456	0.3129118622
0.8118055756	0.1881944244	0.978093975	0.312550497
0.8128065566	0.1871934434	0.9783549053	0.312189898
0.8138075375	0.1861924625	0.978613943	0.3118300629
0.8148085185	0.1851914815	0.9788710943	0.3114709896
0.8158094995	0.1841905005	0.9791263657	0.3111126756
0.8168104805	0.1831895195	0.9793797635	0.3107551189
0.8178114615	0.1821885385	0.979631294	0.3103983171
0.8188124424	0.1811875576	0.9798809636	0.3100422681
0.8198134234	0.1801865766	0.9801287786	0.3096869695
0.8208144044	0.1791855956	0.9803747452	0.3093324193
0.8218153854	0.1781846146	0.9806188697	0.3089786151
0.8228163664	0.1771836336	0.9808611583	0.3086255548
0.8238173473	0.1761826527	0.9811016174	0.3082732362
0.8248183283	0.1751816717	0.981340253	0.3079216572
0.8258193093	0.1741806907	0.9815770714	0.3075708155
0.8268202903	0.1731797097	0.9818120787	0.307220709
0.8278212713	0.1721787287	0.9820452812	0.3068713355
0.8288222523	0.1711777477	0.9822766849	0.3065226929
0.8298232332	0.1701767668	0.982506296	0.3061747791
0.8308242142	0.1691757858	0.9827341206	0.3058275919
0.8318251952	0.1681748048	0.9829601648	0.3054811291
0.8328261762	0.1671738238	0.9831844346	0.3051353887
0.8338271572	0.1661728428	0.9834069361	0.3047903686
0.8348281381	0.1651718619	0.9836276754	0.3044460667
0.8358291191	0.1641708809	0.9838466585	0.3041024808
0.8368301001	0.1631698999	0.9840638913	0.3037596089
0.8378310811	0.1621689189	0.9842793799	0.3034174488
0.8388320621	0.1611679379	0.9844931302	0.3030759987
0.839833043	0.160166957	0.9847051482	0.3027352562
0.840834024	0.159165976	0.9849154399	0.3023952195
0.841835005	0.158164995	0.985124011	0.3020558865
0.842835986	0.157164014	0.9853308677	0.301717255
0.843836967	0.156163033	0.9855360156	0.3013793232
0.8448379479	0.1551620521	0.9857394608	0.3010420889
0.8458389289	0.1541610711	0.985941209	0.3007055501
0.8468399099	0.1531600901	0.9861412661	0.3003697049
0.8478408909	0.1521591091	0.9863396379	0.3000345512
0.8488418719	0.1511581281	0.9865363302	0.299700087
0.8498428529	0.1501571471	0.9867313488	0.2993663103
0.8508438338	0.1491561662	0.9869246994	0.2990332192
0.8518448148	0.1481551852	0.9871163879	0.2987008117
0.8528457958	0.1471542042	0.9873064199	0.2983690858
0.8538467768	0.1461532232	0.9874948011	0.2980380395
0.8548477578	0.1451522422	0.9876815374	0.2977076709
0.8558487387	0.1441512613	0.9878666342	0.297377978
0.8568497197	0.1431502803	0.9880500974	0.2970489589
0.8578507007	0.1421492993	0.9882319326	0.2967206117
0.8588516817	0.1411483183	0.9884121453	0.2963929345
0.8598526627	0.1401473373	0.9885907413	0.2960659252
0.8608536436	0.1391463564	0.9887677261	0.2957395821
0.8618546246	0.1381453754	0.9889431053	0.2954139032
0.8628556056	0.1371443944	0.9891168844	0.2950888865
0.8638565866	0.1361434134	0.9892890691	0.2947645303
0.8648575676	0.1351424324	0.9894596649	0.2944408326
0.8658585485	0.1341414515	0.9896286772	0.2941177915
0.8668595295	0.1331404705	0.9897961116	0.2937954052
0.8678605105	0.1321394895	0.9899619736	0.2934736719
0.8688614915	0.1311385085	0.9901262687	0.2931525895
0.8698624725	0.1301375275	0.9902890022	0.2928321564
0.8708634535	0.1291365465	0.9904501797	0.2925123705
0.8718644344	0.1281355656	0.9906098065	0.2921932302
0.8728654154	0.1271345846	0.9907678881	0.2918747336
0.8738663964	0.1261336036	0.9909244298	0.2915568788
0.8748673774	0.1251326226	0.9910794371	0.2912396641
0.8758683584	0.1241316416	0.9912329152	0.2909230876
0.8768693393	0.1231306607	0.9913848696	0.2906071475
0.8778703203	0.1221296797	0.9915353055	0.2902918419
0.8788713013	0.1211286987	0.9916842283	0.2899771692
0.8798722823	0.1201277177	0.9918316432	0.2896631276
0.8808732633	0.1191267367	0.9919775556	0.2893497151
0.8818742442	0.1181257558	0.9921219706	0.2890369302
0.8828752252	0.1171247748	0.9922648936	0.2887247709
0.8838762062	0.1161237938	0.9924063298	0.2884132356
0.8848771872	0.1151228128	0.9925462843	0.2881023225
0.8858781682	0.1141218318	0.9926847625	0.2877920298
0.8868791491	0.1131208509	0.9928217694	0.2874823558
0.8878801301	0.1121198699	0.9929573102	0.2871732987
0.8888811111	0.1111188889	0.9930913901	0.2868648569
0.8898820921	0.1101179079	0.9932240143	0.2865570286
0.8908830731	0.1091169269	0.9933551877	0.286249812
0.8918840541	0.1081159459	0.9934849157	0.2859432055
0.892885035	0.107114965	0.9936132031	0.2856372074
0.893886016	0.106113984	0.9937400552	0.2853318159
0.894886997	0.105113003	0.9938654769	0.2850270293
0.895887978	0.104112022	0.9939894733	0.2847228461
0.896888959	0.103111041	0.9941120495	0.2844192644
0.8978899399	0.1021100601	0.9942332104	0.2841162826
0.8988909209	0.1011090791	0.9943529611	0.2838138991
0.8998919019	0.1001080981	0.9944713065	0.2835121121
0.9008928829	0.09910711712	0.9945882516	0.2832109201
0.9018938639	0.09810613614	0.9947038013	0.2829103213
0.9028948448	0.09710515516	0.9948179606	0.2826103141
0.9038958258	0.09610417417	0.9949307344	0.2823108969
0.9048968068	0.09510319319	0.9950421276	0.282012068
0.9058977878	0.09410221221	0.9951521452	0.2817138258
0.9068987688	0.09310123123	0.9952607918	0.2814161687
0.9078997497	0.09210025025	0.9953680725	0.281119095
0.9089007307	0.09109926927	0.9954739921	0.2808226032
0.9099017117	0.09009828829	0.9955785554	0.2805266916
0.9109026927	0.08909730731	0.9956817673	0.2802313586
0.9119036737	0.08809632633	0.9957836324	0.2799366026
0.9129046547	0.08709534535	0.9958841556	0.2796424221
0.9139056356	0.08609436436	0.9959833418	0.2793488155
0.9149066166	0.08509338338	0.9960811955	0.2790557811
0.9159075976	0.0840924024	0.9961777217	0.2787633174
0.9169085786	0.08309142142	0.9962729249	0.2784714228
0.9179095596	0.08209044044	0.99636681	0.2781800958
0.9189105405	0.08108945946	0.9964593815	0.2778893348
0.9199115215	0.08008847848	0.9965506443	0.2775991382
0.9209125025	0.0790874975	0.9966406029	0.2773095046
0.9219134835	0.07808651652	0.996729262	0.2770204323
0.9229144645	0.07708553554	0.9968166263	0.2767319198
0.9239154454	0.07608455455	0.9969027004	0.2764439656
0.9249164264	0.07508357357	0.9969874888	0.2761565682
0.9259174074	0.07408259259	0.9970709963	0.275869726
0.9269183884	0.07308161161	0.9971532273	0.2755834375
0.9279193694	0.07208063063	0.9972341864	0.2752977013
0.9289203504	0.07107964965	0.9973138782	0.2750125157
0.9299213313	0.07007866867	0.9973923072	0.2747278794
0.9309223123	0.06907768769	0.997469478	0.2744437907
0.9319232933	0.06807670671	0.997545395	0.2741602483
0.9329242743	0.06707572573	0.9976200628	0.2738772506
0.9339252553	0.06607474474	0.9976934858	0.2735947962
0.9349262362	0.06507376376	0.9977656685	0.2733128835
0.9359272172	0.06407278278	0.9978366154	0.2730315112
0.9369281982	0.0630718018	0.9979063308	0.2727506776
0.9379291792	0.06207082082	0.9979748193	0.2724703815
0.9389301602	0.06106983984	0.9980420852	0.2721906213
0.9399311411	0.06006885886	0.9981081329	0.2719113956
0.9409321221	0.05906787788	0.9981729668	0.2716327029
0.9419331031	0.0580668969	0.9982365913	0.2713545418
0.9429340841	0.05706591592	0.9982990107	0.2710769108
0.9439350651	0.05606493493	0.9983602294	0.2707998086
0.944936046	0.05506395395	0.9984202517	0.2705232337
0.945937027	0.05406297297	0.998479082	0.2702471847
0.946938008	0.05306199199	0.9985367244	0.2699716601
0.947938989	0.05206101101	0.9985931833	0.2696966586
0.94893997	0.05106003003	0.998648463	0.2694221787
0.949940951	0.05005904905	0.9987025678	0.269148219
0.9509419319	0.04905806807	0.9987555018	0.2688747782
0.9519429129	0.04805708709	0.9988072693	0.2686018549
0.9529438939	0.04705610611	0.9988578746	0.2683294476
0.9539448749	0.04605512513	0.9989073218	0.2680575551
0.9549458559	0.04505414414	0.9989556152	0.2677861758
0.9559468368	0.04405316316	0.9990027589	0.2675153085
0.9569478178	0.04305218218	0.999048757	0.2672449517
0.9579487988	0.0420512012	0.9990936138	0.2669751041
0.9589497798	0.04105022022	0.9991373333	0.2667057644
0.9599507608	0.04004923924	0.9991799197	0.2664369312
0.9609517417	0.03904825826	0.9992213772	0.2661686031
0.9619527227	0.03804727728	0.9992617097	0.2659007788
0.9629537037	0.0370462963	0.9993009215	0.2656334569
0.9639546847	0.03604531532	0.9993390165	0.2653666362
0.9649556657	0.03504433433	0.9993759988	0.2651003152
0.9659566466	0.03404335335	0.9994118725	0.2648344927
0.9669576276	0.03304237237	0.9994466416	0.2645691673
0.9679586086	0.03204139139	0.9994803101	0.2643043378
0.9689595896	0.03104041041	0.9995128821	0.2640400027
0.9699605706	0.03003942943	0.9995443615	0.2637761608
0.9709615516	0.02903844845	0.9995747524	0.2635128109
0.9719625325	0.02803746747	0.9996040586	0.2632499515
0.9729635135	0.02703648649	0.9996322841	0.2629875813
0.9739644945	0.02603550551	0.999659433	0.2627256992
0.9749654755	0.02503452452	0.999685509	0.2624643038
0.9759664565	0.02403354354	0.9997105162	0.2622033938
0.9769674374	0.02303256256	0.9997344584	0.261942968
0.9779684184	0.02203158158	0.9997573396	0.261683025
0.9789693994	0.0210306006	0.9997791636	0.2614235636
0.9799703804	0.02002961962	0.9997999343	0.2611645825
0.9809713614	0.01902863864	0.9998196555	0.2609060805
0.9819723423	0.01802765766	0.9998383311	0.2606480564
0.9829733233	0.01702667668	0.9998559649	0.2603905087
0.9839743043	0.0160256957	0.9998725608	0.2601334364
0.9849752853	0.01502471471	0.9998881225	0.2598768381
0.9859762663	0.01402373373	0.9999026538	0.2596207127
0.9869772472	0.01302275275	0.9999161586	0.2593650588
0.9879782282	0.01202177177	0.9999286405	0.2591098753
0.9889792092	0.01102079079	0.9999401034	0.2588551609
0.9899801902	0.01001980981	0.999950551	0.2586009144
0.9909811712	0.009018828829	0.999959987	0.2583471346
0.9919821522	0.008017847848	0.9999684151	0.2580938202
0.9929831331	0.007016866867	0.9999758391	0.25784097
0.9939841141	0.006015885886	0.9999822627	0.2575885829
0.9949850951	0.005014904905	0.9999876894	0.2573366577
0.9959860761	0.004013923924	0.9999921231	0.257085193
0.9969870571	0.003012942943	0.9999955674	0.2568341878
0.997988038	0.002011961962	0.9999980258	0.2565836408
0.998989019	0.001010980981	0.9999995022	0.2563335508
0.99999	1e-05	1	0.2560839168
