1e-05	0.99999	0.03991920524	1
0.001010980981	0.998989019	0.03983113133	1.000001057
0.002011961962	0.997988038	0.03977664583	1.00000306
0.003012942943	0.9969870571	0.03975399664	1.00000443
0.004013923924	0.9959860761	0.03976159161	1.000003694
0.005014904905	0.9949850951	0.03979798201	0.9999994857
0.006015885886	0.9939841141	0.0398618479	0.9999905361
0.007016866867	0.9929831331	0.0399519852	0.9999756672
0.008017847848	0.9919821522	0.04006729428	0.9999537869
0.009018828829	0.9909811712	0.04020676968	0.9999238839
0.01001980981	0.9899801902	0.04036949114	0.999885023
0.01102079079	0.9889792092	0.04055461544	0.9998363399
0.01202177177	0.9879782282	0.04076136919	0.9997770375
0.01302275275	0.9869772472	0.0409890424	0.9997063817
0.01402373373	0.9859762663	0.04123698265	0.9996236975
0.01502471471	0.9849752853	0.04150458986	0.9995283657
0.0160256957	0.9839743043	0.04179131167	0.9994198194
0.01702667668	0.9829733233	0.04209663919	0.9992975411
0.01802765766	0.9819723423	0.04242010317	0.9991610594
0.01902863864	0.9809713614	0.04276127063	0.999009947
0.02002961962	0.9799703804	0.04311974167	0.9988438171
0.0210306006	0.9789693994	0.04349514673	0.9986623218
0.02203158158	0.9779684184	0.04388714398	0.9984651496
0.02303256256	0.9769674374	0.04429541701	0.998252023
0.02403354354	0.9759664565	0.04471967274	0.9980226967
0.02503452452	0.9749654755	0.04515963947	0.9977769557
0.02603550551	0.9739644945	0.04561506513	0.9975146133
0.02703648649	0.9729635135	0.0460857157	0.9972355097
0.02803746747	0.9719625325	0.04657137372	0.9969395101
0.02903844845	0.9709615516	0.04707183697	0.9966265035
0.03003942943	0.9699605706	0.04758691721	0.996296401
0.03104041041	0.9689595896	0.0481164391	0.9959491345
0.03204139139	0.9679586086	0.04866023915	0.9955846555
0.03304237237	0.9669576276	0.04921816475	0.9952029341
0.03404335335	0.9659566466	0.04979007331	0.9948039573
0.03504433433	0.9649556657	0.05037583148	0.9943877285
0.03604531532	0.9639546847	0.05097531435	0.9939542663
0.0370462963	0.9629537037	0.05158840484	0.9935036033
0.03804727728	0.9619527227	0.05221499303	0.9930357855
0.03904825826	0.9609517417	0.05285497555	0.9925508715
0.04004923924	0.9599507608	0.05350825511	0.9920489313
0.04105022022	0.9589497798	0.05417473994	0.9915300459
0.0420512012	0.9579487988	0.05485434335	0.9909943062
0.04305218218	0.9569478178	0.05554698333	0.990441813
0.04405316316	0.9559468368	0.0562525821	0.9898726755
0.04505414414	0.9549458559	0.05697106579	0.9892870112
0.04605512513	0.9539448749	0.05770236407	0.9886849452
0.04705610611	0.9529438939	0.05844640984	0.9880666098
0.04805708709	0.9519429129	0.05920313896	0.9874321437
0.04905806807	0.9509419319	0.05997248993	0.9867816917
0.05005904905	0.949940951	0.06075440367	0.986115404
0.05106003003	0.94893997	0.06154882327	0.9854334362
0.05206101101	0.947938989	0.0623556938	0.9847359484
0.05306199199	0.946938008	0.06317496205	0.9840231051
0.05406297297	0.945937027	0.06400657638	0.9832950749
0.05506395395	0.944936046	0.06485048654	0.9825520297
0.05606493493	0.9439350651	0.06570664348	0.9817941449
0.05706591592	0.9429340841	0.06657499923	0.9810215987
0.0580668969	0.9419331031	0.06745550672	0.9802345721
0.05906787788	0.9409321221	0.0683481197	0.9794332482
0.06006885886	0.9399311411	0.06925279255	0.9786178124
0.06106983984	0.9389301602	0.07016948022	0.977788452
0.06207082082	0.9379291792	0.07109813808	0.9769453556
0.0630718018	0.9369281982	0.07203872186	0.9760887135
0.06407278278	0.9359272172	0.07299118752	0.975218717
0.06507376376	0.9349262362	0.0739554912	0.9743355583
0.06607474474	0.9339252553	0.0749315891	0.9734394306
0.06707572573	0.9329242743	0.07591943743	0.9725305274
0.06807670671	0.9319232933	0.07691899236	0.9716090429
0.06907768769	0.9309223123	0.07793020991	0.9706751714
0.07007866867	0.9299213313	0.07895304593	0.9697291073
0.07107964965	0.9289203504	0.079987456	0.968771045
0.07208063063	0.9279193694	0.08103339545	0.9678011788
0.07308161161	0.9269183884	0.08209081925	0.9668197027
0.07408259259	0.9259174074	0.08315968199	0.9658268102
0.07508357357	0.9249164264	0.08423993784	0.9648226944
0.07608455455	0.9239154454	0.08533154053	0.9638075477
0.07708553554	0.9229144645	0.08643444328	0.9627815618
0.07808651652	0.9219134835	0.08754859881	0.9617449277
0.0790874975	0.9209125025	0.08867395928	0.9606978354
0.08008847848	0.9199115215	0.08981047629	0.9596404739
0.08108945946	0.9189105405	0.09095810084	0.9585730312
0.08209044044	0.9179095596	0.09211678332	0.9574956943
0.08309142142	0.9169085786	0.09328647351	0.9564086487
0.0840924024	0.9159075976	0.0944671205	0.9553120791
0.08509338338	0.9149066166	0.09565867276	0.9542061685
0.08609436436	0.9139056356	0.09686107808	0.9530910987
0.08709534535	0.9129046547	0.09807428356	0.9519670503
0.08809632633	0.9119036737	0.09929823561	0.9508342021
0.08909730731	0.9109026927	0.1005328799	0.9496927317
0.09009828829	0.9099017117	0.1017781616	0.948542815
0.09109926927	0.9089007307	0.1030340248	0.9473846265
0.09210025025	0.9078997497	0.1043004133	0.9462183389
0.09310123123	0.9068987688	0.1055772699	0.9450441236
0.09410221221	0.9058977878	0.1068645367	0.94386215
0.09510319319	0.9048968068	0.1081621552	0.9426725861
0.09610417417	0.9038958258	0.1094700663	0.9414755982
0.09710515516	0.9028948448	0.1107882098	0.9402713506
0.09810613614	0.9018938639	0.1121165253	0.9390600062
0.09910711712	0.9008928829	0.1134549512	0.9378417261
0.1001080981	0.8998919019	0.1148034256	0.9366166695
0.1011090791	0.8988909209	0.1161618857	0.935384994
0.1021100601	0.8978899399	0.1175302682	0.9341468553
0.103111041	0.896888959	0.1189085088	0.9329024075
0.104112022	0.895887978	0.1202965428	0.9316518028
0.105113003	0.894886997	0.1216943048	0.9303951915
0.106113984	0.893886016	0.1231017288	0.9291327223
0.107114965	0.892885035	0.1245187479	0.927864542
0.1081159459	0.8918840541	0.1259452949	0.9265907956
0.1091169269	0.8908830731	0.1273813018	0.9253116265
0.1101179079	0.8898820921	0.1288267	0.924027176
0.1111188889	0.8888811111	0.1302814203	0.9227375837
0.1121198699	0.8878801301	0.131745393	0.9214429877
0.1131208509	0.8868791491	0.1332185477	0.9201435238
0.1141218318	0.8858781682	0.1347008135	0.9188393266
0.1151228128	0.8848771872	0.136192119	0.9175305284
0.1161237938	0.8838762062	0.1376923922	0.9162172602
0.1171247748	0.8828752252	0.1392015605	0.9148996508
0.1181257558	0.8818742442	0.1407195509	0.9135778277
0.1191267367	0.8808732633	0.1422462899	0.9122519163
0.1201277177	0.8798722823	0.1437817034	0.9109220404
0.1211286987	0.8788713013	0.1453257171	0.9095883222
0.1221296797	0.8778703203	0.1468782558	0.908250882
0.1231306607	0.8768693393	0.1484392443	0.9069098386
0.1241316416	0.8758683584	0.1500086068	0.9055653089
0.1251326226	0.8748673774	0.1515862668	0.9042174083
0.1261336036	0.8738663964	0.1531721479	0.9028662505
0.1271345846	0.8728654154	0.154766173	0.9015119474
0.1281355656	0.8718644344	0.1563682647	0.9001546096
0.1291365465	0.8708634535	0.1579783452	0.8987943458
0.1301375275	0.8698624725	0.1595963364	0.8974312631
0.1311385085	0.8688614915	0.1612221599	0.8960654672
0.1321394895	0.8678605105	0.1628557368	0.894697062
0.1331404705	0.8668595295	0.1644969882	0.8933261501
0.1341414515	0.8658585485	0.1661458346	0.8919528322
0.1351424324	0.8648575676	0.1678021964	0.8905772078
0.1361434134	0.8638565866	0.1694659938	0.8891993748
0.1371443944	0.8628556056	0.1711371466	0.8878194293
0.1381453754	0.8618546246	0.1728155744	0.8864374664
0.1391463564	0.8608536436	0.1745011966	0.8850535793
0.1401473373	0.8598526627	0.1761939324	0.8836678601
0.1411483183	0.8588516817	0.1778937008	0.8822803991
0.1421492993	0.8578507007	0.1796004207	0.8808912854
0.1431502803	0.8568497197	0.1813140107	0.8795006067
0.1441512613	0.8558487387	0.1830343894	0.8781084493
0.1451522422	0.8548477578	0.184761475	0.8767148979
0.1461532232	0.8538467768	0.1864951859	0.8753200361
0.1471542042	0.8528457958	0.1882354402	0.873923946
0.1481551852	0.8518448148	0.1899821559	0.8725267085
0.1491561662	0.8508438338	0.1917352511	0.871128403
0.1501571471	0.8498428529	0.1934946434	0.8697291078
0.1511581281	0.8488418719	0.1952602509	0.8683288998
0.1521591091	0.8478408909	0.1970319912	0.8669278546
0.1531600901	0.8468399099	0.1988097822	0.8655260465
0.1541610711	0.8458389289	0.2005935414	0.8641235489
0.1551620521	0.8448379479	0.2023831867	0.8627204334
0.156163033	0.843836967	0.2041786356	0.861316771
0.157164014	0.842835986	0.2059798061	0.8599126311
0.158164995	0.841835005	0.2077866156	0.858508082
0.159165976	0.840834024	0.2095989822	0.857103191
0.160166957	0.839833043	0.2114168235	0.8556980239
0.1611679379	0.8388320621	0.2132400574	0.8542926459
0.1621689189	0.8378310811	0.215068602	0.8528871205
0.1631698999	0.8368301001	0.2169023751	0.8514815105
0.1641708809	0.8358291191	0.218741295	0.8500758775
0.1651718619	0.8348281381	0.2205852799	0.848670282
0.1661728428	0.8338271572	0.2224342481	0.8472647833
0.1671738238	0.8328261762	0.2242881179	0.84585944
0.1681748048	0.8318251952	0.2261468081	0.8444543093
0.1691757858	0.8308242142	0.2280102374	0.8430494476
0.1701767668	0.8298232332	0.2298783245	0.8416449102
0.1711777477	0.8288222523	0.2317509886	0.8402407516
0.1721787287	0.8278212713	0.2336281488	0.8388370249
0.1731797097	0.8268202903	0.2355097246	0.8374337828
0.1741806907	0.8258193093	0.2373956354	0.8360310765
0.1751816717	0.8248183283	0.2392858011	0.8346289567
0.1761826527	0.8238173473	0.2411801415	0.8332274729
0.1771836336	0.8228163664	0.243078577	0.8318266737
0.1781846146	0.8218153854	0.2449810279	0.8304266071
0.1791855956	0.8208144044	0.2468874147	0.8290273198
0.1801865766	0.8198134234	0.2487976585	0.8276288578
0.1811875576	0.8188124424	0.2507116802	0.8262312665
0.1821885385	0.8178114615	0.2526294013	0.8248345899
0.1831895195	0.8168104805	0.2545507434	0.8234388717
0.1841905005	0.8158094995	0.2564756284	0.8220441545
0.1851914815	0.8148085185	0.2584039784	0.8206504801
0.1861924625	0.8138075375	0.2603357159	0.8192578895
0.1871934434	0.8128065566	0.2622707636	0.817866423
0.1881944244	0.8118055756	0.2642090446	0.8164761201
0.1891954054	0.8108045946	0.2661504821	0.8150870195
0.1901963864	0.8098036136	0.2680949999	0.8136991591
0.1911973674	0.8088026326	0.2700425219	0.8123125761
0.1921983483	0.8078016517	0.2719929723	0.810927307
0.1931993293	0.8068006707	0.2739462758	0.8095433875
0.1942003103	0.8057996897	0.2759023572	0.8081608528
0.1952012913	0.8047987087	0.2778611419	0.8067797371
0.1962022723	0.8037977277	0.2798225554	0.805400074
0.1972032533	0.8027967467	0.2817865238	0.8040218966
0.1982042342	0.8017957658	0.2837529733	0.8026452372
0.1992052152	0.8007947848	0.2857218306	0.8012701274
0.2002061962	0.7997938038	0.2876930226	0.7998965981
0.2012071772	0.7987928228	0.289666477	0.7985246798
0.2022081582	0.7977918418	0.2916421212	0.7971544022
0.2032091391	0.7967908609	0.2936198836	0.7957857943
0.2042101201	0.7957898799	0.2955996927	0.7944188847
0.2052111011	0.7947888989	0.2975814773	0.7930537012
0.2062120821	0.7937879179	0.2995651668	0.7916902712
0.2072130631	0.7927869369	0.3015506908	0.7903286214
0.208214044	0.791785956	0.3035379794	0.7889687779
0.209215025	0.790784975	0.3055269632	0.7876107663
0.210216006	0.789783994	0.3075175729	0.7862546116
0.211216987	0.788783013	0.3095097399	0.7849003382
0.212217968	0.787782032	0.3115033959	0.7835479702
0.2132189489	0.7867810511	0.3134984731	0.7821975309
0.2142199299	0.7857800701	0.3154949038	0.7808490433
0.2152209109	0.7847790891	0.3174926211	0.7795025296
0.2162218919	0.7837781081	0.3194915584	0.7781580117
0.2172228729	0.7827771271	0.3214916494	0.776815511
0.2182238539	0.7817761461	0.3234928283	0.7754750484
0.2192248348	0.7807751652	0.3254950299	0.7741366442
0.2202258158	0.7797741842	0.3274981891	0.7728003184
0.2212267968	0.7787732032	0.3295022416	0.7714660905
0.2222277778	0.7777722222	0.3315071231	0.7701339793
0.2232287588	0.7767712412	0.3335127702	0.7688040034
0.2242297397	0.7757702603	0.3355191196	0.767476181
0.2252307207	0.7747692793	0.3375261085	0.7661505297
0.2262317017	0.7737682983	0.3395336748	0.7648270666
0.2272326827	0.7727673173	0.3415417565	0.7635058086
0.2282336637	0.7717663363	0.3435502922	0.7621867721
0.2292346446	0.7707653554	0.345559221	0.760869973
0.2302356256	0.7697643744	0.3475684823	0.7595554268
0.2312366066	0.7687633934	0.3495780161	0.7582431488
0.2322375876	0.7677624124	0.3515877628	0.7569331537
0.2332385686	0.7667614314	0.3535976631	0.7556254559
0.2342395495	0.7657604505	0.3556076584	0.7543200694
0.2352405305	0.7647594695	0.3576176904	0.7530170079
0.2362415115	0.7637584885	0.3596277013	0.7517162845
0.2372424925	0.7627575075	0.3616376336	0.7504179123
0.2382434735	0.7617565265	0.3636474307	0.7491219037
0.2392444545	0.7607555455	0.3656570358	0.7478282709
0.2402454354	0.7597545646	0.3676663932	0.7465370259
0.2412464164	0.7587535836	0.3696754472	0.7452481801
0.2422473974	0.7577526026	0.3716841427	0.7439617448
0.2432483784	0.7567516216	0.3736924251	0.7426777308
0.2442493594	0.7557506406	0.3757002402	0.7413961485
0.2452503403	0.7547496597	0.3777075344	0.7401170084
0.2462513213	0.7537486787	0.3797142543	0.7388403202
0.2472523023	0.7527476977	0.3817203472	0.7375660936
0.2482532833	0.7517467167	0.3837257606	0.7362943379
0.2492542643	0.7507457357	0.3857304427	0.7350250621
0.2502552452	0.7497447548	0.3877343421	0.733758275
0.2512562262	0.7487437738	0.3897374077	0.7324939849
0.2522572072	0.7477427928	0.3917395889	0.7312322
0.2532581882	0.7467418118	0.3937408359	0.7299729283
0.2542591692	0.7457408308	0.3957410987	0.7287161773
0.2552601502	0.7447398498	0.3977403284	0.7274619543
0.2562611311	0.7437388689	0.3997384762	0.7262102665
0.2572621121	0.7427378879	0.4017354937	0.7249611207
0.2582630931	0.7417369069	0.4037313332	0.7237145234
0.2592640741	0.7407359259	0.4057259473	0.722470481
0.2602650551	0.7397349449	0.407719289	0.7212289996
0.261266036	0.738733964	0.4097113119	0.7199900849
0.262267017	0.737732983	0.4117019699	0.7187537426
0.263267998	0.736732002	0.4136912173	0.717519978
0.264268979	0.735731021	0.4156790092	0.7162887963
0.26526996	0.73473004	0.4176653006	0.7150602024
0.2662709409	0.7337290591	0.4196500475	0.713834201
0.2672719219	0.7327280781	0.4216332058	0.7126107966
0.2682729029	0.7317270971	0.4236147323	0.7113899933
0.2692738839	0.7307261161	0.425594584	0.7101717954
0.2702748649	0.7297251351	0.4275727184	0.7089562066
0.2712758458	0.7287241542	0.4295490933	0.7077432306
0.2722768268	0.7277231732	0.4315236672	0.7065328708
0.2732778078	0.7267221922	0.4334963987	0.7053251305
0.2742787888	0.7257212112	0.4354672472	0.7041200127
0.2752797698	0.7247202302	0.4374361722	0.7029175204
0.2762807508	0.7237192492	0.4394031339	0.7017176561
0.2772817317	0.7227182683	0.4413680926	0.7005204225
0.2782827127	0.7217172873	0.4433310094	0.6993258218
0.2792836937	0.7207163063	0.4452918455	0.6981338561
0.2802846747	0.7197153253	0.4472505627	0.6969445276
0.2812856557	0.7187143443	0.4492071231	0.6957578379
0.2822866366	0.7177133634	0.4511614895	0.6945737887
0.2832876176	0.7167123824	0.4531136247	0.6933923816
0.2842885986	0.7157114014	0.4550634922	0.6922136177
0.2852895796	0.7147104204	0.4570110558	0.6910374984
0.2862905606	0.7137094394	0.4589562798	0.6898640245
0.2872915415	0.7127084585	0.4608991287	0.6886931971
0.2882925225	0.7117074775	0.4628395678	0.6875250166
0.2892935035	0.7107064965	0.4647775623	0.6863594839
0.2902944845	0.7097055155	0.4667130782	0.6851965991
0.2912954655	0.7087045345	0.4686460817	0.6840363628
0.2922964464	0.7077035536	0.4705765394	0.6828787748
0.2932974274	0.7067025726	0.4725044185	0.6817238354
0.2942984084	0.7057015916	0.4744296864	0.6805715443
0.2952993894	0.7047006106	0.4763523109	0.6794219013
0.2963003704	0.7036996296	0.4782722601	0.6782749061
0.2973013514	0.7026986486	0.4801895029	0.677130558
0.2983023323	0.7016976677	0.482104008	0.6759888565
0.2993033133	0.7006966867	0.484015745	0.6748498008
0.3003042943	0.6996957057	0.4859246835	0.67371339
0.3013052753	0.6986947247	0.4878307937	0.6725796231
0.3023062563	0.6976937437	0.4897340462	0.6714484991
0.3033072372	0.6966927628	0.4916344118	0.6703200167
0.3043082182	0.6956917818	0.4935318617	0.6691941746
0.3053091992	0.6946908008	0.4954263677	0.6680709714
0.3063101802	0.6936898198	0.4973179017	0.6669504054
0.3073111612	0.6926888388	0.499206436	0.6658324751
0.3083121421	0.6916878579	0.5010919435	0.6647171787
0.3093131231	0.6906868769	0.5029743972	0.6636045144
0.3103141041	0.6896858959	0.5048537705	0.6624944802
0.3113150851	0.6886849149	0.5067300373	0.6613870741
0.3123160661	0.6876839339	0.5086031717	0.6602822939
0.313317047	0.686682953	0.5104731483	0.6591801374
0.314318028	0.685681972	0.5123399419	0.6580806024
0.315319009	0.684680991	0.5142035277	0.6569836863
0.31631999	0.68368001	0.5160638812	0.6558893867
0.317320971	0.682679029	0.5179209784	0.654797701
0.318321952	0.681678048	0.5197747956	0.6537086266
0.3193229329	0.6806770671	0.5216253092	0.6526221607
0.3203239139	0.6796760861	0.5234724963	0.6515383005
0.3213248949	0.6786751051	0.525316334	0.6504570431
0.3223258759	0.6776741241	0.5271568	0.6493783854
0.3233268569	0.6766731431	0.5289938721	0.6483023246
0.3243278378	0.6756721622	0.5308275286	0.6472288574
0.3253288188	0.6746711812	0.5326577481	0.6461579805
0.3263297998	0.6736702002	0.5344845095	0.6450896909
0.3273307808	0.6726692192	0.5363077919	0.6440239851
0.3283317618	0.6716682382	0.5381275748	0.6429608597
0.3293327427	0.6706672573	0.5399438382	0.6419003112
0.3303337237	0.6696662763	0.5417565622	0.6408423362
0.3313347047	0.6686652953	0.5435657272	0.6397869309
0.3323356857	0.6676643143	0.545371314	0.6387340918
0.3333366667	0.6666633333	0.5471733038	0.6376838151
0.3343376476	0.6656623524	0.5489716778	0.6366360971
0.3353386286	0.6646613714	0.5507664177	0.6355909338
0.3363396096	0.6636603904	0.5525575056	0.6345483215
0.3373405906	0.6626594094	0.5543449237	0.6335082561
0.3383415716	0.6616584284	0.5561286547	0.6324707336
0.3393425526	0.6606574474	0.5579086813	0.63143575
0.3403435335	0.6596564665	0.5596849868	0.6304033012
0.3413445145	0.6586554855	0.5614575545	0.6293733831
0.3423454955	0.6576545045	0.5632263683	0.6283459913
0.3433464765	0.6566535235	0.5649914121	0.6273211216
0.3443474575	0.6556525425	0.5667526703	0.6262987698
0.3453484384	0.6546515616	0.5685101274	0.6252789315
0.3463494194	0.6536505806	0.5702637682	0.6242616022
0.3473504004	0.6526495996	0.572013578	0.6232467776
0.3483513814	0.6516486186	0.5737595421	0.6222344532
0.3493523624	0.6506476376	0.5755016461	0.6212246244
0.3503533433	0.6496466567	0.5772398761	0.6202172866
0.3513543243	0.6486456757	0.5789742183	0.6192124353
0.3523553053	0.6476446947	0.580704659	0.6182100659
0.3533562863	0.6466437137	0.5824311851	0.6172101735
0.3543572673	0.6456427327	0.5841537835	0.6162127536
0.3553582482	0.6446417518	0.5858724414	0.6152178014
0.3563592292	0.6436407708	0.5875871465	0.614225312
0.3573602102	0.6426397898	0.5892978864	0.6132352806
0.3583611912	0.6416388088	0.5910046491	0.6122477024
0.3593621722	0.6406378278	0.5927074229	0.6112625726
0.3603631532	0.6396368468	0.5944061963	0.6102798861
0.3613641341	0.6386358659	0.596100958	0.609299638
0.3623651151	0.6376348849	0.5977916971	0.6083218233
0.3633660961	0.6366339039	0.5994784027	0.6073464371
0.3643670771	0.6356329229	0.6011610643	0.6063734743
0.3653680581	0.6346319419	0.6028396717	0.6054029298
0.366369039	0.633630961	0.6045142147	0.6044347985
0.36737002	0.63262998	0.6061846835	0.6034690754
0.368371001	0.631628999	0.6078510685	0.6025057552
0.369371982	0.630628018	0.6095133603	0.6015448329
0.370372963	0.629627037	0.6111715498	0.6005863031
0.3713739439	0.6286260561	0.612825628	0.5996301607
0.3723749249	0.6276250751	0.6144755863	0.5986764005
0.3733759059	0.6266240941	0.6161214161	0.5977250172
0.3743768869	0.6256231131	0.6177631091	0.5967760056
0.3753778679	0.6246221321	0.6194006574	0.5958293602
0.3763788488	0.6236211512	0.621034053	0.5948850759
0.3773798298	0.6226201702	0.6226632883	0.5939431473
0.3783808108	0.6216191892	0.6242883559	0.593003569
0.3793817918	0.6206182082	0.6259092486	0.5920663356
0.3803827728	0.6196172272	0.6275259594	0.5911314418
0.3813837538	0.6186162462	0.6291384814	0.5901988821
0.3823847347	0.6176152653	0.630746808	0.5892686512
0.3833857157	0.6166142843	0.6323509329	0.5883407436
0.3843866967	0.6156133033	0.6339508497	0.5874151538
0.3853876777	0.6146123223	0.6355465526	0.5864918764
0.3863886587	0.6136113413	0.6371380357	0.585570906
0.3873896396	0.6126103604	0.6387252933	0.5846522369
0.3883906206	0.6116093794	0.64030832	0.5837358638
0.3893916016	0.6106083984	0.6418871105	0.5828217811
0.3903925826	0.6096074174	0.6434616598	0.5819099832
0.3913935636	0.6086064364	0.645031963	0.5810004647
0.3923945445	0.6076054555	0.6465980154	0.58009322
0.3933955255	0.6066044745	0.6481598124	0.5791882435
0.3943965065	0.6056034935	0.6497173498	0.5782855297
0.3953974875	0.6046025125	0.6512706233	0.577385073
0.3963984685	0.6036015315	0.652819629	0.5764868678
0.3973994494	0.6026005506	0.654364363	0.5755909085
0.3984004304	0.6015995696	0.6559048218	0.5746971896
0.3994014114	0.6005985886	0.6574410018	0.5738057054
0.4004023924	0.5995976076	0.6589728996	0.5729164503
0.4014033734	0.5985966266	0.6605005123	0.5720294186
0.4024043544	0.5975956456	0.6620238368	0.5711446049
0.4034053353	0.5965946647	0.6635428702	0.5702620034
0.4044063163	0.5955936837	0.66505761	0.5693816085
0.4054072973	0.5945927027	0.6665680536	0.5685034146
0.4064082783	0.5935917217	0.6680741988	0.567627416
0.4074092593	0.5925907407	0.6695760433	0.5667536071
0.4084102402	0.5915897598	0.671073585	0.5658819822
0.4094112212	0.5905887788	0.6725668222	0.5650125357
0.4104122022	0.5895877978	0.6740557532	0.564145262
0.4114131832	0.5885868168	0.6755403762	0.5632801553
0.4124141642	0.5875858358	0.67702069	0.56241721
0.4134151451	0.5865848549	0.6784966932	0.5615564204
0.4144161261	0.5855838739	0.6799683848	0.560697781
0.4154171071	0.5845828929	0.6814357637	0.559841286
0.4164180881	0.5835819119	0.682898829	0.5589869297
0.4174190691	0.5825809309	0.6843575802	0.5581347066
0.4184200501	0.5815799499	0.6858120165	0.5572846109
0.419421031	0.580578969	0.6872621377	0.556436637
0.420422012	0.579577988	0.6887079433	0.5555907791
0.421422993	0.578577007	0.6901494332	0.5547470318
0.422423974	0.577576026	0.6915866075	0.5539053892
0.423424955	0.576575045	0.6930194661	0.5530658457
0.4244259359	0.5755740641	0.6944480094	0.5522283958
0.4254269169	0.5745730831	0.6958722377	0.5513930336
0.4264278979	0.5735721021	0.6972921515	0.5505597537
0.4274288789	0.5725711211	0.6987077514	0.5497285502
0.4284298599	0.5715701401	0.7001190381	0.5488994176
0.4294308408	0.5705691592	0.7015260125	0.5480723503
0.4304318218	0.5695681782	0.7029286757	0.5472473425
0.4314328028	0.5685671972	0.7043270285	0.5464243887
0.4324337838	0.5675662162	0.7057210724	0.5456034832
0.4334347648	0.5665652352	0.7071108086	0.5447846204
0.4344357457	0.5655642543	0.7084962387	0.5439677947
0.4354367267	0.5645632733	0.709877364	0.5431530004
0.4364377077	0.5635622923	0.7112541864	0.542340232
0.4374386887	0.5625613113	0.7126267076	0.5415294838
0.4384396697	0.5615603303	0.7139949295	0.5407207502
0.4394406507	0.5605593493	0.7153588542	0.5399140256
0.4404416316	0.5595583684	0.7167184837	0.5391093045
0.4414426126	0.5585573874	0.7180738203	0.5383065812
0.4424435936	0.5575564064	0.7194248662	0.5375058501
0.4434445746	0.5565554254	0.720771624	0.5367071057
0.4444455556	0.5555544444	0.7221140961	0.5359103425
0.4454465365	0.5545534635	0.7234522852	0.5351155547
0.4464475175	0.5535524825	0.7247861941	0.534322737
0.4474484985	0.5525515015	0.7261158254	0.5335318838
0.4484494795	0.5515505205	0.7274411823	0.5327429894
0.4494504605	0.5505495395	0.7287622677	0.5319560484
0.4504514414	0.5495485586	0.7300790847	0.5311710552
0.4514524224	0.5485475776	0.7313916366	0.5303880044
0.4524534034	0.5475465966	0.7326999266	0.5296068903
0.4534543844	0.5465456156	0.7340039581	0.5288277076
0.4544553654	0.5455446346	0.7353037347	0.5280504507
0.4554563463	0.5445436537	0.73659926	0.5272751141
0.4564573273	0.5435426727	0.7378905375	0.5265016923
0.4574583083	0.5425416917	0.739177571	0.5257301799
0.4584592893	0.5415407107	0.7404603644	0.5249605714
0.4594602703	0.5405397297	0.7417389216	0.5241928614
0.4604612513	0.5395387487	0.7430132466	0.5234270444
0.4614622322	0.5385377678	0.7442833436	0.5226631149
0.4624632132	0.5375367868	0.7455492165	0.5219010676
0.4634641942	0.5365358058	0.7468108698	0.5211408971
0.4644651752	0.5355348248	0.7480683077	0.5203825978
0.4654661562	0.5345338438	0.7493215347	0.5196261645
0.4664671371	0.5335328629	0.7505705552	0.5188715917
0.4674681181	0.5325318819	0.7518153738	0.5181188741
0.4684690991	0.5315309009	0.7530559952	0.5173680063
0.4694700801	0.5305299199	0.754292424	0.5166189829
0.4704710611	0.5295289389	0.755524665	0.5158717985
0.471472042	0.528527958	0.7567527231	0.515126448
0.472473023	0.527526977	0.7579766032	0.5143829258
0.473474004	0.526525996	0.7591963103	0.5136412267
0.474474985	0.525525015	0.7604118494	0.5129013455
0.475475966	0.524524034	0.7616232258	0.5121632767
0.4764769469	0.5235230531	0.7628304446	0.5114270151
0.4774779279	0.5225220721	0.764033511	0.5106925555
0.4784789089	0.5215210911	0.7652324304	0.5099598925
0.4794798899	0.5205201101	0.7664272082	0.5092290209
0.4804808709	0.5195191291	0.7676178498	0.5084999355
0.4814818519	0.5185181481	0.7688043608	0.507772631
0.4824828328	0.5175171672	0.7699867468	0.5070471023
0.4834838138	0.5165161862	0.7711650133	0.5063233441
0.4844847948	0.5155152052	0.7723391661	0.5056013511
0.4854857758	0.5145142242	0.773509211	0.5048811183
0.4864867568	0.5135132432	0.7746751538	0.5041626405
0.4874877377	0.5125122623	0.7758370003	0.5034459124
0.4884887187	0.5115112813	0.7769947565	0.502730929
0.4894896997	0.5105103003	0.7781484283	0.502017685
0.4904906807	0.5095093193	0.7792980219	0.5013061754
0.4914916617	0.5085083383	0.7804435432	0.5005963951
0.4924926426	0.5075073574	0.7815849985	0.4998883389
0.4934936236	0.5065063764	0.782722394	0.4991820017
0.4944946046	0.5055053954	0.7838557358	0.4984773786
0.4954955856	0.5045044144	0.7849850304	0.4977744643
0.4964965666	0.5035034334	0.786110284	0.4970732538
0.4974975475	0.5025024525	0.7872315031	0.4963737422
0.4984985285	0.5015014715	0.7883486941	0.4956759243
0.4994995095	0.5005004905	0.7894618634	0.4949797951
0.5005004905	0.4994995095	0.7905710177	0.4942853497
0.5015014715	0.4984985285	0.7916761636	0.493592583
0.5025024525	0.4974975475	0.7927773076	0.4929014901
0.5035034334	0.4964965666	0.7938744564	0.492212066
0.5045044144	0.4954955856	0.7949676168	0.4915243056
0.5055053954	0.4944946046	0.7960567955	0.4908382042
0.5065063764	0.4934936236	0.7971419993	0.4901537567
0.5075073574	0.4924926426	0.7982232351	0.4894709582
0.5085083383	0.4914916617	0.7993005097	0.4887898038
0.5095093193	0.4904906807	0.8003738301	0.4881102886
0.5105103003	0.4894896997	0.8014432033	0.4874324078
0.5115112813	0.4884887187	0.8025086362	0.4867561564
0.5125122623	0.4874877377	0.8035701359	0.4860815296
0.5135132432	0.4864867568	0.8046277095	0.4854085225
0.5145142242	0.4854857758	0.805681364	0.4847371304
0.5155152052	0.4844847948	0.8067311067	0.4840673484
0.5165161862	0.4834838138	0.8077769448	0.4833991717
0.5175171672	0.4824828328	0.8088188853	0.4827325954
0.5185181481	0.4814818519	0.8098569357	0.4820676149
0.5195191291	0.4804808709	0.8108911031	0.4814042253
0.5205201101	0.4794798899	0.8119213949	0.4807424219
0.5215210911	0.4784789089	0.8129478185	0.4800822
0.5225220721	0.4774779279	0.8139703812	0.4794235547
0.5235230531	0.4764769469	0.8149890905	0.4787664815
0.524524034	0.475475966	0.8160039538	0.4781109755
0.525525015	0.474474985	0.8170149786	0.4774570322
0.526525996	0.473474004	0.8180221723	0.4768046467
0.527526977	0.472473023	0.8190255425	0.4761538145
0.528527958	0.471472042	0.8200250968	0.4755045309
0.5295289389	0.4704710611	0.8210208428	0.4748567913
0.5305299199	0.4694700801	0.822012788	0.474210591
0.5315309009	0.4684690991	0.8230009401	0.4735659254
0.5325318819	0.4674681181	0.8239853067	0.4729227899
0.5335328629	0.4664671371	0.8249658957	0.4722811799
0.5345338438	0.4654661562	0.8259427146	0.4716410909
0.5355348248	0.4644651752	0.8269157712	0.4710025183
0.5365358058	0.4634641942	0.8278850732	0.4703654576
0.5375367868	0.4624632132	0.8288506285	0.4697299041
0.5385377678	0.4614622322	0.8298124449	0.4690958534
0.5395387487	0.4604612513	0.8307705301	0.468463301
0.5405397297	0.4594602703	0.8317248921	0.4678322423
0.5415407107	0.4584592893	0.8326755387	0.467202673
0.5425416917	0.4574583083	0.8336224778	0.4665745884
0.5435426727	0.4564573273	0.8345657172	0.4659479842
0.5445436537	0.4554563463	0.835505265	0.465322856
0.5455446346	0.4544553654	0.8364411291	0.4646991992
0.5465456156	0.4534543844	0.8373733174	0.4640770095
0.5475465966	0.4524534034	0.8383018379	0.4634562824
0.5485475776	0.4514524224	0.8392266987	0.4628370136
0.5495485586	0.4504514414	0.8401479076	0.4622191987
0.5505495395	0.4494504605	0.8410654729	0.4616028333
0.5515505205	0.4484494795	0.8419794025	0.460987913
0.5525515015	0.4474484985	0.8428897045	0.4603744336
0.5535524825	0.4464475175	0.8437963869	0.4597623907
0.5545534635	0.4454465365	0.844699458	0.45915178
0.5555544444	0.4444455556	0.8455989257	0.4585425971
0.5565554254	0.4434445746	0.8464947982	0.4579348378
0.5575564064	0.4424435936	0.8473870836	0.4573284978
0.5585573874	0.4414426126	0.8482757901	0.4567235729
0.5595583684	0.4404416316	0.8491609259	0.4561200588
0.5605593493	0.4394406507	0.8500424991	0.4555179512
0.5615603303	0.4384396697	0.8509205179	0.454917246
0.5625613113	0.4374386887	0.8517949905	0.4543179389
0.5635622923	0.4364377077	0.8526659251	0.4537200257
0.5645632733	0.4354367267	0.85353333	0.4531235023
0.5655642543	0.4344357457	0.8543972133	0.4525283644
0.5665652352	0.4334347648	0.8552575833	0.4519346079
0.5675662162	0.4324337838	0.8561144482	0.4513422287
0.5685671972	0.4314328028	0.8569678164	0.4507512226
0.5695681782	0.4304318218	0.857817696	0.4501615855
0.5705691592	0.4294308408	0.8586640953	0.4495733133
0.5715701401	0.4284298599	0.8595070227	0.4489864019
0.5725711211	0.4274288789	0.8603464864	0.4484008472
0.5735721021	0.4264278979	0.8611824947	0.4478166451
0.5745730831	0.4254269169	0.8620150559	0.4472337917
0.5755740641	0.4244259359	0.8628441783	0.4466522827
0.576575045	0.423424955	0.8636698702	0.4460721143
0.577576026	0.422423974	0.86449214	0.4454932823
0.578577007	0.421422993	0.865310996	0.4449157828
0.579577988	0.420422012	0.8661264465	0.4443396118
0.580578969	0.419421031	0.8669384998	0.4437647652
0.5815799499	0.4184200501	0.8677471643	0.4431912392
0.5825809309	0.4174190691	0.8685524484	0.4426190298
0.5835819119	0.4164180881	0.8693543603	0.442048133
0.5845828929	0.4154171071	0.8701529085	0.4414785449
0.5855838739	0.4144161261	0.8709481012	0.4409102615
0.5865848549	0.4134151451	0.8717399469	0.440343279
0.5875858358	0.4124141642	0.8725284539	0.4397775935
0.5885868168	0.4114131832	0.8733136306	0.439213201
0.5895877978	0.4104122022	0.8740954853	0.4386500978
0.5905887788	0.4094112212	0.8748740264	0.4380882799
0.5915897598	0.4084102402	0.8756492623	0.4375277435
0.5925907407	0.4074092593	0.8764212013	0.4369684848
0.5935917217	0.4064082783	0.8771898518	0.4364105
0.5945927027	0.4054072973	0.8779552222	0.4358537852
0.5955936837	0.4044063163	0.8787173209	0.4352983366
0.5965946647	0.4034053353	0.8794761562	0.4347441505
0.5975956456	0.4024043544	0.8802317365	0.4341912231
0.5985966266	0.4014033734	0.8809840701	0.4336395506
0.5995976076	0.4004023924	0.8817331655	0.4330891293
0.6005985886	0.3994014114	0.8824790309	0.4325399554
0.6015995696	0.3984004304	0.8832216749	0.4319920252
0.6026005506	0.3973994494	0.8839611057	0.4314453351
0.6036015315	0.3963984685	0.8846973316	0.4308998812
0.6046025125	0.3953974875	0.8854303612	0.43035566
0.6056034935	0.3943965065	0.8861602026	0.4298126677
0.6066044745	0.3933955255	0.8868868644	0.4292709007
0.6076054555	0.3923945445	0.8876103547	0.4287303553
0.6086064364	0.3913935636	0.8883306821	0.4281910279
0.6096074174	0.3903925826	0.8890478548	0.4276529149
0.6106083984	0.3893916016	0.8897618812	0.4271160125
0.6116093794	0.3883906206	0.8904727695	0.4265803174
0.6126103604	0.3873896396	0.8911805283	0.4260458257
0.6136113413	0.3863886587	0.8918851657	0.4255125341
0.6146123223	0.3853876777	0.8925866902	0.4249804388
0.6156133033	0.3843866967	0.89328511	0.4244495363
0.6166142843	0.3833857157	0.8939804335	0.4239198231
0.6176152653	0.3823847347	0.8946726689	0.4233912957
0.6186162462	0.3813837538	0.8953618247	0.4228639505
0.6196172272	0.3803827728	0.896047909	0.422337784
0.6206182082	0.3793817918	0.8967309303	0.4218127928
0.6216191892	0.3783808108	0.8974108967	0.4212889732
0.6226201702	0.3773798298	0.8980878166	0.4207663219
0.6236211512	0.3763788488	0.8987616983	0.4202448354
0.6246221321	0.3753778679	0.89943255	0.4197245102
0.6256231131	0.3743768869	0.9001003801	0.4192053429
0.6266240941	0.3733759059	0.9007651966	0.4186873301
0.6276250751	0.3723749249	0.901427008	0.4181704682
0.6286260561	0.3713739439	0.9020858225	0.417654754
0.629627037	0.370372963	0.9027416483	0.4171401841
0.630628018	0.369371982	0.9033944937	0.4166267549
0.631628999	0.368371001	0.9040443668	0.4161144633
0.63262998	0.36737002	0.9046912759	0.4156033057
0.633630961	0.366369039	0.9053352292	0.4150932789
0.6346319419	0.3653680581	0.9059762349	0.4145843795
0.6356329229	0.3643670771	0.9066143012	0.4140766042
0.6366339039	0.3633660961	0.9072494364	0.4135699496
0.6376348849	0.3623651151	0.9078816484	0.4130644125
0.6386358659	0.3613641341	0.9085109456	0.4125599895
0.6396368468	0.3603631532	0.9091373362	0.4120566774
0.6406378278	0.3593621722	0.9097608281	0.4115544728
0.6416388088	0.3583611912	0.9103814297	0.4110533726
0.6426397898	0.3573602102	0.910999149	0.4105533735
0.6436407708	0.3563592292	0.9116139941	0.4100544722
0.6446417518	0.3553582482	0.9122259732	0.4095566655
0.6456427327	0.3543572673	0.9128350943	0.4090599501
0.6466437137	0.3533562863	0.9134413657	0.4085643229
0.6476446947	0.3523553053	0.9140447952	0.4080697807
0.6486456757	0.3513543243	0.9146453911	0.4075763202
0.6496466567	0.3503533433	0.9152431614	0.4070839384
0.6506476376	0.3493523624	0.9158381142	0.4065926319
0.6516486186	0.3483513814	0.9164302574	0.4061023978
0.6526495996	0.3473504004	0.9170195991	0.4056132327
0.6536505806	0.3463494194	0.9176061474	0.4051251336
0.6546515616	0.3453484384	0.9181899103	0.4046380974
0.6556525425	0.3443474575	0.9187708957	0.404152121
0.6566535235	0.3433464765	0.9193491116	0.4036672011
0.6576545045	0.3423454955	0.9199245661	0.4031833348
0.6586554855	0.3413445145	0.9204972671	0.402700519
0.6596564665	0.3403435335	0.9210672225	0.4022187506
0.6606574474	0.3393425526	0.9216344403	0.4017380264
0.6616584284	0.3383415716	0.9221989285	0.4012583436
0.6626594094	0.3373405906	0.9227606949	0.4007796989
0.6636603904	0.3363396096	0.9233197475	0.4003020895
0.6646613714	0.3353386286	0.9238760941	0.3998255122
0.6656623524	0.3343376476	0.9244297426	0.3993499641
0.6666633333	0.3333366667	0.924980701	0.3988754421
0.6676643143	0.3323356857	0.9255289771	0.3984019433
0.6686652953	0.3313347047	0.9260745787	0.3979294647
0.6696662763	0.3303337237	0.9266175136	0.3974580032
0.6706672573	0.3293327427	0.9271577897	0.3969875561
0.6716682382	0.3283317618	0.9276954149	0.3965181202
0.6726692192	0.3273307808	0.9282303968	0.3960496926
0.6736702002	0.3263297998	0.9287627433	0.3955822705
0.6746711812	0.3253288188	0.9292924622	0.3951158509
0.6756721622	0.3243278378	0.9298195612	0.3946504309
0.6766731431	0.3233268569	0.930344048	0.3941860075
0.6776741241	0.3223258759	0.9308659305	0.3937225779
0.6786751051	0.3213248949	0.9313852162	0.3932601392
0.6796760861	0.3203239139	0.931901913	0.3927986886
0.6806770671	0.3193229329	0.9324160286	0.3923382231
0.681678048	0.318321952	0.9329275705	0.3918787399
0.682679029	0.317320971	0.9334365464	0.3914202362
0.68368001	0.31631999	0.9339429641	0.3909627091
0.684680991	0.315319009	0.9344468312	0.3905061559
0.685681972	0.314318028	0.9349481552	0.3900505736
0.686682953	0.313317047	0.9354469439	0.3895959595
0.6876839339	0.3123160661	0.9359432047	0.3891423107
0.6886849149	0.3113150851	0.9364369453	0.3886896246
0.6896858959	0.3103141041	0.9369281733	0.3882378983
0.6906868769	0.3093131231	0.9374168962	0.3877871291
0.6916878579	0.3083121421	0.9379031215	0.3873373141
0.6926888388	0.3073111612	0.9383868568	0.3868884507
0.6936898198	0.3063101802	0.9388681096	0.386440536
0.6946908008	0.3053091992	0.9393468873	0.3859935675
0.6956917818	0.3043082182	0.9398231976	0.3855475422
0.6966927628	0.3033072372	0.9402970478	0.3851024577
0.6976937437	0.3023062563	0.9407684454	0.384658311
0.6986947247	0.3013052753	0.9412373978	0.3842150996
0.6996957057	0.3003042943	0.9417039125	0.3837728207
0.7006966867	0.2993033133	0.9421679969	0.3833314717
0.7016976677	0.2983023323	0.9426296584	0.3828910499
0.7026986486	0.2973013514	0.9430889043	0.3824515526
0.7036996296	0.2963003704	0.9435457421	0.3820129772
0.7047006106	0.2952993894	0.944000179	0.3815753211
0.7057015916	0.2942984084	0.9444522225	0.3811385816
0.7067025726	0.2932974274	0.9449018798	0.380702756
0.7077035536	0.2922964464	0.9453491583	0.3802678419
0.7087045345	0.2912954655	0.9457940652	0.3798338365
0.7097055155	0.2902944845	0.9462366078	0.3794007374
0.7107064965	0.2892935035	0.9466767934	0.3789685418
0.7117074775	0.2882925225	0.9471146292	0.3785372472
0.7127084585	0.2872915415	0.9475501225	0.3781068511
0.7137094394	0.2862905606	0.9479832805	0.3776773508
0.7147104204	0.2852895796	0.9484141104	0.3772487439
0.7157114014	0.2842885986	0.9488426193	0.3768210277
0.7167123824	0.2832876176	0.9492688145	0.3763941998
0.7177133634	0.2822866366	0.9496927031	0.3759682576
0.7187143443	0.2812856557	0.9501142922	0.3755431987
0.7197153253	0.2802846747	0.950533589	0.3751190204
0.7207163063	0.2792836937	0.9509506006	0.3746957203
0.7217172873	0.2782827127	0.951365334	0.3742732958
0.7227182683	0.2772817317	0.9517777963	0.3738517446
0.7237192492	0.2762807508	0.9521879947	0.3734310642
0.7247202302	0.2752797698	0.9525959362	0.3730112519
0.7257212112	0.2742787888	0.9530016277	0.3725923055
0.7267221922	0.2732778078	0.9534050763	0.3721742225
0.7277231732	0.2722768268	0.953806289	0.3717570003
0.7287241542	0.2712758458	0.9542052728	0.3713406367
0.7297251351	0.2702748649	0.9546020347	0.370925129
0.7307261161	0.2692738839	0.9549965815	0.370510475
0.7317270971	0.2682729029	0.9553889204	0.3700966722
0.7327280781	0.2672719219	0.955779058	0.3696837183
0.7337290591	0.2662709409	0.9561670015	0.3692716107
0.73473004	0.26526996	0.9565527576	0.3688603472
0.735731021	0.264268979	0.9569363333	0.3684499253
0.736732002	0.263267998	0.9573177353	0.3680403428
0.737732983	0.262267017	0.9576969706	0.3676315971
0.738733964	0.261266036	0.9580740459	0.367223686
0.7397349449	0.2602650551	0.9584489682	0.3668166071
0.7407359259	0.2592640741	0.958821744	0.3664103581
0.7417369069	0.2582630931	0.9591923804	0.3660049367
0.7427378879	0.2572621121	0.9595608839	0.3656003405
0.7437388689	0.2562611311	0.9599272614	0.3651965672
0.7447398498	0.2552601502	0.9602915196	0.3647936145
0.7457408308	0.2542591692	0.9606536651	0.3643914801
0.7467418118	0.2532581882	0.9610137048	0.3639901618
0.7477427928	0.2522572072	0.9613716452	0.3635896571
0.7487437738	0.2512562262	0.9617274931	0.363189964
0.7497447548	0.2502552452	0.9620812551	0.36279108
0.7507457357	0.2492542643	0.9624329378	0.3623930029
0.7517467167	0.2482532833	0.9627825478	0.3619957305
0.7527476977	0.2472523023	0.9631300918	0.3615992605
0.7537486787	0.2462513213	0.9634755764	0.3612035907
0.7547496597	0.2452503403	0.963819008	0.3608087189
0.7557506406	0.2442493594	0.9641603933	0.3604146428
0.7567516216	0.2432483784	0.9644997387	0.3600213602
0.7577526026	0.2422473974	0.9648370509	0.3596288689
0.7587535836	0.2412464164	0.9651723363	0.3592371668
0.7597545646	0.2402454354	0.9655056014	0.3588462515
0.7607555455	0.2392444545	0.9658368527	0.358456121
0.7617565265	0.2382434735	0.9661660967	0.358066773
0.7627575075	0.2372424925	0.9664933397	0.3576782054
0.7637584885	0.2362415115	0.9668185882	0.357290416
0.7647594695	0.2352405305	0.9671418486	0.3569034026
0.7657604505	0.2342395495	0.9674631273	0.3565171632
0.7667614314	0.2332385686	0.9677824307	0.3561316955
0.7677624124	0.2322375876	0.9680997652	0.3557469975
0.7687633934	0.2312366066	0.968415137	0.3553630669
0.7697643744	0.2302356256	0.9687285525	0.3549799017
0.7707653554	0.2292346446	0.9690400181	0.3545974998
0.7717663363	0.2282336637	0.96934954	0.354215859
0.7727673173	0.2272326827	0.9696571244	0.3538349773
0.7737682983	0.2262317017	0.9699627778	0.3534548526
0.7747692793	0.2252307207	0.9702665062	0.3530754827
0.7757702603	0.2242297397	0.9705683159	0.3526968656
0.7767712412	0.2232287588	0.9708682133	0.3523189992
0.7777722222	0.2222277778	0.9711662043	0.3519418815
0.7787732032	0.2212267968	0.9714622953	0.3515655104
0.7797741842	0.2202258158	0.9717564924	0.3511898839
0.7807751652	0.2192248348	0.9720488018	0.3508149998
0.7817761461	0.2182238539	0.9723392295	0.3504408562
0.7827771271	0.2172228729	0.9726277817	0.3500674511
0.7837781081	0.2162218919	0.9729144646	0.3496947823
0.7847790891	0.2152209109	0.9731992841	0.349322848
0.7857800701	0.2142199299	0.9734822464	0.348951646
0.7867810511	0.2132189489	0.9737633575	0.3485811744
0.787782032	0.212217968	0.9740426234	0.3482114312
0.788783013	0.211216987	0.9743200503	0.3478424144
0.789783994	0.210216006	0.974595644	0.3474741219
0.790784975	0.209215025	0.9748694105	0.3471065519
0.791785956	0.208214044	0.975141356	0.3467397024
0.7927869369	0.2072130631	0.9754114862	0.3463735714
0.7937879179	0.2062120821	0.9756798072	0.3460081568
0.7947888989	0.2052111011	0.9759463248	0.3456434569
0.7957898799	0.2042101201	0.976211045	0.3452794696
0.7967908609	0.2032091391	0.9764739738	0.344916193
0.7977918418	0.2022081582	0.9767351168	0.3445536252
0.7987928228	0.2012071772	0.9769944801	0.3441917642
0.7997938038	0.2002061962	0.9772520694	0.3438306081
0.8007947848	0.1992052152	0.9775078907	0.3434701551
0.8017957658	0.1982042342	0.9777619496	0.3431104031
0.8027967467	0.1972032533	0.9780142521	0.3427513504
0.8037977277	0.1962022723	0.9782648039	0.3423929949
0.8047987087	0.1952012913	0.9785136107	0.3420353349
0.8057996897	0.1942003103	0.9787606783	0.3416783684
0.8068006707	0.1931993293	0.9790060125	0.3413220936
0.8078016517	0.1921983483	0.979249619	0.3409665085
0.8088026326	0.1911973674	0.9794915034	0.3406116114
0.8098036136	0.1901963864	0.9797316715	0.3402574004
0.8108045946	0.1891954054	0.9799701289	0.3399038736
0.8118055756	0.1881944244	0.9802068814	0.3395510292
0.8128065566	0.1871934434	0.9804419344	0.3391988653
0.8138075375	0.1861924625	0.9806752938	0.3388473801
0.8148085185	0.1851914815	0.980906965	0.3384965718
0.8158094995	0.1841905005	0.9811369537	0.3381464386
0.8168104805	0.1831895195	0.9813652654	0.3377969786
0.8178114615	0.1821885385	0.9815919057	0.3374481901
0.8188124424	0.1811875576	0.9818168802	0.3371000712
0.8198134234	0.1801865766	0.9820401945	0.3367526201
0.8208144044	0.1791855956	0.9822618539	0.3364058351
0.8218153854	0.1781846146	0.982481864	0.3360597144
0.8228163664	0.1771836336	0.9827002304	0.3357142562
0.8238173473	0.1761826527	0.9829169584	0.3353694586
0.8248183283	0.1751816717	0.9831320535	0.33502532
0.8258193093	0.1741806907	0.9833455213	0.3346818386
0.8268202903	0.1731797097	0.983557367	0.3343390127
0.8278212713	0.1721787287	0.9837675961	0.3339968404
0.8288222523	0.1711777477	0.983976214	0.33365532
0.8298232332	0.1701767668	0.9841832261	0.3333144499
0.8308242142	0.1691757858	0.9843886378	0.3329742282
0.8318251952	0.1681748048	0.9845924543	0.3326346533
0.8328261762	0.1671738238	0.9847946811	0.3322957234
0.8338271572	0.1661728428	0.9849953234	0.3319574368
0.8348281381	0.1651718619	0.9851943866	0.3316197918
0.8358291191	0.1641708809	0.9853918759	0.3312827866
0.8368301001	0.1631698999	0.9855877966	0.3309464197
0.8378310811	0.1621689189	0.9857821539	0.3306106893
0.8388320621	0.1611679379	0.9859749532	0.3302755936
0.839833043	0.160166957	0.9861661996	0.3299411312
0.840834024	0.159165976	0.9863558984	0.3296073001
0.841835005	0.158164995	0.9865440547	0.3292740989
0.842835986	0.157164014	0.9867306738	0.3289415257
0.843836967	0.156163033	0.9869157607	0.328609579
0.8448379479	0.1551620521	0.9870993207	0.3282782571
0.8458389289	0.1541610711	0.9872813589	0.3279475584
0.8468399099	0.1531600901	0.9874618804	0.3276174812
0.8478408909	0.1521591091	0.9876408903	0.3272880238
0.8488418719	0.1511581281	0.9878183937	0.3269591847
0.8498428529	0.1501571471	0.9879943957	0.3266309622
0.8508438338	0.1491561662	0.9881689014	0.3263033547
0.8518448148	0.1481551852	0.9883419158	0.3259763605
0.8528457958	0.1471542042	0.9885134439	0.3256499781
0.8538467768	0.1461532232	0.9886834908	0.3253242059
0.8548477578	0.1451522422	0.9888520614	0.3249990422
0.8558487387	0.1441512613	0.9890191608	0.3246744854
0.8568497197	0.1431502803	0.9891847939	0.324350534
0.8578507007	0.1421492993	0.9893489657	0.3240271864
0.8588516817	0.1411483183	0.9895116811	0.323704441
0.8598526627	0.1401473373	0.9896729451	0.3233822962
0.8608536436	0.1391463564	0.9898327626	0.3230607504
0.8618546246	0.1381453754	0.9899911385	0.3227398021
0.8628556056	0.1371443944	0.9901480777	0.3224194498
0.8638565866	0.1361434134	0.990303585	0.3220996918
0.8648575676	0.1351424324	0.9904576653	0.3217805266
0.8658585485	0.1341414515	0.9906103235	0.3214619527
0.8668595295	0.1331404705	0.9907615643	0.3211439685
0.8678605105	0.1321394895	0.9909113927	0.3208265725
0.8688614915	0.1311385085	0.9910598134	0.3205097631
0.8698624725	0.1301375275	0.9912068311	0.3201935389
0.8708634535	0.1291365465	0.9913524508	0.3198778984
0.8718644344	0.1281355656	0.991496677	0.3195628399
0.8728654154	0.1271345846	0.9916395147	0.319248362
0.8738663964	0.1261336036	0.9917809684	0.3189344632
0.8748673774	0.1251326226	0.991921043	0.3186211419
0.8758683584	0.1241316416	0.9920597431	0.3183083968
0.8768693393	0.1231306607	0.9921970734	0.3179962262
0.8778703203	0.1221296797	0.9923330386	0.3176846288
0.8788713013	0.1211286987	0.9924676434	0.317373603
0.8798722823	0.1201277177	0.9926008924	0.3170631473
0.8808732633	0.1191267367	0.9927327901	0.3167532603
0.8818742442	0.1181257558	0.9928633414	0.3164439405
0.8828752252	0.1171247748	0.9929925507	0.3161351865
0.8838762062	0.1161237938	0.9931204227	0.3158269967
0.8848771872	0.1151228128	0.9932469619	0.3155193698
0.8858781682	0.1141218318	0.9933721728	0.3152123043
0.8868791491	0.1131208509	0.9934960602	0.3149057987
0.8878801301	0.1121198699	0.9936186284	0.3145998515
0.8888811111	0.1111188889	0.993739882	0.3142944615
0.8898820921	0.1101179079	0.9938598255	0.3139896271
0.8908830731	0.1091169269	0.9939784635	0.3136853469
0.8918840541	0.1081159459	0.9940958003	0.3133816195
0.892885035	0.107114965	0.9942118405	0.3130784435
0.893886016	0.106113984	0.9943265885	0.3127758174
0.894886997	0.105113003	0.9944400488	0.3124737399
0.895887978	0.104112022	0.9945522257	0.3121722095
0.896888959	0.103111041	0.9946631238	0.3118712249
0.8978899399	0.1021100601	0.9947727473	0.3115707846
0.8988909209	0.1011090791	0.9948811008	0.3112708873
0.8998919019	0.1001080981	0.9949881885	0.3109715315
0.9008928829	0.09910711712	0.9950940149	0.310672716
0.9018938639	0.09810613614	0.9951985842	0.3103744393
0.9028948448	0.09710515516	0.9953019008	0.3100767
0.9038958258	0.09610417417	0.9954039691	0.3097794968
0.9048968068	0.09510319319	0.9955047933	0.3094828283
0.9058977878	0.09410221221	0.9956043777	0.3091866932
0.9068987688	0.09310123123	0.9957027267	0.3088910901
0.9078997497	0.09210025025	0.9957998444	0.3085960176
0.9089007307	0.09109926927	0.9958957352	0.3083014745
0.9099017117	0.09009828829	0.9959904032	0.3080074593
0.9109026927	0.08909730731	0.9960838528	0.3077139707
0.9119036737	0.08809632633	0.9961760881	0.3074210074
0.9129046547	0.08709534535	0.9962671134	0.3071285681
0.9139056356	0.08609436436	0.9963569328	0.3068366515
0.9149066166	0.08509338338	0.9964455505	0.3065452561
0.9159075976	0.0840924024	0.9965329706	0.3062543807
0.9169085786	0.08309142142	0.9966191974	0.3059640241
0.9179095596	0.08209044044	0.996704235	0.3056741848
0.9189105405	0.08108945946	0.9967880874	0.3053848616
0.9199115215	0.08008847848	0.9968707588	0.3050960531
0.9209125025	0.0790874975	0.9969522534	0.3048077581
0.9219134835	0.07808651652	0.9970325751	0.3045199754
0.9229144645	0.07708553554	0.9971117281	0.3042327035
0.9239154454	0.07608455455	0.9971897165	0.3039459412
0.9249164264	0.07508357357	0.9972665442	0.3036596873
0.9259174074	0.07408259259	0.9973422154	0.3033739404
0.9269183884	0.07308161161	0.997416734	0.3030886993
0.9279193694	0.07208063063	0.9974901041	0.3028039627
0.9289203504	0.07107964965	0.9975623296	0.3025197294
0.9299213313	0.07007866867	0.9976334146	0.3022359981
0.9309223123	0.06907768769	0.9977033631	0.3019527675
0.9319232933	0.06807670671	0.9977721789	0.3016700364
0.9329242743	0.06707572573	0.9978398661	0.3013878035
0.9339252553	0.06607474474	0.9979064285	0.3011060676
0.9349262362	0.06507376376	0.9979718702	0.3008248275
0.9359272172	0.06407278278	0.998036195	0.3005440819
0.9369281982	0.0630718018	0.9980994068	0.3002638296
0.9379291792	0.06207082082	0.9981615096	0.2999840693
0.9389301602	0.06106983984	0.9982225071	0.2997047999
0.9399311411	0.06006885886	0.9982824034	0.2994260201
0.9409321221	0.05906787788	0.9983412021	0.2991477286
0.9419331031	0.0580668969	0.9983989072	0.2988699244
0.9429340841	0.05706591592	0.9984555225	0.2985926061
0.9439350651	0.05606493493	0.9985110519	0.2983157726
0.944936046	0.05506395395	0.998565499	0.2980394227
0.945937027	0.05406297297	0.9986188678	0.2977635551
0.946938008	0.05306199199	0.9986711619	0.2974881686
0.947938989	0.05206101101	0.9987223852	0.2972132622
0.94893997	0.05106003003	0.9987725415	0.2969388346
0.949940951	0.05005904905	0.9988216344	0.2966648845
0.9509419319	0.04905806807	0.9988696677	0.2963914109
0.9519429129	0.04805708709	0.9989166452	0.2961184125
0.9529438939	0.04705610611	0.9989625705	0.2958458882
0.9539448749	0.04605512513	0.9990074473	0.2955738369
0.9549458559	0.04505414414	0.9990512794	0.2953022572
0.9559468368	0.04405316316	0.9990940704	0.2950311482
0.9569478178	0.04305218218	0.999135824	0.2947605086
0.9579487988	0.0420512012	0.9991765438	0.2944903372
0.9589497798	0.04105022022	0.9992162335	0.294220633
0.9599507608	0.04004923924	0.9992548966	0.2939513947
0.9609517417	0.03904825826	0.9992925369	0.2936826213
0.9619527227	0.03804727728	0.999329158	0.2934143115
0.9629537037	0.0370462963	0.9993647633	0.2931464643
0.9639546847	0.03604531532	0.9993993566	0.2928790785
0.9649556657	0.03504433433	0.9994329414	0.292612153
0.9659566466	0.03404335335	0.9994655212	0.2923456867
0.9669576276	0.03304237237	0.9994970996	0.2920796784
0.9679586086	0.03204139139	0.9995276802	0.2918141271
0.9689595896	0.03104041041	0.9995572664	0.2915490315
0.9699605706	0.03003942943	0.9995858618	0.2912843906
0.9709615516	0.02903844845	0.99961347	0.2910202033
0.9719625325	0.02803746747	0.9996400943	0.2907564685
0.9729635135	0.02703648649	0.9996657383	0.2904931851
0.9739644945	0.02603550551	0.9996904054	0.2902303519
0.9749654755	0.02503452452	0.9997140992	0.2899679679
0.9759664565	0.02403354354	0.999736823	0.289706032
0.9769674374	0.02303256256	0.9997585804	0.2894445431
0.9779684184	0.02203158158	0.9997793747	0.2891835001
0.9789693994	0.0210306006	0.9997992093	0.288922902
0.9799703804	0.02002961962	0.9998180877	0.2886627476
0.9809713614	0.01902863864	0.9998360133	0.2884030359
0.9819723423	0.01802765766	0.9998529894	0.2881437657
0.9829733233	0.01702667668	0.9998690194	0.2878849362
0.9839743043	0.0160256957	0.9998841067	0.2876265461
0.9849752853	0.01502471471	0.9998982547	0.2873685943
0.9859762663	0.01402373373	0.9999114666	0.28711108
0.9869772472	0.01302275275	0.9999237459	0.2868540019
0.9879782282	0.01202177177	0.9999350958	0.2865973591
0.9889792092	0.01102079079	0.9999455197	0.2863411505
0.9899801902	0.01001980981	0.9999550208	0.286085375
0.9909811712	0.009018828829	0.9999636025	0.2858300316
0.9919821522	0.008017847848	0.999971268	0.2855751193
0.9929831331	0.007016866867	0.9999780206	0.285320637
0.9939841141	0.006015885886	0.9999838636	0.2850665837
0.9949850951	0.005014904905	0.9999888001	0.2848129584
0.9959860761	0.004013923924	0.9999928335	0.28455976
0.9969870571	0.003012942943	0.999995967	0.2843069875
0.997988038	0.002011961962	0.9999982037	0.2840546399
0.998989019	0.001010980981	0.999999547	0.2838027161
0.99999	1e-05	1	0.2835512152
