1e-05	0.99999	15.81147735	1.000000015
0.001010980981	0.998989019	11.72950834	1.000150939
0.002011961962	0.997988038	8.867327041	1.000573044
0.003012942943	0.9969870571	6.822160101	1.001232661
0.004013923924	0.9959860761	5.334923324	1.00209981
0.005014904905	0.9949850951	4.235625155	1.003147737
0.006015885886	0.9939841141	3.41064567	1.004352531
0.007016866867	0.9929831331	2.782716185	1.005692783
0.008017847848	0.9919821522	2.298429763	1.007149304
0.009018828829	0.9909811712	1.920306504	1.008704865
0.01001980981	0.9899801902	1.621665455	1.010343989
0.01102079079	0.9889792092	1.383256483	1.012052753
0.01202177177	0.9879782282	1.19101424	1.013818626
0.01302275275	0.9869772472	1.034538729	1.015630321
0.01402373373	0.9859762663	0.9060534143	1.01747767
0.01502471471	0.9849752853	0.7996815726	1.019351505
0.0160256957	0.9839743043	0.7109375433	1.021243564
0.01702667668	0.9829733233	0.6363649364	1.023146399
0.01802765766	0.9819723423	0.5732765251	1.025053297
0.01902863864	0.9809713614	0.5195653032	1.02695821
0.02002961962	0.9799703804	0.4735658802	1.028855694
0.0210306006	0.9789693994	0.4339518498	1.030740849
0.02203158158	0.9779684184	0.3996591179	1.032609272
0.02303256256	0.9769674374	0.3698281356	1.034457011
0.02403354354	0.9759664565	0.3437600236	1.036280524
0.02503452452	0.9749654755	0.3208829909	1.03807664
0.02603550551	0.9739644945	0.3007264421	1.03984253
0.02703648649	0.9729635135	0.2829008724	1.041575675
0.02803746747	0.9719625325	0.2670821519	1.043273839
0.02903844845	0.9709615516	0.2529991617	1.044935043
0.03003942943	0.9699605706	0.2404240066	1.046557545
0.03104041041	0.9689595896	0.2291642226	1.048139819
0.03204139139	0.9679586086	0.2190565362	1.049680535
0.03304237237	0.9669576276	0.2099618411	1.051178544
0.03404335335	0.9659566466	0.2017611317	1.052632862
0.03504433433	0.9649556657	0.1943521967	1.054042654
0.03604531532	0.9639546847	0.1876469164	1.055407226
0.0370462963	0.9629537037	0.1815690441	1.056726007
0.03804727728	0.9619527227	0.176052376	1.057998543
0.03904825826	0.9609517417	0.1710392362	1.059224486
0.04004923924	0.9599507608	0.1664792165	1.060403583
0.04105022022	0.9589497798	0.1623281241	1.061535669
0.0420512012	0.9579487988	0.1585471002	1.062620662
0.04305218218	0.9569478178	0.1551018782	1.06365855
0.04405316316	0.9559468368	0.1519621576	1.064649389
0.04505414414	0.9549458559	0.1491010737	1.065593298
0.04605512513	0.9539448749	0.1464947471	1.066490448
0.04705610611	0.9529438939	0.1441218991	1.067341063
0.04805708709	0.9519429129	0.1419635236	1.068145412
0.04905806807	0.9509419319	0.1400026049	1.068903806
0.05005904905	0.949940951	0.1382238755	1.069616592
0.05106003003	0.94893997	0.1366136065	1.070284151
0.05206101101	0.947938989	0.1351594274	1.070906897
0.05306199199	0.946938008	0.1338501685	1.071485269
0.05406297297	0.945937027	0.132675725	1.072019731
0.05506395395	0.944936046	0.1316269379	1.072510769
0.05606493493	0.9439350651	0.13069549	1.072958888
0.05706591592	0.9429340841	0.1298738154	1.073364611
0.0580668969	0.9419331031	0.1291550191	1.073728476
0.05906787788	0.9409321221	0.1285328074	1.074051033
0.06006885886	0.9399311411	0.1280014252	1.074332844
0.06106983984	0.9389301602	0.1275556024	1.074574482
0.06207082082	0.9379291792	0.1271905046	1.074776526
0.0630718018	0.9369281982	0.1269016906	1.074939564
0.06407278278	0.9359272172	0.1266850746	1.075064188
0.06507376376	0.9349262362	0.1265368915	1.075150995
0.06607474474	0.9339252553	0.1264536676	1.075200585
0.06707572573	0.9329242743	0.1264321929	1.07521356
0.06807670671	0.9319232933	0.1264694973	1.075190525
0.06907768769	0.9309223123	0.1265628288	1.075132083
0.07007866867	0.9299213313	0.1267096341	1.07503884
0.07107964965	0.9289203504	0.1269075414	1.074911397
0.07208063063	0.9279193694	0.1271543443	1.074750357
0.07308161161	0.9269183884	0.1274479878	1.074556319
0.07408259259	0.9259174074	0.1277865556	1.074329878
0.07508357357	0.9249164264	0.1281682584	1.07407163
0.07608455455	0.9239154454	0.1285914237	1.073782162
0.07708553554	0.9229144645	0.1290544857	1.073462061
0.07808651652	0.9219134835	0.1295559775	1.073111908
0.0790874975	0.9209125025	0.1300945227	1.072732278
0.08008847848	0.9199115215	0.1306688284	1.072323743
0.08108945946	0.9189105405	0.131277679	1.071886867
0.08209044044	0.9179095596	0.1319199298	1.071422211
0.08309142142	0.9169085786	0.132594502	1.070930329
0.0840924024	0.9159075976	0.1333003777	1.070411769
0.08509338338	0.9149066166	0.1340365952	1.069867072
0.08609436436	0.9139056356	0.134802245	1.069296773
0.08709534535	0.9129046547	0.1355964662	1.068701402
0.08809632633	0.9119036737	0.1364184425	1.068081479
0.08909730731	0.9109026927	0.1372673996	1.067437521
0.09009828829	0.9099017117	0.1381426019	1.066770036
0.09109926927	0.9089007307	0.1390433499	1.066079525
0.09210025025	0.9078997497	0.1399689777	1.065366483
0.09310123123	0.9068987688	0.1409188507	1.064631397
0.09410221221	0.9058977878	0.1418923636	1.063874749
0.09510319319	0.9048968068	0.1428889382	1.063097011
0.09610417417	0.9038958258	0.1439080219	1.06229865
0.09710515516	0.9028948448	0.1449490857	1.061480125
0.09810613614	0.9018938639	0.1460116231	1.060641889
0.09910711712	0.9008928829	0.147095148	1.059784387
0.1001080981	0.8998919019	0.1481991943	1.058908057
0.1011090791	0.8988909209	0.1493233137	1.05801333
0.1021100601	0.8978899399	0.1504670752	1.057100632
0.103111041	0.896888959	0.1516300639	1.056170379
0.104112022	0.895887978	0.1528118799	1.055222982
0.105113003	0.894886997	0.1540121374	1.054258844
0.106113984	0.893886016	0.1552304641	1.053278364
0.107114965	0.892885035	0.1564665	1.05228193
0.1081159459	0.8918840541	0.1577198971	1.051269926
0.1091169269	0.8908830731	0.1589903183	1.05024273
0.1101179079	0.8898820921	0.160277437	1.049200713
0.1111188889	0.8888811111	0.1615809365	1.048144237
0.1121198699	0.8878801301	0.1629005096	1.047073661
0.1131208509	0.8868791491	0.1642358574	1.045989336
0.1141218318	0.8858781682	0.1655866898	1.044891607
0.1151228128	0.8848771872	0.1669527242	1.043780814
0.1161237938	0.8838762062	0.1683336857	1.042657289
0.1171247748	0.8828752252	0.1697293062	1.041521358
0.1181257558	0.8818742442	0.1711393244	1.040373343
0.1191267367	0.8808732633	0.1725634851	1.03921356
0.1201277177	0.8798722823	0.1740015395	1.038042316
0.1211286987	0.8788713013	0.1754532441	1.036859916
0.1221296797	0.8778703203	0.1769183609	1.035666657
0.1231306607	0.8768693393	0.1783966571	1.034462833
0.1241316416	0.8758683584	0.1798879047	1.03324873
0.1251326226	0.8748673774	0.1813918805	1.03202463
0.1261336036	0.8738663964	0.1829083655	1.030790809
0.1271345846	0.8728654154	0.1844371451	1.029547538
0.1281355656	0.8718644344	0.1859780087	1.028295083
0.1291365465	0.8708634535	0.1875307494	1.027033705
0.1301375275	0.8698624725	0.1890951643	1.02576366
0.1311385085	0.8688614915	0.1906710537	1.0244852
0.1321394895	0.8678605105	0.1922582213	1.023198569
0.1331404705	0.8668595295	0.1938564742	1.021904011
0.1341414515	0.8658585485	0.1954656224	1.020601761
0.1351424324	0.8648575676	0.1970854791	1.019292052
0.1361434134	0.8638565866	0.1987158602	1.017975112
0.1371443944	0.8628556056	0.2003565842	1.016651165
0.1381453754	0.8618546246	0.2020074724	1.015320428
0.1391463564	0.8608536436	0.2036683488	1.013983117
0.1401473373	0.8598526627	0.2053390395	1.012639442
0.1411483183	0.8588516817	0.2070193732	1.01128961
0.1421492993	0.8578507007	0.2087091808	1.009933823
0.1431502803	0.8568497197	0.2104082953	1.008572279
0.1441512613	0.8558487387	0.212116552	1.007205172
0.1451522422	0.8548477578	0.2138337882	1.005832694
0.1461532232	0.8538467768	0.2155598431	1.00445503
0.1471542042	0.8528457958	0.2172945581	1.003072364
0.1481551852	0.8518448148	0.2190377761	1.001684876
0.1491561662	0.8508438338	0.2207893421	1.00029274
0.1501571471	0.8498428529	0.2225491028	0.9988961292
0.1511581281	0.8488418719	0.2243169065	0.9974952124
0.1521591091	0.8478408909	0.2260926035	0.9960901549
0.1531600901	0.8468399099	0.2278760454	0.9946811186
0.1541610711	0.8458389289	0.2296670855	0.9932682624
0.1551620521	0.8448379479	0.2314655789	0.9918517417
0.156163033	0.843836967	0.2332713817	0.990431709
0.157164014	0.842835986	0.2350843521	0.9890083135
0.158164995	0.841835005	0.2369043493	0.9875817015
0.159165976	0.840834024	0.2387312342	0.9861520161
0.160166957	0.839833043	0.2405648689	0.9847193978
0.1611679379	0.8388320621	0.2424051169	0.9832839839
0.1621689189	0.8378310811	0.2442518434	0.981845909
0.1631698999	0.8368301001	0.2461049143	0.980405305
0.1641708809	0.8358291191	0.2479641974	0.9789623009
0.1651718619	0.8348281381	0.2498295613	0.9775170233
0.1661728428	0.8338271572	0.2517008762	0.9760695959
0.1671738238	0.8328261762	0.2535780135	0.9746201401
0.1681748048	0.8318251952	0.2554608455	0.9731687744
0.1691757858	0.8308242142	0.2573492461	0.9717156152
0.1701767668	0.8298232332	0.2592430902	0.9702607763
0.1711777477	0.8288222523	0.2611422538	0.9688043691
0.1721787287	0.8278212713	0.2630466143	0.9673465028
0.1731797097	0.8268202903	0.2649560499	0.9658872841
0.1741806907	0.8258193093	0.2668704403	0.9644268176
0.1751816717	0.8248183283	0.268789666	0.9629652057
0.1761826527	0.8238173473	0.2707136088	0.9615025485
0.1771836336	0.8228163664	0.2726421514	0.9600389441
0.1781846146	0.8218153854	0.2745751779	0.9585744884
0.1791855956	0.8208144044	0.2765125731	0.9571092754
0.1801865766	0.8198134234	0.2784542231	0.9556433971
0.1811875576	0.8188124424	0.2804000149	0.9541769433
0.1821885385	0.8178114615	0.2823498366	0.9527100022
0.1831895195	0.8168104805	0.2843035775	0.9512426598
0.1841905005	0.8158094995	0.2862611276	0.9497750003
0.1851914815	0.8148085185	0.2882223782	0.9483071064
0.1861924625	0.8138075375	0.2901872213	0.9468390586
0.1871934434	0.8128065566	0.2921555502	0.9453709359
0.1881944244	0.8118055756	0.294127259	0.9439028154
0.1891954054	0.8108045946	0.2961022428	0.9424347728
0.1901963864	0.8098036136	0.2980803978	0.9409668817
0.1911973674	0.8088026326	0.3000616211	0.9394992146
0.1921983483	0.8078016517	0.3020458107	0.9380318419
0.1931993293	0.8068006707	0.3040328655	0.936564833
0.1942003103	0.8057996897	0.3060226856	0.9350982552
0.1952012913	0.8047987087	0.3080151718	0.9336321747
0.1962022723	0.8037977277	0.3100102259	0.932166656
0.1972032533	0.8027967467	0.3120077507	0.9307017623
0.1982042342	0.8017957658	0.3140076498	0.9292375554
0.1992052152	0.8007947848	0.3160098278	0.9277740956
0.2002061962	0.7997938038	0.3180141903	0.9263114418
0.2012071772	0.7987928228	0.3200206437	0.9248496519
0.2022081582	0.7977918418	0.3220290952	0.923388782
0.2032091391	0.7967908609	0.324039453	0.9219288872
0.2042101201	0.7957898799	0.3260516264	0.9204700214
0.2052111011	0.7947888989	0.3280655252	0.9190122372
0.2062120821	0.7937879179	0.3300810603	0.9175555859
0.2072130631	0.7927869369	0.3320981435	0.9161001176
0.208214044	0.791785956	0.3341166873	0.9146458815
0.209215025	0.790784975	0.3361366053	0.9131929253
0.210216006	0.789783994	0.3381578119	0.9117412959
0.211216987	0.788783013	0.3401802221	0.9102910389
0.212217968	0.787782032	0.3422037522	0.9088421988
0.2132189489	0.7867810511	0.3442283188	0.9073948193
0.2142199299	0.7857800701	0.34625384	0.9059489428
0.2152209109	0.7847790891	0.3482802341	0.9045046108
0.2162218919	0.7837781081	0.3503074206	0.9030618638
0.2172228729	0.7827771271	0.3523353197	0.9016207413
0.2182238539	0.7817761461	0.3543638527	0.9001812818
0.2192248348	0.7807751652	0.3563929412	0.8987435231
0.2202258158	0.7797741842	0.358422508	0.8973075017
0.2212267968	0.7787732032	0.3604524767	0.8958732536
0.2222277778	0.7777722222	0.3624827716	0.8944408135
0.2232287588	0.7767712412	0.3645133177	0.8930102157
0.2242297397	0.7757702603	0.3665440411	0.8915814932
0.2252307207	0.7747692793	0.3685748683	0.8901546785
0.2262317017	0.7737682983	0.370605727	0.8887298032
0.2272326827	0.7727673173	0.3726365454	0.8873068979
0.2282336637	0.7717663363	0.3746672525	0.8858859926
0.2292346446	0.7707653554	0.3766977783	0.8844671167
0.2302356256	0.7697643744	0.3787280532	0.8830502984
0.2312366066	0.7687633934	0.3807580087	0.8816355656
0.2322375876	0.7677624124	0.3827875769	0.8802229452
0.2332385686	0.7667614314	0.3848166907	0.8788124635
0.2342395495	0.7657604505	0.3868452837	0.877404146
0.2352405305	0.7647594695	0.3888732903	0.8759980177
0.2362415115	0.7637584885	0.3909006456	0.8745941029
0.2372424925	0.7627575075	0.3929272855	0.873192425
0.2382434735	0.7617565265	0.3949531467	0.871793007
0.2392444545	0.7607555455	0.3969781663	0.8703958712
0.2402454354	0.7597545646	0.3990022825	0.8690010393
0.2412464164	0.7587535836	0.401025434	0.8676085323
0.2422473974	0.7577526026	0.4030475603	0.8662183708
0.2432483784	0.7567516216	0.4050686016	0.8648305746
0.2442493594	0.7557506406	0.4070884987	0.8634451631
0.2452503403	0.7547496597	0.4091071934	0.862062155
0.2462513213	0.7537486787	0.4111246278	0.8606815686
0.2472523023	0.7527476977	0.413140745	0.8593034215
0.2482532833	0.7517467167	0.4151554886	0.8579277309
0.2492542643	0.7507457357	0.417168803	0.8565545134
0.2502552452	0.7497447548	0.4191806332	0.8551837851
0.2512562262	0.7487437738	0.4211909249	0.8538155618
0.2522572072	0.7477427928	0.4231996244	0.8524498585
0.2532581882	0.7467418118	0.4252066789	0.8510866899
0.2542591692	0.7457408308	0.4272120359	0.8497260702
0.2552601502	0.7447398498	0.4292156439	0.8483680132
0.2562611311	0.7437388689	0.4312174518	0.8470125321
0.2572621121	0.7427378879	0.4332174093	0.8456596399
0.2582630931	0.7417369069	0.4352154666	0.8443093489
0.2592640741	0.7407359259	0.4372115746	0.8429616711
0.2602650551	0.7397349449	0.439205685	0.8416166182
0.261266036	0.738733964	0.4411977498	0.8402742014
0.262267017	0.737732983	0.4431877219	0.8389344313
0.263267998	0.736732002	0.4451755547	0.8375973184
0.264268979	0.735731021	0.4471612021	0.8362628728
0.26526996	0.73473004	0.4491446189	0.834931104
0.2662709409	0.7337290591	0.4511257602	0.8336020214
0.2672719219	0.7327280781	0.4531045818	0.8322756338
0.2682729029	0.7317270971	0.4550810403	0.8309519498
0.2692738839	0.7307261161	0.4570550926	0.8296309776
0.2702748649	0.7297251351	0.4590266963	0.8283127252
0.2712758458	0.7287241542	0.4609958095	0.8269972
0.2722768268	0.7277231732	0.4629623911	0.8256844093
0.2732778078	0.7267221922	0.4649264004	0.82437436
0.2742787888	0.7257212112	0.4668877972	0.8230670586
0.2752797698	0.7247202302	0.468846542	0.8217625116
0.2762807508	0.7237192492	0.4708025957	0.8204607248
0.2772817317	0.7227182683	0.4727559201	0.8191617039
0.2782827127	0.7217172873	0.4747064771	0.8178654545
0.2792836937	0.7207163063	0.4766542294	0.8165719815
0.2802846747	0.7197153253	0.4785991402	0.8152812899
0.2812856557	0.7187143443	0.4805411733	0.8139933842
0.2822866366	0.7177133634	0.4824802928	0.8127082687
0.2832876176	0.7167123824	0.4844164636	0.8114259476
0.2842885986	0.7157114014	0.486349651	0.8101464247
0.2852895796	0.7147104204	0.4882798208	0.8088697034
0.2862905606	0.7137094394	0.4902069392	0.8075957871
0.2872915415	0.7127084585	0.4921309732	0.8063246789
0.2882925225	0.7117074775	0.4940518901	0.8050563817
0.2892935035	0.7107064965	0.4959696578	0.803790898
0.2902944845	0.7097055155	0.4978842445	0.8025282302
0.2912954655	0.7087045345	0.4997956191	0.8012683806
0.2922964464	0.7077035536	0.5017037508	0.8000113511
0.2932974274	0.7067025726	0.5036086096	0.7987571434
0.2942984084	0.7057015916	0.5055101657	0.7975057592
0.2952993894	0.7047006106	0.5074083898	0.7962571996
0.2963003704	0.7036996296	0.509303253	0.795011466
0.2973013514	0.7026986486	0.5111947272	0.7937685591
0.2983023323	0.7016976677	0.5130827845	0.79252848
0.2993033133	0.7006966867	0.5149673973	0.791291229
0.3003042943	0.6996957057	0.5168485389	0.7900568066
0.3013052753	0.6986947247	0.5187261826	0.788825213
0.3023062563	0.6976937437	0.5206003024	0.7875964484
0.3033072372	0.6966927628	0.5224708727	0.7863705125
0.3043082182	0.6956917818	0.5243378683	0.7851474051
0.3053091992	0.6946908008	0.5262012645	0.7839271257
0.3063101802	0.6936898198	0.5280610369	0.7827096739
0.3073111612	0.6926888388	0.5299171615	0.7814950487
0.3083121421	0.6916878579	0.5317696151	0.7802832493
0.3093131231	0.6906868769	0.5336183743	0.7790742746
0.3103141041	0.6896858959	0.5354634167	0.7778681235
0.3113150851	0.6886849149	0.5373047199	0.7766647945
0.3123160661	0.6876839339	0.5391422621	0.7754642863
0.313317047	0.686682953	0.5409760219	0.7742665972
0.314318028	0.685681972	0.5428059782	0.7730717254
0.315319009	0.684680991	0.5446321103	0.7718796691
0.31631999	0.68368001	0.5464543979	0.7706904262
0.317320971	0.682679029	0.5482728213	0.7695039947
0.318321952	0.681678048	0.5500873608	0.7683203722
0.3193229329	0.6806770671	0.5518979973	0.7671395564
0.3203239139	0.6796760861	0.5537047122	0.7659615449
0.3213248949	0.6786751051	0.5555074869	0.764786335
0.3223258759	0.6776741241	0.5573063034	0.763613924
0.3233268569	0.6766731431	0.5591011442	0.7624443091
0.3243278378	0.6756721622	0.5608919919	0.7612774873
0.3253288188	0.6746711812	0.5626788295	0.7601134557
0.3263297998	0.6736702002	0.5644616404	0.7589522111
0.3273307808	0.6726692192	0.5662404084	0.7577937503
0.3283317618	0.6716682382	0.5680151176	0.75663807
0.3293327427	0.6706672573	0.5697857525	0.7554851667
0.3303337237	0.6696662763	0.5715522977	0.754335037
0.3313347047	0.6686652953	0.5733147383	0.7531876772
0.3323356857	0.6676643143	0.5750730599	0.7520430836
0.3333366667	0.6666633333	0.5768272481	0.7509012526
0.3343376476	0.6656623524	0.5785772891	0.7497621802
0.3353386286	0.6646613714	0.5803231692	0.7486258625
0.3363396096	0.6636603904	0.5820648752	0.7474922955
0.3373405906	0.6626594094	0.583802394	0.7463614751
0.3383415716	0.6616584284	0.585535713	0.7452333971
0.3393425526	0.6606574474	0.5872648199	0.7441080574
0.3403435335	0.6596564665	0.5889897026	0.7429854515
0.3413445145	0.6586554855	0.5907103493	0.7418655751
0.3423454955	0.6576545045	0.5924267486	0.7407484237
0.3433464765	0.6566535235	0.5941388893	0.7396339929
0.3443474575	0.6556525425	0.5958467605	0.7385222781
0.3453484384	0.6546515616	0.5975503517	0.7374132746
0.3463494194	0.6536505806	0.5992496524	0.7363069777
0.3473504004	0.6526495996	0.6009446528	0.7352033826
0.3483513814	0.6516486186	0.602635343	0.7341024846
0.3493523624	0.6506476376	0.6043217136	0.7330042787
0.3503533433	0.6496466567	0.6060037554	0.73190876
0.3513543243	0.6486456757	0.6076814593	0.7308159235
0.3523553053	0.6476446947	0.6093548168	0.7297257642
0.3533562863	0.6466437137	0.6110238195	0.728638277
0.3543572673	0.6456427327	0.6126884591	0.7275534568
0.3553582482	0.6446417518	0.6143487278	0.7264712983
0.3563592292	0.6436407708	0.616004618	0.7253917963
0.3573602102	0.6426397898	0.6176561222	0.7243149456
0.3583611912	0.6416388088	0.6193032333	0.7232407408
0.3593621722	0.6406378278	0.6209459444	0.7221691766
0.3603631532	0.6396368468	0.6225842488	0.7211002475
0.3613641341	0.6386358659	0.6242181402	0.7200339481
0.3623651151	0.6376348849	0.6258476123	0.7189702729
0.3633660961	0.6366339039	0.6274726592	0.7179092164
0.3643670771	0.6356329229	0.6290932752	0.716850773
0.3653680581	0.6346319419	0.6307094547	0.7157949372
0.366369039	0.633630961	0.6323211926	0.7147417032
0.36737002	0.63262998	0.6339284837	0.7136910654
0.368371001	0.631628999	0.6355313233	0.7126430182
0.369371982	0.630628018	0.6371297067	0.7115975557
0.370372963	0.629627037	0.6387236296	0.7105546723
0.3713739439	0.6286260561	0.6403130877	0.7095143621
0.3723749249	0.6276250751	0.6418980772	0.7084766194
0.3733759059	0.6266240941	0.6434785942	0.7074414382
0.3743768869	0.6256231131	0.6450546351	0.7064088127
0.3753778679	0.6246221321	0.6466261968	0.705378737
0.3763788488	0.6236211512	0.6481932759	0.7043512052
0.3773798298	0.6226201702	0.6497558695	0.7033262114
0.3783808108	0.6216191892	0.6513139749	0.7023037495
0.3793817918	0.6206182082	0.6528675894	0.7012838136
0.3803827728	0.6196172272	0.6544167108	0.7002663977
0.3813837538	0.6186162462	0.6559613369	0.6992514957
0.3823847347	0.6176152653	0.6575014655	0.6982391016
0.3833857157	0.6166142843	0.659037095	0.6972292093
0.3843866967	0.6156133033	0.6605682236	0.6962218127
0.3853876777	0.6146123223	0.6620948499	0.6952169058
0.3863886587	0.6136113413	0.6636169727	0.6942144824
0.3873896396	0.6126103604	0.6651345907	0.6932145363
0.3883906206	0.6116093794	0.6666477031	0.6922170615
0.3893916016	0.6106083984	0.6681563091	0.6912220517
0.3903925826	0.6096074174	0.6696604081	0.6902295007
0.3913935636	0.6086064364	0.6711599997	0.6892394025
0.3923945445	0.6076054555	0.6726550836	0.6882517507
0.3933955255	0.6066044745	0.6741456596	0.6872665392
0.3943965065	0.6056034935	0.6756317279	0.6862837618
0.3953974875	0.6046025125	0.6771132886	0.6853034121
0.3963984685	0.6036015315	0.6785903422	0.6843254839
0.3973994494	0.6026005506	0.680062889	0.6833499711
0.3984004304	0.6015995696	0.6815309299	0.6823768673
0.3994014114	0.6005985886	0.6829944655	0.6814061663
0.4004023924	0.5995976076	0.6844534969	0.6804378617
0.4014033734	0.5985966266	0.6859080252	0.6794719474
0.4024043544	0.5975956456	0.6873580516	0.6785084169
0.4034053353	0.5965946647	0.6888035775	0.6775472641
0.4044063163	0.5955936837	0.6902446044	0.6765884825
0.4054072973	0.5945927027	0.6916811341	0.675632066
0.4064082783	0.5935917217	0.6931131683	0.6746780082
0.4074092593	0.5925907407	0.694540709	0.6737263027
0.4084102402	0.5915897598	0.6959637582	0.6727769433
0.4094112212	0.5905887788	0.6973823182	0.6718299236
0.4104122022	0.5895877978	0.6987963912	0.6708852373
0.4114131832	0.5885868168	0.7002059797	0.6699428781
0.4124141642	0.5875858358	0.7016110864	0.6690028397
0.4134151451	0.5865848549	0.7030117139	0.6680651157
0.4144161261	0.5855838739	0.7044078651	0.6671296998
0.4154171071	0.5845828929	0.7057995429	0.6661965857
0.4164180881	0.5835819119	0.7071867503	0.6652657671
0.4174190691	0.5825809309	0.7085694906	0.6643372375
0.4184200501	0.5815799499	0.709947767	0.6634109908
0.419421031	0.580578969	0.711321583	0.6624870206
0.420422012	0.579577988	0.7126909421	0.6615653205
0.421422993	0.578577007	0.7140558479	0.6606458843
0.422423974	0.577576026	0.7154163042	0.6597287056
0.423424955	0.576575045	0.7167723148	0.6588137781
0.4244259359	0.5755740641	0.7181238836	0.6579010954
0.4254269169	0.5745730831	0.7194710148	0.6569906514
0.4264278979	0.5735721021	0.7208137125	0.6560824397
0.4274288789	0.5725711211	0.7221519809	0.655176454
0.4284298599	0.5715701401	0.7234858245	0.6542726879
0.4294308408	0.5705691592	0.7248152476	0.6533711353
0.4304318218	0.5695681782	0.7261402548	0.6524717898
0.4314328028	0.5685671972	0.7274608508	0.6515746451
0.4324337838	0.5675662162	0.7287770404	0.650679695
0.4334347648	0.5665652352	0.7300888283	0.6497869332
0.4344357457	0.5655642543	0.7313962195	0.6488963535
0.4354367267	0.5645632733	0.732699219	0.6480079496
0.4364377077	0.5635622923	0.7339978319	0.6471217152
0.4374386887	0.5625613113	0.7352920635	0.6462376441
0.4384396697	0.5615603303	0.7365819189	0.64535573
0.4394406507	0.5605593493	0.7378674035	0.6444759669
0.4404416316	0.5595583684	0.7391485229	0.6435983484
0.4414426126	0.5585573874	0.7404252824	0.6427228682
0.4424435936	0.5575564064	0.7416976878	0.6418495204
0.4434445746	0.5565554254	0.7429657447	0.6409782985
0.4444455556	0.5555544444	0.7442294588	0.6401091965
0.4454465365	0.5545534635	0.7454888361	0.6392422082
0.4464475175	0.5535524825	0.7467438824	0.6383773274
0.4474484985	0.5525515015	0.7479946037	0.6375145479
0.4484494795	0.5515505205	0.749241006	0.6366538637
0.4494504605	0.5505495395	0.7504830956	0.6357952685
0.4504514414	0.5495485586	0.7517208786	0.6349387563
0.4514524224	0.5485475776	0.7529543612	0.6340843209
0.4524534034	0.5475465966	0.7541835499	0.6332319563
0.4534543844	0.5465456156	0.755408451	0.6323816563
0.4544553654	0.5455446346	0.756629071	0.6315334148
0.4554563463	0.5445436537	0.7578454164	0.6306872258
0.4564573273	0.5435426727	0.7590574939	0.6298430832
0.4574583083	0.5425416917	0.7602653101	0.629000981
0.4584592893	0.5415407107	0.7614688717	0.6281609131
0.4594602703	0.5405397297	0.7626681855	0.6273228734
0.4604612513	0.5395387487	0.7638632584	0.6264868561
0.4614622322	0.5385377678	0.7650540972	0.625652855
0.4624632132	0.5375367868	0.766240709	0.6248208642
0.4634641942	0.5365358058	0.7674231007	0.6239908777
0.4644651752	0.5355348248	0.7686012794	0.6231628895
0.4654661562	0.5345338438	0.7697752523	0.6223368937
0.4664671371	0.5335328629	0.7709450264	0.6215128843
0.4674681181	0.5325318819	0.7721106092	0.6206908554
0.4684690991	0.5315309009	0.7732720077	0.6198708011
0.4694700801	0.5305299199	0.7744292295	0.6190527154
0.4704710611	0.5295289389	0.7755822817	0.6182365925
0.471472042	0.528527958	0.776731172	0.6174224265
0.472473023	0.527526977	0.7778759077	0.6166102115
0.473474004	0.526525996	0.7790164964	0.6157999417
0.474474985	0.525525015	0.7801529457	0.6149916112
0.475475966	0.524524034	0.7812852631	0.6141852142
0.4764769469	0.5235230531	0.7824134564	0.6133807449
0.4774779279	0.5225220721	0.7835375332	0.6125781974
0.4784789089	0.5215210911	0.7846575013	0.6117775661
0.4794798899	0.5205201101	0.7857733685	0.6109788451
0.4804808709	0.5195191291	0.7868851426	0.6101820286
0.4814818519	0.5185181481	0.7879928314	0.6093871109
0.4824828328	0.5175171672	0.7890964429	0.6085940864
0.4834838138	0.5165161862	0.790195985	0.6078029492
0.4844847948	0.5155152052	0.7912914658	0.6070136936
0.4854857758	0.5145142242	0.7923828931	0.606226314
0.4864867568	0.5135132432	0.7934702751	0.6054408048
0.4874877377	0.5125122623	0.7945536199	0.6046571601
0.4884887187	0.5115112813	0.7956329356	0.6038753745
0.4894896997	0.5105103003	0.7967082303	0.6030954421
0.4904906807	0.5095093193	0.7977795122	0.6023173576
0.4914916617	0.5085083383	0.7988467896	0.6015411151
0.4924926426	0.5075073574	0.7999100707	0.6007667092
0.4934936236	0.5065063764	0.8009693638	0.5999941343
0.4944946046	0.5055053954	0.8020246772	0.5992233848
0.4954955856	0.5045044144	0.8030760192	0.5984544551
0.4964965666	0.5035034334	0.8041233983	0.5976873398
0.4974975475	0.5025024525	0.8051668227	0.5969220333
0.4984985285	0.5015014715	0.806206301	0.5961585301
0.4994995095	0.5005004905	0.8072418416	0.5953968248
0.5005004905	0.4994995095	0.808273453	0.5946369118
0.5015014715	0.4984985285	0.8093011436	0.5938787857
0.5025024525	0.4974975475	0.810324922	0.5931224411
0.5035034334	0.4964965666	0.8113447967	0.5923678726
0.5045044144	0.4954955856	0.8123607764	0.5916150746
0.5055053954	0.4944946046	0.8133728696	0.5908640419
0.5065063764	0.4934936236	0.8143810849	0.5901147691
0.5075073574	0.4924926426	0.815385431	0.5893672507
0.5085083383	0.4914916617	0.8163859166	0.5886214815
0.5095093193	0.4904906807	0.8173825502	0.5878774561
0.5105103003	0.4894896997	0.8183753407	0.5871351692
0.5115112813	0.4884887187	0.8193642966	0.5863946155
0.5125122623	0.4874877377	0.8203494269	0.5856557897
0.5135132432	0.4864867568	0.8213307402	0.5849186865
0.5145142242	0.4854857758	0.8223082452	0.5841833006
0.5155152052	0.4844847948	0.8232819509	0.5834496269
0.5165161862	0.4834838138	0.8242518659	0.5827176601
0.5175171672	0.4824828328	0.8252179992	0.5819873949
0.5185181481	0.4814818519	0.8261803594	0.5812588263
0.5195191291	0.4804808709	0.8271389556	0.5805319489
0.5205201101	0.4794798899	0.8280937966	0.5798067577
0.5215210911	0.4784789089	0.8290448911	0.5790832475
0.5225220721	0.4774779279	0.8299922482	0.5783614131
0.5235230531	0.4764769469	0.8309358767	0.5776412494
0.524524034	0.475475966	0.8318757856	0.5769227514
0.525525015	0.474474985	0.8328119837	0.5762059139
0.526525996	0.473474004	0.83374448	0.5754907319
0.527526977	0.472473023	0.8346732835	0.5747772003
0.528527958	0.471472042	0.8355984031	0.5740653141
0.5295289389	0.4704710611	0.8365198477	0.5733550681
0.5305299199	0.4694700801	0.8374376265	0.5726464576
0.5315309009	0.4684690991	0.8383517482	0.5719394773
0.5325318819	0.4674681181	0.839262222	0.5712341224
0.5335328629	0.4664671371	0.8401690568	0.5705303878
0.5345338438	0.4654661562	0.8410722617	0.5698282687
0.5355348248	0.4644651752	0.8419718457	0.5691277601
0.5365358058	0.4634641942	0.8428678177	0.5684288571
0.5375367868	0.4624632132	0.8437601868	0.5677315547
0.5385377678	0.4614622322	0.8446489621	0.5670358481
0.5395387487	0.4604612513	0.8455341526	0.5663417324
0.5405397297	0.4594602703	0.8464157673	0.5656492028
0.5415407107	0.4584592893	0.8472938153	0.5649582544
0.5425416917	0.4574583083	0.8481683056	0.5642688823
0.5435426727	0.4564573273	0.8490392473	0.5635810818
0.5445436537	0.4554563463	0.8499066494	0.5628948481
0.5455446346	0.4544553654	0.8507705211	0.5622101764
0.5465456156	0.4534543844	0.8516308714	0.5615270619
0.5475465966	0.4524534034	0.8524877093	0.5608454998
0.5485475776	0.4514524224	0.853341044	0.5601654855
0.5495485586	0.4504514414	0.8541908844	0.5594870142
0.5505495395	0.4494504605	0.8550372397	0.5588100812
0.5515505205	0.4484494795	0.8558801189	0.5581346818
0.5525515015	0.4474484985	0.8567195312	0.5574608113
0.5535524825	0.4464475175	0.8575554856	0.5567884651
0.5545534635	0.4454465365	0.8583879911	0.5561176386
0.5555544444	0.4444455556	0.8592170569	0.555448327
0.5565554254	0.4434445746	0.860042692	0.5547805258
0.5575564064	0.4424435936	0.8608649054	0.5541142304
0.5585573874	0.4414426126	0.8616837064	0.5534494362
0.5595583684	0.4404416316	0.8624991038	0.5527861386
0.5605593493	0.4394406507	0.8633111069	0.5521243331
0.5615603303	0.4384396697	0.8641197246	0.5514640152
0.5625613113	0.4374386887	0.864924966	0.5508051802
0.5635622923	0.4364377077	0.8657268403	0.5501478237
0.5645632733	0.4354367267	0.8665253563	0.5494919412
0.5655642543	0.4344357457	0.8673205233	0.5488375282
0.5665652352	0.4334347648	0.8681123502	0.5481845803
0.5675662162	0.4324337838	0.8689008461	0.547533093
0.5685671972	0.4314328028	0.86968602	0.5468830618
0.5695681782	0.4304318218	0.870467881	0.5462344824
0.5705691592	0.4294308408	0.8712464381	0.5455873503
0.5715701401	0.4284298599	0.8720217003	0.5449416611
0.5725711211	0.4274288789	0.8727936766	0.5442974105
0.5735721021	0.4264278979	0.8735623761	0.543654594
0.5745730831	0.4254269169	0.8743278078	0.5430132074
0.5755740641	0.4244259359	0.8750899806	0.5423732464
0.576575045	0.423424955	0.8758489036	0.5417347065
0.577576026	0.422423974	0.8766045858	0.5410975835
0.578577007	0.421422993	0.8773570361	0.5404618731
0.579577988	0.420422012	0.8781062635	0.539827571
0.580578969	0.419421031	0.878852277	0.5391946729
0.5815799499	0.4184200501	0.8795950856	0.5385631746
0.5825809309	0.4174190691	0.8803346981	0.537933072
0.5835819119	0.4164180881	0.8810711236	0.5373043606
0.5845828929	0.4154171071	0.881804371	0.5366770364
0.5855838739	0.4144161261	0.8825344493	0.5360510952
0.5865848549	0.4134151451	0.8832613672	0.5354265327
0.5875858358	0.4124141642	0.8839851338	0.5348033448
0.5885868168	0.4114131832	0.884705758	0.5341815274
0.5895877978	0.4104122022	0.8854232486	0.5335610764
0.5905887788	0.4094112212	0.8861376145	0.5329419875
0.5915897598	0.4084102402	0.8868488646	0.5323242567
0.5925907407	0.4074092593	0.8875570078	0.5317078799
0.5935917217	0.4064082783	0.888262053	0.5310928531
0.5945927027	0.4054072973	0.8889640089	0.5304791721
0.5955936837	0.4044063163	0.8896628844	0.5298668329
0.5965946647	0.4034053353	0.8903586884	0.5292558315
0.5975956456	0.4024043544	0.8910514296	0.5286461638
0.5985966266	0.4014033734	0.8917411168	0.5280378259
0.5995976076	0.4004023924	0.8924277589	0.5274308137
0.6005985886	0.3994014114	0.8931113646	0.5268251233
0.6015995696	0.3984004304	0.8937919427	0.5262207506
0.6026005506	0.3973994494	0.894469502	0.5256176918
0.6036015315	0.3963984685	0.8951440511	0.5250159429
0.6046025125	0.3953974875	0.8958155989	0.5244155
0.6056034935	0.3943965065	0.896484154	0.523816359
0.6066044745	0.3933955255	0.8971497252	0.5232185163
0.6076054555	0.3923945445	0.8978123211	0.5226219678
0.6086064364	0.3913935636	0.8984719505	0.5220267096
0.6096074174	0.3903925826	0.8991286221	0.521432738
0.6106083984	0.3893916016	0.8997823444	0.5208400491
0.6116093794	0.3883906206	0.9004331261	0.520248639
0.6126103604	0.3873896396	0.9010809759	0.5196585039
0.6136113413	0.3863886587	0.9017259023	0.51906964
0.6146123223	0.3853876777	0.9023679141	0.5184820436
0.6156133033	0.3843866967	0.9030070198	0.5178957107
0.6166142843	0.3833857157	0.9036432279	0.5173106377
0.6176152653	0.3823847347	0.904276547	0.5167268209
0.6186162462	0.3813837538	0.9049069858	0.5161442563
0.6196172272	0.3803827728	0.9055345527	0.5155629404
0.6206182082	0.3793817918	0.9061592562	0.5149828695
0.6216191892	0.3783808108	0.9067811049	0.5144040397
0.6226201702	0.3773798298	0.9074001073	0.5138264474
0.6236211512	0.3763788488	0.9080162719	0.513250089
0.6246221321	0.3753778679	0.908629607	0.5126749607
0.6256231131	0.3743768869	0.9092401213	0.512101059
0.6266240941	0.3733759059	0.909847823	0.5115283801
0.6276250751	0.3723749249	0.9104527207	0.5109569205
0.6286260561	0.3713739439	0.9110548228	0.5103866765
0.629627037	0.370372963	0.9116541376	0.5098176446
0.630628018	0.369371982	0.9122506735	0.509249821
0.631628999	0.368371001	0.9128444389	0.5086832024
0.63262998	0.36737002	0.9134354422	0.508117785
0.633630961	0.366369039	0.9140236916	0.5075535654
0.6346319419	0.3653680581	0.9146091956	0.5069905399
0.6356329229	0.3643670771	0.9151919623	0.5064287051
0.6366339039	0.3633660961	0.9157720002	0.5058680575
0.6376348849	0.3623651151	0.9163493174	0.5053085935
0.6386358659	0.3613641341	0.9169239223	0.5047503097
0.6396368468	0.3603631532	0.917495823	0.5041932026
0.6406378278	0.3593621722	0.9180650278	0.5036372686
0.6416388088	0.3583611912	0.9186315449	0.5030825045
0.6426397898	0.3573602102	0.9191953825	0.5025289066
0.6436407708	0.3563592292	0.9197565487	0.5019764716
0.6446417518	0.3553582482	0.9203150518	0.501425196
0.6456427327	0.3543572673	0.9208708999	0.5008750765
0.6466437137	0.3533562863	0.9214241011	0.5003261097
0.6476446947	0.3523553053	0.9219746634	0.4997782921
0.6486456757	0.3513543243	0.9225225951	0.4992316204
0.6496466567	0.3503533433	0.9230679042	0.4986860913
0.6506476376	0.3493523624	0.9236105988	0.4981417013
0.6516486186	0.3483513814	0.9241506868	0.4975984472
0.6526495996	0.3473504004	0.9246881764	0.4970563256
0.6536505806	0.3463494194	0.9252230755	0.4965153332
0.6546515616	0.3453484384	0.9257553922	0.4959754667
0.6556525425	0.3443474575	0.9262851344	0.4954367228
0.6566535235	0.3433464765	0.92681231	0.4948990983
0.6576545045	0.3423454955	0.9273369271	0.4943625898
0.6586554855	0.3413445145	0.9278589935	0.4938271942
0.6596564665	0.3403435335	0.9283785172	0.4932929081
0.6606574474	0.3393425526	0.928895506	0.4927597283
0.6616584284	0.3383415716	0.9294099678	0.4922276517
0.6626594094	0.3373405906	0.9299219106	0.4916966749
0.6636603904	0.3363396096	0.9304313421	0.4911667949
0.6646613714	0.3353386286	0.9309382701	0.4906380083
0.6656623524	0.3343376476	0.9314427025	0.4901103121
0.6666633333	0.3333366667	0.931944647	0.489583703
0.6676643143	0.3323356857	0.9324441114	0.489058178
0.6686652953	0.3313347047	0.9329411035	0.4885337338
0.6696662763	0.3303337237	0.9334356311	0.4880103673
0.6706672573	0.3293327427	0.9339277017	0.4874880754
0.6716682382	0.3283317618	0.9344173232	0.4869668551
0.6726692192	0.3273307808	0.9349045032	0.4864467031
0.6736702002	0.3263297998	0.9353892494	0.4859276164
0.6746711812	0.3253288188	0.9358715694	0.485409592
0.6756721622	0.3243278378	0.9363514709	0.4848926266
0.6766731431	0.3233268569	0.9368289614	0.4843767174
0.6776741241	0.3223258759	0.9373040487	0.4838618613
0.6786751051	0.3213248949	0.9377767401	0.4833480551
0.6796760861	0.3203239139	0.9382470434	0.4828352959
0.6806770671	0.3193229329	0.938714966	0.4823235807
0.681678048	0.318321952	0.9391805155	0.4818129065
0.682679029	0.317320971	0.9396436993	0.4813032702
0.68368001	0.31631999	0.9401045251	0.4807946689
0.684680991	0.315319009	0.9405630001	0.4802870996
0.685681972	0.314318028	0.941019132	0.4797805594
0.686682953	0.313317047	0.941472928	0.4792750452
0.6876839339	0.3123160661	0.9419243957	0.4787705542
0.6886849149	0.3113150851	0.9423735424	0.4782670834
0.6896858959	0.3103141041	0.9428203756	0.4777646299
0.6906868769	0.3093131231	0.9432649025	0.4772631908
0.6916878579	0.3083121421	0.9437071305	0.4767627632
0.6926888388	0.3073111612	0.944147067	0.4762633441
0.6936898198	0.3063101802	0.9445847192	0.4757649308
0.6946908008	0.3053091992	0.9450200945	0.4752675203
0.6956917818	0.3043082182	0.9454532	0.4747711098
0.6966927628	0.3033072372	0.9458840431	0.4742756964
0.6976937437	0.3023062563	0.9463126311	0.4737812772
0.6986947247	0.3013052753	0.946738971	0.4732878495
0.6996957057	0.3003042943	0.9471630701	0.4727954105
0.7006966867	0.2993033133	0.9475849357	0.4723039572
0.7016976677	0.2983023323	0.9480045747	0.471813487
0.7026986486	0.2973013514	0.9484219945	0.4713239969
0.7036996296	0.2963003704	0.9488372021	0.4708354843
0.7047006106	0.2952993894	0.9492502046	0.4703479464
0.7057015916	0.2942984084	0.9496610092	0.4698613803
0.7067025726	0.2932974274	0.9500696228	0.4693757834
0.7077035536	0.2922964464	0.9504760525	0.4688911529
0.7087045345	0.2912954655	0.9508803055	0.468407486
0.7097055155	0.2902944845	0.9512823886	0.4679247801
0.7107064965	0.2892935035	0.9516823089	0.4674430324
0.7117074775	0.2882925225	0.9520800734	0.4669622402
0.7127084585	0.2872915415	0.952475689	0.4664824008
0.7137094394	0.2862905606	0.9528691626	0.4660035116
0.7147104204	0.2852895796	0.9532605013	0.4655255697
0.7157114014	0.2842885986	0.9536497118	0.4650485727
0.7167123824	0.2832876176	0.9540368012	0.4645725178
0.7177133634	0.2822866366	0.9544217762	0.4640974023
0.7187143443	0.2812856557	0.9548046437	0.4636232237
0.7197153253	0.2802846747	0.9551854106	0.4631499792
0.7207163063	0.2792836937	0.9555640836	0.4626776664
0.7217172873	0.2782827127	0.9559406696	0.4622062824
0.7227182683	0.2772817317	0.9563151753	0.4617358248
0.7237192492	0.2762807508	0.9566876075	0.461266291
0.7247202302	0.2752797698	0.9570579729	0.4607976783
0.7257212112	0.2742787888	0.9574262783	0.4603299842
0.7267221922	0.2732778078	0.9577925304	0.4598632062
0.7277231732	0.2722768268	0.9581567358	0.4593973415
0.7287241542	0.2712758458	0.9585189012	0.4589323878
0.7297251351	0.2702748649	0.9588790334	0.4584683425
0.7307261161	0.2692738839	0.9592371388	0.4580052029
0.7317270971	0.2682729029	0.9595932242	0.4575429667
0.7327280781	0.2672719219	0.9599472961	0.4570816312
0.7337290591	0.2662709409	0.9602993611	0.456621194
0.73473004	0.26526996	0.9606494257	0.4561616526
0.735731021	0.264268979	0.9609974966	0.4557030044
0.736732002	0.263267998	0.9613435802	0.4552452471
0.737732983	0.262267017	0.961687683	0.4547883781
0.738733964	0.261266036	0.9620298116	0.4543323949
0.7397349449	0.2602650551	0.9623699724	0.4538772952
0.7407359259	0.2592640741	0.9627081718	0.4534230764
0.7417369069	0.2582630931	0.9630444164	0.4529697361
0.7427378879	0.2572621121	0.9633787124	0.4525172719
0.7437388689	0.2562611311	0.9637110663	0.4520656813
0.7447398498	0.2552601502	0.9640414846	0.4516149621
0.7457408308	0.2542591692	0.9643699735	0.4511651116
0.7467418118	0.2532581882	0.9646965393	0.4507161276
0.7477427928	0.2522572072	0.9650211886	0.4502680076
0.7487437738	0.2512562262	0.9653439274	0.4498207493
0.7497447548	0.2502552452	0.9656647622	0.4493743503
0.7507457357	0.2492542643	0.9659836992	0.4489288082
0.7517467167	0.2482532833	0.9663007446	0.4484841207
0.7527476977	0.2472523023	0.9666159047	0.4480402854
0.7537486787	0.2462513213	0.9669291858	0.4475973
0.7547496597	0.2452503403	0.967240594	0.4471551621
0.7557506406	0.2442493594	0.9675501355	0.4467138695
0.7567516216	0.2432483784	0.9678578165	0.4462734197
0.7577526026	0.2422473974	0.9681636431	0.4458338106
0.7587535836	0.2412464164	0.9684676215	0.4453950397
0.7597545646	0.2402454354	0.9687697577	0.4449571048
0.7607555455	0.2392444545	0.969070058	0.4445200037
0.7617565265	0.2382434735	0.9693685282	0.444083734
0.7627575075	0.2372424925	0.9696651747	0.4436482934
0.7637584885	0.2362415115	0.9699600032	0.4432136798
0.7647594695	0.2352405305	0.97025302	0.4427798908
0.7657604505	0.2342395495	0.970544231	0.4423469242
0.7667614314	0.2332385686	0.9708336421	0.4419147777
0.7677624124	0.2322375876	0.9711212595	0.4414834492
0.7687633934	0.2312366066	0.971407089	0.4410529364
0.7697643744	0.2302356256	0.9716911365	0.440623237
0.7707653554	0.2292346446	0.9719734081	0.440194349
0.7717663363	0.2282336637	0.9722539095	0.43976627
0.7727673173	0.2272326827	0.9725326468	0.4393389979
0.7737682983	0.2262317017	0.9728096257	0.4389125305
0.7747692793	0.2252307207	0.9730848521	0.4384868656
0.7757702603	0.2242297397	0.9733583319	0.438062001
0.7767712412	0.2232287588	0.9736300709	0.4376379347
0.7777722222	0.2222277778	0.9739000748	0.4372146643
0.7787732032	0.2212267968	0.9741683495	0.4367921878
0.7797741842	0.2202258158	0.9744349008	0.4363705031
0.7807751652	0.2192248348	0.9746997343	0.4359496079
0.7817761461	0.2182238539	0.9749628559	0.4355295002
0.7827771271	0.2172228729	0.9752242712	0.4351101778
0.7837781081	0.2162218919	0.975483986	0.4346916387
0.7847790891	0.2152209109	0.9757420058	0.4342738807
0.7857800701	0.2142199299	0.9759983365	0.4338569017
0.7867810511	0.2132189489	0.9762529837	0.4334406996
0.787782032	0.212217968	0.9765059529	0.4330252724
0.788783013	0.211216987	0.9767572498	0.432610618
0.789783994	0.210216006	0.97700688	0.4321967342
0.790784975	0.209215025	0.9772548491	0.4317836191
0.791785956	0.208214044	0.9775011626	0.4313712706
0.7927869369	0.2072130631	0.9777458262	0.4309596866
0.7937879179	0.2062120821	0.9779888453	0.430548865
0.7947888989	0.2052111011	0.9782302254	0.4301388039
0.7957898799	0.2042101201	0.9784699721	0.4297295012
0.7967908609	0.2032091391	0.9787080908	0.4293209549
0.7977918418	0.2022081582	0.9789445871	0.428913163
0.7987928228	0.2012071772	0.9791794663	0.4285061234
0.7997938038	0.2002061962	0.9794127338	0.4280998342
0.8007947848	0.1992052152	0.9796443952	0.4276942934
0.8017957658	0.1982042342	0.9798744558	0.427289499
0.8027967467	0.1972032533	0.980102921	0.4268854489
0.8037977277	0.1962022723	0.9803297962	0.4264821412
0.8047987087	0.1952012913	0.9805550867	0.426079574
0.8057996897	0.1942003103	0.9807787978	0.4256777453
0.8068006707	0.1931993293	0.981000935	0.4252766531
0.8078016517	0.1921983483	0.9812215034	0.4248762955
0.8088026326	0.1911973674	0.9814405083	0.4244766705
0.8098036136	0.1901963864	0.9816579552	0.4240777763
0.8108045946	0.1891954054	0.9818738491	0.4236796108
0.8118055756	0.1881944244	0.9820881954	0.4232821721
0.8128065566	0.1871934434	0.9823009992	0.4228854584
0.8138075375	0.1861924625	0.9825122658	0.4224894676
0.8148085185	0.1851914815	0.9827220004	0.422094198
0.8158094995	0.1841905005	0.9829302081	0.4216996477
0.8168104805	0.1831895195	0.9831368941	0.4213058146
0.8178114615	0.1821885385	0.9833420635	0.420912697
0.8188124424	0.1811875576	0.9835457216	0.4205202929
0.8198134234	0.1801865766	0.9837478733	0.4201286005
0.8208144044	0.1791855956	0.9839485238	0.4197376179
0.8218153854	0.1781846146	0.9841476782	0.4193473433
0.8228163664	0.1771836336	0.9843453416	0.4189577748
0.8238173473	0.1761826527	0.9845415189	0.4185689105
0.8248183283	0.1751816717	0.9847362152	0.4181807487
0.8258193093	0.1741806907	0.9849294356	0.4177932874
0.8268202903	0.1731797097	0.9851211851	0.4174065249
0.8278212713	0.1721787287	0.9853114685	0.4170204593
0.8288222523	0.1711777477	0.985500291	0.4166350888
0.8298232332	0.1701767668	0.9856876575	0.4162504115
0.8308242142	0.1691757858	0.9858735728	0.4158664258
0.8318251952	0.1681748048	0.986058042	0.4154831298
0.8328261762	0.1671738238	0.98624107	0.4151005216
0.8338271572	0.1661728428	0.9864226616	0.4147185996
0.8348281381	0.1651718619	0.9866028217	0.4143373618
0.8358291191	0.1641708809	0.9867815553	0.4139568067
0.8368301001	0.1631698999	0.986958867	0.4135769323
0.8378310811	0.1621689189	0.9871347619	0.4131977369
0.8388320621	0.1611679379	0.9873092447	0.4128192187
0.839833043	0.160166957	0.9874823202	0.4124413761
0.840834024	0.159165976	0.9876539931	0.4120642072
0.841835005	0.158164995	0.9878242684	0.4116877103
0.842835986	0.157164014	0.9879931507	0.4113118837
0.843836967	0.156163033	0.9881606448	0.4109367256
0.8448379479	0.1551620521	0.9883267554	0.4105622343
0.8458389289	0.1541610711	0.9884914872	0.4101884082
0.8468399099	0.1531600901	0.988654845	0.4098152454
0.8478408909	0.1521591091	0.9888168334	0.4094427443
0.8488418719	0.1511581281	0.9889774571	0.4090709032
0.8498428529	0.1501571471	0.9891367208	0.4086997204
0.8508438338	0.1491561662	0.9892946291	0.4083291942
0.8518448148	0.1481551852	0.9894511866	0.4079593228
0.8528457958	0.1471542042	0.9896063979	0.4075901047
0.8538467768	0.1461532232	0.9897602677	0.4072215382
0.8548477578	0.1451522422	0.9899128005	0.4068536215
0.8558487387	0.1441512613	0.9900640009	0.4064863531
0.8568497197	0.1431502803	0.9902138734	0.4061197312
0.8578507007	0.1421492993	0.9903624227	0.4057537542
0.8588516817	0.1411483183	0.9905096532	0.4053884205
0.8598526627	0.1401473373	0.9906555694	0.4050237283
0.8608536436	0.1391463564	0.9908001759	0.4046596762
0.8618546246	0.1381453754	0.9909434771	0.4042962625
0.8628556056	0.1371443944	0.9910854775	0.4039334854
0.8638565866	0.1361434134	0.9912261815	0.4035713435
0.8648575676	0.1351424324	0.9913655937	0.403209835
0.8658585485	0.1341414515	0.9915037183	0.4028489585
0.8668595295	0.1331404705	0.9916405599	0.4024887122
0.8678605105	0.1321394895	0.9917761229	0.4021290945
0.8688614915	0.1311385085	0.9919104115	0.401770104
0.8698624725	0.1301375275	0.9920434303	0.401411739
0.8708634535	0.1291365465	0.9921751835	0.4010539978
0.8718644344	0.1281355656	0.9923056756	0.400696879
0.8728654154	0.1271345846	0.9924349107	0.400340381
0.8738663964	0.1261336036	0.9925628934	0.3999845021
0.8748673774	0.1251326226	0.9926896277	0.3996292409
0.8758683584	0.1241316416	0.9928151182	0.3992745957
0.8768693393	0.1231306607	0.9929393689	0.398920565
0.8778703203	0.1221296797	0.9930623843	0.3985671473
0.8788713013	0.1211286987	0.9931841684	0.398214341
0.8798722823	0.1201277177	0.9933047257	0.3978621446
0.8808732633	0.1191267367	0.9934240602	0.3975105565
0.8818742442	0.1181257558	0.9935421763	0.3971595753
0.8828752252	0.1171247748	0.993659078	0.3968091993
0.8838762062	0.1161237938	0.9937747697	0.3964594271
0.8848771872	0.1151228128	0.9938892553	0.3961102572
0.8858781682	0.1141218318	0.9940025392	0.395761688
0.8868791491	0.1131208509	0.9941146255	0.3954137181
0.8878801301	0.1121198699	0.9942255182	0.3950663459
0.8888811111	0.1111188889	0.9943352215	0.3947195699
0.8898820921	0.1101179079	0.9944437395	0.3943733888
0.8908830731	0.1091169269	0.9945510762	0.3940278009
0.8918840541	0.1081159459	0.9946572359	0.3936828048
0.892885035	0.107114965	0.9947622225	0.393338399
0.893886016	0.106113984	0.99486604	0.392994582
0.894886997	0.105113003	0.9949686926	0.3926513525
0.895887978	0.104112022	0.9950701842	0.3923087088
0.896888959	0.103111041	0.9951705188	0.3919666496
0.8978899399	0.1021100601	0.9952697005	0.3916251735
0.8988909209	0.1011090791	0.9953677332	0.3912842789
0.8998919019	0.1001080981	0.9954646209	0.3909439644
0.9008928829	0.09910711712	0.9955603676	0.3906042286
0.9018938639	0.09810613614	0.9956549772	0.39026507
0.9028948448	0.09710515516	0.9957484537	0.3899264873
0.9038958258	0.09610417417	0.9958408009	0.389588479
0.9048968068	0.09510319319	0.9959320228	0.3892510436
0.9058977878	0.09410221221	0.9960221233	0.3889141798
0.9068987688	0.09310123123	0.9961111062	0.3885778861
0.9078997497	0.09210025025	0.9961989755	0.3882421612
0.9089007307	0.09109926927	0.9962857349	0.3879070036
0.9099017117	0.09009828829	0.9963713884	0.3875724119
0.9109026927	0.08909730731	0.9964559398	0.3872383848
0.9119036737	0.08809632633	0.9965393929	0.3869049208
0.9129046547	0.08709534535	0.9966217514	0.3865720186
0.9139056356	0.08609436436	0.9967030193	0.3862396768
0.9149066166	0.08509338338	0.9967832003	0.385907894
0.9159075976	0.0840924024	0.9968622981	0.3855766689
0.9169085786	0.08309142142	0.9969403165	0.385246
0.9179095596	0.08209044044	0.9970172593	0.3849158861
0.9189105405	0.08108945946	0.9970931303	0.3845863256
0.9199115215	0.08008847848	0.997167933	0.3842573174
0.9209125025	0.0790874975	0.9972416713	0.3839288601
0.9219134835	0.07808651652	0.9973143488	0.3836009522
0.9229144645	0.07708553554	0.9973859693	0.3832735925
0.9239154454	0.07608455455	0.9974565364	0.3829467796
0.9249164264	0.07508357357	0.9975260537	0.3826205122
0.9259174074	0.07408259259	0.997594525	0.382294789
0.9269183884	0.07308161161	0.9976619539	0.3819696086
0.9279193694	0.07208063063	0.9977283439	0.3816449697
0.9289203504	0.07107964965	0.9977936988	0.381320871
0.9299213313	0.07007866867	0.9978580221	0.3809973112
0.9309223123	0.06907768769	0.9979213174	0.380674289
0.9319232933	0.06807670671	0.9979835882	0.380351803
0.9329242743	0.06707572573	0.9980448383	0.3800298521
0.9339252553	0.06607474474	0.9981050711	0.3797084347
0.9349262362	0.06507376376	0.9981642901	0.3793875498
0.9359272172	0.06407278278	0.998222499	0.379067196
0.9369281982	0.0630718018	0.9982797012	0.378747372
0.9379291792	0.06207082082	0.9983359002	0.3784280765
0.9389301602	0.06106983984	0.9983910996	0.3781093082
0.9399311411	0.06006885886	0.9984453029	0.377791066
0.9409321221	0.05906787788	0.9984985134	0.3774733484
0.9419331031	0.0580668969	0.9985507348	0.3771561543
0.9429340841	0.05706591592	0.9986019703	0.3768394824
0.9439350651	0.05606493493	0.9986522236	0.3765233314
0.944936046	0.05506395395	0.998701498	0.3762077001
0.945937027	0.05406297297	0.9987497969	0.3758925872
0.946938008	0.05306199199	0.9987971238	0.3755779915
0.947938989	0.05206101101	0.998843482	0.3752639118
0.94893997	0.05106003003	0.998888875	0.3749503468
0.949940951	0.05005904905	0.9989333061	0.3746372952
0.9509419319	0.04905806807	0.9989767787	0.3743247559
0.9519429129	0.04805708709	0.9990192961	0.3740127276
0.9529438939	0.04705610611	0.9990608618	0.3737012091
0.9539448749	0.04605512513	0.9991014789	0.3733901991
0.9549458559	0.04505414414	0.9991411509	0.3730796966
0.9559468368	0.04405316316	0.9991798811	0.3727697001
0.9569478178	0.04305218218	0.9992176727	0.3724602087
0.9579487988	0.0420512012	0.9992545291	0.3721512209
0.9589497798	0.04105022022	0.9992904535	0.3718427358
0.9599507608	0.04004923924	0.9993254493	0.3715347519
0.9609517417	0.03904825826	0.9993595196	0.3712272682
0.9619527227	0.03804727728	0.9993926677	0.3709202835
0.9629537037	0.0370462963	0.9994248969	0.3706137966
0.9639546847	0.03604531532	0.9994562103	0.3703078062
0.9649556657	0.03504433433	0.9994866112	0.3700023113
0.9659566466	0.03404335335	0.9995161029	0.3696973106
0.9669576276	0.03304237237	0.9995446884	0.3693928031
0.9679586086	0.03204139139	0.999572371	0.3690887874
0.9689595896	0.03104041041	0.9995991539	0.3687852624
0.9699605706	0.03003942943	0.9996250402	0.3684822271
0.9709615516	0.02903844845	0.9996500331	0.3681796802
0.9719625325	0.02803746747	0.9996741357	0.3678776205
0.9729635135	0.02703648649	0.9996973511	0.367576047
0.9739644945	0.02603550551	0.9997196825	0.3672749585
0.9749654755	0.02503452452	0.999741133	0.3669743538
0.9759664565	0.02403354354	0.9997617057	0.3666742318
0.9769674374	0.02303256256	0.9997814037	0.3663745914
0.9779684184	0.02203158158	0.9998002301	0.3660754314
0.9789693994	0.0210306006	0.9998181879	0.3657767508
0.9799703804	0.02002961962	0.9998352802	0.3654785483
0.9809713614	0.01902863864	0.99985151	0.3651808228
0.9819723423	0.01802765766	0.9998668805	0.3648835734
0.9829733233	0.01702667668	0.9998813946	0.3645867987
0.9839743043	0.0160256957	0.9998950553	0.3642904977
0.9849752853	0.01502471471	0.9999078657	0.3639946694
0.9859762663	0.01402373373	0.9999198288	0.3636993126
0.9869772472	0.01302275275	0.9999309475	0.3634044261
0.9879782282	0.01202177177	0.9999412248	0.363110009
0.9889792092	0.01102079079	0.9999506638	0.3628160601
0.9899801902	0.01001980981	0.9999592674	0.3625225783
0.9909811712	0.009018828829	0.9999670385	0.3622295625
0.9919821522	0.008017847848	0.9999739801	0.3619370117
0.9929831331	0.007016866867	0.999980095	0.3616449247
0.9939841141	0.006015885886	0.9999853864	0.3613533006
0.9949850951	0.005014904905	0.9999898569	0.3610621381
0.9959860761	0.004013923924	0.9999935097	0.3607714363
0.9969870571	0.003012942943	0.9999963475	0.360481194
0.997988038	0.002011961962	0.9999983732	0.3601914103
0.998989019	0.001010980981	0.9999995897	0.359902084
0.99999	1e-05	1	0.359613214
