1e-05	0.99999	23523.70997	1.000000027
0.001010980981	0.998989019	13889.45589	1.000266689
0.002011961962	0.997988038	8443.46557	1.001018316
0.003012942943	0.9969870571	5273.997526	1.002203415
0.004013923924	0.9959860761	3378.657479	1.003776173
0.005014904905	0.9949850951	2216.160528	1.005695708
0.006015885886	0.9939841141	1486.067811	1.007925437
0.007016866867	0.9929831331	1017.274049	1.010432536
0.008017847848	0.9919821522	709.953081	1.013187482
0.009018828829	0.9909811712	504.5315858	1.01616366
0.01001980981	0.9899801902	364.6942941	1.019337021
0.01102079079	0.9889792092	267.856921	1.022685792
0.01202177177	0.9879782282	199.7076657	1.026190226
0.01302275275	0.9869772472	151.0148162	1.029832376
0.01402373373	0.9859762663	115.7230974	1.033595908
0.01502471471	0.9849752853	89.79750202	1.037465932
0.0160256957	0.9839743043	70.50881803	1.041428856
0.01702667668	0.9829733233	55.98479931	1.045472252
0.01802765766	0.9819723423	44.92379256	1.04958475
0.01902863864	0.9809713614	36.40930164	1.053755929
0.02002961962	0.9799703804	29.78821811	1.057976233
0.0210306006	0.9789693994	24.58978755	1.06223689
0.02203158158	0.9779684184	20.47099734	1.06652984
0.02303256256	0.9769674374	17.17932475	1.070847673
0.02403354354	0.9759664565	14.52703352	1.075183571
0.02503452452	0.9749654755	12.37324368	1.07953126
0.02603550551	0.9739644945	10.61129257	1.08388496
0.02703648649	0.9729635135	9.159736461	1.088239348
0.02803746747	0.9719625325	7.955882753	1.09258952
0.02903844845	0.9709615516	6.951098727	1.096930954
0.03003942943	0.9699605706	6.107379006	1.101259484
0.03104041041	0.9689595896	5.394813051	1.105571271
0.03204139139	0.9679586086	4.789701707	1.109862775
0.03304237237	0.9669576276	4.273145702	1.114130737
0.03404335335	0.9659566466	3.829980052	1.118372156
0.03504433433	0.9649556657	3.447963919	1.122584268
0.03604531532	0.9639546847	3.11716051	1.12676453
0.0370462963	0.9629537037	2.829459343	1.130910607
0.03804727728	0.9619527227	2.578205896	1.135020353
0.03904825826	0.9609517417	2.357912768	1.139091798
0.04004923924	0.9599507608	2.164033113	1.143123138
0.04105022022	0.9589497798	1.992781931	1.147112725
0.0420512012	0.9579487988	1.840994343	1.151059049
0.04305218218	0.9569478178	1.706012628	1.154960737
0.04405316316	0.9559468368	1.585595724	1.158816539
0.04505414414	0.9549458559	1.477846384	1.16262532
0.04605512513	0.9539448749	1.381152274	1.166386055
0.04705610611	0.9529438939	1.294138119	1.170097819
0.04805708709	0.9519429129	1.215626672	1.173759781
0.04905806807	0.9509419319	1.144606735	1.177371199
0.05005904905	0.949940951	1.08020686	1.180931414
0.05106003003	0.94893997	1.02167363	1.184439844
0.05206101101	0.947938989	0.968353657	1.187895978
0.05306199199	0.946938008	0.9196786134	1.191299374
0.05406297297	0.945937027	0.8751527289	1.194649653
0.05506395395	0.944936046	0.8343423214	1.197946494
0.05606493493	0.9439350651	0.7968669973	1.201189634
0.05706591592	0.9429340841	0.7623922327	1.204378859
0.0580668969	0.9419331031	0.7306230985	1.207514006
0.05906787788	0.9409321221	0.7012989377	1.210594956
0.06006885886	0.9399311411	0.6741888368	1.213621634
0.06106983984	0.9389301602	0.6490877621	1.216594004
0.06207082082	0.9379291792	0.6258132542	1.219512067
0.0630718018	0.9369281982	0.6042025918	1.22237586
0.06407278278	0.9359272172	0.584110353	1.225185452
0.06507376376	0.9349262362	0.5654063125	1.227940942
0.06607474474	0.9339252553	0.5479736233	1.230642459
0.06707572573	0.9329242743	0.5317072422	1.233290158
0.06807670671	0.9319232933	0.5165125619	1.235884219
0.06907768769	0.9309223123	0.5023042201	1.238424845
0.07007866867	0.9299213313	0.4890050617	1.240912261
0.07107964965	0.9289203504	0.4765452304	1.243346714
0.07208063063	0.9279193694	0.4648613735	1.245728466
0.07308161161	0.9269183884	0.453895944	1.2480578
0.07408259259	0.9259174074	0.4435965867	1.250335014
0.07508357357	0.9249164264	0.4339155968	1.252560422
0.07608455455	0.9239154454	0.4248094426	1.25473435
0.07708553554	0.9229144645	0.416238343	1.25685714
0.07808651652	0.9219134835	0.4081658929	1.258929144
0.0790874975	0.9209125025	0.4005587314	1.260950726
0.08008847848	0.9199115215	0.3933862461	1.26292226
0.08108945946	0.9189105405	0.3866203102	1.264844129
0.08209044044	0.9179095596	0.3802350477	1.266716727
0.08309142142	0.9169085786	0.3742066239	1.268540452
0.0840924024	0.9159075976	0.3685130578	1.270315712
0.08509338338	0.9149066166	0.3631340542	1.272042923
0.08609436436	0.9139056356	0.3580508524	1.273722503
0.08709534535	0.9129046547	0.3532460911	1.275354878
0.08809632633	0.9119036737	0.3487036861	1.276940479
0.08909730731	0.9109026927	0.3444087208	1.27847974
0.09009828829	0.9099017117	0.3403473461	1.2799731
0.09109926927	0.9089007307	0.3365066919	1.281421002
0.09210025025	0.9078997497	0.332874785	1.282823889
0.09310123123	0.9068987688	0.3294404762	1.284182209
0.09410221221	0.9058977878	0.3261933736	1.285496412
0.09510319319	0.9048968068	0.3231237816	1.286766949
0.09610417417	0.9038958258	0.3202226467	1.287994273
0.09710515516	0.9028948448	0.3174815069	1.289178838
0.09810613614	0.9018938639	0.3148924459	1.290321098
0.09910711712	0.9008928829	0.3124480522	1.291421509
0.1001080981	0.8998919019	0.3101413803	1.292480525
0.1011090791	0.8988909209	0.3079659166	1.293498603
0.1021100601	0.8978899399	0.3059155471	1.294476196
0.103111041	0.896888959	0.3039845287	1.29541376
0.104112022	0.895887978	0.3021674623	1.296311747
0.105113003	0.894886997	0.3004592682	1.297170611
0.106113984	0.893886016	0.2988551639	1.297990803
0.107114965	0.892885035	0.297350643	1.298772774
0.1081159459	0.8918840541	0.2959414566	1.299516971
0.1091169269	0.8908830731	0.2946235953	1.300223842
0.1101179079	0.8898820921	0.2933932734	1.300893833
0.1111188889	0.8888811111	0.2922469137	1.301527385
0.1121198699	0.8878801301	0.291181134	1.302124942
0.1131208509	0.8868791491	0.2901927339	1.302686941
0.1141218318	0.8858781682	0.2892786835	1.303213818
0.1151228128	0.8848771872	0.2884361123	1.303706009
0.1161237938	0.8838762062	0.2876622988	1.304163945
0.1171247748	0.8828752252	0.2869546618	1.304588054
0.1181257558	0.8818742442	0.2863107508	1.304978763
0.1191267367	0.8808732633	0.2857282388	1.305336495
0.1201277177	0.8798722823	0.2852049142	1.305661671
0.1211286987	0.8788713013	0.284738674	1.305954709
0.1221296797	0.8778703203	0.2843275174	1.306216023
0.1231306607	0.8768693393	0.2839695396	1.306446024
0.1241316416	0.8758683584	0.2836629262	1.306645121
0.1251326226	0.8748673774	0.283405948	1.30681372
0.1261336036	0.8738663964	0.283196956	1.306952221
0.1271345846	0.8728654154	0.2830343769	1.307061024
0.1281355656	0.8718644344	0.2829167088	1.307140525
0.1291365465	0.8708634535	0.2828425171	1.307191114
0.1301375275	0.8698624725	0.282810431	1.307213182
0.1311385085	0.8688614915	0.2828191396	1.307207113
0.1321394895	0.8678605105	0.282867389	1.307173289
0.1331404705	0.8668595295	0.2829539791	1.307112088
0.1341414515	0.8658585485	0.2830777606	1.307023886
0.1351424324	0.8648575676	0.2832376325	1.306909055
0.1361434134	0.8638565866	0.2834325392	1.306767961
0.1371443944	0.8628556056	0.2836614687	1.30660097
0.1381453754	0.8618546246	0.2839234497	1.306408443
0.1391463564	0.8608536436	0.2842175501	1.306190737
0.1401473373	0.8598526627	0.2845428745	1.305948207
0.1411483183	0.8588516817	0.2848985626	1.305681202
0.1421492993	0.8578507007	0.2852837875	1.30539007
0.1431502803	0.8568497197	0.2856977539	1.305075154
0.1441512613	0.8558487387	0.2861396965	1.304736795
0.1451522422	0.8548477578	0.2866088789	1.304375329
0.1461532232	0.8538467768	0.2871045916	1.303991088
0.1471542042	0.8528457958	0.2876261512	1.303584403
0.1481551852	0.8518448148	0.288172899	1.3031556
0.1491561662	0.8508438338	0.2887441998	1.302705
0.1501571471	0.8498428529	0.2893394406	1.302232924
0.1511581281	0.8488418719	0.2899580302	1.301739686
0.1521591091	0.8478408909	0.2905993975	1.301225599
0.1531600901	0.8468399099	0.2912629908	1.300690973
0.1541610711	0.8458389289	0.2919482772	1.300136112
0.1551620521	0.8448379479	0.2926547413	1.299561319
0.156163033	0.843836967	0.2933818848	1.298966892
0.157164014	0.842835986	0.2941292255	1.298353127
0.158164995	0.841835005	0.2948962968	1.297720315
0.159165976	0.840834024	0.2956826466	1.297068747
0.160166957	0.839833043	0.2964878373	1.296398707
0.1611679379	0.8388320621	0.2973114446	1.295710477
0.1621689189	0.8378310811	0.2981530574	1.295004337
0.1631698999	0.8368301001	0.2990122767	1.294280562
0.1641708809	0.8358291191	0.2998887158	1.293539425
0.1651718619	0.8348281381	0.3007819989	1.292781196
0.1661728428	0.8338271572	0.3016917617	1.29200614
0.1671738238	0.8328261762	0.3026176498	1.291214522
0.1681748048	0.8318251952	0.3035593194	1.290406601
0.1691757858	0.8308242142	0.3045164359	1.289582634
0.1701767668	0.8298232332	0.3054886742	1.288742875
0.1711777477	0.8288222523	0.306475718	1.287887576
0.1721787287	0.8278212713	0.3074772597	1.287016984
0.1731797097	0.8268202903	0.3084929997	1.286131344
0.1741806907	0.8258193093	0.3095226463	1.285230899
0.1751816717	0.8248183283	0.3105659156	1.284315887
0.1761826527	0.8238173473	0.3116225308	1.283386545
0.1771836336	0.8228163664	0.3126922221	1.282443106
0.1781846146	0.8218153854	0.3137747265	1.281485802
0.1791855956	0.8208144044	0.3148697876	1.280514859
0.1801865766	0.8198134234	0.3159771552	1.279530502
0.1811875576	0.8188124424	0.317096585	1.278532954
0.1821885385	0.8178114615	0.3182278387	1.277522435
0.1831895195	0.8168104805	0.3193706834	1.276499161
0.1841905005	0.8158094995	0.3205248918	1.275463347
0.1851914815	0.8148085185	0.3216902417	1.274415203
0.1861924625	0.8138075375	0.3228665159	1.273354938
0.1871934434	0.8128065566	0.3240535022	1.27228276
0.1881944244	0.8118055756	0.3252509928	1.271198871
0.1891954054	0.8108045946	0.3264587847	1.270103472
0.1901963864	0.8098036136	0.3276766791	1.268996763
0.1911973674	0.8088026326	0.3289044815	1.267878939
0.1921983483	0.8078016517	0.3301420015	1.266750194
0.1931993293	0.8068006707	0.3313890524	1.26561072
0.1942003103	0.8057996897	0.3326454517	1.264460704
0.1952012913	0.8047987087	0.3339110202	1.263300333
0.1962022723	0.8037977277	0.3351855826	1.262129791
0.1972032533	0.8027967467	0.3364689668	1.260949261
0.1982042342	0.8017957658	0.3377610041	1.259758921
0.1992052152	0.8007947848	0.3390615292	1.258558948
0.2002061962	0.7997938038	0.3403703797	1.257349517
0.2012071772	0.7987928228	0.3416873964	1.256130801
0.2022081582	0.7977918418	0.343012423	1.254902969
0.2032091391	0.7967908609	0.3443453061	1.253666191
0.2042101201	0.7957898799	0.345685895	1.252420632
0.2052111011	0.7947888989	0.3470340416	1.251166456
0.2062120821	0.7937879179	0.3483896007	1.249903825
0.2072130631	0.7927869369	0.3497524293	1.248632898
0.208214044	0.791785956	0.3511223871	1.247353833
0.209215025	0.790784975	0.3524993361	1.246066785
0.210216006	0.789783994	0.3538831406	1.244771908
0.211216987	0.788783013	0.3552736673	1.243469353
0.212217968	0.787782032	0.3566707848	1.24215927
0.2132189489	0.7867810511	0.3580743641	1.240841806
0.2142199299	0.7857800701	0.3594842782	1.239517107
0.2152209109	0.7847790891	0.3609004021	1.238185317
0.2162218919	0.7837781081	0.3623226128	1.236846577
0.2172228729	0.7827771271	0.3637507891	1.235501027
0.2182238539	0.7817761461	0.3651848118	1.234148806
0.2192248348	0.7807751652	0.3666245634	1.23279005
0.2202258158	0.7797741842	0.3680699284	1.231424893
0.2212267968	0.7787732032	0.3695207927	1.230053467
0.2222277778	0.7777722222	0.3709770442	1.228675904
0.2232287588	0.7767712412	0.3724385721	1.227292334
0.2242297397	0.7757702603	0.3739052676	1.225902882
0.2252307207	0.7747692793	0.375377023	1.224507676
0.2262317017	0.7737682983	0.3768537325	1.22310684
0.2272326827	0.7727673173	0.3783352917	1.221700495
0.2282336637	0.7717663363	0.3798215976	1.220288762
0.2292346446	0.7707653554	0.3813125486	1.218871761
0.2302356256	0.7697643744	0.3828080445	1.21744961
0.2312366066	0.7687633934	0.3843079865	1.216022424
0.2322375876	0.7677624124	0.3858122771	1.214590318
0.2332385686	0.7667614314	0.3873208202	1.213153404
0.2342395495	0.7657604505	0.3888335207	1.211711795
0.2352405305	0.7647594695	0.3903502851	1.2102656
0.2362415115	0.7637584885	0.3918710208	1.208814927
0.2372424925	0.7627575075	0.3933956365	1.207359883
0.2382434735	0.7617565265	0.3949240422	1.205900574
0.2392444545	0.7607555455	0.3964561489	1.204437104
0.2402454354	0.7597545646	0.3979918687	1.202969576
0.2412464164	0.7587535836	0.3995311148	1.20149809
0.2422473974	0.7577526026	0.4010738017	1.200022747
0.2432483784	0.7567516216	0.4026198446	1.198543645
0.2442493594	0.7557506406	0.40416916	1.197060881
0.2452503403	0.7547496597	0.4057216653	1.195574551
0.2462513213	0.7537486787	0.407277279	1.19408475
0.2472523023	0.7527476977	0.4088359203	1.192591571
0.2482532833	0.7517467167	0.4103975097	1.191095106
0.2492542643	0.7507457357	0.4119619685	1.189595445
0.2502552452	0.7497447548	0.4135292188	1.188092678
0.2512562262	0.7487437738	0.4150991839	1.186586893
0.2522572072	0.7477427928	0.4166717877	1.185078177
0.2532581882	0.7467418118	0.4182469552	1.183566616
0.2542591692	0.7457408308	0.4198246121	1.182052294
0.2552601502	0.7447398498	0.421404685	1.180535295
0.2562611311	0.7437388689	0.4229871014	1.179015702
0.2572621121	0.7427378879	0.4245717896	1.177493594
0.2582630931	0.7417369069	0.4261586786	1.175969053
0.2592640741	0.7407359259	0.4277476983	1.174442157
0.2602650551	0.7397349449	0.4293387793	1.172912983
0.261266036	0.738733964	0.4309318532	1.171381609
0.262267017	0.737732983	0.432526852	1.169848111
0.263267998	0.736732002	0.4341237088	1.168312561
0.264268979	0.735731021	0.4357223571	1.166775036
0.26526996	0.73473004	0.4373227315	1.165235605
0.2662709409	0.7337290591	0.4389247669	1.163694342
0.2672719219	0.7327280781	0.4405283993	1.162151317
0.2682729029	0.7317270971	0.4421335651	1.160606598
0.2692738839	0.7307261161	0.4437402015	1.159060255
0.2702748649	0.7297251351	0.4453482465	1.157512355
0.2712758458	0.7287241542	0.4469576385	1.155962965
0.2722768268	0.7277231732	0.4485683168	1.154412149
0.2732778078	0.7267221922	0.4501802211	1.152859974
0.2742787888	0.7257212112	0.4517932921	1.151306502
0.2752797698	0.7247202302	0.4534074708	1.149751796
0.2762807508	0.7237192492	0.4550226989	1.148195918
0.2772817317	0.7227182683	0.4566389189	1.14663893
0.2782827127	0.7217172873	0.4582560736	1.145080892
0.2792836937	0.7207163063	0.4598741067	1.143521862
0.2802846747	0.7197153253	0.4614929624	1.141961899
0.2812856557	0.7187143443	0.4631125853	1.140401062
0.2822866366	0.7177133634	0.4647329209	1.138839406
0.2832876176	0.7167123824	0.4663539149	1.137276987
0.2842885986	0.7157114014	0.467975514	1.135713862
0.2852895796	0.7147104204	0.4695976651	1.134150083
0.2862905606	0.7137094394	0.4712203158	1.132585705
0.2872915415	0.7127084585	0.4728434142	1.131020781
0.2882925225	0.7117074775	0.474466909	1.129455362
0.2892935035	0.7107064965	0.4760907494	1.1278895
0.2902944845	0.7097055155	0.4777148851	1.126323246
0.2912954655	0.7087045345	0.4793392665	1.124756648
0.2922964464	0.7077035536	0.4809638442	1.123189756
0.2932974274	0.7067025726	0.4825885695	1.121622619
0.2942984084	0.7057015916	0.4842133943	1.120055283
0.2952993894	0.7047006106	0.4858382708	1.118487797
0.2963003704	0.7036996296	0.4874631518	1.116920205
0.2973013514	0.7026986486	0.4890879906	1.115352554
0.2983023323	0.7016976677	0.490712741	1.113784889
0.2993033133	0.7006966867	0.4923373572	1.112217253
0.3003042943	0.6996957057	0.4939617939	1.11064969
0.3013052753	0.6986947247	0.4955860064	1.109082243
0.3023062563	0.6976937437	0.4972099502	1.107514954
0.3033072372	0.6966927628	0.4988335815	1.105947865
0.3043082182	0.6956917818	0.5004568569	1.104381017
0.3053091992	0.6946908008	0.5020797333	1.10281445
0.3063101802	0.6936898198	0.5037021684	1.101248203
0.3073111612	0.6926888388	0.50532412	1.099682317
0.3083121421	0.6916878579	0.5069455465	1.098116829
0.3093131231	0.6906868769	0.5085664066	1.096551777
0.3103141041	0.6896858959	0.5101866597	1.094987199
0.3113150851	0.6886849149	0.5118062653	1.093423132
0.3123160661	0.6876839339	0.5134251836	1.091859612
0.313317047	0.686682953	0.5150433751	1.090296674
0.314318028	0.685681972	0.5166608007	1.088734354
0.315319009	0.684680991	0.5182774217	1.087172686
0.31631999	0.68368001	0.5198931999	1.085611704
0.317320971	0.682679029	0.5215080975	1.084051442
0.318321952	0.681678048	0.5231220769	1.082491933
0.3193229329	0.6806770671	0.5247351012	1.080933209
0.3203239139	0.6796760861	0.5263471337	1.079375303
0.3213248949	0.6786751051	0.5279581381	1.077818246
0.3223258759	0.6776741241	0.5295680785	1.076262068
0.3233268569	0.6766731431	0.5311769196	1.0747068
0.3243278378	0.6756721622	0.5327846261	1.073152473
0.3253288188	0.6746711812	0.5343911634	1.071599115
0.3263297998	0.6736702002	0.5359964971	1.070046757
0.3273307808	0.6726692192	0.5376005932	1.068495426
0.3283317618	0.6716682382	0.5392034181	1.06694515
0.3293327427	0.6706672573	0.5408049385	1.065395958
0.3303337237	0.6696662763	0.5424051217	1.063847877
0.3313347047	0.6686652953	0.544003935	1.062300933
0.3323356857	0.6676643143	0.5456013464	1.060755153
0.3333366667	0.6666633333	0.5471973239	1.059210562
0.3343376476	0.6656623524	0.5487918361	1.057667187
0.3353386286	0.6646613714	0.550384852	1.056125053
0.3363396096	0.6636603904	0.5519763408	1.054584183
0.3373405906	0.6626594094	0.553566272	1.053044603
0.3383415716	0.6616584284	0.5551546155	1.051506336
0.3393425526	0.6606574474	0.5567413416	1.049969405
0.3403435335	0.6596564665	0.558326421	1.048433835
0.3413445145	0.6586554855	0.5599098244	1.046899647
0.3423454955	0.6576545045	0.5614915233	1.045366865
0.3433464765	0.6566535235	0.5630714891	1.043835509
0.3443474575	0.6556525425	0.5646496937	1.042305602
0.3453484384	0.6546515616	0.5662261094	1.040777164
0.3463494194	0.6536505806	0.5678007086	1.039250217
0.3473504004	0.6526495996	0.5693734644	1.037724781
0.3483513814	0.6516486186	0.5709443498	1.036200876
0.3493523624	0.6506476376	0.5725133382	1.034678523
0.3503533433	0.6496466567	0.5740804036	1.03315774
0.3513543243	0.6486456757	0.57564552	1.031638546
0.3523553053	0.6476446947	0.5772086617	1.030120961
0.3533562863	0.6466437137	0.5787698035	1.028605004
0.3543572673	0.6456427327	0.5803289205	1.027090691
0.3553582482	0.6446417518	0.5818859878	1.025578041
0.3563592292	0.6436407708	0.583440981	1.024067071
0.3573602102	0.6426397898	0.5849938762	1.022557799
0.3583611912	0.6416388088	0.5865446493	1.021050242
0.3593621722	0.6406378278	0.5880932769	1.019544416
0.3603631532	0.6396368468	0.5896397358	1.018040337
0.3613641341	0.6386358659	0.5911840029	1.016538021
0.3623651151	0.6376348849	0.5927260555	1.015037485
0.3633660961	0.6366339039	0.5942658714	1.013538743
0.3643670771	0.6356329229	0.5958034282	1.012041811
0.3653680581	0.6346319419	0.5973387041	1.010546703
0.366369039	0.633630961	0.5988716777	1.009053434
0.36737002	0.63262998	0.6004023274	1.007562018
0.368371001	0.631628999	0.6019306323	1.00607247
0.369371982	0.630628018	0.6034565717	1.004584803
0.370372963	0.629627037	0.6049801248	1.00309903
0.3713739439	0.6286260561	0.6065012716	1.001615165
0.3723749249	0.6276250751	0.608019992	1.000133221
0.3733759059	0.6266240941	0.6095362663	0.9986532106
0.3743768869	0.6256231131	0.6110500749	0.9971751462
0.3753778679	0.6246221321	0.6125613986	0.9956990399
0.3763788488	0.6236211512	0.6140702185	0.994224904
0.3773798298	0.6226201702	0.6155765158	0.99275275
0.3783808108	0.6216191892	0.6170802719	0.9912825895
0.3793817918	0.6206182082	0.6185814688	0.9898144338
0.3803827728	0.6196172272	0.6200800884	0.988348294
0.3813837538	0.6186162462	0.6215761128	0.9868841808
0.3823847347	0.6176152653	0.6230695247	0.985422105
0.3833857157	0.6166142843	0.6245603067	0.9839620768
0.3843866967	0.6156133033	0.6260484418	0.9825041065
0.3853876777	0.6146123223	0.6275339131	0.981048204
0.3863886587	0.6136113413	0.6290167042	0.979594379
0.3873896396	0.6126103604	0.6304967985	0.9781426411
0.3883906206	0.6116093794	0.6319741802	0.9766929996
0.3893916016	0.6106083984	0.6334488331	0.9752454636
0.3903925826	0.6096074174	0.6349207417	0.9738000421
0.3913935636	0.6086064364	0.6363898906	0.9723567438
0.3923945445	0.6076054555	0.6378562644	0.9709155772
0.3933955255	0.6066044745	0.6393198483	0.9694765506
0.3943965065	0.6056034935	0.6407806274	0.9680396723
0.3953974875	0.6046025125	0.6422385872	0.9666049501
0.3963984685	0.6036015315	0.6436937132	0.9651723918
0.3973994494	0.6026005506	0.6451459915	0.9637420051
0.3984004304	0.6015995696	0.6465954079	0.9623137973
0.3994014114	0.6005985886	0.6480419489	0.9608877757
0.4004023924	0.5995976076	0.6494856009	0.9594639473
0.4014033734	0.5985966266	0.6509263506	0.9580423191
0.4024043544	0.5975956456	0.6523641849	0.9566228977
0.4034053353	0.5965946647	0.6537990909	0.9552056898
0.4044063163	0.5955936837	0.6552310559	0.9537907016
0.4054072973	0.5945927027	0.6566600674	0.9523779394
0.4064082783	0.5935917217	0.6580861132	0.9509674093
0.4074092593	0.5925907407	0.659509181	0.9495591172
0.4084102402	0.5915897598	0.660929259	0.9481530688
0.4094112212	0.5905887788	0.6623463355	0.9467492697
0.4104122022	0.5895877978	0.663760399	0.9453477253
0.4114131832	0.5885868168	0.6651714381	0.943948441
0.4124141642	0.5875858358	0.6665794416	0.9425514218
0.4134151451	0.5865848549	0.6679843987	0.9411566728
0.4144161261	0.5855838739	0.6693862985	0.9397641989
0.4154171071	0.5845828929	0.6707851304	0.9383740046
0.4164180881	0.5835819119	0.6721808841	0.9369860946
0.4174190691	0.5825809309	0.6735735493	0.9356004733
0.4184200501	0.5815799499	0.674963116	0.934217145
0.419421031	0.580578969	0.6763495742	0.9328361139
0.420422012	0.579577988	0.6777329144	0.9314573839
0.421422993	0.578577007	0.6791131269	0.9300809591
0.422423974	0.577576026	0.6804902024	0.928706843
0.423424955	0.576575045	0.6818641318	0.9273350394
0.4244259359	0.5755740641	0.6832349061	0.9259655517
0.4254269169	0.5745730831	0.6846025163	0.9245983835
0.4264278979	0.5735721021	0.6859669539	0.9232335378
0.4274288789	0.5725711211	0.6873282103	0.9218710179
0.4284298599	0.5715701401	0.6886862772	0.9205108268
0.4294308408	0.5705691592	0.6900411465	0.9191529674
0.4304318218	0.5695681782	0.69139281	0.9177974425
0.4314328028	0.5685671972	0.69274126	0.9164442547
0.4324337838	0.5675662162	0.6940864888	0.9150934066
0.4334347648	0.5665652352	0.6954284888	0.9137449008
0.4344357457	0.5655642543	0.6967672526	0.9123987394
0.4354367267	0.5645632733	0.6981027731	0.9110549249
0.4364377077	0.5635622923	0.6994350431	0.9097134592
0.4374386887	0.5625613113	0.7007640558	0.9083743444
0.4384396697	0.5615603303	0.7020898043	0.9070375825
0.4394406507	0.5605593493	0.703412282	0.9057031753
0.4404416316	0.5595583684	0.7047314826	0.9043711245
0.4414426126	0.5585573874	0.7060473996	0.9030414316
0.4424435936	0.5575564064	0.7073600268	0.9017140984
0.4434445746	0.5565554254	0.7086693584	0.9003891261
0.4444455556	0.5555544444	0.7099753882	0.8990665161
0.4454465365	0.5545534635	0.7112781107	0.8977462696
0.4464475175	0.5535524825	0.7125775202	0.8964283879
0.4474484985	0.5525515015	0.7138736112	0.8951128719
0.4484494795	0.5515505205	0.7151663784	0.8937997226
0.4494504605	0.5505495395	0.7164558167	0.892488941
0.4504514414	0.5495485586	0.7177419209	0.8911805278
0.4514524224	0.5485475776	0.7190246861	0.8898744837
0.4524534034	0.5475465966	0.7203041076	0.8885708094
0.4534543844	0.5465456156	0.7215801807	0.8872695053
0.4544553654	0.5455446346	0.7228529009	0.885970572
0.4554563463	0.5445436537	0.7241222637	0.8846740099
0.4564573273	0.5435426727	0.725388265	0.8833798192
0.4574583083	0.5425416917	0.7266509005	0.8820880001
0.4584592893	0.5415407107	0.7279101663	0.8807985529
0.4594602703	0.5405397297	0.7291660585	0.8795114775
0.4604612513	0.5395387487	0.7304185732	0.878226774
0.4614622322	0.5385377678	0.731667707	0.8769444423
0.4624632132	0.5375367868	0.7329134562	0.8756644823
0.4634641942	0.5365358058	0.7341558174	0.8743868937
0.4644651752	0.5355348248	0.7353947874	0.8731116762
0.4654661562	0.5345338438	0.7366303631	0.8718388295
0.4664671371	0.5335328629	0.7378625413	0.8705683531
0.4674681181	0.5325318819	0.7390913192	0.8693002466
0.4684690991	0.5315309009	0.7403166939	0.8680345093
0.4694700801	0.5305299199	0.7415386627	0.8667711407
0.4704710611	0.5295289389	0.7427572231	0.8655101401
0.471472042	0.528527958	0.7439723725	0.8642515066
0.472473023	0.527526977	0.7451841087	0.8629952395
0.473474004	0.526525996	0.7463924294	0.8617413379
0.474474985	0.525525015	0.7475973324	0.8604898009
0.475475966	0.524524034	0.7487988156	0.8592406274
0.4764769469	0.5235230531	0.7499968773	0.8579938163
0.4774779279	0.5225220721	0.7511915154	0.8567493667
0.4784789089	0.5215210911	0.7523827284	0.8555072772
0.4794798899	0.5205201101	0.7535705146	0.8542675467
0.4804808709	0.5195191291	0.7547548725	0.8530301739
0.4814818519	0.5185181481	0.7559358006	0.8517951574
0.4824828328	0.5175171672	0.7571132978	0.8505624959
0.4834838138	0.5165161862	0.7582873627	0.8493321878
0.4844847948	0.5155152052	0.7594579942	0.8481042317
0.4854857758	0.5145142242	0.7606251914	0.846878626
0.4864867568	0.5135132432	0.7617889533	0.8456553692
0.4874877377	0.5125122623	0.7629492791	0.8444344596
0.4884887187	0.5115112813	0.7641061681	0.8432158955
0.4894896997	0.5105103003	0.7652596196	0.8419996751
0.4904906807	0.5095093193	0.7664096332	0.8407857966
0.4914916617	0.5085083383	0.7675562083	0.8395742582
0.4924926426	0.5075073574	0.7686993445	0.8383650581
0.4934936236	0.5065063764	0.7698390418	0.8371581942
0.4944946046	0.5055053954	0.7709752998	0.8359536647
0.4954955856	0.5045044144	0.7721081184	0.8347514674
0.4964965666	0.5035034334	0.7732374978	0.8335516004
0.4974975475	0.5025024525	0.7743634379	0.8323540615
0.4984985285	0.5015014715	0.7754859389	0.8311588485
0.4994995095	0.5005004905	0.7766050011	0.8299659594
0.5005004905	0.4994995095	0.7777206249	0.8287753918
0.5015014715	0.4984985285	0.7788328106	0.8275871435
0.5025024525	0.4974975475	0.7799415588	0.8264012122
0.5035034334	0.4964965666	0.78104687	0.8252175956
0.5045044144	0.4954955856	0.7821487449	0.8240362912
0.5055053954	0.4944946046	0.7832471844	0.8228572967
0.5065063764	0.4934936236	0.7843421891	0.8216806096
0.5075073574	0.4924926426	0.78543376	0.8205062274
0.5085083383	0.4914916617	0.7865218982	0.8193341476
0.5095093193	0.4904906807	0.7876066045	0.8181643676
0.5105103003	0.4894896997	0.7886878803	0.8169968848
0.5115112813	0.4884887187	0.7897657267	0.8158316967
0.5125122623	0.4874877377	0.7908401449	0.8146688005
0.5135132432	0.4864867568	0.7919111364	0.8135081935
0.5145142242	0.4854857758	0.7929787026	0.8123498731
0.5155152052	0.4844847948	0.7940428449	0.8111938365
0.5165161862	0.4834838138	0.795103565	0.8100400809
0.5175171672	0.4824828328	0.7961608645	0.8088886035
0.5185181481	0.4814818519	0.797214745	0.8077394014
0.5195191291	0.4804808709	0.7982652085	0.8065924718
0.5205201101	0.4794798899	0.7993122567	0.8054478117
0.5215210911	0.4784789089	0.8003558916	0.8043054184
0.5225220721	0.4774779279	0.8013961151	0.8031652887
0.5235230531	0.4764769469	0.8024329294	0.8020274197
0.524524034	0.475475966	0.8034663364	0.8008918084
0.525525015	0.474474985	0.8044963384	0.7997584518
0.526525996	0.473474004	0.8055229376	0.7986273467
0.527526977	0.472473023	0.8065461364	0.7974984902
0.528527958	0.471472042	0.8075659371	0.7963718791
0.5295289389	0.4704710611	0.8085823421	0.7952475103
0.5305299199	0.4694700801	0.8095953539	0.7941253806
0.5315309009	0.4684690991	0.8106049751	0.7930054869
0.5325318819	0.4674681181	0.8116112083	0.7918878259
0.5335328629	0.4664671371	0.8126140561	0.7907723944
0.5345338438	0.4654661562	0.8136135214	0.7896591891
0.5355348248	0.4644651752	0.8146096067	0.7885482069
0.5365358058	0.4634641942	0.8156023151	0.7874394444
0.5375367868	0.4624632132	0.8165916494	0.7863328983
0.5385377678	0.4614622322	0.8175776126	0.7852285652
0.5395387487	0.4604612513	0.8185602076	0.7841264419
0.5405397297	0.4594602703	0.8195394375	0.7830265249
0.5415407107	0.4584592893	0.8205153054	0.7819288109
0.5425416917	0.4574583083	0.8214878146	0.7808332965
0.5435426727	0.4564573273	0.8224569682	0.7797399781
0.5445436537	0.4554563463	0.8234227695	0.7786488525
0.5455446346	0.4544553654	0.8243852218	0.7775599161
0.5465456156	0.4534543844	0.8253443285	0.7764731655
0.5475465966	0.4524534034	0.826300093	0.7753885971
0.5485475776	0.4514524224	0.8272525188	0.7743062075
0.5495485586	0.4504514414	0.8282016094	0.7732259932
0.5505495395	0.4494504605	0.8291473684	0.7721479505
0.5515505205	0.4484494795	0.8300897993	0.7710720759
0.5525515015	0.4474484985	0.831028906	0.7699983659
0.5535524825	0.4464475175	0.831964692	0.7689268169
0.5545534635	0.4454465365	0.8328971611	0.7678574253
0.5555544444	0.4444455556	0.8338263171	0.7667901874
0.5565554254	0.4434445746	0.8347521639	0.7657250996
0.5575564064	0.4424435936	0.8356747053	0.7646621584
0.5585573874	0.4414426126	0.8365939454	0.76360136
0.5595583684	0.4404416316	0.837509888	0.7625427007
0.5605593493	0.4394406507	0.8384225371	0.761486177
0.5615603303	0.4384396697	0.8393318969	0.760431785
0.5625613113	0.4374386887	0.8402379715	0.7593795212
0.5635622923	0.4364377077	0.8411407649	0.7583293817
0.5645632733	0.4354367267	0.8420402813	0.7572813629
0.5655642543	0.4344357457	0.8429365251	0.756235461
0.5665652352	0.4334347648	0.8438295004	0.7551916723
0.5675662162	0.4324337838	0.8447192115	0.754149993
0.5685671972	0.4314328028	0.8456056628	0.7531104193
0.5695681782	0.4304318218	0.8464888586	0.7520729476
0.5705691592	0.4294308408	0.8473688034	0.7510375739
0.5715701401	0.4284298599	0.8482455016	0.7500042945
0.5725711211	0.4274288789	0.8491189577	0.7489731056
0.5735721021	0.4264278979	0.8499891762	0.7479440034
0.5745730831	0.4254269169	0.8508561617	0.746916984
0.5755740641	0.4244259359	0.8517199187	0.7458920436
0.576575045	0.423424955	0.8525804519	0.7448691784
0.577576026	0.422423974	0.8534377659	0.7438483846
0.578577007	0.421422993	0.8542918655	0.7428296582
0.579577988	0.420422012	0.8551427553	0.7418129954
0.580578969	0.419421031	0.8559904401	0.7407983924
0.5815799499	0.4184200501	0.8568349247	0.7397858453
0.5825809309	0.4174190691	0.8576762139	0.7387753501
0.5835819119	0.4164180881	0.8585143126	0.7377669031
0.5845828929	0.4154171071	0.8593492256	0.7367605003
0.5855838739	0.4144161261	0.8601809578	0.7357561377
0.5865848549	0.4134151451	0.8610095142	0.7347538116
0.5875858358	0.4124141642	0.8618348998	0.733753518
0.5885868168	0.4114131832	0.8626571196	0.732755253
0.5895877978	0.4104122022	0.8634761785	0.7317590126
0.5905887788	0.4094112212	0.8642920817	0.7307647929
0.5915897598	0.4084102402	0.8651048341	0.7297725901
0.5925907407	0.4074092593	0.865914441	0.7287824001
0.5935917217	0.4064082783	0.8667209075	0.727794219
0.5945927027	0.4054072973	0.8675242387	0.7268080429
0.5955936837	0.4044063163	0.8683244397	0.7258238678
0.5965946647	0.4034053353	0.8691215159	0.7248416898
0.5975956456	0.4024043544	0.8699154725	0.7238615049
0.5985966266	0.4014033734	0.8707063146	0.7228833092
0.5995976076	0.4004023924	0.8714940477	0.7219070987
0.6005985886	0.3994014114	0.872278677	0.7209328694
0.6015995696	0.3984004304	0.8730602078	0.7199606174
0.6026005506	0.3973994494	0.8738386455	0.7189903387
0.6036015315	0.3963984685	0.8746139955	0.7180220293
0.6046025125	0.3953974875	0.8753862632	0.7170556852
0.6056034935	0.3943965065	0.8761554539	0.7160913025
0.6066044745	0.3933955255	0.8769215733	0.7151288773
0.6076054555	0.3923945445	0.8776846266	0.7141684054
0.6086064364	0.3913935636	0.8784446194	0.7132098829
0.6096074174	0.3903925826	0.8792015573	0.7122533059
0.6106083984	0.3893916016	0.8799554456	0.7112986704
0.6116093794	0.3883906206	0.8807062901	0.7103459723
0.6126103604	0.3873896396	0.8814540962	0.7093952077
0.6136113413	0.3863886587	0.8821988695	0.7084463726
0.6146123223	0.3853876777	0.8829406156	0.707499463
0.6156133033	0.3843866967	0.8836793402	0.7065544749
0.6166142843	0.3833857157	0.8844150489	0.7056114043
0.6176152653	0.3823847347	0.8851477474	0.7046702473
0.6186162462	0.3813837538	0.8858774413	0.7037309998
0.6196172272	0.3803827728	0.8866041363	0.7027936578
0.6206182082	0.3793817918	0.8873278381	0.7018582174
0.6216191892	0.3783808108	0.8880485525	0.7009246746
0.6226201702	0.3773798298	0.8887662852	0.6999930253
0.6236211512	0.3763788488	0.889481042	0.6990632657
0.6246221321	0.3753778679	0.8901928285	0.6981353916
0.6256231131	0.3743768869	0.8909016507	0.6972093991
0.6266240941	0.3733759059	0.8916075143	0.6962852842
0.6276250751	0.3723749249	0.8923104252	0.6953630429
0.6286260561	0.3713739439	0.8930103891	0.6944426713
0.629627037	0.370372963	0.8937074119	0.6935241654
0.630628018	0.369371982	0.8944014994	0.6926075211
0.631628999	0.368371001	0.8950926577	0.6916927345
0.63262998	0.36737002	0.8957808924	0.6907798016
0.633630961	0.366369039	0.8964662096	0.6898687184
0.6346319419	0.3653680581	0.8971486151	0.6889594809
0.6356329229	0.3643670771	0.8978281148	0.6880520853
0.6366339039	0.3633660961	0.8985047148	0.6871465274
0.6376348849	0.3623651151	0.8991784208	0.6862428034
0.6386358659	0.3613641341	0.899849239	0.6853409092
0.6396368468	0.3603631532	0.9005171752	0.6844408409
0.6406378278	0.3593621722	0.9011822355	0.6835425945
0.6416388088	0.3583611912	0.9018444258	0.6826461661
0.6426397898	0.3573602102	0.9025037521	0.6817515517
0.6436407708	0.3563592292	0.9031602205	0.6808587473
0.6446417518	0.3553582482	0.9038138369	0.679967749
0.6456427327	0.3543572673	0.9044646074	0.6790785528
0.6466437137	0.3533562863	0.9051125381	0.6781911548
0.6476446947	0.3523553053	0.9057576349	0.6773055511
0.6486456757	0.3513543243	0.9063999039	0.6764217376
0.6496466567	0.3503533433	0.9070393512	0.6755397105
0.6506476376	0.3493523624	0.9076759829	0.6746594658
0.6516486186	0.3483513814	0.908309805	0.6737809995
0.6526495996	0.3473504004	0.9089408237	0.6729043079
0.6536505806	0.3463494194	0.909569045	0.6720293868
0.6546515616	0.3453484384	0.910194475	0.6711562325
0.6556525425	0.3443474575	0.9108171199	0.6702848409
0.6566535235	0.3433464765	0.9114369857	0.6694152082
0.6576545045	0.3423454955	0.9120540786	0.6685473304
0.6586554855	0.3413445145	0.9126684048	0.6676812037
0.6596564665	0.3403435335	0.9132799702	0.6668168241
0.6606574474	0.3393425526	0.9138887812	0.6659541877
0.6616584284	0.3383415716	0.9144948438	0.6650932907
0.6626594094	0.3373405906	0.9150981642	0.6642341292
0.6636603904	0.3363396096	0.9156987485	0.6633766992
0.6646613714	0.3353386286	0.916296603	0.6625209968
0.6656623524	0.3343376476	0.9168917337	0.6616670183
0.6666633333	0.3333366667	0.9174841469	0.6608147597
0.6676643143	0.3323356857	0.9180738487	0.6599642171
0.6686652953	0.3313347047	0.9186608453	0.6591153867
0.6696662763	0.3303337237	0.9192451429	0.6582682647
0.6706672573	0.3293327427	0.9198267477	0.6574228471
0.6716682382	0.3283317618	0.9204056659	0.6565791301
0.6726692192	0.3273307808	0.9209819036	0.6557371099
0.6736702002	0.3263297998	0.9215554671	0.6548967826
0.6746711812	0.3253288188	0.9221263626	0.6540581444
0.6756721622	0.3243278378	0.9226945963	0.6532211915
0.6766731431	0.3233268569	0.9232601743	0.65238592
0.6776741241	0.3223258759	0.923823103	0.6515523261
0.6786751051	0.3213248949	0.9243833885	0.6507204059
0.6796760861	0.3203239139	0.924941037	0.6498901558
0.6806770671	0.3193229329	0.9254960547	0.6490615718
0.681678048	0.318321952	0.9260484479	0.6482346502
0.682679029	0.317320971	0.9265982228	0.6474093871
0.68368001	0.31631999	0.9271453855	0.6465857788
0.684680991	0.315319009	0.9276899424	0.6457638215
0.685681972	0.314318028	0.9282318997	0.6449435115
0.686682953	0.313317047	0.9287712635	0.6441248448
0.6876839339	0.3123160661	0.9293080401	0.6433078178
0.6886849149	0.3113150851	0.9298422357	0.6424924268
0.6896858959	0.3103141041	0.9303738566	0.6416786678
0.6906868769	0.3093131231	0.9309029089	0.6408665373
0.6916878579	0.3083121421	0.931429399	0.6400560314
0.6926888388	0.3073111612	0.9319533329	0.6392471464
0.6936898198	0.3063101802	0.932474717	0.6384398786
0.6946908008	0.3053091992	0.9329935575	0.6376342242
0.6956917818	0.3043082182	0.9335098606	0.6368301796
0.6966927628	0.3033072372	0.9340236325	0.6360277409
0.6976937437	0.3023062563	0.9345348795	0.6352269045
0.6986947247	0.3013052753	0.9350436077	0.6344276667
0.6996957057	0.3003042943	0.9355498234	0.6336300238
0.7006966867	0.2993033133	0.9360535328	0.6328339721
0.7016976677	0.2983023323	0.9365547421	0.6320395079
0.7026986486	0.2973013514	0.9370534576	0.6312466275
0.7036996296	0.2963003704	0.9375496854	0.6304553272
0.7047006106	0.2952993894	0.9380434318	0.6296656034
0.7057015916	0.2942984084	0.938534703	0.6288774525
0.7067025726	0.2932974274	0.9390235052	0.6280908706
0.7077035536	0.2922964464	0.9395098446	0.6273058543
0.7087045345	0.2912954655	0.9399937273	0.6265223999
0.7097055155	0.2902944845	0.9404751597	0.6257405037
0.7107064965	0.2892935035	0.9409541478	0.624960162
0.7117074775	0.2882925225	0.941430698	0.6241813714
0.7127084585	0.2872915415	0.9419048163	0.623404128
0.7137094394	0.2862905606	0.942376509	0.6226284285
0.7147104204	0.2852895796	0.9428457822	0.621854269
0.7157114014	0.2842885986	0.9433126422	0.6210816461
0.7167123824	0.2832876176	0.9437770951	0.6203105561
0.7177133634	0.2822866366	0.9442391471	0.6195409955
0.7187143443	0.2812856557	0.9446988044	0.6187729606
0.7197153253	0.2802846747	0.9451560731	0.618006448
0.7207163063	0.2792836937	0.9456109595	0.617241454
0.7217172873	0.2782827127	0.9460634695	0.616477975
0.7227182683	0.2772817317	0.9465136095	0.6157160076
0.7237192492	0.2762807508	0.9469613856	0.6149555481
0.7247202302	0.2752797698	0.9474068039	0.6141965931
0.7257212112	0.2742787888	0.9478498705	0.613439139
0.7267221922	0.2732778078	0.9482905917	0.6126831823
0.7277231732	0.2722768268	0.9487289734	0.6119287194
0.7287241542	0.2712758458	0.9491650219	0.6111757469
0.7297251351	0.2702748649	0.9495987434	0.6104242612
0.7307261161	0.2692738839	0.9500301438	0.6096742588
0.7317270971	0.2682729029	0.9504592293	0.6089257363
0.7327280781	0.2672719219	0.950886006	0.6081786901
0.7337290591	0.2662709409	0.9513104801	0.6074331169
0.73473004	0.26526996	0.9517326576	0.606689013
0.735731021	0.264268979	0.9521525447	0.6059463751
0.736732002	0.263267998	0.9525701473	0.6052051996
0.737732983	0.262267017	0.9529854716	0.6044654832
0.738733964	0.261266036	0.9533985237	0.6037272224
0.7397349449	0.2602650551	0.9538093096	0.6029904138
0.7407359259	0.2592640741	0.9542178354	0.6022550539
0.7417369069	0.2582630931	0.9546241071	0.6015211392
0.7427378879	0.2572621121	0.9550281308	0.6007886665
0.7437388689	0.2562611311	0.9554299126	0.6000576322
0.7447398498	0.2552601502	0.9558294585	0.599328033
0.7457408308	0.2542591692	0.9562267745	0.5985998655
0.7467418118	0.2532581882	0.9566218666	0.5978731263
0.7477427928	0.2522572072	0.9570147409	0.5971478119
0.7487437738	0.2512562262	0.9574054033	0.5964239191
0.7497447548	0.2502552452	0.95779386	0.5957014445
0.7507457357	0.2492542643	0.9581801168	0.5949803847
0.7517467167	0.2482532833	0.9585641797	0.5942607363
0.7527476977	0.2472523023	0.9589460549	0.593542496
0.7537486787	0.2462513213	0.9593257481	0.5928256605
0.7547496597	0.2452503403	0.9597032655	0.5921102265
0.7557506406	0.2442493594	0.9600786129	0.5913961905
0.7567516216	0.2432483784	0.9604517963	0.5906835493
0.7577526026	0.2422473974	0.9608228217	0.5899722996
0.7587535836	0.2412464164	0.961191695	0.5892624381
0.7597545646	0.2402454354	0.9615584222	0.5885539615
0.7607555455	0.2392444545	0.9619230091	0.5878468664
0.7617565265	0.2382434735	0.9622854617	0.5871411497
0.7627575075	0.2372424925	0.9626457859	0.5864368079
0.7637584885	0.2362415115	0.9630039876	0.585733838
0.7647594695	0.2352405305	0.9633600726	0.5850322365
0.7657604505	0.2342395495	0.963714047	0.5843320004
0.7667614314	0.2332385686	0.9640659165	0.5836331262
0.7677624124	0.2322375876	0.9644156871	0.5829356107
0.7687633934	0.2312366066	0.9647633645	0.5822394508
0.7697643744	0.2302356256	0.9651089547	0.5815446432
0.7707653554	0.2292346446	0.9654524635	0.5808511847
0.7717663363	0.2282336637	0.9657938968	0.5801590721
0.7727673173	0.2272326827	0.9661332603	0.5794683021
0.7737682983	0.2262317017	0.9664705598	0.5787788716
0.7747692793	0.2252307207	0.9668058013	0.5780907775
0.7757702603	0.2242297397	0.9671389905	0.5774040164
0.7767712412	0.2232287588	0.9674701331	0.5767185852
0.7777722222	0.2222277778	0.9677992351	0.5760344808
0.7787732032	0.2212267968	0.9681263021	0.5753517
0.7797741842	0.2202258158	0.96845134	0.5746702396
0.7807751652	0.2192248348	0.9687743544	0.5739900966
0.7817761461	0.2182238539	0.9690953512	0.5733112677
0.7827771271	0.2172228729	0.9694143361	0.5726337498
0.7837781081	0.2162218919	0.9697313148	0.5719575398
0.7847790891	0.2152209109	0.9700462931	0.5712826346
0.7857800701	0.2142199299	0.9703592766	0.5706090311
0.7867810511	0.2132189489	0.9706702711	0.5699367262
0.787782032	0.212217968	0.9709792823	0.5692657167
0.788783013	0.211216987	0.9712863158	0.5685959996
0.789783994	0.210216006	0.9715913774	0.5679275718
0.790784975	0.209215025	0.9718944727	0.5672604303
0.791785956	0.208214044	0.9721956073	0.5665945719
0.7927869369	0.2072130631	0.972494787	0.5659299936
0.7937879179	0.2062120821	0.9727920173	0.5652666923
0.7947888989	0.2052111011	0.973087304	0.564604665
0.7957898799	0.2042101201	0.9733806526	0.5639439087
0.7967908609	0.2032091391	0.9736720687	0.5632844204
0.7977918418	0.2022081582	0.9739615579	0.5626261969
0.7987928228	0.2012071772	0.9742491259	0.5619692353
0.7997938038	0.2002061962	0.9745347782	0.5613135326
0.8007947848	0.1992052152	0.9748185204	0.5606590857
0.8017957658	0.1982042342	0.9751003581	0.5600058917
0.8027967467	0.1972032533	0.9753802968	0.5593539476
0.8037977277	0.1962022723	0.975658342	0.5587032504
0.8047987087	0.1952012913	0.9759344994	0.5580537972
0.8057996897	0.1942003103	0.9762087743	0.5574055848
0.8068006707	0.1931993293	0.9764811725	0.5567586105
0.8078016517	0.1921983483	0.9767516992	0.5561128712
0.8088026326	0.1911973674	0.9770203602	0.555468364
0.8098036136	0.1901963864	0.9772871607	0.554825086
0.8108045946	0.1891954054	0.9775521064	0.5541830341
0.8118055756	0.1881944244	0.9778152026	0.5535422056
0.8128065566	0.1871934434	0.9780764549	0.5529025974
0.8138075375	0.1861924625	0.9783358687	0.5522642067
0.8148085185	0.1851914815	0.9785934494	0.5516270306
0.8158094995	0.1841905005	0.9788492024	0.5509910661
0.8168104805	0.1831895195	0.9791031332	0.5503563104
0.8178114615	0.1821885385	0.9793552471	0.5497227606
0.8188124424	0.1811875576	0.9796055497	0.5490904137
0.8198134234	0.1801865766	0.9798540461	0.548459267
0.8208144044	0.1791855956	0.9801007419	0.5478293176
0.8218153854	0.1781846146	0.9803456424	0.5472005626
0.8228163664	0.1771836336	0.9805887529	0.5465729992
0.8238173473	0.1761826527	0.9808300788	0.5459466245
0.8248183283	0.1751816717	0.9810696255	0.5453214357
0.8258193093	0.1741806907	0.9813073981	0.5446974299
0.8268202903	0.1731797097	0.9815434022	0.5440746044
0.8278212713	0.1721787287	0.9817776429	0.5434529563
0.8288222523	0.1711777477	0.9820101255	0.5428324828
0.8298232332	0.1701767668	0.9822408554	0.5422131812
0.8308242142	0.1691757858	0.9824698377	0.5415950486
0.8318251952	0.1681748048	0.9826970779	0.5409780822
0.8328261762	0.1671738238	0.982922581	0.5403622793
0.8338271572	0.1661728428	0.9831463524	0.539747637
0.8348281381	0.1651718619	0.9833683973	0.5391341527
0.8358291191	0.1641708809	0.9835887209	0.5385218235
0.8368301001	0.1631698999	0.9838073284	0.5379106468
0.8378310811	0.1621689189	0.984024225	0.5373006197
0.8388320621	0.1611679379	0.9842394159	0.5366917395
0.839833043	0.160166957	0.9844529062	0.5360840035
0.840834024	0.159165976	0.9846647012	0.535477409
0.841835005	0.158164995	0.9848748059	0.5348719533
0.842835986	0.157164014	0.9850832256	0.5342676335
0.843836967	0.156163033	0.9852899654	0.5336644471
0.8448379479	0.1551620521	0.9854950303	0.5330623914
0.8458389289	0.1541610711	0.9856984255	0.5324614635
0.8468399099	0.1531600901	0.9859001561	0.531861661
0.8478408909	0.1521591091	0.9861002272	0.531262981
0.8488418719	0.1511581281	0.9862986439	0.5306654209
0.8498428529	0.1501571471	0.9864954112	0.530068978
0.8508438338	0.1491561662	0.9866905341	0.5294736498
0.8518448148	0.1481551852	0.9868840178	0.5288794334
0.8528457958	0.1471542042	0.9870758673	0.5282863264
0.8538467768	0.1461532232	0.9872660876	0.527694326
0.8548477578	0.1451522422	0.9874546836	0.5271034297
0.8558487387	0.1441512613	0.9876416605	0.5265136347
0.8568497197	0.1431502803	0.9878270232	0.5259249385
0.8578507007	0.1421492993	0.9880107766	0.5253373385
0.8588516817	0.1411483183	0.9881929258	0.524750832
0.8598526627	0.1401473373	0.9883734757	0.5241654165
0.8608536436	0.1391463564	0.9885524313	0.5235810894
0.8618546246	0.1381453754	0.9887297975	0.522997848
0.8628556056	0.1371443944	0.9889055791	0.5224156899
0.8638565866	0.1361434134	0.9890797813	0.5218346124
0.8648575676	0.1351424324	0.9892524087	0.521254613
0.8658585485	0.1341414515	0.9894234664	0.5206756891
0.8668595295	0.1331404705	0.9895929593	0.5200978381
0.8678605105	0.1321394895	0.9897608921	0.5195210576
0.8688614915	0.1311385085	0.9899272697	0.518945345
0.8698624725	0.1301375275	0.9900920971	0.5183706976
0.8708634535	0.1291365465	0.990255379	0.5177971132
0.8718644344	0.1281355656	0.9904171203	0.517224589
0.8728654154	0.1271345846	0.9905773257	0.5166531226
0.8738663964	0.1261336036	0.9907360002	0.5160827114
0.8748673774	0.1251326226	0.9908931484	0.5155133531
0.8758683584	0.1241316416	0.9910487752	0.514945045
0.8768693393	0.1231306607	0.9912028853	0.5143777847
0.8778703203	0.1221296797	0.9913554836	0.5138115698
0.8788713013	0.1211286987	0.9915065747	0.5132463976
0.8798722823	0.1201277177	0.9916561634	0.5126822659
0.8808732633	0.1191267367	0.9918042544	0.5121191721
0.8818742442	0.1181257558	0.9919508524	0.5115571137
0.8828752252	0.1171247748	0.9920959622	0.5109960883
0.8838762062	0.1161237938	0.9922395885	0.5104360935
0.8848771872	0.1151228128	0.9923817359	0.5098771268
0.8858781682	0.1141218318	0.992522409	0.5093191858
0.8868791491	0.1131208509	0.9926616127	0.508762268
0.8878801301	0.1121198699	0.9927993515	0.5082063711
0.8888811111	0.1111188889	0.99293563	0.5076514927
0.8898820921	0.1101179079	0.9930704529	0.5070976303
0.8908830731	0.1091169269	0.9932038249	0.5065447815
0.8918840541	0.1081159459	0.9933357504	0.505992944
0.892885035	0.107114965	0.9934662342	0.5054421153
0.893886016	0.106113984	0.9935952808	0.5048922931
0.894886997	0.105113003	0.9937228947	0.5043434749
0.895887978	0.104112022	0.9938490806	0.5037956585
0.896888959	0.103111041	0.993973843	0.5032488415
0.8978899399	0.1021100601	0.9940971864	0.5027030215
0.8988909209	0.1011090791	0.9942191154	0.5021581962
0.8998919019	0.1001080981	0.9943396344	0.5016143631
0.9008928829	0.09910711712	0.9944587481	0.5010715201
0.9018938639	0.09810613614	0.9945764609	0.5005296647
0.9028948448	0.09710515516	0.9946927773	0.4999887946
0.9038958258	0.09610417417	0.9948077017	0.4994489075
0.9048968068	0.09510319319	0.9949212386	0.4989100011
0.9058977878	0.09410221221	0.9950333925	0.4983720731
0.9068987688	0.09310123123	0.9951441679	0.4978351212
0.9078997497	0.09210025025	0.9952535691	0.497299143
0.9089007307	0.09109926927	0.9953616006	0.4967641363
0.9099017117	0.09009828829	0.9954682668	0.4962300989
0.9109026927	0.08909730731	0.9955735721	0.4956970284
0.9119036737	0.08809632633	0.9956775209	0.4951649225
0.9129046547	0.08709534535	0.9957801175	0.4946337791
0.9139056356	0.08609436436	0.9958813664	0.4941035957
0.9149066166	0.08509338338	0.9959812718	0.4935743703
0.9159075976	0.0840924024	0.9960798382	0.4930461005
0.9169085786	0.08309142142	0.9961770699	0.4925187841
0.9179095596	0.08209044044	0.9962729711	0.4919924188
0.9189105405	0.08108945946	0.9963675462	0.4914670024
0.9199115215	0.08008847848	0.9964607996	0.4909425328
0.9209125025	0.0790874975	0.9965527355	0.4904190076
0.9219134835	0.07808651652	0.9966433581	0.4898964247
0.9229144645	0.07708553554	0.9967326718	0.4893747819
0.9239154454	0.07608455455	0.9968206808	0.4888540769
0.9249164264	0.07508357357	0.9969073894	0.4883343076
0.9259174074	0.07408259259	0.9969928018	0.4878154718
0.9269183884	0.07308161161	0.9970769222	0.4872975672
0.9279193694	0.07208063063	0.9971597549	0.4867805918
0.9289203504	0.07107964965	0.997241304	0.4862645433
0.9299213313	0.07007866867	0.9973215737	0.4857494195
0.9309223123	0.06907768769	0.9974005683	0.4852352184
0.9319232933	0.06807670671	0.9974782919	0.4847219378
0.9329242743	0.06707572573	0.9975547486	0.4842095754
0.9339252553	0.06607474474	0.9976299427	0.4836981292
0.9349262362	0.06507376376	0.9977038782	0.483187597
0.9359272172	0.06407278278	0.9977765593	0.4826779767
0.9369281982	0.0630718018	0.9978479902	0.4821692662
0.9379291792	0.06207082082	0.9979181749	0.4816614633
0.9389301602	0.06106983984	0.9979871174	0.4811545659
0.9399311411	0.06006885886	0.998054822	0.480648572
0.9409321221	0.05906787788	0.9981212927	0.4801434793
0.9419331031	0.0580668969	0.9981865336	0.4796392859
0.9429340841	0.05706591592	0.9982505486	0.4791359896
0.9439350651	0.05606493493	0.998313342	0.4786335883
0.944936046	0.05506395395	0.9983749176	0.4781320799
0.945937027	0.05406297297	0.9984352795	0.4776314624
0.946938008	0.05306199199	0.9984944318	0.4771317338
0.947938989	0.05206101101	0.9985523784	0.4766328918
0.94893997	0.05106003003	0.9986091234	0.4761349345
0.949940951	0.05005904905	0.9986646706	0.4756378598
0.9509419319	0.04905806807	0.9987190242	0.4751416657
0.9519429129	0.04805708709	0.998772188	0.47464635
0.9529438939	0.04705610611	0.998824166	0.4741519109
0.9539448749	0.04605512513	0.9988749622	0.4736583462
0.9549458559	0.04505414414	0.9989245804	0.4731656539
0.9559468368	0.04405316316	0.9989730247	0.472673832
0.9569478178	0.04305218218	0.9990202988	0.4721828785
0.9579487988	0.0420512012	0.9990664068	0.4716927914
0.9589497798	0.04105022022	0.9991113525	0.4712035686
0.9599507608	0.04004923924	0.9991551397	0.4707152081
0.9609517417	0.03904825826	0.9991977724	0.470227708
0.9619527227	0.03804727728	0.9992392544	0.4697410663
0.9629537037	0.0370462963	0.9992795896	0.4692552809
0.9639546847	0.03604531532	0.9993187817	0.4687703499
0.9649556657	0.03504433433	0.9993568347	0.4682862714
0.9659566466	0.03404335335	0.9993937523	0.4678030433
0.9669576276	0.03304237237	0.9994295384	0.4673206637
0.9679586086	0.03204139139	0.9994641966	0.4668391306
0.9689595896	0.03104041041	0.999497731	0.4663584421
0.9699605706	0.03003942943	0.9995301451	0.4658785962
0.9709615516	0.02903844845	0.9995614428	0.465399591
0.9719625325	0.02803746747	0.9995916279	0.4649214245
0.9729635135	0.02703648649	0.999620704	0.4644440948
0.9739644945	0.02603550551	0.9996486749	0.4639676
0.9749654755	0.02503452452	0.9996755444	0.4634919382
0.9759664565	0.02403354354	0.9997013161	0.4630171073
0.9769674374	0.02303256256	0.9997259938	0.4625431056
0.9779684184	0.02203158158	0.9997495811	0.4620699311
0.9789693994	0.0210306006	0.9997720818	0.4615975819
0.9799703804	0.02002961962	0.9997934995	0.4611260562
0.9809713614	0.01902863864	0.9998138379	0.4606553519
0.9819723423	0.01802765766	0.9998331006	0.4601854672
0.9829733233	0.01702667668	0.9998512913	0.4597164003
0.9839743043	0.0160256957	0.9998684136	0.4592481493
0.9849752853	0.01502471471	0.9998844712	0.4587807122
0.9859762663	0.01402373373	0.9998994677	0.4583140873
0.9869772472	0.01302275275	0.9999134066	0.4578482726
0.9879782282	0.01202177177	0.9999262915	0.4573832664
0.9889792092	0.01102079079	0.9999381262	0.4569190666
0.9899801902	0.01001980981	0.999948914	0.4564556716
0.9909811712	0.009018828829	0.9999586587	0.4559930794
0.9919821522	0.008017847848	0.9999673637	0.4555312882
0.9929831331	0.007016866867	0.9999750326	0.4550702962
0.9939841141	0.006015885886	0.9999816689	0.4546101016
0.9949850951	0.005014904905	0.9999872762	0.4541507025
0.9959860761	0.004013923924	0.999991858	0.4536920971
0.9969870571	0.003012942943	0.9999954178	0.4532342835
0.997988038	0.002011961962	0.999997959	0.4527772601
0.998989019	0.001010980981	0.9999994853	0.4523210249
0.99999	1e-05	0.9999999999	0.4518655762
