1e-05	0.99999	0.2299255936	1.000000006
0.001010980981	0.998989019	0.2038499845	1.000060764
0.002011961962	0.997988038	0.1822724238	1.000229475
0.003012942943	0.9969870571	0.1642734017	1.000490815
0.004013923924	0.9959860761	0.1491481655	1.000831016
0.005014904905	0.9949850951	0.1363511998	1.001237691
0.006015885886	0.9939841141	0.1254562992	1.001699702
0.007016866867	0.9929831331	0.1161275377	1.002207019
0.008017847848	0.9919821522	0.1080979427	1.002750618
0.009018828829	0.9909811712	0.1011536741	1.003322373
0.01001980981	0.9899801902	0.0951221764	1.003914971
0.01102079079	0.9889792092	0.08986322979	1.004521831
0.01202177177	0.9879782282	0.0852621316	1.005137035
0.01302275275	0.9869772472	0.08122446066	1.005755261
0.01402373373	0.9859762663	0.07767202599	1.006371733
0.01502471471	0.9849752853	0.07453970914	1.006982164
0.0160256957	0.9839743043	0.07177298608	1.007582714
0.01702667668	0.9829733233	0.06932596942	1.008169947
0.01802765766	0.9819723423	0.06715985209	1.008740797
0.01902863864	0.9809713614	0.06524166259	1.00929253
0.02002961962	0.9799703804	0.06354326366	1.009822718
0.0210306006	0.9789693994	0.06204054247	1.010329211
0.02203158158	0.9779684184	0.06071275205	1.010810109
0.02303256256	0.9769674374	0.05954197316	1.011263744
0.02403354354	0.9759664565	0.05851267232	1.011688657
0.02503452452	0.9749654755	0.05761133721	1.01208358
0.02603550551	0.9739644945	0.05682617447	1.012447418
0.02703648649	0.9729635135	0.05614685823	1.012779237
0.02803746747	0.9719625325	0.05556431991	1.013078246
0.02903844845	0.9709615516	0.05507057187	1.013343787
0.03003942943	0.9699605706	0.05465855888	1.01357532
0.03104041041	0.9689595896	0.05432203254	1.013772418
0.03204139139	0.9679586086	0.05405544473	1.013934752
0.03304237237	0.9669576276	0.05385385699	1.014062082
0.03404335335	0.9659566466	0.05371286298	1.014154253
0.03504433433	0.9649556657	0.05362852219	1.014211184
0.03604531532	0.9639546847	0.05359730288	1.014232863
0.0370462963	0.9629537037	0.0536160329	1.014219338
0.03804727728	0.9619527227	0.05368185723	1.014170716
0.03904825826	0.9609517417	0.05379220113	1.014087152
0.04004923924	0.9599507608	0.05394473809	1.013968847
0.04105022022	0.9589497798	0.05413736198	1.013816044
0.0420512012	0.9579487988	0.05436816266	1.013629024
0.04305218218	0.9569478178	0.05463540461	1.0134081
0.04405316316	0.9559468368	0.05493750824	1.013153615
0.04505414414	0.9549458559	0.05527303337	1.01286594
0.04605512513	0.9539448749	0.05564066473	1.012545467
0.04705610611	0.9529438939	0.05603919911	1.012192613
0.04805708709	0.9519429129	0.05646753399	1.01180781
0.04905806807	0.9509419319	0.05692465749	1.011391507
0.05005904905	0.949940951	0.05740963935	1.010944169
0.05106003003	0.94893997	0.05792162302	1.010466271
0.05206101101	0.947938989	0.05845981849	1.0099583
0.05306199199	0.946938008	0.05902349595	1.00942075
0.05406297297	0.945937027	0.05961198013	1.008854125
0.05506395395	0.944936046	0.06022464512	1.008258932
0.05606493493	0.9439350651	0.06086090989	1.007635684
0.05706591592	0.9429340841	0.06152023407	1.006984898
0.0580668969	0.9419331031	0.06220211432	1.006307093
0.05906787788	0.9409321221	0.06290608093	1.00560279
0.06006885886	0.9399311411	0.06363169483	1.004872509
0.06106983984	0.9389301602	0.06437854485	1.004116772
0.06207082082	0.9379291792	0.06514624522	1.003336099
0.0630718018	0.9369281982	0.06593443339	1.002531009
0.06407278278	0.9359272172	0.06674276794	1.001702017
0.06507376376	0.9349262362	0.06757092676	1.000849637
0.06607474474	0.9339252553	0.06841860534	0.9999743803
0.06707572573	0.9329242743	0.0692855153	0.9990767528
0.06807670671	0.9319232933	0.07017138293	0.9981572572
0.06907768769	0.9309223123	0.07107594796	0.9972163917
0.07007866867	0.9299213313	0.0719989624	0.9962546497
0.07107964965	0.9289203504	0.07294018945	0.9952725194
0.07208063063	0.9279193694	0.07389940258	0.9942704837
0.07308161161	0.9269183884	0.0748763846	0.9932490201
0.07408259259	0.9259174074	0.07587092688	0.9922086001
0.07508357357	0.9249164264	0.0768828286	0.9911496893
0.07608455455	0.9239154454	0.07791189604	0.9900727472
0.07708553554	0.9229144645	0.07895794203	0.988978227
0.07808651652	0.9219134835	0.08002078529	0.9878665757
0.0790874975	0.9209125025	0.08110024999	0.9867382337
0.08008847848	0.9199115215	0.08219616519	0.9855936349
0.08108945946	0.9189105405	0.08330836448	0.9844332065
0.08209044044	0.9179095596	0.08443668549	0.9832573693
0.08309142142	0.9169085786	0.0855809696	0.9820665372
0.0840924024	0.9159075976	0.08674106152	0.9808611174
0.08509338338	0.9149066166	0.08791680906	0.9796415105
0.08609436436	0.9139056356	0.08910806277	0.9784081104
0.08709534535	0.9129046547	0.09031467572	0.977161304
0.08809632633	0.9119036737	0.09153650322	0.9759014719
0.08909730731	0.9109026927	0.09277340265	0.9746289877
0.09009828829	0.9099017117	0.0940252332	0.9733442186
0.09109926927	0.9089007307	0.09529185574	0.9720475249
0.09210025025	0.9078997497	0.09657313258	0.9707392605
0.09310123123	0.9068987688	0.0978689274	0.969419773
0.09410221221	0.9058977878	0.09917910502	0.9680894031
0.09510319319	0.9048968068	0.1005035313	0.9667484855
0.09610417417	0.9038958258	0.1018420731	0.9653973481
0.09710515516	0.9028948448	0.1031945981	0.964036313
0.09810613614	0.9018938639	0.1045609745	0.9626656958
0.09910711712	0.9008928829	0.1059410714	0.961285806
0.1001080981	0.8998919019	0.1073347583	0.959896947
0.1011090791	0.8988909209	0.1087419053	0.9584994163
0.1021100601	0.8978899399	0.1101623828	0.9570935054
0.103111041	0.896888959	0.1115960614	0.9556794999
0.104112022	0.895887978	0.1130428125	0.9542576798
0.105113003	0.894886997	0.1145025072	0.9528283194
0.106113984	0.893886016	0.115975017	0.9513916871
0.107114965	0.892885035	0.1174602138	0.9499480462
0.1081159459	0.8918840541	0.1189579693	0.9484976544
0.1091169269	0.8908830731	0.1204681555	0.9470407638
0.1101179079	0.8898820921	0.1219906445	0.9455776217
0.1111188889	0.8888811111	0.1235253083	0.9441084698
0.1121198699	0.8878801301	0.125072019	0.9426335449
0.1131208509	0.8868791491	0.1266306489	0.9411530788
0.1141218318	0.8858781682	0.12820107	0.9396672982
0.1151228128	0.8848771872	0.1297831547	0.9381764252
0.1161237938	0.8838762062	0.131376775	0.936680677
0.1171247748	0.8828752252	0.1329818033	0.935180266
0.1181257558	0.8818742442	0.1345981115	0.9336754001
0.1191267367	0.8808732633	0.136225572	0.9321662828
0.1201277177	0.8798722823	0.1378640568	0.9306531131
0.1211286987	0.8788713013	0.1395134381	0.9291360854
0.1221296797	0.8778703203	0.1411735881	0.9276153901
0.1231306607	0.8768693393	0.1428443788	0.9260912133
0.1241316416	0.8758683584	0.1445256825	0.9245637369
0.1251326226	0.8748673774	0.1462173714	0.923033139
0.1261336036	0.8738663964	0.1479193175	0.9214995934
0.1271345846	0.8728654154	0.1496313932	0.9199632703
0.1281355656	0.8718644344	0.1513534707	0.9184243358
0.1291365465	0.8708634535	0.1530854224	0.9168829524
0.1301375275	0.8698624725	0.1548271206	0.915339279
0.1311385085	0.8688614915	0.1565784379	0.9137934708
0.1321394895	0.8678605105	0.1583392467	0.9122456793
0.1331404705	0.8668595295	0.1601094198	0.9106960529
0.1341414515	0.8658585485	0.1618888299	0.9091447362
0.1351424324	0.8648575676	0.16367735	0.9075918708
0.1361434134	0.8638565866	0.1654748532	0.9060375949
0.1371443944	0.8628556056	0.1672812126	0.9044820434
0.1381453754	0.8618546246	0.1690963016	0.9029253481
0.1391463564	0.8608536436	0.170919994	0.901367638
0.1401473373	0.8598526627	0.1727521633	0.8998090386
0.1411483183	0.8588516817	0.1745926838	0.8982496729
0.1421492993	0.8578507007	0.1764414296	0.8966896607
0.1431502803	0.8568497197	0.1782982752	0.8951291191
0.1441512613	0.8558487387	0.1801630954	0.8935681625
0.1451522422	0.8548477578	0.1820357653	0.8920069023
0.1461532232	0.8538467768	0.1839161601	0.8904454476
0.1471542042	0.8528457958	0.1858041556	0.8888839046
0.1481551852	0.8518448148	0.1876996278	0.887322377
0.1491561662	0.8508438338	0.1896024529	0.8857609662
0.1501571471	0.8498428529	0.1915125077	0.8841997708
0.1511581281	0.8488418719	0.1934296691	0.8826388874
0.1521591091	0.8478408909	0.1953538147	0.8810784098
0.1531600901	0.8468399099	0.1972848222	0.8795184299
0.1541610711	0.8458389289	0.1992225698	0.8779590372
0.1551620521	0.8448379479	0.2011669363	0.8764003188
0.156163033	0.843836967	0.2031178008	0.87484236
0.157164014	0.842835986	0.2050750427	0.8732852437
0.158164995	0.841835005	0.2070385421	0.8717290508
0.159165976	0.840834024	0.2090081796	0.8701738603
0.160166957	0.839833043	0.210983836	0.8686197489
0.1611679379	0.8388320621	0.2129653929	0.8670667918
0.1621689189	0.8378310811	0.2149527323	0.8655150619
0.1631698999	0.8368301001	0.2169457367	0.8639646305
0.1641708809	0.8358291191	0.2189442891	0.8624155669
0.1651718619	0.8348281381	0.2209482732	0.8608679387
0.1661728428	0.8338271572	0.2229575732	0.8593218117
0.1671738238	0.8328261762	0.2249720737	0.8577772502
0.1681748048	0.8318251952	0.2269916602	0.8562343165
0.1691757858	0.8308242142	0.2290162184	0.8546930715
0.1701767668	0.8298232332	0.231045635	0.8531535744
0.1711777477	0.8288222523	0.2330797971	0.8516158828
0.1721787287	0.8278212713	0.2351185923	0.8500800529
0.1731797097	0.8268202903	0.237161909	0.8485461393
0.1741806907	0.8258193093	0.2392096363	0.8470141952
0.1751816717	0.8248183283	0.2412616638	0.8454842721
0.1761826527	0.8238173473	0.2433178818	0.8439564205
0.1771836336	0.8228163664	0.2453781813	0.8424306893
0.1781846146	0.8218153854	0.2474424538	0.8409071261
0.1791855956	0.8208144044	0.2495105916	0.839385777
0.1801865766	0.8198134234	0.2515824878	0.8378666872
0.1811875576	0.8188124424	0.2536580361	0.8363499002
0.1821885385	0.8178114615	0.2557371307	0.8348354586
0.1831895195	0.8168104805	0.2578196668	0.8333234036
0.1841905005	0.8158094995	0.25990554	0.8318137754
0.1851914815	0.8148085185	0.261994647	0.8303066128
0.1861924625	0.8138075375	0.2640868848	0.8288019536
0.1871934434	0.8128065566	0.2661821515	0.8272998346
0.1881944244	0.8118055756	0.2682803456	0.8258002914
0.1891954054	0.8108045946	0.2703813666	0.8243033584
0.1901963864	0.8098036136	0.2724851145	0.8228090693
0.1911973674	0.8088026326	0.2745914903	0.8213174565
0.1921983483	0.8078016517	0.2767003954	0.8198285516
0.1931993293	0.8068006707	0.2788117323	0.818342385
0.1942003103	0.8057996897	0.2809254041	0.8168589865
0.1952012913	0.8047987087	0.2830413145	0.8153783846
0.1962022723	0.8037977277	0.2851593683	0.8139006071
0.1972032533	0.8027967467	0.2872794707	0.8124256808
0.1982042342	0.8017957658	0.289401528	0.8109536319
0.1992052152	0.8007947848	0.2915254469	0.8094844855
0.2002061962	0.7997938038	0.2936511352	0.8080182658
0.2012071772	0.7987928228	0.2957785013	0.8065549965
0.2022081582	0.7977918418	0.2979074543	0.8050947002
0.2032091391	0.7967908609	0.3000379043	0.8036373989
0.2042101201	0.7957898799	0.302169762	0.8021831138
0.2052111011	0.7947888989	0.3043029388	0.8007318653
0.2062120821	0.7937879179	0.3064373472	0.7992836732
0.2072130631	0.7927869369	0.3085729	0.7978385564
0.208214044	0.791785956	0.3107095113	0.7963965334
0.209215025	0.790784975	0.3128470955	0.7949576217
0.210216006	0.789783994	0.3149855681	0.7935218383
0.211216987	0.788783013	0.3171248452	0.7920891995
0.212217968	0.787782032	0.3192648438	0.7906597211
0.2132189489	0.7867810511	0.3214054815	0.7892334182
0.2142199299	0.7857800701	0.3235466769	0.7878103051
0.2152209109	0.7847790891	0.3256883493	0.7863903959
0.2162218919	0.7837781081	0.3278304186	0.7849737037
0.2172228729	0.7827771271	0.3299728056	0.7835602414
0.2182238539	0.7817761461	0.332115432	0.7821500211
0.2192248348	0.7807751652	0.3342582201	0.7807430544
0.2202258158	0.7797741842	0.336401093	0.7793393525
0.2212267968	0.7787732032	0.3385439746	0.777938926
0.2222277778	0.7777722222	0.3406867895	0.776541785
0.2232287588	0.7767712412	0.3428294631	0.7751479391
0.2242297397	0.7757702603	0.3449719217	0.7737573973
0.2252307207	0.7747692793	0.3471140921	0.7723701684
0.2262317017	0.7737682983	0.3492559021	0.7709862605
0.2272326827	0.7727673173	0.35139728	0.7696056813
0.2282336637	0.7717663363	0.3535381552	0.7682284383
0.2292346446	0.7707653554	0.3556784575	0.7668545382
0.2302356256	0.7697643744	0.3578181176	0.7654839874
0.2312366066	0.7687633934	0.3599570671	0.7641167921
0.2322375876	0.7677624124	0.362095238	0.7627529579
0.2332385686	0.7667614314	0.3642325634	0.76139249
0.2342395495	0.7657604505	0.3663689768	0.7600353932
0.2352405305	0.7647594695	0.3685044127	0.7586816722
0.2362415115	0.7637584885	0.3706388063	0.7573313309
0.2372424925	0.7627575075	0.3727720933	0.7559843733
0.2382434735	0.7617565265	0.3749042105	0.7546408026
0.2392444545	0.7607555455	0.377035095	0.753300622
0.2402454354	0.7597545646	0.379164685	0.7519638343
0.2412464164	0.7587535836	0.3812929191	0.7506304419
0.2422473974	0.7577526026	0.3834197369	0.7493004468
0.2432483784	0.7567516216	0.3855450785	0.747973851
0.2442493594	0.7557506406	0.3876688848	0.7466506558
0.2452503403	0.7547496597	0.3897910973	0.7453308626
0.2462513213	0.7537486787	0.3919116584	0.7440144722
0.2472523023	0.7527476977	0.394030511	0.7427014853
0.2482532833	0.7517467167	0.3961475988	0.7413919022
0.2492542643	0.7507457357	0.398262866	0.7400857231
0.2502552452	0.7497447548	0.4003762578	0.7387829478
0.2512562262	0.7487437738	0.4024877199	0.7374835759
0.2522572072	0.7477427928	0.4045971986	0.7361876067
0.2532581882	0.7467418118	0.4067046409	0.7348950393
0.2542591692	0.7457408308	0.4088099947	0.7336058725
0.2552601502	0.7447398498	0.4109132083	0.7323201051
0.2562611311	0.7437388689	0.4130142307	0.7310377354
0.2572621121	0.7427378879	0.4151130116	0.7297587616
0.2582630931	0.7417369069	0.4172095014	0.7284831817
0.2592640741	0.7407359259	0.419303651	0.7272109935
0.2602650551	0.7397349449	0.4213954122	0.7259421944
0.261266036	0.738733964	0.4234847371	0.7246767819
0.262267017	0.737732983	0.4255715787	0.7234147531
0.263267998	0.736732002	0.4276558906	0.7221561051
0.264268979	0.735731021	0.4297376268	0.7209008345
0.26526996	0.73473004	0.4318167421	0.7196489382
0.2662709409	0.7337290591	0.433893192	0.7184004123
0.2672719219	0.7327280781	0.4359669324	0.7171552534
0.2682729029	0.7317270971	0.4380379201	0.7159134574
0.2692738839	0.7307261161	0.4401061121	0.7146750203
0.2702748649	0.7297251351	0.4421714663	0.713439938
0.2712758458	0.7287241542	0.4442339411	0.712208206
0.2722768268	0.7277231732	0.4462934955	0.7109798198
0.2732778078	0.7267221922	0.4483500892	0.7097547749
0.2742787888	0.7257212112	0.4504036822	0.7085330663
0.2752797698	0.7247202302	0.4524542352	0.7073146892
0.2762807508	0.7237192492	0.4545017098	0.7060996385
0.2772817317	0.7227182683	0.4565460675	0.7048879089
0.2782827127	0.7217172873	0.4585872711	0.7036794953
0.2792836937	0.7207163063	0.4606252833	0.7024743921
0.2802846747	0.7197153253	0.4626600679	0.7012725938
0.2812856557	0.7187143443	0.4646915888	0.7000740946
0.2822866366	0.7177133634	0.4667198108	0.6988788889
0.2832876176	0.7167123824	0.468744699	0.6976869706
0.2842885986	0.7157114014	0.4707662192	0.6964983338
0.2852895796	0.7147104204	0.4727843376	0.6953129724
0.2862905606	0.7137094394	0.4747990209	0.6941308802
0.2872915415	0.7127084585	0.4768102366	0.6929520508
0.2882925225	0.7117074775	0.4788179523	0.6917764779
0.2892935035	0.7107064965	0.4808221365	0.6906041549
0.2902944845	0.7097055155	0.4828227581	0.6894350752
0.2912954655	0.7087045345	0.4848197862	0.6882692322
0.2922964464	0.7077035536	0.4868131909	0.6871066192
0.2932974274	0.7067025726	0.4888029423	0.6859472292
0.2942984084	0.7057015916	0.4907890115	0.6847910554
0.2952993894	0.7047006106	0.4927713697	0.6836380907
0.2963003704	0.7036996296	0.4947499886	0.6824883282
0.2973013514	0.7026986486	0.4967248407	0.6813417606
0.2983023323	0.7016976677	0.4986958986	0.6801983807
0.2993033133	0.7006966867	0.5006631356	0.6790581813
0.3003042943	0.6996957057	0.5026265254	0.6779211551
0.3013052753	0.6986947247	0.504586042	0.6767872945
0.3023062563	0.6976937437	0.5065416602	0.6756565923
0.3033072372	0.6966927628	0.5084933551	0.6745290407
0.3043082182	0.6956917818	0.510441102	0.6734046323
0.3053091992	0.6946908008	0.512384877	0.6722833594
0.3063101802	0.6936898198	0.5143246564	0.6711652142
0.3073111612	0.6926888388	0.5162604172	0.6700501892
0.3083121421	0.6916878579	0.5181921365	0.6689382765
0.3093131231	0.6906868769	0.520119792	0.6678294682
0.3103141041	0.6896858959	0.5220433619	0.6667237565
0.3113150851	0.6886849149	0.5239628246	0.6656211334
0.3123160661	0.6876839339	0.5258781592	0.664521591
0.313317047	0.686682953	0.527789345	0.6634251212
0.314318028	0.685681972	0.5296963618	0.6623317161
0.315319009	0.684680991	0.5315991896	0.6612413675
0.31631999	0.68368001	0.5334978091	0.6601540672
0.317320971	0.682679029	0.5353922013	0.6590698073
0.318321952	0.681678048	0.5372823474	0.6579885794
0.3193229329	0.6806770671	0.5391682293	0.6569103754
0.3203239139	0.6796760861	0.541049829	0.6558351869
0.3213248949	0.6786751051	0.542927129	0.6547630058
0.3223258759	0.6776741241	0.5448001123	0.6536938237
0.3233268569	0.6766731431	0.546668762	0.6526276323
0.3243278378	0.6756721622	0.5485330618	0.6515644232
0.3253288188	0.6746711812	0.5503929956	0.6505041881
0.3263297998	0.6736702002	0.5522485478	0.6494469185
0.3273307808	0.6726692192	0.554099703	0.6483926061
0.3283317618	0.6716682382	0.5559464463	0.6473412424
0.3293327427	0.6706672573	0.5577887632	0.6462928189
0.3303337237	0.6696662763	0.5596266392	0.6452473271
0.3313347047	0.6686652953	0.5614600606	0.6442047587
0.3323356857	0.6676643143	0.5632890136	0.643165105
0.3333366667	0.6666633333	0.5651134852	0.6421283575
0.3343376476	0.6656623524	0.5669334622	0.6410945077
0.3353386286	0.6646613714	0.5687489322	0.6400635471
0.3363396096	0.6636603904	0.5705598829	0.6390354671
0.3373405906	0.6626594094	0.5723663022	0.6380102592
0.3383415716	0.6616584284	0.5741681787	0.6369879147
0.3393425526	0.6606574474	0.5759655009	0.635968425
0.3403435335	0.6596564665	0.5777582578	0.6349517817
0.3413445145	0.6586554855	0.5795464387	0.633937976
0.3423454955	0.6576545045	0.5813300332	0.6329269994
0.3433464765	0.6566535235	0.5831090313	0.6319188433
0.3443474575	0.6556525425	0.584883423	0.6309134991
0.3453484384	0.6546515616	0.5866531988	0.6299109581
0.3463494194	0.6536505806	0.5884183496	0.6289112117
0.3473504004	0.6526495996	0.5901788664	0.6279142513
0.3483513814	0.6516486186	0.5919347405	0.6269200683
0.3493523624	0.6506476376	0.5936859634	0.6259286541
0.3503533433	0.6496466567	0.5954325272	0.62494
0.3513543243	0.6486456757	0.597174424	0.6239540975
0.3523553053	0.6476446947	0.5989116462	0.6229709378
0.3533562863	0.6466437137	0.6006441865	0.6219905125
0.3543572673	0.6456427327	0.6023720378	0.6210128128
0.3553582482	0.6446417518	0.6040951934	0.6200378302
0.3563592292	0.6436407708	0.6058136468	0.6190655561
0.3573602102	0.6426397898	0.6075273916	0.6180959818
0.3583611912	0.6416388088	0.609236422	0.6171290988
0.3593621722	0.6406378278	0.610940732	0.6161648986
0.3603631532	0.6396368468	0.6126403162	0.6152033724
0.3613641341	0.6386358659	0.6143351694	0.6142445118
0.3623651151	0.6376348849	0.6160252864	0.6132883082
0.3633660961	0.6366339039	0.6177106624	0.612334753
0.3643670771	0.6356329229	0.619391293	0.6113838377
0.3653680581	0.6346319419	0.6210671736	0.6104355537
0.366369039	0.633630961	0.6227383003	0.6094898926
0.36737002	0.63262998	0.6244046692	0.6085468457
0.368371001	0.631628999	0.6260662766	0.6076064046
0.369371982	0.630628018	0.6277231189	0.6066685609
0.370372963	0.629627037	0.6293751931	0.6057333059
0.3713739439	0.6286260561	0.6310224961	0.6048006313
0.3723749249	0.6276250751	0.6326650251	0.6038705286
0.3733759059	0.6266240941	0.6343027775	0.6029429894
0.3743768869	0.6256231131	0.6359357509	0.6020180051
0.3753778679	0.6246221321	0.6375639432	0.6010955674
0.3763788488	0.6236211512	0.6391873523	0.6001756679
0.3773798298	0.6226201702	0.6408059765	0.5992582982
0.3783808108	0.6216191892	0.6424198142	0.5983434499
0.3793817918	0.6206182082	0.644028864	0.5974311147
0.3803827728	0.6196172272	0.6456331246	0.5965212842
0.3813837538	0.6186162462	0.6472325952	0.5956139501
0.3823847347	0.6176152653	0.6488272749	0.594709104
0.3833857157	0.6166142843	0.6504171629	0.5938067377
0.3843866967	0.6156133033	0.6520022589	0.5929068429
0.3853876777	0.6146123223	0.6535825626	0.5920094113
0.3863886587	0.6136113413	0.6551580739	0.5911144347
0.3873896396	0.6126103604	0.6567287929	0.5902219049
0.3883906206	0.6116093794	0.6582947197	0.5893318136
0.3893916016	0.6106083984	0.6598558549	0.5884441526
0.3903925826	0.6096074174	0.6614121989	0.5875589138
0.3913935636	0.6086064364	0.6629637526	0.586676089
0.3923945445	0.6076054555	0.6645105168	0.5857956701
0.3933955255	0.6066044745	0.6660524927	0.5849176489
0.3943965065	0.6056034935	0.6675896814	0.5840420174
0.3953974875	0.6046025125	0.6691220844	0.5831687675
0.3963984685	0.6036015315	0.6706497031	0.582297891
0.3973994494	0.6026005506	0.6721725393	0.5814293801
0.3984004304	0.6015995696	0.6736905949	0.5805632266
0.3994014114	0.6005985886	0.6752038718	0.5796994225
0.4004023924	0.5995976076	0.6767123721	0.5788379599
0.4014033734	0.5985966266	0.6782160982	0.5779788308
0.4024043544	0.5975956456	0.6797150524	0.5771220272
0.4034053353	0.5965946647	0.6812092374	0.5762675413
0.4044063163	0.5955936837	0.6826986559	0.5754153651
0.4054072973	0.5945927027	0.6841833106	0.5745654908
0.4064082783	0.5935917217	0.6856632046	0.5737179105
0.4074092593	0.5925907407	0.687138341	0.5728726164
0.4084102402	0.5915897598	0.6886087231	0.5720296007
0.4094112212	0.5905887788	0.6900743541	0.5711888555
0.4104122022	0.5895877978	0.6915352376	0.5703503731
0.4114131832	0.5885868168	0.6929913772	0.5695141457
0.4124141642	0.5875858358	0.6944427766	0.5686801657
0.4134151451	0.5865848549	0.6958894398	0.5678484253
0.4144161261	0.5855838739	0.6973313708	0.5670189168
0.4154171071	0.5845828929	0.6987685735	0.5661916326
0.4164180881	0.5835819119	0.7002010523	0.565366565
0.4174190691	0.5825809309	0.7016288114	0.5645437065
0.4184200501	0.5815799499	0.7030518554	0.5637230494
0.419421031	0.580578969	0.7044701888	0.5629045862
0.420422012	0.579577988	0.7058838162	0.5620883092
0.421422993	0.578577007	0.7072927425	0.5612742111
0.422423974	0.577576026	0.7086969725	0.5604622842
0.423424955	0.576575045	0.7100965112	0.5596525212
0.4244259359	0.5755740641	0.7114913637	0.5588449145
0.4254269169	0.5745730831	0.7128815352	0.5580394568
0.4264278979	0.5735721021	0.714267031	0.5572361406
0.4274288789	0.5725711211	0.7156478565	0.5564349585
0.4284298599	0.5715701401	0.7170240172	0.5556359031
0.4294308408	0.5705691592	0.7183955187	0.5548389673
0.4304318218	0.5695681782	0.7197623666	0.5540441435
0.4314328028	0.5685671972	0.7211245667	0.5532514245
0.4324337838	0.5675662162	0.722482125	0.5524608031
0.4334347648	0.5665652352	0.7238350472	0.551672272
0.4344357457	0.5655642543	0.7251833395	0.5508858241
0.4354367267	0.5645632733	0.7265270081	0.550101452
0.4364377077	0.5635622923	0.727866059	0.5493191486
0.4374386887	0.5625613113	0.7292004987	0.5485389068
0.4384396697	0.5615603303	0.7305303334	0.5477607194
0.4394406507	0.5605593493	0.7318555697	0.5469845793
0.4404416316	0.5595583684	0.7331762141	0.5462104796
0.4414426126	0.5585573874	0.7344922732	0.545438413
0.4424435936	0.5575564064	0.7358037537	0.5446683726
0.4434445746	0.5565554254	0.7371106624	0.5439003514
0.4444455556	0.5555544444	0.7384130061	0.5431343423
0.4454465365	0.5545534635	0.7397107917	0.5423703385
0.4464475175	0.5535524825	0.7410040263	0.5416083329
0.4474484985	0.5525515015	0.7422927169	0.5408483187
0.4484494795	0.5515505205	0.7435768706	0.540090289
0.4494504605	0.5505495395	0.7448564947	0.5393342369
0.4504514414	0.5495485586	0.7461315963	0.5385801555
0.4514524224	0.5485475776	0.7474021829	0.5378280382
0.4524534034	0.5475465966	0.7486682618	0.5370778779
0.4534543844	0.5465456156	0.7499298405	0.5363296681
0.4544553654	0.5455446346	0.7511869265	0.5355834019
0.4554563463	0.5445436537	0.7524395274	0.5348390726
0.4564573273	0.5435426727	0.7536876509	0.5340966736
0.4574583083	0.5425416917	0.7549313046	0.5333561981
0.4584592893	0.5415407107	0.7561704964	0.5326176394
0.4594602703	0.5405397297	0.757405234	0.5318809911
0.4604612513	0.5395387487	0.7586355253	0.5311462464
0.4614622322	0.5385377678	0.7598613782	0.5304133987
0.4624632132	0.5375367868	0.7610828008	0.5296824416
0.4634641942	0.5365358058	0.762299801	0.5289533685
0.4644651752	0.5355348248	0.7635123871	0.5282261728
0.4654661562	0.5345338438	0.764720567	0.5275008481
0.4664671371	0.5335328629	0.765924349	0.526777388
0.4674681181	0.5325318819	0.7671237413	0.5260557859
0.4684690991	0.5315309009	0.7683187522	0.5253360355
0.4694700801	0.5305299199	0.7695093901	0.5246181304
0.4704710611	0.5295289389	0.7706956633	0.5239020641
0.471472042	0.528527958	0.7718775803	0.5231878304
0.472473023	0.527526977	0.7730551495	0.522475423
0.473474004	0.526525996	0.7742283794	0.5217648355
0.474474985	0.525525015	0.7753972786	0.5210560616
0.475475966	0.524524034	0.7765618557	0.5203490952
0.4764769469	0.5235230531	0.7777221193	0.5196439299
0.4774779279	0.5225220721	0.7788780781	0.5189405595
0.4784789089	0.5215210911	0.7800297408	0.518238978
0.4794798899	0.5205201101	0.7811771161	0.517539179
0.4804808709	0.5195191291	0.7823202129	0.5168411566
0.4814818519	0.5185181481	0.7834590399	0.5161449045
0.4824828328	0.5175171672	0.7845936061	0.5154504166
0.4834838138	0.5165161862	0.7857239202	0.514757687
0.4844847948	0.5155152052	0.7868499913	0.5140667095
0.4854857758	0.5145142242	0.7879718283	0.5133774781
0.4864867568	0.5135132432	0.7890894402	0.5126899868
0.4874877377	0.5125122623	0.790202836	0.5120042297
0.4884887187	0.5115112813	0.7913120248	0.5113202008
0.4894896997	0.5105103003	0.7924170156	0.5106378941
0.4904906807	0.5095093193	0.7935178176	0.5099573038
0.4914916617	0.5085083383	0.7946144399	0.5092784239
0.4924926426	0.5075073574	0.7957068917	0.5086012486
0.4934936236	0.5065063764	0.7967951821	0.507925772
0.4944946046	0.5055053954	0.7978793204	0.5072519883
0.4954955856	0.5045044144	0.7989593158	0.5065798918
0.4964965666	0.5035034334	0.8000351777	0.5059094765
0.4974975475	0.5025024525	0.8011069152	0.5052407369
0.4984985285	0.5015014715	0.8021745378	0.5045736671
0.4994995095	0.5005004905	0.8032380547	0.5039082614
0.5005004905	0.4994995095	0.8042974753	0.5032445141
0.5015014715	0.4984985285	0.805352809	0.5025824196
0.5025024525	0.4974975475	0.8064040653	0.5019219723
0.5035034334	0.4964965666	0.8074512534	0.5012631664
0.5045044144	0.4954955856	0.808494383	0.5006059964
0.5055053954	0.4944946046	0.8095334633	0.4999504567
0.5065063764	0.4934936236	0.810568504	0.4992965418
0.5075073574	0.4924926426	0.8115995145	0.4986442461
0.5085083383	0.4914916617	0.8126265044	0.497993564
0.5095093193	0.4904906807	0.813649483	0.4973444901
0.5105103003	0.4894896997	0.8146684601	0.496697019
0.5115112813	0.4884887187	0.8156834452	0.4960511451
0.5125122623	0.4874877377	0.8166944478	0.495406863
0.5135132432	0.4864867568	0.8177014776	0.4947641674
0.5145142242	0.4854857758	0.8187045441	0.4941230528
0.5155152052	0.4844847948	0.8197036569	0.4934835138
0.5165161862	0.4834838138	0.8206988258	0.4928455451
0.5175171672	0.4824828328	0.8216900603	0.4922091414
0.5185181481	0.4814818519	0.8226773701	0.4915742973
0.5195191291	0.4804808709	0.8236607648	0.4909410076
0.5205201101	0.4794798899	0.8246402541	0.4903092671
0.5215210911	0.4784789089	0.8256158478	0.4896790703
0.5225220721	0.4774779279	0.8265875555	0.4890504123
0.5235230531	0.4764769469	0.8275553868	0.4884232876
0.524524034	0.475475966	0.8285193516	0.4877976912
0.525525015	0.474474985	0.8294794595	0.4871736179
0.526525996	0.473474004	0.8304357203	0.4865510625
0.527526977	0.472473023	0.8313881437	0.4859300199
0.528527958	0.471472042	0.8323367394	0.485310485
0.5295289389	0.4704710611	0.8332815172	0.4846924528
0.5305299199	0.4694700801	0.8342224868	0.484075918
0.5315309009	0.4684690991	0.835159658	0.4834608758
0.5325318819	0.4674681181	0.8360930406	0.4828473211
0.5335328629	0.4664671371	0.8370226442	0.4822352489
0.5345338438	0.4654661562	0.8379484788	0.4816246541
0.5355348248	0.4644651752	0.838870554	0.4810155319
0.5365358058	0.4634641942	0.8397888796	0.4804078772
0.5375367868	0.4624632132	0.8407034655	0.4798016852
0.5385377678	0.4614622322	0.8416143213	0.479196951
0.5395387487	0.4604612513	0.8425214569	0.4785936696
0.5405397297	0.4594602703	0.843424882	0.4779918361
0.5415407107	0.4584592893	0.8443246065	0.4773914458
0.5425416917	0.4574583083	0.8452206401	0.4767924938
0.5435426727	0.4564573273	0.8461129927	0.4761949753
0.5445436537	0.4554563463	0.8470016739	0.4755988855
0.5455446346	0.4544553654	0.8478866936	0.4750042196
0.5465456156	0.4534543844	0.8487680615	0.4744109729
0.5475465966	0.4524534034	0.8496457875	0.4738191406
0.5485475776	0.4514524224	0.8505198813	0.473228718
0.5495485586	0.4504514414	0.8513903527	0.4726397004
0.5505495395	0.4494504605	0.8522572115	0.4720520832
0.5515505205	0.4484494795	0.8531204675	0.4714658616
0.5525515015	0.4474484985	0.8539801304	0.470881031
0.5535524825	0.4464475175	0.8548362099	0.4702975869
0.5545534635	0.4454465365	0.855688716	0.4697155245
0.5555544444	0.4444455556	0.8565376582	0.4691348393
0.5565554254	0.4434445746	0.8573830465	0.4685555268
0.5575564064	0.4424435936	0.8582248904	0.4679775823
0.5585573874	0.4414426126	0.8590631999	0.4674010013
0.5595583684	0.4404416316	0.8598979845	0.4668257794
0.5605593493	0.4394406507	0.8607292541	0.466251912
0.5615603303	0.4384396697	0.8615570184	0.4656793946
0.5625613113	0.4374386887	0.8623812872	0.4651082228
0.5635622923	0.4364377077	0.86320207	0.4645383921
0.5645632733	0.4354367267	0.8640193767	0.4639698981
0.5655642543	0.4344357457	0.864833217	0.4634027364
0.5665652352	0.4334347648	0.8656436005	0.4628369026
0.5675662162	0.4324337838	0.8664505369	0.4622723923
0.5685671972	0.4314328028	0.867254036	0.4617092012
0.5695681782	0.4304318218	0.8680541073	0.4611473249
0.5705691592	0.4294308408	0.8688507607	0.460586759
0.5715701401	0.4284298599	0.8696440057	0.4600274994
0.5725711211	0.4274288789	0.8704338519	0.4594695416
0.5735721021	0.4264278979	0.8712203091	0.4589128815
0.5745730831	0.4254269169	0.8720033868	0.4583575147
0.5755740641	0.4244259359	0.8727830948	0.457803437
0.576575045	0.423424955	0.8735594425	0.4572506442
0.577576026	0.422423974	0.8743324396	0.4566991321
0.578577007	0.421422993	0.8751020957	0.4561488965
0.579577988	0.420422012	0.8758684204	0.4555999332
0.580578969	0.419421031	0.8766314233	0.455052238
0.5815799499	0.4184200501	0.8773911138	0.4545058069
0.5825809309	0.4174190691	0.8781475017	0.4539606357
0.5835819119	0.4164180881	0.8789005963	0.4534167203
0.5845828929	0.4154171071	0.8796504073	0.4528740566
0.5855838739	0.4144161261	0.8803969442	0.4523326405
0.5865848549	0.4134151451	0.8811402165	0.451792468
0.5875858358	0.4124141642	0.8818802336	0.451253535
0.5885868168	0.4114131832	0.882617005	0.4507158375
0.5895877978	0.4104122022	0.8833505403	0.4501793714
0.5905887788	0.4094112212	0.8840808489	0.4496441329
0.5915897598	0.4084102402	0.8848079402	0.4491101178
0.5925907407	0.4074092593	0.8855318237	0.4485773223
0.5935917217	0.4064082783	0.8862525087	0.4480457424
0.5945927027	0.4054072973	0.8869700047	0.4475153741
0.5955936837	0.4044063163	0.8876843212	0.4469862136
0.5965946647	0.4034053353	0.8883954674	0.4464582569
0.5975956456	0.4024043544	0.8891034527	0.4459315002
0.5985966266	0.4014033734	0.8898082865	0.4454059395
0.5995976076	0.4004023924	0.8905099782	0.444881571
0.6005985886	0.3994014114	0.891208537	0.444358391
0.6015995696	0.3984004304	0.8919039723	0.4438363954
0.6026005506	0.3973994494	0.8925962933	0.4433155807
0.6036015315	0.3963984685	0.8932855095	0.4427959428
0.6046025125	0.3953974875	0.8939716299	0.4422774782
0.6056034935	0.3943965065	0.8946546639	0.4417601829
0.6066044745	0.3933955255	0.8953346207	0.4412440533
0.6076054555	0.3923945445	0.8960115095	0.4407290856
0.6086064364	0.3913935636	0.8966853396	0.440215276
0.6096074174	0.3903925826	0.8973561201	0.439702621
0.6106083984	0.3893916016	0.8980238602	0.4391911167
0.6116093794	0.3883906206	0.8986885691	0.4386807596
0.6126103604	0.3873896396	0.899350256	0.4381715459
0.6136113413	0.3863886587	0.9000089299	0.437663472
0.6146123223	0.3853876777	0.9006645999	0.4371565342
0.6156133033	0.3843866967	0.9013172752	0.436650729
0.6166142843	0.3833857157	0.9019669649	0.4361460527
0.6176152653	0.3823847347	0.902613678	0.4356425018
0.6186162462	0.3813837538	0.9032574235	0.4351400726
0.6196172272	0.3803827728	0.9038982106	0.4346387616
0.6206182082	0.3793817918	0.9045360481	0.4341385653
0.6216191892	0.3783808108	0.9051709452	0.4336394801
0.6226201702	0.3773798298	0.9058029108	0.4331415024
0.6236211512	0.3763788488	0.9064319539	0.4326446289
0.6246221321	0.3753778679	0.9070580833	0.4321488559
0.6256231131	0.3743768869	0.9076813081	0.43165418
0.6266240941	0.3733759059	0.9083016372	0.4311605978
0.6276250751	0.3723749249	0.9089190794	0.4306681057
0.6286260561	0.3713739439	0.9095336437	0.4301767004
0.629627037	0.370372963	0.9101453389	0.4296863784
0.630628018	0.369371982	0.9107541738	0.4291971363
0.631628999	0.368371001	0.9113601573	0.4287089706
0.63262998	0.36737002	0.9119632982	0.4282218781
0.633630961	0.366369039	0.9125636052	0.4277358553
0.6346319419	0.3653680581	0.9131610872	0.4272508989
0.6356329229	0.3643670771	0.913755753	0.4267670055
0.6366339039	0.3633660961	0.9143476111	0.4262841718
0.6376348849	0.3623651151	0.9149366705	0.4258023945
0.6386358659	0.3613641341	0.9155229397	0.4253216702
0.6396368468	0.3603631532	0.9161064274	0.4248419957
0.6406378278	0.3593621722	0.9166871424	0.4243633677
0.6416388088	0.3583611912	0.9172650933	0.4238857828
0.6426397898	0.3573602102	0.9178402886	0.423409238
0.6436407708	0.3563592292	0.9184127371	0.4229337298
0.6446417518	0.3553582482	0.9189824472	0.4224592551
0.6456427327	0.3543572673	0.9195494276	0.4219858106
0.6466437137	0.3533562863	0.9201136869	0.4215133932
0.6476446947	0.3523553053	0.9206752335	0.4210419997
0.6486456757	0.3513543243	0.921234076	0.4205716268
0.6496466567	0.3503533433	0.9217902228	0.4201022714
0.6506476376	0.3493523624	0.9223436825	0.4196339303
0.6516486186	0.3483513814	0.9228944636	0.4191666004
0.6526495996	0.3473504004	0.9234425744	0.4187002786
0.6536505806	0.3463494194	0.9239880233	0.4182349618
0.6546515616	0.3453484384	0.9245308189	0.4177706467
0.6556525425	0.3443474575	0.9250709694	0.4173073304
0.6566535235	0.3433464765	0.9256084832	0.4168450097
0.6576545045	0.3423454955	0.9261433687	0.4163836816
0.6586554855	0.3413445145	0.9266756342	0.415923343
0.6596564665	0.3403435335	0.9272052881	0.4154639909
0.6606574474	0.3393425526	0.9277323385	0.4150056221
0.6616584284	0.3383415716	0.9282567938	0.4145482338
0.6626594094	0.3373405906	0.9287786622	0.4140918229
0.6636603904	0.3363396096	0.9292979519	0.4136363863
0.6646613714	0.3353386286	0.9298146712	0.4131819211
0.6656623524	0.3343376476	0.9303288282	0.4127284243
0.6666633333	0.3333366667	0.9308404312	0.4122758929
0.6676643143	0.3323356857	0.9313494882	0.411824324
0.6686652953	0.3313347047	0.9318560074	0.4113737147
0.6696662763	0.3303337237	0.932359997	0.4109240619
0.6706672573	0.3293327427	0.9328614649	0.4104753628
0.6716682382	0.3283317618	0.9333604193	0.4100276145
0.6726692192	0.3273307808	0.9338568682	0.4095808141
0.6736702002	0.3263297998	0.9343508197	0.4091349586
0.6746711812	0.3253288188	0.9348422818	0.4086900451
0.6756721622	0.3243278378	0.9353312625	0.408246071
0.6766731431	0.3233268569	0.9358177696	0.4078030331
0.6776741241	0.3223258759	0.9363018113	0.4073609288
0.6786751051	0.3213248949	0.9367833954	0.4069197552
0.6796760861	0.3203239139	0.9372625299	0.4064795095
0.6806770671	0.3193229329	0.9377392226	0.4060401888
0.681678048	0.318321952	0.9382134814	0.4056017903
0.682679029	0.317320971	0.9386853142	0.4051643113
0.68368001	0.31631999	0.9391547288	0.4047277489
0.684680991	0.315319009	0.939621733	0.4042921005
0.685681972	0.314318028	0.9400863346	0.4038573632
0.686682953	0.313317047	0.9405485414	0.4034235343
0.6876839339	0.3123160661	0.9410083612	0.402990611
0.6886849149	0.3113150851	0.9414658017	0.4025585907
0.6896858959	0.3103141041	0.9419208705	0.4021274705
0.6906868769	0.3093131231	0.9423735755	0.4016972479
0.6916878579	0.3083121421	0.9428239242	0.40126792
0.6926888388	0.3073111612	0.9432719243	0.4008394843
0.6936898198	0.3063101802	0.9437175835	0.400411938
0.6946908008	0.3053091992	0.9441609094	0.3999852784
0.6956917818	0.3043082182	0.9446019095	0.399559503
0.6966927628	0.3033072372	0.9450405915	0.399134609
0.6976937437	0.3023062563	0.9454769629	0.3987105939
0.6986947247	0.3013052753	0.9459110313	0.3982874549
0.6996957057	0.3003042943	0.9463428041	0.3978651895
0.7006966867	0.2993033133	0.9467722888	0.3974437951
0.7016976677	0.2983023323	0.947199493	0.3970232691
0.7026986486	0.2973013514	0.947624424	0.3966036088
0.7036996296	0.2963003704	0.9480470894	0.3961848118
0.7047006106	0.2952993894	0.9484674965	0.3957668754
0.7057015916	0.2942984084	0.9488856528	0.395349797
0.7067025726	0.2932974274	0.9493015655	0.3949335743
0.7077035536	0.2922964464	0.9497152421	0.3945182045
0.7087045345	0.2912954655	0.9501266899	0.3941036851
0.7097055155	0.2902944845	0.9505359163	0.3936900137
0.7107064965	0.2892935035	0.9509429284	0.3932771878
0.7117074775	0.2882925225	0.9513477336	0.3928652047
0.7127084585	0.2872915415	0.9517503392	0.3924540621
0.7137094394	0.2862905606	0.9521507524	0.3920437575
0.7147104204	0.2852895796	0.9525489803	0.3916342883
0.7157114014	0.2842885986	0.9529450303	0.3912256522
0.7167123824	0.2832876176	0.9533389094	0.3908178466
0.7177133634	0.2822866366	0.9537306248	0.3904108692
0.7187143443	0.2812856557	0.9541201838	0.3900047174
0.7197153253	0.2802846747	0.9545075933	0.3895993889
0.7207163063	0.2792836937	0.9548928605	0.3891948812
0.7217172873	0.2782827127	0.9552759924	0.3887911919
0.7227182683	0.2772817317	0.9556569962	0.3883883187
0.7237192492	0.2762807508	0.9560358788	0.3879862591
0.7247202302	0.2752797698	0.9564126473	0.3875850107
0.7257212112	0.2742787888	0.9567873087	0.3871845712
0.7267221922	0.2732778078	0.9571598699	0.3867849383
0.7277231732	0.2722768268	0.957530338	0.3863861095
0.7287241542	0.2712758458	0.9578987198	0.3859880825
0.7297251351	0.2702748649	0.9582650222	0.3855908549
0.7307261161	0.2692738839	0.9586292523	0.3851944246
0.7317270971	0.2682729029	0.9589914168	0.384798789
0.7327280781	0.2672719219	0.9593515226	0.3844039459
0.7337290591	0.2662709409	0.9597095766	0.3840098931
0.73473004	0.26526996	0.9600655856	0.3836166281
0.735731021	0.264268979	0.9604195564	0.3832241488
0.736732002	0.263267998	0.9607714957	0.3828324528
0.737732983	0.262267017	0.9611214103	0.3824415378
0.738733964	0.261266036	0.9614693071	0.3820514017
0.7397349449	0.2602650551	0.9618151926	0.3816620422
0.7407359259	0.2592640741	0.9621590737	0.3812734569
0.7417369069	0.2582630931	0.9625009569	0.3808856438
0.7427378879	0.2572621121	0.9628408491	0.3804986004
0.7437388689	0.2562611311	0.9631787567	0.3801123247
0.7447398498	0.2552601502	0.9635146865	0.3797268144
0.7457408308	0.2542591692	0.963848645	0.3793420673
0.7467418118	0.2532581882	0.9641806388	0.3789580813
0.7477427928	0.2522572072	0.9645106746	0.378574854
0.7487437738	0.2512562262	0.9648387588	0.3781923834
0.7497447548	0.2502552452	0.965164898	0.3778106673
0.7507457357	0.2492542643	0.9654890987	0.3774297035
0.7517467167	0.2482532833	0.9658113675	0.3770494898
0.7527476977	0.2472523023	0.9661317107	0.3766700241
0.7537486787	0.2462513213	0.9664501348	0.3762913043
0.7547496597	0.2452503403	0.9667666463	0.3759133282
0.7557506406	0.2442493594	0.9670812516	0.3755360938
0.7567516216	0.2432483784	0.9673939571	0.3751595988
0.7577526026	0.2422473974	0.9677047691	0.3747838412
0.7587535836	0.2412464164	0.9680136941	0.3744088189
0.7597545646	0.2402454354	0.9683207383	0.3740345297
0.7607555455	0.2392444545	0.9686259082	0.3736609717
0.7617565265	0.2382434735	0.9689292099	0.3732881427
0.7627575075	0.2372424925	0.9692306498	0.3729160406
0.7637584885	0.2362415115	0.9695302342	0.3725446634
0.7647594695	0.2352405305	0.9698279692	0.3721740091
0.7657604505	0.2342395495	0.9701238612	0.3718040755
0.7667614314	0.2332385686	0.9704179164	0.3714348607
0.7677624124	0.2322375876	0.9707101408	0.3710663626
0.7687633934	0.2312366066	0.9710005408	0.3706985791
0.7697643744	0.2302356256	0.9712891225	0.3703315083
0.7707653554	0.2292346446	0.9715758919	0.3699651482
0.7717663363	0.2282336637	0.9718608553	0.3695994967
0.7727673173	0.2272326827	0.9721440187	0.3692345519
0.7737682983	0.2262317017	0.9724253881	0.3688703117
0.7747692793	0.2252307207	0.9727049698	0.3685067742
0.7757702603	0.2242297397	0.9729827696	0.3681439374
0.7767712412	0.2232287588	0.9732587937	0.3677817993
0.7777722222	0.2222277778	0.9735330481	0.367420358
0.7787732032	0.2212267968	0.9738055386	0.3670596115
0.7797741842	0.2202258158	0.9740762714	0.3666995578
0.7807751652	0.2192248348	0.9743452524	0.3663401951
0.7817761461	0.2182238539	0.9746124874	0.3659815214
0.7827771271	0.2172228729	0.9748779824	0.3656235348
0.7837781081	0.2162218919	0.9751417434	0.3652662333
0.7847790891	0.2152209109	0.9754037761	0.364909615
0.7857800701	0.2142199299	0.9756640866	0.3645536781
0.7867810511	0.2132189489	0.9759226805	0.3641984206
0.787782032	0.212217968	0.9761795637	0.3638438406
0.788783013	0.211216987	0.9764347421	0.3634899363
0.789783994	0.210216006	0.9766882214	0.3631367058
0.790784975	0.209215025	0.9769400075	0.3627841471
0.791785956	0.208214044	0.9771901059	0.3624322585
0.7927869369	0.2072130631	0.9774385226	0.3620810381
0.7937879179	0.2062120821	0.9776852633	0.361730484
0.7947888989	0.2052111011	0.9779303335	0.3613805944
0.7957898799	0.2042101201	0.9781737391	0.3610313674
0.7967908609	0.2032091391	0.9784154856	0.3606828012
0.7977918418	0.2022081582	0.9786555788	0.3603348941
0.7987928228	0.2012071772	0.9788940242	0.3599876441
0.7997938038	0.2002061962	0.9791308275	0.3596410494
0.8007947848	0.1992052152	0.9793659943	0.3592951083
0.8017957658	0.1982042342	0.9795995302	0.3589498189
0.8027967467	0.1972032533	0.9798314407	0.3586051795
0.8037977277	0.1962022723	0.9800617313	0.3582611882
0.8047987087	0.1952012913	0.9802904077	0.3579178434
0.8057996897	0.1942003103	0.9805174752	0.3575751431
0.8068006707	0.1931993293	0.9807429395	0.3572330857
0.8078016517	0.1921983483	0.980966806	0.3568916693
0.8088026326	0.1911973674	0.9811890801	0.3565508923
0.8098036136	0.1901963864	0.9814097672	0.3562107529
0.8108045946	0.1891954054	0.981628873	0.3558712492
0.8118055756	0.1881944244	0.9818464026	0.3555323797
0.8128065566	0.1871934434	0.9820623615	0.3551941426
0.8138075375	0.1861924625	0.9822767552	0.354856536
0.8148085185	0.1851914815	0.9824895888	0.3545195584
0.8158094995	0.1841905005	0.9827008679	0.354183208
0.8168104805	0.1831895195	0.9829105977	0.3538474831
0.8178114615	0.1821885385	0.9831187835	0.353512382
0.8188124424	0.1811875576	0.9833254307	0.353177903
0.8198134234	0.1801865766	0.9835305444	0.3528440444
0.8208144044	0.1791855956	0.98373413	0.3525108045
0.8218153854	0.1781846146	0.9839361927	0.3521781817
0.8228163664	0.1771836336	0.9841367377	0.3518461742
0.8238173473	0.1761826527	0.9843357702	0.3515147805
0.8248183283	0.1751816717	0.9845332954	0.3511839988
0.8258193093	0.1741806907	0.9847293186	0.3508538276
0.8268202903	0.1731797097	0.9849238448	0.350524265
0.8278212713	0.1721787287	0.9851168792	0.3501953096
0.8288222523	0.1711777477	0.9853084269	0.3498669597
0.8298232332	0.1701767668	0.9854984931	0.3495392136
0.8308242142	0.1691757858	0.9856870827	0.3492120697
0.8318251952	0.1681748048	0.9858742011	0.3488855264
0.8328261762	0.1671738238	0.986059853	0.3485595821
0.8338271572	0.1661728428	0.9862440437	0.3482342352
0.8348281381	0.1651718619	0.9864267782	0.347909484
0.8358291191	0.1641708809	0.9866080614	0.347585327
0.8368301001	0.1631698999	0.9867878983	0.3472617626
0.8378310811	0.1621689189	0.986966294	0.3469387892
0.8388320621	0.1611679379	0.9871432535	0.3466164052
0.839833043	0.160166957	0.9873187815	0.346294609
0.840834024	0.159165976	0.9874928832	0.3459733991
0.841835005	0.158164995	0.9876655634	0.3456527739
0.842835986	0.157164014	0.987836827	0.3453327319
0.843836967	0.156163033	0.9880066789	0.3450132714
0.8448379479	0.1551620521	0.988175124	0.344694391
0.8458389289	0.1541610711	0.9883421672	0.3443760891
0.8468399099	0.1531600901	0.9885078132	0.3440583641
0.8478408909	0.1521591091	0.9886720669	0.3437412146
0.8488418719	0.1511581281	0.9888349331	0.343424639
0.8498428529	0.1501571471	0.9889964166	0.3431086357
0.8508438338	0.1491561662	0.9891565222	0.3427932033
0.8518448148	0.1481551852	0.9893152546	0.3424783403
0.8528457958	0.1471542042	0.9894726187	0.3421640451
0.8538467768	0.1461532232	0.989628619	0.3418503163
0.8548477578	0.1451522422	0.9897832605	0.3415371523
0.8558487387	0.1441512613	0.9899365476	0.3412245516
0.8568497197	0.1431502803	0.9900884852	0.3409125128
0.8578507007	0.1421492993	0.9902390779	0.3406010345
0.8588516817	0.1411483183	0.9903883304	0.340290115
0.8598526627	0.1401473373	0.9905362473	0.339979753
0.8608536436	0.1391463564	0.9906828332	0.3396699469
0.8618546246	0.1381453754	0.9908280928	0.3393606954
0.8628556056	0.1371443944	0.9909720307	0.3390519969
0.8638565866	0.1361434134	0.9911146513	0.3387438501
0.8648575676	0.1351424324	0.9912559594	0.3384362534
0.8658585485	0.1341414515	0.9913959594	0.3381292054
0.8668595295	0.1331404705	0.9915346559	0.3378227047
0.8678605105	0.1321394895	0.9916720534	0.3375167499
0.8688614915	0.1311385085	0.9918081565	0.3372113395
0.8698624725	0.1301375275	0.9919429695	0.3369064721
0.8708634535	0.1291365465	0.9920764971	0.3366021463
0.8718644344	0.1281355656	0.9922087436	0.3362983606
0.8728654154	0.1271345846	0.9923397136	0.3359951138
0.8738663964	0.1261336036	0.9924694114	0.3356924043
0.8748673774	0.1251326226	0.9925978414	0.3353902308
0.8758683584	0.1241316416	0.9927250082	0.3350885918
0.8768693393	0.1231306607	0.992850916	0.3347874861
0.8778703203	0.1221296797	0.9929755693	0.3344869122
0.8788713013	0.1211286987	0.9930989724	0.3341868686
0.8798722823	0.1201277177	0.9932211297	0.3338873542
0.8808732633	0.1191267367	0.9933420455	0.3335883674
0.8818742442	0.1181257558	0.9934617241	0.333289907
0.8828752252	0.1171247748	0.9935801699	0.3329919715
0.8838762062	0.1161237938	0.9936973871	0.3326945596
0.8848771872	0.1151228128	0.99381338	0.3323976699
0.8858781682	0.1141218318	0.9939281529	0.3321013012
0.8868791491	0.1131208509	0.9940417101	0.331805452
0.8878801301	0.1121198699	0.9941540557	0.331510121
0.8888811111	0.1111188889	0.994265194	0.331215307
0.8898820921	0.1101179079	0.9943751292	0.3309210085
0.8908830731	0.1091169269	0.9944838656	0.3306272242
0.8918840541	0.1081159459	0.9945914072	0.3303339528
0.892885035	0.107114965	0.9946977583	0.3300411931
0.893886016	0.106113984	0.994802923	0.3297489436
0.894886997	0.105113003	0.9949069055	0.3294572032
0.895887978	0.104112022	0.9950097098	0.3291659704
0.896888959	0.103111041	0.9951113402	0.3288752439
0.8978899399	0.1021100601	0.9952118007	0.3285850226
0.8988909209	0.1011090791	0.9953110954	0.3282953051
0.8998919019	0.1001080981	0.9954092283	0.32800609
0.9008928829	0.09910711712	0.9955062036	0.3277173763
0.9018938639	0.09810613614	0.9956020253	0.3274291624
0.9028948448	0.09710515516	0.9956966974	0.3271414473
0.9038958258	0.09610417417	0.995790224	0.3268542295
0.9048968068	0.09510319319	0.995882609	0.3265675079
0.9058977878	0.09410221221	0.9959738565	0.3262812812
0.9068987688	0.09310123123	0.9960639704	0.3259955482
0.9078997497	0.09210025025	0.9961529547	0.3257103075
0.9089007307	0.09109926927	0.9962408133	0.3254255579
0.9099017117	0.09009828829	0.9963275503	0.3251412982
0.9109026927	0.08909730731	0.9964131695	0.3248575272
0.9119036737	0.08809632633	0.9964976749	0.3245742436
0.9129046547	0.08709534535	0.9965810703	0.3242914462
0.9139056356	0.08609436436	0.9966633596	0.3240091338
0.9149066166	0.08509338338	0.9967445468	0.323727305
0.9159075976	0.0840924024	0.9968246358	0.3234459588
0.9169085786	0.08309142142	0.9969036302	0.3231650939
0.9179095596	0.08209044044	0.9969815341	0.3228847091
0.9189105405	0.08108945946	0.9970583511	0.3226048031
0.9199115215	0.08008847848	0.9971340853	0.3223253749
0.9209125025	0.0790874975	0.9972087402	0.3220464231
0.9219134835	0.07808651652	0.9972823198	0.3217679466
0.9229144645	0.07708553554	0.9973548278	0.3214899441
0.9239154454	0.07608455455	0.997426268	0.3212124146
0.9249164264	0.07508357357	0.9974966441	0.3209353568
0.9259174074	0.07408259259	0.9975659599	0.3206587696
0.9269183884	0.07308161161	0.9976342192	0.3203826517
0.9279193694	0.07208063063	0.9977014255	0.3201070019
0.9289203504	0.07107964965	0.9977675826	0.3198318193
0.9299213313	0.07007866867	0.9978326943	0.3195571024
0.9309223123	0.06907768769	0.9978967642	0.3192828503
0.9319232933	0.06807670671	0.9979597959	0.3190090617
0.9329242743	0.06707572573	0.9980217932	0.3187357355
0.9339252553	0.06607474474	0.9980827596	0.3184628705
0.9349262362	0.06507376376	0.9981426989	0.3181904656
0.9359272172	0.06407278278	0.9982016145	0.3179185197
0.9369281982	0.0630718018	0.9982595102	0.3176470316
0.9379291792	0.06207082082	0.9983163895	0.3173760001
0.9389301602	0.06106983984	0.998372256	0.3171054242
0.9399311411	0.06006885886	0.9984271133	0.3168353027
0.9409321221	0.05906787788	0.9984809649	0.3165656345
0.9419331031	0.0580668969	0.9985338144	0.3162964185
0.9429340841	0.05706591592	0.9985856654	0.3160276535
0.9439350651	0.05606493493	0.9986365213	0.3157593385
0.944936046	0.05506395395	0.9986863856	0.3154914723
0.945937027	0.05406297297	0.9987352619	0.3152240538
0.946938008	0.05306199199	0.9987831537	0.314957082
0.947938989	0.05206101101	0.9988300644	0.3146905557
0.94893997	0.05106003003	0.9988759976	0.3144244738
0.949940951	0.05005904905	0.9989209565	0.3141588352
0.9509419319	0.04905806807	0.9989649448	0.3138936389
0.9519429129	0.04805708709	0.9990079658	0.3136288838
0.9529438939	0.04705610611	0.999050023	0.3133645687
0.9539448749	0.04605512513	0.9990911198	0.3131006927
0.9549458559	0.04505414414	0.9991312595	0.3128372545
0.9559468368	0.04405316316	0.9991704455	0.3125742533
0.9569478178	0.04305218218	0.9992086813	0.3123116878
0.9579487988	0.0420512012	0.9992459702	0.3120495571
0.9589497798	0.04105022022	0.9992823156	0.31178786
0.9599507608	0.04004923924	0.9993177207	0.3115265955
0.9609517417	0.03904825826	0.999352189	0.3112657626
0.9619527227	0.03804727728	0.9993857237	0.3110053602
0.9629537037	0.0370462963	0.9994183281	0.3107453873
0.9639546847	0.03604531532	0.9994500057	0.3104858428
0.9649556657	0.03504433433	0.9994807595	0.3102267256
0.9659566466	0.03404335335	0.999510593	0.3099680348
0.9669576276	0.03304237237	0.9995395094	0.3097097693
0.9679586086	0.03204139139	0.9995675119	0.309451928
0.9689595896	0.03104041041	0.9995946038	0.30919451
0.9699605706	0.03003942943	0.9996207883	0.3089375142
0.9709615516	0.02903844845	0.9996460687	0.3086809396
0.9719625325	0.02803746747	0.9996704481	0.3084247852
0.9729635135	0.02703648649	0.9996939298	0.30816905
0.9739644945	0.02603550551	0.9997165169	0.3079137329
0.9749654755	0.02503452452	0.9997382126	0.3076588329
0.9759664565	0.02403354354	0.9997590202	0.3074043491
0.9769674374	0.02303256256	0.9997789427	0.3071502804
0.9779684184	0.02203158158	0.9997979833	0.3068966259
0.9789693994	0.0210306006	0.9998161451	0.3066433845
0.9799703804	0.02002961962	0.9998334314	0.3063905553
0.9809713614	0.01902863864	0.9998498451	0.3061381372
0.9819723423	0.01802765766	0.9998653894	0.3058861293
0.9829733233	0.01702667668	0.9998800674	0.3056345306
0.9839743043	0.0160256957	0.9998938822	0.3053833401
0.9849752853	0.01502471471	0.9999068368	0.3051325568
0.9859762663	0.01402373373	0.9999189344	0.3048821798
0.9869772472	0.01302275275	0.9999301779	0.304632208
0.9879782282	0.01202177177	0.9999405705	0.3043826406
0.9889792092	0.01102079079	0.9999501151	0.3041334766
0.9899801902	0.01001980981	0.9999588148	0.303884715
0.9909811712	0.009018828829	0.9999666726	0.3036363547
0.9919821522	0.008017847848	0.9999736915	0.303388395
0.9929831331	0.007016866867	0.9999798746	0.3031408348
0.9939841141	0.006015885886	0.9999852247	0.3028936731
0.9949850951	0.005014904905	0.9999897448	0.3026469091
0.9959860761	0.004013923924	0.999993438	0.3024005418
0.9969870571	0.003012942943	0.9999963072	0.3021545702
0.997988038	0.002011961962	0.9999983553	0.3019089935
0.998989019	0.001010980981	0.9999995852	0.3016638106
0.99999	1e-05	1	0.3014190206
