1e-05	0.99999	0.01011312845	0.9999999988
0.001010980981	0.998989019	0.01036877128	0.9999872425
0.002011961962	0.997988038	0.01063130013	0.9999493887
0.003012942943	0.9969870571	0.01090080001	0.9998863354
0.004013923924	0.9959860761	0.01117735656	0.9997980106
0.005014904905	0.9949850951	0.01146105591	0.9996843711
0.006015885886	0.9939841141	0.01175198463	0.9995453999
0.007016866867	0.9929831331	0.01205022961	0.9993811049
0.008017847848	0.9919821522	0.01235587793	0.9991915173
0.009018828829	0.9909811712	0.01266901684	0.9989766898
0.01001980981	0.9899801902	0.0129897336	0.9987366955
0.01102079079	0.9889792092	0.01331811546	0.9984716263
0.01202177177	0.9879782282	0.01365424953	0.9981815917
0.01302275275	0.9869772472	0.01399822273	0.9978667177
0.01402373373	0.9859762663	0.01435012173	0.9975271455
0.01502471471	0.9849752853	0.01471003284	0.9971630306
0.0160256957	0.9839743043	0.01507804198	0.9967745415
0.01702667668	0.9829733233	0.01545423459	0.996361859
0.01802765766	0.9819723423	0.01583869558	0.9959251754
0.01902863864	0.9809713614	0.01623150926	0.9954646932
0.02002961962	0.9799703804	0.0166327593	0.9949806247
0.0210306006	0.9789693994	0.01704252865	0.9944731911
0.02203158158	0.9779684184	0.01746089949	0.9939426216
0.02303256256	0.9769674374	0.01788795322	0.9933891532
0.02403354354	0.9759664565	0.01832377034	0.9928130295
0.02503452452	0.9749654755	0.01876843044	0.9922145005
0.02603550551	0.9739644945	0.01922201216	0.9915938217
0.02703648649	0.9729635135	0.01968459313	0.9909512539
0.02803746747	0.9719625325	0.02015624994	0.9902870625
0.02903844845	0.9709615516	0.02063705807	0.989601517
0.03003942943	0.9699605706	0.02112709188	0.9888948906
0.03104041041	0.9689595896	0.02162642456	0.9881674596
0.03204139139	0.9679586086	0.0221351281	0.9874195035
0.03304237237	0.9669576276	0.02265327322	0.986651304
0.03404335335	0.9659566466	0.02318092941	0.9858631449
0.03504433433	0.9649556657	0.0237181648	0.9850553119
0.03604531532	0.9639546847	0.02426504622	0.9842280922
0.0370462963	0.9629537037	0.0248216391	0.9833817739
0.03804727728	0.9619527227	0.02538800748	0.9825166461
0.03904825826	0.9609517417	0.02596421399	0.9816329986
0.04004923924	0.9599507608	0.02655031978	0.9807311215
0.04105022022	0.9589497798	0.02714638455	0.9798113049
0.0420512012	0.9579487988	0.02775246646	0.9788738388
0.04305218218	0.9569478178	0.02836862219	0.9779190129
0.04405316316	0.9559468368	0.02899490686	0.9769471166
0.04505414414	0.9549458559	0.02963137401	0.9759584383
0.04605512513	0.9539448749	0.03027807561	0.9749532657
0.04705610611	0.9529438939	0.03093506204	0.9739318854
0.04805708709	0.9519429129	0.03160238206	0.9728945827
0.04905806807	0.9509419319	0.03228008278	0.9718416419
0.05005904905	0.949940951	0.03296820968	0.9707733456
0.05106003003	0.94893997	0.03366680659	0.9696899747
0.05206101101	0.947938989	0.03437591565	0.9685918088
0.05306199199	0.946938008	0.03509557734	0.9674791254
0.05406297297	0.945937027	0.03582583043	0.9663522001
0.05506395395	0.944936046	0.036566712	0.9652113067
0.05606493493	0.9439350651	0.03731825743	0.9640567167
0.05706591592	0.9429340841	0.03808050037	0.9628886997
0.0580668969	0.9419331031	0.03885347277	0.9617075228
0.05906787788	0.9409321221	0.03963720484	0.9605134509
0.06006885886	0.9399311411	0.04043172506	0.9593067468
0.06106983984	0.9389301602	0.04123706021	0.9580876705
0.06207082082	0.9379291792	0.04205323529	0.9568564797
0.0630718018	0.9369281982	0.04288027359	0.9556134297
0.06407278278	0.9359272172	0.04371819669	0.9543587731
0.06507376376	0.9349262362	0.04456702438	0.9530927599
0.06607474474	0.9339252553	0.04542677476	0.9518156377
0.06707572573	0.9329242743	0.0462974642	0.9505276513
0.06807670671	0.9319232933	0.0471791073	0.9492290426
0.06907768769	0.9309223123	0.048071717	0.9479200513
0.07007866867	0.9299213313	0.04897530445	0.9466009139
0.07107964965	0.9289203504	0.04988987915	0.9452718645
0.07208063063	0.9279193694	0.05081544884	0.9439331342
0.07308161161	0.9269183884	0.0517520196	0.9425849515
0.07408259259	0.9259174074	0.05269959577	0.9412275421
0.07508357357	0.9249164264	0.05365818005	0.939861129
0.07608455455	0.9239154454	0.05462777343	0.9384859321
0.07708553554	0.9229144645	0.05560837523	0.937102169
0.07808651652	0.9219134835	0.05659998313	0.9357100541
0.0790874975	0.9209125025	0.05760259315	0.9343097992
0.08008847848	0.9199115215	0.05861619966	0.9329016133
0.08108945946	0.9189105405	0.05964079541	0.9314857027
0.08209044044	0.9179095596	0.06067637155	0.9300622709
0.08309142142	0.9169085786	0.0617229176	0.9286315185
0.0840924024	0.9159075976	0.06278042151	0.9271936435
0.08509338338	0.9149066166	0.06384886964	0.9257488412
0.08609436436	0.9139056356	0.06492824679	0.9242973041
0.08709534535	0.9129046547	0.06601853622	0.9228392219
0.08809632633	0.9119036737	0.06711971964	0.9213747818
0.08909730731	0.9109026927	0.06823177725	0.9199041682
0.09009828829	0.9099017117	0.06935468775	0.9184275629
0.09109926927	0.9089007307	0.07048842833	0.916945145
0.09210025025	0.9078997497	0.07163297473	0.915457091
0.09310123123	0.9068987688	0.07278830123	0.9139635748
0.09410221221	0.9058977878	0.07395438066	0.9124647677
0.09510319319	0.9048968068	0.07513118444	0.9109608384
0.09610417417	0.9038958258	0.07631868258	0.9094519531
0.09710515516	0.9028948448	0.0775168437	0.9079382755
0.09810613614	0.9018938639	0.07872563506	0.9064199667
0.09910711712	0.9008928829	0.07994502256	0.9048971854
0.1001080981	0.8998919019	0.08117497077	0.9033700879
0.1011090791	0.8988909209	0.08241544295	0.9018388278
0.1021100601	0.8978899399	0.08366640106	0.9003035567
0.103111041	0.896888959	0.08492780578	0.8987644233
0.104112022	0.895887978	0.08619961655	0.8972215745
0.105113003	0.894886997	0.08748179155	0.8956751544
0.106113984	0.893886016	0.08877428775	0.894125305
0.107114965	0.892885035	0.09007706093	0.892572166
0.1081159459	0.8918840541	0.09139006569	0.8910158748
0.1091169269	0.8908830731	0.09271325545	0.8894565666
0.1101179079	0.8898820921	0.09404658251	0.8878943743
0.1111188889	0.8888811111	0.09538999805	0.8863294286
0.1121198699	0.8878801301	0.09674345215	0.8847618582
0.1131208509	0.8868791491	0.09810689381	0.8831917894
0.1141218318	0.8858781682	0.09948027096	0.8816193467
0.1151228128	0.8848771872	0.1008635305	0.8800446523
0.1161237938	0.8838762062	0.1022566183	0.8784678264
0.1171247748	0.8828752252	0.1036594793	0.8768889871
0.1181257558	0.8818742442	0.1050720574	0.8753082505
0.1191267367	0.8808732633	0.1064942955	0.8737257308
0.1201277177	0.8798722823	0.1079261356	0.8721415401
0.1211286987	0.8788713013	0.1093675188	0.8705557887
0.1221296797	0.8778703203	0.1108183854	0.8689685849
0.1231306607	0.8768693393	0.1122786747	0.8673800352
0.1241316416	0.8758683584	0.113748325	0.865790244
0.1251326226	0.8748673774	0.1152272742	0.8641993141
0.1261336036	0.8738663964	0.1167154589	0.8626073465
0.1271345846	0.8728654154	0.1182128152	0.8610144403
0.1281355656	0.8718644344	0.1197192784	0.8594206927
0.1291365465	0.8708634535	0.1212347829	0.8578261995
0.1301375275	0.8698624725	0.1227592625	0.8562310544
0.1311385085	0.8688614915	0.1242926503	0.8546353497
0.1321394895	0.8678605105	0.1258348786	0.853039176
0.1331404705	0.8668595295	0.127385879	0.851442622
0.1341414515	0.8658585485	0.1289455826	0.849845775
0.1351424324	0.8648575676	0.1305139198	0.8482487206
0.1361434134	0.8638565866	0.1320908202	0.846651543
0.1371443944	0.8628556056	0.1336762132	0.8450543245
0.1381453754	0.8618546246	0.1352700271	0.8434571462
0.1391463564	0.8608536436	0.1368721901	0.8418600876
0.1401473373	0.8598526627	0.1384826297	0.8402632265
0.1411483183	0.8588516817	0.1401012727	0.8386666394
0.1421492993	0.8578507007	0.1417280456	0.8370704015
0.1431502803	0.8568497197	0.1433628744	0.8354745862
0.1441512613	0.8558487387	0.1450056846	0.8338792659
0.1451522422	0.8548477578	0.1466564012	0.8322845112
0.1461532232	0.8538467768	0.1483149487	0.8306903917
0.1471542042	0.8528457958	0.1499812515	0.8290969755
0.1481551852	0.8518448148	0.1516552332	0.8275043293
0.1491561662	0.8508438338	0.1533368172	0.8259125187
0.1501571471	0.8498428529	0.1550259267	0.8243216077
0.1511581281	0.8488418719	0.1567224843	0.8227316594
0.1521591091	0.8478408909	0.1584264124	0.8211427354
0.1531600901	0.8468399099	0.160137633	0.8195548961
0.1541610711	0.8458389289	0.1618560678	0.8179682008
0.1551620521	0.8448379479	0.1635816384	0.8163827075
0.156163033	0.843836967	0.1653142659	0.8147984731
0.157164014	0.842835986	0.1670538714	0.8132155534
0.158164995	0.841835005	0.1688003754	0.8116340028
0.159165976	0.840834024	0.1705536986	0.8100538749
0.160166957	0.839833043	0.1723137613	0.8084752221
0.1611679379	0.8388320621	0.1740804835	0.8068980955
0.1621689189	0.8378310811	0.1758537851	0.8053225455
0.1631698999	0.8368301001	0.1776335861	0.8037486212
0.1641708809	0.8358291191	0.1794198059	0.8021763707
0.1651718619	0.8348281381	0.1812123642	0.8006058411
0.1661728428	0.8338271572	0.1830111802	0.7990370785
0.1671738238	0.8328261762	0.1848161734	0.7974701281
0.1681748048	0.8318251952	0.1866272629	0.795905034
0.1691757858	0.8308242142	0.1884443678	0.7943418394
0.1701767668	0.8298232332	0.1902674073	0.7927805865
0.1711777477	0.8288222523	0.1920963002	0.7912213168
0.1721787287	0.8278212713	0.1939309657	0.7896640706
0.1731797097	0.8268202903	0.1957713226	0.7881088875
0.1741806907	0.8258193093	0.19761729	0.7865558061
0.1751816717	0.8248183283	0.1994687868	0.7850048641
0.1761826527	0.8238173473	0.2013257319	0.7834560987
0.1771836336	0.8228163664	0.2031880443	0.7819095457
0.1781846146	0.8218153854	0.2050556432	0.7803652406
0.1791855956	0.8208144044	0.2069284475	0.7788232178
0.1801865766	0.8198134234	0.2088063764	0.7772835109
0.1811875576	0.8188124424	0.2106893491	0.7757461528
0.1821885385	0.8178114615	0.212577285	0.7742111757
0.1831895195	0.8168104805	0.2144701034	0.7726786109
0.1841905005	0.8158094995	0.2163677238	0.7711484889
0.1851914815	0.8148085185	0.2182700658	0.7696208398
0.1861924625	0.8138075375	0.2201770492	0.7680956925
0.1871934434	0.8128065566	0.2220885938	0.7665730757
0.1881944244	0.8118055756	0.2240046197	0.7650530169
0.1891954054	0.8108045946	0.225925047	0.7635355433
0.1901963864	0.8098036136	0.227849796	0.7620206813
0.1911973674	0.8088026326	0.2297787872	0.7605084565
0.1921983483	0.8078016517	0.2317119414	0.7589988941
0.1931993293	0.8068006707	0.2336491793	0.7574920185
0.1942003103	0.8057996897	0.2355904222	0.7559878534
0.1952012913	0.8047987087	0.2375355912	0.7544864221
0.1962022723	0.8037977277	0.2394846078	0.7529877472
0.1972032533	0.8027967467	0.2414373938	0.7514918505
0.1982042342	0.8017957658	0.243393871	0.7499987535
0.1992052152	0.8007947848	0.2453539618	0.748508477
0.2002061962	0.7997938038	0.2473175885	0.7470210412
0.2012071772	0.7987928228	0.2492846738	0.7455364658
0.2022081582	0.7977918418	0.2512551407	0.74405477
0.2032091391	0.7967908609	0.2532289124	0.7425759723
0.2042101201	0.7957898799	0.2552059123	0.7411000907
0.2052111011	0.7947888989	0.2571860643	0.7396271429
0.2062120821	0.7937879179	0.2591692924	0.7381571458
0.2072130631	0.7927869369	0.261155521	0.736690116
0.208214044	0.791785956	0.2631446746	0.7352260695
0.209215025	0.790784975	0.2651366784	0.7337650218
0.210216006	0.789783994	0.2671314575	0.732306988
0.211216987	0.788783013	0.2691289376	0.7308519828
0.212217968	0.787782032	0.2711290446	0.7294000201
0.2132189489	0.7867810511	0.2731317046	0.7279511138
0.2142199299	0.7857800701	0.2751368444	0.726505277
0.2152209109	0.7847790891	0.2771443909	0.7250625226
0.2162218919	0.7837781081	0.2791542712	0.7236228629
0.2172228729	0.7827771271	0.2811664131	0.7221863098
0.2182238539	0.7817761461	0.2831807444	0.720752875
0.2192248348	0.7807751652	0.2851971936	0.7193225695
0.2202258158	0.7797741842	0.2872156893	0.7178954041
0.2212267968	0.7787732032	0.2892361605	0.716471389
0.2222277778	0.7777722222	0.2912585368	0.7150505343
0.2232287588	0.7767712412	0.2932827479	0.7136328496
0.2242297397	0.7757702603	0.2953087241	0.7122183439
0.2252307207	0.7747692793	0.2973363958	0.7108070262
0.2262317017	0.7737682983	0.2993656941	0.7093989049
0.2272326827	0.7727673173	0.3013965502	0.7079939882
0.2282336637	0.7717663363	0.303428896	0.7065922838
0.2292346446	0.7707653554	0.3054626636	0.7051937992
0.2302356256	0.7697643744	0.3074977856	0.7037985414
0.2312366066	0.7687633934	0.3095341948	0.7024065174
0.2322375876	0.7677624124	0.3115718246	0.7010177334
0.2332385686	0.7667614314	0.3136106088	0.6996321957
0.2342395495	0.7657604505	0.3156504816	0.6982499101
0.2352405305	0.7647594695	0.3176913775	0.6968708821
0.2362415115	0.7637584885	0.3197332316	0.695495117
0.2372424925	0.7627575075	0.3217759792	0.6941226196
0.2382434735	0.7617565265	0.3238195562	0.6927533947
0.2392444545	0.7607555455	0.3258638989	0.6913874466
0.2402454354	0.7597545646	0.3279089439	0.6900247794
0.2412464164	0.7587535836	0.3299546284	0.688665397
0.2422473974	0.7577526026	0.3320008899	0.6873093028
0.2432483784	0.7567516216	0.3340476664	0.6859565002
0.2442493594	0.7557506406	0.3360948963	0.6846069923
0.2452503403	0.7547496597	0.3381425185	0.6832607817
0.2462513213	0.7537486787	0.3401904721	0.6819178711
0.2472523023	0.7527476977	0.3422386969	0.6805782627
0.2482532833	0.7517467167	0.3442871332	0.6792419586
0.2492542643	0.7507457357	0.3463357213	0.6779089606
0.2502552452	0.7497447548	0.3483844024	0.6765792704
0.2512562262	0.7487437738	0.350433118	0.6752528893
0.2522572072	0.7477427928	0.3524818099	0.6739298184
0.2532581882	0.7467418118	0.3545304205	0.6726100587
0.2542591692	0.7457408308	0.3565788925	0.6712936109
0.2552601502	0.7447398498	0.3586271693	0.6699804756
0.2562611311	0.7437388689	0.3606751945	0.668670653
0.2572621121	0.7427378879	0.3627229122	0.6673641433
0.2582630931	0.7417369069	0.3647702669	0.6660609465
0.2592640741	0.7407359259	0.3668172037	0.6647610621
0.2602650551	0.7397349449	0.3688636681	0.6634644898
0.261266036	0.738733964	0.3709096059	0.662171229
0.262267017	0.737732983	0.3729549635	0.6608812787
0.263267998	0.736732002	0.3749996877	0.6595946381
0.264268979	0.735731021	0.3770437257	0.658311306
0.26526996	0.73473004	0.3790870251	0.6570312809
0.2662709409	0.7337290591	0.3811295342	0.6557545614
0.2672719219	0.7327280781	0.3831712015	0.6544811459
0.2682729029	0.7317270971	0.385211976	0.6532110324
0.2692738839	0.7307261161	0.3872518071	0.6519442191
0.2702748649	0.7297251351	0.3892906448	0.6506807038
0.2712758458	0.7287241542	0.3913284395	0.6494204841
0.2722768268	0.7277231732	0.3933651418	0.6481635577
0.2732778078	0.7267221922	0.3954007031	0.646909922
0.2742787888	0.7257212112	0.3974350749	0.6456595742
0.2752797698	0.7247202302	0.3994682095	0.6444125115
0.2762807508	0.7237192492	0.4015000594	0.643168731
0.2772817317	0.7227182683	0.4035305775	0.6419282294
0.2782827127	0.7217172873	0.4055597173	0.6406910035
0.2792836937	0.7207163063	0.4075874326	0.63945705
0.2802846747	0.7197153253	0.4096136778	0.6382263653
0.2812856557	0.7187143443	0.4116384076	0.6369989458
0.2822866366	0.7177133634	0.4136615772	0.6357747878
0.2832876176	0.7167123824	0.4156831422	0.6345538874
0.2842885986	0.7157114014	0.4177030585	0.6333362406
0.2852895796	0.7147104204	0.4197212828	0.6321218434
0.2862905606	0.7137094394	0.4217377718	0.6309106915
0.2872915415	0.7127084585	0.423752483	0.6297027807
0.2882925225	0.7117074775	0.425765374	0.6284981065
0.2892935035	0.7107064965	0.427776403	0.6272966644
0.2902944845	0.7097055155	0.4297855287	0.62609845
0.2912954655	0.7087045345	0.4317927101	0.6249034583
0.2922964464	0.7077035536	0.4337979066	0.6237116847
0.2932974274	0.7067025726	0.4358010781	0.6225231242
0.2942984084	0.7057015916	0.4378021849	0.6213377719
0.2952993894	0.7047006106	0.4398011877	0.6201556227
0.2963003704	0.7036996296	0.4417980475	0.6189766715
0.2973013514	0.7026986486	0.4437927261	0.6178009129
0.2983023323	0.7016976677	0.4457851852	0.6166283418
0.2993033133	0.7006966867	0.4477753873	0.6154589526
0.3003042943	0.6996957057	0.4497632951	0.61429274
0.3013052753	0.6986947247	0.4517488718	0.6131296983
0.3023062563	0.6976937437	0.453732081	0.6119698219
0.3033072372	0.6966927628	0.4557128866	0.6108131052
0.3043082182	0.6956917818	0.4576912531	0.6096595423
0.3053091992	0.6946908008	0.4596671452	0.6085091274
0.3063101802	0.6936898198	0.4616405282	0.6073618546
0.3073111612	0.6926888388	0.4636113675	0.6062177179
0.3083121421	0.6916878579	0.4655796293	0.6050767112
0.3093131231	0.6906868769	0.4675452798	0.6039388286
0.3103141041	0.6896858959	0.4695082858	0.6028040637
0.3113150851	0.6886849149	0.4714686144	0.6016724104
0.3123160661	0.6876839339	0.4734262333	0.6005438624
0.313317047	0.686682953	0.4753811103	0.5994184134
0.314318028	0.685681972	0.4773332137	0.5982960569
0.315319009	0.684680991	0.4792825123	0.5971767865
0.31631999	0.68368001	0.481228975	0.5960605958
0.317320971	0.682679029	0.4831725714	0.5949474781
0.318321952	0.681678048	0.4851132712	0.5938374269
0.3193229329	0.6806770671	0.4870510447	0.5927304355
0.3203239139	0.6796760861	0.4889858623	0.5916264973
0.3213248949	0.6786751051	0.4909176951	0.5905256054
0.3223258759	0.6776741241	0.4928465144	0.5894277532
0.3233268569	0.6766731431	0.4947722917	0.5883329338
0.3243278378	0.6756721622	0.4966949992	0.5872411403
0.3253288188	0.6746711812	0.4986146092	0.5861523658
0.3263297998	0.6736702002	0.5005310945	0.5850666034
0.3273307808	0.6726692192	0.5024444281	0.5839838462
0.3283317618	0.6716682382	0.5043545836	0.582904087
0.3293327427	0.6706672573	0.5062615347	0.5818273189
0.3303337237	0.6696662763	0.5081652556	0.5807535347
0.3313347047	0.6686652953	0.5100657208	0.5796827274
0.3323356857	0.6676643143	0.5119629051	0.5786148898
0.3333366667	0.6666633333	0.5138567839	0.5775500146
0.3343376476	0.6656623524	0.5157473325	0.5764880948
0.3353386286	0.6646613714	0.5176345268	0.5754291231
0.3363396096	0.6636603904	0.5195183432	0.5743730922
0.3373405906	0.6626594094	0.5213987581	0.5733199947
0.3383415716	0.6616584284	0.5232757484	0.5722698235
0.3393425526	0.6606574474	0.5251492913	0.5712225711
0.3403435335	0.6596564665	0.5270193644	0.5701782303
0.3413445145	0.6586554855	0.5288859456	0.5691367935
0.3423454955	0.6576545045	0.5307490129	0.5680982534
0.3433464765	0.6566535235	0.532608545	0.5670626025
0.3443474575	0.6556525425	0.5344645206	0.5660298335
0.3453484384	0.6546515616	0.536316919	0.5649999388
0.3463494194	0.6536505806	0.5381657195	0.563972911
0.3473504004	0.6526495996	0.540010902	0.5629487425
0.3483513814	0.6516486186	0.5418524465	0.5619274258
0.3493523624	0.6506476376	0.5436903334	0.5609089534
0.3503533433	0.6496466567	0.5455245434	0.5598933177
0.3513543243	0.6486456757	0.5473550576	0.5588805112
0.3523553053	0.6476446947	0.5491818572	0.5578705263
0.3533562863	0.6466437137	0.5510049239	0.5568633553
0.3543572673	0.6456427327	0.5528242395	0.5558589908
0.3553582482	0.6446417518	0.5546397862	0.554857425
0.3563592292	0.6436407708	0.5564515466	0.5538586503
0.3573602102	0.6426397898	0.5582595033	0.5528626591
0.3583611912	0.6416388088	0.5600636396	0.5518694438
0.3593621722	0.6406378278	0.5618639387	0.5508789966
0.3603631532	0.6396368468	0.5636603842	0.54989131
0.3613641341	0.6386358659	0.5654529602	0.5489063763
0.3623651151	0.6376348849	0.5672416507	0.5479241877
0.3633660961	0.6366339039	0.5690264403	0.5469447366
0.3643670771	0.6356329229	0.5708073137	0.5459680153
0.3653680581	0.6346319419	0.572584256	0.5449940161
0.366369039	0.633630961	0.5743572525	0.5440227313
0.36737002	0.63262998	0.5761262886	0.5430541532
0.368371001	0.631628999	0.5778913504	0.5420882742
0.369371982	0.630628018	0.5796524237	0.5411250864
0.370372963	0.629627037	0.5814094951	0.5401645822
0.3713739439	0.6286260561	0.5831625511	0.5392067538
0.3723749249	0.6276250751	0.5849115786	0.5382515936
0.3733759059	0.6266240941	0.5866565648	0.5372990939
0.3743768869	0.6256231131	0.588397497	0.5363492468
0.3753778679	0.6246221321	0.5901343629	0.5354020448
0.3763788488	0.6236211512	0.5918671503	0.5344574801
0.3773798298	0.6226201702	0.5935958474	0.5335155449
0.3783808108	0.6216191892	0.5953204427	0.5325762317
0.3793817918	0.6206182082	0.5970409246	0.5316395326
0.3803827728	0.6196172272	0.5987572822	0.5307054399
0.3813837538	0.6186162462	0.6004695044	0.529773946
0.3823847347	0.6176152653	0.6021775807	0.5288450432
0.3833857157	0.6166142843	0.6038815006	0.5279187237
0.3843866967	0.6156133033	0.6055812539	0.52699498
0.3853876777	0.6146123223	0.6072768307	0.5260738042
0.3863886587	0.6136113413	0.6089682213	0.5251551887
0.3873896396	0.6126103604	0.6106554161	0.5242391258
0.3883906206	0.6116093794	0.6123384059	0.5233256079
0.3893916016	0.6106083984	0.6140171817	0.5224146274
0.3903925826	0.6096074174	0.6156917345	0.5215061764
0.3913935636	0.6086064364	0.6173620559	0.5206002475
0.3923945445	0.6076054555	0.6190281374	0.5196968329
0.3933955255	0.6066044745	0.6206899707	0.5187959251
0.3943965065	0.6056034935	0.6223475481	0.5178975164
0.3953974875	0.6046025125	0.6240008617	0.5170015991
0.3963984685	0.6036015315	0.6256499039	0.5161081657
0.3973994494	0.6026005506	0.6272946675	0.5152172086
0.3984004304	0.6015995696	0.6289351452	0.5143287201
0.3994014114	0.6005985886	0.6305713303	0.5134426928
0.4004023924	0.5995976076	0.6322032159	0.5125591189
0.4014033734	0.5985966266	0.6338307956	0.5116779911
0.4024043544	0.5975956456	0.6354540629	0.5107993016
0.4034053353	0.5965946647	0.6370730119	0.5099230431
0.4044063163	0.5955936837	0.6386876364	0.5090492079
0.4054072973	0.5945927027	0.6402979309	0.5081777884
0.4064082783	0.5935917217	0.6419038897	0.5073087774
0.4074092593	0.5925907407	0.6435055075	0.5064421671
0.4084102402	0.5915897598	0.6451027792	0.5055779502
0.4094112212	0.5905887788	0.6466956996	0.5047161191
0.4104122022	0.5895877978	0.648284264	0.5038566665
0.4114131832	0.5885868168	0.6498684679	0.5029995848
0.4124141642	0.5875858358	0.6514483066	0.5021448666
0.4134151451	0.5865848549	0.6530237761	0.5012925046
0.4144161261	0.5855838739	0.6545948721	0.5004424912
0.4154171071	0.5845828929	0.6561615908	0.4995948192
0.4164180881	0.5835819119	0.6577239284	0.498749481
0.4174190691	0.5825809309	0.6592818813	0.4979064695
0.4184200501	0.5815799499	0.6608354462	0.4970657771
0.419421031	0.580578969	0.6623846198	0.4962273966
0.420422012	0.579577988	0.663929399	0.4953913206
0.421422993	0.578577007	0.665469781	0.4945575419
0.422423974	0.577576026	0.667005763	0.4937260531
0.423424955	0.576575045	0.6685373423	0.4928968469
0.4244259359	0.5755740641	0.6700645167	0.4920699162
0.4254269169	0.5745730831	0.6715872837	0.4912452536
0.4264278979	0.5735721021	0.6731056414	0.4904228519
0.4274288789	0.5725711211	0.6746195878	0.4896027039
0.4284298599	0.5715701401	0.676129121	0.4887848023
0.4294308408	0.5705691592	0.6776342394	0.4879691401
0.4304318218	0.5695681782	0.6791349415	0.48715571
0.4314328028	0.5685671972	0.680631226	0.4863445048
0.4324337838	0.5675662162	0.6821230916	0.4855355175
0.4334347648	0.5665652352	0.6836105373	0.4847287409
0.4344357457	0.5655642543	0.6850935622	0.4839241679
0.4354367267	0.5645632733	0.6865721656	0.4831217913
0.4364377077	0.5635622923	0.6880463466	0.4823216043
0.4374386887	0.5625613113	0.689516105	0.4815235996
0.4384396697	0.5615603303	0.6909814402	0.4807277702
0.4394406507	0.5605593493	0.6924423522	0.4799341092
0.4404416316	0.5595583684	0.6938988408	0.4791426094
0.4414426126	0.5585573874	0.695350906	0.478353264
0.4424435936	0.5575564064	0.696798548	0.477566066
0.4434445746	0.5565554254	0.6982417672	0.4767810083
0.4444455556	0.5555544444	0.699680564	0.4759980841
0.4454465365	0.5545534635	0.7011149388	0.4752172864
0.4464475175	0.5535524825	0.7025448925	0.4744386084
0.4474484985	0.5525515015	0.7039704259	0.4736620431
0.4484494795	0.5515505205	0.7053915398	0.4728875837
0.4494504605	0.5505495395	0.7068082353	0.4721152234
0.4504514414	0.5495485586	0.7082205137	0.4713449552
0.4514524224	0.5485475776	0.7096283761	0.4705767725
0.4524534034	0.5475465966	0.7110318241	0.4698106684
0.4534543844	0.5465456156	0.7124308591	0.4690466361
0.4544553654	0.5455446346	0.7138254828	0.4682846689
0.4554563463	0.5445436537	0.7152156969	0.46752476
0.4564573273	0.5435426727	0.7166015033	0.4667669027
0.4574583083	0.5425416917	0.7179829041	0.4660110904
0.4584592893	0.5415407107	0.7193599012	0.4652573163
0.4594602703	0.5405397297	0.720732497	0.4645055737
0.4604612513	0.5395387487	0.7221006936	0.4637558561
0.4614622322	0.5385377678	0.7234644935	0.4630081568
0.4624632132	0.5375367868	0.7248238993	0.4622624691
0.4634641942	0.5365358058	0.7261789134	0.4615187866
0.4644651752	0.5355348248	0.7275295388	0.4607771025
0.4654661562	0.5345338438	0.7288757781	0.4600374105
0.4664671371	0.5335328629	0.7302176343	0.4592997038
0.4674681181	0.5325318819	0.7315551105	0.4585639761
0.4684690991	0.5315309009	0.7328882097	0.4578302208
0.4694700801	0.5305299199	0.7342169351	0.4570984315
0.4704710611	0.5295289389	0.7355412901	0.4563686016
0.471472042	0.528527958	0.736861278	0.4556407248
0.472473023	0.527526977	0.7381769024	0.4549147946
0.473474004	0.526525996	0.7394881668	0.4541908047
0.474474985	0.525525015	0.7407950749	0.4534687486
0.475475966	0.524524034	0.7420976305	0.4527486199
0.4764769469	0.5235230531	0.7433958374	0.4520304125
0.4774779279	0.5225220721	0.7446896996	0.4513141198
0.4784789089	0.5215210911	0.745979221	0.4505997356
0.4794798899	0.5205201101	0.7472644059	0.4498872537
0.4804808709	0.5195191291	0.7485452583	0.4491766677
0.4814818519	0.5185181481	0.7498217826	0.4484679714
0.4824828328	0.5175171672	0.751093983	0.4477611586
0.4834838138	0.5165161862	0.7523618641	0.4470562231
0.4844847948	0.5155152052	0.7536254304	0.4463531586
0.4854857758	0.5145142242	0.7548846864	0.4456519591
0.4864867568	0.5135132432	0.7561396368	0.4449526183
0.4874877377	0.5125122623	0.7573902864	0.4442551301
0.4884887187	0.5115112813	0.7586366399	0.4435594885
0.4894896997	0.5105103003	0.7598787023	0.4428656872
0.4904906807	0.5095093193	0.7611164786	0.4421737203
0.4914916617	0.5085083383	0.7623499737	0.4414835817
0.4924926426	0.5075073574	0.7635791928	0.4407952653
0.4934936236	0.5065063764	0.7648041411	0.4401087651
0.4944946046	0.5055053954	0.7660248238	0.4394240752
0.4954955856	0.5045044144	0.7672412462	0.4387411896
0.4964965666	0.5035034334	0.7684534137	0.4380601022
0.4974975475	0.5025024525	0.7696613318	0.4373808071
0.4984985285	0.5015014715	0.770865006	0.4367032985
0.4994995095	0.5005004905	0.7720644419	0.4360275705
0.5005004905	0.4994995095	0.773259645	0.435353617
0.5015014715	0.4984985285	0.7744506212	0.4346814324
0.5025024525	0.4974975475	0.7756373761	0.4340110107
0.5035034334	0.4964965666	0.7768199157	0.4333423461
0.5045044144	0.4954955856	0.7779982457	0.4326754328
0.5055053954	0.4944946046	0.7791723722	0.432010265
0.5065063764	0.4934936236	0.7803423011	0.4313468369
0.5075073574	0.4924926426	0.7815080386	0.4306851429
0.5085083383	0.4914916617	0.7826695906	0.4300251771
0.5095093193	0.4904906807	0.7838269635	0.4293669338
0.5105103003	0.4894896997	0.7849801634	0.4287104075
0.5115112813	0.4884887187	0.7861291966	0.4280555923
0.5125122623	0.4874877377	0.7872740695	0.4274024826
0.5135132432	0.4864867568	0.7884147884	0.4267510729
0.5145142242	0.4854857758	0.7895513599	0.4261013574
0.5155152052	0.4844847948	0.7906837902	0.4254533306
0.5165161862	0.4834838138	0.7918120861	0.4248069869
0.5175171672	0.4824828328	0.7929362541	0.4241623208
0.5185181481	0.4814818519	0.7940563009	0.4235193266
0.5195191291	0.4804808709	0.795172233	0.4228779989
0.5205201101	0.4794798899	0.7962840573	0.4222383322
0.5215210911	0.4784789089	0.7973917806	0.421600321
0.5225220721	0.4774779279	0.7984954096	0.4209639598
0.5235230531	0.4764769469	0.7995949513	0.4203292432
0.524524034	0.475475966	0.8006904125	0.4196961657
0.525525015	0.474474985	0.8017818002	0.4190647219
0.526525996	0.473474004	0.8028691214	0.4184349065
0.527526977	0.472473023	0.8039523831	0.4178067141
0.528527958	0.471472042	0.8050315924	0.4171801392
0.5295289389	0.4704710611	0.8061067565	0.4165551766
0.5305299199	0.4694700801	0.8071778825	0.415931821
0.5315309009	0.4684690991	0.8082449776	0.415310067
0.5325318819	0.4674681181	0.8093080489	0.4146899094
0.5335328629	0.4664671371	0.8103671039	0.4140713429
0.5345338438	0.4654661562	0.8114221499	0.4134543623
0.5355348248	0.4644651752	0.812473194	0.4128389623
0.5365358058	0.4634641942	0.8135202439	0.4122251377
0.5375367868	0.4624632132	0.8145633068	0.4116128834
0.5385377678	0.4614622322	0.8156023902	0.4110021941
0.5395387487	0.4604612513	0.8166375016	0.4103930647
0.5405397297	0.4594602703	0.8176686485	0.40978549
0.5415407107	0.4584592893	0.8186958385	0.409179465
0.5425416917	0.4574583083	0.8197190791	0.4085749846
0.5435426727	0.4564573273	0.8207383781	0.4079720436
0.5445436537	0.4554563463	0.8217537429	0.4073706371
0.5455446346	0.4544553654	0.8227651813	0.4067707598
0.5465456156	0.4534543844	0.823772701	0.4061724069
0.5475465966	0.4524534034	0.8247763097	0.4055755733
0.5485475776	0.4514524224	0.8257760152	0.404980254
0.5495485586	0.4504514414	0.8267718253	0.4043864441
0.5505495395	0.4494504605	0.8277637478	0.4037941385
0.5515505205	0.4484494795	0.8287517904	0.4032033324
0.5525515015	0.4474484985	0.8297359612	0.4026140207
0.5535524825	0.4464475175	0.830716268	0.4020261987
0.5545534635	0.4454465365	0.8316927186	0.4014398614
0.5555544444	0.4444455556	0.8326653211	0.4008550039
0.5565554254	0.4434445746	0.8336340835	0.4002716215
0.5575564064	0.4424435936	0.8345990136	0.3996897091
0.5585573874	0.4414426126	0.8355601195	0.3991092621
0.5595583684	0.4404416316	0.8365174092	0.3985302757
0.5605593493	0.4394406507	0.8374708909	0.3979527449
0.5615603303	0.4384396697	0.8384205725	0.3973766652
0.5625613113	0.4374386887	0.8393664622	0.3968020317
0.5635622923	0.4364377077	0.8403085681	0.3962288396
0.5645632733	0.4354367267	0.8412468983	0.3956570844
0.5655642543	0.4344357457	0.842181461	0.3950867612
0.5665652352	0.4334347648	0.8431122644	0.3945178653
0.5675662162	0.4324337838	0.8440393166	0.3939503923
0.5685671972	0.4314328028	0.8449626258	0.3933843372
0.5695681782	0.4304318218	0.8458822003	0.3928196956
0.5705691592	0.4294308408	0.8467980484	0.3922564629
0.5715701401	0.4284298599	0.8477101782	0.3916946343
0.5725711211	0.4274288789	0.8486185981	0.3911342054
0.5735721021	0.4264278979	0.8495233163	0.3905751716
0.5745730831	0.4254269169	0.8504243413	0.3900175282
0.5755740641	0.4244259359	0.8513216811	0.3894612709
0.576575045	0.423424955	0.8522153444	0.388906395
0.577576026	0.422423974	0.8531053392	0.3883528961
0.578577007	0.421422993	0.8539916741	0.3878007697
0.579577988	0.420422012	0.8548743574	0.3872500112
0.580578969	0.419421031	0.8557533975	0.3867006164
0.5815799499	0.4184200501	0.8566288028	0.3861525806
0.5825809309	0.4174190691	0.8575005817	0.3856058996
0.5835819119	0.4164180881	0.8583687426	0.3850605688
0.5845828929	0.4154171071	0.859233294	0.384516584
0.5855838739	0.4144161261	0.8600942443	0.3839739407
0.5865848549	0.4134151451	0.8609516019	0.3834326345
0.5875858358	0.4124141642	0.8618053753	0.3828926612
0.5885868168	0.4114131832	0.8626555731	0.3823540165
0.5895877978	0.4104122022	0.8635022036	0.3818166959
0.5905887788	0.4094112212	0.8643452753	0.3812806952
0.5915897598	0.4084102402	0.8651847969	0.3807460102
0.5925907407	0.4074092593	0.8660207766	0.3802126365
0.5935917217	0.4064082783	0.8668532232	0.37968057
0.5945927027	0.4054072973	0.8676821451	0.3791498063
0.5955936837	0.4044063163	0.8685075507	0.3786203414
0.5965946647	0.4034053353	0.8693294488	0.3780921709
0.5975956456	0.4024043544	0.8701478477	0.3775652907
0.5985966266	0.4014033734	0.8709627561	0.3770396966
0.5995976076	0.4004023924	0.8717741825	0.3765153845
0.6005985886	0.3994014114	0.8725821354	0.3759923502
0.6015995696	0.3984004304	0.8733866234	0.3754705896
0.6026005506	0.3973994494	0.8741876551	0.3749500987
0.6036015315	0.3963984685	0.8749852391	0.3744308732
0.6046025125	0.3953974875	0.8757793839	0.3739129091
0.6056034935	0.3943965065	0.876570098	0.3733962024
0.6066044745	0.3933955255	0.8773573901	0.372880749
0.6076054555	0.3923945445	0.8781412688	0.3723665449
0.6086064364	0.3913935636	0.8789217426	0.3718535861
0.6096074174	0.3903925826	0.8796988201	0.3713418685
0.6106083984	0.3893916016	0.88047251	0.3708313881
0.6116093794	0.3883906206	0.8812428207	0.370322141
0.6126103604	0.3873896396	0.8820097609	0.3698141233
0.6136113413	0.3863886587	0.8827733392	0.3693073309
0.6146123223	0.3853876777	0.8835335642	0.36880176
0.6156133033	0.3843866967	0.8842904445	0.3682974067
0.6166142843	0.3833857157	0.8850439886	0.3677942669
0.6176152653	0.3823847347	0.8857942052	0.3672923369
0.6186162462	0.3813837538	0.8865411028	0.3667916127
0.6196172272	0.3803827728	0.8872846901	0.3662920906
0.6206182082	0.3793817918	0.8880249756	0.3657937666
0.6216191892	0.3783808108	0.8887619679	0.3652966369
0.6226201702	0.3773798298	0.8894956757	0.3648006977
0.6236211512	0.3763788488	0.8902261074	0.3643059453
0.6246221321	0.3753778679	0.8909532718	0.3638123757
0.6256231131	0.3743768869	0.8916771773	0.3633199853
0.6266240941	0.3733759059	0.8923978326	0.3628287703
0.6276250751	0.3723749249	0.8931152462	0.3623387269
0.6286260561	0.3713739439	0.8938294267	0.3618498514
0.629627037	0.370372963	0.8945403827	0.3613621401
0.630628018	0.369371982	0.8952481228	0.3608755893
0.631628999	0.368371001	0.8959526555	0.3603901952
0.63262998	0.36737002	0.8966539894	0.3599059542
0.633630961	0.366369039	0.897352133	0.3594228627
0.6346319419	0.3653680581	0.8980470949	0.3589409169
0.6356329229	0.3643670771	0.8987388837	0.3584601133
0.6366339039	0.3633660961	0.8994275078	0.3579804482
0.6376348849	0.3623651151	0.9001129759	0.357501918
0.6386358659	0.3613641341	0.9007952965	0.3570245191
0.6396368468	0.3603631532	0.9014744781	0.3565482479
0.6406378278	0.3593621722	0.9021505292	0.3560731009
0.6416388088	0.3583611912	0.9028234583	0.3555990745
0.6426397898	0.3573602102	0.903493274	0.3551261651
0.6436407708	0.3563592292	0.9041599848	0.3546543692
0.6446417518	0.3553582482	0.9048235991	0.3541836833
0.6456427327	0.3543572673	0.9054841255	0.3537141039
0.6466437137	0.3533562863	0.9061415724	0.3532456274
0.6476446947	0.3523553053	0.9067959484	0.3527782505
0.6486456757	0.3513543243	0.9074472619	0.3523119696
0.6496466567	0.3503533433	0.9080955214	0.3518467813
0.6506476376	0.3493523624	0.9087407353	0.3513826822
0.6516486186	0.3483513814	0.9093829121	0.3509196688
0.6526495996	0.3473504004	0.9100220602	0.3504577376
0.6536505806	0.3463494194	0.9106581881	0.3499968854
0.6546515616	0.3453484384	0.9112913042	0.3495371086
0.6556525425	0.3443474575	0.9119214169	0.349078404
0.6566535235	0.3433464765	0.9125485346	0.3486207681
0.6576545045	0.3423454955	0.9131726658	0.3481641976
0.6586554855	0.3413445145	0.9137938188	0.3477086892
0.6596564665	0.3403435335	0.9144120021	0.3472542394
0.6606574474	0.3393425526	0.9150272239	0.3468008451
0.6616584284	0.3383415716	0.9156394927	0.3463485029
0.6626594094	0.3373405906	0.9162488169	0.3458972095
0.6636603904	0.3363396096	0.9168552047	0.3454469617
0.6646613714	0.3353386286	0.9174586645	0.3449977561
0.6656623524	0.3343376476	0.9180592046	0.3445495894
0.6666633333	0.3333366667	0.9186568335	0.3441024586
0.6676643143	0.3323356857	0.9192515593	0.3436563602
0.6686652953	0.3313347047	0.9198433904	0.3432112912
0.6696662763	0.3303337237	0.9204323351	0.3427672483
0.6706672573	0.3293327427	0.9210184016	0.3423242282
0.6716682382	0.3283317618	0.9216015982	0.3418822279
0.6726692192	0.3273307808	0.9221819332	0.341441244
0.6736702002	0.3263297998	0.9227594148	0.3410012736
0.6746711812	0.3253288188	0.9233340513	0.3405623134
0.6756721622	0.3243278378	0.9239058509	0.3401243602
0.6766731431	0.3233268569	0.9244748218	0.339687411
0.6776741241	0.3223258759	0.9250409722	0.3392514627
0.6786751051	0.3213248949	0.9256043103	0.3388165121
0.6796760861	0.3203239139	0.9261648443	0.3383825561
0.6806770671	0.3193229329	0.9267225824	0.3379495917
0.681678048	0.318321952	0.9272775326	0.3375176158
0.682679029	0.317320971	0.9278297032	0.3370866253
0.68368001	0.31631999	0.9283791023	0.3366566171
0.684680991	0.315319009	0.928925738	0.3362275884
0.685681972	0.314318028	0.9294696184	0.3357995359
0.686682953	0.313317047	0.9300107517	0.3353724567
0.6876839339	0.3123160661	0.9305491458	0.3349463479
0.6886849149	0.3113150851	0.9310848089	0.3345212063
0.6896858959	0.3103141041	0.931617749	0.3340970291
0.6906868769	0.3093131231	0.9321479743	0.3336738132
0.6916878579	0.3083121421	0.9326754926	0.3332515558
0.6926888388	0.3073111612	0.9332003121	0.3328302537
0.6936898198	0.3063101802	0.9337224407	0.3324099042
0.6946908008	0.3053091992	0.9342418865	0.3319905043
0.6956917818	0.3043082182	0.9347586573	0.331572051
0.6966927628	0.3033072372	0.9352727613	0.3311545415
0.6976937437	0.3023062563	0.9357842063	0.3307379729
0.6986947247	0.3013052753	0.9362930003	0.3303223422
0.6996957057	0.3003042943	0.9367991512	0.3299076466
0.7006966867	0.2993033133	0.937302667	0.3294938833
0.7016976677	0.2983023323	0.9378035555	0.3290810494
0.7026986486	0.2973013514	0.9383018246	0.328669142
0.7036996296	0.2963003704	0.9387974822	0.3282581584
0.7047006106	0.2952993894	0.9392905362	0.3278480956
0.7057015916	0.2942984084	0.9397809944	0.3274389509
0.7067025726	0.2932974274	0.9402688646	0.3270307215
0.7077035536	0.2922964464	0.9407541547	0.3266234046
0.7087045345	0.2912954655	0.9412368724	0.3262169974
0.7097055155	0.2902944845	0.9417170255	0.3258114972
0.7107064965	0.2892935035	0.9421946219	0.3254069011
0.7117074775	0.2882925225	0.9426696693	0.3250032065
0.7127084585	0.2872915415	0.9431421754	0.3246004105
0.7137094394	0.2862905606	0.943612148	0.3241985105
0.7147104204	0.2852895796	0.9440795948	0.3237975038
0.7157114014	0.2842885986	0.9445445234	0.3233973876
0.7167123824	0.2832876176	0.9450069416	0.3229981592
0.7177133634	0.2822866366	0.9454668571	0.3225998159
0.7187143443	0.2812856557	0.9459242774	0.3222023551
0.7197153253	0.2802846747	0.9463792103	0.3218057741
0.7207163063	0.2792836937	0.9468316634	0.3214100702
0.7217172873	0.2782827127	0.9472816443	0.3210152408
0.7227182683	0.2772817317	0.9477291605	0.3206212832
0.7237192492	0.2762807508	0.9481742198	0.3202281948
0.7247202302	0.2752797698	0.9486168296	0.319835973
0.7257212112	0.2742787888	0.9490569974	0.3194446152
0.7267221922	0.2732778078	0.9494947309	0.3190541187
0.7277231732	0.2722768268	0.9499300376	0.318664481
0.7287241542	0.2712758458	0.9503629249	0.3182756995
0.7297251351	0.2702748649	0.9507934004	0.3178877715
0.7307261161	0.2692738839	0.9512214715	0.3175006947
0.7317270971	0.2682729029	0.9516471457	0.3171144663
0.7327280781	0.2672719219	0.9520704305	0.3167290838
0.7337290591	0.2662709409	0.9524913332	0.3163445447
0.73473004	0.26526996	0.9529098613	0.3159608465
0.735731021	0.264268979	0.9533260222	0.3155779867
0.736732002	0.263267998	0.9537398233	0.3151959626
0.737732983	0.262267017	0.9541512718	0.314814772
0.738733964	0.261266036	0.9545603753	0.3144344121
0.7397349449	0.2602650551	0.954967141	0.3140548806
0.7407359259	0.2592640741	0.9553715763	0.3136761751
0.7417369069	0.2582630931	0.9557736884	0.3132982929
0.7427378879	0.2572621121	0.9561734846	0.3129212317
0.7437388689	0.2562611311	0.9565709722	0.312544989
0.7447398498	0.2552601502	0.9569661586	0.3121695624
0.7457408308	0.2542591692	0.9573590508	0.3117949494
0.7467418118	0.2532581882	0.9577496561	0.3114211477
0.7477427928	0.2522572072	0.9581379818	0.3110481548
0.7487437738	0.2512562262	0.958524035	0.3106759682
0.7497447548	0.2502552452	0.958907823	0.3103045857
0.7507457357	0.2492542643	0.9592893528	0.3099340049
0.7517467167	0.2482532833	0.9596686316	0.3095642232
0.7527476977	0.2472523023	0.9600456665	0.3091952385
0.7537486787	0.2462513213	0.9604204648	0.3088270483
0.7547496597	0.2452503403	0.9607930333	0.3084596502
0.7557506406	0.2442493594	0.9611633793	0.308093042
0.7567516216	0.2432483784	0.9615315098	0.3077272212
0.7577526026	0.2422473974	0.9618974319	0.3073621856
0.7587535836	0.2412464164	0.9622611525	0.3069979329
0.7597545646	0.2402454354	0.9626226787	0.3066344607
0.7607555455	0.2392444545	0.9629820174	0.3062717667
0.7617565265	0.2382434735	0.9633391758	0.3059098487
0.7627575075	0.2372424925	0.9636941607	0.3055487043
0.7637584885	0.2362415115	0.964046979	0.3051883313
0.7647594695	0.2352405305	0.9643976378	0.3048287273
0.7657604505	0.2342395495	0.9647461439	0.3044698903
0.7667614314	0.2332385686	0.9650925043	0.3041118178
0.7677624124	0.2322375876	0.9654367257	0.3037545076
0.7687633934	0.2312366066	0.9657788152	0.3033979576
0.7697643744	0.2302356256	0.9661187794	0.3030421655
0.7707653554	0.2292346446	0.9664566254	0.302687129
0.7717663363	0.2282336637	0.9667923598	0.3023328459
0.7727673173	0.2272326827	0.9671259895	0.3019793141
0.7737682983	0.2262317017	0.9674575213	0.3016265314
0.7747692793	0.2252307207	0.9677869619	0.3012744955
0.7757702603	0.2242297397	0.9681143181	0.3009232043
0.7767712412	0.2232287588	0.9684395966	0.3005726555
0.7777722222	0.2222277778	0.9687628042	0.3002228471
0.7787732032	0.2212267968	0.9690839475	0.2998737769
0.7797741842	0.2202258158	0.9694030333	0.2995254427
0.7807751652	0.2192248348	0.9697200681	0.2991778424
0.7817761461	0.2182238539	0.9700350587	0.2988309739
0.7827771271	0.2172228729	0.9703480117	0.2984848349
0.7837781081	0.2162218919	0.9706589337	0.2981394235
0.7847790891	0.2152209109	0.9709678314	0.2977947374
0.7857800701	0.2142199299	0.9712747112	0.2974507747
0.7867810511	0.2132189489	0.9715795798	0.2971075331
0.787782032	0.212217968	0.9718824437	0.2967650106
0.788783013	0.211216987	0.9721833095	0.2964232051
0.789783994	0.210216006	0.9724821836	0.2960821146
0.790784975	0.209215025	0.9727790727	0.2957417369
0.791785956	0.208214044	0.9730739831	0.2954020701
0.7927869369	0.2072130631	0.9733669213	0.295063112
0.7937879179	0.2062120821	0.9736578939	0.2947248606
0.7947888989	0.2052111011	0.9739469071	0.2943873139
0.7957898799	0.2042101201	0.9742339676	0.2940504698
0.7967908609	0.2032091391	0.9745190816	0.2937143263
0.7977918418	0.2022081582	0.9748022555	0.2933788815
0.7987928228	0.2012071772	0.9750834958	0.2930441332
0.7997938038	0.2002061962	0.9753628087	0.2927100795
0.8007947848	0.1992052152	0.9756402006	0.2923767184
0.8017957658	0.1982042342	0.9759156779	0.2920440479
0.8027967467	0.1972032533	0.9761892468	0.291712066
0.8037977277	0.1962022723	0.9764609137	0.2913807708
0.8047987087	0.1952012913	0.9767306847	0.2910501603
0.8057996897	0.1942003103	0.9769985662	0.2907202324
0.8068006707	0.1931993293	0.9772645644	0.2903909854
0.8078016517	0.1921983483	0.9775286856	0.2900624171
0.8088026326	0.1911973674	0.9777909358	0.2897345258
0.8098036136	0.1901963864	0.9780513214	0.2894073093
0.8108045946	0.1891954054	0.9783098484	0.2890807659
0.8118055756	0.1881944244	0.9785665231	0.2887548936
0.8128065566	0.1871934434	0.9788213516	0.2884296905
0.8138075375	0.1861924625	0.97907434	0.2881051546
0.8148085185	0.1851914815	0.9793254945	0.2877812841
0.8158094995	0.1841905005	0.979574821	0.2874580771
0.8168104805	0.1831895195	0.9798223258	0.2871355317
0.8178114615	0.1821885385	0.9800680147	0.2868136461
0.8188124424	0.1811875576	0.980311894	0.2864924182
0.8198134234	0.1801865766	0.9805539696	0.2861718464
0.8208144044	0.1791855956	0.9807942476	0.2858519287
0.8218153854	0.1781846146	0.9810327338	0.2855326632
0.8228163664	0.1771836336	0.9812694344	0.2852140481
0.8238173473	0.1761826527	0.9815043552	0.2848960817
0.8248183283	0.1751816717	0.9817375022	0.2845787619
0.8258193093	0.1741806907	0.9819688814	0.2842620871
0.8268202903	0.1731797097	0.9821984986	0.2839460554
0.8278212713	0.1721787287	0.9824263597	0.283630665
0.8288222523	0.1711777477	0.9826524707	0.283315914
0.8298232332	0.1701767668	0.9828768374	0.2830018007
0.8308242142	0.1691757858	0.9830994656	0.2826883233
0.8318251952	0.1681748048	0.9833203612	0.2823754799
0.8328261762	0.1671738238	0.98353953	0.2820632689
0.8338271572	0.1661728428	0.9837569778	0.2817516884
0.8348281381	0.1651718619	0.9839727103	0.2814407366
0.8358291191	0.1641708809	0.9841867334	0.2811304118
0.8368301001	0.1631698999	0.9843990528	0.2808207123
0.8378310811	0.1621689189	0.9846096742	0.2805116362
0.8388320621	0.1611679379	0.9848186034	0.2802031818
0.839833043	0.160166957	0.985025846	0.2798953475
0.840834024	0.159165976	0.9852314077	0.2795881313
0.841835005	0.158164995	0.9854352943	0.2792815317
0.842835986	0.157164014	0.9856375113	0.2789755469
0.843836967	0.156163033	0.9858380644	0.2786701752
0.8448379479	0.1551620521	0.9860369593	0.2783654149
0.8458389289	0.1541610711	0.9862342015	0.2780612642
0.8468399099	0.1531600901	0.9864297967	0.2777577215
0.8478408909	0.1521591091	0.9866237503	0.2774547851
0.8488418719	0.1511581281	0.986816068	0.2771524532
0.8498428529	0.1501571471	0.9870067554	0.2768507243
0.8508438338	0.1491561662	0.9871958179	0.2765495966
0.8518448148	0.1481551852	0.987383261	0.2762490684
0.8528457958	0.1471542042	0.9875690904	0.2759491382
0.8538467768	0.1461532232	0.9877533113	0.2756498042
0.8548477578	0.1451522422	0.9879359294	0.2753510647
0.8558487387	0.1441512613	0.98811695	0.2750529182
0.8568497197	0.1431502803	0.9882963786	0.2747553631
0.8578507007	0.1421492993	0.9884742207	0.2744583975
0.8588516817	0.1411483183	0.9886504815	0.27416202
0.8598526627	0.1401473373	0.9888251666	0.2738662289
0.8608536436	0.1391463564	0.9889982813	0.2735710226
0.8618546246	0.1381453754	0.9891698309	0.2732763995
0.8628556056	0.1371443944	0.9893398207	0.272982358
0.8638565866	0.1361434134	0.9895082562	0.2726888964
0.8648575676	0.1351424324	0.9896751427	0.2723960131
0.8658585485	0.1341414515	0.9898404853	0.2721037067
0.8668595295	0.1331404705	0.9900042895	0.2718119754
0.8678605105	0.1321394895	0.9901665604	0.2715208178
0.8688614915	0.1311385085	0.9903273033	0.2712302322
0.8698624725	0.1301375275	0.9904865235	0.270940217
0.8708634535	0.1291365465	0.9906442262	0.2706507708
0.8718644344	0.1281355656	0.9908004165	0.2703618918
0.8728654154	0.1271345846	0.9909550997	0.2700735787
0.8738663964	0.1261336036	0.991108281	0.2697858298
0.8748673774	0.1251326226	0.9912599654	0.2694986437
0.8758683584	0.1241316416	0.9914101582	0.2692120186
0.8768693393	0.1231306607	0.9915588645	0.2689259532
0.8778703203	0.1221296797	0.9917060894	0.2686404459
0.8788713013	0.1211286987	0.991851838	0.2683554952
0.8798722823	0.1201277177	0.9919961153	0.2680710995
0.8808732633	0.1191267367	0.9921389265	0.2677872574
0.8818742442	0.1181257558	0.9922802766	0.2675039673
0.8828752252	0.1171247748	0.9924201706	0.2672212278
0.8838762062	0.1161237938	0.9925586136	0.2669390373
0.8848771872	0.1151228128	0.9926956106	0.2666573943
0.8858781682	0.1141218318	0.9928311665	0.2663762974
0.8868791491	0.1131208509	0.9929652864	0.2660957451
0.8878801301	0.1121198699	0.9930979752	0.2658157359
0.8888811111	0.1111188889	0.9932292378	0.2655362683
0.8898820921	0.1101179079	0.9933590793	0.2652573409
0.8908830731	0.1091169269	0.9934875045	0.2649789522
0.8918840541	0.1081159459	0.9936145183	0.2647011008
0.892885035	0.107114965	0.9937401256	0.2644237851
0.893886016	0.106113984	0.9938643313	0.2641470038
0.894886997	0.105113003	0.9939871403	0.2638707554
0.895887978	0.104112022	0.9941085574	0.2635950385
0.896888959	0.103111041	0.9942285874	0.2633198516
0.8978899399	0.1021100601	0.9943472352	0.2630451934
0.8988909209	0.1011090791	0.9944645056	0.2627710623
0.8998919019	0.1001080981	0.9945804033	0.262497457
0.9008928829	0.09910711712	0.9946949332	0.262224376
0.9018938639	0.09810613614	0.9948080999	0.261951818
0.9028948448	0.09710515516	0.9949199083	0.2616797816
0.9038958258	0.09610417417	0.9950303631	0.2614082653
0.9048968068	0.09510319319	0.9951394689	0.2611372677
0.9058977878	0.09410221221	0.9952472306	0.2608667875
0.9068987688	0.09310123123	0.9953536528	0.2605968233
0.9078997497	0.09210025025	0.9954587401	0.2603273737
0.9089007307	0.09109926927	0.9955624972	0.2600584373
0.9099017117	0.09009828829	0.9956649288	0.2597900128
0.9109026927	0.08909730731	0.9957660396	0.2595220987
0.9119036737	0.08809632633	0.995865834	0.2592546938
0.9129046547	0.08709534535	0.9959643168	0.2589877966
0.9139056356	0.08609436436	0.9960614926	0.2587214058
0.9149066166	0.08509338338	0.9961573658	0.2584555202
0.9159075976	0.0840924024	0.9962519411	0.2581901382
0.9169085786	0.08309142142	0.996345223	0.2579252586
0.9179095596	0.08209044044	0.9964372161	0.2576608801
0.9189105405	0.08108945946	0.9965279249	0.2573970012
0.9199115215	0.08008847848	0.9966173538	0.2571336208
0.9209125025	0.0790874975	0.9967055074	0.2568707374
0.9219134835	0.07808651652	0.9967923902	0.2566083498
0.9229144645	0.07708553554	0.9968780067	0.2563464566
0.9239154454	0.07608455455	0.9969623612	0.2560850566
0.9249164264	0.07508357357	0.9970454582	0.2558241483
0.9259174074	0.07408259259	0.9971273022	0.2555637306
0.9269183884	0.07308161161	0.9972078976	0.2553038022
0.9279193694	0.07208063063	0.9972872487	0.2550443616
0.9289203504	0.07107964965	0.99736536	0.2547854078
0.9299213313	0.07007866867	0.9974422358	0.2545269392
0.9309223123	0.06907768769	0.9975178804	0.2542689548
0.9319232933	0.06807670671	0.9975922983	0.2540114532
0.9329242743	0.06707572573	0.9976654938	0.2537544332
0.9339252553	0.06607474474	0.9977374712	0.2534978934
0.9349262362	0.06507376376	0.9978082347	0.2532418326
0.9359272172	0.06407278278	0.9978777887	0.2529862496
0.9369281982	0.0630718018	0.9979461375	0.2527311431
0.9379291792	0.06207082082	0.9980132853	0.2524765119
0.9389301602	0.06106983984	0.9980792363	0.2522223546
0.9399311411	0.06006885886	0.9981439949	0.2519686702
0.9409321221	0.05906787788	0.9982075652	0.2517154573
0.9419331031	0.0580668969	0.9982699515	0.2514627146
0.9429340841	0.05706591592	0.9983311579	0.2512104411
0.9439350651	0.05606493493	0.9983911887	0.2509586354
0.944936046	0.05506395395	0.998450048	0.2507072963
0.945937027	0.05406297297	0.9985077399	0.2504564227
0.946938008	0.05306199199	0.9985642687	0.2502060132
0.947938989	0.05206101101	0.9986196384	0.2499560667
0.94893997	0.05106003003	0.9986738533	0.249706582
0.949940951	0.05005904905	0.9987269173	0.2494575579
0.9509419319	0.04905806807	0.9987788346	0.2492089932
0.9519429129	0.04805708709	0.9988296092	0.2489608866
0.9529438939	0.04705610611	0.9988792454	0.2487132371
0.9539448749	0.04605512513	0.998927747	0.2484660434
0.9549458559	0.04505414414	0.9989751181	0.2482193043
0.9559468368	0.04405316316	0.9990213629	0.2479730186
0.9569478178	0.04305218218	0.9990664852	0.2477271853
0.9579487988	0.0420512012	0.9991104892	0.2474818031
0.9589497798	0.04105022022	0.9991533788	0.2472368708
0.9599507608	0.04004923924	0.9991951579	0.2469923873
0.9609517417	0.03904825826	0.9992358306	0.2467483514
0.9619527227	0.03804727728	0.9992754009	0.246504762
0.9629537037	0.0370462963	0.9993138725	0.2462616179
0.9639546847	0.03604531532	0.9993512496	0.246018918
0.9649556657	0.03504433433	0.999387536	0.2457766611
0.9659566466	0.03404335335	0.9994227357	0.2455348461
0.9669576276	0.03304237237	0.9994568524	0.2452934719
0.9679586086	0.03204139139	0.9994898902	0.2450525372
0.9689595896	0.03104041041	0.9995218528	0.2448120411
0.9699605706	0.03003942943	0.9995527441	0.2445719823
0.9709615516	0.02903844845	0.9995825681	0.2443323598
0.9719625325	0.02803746747	0.9996113285	0.2440931724
0.9729635135	0.02703648649	0.9996390291	0.243854419
0.9739644945	0.02603550551	0.9996656737	0.2436160985
0.9749654755	0.02503452452	0.9996912662	0.2433782098
0.9759664565	0.02403354354	0.9997158104	0.2431407518
0.9769674374	0.02303256256	0.9997393099	0.2429037234
0.9779684184	0.02203158158	0.9997617687	0.2426671235
0.9789693994	0.0210306006	0.9997831903	0.2424309509
0.9799703804	0.02002961962	0.9998035787	0.2421952047
0.9809713614	0.01902863864	0.9998229374	0.2419598837
0.9819723423	0.01802765766	0.9998412702	0.2417249869
0.9829733233	0.01702667668	0.9998585809	0.2414905131
0.9839743043	0.0160256957	0.9998748731	0.2412564613
0.9849752853	0.01502471471	0.9998901504	0.2410228304
0.9859762663	0.01402373373	0.9999044166	0.2407896193
0.9869772472	0.01302275275	0.9999176753	0.240556827
0.9879782282	0.01202177177	0.9999299302	0.2403244525
0.9889792092	0.01102079079	0.9999411848	0.2400924946
0.9899801902	0.01001980981	0.9999514429	0.2398609523
0.9909811712	0.009018828829	0.999960708	0.2396298245
0.9919821522	0.008017847848	0.9999689837	0.2393991103
0.9929831331	0.007016866867	0.9999762736	0.2391688085
0.9939841141	0.006015885886	0.9999825813	0.2389389181
0.9949850951	0.005014904905	0.9999879104	0.2387094381
0.9959860761	0.004013923924	0.9999922644	0.2384803675
0.9969870571	0.003012942943	0.9999956468	0.2382517052
0.997988038	0.002011961962	0.9999980612	0.2380234501
0.998989019	0.001010980981	0.9999995111	0.2377956013
0.99999	1e-05	1	0.2375681577
