1e-05	0.99999	0.2321738897	1
0.001010980981	0.998989019	0.2317430449	1.000000928
0.002011961962	0.997988038	0.2313705837	1.000003342
0.003012942943	0.9969870571	0.2310542685	1.000006769
0.004013923924	0.9959860761	0.2307919804	1.000010754
0.005014904905	0.9949850951	0.2305817122	1.000014869
0.006015885886	0.9939841141	0.2304215609	1.000018705
0.007016866867	0.9929831331	0.230309721	1.000021872
0.008017847848	0.9919821522	0.2302444786	1.000024001
0.009018828829	0.9909811712	0.2302242055	1.000024741
0.01001980981	0.9899801902	0.2302473538	1.000023759
0.01102079079	0.9889792092	0.2303124514	1.000020738
0.01202177177	0.9879782282	0.2304180969	1.000015378
0.01302275275	0.9869772472	0.2305629558	1.000007394
0.01402373373	0.9859762663	0.2307457562	0.9999965156
0.01502471471	0.9849752853	0.2309652851	0.9999824871
0.0160256957	0.9839743043	0.2312203854	0.9999650662
0.01702667668	0.9829733233	0.2315099522	0.9999440235
0.01802765766	0.9819723423	0.2318329299	0.9999191421
0.01902863864	0.9809713614	0.2321883096	0.9998902169
0.02002961962	0.9799703804	0.2325751264	0.9998570545
0.0210306006	0.9789693994	0.2329924567	0.999819472
0.02203158158	0.9779684184	0.2334394162	0.9997772972
0.02303256256	0.9769674374	0.233915158	0.999730368
0.02403354354	0.9759664565	0.2344188697	0.9996785318
0.02503452452	0.9749654755	0.2349497725	0.9996216451
0.02603550551	0.9739644945	0.2355071189	0.9995595734
0.02703648649	0.9729635135	0.2360901911	0.9994921905
0.02803746747	0.9719625325	0.2366982995	0.9994193783
0.02903844845	0.9709615516	0.2373307814	0.9993410266
0.03003942943	0.9699605706	0.2379869992	0.9992570324
0.03104041041	0.9689595896	0.2386663397	0.9991672999
0.03204139139	0.9679586086	0.2393682122	0.9990717402
0.03304237237	0.9669576276	0.2400920479	0.9989702708
0.03404335335	0.9659566466	0.2408372988	0.9988628155
0.03504433433	0.9649556657	0.2416034361	0.9987493042
0.03604531532	0.9639546847	0.24238995	0.9986296723
0.0370462963	0.9629537037	0.2431963483	0.998503861
0.03804727728	0.9619527227	0.2440221559	0.9983718164
0.03904825826	0.9609517417	0.2448669135	0.9982334899
0.04004923924	0.9599507608	0.2457301774	0.9980888377
0.04105022022	0.9589497798	0.2466115184	0.9979378206
0.0420512012	0.9579487988	0.2475105213	0.9977804038
0.04305218218	0.9569478178	0.2484267841	0.9976165567
0.04405316316	0.9559468368	0.2493599177	0.9974462528
0.04505414414	0.9549458559	0.2503095449	0.9972694695
0.04605512513	0.9539448749	0.2512753003	0.9970861879
0.04705610611	0.9529438939	0.2522568294	0.9968963927
0.04805708709	0.9519429129	0.2532537883	0.9967000719
0.04905806807	0.9509419319	0.2542658433	0.9964972169
0.05005904905	0.949940951	0.2552926703	0.9962878219
0.05106003003	0.94893997	0.2563339547	0.9960718844
0.05206101101	0.947938989	0.2573893903	0.9958494047
0.05306199199	0.946938008	0.2584586799	0.9956203856
0.05406297297	0.945937027	0.2595415341	0.9953848327
0.05506395395	0.944936046	0.2606376715	0.995142754
0.05606493493	0.9439350651	0.2617468181	0.9948941598
0.05706591592	0.9429340841	0.2628687071	0.9946390628
0.0580668969	0.9419331031	0.2640030785	0.9943774778
0.05906787788	0.9409321221	0.2651496791	0.9941094216
0.06006885886	0.9399311411	0.2663082619	0.9938349129
0.06106983984	0.9389301602	0.2674785861	0.9935539725
0.06207082082	0.9379291792	0.2686604168	0.9932666227
0.0630718018	0.9369281982	0.2698535245	0.9929728876
0.06407278278	0.9359272172	0.2710576855	0.9926727931
0.06507376376	0.9349262362	0.2722726809	0.9923663663
0.06607474474	0.9339252553	0.2734982973	0.9920536359
0.06707572573	0.9329242743	0.2747343256	0.9917346321
0.06807670671	0.9319232933	0.2759805619	0.9914093863
0.06907768769	0.9309223123	0.2772368065	0.991077931
0.07007866867	0.9299213313	0.2785028639	0.9907403002
0.07107964965	0.9289203504	0.2797785431	0.9903965287
0.07208063063	0.9279193694	0.281063657	0.9900466526
0.07308161161	0.9269183884	0.2823580223	0.989690709
0.07408259259	0.9259174074	0.2836614595	0.9893287356
0.07508357357	0.9249164264	0.2849737929	0.9889607714
0.07608455455	0.9239154454	0.28629485	0.988586856
0.07708553554	0.9229144645	0.2876244618	0.98820703
0.07808651652	0.9219134835	0.2889624628	0.9878213345
0.0790874975	0.9209125025	0.2903086904	0.9874298115
0.08008847848	0.9199115215	0.2916629851	0.9870325034
0.08108945946	0.9189105405	0.2930251905	0.9866294536
0.08209044044	0.9179095596	0.2943951528	0.9862207056
0.08309142142	0.9169085786	0.2957727214	0.9858063039
0.0840924024	0.9159075976	0.297157748	0.9853862932
0.08509338338	0.9149066166	0.2985500872	0.9849607187
0.08609436436	0.9139056356	0.2999495958	0.9845296261
0.08709534535	0.9129046547	0.3013561335	0.9840930615
0.08809632633	0.9119036737	0.302769562	0.9836510712
0.08909730731	0.9109026927	0.3041897456	0.983203702
0.09009828829	0.9099017117	0.3056165506	0.982751001
0.09109926927	0.9089007307	0.3070498456	0.9822930154
0.09210025025	0.9078997497	0.3084895013	0.9818297929
0.09310123123	0.9068987688	0.3099353907	0.9813613811
0.09410221221	0.9058977878	0.3113873883	0.9808878281
0.09510319319	0.9048968068	0.3128453711	0.980409182
0.09610417417	0.9038958258	0.3143092176	0.979925491
0.09710515516	0.9028948448	0.3157788083	0.9794368037
0.09810613614	0.9018938639	0.3172540256	0.9789431684
0.09910711712	0.9008928829	0.3187347535	0.9784446339
0.1001080981	0.8998919019	0.3202208778	0.9779412487
0.1011090791	0.8988909209	0.3217122859	0.9774330616
0.1021100601	0.8978899399	0.3232088668	0.9769201212
0.103111041	0.896888959	0.3247105113	0.9764024764
0.104112022	0.895887978	0.3262171116	0.9758801758
0.105113003	0.894886997	0.3277285613	0.9753532681
0.106113984	0.893886016	0.3292447557	0.9748218021
0.107114965	0.892885035	0.3307655913	0.9742858262
0.1081159459	0.8918840541	0.3322909663	0.9737453892
0.1091169269	0.8908830731	0.3338207801	0.9732005394
0.1101179079	0.8898820921	0.3353549334	0.9726513251
0.1111188889	0.8888811111	0.3368933283	0.9720977948
0.1121198699	0.8878801301	0.3384358682	0.9715399965
0.1131208509	0.8868791491	0.3399824577	0.9709779782
0.1141218318	0.8858781682	0.3415330028	0.9704117879
0.1151228128	0.8848771872	0.3430874106	0.9698414732
0.1161237938	0.8838762062	0.3446455892	0.9692670817
0.1171247748	0.8828752252	0.3462074482	0.968688661
0.1181257558	0.8818742442	0.347772898	0.9681062581
0.1191267367	0.8808732633	0.3493418506	0.9675199201
0.1201277177	0.8798722823	0.3509142185	0.9669296939
0.1211286987	0.8788713013	0.3524899158	0.9663356262
0.1221296797	0.8778703203	0.3540688572	0.9657377634
0.1231306607	0.8768693393	0.3556509588	0.9651361518
0.1241316416	0.8758683584	0.3572361376	0.9645308373
0.1251326226	0.8748673774	0.3588243116	0.9639218657
0.1261336036	0.8738663964	0.3604153996	0.9633092826
0.1271345846	0.8728654154	0.3620093217	0.9626931334
0.1281355656	0.8718644344	0.3636059986	0.962073463
0.1291365465	0.8708634535	0.3652053523	0.9614503164
0.1301375275	0.8698624725	0.3668073054	0.9608237381
0.1311385085	0.8688614915	0.3684117815	0.9601937724
0.1321394895	0.8678605105	0.3700187053	0.9595604634
0.1331404705	0.8668595295	0.3716280019	0.9589238549
0.1341414515	0.8658585485	0.3732395978	0.9582839903
0.1351424324	0.8648575676	0.37485342	0.957640913
0.1361434134	0.8638565866	0.3764693963	0.956994666
0.1371443944	0.8628556056	0.3780874557	0.9563452918
0.1381453754	0.8618546246	0.3797075275	0.955692833
0.1391463564	0.8608536436	0.3813295422	0.9550373317
0.1401473373	0.8598526627	0.382953431	0.9543788297
0.1411483183	0.8588516817	0.3845791256	0.9537173685
0.1421492993	0.8578507007	0.3862065589	0.9530529896
0.1431502803	0.8568497197	0.3878356642	0.9523857337
0.1441512613	0.8558487387	0.3894663756	0.9517156417
0.1451522422	0.8548477578	0.3910986282	0.9510427539
0.1461532232	0.8538467768	0.3927323575	0.9503671104
0.1471542042	0.8528457958	0.3943674999	0.9496887509
0.1481551852	0.8518448148	0.3960039924	0.9490077151
0.1491561662	0.8508438338	0.3976417727	0.9483240421
0.1501571471	0.8498428529	0.3992807793	0.9476377707
0.1511581281	0.8488418719	0.4009209514	0.9469489397
0.1521591091	0.8478408909	0.4025622285	0.9462575872
0.1531600901	0.8468399099	0.4042045513	0.9455637513
0.1541610711	0.8458389289	0.4058478608	0.9448674696
0.1551620521	0.8448379479	0.4074920986	0.9441687796
0.156163033	0.843836967	0.4091372073	0.9434677183
0.157164014	0.842835986	0.4107831298	0.9427643226
0.158164995	0.841835005	0.4124298096	0.9420586288
0.159165976	0.840834024	0.4140771912	0.9413506732
0.160166957	0.839833043	0.4157252192	0.9406404916
0.1611679379	0.8388320621	0.4173738392	0.9399281196
0.1621689189	0.8378310811	0.4190229972	0.9392135925
0.1631698999	0.8368301001	0.4206726398	0.9384969453
0.1641708809	0.8358291191	0.4223227143	0.9377782125
0.1651718619	0.8348281381	0.4239731684	0.9370574287
0.1661728428	0.8338271572	0.4256239506	0.9363346278
0.1671738238	0.8328261762	0.4272750097	0.9356098436
0.1681748048	0.8318251952	0.4289262953	0.9348831096
0.1691757858	0.8308242142	0.4305777573	0.934154459
0.1701767668	0.8298232332	0.4322293464	0.9334239246
0.1711777477	0.8288222523	0.4338810136	0.9326915391
0.1721787287	0.8278212713	0.4355327107	0.9319573347
0.1731797097	0.8268202903	0.4371843899	0.9312213433
0.1741806907	0.8258193093	0.4388360038	0.9304835969
0.1751816717	0.8248183283	0.4404875057	0.9297441266
0.1761826527	0.8238173473	0.4421388494	0.9290029637
0.1771836336	0.8228163664	0.443789989	0.928260139
0.1781846146	0.8218153854	0.4454408794	0.9275156831
0.1791855956	0.8208144044	0.4470914759	0.9267696262
0.1801865766	0.8198134234	0.4487417342	0.9260219982
0.1811875576	0.8188124424	0.4503916105	0.925272829
0.1821885385	0.8178114615	0.4520410616	0.9245221479
0.1831895195	0.8168104805	0.4536900447	0.923769984
0.1841905005	0.8158094995	0.4553385174	0.9230163663
0.1851914815	0.8148085185	0.456986438	0.9222613232
0.1861924625	0.8138075375	0.4586337651	0.9215048831
0.1871934434	0.8128065566	0.4602804578	0.9207470741
0.1881944244	0.8118055756	0.4619264756	0.9199879238
0.1891954054	0.8108045946	0.4635717786	0.9192274599
0.1901963864	0.8098036136	0.4652163271	0.9184657094
0.1911973674	0.8088026326	0.4668600822	0.9177026994
0.1921983483	0.8078016517	0.4685030051	0.9169384565
0.1931993293	0.8068006707	0.4701450576	0.9161730073
0.1942003103	0.8057996897	0.471786202	0.9154063777
0.1952012913	0.8047987087	0.4734264009	0.9146385938
0.1962022723	0.8037977277	0.4750656174	0.9138696812
0.1972032533	0.8027967467	0.476703815	0.9130996652
0.1982042342	0.8017957658	0.4783409576	0.912328571
0.1992052152	0.8007947848	0.4799770095	0.9115564235
0.2002061962	0.7997938038	0.4816119356	0.9107832473
0.2012071772	0.7987928228	0.4832457009	0.9100090668
0.2022081582	0.7977918418	0.4848782709	0.9092339061
0.2032091391	0.7967908609	0.4865096118	0.9084577891
0.2042101201	0.7957898799	0.4881396898	0.9076807393
0.2052111011	0.7947888989	0.4897684717	0.9069027803
0.2062120821	0.7937879179	0.4913959246	0.9061239351
0.2072130631	0.7927869369	0.4930220161	0.9053442267
0.208214044	0.791785956	0.494646714	0.9045636778
0.209215025	0.790784975	0.4962699868	0.9037823107
0.210216006	0.789783994	0.497891803	0.9030001477
0.211216987	0.788783013	0.4995121317	0.9022172108
0.212217968	0.787782032	0.5011309423	0.9014335217
0.2132189489	0.7867810511	0.5027482046	0.9006491019
0.2142199299	0.7857800701	0.5043638888	0.8998639726
0.2152209109	0.7847790891	0.5059779653	0.899078155
0.2162218919	0.7837781081	0.5075904052	0.89829167
0.2172228729	0.7827771271	0.5092011795	0.897504538
0.2182238539	0.7817761461	0.5108102598	0.8967167795
0.2192248348	0.7807751652	0.5124176182	0.8959284147
0.2202258158	0.7797741842	0.5140232268	0.8951394636
0.2212267968	0.7787732032	0.5156270583	0.8943499458
0.2222277778	0.7777722222	0.5172290856	0.8935598809
0.2232287588	0.7767712412	0.5188292821	0.8927692884
0.2242297397	0.7757702603	0.5204276213	0.8919781871
0.2252307207	0.7747692793	0.5220240773	0.8911865961
0.2262317017	0.7737682983	0.5236186243	0.8903945341
0.2272326827	0.7727673173	0.525211237	0.8896020196
0.2282336637	0.7717663363	0.5268018903	0.8888090708
0.2292346446	0.7707653554	0.5283905594	0.8880157059
0.2302356256	0.7697643744	0.52997722	0.8872219427
0.2312366066	0.7687633934	0.5315618479	0.886427799
0.2322375876	0.7677624124	0.5331444194	0.8856332923
0.2332385686	0.7667614314	0.5347249109	0.8848384398
0.2342395495	0.7657604505	0.5363032994	0.8840432587
0.2352405305	0.7647594695	0.5378795618	0.8832477659
0.2362415115	0.7637584885	0.5394536757	0.8824519782
0.2372424925	0.7627575075	0.5410256188	0.881655912
0.2382434735	0.7617565265	0.5425953692	0.8808595839
0.2392444545	0.7607555455	0.544162905	0.8800630099
0.2402454354	0.7597545646	0.545728205	0.879266206
0.2412464164	0.7587535836	0.5472912481	0.8784691882
0.2422473974	0.7577526026	0.5488520135	0.877671972
0.2432483784	0.7567516216	0.5504104806	0.8768745729
0.2442493594	0.7557506406	0.5519666291	0.8760770061
0.2452503403	0.7547496597	0.5535204392	0.8752792869
0.2462513213	0.7537486787	0.5550718911	0.8744814301
0.2472523023	0.7527476977	0.5566209655	0.8736834506
0.2482532833	0.7517467167	0.5581676431	0.8728853629
0.2492542643	0.7507457357	0.5597119052	0.8720871814
0.2502552452	0.7497447548	0.5612537331	0.8712889205
0.2512562262	0.7487437738	0.5627931084	0.8704905943
0.2522572072	0.7477427928	0.5643300132	0.8696922166
0.2532581882	0.7467418118	0.5658644296	0.8688938013
0.2542591692	0.7457408308	0.56739634	0.868095362
0.2552601502	0.7447398498	0.5689257271	0.8672969122
0.2562611311	0.7437388689	0.570452574	0.8664984652
0.2572621121	0.7427378879	0.5719768637	0.8657000341
0.2582630931	0.7417369069	0.5734985798	0.864901632
0.2592640741	0.7407359259	0.575017706	0.8641032716
0.2602650551	0.7397349449	0.5765342261	0.8633049657
0.261266036	0.738733964	0.5780481245	0.8625067268
0.262267017	0.737732983	0.5795593855	0.8617085674
0.263267998	0.736732002	0.5810679938	0.8609104996
0.264268979	0.735731021	0.5825739343	0.8601125356
0.26526996	0.73473004	0.5840771922	0.8593146874
0.2662709409	0.7337290591	0.5855777528	0.8585169667
0.2672719219	0.7327280781	0.5870756017	0.8577193852
0.2682729029	0.7317270971	0.5885707247	0.8569219545
0.2692738839	0.7307261161	0.590063108	0.8561246861
0.2702748649	0.7297251351	0.5915527378	0.855327591
0.2712758458	0.7287241542	0.5930396006	0.8545306806
0.2722768268	0.7277231732	0.5945236831	0.8537339657
0.2732778078	0.7267221922	0.5960049722	0.8529374572
0.2742787888	0.7257212112	0.5974834552	0.8521411659
0.2752797698	0.7247202302	0.5989591194	0.8513451024
0.2762807508	0.7237192492	0.6004319524	0.8505492771
0.2772817317	0.7227182683	0.601901942	0.8497537003
0.2782827127	0.7217172873	0.6033690761	0.8489583823
0.2792836937	0.7207163063	0.604833343	0.8481633332
0.2802846747	0.7197153253	0.6062947311	0.8473685629
0.2812856557	0.7187143443	0.6077532291	0.8465740813
0.2822866366	0.7177133634	0.6092088257	0.8457798981
0.2832876176	0.7167123824	0.6106615099	0.8449860229
0.2842885986	0.7157114014	0.612111271	0.8441924652
0.2852895796	0.7147104204	0.6135580984	0.8433992343
0.2862905606	0.7137094394	0.6150019817	0.8426063395
0.2872915415	0.7127084585	0.6164429106	0.8418137899
0.2882925225	0.7117074775	0.6178808752	0.8410215945
0.2892935035	0.7107064965	0.6193158657	0.8402297622
0.2902944845	0.7097055155	0.6207478723	0.8394383019
0.2912954655	0.7087045345	0.6221768857	0.8386472221
0.2922964464	0.7077035536	0.6236028965	0.8378565315
0.2932974274	0.7067025726	0.6250258957	0.8370662386
0.2942984084	0.7057015916	0.6264458744	0.8362763515
0.2952993894	0.7047006106	0.6278628238	0.8354868787
0.2963003704	0.7036996296	0.6292767353	0.8346978282
0.2973013514	0.7026986486	0.6306876007	0.8339092081
0.2983023323	0.7016976677	0.6320954116	0.8331210263
0.2993033133	0.7006966867	0.63350016	0.8323332907
0.3003042943	0.6996957057	0.6349018381	0.8315460089
0.3013052753	0.6986947247	0.6363004382	0.8307591885
0.3023062563	0.6976937437	0.6376959527	0.8299728372
0.3033072372	0.6966927628	0.6390883743	0.8291869623
0.3043082182	0.6956917818	0.6404776957	0.8284015712
0.3053091992	0.6946908008	0.6418639099	0.8276166711
0.3063101802	0.6936898198	0.64324701	0.826832269
0.3073111612	0.6926888388	0.6446269893	0.8260483722
0.3083121421	0.6916878579	0.6460038413	0.8252649875
0.3093131231	0.6906868769	0.6473775594	0.8244821217
0.3103141041	0.6896858959	0.6487481375	0.8236997817
0.3113150851	0.6886849149	0.6501155694	0.8229179741
0.3123160661	0.6876839339	0.6514798492	0.8221367055
0.313317047	0.686682953	0.652840971	0.8213559824
0.314318028	0.685681972	0.6541989293	0.8205758112
0.315319009	0.684680991	0.6555537185	0.8197961983
0.31631999	0.68368001	0.6569053332	0.8190171497
0.317320971	0.682679029	0.6582537682	0.8182386718
0.318321952	0.681678048	0.6595990184	0.8174607706
0.3193229329	0.6806770671	0.6609410789	0.8166834519
0.3203239139	0.6796760861	0.6622799449	0.8159067219
0.3213248949	0.6786751051	0.6636156117	0.8151305862
0.3223258759	0.6776741241	0.6649480747	0.8143550506
0.3233268569	0.6766731431	0.6662773297	0.8135801208
0.3243278378	0.6756721622	0.6676033723	0.8128058023
0.3253288188	0.6746711812	0.6689261984	0.8120321006
0.3263297998	0.6736702002	0.670245804	0.8112590212
0.3273307808	0.6726692192	0.6715621853	0.8104865693
0.3283317618	0.6716682382	0.6728753385	0.8097147504
0.3293327427	0.6706672573	0.67418526	0.8089435695
0.3303337237	0.6696662763	0.6754919463	0.8081730317
0.3313347047	0.6686652953	0.676795394	0.8074031422
0.3323356857	0.6676643143	0.6780956	0.8066339059
0.3333366667	0.6666633333	0.6793925611	0.8058653277
0.3343376476	0.6656623524	0.6806862744	0.8050974124
0.3353386286	0.6646613714	0.6819767369	0.8043301647
0.3363396096	0.6636603904	0.6832639458	0.8035635895
0.3373405906	0.6626594094	0.6845478987	0.8027976912
0.3383415716	0.6616584284	0.6858285929	0.8020324744
0.3393425526	0.6606574474	0.687106026	0.8012679437
0.3403435335	0.6596564665	0.6883801957	0.8005041034
0.3413445145	0.6586554855	0.6896510999	0.7997409579
0.3423454955	0.6576545045	0.6909187365	0.7989785115
0.3433464765	0.6566535235	0.6921831036	0.7982167684
0.3443474575	0.6556525425	0.6934441992	0.7974557327
0.3453484384	0.6546515616	0.6947020216	0.7966954085
0.3463494194	0.6536505806	0.6959565693	0.7959357999
0.3473504004	0.6526495996	0.6972078406	0.7951769109
0.3483513814	0.6516486186	0.6984558342	0.7944187453
0.3493523624	0.6506476376	0.6997005487	0.793661307
0.3503533433	0.6496466567	0.7009419829	0.7929045997
0.3513543243	0.6486456757	0.7021801357	0.7921486273
0.3523553053	0.6476446947	0.703415006	0.7913933933
0.3533562863	0.6466437137	0.704646593	0.7906389014
0.3543572673	0.6456427327	0.7058748957	0.7898851551
0.3553582482	0.6446417518	0.7070999136	0.7891321579
0.3563592292	0.6436407708	0.7083216459	0.7883799133
0.3573602102	0.6426397898	0.7095400921	0.7876284247
0.3583611912	0.6416388088	0.7107552518	0.7868776953
0.3593621722	0.6406378278	0.7119671247	0.7861277284
0.3603631532	0.6396368468	0.7131757103	0.7853785273
0.3613641341	0.6386358659	0.7143810087	0.7846300951
0.3623651151	0.6376348849	0.7155830197	0.7838824349
0.3633660961	0.6366339039	0.7167817433	0.7831355498
0.3643670771	0.6356329229	0.7179771796	0.7823894428
0.3653680581	0.6346319419	0.7191693288	0.7816441169
0.366369039	0.633630961	0.7203581911	0.780899575
0.36737002	0.63262998	0.721543767	0.7801558198
0.368371001	0.631628999	0.7227260568	0.7794128543
0.369371982	0.630628018	0.7239050611	0.7786706812
0.370372963	0.629627037	0.7250807804	0.7779293031
0.3713739439	0.6286260561	0.7262532155	0.7771887228
0.3723749249	0.6276250751	0.7274223671	0.7764489429
0.3733759059	0.6266240941	0.728588236	0.7757099659
0.3743768869	0.6256231131	0.7297508232	0.7749717943
0.3753778679	0.6246221321	0.7309101297	0.7742344307
0.3763788488	0.6236211512	0.7320661564	0.7734978774
0.3773798298	0.6226201702	0.7332189047	0.7727621369
0.3783808108	0.6216191892	0.7343683756	0.7720272115
0.3793817918	0.6206182082	0.7355145705	0.7712931034
0.3803827728	0.6196172272	0.7366574908	0.770559815
0.3813837538	0.6186162462	0.7377971378	0.7698273484
0.3823847347	0.6176152653	0.7389335132	0.7690957058
0.3833857157	0.6166142843	0.7400666184	0.7683648894
0.3843866967	0.6156133033	0.7411964552	0.7676349012
0.3853876777	0.6146123223	0.7423230252	0.7669057432
0.3863886587	0.6136113413	0.7434463302	0.7661774175
0.3873896396	0.6126103604	0.7445663721	0.765449926
0.3883906206	0.6116093794	0.7456831528	0.7647232707
0.3893916016	0.6106083984	0.7467966742	0.7639974534
0.3903925826	0.6096074174	0.7479069385	0.763272476
0.3913935636	0.6086064364	0.7490139478	0.7625483402
0.3923945445	0.6076054555	0.7501177041	0.7618250479
0.3933955255	0.6066044745	0.7512182098	0.7611026008
0.3943965065	0.6056034935	0.7523154671	0.7603810005
0.3953974875	0.6046025125	0.7534094784	0.7596602488
0.3963984685	0.6036015315	0.7545002462	0.7589403472
0.3973994494	0.6026005506	0.7555877728	0.7582212973
0.3984004304	0.6015995696	0.7566720609	0.7575031008
0.3994014114	0.6005985886	0.757753113	0.756785759
0.4004023924	0.5995976076	0.7588309317	0.7560692735
0.4014033734	0.5985966266	0.7599055199	0.7553536457
0.4024043544	0.5975956456	0.7609768802	0.754638877
0.4034053353	0.5965946647	0.7620450154	0.7539249688
0.4044063163	0.5955936837	0.7631099285	0.7532119224
0.4054072973	0.5945927027	0.7641716223	0.7524997392
0.4064082783	0.5935917217	0.7652300999	0.7517884205
0.4074092593	0.5925907407	0.7662853642	0.7510779674
0.4084102402	0.5915897598	0.7673374183	0.7503683812
0.4094112212	0.5905887788	0.7683862654	0.7496596631
0.4104122022	0.5895877978	0.7694319087	0.7489518142
0.4114131832	0.5885868168	0.7704743513	0.7482448356
0.4124141642	0.5875858358	0.7715135966	0.7475387285
0.4134151451	0.5865848549	0.7725496479	0.7468334938
0.4144161261	0.5855838739	0.7735825085	0.7461291327
0.4154171071	0.5845828929	0.774612182	0.7454256461
0.4164180881	0.5835819119	0.7756386716	0.744723035
0.4174190691	0.5825809309	0.776661981	0.7440213004
0.4184200501	0.5815799499	0.7776821138	0.7433204431
0.419421031	0.580578969	0.7786990734	0.742620464
0.420422012	0.579577988	0.7797128636	0.741921364
0.421422993	0.578577007	0.7807234881	0.741223144
0.422423974	0.577576026	0.7817309506	0.7405258047
0.423424955	0.576575045	0.7827352548	0.7398293469
0.4244259359	0.5755740641	0.7837364046	0.7391337714
0.4254269169	0.5745730831	0.7847344038	0.7384390789
0.4264278979	0.5735721021	0.7857292563	0.7377452701
0.4274288789	0.5725711211	0.7867209661	0.7370523456
0.4284298599	0.5715701401	0.7877095372	0.7363603062
0.4294308408	0.5705691592	0.7886949734	0.7356691524
0.4304318218	0.5695681782	0.789677279	0.7349788848
0.4314328028	0.5685671972	0.790656458	0.7342895041
0.4324337838	0.5675662162	0.7916325144	0.7336010107
0.4334347648	0.5665652352	0.7926054526	0.7329134051
0.4344357457	0.5655642543	0.7935752766	0.732226688
0.4354367267	0.5645632733	0.7945419907	0.7315408598
0.4364377077	0.5635622923	0.7955055992	0.7308559208
0.4374386887	0.5625613113	0.7964661064	0.7301718717
0.4384396697	0.5615603303	0.7974235166	0.7294887127
0.4394406507	0.5605593493	0.7983778341	0.7288064442
0.4404416316	0.5595583684	0.7993290635	0.7281250667
0.4414426126	0.5585573874	0.800277209	0.7274445805
0.4424435936	0.5575564064	0.8012222752	0.7267649858
0.4434445746	0.5565554254	0.8021642666	0.7260862831
0.4444455556	0.5555544444	0.8031031877	0.7254084725
0.4454465365	0.5545534635	0.8040390431	0.7247315544
0.4464475175	0.5535524825	0.8049718373	0.7240555289
0.4474484985	0.5525515015	0.805901575	0.7233803964
0.4484494795	0.5515505205	0.8068282608	0.7227061569
0.4494504605	0.5505495395	0.8077518994	0.7220328108
0.4504514414	0.5495485586	0.8086724955	0.7213603581
0.4514524224	0.5485475776	0.8095900538	0.7206887989
0.4524534034	0.5475465966	0.810504579	0.7200181335
0.4534543844	0.5465456156	0.8114160761	0.7193483619
0.4544553654	0.5455446346	0.8123245497	0.7186794841
0.4554563463	0.5445436537	0.8132300047	0.7180115004
0.4564573273	0.5435426727	0.814132446	0.7173444106
0.4574583083	0.5425416917	0.8150318784	0.7166782149
0.4584592893	0.5415407107	0.8159283069	0.7160129132
0.4594602703	0.5405397297	0.8168217364	0.7153485056
0.4604612513	0.5395387487	0.8177121719	0.714684992
0.4614622322	0.5385377678	0.8185996183	0.7140223724
0.4624632132	0.5375367868	0.8194840807	0.7133606467
0.4634641942	0.5365358058	0.820365564	0.7126998148
0.4644651752	0.5355348248	0.8212440734	0.7120398768
0.4654661562	0.5345338438	0.8221196138	0.7113808324
0.4664671371	0.5335328629	0.8229921905	0.7107226815
0.4674681181	0.5325318819	0.8238618084	0.7100654241
0.4684690991	0.5315309009	0.8247284728	0.7094090598
0.4694700801	0.5305299199	0.8255921887	0.7087535887
0.4704710611	0.5295289389	0.8264529614	0.7080990105
0.471472042	0.528527958	0.8273107961	0.7074453249
0.472473023	0.527526977	0.828165698	0.7067925318
0.473474004	0.526525996	0.8290176722	0.706140631
0.474474985	0.525525015	0.8298667241	0.7054896222
0.475475966	0.524524034	0.8307128588	0.7048395052
0.4764769469	0.5235230531	0.8315560818	0.7041902796
0.4774779279	0.5225220721	0.8323963983	0.7035419452
0.4784789089	0.5215210911	0.8332338136	0.7028945017
0.4794798899	0.5205201101	0.8340683331	0.7022479487
0.4804808709	0.5195191291	0.834899962	0.7016022861
0.4814818519	0.5185181481	0.8357287058	0.7009575133
0.4824828328	0.5175171672	0.8365545699	0.7003136301
0.4834838138	0.5165161862	0.8373775597	0.699670636
0.4844847948	0.5155152052	0.8381976805	0.6990285308
0.4854857758	0.5145142242	0.8390149378	0.698387314
0.4864867568	0.5135132432	0.839829337	0.6977469851
0.4874877377	0.5125122623	0.8406408836	0.6971075439
0.4884887187	0.5115112813	0.8414495831	0.6964689898
0.4894896997	0.5105103003	0.8422554409	0.6958313225
0.4904906807	0.5095093193	0.8430584626	0.6951945414
0.4914916617	0.5085083383	0.8438586536	0.6945586461
0.4924926426	0.5075073574	0.8446560195	0.6939236361
0.4934936236	0.5065063764	0.8454505658	0.693289511
0.4944946046	0.5055053954	0.846242298	0.6926562702
0.4954955856	0.5045044144	0.8470312218	0.6920239132
0.4964965666	0.5035034334	0.8478173426	0.6913924395
0.4974975475	0.5025024525	0.8486006661	0.6907618485
0.4984985285	0.5015014715	0.8493811978	0.6901321398
0.4994995095	0.5005004905	0.8501589434	0.6895033128
0.5005004905	0.4994995095	0.8509339084	0.6888753668
0.5015014715	0.4984985285	0.8517060985	0.6882483014
0.5025024525	0.4974975475	0.8524755193	0.6876221159
0.5035034334	0.4964965666	0.8532421764	0.6869968097
0.5045044144	0.4954955856	0.8540060756	0.6863723823
0.5055053954	0.4944946046	0.8547672223	0.685748833
0.5065063764	0.4934936236	0.8555256224	0.6851261612
0.5075073574	0.4924926426	0.8562812815	0.6845043663
0.5085083383	0.4914916617	0.8570342053	0.6838834476
0.5095093193	0.4904906807	0.8577843994	0.6832634045
0.5105103003	0.4894896997	0.8585318696	0.6826442362
0.5115112813	0.4884887187	0.8592766216	0.6820259422
0.5125122623	0.4874877377	0.860018661	0.6814085217
0.5135132432	0.4864867568	0.8607579936	0.6807919741
0.5145142242	0.4854857758	0.8614946252	0.6801762987
0.5155152052	0.4844847948	0.8622285614	0.6795614947
0.5165161862	0.4834838138	0.862959808	0.6789475615
0.5175171672	0.4824828328	0.8636883707	0.6783344982
0.5185181481	0.4814818519	0.8644142553	0.6777223043
0.5195191291	0.4804808709	0.8651374676	0.6771109789
0.5205201101	0.4794798899	0.8658580132	0.6765005213
0.5215210911	0.4784789089	0.8665758981	0.6758909308
0.5225220721	0.4774779279	0.8672911278	0.6752822066
0.5235230531	0.4764769469	0.8680037083	0.6746743478
0.524524034	0.475475966	0.8687136453	0.6740673538
0.525525015	0.474474985	0.8694209445	0.6734612237
0.526525996	0.473474004	0.8701256119	0.6728559568
0.527526977	0.472473023	0.870827653	0.6722515523
0.528527958	0.471472042	0.8715270738	0.6716480093
0.5295289389	0.4704710611	0.8722238801	0.671045327
0.5305299199	0.4694700801	0.8729180776	0.6704435047
0.5315309009	0.4684690991	0.8736096722	0.6698425414
0.5325318819	0.4674681181	0.8742986696	0.6692424364
0.5335328629	0.4664671371	0.8749850757	0.6686431887
0.5345338438	0.4654661562	0.8756688963	0.6680447977
0.5355348248	0.4644651752	0.8763501372	0.6674472623
0.5365358058	0.4634641942	0.8770288042	0.6668505818
0.5375367868	0.4624632132	0.8777049031	0.6662547553
0.5385377678	0.4614622322	0.8783784398	0.6656597819
0.5395387487	0.4604612513	0.87904942	0.6650656607
0.5405397297	0.4594602703	0.8797178497	0.6644723908
0.5415407107	0.4584592893	0.8803837345	0.6638799714
0.5425416917	0.4574583083	0.8810470805	0.6632884016
0.5435426727	0.4564573273	0.8817078933	0.6626976804
0.5445436537	0.4554563463	0.8823661788	0.6621078069
0.5455446346	0.4544553654	0.8830219428	0.6615187803
0.5465456156	0.4534543844	0.8836751911	0.6609305996
0.5475465966	0.4524534034	0.8843259297	0.6603432639
0.5485475776	0.4514524224	0.8849741642	0.6597567722
0.5495485586	0.4504514414	0.8856199006	0.6591711237
0.5505495395	0.4494504605	0.8862631447	0.6585863173
0.5515505205	0.4484494795	0.8869039022	0.6580023522
0.5525515015	0.4474484985	0.8875421791	0.6574192273
0.5535524825	0.4464475175	0.8881779811	0.6568369418
0.5545534635	0.4454465365	0.888811314	0.6562554947
0.5555544444	0.4444455556	0.8894421838	0.6556748849
0.5565554254	0.4434445746	0.8900705961	0.6550951116
0.5575564064	0.4424435936	0.8906965569	0.6545161738
0.5585573874	0.4414426126	0.8913200719	0.6539380705
0.5595583684	0.4404416316	0.891941147	0.6533608007
0.5605593493	0.4394406507	0.892559788	0.6527843634
0.5615603303	0.4384396697	0.8931760007	0.6522087576
0.5625613113	0.4374386887	0.8937897908	0.6516339823
0.5635622923	0.4364377077	0.8944011643	0.6510600366
0.5645632733	0.4354367267	0.8950101269	0.6504869194
0.5655642543	0.4344357457	0.8956166844	0.6499146298
0.5665652352	0.4334347648	0.8962208426	0.6493431666
0.5675662162	0.4324337838	0.8968226074	0.648772529
0.5685671972	0.4314328028	0.8974219845	0.6482027158
0.5695681782	0.4304318218	0.8980189797	0.6476337261
0.5705691592	0.4294308408	0.8986135988	0.6470655589
0.5715701401	0.4284298599	0.8992058476	0.646498213
0.5725711211	0.4274288789	0.8997957319	0.6459316875
0.5735721021	0.4264278979	0.9003832574	0.6453659813
0.5745730831	0.4254269169	0.9009684299	0.6448010934
0.5755740641	0.4244259359	0.9015512553	0.6442370228
0.576575045	0.423424955	0.9021317392	0.6436737683
0.577576026	0.422423974	0.9027098875	0.6431113291
0.578577007	0.421422993	0.9032857058	0.6425497039
0.579577988	0.420422012	0.9038592	0.6419888917
0.580578969	0.419421031	0.9044303759	0.6414288916
0.5815799499	0.4184200501	0.904999239	0.6408697023
0.5825809309	0.4174190691	0.9055657953	0.6403113229
0.5835819119	0.4164180881	0.9061300504	0.6397537523
0.5845828929	0.4154171071	0.9066920101	0.6391969895
0.5855838739	0.4144161261	0.9072516801	0.6386410332
0.5865848549	0.4134151451	0.9078090661	0.6380858826
0.5875858358	0.4124141642	0.9083641739	0.6375315364
0.5885868168	0.4114131832	0.9089170091	0.6369779936
0.5895877978	0.4104122022	0.9094675775	0.6364252532
0.5905887788	0.4094112212	0.9100158848	0.635873314
0.5915897598	0.4084102402	0.9105619366	0.6353221749
0.5925907407	0.4074092593	0.9111057387	0.6347718349
0.5935917217	0.4064082783	0.9116472968	0.6342222929
0.5945927027	0.4054072973	0.9121866165	0.6336735478
0.5955936837	0.4044063163	0.9127237035	0.6331255984
0.5965946647	0.4034053353	0.9132585635	0.6325784437
0.5975956456	0.4024043544	0.9137912022	0.6320320825
0.5985966266	0.4014033734	0.9143216252	0.6314865138
0.5995976076	0.4004023924	0.9148498381	0.6309417365
0.6005985886	0.3994014114	0.9153758467	0.6303977494
0.6015995696	0.3984004304	0.9158996565	0.6298545515
0.6026005506	0.3973994494	0.9164212731	0.6293121416
0.6036015315	0.3963984685	0.9169407023	0.6287705187
0.6046025125	0.3953974875	0.9174579497	0.6282296815
0.6056034935	0.3943965065	0.9179730208	0.627689629
0.6066044745	0.3933955255	0.9184859212	0.6271503601
0.6076054555	0.3923945445	0.9189966566	0.6266118736
0.6086064364	0.3913935636	0.9195052326	0.6260741684
0.6096074174	0.3903925826	0.9200116547	0.6255372434
0.6106083984	0.3893916016	0.9205159285	0.6250010975
0.6116093794	0.3883906206	0.9210180596	0.6244657296
0.6126103604	0.3873896396	0.9215180536	0.6239311385
0.6136113413	0.3863886587	0.9220159161	0.623397323
0.6146123223	0.3853876777	0.9225116525	0.6228642821
0.6156133033	0.3843866967	0.9230052684	0.6223320147
0.6166142843	0.3833857157	0.9234967694	0.6218005195
0.6176152653	0.3823847347	0.923986161	0.6212697955
0.6186162462	0.3813837538	0.9244734487	0.6207398415
0.6196172272	0.3803827728	0.924958638	0.6202106564
0.6206182082	0.3793817918	0.9254417345	0.619682239
0.6216191892	0.3783808108	0.9259227436	0.6191545882
0.6226201702	0.3773798298	0.9264016709	0.6186277029
0.6236211512	0.3763788488	0.9268785218	0.618101582
0.6246221321	0.3753778679	0.9273533018	0.6175762242
0.6256231131	0.3743768869	0.9278260163	0.6170516284
0.6266240941	0.3733759059	0.9282966709	0.6165277935
0.6276250751	0.3723749249	0.928765271	0.6160047184
0.6286260561	0.3713739439	0.929231822	0.6154824019
0.629627037	0.370372963	0.9296963294	0.6149608428
0.630628018	0.369371982	0.9301587985	0.6144400401
0.631628999	0.368371001	0.9306192349	0.6139199925
0.63262998	0.36737002	0.9310776439	0.6134006989
0.633630961	0.366369039	0.931534031	0.6128821582
0.6346319419	0.3653680581	0.9319884015	0.6123643692
0.6356329229	0.3643670771	0.9324407608	0.6118473307
0.6366339039	0.3633660961	0.9328911143	0.6113310416
0.6376348849	0.3623651151	0.9333394674	0.6108155008
0.6386358659	0.3613641341	0.9337858255	0.6103007071
0.6396368468	0.3603631532	0.9342301938	0.6097866594
0.6406378278	0.3593621722	0.9346725778	0.6092733564
0.6416388088	0.3583611912	0.9351129827	0.6087607971
0.6426397898	0.3573602102	0.9355514139	0.6082489803
0.6436407708	0.3563592292	0.9359878768	0.6077379048
0.6446417518	0.3553582482	0.9364223766	0.6072275695
0.6456427327	0.3543572673	0.9368549186	0.6067179732
0.6466437137	0.3533562863	0.9372855082	0.6062091147
0.6476446947	0.3523553053	0.9377141505	0.605700993
0.6486456757	0.3513543243	0.938140851	0.6051936069
0.6496466567	0.3503533433	0.9385656148	0.6046869551
0.6506476376	0.3493523624	0.9389884472	0.6041810365
0.6516486186	0.3483513814	0.9394093535	0.6036758501
0.6526495996	0.3473504004	0.9398283389	0.6031713946
0.6536505806	0.3463494194	0.9402454086	0.6026676688
0.6546515616	0.3453484384	0.9406605678	0.6021646717
0.6556525425	0.3443474575	0.9410738218	0.601662402
0.6566535235	0.3433464765	0.9414851758	0.6011608586
0.6576545045	0.3423454955	0.941894635	0.6006600404
0.6586554855	0.3413445145	0.9423022044	0.6001599462
0.6596564665	0.3403435335	0.9427078894	0.5996605747
0.6606574474	0.3393425526	0.9431116951	0.599161925
0.6616584284	0.3383415716	0.9435136266	0.5986639957
0.6626594094	0.3373405906	0.9439136891	0.5981667859
0.6636603904	0.3363396096	0.9443118877	0.5976702942
0.6646613714	0.3353386286	0.9447082275	0.5971745195
0.6656623524	0.3343376476	0.9451027137	0.5966794608
0.6666633333	0.3333366667	0.9454953514	0.5961851168
0.6676643143	0.3323356857	0.9458861456	0.5956914864
0.6686652953	0.3313347047	0.9462751016	0.5951985683
0.6696662763	0.3303337237	0.9466622242	0.5947063616
0.6706672573	0.3293327427	0.9470475187	0.594214865
0.6716682382	0.3283317618	0.94743099	0.5937240773
0.6726692192	0.3273307808	0.9478126433	0.5932339974
0.6736702002	0.3263297998	0.9481924835	0.5927446242
0.6746711812	0.3253288188	0.9485705157	0.5922559565
0.6756721622	0.3243278378	0.9489467449	0.5917679931
0.6766731431	0.3233268569	0.9493211762	0.5912807329
0.6776741241	0.3223258759	0.9496938145	0.5907941747
0.6786751051	0.3213248949	0.9500646648	0.5903083174
0.6796760861	0.3203239139	0.9504337321	0.5898231599
0.6806770671	0.3193229329	0.9508010214	0.589338701
0.681678048	0.318321952	0.9511665376	0.5888549394
0.682679029	0.317320971	0.9515302858	0.5883718742
0.68368001	0.31631999	0.9518922707	0.5878895041
0.684680991	0.315319009	0.9522524975	0.587407828
0.685681972	0.314318028	0.9526109709	0.5869268447
0.686682953	0.313317047	0.9529676959	0.5864465531
0.6876839339	0.3123160661	0.9533226775	0.5859669521
0.6886849149	0.3113150851	0.9536759204	0.5854880405
0.6896858959	0.3103141041	0.9540274296	0.5850098171
0.6906868769	0.3093131231	0.95437721	0.5845322808
0.6916878579	0.3083121421	0.9547252664	0.5840554305
0.6926888388	0.3073111612	0.9550716037	0.583579265
0.6936898198	0.3063101802	0.9554162267	0.5831037832
0.6946908008	0.3053091992	0.9557591403	0.5826289839
0.6956917818	0.3043082182	0.9561003492	0.582154866
0.6966927628	0.3033072372	0.9564398583	0.5816814283
0.6976937437	0.3023062563	0.9567776724	0.5812086698
0.6986947247	0.3013052753	0.9571137963	0.5807365893
0.6996957057	0.3003042943	0.9574482348	0.5802651856
0.7006966867	0.2993033133	0.9577809926	0.5797944576
0.7016976677	0.2983023323	0.9581120745	0.5793244041
0.7026986486	0.2973013514	0.9584414853	0.5788550241
0.7036996296	0.2963003704	0.9587692296	0.5783863164
0.7047006106	0.2952993894	0.9590953123	0.5779182798
0.7057015916	0.2942984084	0.959419738	0.5774509133
0.7067025726	0.2932974274	0.9597425115	0.5769842156
0.7077035536	0.2922964464	0.9600636375	0.5765181857
0.7087045345	0.2912954655	0.9603831206	0.5760528225
0.7097055155	0.2902944845	0.9607009656	0.5755881247
0.7107064965	0.2892935035	0.961017177	0.5751240914
0.7117074775	0.2882925225	0.9613317596	0.5746607212
0.7127084585	0.2872915415	0.9616447181	0.5741980132
0.7137094394	0.2862905606	0.961956057	0.5737359662
0.7147104204	0.2852895796	0.962265781	0.5732745791
0.7157114014	0.2842885986	0.9625738947	0.5728138507
0.7167123824	0.2832876176	0.9628804027	0.57235378
0.7177133634	0.2822866366	0.9631853096	0.5718943657
0.7187143443	0.2812856557	0.96348862	0.5714356068
0.7197153253	0.2802846747	0.9637903385	0.5709775022
0.7207163063	0.2792836937	0.9640904697	0.5705200508
0.7217172873	0.2782827127	0.9643890181	0.5700632513
0.7227182683	0.2772817317	0.9646859882	0.5696071028
0.7237192492	0.2762807508	0.9649813847	0.5691516041
0.7247202302	0.2752797698	0.9652752119	0.5686967541
0.7257212112	0.2742787888	0.9655674745	0.5682425516
0.7267221922	0.2732778078	0.965858177	0.5677889956
0.7277231732	0.2722768268	0.9661473238	0.567336085
0.7287241542	0.2712758458	0.9664349194	0.5668838186
0.7297251351	0.2702748649	0.9667209684	0.5664321953
0.7307261161	0.2692738839	0.9670054751	0.5659812141
0.7317270971	0.2682729029	0.967288444	0.5655308738
0.7327280781	0.2672719219	0.9675698796	0.5650811733
0.7337290591	0.2662709409	0.9678497864	0.5646321115
0.73473004	0.26526996	0.9681281686	0.5641836873
0.735731021	0.264268979	0.9684050309	0.5637358996
0.736732002	0.263267998	0.9686803774	0.5632887474
0.737732983	0.262267017	0.9689542128	0.5628422294
0.738733964	0.261266036	0.9692265412	0.5623963447
0.7397349449	0.2602650551	0.9694973672	0.5619510921
0.7407359259	0.2592640741	0.969766695	0.5615064705
0.7417369069	0.2582630931	0.9700345291	0.5610624789
0.7427378879	0.2572621121	0.9703008737	0.5606191161
0.7437388689	0.2562611311	0.9705657332	0.560176381
0.7447398498	0.2552601502	0.970829112	0.5597342726
0.7457408308	0.2542591692	0.9710910142	0.5592927898
0.7467418118	0.2532581882	0.9713514444	0.5588519315
0.7477427928	0.2522572072	0.9716104066	0.5584116966
0.7487437738	0.2512562262	0.9718679053	0.5579720839
0.7497447548	0.2502552452	0.9721239446	0.5575330925
0.7507457357	0.2492542643	0.9723785289	0.5570947213
0.7517467167	0.2482532833	0.9726316624	0.5566569691
0.7527476977	0.2472523023	0.9728833493	0.556219835
0.7537486787	0.2462513213	0.9731335939	0.5557833177
0.7547496597	0.2452503403	0.9733824003	0.5553474163
0.7557506406	0.2442493594	0.9736297729	0.5549121296
0.7567516216	0.2432483784	0.9738757157	0.5544774567
0.7577526026	0.2422473974	0.9741202331	0.5540433963
0.7587535836	0.2412464164	0.9743633291	0.5536099475
0.7597545646	0.2402454354	0.9746050079	0.5531771092
0.7607555455	0.2392444545	0.9748452738	0.5527448803
0.7617565265	0.2382434735	0.9750841308	0.5523132597
0.7627575075	0.2372424925	0.975321583	0.5518822464
0.7637584885	0.2362415115	0.9755576347	0.5514518393
0.7647594695	0.2352405305	0.97579229	0.5510220374
0.7657604505	0.2342395495	0.9760255528	0.5505928396
0.7667614314	0.2332385686	0.9762574274	0.5501642448
0.7677624124	0.2322375876	0.9764879179	0.5497362519
0.7687633934	0.2312366066	0.9767170282	0.54930886
0.7697643744	0.2302356256	0.9769447625	0.548882068
0.7707653554	0.2292346446	0.9771711249	0.5484558748
0.7717663363	0.2282336637	0.9773961193	0.5480302793
0.7727673173	0.2272326827	0.9776197499	0.5476052805
0.7737682983	0.2262317017	0.9778420206	0.5471808774
0.7747692793	0.2252307207	0.9780629355	0.5467570689
0.7757702603	0.2242297397	0.9782824986	0.546333854
0.7767712412	0.2232287588	0.9785007139	0.5459112316
0.7777722222	0.2222277778	0.9787175853	0.5454892006
0.7787732032	0.2212267968	0.9789331168	0.5450677601
0.7797741842	0.2202258158	0.9791473125	0.544646909
0.7807751652	0.2192248348	0.9793601763	0.5442266463
0.7817761461	0.2182238539	0.9795717121	0.5438069708
0.7827771271	0.2172228729	0.9797819238	0.5433878817
0.7837781081	0.2162218919	0.9799908154	0.5429693778
0.7847790891	0.2152209109	0.9801983909	0.5425514581
0.7857800701	0.2142199299	0.980404654	0.5421341216
0.7867810511	0.2132189489	0.9806096088	0.5417173672
0.787782032	0.212217968	0.9808132591	0.541301194
0.788783013	0.211216987	0.9810156087	0.5408856009
0.789783994	0.210216006	0.9812166616	0.5404705868
0.790784975	0.209215025	0.9814164217	0.5400561508
0.791785956	0.208214044	0.9816148927	0.5396422919
0.7927869369	0.2072130631	0.9818120785	0.5392290089
0.7937879179	0.2062120821	0.9820079829	0.5388163009
0.7947888989	0.2052111011	0.9822026098	0.5384041669
0.7957898799	0.2042101201	0.982395963	0.5379926059
0.7967908609	0.2032091391	0.9825880462	0.5375816168
0.7977918418	0.2022081582	0.9827788633	0.5371711986
0.7987928228	0.2012071772	0.9829684181	0.5367613504
0.7997938038	0.2002061962	0.9831567142	0.5363520711
0.8007947848	0.1992052152	0.9833437556	0.5359433596
0.8017957658	0.1982042342	0.9835295458	0.5355352151
0.8027967467	0.1972032533	0.9837140888	0.5351276364
0.8037977277	0.1962022723	0.9838973881	0.5347206227
0.8047987087	0.1952012913	0.9840794476	0.5343141728
0.8057996897	0.1942003103	0.9842602709	0.5339082858
0.8068006707	0.1931993293	0.9844398617	0.5335029607
0.8078016517	0.1921983483	0.9846182238	0.5330981964
0.8088026326	0.1911973674	0.9847953609	0.5326939921
0.8098036136	0.1901963864	0.9849712765	0.5322903467
0.8108045946	0.1891954054	0.9851459744	0.5318872592
0.8118055756	0.1881944244	0.9853194582	0.5314847285
0.8128065566	0.1871934434	0.9854917316	0.5310827539
0.8138075375	0.1861924625	0.9856627982	0.5306813341
0.8148085185	0.1851914815	0.9858326616	0.5302804683
0.8158094995	0.1841905005	0.9860013255	0.5298801555
0.8168104805	0.1831895195	0.9861687935	0.5294803947
0.8178114615	0.1821885385	0.9863350691	0.5290811849
0.8188124424	0.1811875576	0.9865001559	0.5286825251
0.8198134234	0.1801865766	0.9866640576	0.5282844143
0.8208144044	0.1791855956	0.9868267777	0.5278868516
0.8218153854	0.1781846146	0.9869883198	0.5274898361
0.8228163664	0.1771836336	0.9871486874	0.5270933666
0.8238173473	0.1761826527	0.9873078841	0.5266974423
0.8248183283	0.1751816717	0.9874659133	0.5263020622
0.8258193093	0.1741806907	0.9876227787	0.5259072253
0.8268202903	0.1731797097	0.9877784837	0.5255129306
0.8278212713	0.1721787287	0.9879330318	0.5251191772
0.8288222523	0.1711777477	0.9880864266	0.5247259642
0.8298232332	0.1701767668	0.9882386715	0.5243332905
0.8308242142	0.1691757858	0.98838977	0.5239411552
0.8318251952	0.1681748048	0.9885397255	0.5235495573
0.8328261762	0.1671738238	0.9886885416	0.523158496
0.8338271572	0.1661728428	0.9888362217	0.5227679701
0.8348281381	0.1651718619	0.9889827692	0.5223779788
0.8358291191	0.1641708809	0.9891281876	0.5219885212
0.8368301001	0.1631698999	0.9892724802	0.5215995962
0.8378310811	0.1621689189	0.9894156505	0.5212112029
0.8388320621	0.1611679379	0.9895577019	0.5208233404
0.839833043	0.160166957	0.9896986378	0.5204360078
0.840834024	0.159165976	0.9898384615	0.520049204
0.841835005	0.158164995	0.9899771765	0.5196629282
0.842835986	0.157164014	0.9901147862	0.5192771793
0.843836967	0.156163033	0.9902512938	0.5188919565
0.8448379479	0.1551620521	0.9903867027	0.5185072589
0.8458389289	0.1541610711	0.9905210163	0.5181230854
0.8468399099	0.1531600901	0.9906542379	0.5177394352
0.8478408909	0.1521591091	0.9907863708	0.5173563074
0.8488418719	0.1511581281	0.9909174183	0.5169737009
0.8498428529	0.1501571471	0.9910473838	0.5165916149
0.8508438338	0.1491561662	0.9911762706	0.5162100484
0.8518448148	0.1481551852	0.9913040818	0.5158290005
0.8528457958	0.1471542042	0.9914308209	0.5154484703
0.8538467768	0.1461532232	0.991556491	0.5150684568
0.8548477578	0.1451522422	0.9916810955	0.5146889592
0.8558487387	0.1441512613	0.9918046375	0.5143099766
0.8568497197	0.1431502803	0.9919271204	0.5139315079
0.8578507007	0.1421492993	0.9920485473	0.5135535523
0.8588516817	0.1411483183	0.9921689215	0.5131761089
0.8598526627	0.1401473373	0.9922882463	0.5127991767
0.8608536436	0.1391463564	0.9924065247	0.5124227549
0.8618546246	0.1381453754	0.99252376	0.5120468425
0.8628556056	0.1371443944	0.9926399555	0.5116714386
0.8638565866	0.1361434134	0.9927551142	0.5112965424
0.8648575676	0.1351424324	0.9928692394	0.5109221529
0.8658585485	0.1341414515	0.9929823342	0.5105482692
0.8668595295	0.1331404705	0.9930944017	0.5101748904
0.8678605105	0.1321394895	0.9932054452	0.5098020156
0.8688614915	0.1311385085	0.9933154678	0.5094296439
0.8698624725	0.1301375275	0.9934244725	0.5090577745
0.8708634535	0.1291365465	0.9935324626	0.5086864064
0.8718644344	0.1281355656	0.9936394411	0.5083155387
0.8728654154	0.1271345846	0.9937454111	0.5079451705
0.8738663964	0.1261336036	0.9938503757	0.507575301
0.8748673774	0.1251326226	0.993954338	0.5072059292
0.8758683584	0.1241316416	0.9940573011	0.5068370543
0.8768693393	0.1231306607	0.9941592681	0.5064686754
0.8778703203	0.1221296797	0.994260242	0.5061007915
0.8788713013	0.1211286987	0.9943602259	0.5057334019
0.8798722823	0.1201277177	0.9944592228	0.5053665057
0.8808732633	0.1191267367	0.9945572357	0.5050001019
0.8818742442	0.1181257558	0.9946542677	0.5046341896
0.8828752252	0.1171247748	0.9947503219	0.5042687681
0.8838762062	0.1161237938	0.9948454011	0.5039038364
0.8848771872	0.1151228128	0.9949395085	0.5035393937
0.8858781682	0.1141218318	0.9950326469	0.503175439
0.8868791491	0.1131208509	0.9951248195	0.5028119716
0.8878801301	0.1121198699	0.9952160291	0.5024489905
0.8888811111	0.1111188889	0.9953062788	0.5020864948
0.8898820921	0.1101179079	0.9953955715	0.5017244839
0.8908830731	0.1091169269	0.9954839102	0.5013629566
0.8918840541	0.1081159459	0.9955712977	0.5010019123
0.892885035	0.107114965	0.9956577371	0.5006413499
0.893886016	0.106113984	0.9957432313	0.5002812688
0.894886997	0.105113003	0.9958277832	0.499921668
0.895887978	0.104112022	0.9959113956	0.4995625466
0.896888959	0.103111041	0.9959940716	0.4992039039
0.8978899399	0.1021100601	0.996075814	0.4988457389
0.8988909209	0.1011090791	0.9961566257	0.4984880508
0.8998919019	0.1001080981	0.9962365096	0.4981308388
0.9008928829	0.09910711712	0.9963154685	0.497774102
0.9018938639	0.09810613614	0.9963935053	0.4974178395
0.9028948448	0.09710515516	0.9964706229	0.4970620506
0.9038958258	0.09610417417	0.996546824	0.4967067344
0.9048968068	0.09510319319	0.9966221117	0.49635189
0.9058977878	0.09410221221	0.9966964886	0.4959975166
0.9068987688	0.09310123123	0.9967699577	0.4956436133
0.9078997497	0.09210025025	0.9968425217	0.4952901794
0.9089007307	0.09109926927	0.9969141834	0.494937214
0.9099017117	0.09009828829	0.9969849457	0.4945847162
0.9109026927	0.08909730731	0.9970548113	0.4942326853
0.9119036737	0.08809632633	0.997123783	0.4938811204
0.9129046547	0.08709534535	0.9971918636	0.4935300206
0.9139056356	0.08609436436	0.9972590558	0.4931793852
0.9149066166	0.08509338338	0.9973253625	0.4928292133
0.9159075976	0.0840924024	0.9973907864	0.4924795041
0.9169085786	0.08309142142	0.9974553302	0.4921302568
0.9179095596	0.08209044044	0.9975189967	0.4917814705
0.9189105405	0.08108945946	0.9975817885	0.4914331445
0.9199115215	0.08008847848	0.9976437085	0.4910852778
0.9209125025	0.0790874975	0.9977047593	0.4907378698
0.9219134835	0.07808651652	0.9977649437	0.4903909196
0.9229144645	0.07708553554	0.9978242643	0.4900444263
0.9239154454	0.07608455455	0.9978827238	0.4896983893
0.9249164264	0.07508357357	0.9979403249	0.4893528075
0.9259174074	0.07408259259	0.9979970704	0.4890076804
0.9269183884	0.07308161161	0.9980529628	0.4886630069
0.9279193694	0.07208063063	0.9981080048	0.4883187864
0.9289203504	0.07107964965	0.9981621991	0.4879750181
0.9299213313	0.07007866867	0.9982155484	0.487631701
0.9309223123	0.06907768769	0.9982680552	0.4872888345
0.9319232933	0.06807670671	0.9983197222	0.4869464178
0.9329242743	0.06707572573	0.9983705521	0.48660445
0.9339252553	0.06607474474	0.9984205474	0.4862629303
0.9349262362	0.06507376376	0.9984697107	0.4859218579
0.9359272172	0.06407278278	0.9985180447	0.4855812322
0.9369281982	0.0630718018	0.998565552	0.4852410522
0.9379291792	0.06207082082	0.9986122351	0.4849013171
0.9389301602	0.06106983984	0.9986580966	0.4845620263
0.9399311411	0.06006885886	0.9987031391	0.4842231788
0.9409321221	0.05906787788	0.9987473652	0.483884774
0.9419331031	0.0580668969	0.9987907773	0.483546811
0.9429340841	0.05706591592	0.9988333782	0.4832092891
0.9439350651	0.05606493493	0.9988751703	0.4828722074
0.944936046	0.05506395395	0.9989161561	0.4825355653
0.945937027	0.05406297297	0.9989563382	0.4821993618
0.946938008	0.05306199199	0.9989957191	0.4818635963
0.947938989	0.05206101101	0.9990343013	0.4815282679
0.94893997	0.05106003003	0.9990720874	0.481193376
0.949940951	0.05005904905	0.9991090798	0.4808589197
0.9509419319	0.04905806807	0.999145281	0.4805248982
0.9519429129	0.04805708709	0.9991806935	0.4801913108
0.9529438939	0.04705610611	0.9992153198	0.4798581568
0.9539448749	0.04605512513	0.9992491623	0.4795254353
0.9549458559	0.04505414414	0.9992822236	0.4791931456
0.9559468368	0.04405316316	0.999314506	0.4788612869
0.9569478178	0.04305218218	0.9993460121	0.4785298585
0.9579487988	0.0420512012	0.9993767443	0.4781988596
0.9589497798	0.04105022022	0.999406705	0.4778682894
0.9599507608	0.04004923924	0.9994358966	0.4775381472
0.9609517417	0.03904825826	0.9994643217	0.4772084323
0.9619527227	0.03804727728	0.9994919824	0.4768791439
0.9629537037	0.0370462963	0.9995188814	0.4765502812
0.9639546847	0.03604531532	0.999545021	0.4762218435
0.9649556657	0.03504433433	0.9995704036	0.4758938301
0.9659566466	0.03404335335	0.9995950316	0.4755662401
0.9669576276	0.03304237237	0.9996189073	0.4752390729
0.9679586086	0.03204139139	0.9996420332	0.4749123277
0.9689595896	0.03104041041	0.9996644116	0.4745860037
0.9699605706	0.03003942943	0.9996860449	0.4742601002
0.9709615516	0.02903844845	0.9997069354	0.4739346166
0.9719625325	0.02803746747	0.9997270854	0.473609552
0.9729635135	0.02703648649	0.9997464974	0.4732849056
0.9739644945	0.02603550551	0.9997651737	0.4729606769
0.9749654755	0.02503452452	0.9997831165	0.4726368649
0.9759664565	0.02403354354	0.9998003282	0.4723134691
0.9769674374	0.02303256256	0.9998168111	0.4719904887
0.9779684184	0.02203158158	0.9998325676	0.4716679229
0.9789693994	0.0210306006	0.9998475999	0.4713457709
0.9799703804	0.02002961962	0.9998619103	0.4710240322
0.9809713614	0.01902863864	0.9998755011	0.470702706
0.9819723423	0.01802765766	0.9998883746	0.4703817914
0.9829733233	0.01702667668	0.9999005331	0.4700612879
0.9839743043	0.0160256957	0.9999119788	0.4697411947
0.9849752853	0.01502471471	0.999922714	0.4694215111
0.9859762663	0.01402373373	0.999932741	0.4691022363
0.9869772472	0.01302275275	0.9999420619	0.4687833696
0.9879782282	0.01202177177	0.9999506791	0.4684649104
0.9889792092	0.01102079079	0.9999585948	0.4681468579
0.9899801902	0.01001980981	0.9999658112	0.4678292114
0.9909811712	0.009018828829	0.9999723305	0.4675119701
0.9919821522	0.008017847848	0.999978155	0.4671951335
0.9929831331	0.007016866867	0.9999832868	0.4668787007
0.9939841141	0.006015885886	0.9999877282	0.466562671
0.9949850951	0.005014904905	0.9999914813	0.4662470439
0.9959860761	0.004013923924	0.9999945484	0.4659318184
0.9969870571	0.003012942943	0.9999969317	0.465616994
0.997988038	0.002011961962	0.9999986332	0.46530257
0.998989019	0.001010980981	0.9999996553	0.4649885456
0.99999	1e-05	1	0.4646749202
