1e-05	0.99999	0.4141464995	1.000000002
0.001010980981	0.998989019	0.3960169075	1.000022701
0.002011961962	0.997988038	0.3794274879	1.000087326
0.003012942943	0.9969870571	0.3642201634	1.000190219
0.004013923924	0.9959860761	0.3502561335	1.000327947
0.005014904905	0.9949850951	0.3374132005	1.000497284
0.006015885886	0.9939841141	0.3255835073	1.000695199
0.007016866867	0.9929831331	0.3146716178	1.000918846
0.008017847848	0.9919821522	0.3045928839	1.001165549
0.009018828829	0.9909811712	0.2952720511	1.001432791
0.01001980981	0.9899801902	0.2866420651	1.001718208
0.01102079079	0.9889792092	0.2786430484	1.002019578
0.01202177177	0.9879782282	0.2712214189	1.00233481
0.01302275275	0.9869772472	0.2643291294	1.002661939
0.01402373373	0.9859762663	0.2579230106	1.002999118
0.01502471471	0.9849752853	0.2519642009	1.003344609
0.0160256957	0.9839743043	0.2464176511	1.00369678
0.01702667668	0.9829733233	0.2412516932	1.004054096
0.01802765766	0.9819723423	0.2364376632	1.004415116
0.01902863864	0.9809713614	0.2319495723	1.004778484
0.02002961962	0.9799703804	0.2277638176	1.005142928
0.0210306006	0.9789693994	0.2238589285	1.005507253
0.02203158158	0.9779684184	0.2202153434	1.005870336
0.02303256256	0.9769674374	0.2168152125	1.006231126
0.02403354354	0.9759664565	0.2136422238	1.006588636
0.02503452452	0.9749654755	0.2106814492	1.006941939
0.02603550551	0.9739644945	0.2079192073	1.00729017
0.02703648649	0.9729635135	0.2053429428	1.007632516
0.02803746747	0.9719625325	0.2029411175	1.007968218
0.02903844845	0.9709615516	0.2007031147	1.008296566
0.03003942943	0.9699605706	0.1986191529	1.008616896
0.03104041041	0.9689595896	0.1966802087	1.00892859
0.03204139139	0.9679586086	0.1948779485	1.009231071
0.03304237237	0.9669576276	0.1932046659	1.0095238
0.03404335335	0.9659566466	0.1916532268	1.009806279
0.03504433433	0.9649556657	0.1902170192	1.010078044
0.03604531532	0.9639546847	0.1888899084	1.010338663
0.0370462963	0.9629537037	0.187666196	1.010587739
0.03804727728	0.9619527227	0.1865405836	1.010824903
0.03904825826	0.9609517417	0.1855081395	1.011049815
0.04004923924	0.9599507608	0.1845642688	1.011262165
0.04105022022	0.9589497798	0.1837046858	1.011461664
0.0420512012	0.9579487988	0.1829253897	1.011648052
0.04305218218	0.9569478178	0.1822226417	1.011821089
0.04405316316	0.9559468368	0.1815929448	1.011980558
0.04505414414	0.9549458559	0.1810330251	1.012126264
0.04605512513	0.9539448749	0.1805398149	1.012258031
0.04705610611	0.9529438939	0.1801104369	1.012375699
0.04805708709	0.9519429129	0.1797421901	1.012479131
0.04905806807	0.9509419319	0.179432537	1.012568202
0.05005904905	0.949940951	0.1791790914	1.012642805
0.05106003003	0.94893997	0.1789796078	1.012702849
0.05206101101	0.947938989	0.1788319712	1.012748255
0.05306199199	0.946938008	0.1787341878	1.01277896
0.05406297297	0.945937027	0.1786843768	1.012794911
0.05506395395	0.944936046	0.1786807623	1.012796069
0.05606493493	0.9439350651	0.1787216664	1.012782407
0.05706591592	0.9429340841	0.1788055025	1.012753907
0.0580668969	0.9419331031	0.1789307691	1.012710563
0.05906787788	0.9409321221	0.1790960442	1.012652377
0.06006885886	0.9399311411	0.1792999803	1.012579361
0.06106983984	0.9389301602	0.1795412991	1.012491537
0.06207082082	0.9379291792	0.1798187875	1.012388933
0.0630718018	0.9369281982	0.1801312934	1.012271586
0.06407278278	0.9359272172	0.1804777214	1.012139539
0.06507376376	0.9349262362	0.1808570298	1.011992844
0.06607474474	0.9339252553	0.181268227	1.011831558
0.06707572573	0.9329242743	0.1817103686	1.011655744
0.06807670671	0.9319232933	0.1821825544	1.011465471
0.06907768769	0.9309223123	0.1826839256	1.011260814
0.07007866867	0.9299213313	0.1832136627	1.011041851
0.07107964965	0.9289203504	0.183770983	1.010808669
0.07208063063	0.9279193694	0.1843551381	1.010561354
0.07308161161	0.9269183884	0.1849654126	1.010300001
0.07408259259	0.9259174074	0.1856011218	1.010024706
0.07508357357	0.9249164264	0.1862616097	1.009735569
0.07608455455	0.9239154454	0.1869462479	1.009432694
0.07708553554	0.9229144645	0.1876544337	1.009116189
0.07808651652	0.9219134835	0.188385589	1.008786163
0.0790874975	0.9209125025	0.1891391584	1.008442729
0.08008847848	0.9199115215	0.1899146085	1.008086002
0.08108945946	0.9189105405	0.1907114264	1.0077161
0.08209044044	0.9179095596	0.1915291187	1.007333143
0.08309142142	0.9169085786	0.1923672106	1.006937252
0.0840924024	0.9159075976	0.1932252446	1.006528552
0.08509338338	0.9149066166	0.1941027799	1.006107166
0.08609436436	0.9139056356	0.1949993911	1.005673222
0.08709534535	0.9129046547	0.195914668	1.005226848
0.08809632633	0.9119036737	0.1968482145	1.004768174
0.08909730731	0.9109026927	0.1977996478	1.004297329
0.09009828829	0.9099017117	0.1987685978	1.003814445
0.09109926927	0.9089007307	0.1997547066	1.003319655
0.09210025025	0.9078997497	0.2007576278	1.002813091
0.09310123123	0.9068987688	0.2017770259	1.002294888
0.09410221221	0.9058977878	0.2028125758	1.001765178
0.09510319319	0.9048968068	0.2038639622	1.001224098
0.09610417417	0.9038958258	0.2049308795	1.000671782
0.09710515516	0.9028948448	0.2060130308	1.000108364
0.09810613614	0.9018938639	0.2071101278	0.9995339818
0.09910711712	0.9008928829	0.2082218906	0.9989487695
0.1001080981	0.8998919019	0.2093480467	0.998352863
0.1011090791	0.8988909209	0.2104883313	0.9977463977
0.1021100601	0.8978899399	0.2116424866	0.9971295093
0.103111041	0.896888959	0.2128102615	0.9965023329
0.104112022	0.895887978	0.2139914115	0.9958650036
0.105113003	0.894886997	0.215185698	0.995217656
0.106113984	0.893886016	0.2163928886	0.9945604247
0.107114965	0.892885035	0.2176127564	0.9938934437
0.1081159459	0.8918840541	0.21884508	0.9932168464
0.1091169269	0.8908830731	0.2200896429	0.992530766
0.1101179079	0.8898820921	0.2213462339	0.9918353351
0.1111188889	0.8888811111	0.2226146463	0.9911306856
0.1121198699	0.8878801301	0.223894678	0.9904169489
0.1131208509	0.8868791491	0.2251861314	0.9896942558
0.1141218318	0.8858781682	0.2264888128	0.9889627362
0.1151228128	0.8848771872	0.2278025327	0.9882225196
0.1161237938	0.8838762062	0.2291271055	0.9874737345
0.1171247748	0.8828752252	0.2304623491	0.9867165089
0.1181257558	0.8818742442	0.2318080851	0.9859509696
0.1191267367	0.8808732633	0.2331641385	0.985177243
0.1201277177	0.8798722823	0.2345303375	0.9843954545
0.1211286987	0.8788713013	0.2359065136	0.9836057285
0.1221296797	0.8778703203	0.2372925012	0.9828081887
0.1231306607	0.8768693393	0.2386881377	0.9820029578
0.1241316416	0.8758683584	0.2400932634	0.9811901576
0.1251326226	0.8748673774	0.2415077212	0.9803699091
0.1261336036	0.8738663964	0.2429313565	0.979542332
0.1271345846	0.8728654154	0.2443640176	0.9787075455
0.1281355656	0.8718644344	0.2458055549	0.9778656675
0.1291365465	0.8708634535	0.2472558214	0.977016815
0.1301375275	0.8698624725	0.2487146722	0.9761611041
0.1311385085	0.8688614915	0.2501819646	0.9752986496
0.1321394895	0.8678605105	0.2516575583	0.9744295656
0.1331404705	0.8668595295	0.2531413147	0.9735539651
0.1341414515	0.8658585485	0.2546330974	0.9726719599
0.1351424324	0.8648575676	0.256132772	0.9717836611
0.1361434134	0.8638565866	0.2576402058	0.9708891784
0.1371443944	0.8628556056	0.2591552679	0.9699886207
0.1381453754	0.8618546246	0.2606778294	0.9690820958
0.1391463564	0.8608536436	0.2622077629	0.9681697103
0.1401473373	0.8598526627	0.2637449428	0.9672515699
0.1411483183	0.8588516817	0.2652892449	0.9663277793
0.1421492993	0.8578507007	0.2668405467	0.965398442
0.1431502803	0.8568497197	0.2683987274	0.9644636605
0.1441512613	0.8558487387	0.2699636673	0.9635235363
0.1451522422	0.8548477578	0.2715352486	0.9625781698
0.1461532232	0.8538467768	0.2731133544	0.9616276602
0.1471542042	0.8528457958	0.2746978696	0.9606721059
0.1481551852	0.8518448148	0.2762886803	0.9597116041
0.1491561662	0.8508438338	0.2778856737	0.9587462511
0.1501571471	0.8498428529	0.2794887386	0.9577761419
0.1511581281	0.8488418719	0.2810977649	0.9568013706
0.1521591091	0.8478408909	0.2827126435	0.9558220304
0.1531600901	0.8468399099	0.2843332669	0.9548382132
0.1541610711	0.8458389289	0.2859595285	0.95385001
0.1551620521	0.8448379479	0.2875913228	0.9528575109
0.156163033	0.843836967	0.2892285456	0.9518608046
0.157164014	0.842835986	0.2908710935	0.9508599793
0.158164995	0.841835005	0.2925188645	0.9498551217
0.159165976	0.840834024	0.2941717575	0.9488463178
0.160166957	0.839833043	0.2958296723	0.9478336524
0.1611679379	0.8388320621	0.2974925098	0.9468172096
0.1621689189	0.8378310811	0.2991601721	0.9457970722
0.1631698999	0.8368301001	0.3008325618	0.9447733221
0.1641708809	0.8358291191	0.3025095829	0.9437460403
0.1651718619	0.8348281381	0.30419114	0.9427153068
0.1661728428	0.8338271572	0.3058771389	0.9416812006
0.1671738238	0.8328261762	0.3075674862	0.9406437997
0.1681748048	0.8318251952	0.3092620892	0.9396031813
0.1691757858	0.8308242142	0.3109608563	0.9385594215
0.1701767668	0.8298232332	0.3126636968	0.9375125955
0.1711777477	0.8288222523	0.3143705206	0.9364627777
0.1721787287	0.8278212713	0.3160812386	0.9354100414
0.1731797097	0.8268202903	0.3177957625	0.9343544591
0.1741806907	0.8258193093	0.3195140049	0.9332961022
0.1751816717	0.8248183283	0.3212358791	0.9322350415
0.1761826527	0.8238173473	0.3229612991	0.9311713467
0.1771836336	0.8228163664	0.3246901799	0.9301050867
0.1781846146	0.8218153854	0.3264224371	0.9290363295
0.1791855956	0.8208144044	0.3281579872	0.9279651421
0.1801865766	0.8198134234	0.3298967472	0.9268915908
0.1811875576	0.8188124424	0.3316386352	0.9258157411
0.1821885385	0.8178114615	0.3333835697	0.9247376574
0.1831895195	0.8168104805	0.3351314702	0.9236574036
0.1841905005	0.8158094995	0.3368822567	0.9225750424
0.1851914815	0.8148085185	0.33863585	0.9214906359
0.1861924625	0.8138075375	0.3403921717	0.9204042454
0.1871934434	0.8128065566	0.342151144	0.9193159312
0.1881944244	0.8118055756	0.3439126897	0.9182257531
0.1891954054	0.8108045946	0.3456767324	0.9171337699
0.1901963864	0.8098036136	0.3474431965	0.9160400396
0.1911973674	0.8088026326	0.3492120067	0.9149446195
0.1921983483	0.8078016517	0.3509830887	0.9138475661
0.1931993293	0.8068006707	0.3527563688	0.9127489351
0.1942003103	0.8057996897	0.3545317737	0.9116487816
0.1952012913	0.8047987087	0.3563092312	0.9105471598
0.1962022723	0.8037977277	0.3580886693	0.9094441232
0.1972032533	0.8027967467	0.3598700168	0.9083397245
0.1982042342	0.8017957658	0.3616532033	0.9072340159
0.1992052152	0.8007947848	0.3634381588	0.9061270487
0.2002061962	0.7997938038	0.3652248139	0.9050188735
0.2012071772	0.7987928228	0.3670131001	0.9039095402
0.2022081582	0.7977918418	0.3688029491	0.9027990982
0.2032091391	0.7967908609	0.3705942936	0.9016875959
0.2042101201	0.7957898799	0.3723870667	0.9005750812
0.2052111011	0.7947888989	0.374181202	0.8994616014
0.2062120821	0.7937879179	0.375976634	0.898347203
0.2072130631	0.7927869369	0.3777732974	0.8972319318
0.208214044	0.791785956	0.3795711279	0.8961158332
0.209215025	0.790784975	0.3813700615	0.8949989518
0.210216006	0.789783994	0.3831700347	0.8938813315
0.211216987	0.788783013	0.384970985	0.8927630156
0.212217968	0.787782032	0.3867728499	0.891644047
0.2132189489	0.7867810511	0.388575568	0.8905244676
0.2142199299	0.7857800701	0.3903790781	0.8894043191
0.2152209109	0.7847790891	0.3921833196	0.8882836424
0.2162218919	0.7837781081	0.3939882327	0.8871624777
0.2172228729	0.7827771271	0.3957937579	0.8860408648
0.2182238539	0.7817761461	0.3975998363	0.884918843
0.2192248348	0.7807751652	0.3994064096	0.8837964506
0.2202258158	0.7797741842	0.4012134201	0.8826737259
0.2212267968	0.7787732032	0.4030208104	0.8815507063
0.2222277778	0.7777722222	0.4048285239	0.8804274287
0.2232287588	0.7767712412	0.4066365044	0.8793039294
0.2242297397	0.7757702603	0.4084446961	0.8781802444
0.2252307207	0.7747692793	0.4102530441	0.8770564089
0.2262317017	0.7737682983	0.4120614937	0.8759324577
0.2272326827	0.7727673173	0.4138699907	0.8748084251
0.2282336637	0.7717663363	0.4156784817	0.8736843448
0.2292346446	0.7707653554	0.4174869135	0.8725602501
0.2302356256	0.7697643744	0.4192952336	0.8714361738
0.2312366066	0.7687633934	0.4211033899	0.870312148
0.2322375876	0.7677624124	0.4229113309	0.8691882047
0.2332385686	0.7667614314	0.4247190056	0.8680643749
0.2342395495	0.7657604505	0.4265263635	0.8669406897
0.2352405305	0.7647594695	0.4283333543	0.8658171792
0.2362415115	0.7637584885	0.4301399287	0.8646938734
0.2372424925	0.7627575075	0.4319460375	0.8635708017
0.2382434735	0.7617565265	0.4337516321	0.8624479931
0.2392444545	0.7607555455	0.4355566644	0.8613254761
0.2402454354	0.7597545646	0.4373610868	0.8602032788
0.2412464164	0.7587535836	0.4391648522	0.8590814287
0.2422473974	0.7577526026	0.4409679139	0.8579599532
0.2432483784	0.7567516216	0.4427702256	0.8568388789
0.2442493594	0.7557506406	0.4445717417	0.8557182324
0.2452503403	0.7547496597	0.4463724168	0.8545980394
0.2462513213	0.7537486787	0.4481722062	0.8534783257
0.2472523023	0.7527476977	0.4499710656	0.8523591162
0.2482532833	0.7517467167	0.4517689509	0.8512404358
0.2492542643	0.7507457357	0.4535658189	0.8501223087
0.2502552452	0.7497447548	0.4553616266	0.849004759
0.2512562262	0.7487437738	0.4571563313	0.8478878103
0.2522572072	0.7477427928	0.458949891	0.8467714856
0.2532581882	0.7467418118	0.4607422641	0.8456558079
0.2542591692	0.7457408308	0.4625334094	0.8445407995
0.2552601502	0.7447398498	0.4643232862	0.8434264826
0.2562611311	0.7437388689	0.466111854	0.8423128789
0.2572621121	0.7427378879	0.467899073	0.8412000097
0.2582630931	0.7417369069	0.4696849038	0.8400878961
0.2592640741	0.7407359259	0.4714693074	0.8389765588
0.2602650551	0.7397349449	0.473252245	0.8378660181
0.261266036	0.738733964	0.4750336786	0.8367562939
0.262267017	0.737732983	0.4768135704	0.8356474059
0.263267998	0.736732002	0.478591883	0.8345393735
0.264268979	0.735731021	0.4803685796	0.8334322157
0.26526996	0.73473004	0.4821436235	0.8323259511
0.2662709409	0.7337290591	0.4839169788	0.8312205981
0.2672719219	0.7327280781	0.4856886096	0.8301161748
0.2682729029	0.7317270971	0.4874584807	0.829012699
0.2692738839	0.7307261161	0.4892265573	0.827910188
0.2702748649	0.7297251351	0.4909928048	0.8268086591
0.2712758458	0.7287241542	0.4927571891	0.825708129
0.2722768268	0.7277231732	0.4945196765	0.8246086143
0.2732778078	0.7267221922	0.4962802337	0.8235101314
0.2742787888	0.7257212112	0.4980388278	0.8224126962
0.2752797698	0.7247202302	0.4997954263	0.8213163243
0.2762807508	0.7237192492	0.5015499969	0.8202210313
0.2772817317	0.7227182683	0.5033025081	0.8191268322
0.2782827127	0.7217172873	0.5050529282	0.818033742
0.2792836937	0.7207163063	0.5068012264	0.8169417753
0.2802846747	0.7197153253	0.5085473721	0.8158509465
0.2812856557	0.7187143443	0.5102913348	0.8147612696
0.2822866366	0.7177133634	0.5120330848	0.8136727585
0.2832876176	0.7167123824	0.5137725924	0.8125854267
0.2842885986	0.7157114014	0.5155098286	0.8114992877
0.2852895796	0.7147104204	0.5172447646	0.8104143545
0.2862905606	0.7137094394	0.5189773718	0.8093306399
0.2872915415	0.7127084585	0.5207076221	0.8082481567
0.2882925225	0.7117074775	0.5224354879	0.8071669171
0.2892935035	0.7107064965	0.5241609418	0.8060869333
0.2902944845	0.7097055155	0.5258839567	0.8050082173
0.2912954655	0.7087045345	0.5276045059	0.8039307807
0.2922964464	0.7077035536	0.5293225631	0.8028546349
0.2932974274	0.7067025726	0.5310381023	0.8017797914
0.2942984084	0.7057015916	0.5327510977	0.800706261
0.2952993894	0.7047006106	0.5344615242	0.7996340546
0.2963003704	0.7036996296	0.5361693566	0.7985631827
0.2973013514	0.7026986486	0.5378745703	0.7974936559
0.2983023323	0.7016976677	0.5395771409	0.7964254843
0.2993033133	0.7006966867	0.5412770446	0.7953586778
0.3003042943	0.6996957057	0.5429742575	0.7942932464
0.3013052753	0.6986947247	0.5446687563	0.7932291994
0.3023062563	0.6976937437	0.546360518	0.7921665464
0.3033072372	0.6966927628	0.5480495199	0.7911052966
0.3043082182	0.6956917818	0.5497357394	0.790045459
0.3053091992	0.6946908008	0.5514191547	0.7889870423
0.3063101802	0.6936898198	0.5530997437	0.7879300553
0.3073111612	0.6926888388	0.5547774851	0.7868745064
0.3083121421	0.6916878579	0.5564523578	0.7858204039
0.3093131231	0.6906868769	0.5581243407	0.7847677559
0.3103141041	0.6896858959	0.5597934134	0.7837165704
0.3113150851	0.6886849149	0.5614595556	0.782666855
0.3123160661	0.6876839339	0.5631227472	0.7816186174
0.313317047	0.686682953	0.5647829687	0.780571865
0.314318028	0.685681972	0.5664402006	0.7795266051
0.315319009	0.684680991	0.5680944238	0.7784828447
0.31631999	0.68368001	0.5697456196	0.7774405909
0.317320971	0.682679029	0.5713937693	0.7763998503
0.318321952	0.681678048	0.5730388548	0.7753606296
0.3193229329	0.6806770671	0.574680858	0.7743229353
0.3203239139	0.6796760861	0.5763197613	0.7732867737
0.3213248949	0.6786751051	0.5779555473	0.772252151
0.3223258759	0.6776741241	0.5795881988	0.7712190731
0.3233268569	0.6766731431	0.581217699	0.7701875459
0.3243278378	0.6756721622	0.5828440312	0.7691575753
0.3253288188	0.6746711812	0.5844671791	0.7681291667
0.3263297998	0.6736702002	0.5860871268	0.7671023256
0.3273307808	0.6726692192	0.5877038582	0.7660770574
0.3283317618	0.6716682382	0.589317358	0.7650533672
0.3293327427	0.6706672573	0.5909276108	0.7640312601
0.3303337237	0.6696662763	0.5925346015	0.7630107409
0.3313347047	0.6686652953	0.5941383155	0.7619918145
0.3323356857	0.6676643143	0.5957387382	0.7609744855
0.3333366667	0.6666633333	0.5973358553	0.7599587585
0.3343376476	0.6656623524	0.5989296528	0.7589446378
0.3353386286	0.6646613714	0.6005201169	0.7579321277
0.3363396096	0.6636603904	0.6021072341	0.7569212325
0.3373405906	0.6626594094	0.603690991	0.7559119561
0.3383415716	0.6616584284	0.6052713747	0.7549043024
0.3393425526	0.6606574474	0.6068483722	0.7538982754
0.3403435335	0.6596564665	0.608421971	0.7528938786
0.3413445145	0.6586554855	0.6099921588	0.7518911157
0.3423454955	0.6576545045	0.6115589235	0.7508899901
0.3433464765	0.6566535235	0.613122253	0.7498905052
0.3443474575	0.6556525425	0.6146821359	0.7488926643
0.3453484384	0.6546515616	0.6162385605	0.7478964704
0.3463494194	0.6536505806	0.6177915158	0.7469019268
0.3473504004	0.6526495996	0.6193409907	0.7459090362
0.3483513814	0.6516486186	0.6208869744	0.7449178016
0.3493523624	0.6506476376	0.6224294565	0.7439282256
0.3503533433	0.6496466567	0.6239684264	0.742940311
0.3513543243	0.6486456757	0.6255038742	0.7419540603
0.3523553053	0.6476446947	0.6270357898	0.7409694758
0.3533562863	0.6466437137	0.6285641636	0.7399865601
0.3543572673	0.6456427327	0.6300889861	0.7390053153
0.3553582482	0.6446417518	0.6316102479	0.7380257436
0.3563592292	0.6436407708	0.63312794	0.7370478471
0.3573602102	0.6426397898	0.6346420535	0.7360716278
0.3583611912	0.6416388088	0.6361525797	0.7350970876
0.3593621722	0.6406378278	0.6376595101	0.7341242283
0.3603631532	0.6396368468	0.6391628364	0.7331530517
0.3613641341	0.6386358659	0.6406625504	0.7321835593
0.3623651151	0.6376348849	0.6421586444	0.7312157528
0.3633660961	0.6366339039	0.6436511105	0.7302496337
0.3643670771	0.6356329229	0.6451399412	0.7292852033
0.3653680581	0.6346319419	0.6466251293	0.728322463
0.366369039	0.633630961	0.6481066674	0.7273614141
0.36737002	0.63262998	0.6495845487	0.7264020576
0.368371001	0.631628999	0.6510587664	0.7254443948
0.369371982	0.630628018	0.6525293138	0.7244884265
0.370372963	0.629627037	0.6539961846	0.7235341539
0.3713739439	0.6286260561	0.6554593724	0.7225815777
0.3723749249	0.6276250751	0.6569188711	0.7216306988
0.3733759059	0.6266240941	0.658374675	0.7206815178
0.3743768869	0.6256231131	0.6598267782	0.7197340356
0.3753778679	0.6246221321	0.6612751751	0.7187882526
0.3763788488	0.6236211512	0.6627198604	0.7178441694
0.3773798298	0.6226201702	0.6641608289	0.7169017864
0.3783808108	0.6216191892	0.6655980754	0.7159611042
0.3793817918	0.6206182082	0.6670315951	0.7150221229
0.3803827728	0.6196172272	0.6684613832	0.714084843
0.3813837538	0.6186162462	0.6698874352	0.7131492645
0.3823847347	0.6176152653	0.6713097466	0.7122153877
0.3833857157	0.6166142843	0.6727283131	0.7112832127
0.3843866967	0.6156133033	0.6741431307	0.7103527394
0.3853876777	0.6146123223	0.6755541954	0.7094239679
0.3863886587	0.6136113413	0.6769615034	0.7084968981
0.3873896396	0.6126103604	0.678365051	0.7075715298
0.3883906206	0.6116093794	0.6797648347	0.7066478629
0.3893916016	0.6106083984	0.6811608512	0.7057258971
0.3903925826	0.6096074174	0.6825530973	0.7048056321
0.3913935636	0.6086064364	0.6839415699	0.7038870675
0.3923945445	0.6076054555	0.685326266	0.702970203
0.3933955255	0.6066044745	0.686707183	0.7020550381
0.3943965065	0.6056034935	0.6880843181	0.7011415723
0.3953974875	0.6046025125	0.6894576689	0.700229805
0.3963984685	0.6036015315	0.690827233	0.6993197356
0.3973994494	0.6026005506	0.6921930081	0.6984113635
0.3984004304	0.6015995696	0.6935549922	0.697504688
0.3994014114	0.6005985886	0.6949131833	0.6965997083
0.4004023924	0.5995976076	0.6962675797	0.6956964236
0.4014033734	0.5985966266	0.6976181795	0.6947948331
0.4024043544	0.5975956456	0.6989649812	0.6938949359
0.4034053353	0.5965946647	0.7003079833	0.6929967311
0.4044063163	0.5955936837	0.7016471847	0.6921002178
0.4054072973	0.5945927027	0.702982584	0.6912053948
0.4064082783	0.5935917217	0.7043141802	0.6903122612
0.4074092593	0.5925907407	0.7056419723	0.6894208158
0.4084102402	0.5915897598	0.7069659596	0.6885310576
0.4094112212	0.5905887788	0.7082861413	0.6876429854
0.4104122022	0.5895877978	0.7096025169	0.6867565979
0.4114131832	0.5885868168	0.7109150858	0.6858718939
0.4124141642	0.5875858358	0.7122238477	0.6849888721
0.4134151451	0.5865848549	0.7135288023	0.6841075311
0.4144161261	0.5855838739	0.7148299496	0.6832278698
0.4154171071	0.5845828929	0.7161272895	0.6823498865
0.4164180881	0.5835819119	0.7174208222	0.68147358
0.4174190691	0.5825809309	0.7187105477	0.6805989487
0.4184200501	0.5815799499	0.7199964665	0.6797259911
0.419421031	0.580578969	0.7212785789	0.6788547058
0.420422012	0.579577988	0.7225568855	0.677985091
0.421422993	0.578577007	0.7238313869	0.6771171454
0.422423974	0.577576026	0.7251020838	0.6762508671
0.423424955	0.576575045	0.726368977	0.6753862547
0.4244259359	0.5755740641	0.7276320676	0.6745233062
0.4254269169	0.5745730831	0.7288913564	0.6736620202
0.4264278979	0.5735721021	0.7301468447	0.6728023947
0.4274288789	0.5725711211	0.7313985338	0.6719444281
0.4284298599	0.5715701401	0.7326464248	0.6710881184
0.4294308408	0.5705691592	0.7338905192	0.670233464
0.4304318218	0.5695681782	0.7351308186	0.6693804629
0.4314328028	0.5685671972	0.7363673245	0.6685291132
0.4324337838	0.5675662162	0.7376000387	0.667679413
0.4334347648	0.5665652352	0.7388289629	0.6668313604
0.4344357457	0.5655642543	0.740054099	0.6659849534
0.4354367267	0.5645632733	0.741275449	0.6651401901
0.4364377077	0.5635622923	0.742493015	0.6642970683
0.4374386887	0.5625613113	0.743706799	0.6634555861
0.4384396697	0.5615603303	0.7449168033	0.6626157414
0.4394406507	0.5605593493	0.7461230302	0.6617775321
0.4404416316	0.5595583684	0.7473254821	0.6609409561
0.4414426126	0.5585573874	0.7485241615	0.6601060113
0.4424435936	0.5575564064	0.749719071	0.6592726955
0.4434445746	0.5565554254	0.7509102131	0.6584410065
0.4444455556	0.5555544444	0.7520975906	0.6576109422
0.4454465365	0.5545534635	0.7532812062	0.6567825003
0.4464475175	0.5535524825	0.754461063	0.6559556786
0.4474484985	0.5525515015	0.7556371637	0.6551304748
0.4484494795	0.5515505205	0.7568095115	0.6543068867
0.4494504605	0.5505495395	0.7579781094	0.653484912
0.4504514414	0.5495485586	0.7591429606	0.6526645483
0.4514524224	0.5485475776	0.7603040683	0.6518457933
0.4524534034	0.5475465966	0.7614614359	0.6510286447
0.4534543844	0.5465456156	0.7626150667	0.6502131
0.4544553654	0.5455446346	0.7637649642	0.649399157
0.4554563463	0.5445436537	0.7649111319	0.6485868132
0.4564573273	0.5435426727	0.7660535735	0.6477760661
0.4574583083	0.5425416917	0.7671922925	0.6469669135
0.4584592893	0.5415407107	0.7683272927	0.6461593527
0.4594602703	0.5405397297	0.7694585779	0.6453533813
0.4604612513	0.5395387487	0.7705861519	0.6445489969
0.4614622322	0.5385377678	0.7717100187	0.643746197
0.4624632132	0.5375367868	0.7728301822	0.642944979
0.4634641942	0.5365358058	0.7739466465	0.6421453404
0.4644651752	0.5355348248	0.7750594157	0.6413472787
0.4654661562	0.5345338438	0.7761684939	0.6405507914
0.4664671371	0.5335328629	0.7772738854	0.6397558758
0.4674681181	0.5325318819	0.7783755944	0.6389625293
0.4684690991	0.5315309009	0.7794736254	0.6381707495
0.4694700801	0.5305299199	0.7805679826	0.6373805336
0.4704710611	0.5295289389	0.7816586706	0.6365918791
0.471472042	0.528527958	0.7827456938	0.6358047834
0.472473023	0.527526977	0.7838290568	0.6350192437
0.473474004	0.526525996	0.7849087643	0.6342352575
0.474474985	0.525525015	0.7859848208	0.6334528221
0.475475966	0.524524034	0.7870572312	0.6326719348
0.4764769469	0.5235230531	0.7881260002	0.6318925929
0.4774779279	0.5225220721	0.7891911325	0.6311147938
0.4784789089	0.5215210911	0.7902526332	0.6303385346
0.4794798899	0.5205201101	0.7913105071	0.6295638128
0.4804808709	0.5195191291	0.7923647591	0.6287906256
0.4814818519	0.5185181481	0.7934153944	0.6280189703
0.4824828328	0.5175171672	0.7944624179	0.6272488441
0.4834838138	0.5165161862	0.7955058348	0.6264802442
0.4844847948	0.5155152052	0.7965456503	0.6257131679
0.4854857758	0.5145142242	0.7975818695	0.6249476125
0.4864867568	0.5135132432	0.7986144977	0.6241835752
0.4874877377	0.5125122623	0.7996435401	0.6234210532
0.4884887187	0.5115112813	0.8006690022	0.6226600436
0.4894896997	0.5105103003	0.8016908893	0.6219005438
0.4904906807	0.5095093193	0.8027092068	0.6211425508
0.4914916617	0.5085083383	0.8037239602	0.6203860619
0.4924926426	0.5075073574	0.804735155	0.6196310743
0.4934936236	0.5065063764	0.8057427967	0.6188775851
0.4944946046	0.5055053954	0.8067468909	0.6181255916
0.4954955856	0.5045044144	0.8077474432	0.6173750908
0.4964965666	0.5035034334	0.8087444593	0.6166260799
0.4974975475	0.5025024525	0.8097379448	0.6158785561
0.4984985285	0.5015014715	0.8107279056	0.6151325165
0.4994995095	0.5005004905	0.8117143473	0.6143879583
0.5005004905	0.4994995095	0.8126972758	0.6136448786
0.5015014715	0.4984985285	0.8136766968	0.6129032745
0.5025024525	0.4974975475	0.8146526164	0.6121631432
0.5035034334	0.4964965666	0.8156250403	0.6114244817
0.5045044144	0.4954955856	0.8165939746	0.6106872872
0.5055053954	0.4944946046	0.8175594251	0.6099515568
0.5065063764	0.4934936236	0.8185213979	0.6092172877
0.5075073574	0.4924926426	0.8194798991	0.6084844768
0.5085083383	0.4914916617	0.8204349346	0.6077531213
0.5095093193	0.4904906807	0.8213865106	0.6070232184
0.5105103003	0.4894896997	0.8223346332	0.6062947651
0.5115112813	0.4884887187	0.8232793086	0.6055677584
0.5125122623	0.4874877377	0.824220543	0.6048421955
0.5135132432	0.4864867568	0.8251583424	0.6041180735
0.5145142242	0.4854857758	0.8260927133	0.6033953894
0.5155152052	0.4844847948	0.8270236619	0.6026741403
0.5165161862	0.4834838138	0.8279511944	0.6019543233
0.5175171672	0.4824828328	0.8288753172	0.6012359355
0.5185181481	0.4814818519	0.8297960365	0.6005189739
0.5195191291	0.4804808709	0.8307133589	0.5998034357
0.5205201101	0.4794798899	0.8316272907	0.5990893177
0.5215210911	0.4784789089	0.8325378383	0.5983766173
0.5225220721	0.4774779279	0.8334450081	0.5976653313
0.5235230531	0.4764769469	0.8343488066	0.5969554569
0.524524034	0.475475966	0.8352492403	0.5962469911
0.525525015	0.474474985	0.8361463157	0.595539931
0.526525996	0.473474004	0.8370400394	0.5948342736
0.527526977	0.472473023	0.8379304179	0.5941300161
0.528527958	0.471472042	0.8388174577	0.5934271553
0.5295289389	0.4704710611	0.8397011655	0.5927256885
0.5305299199	0.4694700801	0.8405815479	0.5920256127
0.5315309009	0.4684690991	0.8414586115	0.5913269248
0.5325318819	0.4674681181	0.842332363	0.5906296221
0.5335328629	0.4664671371	0.843202809	0.5899337014
0.5345338438	0.4654661562	0.8440699563	0.5892391599
0.5355348248	0.4644651752	0.8449338115	0.5885459947
0.5365358058	0.4634641942	0.8457943814	0.5878542027
0.5375367868	0.4624632132	0.8466516727	0.5871637811
0.5385377678	0.4614622322	0.8475056922	0.5864747268
0.5395387487	0.4604612513	0.8483564466	0.585787037
0.5405397297	0.4594602703	0.8492039428	0.5851007087
0.5415407107	0.4584592893	0.8500481876	0.5844157389
0.5425416917	0.4574583083	0.8508891877	0.5837321248
0.5435426727	0.4564573273	0.8517269501	0.5830498633
0.5445436537	0.4554563463	0.8525614815	0.5823689515
0.5455446346	0.4544553654	0.8533927889	0.5816893865
0.5465456156	0.4534543844	0.8542208791	0.5810111653
0.5475465966	0.4524534034	0.855045759	0.580334285
0.5485475776	0.4514524224	0.8558674355	0.5796587427
0.5495485586	0.4504514414	0.8566859155	0.5789845354
0.5505495395	0.4494504605	0.8575012061	0.5783116602
0.5515505205	0.4484494795	0.858313314	0.5776401141
0.5525515015	0.4474484985	0.8591222464	0.5769698942
0.5535524825	0.4464475175	0.85992801	0.5763009976
0.5545534635	0.4454465365	0.860730612	0.5756334214
0.5555544444	0.4444455556	0.8615300592	0.5749671626
0.5565554254	0.4434445746	0.8623263588	0.5743022182
0.5575564064	0.4424435936	0.8631195176	0.5736385855
0.5585573874	0.4414426126	0.8639095428	0.5729762614
0.5595583684	0.4404416316	0.8646964413	0.572315243
0.5605593493	0.4394406507	0.8654802202	0.5716555275
0.5615603303	0.4384396697	0.8662608865	0.5709971118
0.5625613113	0.4374386887	0.8670384472	0.5703399931
0.5635622923	0.4364377077	0.8678129095	0.5696841685
0.5645632733	0.4354367267	0.8685842804	0.5690296351
0.5655642543	0.4344357457	0.8693525669	0.5683763899
0.5665652352	0.4334347648	0.8701177762	0.5677244301
0.5675662162	0.4324337838	0.8708799153	0.5670737527
0.5685671972	0.4314328028	0.8716389913	0.5664243549
0.5695681782	0.4304318218	0.8723950113	0.5657762337
0.5705691592	0.4294308408	0.8731479825	0.5651293863
0.5715701401	0.4284298599	0.8738979119	0.5644838098
0.5725711211	0.4274288789	0.8746448067	0.5638395012
0.5735721021	0.4264278979	0.8753886739	0.5631964578
0.5745730831	0.4254269169	0.8761295207	0.5625546766
0.5755740641	0.4244259359	0.8768673543	0.5619141548
0.576575045	0.423424955	0.8776021817	0.5612748894
0.577576026	0.422423974	0.8783340101	0.5606368777
0.578577007	0.421422993	0.8790628466	0.5600001166
0.579577988	0.420422012	0.8797886984	0.5593646035
0.580578969	0.419421031	0.8805115726	0.5587303354
0.5815799499	0.4184200501	0.8812314765	0.5580973094
0.5825809309	0.4174190691	0.881948417	0.5574655227
0.5835819119	0.4164180881	0.8826624014	0.5568349725
0.5845828929	0.4154171071	0.8833734369	0.5562056559
0.5855838739	0.4144161261	0.8840815306	0.55557757
0.5865848549	0.4134151451	0.8847866896	0.5549507121
0.5875858358	0.4124141642	0.8854889212	0.5543250792
0.5885868168	0.4114131832	0.8861882324	0.5537006687
0.5895877978	0.4104122022	0.8868846305	0.5530774775
0.5905887788	0.4094112212	0.8875781227	0.552455503
0.5915897598	0.4084102402	0.888268716	0.5518347422
0.5925907407	0.4074092593	0.8889564176	0.5512151924
0.5935917217	0.4064082783	0.8896412348	0.5505968508
0.5945927027	0.4054072973	0.8903231746	0.5499797145
0.5955936837	0.4044063163	0.8910022443	0.5493637808
0.5965946647	0.4034053353	0.8916784509	0.5487490468
0.5975956456	0.4024043544	0.8923518018	0.5481355098
0.5985966266	0.4014033734	0.893022304	0.5475231669
0.5995976076	0.4004023924	0.8936899646	0.5469120155
0.6005985886	0.3994014114	0.894354791	0.5463020526
0.6015995696	0.3984004304	0.8950167901	0.5456932755
0.6026005506	0.3973994494	0.8956759692	0.5450856815
0.6036015315	0.3963984685	0.8963323354	0.5444792677
0.6046025125	0.3953974875	0.8969858959	0.5438740314
0.6056034935	0.3943965065	0.8976366579	0.5432699699
0.6066044745	0.3933955255	0.8982846284	0.5426670804
0.6076054555	0.3923945445	0.8989298146	0.5420653602
0.6086064364	0.3913935636	0.8995722236	0.5414648064
0.6096074174	0.3903925826	0.9002118627	0.5408654163
0.6106083984	0.3893916016	0.9008487389	0.5402671873
0.6116093794	0.3883906206	0.9014828593	0.5396701166
0.6126103604	0.3873896396	0.9021142312	0.5390742014
0.6136113413	0.3863886587	0.9027428615	0.538479439
0.6146123223	0.3853876777	0.9033687575	0.5378858268
0.6156133033	0.3843866967	0.9039919262	0.5372933619
0.6166142843	0.3833857157	0.9046123748	0.5367020418
0.6176152653	0.3823847347	0.9052301104	0.5361118636
0.6186162462	0.3813837538	0.90584514	0.5355228247
0.6196172272	0.3803827728	0.9064574708	0.5349349224
0.6206182082	0.3793817918	0.9070671099	0.5343481539
0.6216191892	0.3783808108	0.9076740643	0.5337625167
0.6226201702	0.3773798298	0.9082783412	0.5331780081
0.6236211512	0.3763788488	0.9088799475	0.5325946252
0.6246221321	0.3753778679	0.9094788904	0.5320123656
0.6256231131	0.3743768869	0.910075177	0.5314312265
0.6266240941	0.3733759059	0.9106688143	0.5308512052
0.6276250751	0.3723749249	0.9112598093	0.5302722992
0.6286260561	0.3713739439	0.9118481692	0.5296945057
0.629627037	0.370372963	0.9124339009	0.5291178221
0.630628018	0.369371982	0.9130170115	0.5285422458
0.631628999	0.368371001	0.913597508	0.5279677741
0.63262998	0.36737002	0.9141753974	0.5273944044
0.633630961	0.366369039	0.9147506868	0.5268221342
0.6346319419	0.3653680581	0.9153233832	0.5262509606
0.6356329229	0.3643670771	0.9158934935	0.5256808812
0.6366339039	0.3633660961	0.9164610247	0.5251118934
0.6376348849	0.3623651151	0.9170259839	0.5245439945
0.6386358659	0.3613641341	0.9175883781	0.5239771819
0.6396368468	0.3603631532	0.9181482141	0.5234114531
0.6406378278	0.3593621722	0.918705499	0.5228468054
0.6416388088	0.3583611912	0.9192602397	0.5222832363
0.6426397898	0.3573602102	0.9198124431	0.5217207431
0.6436407708	0.3563592292	0.9203621163	0.5211593234
0.6446417518	0.3553582482	0.9209092661	0.5205989746
0.6456427327	0.3543572673	0.9214538995	0.520039694
0.6466437137	0.3533562863	0.9219960233	0.5194814792
0.6476446947	0.3523553053	0.9225356445	0.5189243275
0.6486456757	0.3513543243	0.92307277	0.5183682365
0.6496466567	0.3503533433	0.9236074067	0.5178132036
0.6506476376	0.3493523624	0.9241395615	0.5172592262
0.6516486186	0.3483513814	0.9246692411	0.5167063019
0.6526495996	0.3473504004	0.9251964526	0.5161544281
0.6536505806	0.3463494194	0.9257212027	0.5156036023
0.6546515616	0.3453484384	0.9262434983	0.5150538219
0.6556525425	0.3443474575	0.9267633463	0.5145050845
0.6566535235	0.3433464765	0.9272807534	0.5139573876
0.6576545045	0.3423454955	0.9277957264	0.5134107286
0.6586554855	0.3413445145	0.9283082723	0.5128651051
0.6596564665	0.3403435335	0.9288183977	0.5123205146
0.6606574474	0.3393425526	0.9293261096	0.5117769546
0.6616584284	0.3383415716	0.9298314145	0.5112344226
0.6626594094	0.3373405906	0.9303343194	0.5106929162
0.6636603904	0.3363396096	0.930834831	0.5101524329
0.6646613714	0.3353386286	0.931332956	0.5096129702
0.6656623524	0.3343376476	0.9318287012	0.5090745257
0.6666633333	0.3333366667	0.9323220733	0.5085370969
0.6676643143	0.3323356857	0.932813079	0.5080006814
0.6686652953	0.3313347047	0.9333017251	0.5074652768
0.6696662763	0.3303337237	0.9337880181	0.5069308805
0.6706672573	0.3293327427	0.9342719649	0.5063974903
0.6716682382	0.3283317618	0.9347535721	0.5058651037
0.6726692192	0.3273307808	0.9352328463	0.5053337182
0.6736702002	0.3263297998	0.9357097943	0.5048033314
0.6746711812	0.3253288188	0.9361844226	0.504273941
0.6756721622	0.3243278378	0.9366567379	0.5037455445
0.6766731431	0.3233268569	0.9371267468	0.5032181396
0.6776741241	0.3223258759	0.937594456	0.5026917238
0.6786751051	0.3213248949	0.938059872	0.5021662949
0.6796760861	0.3203239139	0.9385230014	0.5016418503
0.6806770671	0.3193229329	0.9389838508	0.5011183877
0.681678048	0.318321952	0.9394424268	0.5005959048
0.682679029	0.317320971	0.939898736	0.5000743992
0.68368001	0.31631999	0.9403527848	0.4995538686
0.684680991	0.315319009	0.9408045798	0.4990343106
0.685681972	0.314318028	0.9412541276	0.4985157228
0.686682953	0.313317047	0.9417014346	0.4979981029
0.6876839339	0.3123160661	0.9421465073	0.4974814486
0.6886849149	0.3113150851	0.9425893523	0.4969657576
0.6896858959	0.3103141041	0.943029976	0.4964510275
0.6906868769	0.3093131231	0.9434683848	0.495937256
0.6916878579	0.3083121421	0.9439045853	0.4954244408
0.6926888388	0.3073111612	0.9443385839	0.4949125796
0.6936898198	0.3063101802	0.9447703869	0.4944016702
0.6946908008	0.3053091992	0.9452000009	0.4938917101
0.6956917818	0.3043082182	0.9456274322	0.4933826971
0.6966927628	0.3033072372	0.9460526872	0.492874629
0.6976937437	0.3023062563	0.9464757723	0.4923675035
0.6986947247	0.3013052753	0.9468966939	0.4918613182
0.6996957057	0.3003042943	0.9473154583	0.4913560709
0.7006966867	0.2993033133	0.9477320719	0.4908517594
0.7016976677	0.2983023323	0.9481465409	0.4903483814
0.7026986486	0.2973013514	0.9485588718	0.4898459347
0.7036996296	0.2963003704	0.9489690708	0.4893444169
0.7047006106	0.2952993894	0.9493771443	0.4888438259
0.7057015916	0.2942984084	0.9497830984	0.4883441595
0.7067025726	0.2932974274	0.9501869395	0.4878454153
0.7077035536	0.2922964464	0.9505886739	0.4873475912
0.7087045345	0.2912954655	0.9509883078	0.486850685
0.7097055155	0.2902944845	0.9513858474	0.4863546944
0.7107064965	0.2892935035	0.9517812989	0.4858596173
0.7117074775	0.2882925225	0.9521746685	0.4853654514
0.7127084585	0.2872915415	0.9525659626	0.4848721946
0.7137094394	0.2862905606	0.9529551871	0.4843798446
0.7147104204	0.2852895796	0.9533423483	0.4838883993
0.7157114014	0.2842885986	0.9537274524	0.4833978564
0.7167123824	0.2832876176	0.9541105056	0.4829082139
0.7177133634	0.2822866366	0.9544915138	0.4824194696
0.7187143443	0.2812856557	0.9548704833	0.4819316212
0.7197153253	0.2802846747	0.9552474201	0.4814446666
0.7207163063	0.2792836937	0.9556223305	0.4809586037
0.7217172873	0.2782827127	0.9559952203	0.4804734304
0.7227182683	0.2772817317	0.9563660958	0.4799891444
0.7237192492	0.2762807508	0.9567349629	0.4795057437
0.7247202302	0.2752797698	0.9571018277	0.4790232261
0.7257212112	0.2742787888	0.9574666963	0.4785415895
0.7267221922	0.2732778078	0.9578295746	0.4780608317
0.7277231732	0.2722768268	0.9581904686	0.4775809508
0.7287241542	0.2712758458	0.9585493844	0.4771019444
0.7297251351	0.2702748649	0.9589063279	0.4766238106
0.7307261161	0.2692738839	0.9592613051	0.4761465473
0.7317270971	0.2682729029	0.959614322	0.4756701523
0.7327280781	0.2672719219	0.9599653844	0.4751946235
0.7337290591	0.2662709409	0.9603144983	0.474719959
0.73473004	0.26526996	0.9606616696	0.4742461565
0.735731021	0.264268979	0.9610069043	0.4737732141
0.736732002	0.263267998	0.9613502081	0.4733011297
0.737732983	0.262267017	0.961691587	0.4728299011
0.738733964	0.261266036	0.9620310468	0.4723595264
0.7397349449	0.2602650551	0.9623685934	0.4718900035
0.7407359259	0.2592640741	0.9627042326	0.4714213303
0.7417369069	0.2582630931	0.9630379702	0.4709535049
0.7427378879	0.2572621121	0.9633698121	0.4704865251
0.7437388689	0.2562611311	0.963699764	0.4700203889
0.7447398498	0.2552601502	0.9640278316	0.4695550944
0.7457408308	0.2542591692	0.9643540209	0.4690906395
0.7467418118	0.2532581882	0.9646783375	0.4686270221
0.7477427928	0.2522572072	0.9650007871	0.4681642404
0.7487437738	0.2512562262	0.9653213755	0.4677022922
0.7497447548	0.2502552452	0.9656401085	0.4672411755
0.7507457357	0.2492542643	0.9659569916	0.4667808885
0.7517467167	0.2482532833	0.9662720306	0.466321429
0.7527476977	0.2472523023	0.9665852312	0.4658627952
0.7537486787	0.2462513213	0.966896599	0.465404985
0.7547496597	0.2452503403	0.9672061397	0.4649479964
0.7557506406	0.2442493594	0.9675138589	0.4644918275
0.7567516216	0.2432483784	0.9678197622	0.4640364764
0.7577526026	0.2422473974	0.9681238552	0.463581941
0.7587535836	0.2412464164	0.9684261435	0.4631282194
0.7597545646	0.2402454354	0.9687266328	0.4626753097
0.7607555455	0.2392444545	0.9690253285	0.4622232099
0.7617565265	0.2382434735	0.9693222362	0.4617719181
0.7627575075	0.2372424925	0.9696173615	0.4613214324
0.7637584885	0.2362415115	0.9699107099	0.4608717508
0.7647594695	0.2352405305	0.9702022869	0.4604228714
0.7657604505	0.2342395495	0.9704920979	0.4599747923
0.7667614314	0.2332385686	0.9707801486	0.4595275116
0.7677624124	0.2322375876	0.9710664443	0.4590810274
0.7687633934	0.2312366066	0.9713509905	0.4586353377
0.7697643744	0.2302356256	0.9716337927	0.4581904407
0.7707653554	0.2292346446	0.9719148563	0.4577463344
0.7717663363	0.2282336637	0.9721941867	0.4573030171
0.7727673173	0.2272326827	0.9724717893	0.4568604868
0.7737682983	0.2262317017	0.9727476695	0.4564187416
0.7747692793	0.2252307207	0.9730218327	0.4559777797
0.7757702603	0.2242297397	0.9732942843	0.4555375992
0.7767712412	0.2232287588	0.9735650296	0.4550981982
0.7777722222	0.2222277778	0.9738340739	0.4546595749
0.7787732032	0.2212267968	0.9741014226	0.4542217274
0.7797741842	0.2202258158	0.9743670809	0.4537846539
0.7807751652	0.2192248348	0.9746310543	0.4533483526
0.7817761461	0.2182238539	0.9748933479	0.4529128215
0.7827771271	0.2172228729	0.9751539671	0.4524780589
0.7837781081	0.2162218919	0.9754129171	0.452044063
0.7847790891	0.2152209109	0.9756702031	0.4516108318
0.7857800701	0.2142199299	0.9759258304	0.4511783637
0.7867810511	0.2132189489	0.9761798041	0.4507466568
0.787782032	0.212217968	0.9764321296	0.4503157092
0.788783013	0.211216987	0.976682812	0.4498855192
0.789783994	0.210216006	0.9769318565	0.449456085
0.790784975	0.209215025	0.9771792681	0.4490274047
0.791785956	0.208214044	0.9774250522	0.4485994767
0.7927869369	0.2072130631	0.9776692138	0.448172299
0.7937879179	0.2062120821	0.9779117581	0.44774587
0.7947888989	0.2052111011	0.9781526901	0.4473201879
0.7957898799	0.2042101201	0.978392015	0.4468952508
0.7967908609	0.2032091391	0.9786297379	0.446471057
0.7977918418	0.2022081582	0.9788658638	0.4460476048
0.7987928228	0.2012071772	0.9791003977	0.4456248924
0.7997938038	0.2002061962	0.9793333448	0.4452029181
0.8007947848	0.1992052152	0.9795647101	0.4447816801
0.8017957658	0.1982042342	0.9797944986	0.4443611766
0.8027967467	0.1972032533	0.9800227152	0.443941406
0.8037977277	0.1962022723	0.9802493651	0.4435223664
0.8047987087	0.1952012913	0.9804744531	0.4431040562
0.8057996897	0.1942003103	0.9806979842	0.4426864737
0.8068006707	0.1931993293	0.9809199635	0.4422696171
0.8078016517	0.1921983483	0.9811403957	0.4418534847
0.8088026326	0.1911973674	0.981359286	0.4414380748
0.8098036136	0.1901963864	0.9815766391	0.4410233857
0.8108045946	0.1891954054	0.98179246	0.4406094157
0.8118055756	0.1881944244	0.9820067536	0.4401961631
0.8128065566	0.1871934434	0.9822195247	0.4397836262
0.8138075375	0.1861924625	0.9824307782	0.4393718033
0.8148085185	0.1851914815	0.982640519	0.4389606928
0.8158094995	0.1841905005	0.9828487518	0.4385502929
0.8168104805	0.1831895195	0.9830554816	0.4381406021
0.8178114615	0.1821885385	0.9832607132	0.4377316185
0.8188124424	0.1811875576	0.9834644512	0.4373233406
0.8198134234	0.1801865766	0.9836667006	0.4369157668
0.8208144044	0.1791855956	0.9838674661	0.4365088952
0.8218153854	0.1781846146	0.9840667524	0.4361027244
0.8228163664	0.1771836336	0.9842645643	0.4356972526
0.8238173473	0.1761826527	0.9844609066	0.4352924783
0.8248183283	0.1751816717	0.9846557839	0.4348883997
0.8258193093	0.1741806907	0.984849201	0.4344850152
0.8268202903	0.1731797097	0.9850411625	0.4340823233
0.8278212713	0.1721787287	0.9852316731	0.4336803223
0.8288222523	0.1711777477	0.9854207376	0.4332790105
0.8298232332	0.1701767668	0.9856083605	0.4328783864
0.8308242142	0.1691757858	0.9857945466	0.4324784483
0.8318251952	0.1681748048	0.9859793004	0.4320791947
0.8328261762	0.1671738238	0.9861626265	0.4316806239
0.8338271572	0.1661728428	0.9863445297	0.4312827343
0.8348281381	0.1651718619	0.9865250144	0.4308855244
0.8358291191	0.1641708809	0.9867040852	0.4304889926
0.8368301001	0.1631698999	0.9868817467	0.4300931372
0.8378310811	0.1621689189	0.9870580035	0.4296979567
0.8388320621	0.1611679379	0.9872328602	0.4293034495
0.839833043	0.160166957	0.9874063212	0.4289096141
0.840834024	0.159165976	0.987578391	0.4285164489
0.841835005	0.158164995	0.9877490742	0.4281239523
0.842835986	0.157164014	0.9879183753	0.4277321227
0.843836967	0.156163033	0.9880862987	0.4273409587
0.8448379479	0.1551620521	0.9882528489	0.4269504586
0.8458389289	0.1541610711	0.9884180304	0.4265606209
0.8468399099	0.1531600901	0.9885818476	0.426171444
0.8478408909	0.1521591091	0.9887443049	0.4257829265
0.8488418719	0.1511581281	0.9889054069	0.4253950668
0.8498428529	0.1501571471	0.9890651577	0.4250078633
0.8508438338	0.1491561662	0.989223562	0.4246213146
0.8518448148	0.1481551852	0.9893806239	0.4242354191
0.8528457958	0.1471542042	0.989536348	0.4238501754
0.8538467768	0.1461532232	0.9896907386	0.4234655818
0.8548477578	0.1451522422	0.9898438	0.4230816368
0.8558487387	0.1441512613	0.9899955365	0.4226983391
0.8568497197	0.1431502803	0.9901459525	0.422315687
0.8578507007	0.1421492993	0.9902950523	0.4219336791
0.8588516817	0.1411483183	0.9904428401	0.4215523139
0.8598526627	0.1401473373	0.9905893203	0.4211715899
0.8608536436	0.1391463564	0.9907344972	0.4207915056
0.8618546246	0.1381453754	0.9908783749	0.4204120595
0.8628556056	0.1371443944	0.9910209578	0.4200332502
0.8638565866	0.1361434134	0.99116225	0.4196550762
0.8648575676	0.1351424324	0.9913022558	0.419277536
0.8658585485	0.1341414515	0.9914409795	0.4189006281
0.8668595295	0.1331404705	0.9915784251	0.4185243512
0.8678605105	0.1321394895	0.991714597	0.4181487036
0.8688614915	0.1311385085	0.9918494992	0.4177736841
0.8698624725	0.1301375275	0.9919831359	0.4173992911
0.8708634535	0.1291365465	0.9921155114	0.4170255232
0.8718644344	0.1281355656	0.9922466296	0.4166523789
0.8728654154	0.1271345846	0.9923764949	0.4162798569
0.8738663964	0.1261336036	0.9925051112	0.4159079556
0.8748673774	0.1251326226	0.9926324826	0.4155366737
0.8758683584	0.1241316416	0.9927586134	0.4151660097
0.8768693393	0.1231306607	0.9928835074	0.4147959622
0.8778703203	0.1221296797	0.993007169	0.4144265298
0.8788713013	0.1211286987	0.9931296019	0.4140577111
0.8798722823	0.1201277177	0.9932508104	0.4136895047
0.8808732633	0.1191267367	0.9933707985	0.4133219091
0.8818742442	0.1181257558	0.9934895702	0.412954923
0.8828752252	0.1171247748	0.9936071294	0.4125885449
0.8838762062	0.1161237938	0.9937234802	0.4122227736
0.8848771872	0.1151228128	0.9938386266	0.4118576075
0.8858781682	0.1141218318	0.9939525726	0.4114930453
0.8868791491	0.1131208509	0.994065322	0.4111290856
0.8878801301	0.1121198699	0.994176879	0.410765727
0.8888811111	0.1111188889	0.9942872473	0.4104029682
0.8898820921	0.1101179079	0.9943964311	0.4100408078
0.8908830731	0.1091169269	0.994504434	0.4096792444
0.8918840541	0.1081159459	0.9946112602	0.4093182766
0.892885035	0.107114965	0.9947169134	0.4089579031
0.893886016	0.106113984	0.9948213975	0.4085981226
0.894886997	0.105113003	0.9949247165	0.4082389337
0.895887978	0.104112022	0.9950268742	0.407880335
0.896888959	0.103111041	0.9951278744	0.4075223252
0.8978899399	0.1021100601	0.9952277209	0.4071649029
0.8988909209	0.1011090791	0.9953264177	0.4068080669
0.8998919019	0.1001080981	0.9954239685	0.4064518157
0.9008928829	0.09910711712	0.9955203772	0.4060961481
0.9018938639	0.09810613614	0.9956156474	0.4057410627
0.9028948448	0.09710515516	0.9957097831	0.4053865581
0.9038958258	0.09610417417	0.9958027879	0.4050326332
0.9048968068	0.09510319319	0.9958946657	0.4046792865
0.9058977878	0.09410221221	0.9959854202	0.4043265168
0.9068987688	0.09310123123	0.9960750551	0.4039743227
0.9078997497	0.09210025025	0.9961635742	0.4036227029
0.9089007307	0.09109926927	0.9962509811	0.4032716561
0.9099017117	0.09009828829	0.9963372796	0.4029211811
0.9109026927	0.08909730731	0.9964224734	0.4025712765
0.9119036737	0.08809632633	0.9965065662	0.4022219411
0.9129046547	0.08709534535	0.9965895616	0.4018731735
0.9139056356	0.08609436436	0.9966714633	0.4015249725
0.9149066166	0.08509338338	0.9967522749	0.4011773368
0.9159075976	0.0840924024	0.9968320001	0.4008302651
0.9169085786	0.08309142142	0.9969106426	0.4004837561
0.9179095596	0.08209044044	0.9969882059	0.4001378086
0.9189105405	0.08108945946	0.9970646937	0.3997924213
0.9199115215	0.08008847848	0.9971401095	0.3994475929
0.9209125025	0.0790874975	0.9972144569	0.3991033222
0.9219134835	0.07808651652	0.9972877396	0.3987596079
0.9229144645	0.07708553554	0.997359961	0.3984164488
0.9239154454	0.07608455455	0.9974311247	0.3980738436
0.9249164264	0.07508357357	0.9975012344	0.3977317911
0.9259174074	0.07408259259	0.9975702935	0.39739029
0.9269183884	0.07308161161	0.9976383054	0.3970493391
0.9279193694	0.07208063063	0.9977052739	0.3967089371
0.9289203504	0.07107964965	0.9977712023	0.3963690828
0.9299213313	0.07007866867	0.9978360941	0.3960297751
0.9309223123	0.06907768769	0.9978999529	0.3956910126
0.9319232933	0.06807670671	0.9979627821	0.3953527941
0.9329242743	0.06707572573	0.9980245851	0.3950151185
0.9339252553	0.06607474474	0.9980853655	0.3946779844
0.9349262362	0.06507376376	0.9981451266	0.3943413907
0.9359272172	0.06407278278	0.9982038719	0.3940053363
0.9369281982	0.0630718018	0.9982616048	0.3936698197
0.9379291792	0.06207082082	0.9983183287	0.39333484
0.9389301602	0.06106983984	0.998374047	0.3930003958
0.9399311411	0.06006885886	0.9984287631	0.392666486
0.9409321221	0.05906787788	0.9984824804	0.3923331094
0.9419331031	0.0580668969	0.9985352023	0.3920002647
0.9429340841	0.05706591592	0.998586932	0.3916679509
0.9439350651	0.05606493493	0.998637673	0.3913361667
0.944936046	0.05506395395	0.9986874286	0.3910049109
0.945937027	0.05406297297	0.9987362022	0.3906741823
0.946938008	0.05306199199	0.9987839969	0.3903439799
0.947938989	0.05206101101	0.9988308163	0.3900143023
0.94893997	0.05106003003	0.9988766634	0.3896851485
0.949940951	0.05005904905	0.9989215417	0.3893565173
0.9509419319	0.04905806807	0.9989654545	0.3890284075
0.9519429129	0.04805708709	0.9990084049	0.388700818
0.9529438939	0.04705610611	0.9990503962	0.3883737475
0.9539448749	0.04605512513	0.9990914318	0.3880471951
0.9549458559	0.04505414414	0.9991315148	0.3877211594
0.9559468368	0.04405316316	0.9991706484	0.3873956393
0.9569478178	0.04305218218	0.999208836	0.3870706338
0.9579487988	0.0420512012	0.9992460806	0.3867461417
0.9589497798	0.04105022022	0.9992823855	0.3864221618
0.9599507608	0.04004923924	0.9993177539	0.386098693
0.9609517417	0.03904825826	0.9993521889	0.3857757341
0.9619527227	0.03804727728	0.9993856938	0.3854532841
0.9629537037	0.0370462963	0.9994182717	0.3851313418
0.9639546847	0.03604531532	0.9994499257	0.3848099062
0.9649556657	0.03504433433	0.999480659	0.384488976
0.9659566466	0.03404335335	0.9995104748	0.3841685501
0.9669576276	0.03304237237	0.999539376	0.3838486276
0.9679586086	0.03204139139	0.999567366	0.3835292071
0.9689595896	0.03104041041	0.9995944477	0.3832102877
0.9699605706	0.03003942943	0.9996206243	0.3828918682
0.9709615516	0.02903844845	0.9996458988	0.3825739476
0.9719625325	0.02803746747	0.9996702743	0.3822565247
0.9729635135	0.02703648649	0.9996937539	0.3819395984
0.9739644945	0.02603550551	0.9997163406	0.3816231677
0.9749654755	0.02503452452	0.9997380376	0.3813072314
0.9759664565	0.02403354354	0.9997588478	0.3809917885
0.9769674374	0.02303256256	0.9997787742	0.3806768379
0.9779684184	0.02203158158	0.9997978199	0.3803623785
0.9789693994	0.0210306006	0.9998159879	0.3800484093
0.9799703804	0.02002961962	0.9998332812	0.3797349291
0.9809713614	0.01902863864	0.9998497028	0.3794219369
0.9819723423	0.01802765766	0.9998652556	0.3791094316
0.9829733233	0.01702667668	0.9998799427	0.3787974121
0.9839743043	0.0160256957	0.9998937669	0.3784858775
0.9849752853	0.01502471471	0.9999067314	0.3781748265
0.9859762663	0.01402373373	0.9999188389	0.3778642583
0.9869772472	0.01302275275	0.9999300925	0.3775541717
0.9879782282	0.01202177177	0.9999404951	0.3772445656
0.9889792092	0.01102079079	0.9999500496	0.376935439
0.9899801902	0.01001980981	0.9999587589	0.376626791
0.9909811712	0.009018828829	0.9999666258	0.3763186203
0.9919821522	0.008017847848	0.9999736534	0.3760109261
0.9929831331	0.007016866867	0.9999798445	0.3757037072
0.9939841141	0.006015885886	0.9999852019	0.3753969626
0.9949850951	0.005014904905	0.9999897286	0.3750906913
0.9959860761	0.004013923924	0.9999934273	0.3747848923
0.9969870571	0.003012942943	0.999996301	0.3744795645
0.997988038	0.002011961962	0.9999983524	0.3741747069
0.998989019	0.001010980981	0.9999995845	0.3738703184
0.99999	1e-05	1	0.3735663982
