1e-05	0.99999	11210.89371	1.000000021
0.001010980981	0.998989019	7392.923047	1.000210888
0.002011961962	0.997988038	4980.671467	1.000807366
0.003012942943	0.9969870571	3423.381402	1.001751361
0.004013923924	0.9959860761	2397.539725	1.003008699
0.005014904905	0.9949850951	1708.873755	1.004548643
0.006015885886	0.9939841141	1238.275756	1.006343487
0.007016866867	0.9929831331	911.2825846	1.008368199
0.008017847848	0.9919821522	680.4786356	1.010600119
0.009018828829	0.9909811712	515.143858	1.013018695
0.01001980981	0.9899801902	395.0471731	1.01560525
0.01102079079	0.9889792092	306.6579222	1.018342785
0.01202177177	0.9879782282	240.7937128	1.021215802
0.01302275275	0.9869772472	191.1364006	1.024210151
0.01402373373	0.9859762663	153.2814193	1.027312894
0.01502471471	0.9849752853	124.1199084	1.030512185
0.0160256957	0.9839743043	101.4315865	1.033797165
0.01702667668	0.9829733233	83.61296508	1.037157871
0.01802765766	0.9819723423	69.49364552	1.040585148
0.01902863864	0.9809713614	58.21067677	1.044070579
0.02002961962	0.9799703804	49.12164999	1.047606415
0.0210306006	0.9789693994	41.74393831	1.051185521
0.02203158158	0.9779684184	35.71177859	1.054801318
0.02303256256	0.9769674374	30.74565799	1.058447738
0.02403354354	0.9759664565	26.63027237	1.062119179
0.02503452452	0.9749654755	23.1985138	1.06581047
0.02603550551	0.9739644945	20.31973828	1.069516832
0.02703648649	0.9729635135	17.89109865	1.073233849
0.02803746747	0.9719625325	15.83109148	1.076957437
0.02903844845	0.9709615516	14.07471626	1.080683822
0.03003942943	0.9699605706	12.56981744	1.084409511
0.03104041041	0.9689595896	11.27430144	1.088131275
0.03204139139	0.9679586086	10.15400489	1.091846125
0.03304237237	0.9669576276	9.181051408	1.0955513
0.03404335335	0.9659566466	8.33257718	1.099244243
0.03504433433	0.9649556657	7.589736534	1.102922593
0.03604531532	0.9639546847	6.936921739	1.106584167
0.0370462963	0.9629537037	6.361147425	1.110226947
0.03804727728	0.9619527227	5.851562337	1.113849071
0.03904825826	0.9609517417	5.399060119	1.117448821
0.04004923924	0.9599507608	4.9959675	1.121024613
0.04105022022	0.9589497798	4.635793324	1.124574987
0.0420512012	0.9579487988	4.313025601	1.1280986
0.04305218218	0.9569478178	4.022966689	1.131594218
0.04405316316	0.9559468368	3.761598858	1.135060706
0.04505414414	0.9549458559	3.525474186	1.138497027
0.04605512513	0.9539448749	3.311624023	1.14190223
0.04705610611	0.9529438939	3.117484262	1.145275447
0.04805708709	0.9519429129	2.940833415	1.148615888
0.04905806807	0.9509419319	2.779741134	1.151922835
0.05005904905	0.949940951	2.63252525	1.155195637
0.05106003003	0.94893997	2.497715797	1.158433707
0.05206101101	0.947938989	2.374024803	1.161636517
0.05306199199	0.946938008	2.260320828	1.164803594
0.05406297297	0.945937027	2.155607441	1.167934518
0.05506395395	0.944936046	2.059004975	1.171028917
0.05606493493	0.9439350651	1.969735011	1.174086465
0.05706591592	0.9429340841	1.887107152	1.177106878
0.0580668969	0.9419331031	1.810507707	1.180089913
0.05906787788	0.9409321221	1.739390004	1.183035364
0.06006885886	0.9399311411	1.673266046	1.185943061
0.06106983984	0.9389301602	1.61169934	1.188812867
0.06207082082	0.9379291792	1.554298685	1.191644674
0.0630718018	0.9369281982	1.50071281	1.194438405
0.06407278278	0.9359272172	1.450625711	1.19719401
0.06507376376	0.9349262362	1.403752597	1.199911465
0.06607474474	0.9339252553	1.359836358	1.202590767
0.06707572573	0.9329242743	1.31864448	1.205231938
0.06807670671	0.9319232933	1.279966342	1.207835021
0.06907768769	0.9309223123	1.243610849	1.210400076
0.07007866867	0.9299213313	1.209404349	1.212927186
0.07107964965	0.9289203504	1.177188801	1.215416445
0.07208063063	0.9279193694	1.146820157	1.217867969
0.07308161161	0.9269183884	1.118166931	1.220281885
0.07408259259	0.9259174074	1.091108938	1.222658335
0.07508357357	0.9249164264	1.065536171	1.224997474
0.07608455455	0.9239154454	1.041347802	1.22729947
0.07708553554	0.9229144645	1.018451298	1.229564502
0.07808651652	0.9219134835	0.9967616284	1.231792758
0.0790874975	0.9209125025	0.9762005615	1.233984439
0.08008847848	0.9199115215	0.9566960328	1.23613975
0.08108945946	0.9189105405	0.9381815805	1.23825891
0.08209044044	0.9179095596	0.9205958392	1.240342143
0.08309142142	0.9169085786	0.9038820855	1.24238968
0.0840924024	0.9159075976	0.8879878289	1.244401759
0.08509338338	0.9149066166	0.872864444	1.246378624
0.08609436436	0.9139056356	0.8584668384	1.248320526
0.08709534535	0.9129046547	0.8447531533	1.25022772
0.08809632633	0.9119036737	0.8316844926	1.252100465
0.08909730731	0.9109026927	0.8192246778	1.253939026
0.09009828829	0.9099017117	0.807340026	1.255743671
0.09109926927	0.9089007307	0.795999148	1.257514671
0.09210025025	0.9078997497	0.7851727659	1.259252301
0.09310123123	0.9068987688	0.774833546	1.260956839
0.09410221221	0.9058977878	0.7649559477	1.262628566
0.09510319319	0.9048968068	0.755516085	1.264267763
0.09610417417	0.9038958258	0.7464916011	1.265874715
0.09710515516	0.9028948448	0.7378615527	1.267449708
0.09810613614	0.9018938639	0.7296063049	1.26899303
0.09910711712	0.9008928829	0.7217074353	1.27050497
0.1001080981	0.8998919019	0.7141476454	1.271985817
0.1011090791	0.8988909209	0.7069106797	1.273435862
0.1021100601	0.8978899399	0.6999812516	1.274855396
0.103111041	0.896888959	0.693344975	1.276244711
0.104112022	0.895887978	0.686988302	1.277604098
0.105113003	0.894886997	0.6808984645	1.27893385
0.106113984	0.893886016	0.6750634214	1.280234258
0.107114965	0.892885035	0.6694718096	1.281505613
0.1081159459	0.8918840541	0.6641128985	1.282748207
0.1091169269	0.8908830731	0.6589765485	1.283962331
0.1101179079	0.8898820921	0.6540531719	1.285148273
0.1111188889	0.8888811111	0.6493336977	1.286306324
0.1121198699	0.8878801301	0.6448095381	1.287436772
0.1131208509	0.8868791491	0.640472558	1.288539904
0.1141218318	0.8858781682	0.6363150467	1.289616007
0.1151228128	0.8848771872	0.632329691	1.290665365
0.1161237938	0.8838762062	0.6285095516	1.291688263
0.1171247748	0.8828752252	0.6248480392	1.292684982
0.1181257558	0.8818742442	0.6213388945	1.293655805
0.1191267367	0.8808732633	0.6179761676	1.294601011
0.1201277177	0.8798722823	0.6147541999	1.295520878
0.1211286987	0.8788713013	0.6116676075	1.296415683
0.1221296797	0.8778703203	0.6087112644	1.297285701
0.1231306607	0.8768693393	0.6058802884	1.298131206
0.1241316416	0.8758683584	0.6031700266	1.298952468
0.1251326226	0.8748673774	0.600576043	1.299749757
0.1261336036	0.8738663964	0.5980941058	1.300523343
0.1271345846	0.8728654154	0.5957201766	1.30127349
0.1281355656	0.8718644344	0.5934503993	1.302000463
0.1291365465	0.8708634535	0.5912810905	1.302704524
0.1301375275	0.8698624725	0.5892087299	1.303385934
0.1311385085	0.8688614915	0.5872299519	1.304044951
0.1321394895	0.8678605105	0.585341537	1.304681831
0.1331404705	0.8668595295	0.5835404045	1.305296829
0.1341414515	0.8658585485	0.5818236051	1.305890197
0.1351424324	0.8648575676	0.5801883139	1.306462185
0.1361434134	0.8638565866	0.5786318243	1.307013042
0.1371443944	0.8628556056	0.577151542	1.307543013
0.1381453754	0.8618546246	0.5757449793	1.308052343
0.1391463564	0.8608536436	0.5744097495	1.308541272
0.1401473373	0.8598526627	0.5731435623	1.309010042
0.1411483183	0.8588516817	0.5719442188	1.30945889
0.1421492993	0.8578507007	0.5708096074	1.30988805
0.1431502803	0.8568497197	0.5697376989	1.310297757
0.1441512613	0.8558487387	0.5687265434	1.310688242
0.1451522422	0.8548477578	0.5677742658	1.311059733
0.1461532232	0.8538467768	0.5668790629	1.311412458
0.1471542042	0.8528457958	0.5660391993	1.311746641
0.1481551852	0.8518448148	0.5652530052	1.312062505
0.1491561662	0.8508438338	0.5645188726	1.312360271
0.1501571471	0.8498428529	0.5638352526	1.312640156
0.1511581281	0.8488418719	0.5632006532	1.312902378
0.1521591091	0.8478408909	0.5626136362	1.31314715
0.1531600901	0.8468399099	0.5620728151	1.313374684
0.1541610711	0.8458389289	0.5615768528	1.31358519
0.1551620521	0.8448379479	0.5611244593	1.313778876
0.156163033	0.843836967	0.5607143897	1.313955948
0.157164014	0.842835986	0.5603454424	1.314116609
0.158164995	0.841835005	0.5600164569	1.31426106
0.159165976	0.840834024	0.5597263126	1.314389502
0.160166957	0.839833043	0.5594739265	1.314502132
0.1611679379	0.8388320621	0.559258252	1.314599145
0.1621689189	0.8378310811	0.5590782775	1.314680734
0.1631698999	0.8368301001	0.5589330244	1.314747091
0.1641708809	0.8358291191	0.5588215465	1.314798405
0.1651718619	0.8348281381	0.558742928	1.314834864
0.1661728428	0.8338271572	0.5586962827	1.314856652
0.1671738238	0.8328261762	0.5586807527	1.314863954
0.1681748048	0.8318251952	0.5586955071	1.31485695
0.1691757858	0.8308242142	0.5587397414	1.314835821
0.1701767668	0.8298232332	0.5588126758	1.314800743
0.1711777477	0.8288222523	0.5589135549	1.314751892
0.1721787287	0.8278212713	0.5590416464	1.314689442
0.1731797097	0.8268202903	0.5591962401	1.314613566
0.1741806907	0.8258193093	0.5593766475	1.314524432
0.1751816717	0.8248183283	0.5595822004	1.31442221
0.1761826527	0.8238173473	0.5598122509	1.314307065
0.1771836336	0.8228163664	0.5600661697	1.314179162
0.1781846146	0.8218153854	0.5603433462	1.314038663
0.1791855956	0.8208144044	0.5606431876	1.31388573
0.1801865766	0.8198134234	0.5609651181	1.313720522
0.1811875576	0.8188124424	0.5613085781	1.313543195
0.1821885385	0.8178114615	0.5616730244	1.313353906
0.1831895195	0.8168104805	0.5620579287	1.313152809
0.1841905005	0.8158094995	0.5624627776	1.312940054
0.1851914815	0.8148085185	0.562887072	1.312715794
0.1861924625	0.8138075375	0.5633303264	1.312480177
0.1871934434	0.8128065566	0.5637920688	1.31223335
0.1881944244	0.8118055756	0.5642718399	1.311975457
0.1891954054	0.8108045946	0.5647691927	1.311706644
0.1901963864	0.8098036136	0.5652836922	1.311427052
0.1911973674	0.8088026326	0.5658149152	1.311136823
0.1921983483	0.8078016517	0.5663624493	1.310836093
0.1931993293	0.8068006707	0.5669258932	1.310525003
0.1942003103	0.8057996897	0.5675048558	1.310203686
0.1952012913	0.8047987087	0.5680989563	1.309872278
0.1962022723	0.8037977277	0.5687078236	1.309530911
0.1972032533	0.8027967467	0.569331096	1.309179716
0.1982042342	0.8017957658	0.569968421	1.308818824
0.1992052152	0.8007947848	0.570619455	1.308448362
0.2002061962	0.7997938038	0.571283863	1.308068458
0.2012071772	0.7987928228	0.5719613181	1.307679236
0.2022081582	0.7977918418	0.5726515016	1.307280821
0.2032091391	0.7967908609	0.5733541028	1.306873335
0.2042101201	0.7957898799	0.5740688182	1.3064569
0.2052111011	0.7947888989	0.5747953518	1.306031634
0.2062120821	0.7937879179	0.5755334148	1.305597657
0.2072130631	0.7927869369	0.576282725	1.305155085
0.208214044	0.791785956	0.5770430072	1.304704034
0.209215025	0.790784975	0.5778139926	1.304244618
0.210216006	0.789783994	0.5785954185	1.30377695
0.211216987	0.788783013	0.5793870285	1.303301142
0.212217968	0.787782032	0.5801885722	1.302817304
0.2132189489	0.7867810511	0.5809998046	1.302325546
0.2142199299	0.7857800701	0.5818204867	1.301825974
0.2152209109	0.7847790891	0.5826503847	1.301318697
0.2162218919	0.7837781081	0.5834892701	1.300803818
0.2172228729	0.7827771271	0.5843369195	1.300281442
0.2182238539	0.7817761461	0.5851931147	1.299751673
0.2192248348	0.7807751652	0.5860576421	1.299214611
0.2202258158	0.7797741842	0.5869302928	1.298670357
0.2212267968	0.7787732032	0.5878108626	1.298119011
0.2222277778	0.7777722222	0.5886991518	1.29756067
0.2232287588	0.7767712412	0.5895949649	1.296995433
0.2242297397	0.7757702603	0.5904981106	1.296423394
0.2252307207	0.7747692793	0.5914084017	1.295844649
0.2262317017	0.7737682983	0.5923256553	1.295259291
0.2272326827	0.7727673173	0.5932496919	1.294667413
0.2282336637	0.7717663363	0.5941803361	1.294069106
0.2292346446	0.7707653554	0.5951174161	1.293464461
0.2302356256	0.7697643744	0.5960607637	1.292853568
0.2312366066	0.7687633934	0.5970102142	1.292236514
0.2322375876	0.7677624124	0.5979656062	1.291613386
0.2332385686	0.7667614314	0.5989267818	1.290984272
0.2342395495	0.7657604505	0.5998935863	1.290349256
0.2352405305	0.7647594695	0.600865868	1.289708424
0.2362415115	0.7637584885	0.6018434783	1.289061857
0.2372424925	0.7627575075	0.6028262718	1.288409638
0.2382434735	0.7617565265	0.6038141059	1.287751849
0.2392444545	0.7607555455	0.6048068407	1.28708857
0.2402454354	0.7597545646	0.6058043394	1.286419881
0.2412464164	0.7587535836	0.6068064676	1.28574586
0.2422473974	0.7577526026	0.6078130937	1.285066584
0.2432483784	0.7567516216	0.6088240887	1.284382131
0.2442493594	0.7557506406	0.6098393261	1.283692576
0.2452503403	0.7547496597	0.6108586819	1.282997994
0.2462513213	0.7537486787	0.6118820343	1.28229846
0.2472523023	0.7527476977	0.6129092641	1.281594045
0.2482532833	0.7517467167	0.6139402544	1.280884823
0.2492542643	0.7507457357	0.6149748902	1.280170865
0.2502552452	0.7497447548	0.6160130592	1.279452241
0.2512562262	0.7487437738	0.6170546507	1.278729022
0.2522572072	0.7477427928	0.6180995566	1.278001276
0.2532581882	0.7467418118	0.6191476704	1.277269072
0.2542591692	0.7457408308	0.620198888	1.276532476
0.2552601502	0.7447398498	0.6212531069	1.275791556
0.2562611311	0.7437388689	0.6223102267	1.275046376
0.2572621121	0.7427378879	0.6233701488	1.274297003
0.2582630931	0.7417369069	0.6244327764	1.2735435
0.2592640741	0.7407359259	0.6254980147	1.272785931
0.2602650551	0.7397349449	0.6265657704	1.272024358
0.261266036	0.738733964	0.627635952	1.271258844
0.262267017	0.737732983	0.6287084696	1.27048945
0.263267998	0.736732002	0.6297832351	1.269716236
0.264268979	0.735731021	0.6308601619	1.268939261
0.26526996	0.73473004	0.6319391649	1.268158586
0.2662709409	0.7337290591	0.6330201606	1.267374269
0.2672719219	0.7327280781	0.6341030671	1.266586367
0.2682729029	0.7317270971	0.6351878038	1.265794937
0.2692738839	0.7307261161	0.6362742917	1.265000036
0.2702748649	0.7297251351	0.637362453	1.26420172
0.2712758458	0.7287241542	0.6384522116	1.263400043
0.2722768268	0.7277231732	0.6395434925	1.262595059
0.2732778078	0.7267221922	0.6406362221	1.261786824
0.2742787888	0.7257212112	0.6417303281	1.260975389
0.2752797698	0.7247202302	0.6428257394	1.260160808
0.2762807508	0.7237192492	0.6439223863	1.259343132
0.2772817317	0.7227182683	0.6450202003	1.258522412
0.2782827127	0.7217172873	0.646119114	1.257698699
0.2792836937	0.7207163063	0.6472190613	1.256872044
0.2802846747	0.7197153253	0.648319977	1.256042495
0.2812856557	0.7187143443	0.6494217974	1.255210101
0.2822866366	0.7177133634	0.6505244597	1.254374912
0.2832876176	0.7167123824	0.6516279021	1.253536974
0.2842885986	0.7157114014	0.6527320641	1.252696335
0.2852895796	0.7147104204	0.6538368861	1.251853041
0.2862905606	0.7137094394	0.6549423095	1.251007138
0.2872915415	0.7127084585	0.6560482768	1.250158673
0.2882925225	0.7117074775	0.6571547315	1.249307689
0.2892935035	0.7107064965	0.658261618	1.248454232
0.2902944845	0.7097055155	0.6593688816	1.247598346
0.2912954655	0.7087045345	0.6604764688	1.246740073
0.2922964464	0.7077035536	0.6615843266	1.245879457
0.2932974274	0.7067025726	0.6626924033	1.245016539
0.2942984084	0.7057015916	0.6638006479	1.244151363
0.2952993894	0.7047006106	0.6649090103	1.243283969
0.2963003704	0.7036996296	0.6660174411	1.242414398
0.2973013514	0.7026986486	0.667125892	1.241542691
0.2983023323	0.7016976677	0.6682343154	1.240668888
0.2993033133	0.7006966867	0.6693426645	1.239793027
0.3003042943	0.6996957057	0.6704508933	1.238915149
0.3013052753	0.6986947247	0.6715589566	1.238035291
0.3023062563	0.6976937437	0.6726668099	1.237153492
0.3033072372	0.6966927628	0.6737744095	1.236269789
0.3043082182	0.6956917818	0.6748817125	1.23538422
0.3053091992	0.6946908008	0.6759886767	1.234496821
0.3063101802	0.6936898198	0.6770952606	1.233607628
0.3073111612	0.6926888388	0.6782014232	1.232716678
0.3083121421	0.6916878579	0.6793071246	1.231824006
0.3093131231	0.6906868769	0.6804123252	1.230929647
0.3103141041	0.6896858959	0.6815169863	1.230033635
0.3113150851	0.6886849149	0.6826210698	1.229136005
0.3123160661	0.6876839339	0.6837245382	1.228236791
0.313317047	0.686682953	0.6848273546	1.227336025
0.314318028	0.685681972	0.6859294828	1.226433742
0.315319009	0.684680991	0.6870308873	1.225529973
0.31631999	0.68368001	0.688131533	1.22462475
0.317320971	0.682679029	0.6892313855	1.223718107
0.318321952	0.681678048	0.6903304109	1.222810073
0.3193229329	0.6806770671	0.6914285761	1.221900681
0.3203239139	0.6796760861	0.6925258483	1.22098996
0.3213248949	0.6786751051	0.6936221954	1.220077942
0.3223258759	0.6776741241	0.6947175858	1.219164656
0.3233268569	0.6766731431	0.6958119885	1.218250131
0.3243278378	0.6756721622	0.6969053729	1.217334398
0.3253288188	0.6746711812	0.697997709	1.216417485
0.3263297998	0.6736702002	0.6990889674	1.215499421
0.3273307808	0.6726692192	0.7001791189	1.214580234
0.3283317618	0.6716682382	0.7012681353	1.213659951
0.3293327427	0.6706672573	0.7023559883	1.212738601
0.3303337237	0.6696662763	0.7034426506	1.21181621
0.3313347047	0.6686652953	0.704528095	1.210892806
0.3323356857	0.6676643143	0.705612295	1.209968415
0.3333366667	0.6666633333	0.7066952244	1.209043064
0.3343376476	0.6656623524	0.7077768576	1.208116778
0.3353386286	0.6646613714	0.7088571693	1.207189583
0.3363396096	0.6636603904	0.7099361346	1.206261504
0.3373405906	0.6626594094	0.7110137294	1.205332567
0.3383415716	0.6616584284	0.7120899295	1.204402796
0.3393425526	0.6606574474	0.7131647115	1.203472216
0.3403435335	0.6596564665	0.7142380522	1.202540851
0.3413445145	0.6586554855	0.715309929	1.201608724
0.3423454955	0.6576545045	0.7163803194	1.20067586
0.3433464765	0.6566535235	0.7174492017	1.199742281
0.3443474575	0.6556525425	0.7185165541	1.198808011
0.3453484384	0.6546515616	0.7195823557	1.197873072
0.3463494194	0.6536505806	0.7206465856	1.196937487
0.3473504004	0.6526495996	0.7217092233	1.196001278
0.3483513814	0.6516486186	0.7227702488	1.195064467
0.3493523624	0.6506476376	0.7238296425	1.194127075
0.3503533433	0.6496466567	0.724887385	1.193189125
0.3513543243	0.6486456757	0.7259434573	1.192250636
0.3523553053	0.6476446947	0.7269978407	1.191311631
0.3533562863	0.6466437137	0.728050517	1.19037213
0.3543572673	0.6456427327	0.729101468	1.189432152
0.3553582482	0.6446417518	0.7301506763	1.188491719
0.3563592292	0.6436407708	0.7311981245	1.18755085
0.3573602102	0.6426397898	0.7322437954	1.186609565
0.3583611912	0.6416388088	0.7332876726	1.185667883
0.3593621722	0.6406378278	0.7343297394	1.184725823
0.3603631532	0.6396368468	0.73536998	1.183783405
0.3613641341	0.6386358659	0.7364083784	1.182840647
0.3623651151	0.6376348849	0.7374449191	1.181897567
0.3633660961	0.6366339039	0.7384795871	1.180954185
0.3643670771	0.6356329229	0.7395123673	1.180010517
0.3653680581	0.6346319419	0.7405432451	1.179066582
0.366369039	0.633630961	0.7415722062	1.178122397
0.36737002	0.63262998	0.7425992365	1.177177981
0.368371001	0.631628999	0.7436243222	1.176233349
0.369371982	0.630628018	0.7446474497	1.175288519
0.370372963	0.629627037	0.7456686058	1.174343508
0.3713739439	0.6286260561	0.7466877774	1.173398332
0.3723749249	0.6276250751	0.7477049518	1.172453008
0.3733759059	0.6266240941	0.7487201165	1.171507551
0.3743768869	0.6256231131	0.7497332592	1.170561979
0.3753778679	0.6246221321	0.7507443679	1.169616306
0.3763788488	0.6236211512	0.7517534308	1.168670547
0.3773798298	0.6226201702	0.7527604364	1.16772472
0.3783808108	0.6216191892	0.7537653733	1.166778838
0.3793817918	0.6206182082	0.7547682306	1.165832917
0.3803827728	0.6196172272	0.7557689973	1.164886971
0.3813837538	0.6186162462	0.7567676629	1.163941016
0.3823847347	0.6176152653	0.7577642169	1.162995065
0.3833857157	0.6166142843	0.7587586492	1.162049133
0.3843866967	0.6156133033	0.7597509498	1.161103234
0.3853876777	0.6146123223	0.7607411089	1.160157382
0.3863886587	0.6136113413	0.7617291171	1.159211591
0.3873896396	0.6126103604	0.762714965	1.158265874
0.3883906206	0.6116093794	0.7636986434	1.157320244
0.3893916016	0.6106083984	0.7646801435	1.156374716
0.3903925826	0.6096074174	0.7656594565	1.155429302
0.3913935636	0.6086064364	0.7666365738	1.154484014
0.3923945445	0.6076054555	0.7676114872	1.153538866
0.3933955255	0.6066044745	0.7685841884	1.152593871
0.3943965065	0.6056034935	0.7695546696	1.15164904
0.3953974875	0.6046025125	0.770522923	1.150704386
0.3963984685	0.6036015315	0.7714889408	1.149759922
0.3973994494	0.6026005506	0.7724527158	1.148815658
0.3984004304	0.6015995696	0.7734142408	1.147871608
0.3994014114	0.6005985886	0.7743735085	1.146927782
0.4004023924	0.5995976076	0.7753305122	1.145984192
0.4014033734	0.5985966266	0.7762852451	1.14504085
0.4024043544	0.5975956456	0.7772377007	1.144097767
0.4034053353	0.5965946647	0.7781878726	1.143154953
0.4044063163	0.5955936837	0.7791357546	1.14221242
0.4054072973	0.5945927027	0.7800813406	1.14127018
0.4064082783	0.5935917217	0.7810246247	1.140328241
0.4074092593	0.5925907407	0.7819656011	1.139386615
0.4084102402	0.5915897598	0.7829042644	1.138445313
0.4094112212	0.5905887788	0.7838406089	1.137504344
0.4104122022	0.5895877978	0.7847746295	1.136563719
0.4114131832	0.5885868168	0.7857063211	1.135623448
0.4124141642	0.5875858358	0.7866356785	1.13468354
0.4134151451	0.5865848549	0.787562697	1.133744006
0.4144161261	0.5855838739	0.7884873719	1.132804854
0.4154171071	0.5845828929	0.7894096985	1.131866096
0.4164180881	0.5835819119	0.7903296726	1.130927739
0.4174190691	0.5825809309	0.7912472897	1.129989793
0.4184200501	0.5815799499	0.7921625457	1.129052268
0.419421031	0.580578969	0.7930754367	1.128115172
0.420422012	0.579577988	0.7939859586	1.127178514
0.421422993	0.578577007	0.7948941079	1.126242304
0.422423974	0.577576026	0.7957998807	1.125306549
0.423424955	0.576575045	0.7967032736	1.124371258
0.4244259359	0.5755740641	0.7976042833	1.12343644
0.4254269169	0.5745730831	0.7985029064	1.122502103
0.4264278979	0.5735721021	0.7993991398	1.121568256
0.4274288789	0.5725711211	0.8002929805	1.120634906
0.4284298599	0.5715701401	0.8011844257	1.119702061
0.4294308408	0.5705691592	0.8020734724	1.11876973
0.4304318218	0.5695681782	0.802960118	1.11783792
0.4314328028	0.5685671972	0.8038443601	1.116906639
0.4324337838	0.5675662162	0.804726196	1.115975894
0.4334347648	0.5665652352	0.8056056236	1.115045693
0.4344357457	0.5655642543	0.8064826404	1.114116044
0.4354367267	0.5645632733	0.8073572445	1.113186953
0.4364377077	0.5635622923	0.8082294338	1.112258428
0.4374386887	0.5625613113	0.8090992064	1.111330475
0.4384396697	0.5615603303	0.8099665605	1.110403103
0.4394406507	0.5605593493	0.8108314943	1.109476318
0.4404416316	0.5595583684	0.8116940063	1.108550126
0.4414426126	0.5585573874	0.8125540949	1.107624534
0.4424435936	0.5575564064	0.8134117587	1.10669955
0.4434445746	0.5565554254	0.8142669964	1.105775179
0.4444455556	0.5555544444	0.8151198068	1.104851428
0.4454465365	0.5545534635	0.8159701887	1.103928303
0.4464475175	0.5535524825	0.816818141	1.103005811
0.4474484985	0.5525515015	0.8176636629	1.102083958
0.4484494795	0.5515505205	0.8185067535	1.10116275
0.4494504605	0.5505495395	0.819347412	1.100242192
0.4504514414	0.5495485586	0.8201856377	1.099322292
0.4514524224	0.5485475776	0.8210214299	1.098403053
0.4524534034	0.5475465966	0.8218547883	1.097484484
0.4534543844	0.5465456156	0.8226857123	1.096566588
0.4544553654	0.5455446346	0.8235142016	1.095649373
0.4554563463	0.5445436537	0.8243402559	1.094732842
0.4564573273	0.5435426727	0.825163875	1.093817002
0.4574583083	0.5425416917	0.8259850588	1.092901858
0.4584592893	0.5415407107	0.8268038074	1.091987416
0.4594602703	0.5405397297	0.8276201206	1.09107368
0.4604612513	0.5395387487	0.8284339987	1.090160656
0.4614622322	0.5385377678	0.8292454417	1.089248348
0.4624632132	0.5375367868	0.8300544501	1.088336763
0.4634641942	0.5365358058	0.8308610241	1.087425903
0.4644651752	0.5355348248	0.8316651641	1.086515776
0.4654661562	0.5345338438	0.8324668706	1.085606385
0.4664671371	0.5335328629	0.8332661441	1.084697734
0.4674681181	0.5325318819	0.8340629853	1.08378983
0.4684690991	0.5315309009	0.8348573949	1.082882675
0.4694700801	0.5305299199	0.8356493735	1.081976275
0.4704710611	0.5295289389	0.8364389221	1.081070634
0.471472042	0.528527958	0.8372260414	1.080165757
0.472473023	0.527526977	0.8380107325	1.079261648
0.473474004	0.526525996	0.8387929963	1.07835831
0.474474985	0.525525015	0.8395728339	1.077455749
0.475475966	0.524524034	0.8403502464	1.076553968
0.4764769469	0.5235230531	0.841125235	1.075652971
0.4774779279	0.5225220721	0.841897801	1.074752763
0.4784789089	0.5215210911	0.8426679457	1.073853347
0.4794798899	0.5205201101	0.8434356703	1.072954727
0.4804808709	0.5195191291	0.8442009765	1.072056907
0.4814818519	0.5185181481	0.8449638655	1.07115989
0.4824828328	0.5175171672	0.845724339	1.070263681
0.4834838138	0.5165161862	0.8464823986	1.069368283
0.4844847948	0.5155152052	0.8472380458	1.068473699
0.4854857758	0.5145142242	0.8479912824	1.067579933
0.4864867568	0.5135132432	0.8487421101	1.066686989
0.4874877377	0.5125122623	0.8494905306	1.065794869
0.4884887187	0.5115112813	0.850236546	1.064903578
0.4894896997	0.5105103003	0.850980158	1.064013118
0.4904906807	0.5095093193	0.8517213685	1.063123493
0.4914916617	0.5085083383	0.8524601797	1.062234706
0.4924926426	0.5075073574	0.8531965934	1.06134676
0.4934936236	0.5065063764	0.8539306119	1.060459658
0.4944946046	0.5055053954	0.8546622372	1.059573403
0.4954955856	0.5045044144	0.8553914715	1.058687998
0.4964965666	0.5035034334	0.856118317	1.057803446
0.4974975475	0.5025024525	0.856842776	1.05691975
0.4984985285	0.5015014715	0.8575648509	1.056036913
0.4994995095	0.5005004905	0.8582845438	1.055154938
0.5005004905	0.4994995095	0.8590018574	1.054273826
0.5015014715	0.4984985285	0.8597167939	1.053393582
0.5025024525	0.4974975475	0.8604293559	1.052514207
0.5035034334	0.4964965666	0.8611395458	1.051635704
0.5045044144	0.4954955856	0.8618473663	1.050758076
0.5055053954	0.4944946046	0.86255282	1.049881324
0.5065063764	0.4934936236	0.8632559093	1.049005453
0.5075073574	0.4924926426	0.8639566372	1.048130464
0.5085083383	0.4914916617	0.8646550061	1.047256358
0.5095093193	0.4904906807	0.865351019	1.04638314
0.5105103003	0.4894896997	0.8660446785	1.045510811
0.5115112813	0.4884887187	0.8667359875	1.044639373
0.5125122623	0.4874877377	0.8674249488	1.043768828
0.5135132432	0.4864867568	0.8681115654	1.042899178
0.5145142242	0.4854857758	0.86879584	1.042030427
0.5155152052	0.4844847948	0.8694777758	1.041162575
0.5165161862	0.4834838138	0.8701573757	1.040295625
0.5175171672	0.4824828328	0.8708346426	1.039429578
0.5185181481	0.4814818519	0.8715095797	1.038564438
0.5195191291	0.4804808709	0.87218219	1.037700205
0.5205201101	0.4794798899	0.8728524767	1.036836881
0.5215210911	0.4784789089	0.8735204428	1.035974469
0.5225220721	0.4774779279	0.8741860915	1.035112969
0.5235230531	0.4764769469	0.8748494261	1.034252385
0.524524034	0.475475966	0.8755104498	1.033392717
0.525525015	0.474474985	0.8761691658	1.032533968
0.526525996	0.473474004	0.8768255774	1.031676138
0.527526977	0.472473023	0.877479688	1.03081923
0.528527958	0.471472042	0.8781315008	1.029963245
0.5295289389	0.4704710611	0.8787810192	1.029108184
0.5305299199	0.4694700801	0.8794282466	1.02825405
0.5315309009	0.4684690991	0.8800731865	1.027400844
0.5325318819	0.4674681181	0.8807158422	1.026548566
0.5335328629	0.4664671371	0.8813562173	1.025697219
0.5345338438	0.4654661562	0.8819943152	1.024846804
0.5355348248	0.4644651752	0.8826301394	1.023997322
0.5365358058	0.4634641942	0.8832636936	1.023148775
0.5375367868	0.4624632132	0.8838949811	1.022301163
0.5385377678	0.4614622322	0.8845240057	1.021454488
0.5395387487	0.4604612513	0.8851507709	1.020608752
0.5405397297	0.4594602703	0.8857752803	1.019763955
0.5415407107	0.4584592893	0.8863975376	1.018920099
0.5425416917	0.4574583083	0.8870175465	1.018077184
0.5435426727	0.4564573273	0.8876353106	1.017235213
0.5445436537	0.4554563463	0.8882508337	1.016394185
0.5455446346	0.4544553654	0.8888641195	1.015554102
0.5465456156	0.4534543844	0.8894751717	1.014714965
0.5475465966	0.4524534034	0.8900839941	1.013876775
0.5485475776	0.4514524224	0.8906905904	1.013039533
0.5495485586	0.4504514414	0.8912949646	1.01220324
0.5505495395	0.4494504605	0.8918971203	1.011367896
0.5515505205	0.4484494795	0.8924970615	1.010533503
0.5525515015	0.4474484985	0.893094792	1.009700062
0.5535524825	0.4464475175	0.8936903157	1.008867573
0.5545534635	0.4454465365	0.8942836364	1.008036036
0.5555544444	0.4444455556	0.8948747581	1.007205454
0.5565554254	0.4434445746	0.8954636847	1.006375826
0.5575564064	0.4424435936	0.8960504201	1.005547154
0.5585573874	0.4414426126	0.8966349682	1.004719437
0.5595583684	0.4404416316	0.8972173331	1.003892677
0.5605593493	0.4394406507	0.8977975188	1.003066874
0.5615603303	0.4384396697	0.8983755291	1.002242029
0.5625613113	0.4374386887	0.8989513682	1.001418143
0.5635622923	0.4364377077	0.89952504	1.000595216
0.5645632733	0.4354367267	0.9000965486	0.9997732481
0.5655642543	0.4344357457	0.900665898	0.9989522405
0.5665652352	0.4334347648	0.9012330923	0.9981321936
0.5675662162	0.4324337838	0.9017981356	0.9973131078
0.5685671972	0.4314328028	0.902361032	0.9964949835
0.5695681782	0.4304318218	0.9029217855	0.9956778212
0.5705691592	0.4294308408	0.9034804003	0.9948616214
0.5715701401	0.4284298599	0.9040368804	0.9940463843
0.5725711211	0.4274288789	0.9045912301	0.9932321105
0.5735721021	0.4264278979	0.9051434535	0.9924188001
0.5745730831	0.4254269169	0.9056935547	0.9916064536
0.5755740641	0.4244259359	0.9062415378	0.9907950713
0.576575045	0.423424955	0.9067874072	0.9899846534
0.577576026	0.422423974	0.9073311668	0.9891752002
0.578577007	0.421422993	0.9078728211	0.988366712
0.579577988	0.420422012	0.908412374	0.987559189
0.580578969	0.419421031	0.9089498299	0.9867526313
0.5815799499	0.4184200501	0.909485193	0.9859470393
0.5825809309	0.4174190691	0.9100184675	0.9851424131
0.5835819119	0.4164180881	0.9105496577	0.9843387527
0.5845828929	0.4154171071	0.9110787677	0.9835360584
0.5855838739	0.4144161261	0.9116058019	0.9827343303
0.5865848549	0.4134151451	0.9121307645	0.9819335685
0.5875858358	0.4124141642	0.9126536597	0.981133773
0.5885868168	0.4114131832	0.913174492	0.9803349438
0.5895877978	0.4104122022	0.9136932654	0.9795370812
0.5905887788	0.4094112212	0.9142099844	0.978740185
0.5915897598	0.4084102402	0.9147246532	0.9779442554
0.5925907407	0.4074092593	0.9152372762	0.9771492922
0.5935917217	0.4064082783	0.9157478575	0.9763552954
0.5945927027	0.4054072973	0.9162564017	0.9755622651
0.5955936837	0.4044063163	0.9167629129	0.9747702012
0.5965946647	0.4034053353	0.9172673955	0.9739791035
0.5975956456	0.4024043544	0.9177698538	0.9731889721
0.5985966266	0.4014033734	0.9182702922	0.9723998068
0.5995976076	0.4004023924	0.918768715	0.9716116075
0.6005985886	0.3994014114	0.9192651266	0.970824374
0.6015995696	0.3984004304	0.9197595312	0.9700381062
0.6026005506	0.3973994494	0.9202519334	0.969252804
0.6036015315	0.3963984685	0.9207423373	0.9684684672
0.6046025125	0.3953974875	0.9212307474	0.9676850955
0.6056034935	0.3943965065	0.9217171681	0.9669026888
0.6066044745	0.3933955255	0.9222016037	0.9661212468
0.6076054555	0.3923945445	0.9226840586	0.9653407694
0.6086064364	0.3913935636	0.9231645372	0.9645612562
0.6096074174	0.3903925826	0.9236430438	0.963782707
0.6106083984	0.3893916016	0.9241195829	0.9630051216
0.6116093794	0.3883906206	0.9245941588	0.9622284996
0.6126103604	0.3873896396	0.9250667759	0.9614528407
0.6136113413	0.3863886587	0.9255374386	0.9606781446
0.6146123223	0.3853876777	0.9260061514	0.959904411
0.6156133033	0.3843866967	0.9264729185	0.9591316396
0.6166142843	0.3833857157	0.9269377444	0.95835983
0.6176152653	0.3823847347	0.9274006335	0.9575889818
0.6186162462	0.3813837538	0.9278615901	0.9568190946
0.6196172272	0.3803827728	0.9283206188	0.9560501681
0.6206182082	0.3793817918	0.9287777239	0.9552822018
0.6216191892	0.3783808108	0.9292329098	0.9545151954
0.6226201702	0.3773798298	0.9296861809	0.9537491484
0.6236211512	0.3763788488	0.9301375416	0.9529840604
0.6246221321	0.3753778679	0.9305869964	0.9522199309
0.6256231131	0.3743768869	0.9310345496	0.9514567595
0.6266240941	0.3733759059	0.9314802056	0.9506945457
0.6276250751	0.3723749249	0.9319239689	0.949933289
0.6286260561	0.3713739439	0.9323658438	0.9491729889
0.629627037	0.370372963	0.9328058349	0.9484136449
0.630628018	0.369371982	0.9332439464	0.9476552566
0.631628999	0.368371001	0.9336801828	0.9468978233
0.63262998	0.36737002	0.9341145485	0.9461413445
0.633630961	0.366369039	0.9345470479	0.9453858198
0.6346319419	0.3653680581	0.9349776854	0.9446312485
0.6356329229	0.3643670771	0.9354064655	0.9438776301
0.6366339039	0.3633660961	0.9358333925	0.943124964
0.6376348849	0.3623651151	0.9362584709	0.9423732496
0.6386358659	0.3613641341	0.936681705	0.9416224863
0.6396368468	0.3603631532	0.9371030992	0.9408726736
0.6406378278	0.3593621722	0.937522658	0.9401238107
0.6416388088	0.3583611912	0.9379403858	0.9393758972
0.6426397898	0.3573602102	0.9383562869	0.9386289323
0.6436407708	0.3563592292	0.9387703658	0.9378829154
0.6446417518	0.3553582482	0.9391826268	0.9371378459
0.6456427327	0.3543572673	0.9395930743	0.9363937232
0.6466437137	0.3533562863	0.9400017128	0.9356505464
0.6476446947	0.3523553053	0.9404085467	0.9349083151
0.6486456757	0.3513543243	0.9408135802	0.9341670284
0.6496466567	0.3503533433	0.9412168179	0.9334266857
0.6506476376	0.3493523624	0.941618264	0.9326872863
0.6516486186	0.3483513814	0.9420179231	0.9319488295
0.6526495996	0.3473504004	0.9424157993	0.9312113146
0.6536505806	0.3463494194	0.9428118972	0.9304747408
0.6546515616	0.3453484384	0.9432062211	0.9297391075
0.6556525425	0.3443474575	0.9435987754	0.9290044139
0.6566535235	0.3433464765	0.9439895644	0.9282706592
0.6576545045	0.3423454955	0.9443785926	0.9275378426
0.6586554855	0.3413445145	0.9447658642	0.9268059635
0.6596564665	0.3403435335	0.9451513836	0.9260750211
0.6606574474	0.3393425526	0.9455351552	0.9253450146
0.6616584284	0.3383415716	0.9459171834	0.9246159431
0.6626594094	0.3373405906	0.9462974724	0.923887806
0.6636603904	0.3363396096	0.9466760267	0.9231606024
0.6646613714	0.3353386286	0.9470528505	0.9224343315
0.6656623524	0.3343376476	0.9474279483	0.9217089925
0.6666633333	0.3333366667	0.9478013243	0.9209845846
0.6676643143	0.3323356857	0.9481729829	0.920261107
0.6686652953	0.3313347047	0.9485429284	0.9195385588
0.6696662763	0.3303337237	0.9489111652	0.9188169392
0.6706672573	0.3293327427	0.9492776974	0.9180962474
0.6716682382	0.3283317618	0.9496425296	0.9173764826
0.6726692192	0.3273307808	0.9500056659	0.9166576437
0.6736702002	0.3263297998	0.9503671108	0.9159397301
0.6746711812	0.3253288188	0.9507268684	0.9152227409
0.6756721622	0.3243278378	0.951084943	0.9145066751
0.6766731431	0.3233268569	0.9514413391	0.9137915319
0.6776741241	0.3223258759	0.9517960608	0.9130773105
0.6786751051	0.3213248949	0.9521491125	0.9123640098
0.6796760861	0.3203239139	0.9525004984	0.9116516292
0.6806770671	0.3193229329	0.9528502228	0.9109401675
0.681678048	0.318321952	0.95319829	0.910229624
0.682679029	0.317320971	0.9535447043	0.9095199977
0.68368001	0.31631999	0.9538894698	0.9088112877
0.684680991	0.315319009	0.9542325909	0.9081034932
0.685681972	0.314318028	0.9545740718	0.9073966131
0.686682953	0.313317047	0.9549139168	0.9066906465
0.6876839339	0.3123160661	0.95525213	0.9059855926
0.6886849149	0.3113150851	0.9555887158	0.9052814504
0.6896858959	0.3103141041	0.9559236783	0.9045782188
0.6906868769	0.3093131231	0.9562570218	0.9038758971
0.6916878579	0.3083121421	0.9565887505	0.9031744842
0.6926888388	0.3073111612	0.9569188686	0.9024739792
0.6936898198	0.3063101802	0.9572473804	0.9017743811
0.6946908008	0.3053091992	0.95757429	0.9010756889
0.6956917818	0.3043082182	0.9578996016	0.9003779018
0.6966927628	0.3033072372	0.9582233194	0.8996810186
0.6976937437	0.3023062563	0.9585454476	0.8989850385
0.6986947247	0.3013052753	0.9588659903	0.8982899604
0.6996957057	0.3003042943	0.9591849519	0.8975957834
0.7006966867	0.2993033133	0.9595023363	0.8969025065
0.7016976677	0.2983023323	0.9598181478	0.8962101286
0.7026986486	0.2973013514	0.9601323906	0.8955186489
0.7036996296	0.2963003704	0.9604450688	0.8948280662
0.7047006106	0.2952993894	0.9607561864	0.8941383796
0.7057015916	0.2942984084	0.9610657478	0.8934495881
0.7067025726	0.2932974274	0.961373757	0.8927616907
0.7077035536	0.2922964464	0.961680218	0.8920746863
0.7087045345	0.2912954655	0.9619851352	0.8913885739
0.7097055155	0.2902944845	0.9622885125	0.8907033525
0.7107064965	0.2892935035	0.962590354	0.8900190212
0.7117074775	0.2882925225	0.962890664	0.8893355787
0.7127084585	0.2872915415	0.9631894464	0.8886530242
0.7137094394	0.2862905606	0.9634867053	0.8879713566
0.7147104204	0.2852895796	0.9637824449	0.8872905749
0.7157114014	0.2842885986	0.9640766692	0.8866106779
0.7167123824	0.2832876176	0.9643693823	0.8859316647
0.7177133634	0.2822866366	0.9646605882	0.8852535342
0.7187143443	0.2812856557	0.964950291	0.8845762854
0.7197153253	0.2802846747	0.9652384947	0.8838999172
0.7207163063	0.2792836937	0.9655252035	0.8832244286
0.7217172873	0.2782827127	0.9658104212	0.8825498184
0.7227182683	0.2772817317	0.9660941521	0.8818760857
0.7237192492	0.2762807508	0.9663764	0.8812032294
0.7247202302	0.2752797698	0.9666571689	0.8805312484
0.7257212112	0.2742787888	0.966936463	0.8798601417
0.7267221922	0.2732778078	0.9672142862	0.8791899081
0.7277231732	0.2722768268	0.9674906425	0.8785205466
0.7287241542	0.2712758458	0.9677655358	0.8778520561
0.7297251351	0.2702748649	0.9680389702	0.8771844356
0.7307261161	0.2692738839	0.9683109497	0.8765176839
0.7317270971	0.2682729029	0.9685814782	0.8758518001
0.7327280781	0.2672719219	0.9688505596	0.8751867829
0.7337290591	0.2662709409	0.969118198	0.8745226313
0.73473004	0.26526996	0.9693843972	0.8738593443
0.735731021	0.264268979	0.9696491612	0.8731969207
0.736732002	0.263267998	0.969912494	0.8725353594
0.737732983	0.262267017	0.9701743994	0.8718746593
0.738733964	0.261266036	0.9704348815	0.8712148194
0.7397349449	0.2602650551	0.970693944	0.8705558386
0.7407359259	0.2592640741	0.9709515909	0.8698977157
0.7417369069	0.2582630931	0.9712078261	0.8692404496
0.7427378879	0.2572621121	0.9714626534	0.8685840393
0.7437388689	0.2562611311	0.9717160769	0.8679284836
0.7447398498	0.2552601502	0.9719681003	0.8672737815
0.7457408308	0.2542591692	0.9722187274	0.8666199317
0.7467418118	0.2532581882	0.9724679623	0.8659669333
0.7477427928	0.2522572072	0.9727158086	0.865314785
0.7487437738	0.2512562262	0.9729622704	0.8646634858
0.7497447548	0.2502552452	0.9732073513	0.8640130346
0.7507457357	0.2492542643	0.9734510553	0.8633634303
0.7517467167	0.2482532833	0.9736933861	0.8627146716
0.7527476977	0.2472523023	0.9739343476	0.8620667576
0.7537486787	0.2462513213	0.9741739435	0.861419687
0.7547496597	0.2452503403	0.9744121778	0.8607734589
0.7557506406	0.2442493594	0.9746490541	0.8601280719
0.7567516216	0.2432483784	0.9748845762	0.8594835251
0.7577526026	0.2422473974	0.9751187481	0.8588398172
0.7587535836	0.2412464164	0.9753515733	0.8581969473
0.7597545646	0.2402454354	0.9755830557	0.857554914
0.7607555455	0.2392444545	0.975813199	0.8569137164
0.7617565265	0.2382434735	0.976042007	0.8562733532
0.7627575075	0.2372424925	0.9762694834	0.8556338234
0.7637584885	0.2362415115	0.976495632	0.8549951258
0.7647594695	0.2352405305	0.9767204564	0.8543572592
0.7657604505	0.2342395495	0.9769439604	0.8537202226
0.7667614314	0.2332385686	0.9771661478	0.8530840148
0.7677624124	0.2322375876	0.9773870221	0.8524486347
0.7687633934	0.2312366066	0.9776065871	0.8518140811
0.7697643744	0.2302356256	0.9778248466	0.8511803529
0.7707653554	0.2292346446	0.9780418041	0.850547449
0.7717663363	0.2282336637	0.9782574633	0.8499153682
0.7727673173	0.2272326827	0.978471828	0.8492841093
0.7737682983	0.2262317017	0.9786849017	0.8486536713
0.7747692793	0.2252307207	0.9788966881	0.848024053
0.7757702603	0.2242297397	0.9791071909	0.8473952532
0.7767712412	0.2232287588	0.9793164137	0.8467672709
0.7777722222	0.2222277778	0.9795243601	0.8461401048
0.7787732032	0.2212267968	0.9797310337	0.8455137538
0.7797741842	0.2202258158	0.9799364382	0.8448882168
0.7807751652	0.2192248348	0.9801405771	0.8442634927
0.7817761461	0.2182238539	0.980343454	0.8436395802
0.7827771271	0.2172228729	0.9805450726	0.8430164783
0.7837781081	0.2162218919	0.9807454364	0.8423941857
0.7847790891	0.2152209109	0.980944549	0.8417727015
0.7857800701	0.2142199299	0.9811424139	0.8411520243
0.7867810511	0.2132189489	0.9813390347	0.8405321531
0.787782032	0.212217968	0.981534415	0.8399130867
0.788783013	0.211216987	0.9817285582	0.8392948239
0.789783994	0.210216006	0.981921468	0.8386773637
0.790784975	0.209215025	0.9821131478	0.8380607048
0.791785956	0.208214044	0.9823036012	0.8374448461
0.7927869369	0.2072130631	0.9824928317	0.8368297865
0.7937879179	0.2062120821	0.9826808428	0.8362155249
0.7947888989	0.2052111011	0.9828676379	0.83560206
0.7957898799	0.2042101201	0.9830532206	0.8349893907
0.7967908609	0.2032091391	0.9832375943	0.8343775159
0.7977918418	0.2022081582	0.9834207626	0.8337664344
0.7987928228	0.2012071772	0.9836027288	0.8331561451
0.7997938038	0.2002061962	0.9837834964	0.8325466468
0.8007947848	0.1992052152	0.983963069	0.8319379383
0.8017957658	0.1982042342	0.9841414498	0.8313300186
0.8027967467	0.1972032533	0.9843186424	0.8307228865
0.8037977277	0.1962022723	0.9844946501	0.8301165408
0.8047987087	0.1952012913	0.9846694765	0.8295109804
0.8057996897	0.1942003103	0.9848431248	0.8289062041
0.8068006707	0.1931993293	0.9850155986	0.8283022108
0.8078016517	0.1921983483	0.9851869011	0.8276989993
0.8088026326	0.1911973674	0.9853570358	0.8270965685
0.8098036136	0.1901963864	0.9855260061	0.8264949172
0.8108045946	0.1891954054	0.9856938152	0.8258940443
0.8118055756	0.1881944244	0.9858604667	0.8252939486
0.8128065566	0.1871934434	0.9860259638	0.8246946291
0.8138075375	0.1861924625	0.9861903099	0.8240960844
0.8148085185	0.1851914815	0.9863535083	0.8234983136
0.8158094995	0.1841905005	0.9865155624	0.8229013154
0.8168104805	0.1831895195	0.9866764754	0.8223050887
0.8178114615	0.1821885385	0.9868362508	0.8217096324
0.8188124424	0.1811875576	0.9869948917	0.8211149452
0.8198134234	0.1801865766	0.9871524016	0.8205210262
0.8208144044	0.1791855956	0.9873087836	0.819927874
0.8218153854	0.1781846146	0.9874640411	0.8193354876
0.8228163664	0.1771836336	0.9876181773	0.8187438658
0.8238173473	0.1761826527	0.9877711956	0.8181530076
0.8248183283	0.1751816717	0.9879230992	0.8175629116
0.8258193093	0.1741806907	0.9880738913	0.8169735769
0.8268202903	0.1731797097	0.9882235751	0.8163850022
0.8278212713	0.1721787287	0.988372154	0.8157971864
0.8288222523	0.1711777477	0.9885196311	0.8152101283
0.8298232332	0.1701767668	0.9886660097	0.8146238269
0.8308242142	0.1691757858	0.988811293	0.814038281
0.8318251952	0.1681748048	0.9889554842	0.8134534894
0.8328261762	0.1671738238	0.9890985864	0.8128694511
0.8338271572	0.1661728428	0.9892406029	0.8122861648
0.8348281381	0.1651718619	0.9893815369	0.8117036294
0.8358291191	0.1641708809	0.9895213916	0.8111218438
0.8368301001	0.1631698999	0.98966017	0.8105408069
0.8378310811	0.1621689189	0.9897978754	0.8099605175
0.8388320621	0.1611679379	0.9899345109	0.8093809744
0.839833043	0.160166957	0.9900700797	0.8088021766
0.840834024	0.159165976	0.9902045849	0.808224123
0.841835005	0.158164995	0.9903380296	0.8076468123
0.842835986	0.157164014	0.990470417	0.8070702434
0.843836967	0.156163033	0.9906017501	0.8064944152
0.8448379479	0.1551620521	0.9907320321	0.8059193267
0.8458389289	0.1541610711	0.9908612661	0.8053449765
0.8468399099	0.1531600901	0.9909894552	0.8047713637
0.8478408909	0.1521591091	0.9911166024	0.8041984871
0.8488418719	0.1511581281	0.9912427108	0.8036263455
0.8498428529	0.1501571471	0.9913677835	0.8030549379
0.8508438338	0.1491561662	0.9914918236	0.8024842631
0.8518448148	0.1481551852	0.9916148341	0.8019143199
0.8528457958	0.1471542042	0.991736818	0.8013451073
0.8538467768	0.1461532232	0.9918577784	0.8007766241
0.8548477578	0.1451522422	0.9919777184	0.8002088693
0.8558487387	0.1441512613	0.9920966409	0.7996418416
0.8568497197	0.1431502803	0.9922145489	0.7990755399
0.8578507007	0.1421492993	0.9923314456	0.7985099632
0.8588516817	0.1411483183	0.9924473338	0.7979451104
0.8598526627	0.1401473373	0.9925622165	0.7973809802
0.8608536436	0.1391463564	0.9926760968	0.7968175716
0.8618546246	0.1381453754	0.9927889777	0.7962548834
0.8628556056	0.1371443944	0.992900862	0.7956929146
0.8638565866	0.1361434134	0.9930117528	0.795131664
0.8648575676	0.1351424324	0.993121653	0.7945711306
0.8658585485	0.1341414515	0.9932305656	0.7940113131
0.8668595295	0.1331404705	0.9933384934	0.7934522105
0.8678605105	0.1321394895	0.9934454396	0.7928938217
0.8688614915	0.1311385085	0.9935514068	0.7923361456
0.8698624725	0.1301375275	0.9936563982	0.791779181
0.8708634535	0.1291365465	0.9937604166	0.7912229269
0.8718644344	0.1281355656	0.9938634648	0.7906673821
0.8728654154	0.1271345846	0.9939655459	0.7901125455
0.8738663964	0.1261336036	0.9940666626	0.7895584161
0.8748673774	0.1251326226	0.9941668179	0.7890049926
0.8758683584	0.1241316416	0.9942660146	0.7884522741
0.8768693393	0.1231306607	0.9943642556	0.7879002594
0.8778703203	0.1221296797	0.9944615438	0.7873489474
0.8788713013	0.1211286987	0.994557882	0.7867983371
0.8798722823	0.1201277177	0.9946532731	0.7862484272
0.8808732633	0.1191267367	0.9947477199	0.7856992167
0.8818742442	0.1181257558	0.9948412252	0.7851507046
0.8828752252	0.1171247748	0.9949337918	0.7846028897
0.8838762062	0.1161237938	0.9950254226	0.7840557709
0.8848771872	0.1151228128	0.9951161204	0.7835093471
0.8858781682	0.1141218318	0.9952058879	0.7829636173
0.8868791491	0.1131208509	0.9952947281	0.7824185804
0.8878801301	0.1121198699	0.9953826435	0.7818742351
0.8888811111	0.1111188889	0.9954696371	0.7813305806
0.8898820921	0.1101179079	0.9955557117	0.7807876156
0.8908830731	0.1091169269	0.9956408698	0.7802453391
0.8918840541	0.1081159459	0.9957251145	0.7797037501
0.892885035	0.107114965	0.9958084482	0.7791628473
0.893886016	0.106113984	0.995890874	0.7786226298
0.894886997	0.105113003	0.9959723943	0.7780830964
0.895887978	0.104112022	0.9960530121	0.7775442462
0.896888959	0.103111041	0.9961327299	0.7770060779
0.8978899399	0.1021100601	0.9962115506	0.7764685905
0.8988909209	0.1011090791	0.9962894769	0.775931783
0.8998919019	0.1001080981	0.9963665113	0.7753956542
0.9008928829	0.09910711712	0.9964426567	0.7748602031
0.9018938639	0.09810613614	0.9965179157	0.7743254286
0.9028948448	0.09710515516	0.9965922909	0.7737913297
0.9038958258	0.09610417417	0.9966657852	0.7732579052
0.9048968068	0.09510319319	0.996738401	0.7727251542
0.9058977878	0.09410221221	0.9968101412	0.7721930754
0.9068987688	0.09310123123	0.9968810083	0.771661668
0.9078997497	0.09210025025	0.996951005	0.7711309307
0.9089007307	0.09109926927	0.9970201338	0.7706008626
0.9099017117	0.09009828829	0.9970883976	0.7700714625
0.9109026927	0.08909730731	0.9971557988	0.7695427294
0.9119036737	0.08809632633	0.9972223401	0.7690146623
0.9129046547	0.08709534535	0.9972880241	0.7684872601
0.9139056356	0.08609436436	0.9973528534	0.7679605217
0.9149066166	0.08509338338	0.9974168306	0.7674344461
0.9159075976	0.0840924024	0.9974799583	0.7669090322
0.9169085786	0.08309142142	0.997542239	0.7663842789
0.9179095596	0.08209044044	0.9976036754	0.7658601852
0.9189105405	0.08108945946	0.99766427	0.7653367501
0.9199115215	0.08008847848	0.9977240253	0.7648139726
0.9209125025	0.0790874975	0.997782944	0.7642918514
0.9219134835	0.07808651652	0.9978410286	0.7637703857
0.9229144645	0.07708553554	0.9978982816	0.7632495743
0.9239154454	0.07608455455	0.9979547055	0.7627294163
0.9249164264	0.07508357357	0.9980103029	0.7622099105
0.9259174074	0.07408259259	0.9980650763	0.7616910559
0.9269183884	0.07308161161	0.9981190282	0.7611728515
0.9279193694	0.07208063063	0.9981721611	0.7606552963
0.9289203504	0.07107964965	0.9982244775	0.7601383892
0.9299213313	0.07007866867	0.9982759799	0.7596221292
0.9309223123	0.06907768769	0.9983266709	0.7591065151
0.9319232933	0.06807670671	0.9983765528	0.7585915461
0.9329242743	0.06707572573	0.9984256281	0.7580772211
0.9339252553	0.06607474474	0.9984738994	0.757563539
0.9349262362	0.06507376376	0.998521369	0.7570504988
0.9359272172	0.06407278278	0.9985680395	0.7565380995
0.9369281982	0.0630718018	0.9986139133	0.75602634
0.9379291792	0.06207082082	0.9986589927	0.7555152194
0.9389301602	0.06106983984	0.9987032804	0.7550047365
0.9399311411	0.06006885886	0.9987467786	0.7544948905
0.9409321221	0.05906787788	0.9987894897	0.7539856802
0.9419331031	0.0580668969	0.9988314164	0.7534771046
0.9429340841	0.05706591592	0.9988725608	0.7529691627
0.9439350651	0.05606493493	0.9989129254	0.7524618536
0.944936046	0.05506395395	0.9989525127	0.7519551761
0.945937027	0.05406297297	0.9989913249	0.7514491293
0.946938008	0.05306199199	0.9990293646	0.7509437121
0.947938989	0.05206101101	0.999066634	0.7504389236
0.94893997	0.05106003003	0.9991031355	0.7499347627
0.949940951	0.05005904905	0.9991388715	0.7494312284
0.9509419319	0.04905806807	0.9991738444	0.7489283198
0.9519429129	0.04805708709	0.9992080564	0.7484260357
0.9529438939	0.04705610611	0.99924151	0.7479243753
0.9539448749	0.04605512513	0.9992742074	0.7474233375
0.9549458559	0.04505414414	0.9993061511	0.7469229212
0.9559468368	0.04405316316	0.9993373433	0.7464231256
0.9569478178	0.04305218218	0.9993677863	0.7459239495
0.9579487988	0.0420512012	0.9993974825	0.7454253921
0.9589497798	0.04105022022	0.9994264341	0.7449274522
0.9599507608	0.04004923924	0.9994546435	0.744430129
0.9609517417	0.03904825826	0.999482113	0.7439334213
0.9619527227	0.03804727728	0.9995088447	0.7434373283
0.9629537037	0.0370462963	0.9995348411	0.742941849
0.9639546847	0.03604531532	0.9995601044	0.7424469823
0.9649556657	0.03504433433	0.9995846368	0.7419527272
0.9659566466	0.03404335335	0.9996084407	0.7414590828
0.9669576276	0.03304237237	0.9996315182	0.7409660481
0.9679586086	0.03204139139	0.9996538716	0.7404736221
0.9689595896	0.03104041041	0.9996755032	0.7399818038
0.9699605706	0.03003942943	0.9996964152	0.7394905923
0.9709615516	0.02903844845	0.9997166098	0.7389999865
0.9719625325	0.02803746747	0.9997360892	0.7385099855
0.9729635135	0.02703648649	0.9997548558	0.7380205884
0.9739644945	0.02603550551	0.9997729116	0.737531794
0.9749654755	0.02503452452	0.9997902588	0.7370436015
0.9759664565	0.02403354354	0.9998068998	0.7365560099
0.9769674374	0.02303256256	0.9998228366	0.7360690183
0.9779684184	0.02203158158	0.9998380715	0.7355826256
0.9789693994	0.0210306006	0.9998526067	0.7350968308
0.9799703804	0.02002961962	0.9998664443	0.7346116331
0.9809713614	0.01902863864	0.9998795864	0.7341270315
0.9819723423	0.01802765766	0.9998920353	0.7336430249
0.9829733233	0.01702667668	0.9999037931	0.7331596125
0.9839743043	0.0160256957	0.999914862	0.7326767933
0.9849752853	0.01502471471	0.999925244	0.7321945662
0.9859762663	0.01402373373	0.9999349415	0.7317129305
0.9869772472	0.01302275275	0.9999439563	0.731231885
0.9879782282	0.01202177177	0.9999522908	0.7307514289
0.9889792092	0.01102079079	0.999959947	0.7302715612
0.9899801902	0.01001980981	0.9999669271	0.7297922809
0.9909811712	0.009018828829	0.9999732331	0.7293135871
0.9919821522	0.008017847848	0.9999788671	0.7288354789
0.9929831331	0.007016866867	0.9999838313	0.7283579553
0.9939841141	0.006015885886	0.9999881278	0.7278810153
0.9949850951	0.005014904905	0.9999917586	0.7274046581
0.9959860761	0.004013923924	0.9999947257	0.7269288826
0.9969870571	0.003012942943	0.9999970314	0.726453688
0.997988038	0.002011961962	0.9999986776	0.7259790733
0.998989019	0.001010980981	0.9999996665	0.7255050375
0.99999	1e-05	1	0.7250315798
