1e-05	0.99999	825.5830102	1.000000025
0.001010980981	0.998989019	504.6132592	1.00024877
0.002011961962	0.997988038	318.4162845	1.000943647
0.003012942943	0.9969870571	206.9230877	1.002028548
0.004013923924	0.9959860761	138.1769607	1.003454051
0.005014904905	0.9949850951	94.62334428	1.005176493
0.006015885886	0.9939841141	66.32812006	1.007157201
0.007016866867	0.9929831331	47.51210601	1.009361839
0.008017847848	0.9919821522	34.72570709	1.011759857
0.009018828829	0.9909811712	25.85993538	1.014324015
0.01001980981	0.9899801902	19.59626491	1.017029988
0.01102079079	0.9889792092	15.09296217	1.019856016
0.01202177177	0.9879782282	11.80206944	1.022782605
0.01302275275	0.9869772472	9.360284177	1.025792277
0.01402373373	0.9859762663	7.522562414	1.028869337
0.01502471471	0.9849752853	6.120939563	1.031999686
0.0160256957	0.9839743043	5.03852799	1.035170648
0.01702667668	0.9829733233	4.192817528	1.038370818
0.01802765766	0.9819723423	3.524777973	1.041589936
0.01902863864	0.9809713614	2.991639703	1.044818768
0.02002961962	0.9799703804	2.562042343	1.048049006
0.0210306006	0.9789693994	2.212730465	1.051273172
0.02203158158	0.9779684184	1.926274073	1.054484545
0.02303256256	0.9769674374	1.689476894	1.057677085
0.02403354354	0.9759664565	1.4922521	1.060845367
0.02503452452	0.9749654755	1.326819496	1.063984528
0.02603550551	0.9739644945	1.187126263	1.067090213
0.02703648649	0.9729635135	1.06842488	1.070158528
0.02803746747	0.9719625325	0.9669626664	1.073186
0.02903844845	0.9709615516	0.8797513738	1.076169541
0.03003942943	0.9699605706	0.8043947246	1.079106408
0.03104041041	0.9689595896	0.7389582691	1.081994181
0.03204139139	0.9679586086	0.6818704096	1.084830726
0.03304237237	0.9669576276	0.6318465682	1.087614178
0.03404335335	0.9659566466	0.5878306707	1.090342911
0.03504433433	0.9649556657	0.548949686	1.093015522
0.03604531532	0.9639546847	0.5144780778	1.095630812
0.0370462963	0.9629537037	0.4838098319	1.098187764
0.03804727728	0.9619527227	0.456436315	1.100685531
0.03904825826	0.9609517417	0.4319286468	1.103123423
0.04004923924	0.9599507608	0.4099235886	1.105500888
0.04105022022	0.9589497798	0.3901121877	1.107817506
0.0420512012	0.9579487988	0.3722305917	1.110072972
0.04305218218	0.9569478178	0.3560525824	1.112267093
0.04405316316	0.9559468368	0.341383479	1.114399772
0.04505414414	0.9549458559	0.3280551365	1.116471001
0.04605512513	0.9539448749	0.3159218249	1.118480856
0.04705610611	0.9529438939	0.3048568195	1.120429487
0.04805708709	0.9519429129	0.2947495688	1.122317112
0.04905806807	0.9509419319	0.2855033322	1.12414401
0.05005904905	0.949940951	0.277033203	1.125910517
0.05106003003	0.94893997	0.2692644466	1.12761702
0.05206101101	0.947938989	0.2621311007	1.129263952
0.05306199199	0.946938008	0.2555747896	1.130851786
0.05406297297	0.945937027	0.2495437192	1.132381034
0.05506395395	0.944936046	0.2439918206	1.133852243
0.05606493493	0.9439350651	0.2388780186	1.135265986
0.05706591592	0.9429340841	0.234165606	1.136622867
0.0580668969	0.9419331031	0.2298217047	1.137923511
0.05906787788	0.9409321221	0.2258168029	1.139168567
0.06006885886	0.9399311411	0.2221243547	1.140358699
0.06106983984	0.9389301602	0.218720433	1.141494591
0.06207082082	0.9379291792	0.215583429	1.142576938
0.0630718018	0.9369281982	0.21269379	1.14360645
0.06407278278	0.9359272172	0.210033791	1.144583845
0.06507376376	0.9349262362	0.207587335	1.14550985
0.06607474474	0.9339252553	0.2053397775	1.1463852
0.06707572573	0.9329242743	0.2032777733	1.147210634
0.06807670671	0.9319232933	0.2013891407	1.147986896
0.06907768769	0.9309223123	0.1996627424	1.148714733
0.07007866867	0.9299213313	0.1980883797	1.149394895
0.07107964965	0.9289203504	0.1966566996	1.150028131
0.07208063063	0.9279193694	0.1953591116	1.15061519
0.07308161161	0.9269183884	0.1941877141	1.151156821
0.07408259259	0.9259174074	0.1931352292	1.151653771
0.07508357357	0.9249164264	0.1921949436	1.152106783
0.07608455455	0.9239154454	0.1913606571	1.152516599
0.07708553554	0.9229144645	0.1906266353	1.152883956
0.07808651652	0.9219134835	0.1899875682	1.153209587
0.0790874975	0.9209125025	0.1894385323	1.153494219
0.08008847848	0.9199115215	0.1889749568	1.153738576
0.08108945946	0.9189105405	0.1885925935	1.153943373
0.08209044044	0.9179095596	0.1882874888	1.154109321
0.08309142142	0.9169085786	0.1880559598	1.154237125
0.0840924024	0.9159075976	0.1878945708	1.154327482
0.08509338338	0.9149066166	0.1878001141	1.154381082
0.08609436436	0.9139056356	0.1877695909	1.154398608
0.08709534535	0.9129046547	0.187800195	1.154380735
0.08809632633	0.9119036737	0.1878892973	1.154328131
0.08909730731	0.9109026927	0.1880344324	1.154241456
0.09009828829	0.9099017117	0.1882332858	1.154121362
0.09109926927	0.9089007307	0.1884836825	1.153968492
0.09210025025	0.9078997497	0.1887835764	1.153783482
0.09310123123	0.9068987688	0.1891310412	1.153566959
0.09410221221	0.9058977878	0.1895242609	1.153319542
0.09510319319	0.9048968068	0.1899615225	1.15304184
0.09610417417	0.9038958258	0.1904412082	1.152734455
0.09710515516	0.9028948448	0.1909617888	1.152397981
0.09810613614	0.9018938639	0.1915218175	1.152033002
0.09910711712	0.9008928829	0.1921199244	1.151640094
0.1001080981	0.8998919019	0.1927548109	1.151219825
0.1011090791	0.8988909209	0.1934252449	1.150772754
0.1021100601	0.8978899399	0.1941300567	1.150299431
0.103111041	0.896888959	0.1948681346	1.149800398
0.104112022	0.895887978	0.195638421	1.149276189
0.105113003	0.894886997	0.1964399092	1.148727328
0.106113984	0.893886016	0.1972716401	1.148154333
0.107114965	0.892885035	0.1981326988	1.147557713
0.1081159459	0.8918840541	0.1990222122	1.146937967
0.1091169269	0.8908830731	0.1999393465	1.146295587
0.1101179079	0.8898820921	0.2008833043	1.145631059
0.1111188889	0.8888811111	0.201853323	1.144944856
0.1121198699	0.8878801301	0.2028486721	1.144237449
0.1131208509	0.8868791491	0.2038686519	1.143509296
0.1141218318	0.8858781682	0.2049125911	1.142760851
0.1151228128	0.8848771872	0.2059798456	1.141992558
0.1161237938	0.8838762062	0.2070697966	1.141204854
0.1171247748	0.8828752252	0.2081818496	1.140398168
0.1181257558	0.8818742442	0.2093154324	1.139572924
0.1191267367	0.8808732633	0.2104699945	1.138729535
0.1201277177	0.8798722823	0.2116450055	1.13786841
0.1211286987	0.8788713013	0.212839954	1.136989948
0.1221296797	0.8778703203	0.2140543467	1.136094544
0.1231306607	0.8768693393	0.2152877077	1.135182583
0.1241316416	0.8758683584	0.2165395769	1.134254445
0.1251326226	0.8748673774	0.2178095099	1.133310503
0.1261336036	0.8738663964	0.2190970765	1.132351123
0.1271345846	0.8728654154	0.2204018607	1.131376664
0.1281355656	0.8718644344	0.2217234593	1.13038748
0.1291365465	0.8708634535	0.2230614819	1.129383917
0.1301375275	0.8698624725	0.2244155496	1.128366315
0.1311385085	0.8688614915	0.2257852949	1.12733501
0.1321394895	0.8678605105	0.2271703611	1.126290328
0.1331404705	0.8668595295	0.2285704016	1.125232592
0.1341414515	0.8658585485	0.2299850797	1.124162118
0.1351424324	0.8648575676	0.2314140677	1.123079217
0.1361434134	0.8638565866	0.2328570469	1.121984193
0.1371443944	0.8628556056	0.2343137072	1.120877344
0.1381453754	0.8618546246	0.2357837462	1.119758966
0.1391463564	0.8608536436	0.2372668695	1.118629345
0.1401473373	0.8598526627	0.23876279	1.117488764
0.1411483183	0.8588516817	0.2402712276	1.116337501
0.1421492993	0.8578507007	0.2417919089	1.115175828
0.1431502803	0.8568497197	0.2433245672	1.114004012
0.1441512613	0.8558487387	0.2448689416	1.112822315
0.1451522422	0.8548477578	0.2464247776	1.111630995
0.1461532232	0.8538467768	0.247991826	1.110430303
0.1471542042	0.8528457958	0.2495698434	1.109220487
0.1481551852	0.8518448148	0.2511585913	1.108001791
0.1491561662	0.8508438338	0.2527578366	1.106774452
0.1501571471	0.8498428529	0.2543673509	1.105538704
0.1511581281	0.8488418719	0.2559869105	1.104294778
0.1521591091	0.8478408909	0.2576162961	1.103042897
0.1531600901	0.8468399099	0.2592552929	1.101783283
0.1541610711	0.8458389289	0.2609036902	1.100516151
0.1551620521	0.8448379479	0.2625612814	1.099241716
0.156163033	0.843836967	0.2642278637	1.097960184
0.157164014	0.842835986	0.2659032381	1.09667176
0.158164995	0.841835005	0.2675872094	1.095376645
0.159165976	0.840834024	0.2692795855	1.094075035
0.160166957	0.839833043	0.2709801782	1.092767123
0.1611679379	0.8388320621	0.2726888022	1.091453099
0.1621689189	0.8378310811	0.2744052755	1.090133147
0.1631698999	0.8368301001	0.2761294195	1.08880745
0.1641708809	0.8358291191	0.277861058	1.087476186
0.1651718619	0.8348281381	0.2796000182	1.086139529
0.1661728428	0.8338271572	0.28134613	1.084797653
0.1671738238	0.8328261762	0.2830992258	1.083450724
0.1681748048	0.8318251952	0.284859141	1.082098908
0.1691757858	0.8308242142	0.2866257134	1.080742366
0.1701767668	0.8298232332	0.2883987834	1.079381257
0.1711777477	0.8288222523	0.2901781936	1.078015737
0.1721787287	0.8278212713	0.2919637894	1.076645959
0.1731797097	0.8268202903	0.2937554182	1.075272071
0.1741806907	0.8258193093	0.2955529299	1.07389422
0.1751816717	0.8248183283	0.2973561763	1.07251255
0.1761826527	0.8238173473	0.2991650116	1.071127203
0.1771836336	0.8228163664	0.3009792922	1.069738315
0.1781846146	0.8218153854	0.3027988761	1.068346024
0.1791855956	0.8208144044	0.3046236239	1.06695046
0.1801865766	0.8198134234	0.3064533976	1.065551756
0.1811875576	0.8188124424	0.3082880615	1.064150037
0.1821885385	0.8178114615	0.3101274817	1.06274543
0.1831895195	0.8168104805	0.311971526	1.061338057
0.1841905005	0.8158094995	0.3138200642	1.059928038
0.1851914815	0.8148085185	0.3156729677	1.058515491
0.1861924625	0.8138075375	0.3175301096	1.057100532
0.1871934434	0.8128065566	0.3193913648	1.055683273
0.1881944244	0.8118055756	0.3212566099	1.054263827
0.1891954054	0.8108045946	0.323125723	1.0528423
0.1901963864	0.8098036136	0.3249985839	1.051418801
0.1911973674	0.8088026326	0.3268750739	1.049993433
0.1921983483	0.8078016517	0.3287550758	1.048566299
0.1931993293	0.8068006707	0.330638474	1.047137499
0.1942003103	0.8057996897	0.3325251545	1.045707132
0.1952012913	0.8047987087	0.3344150045	1.044275294
0.1962022723	0.8037977277	0.3363079127	1.042842078
0.1972032533	0.8027967467	0.3382037694	1.041407579
0.1982042342	0.8017957658	0.3401024662	1.039971886
0.1992052152	0.8007947848	0.3420038959	1.038535088
0.2002061962	0.7997938038	0.3439079528	1.037097273
0.2012071772	0.7987928228	0.3458145326	1.035658524
0.2022081582	0.7977918418	0.3477235322	1.034218927
0.2032091391	0.7967908609	0.3496348497	1.032778563
0.2042101201	0.7957898799	0.3515483847	1.031337512
0.2052111011	0.7947888989	0.3534640379	1.029895852
0.2062120821	0.7937879179	0.3553817113	1.028453661
0.2072130631	0.7927869369	0.357301308	1.027011014
0.208214044	0.791785956	0.3592227323	1.025567984
0.209215025	0.790784975	0.36114589	1.024124644
0.210216006	0.789783994	0.3630706876	1.022681065
0.211216987	0.788783013	0.3649970331	1.021237316
0.212217968	0.787782032	0.3669248354	1.019793465
0.2132189489	0.7867810511	0.3688540048	1.018349578
0.2142199299	0.7857800701	0.3707844525	1.016905722
0.2152209109	0.7847790891	0.3727160908	1.015461958
0.2162218919	0.7837781081	0.3746488331	1.014018351
0.2172228729	0.7827771271	0.376582594	1.01257496
0.2182238539	0.7817761461	0.3785172889	1.011131847
0.2192248348	0.7807751652	0.3804528345	1.009689068
0.2202258158	0.7797741842	0.3823891484	1.008246683
0.2212267968	0.7787732032	0.3843261492	1.006804747
0.2222277778	0.7777722222	0.3862637566	1.005363315
0.2232287588	0.7767712412	0.3882018912	1.003922441
0.2242297397	0.7757702603	0.3901404747	1.002482177
0.2252307207	0.7747692793	0.3920794295	1.001042576
0.2262317017	0.7737682983	0.3940186794	0.9996036869
0.2272326827	0.7727673173	0.3959581488	0.9981655599
0.2282336637	0.7717663363	0.3978977632	0.9967282433
0.2292346446	0.7707653554	0.3998374489	0.9952917841
0.2302356256	0.7697643744	0.4017771332	0.9938562288
0.2312366066	0.7687633934	0.4037167444	0.9924216226
0.2322375876	0.7677624124	0.4056562116	0.9909880097
0.2332385686	0.7667614314	0.4075954648	0.9895554335
0.2342395495	0.7657604505	0.4095344348	0.9881239364
0.2352405305	0.7647594695	0.4114730535	0.9866935597
0.2362415115	0.7637584885	0.4134112534	0.985264344
0.2372424925	0.7627575075	0.4153489681	0.9838363289
0.2382434735	0.7617565265	0.4172861319	0.9824095532
0.2392444545	0.7607555455	0.4192226798	0.9809840548
0.2402454354	0.7597545646	0.421158548	0.9795598707
0.2412464164	0.7587535836	0.4230936733	0.9781370372
0.2422473974	0.7577526026	0.4250279932	0.9767155896
0.2432483784	0.7567516216	0.4269614462	0.9752955625
0.2442493594	0.7557506406	0.4288939716	0.9738769899
0.2452503403	0.7547496597	0.4308255093	0.9724599046
0.2462513213	0.7537486787	0.4327560001	0.9710443391
0.2472523023	0.7527476977	0.4346853857	0.9696303248
0.2482532833	0.7517467167	0.4366136083	0.9682178926
0.2492542643	0.7507457357	0.438540611	0.9668070727
0.2502552452	0.7497447548	0.4404663377	0.9653978944
0.2512562262	0.7487437738	0.4423907329	0.9639903864
0.2522572072	0.7477427928	0.4443137421	0.9625845769
0.2532581882	0.7467418118	0.4462353111	0.9611804932
0.2542591692	0.7457408308	0.4481553869	0.959778162
0.2552601502	0.7447398498	0.4500739168	0.9583776095
0.2562611311	0.7437388689	0.4519908491	0.9569788611
0.2572621121	0.7427378879	0.4539061326	0.9555819417
0.2582630931	0.7417369069	0.455819717	0.9541868755
0.2592640741	0.7407359259	0.4577315524	0.9527936863
0.2602650551	0.7397349449	0.4596415899	0.9514023971
0.261266036	0.738733964	0.461549781	0.9500130305
0.262267017	0.737732983	0.4634560781	0.9486256083
0.263267998	0.736732002	0.4653604341	0.9472401521
0.264268979	0.735731021	0.4672628025	0.9458566827
0.26526996	0.73473004	0.4691631378	0.9444752204
0.2662709409	0.7337290591	0.4710613946	0.9430957851
0.2672719219	0.7327280781	0.4729575286	0.9417183961
0.2682729029	0.7317270971	0.4748514958	0.9403430722
0.2692738839	0.7307261161	0.4767432532	0.9389698318
0.2702748649	0.7297251351	0.478632758	0.9375986927
0.2712758458	0.7287241542	0.4805199683	0.9362296723
0.2722768268	0.7277231732	0.4824048426	0.9348627875
0.2732778078	0.7267221922	0.4842873402	0.9334980549
0.2742787888	0.7257212112	0.4861674208	0.9321354903
0.2752797698	0.7247202302	0.4880450449	0.9307751094
0.2762807508	0.7237192492	0.4899201734	0.9294169273
0.2772817317	0.7227182683	0.4917927678	0.9280609588
0.2782827127	0.7217172873	0.4936627903	0.9267072182
0.2792836937	0.7207163063	0.4955302035	0.9253557195
0.2802846747	0.7197153253	0.4973949706	0.924006476
0.2812856557	0.7187143443	0.4992570555	0.922659501
0.2822866366	0.7177133634	0.5011164224	0.9213148072
0.2832876176	0.7167123824	0.5029730362	0.919972407
0.2842885986	0.7157114014	0.5048268624	0.9186323124
0.2852895796	0.7147104204	0.5066778669	0.9172945349
0.2862905606	0.7137094394	0.508526016	0.915959086
0.2872915415	0.7127084585	0.510371277	0.9146259765
0.2882925225	0.7117074775	0.5122136171	0.913295217
0.2892935035	0.7107064965	0.5140530045	0.9119668178
0.2902944845	0.7097055155	0.5158894076	0.9106407888
0.2912954655	0.7087045345	0.5177227955	0.9093171396
0.2922964464	0.7077035536	0.5195531377	0.9079958796
0.2932974274	0.7067025726	0.5213804042	0.9066770176
0.2942984084	0.7057015916	0.5232045655	0.9053605624
0.2952993894	0.7047006106	0.5250255925	0.9040465224
0.2963003704	0.7036996296	0.5268434567	0.9027349055
0.2973013514	0.7026986486	0.52865813	0.9014257198
0.2983023323	0.7016976677	0.5304695848	0.9001189725
0.2993033133	0.7006966867	0.532277794	0.898814671
0.3003042943	0.6996957057	0.5340827307	0.8975128223
0.3013052753	0.6986947247	0.5358843689	0.896213433
0.3023062563	0.6976937437	0.5376826826	0.8949165096
0.3033072372	0.6966927628	0.5394776465	0.8936220582
0.3043082182	0.6956917818	0.5412692357	0.8923300849
0.3053091992	0.6946908008	0.5430574257	0.8910405952
0.3063101802	0.6936898198	0.5448421925	0.8897535946
0.3073111612	0.6926888388	0.5466235123	0.8884690884
0.3083121421	0.6916878579	0.5484013621	0.8871870814
0.3093131231	0.6906868769	0.5501757189	0.8859075785
0.3103141041	0.6896858959	0.5519465605	0.8846305841
0.3113150851	0.6886849149	0.5537138648	0.8833561026
0.3123160661	0.6876839339	0.5554776102	0.882084138
0.313317047	0.686682953	0.5572377756	0.8808146942
0.314318028	0.685681972	0.5589943401	0.8795477749
0.315319009	0.684680991	0.5607472835	0.8782833835
0.31631999	0.68368001	0.5624965856	0.8770215234
0.317320971	0.682679029	0.5642422268	0.8757621975
0.318321952	0.681678048	0.565984188	0.8745054087
0.3193229329	0.6806770671	0.5677224502	0.8732511598
0.3203239139	0.6796760861	0.5694569949	0.8719994533
0.3213248949	0.6786751051	0.5711878039	0.8707502914
0.3223258759	0.6776741241	0.5729148596	0.8695036763
0.3233268569	0.6766731431	0.5746381444	0.86825961
0.3243278378	0.6756721622	0.5763576414	0.8670180943
0.3253288188	0.6746711812	0.5780733337	0.8657791308
0.3263297998	0.6736702002	0.5797852051	0.864542721
0.3273307808	0.6726692192	0.5814932395	0.8633088662
0.3283317618	0.6716682382	0.5831974212	0.8620775676
0.3293327427	0.6706672573	0.5848977349	0.8608488262
0.3303337237	0.6696662763	0.5865941655	0.8596226428
0.3313347047	0.6686652953	0.5882866983	0.8583990181
0.3323356857	0.6676643143	0.5899753191	0.8571779527
0.3333366667	0.6666633333	0.5916600137	0.8559594471
0.3343376476	0.6656623524	0.5933407684	0.8547435013
0.3353386286	0.6646613714	0.5950175698	0.8535301157
0.3363396096	0.6636603904	0.5966904048	0.8523192902
0.3373405906	0.6626594094	0.5983592605	0.8511110248
0.3383415716	0.6616584284	0.6000241246	0.849905319
0.3393425526	0.6606574474	0.6016849848	0.8487021727
0.3403435335	0.6596564665	0.6033418292	0.8475015851
0.3413445145	0.6586554855	0.6049946462	0.8463035559
0.3423454955	0.6576545045	0.6066434245	0.8451080841
0.3433464765	0.6566535235	0.608288153	0.843915169
0.3443474575	0.6556525425	0.6099288211	0.8427248095
0.3453484384	0.6546515616	0.6115654182	0.8415370046
0.3463494194	0.6536505806	0.6131979341	0.8403517532
0.3473504004	0.6526495996	0.614826359	0.8391690538
0.3483513814	0.6516486186	0.6164506833	0.8379889051
0.3493523624	0.6506476376	0.6180708974	0.8368113057
0.3503533433	0.6496466567	0.6196869924	0.8356362538
0.3513543243	0.6486456757	0.6212989593	0.8344637478
0.3523553053	0.6476446947	0.6229067897	0.8332937859
0.3533562863	0.6466437137	0.624510475	0.8321263662
0.3543572673	0.6456427327	0.6261100074	0.8309614867
0.3553582482	0.6446417518	0.6277053789	0.8297991454
0.3563592292	0.6436407708	0.6292965819	0.82863934
0.3573602102	0.6426397898	0.6308836091	0.8274820683
0.3583611912	0.6416388088	0.6324664534	0.8263273281
0.3593621722	0.6406378278	0.634045108	0.8251751168
0.3603631532	0.6396368468	0.6356195662	0.8240254321
0.3613641341	0.6386358659	0.6371898215	0.8228782712
0.3623651151	0.6376348849	0.638755868	0.8217336316
0.3633660961	0.6366339039	0.6403176995	0.8205915105
0.3643670771	0.6356329229	0.6418753104	0.8194519052
0.3653680581	0.6346319419	0.6434286953	0.8183148127
0.366369039	0.633630961	0.6449778487	0.8171802301
0.36737002	0.63262998	0.6465227657	0.8160481544
0.368371001	0.631628999	0.6480634415	0.8149185825
0.369371982	0.630628018	0.6495998713	0.8137915113
0.370372963	0.629627037	0.6511320507	0.8126669375
0.3713739439	0.6286260561	0.6526599756	0.8115448579
0.3723749249	0.6276250751	0.654183642	0.8104252691
0.3733759059	0.6266240941	0.6557030459	0.8093081678
0.3743768869	0.6256231131	0.6572181838	0.8081935504
0.3753778679	0.6246221321	0.6587290523	0.8070814135
0.3763788488	0.6236211512	0.6602356482	0.8059717536
0.3773798298	0.6226201702	0.6617379683	0.8048645668
0.3783808108	0.6216191892	0.6632360099	0.8037598497
0.3793817918	0.6206182082	0.6647297702	0.8026575984
0.3803827728	0.6196172272	0.6662192469	0.8015578093
0.3813837538	0.6186162462	0.6677044376	0.8004604783
0.3823847347	0.6176152653	0.6691853403	0.7993656017
0.3833857157	0.6166142843	0.6706619528	0.7982731756
0.3843866967	0.6156133033	0.6721342736	0.7971831959
0.3853876777	0.6146123223	0.673602301	0.7960956586
0.3863886587	0.6136113413	0.6750660336	0.7950105597
0.3873896396	0.6126103604	0.6765254701	0.7939278951
0.3883906206	0.6116093794	0.6779806094	0.7928476606
0.3893916016	0.6106083984	0.6794314507	0.791769852
0.3903925826	0.6096074174	0.6808779932	0.7906944651
0.3913935636	0.6086064364	0.6823202362	0.7896214956
0.3923945445	0.6076054555	0.6837581793	0.7885509393
0.3933955255	0.6066044745	0.6851918223	0.7874827917
0.3943965065	0.6056034935	0.686621165	0.7864170485
0.3953974875	0.6046025125	0.6880462074	0.7853537053
0.3963984685	0.6036015315	0.6894669497	0.7842927576
0.3973994494	0.6026005506	0.6908833922	0.783234201
0.3984004304	0.6015995696	0.6922955354	0.7821780309
0.3994014114	0.6005985886	0.6937033799	0.7811242428
0.4004023924	0.5995976076	0.6951069264	0.7800728321
0.4014033734	0.5985966266	0.6965061758	0.7790237943
0.4024043544	0.5975956456	0.6979011291	0.7779771246
0.4034053353	0.5965946647	0.6992917875	0.7769328184
0.4044063163	0.5955936837	0.7006781524	0.775890871
0.4054072973	0.5945927027	0.702060225	0.7748512778
0.4064082783	0.5935917217	0.7034380071	0.7738140339
0.4074092593	0.5925907407	0.7048115002	0.7727791346
0.4084102402	0.5915897598	0.7061807062	0.7717465752
0.4094112212	0.5905887788	0.7075456271	0.7707163507
0.4104122022	0.5895877978	0.7089062648	0.7696884565
0.4114131832	0.5885868168	0.7102626217	0.7686628875
0.4124141642	0.5875858358	0.7116146999	0.767639639
0.4134151451	0.5865848549	0.712962502	0.766618706
0.4144161261	0.5855838739	0.7143060304	0.7656000836
0.4154171071	0.5845828929	0.7156452879	0.7645837669
0.4164180881	0.5835819119	0.7169802771	0.7635697509
0.4174190691	0.5825809309	0.7183110011	0.7625580306
0.4184200501	0.5815799499	0.7196374628	0.7615486012
0.419421031	0.580578969	0.7209596652	0.7605414574
0.420422012	0.579577988	0.7222776116	0.7595365944
0.421422993	0.578577007	0.7235913054	0.7585340071
0.422423974	0.577576026	0.7249007499	0.7575336904
0.423424955	0.576575045	0.7262059487	0.7565356393
0.4244259359	0.5755740641	0.7275069054	0.7555398487
0.4254269169	0.5745730831	0.7288036238	0.7545463134
0.4264278979	0.5735721021	0.7300961076	0.7535550284
0.4274288789	0.5725711211	0.7313843607	0.7525659886
0.4284298599	0.5715701401	0.7326683873	0.7515791888
0.4294308408	0.5705691592	0.7339481914	0.7505946239
0.4304318218	0.5695681782	0.7352237772	0.7496122888
0.4314328028	0.5685671972	0.736495149	0.7486321782
0.4324337838	0.5675662162	0.7377623113	0.747654287
0.4334347648	0.5665652352	0.7390252684	0.74667861
0.4344357457	0.5655642543	0.7402840249	0.745705142
0.4354367267	0.5645632733	0.7415385856	0.7447338779
0.4364377077	0.5635622923	0.7427889551	0.7437648124
0.4374386887	0.5625613113	0.7440351382	0.7427979403
0.4384396697	0.5615603303	0.7452771399	0.7418332563
0.4394406507	0.5605593493	0.7465149651	0.7408707554
0.4404416316	0.5595583684	0.7477486189	0.7399104321
0.4414426126	0.5585573874	0.7489781064	0.7389522814
0.4424435936	0.5575564064	0.7502034329	0.7379962978
0.4434445746	0.5565554254	0.7514246036	0.7370424763
0.4444455556	0.5555544444	0.7526416239	0.7360908115
0.4454465365	0.5545534635	0.7538544992	0.7351412982
0.4464475175	0.5535524825	0.7550632351	0.7341939311
0.4474484985	0.5525515015	0.7562678371	0.733248705
0.4484494795	0.5515505205	0.7574683109	0.7323056146
0.4494504605	0.5505495395	0.7586646623	0.7313646546
0.4504514414	0.5495485586	0.7598568969	0.7304258197
0.4514524224	0.5485475776	0.7610450207	0.7294891047
0.4524534034	0.5475465966	0.7622290396	0.7285545043
0.4534543844	0.5465456156	0.7634089595	0.7276220132
0.4544553654	0.5455446346	0.7645847865	0.7266916261
0.4554563463	0.5445436537	0.7657565268	0.7257633378
0.4564573273	0.5435426727	0.7669241865	0.724837143
0.4574583083	0.5425416917	0.7680877718	0.7239130364
0.4584592893	0.5415407107	0.7692472891	0.7229910127
0.4594602703	0.5405397297	0.7704027446	0.7220710666
0.4604612513	0.5395387487	0.7715541448	0.721153193
0.4614622322	0.5385377678	0.7727014962	0.7202373863
0.4624632132	0.5375367868	0.7738448052	0.7193236416
0.4634641942	0.5365358058	0.7749840785	0.7184119533
0.4644651752	0.5355348248	0.7761193226	0.7175023163
0.4654661562	0.5345338438	0.7772505443	0.7165947253
0.4664671371	0.5335328629	0.7783777503	0.715689175
0.4674681181	0.5325318819	0.7795009473	0.7147856602
0.4684690991	0.5315309009	0.7806201423	0.7138841755
0.4694700801	0.5305299199	0.781735342	0.7129847159
0.4704710611	0.5295289389	0.7828465533	0.7120872758
0.471472042	0.528527958	0.7839537834	0.7111918502
0.472473023	0.527526977	0.7850570392	0.7102984338
0.473474004	0.526525996	0.7861563277	0.7094070213
0.474474985	0.525525015	0.787251656	0.7085176076
0.475475966	0.524524034	0.7883430314	0.7076301872
0.4764769469	0.5235230531	0.789430461	0.7067447551
0.4774779279	0.5225220721	0.790513952	0.705861306
0.4784789089	0.5215210911	0.7915935117	0.7049798346
0.4794798899	0.5205201101	0.7926691475	0.7041003358
0.4804808709	0.5195191291	0.7937408666	0.7032228043
0.4814818519	0.5185181481	0.7948086766	0.702347235
0.4824828328	0.5175171672	0.7958725847	0.7014736226
0.4834838138	0.5165161862	0.7969325985	0.7006019619
0.4844847948	0.5155152052	0.7979887256	0.6997322478
0.4854857758	0.5145142242	0.7990409733	0.6988644751
0.4864867568	0.5135132432	0.8000893494	0.6979986385
0.4874877377	0.5125122623	0.8011338613	0.697134733
0.4884887187	0.5115112813	0.8021745168	0.6962727533
0.4894896997	0.5105103003	0.8032113236	0.6954126943
0.4904906807	0.5095093193	0.8042442892	0.6945545509
0.4914916617	0.5085083383	0.8052734216	0.6936983179
0.4924926426	0.5075073574	0.8062987283	0.6928439901
0.4934936236	0.5065063764	0.8073202173	0.6919915625
0.4944946046	0.5055053954	0.8083378964	0.6911410299
0.4954955856	0.5045044144	0.8093517733	0.6902923873
0.4964965666	0.5035034334	0.8103618561	0.6894456294
0.4974975475	0.5025024525	0.8113681525	0.6886007512
0.4984985285	0.5015014715	0.8123706706	0.6877577477
0.4994995095	0.5005004905	0.8133694183	0.6869166137
0.5005004905	0.4994995095	0.8143644036	0.6860773442
0.5015014715	0.4984985285	0.8153556344	0.6852399341
0.5025024525	0.4974975475	0.8163431189	0.6844043783
0.5035034334	0.4964965666	0.817326865	0.6835706719
0.5045044144	0.4954955856	0.8183068809	0.6827388097
0.5055053954	0.4944946046	0.8192831747	0.6819087867
0.5065063764	0.4934936236	0.8202557544	0.681080598
0.5075073574	0.4924926426	0.8212246283	0.6802542384
0.5085083383	0.4914916617	0.8221898045	0.6794297031
0.5095093193	0.4904906807	0.8231512911	0.678606987
0.5105103003	0.4894896997	0.8241090964	0.6777860851
0.5115112813	0.4884887187	0.8250632286	0.6769669925
0.5125122623	0.4874877377	0.8260136959	0.6761497042
0.5135132432	0.4864867568	0.8269605066	0.6753342152
0.5145142242	0.4854857758	0.8279036689	0.6745205206
0.5155152052	0.4844847948	0.8288431913	0.6737086154
0.5165161862	0.4834838138	0.8297790818	0.6728984948
0.5175171672	0.4824828328	0.830711349	0.6720901538
0.5185181481	0.4814818519	0.831640001	0.6712835875
0.5195191291	0.4804808709	0.8325650463	0.6704787911
0.5205201101	0.4794798899	0.8334864933	0.6696757595
0.5215210911	0.4784789089	0.8344043502	0.668874488
0.5225220721	0.4774779279	0.8353186256	0.6680749718
0.5235230531	0.4764769469	0.8362293277	0.6672772058
0.524524034	0.475475966	0.8371364651	0.6664811854
0.525525015	0.474474985	0.8380400461	0.6656869056
0.526525996	0.473474004	0.8389400791	0.6648943616
0.527526977	0.472473023	0.8398365727	0.6641035487
0.528527958	0.471472042	0.8407295353	0.663314462
0.5295289389	0.4704710611	0.8416189753	0.6625270968
0.5305299199	0.4694700801	0.8425049012	0.6617414482
0.5315309009	0.4684690991	0.8433873216	0.6609575115
0.5325318819	0.4674681181	0.8442662448	0.6601752819
0.5335328629	0.4664671371	0.8451416795	0.6593947547
0.5345338438	0.4654661562	0.846013634	0.6586159252
0.5355348248	0.4644651752	0.846882117	0.6578387886
0.5365358058	0.4634641942	0.847747137	0.6570633402
0.5375367868	0.4624632132	0.8486087025	0.6562895753
0.5385377678	0.4614622322	0.8494668219	0.6555174892
0.5395387487	0.4604612513	0.850321504	0.6547470772
0.5405397297	0.4594602703	0.8511727571	0.6539783347
0.5415407107	0.4584592893	0.8520205899	0.6532112571
0.5425416917	0.4574583083	0.852865011	0.6524458395
0.5435426727	0.4564573273	0.8537060288	0.6516820775
0.5445436537	0.4554563463	0.854543652	0.6509199665
0.5455446346	0.4544553654	0.8553778891	0.6501595016
0.5465456156	0.4534543844	0.8562087486	0.6494006785
0.5475465966	0.4524534034	0.8570362392	0.6486434925
0.5485475776	0.4514524224	0.8578603695	0.647887939
0.5495485586	0.4504514414	0.858681148	0.6471340135
0.5505495395	0.4494504605	0.8594985832	0.6463817113
0.5515505205	0.4484494795	0.8603126838	0.645631028
0.5525515015	0.4474484985	0.8611234584	0.6448819591
0.5535524825	0.4464475175	0.8619309155	0.6441344999
0.5545534635	0.4454465365	0.8627350638	0.643388646
0.5555544444	0.4444455556	0.8635359117	0.6426443929
0.5565554254	0.4434445746	0.8643334679	0.6419017362
0.5575564064	0.4424435936	0.865127741	0.6411606713
0.5585573874	0.4414426126	0.8659187395	0.6404211937
0.5595583684	0.4404416316	0.8667064721	0.6396832991
0.5605593493	0.4394406507	0.8674909472	0.6389469829
0.5615603303	0.4384396697	0.8682721736	0.6382122409
0.5625613113	0.4374386887	0.8690501597	0.6374790684
0.5635622923	0.4364377077	0.8698249141	0.6367474613
0.5645632733	0.4354367267	0.8705964455	0.6360174149
0.5655642543	0.4344357457	0.8713647623	0.6352889251
0.5665652352	0.4334347648	0.8721298732	0.6345619873
0.5675662162	0.4324337838	0.8728917866	0.6338365973
0.5685671972	0.4314328028	0.8736505112	0.6331127507
0.5695681782	0.4304318218	0.8744060555	0.6323904431
0.5705691592	0.4294308408	0.8751584281	0.6316696704
0.5715701401	0.4284298599	0.8759076375	0.630950428
0.5725711211	0.4274288789	0.8766536922	0.6302327118
0.5735721021	0.4264278979	0.8773966008	0.6295165175
0.5745730831	0.4254269169	0.8781363718	0.6288018408
0.5755740641	0.4244259359	0.8788730137	0.6280886773
0.576575045	0.423424955	0.8796065351	0.627377023
0.577576026	0.422423974	0.8803369445	0.6266668735
0.578577007	0.421422993	0.8810642504	0.6259582246
0.579577988	0.420422012	0.8817884612	0.6252510721
0.580578969	0.419421031	0.8825095855	0.6245454119
0.5815799499	0.4184200501	0.8832276318	0.6238412396
0.5825809309	0.4174190691	0.8839426085	0.6231385511
0.5835819119	0.4164180881	0.8846545241	0.6224373424
0.5845828929	0.4154171071	0.8853633872	0.6217376091
0.5855838739	0.4144161261	0.886069206	0.6210393472
0.5865848549	0.4134151451	0.8867719892	0.6203425525
0.5875858358	0.4124141642	0.8874717452	0.619647221
0.5885868168	0.4114131832	0.8881684823	0.6189533485
0.5895877978	0.4104122022	0.888862209	0.6182609308
0.5905887788	0.4094112212	0.8895529338	0.617569964
0.5915897598	0.4084102402	0.890240665	0.616880444
0.5925907407	0.4074092593	0.890925411	0.6161923667
0.5935917217	0.4064082783	0.8916071803	0.615505728
0.5945927027	0.4054072973	0.8922859813	0.614820524
0.5955936837	0.4044063163	0.8929618222	0.6141367505
0.5965946647	0.4034053353	0.8936347115	0.6134544036
0.5975956456	0.4024043544	0.8943046575	0.6127734793
0.5985966266	0.4014033734	0.8949716686	0.6120939736
0.5995976076	0.4004023924	0.895635753	0.6114158825
0.6005985886	0.3994014114	0.8962969193	0.610739202
0.6015995696	0.3984004304	0.8969551755	0.6100639282
0.6026005506	0.3973994494	0.8976105301	0.6093900572
0.6036015315	0.3963984685	0.8982629914	0.608717585
0.6046025125	0.3953974875	0.8989125676	0.6080465077
0.6056034935	0.3943965065	0.8995592669	0.6073768214
0.6066044745	0.3933955255	0.9002030978	0.6067085221
0.6076054555	0.3923945445	0.9008440683	0.6060416061
0.6086064364	0.3913935636	0.9014821869	0.6053760695
0.6096074174	0.3903925826	0.9021174615	0.6047119083
0.6106083984	0.3893916016	0.9027499006	0.6040491187
0.6116093794	0.3883906206	0.9033795123	0.6033876969
0.6126103604	0.3873896396	0.9040063048	0.6027276391
0.6136113413	0.3863886587	0.9046302863	0.6020689414
0.6146123223	0.3853876777	0.9052514649	0.6014116001
0.6156133033	0.3843866967	0.9058698488	0.6007556113
0.6166142843	0.3833857157	0.9064854461	0.6001009713
0.6176152653	0.3823847347	0.907098265	0.5994476763
0.6186162462	0.3813837538	0.9077083137	0.5987957225
0.6196172272	0.3803827728	0.9083156001	0.5981451063
0.6206182082	0.3793817918	0.9089201324	0.5974958238
0.6216191892	0.3783808108	0.9095219186	0.5968478713
0.6226201702	0.3773798298	0.9101209669	0.5962012452
0.6236211512	0.3763788488	0.9107172853	0.5955559417
0.6246221321	0.3753778679	0.9113108819	0.5949119572
0.6256231131	0.3743768869	0.9119017645	0.5942692879
0.6266240941	0.3733759059	0.9124899414	0.5936279302
0.6276250751	0.3723749249	0.9130754204	0.5929878804
0.6286260561	0.3713739439	0.9136582096	0.5923491349
0.629627037	0.370372963	0.9142383169	0.5917116901
0.630628018	0.369371982	0.9148157504	0.5910755423
0.631628999	0.368371001	0.9153905178	0.590440688
0.63262998	0.36737002	0.9159626272	0.5898071235
0.633630961	0.366369039	0.9165320865	0.5891748452
0.6346319419	0.3653680581	0.9170989036	0.5885438496
0.6356329229	0.3643670771	0.9176630863	0.5879141331
0.6366339039	0.3633660961	0.9182246426	0.5872856921
0.6376348849	0.3623651151	0.9187835803	0.5866585231
0.6386358659	0.3613641341	0.9193399072	0.5860326225
0.6396368468	0.3603631532	0.9198936313	0.5854079869
0.6406378278	0.3593621722	0.9204447602	0.5847846128
0.6416388088	0.3583611912	0.9209933018	0.5841624965
0.6426397898	0.3573602102	0.9215392639	0.5835416347
0.6436407708	0.3563592292	0.9220826542	0.5829220239
0.6446417518	0.3553582482	0.9226234805	0.5823036605
0.6456427327	0.3543572673	0.9231617506	0.5816865412
0.6466437137	0.3533562863	0.9236974722	0.5810706624
0.6476446947	0.3523553053	0.9242306529	0.5804560209
0.6486456757	0.3513543243	0.9247613005	0.579842613
0.6496466567	0.3503533433	0.9252894226	0.5792304354
0.6506476376	0.3493523624	0.925815027	0.5786194848
0.6516486186	0.3483513814	0.9263381213	0.5780097576
0.6526495996	0.3473504004	0.926858713	0.5774012506
0.6536505806	0.3463494194	0.9273768098	0.5767939604
0.6546515616	0.3453484384	0.9278924194	0.5761878836
0.6556525425	0.3443474575	0.9284055493	0.5755830168
0.6566535235	0.3433464765	0.928916207	0.5749793567
0.6576545045	0.3423454955	0.9294244002	0.5743769
0.6586554855	0.3413445145	0.9299301363	0.5737756434
0.6596564665	0.3403435335	0.9304334229	0.5731755835
0.6606574474	0.3393425526	0.9309342675	0.572576717
0.6616584284	0.3383415716	0.9314326776	0.5719790408
0.6626594094	0.3373405906	0.9319286607	0.5713825514
0.6636603904	0.3363396096	0.9324222242	0.5707872457
0.6646613714	0.3353386286	0.9329133755	0.5701931203
0.6656623524	0.3343376476	0.9334021221	0.569600172
0.6666633333	0.3333366667	0.9338884714	0.5690083977
0.6676643143	0.3323356857	0.9343724308	0.568417794
0.6686652953	0.3313347047	0.9348540077	0.5678283577
0.6696662763	0.3303337237	0.9353332094	0.5672400857
0.6706672573	0.3293327427	0.9358100433	0.5666529747
0.6716682382	0.3283317618	0.9362845167	0.5660670216
0.6726692192	0.3273307808	0.9367566368	0.5654822231
0.6736702002	0.3263297998	0.9372264111	0.5648985762
0.6746711812	0.3253288188	0.9376938468	0.5643160777
0.6756721622	0.3243278378	0.9381589511	0.5637347243
0.6766731431	0.3233268569	0.9386217313	0.5631545131
0.6776741241	0.3223258759	0.9390821947	0.5625754408
0.6786751051	0.3213248949	0.9395403484	0.5619975044
0.6796760861	0.3203239139	0.9399961996	0.5614207007
0.6806770671	0.3193229329	0.9404497555	0.5608450266
0.681678048	0.318321952	0.9409010232	0.5602704791
0.682679029	0.317320971	0.94135001	0.5596970552
0.68368001	0.31631999	0.941796723	0.5591247516
0.684680991	0.315319009	0.9422411692	0.5585535654
0.685681972	0.314318028	0.9426833557	0.5579834935
0.686682953	0.313317047	0.9431232897	0.5574145329
0.6876839339	0.3123160661	0.9435609782	0.5568466805
0.6886849149	0.3113150851	0.9439964282	0.5562799334
0.6896858959	0.3103141041	0.9444296468	0.5557142886
0.6906868769	0.3093131231	0.944860641	0.5551497429
0.6916878579	0.3083121421	0.9452894177	0.5545862935
0.6926888388	0.3073111612	0.945715984	0.5540239374
0.6936898198	0.3063101802	0.9461403467	0.5534626716
0.6946908008	0.3053091992	0.946562513	0.5529024932
0.6956917818	0.3043082182	0.9469824896	0.5523433991
0.6966927628	0.3033072372	0.9474002834	0.5517853864
0.6976937437	0.3023062563	0.9478159015	0.5512284523
0.6986947247	0.3013052753	0.9482293506	0.5506725938
0.6996957057	0.3003042943	0.9486406377	0.550117808
0.7006966867	0.2993033133	0.9490497694	0.549564092
0.7016976677	0.2983023323	0.9494567528	0.5490114428
0.7026986486	0.2973013514	0.9498615945	0.5484598577
0.7036996296	0.2963003704	0.9502643014	0.5479093337
0.7047006106	0.2952993894	0.9506648803	0.5473598679
0.7057015916	0.2942984084	0.9510633378	0.5468114576
0.7067025726	0.2932974274	0.9514596808	0.5462640998
0.7077035536	0.2922964464	0.951853916	0.5457177918
0.7087045345	0.2912954655	0.95224605	0.5451725306
0.7097055155	0.2902944845	0.9526360896	0.5446283135
0.7107064965	0.2892935035	0.9530240414	0.5440851377
0.7117074775	0.2882925225	0.9534099121	0.5435430003
0.7127084585	0.2872915415	0.9537937083	0.5430018986
0.7137094394	0.2862905606	0.9541754366	0.5424618298
0.7147104204	0.2852895796	0.9545551037	0.5419227911
0.7157114014	0.2842885986	0.9549327161	0.5413847797
0.7167123824	0.2832876176	0.9553082803	0.5408477929
0.7177133634	0.2822866366	0.955681803	0.5403118279
0.7187143443	0.2812856557	0.9560532907	0.5397768821
0.7197153253	0.2802846747	0.9564227499	0.5392429526
0.7207163063	0.2792836937	0.9567901871	0.5387100367
0.7217172873	0.2782827127	0.9571556087	0.5381781318
0.7227182683	0.2772817317	0.9575190213	0.5376472351
0.7237192492	0.2762807508	0.9578804313	0.5371173439
0.7247202302	0.2752797698	0.9582398451	0.5365884555
0.7257212112	0.2742787888	0.9585972691	0.5360605673
0.7267221922	0.2732778078	0.9589527097	0.5355336766
0.7277231732	0.2722768268	0.9593061734	0.5350077807
0.7287241542	0.2712758458	0.9596576664	0.534482877
0.7297251351	0.2702748649	0.9600071952	0.5339589629
0.7307261161	0.2692738839	0.960354766	0.5334360356
0.7317270971	0.2682729029	0.9607003852	0.5329140926
0.7327280781	0.2672719219	0.961044059	0.5323931312
0.7337290591	0.2662709409	0.9613857938	0.5318731489
0.73473004	0.26526996	0.9617255958	0.531354143
0.735731021	0.264268979	0.9620634712	0.530836111
0.736732002	0.263267998	0.9623994263	0.5303190502
0.737732983	0.262267017	0.9627334673	0.529802958
0.738733964	0.261266036	0.9630656003	0.529287832
0.7397349449	0.2602650551	0.9633958316	0.5287736696
0.7407359259	0.2592640741	0.9637241673	0.5282604681
0.7417369069	0.2582630931	0.9640506136	0.5277482251
0.7427378879	0.2572621121	0.9643751766	0.527236938
0.7437388689	0.2562611311	0.9646978623	0.5267266042
0.7447398498	0.2552601502	0.9650186769	0.5262172214
0.7457408308	0.2542591692	0.9653376266	0.5257087869
0.7467418118	0.2532581882	0.9656547172	0.5252012982
0.7477427928	0.2522572072	0.9659699549	0.5246947529
0.7487437738	0.2512562262	0.9662833457	0.5241891485
0.7497447548	0.2502552452	0.9665948955	0.5236844824
0.7507457357	0.2492542643	0.9669046105	0.5231807522
0.7517467167	0.2482532833	0.9672124965	0.5226779556
0.7527476977	0.2472523023	0.9675185596	0.5221760899
0.7537486787	0.2462513213	0.9678228057	0.5216751527
0.7547496597	0.2452503403	0.9681252406	0.5211751416
0.7557506406	0.2442493594	0.9684258703	0.5206760543
0.7567516216	0.2432483784	0.9687247008	0.5201778881
0.7577526026	0.2422473974	0.9690217378	0.5196806408
0.7587535836	0.2412464164	0.9693169872	0.5191843099
0.7597545646	0.2402454354	0.9696104549	0.5186888931
0.7607555455	0.2392444545	0.9699021467	0.5181943878
0.7617565265	0.2382434735	0.9701920685	0.5177007918
0.7627575075	0.2372424925	0.9704802259	0.5172081027
0.7637584885	0.2362415115	0.9707666248	0.516716318
0.7647594695	0.2352405305	0.971051271	0.5162254355
0.7657604505	0.2342395495	0.9713341701	0.5157354528
0.7667614314	0.2332385686	0.9716153279	0.5152463674
0.7677624124	0.2322375876	0.9718947502	0.5147581772
0.7687633934	0.2312366066	0.9721724426	0.5142708797
0.7697643744	0.2302356256	0.9724484108	0.5137844726
0.7707653554	0.2292346446	0.9727226605	0.5132989536
0.7717663363	0.2282336637	0.9729951973	0.5128143204
0.7727673173	0.2272326827	0.9732660268	0.5123305707
0.7737682983	0.2262317017	0.9735351546	0.5118477022
0.7747692793	0.2252307207	0.9738025864	0.5113657126
0.7757702603	0.2242297397	0.9740683278	0.5108845996
0.7767712412	0.2232287588	0.9743323842	0.510404361
0.7777722222	0.2222277778	0.9745947613	0.5099249944
0.7787732032	0.2212267968	0.9748554646	0.5094464977
0.7797741842	0.2202258158	0.9751144995	0.5089688685
0.7807751652	0.2192248348	0.9753718717	0.5084921047
0.7817761461	0.2182238539	0.9756275865	0.5080162039
0.7827771271	0.2172228729	0.9758816495	0.507541164
0.7837781081	0.2162218919	0.9761340661	0.5070669828
0.7847790891	0.2152209109	0.9763848417	0.5065936579
0.7857800701	0.2142199299	0.9766339818	0.5061211873
0.7867810511	0.2132189489	0.9768814918	0.5056495686
0.787782032	0.212217968	0.977127377	0.5051787997
0.788783013	0.211216987	0.9773716429	0.5047088785
0.789783994	0.210216006	0.9776142947	0.5042398027
0.790784975	0.209215025	0.9778553379	0.5037715702
0.791785956	0.208214044	0.9780947777	0.5033041787
0.7927869369	0.2072130631	0.9783326195	0.5028376262
0.7937879179	0.2062120821	0.9785688686	0.5023719104
0.7947888989	0.2052111011	0.9788035302	0.5019070293
0.7957898799	0.2042101201	0.9790366096	0.5014429807
0.7967908609	0.2032091391	0.9792681121	0.5009797624
0.7977918418	0.2022081582	0.9794980429	0.5005173723
0.7987928228	0.2012071772	0.9797264072	0.5000558084
0.7997938038	0.2002061962	0.9799532102	0.4995950684
0.8007947848	0.1992052152	0.980178457	0.4991351503
0.8017957658	0.1982042342	0.980402153	0.4986760521
0.8027967467	0.1972032533	0.9806243032	0.4982177715
0.8037977277	0.1962022723	0.9808449127	0.4977603065
0.8047987087	0.1952012913	0.9810639867	0.497303655
0.8057996897	0.1942003103	0.9812815303	0.496847815
0.8068006707	0.1931993293	0.9814975487	0.4963927844
0.8078016517	0.1921983483	0.9817120467	0.4959385611
0.8088026326	0.1911973674	0.9819250296	0.495485143
0.8098036136	0.1901963864	0.9821365024	0.4950325282
0.8108045946	0.1891954054	0.9823464702	0.4945807146
0.8118055756	0.1881944244	0.9825549378	0.4941297001
0.8128065566	0.1871934434	0.9827619104	0.4936794827
0.8138075375	0.1861924625	0.9829673929	0.4932300605
0.8148085185	0.1851914815	0.9831713903	0.4927814313
0.8158094995	0.1841905005	0.9833739076	0.4923335932
0.8168104805	0.1831895195	0.9835749497	0.4918865441
0.8178114615	0.1821885385	0.9837745215	0.4914402822
0.8188124424	0.1811875576	0.9839726279	0.4909948053
0.8198134234	0.1801865766	0.9841692739	0.4905501115
0.8208144044	0.1791855956	0.9843644643	0.4901061988
0.8218153854	0.1781846146	0.984558204	0.4896630653
0.8228163664	0.1771836336	0.9847504979	0.489220709
0.8238173473	0.1761826527	0.9849413507	0.4887791279
0.8248183283	0.1751816717	0.9851307674	0.48833832
0.8258193093	0.1741806907	0.9853187526	0.4878982835
0.8268202903	0.1731797097	0.9855053114	0.4874590164
0.8278212713	0.1721787287	0.9856904483	0.4870205168
0.8288222523	0.1711777477	0.9858741681	0.4865827826
0.8298232332	0.1701767668	0.9860564757	0.4861458121
0.8308242142	0.1691757858	0.9862373757	0.4857096032
0.8318251952	0.1681748048	0.986416873	0.4852741542
0.8328261762	0.1671738238	0.9865949721	0.484839463
0.8338271572	0.1661728428	0.9867716778	0.4844055277
0.8348281381	0.1651718619	0.9869469947	0.4839723466
0.8358291191	0.1641708809	0.9871209276	0.4835399176
0.8368301001	0.1631698999	0.987293481	0.483108239
0.8378310811	0.1621689189	0.9874646597	0.4826773088
0.8388320621	0.1611679379	0.9876344682	0.4822471252
0.839833043	0.160166957	0.9878029112	0.4818176863
0.840834024	0.159165976	0.9879699931	0.4813889902
0.841835005	0.158164995	0.9881357187	0.4809610351
0.842835986	0.157164014	0.9883000925	0.4805338192
0.843836967	0.156163033	0.9884631191	0.4801073406
0.8448379479	0.1551620521	0.9886248029	0.4796815975
0.8458389289	0.1541610711	0.9887851485	0.4792565881
0.8468399099	0.1531600901	0.9889441604	0.4788323105
0.8478408909	0.1521591091	0.9891018431	0.4784087628
0.8488418719	0.1511581281	0.9892582011	0.4779859434
0.8498428529	0.1501571471	0.9894132389	0.4775638504
0.8508438338	0.1491561662	0.9895669608	0.477142482
0.8518448148	0.1481551852	0.9897193715	0.4767218364
0.8528457958	0.1471542042	0.9898704752	0.4763019118
0.8538467768	0.1461532232	0.9900202764	0.4758827065
0.8548477578	0.1451522422	0.9901687794	0.4754642186
0.8558487387	0.1441512613	0.9903159888	0.4750464463
0.8568497197	0.1431502803	0.9904619088	0.474629388
0.8578507007	0.1421492993	0.9906065438	0.4742130419
0.8588516817	0.1411483183	0.9907498982	0.4737974061
0.8598526627	0.1401473373	0.9908919762	0.473382479
0.8608536436	0.1391463564	0.9910327823	0.4729682588
0.8618546246	0.1381453754	0.9911723206	0.4725547438
0.8628556056	0.1371443944	0.9913105956	0.4721419322
0.8638565866	0.1361434134	0.9914476114	0.4717298223
0.8648575676	0.1351424324	0.9915833724	0.4713184124
0.8658585485	0.1341414515	0.9917178827	0.4709077008
0.8668595295	0.1331404705	0.9918511467	0.4704976857
0.8678605105	0.1321394895	0.9919831686	0.4700883654
0.8688614915	0.1311385085	0.9921139525	0.4696797383
0.8698624725	0.1301375275	0.9922435026	0.4692718027
0.8708634535	0.1291365465	0.9923718233	0.4688645568
0.8718644344	0.1281355656	0.9924989185	0.4684579989
0.8728654154	0.1271345846	0.9926247925	0.4680521275
0.8738663964	0.1261336036	0.9927494495	0.4676469407
0.8748673774	0.1251326226	0.9928728935	0.467242437
0.8758683584	0.1241316416	0.9929951287	0.4668386147
0.8768693393	0.1231306607	0.9931161592	0.4664354721
0.8778703203	0.1221296797	0.993235989	0.4660330075
0.8788713013	0.1211286987	0.9933546223	0.4656312194
0.8798722823	0.1201277177	0.9934720632	0.465230106
0.8808732633	0.1191267367	0.9935883156	0.4648296657
0.8818742442	0.1181257558	0.9937033837	0.464429897
0.8828752252	0.1171247748	0.9938172714	0.4640307981
0.8838762062	0.1161237938	0.9939299828	0.4636323674
0.8848771872	0.1151228128	0.9940415219	0.4632346033
0.8858781682	0.1141218318	0.9941518927	0.4628375043
0.8868791491	0.1131208509	0.9942610991	0.4624410686
0.8878801301	0.1121198699	0.9943691451	0.4620452947
0.8888811111	0.1111188889	0.9944760347	0.461650181
0.8898820921	0.1101179079	0.9945817719	0.4612557259
0.8908830731	0.1091169269	0.9946863604	0.4608619278
0.8918840541	0.1081159459	0.9947898044	0.4604687851
0.892885035	0.107114965	0.9948921076	0.4600762963
0.893886016	0.106113984	0.994993274	0.4596844597
0.894886997	0.105113003	0.9950933074	0.4592932738
0.895887978	0.104112022	0.9951922117	0.458902737
0.896888959	0.103111041	0.9952899908	0.4585128478
0.8978899399	0.1021100601	0.9953866485	0.4581236045
0.8988909209	0.1011090791	0.9954821887	0.4577350058
0.8998919019	0.1001080981	0.9955766151	0.4573470499
0.9008928829	0.09910711712	0.9956699316	0.4569597354
0.9018938639	0.09810613614	0.9957621419	0.4565730607
0.9028948448	0.09710515516	0.9958532499	0.4561870243
0.9038958258	0.09610417417	0.9959432593	0.4558016247
0.9048968068	0.09510319319	0.9960321739	0.4554168603
0.9058977878	0.09410221221	0.9961199974	0.4550327296
0.9068987688	0.09310123123	0.9962067336	0.4546492311
0.9078997497	0.09210025025	0.9962923861	0.4542663634
0.9089007307	0.09109926927	0.9963769588	0.4538841248
0.9099017117	0.09009828829	0.9964604552	0.4535025139
0.9109026927	0.08909730731	0.9965428791	0.4531215292
0.9119036737	0.08809632633	0.9966242342	0.4527411692
0.9129046547	0.08709534535	0.9967045241	0.4523614324
0.9139056356	0.08609436436	0.9967837524	0.4519823174
0.9149066166	0.08509338338	0.9968619229	0.4516038226
0.9159075976	0.0840924024	0.9969390392	0.4512259466
0.9169085786	0.08309142142	0.9970151047	0.4508486879
0.9179095596	0.08209044044	0.9970901233	0.450472045
0.9189105405	0.08108945946	0.9971640984	0.4500960165
0.9199115215	0.08008847848	0.9972370337	0.449720601
0.9209125025	0.0790874975	0.9973089327	0.449345797
0.9219134835	0.07808651652	0.9973797989	0.4489716029
0.9229144645	0.07708553554	0.997449636	0.4485980175
0.9239154454	0.07608455455	0.9975184475	0.4482250392
0.9249164264	0.07508357357	0.9975862369	0.4478526666
0.9259174074	0.07408259259	0.9976530076	0.4474808984
0.9269183884	0.07308161161	0.9977187633	0.4471097329
0.9279193694	0.07208063063	0.9977835074	0.446739169
0.9289203504	0.07107964965	0.9978472434	0.446369205
0.9299213313	0.07007866867	0.9979099747	0.4459998397
0.9309223123	0.06907768769	0.9979717048	0.4456310715
0.9319232933	0.06807670671	0.9980324372	0.4452628992
0.9329242743	0.06707572573	0.9980921754	0.4448953212
0.9339252553	0.06607474474	0.9981509226	0.4445283363
0.9349262362	0.06507376376	0.9982086824	0.444161943
0.9359272172	0.06407278278	0.9982654581	0.4437961398
0.9369281982	0.0630718018	0.9983212532	0.4434309256
0.9379291792	0.06207082082	0.998376071	0.4430662988
0.9389301602	0.06106983984	0.9984299149	0.4427022581
0.9399311411	0.06006885886	0.9984827883	0.4423388021
0.9409321221	0.05906787788	0.9985346944	0.4419759294
0.9419331031	0.0580668969	0.9985856367	0.4416136387
0.9429340841	0.05706591592	0.9986356185	0.4412519287
0.9439350651	0.05606493493	0.9986846431	0.4408907979
0.944936046	0.05506395395	0.9987327138	0.4405302451
0.945937027	0.05406297297	0.9987798339	0.4401702688
0.946938008	0.05306199199	0.9988260066	0.4398108678
0.947938989	0.05206101101	0.9988712353	0.4394520406
0.94893997	0.05106003003	0.9989155233	0.4390937861
0.949940951	0.05005904905	0.9989588737	0.4387361027
0.9509419319	0.04905806807	0.9990012899	0.4383789893
0.9519429129	0.04805708709	0.999042775	0.4380224444
0.9529438939	0.04705610611	0.9990833322	0.4376664668
0.9539448749	0.04605512513	0.9991229649	0.4373110551
0.9549458559	0.04505414414	0.9991616762	0.4369562081
0.9559468368	0.04405316316	0.9991994692	0.4366019244
0.9569478178	0.04305218218	0.9992363472	0.4362482028
0.9579487988	0.0420512012	0.9992723134	0.4358950418
0.9589497798	0.04105022022	0.9993073708	0.4355424403
0.9599507608	0.04004923924	0.9993415227	0.435190397
0.9609517417	0.03904825826	0.9993747722	0.4348389104
0.9619527227	0.03804727728	0.9994071225	0.4344879795
0.9629537037	0.0370462963	0.9994385765	0.4341376028
0.9639546847	0.03604531532	0.9994691376	0.4337877792
0.9649556657	0.03504433433	0.9994988086	0.4334385073
0.9659566466	0.03404335335	0.9995275929	0.4330897859
0.9669576276	0.03304237237	0.9995554933	0.4327416136
0.9679586086	0.03204139139	0.9995825131	0.4323939893
0.9689595896	0.03104041041	0.9996086552	0.4320469117
0.9699605706	0.03003942943	0.9996339227	0.4317003796
0.9709615516	0.02903844845	0.9996583186	0.4313543916
0.9719625325	0.02803746747	0.9996818461	0.4310089465
0.9729635135	0.02703648649	0.999704508	0.4306640432
0.9739644945	0.02603550551	0.9997263075	0.4303196803
0.9749654755	0.02503452452	0.9997472475	0.4299758566
0.9759664565	0.02403354354	0.999767331	0.4296325709
0.9769674374	0.02303256256	0.999786561	0.4292898219
0.9779684184	0.02203158158	0.9998049404	0.4289476085
0.9789693994	0.0210306006	0.9998224723	0.4286059294
0.9799703804	0.02002961962	0.9998391595	0.4282647834
0.9809713614	0.01902863864	0.9998550051	0.4279241692
0.9819723423	0.01802765766	0.999870012	0.4275840858
0.9829733233	0.01702667668	0.999884183	0.4272445318
0.9839743043	0.0160256957	0.9998975211	0.426905506
0.9849752853	0.01502471471	0.9999100293	0.4265670073
0.9859762663	0.01402373373	0.9999217103	0.4262290345
0.9869772472	0.01302275275	0.9999325671	0.4258915863
0.9879782282	0.01202177177	0.9999426026	0.4255546616
0.9889792092	0.01102079079	0.9999518197	0.4252182592
0.9899801902	0.01001980981	0.9999602211	0.424882378
0.9909811712	0.009018828829	0.9999678098	0.4245470166
0.9919821522	0.008017847848	0.9999745886	0.424212174
0.9929831331	0.007016866867	0.9999805603	0.423877849
0.9939841141	0.006015885886	0.9999857277	0.4235440404
0.9949850951	0.005014904905	0.9999900937	0.4232107471
0.9959860761	0.004013923924	0.9999936611	0.4228779678
0.9969870571	0.003012942943	0.9999964326	0.4225457015
0.997988038	0.002011961962	0.9999984111	0.4222139469
0.998989019	0.001010980981	0.9999995993	0.421882703
0.99999	1e-05	1	0.4215519685
