1e-05	0.99999	0.7045652934	1.000000007
0.001010980981	0.998989019	0.6117857768	1.000071414
0.002011961962	0.997988038	0.5357147388	1.000271774
0.003012942943	0.9969870571	0.4728244382	1.000585817
0.004013923924	0.9959860761	0.4204265691	1.000999673
0.005014904905	0.9949850951	0.3764528955	1.001500739
0.006015885886	0.9939841141	0.3392978087	1.002077551
0.007016866867	0.9929831331	0.3077041469	1.002719674
0.008017847848	0.9919821522	0.2806795665	1.003417607
0.009018828829	0.9909811712	0.2574347127	1.004162693
0.01001980981	0.9899801902	0.2373370956	1.004947041
0.01102079079	0.9889792092	0.2198763886	1.00576346
0.01202177177	0.9879782282	0.2046381063	1.006605391
0.01302275275	0.9869772472	0.191283485	1.007466857
0.01402373373	0.9859762663	0.1795339878	1.008342405
0.01502471471	0.9849752853	0.1691592885	1.009227069
0.0160256957	0.9839743043	0.1599678891	1.010116322
0.01702667668	0.9829733233	0.1517997462	1.011006042
0.01802765766	0.9819723423	0.1445204406	1.011892478
0.01902863864	0.9809713614	0.1380165392	1.012772218
0.02002961962	0.9799703804	0.1321918846	1.013642163
0.0210306006	0.9789693994	0.126964611	1.014499501
0.02203158158	0.9779684184	0.1222647309	1.015341682
0.02303256256	0.9769674374	0.1180321738	1.016166399
0.02403354354	0.9759664565	0.1142151849	1.016971571
0.02503452452	0.9749654755	0.1107690116	1.017755318
0.02603550551	0.9739644945	0.1076548204	1.018515953
0.02703648649	0.9729635135	0.1048388011	1.019251962
0.02803746747	0.9719625325	0.1022914223	1.019961993
0.02903844845	0.9709615516	0.09998681006	1.020644841
0.03003942943	0.9699605706	0.0979022273	1.021299439
0.03104041041	0.9689595896	0.09601763661	1.021924847
0.03204139139	0.9679586086	0.09431533102	1.022520241
0.03304237237	0.9669576276	0.09277962156	1.023084905
0.03404335335	0.9659566466	0.09139657182	1.023618221
0.03504433433	0.9649556657	0.09015377176	1.024119664
0.03604531532	0.9639546847	0.08904014436	1.024588794
0.0370462963	0.9629537037	0.08804577982	1.025025249
0.03804727728	0.9619527227	0.08716179299	1.025428736
0.03904825826	0.9609517417	0.08638020048	1.025799034
0.04004923924	0.9599507608	0.08569381433	1.026135977
0.04105022022	0.9589497798	0.08509614984	1.026439461
0.0420512012	0.9579487988	0.08458134549	1.02670943
0.04305218218	0.9569478178	0.08414409314	1.026945878
0.04405316316	0.9559468368	0.08377957707	1.02714884
0.04505414414	0.9549458559	0.08348342058	1.027318396
0.04605512513	0.9539448749	0.08325163921	1.027454658
0.04705610611	0.9529438939	0.08308059949	1.027557775
0.04805708709	0.9519429129	0.08296698273	1.027627928
0.04905806807	0.9509419319	0.08290775288	1.027665322
0.05005904905	0.949940951	0.08290012825	1.027670193
0.05106003003	0.94893997	0.08294155633	1.027642797
0.05206101101	0.947938989	0.08302969146	1.027583413
0.05306199199	0.946938008	0.08316237496	1.02749234
0.05406297297	0.945937027	0.08333761742	1.027369894
0.05506395395	0.944936046	0.08355358287	1.027216406
0.05606493493	0.9439350651	0.08380857466	1.027032224
0.05706591592	0.9429340841	0.08410102271	1.026817705
0.0580668969	0.9419331031	0.08442947221	1.026573221
0.05906787788	0.9409321221	0.08479257335	1.026299152
0.06006885886	0.9399311411	0.0851890721	1.025995889
0.06106983984	0.9389301602	0.08561780197	1.025663828
0.06207082082	0.9379291792	0.08607767644	1.025303375
0.0630718018	0.9369281982	0.08656768224	1.024914939
0.06407278278	0.9359272172	0.08708687323	1.024498937
0.06507376376	0.9349262362	0.08763436477	1.024055786
0.06607474474	0.9339252553	0.08820932877	1.023585911
0.06707572573	0.9329242743	0.08881098903	1.023089736
0.06807670671	0.9319232933	0.08943861713	1.02256769
0.06907768769	0.9309223123	0.09009152857	1.022020201
0.07007866867	0.9299213313	0.09076907937	1.021447698
0.07107964965	0.9289203504	0.09147066288	1.020850613
0.07208063063	0.9279193694	0.09219570689	1.020229373
0.07308161161	0.9269183884	0.09294367098	1.01958441
0.07408259259	0.9259174074	0.09371404412	1.01891615
0.07508357357	0.9249164264	0.09450634247	1.018225021
0.07608455455	0.9239154454	0.09532010728	1.017511448
0.07708553554	0.9229144645	0.0961549031	1.016775852
0.07808651652	0.9219134835	0.09701031601	1.016018655
0.0790874975	0.9209125025	0.09788595206	1.015240274
0.08008847848	0.9199115215	0.09878143583	1.014441124
0.08108945946	0.9189105405	0.09969640906	1.013621616
0.08209044044	0.9179095596	0.1006305295	1.012782159
0.08309142142	0.9169085786	0.1015834695	1.011923157
0.0840924024	0.9159075976	0.1025549155	1.011045012
0.08509338338	0.9149066166	0.1035445664	1.010148119
0.08609436436	0.9139056356	0.1045521332	1.009232873
0.08709534535	0.9129046547	0.1055773378	1.008299661
0.08809632633	0.9119036737	0.1066199126	1.007348869
0.08909730731	0.9109026927	0.1076795994	1.006380877
0.09009828829	0.9099017117	0.1087561488	1.00539606
0.09109926927	0.9089007307	0.1098493201	1.004394791
0.09210025025	0.9078997497	0.11095888	1.003377434
0.09310123123	0.9068987688	0.1120846024	1.002344353
0.09410221221	0.9058977878	0.1132262683	1.001295904
0.09510319319	0.9048968068	0.1143836645	1.000232441
0.09610417417	0.9038958258	0.1155565839	0.9991543106
0.09710515516	0.9028948448	0.1167448249	0.9980618563
0.09810613614	0.9018938639	0.1179481908	0.9969554162
0.09910711712	0.9008928829	0.1191664899	0.9958353236
0.1001080981	0.8998919019	0.1203995348	0.9947019071
0.1011090791	0.8988909209	0.1216471422	0.9935554904
0.1021100601	0.8978899399	0.1229091328	0.9923963923
0.103111041	0.896888959	0.1241853309	0.991224927
0.104112022	0.895887978	0.1254755641	0.9900414037
0.105113003	0.894886997	0.1267796633	0.9888461268
0.106113984	0.893886016	0.1280974623	0.9876393962
0.107114965	0.892885035	0.1294287976	0.9864215066
0.1081159459	0.8918840541	0.1307735086	0.9851927484
0.1091169269	0.8908830731	0.1321314367	0.9839534072
0.1101179079	0.8898820921	0.133502426	0.9827037639
0.1111188889	0.8888811111	0.1348863224	0.9814440946
0.1121198699	0.8878801301	0.1362829741	0.9801746713
0.1131208509	0.8868791491	0.137692231	0.978895761
0.1141218318	0.8858781682	0.1391139449	0.9776076264
0.1151228128	0.8848771872	0.140547969	0.9763105258
0.1161237938	0.8838762062	0.1419941585	0.9750047128
0.1171247748	0.8828752252	0.1434523698	0.973690437
0.1181257558	0.8818742442	0.1449224607	0.9723679434
0.1191267367	0.8808732633	0.1464042903	0.9710374728
0.1201277177	0.8798722823	0.147897719	0.9696992619
0.1211286987	0.8788713013	0.1494026085	0.9683535431
0.1221296797	0.8778703203	0.1509188214	0.9670005447
0.1231306607	0.8768693393	0.1524462214	0.9656404907
0.1241316416	0.8758683584	0.1539846732	0.9642736016
0.1251326226	0.8748673774	0.1555340426	0.9629000933
0.1261336036	0.8738663964	0.1570941961	0.9615201783
0.1271345846	0.8728654154	0.1586650011	0.9601340649
0.1281355656	0.8718644344	0.1602463259	0.9587419577
0.1291365465	0.8708634535	0.1618380396	0.9573440575
0.1301375275	0.8698624725	0.1634400119	0.9559405614
0.1311385085	0.8688614915	0.1650521134	0.9545316628
0.1321394895	0.8678605105	0.1666742153	0.9531175516
0.1331404705	0.8668595295	0.1683061896	0.951698414
0.1341414515	0.8658585485	0.1699479086	0.9502744328
0.1351424324	0.8648575676	0.1715992457	0.9488457873
0.1361434134	0.8638565866	0.1732600745	0.9474126533
0.1371443944	0.8628556056	0.1749302695	0.9459752034
0.1381453754	0.8618546246	0.1766097056	0.9445336069
0.1391463564	0.8608536436	0.1782982583	0.9430880297
0.1401473373	0.8598526627	0.1799958037	0.9416386346
0.1411483183	0.8588516817	0.1817022184	0.9401855813
0.1421492993	0.8578507007	0.1834173795	0.9387290262
0.1431502803	0.8568497197	0.1851411647	0.937269123
0.1441512613	0.8558487387	0.1868734521	0.9358060221
0.1451522422	0.8548477578	0.1886141205	0.934339871
0.1461532232	0.8538467768	0.190363049	0.9328708143
0.1471542042	0.8528457958	0.1921201173	0.9313989938
0.1481551852	0.8518448148	0.1938852057	0.9299245486
0.1491561662	0.8508438338	0.1956581947	0.9284476147
0.1501571471	0.8498428529	0.1974389657	0.9269683257
0.1511581281	0.8488418719	0.1992274002	0.9254868124
0.1521591091	0.8478408909	0.2010233804	0.9240032029
0.1531600901	0.8468399099	0.2028267889	0.922517623
0.1541610711	0.8458389289	0.204637509	0.9210301955
0.1551620521	0.8448379479	0.2064554242	0.9195410411
0.156163033	0.843836967	0.2082804187	0.9180502779
0.157164014	0.842835986	0.2101123771	0.9165580217
0.158164995	0.841835005	0.2119511846	0.9150643857
0.159165976	0.840834024	0.2137967267	0.9135694809
0.160166957	0.839833043	0.2156488896	0.9120734161
0.1611679379	0.8388320621	0.21750756	0.9105762977
0.1621689189	0.8378310811	0.2193726249	0.9090782301
0.1631698999	0.8368301001	0.221243972	0.9075793152
0.1641708809	0.8358291191	0.2231214896	0.9060796531
0.1651718619	0.8348281381	0.2250050663	0.9045793417
0.1661728428	0.8338271572	0.2268945913	0.9030784767
0.1671738238	0.8328261762	0.2287899543	0.9015771519
0.1681748048	0.8318251952	0.2306910458	0.9000754593
0.1691757858	0.8308242142	0.2325977564	0.8985734885
0.1701767668	0.8298232332	0.2345099775	0.8970713277
0.1711777477	0.8288222523	0.2364276011	0.8955690628
0.1721787287	0.8278212713	0.2383505196	0.8940667782
0.1731797097	0.8268202903	0.2402786259	0.8925645562
0.1741806907	0.8258193093	0.2422118137	0.8910624775
0.1751816717	0.8248183283	0.2441499771	0.8895606209
0.1761826527	0.8238173473	0.2460930108	0.8880590637
0.1771836336	0.8228163664	0.2480408101	0.8865578814
0.1781846146	0.8218153854	0.2499932707	0.8850571479
0.1791855956	0.8208144044	0.2519502892	0.8835569352
0.1801865766	0.8198134234	0.2539117625	0.8820573142
0.1811875576	0.8188124424	0.2558775882	0.8805583539
0.1821885385	0.8178114615	0.2578476646	0.8790601219
0.1831895195	0.8168104805	0.2598218903	0.8775626841
0.1841905005	0.8158094995	0.2618001648	0.8760661051
0.1851914815	0.8148085185	0.2637823881	0.8745704481
0.1861924625	0.8138075375	0.2657684608	0.8730757748
0.1871934434	0.8128065566	0.2677582841	0.8715821454
0.1881944244	0.8118055756	0.2697517597	0.8700896189
0.1891954054	0.8108045946	0.2717487903	0.8685982528
0.1901963864	0.8098036136	0.2737492788	0.8671081035
0.1911973674	0.8088026326	0.2757531289	0.8656192258
0.1921983483	0.8078016517	0.2777602449	0.8641316736
0.1931993293	0.8068006707	0.2797705319	0.8626454992
0.1942003103	0.8057996897	0.2817838954	0.8611607538
0.1952012913	0.8047987087	0.2838002417	0.8596774876
0.1962022723	0.8037977277	0.2858194775	0.8581957493
0.1972032533	0.8027967467	0.2878415105	0.8567155866
0.1982042342	0.8017957658	0.2898662487	0.8552370462
0.1992052152	0.8007947848	0.291893601	0.8537601734
0.2002061962	0.7997938038	0.293923477	0.8522850126
0.2012071772	0.7987928228	0.2959557865	0.8508116071
0.2022081582	0.7977918418	0.2979904405	0.8493399991
0.2032091391	0.7967908609	0.3000273504	0.8478702299
0.2042101201	0.7957898799	0.3020664282	0.8464023396
0.2052111011	0.7947888989	0.3041075868	0.8449363675
0.2062120821	0.7937879179	0.3061507394	0.8434723518
0.2072130631	0.7927869369	0.3081958002	0.8420103298
0.208214044	0.791785956	0.3102426838	0.8405503377
0.209215025	0.790784975	0.3122913058	0.8390924111
0.210216006	0.789783994	0.3143415822	0.8376365845
0.211216987	0.788783013	0.3163934296	0.8361828915
0.212217968	0.787782032	0.3184467655	0.8347313649
0.2132189489	0.7867810511	0.320501508	0.8332820367
0.2142199299	0.7857800701	0.3225575758	0.8318349378
0.2152209109	0.7847790891	0.3246148884	0.8303900987
0.2162218919	0.7837781081	0.3266733657	0.8289475488
0.2172228729	0.7827771271	0.3287329286	0.8275073168
0.2182238539	0.7817761461	0.3307934984	0.8260694305
0.2192248348	0.7807751652	0.3328549973	0.8246339173
0.2202258158	0.7797741842	0.3349173481	0.8232008035
0.2212267968	0.7787732032	0.3369804741	0.8217701149
0.2222277778	0.7777722222	0.3390442995	0.8203418763
0.2232287588	0.7767712412	0.3411087491	0.8189161122
0.2242297397	0.7757702603	0.3431737482	0.8174928461
0.2252307207	0.7747692793	0.345239223	0.816072101
0.2262317017	0.7737682983	0.3473051004	0.8146538991
0.2272326827	0.7727673173	0.3493713076	0.8132382621
0.2282336637	0.7717663363	0.351437773	0.811825211
0.2292346446	0.7707653554	0.3535044251	0.8104147662
0.2302356256	0.7697643744	0.3555711936	0.8090069473
0.2312366066	0.7687633934	0.3576380084	0.8076017738
0.2322375876	0.7677624124	0.3597048004	0.806199264
0.2332385686	0.7667614314	0.361771501	0.8047994361
0.2342395495	0.7657604505	0.3638380423	0.8034023074
0.2352405305	0.7647594695	0.3659043571	0.802007895
0.2362415115	0.7637584885	0.3679703786	0.8006162152
0.2372424925	0.7627575075	0.3700360411	0.7992272838
0.2382434735	0.7617565265	0.3721012793	0.7978411161
0.2392444545	0.7607555455	0.3741660284	0.7964577269
0.2402454354	0.7597545646	0.3762302245	0.7950771307
0.2412464164	0.7587535836	0.3782938043	0.7936993411
0.2422473974	0.7577526026	0.380356705	0.7923243716
0.2432483784	0.7567516216	0.3824188647	0.790952235
0.2442493594	0.7557506406	0.3844802219	0.7895829437
0.2452503403	0.7547496597	0.3865407158	0.7882165098
0.2462513213	0.7537486787	0.3886002864	0.7868529447
0.2472523023	0.7527476977	0.3906588741	0.7854922596
0.2482532833	0.7517467167	0.39271642	0.784134465
0.2492542643	0.7507457357	0.3947728659	0.7827795714
0.2502552452	0.7497447548	0.3968281543	0.7814275884
0.2512562262	0.7487437738	0.3988822281	0.7800785257
0.2522572072	0.7477427928	0.4009350309	0.7787323922
0.2532581882	0.7467418118	0.402986507	0.7773891966
0.2542591692	0.7457408308	0.4050366014	0.7760489472
0.2552601502	0.7447398498	0.4070852594	0.7747116519
0.2562611311	0.7437388689	0.4091324271	0.7733773184
0.2572621121	0.7427378879	0.4111780514	0.7720459539
0.2582630931	0.7417369069	0.4132220794	0.7707175652
0.2592640741	0.7407359259	0.4152644591	0.7693921588
0.2602650551	0.7397349449	0.417305139	0.7680697411
0.261266036	0.738733964	0.4193440682	0.7667503178
0.262267017	0.737732983	0.4213811964	0.7654338945
0.263267998	0.736732002	0.423416474	0.7641204765
0.264268979	0.735731021	0.4254498517	0.7628100688
0.26526996	0.73473004	0.427481281	0.7615026759
0.2662709409	0.7337290591	0.4295107141	0.7601983023
0.2672719219	0.7327280781	0.4315381034	0.758896952
0.2682729029	0.7317270971	0.4335634022	0.7575986288
0.2692738839	0.7307261161	0.4355865643	0.7563033362
0.2702748649	0.7297251351	0.4376075439	0.7550110775
0.2712758458	0.7287241542	0.4396262961	0.7537218557
0.2722768268	0.7277231732	0.4416427761	0.7524356735
0.2732778078	0.7267221922	0.4436569402	0.7511525333
0.2742787888	0.7257212112	0.4456687447	0.7498724374
0.2752797698	0.7247202302	0.4476781469	0.7485953877
0.2762807508	0.7237192492	0.4496851043	0.7473213861
0.2772817317	0.7227182683	0.4516895753	0.7460504341
0.2782827127	0.7217172873	0.4536915185	0.7447825329
0.2792836937	0.7207163063	0.4556908932	0.7435176835
0.2802846747	0.7197153253	0.4576876594	0.742255887
0.2812856557	0.7187143443	0.4596817772	0.7409971438
0.2822866366	0.7177133634	0.4616732076	0.7397414545
0.2832876176	0.7167123824	0.4636619119	0.7384888192
0.2842885986	0.7157114014	0.4656478522	0.7372392381
0.2852895796	0.7147104204	0.4676309907	0.7359927108
0.2862905606	0.7137094394	0.4696112906	0.7347492372
0.2872915415	0.7127084585	0.4715887151	0.7335088165
0.2882925225	0.7117074775	0.4735632283	0.7322714482
0.2892935035	0.7107064965	0.4755347947	0.7310371313
0.2902944845	0.7097055155	0.4775033791	0.7298058647
0.2912954655	0.7087045345	0.479468947	0.7285776472
0.2922964464	0.7077035536	0.4814314644	0.7273524773
0.2932974274	0.7067025726	0.4833908977	0.7261303536
0.2942984084	0.7057015916	0.4853472138	0.7249112742
0.2952993894	0.7047006106	0.4873003801	0.7236952373
0.2963003704	0.7036996296	0.4892503644	0.7224822409
0.2973013514	0.7026986486	0.491197135	0.7212722826
0.2983023323	0.7016976677	0.4931406609	0.7200653603
0.2993033133	0.7006966867	0.4950809112	0.7188614714
0.3003042943	0.6996957057	0.4970178557	0.7176606133
0.3013052753	0.6986947247	0.4989514645	0.7164627833
0.3023062563	0.6976937437	0.5008817083	0.7152679784
0.3033072372	0.6966927628	0.5028085583	0.7140761957
0.3043082182	0.6956917818	0.5047319858	0.712887432
0.3053091992	0.6946908008	0.506651963	0.7117016841
0.3063101802	0.6936898198	0.5085684621	0.7105189485
0.3073111612	0.6926888388	0.5104814562	0.7093392218
0.3083121421	0.6916878579	0.5123909184	0.7081625003
0.3093131231	0.6906868769	0.5142968225	0.7069887803
0.3103141041	0.6896858959	0.5161991426	0.705818058
0.3113150851	0.6886849149	0.5180978533	0.7046503294
0.3123160661	0.6876839339	0.5199929295	0.7034855905
0.313317047	0.686682953	0.5218843467	0.7023238371
0.314318028	0.685681972	0.5237720807	0.701165065
0.315319009	0.684680991	0.5256561077	0.7000092698
0.31631999	0.68368001	0.5275364042	0.698856447
0.317320971	0.682679029	0.5294129473	0.6977065922
0.318321952	0.681678048	0.5312857144	0.6965597007
0.3193229329	0.6806770671	0.5331546834	0.6954157679
0.3203239139	0.6796760861	0.5350198324	0.6942747888
0.3213248949	0.6786751051	0.53688114	0.6931367586
0.3223258759	0.6776741241	0.5387385851	0.6920016724
0.3233268569	0.6766731431	0.5405921472	0.6908695251
0.3243278378	0.6756721622	0.5424418058	0.6897403116
0.3253288188	0.6746711812	0.5442875412	0.6886140267
0.3263297998	0.6736702002	0.5461293338	0.6874906652
0.3273307808	0.6726692192	0.5479671644	0.6863702216
0.3283317618	0.6716682382	0.5498010141	0.6852526906
0.3293327427	0.6706672573	0.5516308646	0.6841380668
0.3303337237	0.6696662763	0.5534566978	0.6830263445
0.3313347047	0.6686652953	0.5552784959	0.6819175182
0.3323356857	0.6676643143	0.5570962414	0.6808115822
0.3333366667	0.6666633333	0.5589099174	0.6797085308
0.3343376476	0.6656623524	0.5607195072	0.6786083582
0.3353386286	0.6646613714	0.5625249944	0.6775110585
0.3363396096	0.6636603904	0.5643263629	0.6764166259
0.3373405906	0.6626594094	0.566123597	0.6753250544
0.3383415716	0.6616584284	0.5679166814	0.6742363381
0.3393425526	0.6606574474	0.5697056011	0.6731504708
0.3403435335	0.6596564665	0.5714903412	0.6720674464
0.3413445145	0.6586554855	0.5732708875	0.6709872589
0.3423454955	0.6576545045	0.5750472258	0.6699099019
0.3433464765	0.6566535235	0.5768193424	0.6688353694
0.3443474575	0.6556525425	0.5785872237	0.6677636549
0.3453484384	0.6546515616	0.5803508567	0.6666947522
0.3463494194	0.6536505806	0.5821102284	0.6656286549
0.3473504004	0.6526495996	0.5838653264	0.6645653566
0.3483513814	0.6516486186	0.5856161384	0.6635048509
0.3493523624	0.6506476376	0.5873626524	0.6624471312
0.3503533433	0.6496466567	0.5891048568	0.6613921911
0.3513543243	0.6486456757	0.5908427401	0.6603400241
0.3523553053	0.6476446947	0.5925762914	0.6592906234
0.3533562863	0.6466437137	0.5943054997	0.6582439826
0.3543572673	0.6456427327	0.5960303546	0.6572000949
0.3553582482	0.6446417518	0.5977508459	0.6561589537
0.3563592292	0.6436407708	0.5994669635	0.6551205523
0.3573602102	0.6426397898	0.6011786977	0.654084884
0.3583611912	0.6416388088	0.6028860391	0.653051942
0.3593621722	0.6406378278	0.6045889786	0.6520217195
0.3603631532	0.6396368468	0.6062875072	0.6509942097
0.3613641341	0.6386358659	0.6079816163	0.6499694058
0.3623651151	0.6376348849	0.6096712975	0.648947301
0.3633660961	0.6366339039	0.6113565426	0.6479278882
0.3643670771	0.6356329229	0.6130373439	0.6469111608
0.3653680581	0.6346319419	0.6147136936	0.6458971117
0.366369039	0.633630961	0.6163855843	0.644885734
0.36737002	0.63262998	0.618053009	0.6438770207
0.368371001	0.631628999	0.6197159607	0.642870965
0.369371982	0.630628018	0.6213744328	0.6418675597
0.370372963	0.629627037	0.6230284187	0.640866798
0.3713739439	0.6286260561	0.6246779125	0.6398686728
0.3723749249	0.6276250751	0.6263229079	0.638873177
0.3733759059	0.6266240941	0.6279633995	0.6378803036
0.3743768869	0.6256231131	0.6295993815	0.6368900456
0.3753778679	0.6246221321	0.6312308488	0.6359023959
0.3763788488	0.6236211512	0.6328577962	0.6349173475
0.3773798298	0.6226201702	0.634480219	0.6339348931
0.3783808108	0.6216191892	0.6360981124	0.6329550258
0.3793817918	0.6206182082	0.6377114722	0.6319777385
0.3803827728	0.6196172272	0.6393202939	0.631003024
0.3813837538	0.6186162462	0.6409245737	0.6300308752
0.3823847347	0.6176152653	0.6425243078	0.6290612849
0.3833857157	0.6166142843	0.6441194925	0.6280942461
0.3843866967	0.6156133033	0.6457101245	0.6271297517
0.3853876777	0.6146123223	0.6472962005	0.6261677944
0.3863886587	0.6136113413	0.6488777177	0.6252083671
0.3873896396	0.6126103604	0.6504546731	0.6242514627
0.3883906206	0.6116093794	0.6520270641	0.623297074
0.3893916016	0.6106083984	0.6535948884	0.6223451939
0.3903925826	0.6096074174	0.6551581436	0.6213958152
0.3913935636	0.6086064364	0.6567168279	0.6204489307
0.3923945445	0.6076054555	0.6582709391	0.6195045333
0.3933955255	0.6066044745	0.6598204758	0.6185626159
0.3943965065	0.6056034935	0.6613654364	0.6176231712
0.3953974875	0.6046025125	0.6629058194	0.6166861921
0.3963984685	0.6036015315	0.6644416239	0.6157516715
0.3973994494	0.6026005506	0.6659728488	0.6148196021
0.3984004304	0.6015995696	0.6674994932	0.6138899769
0.3994014114	0.6005985886	0.6690215566	0.6129627887
0.4004023924	0.5995976076	0.6705390384	0.6120380303
0.4014033734	0.5985966266	0.6720519383	0.6111156946
0.4024043544	0.5975956456	0.6735602562	0.6101957744
0.4034053353	0.5965946647	0.6750639921	0.6092782626
0.4044063163	0.5955936837	0.676563146	0.6083631521
0.4054072973	0.5945927027	0.6780577184	0.6074504357
0.4064082783	0.5935917217	0.6795477097	0.6065401064
0.4074092593	0.5925907407	0.6810331205	0.6056321569
0.4084102402	0.5915897598	0.6825139516	0.6047265803
0.4094112212	0.5905887788	0.6839902039	0.6038233693
0.4104122022	0.5895877978	0.6854618784	0.6029225168
0.4114131832	0.5885868168	0.6869289764	0.6020240159
0.4124141642	0.5875858358	0.6883914993	0.6011278594
0.4134151451	0.5865848549	0.6898494484	0.6002340402
0.4144161261	0.5855838739	0.6913028254	0.5993425512
0.4154171071	0.5845828929	0.6927516322	0.5984533855
0.4164180881	0.5835819119	0.6941958705	0.5975665359
0.4174190691	0.5825809309	0.6956355424	0.5966819953
0.4184200501	0.5815799499	0.6970706501	0.5957997569
0.419421031	0.580578969	0.6985011959	0.5949198135
0.420422012	0.579577988	0.6999271822	0.5940421581
0.421422993	0.578577007	0.7013486116	0.5931667838
0.422423974	0.577576026	0.7027654866	0.5922936835
0.423424955	0.576575045	0.7041778102	0.5914228502
0.4244259359	0.5755740641	0.7055855851	0.590554277
0.4254269169	0.5745730831	0.7069888145	0.5896879569
0.4264278979	0.5735721021	0.7083875016	0.588823883
0.4274288789	0.5725711211	0.7097816495	0.5879620483
0.4284298599	0.5715701401	0.7111712616	0.5871024459
0.4294308408	0.5705691592	0.7125563415	0.5862450689
0.4304318218	0.5695681782	0.7139368928	0.5853899104
0.4314328028	0.5685671972	0.7153129191	0.5845369635
0.4324337838	0.5675662162	0.7166844244	0.5836862213
0.4334347648	0.5665652352	0.7180514125	0.582837677
0.4344357457	0.5655642543	0.7194138874	0.5819913237
0.4354367267	0.5645632733	0.7207718534	0.5811471545
0.4364377077	0.5635622923	0.7221253146	0.5803051627
0.4374386887	0.5625613113	0.7234742755	0.5794653414
0.4384396697	0.5615603303	0.7248187404	0.5786276838
0.4394406507	0.5605593493	0.7261587139	0.5777921832
0.4404416316	0.5595583684	0.7274942006	0.5769588328
0.4414426126	0.5585573874	0.7288252053	0.5761276258
0.4424435936	0.5575564064	0.7301517328	0.5752985555
0.4434445746	0.5565554254	0.731473788	0.5744716152
0.4444455556	0.5555544444	0.7327913759	0.5736467981
0.4454465365	0.5545534635	0.7341045017	0.5728240976
0.4464475175	0.5535524825	0.7354131704	0.572003507
0.4474484985	0.5525515015	0.7367173875	0.5711850196
0.4484494795	0.5515505205	0.7380171583	0.5703686288
0.4494504605	0.5505495395	0.7393124881	0.5695543278
0.4504514414	0.5495485586	0.7406033826	0.5687421102
0.4514524224	0.5485475776	0.7418898473	0.5679319693
0.4524534034	0.5475465966	0.743171888	0.5671238986
0.4534543844	0.5465456156	0.7444495104	0.5663178914
0.4544553654	0.5455446346	0.7457227204	0.5655139411
0.4554563463	0.5445436537	0.7469915238	0.5647120414
0.4564573273	0.5435426727	0.7482559268	0.5639121855
0.4574583083	0.5425416917	0.7495159353	0.5631143671
0.4584592893	0.5415407107	0.7507715555	0.5623185797
0.4594602703	0.5405397297	0.7520227937	0.5615248167
0.4604612513	0.5395387487	0.7532696561	0.5607330717
0.4614622322	0.5385377678	0.7545121491	0.5599433382
0.4624632132	0.5375367868	0.7557502792	0.5591556099
0.4634641942	0.5365358058	0.7569840527	0.5583698804
0.4644651752	0.5355348248	0.7582134764	0.5575861432
0.4654661562	0.5345338438	0.7594385568	0.5568043919
0.4664671371	0.5335328629	0.7606593007	0.5560246203
0.4674681181	0.5325318819	0.7618757147	0.555246822
0.4684690991	0.5315309009	0.7630878057	0.5544709906
0.4694700801	0.5305299199	0.7642955806	0.5536971198
0.4704710611	0.5295289389	0.7654990464	0.5529252035
0.471472042	0.528527958	0.7666982099	0.5521552352
0.472473023	0.527526977	0.7678930784	0.5513872088
0.473474004	0.526525996	0.7690836588	0.550621118
0.474474985	0.525525015	0.7702699585	0.5498569565
0.475475966	0.524524034	0.7714519845	0.5490947183
0.4764769469	0.5235230531	0.7726297442	0.5483343971
0.4774779279	0.5225220721	0.773803245	0.5475759867
0.4784789089	0.5215210911	0.7749724941	0.5468194811
0.4794798899	0.5205201101	0.7761374991	0.546064874
0.4804808709	0.5195191291	0.7772982674	0.5453121594
0.4814818519	0.5185181481	0.7784548065	0.5445613311
0.4824828328	0.5175171672	0.7796071241	0.5438123832
0.4834838138	0.5165161862	0.7807552278	0.5430653095
0.4844847948	0.5155152052	0.7818991253	0.542320104
0.4854857758	0.5145142242	0.7830388242	0.5415767607
0.4864867568	0.5135132432	0.7841743323	0.5408352735
0.4874877377	0.5125122623	0.7853056576	0.5400956366
0.4884887187	0.5115112813	0.7864328077	0.5393578439
0.4894896997	0.5105103003	0.7875557907	0.5386218894
0.4904906807	0.5095093193	0.7886746144	0.5378877673
0.4914916617	0.5085083383	0.7897892868	0.5371554717
0.4924926426	0.5075073574	0.790899816	0.5364249966
0.4934936236	0.5065063764	0.79200621	0.5356963361
0.4944946046	0.5055053954	0.7931084769	0.5349694845
0.4954955856	0.5045044144	0.7942066248	0.5342444359
0.4964965666	0.5035034334	0.795300662	0.5335211843
0.4974975475	0.5025024525	0.7963905966	0.5327997242
0.4984985285	0.5015014715	0.7974764368	0.5320800496
0.4994995095	0.5005004905	0.7985581909	0.5313621548
0.5005004905	0.4994995095	0.7996358673	0.530646034
0.5015014715	0.4984985285	0.8007094743	0.5299316815
0.5025024525	0.4974975475	0.8017790202	0.5292190917
0.5035034334	0.4964965666	0.8028445135	0.5285082587
0.5045044144	0.4954955856	0.8039059626	0.527799177
0.5055053954	0.4944946046	0.8049633759	0.5270918409
0.5065063764	0.4934936236	0.806016762	0.5263862447
0.5075073574	0.4924926426	0.8070661293	0.5256823828
0.5085083383	0.4914916617	0.8081114865	0.5249802496
0.5095093193	0.4904906807	0.8091528421	0.5242798395
0.5105103003	0.4894896997	0.8101902047	0.523581147
0.5115112813	0.4884887187	0.8112235829	0.5228841665
0.5125122623	0.4874877377	0.8122529854	0.5221888925
0.5135132432	0.4864867568	0.8132784209	0.5214953195
0.5145142242	0.4854857758	0.814299898	0.5208034419
0.5155152052	0.4844847948	0.8153174255	0.5201132543
0.5165161862	0.4834838138	0.8163310122	0.5194247513
0.5175171672	0.4824828328	0.8173406668	0.5187379274
0.5185181481	0.4814818519	0.8183463981	0.5180527771
0.5195191291	0.4804808709	0.8193482149	0.5173692951
0.5205201101	0.4794798899	0.8203461261	0.516687476
0.5215210911	0.4784789089	0.8213401404	0.5160073145
0.5225220721	0.4774779279	0.8223302669	0.5153288051
0.5235230531	0.4764769469	0.8233165143	0.5146519425
0.524524034	0.475475966	0.8242988916	0.5139767214
0.525525015	0.474474985	0.8252774077	0.5133031366
0.526525996	0.473474004	0.8262520715	0.5126311828
0.527526977	0.472473023	0.827222892	0.5119608546
0.528527958	0.471472042	0.8281898782	0.5112921469
0.5295289389	0.4704710611	0.8291530391	0.5106250544
0.5305299199	0.4694700801	0.8301123836	0.5099595719
0.5315309009	0.4684690991	0.8310679208	0.5092956942
0.5325318819	0.4674681181	0.8320196598	0.5086334162
0.5335328629	0.4664671371	0.8329676094	0.5079727327
0.5345338438	0.4654661562	0.8339117789	0.5073136385
0.5355348248	0.4644651752	0.8348521773	0.5066561287
0.5365358058	0.4634641942	0.8357888137	0.5060001979
0.5375367868	0.4624632132	0.8367216971	0.5053458412
0.5385377678	0.4614622322	0.8376508367	0.5046930535
0.5395387487	0.4604612513	0.8385762416	0.5040418298
0.5405397297	0.4594602703	0.8394979208	0.503392165
0.5415407107	0.4584592893	0.8404158836	0.5027440541
0.5425416917	0.4574583083	0.8413301391	0.5020974921
0.5435426727	0.4564573273	0.8422406964	0.501452474
0.5445436537	0.4554563463	0.8431475646	0.5008089949
0.5455446346	0.4544553654	0.844050753	0.5001670498
0.5465456156	0.4534543844	0.8449502707	0.4995266338
0.5475465966	0.4524534034	0.8458461269	0.498887742
0.5485475776	0.4514524224	0.8467383308	0.4982503695
0.5495485586	0.4504514414	0.8476268916	0.4976145115
0.5505495395	0.4494504605	0.8485118184	0.496980163
0.5515505205	0.4484494795	0.8493931205	0.4963473192
0.5525515015	0.4474484985	0.8502708071	0.4957159753
0.5535524825	0.4464475175	0.8511448873	0.4950861265
0.5545534635	0.4454465365	0.8520153705	0.494457768
0.5555544444	0.4444455556	0.8528822657	0.4938308951
0.5565554254	0.4434445746	0.8537455823	0.4932055029
0.5575564064	0.4424435936	0.8546053295	0.4925815867
0.5585573874	0.4414426126	0.8554615164	0.4919591419
0.5595583684	0.4404416316	0.8563141523	0.4913381637
0.5605593493	0.4394406507	0.8571632465	0.4907186474
0.5615603303	0.4384396697	0.8580088082	0.4901005883
0.5625613113	0.4374386887	0.8588508465	0.4894839818
0.5635622923	0.4364377077	0.8596893708	0.4888688233
0.5645632733	0.4354367267	0.8605243903	0.4882551081
0.5655642543	0.4344357457	0.8613559141	0.4876428316
0.5665652352	0.4334347648	0.8621839516	0.4870319893
0.5675662162	0.4324337838	0.8630085119	0.4864225765
0.5685671972	0.4314328028	0.8638296044	0.4858145887
0.5695681782	0.4304318218	0.8646472381	0.4852080214
0.5705691592	0.4294308408	0.8654614224	0.48460287
0.5715701401	0.4284298599	0.8662721665	0.48399913
0.5725711211	0.4274288789	0.8670794796	0.483396797
0.5735721021	0.4264278979	0.8678833709	0.4827958664
0.5745730831	0.4254269169	0.8686838496	0.4821963338
0.5755740641	0.4244259359	0.869480925	0.4815981948
0.576575045	0.423424955	0.8702746062	0.4810014449
0.577576026	0.422423974	0.8710649025	0.4804060798
0.578577007	0.421422993	0.8718518231	0.4798120949
0.579577988	0.420422012	0.8726353771	0.479219486
0.580578969	0.419421031	0.8734155738	0.4786282487
0.5815799499	0.4184200501	0.8741924224	0.4780383786
0.5825809309	0.4174190691	0.874965932	0.4774498714
0.5835819119	0.4164180881	0.8757361118	0.4768627227
0.5845828929	0.4154171071	0.8765029709	0.4762769284
0.5855838739	0.4144161261	0.8772665187	0.475692484
0.5865848549	0.4134151451	0.8780267642	0.4751093854
0.5875858358	0.4124141642	0.8787837165	0.4745276282
0.5885868168	0.4114131832	0.8795373848	0.4739472083
0.5895877978	0.4104122022	0.8802877784	0.4733681213
0.5905887788	0.4094112212	0.8810349062	0.4727903631
0.5915897598	0.4084102402	0.8817787774	0.4722139296
0.5925907407	0.4074092593	0.8825194012	0.4716388164
0.5935917217	0.4064082783	0.8832567866	0.4710650196
0.5945927027	0.4054072973	0.8839909428	0.4704925348
0.5955936837	0.4044063163	0.8847218789	0.469921358
0.5965946647	0.4034053353	0.8854496038	0.4693514851
0.5975956456	0.4024043544	0.8861741269	0.4687829119
0.5985966266	0.4014033734	0.886895457	0.4682156344
0.5995976076	0.4004023924	0.8876136032	0.4676496484
0.6005985886	0.3994014114	0.8883285747	0.4670849501
0.6015995696	0.3984004304	0.8890403804	0.4665215352
0.6026005506	0.3973994494	0.8897490294	0.4659593998
0.6036015315	0.3963984685	0.8904545307	0.4653985398
0.6046025125	0.3953974875	0.8911568933	0.4648389513
0.6056034935	0.3943965065	0.8918561262	0.4642806302
0.6066044745	0.3933955255	0.8925522384	0.4637235727
0.6076054555	0.3923945445	0.893245239	0.4631677746
0.6086064364	0.3913935636	0.8939351368	0.4626132322
0.6096074174	0.3903925826	0.8946219408	0.4620599415
0.6106083984	0.3893916016	0.89530566	0.4615078985
0.6116093794	0.3883906206	0.8959863032	0.4609570994
0.6126103604	0.3873896396	0.8966638796	0.4604075403
0.6136113413	0.3863886587	0.8973383979	0.4598592173
0.6146123223	0.3853876777	0.898009867	0.4593121265
0.6156133033	0.3843866967	0.8986782959	0.4587662641
0.6166142843	0.3833857157	0.8993436934	0.4582216264
0.6176152653	0.3823847347	0.9000060684	0.4576782094
0.6186162462	0.3813837538	0.9006654297	0.4571360094
0.6196172272	0.3803827728	0.9013217863	0.4565950225
0.6206182082	0.3793817918	0.9019751468	0.4560552451
0.6216191892	0.3783808108	0.9026255202	0.4555166734
0.6226201702	0.3773798298	0.9032729152	0.4549793035
0.6236211512	0.3763788488	0.9039173406	0.4544431319
0.6246221321	0.3753778679	0.9045588053	0.4539081547
0.6256231131	0.3743768869	0.9051973179	0.4533743683
0.6266240941	0.3733759059	0.9058328873	0.4528417689
0.6276250751	0.3723749249	0.9064655221	0.452310353
0.6286260561	0.3713739439	0.907095231	0.4517801168
0.629627037	0.370372963	0.9077220229	0.4512510567
0.630628018	0.369371982	0.9083459063	0.4507231691
0.631628999	0.368371001	0.90896689	0.4501964502
0.63262998	0.36737002	0.9095849827	0.4496708967
0.633630961	0.366369039	0.9102001929	0.4491465047
0.6346319419	0.3653680581	0.9108125294	0.4486232708
0.6356329229	0.3643670771	0.9114220006	0.4481011913
0.6366339039	0.3633660961	0.9120286154	0.4475802628
0.6376348849	0.3623651151	0.9126323822	0.4470604817
0.6386358659	0.3613641341	0.9132333096	0.4465418444
0.6396368468	0.3603631532	0.9138314062	0.4460243475
0.6406378278	0.3593621722	0.9144266806	0.4455079874
0.6416388088	0.3583611912	0.9150191412	0.4449927606
0.6426397898	0.3573602102	0.9156087966	0.4444786637
0.6436407708	0.3563592292	0.9161956553	0.4439656931
0.6446417518	0.3553582482	0.9167797258	0.4434538455
0.6456427327	0.3543572673	0.9173610166	0.4429431174
0.6466437137	0.3533562863	0.917939536	0.4424335054
0.6476446947	0.3523553053	0.9185152926	0.4419250061
0.6486456757	0.3513543243	0.9190882948	0.441417616
0.6496466567	0.3503533433	0.919658551	0.4409113317
0.6506476376	0.3493523624	0.9202260695	0.44040615
0.6516486186	0.3483513814	0.9207908588	0.4399020673
0.6526495996	0.3473504004	0.9213529272	0.4393990805
0.6536505806	0.3463494194	0.9219122831	0.4388971861
0.6546515616	0.3453484384	0.9224689348	0.4383963807
0.6556525425	0.3443474575	0.9230228905	0.4378966612
0.6566535235	0.3433464765	0.9235741587	0.4373980241
0.6576545045	0.3423454955	0.9241227475	0.4369004662
0.6586554855	0.3413445145	0.9246686653	0.4364039843
0.6596564665	0.3403435335	0.9252119202	0.435908575
0.6606574474	0.3393425526	0.9257525205	0.435414235
0.6616584284	0.3383415716	0.9262904745	0.4349209612
0.6626594094	0.3373405906	0.9268257903	0.4344287504
0.6636603904	0.3363396096	0.927358476	0.4339375992
0.6646613714	0.3353386286	0.9278885399	0.4334475045
0.6656623524	0.3343376476	0.9284159901	0.432958463
0.6666633333	0.3333366667	0.9289408347	0.4324704717
0.6676643143	0.3323356857	0.9294630819	0.4319835273
0.6686652953	0.3313347047	0.9299827396	0.4314976267
0.6696662763	0.3303337237	0.9304998161	0.4310127667
0.6706672573	0.3293327427	0.9310143193	0.4305289442
0.6716682382	0.3283317618	0.9315262573	0.430046156
0.6726692192	0.3273307808	0.9320356381	0.4295643991
0.6736702002	0.3263297998	0.9325424697	0.4290836703
0.6746711812	0.3253288188	0.9330467601	0.4286039665
0.6756721622	0.3243278378	0.9335485173	0.4281252847
0.6766731431	0.3233268569	0.9340477493	0.4276476218
0.6776741241	0.3223258759	0.9345444639	0.4271709747
0.6786751051	0.3213248949	0.935038669	0.4266953404
0.6796760861	0.3203239139	0.9355303727	0.4262207159
0.6806770671	0.3193229329	0.9360195827	0.425747098
0.681678048	0.318321952	0.9365063069	0.4252744839
0.682679029	0.317320971	0.9369905532	0.4248028705
0.68368001	0.31631999	0.9374723294	0.4243322548
0.684680991	0.315319009	0.9379516432	0.4238626338
0.685681972	0.314318028	0.9384285026	0.4233940045
0.686682953	0.313317047	0.9389029153	0.4229263641
0.6876839339	0.3123160661	0.9393748889	0.4224597095
0.6886849149	0.3113150851	0.9398444313	0.4219940379
0.6896858959	0.3103141041	0.9403115502	0.4215293462
0.6906868769	0.3093131231	0.9407762533	0.4210656316
0.6916878579	0.3083121421	0.9412385482	0.4206028911
0.6926888388	0.3073111612	0.9416984427	0.4201411219
0.6936898198	0.3063101802	0.9421559443	0.4196803211
0.6946908008	0.3053091992	0.9426110608	0.4192204858
0.6956917818	0.3043082182	0.9430637996	0.4187616132
0.6966927628	0.3033072372	0.9435141684	0.4183037003
0.6976937437	0.3023062563	0.9439621748	0.4178467444
0.6986947247	0.3013052753	0.9444078264	0.4173907425
0.6996957057	0.3003042943	0.9448511306	0.416935692
0.7006966867	0.2993033133	0.945292095	0.41648159
0.7016976677	0.2983023323	0.9457307271	0.4160284336
0.7026986486	0.2973013514	0.9461670343	0.4155762201
0.7036996296	0.2963003704	0.9466010241	0.4151249467
0.7047006106	0.2952993894	0.9470327041	0.4146746107
0.7057015916	0.2942984084	0.9474620815	0.4142252092
0.7067025726	0.2932974274	0.9478891638	0.4137767395
0.7077035536	0.2922964464	0.9483139585	0.4133291989
0.7087045345	0.2912954655	0.9487364727	0.4128825846
0.7097055155	0.2902944845	0.949156714	0.412436894
0.7107064965	0.2892935035	0.9495746897	0.4119921243
0.7117074775	0.2882925225	0.949990407	0.4115482728
0.7127084585	0.2872915415	0.9504038733	0.4111053368
0.7137094394	0.2862905606	0.9508150958	0.4106633136
0.7147104204	0.2852895796	0.9512240818	0.4102222006
0.7157114014	0.2842885986	0.9516308385	0.409781995
0.7167123824	0.2832876176	0.9520353732	0.4093426944
0.7177133634	0.2822866366	0.9524376931	0.4089042959
0.7187143443	0.2812856557	0.9528378053	0.408466797
0.7197153253	0.2802846747	0.953235717	0.408030195
0.7207163063	0.2792836937	0.9536314354	0.4075944873
0.7217172873	0.2782827127	0.9540249676	0.4071596714
0.7227182683	0.2772817317	0.9544163207	0.4067257446
0.7237192492	0.2762807508	0.9548055018	0.4062927043
0.7247202302	0.2752797698	0.9551925179	0.405860548
0.7257212112	0.2742787888	0.9555773762	0.405429273
0.7267221922	0.2732778078	0.9559600837	0.4049988769
0.7277231732	0.2722768268	0.9563406473	0.4045693571
0.7287241542	0.2712758458	0.9567190741	0.404140711
0.7297251351	0.2702748649	0.957095371	0.4037129361
0.7307261161	0.2692738839	0.9574695451	0.4032860298
0.7317270971	0.2682729029	0.9578416032	0.4028599898
0.7327280781	0.2672719219	0.9582115524	0.4024348134
0.7337290591	0.2662709409	0.9585793994	0.4020104982
0.73473004	0.26526996	0.9589451512	0.4015870416
0.735731021	0.264268979	0.9593088147	0.4011644413
0.736732002	0.263267998	0.9596703966	0.4007426947
0.737732983	0.262267017	0.9600299039	0.4003217993
0.738733964	0.261266036	0.9603873434	0.3999017528
0.7397349449	0.2602650551	0.9607427218	0.3994825527
0.7407359259	0.2592640741	0.961096046	0.3990641965
0.7417369069	0.2582630931	0.9614473226	0.3986466818
0.7427378879	0.2572621121	0.9617965584	0.3982300063
0.7437388689	0.2562611311	0.9621437602	0.3978141674
0.7447398498	0.2552601502	0.9624889347	0.3973991628
0.7457408308	0.2542591692	0.9628320885	0.3969849901
0.7467418118	0.2532581882	0.9631732283	0.396571647
0.7477427928	0.2522572072	0.9635123607	0.396159131
0.7487437738	0.2512562262	0.9638494924	0.3957474398
0.7497447548	0.2502552452	0.96418463	0.395336571
0.7507457357	0.2492542643	0.9645177801	0.3949265223
0.7517467167	0.2482532833	0.9648489493	0.3945172914
0.7527476977	0.2472523023	0.9651781441	0.3941088759
0.7537486787	0.2462513213	0.965505371	0.3937012734
0.7547496597	0.2452503403	0.9658306366	0.3932944817
0.7557506406	0.2442493594	0.9661539474	0.3928884985
0.7567516216	0.2432483784	0.9664753098	0.3924833215
0.7577526026	0.2422473974	0.9667947304	0.3920789483
0.7587535836	0.2412464164	0.9671122155	0.3916753767
0.7597545646	0.2402454354	0.9674277717	0.3912726045
0.7607555455	0.2392444545	0.9677414053	0.3908706293
0.7617565265	0.2382434735	0.9680531226	0.3904694489
0.7627575075	0.2372424925	0.9683629302	0.390069061
0.7637584885	0.2362415115	0.9686708343	0.3896694635
0.7647594695	0.2352405305	0.9689768412	0.389270654
0.7657604505	0.2342395495	0.9692809574	0.3888726304
0.7667614314	0.2332385686	0.9695831891	0.3884753903
0.7677624124	0.2322375876	0.9698835425	0.3880789318
0.7687633934	0.2312366066	0.970182024	0.3876832524
0.7697643744	0.2302356256	0.9704786398	0.38728835
0.7707653554	0.2292346446	0.9707733961	0.3868942225
0.7717663363	0.2282336637	0.9710662992	0.3865008676
0.7727673173	0.2272326827	0.9713573552	0.3861082832
0.7737682983	0.2262317017	0.9716465703	0.3857164671
0.7747692793	0.2252307207	0.9719339507	0.3853254172
0.7757702603	0.2242297397	0.9722195025	0.3849351313
0.7767712412	0.2232287588	0.9725032318	0.3845456073
0.7777722222	0.2222277778	0.9727851448	0.384156843
0.7787732032	0.2212267968	0.9730652475	0.3837688363
0.7797741842	0.2202258158	0.973343546	0.3833815851
0.7807751652	0.2192248348	0.9736200464	0.3829950873
0.7817761461	0.2182238539	0.9738947546	0.3826093408
0.7827771271	0.2172228729	0.9741676768	0.3822243434
0.7837781081	0.2162218919	0.9744388188	0.3818400931
0.7847790891	0.2152209109	0.9747081868	0.3814565879
0.7857800701	0.2142199299	0.9749757866	0.3810738256
0.7867810511	0.2132189489	0.9752416242	0.3806918041
0.787782032	0.212217968	0.9755057055	0.3803105215
0.788783013	0.211216987	0.9757680364	0.3799299756
0.789783994	0.210216006	0.9760286229	0.3795501644
0.790784975	0.209215025	0.9762874708	0.3791710859
0.791785956	0.208214044	0.976544586	0.3787927381
0.7927869369	0.2072130631	0.9767999743	0.3784151188
0.7937879179	0.2062120821	0.9770536415	0.3780382262
0.7947888989	0.2052111011	0.9773055935	0.3776620581
0.7957898799	0.2042101201	0.977555836	0.3772866127
0.7967908609	0.2032091391	0.9778043749	0.3769118878
0.7977918418	0.2022081582	0.9780512158	0.3765378815
0.7987928228	0.2012071772	0.9782963645	0.3761645919
0.7997938038	0.2002061962	0.9785398267	0.3757920169
0.8007947848	0.1992052152	0.9787816082	0.3754201545
0.8017957658	0.1982042342	0.9790217146	0.3750490029
0.8027967467	0.1972032533	0.9792601515	0.3746785601
0.8037977277	0.1962022723	0.9794969248	0.374308824
0.8047987087	0.1952012913	0.9797320399	0.3739397928
0.8057996897	0.1942003103	0.9799655025	0.3735714646
0.8068006707	0.1931993293	0.9801973182	0.3732038374
0.8078016517	0.1921983483	0.9804274926	0.3728369092
0.8088026326	0.1911973674	0.9806560312	0.3724706783
0.8098036136	0.1901963864	0.9808829397	0.3721051426
0.8108045946	0.1891954054	0.9811082235	0.3717403002
0.8118055756	0.1881944244	0.9813318882	0.3713761493
0.8128065566	0.1871934434	0.9815539393	0.371012688
0.8138075375	0.1861924625	0.9817743822	0.3706499145
0.8148085185	0.1851914815	0.9819932225	0.3702878267
0.8158094995	0.1841905005	0.9822104655	0.3699264229
0.8168104805	0.1831895195	0.9824261167	0.3695657012
0.8178114615	0.1821885385	0.9826401816	0.3692056597
0.8188124424	0.1811875576	0.9828526654	0.3688462966
0.8198134234	0.1801865766	0.9830635738	0.3684876101
0.8208144044	0.1791855956	0.9832729119	0.3681295983
0.8218153854	0.1781846146	0.9834806851	0.3677722593
0.8228163664	0.1771836336	0.9836868988	0.3674155914
0.8238173473	0.1761826527	0.9838915584	0.3670595928
0.8248183283	0.1751816717	0.984094669	0.3667042615
0.8258193093	0.1741806907	0.984296236	0.3663495959
0.8268202903	0.1731797097	0.9844962647	0.3659955941
0.8278212713	0.1721787287	0.9846947603	0.3656422544
0.8288222523	0.1711777477	0.9848917281	0.3652895749
0.8298232332	0.1701767668	0.9850871732	0.3649375538
0.8308242142	0.1691757858	0.985281101	0.3645861895
0.8318251952	0.1681748048	0.9854735165	0.36423548
0.8328261762	0.1671738238	0.985664425	0.3638854237
0.8338271572	0.1661728428	0.9858538316	0.3635360188
0.8348281381	0.1651718619	0.9860417414	0.3631872636
0.8358291191	0.1641708809	0.9862281597	0.3628391563
0.8368301001	0.1631698999	0.9864130914	0.3624916951
0.8378310811	0.1621689189	0.9865965417	0.3621448784
0.8388320621	0.1611679379	0.9867785157	0.3617987044
0.839833043	0.160166957	0.9869590185	0.3614531713
0.840834024	0.159165976	0.987138055	0.3611082776
0.841835005	0.158164995	0.9873156304	0.3607640214
0.842835986	0.157164014	0.9874917496	0.360420401
0.843836967	0.156163033	0.9876664176	0.3600774148
0.8448379479	0.1551620521	0.9878396395	0.3597350611
0.8458389289	0.1541610711	0.9880114201	0.3593933382
0.8468399099	0.1531600901	0.9881817646	0.3590522444
0.8478408909	0.1521591091	0.9883506776	0.358711778
0.8488418719	0.1511581281	0.9885181644	0.3583719374
0.8498428529	0.1501571471	0.9886842296	0.3580327208
0.8508438338	0.1491561662	0.9888488782	0.3576941268
0.8518448148	0.1481551852	0.9890121152	0.3573561534
0.8528457958	0.1471542042	0.9891739453	0.3570187993
0.8538467768	0.1461532232	0.9893343734	0.3566820626
0.8548477578	0.1451522422	0.9894934043	0.3563459418
0.8558487387	0.1441512613	0.9896510429	0.3560104353
0.8568497197	0.1431502803	0.989807294	0.3556755413
0.8578507007	0.1421492993	0.9899621623	0.3553412584
0.8588516817	0.1411483183	0.9901156526	0.3550075848
0.8598526627	0.1401473373	0.9902677696	0.354674519
0.8608536436	0.1391463564	0.9904185182	0.3543420593
0.8618546246	0.1381453754	0.9905679031	0.3540102043
0.8628556056	0.1371443944	0.9907159288	0.3536789522
0.8638565866	0.1361434134	0.9908626003	0.3533483015
0.8648575676	0.1351424324	0.991007922	0.3530182506
0.8658585485	0.1341414515	0.9911518988	0.352688798
0.8668595295	0.1331404705	0.9912945352	0.352359942
0.8678605105	0.1321394895	0.9914358359	0.3520316811
0.8688614915	0.1311385085	0.9915758055	0.3517040138
0.8698624725	0.1301375275	0.9917144487	0.3513769384
0.8708634535	0.1291365465	0.9918517699	0.3510504535
0.8718644344	0.1281355656	0.9919877739	0.3507245575
0.8728654154	0.1271345846	0.9921224651	0.3503992488
0.8738663964	0.1261336036	0.9922558481	0.3500745259
0.8748673774	0.1251326226	0.9923879275	0.3497503873
0.8758683584	0.1241316416	0.9925187077	0.3494268315
0.8768693393	0.1231306607	0.9926481934	0.349103857
0.8778703203	0.1221296797	0.9927763888	0.3487814621
0.8788713013	0.1211286987	0.9929032987	0.3484596455
0.8798722823	0.1201277177	0.9930289273	0.3481384057
0.8808732633	0.1191267367	0.9931532792	0.347817741
0.8818742442	0.1181257558	0.9932763589	0.3474976501
0.8828752252	0.1171247748	0.9933981706	0.3471781314
0.8838762062	0.1161237938	0.9935187189	0.3468591834
0.8848771872	0.1151228128	0.993638008	0.3465408047
0.8858781682	0.1141218318	0.9937560425	0.3462229939
0.8868791491	0.1131208509	0.9938728267	0.3459057493
0.8878801301	0.1121198699	0.9939883649	0.3455890697
0.8888811111	0.1111188889	0.9941026614	0.3452729534
0.8898820921	0.1101179079	0.9942157206	0.3449573991
0.8908830731	0.1091169269	0.9943275468	0.3446424053
0.8918840541	0.1081159459	0.9944381443	0.3443279705
0.892885035	0.107114965	0.9945475174	0.3440140934
0.893886016	0.106113984	0.9946556703	0.3437007725
0.894886997	0.105113003	0.9947626073	0.3433880063
0.895887978	0.104112022	0.9948683327	0.3430757934
0.896888959	0.103111041	0.9949728506	0.3427641324
0.8978899399	0.1021100601	0.9950761652	0.342453022
0.8988909209	0.1011090791	0.9951782809	0.3421424606
0.8998919019	0.1001080981	0.9952792017	0.3418324468
0.9008928829	0.09910711712	0.9953789319	0.3415229794
0.9018938639	0.09810613614	0.9954774756	0.3412140568
0.9028948448	0.09710515516	0.9955748369	0.3409056777
0.9038958258	0.09610417417	0.99567102	0.3405978406
0.9048968068	0.09510319319	0.995766029	0.3402905443
0.9058977878	0.09410221221	0.995859868	0.3399837873
0.9068987688	0.09310123123	0.9959525411	0.3396775682
0.9078997497	0.09210025025	0.9960440524	0.3393718857
0.9089007307	0.09109926927	0.9961344059	0.3390667384
0.9099017117	0.09009828829	0.9962236058	0.338762125
0.9109026927	0.08909730731	0.9963116559	0.338458044
0.9119036737	0.08809632633	0.9963985605	0.3381544942
0.9129046547	0.08709534535	0.9964843235	0.3378514742
0.9139056356	0.08609436436	0.9965689488	0.3375489826
0.9149066166	0.08509338338	0.9966524405	0.3372470181
0.9159075976	0.0840924024	0.9967348026	0.3369455793
0.9169085786	0.08309142142	0.996816039	0.3366446651
0.9179095596	0.08209044044	0.9968961536	0.3363442739
0.9189105405	0.08108945946	0.9969751505	0.3360444045
0.9199115215	0.08008847848	0.9970530335	0.3357450555
0.9209125025	0.0790874975	0.9971298066	0.3354462258
0.9219134835	0.07808651652	0.9972054735	0.3351479138
0.9229144645	0.07708553554	0.9972800384	0.3348501184
0.9239154454	0.07608455455	0.9973535049	0.3345528383
0.9249164264	0.07508357357	0.997425877	0.3342560721
0.9259174074	0.07408259259	0.9974971585	0.3339598185
0.9269183884	0.07308161161	0.9975673532	0.3336640763
0.9279193694	0.07208063063	0.9976364651	0.3333688441
0.9289203504	0.07107964965	0.9977044978	0.3330741208
0.9299213313	0.07007866867	0.9977714552	0.332779905
0.9309223123	0.06907768769	0.9978373411	0.3324861954
0.9319232933	0.06807670671	0.9979021592	0.3321929908
0.9329242743	0.06707572573	0.9979659134	0.3319002899
0.9339252553	0.06607474474	0.9980286073	0.3316080914
0.9349262362	0.06507376376	0.9980902447	0.3313163942
0.9359272172	0.06407278278	0.9981508293	0.3310251969
0.9369281982	0.0630718018	0.9982103649	0.3307344983
0.9379291792	0.06207082082	0.9982688551	0.3304442971
0.9389301602	0.06106983984	0.9983263037	0.3301545922
0.9399311411	0.06006885886	0.9983827142	0.3298653822
0.9409321221	0.05906787788	0.9984380905	0.329576666
0.9419331031	0.0580668969	0.998492436	0.3292884423
0.9429340841	0.05706591592	0.9985457545	0.3290007099
0.9439350651	0.05606493493	0.9985980497	0.3287134676
0.944936046	0.05506395395	0.998649325	0.3284267141
0.945937027	0.05406297297	0.9986995841	0.3281404483
0.946938008	0.05306199199	0.9987488307	0.3278546689
0.947938989	0.05206101101	0.9987970683	0.3275693748
0.94893997	0.05106003003	0.9988443004	0.3272845647
0.949940951	0.05005904905	0.9988905307	0.3270002374
0.9509419319	0.04905806807	0.9989357626	0.3267163917
0.9519429129	0.04805708709	0.9989799998	0.3264330265
0.9529438939	0.04705610611	0.9990232457	0.3261501406
0.9539448749	0.04605512513	0.9990655038	0.3258677328
0.9549458559	0.04505414414	0.9991067777	0.3255858018
0.9559468368	0.04405316316	0.9991470708	0.3253043466
0.9569478178	0.04305218218	0.9991863866	0.325023366
0.9579487988	0.0420512012	0.9992247286	0.3247428587
0.9589497798	0.04105022022	0.9992621003	0.3244628237
0.9599507608	0.04004923924	0.999298505	0.3241832598
0.9609517417	0.03904825826	0.9993339463	0.3239041658
0.9619527227	0.03804727728	0.9993684275	0.3236255405
0.9629537037	0.0370462963	0.999401952	0.3233473829
0.9639546847	0.03604531532	0.9994345233	0.3230696917
0.9649556657	0.03504433433	0.9994661447	0.3227924659
0.9659566466	0.03404335335	0.9994968197	0.3225157043
0.9669576276	0.03304237237	0.9995265515	0.3222394057
0.9679586086	0.03204139139	0.9995553435	0.321963569
0.9689595896	0.03104041041	0.9995831991	0.3216881932
0.9699605706	0.03003942943	0.9996101217	0.321413277
0.9709615516	0.02903844845	0.9996361144	0.3211388194
0.9719625325	0.02803746747	0.9996611807	0.3208648192
0.9729635135	0.02703648649	0.9996853239	0.3205912754
0.9739644945	0.02603550551	0.9997085471	0.3203181868
0.9749654755	0.02503452452	0.9997308538	0.3200455523
0.9759664565	0.02403354354	0.9997522472	0.3197733708
0.9769674374	0.02303256256	0.9997727305	0.3195016412
0.9779684184	0.02203158158	0.9997923069	0.3192303624
0.9789693994	0.0210306006	0.9998109798	0.3189595334
0.9799703804	0.02002961962	0.9998287523	0.318689153
0.9809713614	0.01902863864	0.9998456277	0.3184192201
0.9819723423	0.01802765766	0.9998616091	0.3181497338
0.9829733233	0.01702667668	0.9998766998	0.3178806928
0.9839743043	0.0160256957	0.9998909029	0.3176120961
0.9849752853	0.01502471471	0.9999042216	0.3173439427
0.9859762663	0.01402373373	0.9999166591	0.3170762314
0.9869772472	0.01302275275	0.9999282185	0.3168089613
0.9879782282	0.01202177177	0.999938903	0.3165421312
0.9889792092	0.01102079079	0.9999487156	0.3162757401
0.9899801902	0.01001980981	0.9999576595	0.3160097869
0.9909811712	0.009018828829	0.9999657379	0.3157442707
0.9919821522	0.008017847848	0.9999729538	0.3154791902
0.9929831331	0.007016866867	0.9999793103	0.3152145446
0.9939841141	0.006015885886	0.9999848104	0.3149503327
0.9949850951	0.005014904905	0.9999894574	0.3146865535
0.9959860761	0.004013923924	0.9999932541	0.314423206
0.9969870571	0.003012942943	0.9999962037	0.3141602891
0.997988038	0.002011961962	0.9999983092	0.3138978018
0.998989019	0.001010980981	0.9999995736	0.3136357431
0.99999	1e-05	1	0.313374112
