1e-05	0.99999	0.00419430032	0.9999999985
0.001010980981	0.998989019	0.00432778703	0.9999839332
0.002011961962	0.997988038	0.004468608246	0.9999354063
0.003012942943	0.9969870571	0.004616849801	0.9998531618
0.004013923924	0.9959860761	0.004772608698	0.9997361518
0.005014904905	0.9949850951	0.004935991738	0.9995835162
0.006015885886	0.9939841141	0.005107114331	0.9993945646
0.007016866867	0.9929831331	0.00528609944	0.9991687594
0.008017847848	0.9919821522	0.00547307665	0.9989057007
0.009018828829	0.9909811712	0.005668181341	0.9986051127
0.01001980981	0.9899801902	0.005871553949	0.9982668317
0.01102079079	0.9889792092	0.006083339295	0.997890794
0.01202177177	0.9879782282	0.006303685985	0.9974770264
0.01302275275	0.9869772472	0.006532745864	0.9970256366
0.01402373373	0.9859762663	0.006770673517	0.9965368048
0.01502471471	0.9849752853	0.007017625809	0.9960107758
0.0160256957	0.9839743043	0.007273761466	0.9954478523
0.01702667668	0.9829733233	0.007539240686	0.9948483884
0.01802765766	0.9819723423	0.007814224781	0.9942127839
0.01902863864	0.9809713614	0.008098875836	0.9935414785
0.02002961962	0.9799703804	0.008393356399	0.9928349477
0.0210306006	0.9789693994	0.00869782919	0.9920936979
0.02203158158	0.9779684184	0.009012456822	0.9913182627
0.02303256256	0.9769674374	0.009337401547	0.9905091991
0.02403354354	0.9759664565	0.009672825011	0.9896670841
0.02503452452	0.9749654755	0.01001888802	0.988792512
0.02603550551	0.9739644945	0.01037575033	0.9878860913
0.02703648649	0.9729635135	0.01074357045	0.9869484423
0.02803746747	0.9719625325	0.01112250542	0.985980195
0.02903844845	0.9709615516	0.01151271066	0.9849819869
0.03003942943	0.9699605706	0.01191433976	0.9839544612
0.03104041041	0.9689595896	0.01232754438	0.9828982648
0.03204139139	0.9679586086	0.012752474	0.9818140473
0.03304237237	0.9669576276	0.01318927585	0.9807024591
0.03404335335	0.9659566466	0.01363809476	0.9795641505
0.03504433433	0.9649556657	0.01409907298	0.9783997701
0.03604531532	0.9639546847	0.0145723501	0.9772099646
0.0370462963	0.9629537037	0.01505806293	0.9759953768
0.03804727728	0.9619527227	0.01555634537	0.9747566456
0.03904825826	0.9609517417	0.01606732832	0.9734944051
0.04004923924	0.9599507608	0.01659113957	0.9722092836
0.04105022022	0.9589497798	0.01712790372	0.9709019033
0.0420512012	0.9579487988	0.0176777421	0.9695728798
0.04305218218	0.9569478178	0.01824077266	0.9682228214
0.04405316316	0.9559468368	0.01881710995	0.9668523288
0.04505414414	0.9549458559	0.01940686499	0.9654619951
0.04605512513	0.9539448749	0.02001014526	0.9640524047
0.04705610611	0.9529438939	0.02062705458	0.962624134
0.04805708709	0.9519429129	0.02125769315	0.9611777503
0.04905806807	0.9509419319	0.02190215741	0.9597138121
0.05005904905	0.949940951	0.02256054004	0.9582328689
0.05106003003	0.94893997	0.02323292993	0.956735461
0.05206101101	0.947938989	0.02391941214	0.9552221194
0.05306199199	0.946938008	0.02462006784	0.9536933655
0.05406297297	0.945937027	0.02533497433	0.9521497116
0.05506395395	0.944936046	0.026064205	0.9505916603
0.05606493493	0.9439350651	0.0268078293	0.949019705
0.05706591592	0.9429340841	0.02756591277	0.9474343292
0.0580668969	0.9419331031	0.02833851696	0.9458360075
0.05906787788	0.9409321221	0.02912569951	0.9442252046
0.06006885886	0.9399311411	0.02992751408	0.9426023761
0.06106983984	0.9389301602	0.03074401039	0.9409679681
0.06207082082	0.9379291792	0.03157523421	0.9393224177
0.0630718018	0.9369281982	0.03242122737	0.9376661527
0.06407278278	0.9359272172	0.03328202777	0.9359995916
0.06507376376	0.9349262362	0.03415766942	0.9343231443
0.06607474474	0.9339252553	0.03504818242	0.9326372115
0.06707572573	0.9329242743	0.03595359298	0.9309421853
0.06807670671	0.9319232933	0.0368739235	0.929238449
0.06907768769	0.9309223123	0.03780919252	0.9275263773
0.07007866867	0.9299213313	0.0387594148	0.9258063367
0.07107964965	0.9289203504	0.03972460133	0.924078685
0.07208063063	0.9279193694	0.04070475936	0.922343772
0.07308161161	0.9269183884	0.04169989244	0.9206019396
0.07408259259	0.9259174074	0.04271000047	0.9188535213
0.07508357357	0.9249164264	0.04373507971	0.9170988431
0.07608455455	0.9239154454	0.04477512284	0.9153382233
0.07708553554	0.9229144645	0.04583011899	0.9135719725
0.07808651652	0.9219134835	0.0469000538	0.9118003939
0.0790874975	0.9209125025	0.04798490945	0.9100237835
0.08008847848	0.9199115215	0.04908466472	0.90824243
0.08108945946	0.9189105405	0.050199295	0.9064566151
0.08209044044	0.9179095596	0.05132877241	0.9046666137
0.08309142142	0.9169085786	0.05247306578	0.9028726939
0.0840924024	0.9159075976	0.05363214072	0.901075117
0.08509338338	0.9149066166	0.05480595971	0.899274138
0.08609436436	0.9139056356	0.05599448211	0.8974700053
0.08709534535	0.9129046547	0.05719766422	0.8956629612
0.08809632633	0.9119036737	0.05841545935	0.8938532418
0.08909730731	0.9109026927	0.05964781788	0.8920410773
0.09009828829	0.9099017117	0.06089468727	0.890226692
0.09109926927	0.9089007307	0.06215601218	0.8884103042
0.09210025025	0.9078997497	0.06343173448	0.8865921268
0.09310123123	0.9068987688	0.06472179334	0.8847723671
0.09410221221	0.9058977878	0.06602612526	0.8829512271
0.09510319319	0.9048968068	0.06734466413	0.8811289035
0.09610417417	0.9038958258	0.06867734132	0.8793055875
0.09710515516	0.9028948448	0.0700240857	0.8774814657
0.09810613614	0.9018938639	0.07138482371	0.8756567195
0.09910711712	0.9008928829	0.07275947944	0.8738315255
0.1001080981	0.8998919019	0.07414797465	0.8720060556
0.1011090791	0.8988909209	0.07555022888	0.8701804769
0.1021100601	0.8978899399	0.07696615944	0.8683549523
0.103111041	0.896888959	0.07839568154	0.86652964
0.104112022	0.895887978	0.07983870829	0.8647046939
0.105113003	0.894886997	0.08129515079	0.8628802638
0.106113984	0.893886016	0.0827649182	0.8610564954
0.107114965	0.892885035	0.08424791775	0.8592335301
0.1081159459	0.8918840541	0.08574405483	0.8574115055
0.1091169269	0.8908830731	0.08725323305	0.8555905556
0.1101179079	0.8898820921	0.08877535429	0.8537708101
0.1111188889	0.8888811111	0.09031031874	0.8519523956
0.1121198699	0.8878801301	0.09185802499	0.8501354346
0.1131208509	0.8868791491	0.09341837004	0.8483200464
0.1141218318	0.8858781682	0.0949912494	0.8465063468
0.1151228128	0.8848771872	0.09657655712	0.8446944482
0.1161237938	0.8838762062	0.09817418583	0.8428844598
0.1171247748	0.8828752252	0.09978402684	0.8410764876
0.1181257558	0.8818742442	0.1014059701	0.8392706344
0.1191267367	0.8808732633	0.1030399045	0.837467
0.1201277177	0.8798722823	0.1046857174	0.8356656813
0.1211286987	0.8788713013	0.1063432954	0.8338667723
0.1221296797	0.8778703203	0.1080125236	0.832070364
0.1231306607	0.8768693393	0.1096932865	0.8302765448
0.1241316416	0.8758683584	0.1113854673	0.8284854003
0.1251326226	0.8748673774	0.1130889483	0.8266970136
0.1261336036	0.8738663964	0.114803611	0.8249114651
0.1271345846	0.8728654154	0.1165293359	0.8231288327
0.1281355656	0.8718644344	0.1182660029	0.821349192
0.1291365465	0.8708634535	0.1200134909	0.819572616
0.1301375275	0.8698624725	0.1217716783	0.8177991755
0.1311385085	0.8688614915	0.1235404426	0.816028939
0.1321394895	0.8678605105	0.1253196609	0.8142619728
0.1331404705	0.8668595295	0.1271092096	0.812498341
0.1341414515	0.8658585485	0.1289089645	0.8107381056
0.1351424324	0.8648575676	0.130718801	0.8089813266
0.1361434134	0.8638565866	0.1325385941	0.8072280618
0.1371443944	0.8628556056	0.1343682181	0.8054783673
0.1381453754	0.8618546246	0.1362075472	0.8037322971
0.1391463564	0.8608536436	0.1380564551	0.8019899033
0.1401473373	0.8598526627	0.1399148153	0.8002512365
0.1411483183	0.8588516817	0.1417825008	0.7985163451
0.1421492993	0.8578507007	0.1436593847	0.7967852761
0.1431502803	0.8568497197	0.1455453396	0.7950580746
0.1441512613	0.8558487387	0.1474402381	0.7933347841
0.1451522422	0.8548477578	0.1493439525	0.7916154467
0.1461532232	0.8538467768	0.1512563553	0.7899001026
0.1471542042	0.8528457958	0.1531773187	0.7881887907
0.1481551852	0.8518448148	0.1551067147	0.7864815483
0.1491561662	0.8508438338	0.1570444158	0.7847784114
0.1501571471	0.8498428529	0.158990294	0.7830794144
0.1511581281	0.8488418719	0.1609442217	0.7813845904
0.1521591091	0.8478408909	0.1629060712	0.7796939713
0.1531600901	0.8468399099	0.1648757149	0.7780075874
0.1541610711	0.8458389289	0.1668530256	0.7763254679
0.1551620521	0.8448379479	0.1688378758	0.7746476408
0.156163033	0.843836967	0.1708301387	0.7729741327
0.157164014	0.842835986	0.1728296873	0.7713049693
0.158164995	0.841835005	0.1748363951	0.7696401749
0.159165976	0.840834024	0.1768501358	0.7679797727
0.160166957	0.839833043	0.1788707832	0.7663237849
0.1611679379	0.8388320621	0.1808982117	0.7646722327
0.1621689189	0.8378310811	0.1829322959	0.763025136
0.1631698999	0.8368301001	0.1849729107	0.761382514
0.1641708809	0.8358291191	0.1870199315	0.7597443846
0.1651718619	0.8348281381	0.1890732339	0.758110765
0.1661728428	0.8338271572	0.1911326942	0.7564816713
0.1671738238	0.8328261762	0.1931981889	0.7548571189
0.1681748048	0.8318251952	0.1952695949	0.753237122
0.1691757858	0.8308242142	0.1973467899	0.7516216941
0.1701767668	0.8298232332	0.1994296517	0.750010848
0.1711777477	0.8288222523	0.2015180589	0.7484045954
0.1721787287	0.8278212713	0.2036118905	0.7468029474
0.1731797097	0.8268202903	0.2057110261	0.7452059142
0.1741806907	0.8258193093	0.2078153456	0.7436135053
0.1751816717	0.8248183283	0.2099247298	0.7420257296
0.1761826527	0.8238173473	0.2120390599	0.7404425949
0.1771836336	0.8228163664	0.2141582178	0.7388641088
0.1781846146	0.8218153854	0.2162820858	0.7372902778
0.1791855956	0.8208144044	0.2184105472	0.7357211079
0.1801865766	0.8198134234	0.2205434855	0.7341566045
0.1811875576	0.8188124424	0.2226807851	0.7325967724
0.1821885385	0.8178114615	0.224822331	0.7310416156
0.1831895195	0.8168104805	0.2269680089	0.7294911377
0.1841905005	0.8158094995	0.2291177052	0.7279453416
0.1851914815	0.8148085185	0.2312713067	0.7264042297
0.1861924625	0.8138075375	0.2334287014	0.7248678039
0.1871934434	0.8128065566	0.2355897776	0.7233360654
0.1881944244	0.8118055756	0.2377544245	0.721809015
0.1891954054	0.8108045946	0.239922532	0.7202866531
0.1901963864	0.8098036136	0.2420939906	0.7187689793
0.1911973674	0.8088026326	0.2442686918	0.7172559931
0.1921983483	0.8078016517	0.2464465276	0.7157476933
0.1931993293	0.8068006707	0.2486273909	0.7142440783
0.1942003103	0.8057996897	0.2508111752	0.7127451461
0.1952012913	0.8047987087	0.252997775	0.7112508942
0.1962022723	0.8037977277	0.2551870854	0.7097613197
0.1972032533	0.8027967467	0.2573790024	0.7082764194
0.1982042342	0.8017957658	0.2595734227	0.7067961897
0.1992052152	0.8007947848	0.2617702437	0.7053206264
0.2002061962	0.7997938038	0.2639693638	0.7038497253
0.2012071772	0.7987928228	0.266170682	0.7023834814
0.2022081582	0.7977918418	0.2683740983	0.7009218898
0.2032091391	0.7967908609	0.2705795133	0.699464945
0.2042101201	0.7957898799	0.2727868285	0.6980126413
0.2052111011	0.7947888989	0.2749959464	0.6965649724
0.2062120821	0.7937879179	0.2772067699	0.6951219321
0.2072130631	0.7927869369	0.2794192031	0.6936835137
0.208214044	0.791785956	0.2816331507	0.6922497102
0.209215025	0.790784975	0.2838485182	0.6908205143
0.210216006	0.789783994	0.2860652122	0.6893959185
0.211216987	0.788783013	0.2882831399	0.687975915
0.212217968	0.787782032	0.2905022092	0.6865604957
0.2132189489	0.7867810511	0.2927223292	0.6851496524
0.2142199299	0.7857800701	0.2949434094	0.6837433765
0.2152209109	0.7847790891	0.2971653605	0.6823416593
0.2162218919	0.7837781081	0.2993880938	0.6809444918
0.2172228729	0.7827771271	0.3016115215	0.6795518647
0.2182238539	0.7817761461	0.3038355567	0.6781637686
0.2192248348	0.7807751652	0.3060601132	0.676780194
0.2202258158	0.7797741842	0.3082851056	0.6754011309
0.2212267968	0.7787732032	0.3105104496	0.6740265694
0.2222277778	0.7777722222	0.3127360614	0.6726564993
0.2232287588	0.7767712412	0.3149618582	0.6712909102
0.2242297397	0.7757702603	0.317187758	0.6699297916
0.2252307207	0.7747692793	0.3194136796	0.6685731327
0.2262317017	0.7737682983	0.3216395427	0.6672209227
0.2272326827	0.7727673173	0.3238652677	0.6658731506
0.2282336637	0.7717663363	0.3260907759	0.6645298052
0.2292346446	0.7707653554	0.3283159894	0.6631908751
0.2302356256	0.7697643744	0.330540831	0.6618563489
0.2312366066	0.7687633934	0.3327652246	0.660526215
0.2322375876	0.7677624124	0.3349890947	0.6592004617
0.2332385686	0.7667614314	0.3372123665	0.6578790772
0.2342395495	0.7657604505	0.3394349663	0.6565620494
0.2352405305	0.7647594695	0.3416568211	0.6552493664
0.2362415115	0.7637584885	0.3438778584	0.6539410158
0.2372424925	0.7627575075	0.346098007	0.6526369855
0.2382434735	0.7617565265	0.3483171962	0.6513372631
0.2392444545	0.7607555455	0.3505353561	0.6500418359
0.2402454354	0.7597545646	0.3527524176	0.6487506916
0.2412464164	0.7587535836	0.3549683125	0.6474638173
0.2422473974	0.7577526026	0.3571829732	0.6461812004
0.2432483784	0.7567516216	0.3593963331	0.6449028279
0.2442493594	0.7557506406	0.3616083261	0.643628687
0.2452503403	0.7547496597	0.3638188872	0.6423587647
0.2462513213	0.7537486787	0.3660279518	0.6410930479
0.2472523023	0.7527476977	0.3682354565	0.6398315235
0.2482532833	0.7517467167	0.3704413382	0.6385741782
0.2492542643	0.7507457357	0.3726455348	0.6373209989
0.2502552452	0.7497447548	0.3748479851	0.6360719722
0.2512562262	0.7487437738	0.3770486283	0.6348270848
0.2522572072	0.7477427928	0.3792474046	0.6335863232
0.2532581882	0.7467418118	0.3814442549	0.632349674
0.2542591692	0.7457408308	0.3836391207	0.6311171236
0.2552601502	0.7447398498	0.3858319443	0.6298886584
0.2562611311	0.7437388689	0.3880226689	0.628664265
0.2572621121	0.7427378879	0.3902112383	0.6274439297
0.2582630931	0.7417369069	0.3923975968	0.6262276387
0.2592640741	0.7407359259	0.3945816898	0.6250153783
0.2602650551	0.7397349449	0.3967634632	0.623807135
0.261266036	0.738733964	0.3989428636	0.6226028948
0.262267017	0.737732983	0.4011198383	0.6214026439
0.263267998	0.736732002	0.4032943354	0.6202063687
0.264268979	0.735731021	0.4054663035	0.6190140552
0.26526996	0.73473004	0.4076356922	0.6178256896
0.2662709409	0.7337290591	0.4098024514	0.616641258
0.2672719219	0.7327280781	0.4119665321	0.6154607465
0.2682729029	0.7317270971	0.4141278855	0.6142841413
0.2692738839	0.7307261161	0.4162864638	0.6131114283
0.2702748649	0.7297251351	0.4184422199	0.6119425938
0.2712758458	0.7287241542	0.420595107	0.6107776238
0.2722768268	0.7277231732	0.4227450794	0.6096165043
0.2732778078	0.7267221922	0.4248920917	0.6084592213
0.2742787888	0.7257212112	0.4270360994	0.6073057611
0.2752797698	0.7247202302	0.4291770584	0.6061561096
0.2762807508	0.7237192492	0.4313149254	0.6050102528
0.2772817317	0.7227182683	0.4334496577	0.6038681769
0.2782827127	0.7217172873	0.4355812133	0.6027298679
0.2792836937	0.7207163063	0.4377095506	0.6015953118
0.2802846747	0.7197153253	0.4398346287	0.6004644948
0.2812856557	0.7187143443	0.4419564075	0.599337403
0.2822866366	0.7177133634	0.4440748473	0.5982140224
0.2832876176	0.7167123824	0.4461899091	0.5970943391
0.2842885986	0.7157114014	0.4483015544	0.5959783393
0.2852895796	0.7147104204	0.4504097453	0.594866009
0.2862905606	0.7137094394	0.4525144447	0.5937573345
0.2872915415	0.7127084585	0.4546156157	0.5926523018
0.2882925225	0.7117074775	0.4567132224	0.5915508973
0.2892935035	0.7107064965	0.4588072291	0.5904531069
0.2902944845	0.7097055155	0.4608976009	0.589358917
0.2912954655	0.7087045345	0.4629843033	0.5882683139
0.2922964464	0.7077035536	0.4650673026	0.5871812836
0.2932974274	0.7067025726	0.4671465654	0.5860978126
0.2942984084	0.7057015916	0.469222059	0.5850178871
0.2952993894	0.7047006106	0.471293751	0.5839414934
0.2963003704	0.7036996296	0.4733616099	0.5828686179
0.2973013514	0.7026986486	0.4754256046	0.581799247
0.2983023323	0.7016976677	0.4774857043	0.580733367
0.2993033133	0.7006966867	0.4795418789	0.5796709643
0.3003042943	0.6996957057	0.481594099	0.5786120254
0.3013052753	0.6986947247	0.4836423354	0.5775565369
0.3023062563	0.6976937437	0.4856865596	0.5765044851
0.3033072372	0.6966927628	0.4877267434	0.5754558567
0.3043082182	0.6956917818	0.4897628595	0.5744106381
0.3053091992	0.6946908008	0.4917948806	0.573368816
0.3063101802	0.6936898198	0.4938227802	0.5723303771
0.3073111612	0.6926888388	0.4958465322	0.5712953079
0.3083121421	0.6916878579	0.497866111	0.5702635953
0.3093131231	0.6906868769	0.4998814915	0.5692352258
0.3103141041	0.6896858959	0.501892649	0.5682101863
0.3113150851	0.6886849149	0.5038995592	0.5671884635
0.3123160661	0.6876839339	0.5059021985	0.5661700444
0.313317047	0.686682953	0.5079005436	0.5651549157
0.314318028	0.685681972	0.5098945717	0.5641430643
0.315319009	0.684680991	0.5118842603	0.5631344773
0.31631999	0.68368001	0.5138695875	0.5621291416
0.317320971	0.682679029	0.5158505318	0.5611270441
0.318321952	0.681678048	0.5178270722	0.560128172
0.3193229329	0.6806770671	0.5197991881	0.5591325124
0.3203239139	0.6796760861	0.5217668591	0.5581400523
0.3213248949	0.6786751051	0.5237300655	0.557150779
0.3223258759	0.6776741241	0.5256887881	0.5561646796
0.3233268569	0.6766731431	0.5276430076	0.5551817413
0.3243278378	0.6756721622	0.5295927058	0.5542019516
0.3253288188	0.6746711812	0.5315378643	0.5532252977
0.3263297998	0.6736702002	0.5334784655	0.552251767
0.3273307808	0.6726692192	0.535414492	0.5512813468
0.3283317618	0.6716682382	0.5373459268	0.5503140247
0.3293327427	0.6706672573	0.5392727534	0.5493497882
0.3303337237	0.6696662763	0.5411949555	0.5483886247
0.3313347047	0.6686652953	0.5431125175	0.5474305218
0.3323356857	0.6676643143	0.5450254238	0.5464754672
0.3333366667	0.6666633333	0.5469336593	0.5455234486
0.3343376476	0.6656623524	0.5488372094	0.5445744535
0.3353386286	0.6646613714	0.5507360598	0.5436284699
0.3363396096	0.6636603904	0.5526301964	0.5426854854
0.3373405906	0.6626594094	0.5545196057	0.5417454879
0.3383415716	0.6616584284	0.5564042743	0.5408084652
0.3393425526	0.6606574474	0.5582841894	0.5398744054
0.3403435335	0.6596564665	0.5601593384	0.5389432964
0.3413445145	0.6586554855	0.5620297091	0.5380151261
0.3423454955	0.6576545045	0.5638952894	0.5370898826
0.3433464765	0.6566535235	0.565756068	0.536167554
0.3443474575	0.6556525425	0.5676120335	0.5352481285
0.3453484384	0.6546515616	0.569463175	0.5343315942
0.3463494194	0.6536505806	0.5713094819	0.5334179394
0.3473504004	0.6526495996	0.5731509439	0.5325071524
0.3483513814	0.6516486186	0.5749875511	0.5315992214
0.3493523624	0.6506476376	0.5768192939	0.5306941348
0.3503533433	0.6496466567	0.5786461628	0.5297918811
0.3513543243	0.6486456757	0.5804681488	0.5288924486
0.3523553053	0.6476446947	0.5822852432	0.5279958259
0.3533562863	0.6466437137	0.5840974375	0.5271020015
0.3543572673	0.6456427327	0.5859047236	0.5262109641
0.3553582482	0.6446417518	0.5877070936	0.5253227022
0.3563592292	0.6436407708	0.5895045399	0.5244372045
0.3573602102	0.6426397898	0.5912970552	0.5235544597
0.3583611912	0.6416388088	0.5930846324	0.5226744566
0.3593621722	0.6406378278	0.594867265	0.5217971841
0.3603631532	0.6396368468	0.5966449463	0.5209226309
0.3613641341	0.6386358659	0.5984176701	0.520050786
0.3623651151	0.6376348849	0.6001854306	0.5191816384
0.3633660961	0.6366339039	0.601948222	0.5183151769
0.3643670771	0.6356329229	0.6037060389	0.5174513907
0.3653680581	0.6346319419	0.6054588761	0.5165902688
0.366369039	0.633630961	0.6072067288	0.5157318004
0.36737002	0.63262998	0.6089495923	0.5148759746
0.368371001	0.631628999	0.6106874622	0.5140227807
0.369371982	0.630628018	0.6124203343	0.5131722079
0.370372963	0.629627037	0.6141482046	0.5123242455
0.3713739439	0.6286260561	0.6158710695	0.5114788828
0.3723749249	0.6276250751	0.6175889256	0.5106361094
0.3733759059	0.6266240941	0.6193017695	0.5097959145
0.3743768869	0.6256231131	0.6210095984	0.5089582877
0.3753778679	0.6246221321	0.6227124094	0.5081232186
0.3763788488	0.6236211512	0.6244101999	0.5072906966
0.3773798298	0.6226201702	0.6261029678	0.5064607115
0.3783808108	0.6216191892	0.6277907108	0.5056332528
0.3793817918	0.6206182082	0.629473427	0.5048083103
0.3803827728	0.6196172272	0.6311511148	0.5039858738
0.3813837538	0.6186162462	0.6328237728	0.503165933
0.3823847347	0.6176152653	0.6344913995	0.5023484777
0.3833857157	0.6166142843	0.6361539941	0.5015334979
0.3843866967	0.6156133033	0.6378115555	0.5007209835
0.3853876777	0.6146123223	0.6394640832	0.4999109244
0.3863886587	0.6136113413	0.6411115767	0.4991033108
0.3873896396	0.6126103604	0.6427540357	0.4982981325
0.3883906206	0.6116093794	0.6443914602	0.4974953797
0.3893916016	0.6106083984	0.6460238501	0.4966950427
0.3903925826	0.6096074174	0.6476512059	0.4958971115
0.3913935636	0.6086064364	0.649273528	0.4951015764
0.3923945445	0.6076054555	0.6508908171	0.4943084276
0.3933955255	0.6066044745	0.6525030739	0.4935176555
0.3943965065	0.6056034935	0.6541102995	0.4927292505
0.3953974875	0.6046025125	0.6557124951	0.491943203
0.3963984685	0.6036015315	0.657309662	0.4911595033
0.3973994494	0.6026005506	0.6589018018	0.490378142
0.3984004304	0.6015995696	0.6604889162	0.4895991096
0.3994014114	0.6005985886	0.6620710069	0.4888223967
0.4004023924	0.5995976076	0.6636480761	0.4880479939
0.4014033734	0.5985966266	0.6652201258	0.4872758918
0.4024043544	0.5975956456	0.6667871585	0.4865060812
0.4034053353	0.5965946647	0.6683491765	0.4857385528
0.4044063163	0.5955936837	0.6699061827	0.4849732974
0.4054072973	0.5945927027	0.6714581796	0.4842103057
0.4064082783	0.5935917217	0.6730051704	0.4834495687
0.4074092593	0.5925907407	0.674547158	0.4826910773
0.4084102402	0.5915897598	0.6760841457	0.4819348224
0.4094112212	0.5905887788	0.6776161369	0.481180795
0.4104122022	0.5895877978	0.6791431351	0.4804289861
0.4114131832	0.5885868168	0.6806651439	0.4796793869
0.4124141642	0.5875858358	0.6821821671	0.4789319883
0.4134151451	0.5865848549	0.6836942087	0.4781867816
0.4144161261	0.5855838739	0.6852012727	0.4774437579
0.4154171071	0.5845828929	0.6867033633	0.4767029085
0.4164180881	0.5835819119	0.6882004849	0.4759642247
0.4174190691	0.5825809309	0.6896926417	0.4752276977
0.4184200501	0.5815799499	0.6911798385	0.4744933189
0.419421031	0.580578969	0.6926620799	0.4737610797
0.420422012	0.579577988	0.6941393707	0.4730309715
0.421422993	0.578577007	0.6956117159	0.4723029859
0.422423974	0.577576026	0.6970791204	0.4715771142
0.423424955	0.576575045	0.6985415895	0.470853348
0.4244259359	0.5755740641	0.6999991284	0.470131679
0.4254269169	0.5745730831	0.7014517425	0.4694120987
0.4264278979	0.5735721021	0.7028994374	0.4686945988
0.4274288789	0.5725711211	0.7043422186	0.467979171
0.4284298599	0.5715701401	0.7057800918	0.4672658071
0.4294308408	0.5705691592	0.7072130628	0.4665544988
0.4304318218	0.5695681782	0.7086411376	0.4658452379
0.4314328028	0.5685671972	0.7100643222	0.4651380163
0.4324337838	0.5675662162	0.7114826228	0.4644328258
0.4334347648	0.5665652352	0.7128960454	0.4637296585
0.4344357457	0.5655642543	0.7143045966	0.4630285062
0.4354367267	0.5645632733	0.7157082826	0.462329361
0.4364377077	0.5635622923	0.71710711	0.4616322149
0.4374386887	0.5625613113	0.7185010854	0.4609370599
0.4384396697	0.5615603303	0.7198902154	0.4602438882
0.4394406507	0.5605593493	0.7212745069	0.459552692
0.4404416316	0.5595583684	0.7226539668	0.4588634633
0.4414426126	0.5585573874	0.7240286019	0.4581761945
0.4424435936	0.5575564064	0.7253984194	0.4574908778
0.4434445746	0.5565554254	0.7267634263	0.4568075054
0.4444455556	0.5555544444	0.7281236298	0.4561260697
0.4454465365	0.5545534635	0.7294790373	0.4554465631
0.4464475175	0.5535524825	0.7308296561	0.454768978
0.4474484985	0.5525515015	0.7321754937	0.4540933068
0.4484494795	0.5515505205	0.7335165575	0.4534195419
0.4494504605	0.5505495395	0.7348528552	0.4527476759
0.4504514414	0.5495485586	0.7361843944	0.4520777013
0.4514524224	0.5485475776	0.7375111829	0.4514096107
0.4524534034	0.5475465966	0.7388332285	0.4507433966
0.4534543844	0.5465456156	0.7401505391	0.4500790518
0.4544553654	0.5455446346	0.7414631226	0.4494165689
0.4554563463	0.5445436537	0.742770987	0.4487559406
0.4564573273	0.5435426727	0.7440741405	0.4480971596
0.4574583083	0.5425416917	0.7453725911	0.4474402188
0.4584592893	0.5415407107	0.7466663471	0.4467851109
0.4594602703	0.5405397297	0.7479554169	0.4461318288
0.4604612513	0.5395387487	0.7492398086	0.4454803653
0.4614622322	0.5385377678	0.7505195307	0.4448307135
0.4624632132	0.5375367868	0.7517945917	0.4441828661
0.4634641942	0.5365358058	0.7530650001	0.4435368163
0.4644651752	0.5355348248	0.7543307644	0.4428925569
0.4654661562	0.5345338438	0.7555918933	0.4422500811
0.4664671371	0.5335328629	0.7568483954	0.4416093819
0.4674681181	0.5325318819	0.7581002796	0.4409704524
0.4684690991	0.5315309009	0.7593475545	0.4403332858
0.4694700801	0.5305299199	0.7605902291	0.4396978752
0.4704710611	0.5295289389	0.7618283122	0.4390642138
0.471472042	0.528527958	0.7630618127	0.4384322949
0.472473023	0.527526977	0.7642907396	0.4378021117
0.473474004	0.526525996	0.765515102	0.4371736576
0.474474985	0.525525015	0.766734909	0.4365469257
0.475475966	0.524524034	0.7679501697	0.4359219097
0.4764769469	0.5235230531	0.7691608931	0.4352986027
0.4774779279	0.5225220721	0.7703670887	0.4346769982
0.4784789089	0.5215210911	0.7715687655	0.4340570897
0.4794798899	0.5205201101	0.772765933	0.4334388706
0.4804808709	0.5195191291	0.7739586004	0.4328223345
0.4814818519	0.5185181481	0.7751467771	0.4322074749
0.4824828328	0.5175171672	0.7763304726	0.4315942853
0.4834838138	0.5165161862	0.7775096962	0.4309827595
0.4844847948	0.5155152052	0.7786844575	0.4303728909
0.4854857758	0.5145142242	0.779854766	0.4297646733
0.4864867568	0.5135132432	0.7810206313	0.4291581003
0.4874877377	0.5125122623	0.7821820629	0.4285531658
0.4884887187	0.5115112813	0.7833390705	0.4279498633
0.4894896997	0.5105103003	0.7844916637	0.4273481867
0.4904906807	0.5095093193	0.7856398523	0.4267481299
0.4914916617	0.5085083383	0.7867836459	0.4261496865
0.4924926426	0.5075073574	0.7879230543	0.4255528506
0.4934936236	0.5065063764	0.7890580873	0.4249576159
0.4944946046	0.5055053954	0.7901887546	0.4243639765
0.4954955856	0.5045044144	0.7913150663	0.4237719262
0.4964965666	0.5035034334	0.792437032	0.4231814591
0.4974975475	0.5025024525	0.7935546616	0.4225925691
0.4984985285	0.5015014715	0.7946679652	0.4220052503
0.4994995095	0.5005004905	0.7957769527	0.4214194967
0.5005004905	0.4994995095	0.7968816339	0.4208353024
0.5015014715	0.4984985285	0.7979820189	0.4202526615
0.5025024525	0.4974975475	0.7990781177	0.4196715682
0.5035034334	0.4964965666	0.8001699404	0.4190920167
0.5045044144	0.4954955856	0.8012574969	0.4185140011
0.5055053954	0.4944946046	0.8023407974	0.4179375156
0.5065063764	0.4934936236	0.803419852	0.4173625546
0.5075073574	0.4924926426	0.8044946707	0.4167891122
0.5085083383	0.4914916617	0.8055652637	0.4162171828
0.5095093193	0.4904906807	0.8066316411	0.4156467607
0.5105103003	0.4894896997	0.8076938132	0.4150778403
0.5115112813	0.4884887187	0.80875179	0.4145104159
0.5125122623	0.4874877377	0.8098055819	0.413944482
0.5135132432	0.4864867568	0.8108551989	0.413380033
0.5145142242	0.4854857758	0.8119006513	0.4128170633
0.5155152052	0.4844847948	0.8129419495	0.4122555674
0.5165161862	0.4834838138	0.8139791035	0.4116955398
0.5175171672	0.4824828328	0.8150121237	0.4111369752
0.5185181481	0.4814818519	0.8160410205	0.4105798679
0.5195191291	0.4804808709	0.8170658039	0.4100242126
0.5205201101	0.4794798899	0.8180864845	0.409470004
0.5215210911	0.4784789089	0.8191030724	0.4089172366
0.5225220721	0.4774779279	0.820115578	0.4083659051
0.5235230531	0.4764769469	0.8211240117	0.4078160042
0.524524034	0.475475966	0.8221283837	0.4072675286
0.525525015	0.474474985	0.8231287045	0.406720473
0.526525996	0.473474004	0.8241249843	0.4061748322
0.527526977	0.472473023	0.8251172337	0.405630601
0.528527958	0.471472042	0.8261054628	0.4050877741
0.5295289389	0.4704710611	0.8270896822	0.4045463464
0.5305299199	0.4694700801	0.8280699021	0.4040063127
0.5315309009	0.4684690991	0.829046133	0.403467668
0.5325318819	0.4674681181	0.8300183854	0.4029304071
0.5335328629	0.4664671371	0.8309866695	0.4023945249
0.5345338438	0.4654661562	0.8319509957	0.4018600163
0.5355348248	0.4644651752	0.8329113746	0.4013268765
0.5365358058	0.4634641942	0.8338678165	0.4007951002
0.5375367868	0.4624632132	0.8348203318	0.4002646826
0.5385377678	0.4614622322	0.8357689309	0.3997356187
0.5395387487	0.4604612513	0.8367136243	0.3992079035
0.5405397297	0.4594602703	0.8376544224	0.3986815321
0.5415407107	0.4584592893	0.8385913356	0.3981564996
0.5425416917	0.4574583083	0.8395243742	0.3976328012
0.5435426727	0.4564573273	0.8404535489	0.397110432
0.5445436537	0.4554563463	0.8413788698	0.3965893871
0.5455446346	0.4544553654	0.8423003476	0.3960696618
0.5465456156	0.4534543844	0.8432179925	0.3955512512
0.5475465966	0.4524534034	0.8441318151	0.3950341506
0.5485475776	0.4514524224	0.8450418257	0.3945183553
0.5495485586	0.4504514414	0.8459480347	0.3940038606
0.5505495395	0.4494504605	0.8468504526	0.3934906616
0.5515505205	0.4484494795	0.8477490898	0.3929787538
0.5525515015	0.4474484985	0.8486439566	0.3924681325
0.5535524825	0.4464475175	0.8495350635	0.3919587931
0.5545534635	0.4454465365	0.8504224208	0.3914507308
0.5555544444	0.4444455556	0.8513060391	0.3909439413
0.5565554254	0.4434445746	0.8521859286	0.3904384198
0.5575564064	0.4424435936	0.8530620997	0.3899341618
0.5585573874	0.4414426126	0.8539345628	0.3894311627
0.5595583684	0.4404416316	0.8548033283	0.3889294182
0.5605593493	0.4394406507	0.8556684066	0.3884289236
0.5615603303	0.4384396697	0.856529808	0.3879296745
0.5625613113	0.4374386887	0.8573875428	0.3874316664
0.5635622923	0.4364377077	0.8582416215	0.3869348949
0.5645632733	0.4354367267	0.8590920543	0.3864393557
0.5655642543	0.4344357457	0.8599388516	0.3859450442
0.5665652352	0.4334347648	0.8607820237	0.3854519562
0.5675662162	0.4324337838	0.8616215809	0.3849600873
0.5685671972	0.4314328028	0.8624575336	0.384469433
0.5695681782	0.4304318218	0.863289892	0.3839799892
0.5705691592	0.4294308408	0.8641186664	0.3834917516
0.5715701401	0.4284298599	0.8649438671	0.3830047158
0.5725711211	0.4274288789	0.8657655044	0.3825188775
0.5735721021	0.4264278979	0.8665835886	0.3820342327
0.5745730831	0.4254269169	0.8673981298	0.3815507769
0.5755740641	0.4244259359	0.8682091384	0.3810685061
0.576575045	0.423424955	0.8690166245	0.380587416
0.577576026	0.422423974	0.8698205985	0.3801075026
0.578577007	0.421422993	0.8706210704	0.3796287615
0.579577988	0.420422012	0.8714180505	0.3791511888
0.580578969	0.419421031	0.872211549	0.3786747803
0.5815799499	0.4184200501	0.8730015761	0.3781995319
0.5825809309	0.4174190691	0.8737881418	0.3777254395
0.5835819119	0.4164180881	0.8745712565	0.3772524991
0.5845828929	0.4154171071	0.8753509302	0.3767807067
0.5855838739	0.4144161261	0.876127173	0.3763100582
0.5865848549	0.4134151451	0.876899995	0.3758405496
0.5875858358	0.4124141642	0.8776694065	0.375372177
0.5885868168	0.4114131832	0.8784354173	0.3749049364
0.5895877978	0.4104122022	0.8791980377	0.3744388238
0.5905887788	0.4094112212	0.8799572777	0.3739738353
0.5915897598	0.4084102402	0.8807131472	0.373509967
0.5925907407	0.4074092593	0.8814656565	0.373047215
0.5935917217	0.4064082783	0.8822148154	0.3725855754
0.5945927027	0.4054072973	0.882960634	0.3721250443
0.5955936837	0.4044063163	0.8837031223	0.371665618
0.5965946647	0.4034053353	0.8844422903	0.3712072926
0.5975956456	0.4024043544	0.8851781478	0.3707500642
0.5985966266	0.4014033734	0.8859107049	0.3702939291
0.5995976076	0.4004023924	0.8866399715	0.3698388835
0.6005985886	0.3994014114	0.8873659576	0.3693849236
0.6015995696	0.3984004304	0.8880886729	0.3689320458
0.6026005506	0.3973994494	0.8888081274	0.3684802462
0.6036015315	0.3963984685	0.8895243309	0.3680295211
0.6046025125	0.3953974875	0.8902372934	0.3675798669
0.6056034935	0.3943965065	0.8909470246	0.3671312799
0.6066044745	0.3933955255	0.8916535344	0.3666837564
0.6076054555	0.3923945445	0.8923568326	0.3662372928
0.6086064364	0.3913935636	0.8930569289	0.3657918854
0.6096074174	0.3903925826	0.8937538332	0.3653475306
0.6106083984	0.3893916016	0.8944475551	0.3649042248
0.6116093794	0.3883906206	0.8951381044	0.3644619645
0.6126103604	0.3873896396	0.8958254909	0.364020746
0.6136113413	0.3863886587	0.8965097242	0.3635805659
0.6146123223	0.3853876777	0.8971908141	0.3631414205
0.6156133033	0.3843866967	0.8978687701	0.3627033064
0.6166142843	0.3833857157	0.898543602	0.36226622
0.6176152653	0.3823847347	0.8992153194	0.3618301579
0.6186162462	0.3813837538	0.8998839318	0.3613951165
0.6196172272	0.3803827728	0.900549449	0.3609610925
0.6206182082	0.3793817918	0.9012118804	0.3605280823
0.6216191892	0.3783808108	0.9018712356	0.3600960825
0.6226201702	0.3773798298	0.9025275242	0.3596650898
0.6236211512	0.3763788488	0.9031807557	0.3592351006
0.6246221321	0.3753778679	0.9038309395	0.3588061117
0.6256231131	0.3743768869	0.9044780853	0.3583781197
0.6266240941	0.3733759059	0.9051222024	0.3579511211
0.6276250751	0.3723749249	0.9057633003	0.3575251127
0.6286260561	0.3713739439	0.9064013884	0.3571000911
0.629627037	0.370372963	0.9070364761	0.356676053
0.630628018	0.369371982	0.9076685729	0.3562529951
0.631628999	0.368371001	0.908297688	0.3558309141
0.63262998	0.36737002	0.908923831	0.3554098067
0.633630961	0.366369039	0.909547011	0.3549896697
0.6346319419	0.3653680581	0.9101672374	0.3545704999
0.6356329229	0.3643670771	0.9107845195	0.3541522939
0.6366339039	0.3633660961	0.9113988665	0.3537350486
0.6376348849	0.3623651151	0.9120102878	0.3533187608
0.6386358659	0.3613641341	0.9126187926	0.3529034273
0.6396368468	0.3603631532	0.91322439	0.3524890449
0.6406378278	0.3593621722	0.9138270893	0.3520756104
0.6416388088	0.3583611912	0.9144268996	0.3516631208
0.6426397898	0.3573602102	0.9150238302	0.3512515728
0.6436407708	0.3563592292	0.9156178901	0.3508409633
0.6446417518	0.3553582482	0.9162090885	0.3504312893
0.6456427327	0.3543572673	0.9167974344	0.3500225475
0.6466437137	0.3533562863	0.9173829369	0.3496147351
0.6476446947	0.3523553053	0.9179656051	0.3492078488
0.6486456757	0.3513543243	0.918545448	0.3488018856
0.6496466567	0.3503533433	0.9191224747	0.3483968425
0.6506476376	0.3493523624	0.9196966941	0.3479927164
0.6516486186	0.3483513814	0.9202681152	0.3475895044
0.6526495996	0.3473504004	0.9208367469	0.3471872033
0.6536505806	0.3463494194	0.9214025982	0.3467858103
0.6546515616	0.3453484384	0.9219656781	0.3463853223
0.6556525425	0.3443474575	0.9225259953	0.3459857364
0.6566535235	0.3433464765	0.9230835587	0.3455870496
0.6576545045	0.3423454955	0.9236383773	0.345189259
0.6586554855	0.3413445145	0.9241904598	0.3447923616
0.6596564665	0.3403435335	0.924739815	0.3443963545
0.6606574474	0.3393425526	0.9252864517	0.3440012349
0.6616584284	0.3383415716	0.9258303788	0.3436069997
0.6626594094	0.3373405906	0.9263716049	0.3432136462
0.6636603904	0.3363396096	0.9269101387	0.3428211715
0.6646613714	0.3353386286	0.927445989	0.3424295727
0.6656623524	0.3343376476	0.9279791644	0.3420388469
0.6666633333	0.3333366667	0.9285096736	0.3416489913
0.6676643143	0.3323356857	0.9290375253	0.3412600032
0.6686652953	0.3313347047	0.929562728	0.3408718796
0.6696662763	0.3303337237	0.9300852903	0.3404846179
0.6706672573	0.3293327427	0.9306052209	0.3400982151
0.6716682382	0.3283317618	0.9311225283	0.3397126686
0.6726692192	0.3273307808	0.9316372209	0.3393279755
0.6736702002	0.3263297998	0.9321493074	0.3389441331
0.6746711812	0.3253288188	0.9326587962	0.3385611387
0.6756721622	0.3243278378	0.9331656958	0.3381789895
0.6766731431	0.3233268569	0.9336700146	0.3377976829
0.6776741241	0.3223258759	0.934171761	0.3374172161
0.6786751051	0.3213248949	0.9346709435	0.3370375863
0.6796760861	0.3203239139	0.9351675704	0.336658791
0.6806770671	0.3193229329	0.9356616501	0.3362808275
0.681678048	0.318321952	0.9361531909	0.335903693
0.682679029	0.317320971	0.9366422012	0.335527385
0.68368001	0.31631999	0.9371286893	0.3351519008
0.684680991	0.315319009	0.9376126633	0.3347772377
0.685681972	0.314318028	0.9380941317	0.3344033932
0.686682953	0.313317047	0.9385731025	0.3340303646
0.6876839339	0.3123160661	0.939049584	0.3336581493
0.6886849149	0.3113150851	0.9395235845	0.3332867448
0.6896858959	0.3103141041	0.939995112	0.3329161485
0.6906868769	0.3093131231	0.9404641748	0.3325463578
0.6916878579	0.3083121421	0.9409307808	0.3321773701
0.6926888388	0.3073111612	0.9413949383	0.3318091829
0.6936898198	0.3063101802	0.9418566554	0.3314417937
0.6946908008	0.3053091992	0.94231594	0.3310751999
0.6956917818	0.3043082182	0.9427728002	0.3307093991
0.6966927628	0.3033072372	0.9432272441	0.3303443887
0.6976937437	0.3023062563	0.9436792796	0.3299801662
0.6986947247	0.3013052753	0.9441289147	0.3296167291
0.6996957057	0.3003042943	0.9445761573	0.3292540751
0.7006966867	0.2993033133	0.9450210154	0.3288922015
0.7016976677	0.2983023323	0.9454634969	0.328531106
0.7026986486	0.2973013514	0.9459036097	0.3281707861
0.7036996296	0.2963003704	0.9463413616	0.3278112393
0.7047006106	0.2952993894	0.9467767605	0.3274524633
0.7057015916	0.2942984084	0.9472098143	0.3270944557
0.7067025726	0.2932974274	0.9476405306	0.326737214
0.7077035536	0.2922964464	0.9480689173	0.3263807358
0.7087045345	0.2912954655	0.9484949821	0.3260250188
0.7097055155	0.2902944845	0.9489187328	0.3256700605
0.7107064965	0.2892935035	0.9493401771	0.3253158586
0.7117074775	0.2882925225	0.9497593227	0.3249624108
0.7127084585	0.2872915415	0.9501761772	0.3246097148
0.7137094394	0.2862905606	0.9505907484	0.324257768
0.7147104204	0.2852895796	0.9510030437	0.3239065683
0.7157114014	0.2842885986	0.951413071	0.3235561134
0.7167123824	0.2832876176	0.9518208376	0.3232064008
0.7177133634	0.2822866366	0.9522263512	0.3228574284
0.7187143443	0.2812856557	0.9526296194	0.3225091937
0.7197153253	0.2802846747	0.9530306496	0.3221616946
0.7207163063	0.2792836937	0.9534294494	0.3218149288
0.7217172873	0.2782827127	0.9538260261	0.321468894
0.7227182683	0.2772817317	0.9542203874	0.3211235879
0.7237192492	0.2762807508	0.9546125406	0.3207790083
0.7247202302	0.2752797698	0.9550024932	0.320435153
0.7257212112	0.2742787888	0.9553902525	0.3200920197
0.7267221922	0.2732778078	0.9557758259	0.3197496062
0.7277231732	0.2722768268	0.9561592207	0.3194079103
0.7287241542	0.2712758458	0.9565404444	0.3190669299
0.7297251351	0.2702748649	0.9569195041	0.3187266626
0.7307261161	0.2692738839	0.9572964072	0.3183871064
0.7317270971	0.2682729029	0.957671161	0.318048259
0.7327280781	0.2672719219	0.9580437727	0.3177101183
0.7337290591	0.2662709409	0.9584142495	0.3173726821
0.73473004	0.26526996	0.9587825986	0.3170359483
0.735731021	0.264268979	0.9591488272	0.3166999148
0.736732002	0.263267998	0.9595129425	0.3163645793
0.737732983	0.262267017	0.9598749516	0.3160299399
0.738733964	0.261266036	0.9602348617	0.3156959942
0.7397349449	0.2602650551	0.9605926797	0.3153627404
0.7407359259	0.2592640741	0.9609484129	0.3150301762
0.7417369069	0.2582630931	0.9613020683	0.3146982995
0.7427378879	0.2572621121	0.9616536528	0.3143671084
0.7437388689	0.2562611311	0.9620031736	0.3140366006
0.7447398498	0.2552601502	0.9623506375	0.3137067742
0.7457408308	0.2542591692	0.9626960517	0.3133776271
0.7467418118	0.2532581882	0.963039423	0.3130491572
0.7477427928	0.2522572072	0.9633807584	0.3127213624
0.7487437738	0.2512562262	0.9637200647	0.3123942409
0.7497447548	0.2502552452	0.964057349	0.3120677904
0.7507457357	0.2492542643	0.9643926179	0.3117420091
0.7517467167	0.2482532833	0.9647258785	0.3114168949
0.7527476977	0.2472523023	0.9650571375	0.3110924458
0.7537486787	0.2462513213	0.9653864018	0.3107686597
0.7547496597	0.2452503403	0.965713678	0.3104455348
0.7557506406	0.2442493594	0.9660389731	0.310123069
0.7567516216	0.2432483784	0.9663622937	0.3098012604
0.7577526026	0.2422473974	0.9666836466	0.309480107
0.7587535836	0.2412464164	0.9670030384	0.3091596068
0.7597545646	0.2402454354	0.9673204759	0.3088397579
0.7607555455	0.2392444545	0.9676359658	0.3085205583
0.7617565265	0.2382434735	0.9679495146	0.3082020062
0.7627575075	0.2372424925	0.968261129	0.3078840995
0.7637584885	0.2362415115	0.9685708157	0.3075668365
0.7647594695	0.2352405305	0.9688785811	0.3072502151
0.7657604505	0.2342395495	0.9691844319	0.3069342334
0.7667614314	0.2332385686	0.9694883747	0.3066188896
0.7677624124	0.2322375876	0.9697904158	0.3063041818
0.7687633934	0.2312366066	0.9700905619	0.305990108
0.7697643744	0.2302356256	0.9703888195	0.3056766665
0.7707653554	0.2292346446	0.9706851949	0.3053638553
0.7717663363	0.2282336637	0.9709796947	0.3050516725
0.7727673173	0.2272326827	0.9712723253	0.3047401164
0.7737682983	0.2262317017	0.971563093	0.3044291851
0.7747692793	0.2252307207	0.9718520043	0.3041188768
0.7757702603	0.2242297397	0.9721390656	0.3038091895
0.7767712412	0.2232287588	0.9724242831	0.3035001215
0.7777722222	0.2222277778	0.9727076632	0.303191671
0.7787732032	0.2212267968	0.9729892123	0.3028838362
0.7797741842	0.2202258158	0.9732689366	0.3025766151
0.7807751652	0.2192248348	0.9735468424	0.3022700062
0.7817761461	0.2182238539	0.9738229359	0.3019640075
0.7827771271	0.2172228729	0.9740972233	0.3016586173
0.7837781081	0.2162218919	0.974369711	0.3013538337
0.7847790891	0.2152209109	0.974640405	0.3010496551
0.7857800701	0.2142199299	0.9749093116	0.3007460797
0.7867810511	0.2132189489	0.9751764368	0.3004431057
0.787782032	0.212217968	0.9754417869	0.3001407313
0.788783013	0.211216987	0.9757053679	0.2998389548
0.789783994	0.210216006	0.975967186	0.2995377746
0.790784975	0.209215025	0.9762272473	0.2992371887
0.791785956	0.208214044	0.9764855576	0.2989371956
0.7927869369	0.2072130631	0.9767421233	0.2986377935
0.7937879179	0.2062120821	0.9769969501	0.2983389806
0.7947888989	0.2052111011	0.9772500442	0.2980407554
0.7957898799	0.2042101201	0.9775014116	0.297743116
0.7967908609	0.2032091391	0.9777510581	0.2974460609
0.7977918418	0.2022081582	0.9779989898	0.2971495882
0.7987928228	0.2012071772	0.9782452125	0.2968536964
0.7997938038	0.2002061962	0.9784897322	0.2965583838
0.8007947848	0.1992052152	0.9787325548	0.2962636486
0.8017957658	0.1982042342	0.9789736861	0.2959694893
0.8027967467	0.1972032533	0.979213132	0.2956759041
0.8037977277	0.1962022723	0.9794508984	0.2953828915
0.8047987087	0.1952012913	0.9796869909	0.2950904497
0.8057996897	0.1942003103	0.9799214155	0.2947985772
0.8068006707	0.1931993293	0.9801541779	0.2945072724
0.8078016517	0.1921983483	0.9803852839	0.2942165335
0.8088026326	0.1911973674	0.9806147391	0.293926359
0.8098036136	0.1901963864	0.9808425495	0.2936367473
0.8108045946	0.1891954054	0.9810687205	0.2933476967
0.8118055756	0.1881944244	0.981293258	0.2930592057
0.8128065566	0.1871934434	0.9815161676	0.2927712726
0.8138075375	0.1861924625	0.981737455	0.292483896
0.8148085185	0.1851914815	0.9819571257	0.2921970741
0.8158094995	0.1841905005	0.9821751854	0.2919108055
0.8168104805	0.1831895195	0.9823916397	0.2916250885
0.8178114615	0.1821885385	0.9826064942	0.2913399217
0.8188124424	0.1811875576	0.9828197545	0.2910553033
0.8198134234	0.1801865766	0.983031426	0.2907712319
0.8208144044	0.1791855956	0.9832415143	0.290487706
0.8218153854	0.1781846146	0.9834500249	0.2902047239
0.8228163664	0.1771836336	0.9836569633	0.2899222842
0.8238173473	0.1761826527	0.9838623351	0.2896403853
0.8248183283	0.1751816717	0.9840661455	0.2893590258
0.8258193093	0.1741806907	0.9842684001	0.289078204
0.8268202903	0.1731797097	0.9844691043	0.2887979184
0.8278212713	0.1721787287	0.9846682635	0.2885181677
0.8288222523	0.1711777477	0.9848658831	0.2882389502
0.8298232332	0.1701767668	0.9850619684	0.2879602644
0.8308242142	0.1691757858	0.9852565248	0.2876821089
0.8318251952	0.1681748048	0.9854495577	0.2874044822
0.8328261762	0.1671738238	0.9856410723	0.2871273828
0.8338271572	0.1661728428	0.9858310739	0.2868508093
0.8348281381	0.1651718619	0.9860195679	0.28657476
0.8358291191	0.1641708809	0.9862065595	0.2862992337
0.8368301001	0.1631698999	0.9863920539	0.2860242289
0.8378310811	0.1621689189	0.9865760563	0.285749744
0.8388320621	0.1611679379	0.9867585721	0.2854757776
0.839833043	0.160166957	0.9869396063	0.2852023283
0.840834024	0.159165976	0.9871191642	0.2849293947
0.841835005	0.158164995	0.987297251	0.2846569753
0.842835986	0.157164014	0.9874738717	0.2843850687
0.843836967	0.156163033	0.9876490315	0.2841136735
0.8448379479	0.1551620521	0.9878227355	0.2838427882
0.8458389289	0.1541610711	0.9879949888	0.2835724115
0.8468399099	0.1531600901	0.9881657965	0.2833025419
0.8478408909	0.1521591091	0.9883351637	0.283033178
0.8488418719	0.1511581281	0.9885030954	0.2827643185
0.8498428529	0.1501571471	0.9886695966	0.2824959619
0.8508438338	0.1491561662	0.9888346723	0.2822281069
0.8518448148	0.1481551852	0.9889983276	0.2819607521
0.8528457958	0.1471542042	0.9891605674	0.2816938961
0.8538467768	0.1461532232	0.9893213967	0.2814275374
0.8548477578	0.1451522422	0.9894808204	0.2811616749
0.8558487387	0.1441512613	0.9896388435	0.2808963071
0.8568497197	0.1431502803	0.9897954709	0.2806314326
0.8578507007	0.1421492993	0.9899507075	0.2803670501
0.8588516817	0.1411483183	0.9901045582	0.2801031582
0.8598526627	0.1401473373	0.9902570278	0.2798397556
0.8608536436	0.1391463564	0.9904081211	0.279576841
0.8618546246	0.1381453754	0.9905578432	0.2793144131
0.8628556056	0.1371443944	0.9907061986	0.2790524704
0.8638565866	0.1361434134	0.9908531923	0.2787910118
0.8648575676	0.1351424324	0.9909988291	0.2785300357
0.8658585485	0.1341414515	0.9911431136	0.2782695411
0.8668595295	0.1331404705	0.9912860508	0.2780095264
0.8678605105	0.1321394895	0.9914276452	0.2777499905
0.8688614915	0.1311385085	0.9915679017	0.2774909321
0.8698624725	0.1301375275	0.991706825	0.2772323498
0.8708634535	0.1291365465	0.9918444197	0.2769742423
0.8718644344	0.1281355656	0.9919806905	0.2767166084
0.8728654154	0.1271345846	0.9921156421	0.2764594467
0.8738663964	0.1261336036	0.9922492792	0.2762027561
0.8748673774	0.1251326226	0.9923816063	0.2759465352
0.8758683584	0.1241316416	0.9925126282	0.2756907828
0.8768693393	0.1231306607	0.9926423493	0.2754354975
0.8778703203	0.1221296797	0.9927707743	0.2751806783
0.8788713013	0.1211286987	0.9928979077	0.2749263236
0.8798722823	0.1201277177	0.9930237542	0.2746724325
0.8808732633	0.1191267367	0.9931483183	0.2744190035
0.8818742442	0.1181257558	0.9932716044	0.2741660354
0.8828752252	0.1171247748	0.9933936171	0.2739135271
0.8838762062	0.1161237938	0.9935143609	0.2736614772
0.8848771872	0.1151228128	0.9936338403	0.2734098846
0.8858781682	0.1141218318	0.9937520597	0.273158748
0.8868791491	0.1131208509	0.9938690236	0.2729080663
0.8878801301	0.1121198699	0.9939847365	0.2726578381
0.8888811111	0.1111188889	0.9940992027	0.2724080623
0.8898820921	0.1101179079	0.9942124267	0.2721587376
0.8908830731	0.1091169269	0.9943244129	0.2719098629
0.8918840541	0.1081159459	0.9944351656	0.271661437
0.892885035	0.107114965	0.9945446892	0.2714134587
0.893886016	0.106113984	0.9946529881	0.2711659267
0.894886997	0.105113003	0.9947600666	0.27091884
0.895887978	0.104112022	0.994865929	0.2706721972
0.896888959	0.103111041	0.9949705796	0.2704259973
0.8978899399	0.1021100601	0.9950740228	0.2701802391
0.8988909209	0.1011090791	0.9951762627	0.2699349214
0.8998919019	0.1001080981	0.9952773037	0.2696900429
0.9008928829	0.09910711712	0.9953771501	0.2694456027
0.9018938639	0.09810613614	0.9954758059	0.2692015994
0.9028948448	0.09710515516	0.9955732756	0.268958032
0.9038958258	0.09610417417	0.9956695632	0.2687148994
0.9048968068	0.09510319319	0.995764673	0.2684722002
0.9058977878	0.09410221221	0.9958586092	0.2682299335
0.9068987688	0.09310123123	0.9959513759	0.2679880981
0.9078997497	0.09210025025	0.9960429773	0.2677466928
0.9089007307	0.09109926927	0.9961334174	0.2675057165
0.9099017117	0.09009828829	0.9962227006	0.2672651681
0.9109026927	0.08909730731	0.9963108307	0.2670250465
0.9119036737	0.08809632633	0.996397812	0.2667853506
0.9129046547	0.08709534535	0.9964836486	0.2665460791
0.9139056356	0.08609436436	0.9965683445	0.2663072311
0.9149066166	0.08509338338	0.9966519037	0.2660688054
0.9159075976	0.0840924024	0.9967343303	0.2658308009
0.9169085786	0.08309142142	0.9968156283	0.2655932166
0.9179095596	0.08209044044	0.9968958018	0.2653560512
0.9189105405	0.08108945946	0.9969748548	0.2651193038
0.9199115215	0.08008847848	0.9970527912	0.2648829732
0.9209125025	0.0790874975	0.997129615	0.2646470583
0.9219134835	0.07808651652	0.9972053301	0.2644115582
0.9229144645	0.07708553554	0.9972799406	0.2641764716
0.9239154454	0.07608455455	0.9973534504	0.2639417975
0.9249164264	0.07508357357	0.9974258634	0.2637075349
0.9259174074	0.07408259259	0.9974971834	0.2634736827
0.9269183884	0.07308161161	0.9975674145	0.2632402398
0.9279193694	0.07208063063	0.9976365604	0.2630072052
0.9289203504	0.07107964965	0.9977046251	0.2627745778
0.9299213313	0.07007866867	0.9977716123	0.2625423565
0.9309223123	0.06907768769	0.9978375261	0.2623105404
0.9319232933	0.06807670671	0.9979023701	0.2620791283
0.9329242743	0.06707572573	0.9979661482	0.2618481192
0.9339252553	0.06607474474	0.9980288642	0.2616175122
0.9349262362	0.06507376376	0.9980905219	0.261387306
0.9359272172	0.06407278278	0.9981511251	0.2611574998
0.9369281982	0.0630718018	0.9982106776	0.2609280925
0.9379291792	0.06207082082	0.998269183	0.2606990831
0.9389301602	0.06106983984	0.9983266452	0.2604704705
0.9399311411	0.06006885886	0.9983830679	0.2602422537
0.9409321221	0.05906787788	0.9984384548	0.2600144318
0.9419331031	0.0580668969	0.9984928095	0.2597870036
0.9429340841	0.05706591592	0.9985461359	0.2595599683
0.9439350651	0.05606493493	0.9985984376	0.2593333248
0.944936046	0.05506395395	0.9986497182	0.2591070721
0.945937027	0.05406297297	0.9986999813	0.2588812091
0.946938008	0.05306199199	0.9987492308	0.258655735
0.947938989	0.05206101101	0.9987974701	0.2584306487
0.94893997	0.05106003003	0.9988447029	0.2582059493
0.949940951	0.05005904905	0.9988909328	0.2579816357
0.9509419319	0.04905806807	0.9989361634	0.2577577069
0.9519429129	0.04805708709	0.9989803982	0.2575341621
0.9529438939	0.04705610611	0.9990236409	0.2573110002
0.9539448749	0.04605512513	0.9990658951	0.2570882202
0.9549458559	0.04505414414	0.9991071641	0.2568658212
0.9559468368	0.04405316316	0.9991474517	0.2566438022
0.9569478178	0.04305218218	0.9991867613	0.2564221623
0.9579487988	0.0420512012	0.9992250964	0.2562009005
0.9589497798	0.04105022022	0.9992624605	0.2559800158
0.9599507608	0.04004923924	0.9992988571	0.2557595074
0.9609517417	0.03904825826	0.9993342897	0.2555393742
0.9619527227	0.03804727728	0.9993687618	0.2553196153
0.9629537037	0.0370462963	0.9994022767	0.2551002297
0.9639546847	0.03604531532	0.999434838	0.2548812166
0.9649556657	0.03504433433	0.999466449	0.2546625749
0.9659566466	0.03404335335	0.9994971133	0.2544443039
0.9669576276	0.03304237237	0.9995268341	0.2542264024
0.9679586086	0.03204139139	0.999555615	0.2540088696
0.9689595896	0.03104041041	0.9995834592	0.2537917047
0.9699605706	0.03003942943	0.9996103701	0.2535749065
0.9709615516	0.02903844845	0.9996363511	0.2533584743
0.9719625325	0.02803746747	0.9996614056	0.2531424072
0.9729635135	0.02703648649	0.9996855369	0.2529267041
0.9739644945	0.02603550551	0.9997087483	0.2527113643
0.9749654755	0.02503452452	0.9997310431	0.2524963868
0.9759664565	0.02403354354	0.9997524247	0.2522817706
0.9769674374	0.02303256256	0.9997728963	0.252067515
0.9779684184	0.02203158158	0.9997924611	0.251853619
0.9789693994	0.0210306006	0.9998111226	0.2516400816
0.9799703804	0.02002961962	0.9998288839	0.2514269021
0.9809713614	0.01902863864	0.9998457483	0.2512140795
0.9819723423	0.01802765766	0.999861719	0.251001613
0.9829733233	0.01702667668	0.9998767993	0.2507895017
0.9839743043	0.0160256957	0.9998909924	0.2505777446
0.9849752853	0.01502471471	0.9999043014	0.2503663409
0.9859762663	0.01402373373	0.9999167296	0.2501552898
0.9869772472	0.01302275275	0.9999282801	0.2499445903
0.9879782282	0.01202177177	0.9999389562	0.2497342417
0.9889792092	0.01102079079	0.9999487609	0.2495242429
0.9899801902	0.01001980981	0.9999576975	0.2493145933
0.9909811712	0.009018828829	0.999965769	0.2491052918
0.9919821522	0.008017847848	0.9999729787	0.2488963378
0.9929831331	0.007016866867	0.9999793296	0.2486877302
0.9939841141	0.006015885886	0.9999848248	0.2484794682
0.9949850951	0.005014904905	0.9999894675	0.2482715511
0.9959860761	0.004013923924	0.9999932606	0.248063978
0.9969870571	0.003012942943	0.9999962074	0.2478567479
0.997988038	0.002011961962	0.9999983109	0.2476498601
0.998989019	0.001010980981	0.999999574	0.2474433138
0.99999	1e-05	1	0.2472371081
