1e-05	0.99999	0.1003120874	0.9999999994
0.001010980981	0.998989019	0.1014979758	0.9999939993
0.002011961962	0.997988038	0.1026934799	0.9999762764
0.003012942943	0.9969870571	0.10389854	0.9999468956
0.004013923924	0.9959860761	0.1051130961	0.9999059242
0.005014904905	0.9949850951	0.1063370879	0.9998534318
0.006015885886	0.9939841141	0.1075704545	0.9997894904
0.007016866867	0.9929831331	0.1088131349	0.9997141738
0.008017847848	0.9919821522	0.1100650677	0.9996275579
0.009018828829	0.9909811712	0.1113261912	0.9995297203
0.01001980981	0.9899801902	0.112596443	0.9994207404
0.01102079079	0.9889792092	0.1138757608	0.9993006992
0.01202177177	0.9879782282	0.1151640815	0.999169679
0.01302275275	0.9869772472	0.116461342	0.9990277636
0.01402373373	0.9859762663	0.1177674786	0.9988750379
0.01502471471	0.9849752853	0.1190824274	0.9987115882
0.0160256957	0.9839743043	0.1204061239	0.9985375018
0.01702667668	0.9829733233	0.1217385036	0.9983528669
0.01802765766	0.9819723423	0.1230795013	0.9981577727
0.01902863864	0.9809713614	0.1244290516	0.9979523092
0.02002961962	0.9799703804	0.1257870888	0.9977365671
0.0210306006	0.9789693994	0.1271535469	0.997510638
0.02203158158	0.9779684184	0.1285283594	0.9972746138
0.02303256256	0.9769674374	0.1299114596	0.9970285872
0.02403354354	0.9759664565	0.1313027805	0.9967726513
0.02503452452	0.9749654755	0.1327022547	0.9965068995
0.02603550551	0.9739644945	0.1341098146	0.9962314259
0.02703648649	0.9729635135	0.1355253922	0.9959463246
0.02803746747	0.9719625325	0.1369489193	0.99565169
0.02903844845	0.9709615516	0.1383803273	0.9953476168
0.03003942943	0.9699605706	0.1398195475	0.9950341999
0.03104041041	0.9689595896	0.1412665109	0.9947115342
0.03204139139	0.9679586086	0.1427211481	0.9943797147
0.03304237237	0.9669576276	0.1441833897	0.9940388366
0.03404335335	0.9659566466	0.1456531657	0.9936889948
0.03504433433	0.9649556657	0.1471304063	0.9933302843
0.03604531532	0.9639546847	0.1486150412	0.9929628002
0.0370462963	0.9629537037	0.150107	0.9925866371
0.03804727728	0.9619527227	0.1516062121	0.9922018898
0.03904825826	0.9609517417	0.1531126067	0.9918086527
0.04004923924	0.9599507608	0.1546261127	0.9914070201
0.04105022022	0.9589497798	0.156146659	0.990997086
0.0420512012	0.9579487988	0.1576741744	0.9905789443
0.04305218218	0.9569478178	0.1592085873	0.9901526883
0.04405316316	0.9559468368	0.1607498262	0.9897184114
0.04505414414	0.9549458559	0.1622978193	0.9892762062
0.04605512513	0.9539448749	0.1638524947	0.9888261653
0.04705610611	0.9529438939	0.1654137806	0.9883683808
0.04805708709	0.9519429129	0.1669816048	0.9879029444
0.04905806807	0.9509419319	0.1685558952	0.9874299473
0.05005904905	0.949940951	0.1701365796	0.9869494805
0.05106003003	0.94893997	0.1717235856	0.9864616343
0.05206101101	0.947938989	0.173316841	0.9859664987
0.05306199199	0.946938008	0.1749162732	0.9854641631
0.05406297297	0.945937027	0.1765218099	0.9849547165
0.05506395395	0.944936046	0.1781333785	0.9844382474
0.05606493493	0.9439350651	0.1797509065	0.9839148437
0.05706591592	0.9429340841	0.1813743214	0.9833845928
0.0580668969	0.9419331031	0.1830035507	0.9828475816
0.05906787788	0.9409321221	0.1846385218	0.9823038964
0.06006885886	0.9399311411	0.1862791621	0.9817536229
0.06106983984	0.9389301602	0.1879253994	0.9811968465
0.06207082082	0.9379291792	0.1895771609	0.9806336516
0.0630718018	0.9369281982	0.1912343744	0.9800641223
0.06407278278	0.9359272172	0.1928969674	0.979488342
0.06507376376	0.9349262362	0.1945648676	0.9789063937
0.06607474474	0.9339252553	0.1962380028	0.9783183595
0.06707572573	0.9329242743	0.1979163008	0.977724321
0.06807670671	0.9319232933	0.1995996895	0.9771243593
0.06907768769	0.9309223123	0.2012880968	0.9765185548
0.07007866867	0.9299213313	0.2029814509	0.9759069872
0.07107964965	0.9289203504	0.20467968	0.9752897357
0.07208063063	0.9279193694	0.2063827123	0.9746668788
0.07308161161	0.9269183884	0.2080904762	0.9740384944
0.07408259259	0.9259174074	0.2098029005	0.9734046597
0.07508357357	0.9249164264	0.2115199136	0.9727654514
0.07608455455	0.9239154454	0.2132414446	0.9721209454
0.07708553554	0.9229144645	0.2149674222	0.9714712171
0.07808651652	0.9219134835	0.2166977758	0.9708163411
0.0790874975	0.9209125025	0.2184324346	0.9701563916
0.08008847848	0.9199115215	0.2201713281	0.9694914418
0.08108945946	0.9189105405	0.2219143859	0.9688215646
0.08209044044	0.9179095596	0.223661538	0.9681468321
0.08309142142	0.9169085786	0.2254127142	0.9674673158
0.0840924024	0.9159075976	0.2271678449	0.9667830865
0.08509338338	0.9149066166	0.2289268606	0.9660942144
0.08609436436	0.9139056356	0.2306896917	0.965400769
0.08709534535	0.9129046547	0.2324562693	0.9647028193
0.08809632633	0.9119036737	0.2342265244	0.9640004335
0.08909730731	0.9109026927	0.2360003883	0.9632936792
0.09009828829	0.9099017117	0.2377777925	0.9625826235
0.09109926927	0.9089007307	0.2395586689	0.9618673327
0.09210025025	0.9078997497	0.2413429494	0.9611478725
0.09310123123	0.9068987688	0.2431305664	0.9604243081
0.09410221221	0.9058977878	0.2449214524	0.9596967038
0.09510319319	0.9048968068	0.2467155401	0.9589651236
0.09610417417	0.9038958258	0.2485127627	0.9582296307
0.09710515516	0.9028948448	0.2503130534	0.9574902876
0.09810613614	0.9018938639	0.2521163458	0.9567471563
0.09910711712	0.9008928829	0.2539225739	0.9560002983
0.1001080981	0.8998919019	0.2557316717	0.9552497742
0.1011090791	0.8988909209	0.2575435738	0.9544956442
0.1021100601	0.8978899399	0.2593582149	0.9537379679
0.103111041	0.896888959	0.2611755299	0.9529768041
0.104112022	0.895887978	0.2629954542	0.9522122112
0.105113003	0.894886997	0.2648179235	0.9514442469
0.106113984	0.893886016	0.2666428737	0.9506729684
0.107114965	0.892885035	0.2684702411	0.9498984322
0.1081159459	0.8918840541	0.2702999621	0.9491206944
0.1091169269	0.8908830731	0.2721319738	0.9483398102
0.1101179079	0.8898820921	0.2739662132	0.9475558345
0.1111188889	0.8888811111	0.275802618	0.9467688215
0.1121198699	0.8878801301	0.2776411259	0.9459788248
0.1131208509	0.8868791491	0.2794816752	0.9451858977
0.1141218318	0.8858781682	0.2813242043	0.9443900925
0.1151228128	0.8848771872	0.2831686521	0.9435914613
0.1161237938	0.8838762062	0.2850149579	0.9427900555
0.1171247748	0.8828752252	0.2868630611	0.941985926
0.1181257558	0.8818742442	0.2887129016	0.9411791229
0.1191267367	0.8808732633	0.2905644196	0.9403696963
0.1201277177	0.8798722823	0.2924175556	0.9395576951
0.1211286987	0.8788713013	0.2942722507	0.9387431683
0.1221296797	0.8778703203	0.2961284461	0.9379261638
0.1231306607	0.8768693393	0.2979860833	0.9371067294
0.1241316416	0.8758683584	0.2998451044	0.9362849122
0.1251326226	0.8748673774	0.3017054517	0.9354607588
0.1261336036	0.8738663964	0.3035670679	0.9346343152
0.1271345846	0.8728654154	0.3054298961	0.9338056271
0.1281355656	0.8718644344	0.3072938796	0.9329747394
0.1291365465	0.8708634535	0.3091589623	0.9321416968
0.1301375275	0.8698624725	0.3110250883	0.9313065433
0.1311385085	0.8688614915	0.3128922022	0.9304693226
0.1321394895	0.8678605105	0.3147602487	0.9296300776
0.1331404705	0.8668595295	0.3166291733	0.9287888509
0.1341414515	0.8658585485	0.3184989214	0.9279456848
0.1351424324	0.8648575676	0.3203694392	0.9271006208
0.1361434134	0.8638565866	0.3222406729	0.9262537001
0.1371443944	0.8628556056	0.3241125693	0.9254049633
0.1381453754	0.8618546246	0.3259850757	0.9245544509
0.1391463564	0.8608536436	0.3278581393	0.9237022024
0.1401473373	0.8598526627	0.3297317082	0.9228482572
0.1411483183	0.8588516817	0.3316057306	0.9219926543
0.1421492993	0.8578507007	0.333480155	0.9211354319
0.1431502803	0.8568497197	0.3353549306	0.9202766281
0.1441512613	0.8558487387	0.3372300067	0.9194162805
0.1451522422	0.8548477578	0.339105333	0.918554426
0.1461532232	0.8538467768	0.3409808598	0.9176911015
0.1471542042	0.8528457958	0.3428565374	0.9168263431
0.1481551852	0.8518448148	0.344732317	0.9159601866
0.1491561662	0.8508438338	0.3466081496	0.9150926675
0.1501571471	0.8498428529	0.348483987	0.9142238207
0.1511581281	0.8488418719	0.3503597812	0.9133536808
0.1521591091	0.8478408909	0.3522354847	0.912482282
0.1531600901	0.8468399099	0.3541110502	0.911609658
0.1541610711	0.8458389289	0.3559864309	0.9107358422
0.1551620521	0.8448379479	0.3578615804	0.9098608675
0.156163033	0.843836967	0.3597364526	0.9089847666
0.157164014	0.842835986	0.3616110019	0.9081075716
0.158164995	0.841835005	0.3634851828	0.9072293143
0.159165976	0.840834024	0.3653589506	0.9063500262
0.160166957	0.839833043	0.3672322607	0.9054697382
0.1611679379	0.8388320621	0.3691050688	0.9045884811
0.1621689189	0.8378310811	0.3709773313	0.9037062852
0.1631698999	0.8368301001	0.3728490046	0.9028231804
0.1641708809	0.8358291191	0.3747200457	0.9019391963
0.1651718619	0.8348281381	0.376590412	0.901054362
0.1661728428	0.8338271572	0.3784600612	0.9001687066
0.1671738238	0.8328261762	0.3803289513	0.8992822584
0.1681748048	0.8318251952	0.3821970408	0.8983950457
0.1691757858	0.8308242142	0.3840642885	0.8975070962
0.1701767668	0.8298232332	0.3859306536	0.8966184375
0.1711777477	0.8288222523	0.3877960957	0.8957290967
0.1721787287	0.8278212713	0.3896605747	0.8948391006
0.1731797097	0.8268202903	0.3915240509	0.8939484758
0.1741806907	0.8258193093	0.393386485	0.8930572482
0.1751816717	0.8248183283	0.3952478379	0.8921654439
0.1761826527	0.8238173473	0.3971080712	0.8912730883
0.1771836336	0.8228163664	0.3989671465	0.8903802066
0.1781846146	0.8218153854	0.400825026	0.8894868237
0.1791855956	0.8208144044	0.4026816722	0.8885929642
0.1801865766	0.8198134234	0.4045370479	0.8876986523
0.1811875576	0.8188124424	0.4063911163	0.886803912
0.1821885385	0.8178114615	0.408243841	0.885908767
0.1831895195	0.8168104805	0.4100951859	0.8850132407
0.1841905005	0.8158094995	0.4119451153	0.8841173561
0.1851914815	0.8148085185	0.4137935937	0.883221136
0.1861924625	0.8138075375	0.4156405863	0.8823246029
0.1871934434	0.8128065566	0.4174860583	0.8814277791
0.1881944244	0.8118055756	0.4193299754	0.8805306864
0.1891954054	0.8108045946	0.4211723037	0.8796333465
0.1901963864	0.8098036136	0.4230130094	0.8787357809
0.1911973674	0.8088026326	0.4248520594	0.8778380105
0.1921983483	0.8078016517	0.4266894207	0.8769400563
0.1931993293	0.8068006707	0.4285250608	0.8760419388
0.1942003103	0.8057996897	0.4303589473	0.8751436784
0.1952012913	0.8047987087	0.4321910484	0.874245295
0.1962022723	0.8037977277	0.4340213324	0.8733468085
0.1972032533	0.8027967467	0.4358497683	0.8724482384
0.1982042342	0.8017957658	0.437676325	0.871549604
0.1992052152	0.8007947848	0.4395009721	0.8706509243
0.2002061962	0.7997938038	0.4413236792	0.8697522182
0.2012071772	0.7987928228	0.4431444165	0.8688535041
0.2022081582	0.7977918418	0.4449631544	0.8679548003
0.2032091391	0.7967908609	0.4467798636	0.8670561249
0.2042101201	0.7957898799	0.4485945153	0.8661574958
0.2052111011	0.7947888989	0.4504070809	0.8652589306
0.2062120821	0.7937879179	0.452217532	0.8643604465
0.2072130631	0.7927869369	0.4540258407	0.8634620607
0.208214044	0.791785956	0.4558319794	0.8625637902
0.209215025	0.790784975	0.4576359208	0.8616656516
0.210216006	0.789783994	0.4594376378	0.8607676614
0.211216987	0.788783013	0.4612371038	0.8598698358
0.212217968	0.787782032	0.4630342924	0.8589721909
0.2132189489	0.7867810511	0.4648291776	0.8580747424
0.2142199299	0.7857800701	0.4666217335	0.857177506
0.2152209109	0.7847790891	0.4684119347	0.8562804971
0.2162218919	0.7837781081	0.4701997561	0.8553837308
0.2172228729	0.7827771271	0.4719851728	0.8544872222
0.2182238539	0.7817761461	0.4737681603	0.853590986
0.2192248348	0.7807751652	0.4755486943	0.8526950367
0.2202258158	0.7797741842	0.477326751	0.8517993889
0.2212267968	0.7787732032	0.4791023065	0.8509040566
0.2222277778	0.7777722222	0.4808753377	0.8500090538
0.2232287588	0.7767712412	0.4826458213	0.8491143945
0.2242297397	0.7757702603	0.4844137348	0.8482200921
0.2252307207	0.7747692793	0.4861790554	0.8473261601
0.2262317017	0.7737682983	0.4879417612	0.8464326117
0.2272326827	0.7727673173	0.48970183	0.8455394601
0.2282336637	0.7717663363	0.4914592404	0.8446467181
0.2292346446	0.7707653554	0.493213971	0.8437543983
0.2302356256	0.7697643744	0.4949660007	0.8428625134
0.2312366066	0.7687633934	0.4967153087	0.8419710756
0.2322375876	0.7677624124	0.4984618744	0.8410800972
0.2332385686	0.7667614314	0.5002056777	0.8401895901
0.2342395495	0.7657604505	0.5019466986	0.8392995662
0.2352405305	0.7647594695	0.5036849174	0.8384100372
0.2362415115	0.7637584885	0.5054203146	0.8375210145
0.2372424925	0.7627575075	0.5071528711	0.8366325096
0.2382434735	0.7617565265	0.508882568	0.8357445336
0.2392444545	0.7607555455	0.5106093866	0.8348570974
0.2402454354	0.7597545646	0.5123333086	0.8339702121
0.2412464164	0.7587535836	0.5140543158	0.8330838883
0.2422473974	0.7577526026	0.5157723905	0.8321981365
0.2432483784	0.7567516216	0.5174875149	0.8313129672
0.2442493594	0.7557506406	0.5191996718	0.8304283906
0.2452503403	0.7547496597	0.520908844	0.8295444168
0.2462513213	0.7537486787	0.5226150147	0.8286610558
0.2472523023	0.7527476977	0.5243181673	0.8277783174
0.2482532833	0.7517467167	0.5260182854	0.8268962113
0.2492542643	0.7507457357	0.527715353	0.826014747
0.2502552452	0.7497447548	0.5294093542	0.8251339338
0.2512562262	0.7487437738	0.5311002733	0.8242537811
0.2522572072	0.7477427928	0.532788095	0.8233742979
0.2532581882	0.7467418118	0.5344728041	0.8224954932
0.2542591692	0.7457408308	0.5361543857	0.8216173759
0.2552601502	0.7447398498	0.5378328251	0.8207399547
0.2562611311	0.7437388689	0.539508108	0.8198632381
0.2572621121	0.7427378879	0.54118022	0.8189872346
0.2582630931	0.7417369069	0.5428491472	0.8181119526
0.2592640741	0.7407359259	0.5445148758	0.8172374001
0.2602650551	0.7397349449	0.5461773923	0.8163635854
0.261266036	0.738733964	0.5478366834	0.8154905163
0.262267017	0.737732983	0.549492736	0.8146182006
0.263267998	0.736732002	0.5511455373	0.8137466462
0.264268979	0.735731021	0.5527950745	0.8128758604
0.26526996	0.73473004	0.5544413352	0.8120058509
0.2662709409	0.7337290591	0.5560843073	0.811136625
0.2672719219	0.7327280781	0.5577239787	0.8102681899
0.2682729029	0.7317270971	0.5593603376	0.8094005527
0.2692738839	0.7307261161	0.5609933725	0.8085337204
0.2702748649	0.7297251351	0.5626230719	0.8076677
0.2712758458	0.7287241542	0.5642494247	0.8068024982
0.2722768268	0.7277231732	0.5658724199	0.8059381217
0.2732778078	0.7267221922	0.5674920467	0.8050745771
0.2742787888	0.7257212112	0.5691082946	0.8042118708
0.2752797698	0.7247202302	0.5707211533	0.8033500092
0.2762807508	0.7237192492	0.5723306125	0.8024889986
0.2772817317	0.7227182683	0.5739366623	0.8016288452
0.2782827127	0.7217172873	0.5755392929	0.8007695549
0.2792836937	0.7207163063	0.5771384947	0.7999111337
0.2802846747	0.7197153253	0.5787342583	0.7990535875
0.2812856557	0.7187143443	0.5803265746	0.798196922
0.2822866366	0.7177133634	0.5819154344	0.797341143
0.2832876176	0.7167123824	0.5835008291	0.7964862559
0.2842885986	0.7157114014	0.5850827498	0.7956322662
0.2852895796	0.7147104204	0.5866611882	0.7947791794
0.2862905606	0.7137094394	0.588236136	0.7939270007
0.2872915415	0.7127084585	0.5898075851	0.7930757353
0.2882925225	0.7117074775	0.5913755275	0.7922253883
0.2892935035	0.7107064965	0.5929399556	0.7913759647
0.2902944845	0.7097055155	0.5945008616	0.7905274695
0.2912954655	0.7087045345	0.5960582383	0.7896799075
0.2922964464	0.7077035536	0.5976120784	0.7888332834
0.2932974274	0.7067025726	0.5991623749	0.787987602
0.2942984084	0.7057015916	0.6007091208	0.7871428678
0.2952993894	0.7047006106	0.6022523095	0.7862990853
0.2963003704	0.7036996296	0.6037919343	0.7854562589
0.2973013514	0.7026986486	0.6053279889	0.784614393
0.2983023323	0.7016976677	0.6068604671	0.7837734919
0.2993033133	0.7006966867	0.6083893629	0.7829335597
0.3003042943	0.6996957057	0.6099146702	0.7820946006
0.3013052753	0.6986947247	0.6114363833	0.7812566185
0.3023062563	0.6976937437	0.6129544967	0.7804196175
0.3033072372	0.6966927628	0.6144690049	0.7795836014
0.3043082182	0.6956917818	0.6159799027	0.7787485739
0.3053091992	0.6946908008	0.6174871848	0.7779145389
0.3063101802	0.6936898198	0.6189908464	0.7770815001
0.3073111612	0.6926888388	0.6204908826	0.7762494609
0.3083121421	0.6916878579	0.6219872887	0.7754184249
0.3093131231	0.6906868769	0.6234800602	0.7745883955
0.3103141041	0.6896858959	0.6249691927	0.7737593762
0.3113150851	0.6886849149	0.6264546819	0.7729313702
0.3123160661	0.6876839339	0.6279365237	0.7721043808
0.313317047	0.686682953	0.6294147143	0.7712784111
0.314318028	0.685681972	0.6308892497	0.7704534643
0.315319009	0.684680991	0.6323601263	0.7696295434
0.31631999	0.68368001	0.6338273405	0.7688066514
0.317320971	0.682679029	0.635290889	0.7679847912
0.318321952	0.681678048	0.6367507684	0.7671639656
0.3193229329	0.6806770671	0.6382069756	0.7663441775
0.3203239139	0.6796760861	0.6396595076	0.7655254296
0.3213248949	0.6786751051	0.6411083615	0.7647077245
0.3223258759	0.6776741241	0.6425535346	0.7638910649
0.3233268569	0.6766731431	0.6439950242	0.7630754533
0.3243278378	0.6756721622	0.6454328279	0.7622608922
0.3253288188	0.6746711812	0.6468669433	0.761447384
0.3263297998	0.6736702002	0.6482973681	0.7606349311
0.3273307808	0.6726692192	0.6497241002	0.7598235359
0.3283317618	0.6716682382	0.6511471376	0.7590132006
0.3293327427	0.6706672573	0.6525664784	0.7582039274
0.3303337237	0.6696662763	0.6539821209	0.7573957185
0.3313347047	0.6686652953	0.6553940635	0.756588576
0.3323356857	0.6676643143	0.6568023045	0.7557825019
0.3333366667	0.6666633333	0.6582068426	0.7549774982
0.3343376476	0.6656623524	0.6596076765	0.7541735669
0.3353386286	0.6646613714	0.661004805	0.7533707099
0.3363396096	0.6636603904	0.662398227	0.7525689291
0.3373405906	0.6626594094	0.6637879415	0.7517682261
0.3383415716	0.6616584284	0.6651739478	0.7509686029
0.3393425526	0.6606574474	0.6665562451	0.750170061
0.3403435335	0.6596564665	0.6679348327	0.7493726021
0.3413445145	0.6586554855	0.6693097101	0.7485762279
0.3423454955	0.6576545045	0.6706808769	0.7477809398
0.3433464765	0.6566535235	0.6720483327	0.7469867395
0.3443474575	0.6556525425	0.6734120774	0.7461936283
0.3453484384	0.6546515616	0.6747721108	0.7454016078
0.3463494194	0.6536505806	0.6761284329	0.7446106792
0.3473504004	0.6526495996	0.6774810438	0.7438208439
0.3483513814	0.6516486186	0.6788299437	0.7430321032
0.3493523624	0.6506476376	0.6801751328	0.7422444583
0.3503533433	0.6496466567	0.6815166115	0.7414579105
0.3513543243	0.6486456757	0.6828543804	0.7406724609
0.3523553053	0.6476446947	0.6841884399	0.7398881106
0.3533562863	0.6466437137	0.6855187907	0.7391048607
0.3543572673	0.6456427327	0.6868454336	0.7383227123
0.3553582482	0.6446417518	0.6881683695	0.7375416664
0.3563592292	0.6436407708	0.6894875991	0.7367617238
0.3573602102	0.6426397898	0.6908031237	0.7359828856
0.3583611912	0.6416388088	0.6921149442	0.7352051527
0.3593621722	0.6406378278	0.6934230618	0.7344285258
0.3603631532	0.6396368468	0.694727478	0.7336530059
0.3613641341	0.6386358659	0.6960281939	0.7328785935
0.3623651151	0.6376348849	0.6973252111	0.7321052896
0.3633660961	0.6366339039	0.6986185311	0.7313330948
0.3643670771	0.6356329229	0.6999081555	0.7305620098
0.3653680581	0.6346319419	0.7011940861	0.7297920352
0.366369039	0.633630961	0.7024763245	0.7290231716
0.36737002	0.63262998	0.7037548727	0.7282554196
0.368371001	0.631628999	0.7050297326	0.7274887796
0.369371982	0.630628018	0.7063009062	0.7267232523
0.370372963	0.629627037	0.7075683956	0.725958838
0.3713739439	0.6286260561	0.7088322029	0.7251955372
0.3723749249	0.6276250751	0.7100923304	0.7244333503
0.3733759059	0.6266240941	0.7113487804	0.7236722777
0.3743768869	0.6256231131	0.7126015554	0.7229123196
0.3753778679	0.6246221321	0.7138506577	0.7221534765
0.3763788488	0.6236211512	0.7150960898	0.7213957485
0.3773798298	0.6226201702	0.7163378545	0.720639136
0.3783808108	0.6216191892	0.7175759543	0.7198836391
0.3793817918	0.6206182082	0.718810392	0.7191292581
0.3803827728	0.6196172272	0.7200411705	0.7183759931
0.3813837538	0.6186162462	0.7212682925	0.7176238441
0.3823847347	0.6176152653	0.722491761	0.7168728115
0.3833857157	0.6166142843	0.723711579	0.7161228951
0.3843866967	0.6156133033	0.7249277497	0.715374095
0.3853876777	0.6146123223	0.7261402761	0.7146264114
0.3863886587	0.6136113413	0.7273491614	0.7138798441
0.3873896396	0.6126103604	0.7285544088	0.7131343931
0.3883906206	0.6116093794	0.7297560218	0.7123900585
0.3893916016	0.6106083984	0.7309540037	0.71164684
0.3903925826	0.6096074174	0.732148358	0.7109047376
0.3913935636	0.6086064364	0.733339088	0.7101637512
0.3923945445	0.6076054555	0.7345261974	0.7094238806
0.3933955255	0.6066044745	0.7357096899	0.7086851255
0.3943965065	0.6056034935	0.736889569	0.7079474859
0.3953974875	0.6046025125	0.7380658386	0.7072109615
0.3963984685	0.6036015315	0.7392385023	0.706475552
0.3973994494	0.6026005506	0.7404075641	0.7057412572
0.3984004304	0.6015995696	0.7415730277	0.7050080768
0.3994014114	0.6005985886	0.7427348973	0.7042760103
0.4004023924	0.5995976076	0.7438931767	0.7035450576
0.4014033734	0.5985966266	0.7450478701	0.7028152182
0.4024043544	0.5975956456	0.7461989815	0.7020864918
0.4034053353	0.5965946647	0.747346515	0.7013588779
0.4044063163	0.5955936837	0.748490475	0.7006323761
0.4054072973	0.5945927027	0.7496308655	0.6999069859
0.4064082783	0.5935917217	0.750767691	0.699182707
0.4074092593	0.5925907407	0.7519009558	0.6984595388
0.4084102402	0.5915897598	0.7530306642	0.6977374808
0.4094112212	0.5905887788	0.7541568207	0.6970165325
0.4104122022	0.5895877978	0.7552794299	0.6962966933
0.4114131832	0.5885868168	0.7563984961	0.6955779627
0.4124141642	0.5875858358	0.7575140241	0.6948603401
0.4134151451	0.5865848549	0.7586260183	0.6941438248
0.4144161261	0.5855838739	0.7597344836	0.6934284163
0.4154171071	0.5845828929	0.7608394245	0.692714114
0.4164180881	0.5835819119	0.7619408459	0.6920009171
0.4174190691	0.5825809309	0.7630387525	0.691288825
0.4184200501	0.5815799499	0.7641331492	0.690577837
0.419421031	0.580578969	0.7652240407	0.6898679524
0.420422012	0.579577988	0.7663114321	0.6891591705
0.421422993	0.578577007	0.7673953283	0.6884514905
0.422423974	0.577576026	0.7684757343	0.6877449117
0.423424955	0.576575045	0.769552655	0.6870394333
0.4244259359	0.5755740641	0.7706260956	0.6863350546
0.4254269169	0.5745730831	0.7716960611	0.6856317746
0.4264278979	0.5735721021	0.7727625567	0.6849295927
0.4274288789	0.5725711211	0.7738255876	0.6842285079
0.4284298599	0.5715701401	0.7748851589	0.6835285195
0.4294308408	0.5705691592	0.7759412759	0.6828296264
0.4304318218	0.5695681782	0.7769939439	0.682131828
0.4314328028	0.5685671972	0.7780431681	0.6814351233
0.4324337838	0.5675662162	0.779088954	0.6807395113
0.4334347648	0.5665652352	0.7801313069	0.6800449912
0.4344357457	0.5655642543	0.7811702321	0.679351562
0.4354367267	0.5645632733	0.7822057352	0.6786592229
0.4364377077	0.5635622923	0.7832378215	0.6779679727
0.4374386887	0.5625613113	0.7842664967	0.6772778106
0.4384396697	0.5615603303	0.7852917661	0.6765887355
0.4394406507	0.5605593493	0.7863136354	0.6759007466
0.4404416316	0.5595583684	0.7873321102	0.6752138426
0.4414426126	0.5585573874	0.788347196	0.6745280228
0.4424435936	0.5575564064	0.7893588985	0.6738432859
0.4434445746	0.5565554254	0.7903672234	0.673159631
0.4444455556	0.5555544444	0.7913721763	0.6724770569
0.4454465365	0.5545534635	0.7923737631	0.6717955628
0.4464475175	0.5535524825	0.7933719893	0.6711151473
0.4474484985	0.5525515015	0.7943668609	0.6704358095
0.4484494795	0.5515505205	0.7953583835	0.6697575483
0.4494504605	0.5505495395	0.7963465631	0.6690803625
0.4504514414	0.5495485586	0.7973314054	0.6684042511
0.4514524224	0.5485475776	0.7983129164	0.6677292128
0.4524534034	0.5475465966	0.7992911019	0.6670552465
0.4534543844	0.5465456156	0.8002659678	0.6663823512
0.4544553654	0.5455446346	0.8012375202	0.6657105256
0.4554563463	0.5445436537	0.8022057648	0.6650397685
0.4564573273	0.5435426727	0.8031707078	0.6643700788
0.4574583083	0.5425416917	0.8041323551	0.6637014552
0.4584592893	0.5415407107	0.8050907128	0.6630338966
0.4594602703	0.5405397297	0.8060457868	0.6623674018
0.4604612513	0.5395387487	0.8069975833	0.6617019695
0.4614622322	0.5385377678	0.8079461083	0.6610375985
0.4624632132	0.5375367868	0.808891368	0.6603742876
0.4634641942	0.5365358058	0.8098333684	0.6597120355
0.4644651752	0.5355348248	0.8107721158	0.6590508409
0.4654661562	0.5345338438	0.8117076162	0.6583907027
0.4664671371	0.5335328629	0.8126398758	0.6577316195
0.4674681181	0.5325318819	0.8135689009	0.65707359
0.4684690991	0.5315309009	0.8144946975	0.656416613
0.4694700801	0.5305299199	0.8154172721	0.6557606872
0.4704710611	0.5295289389	0.8163366307	0.6551058112
0.471472042	0.528527958	0.8172527797	0.6544519837
0.472473023	0.527526977	0.8181657254	0.6537992036
0.473474004	0.526525996	0.8190754739	0.6531474693
0.474474985	0.525525015	0.8199820317	0.6524967796
0.475475966	0.524524034	0.820885405	0.6518471331
0.4764769469	0.5235230531	0.8217856002	0.6511985285
0.4774779279	0.5225220721	0.8226826236	0.6505509644
0.4784789089	0.5215210911	0.8235764816	0.6499044396
0.4794798899	0.5205201101	0.8244671805	0.6492589525
0.4804808709	0.5195191291	0.8253547267	0.6486145019
0.4814818519	0.5185181481	0.8262391267	0.6479710864
0.4824828328	0.5175171672	0.8271203868	0.6473287045
0.4834838138	0.5165161862	0.8279985134	0.6466873549
0.4844847948	0.5155152052	0.828873513	0.6460470362
0.4854857758	0.5145142242	0.8297453921	0.645407747
0.4864867568	0.5135132432	0.830614157	0.6447694859
0.4874877377	0.5125122623	0.8314798142	0.6441322514
0.4884887187	0.5115112813	0.8323423703	0.6434960422
0.4894896997	0.5105103003	0.8332018316	0.6428608569
0.4904906807	0.5095093193	0.8340582048	0.6422266939
0.4914916617	0.5085083383	0.8349114962	0.6415935519
0.4924926426	0.5075073574	0.8357617124	0.6409614294
0.4934936236	0.5065063764	0.83660886	0.640330325
0.4944946046	0.5055053954	0.8374529454	0.6397002372
0.4954955856	0.5045044144	0.8382939752	0.6390711646
0.4964965666	0.5035034334	0.8391319559	0.6384431057
0.4974975475	0.5025024525	0.8399668941	0.637816059
0.4984985285	0.5015014715	0.8407987963	0.6371900232
0.4994995095	0.5005004905	0.8416276691	0.6365649967
0.5005004905	0.4994995095	0.8424535191	0.635940978
0.5015014715	0.4984985285	0.8432763529	0.6353179656
0.5025024525	0.4974975475	0.844096177	0.6346959582
0.5035034334	0.4964965666	0.844912998	0.6340749541
0.5045044144	0.4954955856	0.8457268226	0.6334549519
0.5055053954	0.4944946046	0.8465376573	0.6328359502
0.5065063764	0.4934936236	0.8473455087	0.6322179473
0.5075073574	0.4924926426	0.8481503835	0.6316009418
0.5085083383	0.4914916617	0.8489522883	0.6309849322
0.5095093193	0.4904906807	0.8497512296	0.630369917
0.5105103003	0.4894896997	0.8505472142	0.6297558947
0.5115112813	0.4884887187	0.8513402487	0.6291428637
0.5125122623	0.4874877377	0.8521303396	0.6285308225
0.5135132432	0.4864867568	0.8529174936	0.6279197697
0.5145142242	0.4854857758	0.8537017174	0.6273097036
0.5155152052	0.4844847948	0.8544830177	0.6267006228
0.5165161862	0.4834838138	0.8552614009	0.6260925257
0.5175171672	0.4824828328	0.8560368739	0.6254854108
0.5185181481	0.4814818519	0.8568094433	0.6248792765
0.5195191291	0.4804808709	0.8575791156	0.6242741214
0.5205201101	0.4794798899	0.8583458977	0.6236699438
0.5215210911	0.4784789089	0.859109796	0.6230667422
0.5225220721	0.4774779279	0.8598708174	0.6224645152
0.5235230531	0.4764769469	0.8606289684	0.621863261
0.524524034	0.475475966	0.8613842557	0.6212629782
0.525525015	0.474474985	0.862136686	0.6206636652
0.526525996	0.473474004	0.8628862659	0.6200653205
0.527526977	0.472473023	0.8636330022	0.6194679425
0.528527958	0.471472042	0.8643769014	0.6188715296
0.5295289389	0.4704710611	0.8651179703	0.6182760804
0.5305299199	0.4694700801	0.8658562154	0.6176815931
0.5315309009	0.4684690991	0.8665916436	0.6170880663
0.5325318819	0.4674681181	0.8673242613	0.6164954983
0.5335328629	0.4664671371	0.8680540754	0.6159038877
0.5345338438	0.4654661562	0.8687810925	0.6153132328
0.5355348248	0.4644651752	0.8695053191	0.614723532
0.5365358058	0.4634641942	0.8702267621	0.6141347839
0.5375367868	0.4624632132	0.870945428	0.6135469868
0.5385377678	0.4614622322	0.8716613236	0.6129601391
0.5395387487	0.4604612513	0.8723744554	0.6123742393
0.5405397297	0.4594602703	0.8730848301	0.6117892857
0.5415407107	0.4584592893	0.8737924544	0.6112052769
0.5425416917	0.4574583083	0.874497335	0.6106222112
0.5435426727	0.4564573273	0.8751994784	0.610040087
0.5445436537	0.4554563463	0.8758988914	0.6094589027
0.5455446346	0.4544553654	0.8765955806	0.6088786568
0.5465456156	0.4534543844	0.8772895525	0.6082993477
0.5475465966	0.4524534034	0.877980814	0.6077209738
0.5485475776	0.4514524224	0.8786693715	0.6071435335
0.5495485586	0.4504514414	0.8793552318	0.6065670251
0.5505495395	0.4494504605	0.8800384014	0.6059914472
0.5515505205	0.4484494795	0.8807188871	0.6054167982
0.5525515015	0.4474484985	0.8813966953	0.6048430764
0.5535524825	0.4464475175	0.8820718328	0.6042702802
0.5545534635	0.4454465365	0.8827443061	0.6036984081
0.5555544444	0.4444455556	0.8834141219	0.6031274584
0.5565554254	0.4434445746	0.8840812868	0.6025574296
0.5575564064	0.4424435936	0.8847458074	0.6019883201
0.5585573874	0.4414426126	0.8854076902	0.6014201283
0.5595583684	0.4404416316	0.8860669419	0.6008528526
0.5605593493	0.4394406507	0.886723569	0.6002864913
0.5615603303	0.4384396697	0.8873775782	0.599721043
0.5625613113	0.4374386887	0.888028976	0.5991565059
0.5635622923	0.4364377077	0.888677769	0.5985928786
0.5645632733	0.4354367267	0.8893239638	0.5980301594
0.5655642543	0.4344357457	0.8899675669	0.5974683467
0.5665652352	0.4334347648	0.8906085849	0.5969074389
0.5675662162	0.4324337838	0.8912470244	0.5963474345
0.5685671972	0.4314328028	0.8918828918	0.5957883317
0.5695681782	0.4304318218	0.8925161938	0.5952301292
0.5705691592	0.4294308408	0.8931469368	0.5946728251
0.5715701401	0.4284298599	0.8937751275	0.594116418
0.5725711211	0.4274288789	0.8944007723	0.5935609063
0.5735721021	0.4264278979	0.8950238777	0.5930062883
0.5745730831	0.4254269169	0.8956444503	0.5924525625
0.5755740641	0.4244259359	0.8962624965	0.5918997272
0.576575045	0.423424955	0.8968780229	0.591347781
0.577576026	0.422423974	0.897491036	0.5907967221
0.578577007	0.421422993	0.8981015422	0.590246549
0.579577988	0.420422012	0.898709548	0.5896972601
0.580578969	0.419421031	0.8993150599	0.5891488538
0.5815799499	0.4184200501	0.8999180844	0.5886013286
0.5825809309	0.4174190691	0.9005186279	0.5880546827
0.5835819119	0.4164180881	0.9011166968	0.5875089147
0.5845828929	0.4154171071	0.9017122976	0.586964023
0.5855838739	0.4144161261	0.9023054368	0.5864200059
0.5865848549	0.4134151451	0.9028961207	0.5858768619
0.5875858358	0.4124141642	0.9034843559	0.5853345894
0.5885868168	0.4114131832	0.9040701486	0.5847931867
0.5895877978	0.4104122022	0.9046535053	0.5842526524
0.5905887788	0.4094112212	0.9052344325	0.5837129848
0.5915897598	0.4084102402	0.9058129364	0.5831741824
0.5925907407	0.4074092593	0.9063890235	0.5826362435
0.5935917217	0.4064082783	0.9069627001	0.5820991666
0.5945927027	0.4054072973	0.9075339726	0.5815629501
0.5955936837	0.4044063163	0.9081028474	0.5810275924
0.5965946647	0.4034053353	0.9086693308	0.580493092
0.5975956456	0.4024043544	0.9092334292	0.5799594472
0.5985966266	0.4014033734	0.9097951489	0.5794266565
0.5995976076	0.4004023924	0.9103544961	0.5788947184
0.6005985886	0.3994014114	0.9109114773	0.5783636311
0.6015995696	0.3984004304	0.9114660987	0.5778333932
0.6026005506	0.3973994494	0.9120183666	0.5773040031
0.6036015315	0.3963984685	0.9125682873	0.5767754593
0.6046025125	0.3953974875	0.9131158671	0.57624776
0.6056034935	0.3943965065	0.9136611122	0.5757209039
0.6066044745	0.3933955255	0.914204029	0.5751948893
0.6076054555	0.3923945445	0.9147446236	0.5746697146
0.6086064364	0.3913935636	0.9152829023	0.5741453783
0.6096074174	0.3903925826	0.9158188714	0.5736218788
0.6106083984	0.3893916016	0.916352537	0.5730992145
0.6116093794	0.3883906206	0.9168839054	0.572577384
0.6126103604	0.3873896396	0.9174129828	0.5720563856
0.6136113413	0.3863886587	0.9179397754	0.5715362177
0.6146123223	0.3853876777	0.9184642893	0.5710168789
0.6156133033	0.3843866967	0.9189865307	0.5704983675
0.6166142843	0.3833857157	0.9195065059	0.5699806821
0.6176152653	0.3823847347	0.9200242209	0.569463821
0.6186162462	0.3813837538	0.9205396819	0.5689477827
0.6196172272	0.3803827728	0.921052895	0.5684325657
0.6206182082	0.3793817918	0.9215638664	0.5679181683
0.6216191892	0.3783808108	0.9220726022	0.5674045892
0.6226201702	0.3773798298	0.9225791085	0.5668918266
0.6236211512	0.3763788488	0.9230833913	0.5663798792
0.6246221321	0.3753778679	0.9235854568	0.5658687452
0.6256231131	0.3743768869	0.9240853111	0.5653584233
0.6266240941	0.3733759059	0.9245829602	0.5648489118
0.6276250751	0.3723749249	0.9250784101	0.5643402092
0.6286260561	0.3713739439	0.9255716669	0.563832314
0.629627037	0.370372963	0.9260627367	0.5633252247
0.630628018	0.369371982	0.9265516255	0.5628189397
0.631628999	0.368371001	0.9270383392	0.5623134575
0.63262998	0.36737002	0.9275228839	0.5618087765
0.633630961	0.366369039	0.9280052656	0.5613048953
0.6346319419	0.3653680581	0.9284854902	0.5608018123
0.6356329229	0.3643670771	0.9289635638	0.5602995259
0.6366339039	0.3633660961	0.9294394922	0.5597980348
0.6376348849	0.3623651151	0.9299132815	0.5592973373
0.6386358659	0.3613641341	0.9303849376	0.5587974319
0.6396368468	0.3603631532	0.9308544664	0.5582983172
0.6406378278	0.3593621722	0.9313218738	0.5577999915
0.6416388088	0.3583611912	0.9317871658	0.5573024535
0.6426397898	0.3573602102	0.9322503481	0.5568057015
0.6436407708	0.3563592292	0.9327114268	0.5563097341
0.6446417518	0.3553582482	0.9331704077	0.5558145498
0.6456427327	0.3543572673	0.9336272966	0.5553201471
0.6466437137	0.3533562863	0.9340820994	0.5548265244
0.6476446947	0.3523553053	0.9345348219	0.5543336803
0.6486456757	0.3513543243	0.9349854701	0.5538416133
0.6496466567	0.3503533433	0.9354340496	0.5533503218
0.6506476376	0.3493523624	0.9358805663	0.5528598045
0.6516486186	0.3483513814	0.936325026	0.5523700597
0.6526495996	0.3473504004	0.9367674344	0.551881086
0.6536505806	0.3463494194	0.9372077975	0.5513928819
0.6546515616	0.3453484384	0.9376461208	0.550905446
0.6556525425	0.3443474575	0.9380824102	0.5504187767
0.6566535235	0.3433464765	0.9385166714	0.5499328725
0.6576545045	0.3423454955	0.9389489101	0.5494477321
0.6586554855	0.3413445145	0.9393791321	0.5489633538
0.6596564665	0.3403435335	0.939807343	0.5484797363
0.6606574474	0.3393425526	0.9402335486	0.5479968781
0.6616584284	0.3383415716	0.9406577545	0.5475147776
0.6626594094	0.3373405906	0.9410799665	0.5470334335
0.6636603904	0.3363396096	0.94150019	0.5465528442
0.6646613714	0.3353386286	0.9419184309	0.5460730083
0.6656623524	0.3343376476	0.9423346948	0.5455939243
0.6666633333	0.3333366667	0.9427489872	0.5451155908
0.6676643143	0.3323356857	0.9431613138	0.5446380063
0.6686652953	0.3313347047	0.9435716802	0.5441611694
0.6696662763	0.3303337237	0.943980092	0.5436850785
0.6706672573	0.3293327427	0.9443865547	0.5432097323
0.6716682382	0.3283317618	0.9447910739	0.5427351293
0.6726692192	0.3273307808	0.9451936553	0.5422612681
0.6736702002	0.3263297998	0.9455943042	0.5417881472
0.6746711812	0.3253288188	0.9459930263	0.5413157651
0.6756721622	0.3243278378	0.9463898271	0.5408441205
0.6766731431	0.3233268569	0.9467847121	0.5403732119
0.6776741241	0.3223258759	0.9471776868	0.5399030378
0.6786751051	0.3213248949	0.9475687566	0.5394335968
0.6796760861	0.3203239139	0.9479579271	0.5389648876
0.6806770671	0.3193229329	0.9483452036	0.5384969086
0.681678048	0.318321952	0.9487305918	0.5380296584
0.682679029	0.317320971	0.9491140969	0.5375631356
0.68368001	0.31631999	0.9494957244	0.5370973389
0.684680991	0.315319009	0.9498754798	0.5366322667
0.685681972	0.314318028	0.9502533684	0.5361679176
0.686682953	0.313317047	0.9506293956	0.5357042903
0.6876839339	0.3123160661	0.9510035669	0.5352413833
0.6886849149	0.3113150851	0.9513758875	0.5347791953
0.6896858959	0.3103141041	0.9517463629	0.5343177247
0.6906868769	0.3093131231	0.9521149983	0.5338569703
0.6916878579	0.3083121421	0.9524817991	0.5333969305
0.6926888388	0.3073111612	0.9528467707	0.5329376041
0.6936898198	0.3063101802	0.9532099182	0.5324789896
0.6946908008	0.3053091992	0.9535712471	0.5320210855
0.6956917818	0.3043082182	0.9539307627	0.5315638906
0.6966927628	0.3033072372	0.9542884701	0.5311074034
0.6976937437	0.3023062563	0.9546443746	0.5306516225
0.6986947247	0.3013052753	0.9549984816	0.5301965466
0.6996957057	0.3003042943	0.9553507961	0.5297421742
0.7006966867	0.2993033133	0.9557013236	0.529288504
0.7016976677	0.2983023323	0.9560500691	0.5288355346
0.7026986486	0.2973013514	0.9563970378	0.5283832647
0.7036996296	0.2963003704	0.9567422351	0.5279316928
0.7047006106	0.2952993894	0.9570856659	0.5274808175
0.7057015916	0.2942984084	0.9574273356	0.5270306376
0.7067025726	0.2932974274	0.9577672492	0.5265811516
0.7077035536	0.2922964464	0.9581054119	0.5261323582
0.7087045345	0.2912954655	0.9584418288	0.525684256
0.7097055155	0.2902944845	0.9587765051	0.5252368436
0.7107064965	0.2892935035	0.9591094458	0.5247901198
0.7117074775	0.2882925225	0.9594406561	0.5243440831
0.7127084585	0.2872915415	0.9597701409	0.5238987321
0.7137094394	0.2862905606	0.9600979055	0.5234540656
0.7147104204	0.2852895796	0.9604239548	0.5230100822
0.7157114014	0.2842885986	0.9607482939	0.5225667806
0.7167123824	0.2832876176	0.9610709278	0.5221241593
0.7177133634	0.2822866366	0.9613918616	0.5216822171
0.7187143443	0.2812856557	0.9617111003	0.5212409526
0.7197153253	0.2802846747	0.9620286487	0.5208003645
0.7207163063	0.2792836937	0.9623445121	0.5203604515
0.7217172873	0.2782827127	0.9626586952	0.5199212121
0.7227182683	0.2772817317	0.9629712032	0.5194826452
0.7237192492	0.2762807508	0.9632820408	0.5190447493
0.7247202302	0.2752797698	0.9635912132	0.5186075232
0.7257212112	0.2742787888	0.9638987251	0.5181709655
0.7267221922	0.2732778078	0.9642045815	0.5177350749
0.7277231732	0.2722768268	0.9645087874	0.5172998501
0.7287241542	0.2712758458	0.9648113476	0.5168652898
0.7297251351	0.2702748649	0.9651122669	0.5164313926
0.7307261161	0.2692738839	0.9654115503	0.5159981573
0.7317270971	0.2682729029	0.9657092026	0.5155655825
0.7327280781	0.2672719219	0.9660052286	0.515133667
0.7337290591	0.2662709409	0.9662996333	0.5147024094
0.73473004	0.26526996	0.9665924213	0.5142718085
0.735731021	0.264268979	0.9668835975	0.5138418629
0.736732002	0.263267998	0.9671731668	0.5134125713
0.737732983	0.262267017	0.9674611338	0.5129839325
0.738733964	0.261266036	0.9677475034	0.5125559452
0.7397349449	0.2602650551	0.9680322803	0.5121286081
0.7407359259	0.2592640741	0.9683154693	0.5117019199
0.7417369069	0.2582630931	0.9685970751	0.5112758793
0.7427378879	0.2572621121	0.9688771025	0.5108504851
0.7437388689	0.2562611311	0.9691555561	0.5104257359
0.7447398498	0.2552601502	0.9694324406	0.5100016305
0.7457408308	0.2542591692	0.9697077608	0.5095781676
0.7467418118	0.2532581882	0.9699815213	0.509155346
0.7477427928	0.2522572072	0.9702537268	0.5087331643
0.7487437738	0.2512562262	0.9705243819	0.5083116214
0.7497447548	0.2502552452	0.9707934913	0.507890716
0.7507457357	0.2492542643	0.9710610596	0.5074704467
0.7517467167	0.2482532833	0.9713270915	0.5070508124
0.7527476977	0.2472523023	0.9715915915	0.5066318117
0.7537486787	0.2462513213	0.9718545643	0.5062134435
0.7547496597	0.2452503403	0.9721160144	0.5057957065
0.7557506406	0.2442493594	0.9723759463	0.5053785994
0.7567516216	0.2432483784	0.9726343648	0.504962121
0.7577526026	0.2422473974	0.9728912742	0.5045462701
0.7587535836	0.2412464164	0.9731466793	0.5041310453
0.7597545646	0.2402454354	0.9734005843	0.5037164456
0.7607555455	0.2392444545	0.973652994	0.5033024696
0.7617565265	0.2382434735	0.9739039128	0.5028891161
0.7627575075	0.2372424925	0.9741533452	0.5024763838
0.7637584885	0.2362415115	0.9744012956	0.5020642716
0.7647594695	0.2352405305	0.9746477686	0.5016527783
0.7657604505	0.2342395495	0.9748927686	0.5012419025
0.7667614314	0.2332385686	0.9751363	0.5008316432
0.7677624124	0.2322375876	0.9753783674	0.500421999
0.7687633934	0.2312366066	0.975618975	0.5000129687
0.7697643744	0.2302356256	0.9758581273	0.4996045512
0.7707653554	0.2292346446	0.9760958288	0.4991967452
0.7717663363	0.2282336637	0.9763320837	0.4987895495
0.7727673173	0.2272326827	0.9765668966	0.498382963
0.7737682983	0.2262317017	0.9768002716	0.4979769843
0.7747692793	0.2252307207	0.9770322133	0.4975716124
0.7757702603	0.2242297397	0.977262726	0.497166846
0.7767712412	0.2232287588	0.9774918139	0.4967626839
0.7777722222	0.2222277778	0.9777194814	0.4963591249
0.7787732032	0.2212267968	0.9779457329	0.4959561679
0.7797741842	0.2202258158	0.9781705725	0.4955538116
0.7807751652	0.2192248348	0.9783940047	0.4951520548
0.7817761461	0.2182238539	0.9786160336	0.4947508965
0.7827771271	0.2172228729	0.9788366636	0.4943503353
0.7837781081	0.2162218919	0.9790558988	0.4939503702
0.7847790891	0.2152209109	0.9792737436	0.4935509999
0.7857800701	0.2142199299	0.9794902021	0.4931522232
0.7867810511	0.2132189489	0.9797052787	0.4927540391
0.787782032	0.212217968	0.9799189774	0.4923564463
0.788783013	0.211216987	0.9801313025	0.4919594436
0.789783994	0.210216006	0.9803422582	0.49156303
0.790784975	0.209215025	0.9805518487	0.4911672042
0.791785956	0.208214044	0.9807600781	0.490771965
0.7927869369	0.2072130631	0.9809669505	0.4903773114
0.7937879179	0.2062120821	0.9811724701	0.4899832421
0.7947888989	0.2052111011	0.9813766411	0.4895897561
0.7957898799	0.2042101201	0.9815794676	0.4891968521
0.7967908609	0.2032091391	0.9817809536	0.4888045291
0.7977918418	0.2022081582	0.9819811033	0.4884127858
0.7987928228	0.2012071772	0.9821799208	0.4880216211
0.7997938038	0.2002061962	0.9823774101	0.487631034
0.8007947848	0.1992052152	0.9825735753	0.4872410232
0.8017957658	0.1982042342	0.9827684204	0.4868515876
0.8027967467	0.1972032533	0.9829619496	0.4864627261
0.8037977277	0.1962022723	0.9831541668	0.4860744375
0.8047987087	0.1952012913	0.983345076	0.4856867208
0.8057996897	0.1942003103	0.9835346813	0.4852995748
0.8068006707	0.1931993293	0.9837229866	0.4849129983
0.8078016517	0.1921983483	0.983909996	0.4845269903
0.8088026326	0.1911973674	0.9840957135	0.4841415497
0.8098036136	0.1901963864	0.9842801429	0.4837566752
0.8108045946	0.1891954054	0.9844632883	0.4833723659
0.8118055756	0.1881944244	0.9846451536	0.4829886206
0.8128065566	0.1871934434	0.9848257427	0.4826054382
0.8138075375	0.1861924625	0.9850050596	0.4822228175
0.8148085185	0.1851914815	0.9851831081	0.4818407575
0.8158094995	0.1841905005	0.9853598923	0.4814592571
0.8168104805	0.1831895195	0.9855354159	0.4810783152
0.8178114615	0.1821885385	0.9857096828	0.4806979307
0.8188124424	0.1811875576	0.985882697	0.4803181024
0.8198134234	0.1801865766	0.9860544623	0.4799388293
0.8208144044	0.1791855956	0.9862249825	0.4795601104
0.8218153854	0.1781846146	0.9863942615	0.4791819444
0.8228163664	0.1771836336	0.9865623031	0.4788043304
0.8238173473	0.1761826527	0.9867291111	0.4784272672
0.8248183283	0.1751816717	0.9868946894	0.4780507538
0.8258193093	0.1741806907	0.9870590417	0.477674789
0.8268202903	0.1731797097	0.9872221718	0.4772993719
0.8278212713	0.1721787287	0.9873840835	0.4769245013
0.8288222523	0.1711777477	0.9875447806	0.4765501761
0.8298232332	0.1701767668	0.9877042668	0.4761763954
0.8308242142	0.1691757858	0.9878625459	0.4758031579
0.8318251952	0.1681748048	0.9880196215	0.4754304628
0.8328261762	0.1671738238	0.9881754975	0.4750583088
0.8338271572	0.1661728428	0.9883301776	0.474686695
0.8348281381	0.1651718619	0.9884836653	0.4743156202
0.8358291191	0.1641708809	0.9886359646	0.4739450835
0.8368301001	0.1631698999	0.9887870789	0.4735750837
0.8378310811	0.1621689189	0.9889370121	0.4732056199
0.8388320621	0.1611679379	0.9890857677	0.4728366909
0.839833043	0.160166957	0.9892333495	0.4724682957
0.840834024	0.159165976	0.989379761	0.4721004334
0.841835005	0.158164995	0.9895250059	0.4717331027
0.842835986	0.157164014	0.9896690878	0.4713663028
0.843836967	0.156163033	0.9898120104	0.4710000325
0.8448379479	0.1551620521	0.9899537772	0.4706342908
0.8458389289	0.1541610711	0.9900943919	0.4702690768
0.8468399099	0.1531600901	0.9902338579	0.4699043893
0.8478408909	0.1521591091	0.990372179	0.4695402273
0.8488418719	0.1511581281	0.9905093585	0.4691765898
0.8498428529	0.1501571471	0.9906454003	0.4688134758
0.8508438338	0.1491561662	0.9907803076	0.4684508843
0.8518448148	0.1481551852	0.9909140841	0.4680888142
0.8528457958	0.1471542042	0.9910467334	0.4677272645
0.8538467768	0.1461532232	0.9911782588	0.4673662342
0.8548477578	0.1451522422	0.991308664	0.4670057224
0.8558487387	0.1441512613	0.9914379524	0.4666457279
0.8568497197	0.1431502803	0.9915661275	0.4662862497
0.8578507007	0.1421492993	0.9916931928	0.465927287
0.8588516817	0.1411483183	0.9918191518	0.4655688386
0.8598526627	0.1401473373	0.9919440078	0.4652109036
0.8608536436	0.1391463564	0.9920677644	0.4648534809
0.8618546246	0.1381453754	0.9921904249	0.4644965696
0.8628556056	0.1371443944	0.9923119929	0.4641401687
0.8638565866	0.1361434134	0.9924324717	0.4637842771
0.8648575676	0.1351424324	0.9925518647	0.463428894
0.8658585485	0.1341414515	0.9926701753	0.4630740182
0.8668595295	0.1331404705	0.9927874069	0.4627196488
0.8678605105	0.1321394895	0.992903563	0.4623657849
0.8688614915	0.1311385085	0.9930186468	0.4620124254
0.8698624725	0.1301375275	0.9931326617	0.4616595693
0.8708634535	0.1291365465	0.993245611	0.4613072158
0.8718644344	0.1281355656	0.9933574982	0.4609553637
0.8728654154	0.1271345846	0.9934683266	0.4606040122
0.8738663964	0.1261336036	0.9935780993	0.4602531602
0.8748673774	0.1251326226	0.9936868199	0.4599028069
0.8758683584	0.1241316416	0.9937944915	0.4595529511
0.8768693393	0.1231306607	0.9939011175	0.459203592
0.8778703203	0.1221296797	0.9940067011	0.4588547287
0.8788713013	0.1211286987	0.9941112457	0.45850636
0.8798722823	0.1201277177	0.9942147544	0.4581584852
0.8808732633	0.1191267367	0.9943172306	0.4578111031
0.8818742442	0.1181257558	0.9944186775	0.4574642129
0.8828752252	0.1171247748	0.9945190983	0.4571178137
0.8838762062	0.1161237938	0.9946184963	0.4567719043
0.8848771872	0.1151228128	0.9947168746	0.4564264841
0.8858781682	0.1141218318	0.9948142365	0.4560815518
0.8868791491	0.1131208509	0.9949105852	0.4557371067
0.8878801301	0.1121198699	0.9950059239	0.4553931478
0.8888811111	0.1111188889	0.9951002557	0.4550496741
0.8898820921	0.1101179079	0.9951935839	0.4547066848
0.8908830731	0.1091169269	0.9952859115	0.4543641788
0.8918840541	0.1081159459	0.9953772418	0.4540221552
0.892885035	0.107114965	0.9954675779	0.4536806131
0.893886016	0.106113984	0.9955569229	0.4533395516
0.894886997	0.105113003	0.9956452799	0.4529989698
0.895887978	0.104112022	0.9957326522	0.4526588667
0.896888959	0.103111041	0.9958190427	0.4523192414
0.8978899399	0.1021100601	0.9959044546	0.4519800929
0.8988909209	0.1011090791	0.995988891	0.4516414204
0.8998919019	0.1001080981	0.996072355	0.451303223
0.9008928829	0.09910711712	0.9961548496	0.4509654996
0.9018938639	0.09810613614	0.9962363778	0.4506282495
0.9028948448	0.09710515516	0.9963169429	0.4502914717
0.9038958258	0.09610417417	0.9963965477	0.4499551653
0.9048968068	0.09510319319	0.9964751954	0.4496193293
0.9058977878	0.09410221221	0.996552889	0.449283963
0.9068987688	0.09310123123	0.9966296315	0.4489490653
0.9078997497	0.09210025025	0.9967054258	0.4486146354
0.9089007307	0.09109926927	0.9967802751	0.4482806723
0.9099017117	0.09009828829	0.9968541823	0.4479471753
0.9109026927	0.08909730731	0.9969271504	0.4476141433
0.9119036737	0.08809632633	0.9969991824	0.4472815755
0.9129046547	0.08709534535	0.9970702812	0.446949471
0.9139056356	0.08609436436	0.9971404498	0.4466178289
0.9149066166	0.08509338338	0.9972096911	0.4462866484
0.9159075976	0.0840924024	0.9972780082	0.4459559285
0.9169085786	0.08309142142	0.9973454039	0.4456256683
0.9179095596	0.08209044044	0.9974118812	0.445295867
0.9189105405	0.08108945946	0.9974774429	0.4449665237
0.9199115215	0.08008847848	0.997542092	0.4446376376
0.9209125025	0.0790874975	0.9976058315	0.4443092076
0.9219134835	0.07808651652	0.9976686641	0.4439812331
0.9229144645	0.07708553554	0.9977305928	0.443653713
0.9239154454	0.07608455455	0.9977916204	0.4433266465
0.9249164264	0.07508357357	0.9978517499	0.4430000329
0.9259174074	0.07408259259	0.997910984	0.4426738711
0.9269183884	0.07308161161	0.9979693256	0.4423481603
0.9279193694	0.07208063063	0.9980267776	0.4420228997
0.9289203504	0.07107964965	0.9980833429	0.4416980885
0.9299213313	0.07007866867	0.9981390241	0.4413737256
0.9309223123	0.06907768769	0.9981938242	0.4410498104
0.9319232933	0.06807670671	0.998247746	0.4407263419
0.9329242743	0.06707572573	0.9983007922	0.4404033193
0.9339252553	0.06607474474	0.9983529657	0.4400807418
0.9349262362	0.06507376376	0.9984042692	0.4397586084
0.9359272172	0.06407278278	0.9984547056	0.4394369184
0.9369281982	0.0630718018	0.9985042775	0.4391156708
0.9379291792	0.06207082082	0.9985529878	0.438794865
0.9389301602	0.06106983984	0.9986008392	0.4384744999
0.9399311411	0.06006885886	0.9986478344	0.4381545748
0.9409321221	0.05906787788	0.9986939762	0.4378350889
0.9419331031	0.0580668969	0.9987392674	0.4375160413
0.9429340841	0.05706591592	0.9987837105	0.4371974311
0.9439350651	0.05606493493	0.9988273085	0.4368792576
0.944936046	0.05506395395	0.9988700639	0.4365615199
0.945937027	0.05406297297	0.9989119794	0.4362442172
0.946938008	0.05306199199	0.9989530578	0.4359273486
0.947938989	0.05206101101	0.9989933017	0.4356109134
0.94893997	0.05106003003	0.9990327138	0.4352949107
0.949940951	0.05005904905	0.9990712968	0.4349793397
0.9509419319	0.04905806807	0.9991090533	0.4346641995
0.9519429129	0.04805708709	0.999145986	0.4343494894
0.9529438939	0.04705610611	0.9991820975	0.4340352086
0.9539448749	0.04605512513	0.9992173904	0.4337213562
0.9549458559	0.04505414414	0.9992518675	0.4334079313
0.9559468368	0.04405316316	0.9992855312	0.4330949334
0.9569478178	0.04305218218	0.9993183842	0.4327823614
0.9579487988	0.0420512012	0.9993504292	0.4324702146
0.9589497798	0.04105022022	0.9993816687	0.4321584921
0.9599507608	0.04004923924	0.9994121053	0.4318471933
0.9609517417	0.03904825826	0.9994417415	0.4315363173
0.9619527227	0.03804727728	0.9994705801	0.4312258632
0.9629537037	0.0370462963	0.9994986234	0.4309158304
0.9639546847	0.03604531532	0.9995258742	0.4306062179
0.9649556657	0.03504433433	0.9995523349	0.4302970251
0.9659566466	0.03404335335	0.999578008	0.4299882511
0.9669576276	0.03304237237	0.9996028962	0.4296798951
0.9679586086	0.03204139139	0.9996270019	0.4293719563
0.9689595896	0.03104041041	0.9996503277	0.429064434
0.9699605706	0.03003942943	0.9996728761	0.4287573273
0.9709615516	0.02903844845	0.9996946495	0.4284506356
0.9719625325	0.02803746747	0.9997156506	0.4281443579
0.9729635135	0.02703648649	0.9997358817	0.4278384936
0.9739644945	0.02603550551	0.9997553454	0.4275330418
0.9749654755	0.02503452452	0.9997740441	0.4272280017
0.9759664565	0.02403354354	0.9997919804	0.4269233727
0.9769674374	0.02303256256	0.9998091566	0.4266191539
0.9779684184	0.02203158158	0.9998255753	0.4263153446
0.9789693994	0.0210306006	0.9998412388	0.4260119439
0.9799703804	0.02002961962	0.9998561496	0.4257089512
0.9809713614	0.01902863864	0.9998703102	0.4254063656
0.9819723423	0.01802765766	0.999883723	0.4251041864
0.9829733233	0.01702667668	0.9998963904	0.4248024128
0.9839743043	0.0160256957	0.9999083148	0.4245010442
0.9849752853	0.01502471471	0.9999194986	0.4242000796
0.9859762663	0.01402373373	0.9999299443	0.4238995183
0.9869772472	0.01302275275	0.9999396541	0.4235993597
0.9879782282	0.01202177177	0.9999486305	0.4232996029
0.9889792092	0.01102079079	0.9999568759	0.4230002472
0.9899801902	0.01001980981	0.9999643926	0.4227012919
0.9909811712	0.009018828829	0.9999711831	0.4224027362
0.9919821522	0.008017847848	0.9999772496	0.4221045793
0.9929831331	0.007016866867	0.9999825945	0.4218068205
0.9939841141	0.006015885886	0.9999872201	0.421509459
0.9949850951	0.005014904905	0.9999911288	0.4212124942
0.9959860761	0.004013923924	0.999994323	0.4209159253
0.9969870571	0.003012942943	0.9999968048	0.4206197515
0.997988038	0.002011961962	0.9999985768	0.4203239721
0.998989019	0.001010980981	0.999999641	0.4200285864
0.99999	1e-05	1	0.4197335936
