1e-05	0.99999	7.74877738e-05	0.9999999942
0.001010980981	0.998989019	8.695640369e-05	0.9999412915
0.002011961962	0.997988038	9.736572041e-05	0.9997703329
0.003012942943	0.9969870571	0.0001087862945	0.999491244
0.004013923924	0.9959860761	0.0001212920365	0.9991080118
0.005014904905	0.9949850951	0.0001349602271	0.9986244902
0.006015885886	0.9939841141	0.0001498715411	0.9980444035
0.007016866867	0.9929831331	0.0001661100643	0.9973713515
0.008017847848	0.9919821522	0.0001837633046	0.9966088133
0.009018828829	0.9909811712	0.0002029221968	0.9957601514
0.01001980981	0.9899801902	0.0002236810999	0.9948286157
0.01102079079	0.9889792092	0.0002461377895	0.9938173472
0.01202177177	0.9879782282	0.0002703934422	0.9927293818
0.01302275275	0.9869772472	0.0002965526146	0.9915676538
0.01402373373	0.9859762663	0.0003247232159	0.9903349992
0.01502471471	0.9849752853	0.000355016474	0.9890341595
0.0160256957	0.9839743043	0.0003875468958	0.9876677843
0.01702667668	0.9829733233	0.0004224322214	0.9862384347
0.01802765766	0.9819723423	0.0004597933727	0.9847485865
0.01902863864	0.9809713614	0.0004997543959	0.9832006327
0.02002961962	0.9799703804	0.0005424423992	0.9815968865
0.0210306006	0.9789693994	0.0005879874847	0.9799395842
0.02203158158	0.9779684184	0.0006365226755	0.9782308872
0.02303256256	0.9769674374	0.0006881838378	0.9764728854
0.02403354354	0.9759664565	0.0007431095981	0.9746675988
0.02503452452	0.9749654755	0.0008014412567	0.9728169805
0.02603550551	0.9739644945	0.0008633226962	0.9709229183
0.02703648649	0.9729635135	0.0009289002863	0.9689872377
0.02803746747	0.9719625325	0.0009983227852	0.9670117032
0.02903844845	0.9709615516	0.001071741237	0.9649980209
0.03003942943	0.9699605706	0.001149308865	0.9629478403
0.03104041041	0.9689595896	0.001231180967	0.960862756
0.03204139139	0.9679586086	0.001317514797	0.9587443099
0.03304237237	0.9669576276	0.001408469459	0.9565939928
0.03404335335	0.9659566466	0.001504205786	0.9544132459
0.03504433433	0.9649556657	0.001604886221	0.9522034627
0.03604531532	0.9639546847	0.001710674702	0.9499659905
0.0370462963	0.9629537037	0.001821736535	0.9477021322
0.03804727728	0.9619527227	0.001938238277	0.9454131472
0.03904825826	0.9609517417	0.002060347604	0.9431002533
0.04004923924	0.9599507608	0.002188233196	0.940764628
0.04105022022	0.9589497798	0.002322064604	0.9384074097
0.0420512012	0.9579487988	0.002462012127	0.9360296991
0.04305218218	0.9569478178	0.002608246688	0.9336325604
0.04405316316	0.9559468368	0.002760939705	0.9312170226
0.04505414414	0.9549458559	0.002920262966	0.9287840804
0.04605512513	0.9539448749	0.003086388506	0.9263346955
0.04705610611	0.9529438939	0.003259488479	0.9238697979
0.04805708709	0.9519429129	0.003439735035	0.9213902863
0.04905806807	0.9509419319	0.0036273002	0.9188970298
0.05005904905	0.949940951	0.003822355751	0.9163908686
0.05106003003	0.94893997	0.004025073095	0.9138726148
0.05206101101	0.947938989	0.004235623151	0.9113430534
0.05306199199	0.946938008	0.004454176233	0.9088029432
0.05406297297	0.945937027	0.004680901934	0.9062530178
0.05506395395	0.944936046	0.00491596901	0.9036939862
0.05606493493	0.9439350651	0.005159545269	0.9011265336
0.05706591592	0.9429340841	0.005411797461	0.8985513222
0.0580668969	0.9419331031	0.00567289117	0.8959689922
0.05906787788	0.9409321221	0.005942990708	0.8933801618
0.06006885886	0.9399311411	0.006222259011	0.8907854289
0.06106983984	0.9389301602	0.00651085754	0.8881853708
0.06207082082	0.9379291792	0.006808946178	0.8855805455
0.0630718018	0.9369281982	0.007116683141	0.8829714921
0.06407278278	0.9359272172	0.007434224877	0.8803587313
0.06507376376	0.9349262362	0.007761725981	0.8777427661
0.06607474474	0.9339252553	0.008099339107	0.8751240824
0.06707572573	0.9329242743	0.008447214878	0.8725031494
0.06807670671	0.9319232933	0.008805501808	0.8698804202
0.06907768769	0.9309223123	0.009174346222	0.8672563325
0.07007866867	0.9299213313	0.009553892178	0.8646313086
0.07107964965	0.9289203504	0.009944281396	0.8620057565
0.07208063063	0.9279193694	0.01034565318	0.8593800699
0.07308161161	0.9269183884	0.01075814437	0.8567546288
0.07408259259	0.9259174074	0.01118188924	0.8541297999
0.07508357357	0.9249164264	0.01161701948	0.851505937
0.07608455455	0.9239154454	0.01206366411	0.8488833816
0.07708553554	0.9229144645	0.01252194942	0.8462624631
0.07808651652	0.9219134835	0.01299199893	0.8436434991
0.0790874975	0.9209125025	0.01347393335	0.8410267959
0.08008847848	0.9199115215	0.01396787051	0.8384126489
0.08108945946	0.9189105405	0.01447392531	0.8358013429
0.08209044044	0.9179095596	0.01499220972	0.8331931522
0.08309142142	0.9169085786	0.0155228327	0.8305883414
0.0840924024	0.9159075976	0.01606590018	0.8279871654
0.08509338338	0.9149066166	0.01662151501	0.8253898694
0.08609436436	0.9139056356	0.01718977697	0.82279669
0.08709534535	0.9129046547	0.0177707827	0.8202078547
0.08809632633	0.9119036737	0.01836462569	0.8176235825
0.08909730731	0.9109026927	0.01897139626	0.8150440844
0.09009828829	0.9099017117	0.01959118155	0.8124695631
0.09109926927	0.9089007307	0.02022406547	0.8099002138
0.09210025025	0.9078997497	0.02087012872	0.8073362239
0.09310123123	0.9068987688	0.02152944876	0.8047777739
0.09410221221	0.9058977878	0.02220209979	0.8022250369
0.09510319319	0.9048968068	0.02288815277	0.7996781795
0.09610417417	0.9038958258	0.02358767539	0.7971373613
0.09710515516	0.9028948448	0.02430073206	0.7946027359
0.09810613614	0.9018938639	0.02502738395	0.7920744503
0.09910711712	0.9008928829	0.02576768895	0.7895526458
0.1001080981	0.8998919019	0.02652170167	0.7870374577
0.1011090791	0.8988909209	0.02728947349	0.7845290156
0.1021100601	0.8978899399	0.02807105251	0.7820274438
0.103111041	0.896888959	0.0288664836	0.7795328611
0.104112022	0.895887978	0.02967580839	0.7770453812
0.105113003	0.894886997	0.0304990653	0.774565113
0.106113984	0.893886016	0.03133628951	0.7720921604
0.107114965	0.892885035	0.03218751303	0.7696266226
0.1081159459	0.8918840541	0.03305276469	0.7671685942
0.1091169269	0.8908830731	0.03393207016	0.7647181658
0.1101179079	0.8898820921	0.03482545196	0.7622754232
0.1111188889	0.8888811111	0.03573292951	0.7598404484
0.1121198699	0.8878801301	0.03665451912	0.7574133195
0.1131208509	0.8868791491	0.03759023403	0.7549941103
0.1141218318	0.8858781682	0.03854008446	0.7525828914
0.1151228128	0.8848771872	0.03950407757	0.7501797293
0.1161237938	0.8838762062	0.04048221755	0.7477846872
0.1171247748	0.8828752252	0.04147450562	0.7453978249
0.1181257558	0.8818742442	0.04248094009	0.7430191988
0.1191267367	0.8808732633	0.04350151633	0.7406488622
0.1201277177	0.8798722823	0.04453622686	0.7382868652
0.1211286987	0.8788713013	0.04558506137	0.7359332551
0.1221296797	0.8778703203	0.04664800672	0.7335880759
0.1231306607	0.8768693393	0.04772504701	0.7312513693
0.1241316416	0.8758683584	0.04881616363	0.7289231738
0.1251326226	0.8748673774	0.04992133523	0.7266035256
0.1261336036	0.8738663964	0.05104053781	0.7242924581
0.1271345846	0.8728654154	0.05217374477	0.7219900024
0.1281355656	0.8718644344	0.05332092688	0.7196961872
0.1291365465	0.8708634535	0.05448205238	0.7174110388
0.1301375275	0.8698624725	0.05565708701	0.7151345811
0.1311385085	0.8688614915	0.05684599401	0.7128668363
0.1321394895	0.8678605105	0.05804873422	0.710607824
0.1331404705	0.8668595295	0.05926526605	0.708357562
0.1341414515	0.8658585485	0.06049554558	0.7061160661
0.1351424324	0.8648575676	0.06173952659	0.7038833503
0.1361434134	0.8638565866	0.06299716055	0.7016594265
0.1371443944	0.8628556056	0.06426839674	0.6994443051
0.1381453754	0.8618546246	0.06555318224	0.6972379945
0.1391463564	0.8608536436	0.06685146196	0.6950405017
0.1401473373	0.8598526627	0.06816317873	0.692851832
0.1411483183	0.8588516817	0.06948827332	0.6906719889
0.1421492993	0.8578507007	0.07082668445	0.6885009748
0.1431502803	0.8568497197	0.0721783489	0.6863387903
0.1441512613	0.8558487387	0.07354320149	0.6841854347
0.1451522422	0.8548477578	0.07492117513	0.6820409062
0.1461532232	0.8538467768	0.07631220091	0.6799052012
0.1471542042	0.8528457958	0.0777162081	0.6777783152
0.1481551852	0.8518448148	0.07913312418	0.6756602423
0.1491561662	0.8508438338	0.08056287492	0.6735509755
0.1501571471	0.8498428529	0.08200538441	0.6714505067
0.1511581281	0.8488418719	0.08346057508	0.6693588265
0.1521591091	0.8478408909	0.08492836778	0.6672759245
0.1531600901	0.8468399099	0.08640868177	0.6652017895
0.1541610711	0.8458389289	0.08790143482	0.663136409
0.1551620521	0.8448379479	0.0894065432	0.6610797697
0.156163033	0.843836967	0.09092392176	0.6590318573
0.157164014	0.842835986	0.09245348392	0.6569926567
0.158164995	0.841835005	0.09399514179	0.6549621519
0.159165976	0.840834024	0.09554880612	0.6529403261
0.160166957	0.839833043	0.0971143864	0.6509271616
0.1611679379	0.8388320621	0.09869179089	0.6489226401
0.1621689189	0.8378310811	0.1002809266	0.6469267423
0.1631698999	0.8368301001	0.1018816995	0.6449394485
0.1641708809	0.8358291191	0.1034940143	0.6429607381
0.1651718619	0.8348281381	0.1051177748	0.6409905899
0.1661728428	0.8338271572	0.1067528834	0.6390289821
0.1671738238	0.8328261762	0.1083992419	0.6370758923
0.1681748048	0.8318251952	0.110056751	0.6351312974
0.1691757858	0.8308242142	0.1117253103	0.6331951738
0.1701767668	0.8298232332	0.1134048187	0.6312674976
0.1711777477	0.8288222523	0.115095174	0.6293482439
0.1721787287	0.8278212713	0.1167962736	0.6274373877
0.1731797097	0.8268202903	0.1185080136	0.6255349033
0.1741806907	0.8258193093	0.1202302897	0.6236407648
0.1751816717	0.8248183283	0.1219629967	0.6217549455
0.1761826527	0.8238173473	0.1237060289	0.6198774187
0.1771836336	0.8228163664	0.1254592795	0.6180081568
0.1781846146	0.8218153854	0.1272226417	0.6161471324
0.1791855956	0.8208144044	0.1289960076	0.6142943172
0.1801865766	0.8198134234	0.130779269	0.6124496829
0.1811875576	0.8188124424	0.132572317	0.6106132008
0.1821885385	0.8178114615	0.1343750424	0.6087848417
0.1831895195	0.8168104805	0.1361873354	0.6069645764
0.1841905005	0.8158094995	0.1380090857	0.6051523751
0.1851914815	0.8148085185	0.1398401828	0.603348208
0.1861924625	0.8138075375	0.1416805157	0.6015520448
0.1871934434	0.8128065566	0.143529973	0.5997638552
0.1881944244	0.8118055756	0.1453884431	0.5979836085
0.1891954054	0.8108045946	0.1472558139	0.5962112738
0.1901963864	0.8098036136	0.1491319733	0.5944468201
0.1911973674	0.8088026326	0.1510168087	0.592690216
0.1921983483	0.8078016517	0.1529102075	0.5909414302
0.1931993293	0.8068006707	0.1548120569	0.589200431
0.1942003103	0.8057996897	0.1567222437	0.5874671865
0.1952012913	0.8047987087	0.1586406549	0.5857416649
0.1962022723	0.8037977277	0.160567177	0.5840238342
0.1972032533	0.8027967467	0.1625016968	0.5823136619
0.1982042342	0.8017957658	0.1644441008	0.580611116
0.1992052152	0.8007947848	0.1663942755	0.5789161638
0.2002061962	0.7997938038	0.1683521074	0.5772287729
0.2012071772	0.7987928228	0.170317483	0.5755489107
0.2022081582	0.7977918418	0.1722902889	0.5738765443
0.2032091391	0.7967908609	0.1742704115	0.5722116411
0.2042101201	0.7957898799	0.1762577376	0.570554168
0.2052111011	0.7947888989	0.1782521539	0.5689040923
0.2062120821	0.7937879179	0.1802535471	0.5672613809
0.2072130631	0.7927869369	0.1822618043	0.5656260008
0.208214044	0.791785956	0.1842768126	0.5639979189
0.209215025	0.790784975	0.1862984592	0.5623771021
0.210216006	0.789783994	0.1883266315	0.5607635173
0.211216987	0.788783013	0.1903612173	0.5591571314
0.212217968	0.787782032	0.1924021044	0.5575579111
0.2132189489	0.7867810511	0.1944491809	0.5559658233
0.2142199299	0.7857800701	0.1965023352	0.5543808349
0.2152209109	0.7847790891	0.1985614559	0.5528029126
0.2162218919	0.7837781081	0.200626432	0.5512320233
0.2172228729	0.7827771271	0.2026971525	0.5496681338
0.2182238539	0.7817761461	0.2047735072	0.548111211
0.2192248348	0.7807751652	0.2068553858	0.5465612219
0.2202258158	0.7797741842	0.2089426785	0.5450181333
0.2212267968	0.7787732032	0.2110352759	0.5434819122
0.2222277778	0.7777722222	0.213133069	0.5419525255
0.2232287588	0.7767712412	0.2152359491	0.5404299404
0.2242297397	0.7757702603	0.2173438079	0.5389141238
0.2252307207	0.7747692793	0.2194565375	0.537405043
0.2262317017	0.7737682983	0.2215740304	0.5359026651
0.2272326827	0.7727673173	0.2236961798	0.5344069574
0.2282336637	0.7717663363	0.225822879	0.532917887
0.2292346446	0.7707653554	0.2279540219	0.5314354215
0.2302356256	0.7697643744	0.2300895029	0.5299595283
0.2312366066	0.7687633934	0.2322292169	0.5284901748
0.2322375876	0.7677624124	0.2343730591	0.5270273286
0.2332385686	0.7667614314	0.2365209254	0.5255709574
0.2342395495	0.7657604505	0.2386727121	0.5241210289
0.2352405305	0.7647594695	0.2408283162	0.522677511
0.2362415115	0.7637584885	0.2429876349	0.5212403714
0.2372424925	0.7627575075	0.2451505663	0.5198095783
0.2382434735	0.7617565265	0.2473170087	0.5183850997
0.2392444545	0.7607555455	0.2494868612	0.5169669037
0.2402454354	0.7597545646	0.2516600234	0.5155549586
0.2412464164	0.7587535836	0.2538363955	0.5141492328
0.2422473974	0.7577526026	0.2560158781	0.5127496948
0.2432483784	0.7567516216	0.2581983725	0.5113563131
0.2442493594	0.7557506406	0.2603837807	0.5099690563
0.2452503403	0.7547496597	0.2625720051	0.5085878933
0.2462513213	0.7537486787	0.2647629488	0.5072127928
0.2472523023	0.7527476977	0.2669565155	0.505843724
0.2482532833	0.7517467167	0.2691526095	0.5044806558
0.2492542643	0.7507457357	0.2713511357	0.5031235574
0.2502552452	0.7497447548	0.2735519997	0.5017723983
0.2512562262	0.7487437738	0.2757551076	0.5004271478
0.2522572072	0.7477427928	0.2779603662	0.4990877754
0.2532581882	0.7467418118	0.280167683	0.4977542508
0.2542591692	0.7457408308	0.2823769661	0.4964265438
0.2552601502	0.7447398498	0.2845881241	0.4951046243
0.2562611311	0.7437388689	0.2868010665	0.4937884623
0.2572621121	0.7427378879	0.2890157032	0.492478028
0.2582630931	0.7417369069	0.291231945	0.4911732915
0.2592640741	0.7407359259	0.2934497032	0.4898742233
0.2602650551	0.7397349449	0.2956688897	0.4885807939
0.261266036	0.738733964	0.2978894174	0.4872929738
0.262267017	0.737732983	0.3001111993	0.486010734
0.263267998	0.736732002	0.3023341497	0.4847340451
0.264268979	0.735731021	0.3045581831	0.4834628784
0.26526996	0.73473004	0.3067832149	0.4821972048
0.2662709409	0.7337290591	0.3090091611	0.4809369956
0.2672719219	0.7327280781	0.3112359385	0.4796822223
0.2682729029	0.7317270971	0.3134634643	0.4784328564
0.2692738839	0.7307261161	0.3156916566	0.4771888695
0.2702748649	0.7297251351	0.3179204343	0.4759502333
0.2712758458	0.7287241542	0.3201497166	0.4747169199
0.2722768268	0.7277231732	0.3223794237	0.4734889012
0.2732778078	0.7267221922	0.3246094764	0.4722661495
0.2742787888	0.7257212112	0.3268397962	0.4710486369
0.2752797698	0.7247202302	0.3290703051	0.469836336
0.2762807508	0.7237192492	0.3313009261	0.4686292194
0.2772817317	0.7227182683	0.3335315826	0.4674272597
0.2782827127	0.7217172873	0.335762199	0.4662304297
0.2792836937	0.7207163063	0.3379926999	0.4650387025
0.2802846747	0.7197153253	0.3402230112	0.4638520512
0.2812856557	0.7187143443	0.3424530589	0.4626704488
0.2822866366	0.7177133634	0.34468277	0.461493869
0.2832876176	0.7167123824	0.3469120723	0.460322285
0.2842885986	0.7157114014	0.3491408939	0.4591556706
0.2852895796	0.7147104204	0.3513691639	0.4579939996
0.2862905606	0.7137094394	0.353596812	0.4568372457
0.2872915415	0.7127084585	0.3558237684	0.4556853831
0.2882925225	0.7117074775	0.3580499643	0.4545383859
0.2892935035	0.7107064965	0.3602753314	0.4533962285
0.2902944845	0.7097055155	0.362499802	0.4522588852
0.2912954655	0.7087045345	0.3647233091	0.4511263306
0.2922964464	0.7077035536	0.3669457866	0.4499985393
0.2932974274	0.7067025726	0.3691671688	0.4488754863
0.2942984084	0.7057015916	0.3713873908	0.4477571465
0.2952993894	0.7047006106	0.3736063884	0.446643495
0.2963003704	0.7036996296	0.3758240979	0.4455345069
0.2973013514	0.7026986486	0.3780404564	0.4444301577
0.2983023323	0.7016976677	0.3802554016	0.4433304229
0.2993033133	0.7006966867	0.382468872	0.4422352779
0.3003042943	0.6996957057	0.3846808065	0.4411446987
0.3013052753	0.6986947247	0.386891145	0.4400586611
0.3023062563	0.6976937437	0.3890998276	0.438977141
0.3033072372	0.6966927628	0.3913067956	0.4379001146
0.3043082182	0.6956917818	0.3935119904	0.4368275583
0.3053091992	0.6946908008	0.3957153544	0.4357594483
0.3063101802	0.6936898198	0.3979168306	0.4346957612
0.3073111612	0.6926888388	0.4001163625	0.4336364736
0.3083121421	0.6916878579	0.4023138944	0.4325815624
0.3093131231	0.6906868769	0.4045093711	0.4315310044
0.3103141041	0.6896858959	0.406702738	0.4304847768
0.3113150851	0.6886849149	0.4088939414	0.4294428565
0.3123160661	0.6876839339	0.4110829279	0.428405221
0.313317047	0.686682953	0.4132696449	0.4273718477
0.314318028	0.685681972	0.4154540405	0.426342714
0.315319009	0.684680991	0.4176360631	0.4253177977
0.31631999	0.68368001	0.419815662	0.4242970765
0.317320971	0.682679029	0.4219927871	0.4232805284
0.318321952	0.681678048	0.4241673888	0.4222681314
0.3193229329	0.6806770671	0.426339418	0.4212598637
0.3203239139	0.6796760861	0.4285088266	0.4202557036
0.3213248949	0.6786751051	0.4306755666	0.4192556293
0.3223258759	0.6776741241	0.4328395909	0.4182596196
0.3233268569	0.6766731431	0.435000853	0.4172676531
0.3243278378	0.6756721622	0.4371593068	0.4162797084
0.3253288188	0.6746711812	0.439314907	0.4152957646
0.3263297998	0.6736702002	0.4414676087	0.4143158006
0.3273307808	0.6726692192	0.4436173677	0.4133397955
0.3283317618	0.6716682382	0.4457641403	0.4123677287
0.3293327427	0.6706672573	0.4479078833	0.4113995794
0.3303337237	0.6696662763	0.4500485544	0.4104353273
0.3313347047	0.6686652953	0.4521861114	0.4094749518
0.3323356857	0.6676643143	0.454320513	0.4085184327
0.3333366667	0.6666633333	0.4564517184	0.4075657499
0.3343376476	0.6656623524	0.4585796871	0.4066168832
0.3353386286	0.6646613714	0.4607043795	0.4056718129
0.3363396096	0.6636603904	0.4628257564	0.404730519
0.3373405906	0.6626594094	0.4649437791	0.4037929819
0.3383415716	0.6616584284	0.4670584093	0.4028591819
0.3393425526	0.6606574474	0.4691696097	0.4019290997
0.3403435335	0.6596564665	0.471277343	0.4010027158
0.3413445145	0.6586554855	0.4733815728	0.400080011
0.3423454955	0.6576545045	0.475482263	0.3991609662
0.3433464765	0.6566535235	0.4775793782	0.3982455623
0.3443474575	0.6556525425	0.4796728833	0.3973337804
0.3453484384	0.6546515616	0.4817627439	0.3964256018
0.3463494194	0.6536505806	0.483848926	0.3955210077
0.3473504004	0.6526495996	0.4859313962	0.3946199796
0.3483513814	0.6516486186	0.4880101215	0.3937224989
0.3493523624	0.6506476376	0.4900850694	0.3928285473
0.3503533433	0.6496466567	0.492156208	0.3919381065
0.3513543243	0.6486456757	0.4942235059	0.3910511585
0.3523553053	0.6476446947	0.496286932	0.390167685
0.3533562863	0.6466437137	0.4983464557	0.3892876683
0.3543572673	0.6456427327	0.5004020472	0.3884110904
0.3553582482	0.6446417518	0.5024536768	0.3875379336
0.3563592292	0.6436407708	0.5045013154	0.3866681804
0.3573602102	0.6426397898	0.5065449345	0.385801813
0.3583611912	0.6416388088	0.5085845058	0.3849388142
0.3593621722	0.6406378278	0.5106200017	0.3840791667
0.3603631532	0.6396368468	0.5126513949	0.3832228531
0.3613641341	0.6386358659	0.5146786587	0.3823698564
0.3623651151	0.6376348849	0.5167017667	0.3815201595
0.3633660961	0.6366339039	0.518720693	0.3806737456
0.3643670771	0.6356329229	0.5207354122	0.3798305978
0.3653680581	0.6346319419	0.5227458992	0.3789906994
0.366369039	0.633630961	0.5247521295	0.3781540338
0.36737002	0.63262998	0.5267540789	0.3773205844
0.368371001	0.631628999	0.5287517237	0.3764903349
0.369371982	0.630628018	0.5307450405	0.3756632688
0.370372963	0.629627037	0.5327340066	0.37483937
0.3713739439	0.6286260561	0.5347185994	0.3740186223
0.3723749249	0.6276250751	0.5366987968	0.3732010097
0.3733759059	0.6266240941	0.5386745773	0.3723865162
0.3743768869	0.6256231131	0.5406459195	0.371575126
0.3753778679	0.6246221321	0.5426128027	0.3707668233
0.3763788488	0.6236211512	0.5445752063	0.3699615925
0.3773798298	0.6226201702	0.5465331104	0.3691594179
0.3783808108	0.6216191892	0.5484864952	0.3683602841
0.3793817918	0.6206182082	0.5504353415	0.3675641756
0.3803827728	0.6196172272	0.5523796304	0.3667710773
0.3813837538	0.6186162462	0.5543193433	0.3659809738
0.3823847347	0.6176152653	0.5562544622	0.3651938501
0.3833857157	0.6166142843	0.5581849693	0.3644096911
0.3843866967	0.6156133033	0.5601108472	0.3636284818
0.3853876777	0.6146123223	0.5620320787	0.3628502075
0.3863886587	0.6136113413	0.5639486474	0.3620748533
0.3873896396	0.6126103604	0.5658605368	0.3613024045
0.3883906206	0.6116093794	0.567767731	0.3605328467
0.3893916016	0.6106083984	0.5696702144	0.3597661651
0.3903925826	0.6096074174	0.5715679717	0.3590023455
0.3913935636	0.6086064364	0.5734609881	0.3582413735
0.3923945445	0.6076054555	0.5753492489	0.3574832348
0.3933955255	0.6066044745	0.57723274	0.3567279153
0.3943965065	0.6056034935	0.5791114474	0.3559754008
0.3953974875	0.6046025125	0.5809853576	0.3552256774
0.3963984685	0.6036015315	0.5828544573	0.3544787312
0.3973994494	0.6026005506	0.5847187337	0.3537345483
0.3984004304	0.6015995696	0.5865781741	0.3529931149
0.3994014114	0.6005985886	0.5884327663	0.3522544173
0.4004023924	0.5995976076	0.5902824983	0.3515184421
0.4014033734	0.5985966266	0.5921273585	0.3507851756
0.4024043544	0.5975956456	0.5939673355	0.3500546044
0.4034053353	0.5965946647	0.5958024184	0.3493267151
0.4044063163	0.5955936837	0.5976325964	0.3486014945
0.4054072973	0.5945927027	0.5994578591	0.3478789294
0.4064082783	0.5935917217	0.6012781964	0.3471590067
0.4074092593	0.5925907407	0.6030935983	0.3464417132
0.4084102402	0.5915897598	0.6049040555	0.345727036
0.4094112212	0.5905887788	0.6067095587	0.3450149623
0.4104122022	0.5895877978	0.6085100988	0.3443054792
0.4114131832	0.5885868168	0.6103056672	0.343598574
0.4124141642	0.5875858358	0.6120962554	0.3428942339
0.4134151451	0.5865848549	0.6138818555	0.3421924464
0.4144161261	0.5855838739	0.6156624594	0.341493199
0.4154171071	0.5845828929	0.6174380596	0.3407964793
0.4164180881	0.5835819119	0.6192086489	0.3401022748
0.4174190691	0.5825809309	0.62097422	0.3394105732
0.4184200501	0.5815799499	0.6227347663	0.3387213623
0.419421031	0.580578969	0.6244902812	0.33803463
0.420422012	0.579577988	0.6262407584	0.3373503642
0.421422993	0.578577007	0.6279861918	0.3366685528
0.422423974	0.577576026	0.6297265758	0.3359891838
0.423424955	0.576575045	0.6314619048	0.3353122456
0.4244259359	0.5755740641	0.6331921734	0.3346377261
0.4254269169	0.5745730831	0.6349173767	0.3339656137
0.4264278979	0.5735721021	0.6366375099	0.3332958966
0.4274288789	0.5725711211	0.6383525683	0.3326285634
0.4284298599	0.5715701401	0.6400625476	0.3319636024
0.4294308408	0.5705691592	0.6417674437	0.3313010022
0.4304318218	0.5695681782	0.6434672528	0.3306407514
0.4314328028	0.5685671972	0.6451619712	0.3299828387
0.4324337838	0.5675662162	0.6468515955	0.3293272527
0.4334347648	0.5665652352	0.6485361224	0.3286739823
0.4344357457	0.5655642543	0.6502155491	0.3280230163
0.4354367267	0.5645632733	0.6518898726	0.3273743436
0.4364377077	0.5635622923	0.6535590904	0.3267279533
0.4374386887	0.5625613113	0.6552232003	0.3260838344
0.4384396697	0.5615603303	0.6568822	0.325441976
0.4394406507	0.5605593493	0.6585360877	0.3248023673
0.4404416316	0.5595583684	0.6601848615	0.3241649975
0.4414426126	0.5585573874	0.66182852	0.323529856
0.4424435936	0.5575564064	0.6634670618	0.322896932
0.4434445746	0.5565554254	0.6651004858	0.3222662151
0.4444455556	0.5555544444	0.6667287911	0.3216376947
0.4454465365	0.5545534635	0.6683519768	0.3210113603
0.4464475175	0.5535524825	0.6699700426	0.3203872016
0.4474484985	0.5525515015	0.6715829878	0.3197652083
0.4484494795	0.5515505205	0.6731908125	0.31914537
0.4494504605	0.5505495395	0.6747935165	0.3185276766
0.4504514414	0.5495485586	0.6763911	0.3179121179
0.4514524224	0.5485475776	0.6779835635	0.3172986838
0.4524534034	0.5475465966	0.6795709073	0.3166873642
0.4534543844	0.5465456156	0.6811531323	0.3160781492
0.4544553654	0.5455446346	0.6827302393	0.3154710289
0.4554563463	0.5445436537	0.6843022293	0.3148659934
0.4564573273	0.5435426727	0.6858691035	0.3142630329
0.4574583083	0.5425416917	0.6874308633	0.3136621376
0.4584592893	0.5415407107	0.6889875103	0.3130632979
0.4594602703	0.5405397297	0.6905390461	0.3124665041
0.4604612513	0.5395387487	0.6920854726	0.3118717465
0.4614622322	0.5385377678	0.6936267919	0.3112790158
0.4624632132	0.5375367868	0.695163006	0.3106883023
0.4634641942	0.5365358058	0.6966941172	0.3100995967
0.4644651752	0.5355348248	0.6982201282	0.3095128896
0.4654661562	0.5345338438	0.6997410414	0.3089281717
0.4664671371	0.5335328629	0.7012568597	0.3083454338
0.4674681181	0.5325318819	0.7027675859	0.3077646665
0.4684690991	0.5315309009	0.7042732231	0.3071858608
0.4694700801	0.5305299199	0.7057737745	0.3066090076
0.4704710611	0.5295289389	0.7072692434	0.3060340977
0.471472042	0.528527958	0.7087596334	0.3054611222
0.472473023	0.527526977	0.7102449479	0.3048900722
0.473474004	0.526525996	0.7117251908	0.3043209387
0.474474985	0.525525015	0.713200366	0.3037537129
0.475475966	0.524524034	0.7146704773	0.303188386
0.4764769469	0.5235230531	0.716135529	0.3026249492
0.4774779279	0.5225220721	0.7175955253	0.3020633939
0.4784789089	0.5215210911	0.7190504705	0.3015037113
0.4794798899	0.5205201101	0.7205003693	0.3009458929
0.4804808709	0.5195191291	0.7219452262	0.3003899301
0.4814818519	0.5185181481	0.7233850459	0.2998358144
0.4824828328	0.5175171672	0.7248198333	0.2992835374
0.4834838138	0.5165161862	0.7262495935	0.2987330906
0.4844847948	0.5155152052	0.7276743314	0.2981844657
0.4854857758	0.5145142242	0.7290940523	0.2976376544
0.4864867568	0.5135132432	0.7305087615	0.2970926483
0.4874877377	0.5125122623	0.7319184645	0.2965494393
0.4884887187	0.5115112813	0.7333231667	0.2960080192
0.4894896997	0.5105103003	0.7347228739	0.2954683798
0.4904906807	0.5095093193	0.7361175917	0.2949305131
0.4914916617	0.5085083383	0.7375073261	0.294394411
0.4924926426	0.5075073574	0.7388920829	0.2938600655
0.4934936236	0.5065063764	0.7402718682	0.2933274687
0.4944946046	0.5055053954	0.7416466881	0.2927966126
0.4954955856	0.5045044144	0.743016549	0.2922674895
0.4964965666	0.5035034334	0.7443814572	0.2917400914
0.4974975475	0.5025024525	0.745741419	0.2912144106
0.4984985285	0.5015014715	0.7470964411	0.2906904394
0.4994995095	0.5005004905	0.7484465301	0.2901681701
0.5005004905	0.4994995095	0.7497916926	0.289647595
0.5015014715	0.4984985285	0.7511319355	0.2891287065
0.5025024525	0.4974975475	0.7524672656	0.288611497
0.5035034334	0.4964965666	0.75379769	0.2880959591
0.5045044144	0.4954955856	0.7551232157	0.2875820853
0.5055053954	0.4944946046	0.7564438498	0.2870698681
0.5065063764	0.4934936236	0.7577595996	0.2865593001
0.5075073574	0.4924926426	0.7590704724	0.2860503739
0.5085083383	0.4914916617	0.7603764755	0.2855430823
0.5095093193	0.4904906807	0.7616776165	0.285037418
0.5105103003	0.4894896997	0.7629739028	0.2845333737
0.5115112813	0.4884887187	0.7642653422	0.2840309422
0.5125122623	0.4874877377	0.7655519422	0.2835301164
0.5135132432	0.4864867568	0.7668337106	0.2830308892
0.5145142242	0.4854857758	0.7681106554	0.2825332535
0.5155152052	0.4844847948	0.7693827843	0.2820372022
0.5165161862	0.4834838138	0.7706501054	0.2815427284
0.5175171672	0.4824828328	0.7719126267	0.281049825
0.5185181481	0.4814818519	0.7731703563	0.2805584852
0.5195191291	0.4804808709	0.7744233024	0.2800687021
0.5205201101	0.4794798899	0.7756714733	0.2795804688
0.5215210911	0.4784789089	0.7769148772	0.2790937785
0.5225220721	0.4774779279	0.7781535226	0.2786086245
0.5235230531	0.4764769469	0.7793874177	0.2781249999
0.524524034	0.475475966	0.7806165713	0.2776428982
0.525525015	0.474474985	0.7818409917	0.2771623126
0.526525996	0.473474004	0.7830606876	0.2766832364
0.527526977	0.472473023	0.7842756677	0.2762056633
0.528527958	0.471472042	0.7854859406	0.2757295864
0.5295289389	0.4704710611	0.7866915153	0.2752549994
0.5305299199	0.4694700801	0.7878924004	0.2747818958
0.5315309009	0.4684690991	0.7890886049	0.274310269
0.5325318819	0.4674681181	0.7902801377	0.2738401128
0.5335328629	0.4664671371	0.7914670078	0.2733714206
0.5345338438	0.4654661562	0.7926492242	0.2729041862
0.5355348248	0.4644651752	0.7938267961	0.2724384033
0.5365358058	0.4634641942	0.7949997325	0.2719740655
0.5375367868	0.4624632132	0.7961680426	0.2715111667
0.5385377678	0.4614622322	0.7973317357	0.2710497005
0.5395387487	0.4604612513	0.798490821	0.2705896609
0.5405397297	0.4594602703	0.7996453079	0.2701310417
0.5415407107	0.4584592893	0.8007952056	0.2696738367
0.5425416917	0.4574583083	0.8019405237	0.26921804
0.5435426727	0.4564573273	0.8030812715	0.2687636454
0.5445436537	0.4554563463	0.8042174585	0.268310647
0.5455446346	0.4544553654	0.8053490943	0.2678590387
0.5465456156	0.4534543844	0.8064761884	0.2674088146
0.5475465966	0.4524534034	0.8075987504	0.2669599688
0.5485475776	0.4514524224	0.80871679	0.2665124954
0.5495485586	0.4504514414	0.8098303167	0.2660663886
0.5505495395	0.4494504605	0.8109393405	0.2656216425
0.5515505205	0.4484494795	0.8120438708	0.2651782513
0.5525515015	0.4474484985	0.8131439177	0.2647362093
0.5535524825	0.4464475175	0.8142394908	0.2642955107
0.5545534635	0.4454465365	0.8153306	0.2638561499
0.5555544444	0.4444455556	0.8164172551	0.2634181211
0.5565554254	0.4434445746	0.8174994662	0.2629814188
0.5575564064	0.4424435936	0.8185772431	0.2625460372
0.5585573874	0.4414426126	0.8196505957	0.262111971
0.5595583684	0.4404416316	0.8207195342	0.2616792144
0.5605593493	0.4394406507	0.8217840684	0.2612477619
0.5615603303	0.4384396697	0.8228442085	0.2608176081
0.5625613113	0.4374386887	0.8238999644	0.2603887475
0.5635622923	0.4364377077	0.8249513464	0.2599611747
0.5645632733	0.4354367267	0.8259983646	0.2595348843
0.5655642543	0.4344357457	0.827041029	0.2591098708
0.5665652352	0.4334347648	0.8280793498	0.2586861289
0.5675662162	0.4324337838	0.8291133374	0.2582636534
0.5685671972	0.4314328028	0.8301430018	0.2578424389
0.5695681782	0.4304318218	0.8311683532	0.2574224801
0.5705691592	0.4294308408	0.8321894021	0.2570037718
0.5715701401	0.4284298599	0.8332061586	0.2565863088
0.5725711211	0.4274288789	0.834218633	0.2561700859
0.5735721021	0.4264278979	0.8352268357	0.255755098
0.5745730831	0.4254269169	0.836230777	0.2553413399
0.5755740641	0.4244259359	0.8372304672	0.2549288065
0.576575045	0.423424955	0.8382259167	0.2545174927
0.577576026	0.422423974	0.839217136	0.2541073935
0.578577007	0.421422993	0.8402041353	0.2536985039
0.579577988	0.420422012	0.8411869252	0.2532908189
0.580578969	0.419421031	0.842165516	0.2528843334
0.5815799499	0.4184200501	0.8431399182	0.2524790426
0.5825809309	0.4174190691	0.8441101422	0.2520749415
0.5835819119	0.4164180881	0.8450761986	0.2516720252
0.5845828929	0.4154171071	0.8460380978	0.2512702889
0.5855838739	0.4144161261	0.8469958503	0.2508697277
0.5865848549	0.4134151451	0.8479494666	0.2504703367
0.5875858358	0.4124141642	0.8488989573	0.2500721113
0.5885868168	0.4114131832	0.8498443328	0.2496750466
0.5895877978	0.4104122022	0.8507856037	0.2492791378
0.5905887788	0.4094112212	0.8517227806	0.2488843803
0.5915897598	0.4084102402	0.852655874	0.2484907694
0.5925907407	0.4074092593	0.8535848944	0.2480983003
0.5935917217	0.4064082783	0.8545098525	0.2477069684
0.5945927027	0.4054072973	0.8554307588	0.2473167692
0.5955936837	0.4044063163	0.856347624	0.2469276979
0.5965946647	0.4034053353	0.8572604585	0.2465397501
0.5975956456	0.4024043544	0.858169273	0.2461529211
0.5985966266	0.4014033734	0.8590740782	0.2457672065
0.5995976076	0.4004023924	0.8599748845	0.2453826017
0.6005985886	0.3994014114	0.8608717027	0.2449991022
0.6015995696	0.3984004304	0.8617645433	0.2446167036
0.6026005506	0.3973994494	0.862653417	0.2442354014
0.6036015315	0.3963984685	0.8635383344	0.2438551912
0.6046025125	0.3953974875	0.8644193061	0.2434760686
0.6056034935	0.3943965065	0.8652963427	0.2430980293
0.6066044745	0.3933955255	0.8661694549	0.2427210689
0.6076054555	0.3923945445	0.8670386533	0.242345183
0.6086064364	0.3913935636	0.8679039485	0.2419703674
0.6096074174	0.3903925826	0.8687653512	0.2415966177
0.6106083984	0.3893916016	0.869622872	0.2412239298
0.6116093794	0.3883906206	0.8704765215	0.2408522992
0.6126103604	0.3873896396	0.8713263105	0.240481722
0.6136113413	0.3863886587	0.8721722494	0.2401121937
0.6146123223	0.3853876777	0.8730143489	0.2397437104
0.6156133033	0.3843866967	0.8738526197	0.2393762677
0.6166142843	0.3833857157	0.8746870724	0.2390098616
0.6176152653	0.3823847347	0.8755177175	0.2386444879
0.6186162462	0.3813837538	0.8763445658	0.2382801426
0.6196172272	0.3803827728	0.8771676279	0.2379168215
0.6206182082	0.3793817918	0.8779869143	0.2375545207
0.6216191892	0.3783808108	0.8788024357	0.237193236
0.6226201702	0.3773798298	0.8796142027	0.2368329635
0.6236211512	0.3763788488	0.8804222258	0.2364736992
0.6246221321	0.3753778679	0.8812265158	0.236115439
0.6256231131	0.3743768869	0.8820270831	0.2357581792
0.6266240941	0.3733759059	0.8828239383	0.2354019156
0.6276250751	0.3723749249	0.8836170921	0.2350466444
0.6286260561	0.3713739439	0.8844065551	0.2346923617
0.629627037	0.370372963	0.8851923377	0.2343390636
0.630628018	0.369371982	0.8859744505	0.2339867463
0.631628999	0.368371001	0.8867529041	0.2336354059
0.63262998	0.36737002	0.8875277091	0.2332850386
0.633630961	0.366369039	0.888298876	0.2329356406
0.6346319419	0.3653680581	0.8890664153	0.2325872081
0.6356329229	0.3643670771	0.8898303375	0.2322397374
0.6366339039	0.3633660961	0.8905906532	0.2318932247
0.6376348849	0.3623651151	0.8913473728	0.2315476662
0.6386358659	0.3613641341	0.8921005069	0.2312030584
0.6396368468	0.3603631532	0.892850066	0.2308593974
0.6406378278	0.3593621722	0.8935960605	0.2305166796
0.6416388088	0.3583611912	0.8943385008	0.2301749014
0.6426397898	0.3573602102	0.8950773976	0.2298340591
0.6436407708	0.3563592292	0.8958127611	0.2294941491
0.6446417518	0.3553582482	0.8965446019	0.2291551678
0.6456427327	0.3543572673	0.8972729304	0.2288171116
0.6466437137	0.3533562863	0.8979977569	0.2284799769
0.6476446947	0.3523553053	0.898719092	0.2281437603
0.6486456757	0.3513543243	0.8994369459	0.2278084582
0.6496466567	0.3503533433	0.9001513291	0.227474067
0.6506476376	0.3493523624	0.900862252	0.2271405832
0.6516486186	0.3483513814	0.9015697248	0.2268080035
0.6526495996	0.3473504004	0.902273758	0.2264763243
0.6536505806	0.3463494194	0.9029743619	0.2261455421
0.6546515616	0.3453484384	0.9036715468	0.2258156536
0.6556525425	0.3443474575	0.904365323	0.2254866553
0.6566535235	0.3433464765	0.9050557008	0.2251585439
0.6576545045	0.3423454955	0.9057426905	0.2248313159
0.6586554855	0.3413445145	0.9064263023	0.224504968
0.6596564665	0.3403435335	0.9071065465	0.2241794968
0.6606574474	0.3393425526	0.9077834335	0.2238548991
0.6616584284	0.3383415716	0.9084569732	0.2235311715
0.6626594094	0.3373405906	0.9091271761	0.2232083106
0.6636603904	0.3363396096	0.9097940523	0.2228863133
0.6646613714	0.3353386286	0.9104576119	0.2225651762
0.6656623524	0.3343376476	0.9111178651	0.2222448962
0.6666633333	0.3333366667	0.9117748222	0.2219254699
0.6676643143	0.3323356857	0.9124284932	0.2216068941
0.6686652953	0.3313347047	0.9130788882	0.2212891657
0.6696662763	0.3303337237	0.9137260174	0.2209722814
0.6706672573	0.3293327427	0.9143698908	0.220656238
0.6716682382	0.3283317618	0.9150105186	0.2203410325
0.6726692192	0.3273307808	0.9156479107	0.2200266617
0.6736702002	0.3263297998	0.9162820773	0.2197131224
0.6746711812	0.3253288188	0.9169130283	0.2194004115
0.6756721622	0.3243278378	0.9175407738	0.2190885259
0.6766731431	0.3233268569	0.9181653237	0.2187774626
0.6776741241	0.3223258759	0.9187866881	0.2184672184
0.6786751051	0.3213248949	0.9194048769	0.2181577904
0.6796760861	0.3203239139	0.9200199	0.2178491754
0.6806770671	0.3193229329	0.9206317674	0.2175413705
0.681678048	0.318321952	0.921240489	0.2172343725
0.682679029	0.317320971	0.9218460746	0.2169281787
0.68368001	0.31631999	0.9224485342	0.2166227858
0.684680991	0.315319009	0.9230478775	0.216318191
0.685681972	0.314318028	0.9236441145	0.2160143914
0.686682953	0.313317047	0.924237255	0.2157113839
0.6876839339	0.3123160661	0.9248273087	0.2154091657
0.6886849149	0.3113150851	0.9254142855	0.2151077338
0.6896858959	0.3103141041	0.9259981951	0.2148070853
0.6906868769	0.3093131231	0.9265790472	0.2145072174
0.6916878579	0.3083121421	0.9271568516	0.2142081272
0.6926888388	0.3073111612	0.9277316181	0.2139098117
0.6936898198	0.3063101802	0.9283033562	0.2136122682
0.6946908008	0.3053091992	0.9288720757	0.2133154939
0.6956917818	0.3043082182	0.9294377862	0.2130194858
0.6966927628	0.3033072372	0.9300004974	0.2127242413
0.6976937437	0.3023062563	0.9305602188	0.2124297574
0.6986947247	0.3013052753	0.9311169601	0.2121360315
0.6996957057	0.3003042943	0.9316707309	0.2118430607
0.7006966867	0.2993033133	0.9322215406	0.2115508423
0.7016976677	0.2983023323	0.932769399	0.2112593736
0.7026986486	0.2973013514	0.9333143153	0.2109686518
0.7036996296	0.2963003704	0.9338562993	0.2106786742
0.7047006106	0.2952993894	0.9343953603	0.2103894381
0.7057015916	0.2942984084	0.9349315078	0.2101009408
0.7067025726	0.2932974274	0.9354647513	0.2098131797
0.7077035536	0.2922964464	0.9359951001	0.209526152
0.7087045345	0.2912954655	0.9365225637	0.2092398551
0.7097055155	0.2902944845	0.9370471515	0.2089542864
0.7107064965	0.2892935035	0.9375688728	0.2086694432
0.7117074775	0.2882925225	0.9380877369	0.2083853229
0.7127084585	0.2872915415	0.9386037532	0.2081019229
0.7137094394	0.2862905606	0.939116931	0.2078192407
0.7147104204	0.2852895796	0.9396272796	0.2075372735
0.7157114014	0.2842885986	0.9401348081	0.207256019
0.7167123824	0.2832876176	0.9406395259	0.2069754744
0.7177133634	0.2822866366	0.9411414422	0.2066956373
0.7187143443	0.2812856557	0.9416405662	0.206416505
0.7197153253	0.2802846747	0.942136907	0.2061380752
0.7207163063	0.2792836937	0.9426304738	0.2058603453
0.7217172873	0.2782827127	0.9431212757	0.2055833127
0.7227182683	0.2772817317	0.9436093219	0.205306975
0.7237192492	0.2762807508	0.9440946214	0.2050313297
0.7247202302	0.2752797698	0.9445771834	0.2047563744
0.7257212112	0.2742787888	0.9450570168	0.2044821065
0.7267221922	0.2732778078	0.9455341307	0.2042085237
0.7277231732	0.2722768268	0.9460085341	0.2039356235
0.7287241542	0.2712758458	0.9464802361	0.2036634034
0.7297251351	0.2702748649	0.9469492454	0.2033918612
0.7307261161	0.2692738839	0.9474155712	0.2031209943
0.7317270971	0.2682729029	0.9478792223	0.2028508003
0.7327280781	0.2672719219	0.9483402077	0.202581277
0.7337290591	0.2662709409	0.9487985361	0.2023124219
0.73473004	0.26526996	0.9492542166	0.2020442327
0.735731021	0.264268979	0.9497072578	0.2017767069
0.736732002	0.263267998	0.9501576687	0.2015098424
0.737732983	0.262267017	0.950605458	0.2012436368
0.738733964	0.261266036	0.9510506345	0.2009780876
0.7397349449	0.2602650551	0.9514932069	0.2007131927
0.7407359259	0.2592640741	0.9519331841	0.2004489498
0.7417369069	0.2582630931	0.9523705746	0.2001853565
0.7427378879	0.2572621121	0.9528053872	0.1999224106
0.7437388689	0.2562611311	0.9532376305	0.1996601098
0.7447398498	0.2552601502	0.9536673133	0.1993984519
0.7457408308	0.2542591692	0.954094444	0.1991374346
0.7467418118	0.2532581882	0.9545190314	0.1988770557
0.7477427928	0.2522572072	0.954941084	0.1986173129
0.7487437738	0.2512562262	0.9553606103	0.1983582041
0.7497447548	0.2502552452	0.9557776189	0.198099727
0.7507457357	0.2492542643	0.9561921183	0.1978418795
0.7517467167	0.2482532833	0.956604117	0.1975846593
0.7527476977	0.2472523023	0.9570136234	0.1973280643
0.7537486787	0.2462513213	0.9574206461	0.1970720923
0.7547496597	0.2452503403	0.9578251933	0.1968167412
0.7557506406	0.2442493594	0.9582272737	0.1965620088
0.7567516216	0.2432483784	0.9586268954	0.196307893
0.7577526026	0.2422473974	0.959024067	0.1960543916
0.7587535836	0.2412464164	0.9594187966	0.1958015026
0.7597545646	0.2402454354	0.9598110927	0.1955492238
0.7607555455	0.2392444545	0.9602009636	0.1952975531
0.7617565265	0.2382434735	0.9605884174	0.1950464884
0.7627575075	0.2372424925	0.9609734625	0.1947960277
0.7637584885	0.2362415115	0.9613561071	0.1945461689
0.7647594695	0.2352405305	0.9617363594	0.1942969099
0.7657604505	0.2342395495	0.9621142275	0.1940482486
0.7667614314	0.2332385686	0.9624897197	0.1938001831
0.7677624124	0.2322375876	0.9628628441	0.1935527112
0.7687633934	0.2312366066	0.9632336088	0.193305831
0.7697643744	0.2302356256	0.9636020219	0.1930595404
0.7707653554	0.2292346446	0.9639680915	0.1928138374
0.7717663363	0.2282336637	0.9643318256	0.1925687201
0.7727673173	0.2272326827	0.9646932323	0.1923241864
0.7737682983	0.2262317017	0.9650523195	0.1920802343
0.7747692793	0.2252307207	0.9654090953	0.1918368619
0.7757702603	0.2242297397	0.9657635677	0.1915940672
0.7767712412	0.2232287588	0.9661157445	0.1913518483
0.7777722222	0.2222277778	0.9664656337	0.1911102032
0.7787732032	0.2212267968	0.9668132432	0.1908691299
0.7797741842	0.2202258158	0.9671585808	0.1906286265
0.7807751652	0.2192248348	0.9675016545	0.1903886911
0.7817761461	0.2182238539	0.9678424721	0.1901493219
0.7827771271	0.2172228729	0.9681810413	0.1899105167
0.7837781081	0.2162218919	0.96851737	0.1896722739
0.7847790891	0.2152209109	0.968851466	0.1894345915
0.7857800701	0.2142199299	0.9691833369	0.1891974675
0.7867810511	0.2132189489	0.9695129905	0.1889609002
0.787782032	0.212217968	0.9698404346	0.1887248877
0.788783013	0.211216987	0.9701656767	0.188489428
0.789783994	0.210216006	0.9704887246	0.1882545194
0.790784975	0.209215025	0.9708095859	0.18802016
0.791785956	0.208214044	0.9711282682	0.187786348
0.7927869369	0.2072130631	0.9714447791	0.1875530815
0.7937879179	0.2062120821	0.9717591262	0.1873203587
0.7947888989	0.2052111011	0.972071317	0.1870881779
0.7957898799	0.2042101201	0.9723813591	0.1868565372
0.7967908609	0.2032091391	0.9726892599	0.1866254348
0.7977918418	0.2022081582	0.972995027	0.1863948689
0.7987928228	0.2012071772	0.9732986679	0.1861648377
0.7997938038	0.2002061962	0.9736001899	0.1859353396
0.8007947848	0.1992052152	0.9738996004	0.1857063726
0.8017957658	0.1982042342	0.974196907	0.1854779351
0.8027967467	0.1972032533	0.9744921169	0.1852500252
0.8037977277	0.1962022723	0.9747852376	0.1850226414
0.8047987087	0.1952012913	0.9750762763	0.1847957817
0.8057996897	0.1942003103	0.9753652404	0.1845694445
0.8068006707	0.1931993293	0.9756521371	0.1843436281
0.8078016517	0.1921983483	0.9759369738	0.1841183308
0.8088026326	0.1911973674	0.9762197577	0.1838935508
0.8098036136	0.1901963864	0.976500496	0.1836692864
0.8108045946	0.1891954054	0.9767791959	0.183445536
0.8118055756	0.1881944244	0.9770558647	0.1832222978
0.8128065566	0.1871934434	0.9773305094	0.1829995703
0.8138075375	0.1861924625	0.9776031372	0.1827773516
0.8148085185	0.1851914815	0.9778737553	0.1825556402
0.8158094995	0.1841905005	0.9781423707	0.1823344345
0.8168104805	0.1831895195	0.9784089906	0.1821137326
0.8178114615	0.1821885385	0.9786736219	0.1818935331
0.8188124424	0.1811875576	0.9789362718	0.1816738342
0.8198134234	0.1801865766	0.9791969472	0.1814546343
0.8208144044	0.1791855956	0.9794556551	0.1812359319
0.8218153854	0.1781846146	0.9797124026	0.1810177253
0.8228163664	0.1771836336	0.9799671965	0.1808000128
0.8238173473	0.1761826527	0.9802200438	0.1805827929
0.8248183283	0.1751816717	0.9804709514	0.180366064
0.8258193093	0.1741806907	0.9807199263	0.1801498246
0.8268202903	0.1731797097	0.9809669752	0.1799340729
0.8278212713	0.1721787287	0.981212105	0.1797188074
0.8288222523	0.1711777477	0.9814553226	0.1795040267
0.8298232332	0.1701767668	0.9816966347	0.179289729
0.8308242142	0.1691757858	0.9819360482	0.1790759129
0.8318251952	0.1681748048	0.9821735698	0.1788625768
0.8328261762	0.1671738238	0.9824092063	0.1786497191
0.8338271572	0.1661728428	0.9826429644	0.1784373384
0.8348281381	0.1651718619	0.9828748507	0.178225433
0.8358291191	0.1641708809	0.983104872	0.1780140015
0.8368301001	0.1631698999	0.983333035	0.1778030424
0.8378310811	0.1621689189	0.9835593463	0.1775925541
0.8388320621	0.1611679379	0.9837838124	0.1773825351
0.839833043	0.160166957	0.9840064401	0.1771729839
0.840834024	0.159165976	0.9842272359	0.176963899
0.841835005	0.158164995	0.9844462063	0.176755279
0.842835986	0.157164014	0.9846633579	0.1765471224
0.843836967	0.156163033	0.9848786972	0.1763394276
0.8448379479	0.1551620521	0.9850922308	0.1761321932
0.8458389289	0.1541610711	0.985303965	0.1759254178
0.8468399099	0.1531600901	0.9855139065	0.1757190999
0.8478408909	0.1521591091	0.9857220615	0.1755132381
0.8488418719	0.1511581281	0.9859284365	0.1753078308
0.8498428529	0.1501571471	0.986133038	0.1751028767
0.8508438338	0.1491561662	0.9863358723	0.1748983743
0.8518448148	0.1481551852	0.9865369457	0.1746943222
0.8528457958	0.1471542042	0.9867362647	0.174490719
0.8538467768	0.1461532232	0.9869338355	0.1742875632
0.8548477578	0.1451522422	0.9871296644	0.1740848535
0.8558487387	0.1441512613	0.9873237578	0.1738825884
0.8568497197	0.1431502803	0.9875161218	0.1736807666
0.8578507007	0.1421492993	0.9877067627	0.1734793866
0.8588516817	0.1411483183	0.9878956868	0.173278447
0.8598526627	0.1401473373	0.9880829002	0.1730779466
0.8608536436	0.1391463564	0.9882684091	0.1728778838
0.8618546246	0.1381453754	0.9884522197	0.1726782573
0.8628556056	0.1371443944	0.9886343382	0.1724790659
0.8638565866	0.1361434134	0.9888147706	0.172280308
0.8648575676	0.1351424324	0.9889935231	0.1720819824
0.8658585485	0.1341414515	0.9891706018	0.1718840876
0.8668595295	0.1331404705	0.9893460127	0.1716866225
0.8678605105	0.1321394895	0.9895197618	0.1714895855
0.8688614915	0.1311385085	0.9896918552	0.1712929754
0.8698624725	0.1301375275	0.989862299	0.1710967909
0.8708634535	0.1291365465	0.990031099	0.1709010306
0.8718644344	0.1281355656	0.9901982613	0.1707056932
0.8728654154	0.1271345846	0.9903637918	0.1705107774
0.8738663964	0.1261336036	0.9905276965	0.1703162819
0.8748673774	0.1251326226	0.9906899812	0.1701222054
0.8758683584	0.1241316416	0.9908506519	0.1699285466
0.8768693393	0.1231306607	0.9910097145	0.1697353042
0.8778703203	0.1221296797	0.9911671747	0.1695424769
0.8788713013	0.1211286987	0.9913230385	0.1693500635
0.8798722823	0.1201277177	0.9914773116	0.1691580626
0.8808732633	0.1191267367	0.9916299998	0.168966473
0.8818742442	0.1181257558	0.991781109	0.1687752934
0.8828752252	0.1171247748	0.991930645	0.1685845226
0.8838762062	0.1161237938	0.9920786133	0.1683941593
0.8848771872	0.1151228128	0.9922250198	0.1682042023
0.8858781682	0.1141218318	0.9923698702	0.1680146502
0.8868791491	0.1131208509	0.9925131702	0.167825502
0.8878801301	0.1121198699	0.9926549254	0.1676367562
0.8888811111	0.1111188889	0.9927951415	0.1674484118
0.8898820921	0.1101179079	0.9929338241	0.1672604675
0.8908830731	0.1091169269	0.9930709789	0.167072922
0.8918840541	0.1081159459	0.9932066114	0.1668857741
0.892885035	0.107114965	0.9933407272	0.1666990227
0.893886016	0.106113984	0.993473332	0.1665126665
0.894886997	0.105113003	0.9936044311	0.1663267043
0.895887978	0.104112022	0.9937340302	0.1661411349
0.896888959	0.103111041	0.9938621348	0.1659559571
0.8978899399	0.1021100601	0.9939887503	0.1657711698
0.8988909209	0.1011090791	0.9941138822	0.1655867717
0.8998919019	0.1001080981	0.994237536	0.1654027617
0.9008928829	0.09910711712	0.9943597171	0.1652191387
0.9018938639	0.09810613614	0.994480431	0.1650359013
0.9028948448	0.09710515516	0.994599683	0.1648530485
0.9038958258	0.09610417417	0.9947174785	0.1646705791
0.9048968068	0.09510319319	0.9948338229	0.1644884919
0.9058977878	0.09410221221	0.9949487215	0.1643067859
0.9068987688	0.09310123123	0.9950621796	0.1641254597
0.9078997497	0.09210025025	0.9951742026	0.1639445124
0.9089007307	0.09109926927	0.9952847958	0.1637639428
0.9099017117	0.09009828829	0.9953939645	0.1635837497
0.9109026927	0.08909730731	0.9955017138	0.163403932
0.9119036737	0.08809632633	0.9956080491	0.1632244885
0.9129046547	0.08709534535	0.9957129755	0.1630454182
0.9139056356	0.08609436436	0.9958164984	0.16286672
0.9149066166	0.08509338338	0.9959186228	0.1626883927
0.9159075976	0.0840924024	0.9960193539	0.1625104351
0.9169085786	0.08309142142	0.9961186969	0.1623328463
0.9179095596	0.08209044044	0.996216657	0.1621556252
0.9189105405	0.08108945946	0.9963132393	0.1619787705
0.9199115215	0.08008847848	0.9964084488	0.1618022813
0.9209125025	0.0790874975	0.9965022907	0.1616261564
0.9219134835	0.07808651652	0.99659477	0.1614503947
0.9229144645	0.07708553554	0.9966858918	0.1612749953
0.9239154454	0.07608455455	0.9967756611	0.1610999569
0.9249164264	0.07508357357	0.996864083	0.1609252786
0.9259174074	0.07408259259	0.9969511624	0.1607509592
0.9269183884	0.07308161161	0.9970369044	0.1605769978
0.9279193694	0.07208063063	0.9971213139	0.1604033932
0.9289203504	0.07107964965	0.9972043958	0.1602301443
0.9299213313	0.07007866867	0.9972861552	0.1600572503
0.9309223123	0.06907768769	0.9973665969	0.1598847099
0.9319232933	0.06807670671	0.9974457258	0.1597125222
0.9329242743	0.06707572573	0.9975235469	0.1595406861
0.9339252553	0.06607474474	0.9976000649	0.1593692005
0.9349262362	0.06507376376	0.9976752848	0.1591980645
0.9359272172	0.06407278278	0.9977492115	0.1590272771
0.9369281982	0.0630718018	0.9978218496	0.1588568371
0.9379291792	0.06207082082	0.9978932041	0.1586867437
0.9389301602	0.06106983984	0.9979632796	0.1585169957
0.9399311411	0.06006885886	0.9980320811	0.1583475921
0.9409321221	0.05906787788	0.9980996133	0.158178532
0.9419331031	0.0580668969	0.9981658808	0.1580098144
0.9429340841	0.05706591592	0.9982308885	0.1578414381
0.9439350651	0.05606493493	0.9982946411	0.1576734024
0.944936046	0.05506395395	0.9983571431	0.1575057061
0.945937027	0.05406297297	0.9984183994	0.1573383483
0.946938008	0.05306199199	0.9984784146	0.1571713279
0.947938989	0.05206101101	0.9985371934	0.1570046441
0.94893997	0.05106003003	0.9985947403	0.1568382958
0.949940951	0.05005904905	0.99865106	0.156672282
0.9509419319	0.04905806807	0.9987061571	0.1565066018
0.9519429129	0.04805708709	0.9987600362	0.1563412543
0.9529438939	0.04705610611	0.9988127018	0.1561762383
0.9539448749	0.04605512513	0.9988641585	0.1560115531
0.9549458559	0.04505414414	0.9989144109	0.1558471977
0.9559468368	0.04405316316	0.9989634635	0.155683171
0.9569478178	0.04305218218	0.9990113208	0.1555194721
0.9579487988	0.0420512012	0.9990579872	0.1553561002
0.9589497798	0.04105022022	0.9991034673	0.1551930542
0.9599507608	0.04004923924	0.9991477656	0.1550303332
0.9609517417	0.03904825826	0.9991908864	0.1548679363
0.9619527227	0.03804727728	0.9992328343	0.1547058625
0.9629537037	0.0370462963	0.9992736135	0.154544111
0.9639546847	0.03604531532	0.9993132286	0.1543826807
0.9649556657	0.03504433433	0.999351684	0.1542215708
0.9659566466	0.03404335335	0.9993889839	0.1540607804
0.9669576276	0.03304237237	0.9994251328	0.1539003086
0.9679586086	0.03204139139	0.9994601351	0.1537401544
0.9689595896	0.03104041041	0.9994939949	0.1535803169
0.9699605706	0.03003942943	0.9995267167	0.1534207952
0.9709615516	0.02903844845	0.9995583048	0.1532615884
0.9719625325	0.02803746747	0.9995887635	0.1531026957
0.9729635135	0.02703648649	0.9996180969	0.1529441161
0.9739644945	0.02603550551	0.9996463094	0.1527858487
0.9749654755	0.02503452452	0.9996734053	0.1526278927
0.9759664565	0.02403354354	0.9996993886	0.1524702472
0.9769674374	0.02303256256	0.9997242638	0.1523129113
0.9779684184	0.02203158158	0.9997480349	0.1521558841
0.9789693994	0.0210306006	0.9997707061	0.1519991647
0.9799703804	0.02002961962	0.9997922817	0.1518427522
0.9809713614	0.01902863864	0.9998127658	0.1516866459
0.9819723423	0.01802765766	0.9998321624	0.1515308448
0.9829733233	0.01702667668	0.9998504759	0.1513753481
0.9839743043	0.0160256957	0.9998677102	0.1512201549
0.9849752853	0.01502471471	0.9998838694	0.1510652644
0.9859762663	0.01402373373	0.9998989577	0.1509106756
0.9869772472	0.01302275275	0.9999129791	0.1507563878
0.9879782282	0.01202177177	0.9999259377	0.1506024002
0.9889792092	0.01102079079	0.9999378376	0.1504487118
0.9899801902	0.01001980981	0.9999486827	0.1502953218
0.9909811712	0.009018828829	0.999958477	0.1501422294
0.9919821522	0.008017847848	0.9999672247	0.1499894338
0.9929831331	0.007016866867	0.9999749296	0.1498369341
0.9939841141	0.006015885886	0.9999815958	0.1496847295
0.9949850951	0.005014904905	0.9999872272	0.1495328191
0.9959860761	0.004013923924	0.9999918277	0.1493812023
0.9969870571	0.003012942943	0.9999954013	0.149229878
0.997988038	0.002011961962	0.999997952	0.1490788456
0.998989019	0.001010980981	0.9999994836	0.1489281042
0.99999	1e-05	0.9999999999	0.1487776529
