1e-05	0.99999	0.000501962398	0.9999999962
0.001010980981	0.998989019	0.0005416209123	0.9999612366
0.002011961962	0.997988038	0.0005838283043	0.9998477308
0.003012942943	0.9969870571	0.0006287043606	0.9996613262
0.004013923924	0.9959860761	0.0006763718325	0.999403848
0.005014904905	0.9949850951	0.0007269563837	0.9990770984
0.006015885886	0.9939841141	0.0007805865332	0.9986828553
0.007016866867	0.9929831331	0.0008373935937	0.9982228713
0.008017847848	0.9919821522	0.0008975116045	0.9976988732
0.009018828829	0.9909811712	0.0009610772605	0.9971125611
0.01001980981	0.9899801902	0.001028229836	0.9964656082
0.01102079079	0.9889792092	0.001099111106	0.9957596598
0.01202177177	0.9879782282	0.001173865258	0.9949963332
0.01302275275	0.9869772472	0.00125263881	0.9941772178
0.01402373373	0.9859762663	0.001335580514	0.9933038741
0.01502471471	0.9849752853	0.001422841261	0.9923778343
0.0160256957	0.9839743043	0.001514573986	0.9914006017
0.01702667668	0.9829733233	0.001610933562	0.9903736511
0.01802765766	0.9819723423	0.001712076698	0.9892984282
0.01902863864	0.9809713614	0.001818161829	0.9881763506
0.02002961962	0.9799703804	0.001929349012	0.9870088071
0.0210306006	0.9789693994	0.002045799807	0.9857971582
0.02203158158	0.9779684184	0.002167677167	0.9845427362
0.02303256256	0.9769674374	0.002295145323	0.9832468456
0.02403354354	0.9759664565	0.002428369664	0.981910763
0.02503452452	0.9749654755	0.002567516621	0.9805357378
0.02603550551	0.9739644945	0.002712753546	0.9791229921
0.02703648649	0.9729635135	0.002864248592	0.9776737213
0.02803746747	0.9719625325	0.003022170589	0.9761890942
0.02903844845	0.9709615516	0.003186688927	0.9746702535
0.03003942943	0.9699605706	0.003357973432	0.973118316
0.03104041041	0.9689595896	0.003536194239	0.9715343734
0.03204139139	0.9679586086	0.003721521679	0.969919492
0.03304237237	0.9669576276	0.00391412615	0.9682747136
0.03404335335	0.9659566466	0.004114177997	0.9666010556
0.03504433433	0.9649556657	0.004321847396	0.9648995118
0.03604531532	0.9639546847	0.004537304227	0.9631710523
0.0370462963	0.9629537037	0.00476071796	0.9614166241
0.03804727728	0.9619527227	0.004992257536	0.9596371518
0.03904825826	0.9609517417	0.005232091252	0.9578335374
0.04004923924	0.9599507608	0.005480386642	0.9560066615
0.04105022022	0.9589497798	0.005737310367	0.9541573827
0.0420512012	0.9579487988	0.006003028105	0.9522865392
0.04305218218	0.9569478178	0.006277704436	0.9503949481
0.04405316316	0.9559468368	0.006561502737	0.9484834066
0.04505414414	0.9549458559	0.006854585077	0.9465526918
0.04605512513	0.9539448749	0.007157112113	0.9446035618
0.04705610611	0.9529438939	0.007469242985	0.9426367552
0.04805708709	0.9519429129	0.007791135223	0.9406529924
0.04905806807	0.9509419319	0.008122944645	0.9386529753
0.05005904905	0.949940951	0.008464825267	0.9366373882
0.05106003003	0.94893997	0.008816929208	0.9346068977
0.05206101101	0.947938989	0.009179406603	0.9325621534
0.05306199199	0.946938008	0.009552405517	0.9305037882
0.05406297297	0.945937027	0.009936071861	0.9284324187
0.05506395395	0.944936046	0.01033054931	0.9263486453
0.05606493493	0.9439350651	0.01073597923	0.9242530531
0.05706591592	0.9429340841	0.01115250059	0.9221462115
0.0580668969	0.9419331031	0.01158024992	0.9200286752
0.05906787788	0.9409321221	0.0120193612	0.9179009844
0.06006885886	0.9399311411	0.01246996582	0.9157636648
0.06106983984	0.9389301602	0.01293219252	0.9136172281
0.06207082082	0.9379291792	0.01340616732	0.9114621727
0.0630718018	0.9369281982	0.01389201346	0.9092989833
0.06407278278	0.9359272172	0.01438985135	0.9071281318
0.06507376376	0.9349262362	0.01489979851	0.9049500775
0.06607474474	0.9339252553	0.01542196956	0.902765267
0.06707572573	0.9329242743	0.01595647611	0.900574135
0.06807670671	0.9319232933	0.01650342677	0.8983771043
0.06907768769	0.9309223123	0.01706292709	0.8961745862
0.07007866867	0.9299213313	0.01763507951	0.8939669806
0.07107964965	0.9289203504	0.01821998337	0.8917546766
0.07208063063	0.9279193694	0.01881773483	0.8895380524
0.07308161161	0.9269183884	0.01942842685	0.8873174758
0.07408259259	0.9259174074	0.02005214919	0.8850933042
0.07508357357	0.9249164264	0.02068898839	0.8828658852
0.07608455455	0.9239154454	0.02133902768	0.8806355566
0.07708553554	0.9229144645	0.02200234707	0.8784026468
0.07808651652	0.9219134835	0.02267902324	0.8761674747
0.0790874975	0.9209125025	0.02336912958	0.8739303503
0.08008847848	0.9199115215	0.02407273616	0.8716915748
0.08108945946	0.9189105405	0.02478990972	0.8694514406
0.08209044044	0.9179095596	0.02552071369	0.867210232
0.08309142142	0.9169085786	0.02626520815	0.8649682249
0.0840924024	0.9159075976	0.02702344985	0.8627256872
0.08509338338	0.9149066166	0.02779549221	0.8604828792
0.08609436436	0.9139056356	0.02858138532	0.8582400533
0.08709534535	0.9129046547	0.02938117594	0.8559974549
0.08809632633	0.9119036737	0.03019490753	0.8537553217
0.08909730731	0.9109026927	0.03102262022	0.8515138848
0.09009828829	0.9099017117	0.03186435086	0.8492733682
0.09109926927	0.9089007307	0.032720133	0.8470339891
0.09210025025	0.9078997497	0.03358999695	0.8447959585
0.09310123123	0.9068987688	0.03447396973	0.8425594807
0.09410221221	0.9058977878	0.03537207515	0.8403247541
0.09510319319	0.9048968068	0.03628433381	0.8380919708
0.09610417417	0.9038958258	0.0372107631	0.8358613171
0.09710515516	0.9028948448	0.03815137725	0.8336329737
0.09810613614	0.9018938639	0.03910618734	0.8314071154
0.09910711712	0.9008928829	0.04007520134	0.8291839118
0.1001080981	0.8998919019	0.0410584241	0.8269635271
0.1011090791	0.8988909209	0.04205585744	0.8247461203
0.1021100601	0.8978899399	0.04306750013	0.8225318453
0.103111041	0.896888959	0.04409334792	0.8203208512
0.104112022	0.895887978	0.04513339362	0.8181132822
0.105113003	0.894886997	0.04618762706	0.815909278
0.106113984	0.893886016	0.0472560352	0.8137089734
0.107114965	0.892885035	0.04833860211	0.8115124992
0.1081159459	0.8918840541	0.04943530902	0.8093199815
0.1091169269	0.8908830731	0.05054613437	0.8071315425
0.1101179079	0.8898820921	0.05167105385	0.8049473
0.1111188889	0.8888811111	0.05281004038	0.802767368
0.1121198699	0.8878801301	0.05396306426	0.8005918565
0.1131208509	0.8868791491	0.05513009308	0.7984208719
0.1141218318	0.8858781682	0.05631109187	0.7962545167
0.1151228128	0.8848771872	0.05750602308	0.7940928899
0.1161237938	0.8838762062	0.05871484662	0.7919360869
0.1171247748	0.8828752252	0.05993751993	0.7897841998
0.1181257558	0.8818742442	0.06117399802	0.7876373173
0.1191267367	0.8808732633	0.06242423348	0.785495525
0.1201277177	0.8798722823	0.06368817656	0.7833589051
0.1211286987	0.8788713013	0.06496577519	0.7812275369
0.1221296797	0.8778703203	0.06625697503	0.7791014968
0.1231306607	0.8768693393	0.06756171951	0.776980858
0.1241316416	0.8758683584	0.06887994989	0.7748656912
0.1251326226	0.8748673774	0.07021160528	0.7727560641
0.1261336036	0.8738663964	0.0715566227	0.7706520418
0.1271345846	0.8728654154	0.07291493712	0.7685536867
0.1281355656	0.8718644344	0.07428648149	0.7664610589
0.1291365465	0.8708634535	0.07567118683	0.7643742157
0.1301375275	0.8698624725	0.07706898221	0.7622932121
0.1311385085	0.8688614915	0.07847979485	0.760218101
0.1321394895	0.8678605105	0.07990355013	0.7581489326
0.1331404705	0.8668595295	0.08134017163	0.7560857552
0.1341414515	0.8658585485	0.08278958123	0.7540286148
0.1351424324	0.8648575676	0.08425169906	0.7519775552
0.1361434134	0.8638565866	0.08572644365	0.7499326183
0.1371443944	0.8628556056	0.08721373188	0.7478938441
0.1381453754	0.8618546246	0.08871347909	0.7458612703
0.1391463564	0.8608536436	0.09022559908	0.7438349331
0.1401473373	0.8598526627	0.09175000418	0.7418148666
0.1411483183	0.8588516817	0.09328660527	0.7398011033
0.1421492993	0.8578507007	0.09483531187	0.7377936737
0.1431502803	0.8568497197	0.0963960321	0.7357926069
0.1441512613	0.8558487387	0.0979686728	0.7337979302
0.1451522422	0.8548477578	0.09955313953	0.7318096693
0.1461532232	0.8538467768	0.1011493366	0.7298278484
0.1471542042	0.8528457958	0.1027571673	0.7278524901
0.1481551852	0.8518448148	0.1043765334	0.7258836157
0.1491561662	0.8508438338	0.106007336	0.7239212448
0.1501571471	0.8498428529	0.1076494749	0.7219653959
0.1511581281	0.8488418719	0.1093028488	0.7200160859
0.1521591091	0.8478408909	0.1109673556	0.7180733306
0.1531600901	0.8468399099	0.1126428922	0.7161371443
0.1541610711	0.8458389289	0.1143293545	0.7142075403
0.1551620521	0.8448379479	0.1160266376	0.7122845304
0.156163033	0.843836967	0.1177346357	0.7103681256
0.157164014	0.842835986	0.1194532424	0.7084583354
0.158164995	0.841835005	0.1211823503	0.7065551683
0.159165976	0.840834024	0.1229218514	0.704658632
0.160166957	0.839833043	0.1246716369	0.7027687327
0.1611679379	0.8388320621	0.1264315975	0.7008854759
0.1621689189	0.8378310811	0.1282016231	0.699008866
0.1631698999	0.8368301001	0.1299816033	0.6971389064
0.1641708809	0.8358291191	0.1317714268	0.6952755998
0.1651718619	0.8348281381	0.133570982	0.6934189477
0.1661728428	0.8338271572	0.1353801567	0.691568951
0.1671738238	0.8328261762	0.1371988383	0.6897256094
0.1681748048	0.8318251952	0.1390269139	0.6878889221
0.1691757858	0.8308242142	0.1408642699	0.6860588874
0.1701767668	0.8298232332	0.1427107927	0.6842355028
0.1711777477	0.8288222523	0.144566368	0.6824187649
0.1721787287	0.8278212713	0.1464308815	0.6806086699
0.1731797097	0.8268202903	0.1483042185	0.6788052131
0.1741806907	0.8258193093	0.150186264	0.677008389
0.1751816717	0.8248183283	0.152076903	0.6752181916
0.1761826527	0.8238173473	0.1539760199	0.6734346143
0.1771836336	0.8228163664	0.1558834995	0.6716576497
0.1781846146	0.8218153854	0.1577992259	0.6698872898
0.1791855956	0.8208144044	0.1597230835	0.6681235262
0.1801865766	0.8198134234	0.1616549565	0.6663663499
0.1811875576	0.8188124424	0.1635947289	0.664615751
0.1821885385	0.8178114615	0.1655422848	0.6628717196
0.1831895195	0.8168104805	0.1674975083	0.6611342449
0.1841905005	0.8158094995	0.1694602835	0.6594033157
0.1851914815	0.8148085185	0.1714304945	0.6576789203
0.1861924625	0.8138075375	0.1734080254	0.6559610467
0.1871934434	0.8128065566	0.1753927605	0.6542496822
0.1881944244	0.8118055756	0.1773845843	0.6525448137
0.1891954054	0.8108045946	0.1793833811	0.6508464279
0.1901963864	0.8098036136	0.1813890356	0.6491545109
0.1911973674	0.8088026326	0.1834014325	0.6474690485
0.1921983483	0.8078016517	0.185420457	0.6457900259
0.1931993293	0.8068006707	0.1874459941	0.6441174281
0.1942003103	0.8057996897	0.1894779293	0.6424512399
0.1952012913	0.8047987087	0.1915161482	0.6407914455
0.1962022723	0.8037977277	0.1935605368	0.6391380289
0.1972032533	0.8027967467	0.1956109812	0.6374909737
0.1982042342	0.8017957658	0.1976673679	0.6358502633
0.1992052152	0.8007947848	0.1997295837	0.6342158806
0.2002061962	0.7997938038	0.2017975157	0.6325878085
0.2012071772	0.7987928228	0.2038710514	0.6309660294
0.2022081582	0.7977918418	0.2059500787	0.6293505255
0.2032091391	0.7967908609	0.2080344856	0.6277412788
0.2042101201	0.7957898799	0.2101241609	0.6261382711
0.2052111011	0.7947888989	0.2122189935	0.6245414837
0.2062120821	0.7937879179	0.2143188728	0.622950898
0.2072130631	0.7927869369	0.2164236886	0.621366495
0.208214044	0.791785956	0.2185333313	0.6197882555
0.209215025	0.790784975	0.2206476915	0.6182161601
0.210216006	0.789783994	0.2227666606	0.6166501893
0.211216987	0.788783013	0.22489013	0.6150903234
0.212217968	0.787782032	0.2270179921	0.6135365424
0.2132189489	0.7867810511	0.2291501395	0.6119888262
0.2142199299	0.7857800701	0.2312864655	0.6104471547
0.2152209109	0.7847790891	0.2334268636	0.6089115074
0.2162218919	0.7837781081	0.2355712282	0.6073818637
0.2172228729	0.7827771271	0.2377194541	0.6058582031
0.2182238539	0.7817761461	0.2398714365	0.6043405047
0.2192248348	0.7807751652	0.2420270715	0.6028287475
0.2202258158	0.7797741842	0.2441862555	0.6013229105
0.2212267968	0.7787732032	0.2463488856	0.5998229726
0.2222277778	0.7777722222	0.2485148593	0.5983289125
0.2232287588	0.7767712412	0.250684075	0.5968407089
0.2242297397	0.7757702603	0.2528564315	0.5953583402
0.2252307207	0.7747692793	0.2550318283	0.5938817849
0.2262317017	0.7737682983	0.2572101653	0.5924110214
0.2272326827	0.7727673173	0.2593913434	0.5909460281
0.2282336637	0.7717663363	0.2615752639	0.589486783
0.2292346446	0.7707653554	0.2637618286	0.5880332644
0.2302356256	0.7697643744	0.2659509403	0.5865854504
0.2312366066	0.7687633934	0.2681425022	0.5851433189
0.2322375876	0.7677624124	0.2703364181	0.583706848
0.2332385686	0.7667614314	0.2725325927	0.5822760157
0.2342395495	0.7657604505	0.2747309311	0.5808507997
0.2352405305	0.7647594695	0.2769313394	0.579431178
0.2362415115	0.7637584885	0.279133724	0.5780171283
0.2372424925	0.7627575075	0.2813379921	0.5766086285
0.2382434735	0.7617565265	0.2835440518	0.5752056563
0.2392444545	0.7607555455	0.2857518116	0.5738081893
0.2402454354	0.7597545646	0.2879611808	0.5724162054
0.2412464164	0.7587535836	0.2901720695	0.5710296823
0.2422473974	0.7577526026	0.2923843882	0.5696485975
0.2432483784	0.7567516216	0.2945980483	0.5682729288
0.2442493594	0.7557506406	0.296812962	0.5669026538
0.2452503403	0.7547496597	0.299029042	0.5655377502
0.2462513213	0.7537486787	0.3012462017	0.5641781957
0.2472523023	0.7527476977	0.3034643554	0.5628239678
0.2482532833	0.7517467167	0.3056834179	0.5614750444
0.2492542643	0.7507457357	0.3079033048	0.5601314029
0.2502552452	0.7497447548	0.3101239325	0.5587930212
0.2512562262	0.7487437738	0.3123452179	0.557459877
0.2522572072	0.7477427928	0.3145670788	0.5561319478
0.2532581882	0.7467418118	0.3167894336	0.5548092116
0.2542591692	0.7457408308	0.3190122014	0.5534916459
0.2552601502	0.7447398498	0.3212353022	0.5521792287
0.2562611311	0.7437388689	0.3234586564	0.5508719377
0.2572621121	0.7427378879	0.3256821855	0.5495697507
0.2582630931	0.7417369069	0.3279058113	0.5482726456
0.2592640741	0.7407359259	0.3301294566	0.5469806003
0.2602650551	0.7397349449	0.3323530449	0.5456935928
0.261266036	0.738733964	0.3345765003	0.5444116009
0.262267017	0.737732983	0.3367997476	0.5431346027
0.263267998	0.736732002	0.3390227124	0.5418625763
0.264268979	0.735731021	0.3412453211	0.5405954996
0.26526996	0.73473004	0.3434675006	0.5393333509
0.2662709409	0.7337290591	0.3456891786	0.5380761083
0.2672719219	0.7327280781	0.3479102835	0.5368237501
0.2682729029	0.7317270971	0.3501307445	0.5355762544
0.2692738839	0.7307261161	0.3523504914	0.5343335997
0.2702748649	0.7297251351	0.3545694547	0.5330957643
0.2712758458	0.7287241542	0.3567875657	0.5318627265
0.2722768268	0.7277231732	0.3590047563	0.5306344649
0.2732778078	0.7267221922	0.3612209591	0.5294109581
0.2742787888	0.7257212112	0.3634361075	0.5281921845
0.2752797698	0.7247202302	0.3656501355	0.5269781228
0.2762807508	0.7237192492	0.3678629778	0.5257687518
0.2772817317	0.7227182683	0.3700745699	0.5245640502
0.2782827127	0.7217172873	0.3722848479	0.5233639968
0.2792836937	0.7207163063	0.3744937486	0.5221685705
0.2802846747	0.7197153253	0.3767012094	0.5209777502
0.2812856557	0.7187143443	0.3789071686	0.519791515
0.2822866366	0.7177133634	0.3811115649	0.518609844
0.2832876176	0.7167123824	0.3833143379	0.5174327162
0.2842885986	0.7157114014	0.3855154278	0.5162601109
0.2852895796	0.7147104204	0.3877147755	0.5150920074
0.2862905606	0.7137094394	0.3899123225	0.5139283849
0.2872915415	0.7127084585	0.392108011	0.512769223
0.2882925225	0.7117074775	0.3943017839	0.5116145011
0.2892935035	0.7107064965	0.3964935847	0.5104641987
0.2902944845	0.7097055155	0.3986833577	0.5093182956
0.2912954655	0.7087045345	0.4008710475	0.5081767713
0.2922964464	0.7077035536	0.4030565999	0.5070396056
0.2932974274	0.7067025726	0.4052399608	0.5059067784
0.2942984084	0.7057015916	0.4074210771	0.5047782697
0.2952993894	0.7047006106	0.4095998962	0.5036540593
0.2963003704	0.7036996296	0.4117763663	0.5025341273
0.2973013514	0.7026986486	0.4139504359	0.501418454
0.2983023323	0.7016976677	0.4161220544	0.5003070195
0.2993033133	0.7006966867	0.4182911718	0.4991998041
0.3003042943	0.6996957057	0.4204577387	0.4980967881
0.3013052753	0.6986947247	0.4226217063	0.496997952
0.3023062563	0.6976937437	0.4247830264	0.4959032764
0.3033072372	0.6966927628	0.4269416514	0.4948127418
0.3043082182	0.6956917818	0.4290975345	0.4937263289
0.3053091992	0.6946908008	0.4312506292	0.4926440184
0.3063101802	0.6936898198	0.4334008898	0.4915657913
0.3073111612	0.6926888388	0.4355482712	0.4904916283
0.3083121421	0.6916878579	0.4376927289	0.4894215105
0.3093131231	0.6906868769	0.4398342188	0.488355419
0.3103141041	0.6896858959	0.4419726976	0.4872933348
0.3113150851	0.6886849149	0.4441081226	0.4862352393
0.3123160661	0.6876839339	0.4462404515	0.4851811137
0.313317047	0.686682953	0.4483696427	0.4841309395
0.314318028	0.685681972	0.4504956552	0.483084698
0.315319009	0.684680991	0.4526184484	0.4820423709
0.31631999	0.68368001	0.4547379824	0.4810039397
0.317320971	0.682679029	0.456854218	0.4799693861
0.318321952	0.681678048	0.4589671162	0.4789386921
0.3193229329	0.6806770671	0.4610766388	0.4779118393
0.3203239139	0.6796760861	0.4631827482	0.4768888098
0.3213248949	0.6786751051	0.4652854072	0.4758695856
0.3223258759	0.6776741241	0.4673845791	0.4748541488
0.3233268569	0.6766731431	0.4694802278	0.4738424816
0.3243278378	0.6756721622	0.4715723179	0.4728345663
0.3253288188	0.6746711812	0.4736608143	0.4718303852
0.3263297998	0.6736702002	0.4757456826	0.4708299207
0.3273307808	0.6726692192	0.4778268886	0.4698331553
0.3283317618	0.6716682382	0.4799043991	0.4688400717
0.3293327427	0.6706672573	0.481978181	0.4678506526
0.3303337237	0.6696662763	0.4840482019	0.4668648806
0.3313347047	0.6686652953	0.4861144299	0.4658827386
0.3323356857	0.6676643143	0.4881768336	0.4649042095
0.3333366667	0.6666633333	0.490235382	0.4639292763
0.3343376476	0.6656623524	0.4922900446	0.4629579222
0.3353386286	0.6646613714	0.4943407916	0.4619901301
0.3363396096	0.6636603904	0.4963875935	0.4610258834
0.3373405906	0.6626594094	0.4984304213	0.4600651655
0.3383415716	0.6616584284	0.5004692465	0.4591079595
0.3393425526	0.6606574474	0.502504041	0.4581542492
0.3403435335	0.6596564665	0.5045347773	0.4572040179
0.3413445145	0.6586554855	0.5065614283	0.4562572494
0.3423454955	0.6576545045	0.5085839673	0.4553139273
0.3433464765	0.6566535235	0.5106023682	0.4543740355
0.3443474575	0.6556525425	0.5126166053	0.4534375577
0.3453484384	0.6546515616	0.5146266532	0.452504478
0.3463494194	0.6536505806	0.5166324872	0.4515747804
0.3473504004	0.6526495996	0.5186340827	0.4506484489
0.3483513814	0.6516486186	0.520631416	0.4497254678
0.3493523624	0.6506476376	0.5226244634	0.4488058213
0.3503533433	0.6496466567	0.5246132019	0.4478894937
0.3513543243	0.6486456757	0.5265976088	0.4469764695
0.3523553053	0.6476446947	0.5285776618	0.4460667332
0.3533562863	0.6466437137	0.5305533392	0.4451602692
0.3543572673	0.6456427327	0.5325246195	0.4442570624
0.3553582482	0.6446417518	0.5344914818	0.4433570973
0.3563592292	0.6436407708	0.5364539053	0.4424603588
0.3573602102	0.6426397898	0.53841187	0.4415668317
0.3583611912	0.6416388088	0.5403653561	0.4406765011
0.3593621722	0.6406378278	0.5423143441	0.4397893518
0.3603631532	0.6396368468	0.544258815	0.4389053691
0.3613641341	0.6386358659	0.5461987503	0.4380245381
0.3623651151	0.6376348849	0.5481341317	0.4371468441
0.3633660961	0.6366339039	0.5500649413	0.4362722723
0.3643670771	0.6356329229	0.5519911617	0.4354008082
0.3653680581	0.6346319419	0.5539127758	0.4345324372
0.366369039	0.633630961	0.5558297669	0.433667145
0.36737002	0.63262998	0.5577421185	0.432804917
0.368371001	0.631628999	0.5596498147	0.4319457391
0.369371982	0.630628018	0.5615528398	0.4310895969
0.370372963	0.629627037	0.5634511786	0.4302364763
0.3713739439	0.6286260561	0.5653448161	0.4293863633
0.3723749249	0.6276250751	0.5672337378	0.4285392438
0.3733759059	0.6266240941	0.5691179293	0.4276951038
0.3743768869	0.6256231131	0.5709973768	0.4268539295
0.3753778679	0.6246221321	0.5728720667	0.4260157071
0.3763788488	0.6236211512	0.5747419859	0.4251804229
0.3773798298	0.6226201702	0.5766071213	0.4243480632
0.3783808108	0.6216191892	0.5784674604	0.4235186144
0.3793817918	0.6206182082	0.580322991	0.4226920629
0.3803827728	0.6196172272	0.5821737012	0.4218683955
0.3813837538	0.6186162462	0.5840195794	0.4210475986
0.3823847347	0.6176152653	0.5858606142	0.4202296589
0.3833857157	0.6166142843	0.5876967946	0.4194145632
0.3843866967	0.6156133033	0.5895281101	0.4186022984
0.3853876777	0.6146123223	0.5913545502	0.4177928514
0.3863886587	0.6136113413	0.5931761049	0.416986209
0.3873896396	0.6126103604	0.5949927644	0.4161823584
0.3883906206	0.6116093794	0.5968045192	0.4153812866
0.3893916016	0.6106083984	0.5986113601	0.4145829808
0.3903925826	0.6096074174	0.6004132783	0.4137874282
0.3913935636	0.6086064364	0.6022102651	0.4129946162
0.3923945445	0.6076054555	0.6040023123	0.4122045321
0.3933955255	0.6066044745	0.6057894117	0.4114171633
0.3943965065	0.6056034935	0.6075715555	0.4106324973
0.3953974875	0.6046025125	0.6093487364	0.4098505217
0.3963984685	0.6036015315	0.611120947	0.4090712242
0.3973994494	0.6026005506	0.6128881805	0.4082945924
0.3984004304	0.6015995696	0.61465043	0.4075206141
0.3994014114	0.6005985886	0.6164076892	0.406749277
0.4004023924	0.5995976076	0.6181599519	0.4059805692
0.4014033734	0.5985966266	0.6199072122	0.4052144785
0.4024043544	0.5975956456	0.6216494644	0.404450993
0.4034053353	0.5965946647	0.623386703	0.4036901006
0.4044063163	0.5955936837	0.625118923	0.4029317897
0.4054072973	0.5945927027	0.6268461193	0.4021760483
0.4064082783	0.5935917217	0.6285682873	0.4014228648
0.4074092593	0.5925907407	0.6302854226	0.4006722274
0.4084102402	0.5915897598	0.6319975208	0.3999241246
0.4094112212	0.5905887788	0.6337045781	0.3991785447
0.4104122022	0.5895877978	0.6354065907	0.3984354764
0.4114131832	0.5885868168	0.6371035551	0.3976949081
0.4124141642	0.5875858358	0.6387954679	0.3969568285
0.4134151451	0.5865848549	0.6404823261	0.3962212264
0.4144161261	0.5855838739	0.6421641268	0.3954880903
0.4154171071	0.5845828929	0.6438408674	0.3947574093
0.4164180881	0.5835819119	0.6455125455	0.394029172
0.4174190691	0.5825809309	0.6471791588	0.3933033675
0.4184200501	0.5815799499	0.6488407053	0.3925799847
0.419421031	0.580578969	0.6504971833	0.3918590127
0.420422012	0.579577988	0.6521485911	0.3911404406
0.421422993	0.578577007	0.6537949274	0.3904242575
0.422423974	0.577576026	0.6554361909	0.3897104526
0.423424955	0.576575045	0.6570723806	0.3889990153
0.4244259359	0.5755740641	0.6587034958	0.3882899348
0.4254269169	0.5745730831	0.6603295358	0.3875832006
0.4264278979	0.5735721021	0.6619505003	0.386878802
0.4274288789	0.5725711211	0.6635663889	0.3861767286
0.4284298599	0.5715701401	0.6651772016	0.38547697
0.4294308408	0.5705691592	0.6667829386	0.3847795156
0.4304318218	0.5695681782	0.6683836001	0.3840843553
0.4314328028	0.5685671972	0.6699791867	0.3833914787
0.4324337838	0.5675662162	0.671569699	0.3827008756
0.4334347648	0.5665652352	0.6731551379	0.3820125358
0.4344357457	0.5655642543	0.6747355043	0.3813264492
0.4354367267	0.5645632733	0.6763107995	0.3806426057
0.4364377077	0.5635622923	0.6778810248	0.3799609954
0.4374386887	0.5625613113	0.6794461816	0.3792816082
0.4384396697	0.5615603303	0.6810062718	0.3786044343
0.4394406507	0.5605593493	0.682561297	0.3779294637
0.4404416316	0.5595583684	0.6841112593	0.3772566868
0.4414426126	0.5585573874	0.6856561608	0.3765860936
0.4424435936	0.5575564064	0.6871960039	0.3759176747
0.4434445746	0.5565554254	0.688730791	0.3752514202
0.4444455556	0.5555544444	0.6902605247	0.3745873206
0.4454465365	0.5545534635	0.6917852077	0.3739253663
0.4464475175	0.5535524825	0.6933048429	0.3732655479
0.4474484985	0.5525515015	0.6948194334	0.3726078559
0.4484494795	0.5515505205	0.6963289824	0.3719522809
0.4494504605	0.5505495395	0.6978334932	0.3712988135
0.4504514414	0.5495485586	0.6993329692	0.3706474445
0.4514524224	0.5485475776	0.700827414	0.3699981646
0.4524534034	0.5475465966	0.7023168314	0.3693509646
0.4534543844	0.5465456156	0.7038012253	0.3687058354
0.4544553654	0.5455446346	0.7052805996	0.3680627678
0.4554563463	0.5445436537	0.7067549584	0.3674217528
0.4564573273	0.5435426727	0.708224306	0.3667827814
0.4574583083	0.5425416917	0.7096886468	0.3661458446
0.4584592893	0.5415407107	0.7111479853	0.3655109335
0.4594602703	0.5405397297	0.7126023261	0.3648780392
0.4604612513	0.5395387487	0.7140516739	0.364247153
0.4614622322	0.5385377678	0.7154960336	0.3636182661
0.4624632132	0.5375367868	0.7169354101	0.3629913696
0.4634641942	0.5365358058	0.7183698086	0.362366455
0.4644651752	0.5355348248	0.7197992343	0.3617435136
0.4654661562	0.5345338438	0.7212236925	0.3611225368
0.4664671371	0.5335328629	0.7226431886	0.360503516
0.4674681181	0.5325318819	0.7240577281	0.3598864428
0.4684690991	0.5315309009	0.7254673166	0.3592713087
0.4694700801	0.5305299199	0.72687196	0.3586581054
0.4704710611	0.5295289389	0.7282716641	0.3580468243
0.471472042	0.528527958	0.7296664348	0.3574374572
0.472473023	0.527526977	0.7310562781	0.3568299959
0.473474004	0.526525996	0.7324412002	0.356224432
0.474474985	0.525525015	0.7338212074	0.3556207575
0.475475966	0.524524034	0.735196306	0.355018964
0.4764769469	0.5235230531	0.7365665025	0.3544190436
0.4774779279	0.5225220721	0.7379318033	0.3538209881
0.4784789089	0.5215210911	0.7392922151	0.3532247896
0.4794798899	0.5205201101	0.7406477446	0.35263044
0.4804808709	0.5195191291	0.7419983985	0.3520379314
0.4814818519	0.5185181481	0.7433441839	0.351447256
0.4824828328	0.5175171672	0.7446851076	0.3508584058
0.4834838138	0.5165161862	0.7460211767	0.350271373
0.4844847948	0.5155152052	0.7473523984	0.3496861499
0.4854857758	0.5145142242	0.7486787798	0.3491027287
0.4864867568	0.5135132432	0.7500003283	0.3485211017
0.4874877377	0.5125122623	0.7513170513	0.3479412613
0.4884887187	0.5115112813	0.7526289561	0.3473631999
0.4894896997	0.5105103003	0.7539360504	0.3467869098
0.4904906807	0.5095093193	0.7552383417	0.3462123835
0.4914916617	0.5085083383	0.7565358377	0.3456396136
0.4924926426	0.5075073574	0.7578285463	0.3450685926
0.4934936236	0.5065063764	0.7591164751	0.344499313
0.4944946046	0.5055053954	0.7603996321	0.3439317675
0.4954955856	0.5045044144	0.7616780253	0.3433659488
0.4964965666	0.5035034334	0.7629516627	0.3428018494
0.4974975475	0.5025024525	0.7642205524	0.3422394622
0.4984985285	0.5015014715	0.7654847025	0.34167878
0.4994995095	0.5005004905	0.7667441214	0.3411197954
0.5005004905	0.4994995095	0.7679988172	0.3405625015
0.5015014715	0.4984985285	0.7692487983	0.340006891
0.5025024525	0.4974975475	0.7704940732	0.3394529569
0.5035034334	0.4964965666	0.7717346503	0.3389006921
0.5045044144	0.4954955856	0.7729705382	0.3383500896
0.5055053954	0.4944946046	0.7742017453	0.3378011425
0.5065063764	0.4934936236	0.7754282805	0.3372538438
0.5075073574	0.4924926426	0.7766501524	0.3367081865
0.5085083383	0.4914916617	0.7778673697	0.336164164
0.5095093193	0.4904906807	0.7790799412	0.3356217692
0.5105103003	0.4894896997	0.7802878758	0.3350809954
0.5115112813	0.4884887187	0.7814911825	0.3345418359
0.5125122623	0.4874877377	0.7826898701	0.3340042839
0.5135132432	0.4864867568	0.7838839477	0.3334683327
0.5145142242	0.4854857758	0.7850734243	0.3329339757
0.5155152052	0.4844847948	0.7862583091	0.3324012063
0.5165161862	0.4834838138	0.7874386111	0.3318700178
0.5175171672	0.4824828328	0.7886143397	0.3313404037
0.5185181481	0.4814818519	0.789785504	0.3308123575
0.5195191291	0.4804808709	0.7909521133	0.3302858727
0.5205201101	0.4794798899	0.7921141769	0.3297609428
0.5215210911	0.4784789089	0.7932717043	0.3292375614
0.5225220721	0.4774779279	0.7944247047	0.3287157222
0.5235230531	0.4764769469	0.7955731877	0.3281954186
0.524524034	0.475475966	0.7967171628	0.3276766446
0.525525015	0.474474985	0.7978566394	0.3271593936
0.526525996	0.473474004	0.7989916272	0.3266436596
0.527526977	0.472473023	0.8001221356	0.3261294362
0.528527958	0.471472042	0.8012481745	0.3256167172
0.5295289389	0.4704710611	0.8023697533	0.3251054966
0.5305299199	0.4694700801	0.8034868819	0.324595768
0.5315309009	0.4684690991	0.8045995699	0.3240875256
0.5325318819	0.4674681181	0.8057078272	0.3235807631
0.5335328629	0.4664671371	0.8068116635	0.3230754745
0.5345338438	0.4654661562	0.8079110886	0.3225716538
0.5355348248	0.4644651752	0.8090061125	0.3220692951
0.5365358058	0.4634641942	0.8100967449	0.3215683923
0.5375367868	0.4624632132	0.8111829958	0.3210689396
0.5385377678	0.4614622322	0.8122648752	0.3205709311
0.5395387487	0.4604612513	0.813342393	0.3200743609
0.5405397297	0.4594602703	0.8144155592	0.3195792231
0.5415407107	0.4584592893	0.8154843838	0.319085512
0.5425416917	0.4574583083	0.8165488769	0.3185932218
0.5435426727	0.4564573273	0.8176090485	0.3181023468
0.5445436537	0.4554563463	0.8186649088	0.3176128812
0.5455446346	0.4544553654	0.8197164678	0.3171248194
0.5465456156	0.4534543844	0.8207637357	0.3166381556
0.5475465966	0.4524534034	0.8218067226	0.3161528843
0.5485475776	0.4514524224	0.8228454387	0.3156689998
0.5495485586	0.4504514414	0.8238798942	0.3151864966
0.5505495395	0.4494504605	0.8249100994	0.3147053692
0.5515505205	0.4484494795	0.8259360644	0.314225612
0.5525515015	0.4474484985	0.8269577995	0.3137472195
0.5535524825	0.4464475175	0.827975315	0.3132701862
0.5545534635	0.4454465365	0.8289886212	0.3127945068
0.5555544444	0.4444455556	0.8299977283	0.3123201758
0.5565554254	0.4434445746	0.8310026467	0.3118471878
0.5575564064	0.4424435936	0.8320033867	0.3113755375
0.5585573874	0.4414426126	0.8329999587	0.3109052195
0.5595583684	0.4404416316	0.833992373	0.3104362286
0.5605593493	0.4394406507	0.83498064	0.3099685594
0.5615603303	0.4384396697	0.8359647701	0.3095022068
0.5625613113	0.4374386887	0.8369447736	0.3090371654
0.5635622923	0.4364377077	0.8379206611	0.3085734302
0.5645632733	0.4354367267	0.8388924429	0.3081109959
0.5655642543	0.4344357457	0.8398601294	0.3076498573
0.5665652352	0.4334347648	0.840823731	0.3071900094
0.5675662162	0.4324337838	0.8417832583	0.306731447
0.5685671972	0.4314328028	0.8427387217	0.3062741651
0.5695681782	0.4304318218	0.8436901317	0.3058181587
0.5705691592	0.4294308408	0.8446374986	0.3053634227
0.5715701401	0.4284298599	0.8455808331	0.3049099521
0.5725711211	0.4274288789	0.8465201456	0.3044577419
0.5735721021	0.4264278979	0.8474554466	0.3040067873
0.5745730831	0.4254269169	0.8483867465	0.3035570832
0.5755740641	0.4244259359	0.849314056	0.3031086248
0.576575045	0.423424955	0.8502373855	0.3026614072
0.577576026	0.422423974	0.8511567455	0.3022154255
0.578577007	0.421422993	0.8520721465	0.301770675
0.579577988	0.420422012	0.8529835991	0.3013271508
0.580578969	0.419421031	0.8538911138	0.3008848481
0.5815799499	0.4184200501	0.8547947012	0.3004437622
0.5825809309	0.4174190691	0.8556943717	0.3000038883
0.5835819119	0.4164180881	0.8565901358	0.2995652218
0.5845828929	0.4154171071	0.8574820042	0.299127758
0.5855838739	0.4144161261	0.8583699874	0.2986914921
0.5865848549	0.4134151451	0.8592540958	0.2982564195
0.5875858358	0.4124141642	0.8601343401	0.2978225357
0.5885868168	0.4114131832	0.8610107307	0.297389836
0.5895877978	0.4104122022	0.8618832783	0.2969583159
0.5905887788	0.4094112212	0.8627519932	0.2965279707
0.5915897598	0.4084102402	0.8636168862	0.2960987961
0.5925907407	0.4074092593	0.8644779676	0.2956707873
0.5935917217	0.4064082783	0.865335248	0.2952439401
0.5945927027	0.4054072973	0.866188738	0.2948182498
0.5955936837	0.4044063163	0.8670384481	0.2943937121
0.5965946647	0.4034053353	0.8678843888	0.2939703226
0.5975956456	0.4024043544	0.8687265706	0.2935480768
0.5985966266	0.4014033734	0.869565004	0.2931269703
0.5995976076	0.4004023924	0.8703996996	0.2927069988
0.6005985886	0.3994014114	0.8712306678	0.292288158
0.6015995696	0.3984004304	0.8720579191	0.2918704436
0.6026005506	0.3973994494	0.872881464	0.2914538512
0.6036015315	0.3963984685	0.8737013131	0.2910383765
0.6046025125	0.3953974875	0.8745174768	0.2906240154
0.6056034935	0.3943965065	0.8753299656	0.2902107636
0.6066044745	0.3933955255	0.8761387899	0.2897986168
0.6076054555	0.3923945445	0.8769439602	0.289387571
0.6086064364	0.3913935636	0.877745487	0.2889776218
0.6096074174	0.3903925826	0.8785433808	0.2885687651
0.6106083984	0.3893916016	0.8793376518	0.2881609969
0.6116093794	0.3883906206	0.8801283107	0.287754313
0.6126103604	0.3873896396	0.8809153678	0.2873487093
0.6136113413	0.3863886587	0.8816988336	0.2869441817
0.6146123223	0.3853876777	0.8824787183	0.2865407261
0.6156133033	0.3843866967	0.8832550326	0.2861383386
0.6166142843	0.3833857157	0.8840277866	0.2857370152
0.6176152653	0.3823847347	0.8847969909	0.2853367517
0.6186162462	0.3813837538	0.8855626558	0.2849375443
0.6196172272	0.3803827728	0.8863247916	0.284539389
0.6206182082	0.3793817918	0.8870834086	0.2841422818
0.6216191892	0.3783808108	0.8878385174	0.2837462188
0.6226201702	0.3773798298	0.8885901281	0.2833511961
0.6236211512	0.3763788488	0.889338251	0.2829572098
0.6246221321	0.3753778679	0.8900828966	0.2825642561
0.6256231131	0.3743768869	0.890824075	0.2821723311
0.6266240941	0.3733759059	0.8915617966	0.281781431
0.6276250751	0.3723749249	0.8922960716	0.281391552
0.6286260561	0.3713739439	0.8930269104	0.2810026901
0.629627037	0.370372963	0.893754323	0.2806148418
0.630628018	0.369371982	0.8944783199	0.2802280032
0.631628999	0.368371001	0.8951989111	0.2798421706
0.63262998	0.36737002	0.895916107	0.2794573403
0.633630961	0.366369039	0.8966299176	0.2790735085
0.6346319419	0.3653680581	0.8973403532	0.2786906715
0.6356329229	0.3643670771	0.898047424	0.2783088258
0.6366339039	0.3633660961	0.8987511401	0.2779279675
0.6376348849	0.3623651151	0.8994515116	0.2775480932
0.6386358659	0.3613641341	0.9001485487	0.2771691991
0.6396368468	0.3603631532	0.9008422614	0.2767912818
0.6406378278	0.3593621722	0.90153266	0.2764143374
0.6416388088	0.3583611912	0.9022197544	0.2760383626
0.6426397898	0.3573602102	0.9029035547	0.2756633538
0.6436407708	0.3563592292	0.903584071	0.2752893073
0.6446417518	0.3553582482	0.9042613133	0.2749162198
0.6456427327	0.3543572673	0.9049352917	0.2745440876
0.6466437137	0.3533562863	0.9056060161	0.2741729074
0.6476446947	0.3523553053	0.9062734965	0.2738026755
0.6486456757	0.3513543243	0.906937743	0.2734333887
0.6496466567	0.3503533433	0.9075987654	0.2730650433
0.6506476376	0.3493523624	0.9082565737	0.2726976361
0.6516486186	0.3483513814	0.9089111779	0.2723311635
0.6526495996	0.3473504004	0.9095625878	0.2719656223
0.6536505806	0.3463494194	0.9102108133	0.2716010089
0.6546515616	0.3453484384	0.9108558644	0.2712373202
0.6556525425	0.3443474575	0.9114977509	0.2708745526
0.6566535235	0.3433464765	0.9121364825	0.2705127029
0.6576545045	0.3423454955	0.9127720692	0.2701517678
0.6586554855	0.3413445145	0.9134045208	0.2697917439
0.6596564665	0.3403435335	0.914033847	0.2694326281
0.6606574474	0.3393425526	0.9146600576	0.2690744169
0.6616584284	0.3383415716	0.9152831624	0.2687171072
0.6626594094	0.3373405906	0.915903171	0.2683606956
0.6636603904	0.3363396096	0.9165200934	0.2680051791
0.6646613714	0.3353386286	0.917133939	0.2676505543
0.6656623524	0.3343376476	0.9177447176	0.2672968182
0.6666633333	0.3333366667	0.918352439	0.2669439674
0.6676643143	0.3323356857	0.9189571126	0.2665919988
0.6686652953	0.3313347047	0.9195587482	0.2662409093
0.6696662763	0.3303337237	0.9201573554	0.2658906957
0.6706672573	0.3293327427	0.9207529437	0.2655413549
0.6716682382	0.3283317618	0.9213455227	0.2651928839
0.6726692192	0.3273307808	0.921935102	0.2648452794
0.6736702002	0.3263297998	0.9225216911	0.2644985384
0.6746711812	0.3253288188	0.9231052996	0.2641526579
0.6756721622	0.3243278378	0.9236859369	0.2638076348
0.6766731431	0.3233268569	0.9242636124	0.263463466
0.6776741241	0.3223258759	0.9248383358	0.2631201486
0.6786751051	0.3213248949	0.9254101163	0.2627776795
0.6796760861	0.3203239139	0.9259789634	0.2624360557
0.6806770671	0.3193229329	0.9265448866	0.2620952742
0.681678048	0.318321952	0.9271078951	0.261755332
0.682679029	0.317320971	0.9276679984	0.2614162263
0.68368001	0.31631999	0.9282252058	0.261077954
0.684680991	0.315319009	0.9287795266	0.2607405122
0.685681972	0.314318028	0.9293309701	0.260403898
0.686682953	0.313317047	0.9298795456	0.2600681085
0.6876839339	0.3123160661	0.9304252623	0.2597331408
0.6886849149	0.3113150851	0.9309681295	0.2593989919
0.6896858959	0.3103141041	0.9315081565	0.2590656592
0.6906868769	0.3093131231	0.9320453523	0.2587331396
0.6916878579	0.3083121421	0.9325797263	0.2584014304
0.6926888388	0.3073111612	0.9331112874	0.2580705286
0.6936898198	0.3063101802	0.933640045	0.2577404316
0.6946908008	0.3053091992	0.9341660081	0.2574111365
0.6956917818	0.3043082182	0.9346891857	0.2570826405
0.6966927628	0.3033072372	0.9352095871	0.2567549408
0.6976937437	0.3023062563	0.9357272211	0.2564280346
0.6986947247	0.3013052753	0.9362420969	0.2561019192
0.6996957057	0.3003042943	0.9367542235	0.2557765919
0.7006966867	0.2993033133	0.9372636099	0.25545205
0.7016976677	0.2983023323	0.937770265	0.2551282906
0.7026986486	0.2973013514	0.9382741978	0.2548053111
0.7036996296	0.2963003704	0.9387754172	0.2544831088
0.7047006106	0.2952993894	0.9392739321	0.2541616811
0.7057015916	0.2942984084	0.9397697514	0.2538410252
0.7067025726	0.2932974274	0.9402628841	0.2535211384
0.7077035536	0.2922964464	0.9407533388	0.2532020183
0.7087045345	0.2912954655	0.9412411245	0.252883662
0.7097055155	0.2902944845	0.94172625	0.252566067
0.7107064965	0.2892935035	0.9422087239	0.2522492307
0.7117074775	0.2882925225	0.9426885552	0.2519331504
0.7127084585	0.2872915415	0.9431657525	0.2516178236
0.7137094394	0.2862905606	0.9436403246	0.2513032477
0.7147104204	0.2852895796	0.9441122801	0.2509894202
0.7157114014	0.2842885986	0.9445816277	0.2506763384
0.7167123824	0.2832876176	0.9450483761	0.2503639999
0.7177133634	0.2822866366	0.9455125339	0.250052402
0.7187143443	0.2812856557	0.9459741098	0.2497415423
0.7197153253	0.2802846747	0.9464331122	0.2494314183
0.7207163063	0.2792836937	0.9468895498	0.2491220274
0.7217172873	0.2782827127	0.9473434311	0.2488133672
0.7227182683	0.2772817317	0.9477947647	0.2485054352
0.7237192492	0.2762807508	0.948243559	0.2481982289
0.7247202302	0.2752797698	0.9486898225	0.2478917459
0.7257212112	0.2742787888	0.9491335637	0.2475859836
0.7267221922	0.2732778078	0.949574791	0.2472809398
0.7277231732	0.2722768268	0.9500135129	0.2469766119
0.7287241542	0.2712758458	0.9504497376	0.2466729976
0.7297251351	0.2702748649	0.9508834737	0.2463700943
0.7307261161	0.2692738839	0.9513147295	0.2460678998
0.7317270971	0.2682729029	0.9517435132	0.2457664117
0.7327280781	0.2672719219	0.9521698332	0.2454656276
0.7337290591	0.2662709409	0.9525936977	0.245165545
0.73473004	0.26526996	0.9530151151	0.2448661617
0.735731021	0.264268979	0.9534340936	0.2445674753
0.736732002	0.263267998	0.9538506414	0.2442694836
0.737732983	0.262267017	0.9542647666	0.243972184
0.738733964	0.261266036	0.9546764776	0.2436755744
0.7397349449	0.2602650551	0.9550857823	0.2433796525
0.7407359259	0.2592640741	0.955492689	0.2430844159
0.7417369069	0.2582630931	0.9558972058	0.2427898623
0.7427378879	0.2572621121	0.9562993408	0.2424959896
0.7437388689	0.2562611311	0.9566991019	0.2422027954
0.7447398498	0.2552601502	0.9570964973	0.2419102774
0.7457408308	0.2542591692	0.9574915351	0.2416184335
0.7467418118	0.2532581882	0.9578842231	0.2413272613
0.7477427928	0.2522572072	0.9582745694	0.2410367587
0.7487437738	0.2512562262	0.9586625819	0.2407469235
0.7497447548	0.2502552452	0.9590482686	0.2404577534
0.7507457357	0.2492542643	0.9594316374	0.2401692462
0.7517467167	0.2482532833	0.9598126961	0.2398813998
0.7527476977	0.2472523023	0.9601914527	0.2395942119
0.7537486787	0.2462513213	0.960567915	0.2393076804
0.7547496597	0.2452503403	0.9609420909	0.2390218032
0.7557506406	0.2442493594	0.961313988	0.2387365781
0.7567516216	0.2432483784	0.9616836143	0.2384520029
0.7577526026	0.2422473974	0.9620509774	0.2381680755
0.7587535836	0.2412464164	0.9624160852	0.2378847938
0.7597545646	0.2402454354	0.9627789453	0.2376021557
0.7607555455	0.2392444545	0.9631395655	0.237320159
0.7617565265	0.2382434735	0.9634979533	0.2370388017
0.7627575075	0.2372424925	0.9638541165	0.2367580816
0.7637584885	0.2362415115	0.9642080628	0.2364779968
0.7647594695	0.2352405305	0.9645597996	0.2361985451
0.7657604505	0.2342395495	0.9649093346	0.2359197244
0.7667614314	0.2332385686	0.9652566754	0.2356415327
0.7677624124	0.2322375876	0.9656018295	0.235363968
0.7687633934	0.2312366066	0.9659448045	0.2350870282
0.7697643744	0.2302356256	0.9662856078	0.2348107113
0.7707653554	0.2292346446	0.9666242469	0.2345350153
0.7717663363	0.2282336637	0.9669607293	0.2342599381
0.7727673173	0.2272326827	0.9672950624	0.2339854778
0.7737682983	0.2262317017	0.9676272537	0.2337116323
0.7747692793	0.2252307207	0.9679573105	0.2334383997
0.7757702603	0.2242297397	0.9682852402	0.233165778
0.7767712412	0.2232287588	0.9686110501	0.2328937652
0.7777722222	0.2222277778	0.9689347477	0.2326223594
0.7787732032	0.2212267968	0.9692563402	0.2323515585
0.7797741842	0.2202258158	0.9695758348	0.2320813608
0.7807751652	0.2192248348	0.9698932389	0.2318117641
0.7817761461	0.2182238539	0.9702085598	0.2315427667
0.7827771271	0.2172228729	0.9705218045	0.2312743665
0.7837781081	0.2162218919	0.9708329804	0.2310065616
0.7847790891	0.2152209109	0.9711420946	0.2307393502
0.7857800701	0.2142199299	0.9714491543	0.2304727304
0.7867810511	0.2132189489	0.9717541666	0.2302067002
0.787782032	0.212217968	0.9720571387	0.2299412578
0.788783013	0.211216987	0.9723580776	0.2296764013
0.789783994	0.210216006	0.9726569904	0.2294121288
0.790784975	0.209215025	0.9729538842	0.2291484385
0.791785956	0.208214044	0.973248766	0.2288853285
0.7927869369	0.2072130631	0.9735416428	0.2286227969
0.7937879179	0.2062120821	0.9738325217	0.2283608421
0.7947888989	0.2052111011	0.9741214095	0.228099462
0.7957898799	0.2042101201	0.9744083133	0.2278386549
0.7967908609	0.2032091391	0.9746932399	0.227578419
0.7977918418	0.2022081582	0.9749761964	0.2273187524
0.7987928228	0.2012071772	0.9752571894	0.2270596534
0.7997938038	0.2002061962	0.9755362261	0.2268011202
0.8007947848	0.1992052152	0.9758133131	0.2265431509
0.8017957658	0.1982042342	0.9760884573	0.2262857439
0.8027967467	0.1972032533	0.9763616656	0.2260288973
0.8037977277	0.1962022723	0.9766329447	0.2257726094
0.8047987087	0.1952012913	0.9769023013	0.2255168783
0.8057996897	0.1942003103	0.9771697423	0.2252617025
0.8068006707	0.1931993293	0.9774352743	0.2250070801
0.8078016517	0.1921983483	0.977698904	0.2247530093
0.8088026326	0.1911973674	0.9779606382	0.2244994885
0.8098036136	0.1901963864	0.9782204834	0.224246516
0.8108045946	0.1891954054	0.9784784464	0.22399409
0.8118055756	0.1881944244	0.9787345338	0.2237422088
0.8128065566	0.1871934434	0.9789887521	0.2234908707
0.8138075375	0.1861924625	0.9792411079	0.223240074
0.8148085185	0.1851914815	0.9794916078	0.2229898171
0.8158094995	0.1841905005	0.9797402584	0.2227400982
0.8168104805	0.1831895195	0.9799870662	0.2224909157
0.8178114615	0.1821885385	0.9802320376	0.2222422679
0.8188124424	0.1811875576	0.9804751791	0.2219941532
0.8198134234	0.1801865766	0.9807164973	0.2217465699
0.8208144044	0.1791855956	0.9809559985	0.2214995163
0.8218153854	0.1781846146	0.9811936892	0.2212529908
0.8228163664	0.1771836336	0.9814295757	0.2210069919
0.8238173473	0.1761826527	0.9816636645	0.2207615177
0.8248183283	0.1751816717	0.9818959619	0.2205165668
0.8258193093	0.1741806907	0.9821264742	0.2202721376
0.8268202903	0.1731797097	0.9823552079	0.2200282283
0.8278212713	0.1721787287	0.982582169	0.2197848374
0.8288222523	0.1711777477	0.9828073641	0.2195419634
0.8298232332	0.1701767668	0.9830307993	0.2192996045
0.8308242142	0.1691757858	0.9832524808	0.2190577594
0.8318251952	0.1681748048	0.9834724149	0.2188164262
0.8328261762	0.1671738238	0.9836906078	0.2185756036
0.8338271572	0.1661728428	0.9839070657	0.2183352899
0.8348281381	0.1651718619	0.9841217947	0.2180954836
0.8358291191	0.1641708809	0.984334801	0.2178561831
0.8368301001	0.1631698999	0.9845460908	0.2176173869
0.8378310811	0.1621689189	0.98475567	0.2173790934
0.8388320621	0.1611679379	0.9849635448	0.2171413011
0.839833043	0.160166957	0.9851697214	0.2169040085
0.840834024	0.159165976	0.9853742056	0.2166672141
0.841835005	0.158164995	0.9855770036	0.2164309163
0.842835986	0.157164014	0.9857781213	0.2161951136
0.843836967	0.156163033	0.9859775648	0.2159598046
0.8448379479	0.1551620521	0.9861753401	0.2157249877
0.8458389289	0.1541610711	0.986371453	0.2154906614
0.8468399099	0.1531600901	0.9865659095	0.2152568243
0.8478408909	0.1521591091	0.9867587156	0.2150234748
0.8488418719	0.1511581281	0.9869498771	0.2147906116
0.8498428529	0.1501571471	0.9871393999	0.2145582331
0.8508438338	0.1491561662	0.9873272899	0.2143263378
0.8518448148	0.1481551852	0.9875135528	0.2140949244
0.8528457958	0.1471542042	0.9876981947	0.2138639914
0.8538467768	0.1461532232	0.9878812211	0.2136335372
0.8548477578	0.1451522422	0.988062638	0.2134035605
0.8558487387	0.1441512613	0.988242451	0.2131740599
0.8568497197	0.1431502803	0.988420666	0.2129450339
0.8578507007	0.1421492993	0.9885972887	0.212716481
0.8588516817	0.1411483183	0.9887723247	0.2124884
0.8598526627	0.1401473373	0.9889457798	0.2122607893
0.8608536436	0.1391463564	0.9891176596	0.2120336475
0.8618546246	0.1381453754	0.9892879698	0.2118069733
0.8628556056	0.1371443944	0.9894567161	0.2115807653
0.8638565866	0.1361434134	0.989623904	0.211355022
0.8648575676	0.1351424324	0.9897895392	0.2111297421
0.8658585485	0.1341414515	0.9899536272	0.2109049242
0.8668595295	0.1331404705	0.9901161736	0.2106805669
0.8678605105	0.1321394895	0.990277184	0.2104566689
0.8688614915	0.1311385085	0.9904366638	0.2102332288
0.8698624725	0.1301375275	0.9905946186	0.2100102452
0.8708634535	0.1291365465	0.990751054	0.2097877168
0.8718644344	0.1281355656	0.9909059753	0.2095656422
0.8728654154	0.1271345846	0.991059388	0.2093440201
0.8738663964	0.1261336036	0.9912112975	0.2091228491
0.8748673774	0.1251326226	0.9913617094	0.208902128
0.8758683584	0.1241316416	0.9915106289	0.2086818553
0.8768693393	0.1231306607	0.9916580615	0.2084620299
0.8778703203	0.1221296797	0.9918040125	0.2082426502
0.8788713013	0.1211286987	0.9919484874	0.2080237151
0.8798722823	0.1201277177	0.9920914914	0.2078052233
0.8808732633	0.1191267367	0.9922330298	0.2075871733
0.8818742442	0.1181257558	0.9923731079	0.207369564
0.8828752252	0.1171247748	0.9925117311	0.207152394
0.8838762062	0.1161237938	0.9926489046	0.2069356621
0.8848771872	0.1151228128	0.9927846337	0.2067193669
0.8858781682	0.1141218318	0.9929189235	0.2065035072
0.8868791491	0.1131208509	0.9930517792	0.2062880817
0.8878801301	0.1121198699	0.9931832062	0.2060730892
0.8888811111	0.1111188889	0.9933132095	0.2058585283
0.8898820921	0.1101179079	0.9934417944	0.2056443979
0.8908830731	0.1091169269	0.9935689659	0.2054306966
0.8918840541	0.1081159459	0.9936947293	0.2052174233
0.892885035	0.107114965	0.9938190895	0.2050045766
0.893886016	0.106113984	0.9939420517	0.2047921553
0.894886997	0.105113003	0.994063621	0.2045801583
0.895887978	0.104112022	0.9941838025	0.2043685842
0.896888959	0.103111041	0.9943026012	0.2041574318
0.8978899399	0.1021100601	0.994420022	0.2039467
0.8988909209	0.1011090791	0.9945360701	0.2037363875
0.8998919019	0.1001080981	0.9946507504	0.203526493
0.9008928829	0.09910711712	0.994764068	0.2033170155
0.9018938639	0.09810613614	0.9948760276	0.2031079536
0.9028948448	0.09710515516	0.9949866344	0.2028993062
0.9038958258	0.09610417417	0.9950958932	0.202691072
0.9048968068	0.09510319319	0.995203809	0.20248325
0.9058977878	0.09410221221	0.9953103866	0.2022758389
0.9068987688	0.09310123123	0.9954156309	0.2020688375
0.9078997497	0.09210025025	0.9955195469	0.2018622446
0.9089007307	0.09109926927	0.9956221392	0.2016560591
0.9099017117	0.09009828829	0.9957234129	0.2014502799
0.9109026927	0.08909730731	0.9958233726	0.2012449057
0.9119036737	0.08809632633	0.9959220231	0.2010399353
0.9129046547	0.08709534535	0.9960193694	0.2008353677
0.9139056356	0.08609436436	0.9961154161	0.2006312017
0.9149066166	0.08509338338	0.996210168	0.2004274361
0.9159075976	0.0840924024	0.9963036298	0.2002240699
0.9169085786	0.08309142142	0.9963958062	0.2000211017
0.9179095596	0.08209044044	0.996486702	0.1998185306
0.9189105405	0.08108945946	0.9965763218	0.1996163554
0.9199115215	0.08008847848	0.9966646703	0.1994145749
0.9209125025	0.0790874975	0.9967517522	0.1992131881
0.9219134835	0.07808651652	0.9968375721	0.1990121939
0.9229144645	0.07708553554	0.9969221346	0.198811591
0.9239154454	0.07608455455	0.9970054443	0.1986113784
0.9249164264	0.07508357357	0.9970875059	0.1984115551
0.9259174074	0.07408259259	0.9971683239	0.1982121198
0.9269183884	0.07308161161	0.9972479029	0.1980130715
0.9279193694	0.07208063063	0.9973262475	0.1978144092
0.9289203504	0.07107964965	0.9974033621	0.1976161317
0.9299213313	0.07007866867	0.9974792512	0.1974182379
0.9309223123	0.06907768769	0.9975539195	0.1972207267
0.9319232933	0.06807670671	0.9976273714	0.1970235972
0.9329242743	0.06707572573	0.9976996112	0.1968268481
0.9339252553	0.06607474474	0.9977706437	0.1966304785
0.9349262362	0.06507376376	0.997840473	0.1964344873
0.9359272172	0.06407278278	0.9979091037	0.1962388733
0.9369281982	0.0630718018	0.9979765403	0.1960436357
0.9379291792	0.06207082082	0.998042787	0.1958487732
0.9389301602	0.06106983984	0.9981078483	0.1956542848
0.9399311411	0.06006885886	0.9981717285	0.1954601696
0.9409321221	0.05906787788	0.9982344321	0.1952664265
0.9419331031	0.0580668969	0.9982959633	0.1950730543
0.9429340841	0.05706591592	0.9983563264	0.1948800522
0.9439350651	0.05606493493	0.9984155259	0.194687419
0.944936046	0.05506395395	0.9984735659	0.1944951537
0.945937027	0.05406297297	0.9985304507	0.1943032553
0.946938008	0.05306199199	0.9985861847	0.1941117229
0.947938989	0.05206101101	0.9986407721	0.1939205553
0.94893997	0.05106003003	0.998694217	0.1937297515
0.949940951	0.05005904905	0.9987465238	0.1935393107
0.9509419319	0.04905806807	0.9987976967	0.1933492316
0.9519429129	0.04805708709	0.9988477398	0.1931595134
0.9529438939	0.04705610611	0.9988966573	0.1929701551
0.9539448749	0.04605512513	0.9989444534	0.1927811556
0.9549458559	0.04505414414	0.9989911323	0.1925925139
0.9559468368	0.04405316316	0.999036698	0.1924042292
0.9569478178	0.04305218218	0.9990811547	0.1922163003
0.9579487988	0.0420512012	0.9991245066	0.1920287263
0.9589497798	0.04105022022	0.9991667577	0.1918415063
0.9599507608	0.04004923924	0.9992079121	0.1916546392
0.9609517417	0.03904825826	0.9992479738	0.1914681241
0.9619527227	0.03804727728	0.999286947	0.1912819601
0.9629537037	0.0370462963	0.9993248356	0.1910961461
0.9639546847	0.03604531532	0.9993616438	0.1909106812
0.9649556657	0.03504433433	0.9993973754	0.1907255644
0.9659566466	0.03404335335	0.9994320345	0.1905407949
0.9669576276	0.03304237237	0.9994656252	0.1903563715
0.9679586086	0.03204139139	0.9994981513	0.1901722935
0.9689595896	0.03104041041	0.9995296169	0.1899885599
0.9699605706	0.03003942943	0.9995600258	0.1898051696
0.9709615516	0.02903844845	0.999589382	0.1896221219
0.9719625325	0.02803746747	0.9996176895	0.1894394157
0.9729635135	0.02703648649	0.9996449521	0.1892570501
0.9739644945	0.02603550551	0.9996711737	0.1890750242
0.9749654755	0.02503452452	0.9996963583	0.1888933371
0.9759664565	0.02403354354	0.9997205096	0.1887119878
0.9769674374	0.02303256256	0.9997436315	0.1885309755
0.9779684184	0.02203158158	0.9997657279	0.1883502991
0.9789693994	0.0210306006	0.9997868027	0.1881699579
0.9799703804	0.02002961962	0.9998068595	0.187989951
0.9809713614	0.01902863864	0.9998259022	0.1878102773
0.9819723423	0.01802765766	0.9998439347	0.187630936
0.9829733233	0.01702667668	0.9998609606	0.1874519262
0.9839743043	0.0160256957	0.9998769838	0.187273247
0.9849752853	0.01502471471	0.9998920079	0.1870948976
0.9859762663	0.01402373373	0.9999060368	0.186916877
0.9869772472	0.01302275275	0.9999190741	0.1867391843
0.9879782282	0.01202177177	0.9999311236	0.1865618187
0.9889792092	0.01102079079	0.999942189	0.1863847794
0.9899801902	0.01001980981	0.9999522739	0.1862080653
0.9909811712	0.009018828829	0.999961382	0.1860316756
0.9919821522	0.008017847848	0.999969517	0.1858556096
0.9929831331	0.007016866867	0.9999766825	0.1856798662
0.9939841141	0.006015885886	0.9999828822	0.1855044447
0.9949850951	0.005014904905	0.9999881197	0.1853293442
0.9959860761	0.004013923924	0.9999923986	0.1851545638
0.9969870571	0.003012942943	0.9999957225	0.1849801027
0.997988038	0.002011961962	0.999998095	0.18480596
0.998989019	0.001010980981	0.9999995196	0.1846321348
0.99999	1e-05	1	0.1844586264
