1e-05	0.99999	6.766613106	1.000000004
0.001010980981	0.998989019	6.292717201	1.000036905
0.002011961962	0.997988038	5.865073749	1.000143273
0.003012942943	0.9969870571	5.478267571	1.000314987
0.004013923924	0.9959860761	5.127610324	1.000548152
0.005014904905	0.9949850951	4.809031717	1.000839079
0.006015885886	0.9939841141	4.518988549	1.001184275
0.007016866867	0.9929831331	4.254388421	1.00158043
0.008017847848	0.9919821522	4.012525561	1.002024408
0.009018828829	0.9909811712	3.791026679	1.002513235
0.01001980981	0.9899801902	3.587805155	1.003044089
0.01102079079	0.9889792092	3.401022164	1.003614293
0.01202177177	0.9879782282	3.229053612	1.004221306
0.01302275275	0.9869772472	3.070461922	1.004862713
0.01402373373	0.9859762663	2.923971917	1.005536224
0.01502471471	0.9849752853	2.788450135	1.00623966
0.0160256957	0.9839743043	2.66288706	1.006970951
0.01702667668	0.9829733233	2.54638181	1.007728129
0.01802765766	0.9819723423	2.438128918	1.008509322
0.01902863864	0.9809713614	2.3374069	1.009312751
0.02002961962	0.9799703804	2.243568327	1.010136723
0.0210306006	0.9789693994	2.156031211	1.010979625
0.02203158158	0.9779684184	2.074271493	1.011839925
0.02303256256	0.9769674374	1.997816496	1.012716164
0.02403354354	0.9759664565	1.926239193	1.013606951
0.02503452452	0.9749654755	1.859153187	1.014510963
0.02603550551	0.9739644945	1.796208314	1.015426942
0.02703648649	0.9729635135	1.73708676	1.016353686
0.02803746747	0.9719625325	1.681499656	1.017290054
0.02903844845	0.9709615516	1.629184065	1.018234956
0.03003942943	0.9699605706	1.579900318	1.019187357
0.03104041041	0.9689595896	1.533429662	1.020146269
0.03204139139	0.9679586086	1.489572168	1.02111075
0.03304237237	0.9669576276	1.448144871	1.022079906
0.03404335335	0.9659566466	1.408980123	1.023052881
0.03504433433	0.9649556657	1.371924121	1.024028863
0.03604531532	0.9639546847	1.336835588	1.025007078
0.0370462963	0.9629537037	1.303584606	1.025986787
0.03804727728	0.9619527227	1.272051561	1.026967288
0.03904825826	0.9609517417	1.242126203	1.027947913
0.04004923924	0.9599507608	1.213706802	1.028928023
0.04105022022	0.9589497798	1.186699384	1.029907014
0.0420512012	0.9579487988	1.161017055	1.030884307
0.04305218218	0.9569478178	1.136579379	1.031859353
0.04405316316	0.9559468368	1.113311827	1.03283163
0.04505414414	0.9549458559	1.091145271	1.03380064
0.04605512513	0.9539448749	1.070015535	1.034765911
0.04705610611	0.9529438939	1.049862981	1.035726994
0.04805708709	0.9519429129	1.030632137	1.03668346
0.04905806807	0.9509419319	1.012271361	1.037634905
0.05005904905	0.949940951	0.9947325325	1.038580942
0.05106003003	0.94893997	0.9779707739	1.039521207
0.05206101101	0.947938989	0.9619441958	1.040455351
0.05306199199	0.946938008	0.9466136658	1.041383046
0.05406297297	0.945937027	0.9319425971	1.04230398
0.05506395395	0.944936046	0.9178967556	1.043217856
0.05606493493	0.9439350651	0.904444083	1.044124395
0.05706591592	0.9429340841	0.8915545358	1.045023331
0.0580668969	0.9419331031	0.8791999373	1.045914415
0.05906787788	0.9409321221	0.867353842	1.04679741
0.06006885886	0.9399311411	0.855991411	1.047672092
0.06106983984	0.9389301602	0.845089298	1.04853825
0.06207082082	0.9379291792	0.8346255443	1.049395687
0.0630718018	0.9369281982	0.8245794818	1.050244214
0.06407278278	0.9359272172	0.8149316442	1.051083658
0.06507376376	0.9349262362	0.8056636852	1.051913851
0.06607474474	0.9339252553	0.7967583025	1.052734641
0.06707572573	0.9329242743	0.788199168	1.053545882
0.06807670671	0.9319232933	0.7799708636	1.054347439
0.06907768769	0.9309223123	0.7720588211	1.055139186
0.07007866867	0.9299213313	0.7644492674	1.055921005
0.07107964965	0.9289203504	0.7571291729	1.056692786
0.07208063063	0.9279193694	0.7500862048	1.057454429
0.07308161161	0.9269183884	0.7433086825	1.058205841
0.07408259259	0.9259174074	0.7367855372	1.058946934
0.07508357357	0.9249164264	0.730506274	1.05967763
0.07608455455	0.9239154454	0.7244609367	1.060397857
0.07708553554	0.9229144645	0.718640075	1.061107548
0.07808651652	0.9219134835	0.7130347142	1.061806644
0.0790874975	0.9209125025	0.7076363267	1.062495092
0.08008847848	0.9199115215	0.7024368057	1.063172842
0.08108945946	0.9189105405	0.6974284403	1.063839854
0.08209044044	0.9179095596	0.6926038931	1.064496089
0.08309142142	0.9169085786	0.687956178	1.065141515
0.0840924024	0.9159075976	0.6834786408	1.065776106
0.08509338338	0.9149066166	0.6791649401	1.066399837
0.08609436436	0.9139056356	0.6750090298	1.067012692
0.08709534535	0.9129046547	0.6710051429	1.067614656
0.08809632633	0.9119036737	0.667147776	1.068205719
0.08909730731	0.9109026927	0.663431675	1.068785874
0.09009828829	0.9099017117	0.6598518214	1.06935512
0.09109926927	0.9089007307	0.6564034199	1.069913458
0.09210025025	0.9078997497	0.6530818867	1.070460893
0.09310123123	0.9068987688	0.6498828377	1.070997431
0.09410221221	0.9058977878	0.6468020788	1.071523086
0.09510319319	0.9048968068	0.6438355957	1.072037869
0.09610417417	0.9038958258	0.6409795444	1.0725418
0.09710515516	0.9028948448	0.6382302432	1.073034896
0.09810613614	0.9018938639	0.6355841637	1.073517181
0.09910711712	0.9008928829	0.6330379237	1.07398868
0.1001080981	0.8998919019	0.6305882796	1.074449418
0.1011090791	0.8988909209	0.6282321199	1.074899427
0.1021100601	0.8978899399	0.6259664581	1.075338738
0.103111041	0.896888959	0.6237884275	1.075767384
0.104112022	0.895887978	0.6216952746	1.076185401
0.105113003	0.894886997	0.6196843541	1.076592827
0.106113984	0.893886016	0.6177531238	1.076989701
0.107114965	0.892885035	0.6158991397	1.077376064
0.1081159459	0.8918840541	0.6141200511	1.07775196
0.1091169269	0.8908830731	0.6124135967	1.078117433
0.1101179079	0.8898820921	0.6107776004	1.078472528
0.1111188889	0.8888811111	0.6092099673	1.078817292
0.1121198699	0.8878801301	0.6077086799	1.079151775
0.1131208509	0.8868791491	0.6062717948	1.079476026
0.1141218318	0.8858781682	0.6048974396	1.079790095
0.1151228128	0.8848771872	0.6035838092	1.080094037
0.1161237938	0.8838762062	0.6023291634	1.080387902
0.1171247748	0.8828752252	0.6011318238	1.080671747
0.1181257558	0.8818742442	0.5999901709	1.080945625
0.1191267367	0.8808732633	0.5989026421	1.081209593
0.1201277177	0.8798722823	0.5978677289	1.081463709
0.1211286987	0.8788713013	0.5968839747	1.081708029
0.1221296797	0.8778703203	0.5959499724	1.081942613
0.1231306607	0.8768693393	0.595064363	1.08216752
0.1241316416	0.8758683584	0.5942258326	1.082382809
0.1251326226	0.8748673774	0.5934331115	1.082588541
0.1261336036	0.8738663964	0.5926849718	1.082784777
0.1271345846	0.8728654154	0.591980226	1.08297158
0.1281355656	0.8718644344	0.591317725	1.08314901
0.1291365465	0.8708634535	0.5906963572	1.08331713
0.1301375275	0.8698624725	0.5901150462	1.083476004
0.1311385085	0.8688614915	0.5895727502	1.083625695
0.1321394895	0.8678605105	0.58906846	1.083766267
0.1331404705	0.8668595295	0.5886011983	1.083897783
0.1341414515	0.8658585485	0.588170018	1.084020309
0.1351424324	0.8648575676	0.5877740011	1.084133908
0.1361434134	0.8638565866	0.5874122579	1.084238645
0.1371443944	0.8628556056	0.5870839258	1.084334587
0.1381453754	0.8618546246	0.5867881679	1.084421797
0.1391463564	0.8608536436	0.5865241728	1.084500342
0.1401473373	0.8598526627	0.5862911528	1.084570286
0.1411483183	0.8588516817	0.5860883436	1.084631696
0.1421492993	0.8578507007	0.5859150033	1.084684637
0.1431502803	0.8568497197	0.5857704116	1.084729175
0.1441512613	0.8558487387	0.5856538689	1.084765375
0.1451522422	0.8548477578	0.5855646957	1.084793305
0.1461532232	0.8538467768	0.5855022318	1.084813028
0.1471542042	0.8528457958	0.5854658356	1.084824612
0.1481551852	0.8518448148	0.5854548835	1.084828123
0.1491561662	0.8508438338	0.5854687694	1.084823625
0.1501571471	0.8498428529	0.5855069037	1.084811184
0.1511581281	0.8488418719	0.5855687132	1.084790867
0.1521591091	0.8478408909	0.5856536403	1.084762738
0.1531600901	0.8468399099	0.5857611423	1.084726864
0.1541610711	0.8458389289	0.5858906913	1.084683308
0.1551620521	0.8448379479	0.5860417733	1.084632137
0.156163033	0.843836967	0.5862138881	1.084573415
0.157164014	0.842835986	0.5864065486	1.084507208
0.158164995	0.841835005	0.5866192804	1.084433579
0.159165976	0.840834024	0.5868516213	1.084352594
0.160166957	0.839833043	0.5871031213	1.084264316
0.1611679379	0.8388320621	0.5873733417	1.08416881
0.1621689189	0.8378310811	0.5876618551	1.084066139
0.1631698999	0.8368301001	0.5879682448	1.083956367
0.1641708809	0.8358291191	0.5882921046	1.083839557
0.1651718619	0.8348281381	0.5886330384	1.083715773
0.1661728428	0.8338271572	0.58899066	1.083585077
0.1671738238	0.8328261762	0.5893645926	1.083447532
0.1681748048	0.8318251952	0.5897544687	1.0833032
0.1691757858	0.8308242142	0.5901599296	1.083152144
0.1701767668	0.8298232332	0.5905806255	1.082994424
0.1711777477	0.8288222523	0.5910162147	1.082830104
0.1721787287	0.8278212713	0.5914663639	1.082659243
0.1731797097	0.8268202903	0.5919307475	1.082481903
0.1741806907	0.8258193093	0.5924090476	1.082298145
0.1751816717	0.8248183283	0.5929009539	1.082108028
0.1761826527	0.8238173473	0.593406163	1.081911613
0.1771836336	0.8228163664	0.5939243789	1.081708959
0.1781846146	0.8218153854	0.5944553122	1.081500126
0.1791855956	0.8208144044	0.5949986799	1.081285173
0.1801865766	0.8198134234	0.5955542057	1.081064158
0.1811875576	0.8188124424	0.5961216195	1.08083714
0.1821885385	0.8178114615	0.5967006572	1.080604177
0.1831895195	0.8168104805	0.5972910606	1.080365327
0.1841905005	0.8158094995	0.597892577	1.080120646
0.1851914815	0.8148085185	0.5985049597	1.079870193
0.1861924625	0.8138075375	0.5991279671	1.079614023
0.1871934434	0.8128065566	0.5997613629	1.079352193
0.1881944244	0.8118055756	0.600404916	1.079084759
0.1891954054	0.8108045946	0.6010584001	1.078811777
0.1901963864	0.8098036136	0.6017215939	1.078533301
0.1911973674	0.8088026326	0.6023942808	1.078249387
0.1921983483	0.8078016517	0.6030762487	1.077960089
0.1931993293	0.8068006707	0.60376729	1.077665462
0.1942003103	0.8057996897	0.6044672014	1.077365559
0.1952012913	0.8047987087	0.6051757841	1.077060434
0.1962022723	0.8037977277	0.605892843	1.076750139
0.1972032533	0.8027967467	0.6066181872	1.076434728
0.1982042342	0.8017957658	0.6073516299	1.076114254
0.1992052152	0.8007947848	0.6080929878	1.075788767
0.2002061962	0.7997938038	0.6088420815	1.075458319
0.2012071772	0.7987928228	0.6095987351	1.075122963
0.2022081582	0.7977918418	0.6103627763	1.074782749
0.2032091391	0.7967908609	0.6111340364	1.074437727
0.2042101201	0.7957898799	0.6119123497	1.074087947
0.2052111011	0.7947888989	0.612697554	1.07373346
0.2062120821	0.7937879179	0.6134894902	1.073374315
0.2072130631	0.7927869369	0.6142880026	1.073010561
0.208214044	0.791785956	0.615092938	1.072642247
0.209215025	0.790784975	0.6159041466	1.072269421
0.210216006	0.789783994	0.6167214814	1.071892131
0.211216987	0.788783013	0.6175447981	1.071510425
0.212217968	0.787782032	0.6183739553	1.071124351
0.2132189489	0.7867810511	0.6192088141	1.070733954
0.2142199299	0.7857800701	0.6200492385	1.070339282
0.2152209109	0.7847790891	0.6208950949	1.069940381
0.2162218919	0.7837781081	0.6217462521	1.069537296
0.2172228729	0.7827771271	0.6226025817	1.069130074
0.2182238539	0.7817761461	0.6234639572	1.068718759
0.2192248348	0.7807751652	0.6243302549	1.068303397
0.2202258158	0.7797741842	0.6252013532	1.067884031
0.2212267968	0.7787732032	0.6260771326	1.067460706
0.2222277778	0.7777722222	0.626957476	1.067033466
0.2232287588	0.7767712412	0.6278422683	1.066602353
0.2242297397	0.7757702603	0.6287313967	1.066167411
0.2252307207	0.7747692793	0.62962475	1.065728683
0.2262317017	0.7737682983	0.6305222195	1.065286211
0.2272326827	0.7727673173	0.6314236981	1.064840037
0.2282336637	0.7717663363	0.6323290809	1.064390203
0.2292346446	0.7707653554	0.6332382645	1.06393675
0.2302356256	0.7697643744	0.6341511477	1.063479718
0.2312366066	0.7687633934	0.6350676308	1.06301915
0.2322375876	0.7677624124	0.6359876161	1.062555085
0.2332385686	0.7667614314	0.6369110074	1.062087562
0.2342395495	0.7657604505	0.6378377104	1.061616622
0.2352405305	0.7647594695	0.6387676322	1.061142305
0.2362415115	0.7637584885	0.6397006817	1.060664648
0.2372424925	0.7627575075	0.6406367693	1.060183691
0.2382434735	0.7617565265	0.6415758069	1.059699472
0.2392444545	0.7607555455	0.642517708	1.059212029
0.2402454354	0.7597545646	0.6434623876	1.0587214
0.2412464164	0.7587535836	0.6444097621	1.058227622
0.2422473974	0.7577526026	0.6453597493	1.057730732
0.2432483784	0.7567516216	0.6463122683	1.057230767
0.2442493594	0.7557506406	0.6472672399	1.056727764
0.2452503403	0.7547496597	0.6482245859	1.056221758
0.2462513213	0.7537486787	0.6491842296	1.055712786
0.2472523023	0.7527476977	0.6501460955	1.055200882
0.2482532833	0.7517467167	0.6511101093	1.054686083
0.2492542643	0.7507457357	0.6520761982	1.054168422
0.2502552452	0.7497447548	0.6530442903	1.053647935
0.2512562262	0.7487437738	0.6540143151	1.053124656
0.2522572072	0.7477427928	0.6549862033	1.052598619
0.2532581882	0.7467418118	0.6559598864	1.052069857
0.2542591692	0.7457408308	0.6569352975	1.051538405
0.2552601502	0.7447398498	0.6579123705	1.051004295
0.2562611311	0.7437388689	0.6588910404	1.050467559
0.2572621121	0.7427378879	0.6598712434	1.049928231
0.2582630931	0.7417369069	0.6608529167	1.049386343
0.2592640741	0.7407359259	0.6618359984	1.048841926
0.2602650551	0.7397349449	0.6628204276	1.048295013
0.261266036	0.738733964	0.6638061447	1.047745635
0.262267017	0.737732983	0.6647930907	1.047193822
0.263267998	0.736732002	0.6657812078	1.046639606
0.264268979	0.735731021	0.6667704389	1.046083018
0.26526996	0.73473004	0.667760728	1.045524087
0.2662709409	0.7337290591	0.6687520199	1.044962844
0.2672719219	0.7327280781	0.6697442605	1.044399319
0.2682729029	0.7317270971	0.6707373962	1.04383354
0.2692738839	0.7307261161	0.6717313745	1.043265537
0.2702748649	0.7297251351	0.6727261438	1.04269534
0.2712758458	0.7287241542	0.6737216531	1.042122976
0.2722768268	0.7277231732	0.6747178524	1.041548475
0.2732778078	0.7267221922	0.6757146924	1.040971864
0.2742787888	0.7257212112	0.6767121246	1.040393172
0.2752797698	0.7247202302	0.6777101012	1.039812425
0.2762807508	0.7237192492	0.6787085753	1.039229653
0.2772817317	0.7227182683	0.6797075006	1.03864488
0.2782827127	0.7217172873	0.6807068317	1.038058136
0.2792836937	0.7207163063	0.6817065238	1.037469446
0.2802846747	0.7197153253	0.6827065327	1.036878837
0.2812856557	0.7187143443	0.6837068152	1.036286334
0.2822866366	0.7177133634	0.6847073284	1.035691965
0.2832876176	0.7167123824	0.6857080304	1.035095754
0.2842885986	0.7157114014	0.6867088798	1.034497728
0.2852895796	0.7147104204	0.6877098359	1.03389791
0.2862905606	0.7137094394	0.6887108585	1.033296328
0.2872915415	0.7127084585	0.6897119083	1.032693004
0.2882925225	0.7117074775	0.6907129464	1.032087965
0.2892935035	0.7107064965	0.6917139345	1.031481233
0.2902944845	0.7097055155	0.692714835	1.030872834
0.2912954655	0.7087045345	0.6937156109	1.030262791
0.2922964464	0.7077035536	0.6947162258	1.029651128
0.2932974274	0.7067025726	0.6957166436	1.029037868
0.2942984084	0.7057015916	0.6967168291	1.028423035
0.2952993894	0.7047006106	0.6977167476	1.027806651
0.2963003704	0.7036996296	0.6987163646	1.027188739
0.2973013514	0.7026986486	0.6997156467	1.026569323
0.2983023323	0.7016976677	0.7007145605	1.025948423
0.2993033133	0.7006966867	0.7017130734	1.025326064
0.3003042943	0.6996957057	0.7027111532	1.024702265
0.3013052753	0.6986947247	0.7037087684	1.02407705
0.3023062563	0.6976937437	0.7047058877	1.02345044
0.3033072372	0.6966927628	0.7057024805	1.022822456
0.3043082182	0.6956917818	0.7066985167	1.022193119
0.3053091992	0.6946908008	0.7076939664	1.02156245
0.3063101802	0.6936898198	0.7086888004	1.02093047
0.3073111612	0.6926888388	0.70968299	1.0202972
0.3083121421	0.6916878579	0.7106765068	1.019662659
0.3093131231	0.6906868769	0.7116693228	1.019026869
0.3103141041	0.6896858959	0.7126614108	1.018389849
0.3113150851	0.6886849149	0.7136527435	1.017751618
0.3123160661	0.6876839339	0.7146432945	1.017112197
0.313317047	0.686682953	0.7156330374	1.016471605
0.314318028	0.685681972	0.7166219467	1.015829862
0.315319009	0.684680991	0.7176099968	1.015186985
0.31631999	0.68368001	0.7185971628	1.014542994
0.317320971	0.682679029	0.7195834201	1.013897908
0.318321952	0.681678048	0.7205687447	1.013251746
0.3193229329	0.6806770671	0.7215531126	1.012604525
0.3203239139	0.6796760861	0.7225365004	1.011956264
0.3213248949	0.6786751051	0.7235188851	1.01130698
0.3223258759	0.6776741241	0.724500244	1.010656693
0.3233268569	0.6766731431	0.7254805547	1.010005418
0.3243278378	0.6756721622	0.7264597954	1.009353174
0.3253288188	0.6746711812	0.7274379443	1.008699979
0.3263297998	0.6736702002	0.7284149803	1.008045848
0.3273307808	0.6726692192	0.7293908823	1.0073908
0.3283317618	0.6716682382	0.7303656299	1.006734851
0.3293327427	0.6706672573	0.7313392026	1.006078017
0.3303337237	0.6696662763	0.7323115807	1.005420316
0.3313347047	0.6686652953	0.7332827444	1.004761763
0.3323356857	0.6676643143	0.7342526744	1.004102375
0.3333366667	0.6666633333	0.7352213519	1.003442167
0.3343376476	0.6656623524	0.7361887581	1.002781157
0.3353386286	0.6646613714	0.7371548746	1.002119358
0.3363396096	0.6636603904	0.7381196834	1.001456788
0.3373405906	0.6626594094	0.7390831667	1.000793461
0.3383415716	0.6616584284	0.7400453071	1.000129392
0.3393425526	0.6606574474	0.7410060872	0.9994645971
0.3403435335	0.6596564665	0.7419654903	0.9987990909
0.3413445145	0.6586554855	0.7429234996	0.9981328882
0.3423454955	0.6576545045	0.7438800989	0.9974660038
0.3433464765	0.6566535235	0.744835272	0.9967984521
0.3443474575	0.6556525425	0.7457890031	0.9961302475
0.3453484384	0.6546515616	0.7467412767	0.9954614044
0.3463494194	0.6536505806	0.7476920775	0.9947919368
0.3473504004	0.6526495996	0.7486413905	0.9941218587
0.3483513814	0.6516486186	0.7495892009	0.993451184
0.3493523624	0.6506476376	0.7505354941	0.9927799263
0.3503533433	0.6496466567	0.7514802559	0.9921080993
0.3513543243	0.6486456757	0.7524234723	0.9914357165
0.3523553053	0.6476446947	0.7533651295	0.990762791
0.3533562863	0.6466437137	0.7543052139	0.9900893361
0.3543572673	0.6456427327	0.7552437121	0.9894153649
0.3553582482	0.6446417518	0.7561806112	0.9887408902
0.3563592292	0.6436407708	0.7571158982	0.9880659249
0.3573602102	0.6426397898	0.7580495605	0.9873904817
0.3583611912	0.6416388088	0.7589815858	0.986714573
0.3593621722	0.6406378278	0.7599119617	0.9860382114
0.3603631532	0.6396368468	0.7608406764	0.9853614091
0.3613641341	0.6386358659	0.7617677181	0.9846841782
0.3623651151	0.6376348849	0.7626930751	0.984006531
0.3633660961	0.6366339039	0.7636167363	0.9833284792
0.3643670771	0.6356329229	0.7645386904	0.9826500347
0.3653680581	0.6346319419	0.7654589265	0.9819712093
0.366369039	0.633630961	0.7663774338	0.9812920144
0.36737002	0.63262998	0.7672942019	0.9806124617
0.368371001	0.631628999	0.7682092204	0.9799325623
0.369371982	0.630628018	0.7691224791	0.9792523277
0.370372963	0.629627037	0.770033968	0.9785717689
0.3713739439	0.6286260561	0.7709436775	0.9778908969
0.3723749249	0.6276250751	0.7718515978	0.9772097227
0.3733759059	0.6266240941	0.7727577197	0.976528257
0.3743768869	0.6256231131	0.7736620338	0.9758465106
0.3753778679	0.6246221321	0.7745645311	0.975164494
0.3763788488	0.6236211512	0.7754652028	0.9744822177
0.3773798298	0.6226201702	0.7763640401	0.9737996922
0.3783808108	0.6216191892	0.7772610345	0.9731169276
0.3793817918	0.6206182082	0.7781561776	0.9724339342
0.3803827728	0.6196172272	0.7790494613	0.971750722
0.3813837538	0.6186162462	0.7799408774	0.971067301
0.3823847347	0.6176152653	0.7808304183	0.970383681
0.3833857157	0.6166142843	0.781718076	0.9696998718
0.3843866967	0.6156133033	0.7826038431	0.9690158831
0.3853876777	0.6146123223	0.7834877122	0.9683317245
0.3863886587	0.6136113413	0.784369676	0.9676474054
0.3873896396	0.6126103604	0.7852497275	0.9669629352
0.3883906206	0.6116093794	0.7861278597	0.9662783232
0.3893916016	0.6106083984	0.7870040657	0.9655935786
0.3903925826	0.6096074174	0.7878783391	0.9649087105
0.3913935636	0.6086064364	0.7887506732	0.9642237278
0.3923945445	0.6076054555	0.7896210617	0.9635386395
0.3933955255	0.6066044745	0.7904894984	0.9628534544
0.3943965065	0.6056034935	0.7913559772	0.9621681813
0.3953974875	0.6046025125	0.7922204921	0.9614828288
0.3963984685	0.6036015315	0.7930830374	0.9607974053
0.3973994494	0.6026005506	0.7939436074	0.9601119195
0.3984004304	0.6015995696	0.7948021965	0.9594263797
0.3994014114	0.6005985886	0.7956587993	0.9587407941
0.4004023924	0.5995976076	0.7965134105	0.958055171
0.4014033734	0.5985966266	0.7973660251	0.9573695185
0.4024043544	0.5975956456	0.7982166379	0.9566838446
0.4034053353	0.5965946647	0.799065244	0.9559981574
0.4044063163	0.5955936837	0.7999118387	0.9553124646
0.4054072973	0.5945927027	0.8007564173	0.9546267741
0.4064082783	0.5935917217	0.8015989752	0.9539410936
0.4074092593	0.5925907407	0.8024395081	0.9532554307
0.4084102402	0.5915897598	0.8032780116	0.9525697929
0.4094112212	0.5905887788	0.8041144815	0.9518841878
0.4104122022	0.5895877978	0.8049489137	0.9511986227
0.4114131832	0.5885868168	0.8057813043	0.950513105
0.4124141642	0.5875858358	0.8066116493	0.9498276419
0.4134151451	0.5865848549	0.8074399452	0.9491422406
0.4144161261	0.5855838739	0.8082661881	0.9484569081
0.4154171071	0.5845828929	0.8090903746	0.9477716516
0.4164180881	0.5835819119	0.8099125012	0.9470864779
0.4174190691	0.5825809309	0.8107325645	0.9464013938
0.4184200501	0.5815799499	0.8115505615	0.9457164063
0.419421031	0.580578969	0.8123664889	0.9450315221
0.420422012	0.579577988	0.8131803437	0.9443467477
0.421422993	0.578577007	0.813992123	0.9436620899
0.422423974	0.577576026	0.8148018239	0.942977555
0.423424955	0.576575045	0.8156094438	0.9422931496
0.4244259359	0.5755740641	0.8164149799	0.9416088801
0.4254269169	0.5745730831	0.8172184297	0.9409247527
0.4264278979	0.5735721021	0.8180197908	0.9402407737
0.4274288789	0.5725711211	0.8188190608	0.9395569493
0.4284298599	0.5715701401	0.8196162375	0.9388732856
0.4294308408	0.5705691592	0.8204113185	0.9381897887
0.4304318218	0.5695681782	0.821204302	0.9375064645
0.4314328028	0.5685671972	0.8219951857	0.9368233189
0.4324337838	0.5675662162	0.8227839678	0.9361403579
0.4334347648	0.5665652352	0.8235706465	0.9354575872
0.4344357457	0.5655642543	0.82435522	0.9347750126
0.4354367267	0.5645632733	0.8251376866	0.9340926397
0.4364377077	0.5635622923	0.8259180448	0.9334104741
0.4374386887	0.5625613113	0.8266962929	0.9327285214
0.4384396697	0.5615603303	0.8274724297	0.932046787
0.4394406507	0.5605593493	0.8282464536	0.9313652765
0.4404416316	0.5595583684	0.8290183635	0.9306839951
0.4414426126	0.5585573874	0.8297881581	0.9300029483
0.4424435936	0.5575564064	0.8305558363	0.9293221412
0.4434445746	0.5565554254	0.8313213971	0.928641579
0.4444455556	0.5555544444	0.8320848394	0.9279612669
0.4454465365	0.5545534635	0.8328461624	0.92728121
0.4464475175	0.5535524825	0.8336053652	0.9266014133
0.4474484985	0.5525515015	0.8343624471	0.9259218817
0.4484494795	0.5515505205	0.8351174073	0.9252426203
0.4494504605	0.5505495395	0.8358702452	0.9245636338
0.4504514414	0.5495485586	0.8366209602	0.9238849271
0.4514524224	0.5485475776	0.837369552	0.9232065049
0.4524534034	0.5475465966	0.8381160199	0.9225283719
0.4534543844	0.5465456156	0.8388603637	0.9218505329
0.4544553654	0.5455446346	0.8396025831	0.9211729923
0.4554563463	0.5445436537	0.8403426779	0.9204957548
0.4564573273	0.5435426727	0.8410806477	0.9198188249
0.4574583083	0.5425416917	0.8418164927	0.9191422069
0.4584592893	0.5415407107	0.8425502126	0.9184659053
0.4594602703	0.5405397297	0.8432818075	0.9177899245
0.4604612513	0.5395387487	0.8440112775	0.9171142687
0.4614622322	0.5385377678	0.8447386227	0.9164389423
0.4624632132	0.5375367868	0.8454638433	0.9157639493
0.4634641942	0.5365358058	0.8461869395	0.915089294
0.4644651752	0.5355348248	0.8469079116	0.9144149805
0.4654661562	0.5345338438	0.84762676	0.9137410128
0.4664671371	0.5335328629	0.8483434851	0.913067395
0.4674681181	0.5325318819	0.8490580874	0.912394131
0.4684690991	0.5315309009	0.8497705673	0.9117212248
0.4694700801	0.5305299199	0.8504809255	0.9110486802
0.4704710611	0.5295289389	0.8511891626	0.9103765011
0.471472042	0.528527958	0.8518952791	0.9097046912
0.472473023	0.527526977	0.852599276	0.9090332544
0.473474004	0.526525996	0.8533011539	0.9083621943
0.474474985	0.525525015	0.8540009136	0.9076915146
0.475475966	0.524524034	0.8546985561	0.9070212189
0.4764769469	0.5235230531	0.8553940823	0.9063513107
0.4774779279	0.5225220721	0.856087493	0.9056817937
0.4784789089	0.5215210911	0.8567787894	0.9050126713
0.4794798899	0.5205201101	0.8574679725	0.904343947
0.4804808709	0.5195191291	0.8581550435	0.9036756242
0.4814818519	0.5185181481	0.8588400033	0.9030077062
0.4824828328	0.5175171672	0.8595228533	0.9023401964
0.4834838138	0.5165161862	0.8602035948	0.9016730981
0.4844847948	0.5155152052	0.8608822289	0.9010064145
0.4854857758	0.5145142242	0.861558757	0.9003401489
0.4864867568	0.5135132432	0.8622331804	0.8996743044
0.4874877377	0.5125122623	0.8629055007	0.8990088842
0.4884887187	0.5115112813	0.8635757191	0.8983438913
0.4894896997	0.5105103003	0.8642438373	0.8976793289
0.4904906807	0.5095093193	0.8649098567	0.8970152
0.4914916617	0.5085083383	0.865573779	0.8963515075
0.4924926426	0.5075073574	0.8662356056	0.8956882544
0.4934936236	0.5065063764	0.8668953384	0.8950254436
0.4944946046	0.5055053954	0.8675529788	0.8943630781
0.4954955856	0.5045044144	0.8682085288	0.8937011606
0.4964965666	0.5035034334	0.8688619899	0.8930396939
0.4974975475	0.5025024525	0.8695133641	0.8923786809
0.4984985285	0.5015014715	0.8701626532	0.8917181243
0.4994995095	0.5005004905	0.8708098589	0.8910580268
0.5005004905	0.4994995095	0.8714549832	0.8903983911
0.5015014715	0.4984985285	0.8720980281	0.8897392198
0.5025024525	0.4974975475	0.8727389955	0.8890805155
0.5035034334	0.4964965666	0.8733778873	0.8884222808
0.5045044144	0.4954955856	0.8740147057	0.8877645183
0.5055053954	0.4944946046	0.8746494527	0.8871072304
0.5065063764	0.4934936236	0.8752821304	0.8864504197
0.5075073574	0.4924926426	0.8759127408	0.8857940885
0.5085083383	0.4914916617	0.8765412863	0.8851382393
0.5095093193	0.4904906807	0.8771677688	0.8844828746
0.5105103003	0.4894896997	0.8777921908	0.8838279965
0.5115112813	0.4884887187	0.8784145543	0.8831736076
0.5125122623	0.4874877377	0.8790348618	0.88251971
0.5135132432	0.4864867568	0.8796531154	0.881866306
0.5145142242	0.4854857758	0.8802693176	0.8812133979
0.5155152052	0.4844847948	0.8808834706	0.8805609878
0.5165161862	0.4834838138	0.8814955769	0.879909078
0.5175171672	0.4824828328	0.8821056388	0.8792576706
0.5185181481	0.4814818519	0.8827136589	0.8786067677
0.5195191291	0.4804808709	0.8833196395	0.8779563715
0.5205201101	0.4794798899	0.8839235833	0.8773064838
0.5215210911	0.4784789089	0.8845254926	0.8766571069
0.5225220721	0.4774779279	0.88512537	0.8760082427
0.5235230531	0.4764769469	0.8857232181	0.8753598932
0.524524034	0.475475966	0.8863190395	0.8747120604
0.525525015	0.474474985	0.8869128368	0.8740647461
0.526525996	0.473474004	0.8875046127	0.8734179523
0.527526977	0.472473023	0.8880943697	0.8727716808
0.528527958	0.471472042	0.8886821106	0.8721259335
0.5295289389	0.4704710611	0.8892678381	0.8714807123
0.5305299199	0.4694700801	0.8898515549	0.8708360189
0.5315309009	0.4684690991	0.8904332638	0.8701918551
0.5325318819	0.4674681181	0.8910129674	0.8695482226
0.5335328629	0.4664671371	0.8915906687	0.8689051232
0.5345338438	0.4654661562	0.8921663704	0.8682625586
0.5355348248	0.4644651752	0.8927400754	0.8676205304
0.5365358058	0.4634641942	0.8933117865	0.8669790402
0.5375367868	0.4624632132	0.8938815066	0.8663380898
0.5385377678	0.4614622322	0.8944492385	0.8656976807
0.5395387487	0.4604612513	0.8950149852	0.8650578146
0.5405397297	0.4594602703	0.8955787497	0.8644184928
0.5415407107	0.4584592893	0.8961405347	0.8637797171
0.5425416917	0.4574583083	0.8967003435	0.8631414888
0.5435426727	0.4564573273	0.8972581788	0.8625038096
0.5445436537	0.4554563463	0.8978140437	0.8618666807
0.5455446346	0.4544553654	0.8983679412	0.8612301038
0.5465456156	0.4534543844	0.8989198744	0.8605940802
0.5475465966	0.4524534034	0.8994698463	0.8599586113
0.5485475776	0.4514524224	0.9000178599	0.8593236985
0.5495485586	0.4504514414	0.9005639184	0.8586893432
0.5505495395	0.4494504605	0.9011080249	0.8580555466
0.5515505205	0.4484494795	0.9016501824	0.8574223102
0.5525515015	0.4474484985	0.9021903941	0.8567896351
0.5535524825	0.4464475175	0.9027286632	0.8561575227
0.5545534635	0.4454465365	0.9032649927	0.8555259743
0.5555544444	0.4444455556	0.9037993859	0.854894991
0.5565554254	0.4434445746	0.9043318459	0.854264574
0.5575564064	0.4424435936	0.904862376	0.8536347247
0.5585573874	0.4414426126	0.9053909794	0.8530054441
0.5595583684	0.4404416316	0.9059176593	0.8523767334
0.5605593493	0.4394406507	0.9064424189	0.8517485937
0.5615603303	0.4384396697	0.9069652615	0.8511210261
0.5625613113	0.4374386887	0.9074861903	0.8504940319
0.5635622923	0.4364377077	0.9080052087	0.8498676119
0.5645632733	0.4354367267	0.9085223198	0.8492417673
0.5655642543	0.4344357457	0.9090375271	0.8486164992
0.5665652352	0.4334347648	0.9095508339	0.8479918085
0.5675662162	0.4324337838	0.9100622434	0.8473676963
0.5685671972	0.4314328028	0.910571759	0.8467441636
0.5695681782	0.4304318218	0.911079384	0.8461212112
0.5705691592	0.4294308408	0.9115851218	0.8454988403
0.5715701401	0.4284298599	0.9120889758	0.8448770517
0.5725711211	0.4274288789	0.9125909494	0.8442558463
0.5735721021	0.4264278979	0.9130910459	0.843635225
0.5745730831	0.4254269169	0.9135892687	0.8430151888
0.5755740641	0.4244259359	0.9140856213	0.8423957384
0.576575045	0.423424955	0.914580107	0.8417768748
0.577576026	0.422423974	0.9150727293	0.8411585988
0.578577007	0.421422993	0.9155634916	0.8405409112
0.579577988	0.420422012	0.9160523974	0.8399238128
0.580578969	0.419421031	0.9165394501	0.8393073044
0.5815799499	0.4184200501	0.9170246531	0.8386913868
0.5825809309	0.4174190691	0.9175080101	0.8380760607
0.5835819119	0.4164180881	0.9179895243	0.8374613269
0.5845828929	0.4154171071	0.9184691993	0.8368471861
0.5855838739	0.4144161261	0.9189470387	0.8362336389
0.5865848549	0.4134151451	0.9194230459	0.8356206862
0.5875858358	0.4124141642	0.9198972243	0.8350083286
0.5885868168	0.4114131832	0.9203695776	0.8343965667
0.5895877978	0.4104122022	0.9208401092	0.8337854013
0.5905887788	0.4094112212	0.9213088227	0.8331748329
0.5915897598	0.4084102402	0.9217757216	0.8325648621
0.5925907407	0.4074092593	0.9222408095	0.8319554897
0.5935917217	0.4064082783	0.9227040899	0.8313467161
0.5945927027	0.4054072973	0.9231655663	0.830738542
0.5955936837	0.4044063163	0.9236252423	0.8301309679
0.5965946647	0.4034053353	0.9240831214	0.8295239943
0.5975956456	0.4024043544	0.9245392074	0.828917622
0.5985966266	0.4014033734	0.9249935036	0.8283118512
0.5995976076	0.4004023924	0.9254460137	0.8277066827
0.6005985886	0.3994014114	0.9258967414	0.8271021168
0.6015995696	0.3984004304	0.9263456901	0.826498154
0.6026005506	0.3973994494	0.9267928634	0.8258947949
0.6036015315	0.3963984685	0.9272382651	0.8252920399
0.6046025125	0.3953974875	0.9276818986	0.8246898895
0.6056034935	0.3943965065	0.9281237676	0.824088344
0.6066044745	0.3933955255	0.9285638757	0.823487404
0.6076054555	0.3923945445	0.9290022265	0.8228870698
0.6086064364	0.3913935636	0.9294388236	0.8222873418
0.6096074174	0.3903925826	0.9298736707	0.8216882204
0.6106083984	0.3893916016	0.9303067714	0.8210897061
0.6116093794	0.3883906206	0.9307381293	0.8204917991
0.6126103604	0.3873896396	0.9311677481	0.8198944998
0.6136113413	0.3863886587	0.9315956313	0.8192978086
0.6146123223	0.3853876777	0.9320217827	0.8187017258
0.6156133033	0.3843866967	0.9324462058	0.8181062517
0.6166142843	0.3833857157	0.9328689044	0.8175113866
0.6176152653	0.3823847347	0.933289882	0.8169171309
0.6186162462	0.3813837538	0.9337091423	0.8163234847
0.6196172272	0.3803827728	0.9341266891	0.8157304485
0.6206182082	0.3793817918	0.9345425258	0.8151380224
0.6216191892	0.3783808108	0.9349566563	0.8145462067
0.6226201702	0.3773798298	0.935369084	0.8139550017
0.6236211512	0.3763788488	0.9357798128	0.8133644076
0.6246221321	0.3753778679	0.9361888463	0.8127744246
0.6256231131	0.3743768869	0.9365961881	0.8121850529
0.6266240941	0.3733759059	0.9370018419	0.8115962928
0.6276250751	0.3723749249	0.9374058114	0.8110081444
0.6286260561	0.3713739439	0.9378081002	0.8104206078
0.629627037	0.370372963	0.9382087121	0.8098336834
0.630628018	0.369371982	0.9386076506	0.8092473712
0.631628999	0.368371001	0.9390049195	0.8086616715
0.63262998	0.36737002	0.9394005224	0.8080765842
0.633630961	0.366369039	0.939794463	0.8074921097
0.6346319419	0.3653680581	0.940186745	0.806908248
0.6356329229	0.3643670771	0.940577372	0.8063249991
0.6366339039	0.3633660961	0.9409663478	0.8057423634
0.6376348849	0.3623651151	0.941353676	0.8051603407
0.6386358659	0.3613641341	0.9417393602	0.8045789313
0.6396368468	0.3603631532	0.9421234042	0.8039981352
0.6406378278	0.3593621722	0.9425058117	0.8034179525
0.6416388088	0.3583611912	0.9428865863	0.8028383832
0.6426397898	0.3573602102	0.9432657316	0.8022594274
0.6436407708	0.3563592292	0.9436432514	0.8016810852
0.6446417518	0.3553582482	0.9440191494	0.8011033565
0.6456427327	0.3543572673	0.9443934291	0.8005262414
0.6466437137	0.3533562863	0.9447660944	0.79994974
0.6476446947	0.3523553053	0.9451371488	0.7993738522
0.6486456757	0.3513543243	0.945506596	0.7987985781
0.6496466567	0.3503533433	0.9458744398	0.7982239176
0.6506476376	0.3493523624	0.9462406837	0.7976498708
0.6516486186	0.3483513814	0.9466053314	0.7970764375
0.6526495996	0.3473504004	0.9469683867	0.7965036179
0.6536505806	0.3463494194	0.9473298532	0.7959314118
0.6546515616	0.3453484384	0.9476897345	0.7953598192
0.6556525425	0.3443474575	0.9480480344	0.7947888401
0.6566535235	0.3433464765	0.9484047564	0.7942184744
0.6576545045	0.3423454955	0.9487599042	0.7936487221
0.6586554855	0.3413445145	0.9491134816	0.793079583
0.6596564665	0.3403435335	0.9494654921	0.7925110571
0.6606574474	0.3393425526	0.9498159395	0.7919431443
0.6616584284	0.3383415716	0.9501648273	0.7913758445
0.6626594094	0.3373405906	0.9505121592	0.7908091577
0.6636603904	0.3363396096	0.950857939	0.7902430836
0.6646613714	0.3353386286	0.9512021702	0.7896776222
0.6656623524	0.3343376476	0.9515448564	0.7891127734
0.6666633333	0.3333366667	0.9518860014	0.7885485371
0.6676643143	0.3323356857	0.9522256087	0.787984913
0.6686652953	0.3313347047	0.9525636821	0.7874219012
0.6696662763	0.3303337237	0.9529002251	0.7868595013
0.6706672573	0.3293327427	0.9532352414	0.7862977133
0.6716682382	0.3283317618	0.9535687346	0.785736537
0.6726692192	0.3273307808	0.9539007084	0.7851759723
0.6736702002	0.3263297998	0.9542311663	0.7846160189
0.6746711812	0.3253288188	0.9545601121	0.7840566767
0.6756721622	0.3243278378	0.9548875493	0.7834979455
0.6766731431	0.3233268569	0.9552134815	0.7829398252
0.6776741241	0.3223258759	0.9555379124	0.7823823154
0.6786751051	0.3213248949	0.9558608456	0.781825416
0.6796760861	0.3203239139	0.9561822847	0.7812691269
0.6806770671	0.3193229329	0.9565022332	0.7807134477
0.681678048	0.318321952	0.9568206949	0.7801583783
0.682679029	0.317320971	0.9571376733	0.7796039185
0.68368001	0.31631999	0.957453172	0.7790500679
0.684680991	0.315319009	0.9577671947	0.7784968264
0.685681972	0.314318028	0.9580797448	0.7779441938
0.686682953	0.313317047	0.958390826	0.7773921697
0.6876839339	0.3123160661	0.9587004419	0.7768407539
0.6886849149	0.3113150851	0.959008596	0.7762899462
0.6896858959	0.3103141041	0.959315292	0.7757397463
0.6906868769	0.3093131231	0.9596205334	0.775190154
0.6916878579	0.3083121421	0.9599243237	0.7746411689
0.6926888388	0.3073111612	0.9602266666	0.7740927907
0.6936898198	0.3063101802	0.9605275657	0.7735450193
0.6946908008	0.3053091992	0.9608270244	0.7729978542
0.6956917818	0.3043082182	0.9611250463	0.7724512953
0.6966927628	0.3033072372	0.961421635	0.7719053421
0.6976937437	0.3023062563	0.961716794	0.7713599945
0.6986947247	0.3013052753	0.9620105269	0.770815252
0.6996957057	0.3003042943	0.9623028373	0.7702711145
0.7006966867	0.2993033133	0.9625937285	0.7697275814
0.7016976677	0.2983023323	0.9628832043	0.7691846527
0.7026986486	0.2973013514	0.9631712681	0.7686423278
0.7036996296	0.2963003704	0.9634579234	0.7681006065
0.7047006106	0.2952993894	0.9637431738	0.7675594884
0.7057015916	0.2942984084	0.9640270227	0.7670189732
0.7067025726	0.2932974274	0.9643094737	0.7664790605
0.7077035536	0.2922964464	0.9645905303	0.7659397501
0.7087045345	0.2912954655	0.964870196	0.7654010415
0.7097055155	0.2902944845	0.9651484743	0.7648629344
0.7107064965	0.2892935035	0.9654253687	0.7643254283
0.7117074775	0.2882925225	0.9657008827	0.7637885231
0.7127084585	0.2872915415	0.9659750197	0.7632522182
0.7137094394	0.2862905606	0.9662477832	0.7627165133
0.7147104204	0.2852895796	0.9665191767	0.7621814081
0.7157114014	0.2842885986	0.9667892038	0.7616469021
0.7167123824	0.2832876176	0.9670578678	0.7611129949
0.7177133634	0.2822866366	0.9673251721	0.7605796862
0.7187143443	0.2812856557	0.9675911204	0.7600469756
0.7197153253	0.2802846747	0.967855716	0.7595148626
0.7207163063	0.2792836937	0.9681189623	0.7589833469
0.7217172873	0.2782827127	0.9683808628	0.7584524281
0.7227182683	0.2772817317	0.968641421	0.7579221057
0.7237192492	0.2762807508	0.9689006403	0.7573923794
0.7247202302	0.2752797698	0.969158524	0.7568632487
0.7257212112	0.2742787888	0.9694150757	0.7563347131
0.7267221922	0.2732778078	0.9696702987	0.7558067724
0.7277231732	0.2722768268	0.9699241965	0.755279426
0.7287241542	0.2712758458	0.9701767724	0.7547526735
0.7297251351	0.2702748649	0.9704280299	0.7542265144
0.7307261161	0.2692738839	0.9706779723	0.7537009485
0.7317270971	0.2682729029	0.9709266031	0.7531759751
0.7327280781	0.2672719219	0.9711739256	0.7526515939
0.7337290591	0.2662709409	0.9714199433	0.7521278044
0.73473004	0.26526996	0.9716646594	0.7516046062
0.735731021	0.264268979	0.9719080774	0.7510819987
0.736732002	0.263267998	0.9721502006	0.7505599817
0.737732983	0.262267017	0.9723910325	0.7500385545
0.738733964	0.261266036	0.9726305762	0.7495177167
0.7397349449	0.2602650551	0.9728688353	0.7489974679
0.7407359259	0.2592640741	0.9731058129	0.7484778076
0.7417369069	0.2582630931	0.9733415126	0.7479587353
0.7427378879	0.2572621121	0.9735759376	0.7474402506
0.7437388689	0.2562611311	0.9738090912	0.7469223529
0.7447398498	0.2552601502	0.9740409767	0.7464050418
0.7457408308	0.2542591692	0.9742715976	0.7458883168
0.7467418118	0.2532581882	0.974500957	0.7453721775
0.7477427928	0.2522572072	0.9747290583	0.7448566232
0.7487437738	0.2512562262	0.9749559048	0.7443416536
0.7497447548	0.2502552452	0.9751814998	0.7438272682
0.7507457357	0.2492542643	0.9754058466	0.7433134664
0.7517467167	0.2482532833	0.9756289484	0.7428002478
0.7527476977	0.2472523023	0.9758508086	0.7422876118
0.7537486787	0.2462513213	0.9760714304	0.7417755579
0.7547496597	0.2452503403	0.976290817	0.7412640857
0.7557506406	0.2442493594	0.9765089718	0.7407531947
0.7567516216	0.2432483784	0.976725898	0.7402428842
0.7577526026	0.2422473974	0.9769415988	0.7397331539
0.7587535836	0.2412464164	0.9771560775	0.7392240031
0.7597545646	0.2402454354	0.9773693373	0.7387154314
0.7607555455	0.2392444545	0.9775813815	0.7382074383
0.7617565265	0.2382434735	0.9777922132	0.7377000232
0.7627575075	0.2372424925	0.9780018358	0.7371931856
0.7637584885	0.2362415115	0.9782102524	0.7366869249
0.7647594695	0.2352405305	0.9784174662	0.7361812408
0.7657604505	0.2342395495	0.9786234804	0.7356761325
0.7667614314	0.2332385686	0.9788282983	0.7351715996
0.7677624124	0.2322375876	0.9790319229	0.7346676416
0.7687633934	0.2312366066	0.9792343576	0.7341642578
0.7697643744	0.2302356256	0.9794356055	0.7336614479
0.7707653554	0.2292346446	0.9796356697	0.7331592111
0.7717663363	0.2282336637	0.9798345534	0.7326575471
0.7727673173	0.2272326827	0.9800322598	0.7321564551
0.7737682983	0.2262317017	0.9802287921	0.7316559348
0.7747692793	0.2252307207	0.9804241533	0.7311559855
0.7757702603	0.2242297397	0.9806183467	0.7306566067
0.7767712412	0.2232287588	0.9808113754	0.7301577978
0.7777722222	0.2222277778	0.9810032425	0.7296595583
0.7787732032	0.2212267968	0.9811939511	0.7291618877
0.7797741842	0.2202258158	0.9813835043	0.7286647853
0.7807751652	0.2192248348	0.9815719053	0.7281682506
0.7817761461	0.2182238539	0.9817591572	0.727672283
0.7827771271	0.2172228729	0.9819452631	0.727176882
0.7837781081	0.2162218919	0.982130226	0.726682047
0.7847790891	0.2152209109	0.9823140491	0.7261877775
0.7857800701	0.2142199299	0.9824967355	0.7256940729
0.7867810511	0.2132189489	0.9826782882	0.7252009325
0.787782032	0.212217968	0.9828587102	0.7247083559
0.788783013	0.211216987	0.9830380048	0.7242163425
0.789783994	0.210216006	0.9832161748	0.7237248916
0.790784975	0.209215025	0.9833932235	0.7232340028
0.791785956	0.208214044	0.9835691537	0.7227436754
0.7927869369	0.2072130631	0.9837439687	0.7222539088
0.7937879179	0.2062120821	0.9839176713	0.7217647025
0.7947888989	0.2052111011	0.9840902646	0.7212760559
0.7957898799	0.2042101201	0.9842617517	0.7207879684
0.7967908609	0.2032091391	0.9844321356	0.7203004395
0.7977918418	0.2022081582	0.9846014193	0.7198134684
0.7987928228	0.2012071772	0.9847696057	0.7193270548
0.7997938038	0.2002061962	0.9849366979	0.7188411978
0.8007947848	0.1992052152	0.9851026989	0.7183558971
0.8017957658	0.1982042342	0.9852676117	0.7178711519
0.8027967467	0.1972032533	0.9854314392	0.7173869617
0.8037977277	0.1962022723	0.9855941844	0.716903326
0.8047987087	0.1952012913	0.9857558503	0.716420244
0.8057996897	0.1942003103	0.9859164399	0.7159377152
0.8068006707	0.1931993293	0.986075956	0.715455739
0.8078016517	0.1921983483	0.9862344017	0.7149743148
0.8088026326	0.1911973674	0.9863917799	0.714493442
0.8098036136	0.1901963864	0.9865480935	0.7140131201
0.8108045946	0.1891954054	0.9867033455	0.7135333483
0.8118055756	0.1881944244	0.9868575388	0.7130541262
0.8128065566	0.1871934434	0.9870106763	0.712575453
0.8138075375	0.1861924625	0.9871627609	0.7120973282
0.8148085185	0.1851914815	0.9873137955	0.7116197513
0.8158094995	0.1841905005	0.987463783	0.7111427215
0.8168104805	0.1831895195	0.9876127264	0.7106662382
0.8178114615	0.1821885385	0.9877606285	0.710190301
0.8188124424	0.1811875576	0.9879074921	0.7097149091
0.8198134234	0.1801865766	0.9880533202	0.7092400619
0.8208144044	0.1791855956	0.9881981156	0.7087657589
0.8218153854	0.1781846146	0.9883418813	0.7082919994
0.8228163664	0.1771836336	0.98848462	0.7078187828
0.8238173473	0.1761826527	0.9886263345	0.7073461085
0.8248183283	0.1751816717	0.9887670279	0.7068739759
0.8258193093	0.1741806907	0.9889067028	0.7064023844
0.8268202903	0.1731797097	0.9890453621	0.7059313333
0.8278212713	0.1721787287	0.9891830086	0.705460822
0.8288222523	0.1711777477	0.9893196452	0.7049908499
0.8298232332	0.1701767668	0.9894552747	0.7045214165
0.8308242142	0.1691757858	0.9895898999	0.704052521
0.8318251952	0.1681748048	0.9897235235	0.7035841629
0.8328261762	0.1671738238	0.9898561484	0.7031163415
0.8338271572	0.1661728428	0.9899877774	0.7026490562
0.8348281381	0.1651718619	0.9901184132	0.7021823064
0.8358291191	0.1641708809	0.9902480587	0.7017160915
0.8368301001	0.1631698999	0.9903767165	0.7012504108
0.8378310811	0.1621689189	0.9905043895	0.7007852638
0.8388320621	0.1611679379	0.9906310804	0.7003206497
0.839833043	0.160166957	0.9907567919	0.699856568
0.840834024	0.159165976	0.9908815269	0.6993930181
0.841835005	0.158164995	0.991005288	0.6989299993
0.842835986	0.157164014	0.991128078	0.6984675109
0.843836967	0.156163033	0.9912498996	0.6980055525
0.8448379479	0.1551620521	0.9913707555	0.6975441233
0.8458389289	0.1541610711	0.9914906485	0.6970832227
0.8468399099	0.1531600901	0.9916095812	0.6966228501
0.8478408909	0.1521591091	0.9917275564	0.6961630048
0.8488418719	0.1511581281	0.9918445767	0.6957036862
0.8498428529	0.1501571471	0.9919606449	0.6952448938
0.8508438338	0.1491561662	0.9920757635	0.6947866268
0.8518448148	0.1481551852	0.9921899354	0.6943288846
0.8528457958	0.1471542042	0.9923031632	0.6938716667
0.8538467768	0.1461532232	0.9924154494	0.6934149723
0.8548477578	0.1451522422	0.9925267969	0.6929588008
0.8558487387	0.1441512613	0.9926372082	0.6925031516
0.8568497197	0.1431502803	0.992746686	0.6920480242
0.8578507007	0.1421492993	0.992855233	0.6915934177
0.8588516817	0.1411483183	0.9929628517	0.6911393317
0.8598526627	0.1401473373	0.9930695448	0.6906857654
0.8608536436	0.1391463564	0.9931753149	0.6902327182
0.8618546246	0.1381453754	0.9932801647	0.6897801896
0.8628556056	0.1371443944	0.9933840967	0.6893281788
0.8638565866	0.1361434134	0.9934871136	0.6888766853
0.8648575676	0.1351424324	0.9935892179	0.6884257083
0.8658585485	0.1341414515	0.9936904122	0.6879752473
0.8668595295	0.1331404705	0.9937906992	0.6875253017
0.8678605105	0.1321394895	0.9938900814	0.6870758707
0.8688614915	0.1311385085	0.9939885613	0.6866269538
0.8698624725	0.1301375275	0.9940861416	0.6861785503
0.8708634535	0.1291365465	0.9941828248	0.6857306595
0.8718644344	0.1281355656	0.9942786135	0.6852832809
0.8728654154	0.1271345846	0.9943735102	0.6848364139
0.8738663964	0.1261336036	0.9944675175	0.6843900576
0.8748673774	0.1251326226	0.9945606378	0.6839442116
0.8758683584	0.1241316416	0.9946528738	0.6834988753
0.8768693393	0.1231306607	0.9947442279	0.6830540478
0.8778703203	0.1221296797	0.9948347027	0.6826097287
0.8788713013	0.1211286987	0.9949243007	0.6821659172
0.8798722823	0.1201277177	0.9950130243	0.6817226128
0.8808732633	0.1191267367	0.9951008762	0.6812798149
0.8818742442	0.1181257558	0.9951878587	0.6808375226
0.8828752252	0.1171247748	0.9952739745	0.6803957355
0.8838762062	0.1161237938	0.9953592258	0.6799544529
0.8848771872	0.1151228128	0.9954436154	0.6795136741
0.8858781682	0.1141218318	0.9955271455	0.6790733986
0.8868791491	0.1131208509	0.9956098187	0.6786336256
0.8878801301	0.1121198699	0.9956916375	0.6781943546
0.8888811111	0.1111188889	0.9957726042	0.6777555848
0.8898820921	0.1101179079	0.9958527214	0.6773173157
0.8908830731	0.1091169269	0.9959319915	0.6768795467
0.8918840541	0.1081159459	0.9960104168	0.676442277
0.892885035	0.107114965	0.996088	0.6760055061
0.893886016	0.106113984	0.9961647432	0.6755692332
0.894886997	0.105113003	0.9962406491	0.6751334579
0.895887978	0.104112022	0.99631572	0.6746981793
0.896888959	0.103111041	0.9963899583	0.674263397
0.8978899399	0.1021100601	0.9964633664	0.6738291102
0.8988909209	0.1011090791	0.9965359467	0.6733953183
0.8998919019	0.1001080981	0.9966077016	0.6729620207
0.9008928829	0.09910711712	0.9966786335	0.6725292168
0.9018938639	0.09810613614	0.9967487447	0.6720969058
0.9028948448	0.09710515516	0.9968180376	0.6716650872
0.9038958258	0.09610417417	0.9968865147	0.6712337604
0.9048968068	0.09510319319	0.9969541781	0.6708029246
0.9058977878	0.09410221221	0.9970210304	0.6703725793
0.9068987688	0.09310123123	0.9970870739	0.6699427237
0.9078997497	0.09210025025	0.9971523108	0.6695133574
0.9089007307	0.09109926927	0.9972167436	0.6690844796
0.9099017117	0.09009828829	0.9972803745	0.6686560897
0.9109026927	0.08909730731	0.9973432059	0.6682281871
0.9119036737	0.08809632633	0.9974052401	0.6678007711
0.9129046547	0.08709534535	0.9974664795	0.6673738411
0.9139056356	0.08609436436	0.9975269262	0.6669473965
0.9149066166	0.08509338338	0.9975865827	0.6665214366
0.9159075976	0.0840924024	0.9976454513	0.6660959607
0.9169085786	0.08309142142	0.9977035341	0.6656709684
0.9179095596	0.08209044044	0.9977608336	0.6652464588
0.9189105405	0.08108945946	0.9978173519	0.6648224314
0.9199115215	0.08008847848	0.9978730914	0.6643988856
0.9209125025	0.0790874975	0.9979280543	0.6639758207
0.9219134835	0.07808651652	0.9979822429	0.663553236
0.9229144645	0.07708553554	0.9980356594	0.663131131
0.9239154454	0.07608455455	0.9980883062	0.662709505
0.9249164264	0.07508357357	0.9981401854	0.6622883574
0.9259174074	0.07408259259	0.9981912992	0.6618676876
0.9269183884	0.07308161161	0.99824165	0.6614474948
0.9279193694	0.07208063063	0.9982912399	0.6610277785
0.9289203504	0.07107964965	0.9983400712	0.6606085381
0.9299213313	0.07007866867	0.998388146	0.6601897729
0.9309223123	0.06907768769	0.9984354667	0.6597714823
0.9319232933	0.06807670671	0.9984820353	0.6593536656
0.9329242743	0.06707572573	0.9985278542	0.6589363222
0.9339252553	0.06607474474	0.9985729254	0.6585194516
0.9349262362	0.06507376376	0.9986172513	0.6581030529
0.9359272172	0.06407278278	0.9986608339	0.6576871257
0.9369281982	0.0630718018	0.9987036754	0.6572716694
0.9379291792	0.06207082082	0.9987457781	0.6568566831
0.9389301602	0.06106983984	0.9987871441	0.6564421665
0.9399311411	0.06006885886	0.9988277755	0.6560281187
0.9409321221	0.05906787788	0.9988676745	0.6556145392
0.9419331031	0.0580668969	0.9989068433	0.6552014274
0.9429340841	0.05706591592	0.998945284	0.6547887825
0.9439350651	0.05606493493	0.9989829987	0.6543766041
0.944936046	0.05506395395	0.9990199896	0.6539648915
0.945937027	0.05406297297	0.9990562588	0.653553644
0.946938008	0.05306199199	0.9990918084	0.653142861
0.947938989	0.05206101101	0.9991266406	0.6527325419
0.94893997	0.05106003003	0.9991607575	0.6523226861
0.949940951	0.05005904905	0.9991941611	0.6519132929
0.9509419319	0.04905806807	0.9992268536	0.6515043618
0.9519429129	0.04805708709	0.9992588371	0.651095892
0.9529438939	0.04705610611	0.9992901136	0.650687883
0.9539448749	0.04605512513	0.9993206853	0.6502803342
0.9549458559	0.04505414414	0.9993505542	0.6498732449
0.9559468368	0.04405316316	0.9993797224	0.6494666144
0.9569478178	0.04305218218	0.999408192	0.6490604423
0.9579487988	0.0420512012	0.999435965	0.6486547278
0.9589497798	0.04105022022	0.9994630435	0.6482494704
0.9599507608	0.04004923924	0.9994894295	0.6478446693
0.9609517417	0.03904825826	0.9995151252	0.6474403241
0.9619527227	0.03804727728	0.9995401325	0.647036434
0.9629537037	0.0370462963	0.9995644535	0.6466329985
0.9639546847	0.03604531532	0.9995880902	0.6462300169
0.9649556657	0.03504433433	0.9996110446	0.6458274886
0.9659566466	0.03404335335	0.9996333188	0.6454254131
0.9669576276	0.03304237237	0.9996549148	0.6450237896
0.9679586086	0.03204139139	0.9996758345	0.6446226176
0.9689595896	0.03104041041	0.9996960801	0.6442218964
0.9699605706	0.03003942943	0.9997156535	0.6438216255
0.9709615516	0.02903844845	0.9997345566	0.6434218042
0.9719625325	0.02803746747	0.9997527916	0.6430224319
0.9729635135	0.02703648649	0.9997703603	0.6426235079
0.9739644945	0.02603550551	0.9997872648	0.6422250318
0.9749654755	0.02503452452	0.999803507	0.6418270028
0.9759664565	0.02403354354	0.9998190889	0.6414294203
0.9769674374	0.02303256256	0.9998340125	0.6410322838
0.9779684184	0.02203158158	0.9998482797	0.6406355926
0.9789693994	0.0210306006	0.9998618925	0.6402393461
0.9799703804	0.02002961962	0.9998748529	0.6398435437
0.9809713614	0.01902863864	0.9998871627	0.6394481848
0.9819723423	0.01802765766	0.9998988239	0.6390532688
0.9829733233	0.01702667668	0.9999098385	0.6386587951
0.9839743043	0.0160256957	0.9999202084	0.638264763
0.9849752853	0.01502471471	0.9999299354	0.6378711719
0.9859762663	0.01402373373	0.9999390216	0.6374780213
0.9869772472	0.01302275275	0.9999474689	0.6370853106
0.9879782282	0.01202177177	0.9999552791	0.636693039
0.9889792092	0.01102079079	0.9999624541	0.6363012061
0.9899801902	0.01001980981	0.9999689959	0.6359098112
0.9909811712	0.009018828829	0.9999749064	0.6355188537
0.9919821522	0.008017847848	0.9999801874	0.6351283331
0.9929831331	0.007016866867	0.9999848408	0.6347382486
0.9939841141	0.006015885886	0.9999888685	0.6343485997
0.9949850951	0.005014904905	0.9999922724	0.6339593859
0.9959860761	0.004013923924	0.9999950544	0.6335706064
0.9969870571	0.003012942943	0.9999972163	0.6331822607
0.997988038	0.002011961962	0.9999987599	0.6327943482
0.998989019	0.001010980981	0.9999996872	0.6324068683
0.99999	1e-05	1	0.6320198204
