1e-05	0.99999	61539.4247	1.000000028
0.001010980981	0.998989019	35912.75239	1.000272647
0.002011961962	0.997988038	21583.85846	1.001041543
0.003012942943	0.9969870571	13333.01595	1.002254661
0.004013923924	0.9959860761	8449.908893	1.003865618
0.005014904905	0.9949850951	5484.915451	1.00583297
0.006015885886	0.9939841141	3640.91427	1.00811958
0.007016866867	0.9929831331	2468.054321	1.010692084
0.008017847848	0.9919821522	1706.207144	1.01352044
0.009018828829	0.9909811712	1201.473277	1.016577534
0.01001980981	0.9899801902	860.8230866	1.019838839
0.01102079079	0.9889792092	626.8726155	1.023282133
0.01202177177	0.9879782282	463.5444324	1.026887238
0.01302275275	0.9869772472	347.7452955	1.030635804
0.01402373373	0.9859762663	264.4403008	1.034511117
0.01502471471	0.9849752853	203.682812	1.038497932
0.0160256957	0.9839743043	158.7919541	1.04258232
0.01702667668	0.9829733233	125.2155426	1.046751547
0.01802765766	0.9819723423	99.80939798	1.05099395
0.01902863864	0.9809713614	80.37368849	1.055298844
0.02002961962	0.9799703804	65.35036913	1.059656422
0.0210306006	0.9789693994	53.62306187	1.064057685
0.02203158158	0.9779684184	44.38298223	1.068494361
0.02303256256	0.9769674374	37.03801	1.072958848
0.02403354354	0.9759664565	31.1502981	1.077444152
0.02503452452	0.9749654755	26.39298492	1.081943837
0.02603550551	0.9739644945	22.51984084	1.086451979
0.02703648649	0.9729635135	19.34376786	1.090963123
0.02803746747	0.9719625325	16.7214222	1.095472245
0.02903844845	0.9709615516	14.54211402	1.099974717
0.03003942943	0.9699605706	12.71972338	1.104466281
0.03104041041	0.9689595896	11.18676287	1.108943012
0.03204139139	0.9679586086	9.889981239	1.113401299
0.03304237237	0.9669576276	8.787082773	1.11783782
0.03404335335	0.9659566466	7.844260851	1.122249517
0.03504433433	0.9649556657	7.034330342	1.126633583
0.03604531532	0.9639546847	6.335303684	1.130987436
0.0370462963	0.9629537037	5.729298047	1.13530871
0.03804727728	0.9619527227	5.201691269	1.139595235
0.03904825826	0.9609517417	4.740465932	1.143845024
0.04004923924	0.9599507608	4.335696649	1.148056261
0.04105022022	0.9589497798	3.97914702	1.15222729
0.0420512012	0.9579487988	3.663951068	1.156356601
0.04305218218	0.9569478178	3.384360124	1.160442822
0.04405316316	0.9559468368	3.135540696	1.16448471
0.04505414414	0.9549458559	2.913412262	1.168481142
0.04605512513	0.9539448749	2.714516487	1.172431106
0.04705610611	0.9529438939	2.535911302	1.176333692
0.04805708709	0.9519429129	2.375084729	1.180188091
0.04905806807	0.9509419319	2.229884484	1.183993583
0.05005904905	0.949940951	2.098460235	1.187749531
0.05106003003	0.94893997	1.97921604	1.19145538
0.05206101101	0.947938989	1.870771028	1.195110646
0.05306199199	0.946938008	1.771926778	1.198714917
0.05406297297	0.945937027	1.681640145	1.202267843
0.05506395395	0.944936046	1.599000559	1.205769136
0.05606493493	0.9439350651	1.523210982	1.209218563
0.05706591592	0.9429340841	1.453571898	1.212615944
0.0580668969	0.9419331031	1.389467793	1.215961148
0.05906787788	0.9409321221	1.33035572	1.219254091
0.06006885886	0.9399311411	1.275755579	1.222494729
0.06106983984	0.9389301602	1.225241852	1.22568306
0.06207082082	0.9379291792	1.178436539	1.228819121
0.0630718018	0.9369281982	1.135003115	1.231902979
0.06407278278	0.9359272172	1.094641336	1.234934737
0.06507376376	0.9349262362	1.057082772	1.237914528
0.06607474474	0.9339252553	1.022086958	1.240842512
0.06707572573	0.9329242743	0.9894380564	1.243718874
0.06807670671	0.9319232933	0.9589419684	1.246543827
0.06907768769	0.9309223123	0.9304238235	1.249317603
0.07007866867	0.9299213313	0.9037257925	1.252040457
0.07107964965	0.9289203504	0.8787051792	1.254712662
0.07208063063	0.9279193694	0.8552327513	1.25733451
0.07308161161	0.9269183884	0.8331912778	1.25990631
0.07408259259	0.9259174074	0.8124742439	1.262428385
0.07508357357	0.9249164264	0.7929847215	1.264901074
0.07608455455	0.9239154454	0.7746343721	1.267324727
0.07708553554	0.9229144645	0.7573425672	1.269699707
0.07808651652	0.9219134835	0.7410356097	1.272026389
0.0790874975	0.9209125025	0.7256460436	1.274305156
0.08008847848	0.9199115215	0.7111120413	1.276536402
0.08108945946	0.9189105405	0.6973768588	1.278720528
0.08209044044	0.9179095596	0.6843883501	1.280857944
0.08309142142	0.9169085786	0.6720985342	1.282949064
0.0840924024	0.9159075976	0.6604632077	1.284994312
0.08509338338	0.9149066166	0.6494415989	1.286994115
0.08609436436	0.9139056356	0.6389960569	1.288948905
0.08709534535	0.9129046547	0.6290917728	1.290859119
0.08809632633	0.9119036737	0.6196965295	1.292725196
0.08909730731	0.9109026927	0.6107804759	1.294547581
0.09009828829	0.9099017117	0.6023159236	1.296326719
0.09109926927	0.9089007307	0.5942771636	1.29806306
0.09210025025	0.9078997497	0.5866403002	1.299757052
0.09310123123	0.9068987688	0.5793831012	1.301409149
0.09410221221	0.9058977878	0.5724848617	1.303019802
0.09510319319	0.9048968068	0.5659262811	1.304589464
0.09610417417	0.9038958258	0.5596893505	1.306118591
0.09710515516	0.9028948448	0.5537572517	1.307607635
0.09810613614	0.9018938639	0.5481142638	1.30905705
0.09910711712	0.9008928829	0.5427456789	1.310467288
0.1001080981	0.8998919019	0.5376377252	1.311838803
0.1011090791	0.8988909209	0.5327774964	1.313172045
0.1021100601	0.8978899399	0.5281528874	1.314467464
0.103111041	0.896888959	0.5237525357	1.315725509
0.104112022	0.895887978	0.5195657668	1.316946626
0.105113003	0.894886997	0.5155825454	1.31813126
0.106113984	0.893886016	0.5117934297	1.319279853
0.107114965	0.892885035	0.5081895295	1.320392848
0.1081159459	0.8918840541	0.5047624682	1.321470681
0.1091169269	0.8908830731	0.5015043473	1.322513789
0.1101179079	0.8898820921	0.4984077136	1.323522605
0.1111188889	0.8888811111	0.49546553	1.324497559
0.1121198699	0.8878801301	0.4926711468	1.325439079
0.1131208509	0.8868791491	0.490018277	1.32634759
0.1141218318	0.8858781682	0.4875009721	1.327223514
0.1151228128	0.8848771872	0.4851136006	1.328067268
0.1161237938	0.8838762062	0.4828508272	1.328879268
0.1171247748	0.8828752252	0.4807075951	1.329659927
0.1181257558	0.8818742442	0.4786791073	1.330409653
0.1191267367	0.8808732633	0.4767608114	1.331128851
0.1201277177	0.8798722823	0.4749483844	1.331817923
0.1211286987	0.8788713013	0.4732377184	1.332477268
0.1221296797	0.8778703203	0.4716249083	1.33310728
0.1231306607	0.8768693393	0.4701062389	1.33370835
0.1241316416	0.8758683584	0.4686781744	1.334280866
0.1251326226	0.8748673774	0.4673373477	1.334825213
0.1261336036	0.8738663964	0.4660805505	1.335341769
0.1271345846	0.8728654154	0.4649047243	1.335830912
0.1281355656	0.8718644344	0.4638069519	1.336293015
0.1291365465	0.8708634535	0.4627844494	1.336728446
0.1301375275	0.8698624725	0.4618345589	1.337137571
0.1311385085	0.8688614915	0.4609547414	1.337520752
0.1321394895	0.8678605105	0.4601425703	1.337878346
0.1331404705	0.8668595295	0.4593957255	1.338210707
0.1341414515	0.8658585485	0.4587119873	1.338518185
0.1351424324	0.8648575676	0.4580892315	1.338801128
0.1361434134	0.8638565866	0.4575254241	1.339059877
0.1371443944	0.8628556056	0.4570186166	1.339294772
0.1381453754	0.8618546246	0.4565669417	1.339506147
0.1391463564	0.8608536436	0.4561686088	1.339694336
0.1401473373	0.8598526627	0.4558219007	1.339859664
0.1411483183	0.8588516817	0.4555251693	1.340002456
0.1421492993	0.8578507007	0.4552768323	1.340123033
0.1431502803	0.8568497197	0.4550753703	1.340221711
0.1441512613	0.8558487387	0.4549193232	1.340298803
0.1451522422	0.8548477578	0.4548072875	1.340354618
0.1461532232	0.8538467768	0.4547379138	1.340389463
0.1471542042	0.8528457958	0.4547099039	1.340403638
0.1481551852	0.8518448148	0.4547220085	1.340397444
0.1491561662	0.8508438338	0.4547730248	1.340371174
0.1501571471	0.8498428529	0.4548617944	1.34032512
0.1511581281	0.8488418719	0.4549872015	1.34025957
0.1521591091	0.8478408909	0.4551481703	1.340174808
0.1531600901	0.8468399099	0.455343664	1.340071116
0.1541610711	0.8458389289	0.4555726822	1.339948771
0.1551620521	0.8448379479	0.4558342599	1.339808046
0.156163033	0.843836967	0.4561274658	1.339649213
0.157164014	0.842835986	0.4564514004	1.339472539
0.158164995	0.841835005	0.4568051953	1.339278289
0.159165976	0.840834024	0.4571880114	1.339066722
0.160166957	0.839833043	0.4575990374	1.338838096
0.1611679379	0.8388320621	0.4580374895	1.338592666
0.1621689189	0.8378310811	0.4585026091	1.338330683
0.1631698999	0.8368301001	0.4589936629	1.338052394
0.1641708809	0.8358291191	0.4595099408	1.337758044
0.1651718619	0.8348281381	0.4600507556	1.337447876
0.1661728428	0.8338271572	0.460615442	1.337122126
0.1671738238	0.8328261762	0.4612033555	1.336781032
0.1681748048	0.8318251952	0.4618138715	1.336424825
0.1691757858	0.8308242142	0.4624463849	1.336053735
0.1701767668	0.8298232332	0.4631003089	1.335667988
0.1711777477	0.8288222523	0.4637750746	1.335267809
0.1721787287	0.8278212713	0.46447013	1.334853417
0.1731797097	0.8268202903	0.4651849398	1.33442503
0.1741806907	0.8258193093	0.4659189842	1.333982865
0.1751816717	0.8248183283	0.4666717587	1.333527132
0.1761826527	0.8238173473	0.4674427734	1.333058041
0.1771836336	0.8228163664	0.4682315524	1.332575799
0.1781846146	0.8218153854	0.4690376334	1.332080611
0.1791855956	0.8208144044	0.4698605672	1.331572676
0.1801865766	0.8198134234	0.4706999169	1.331052195
0.1811875576	0.8188124424	0.471555258	1.330519362
0.1821885385	0.8178114615	0.4724261776	1.329974372
0.1831895195	0.8168104805	0.4733122739	1.329417415
0.1841905005	0.8158094995	0.474213156	1.328848681
0.1851914815	0.8148085185	0.4751284437	1.328268353
0.1861924625	0.8138075375	0.4760577665	1.327676617
0.1871934434	0.8128065566	0.477000764	1.327073653
0.1881944244	0.8118055756	0.4779570851	1.32645964
0.1891954054	0.8108045946	0.4789263878	1.325834753
0.1901963864	0.8098036136	0.4799083388	1.325199168
0.1911973674	0.8088026326	0.4809026134	1.324553054
0.1921983483	0.8078016517	0.4819088951	1.323896582
0.1931993293	0.8068006707	0.4829268753	1.323229918
0.1942003103	0.8057996897	0.4839562531	1.322553228
0.1952012913	0.8047987087	0.4849967351	1.321866673
0.1962022723	0.8037977277	0.486048035	1.321170415
0.1972032533	0.8027967467	0.4871098735	1.32046461
0.1982042342	0.8017957658	0.4881819779	1.319749416
0.1992052152	0.8007947848	0.4892640823	1.319024987
0.2002061962	0.7997938038	0.4903559268	1.318291473
0.2012071772	0.7987928228	0.491457258	1.317549026
0.2022081582	0.7977918418	0.4925678282	1.316797792
0.2032091391	0.7967908609	0.4936873953	1.316037918
0.2042101201	0.7957898799	0.4948157232	1.315269548
0.2052111011	0.7947888989	0.4959525808	1.314492823
0.2062120821	0.7937879179	0.4970977426	1.313707883
0.2072130631	0.7927869369	0.4982509879	1.312914867
0.208214044	0.791785956	0.4994121011	1.312113911
0.209215025	0.790784975	0.5005808715	1.311305149
0.210216006	0.789783994	0.5017570928	1.310488714
0.211216987	0.788783013	0.5029405634	1.309664736
0.212217968	0.787782032	0.5041310861	1.308833344
0.2132189489	0.7867810511	0.5053284679	1.307994666
0.2142199299	0.7857800701	0.5065325201	1.307148827
0.2152209109	0.7847790891	0.5077430578	1.306295952
0.2162218919	0.7837781081	0.5089599003	1.305436161
0.2172228729	0.7827771271	0.5101828705	1.304569575
0.2182238539	0.7817761461	0.5114117952	1.303696314
0.2192248348	0.7807751652	0.5126465046	1.302816494
0.2202258158	0.7797741842	0.5138868326	1.301930232
0.2212267968	0.7787732032	0.5151326165	1.30103764
0.2222277778	0.7777722222	0.5163836969	1.300138831
0.2232287588	0.7767712412	0.5176399175	1.299233917
0.2242297397	0.7757702603	0.5189011255	1.298323007
0.2252307207	0.7747692793	0.520167171	1.297406209
0.2262317017	0.7737682983	0.5214379069	1.296483628
0.2272326827	0.7727673173	0.5227131894	1.29555537
0.2282336637	0.7717663363	0.5239928773	1.294621539
0.2292346446	0.7707653554	0.5252768323	1.293682237
0.2302356256	0.7697643744	0.5265649187	1.292737564
0.2312366066	0.7687633934	0.5278570036	1.291787619
0.2322375876	0.7677624124	0.5291529565	1.290832501
0.2332385686	0.7667614314	0.5304526496	1.289872307
0.2342395495	0.7657604505	0.5317559574	1.288907131
0.2352405305	0.7647594695	0.533062757	1.287937067
0.2362415115	0.7637584885	0.5343729275	1.286962209
0.2372424925	0.7627575075	0.5356863507	1.285982648
0.2382434735	0.7617565265	0.5370029103	1.284998473
0.2392444545	0.7607555455	0.5383224923	1.284009774
0.2402454354	0.7597545646	0.5396449849	1.283016639
0.2412464164	0.7587535836	0.5409702784	1.282019153
0.2422473974	0.7577526026	0.5422982649	1.281017403
0.2432483784	0.7567516216	0.5436288387	1.280011472
0.2442493594	0.7557506406	0.544961896	1.279001444
0.2452503403	0.7547496597	0.5462973349	1.2779874
0.2462513213	0.7537486787	0.5476350553	1.276969421
0.2472523023	0.7527476977	0.548974959	1.275947586
0.2482532833	0.7517467167	0.5503169495	1.274921974
0.2492542643	0.7507457357	0.5516609322	1.273892663
0.2502552452	0.7497447548	0.553006814	1.272859729
0.2512562262	0.7487437738	0.5543545035	1.271823247
0.2522572072	0.7477427928	0.555703911	1.270783291
0.2532581882	0.7467418118	0.5570549485	1.269739935
0.2542591692	0.7457408308	0.5584075293	1.26869325
0.2552601502	0.7447398498	0.5597615685	1.267643309
0.2562611311	0.7437388689	0.5611169824	1.26659018
0.2572621121	0.7427378879	0.5624736891	1.265533935
0.2582630931	0.7417369069	0.5638316078	1.26447464
0.2592640741	0.7407359259	0.5651906595	1.263412363
0.2602650551	0.7397349449	0.5665507662	1.262347171
0.261266036	0.738733964	0.5679118515	1.261279129
0.262267017	0.737732983	0.5692738403	1.260208302
0.263267998	0.736732002	0.5706366586	1.259134753
0.264268979	0.735731021	0.5720002339	1.258058545
0.26526996	0.73473004	0.5733644949	1.256979741
0.2662709409	0.7337290591	0.5747293714	1.255898401
0.2672719219	0.7327280781	0.5760947946	1.254814585
0.2682729029	0.7317270971	0.5774606968	1.253728354
0.2692738839	0.7307261161	0.5788270113	1.252639764
0.2702748649	0.7297251351	0.5801936728	1.251548876
0.2712758458	0.7287241542	0.581560617	1.250455744
0.2722768268	0.7277231732	0.5829277805	1.249360426
0.2732778078	0.7267221922	0.5842951014	1.248262977
0.2742787888	0.7257212112	0.5856625184	1.247163451
0.2752797698	0.7247202302	0.5870299716	1.246061903
0.2762807508	0.7237192492	0.5883974018	1.244958384
0.2772817317	0.7227182683	0.5897647511	1.243852949
0.2782827127	0.7217172873	0.5911319624	1.242745648
0.2792836937	0.7207163063	0.5924989795	1.241636533
0.2802846747	0.7197153253	0.5938657474	1.240525653
0.2812856557	0.7187143443	0.5952322117	1.239413058
0.2822866366	0.7177133634	0.5965983191	1.238298797
0.2832876176	0.7167123824	0.5979640173	1.237182918
0.2842885986	0.7157114014	0.5993292546	1.236065468
0.2852895796	0.7147104204	0.6006939804	1.234946495
0.2862905606	0.7137094394	0.6020581449	1.233826044
0.2872915415	0.7127084585	0.603421699	1.232704161
0.2882925225	0.7117074775	0.6047845946	1.23158089
0.2892935035	0.7107064965	0.6061467844	1.230456277
0.2902944845	0.7097055155	0.6075082216	1.229330364
0.2912954655	0.7087045345	0.6088688606	1.228203195
0.2922964464	0.7077035536	0.6102286563	1.227074811
0.2932974274	0.7067025726	0.6115875644	1.225945256
0.2942984084	0.7057015916	0.6129455415	1.224814569
0.2952993894	0.7047006106	0.6143025446	1.223682792
0.2963003704	0.7036996296	0.6156585317	1.222549965
0.2973013514	0.7026986486	0.6170134615	1.221416127
0.2983023323	0.7016976677	0.6183672932	1.220281316
0.2993033133	0.7006966867	0.6197199868	1.219145572
0.3003042943	0.6996957057	0.6210715031	1.218008933
0.3013052753	0.6986947247	0.6224218033	1.216871435
0.3023062563	0.6976937437	0.6237708494	1.215733115
0.3033072372	0.6966927628	0.6251186041	1.21459401
0.3043082182	0.6956917818	0.6264650306	1.213454155
0.3053091992	0.6946908008	0.6278100928	1.212313586
0.3063101802	0.6936898198	0.6291537551	1.211172337
0.3073111612	0.6926888388	0.6304959827	1.210030443
0.3083121421	0.6916878579	0.6318367412	1.208887936
0.3093131231	0.6906868769	0.633175997	1.207744852
0.3103141041	0.6896858959	0.6345137167	1.206601222
0.3113150851	0.6886849149	0.6358498679	1.205457078
0.3123160661	0.6876839339	0.6371844184	1.204312453
0.313317047	0.686682953	0.6385173369	1.203167378
0.314318028	0.685681972	0.6398485922	1.202021884
0.315319009	0.684680991	0.6411781541	1.200876001
0.31631999	0.68368001	0.6425059926	1.19972976
0.317320971	0.682679029	0.6438320783	1.19858319
0.318321952	0.681678048	0.6451563824	1.197436321
0.3193229329	0.6806770671	0.6464788764	1.196289181
0.3203239139	0.6796760861	0.6477995325	1.195141798
0.3213248949	0.6786751051	0.6491183233	1.193994201
0.3223258759	0.6776741241	0.6504352218	1.192846417
0.3233268569	0.6766731431	0.6517502017	1.191698474
0.3243278378	0.6756721622	0.6530632368	1.190550397
0.3253288188	0.6746711812	0.6543743018	1.189402215
0.3263297998	0.6736702002	0.6556833714	1.188253951
0.3273307808	0.6726692192	0.6569904212	1.187105633
0.3283317618	0.6716682382	0.6582954268	1.185957286
0.3293327427	0.6706672573	0.6595983645	1.184808934
0.3303337237	0.6696662763	0.660899211	1.183660602
0.3313347047	0.6686652953	0.6621979434	1.182512314
0.3323356857	0.6676643143	0.6634945391	1.181364093
0.3333366667	0.6666633333	0.664788976	1.180215965
0.3343376476	0.6656623524	0.6660812325	1.179067951
0.3353386286	0.6646613714	0.6673712872	1.177920074
0.3363396096	0.6636603904	0.6686591192	1.176772357
0.3373405906	0.6626594094	0.6699447081	1.175624822
0.3383415716	0.6616584284	0.6712280335	1.17447749
0.3393425526	0.6606574474	0.6725090758	1.173330384
0.3403435335	0.6596564665	0.6737878156	1.172183525
0.3413445145	0.6586554855	0.6750642337	1.171036932
0.3423454955	0.6576545045	0.6763383116	1.169890628
0.3433464765	0.6566535235	0.6776100309	1.168744631
0.3443474575	0.6556525425	0.6788793735	1.167598963
0.3453484384	0.6546515616	0.6801463219	1.166453642
0.3463494194	0.6536505806	0.6814108587	1.165308688
0.3473504004	0.6526495996	0.6826729669	1.164164121
0.3483513814	0.6516486186	0.68393263	1.163019958
0.3493523624	0.6506476376	0.6851898316	1.161876218
0.3503533433	0.6496466567	0.6864445556	1.16073292
0.3513543243	0.6486456757	0.6876967865	1.159590081
0.3523553053	0.6476446947	0.6889465088	1.15844772
0.3533562863	0.6466437137	0.6901937075	1.157305853
0.3543572673	0.6456427327	0.6914383677	1.156164498
0.3553582482	0.6446417518	0.6926804752	1.155023671
0.3563592292	0.6436407708	0.6939200156	1.15388339
0.3573602102	0.6426397898	0.695156975	1.15274367
0.3583611912	0.6416388088	0.69639134	1.151604528
0.3593621722	0.6406378278	0.6976230972	1.15046598
0.3603631532	0.6396368468	0.6988522335	1.149328041
0.3613641341	0.6386358659	0.7000787362	1.148190726
0.3623651151	0.6376348849	0.7013025928	1.147054051
0.3633660961	0.6366339039	0.7025237911	1.145918031
0.3643670771	0.6356329229	0.7037423191	1.14478268
0.3653680581	0.6346319419	0.7049581652	1.143648013
0.366369039	0.633630961	0.7061713178	1.142514045
0.36737002	0.63262998	0.7073817659	1.141380788
0.368371001	0.631628999	0.7085894985	1.140248257
0.369371982	0.630628018	0.7097945048	1.139116466
0.370372963	0.629627037	0.7109967745	1.137985428
0.3713739439	0.6286260561	0.7121962973	1.136855155
0.3723749249	0.6276250751	0.7133930633	1.135725662
0.3733759059	0.6266240941	0.7145870627	1.13459696
0.3743768869	0.6256231131	0.7157782861	1.133469063
0.3753778679	0.6246221321	0.7169667241	1.132341982
0.3763788488	0.6236211512	0.7181523677	1.13121573
0.3773798298	0.6226201702	0.7193352081	1.130090319
0.3783808108	0.6216191892	0.7205152366	1.12896576
0.3793817918	0.6206182082	0.7216924449	1.127842066
0.3803827728	0.6196172272	0.7228668247	1.126719246
0.3813837538	0.6186162462	0.7240383681	1.125597314
0.3823847347	0.6176152653	0.7252070673	1.124476279
0.3833857157	0.6166142843	0.7263729148	1.123356152
0.3843866967	0.6156133033	0.7275359032	1.122236945
0.3853876777	0.6146123223	0.7286960253	1.121118668
0.3863886587	0.6136113413	0.7298532741	1.12000133
0.3873896396	0.6126103604	0.7310076429	1.118884942
0.3883906206	0.6116093794	0.7321591251	1.117769515
0.3893916016	0.6106083984	0.7333077143	1.116655057
0.3903925826	0.6096074174	0.7344534042	1.11554158
0.3913935636	0.6086064364	0.7355961889	1.114429091
0.3923945445	0.6076054555	0.7367360624	1.1133176
0.3933955255	0.6066044745	0.7378730192	1.112207117
0.3943965065	0.6056034935	0.7390070537	1.111097651
0.3953974875	0.6046025125	0.7401381606	1.10998921
0.3963984685	0.6036015315	0.7412663348	1.108881803
0.3973994494	0.6026005506	0.7423915712	1.107775439
0.3984004304	0.6015995696	0.7435138651	1.106670126
0.3994014114	0.6005985886	0.7446332118	1.105565872
0.4004023924	0.5995976076	0.7457496068	1.104462686
0.4014033734	0.5985966266	0.7468630458	1.103360575
0.4024043544	0.5975956456	0.7479735246	1.102259547
0.4034053353	0.5965946647	0.7490810392	1.101159611
0.4044063163	0.5955936837	0.7501855858	1.100060773
0.4054072973	0.5945927027	0.7512871606	1.098963041
0.4064082783	0.5935917217	0.7523857601	1.097866423
0.4074092593	0.5925907407	0.7534813808	1.096770925
0.4084102402	0.5915897598	0.7545740195	1.095676555
0.4094112212	0.5905887788	0.7556636731	1.094583319
0.4104122022	0.5895877978	0.7567503386	1.093491224
0.4114131832	0.5885868168	0.7578340132	1.092400277
0.4124141642	0.5875858358	0.758914694	1.091310485
0.4134151451	0.5865848549	0.7599923787	1.090221854
0.4144161261	0.5855838739	0.7610670647	1.089134389
0.4154171071	0.5845828929	0.7621387498	1.088048098
0.4164180881	0.5835819119	0.7632074317	1.086962987
0.4174190691	0.5825809309	0.7642731085	1.085879061
0.4184200501	0.5815799499	0.7653357782	1.084796326
0.419421031	0.580578969	0.766395439	1.083714788
0.420422012	0.579577988	0.7674520893	1.082634453
0.421422993	0.578577007	0.7685057275	1.081555325
0.422423974	0.577576026	0.7695563522	1.080477412
0.423424955	0.576575045	0.7706039621	1.079400716
0.4244259359	0.5755740641	0.771648556	1.078325245
0.4254269169	0.5745730831	0.7726901328	1.077251003
0.4264278979	0.5735721021	0.7737286917	1.076177995
0.4274288789	0.5725711211	0.7747642316	1.075106226
0.4284298599	0.5715701401	0.775796752	1.074035701
0.4294308408	0.5705691592	0.7768262521	1.072966424
0.4304318218	0.5695681782	0.7778527315	1.0718984
0.4314328028	0.5685671972	0.7788761897	1.070831633
0.4324337838	0.5675662162	0.7798966265	1.069766129
0.4334347648	0.5665652352	0.7809140416	1.06870189
0.4344357457	0.5655642543	0.7819284349	1.067638922
0.4354367267	0.5645632733	0.7829398065	1.066577229
0.4364377077	0.5635622923	0.7839481564	1.065516814
0.4374386887	0.5625613113	0.7849534849	1.064457681
0.4384396697	0.5615603303	0.7859557921	1.063399835
0.4394406507	0.5605593493	0.7869550786	1.06234328
0.4404416316	0.5595583684	0.7879513447	1.061288018
0.4414426126	0.5585573874	0.7889445912	1.060234053
0.4424435936	0.5575564064	0.7899348185	1.059181389
0.4434445746	0.5565554254	0.7909220275	1.05813003
0.4444455556	0.5555544444	0.7919062191	1.057079979
0.4454465365	0.5545534635	0.7928873941	1.056031239
0.4464475175	0.5535524825	0.7938655536	1.054983813
0.4474484985	0.5525515015	0.7948406986	1.053937704
0.4484494795	0.5515505205	0.7958128305	1.052892916
0.4494504605	0.5505495395	0.7967819503	1.051849452
0.4504514414	0.5495485586	0.7977480596	1.050807314
0.4514524224	0.5485475776	0.7987111596	1.049766505
0.4524534034	0.5475465966	0.7996712519	1.048727027
0.4534543844	0.5465456156	0.8006283382	1.047688885
0.4544553654	0.5455446346	0.80158242	1.04665208
0.4554563463	0.5445436537	0.8025334991	1.045616614
0.4564573273	0.5435426727	0.8034815774	1.044582491
0.4574583083	0.5425416917	0.8044266566	1.043549713
0.4584592893	0.5415407107	0.8053687388	1.042518282
0.4594602703	0.5405397297	0.806307826	1.0414882
0.4604612513	0.5395387487	0.8072439203	1.040459469
0.4614622322	0.5385377678	0.8081770238	1.039432092
0.4624632132	0.5375367868	0.8091071388	1.038406071
0.4634641942	0.5365358058	0.8100342677	1.037381408
0.4644651752	0.5355348248	0.8109584127	1.036358104
0.4654661562	0.5345338438	0.8118795763	1.035336163
0.4664671371	0.5335328629	0.812797761	1.034315584
0.4674681181	0.5325318819	0.8137129695	1.033296371
0.4684690991	0.5315309009	0.8146252042	1.032278526
0.4694700801	0.5305299199	0.8155344679	1.031262048
0.4704710611	0.5295289389	0.8164407633	1.030246941
0.471472042	0.528527958	0.8173440933	1.029233206
0.472473023	0.527526977	0.8182444607	1.028220845
0.473474004	0.526525996	0.8191418685	1.027209858
0.474474985	0.525525015	0.8200363196	1.026200247
0.475475966	0.524524034	0.820927817	1.025192014
0.4764769469	0.5235230531	0.8218163639	1.02418516
0.4774779279	0.5225220721	0.8227019634	1.023179685
0.4784789089	0.5215210911	0.8235846187	1.022175592
0.4794798899	0.5205201101	0.8244643331	1.021172882
0.4804808709	0.5195191291	0.8253411098	1.020171555
0.4814818519	0.5185181481	0.8262149522	1.019171612
0.4824828328	0.5175171672	0.8270858638	1.018173055
0.4834838138	0.5165161862	0.8279538479	1.017175884
0.4844847948	0.5155152052	0.8288189082	1.016180101
0.4854857758	0.5145142242	0.829681048	1.015185706
0.4864867568	0.5135132432	0.8305402712	1.0141927
0.4874877377	0.5125122623	0.8313965812	1.013201084
0.4884887187	0.5115112813	0.8322499818	1.012210858
0.4894896997	0.5105103003	0.8331004767	1.011222023
0.4904906807	0.5095093193	0.8339480697	1.01023458
0.4914916617	0.5085083383	0.8347927646	1.009248529
0.4924926426	0.5075073574	0.8356345654	1.008263871
0.4934936236	0.5065063764	0.8364734758	1.007280607
0.4944946046	0.5055053954	0.8373094999	1.006298736
0.4954955856	0.5045044144	0.8381426416	1.00531826
0.4964965666	0.5035034334	0.838972905	1.004339178
0.4974975475	0.5025024525	0.8398002942	1.003361492
0.4984985285	0.5015014715	0.8406248132	1.0023852
0.4994995095	0.5005004905	0.8414464663	1.001410304
0.5005004905	0.4994995095	0.8422652575	1.000436804
0.5015014715	0.4984985285	0.8430811912	0.9994647002
0.5025024525	0.4974975475	0.8438942715	0.9984939922
0.5035034334	0.4964965666	0.8447045028	0.9975246804
0.5045044144	0.4954955856	0.8455118894	0.9965567649
0.5055053954	0.4944946046	0.8463164357	0.9955902458
0.5065063764	0.4934936236	0.847118146	0.994625123
0.5075073574	0.4924926426	0.8479170248	0.9936613966
0.5085083383	0.4914916617	0.8487130766	0.9926990664
0.5095093193	0.4904906807	0.8495063058	0.9917381324
0.5105103003	0.4894896997	0.850296717	0.9907785945
0.5115112813	0.4884887187	0.8510843147	0.9898204525
0.5125122623	0.4874877377	0.8518691036	0.9888637063
0.5135132432	0.4864867568	0.8526510882	0.9879083555
0.5145142242	0.4854857758	0.8534302731	0.9869544
0.5155152052	0.4844847948	0.8542066631	0.9860018395
0.5165161862	0.4834838138	0.8549802629	0.9850506737
0.5175171672	0.4824828328	0.8557510772	0.9841009022
0.5185181481	0.4814818519	0.8565191107	0.9831525247
0.5195191291	0.4804808709	0.8572843682	0.9822055407
0.5205201101	0.4794798899	0.8580468546	0.9812599499
0.5215210911	0.4784789089	0.8588065746	0.9803157517
0.5225220721	0.4774779279	0.8595635332	0.9793729458
0.5235230531	0.4764769469	0.8603177352	0.9784315316
0.524524034	0.475475966	0.8610691855	0.9774915085
0.525525015	0.474474985	0.8618178891	0.9765528761
0.526525996	0.473474004	0.8625638509	0.9756156336
0.527526977	0.472473023	0.8633070759	0.9746797806
0.528527958	0.471472042	0.8640475691	0.9737453163
0.5295289389	0.4704710611	0.8647853355	0.9728122402
0.5305299199	0.4694700801	0.8655203801	0.9718805514
0.5315309009	0.4684690991	0.8662527081	0.9709502494
0.5325318819	0.4674681181	0.8669823245	0.9700213333
0.5335328629	0.4664671371	0.8677092343	0.9690938025
0.5345338438	0.4654661562	0.8684334429	0.9681676561
0.5355348248	0.4644651752	0.8691549552	0.9672428933
0.5365358058	0.4634641942	0.8698737764	0.9663195134
0.5375367868	0.4624632132	0.8705899117	0.9653975153
0.5385377678	0.4614622322	0.8713033664	0.9644768984
0.5395387487	0.4604612513	0.8720141456	0.9635576617
0.5405397297	0.4594602703	0.8727222545	0.9626398042
0.5415407107	0.4584592893	0.8734276985	0.9617233251
0.5425416917	0.4574583083	0.8741304827	0.9608082234
0.5435426727	0.4564573273	0.8748306125	0.9598944981
0.5445436537	0.4554563463	0.8755280931	0.9589821482
0.5455446346	0.4544553654	0.87622293	0.9580711727
0.5465456156	0.4534543844	0.8769151282	0.9571615706
0.5475465966	0.4524534034	0.8776046934	0.9562533408
0.5485475776	0.4514524224	0.8782916307	0.9553464823
0.5495485586	0.4504514414	0.8789759455	0.954440994
0.5505495395	0.4494504605	0.8796576433	0.9535368747
0.5515505205	0.4484494795	0.8803367294	0.9526341233
0.5525515015	0.4474484985	0.8810132093	0.9517327387
0.5535524825	0.4464475175	0.8816870883	0.9508327198
0.5545534635	0.4454465365	0.8823583719	0.9499340653
0.5555544444	0.4444455556	0.8830270655	0.9490367741
0.5565554254	0.4434445746	0.8836931746	0.9481408449
0.5575564064	0.4424435936	0.8843567046	0.9472462765
0.5585573874	0.4414426126	0.8850176611	0.9463530677
0.5595583684	0.4404416316	0.8856760495	0.9454612173
0.5605593493	0.4394406507	0.8863318753	0.9445707239
0.5615603303	0.4384396697	0.886985144	0.9436815862
0.5625613113	0.4374386887	0.8876358611	0.942793803
0.5635622923	0.4364377077	0.8882840322	0.941907373
0.5645632733	0.4354367267	0.8889296628	0.9410222947
0.5655642543	0.4344357457	0.8895727584	0.9401385669
0.5665652352	0.4334347648	0.8902133246	0.9392561882
0.5675662162	0.4324337838	0.8908513669	0.9383751572
0.5685671972	0.4314328028	0.8914868909	0.9374954726
0.5695681782	0.4304318218	0.8921199022	0.9366171329
0.5705691592	0.4294308408	0.8927504063	0.9357401367
0.5715701401	0.4284298599	0.8933784089	0.9348644826
0.5725711211	0.4274288789	0.8940039155	0.9339901691
0.5735721021	0.4264278979	0.8946269317	0.9331171948
0.5745730831	0.4254269169	0.8952474632	0.9322455583
0.5755740641	0.4244259359	0.8958655156	0.931375258
0.576575045	0.423424955	0.8964810944	0.9305062924
0.577576026	0.422423974	0.8970942053	0.9296386601
0.578577007	0.421422993	0.8977048539	0.9287723596
0.579577988	0.420422012	0.8983130458	0.9279073893
0.580578969	0.419421031	0.8989187868	0.9270437477
0.5815799499	0.4184200501	0.8995220824	0.9261814332
0.5825809309	0.4174190691	0.9001229383	0.9253204443
0.5835819119	0.4164180881	0.90072136	0.9244607794
0.5845828929	0.4154171071	0.9013173534	0.9236024369
0.5855838739	0.4144161261	0.901910924	0.9227454153
0.5865848549	0.4134151451	0.9025020775	0.921889713
0.5875858358	0.4124141642	0.9030908195	0.9210353283
0.5885868168	0.4114131832	0.9036771558	0.9201822596
0.5895877978	0.4104122022	0.9042610919	0.9193305053
0.5905887788	0.4094112212	0.9048426336	0.9184800638
0.5915897598	0.4084102402	0.9054217866	0.9176309334
0.5925907407	0.4074092593	0.9059985564	0.9167831125
0.5935917217	0.4064082783	0.9065729488	0.9159365994
0.5945927027	0.4054072973	0.9071449695	0.9150913924
0.5955936837	0.4044063163	0.9077146241	0.9142474899
0.5965946647	0.4034053353	0.9082819183	0.9134048901
0.5975956456	0.4024043544	0.9088468578	0.9125635914
0.5985966266	0.4014033734	0.9094094483	0.9117235921
0.5995976076	0.4004023924	0.9099696955	0.9108848904
0.6005985886	0.3994014114	0.9105276049	0.9100474847
0.6015995696	0.3984004304	0.9110831824	0.9092113731
0.6026005506	0.3973994494	0.9116364336	0.9083765541
0.6036015315	0.3963984685	0.9121873642	0.9075430258
0.6046025125	0.3953974875	0.9127359798	0.9067107864
0.6056034935	0.3943965065	0.9132822862	0.9058798343
0.6066044745	0.3933955255	0.913826289	0.9050501676
0.6076054555	0.3923945445	0.9143679939	0.9042217847
0.6086064364	0.3913935636	0.9149074066	0.9033946837
0.6096074174	0.3903925826	0.9154445328	0.9025688628
0.6106083984	0.3893916016	0.915979378	0.9017443202
0.6116093794	0.3883906206	0.9165119481	0.9009210542
0.6126103604	0.3873896396	0.9170422487	0.900099063
0.6136113413	0.3863886587	0.9175702854	0.8992783447
0.6146123223	0.3853876777	0.9180960639	0.8984588976
0.6156133033	0.3843866967	0.9186195899	0.8976407198
0.6166142843	0.3833857157	0.919140869	0.8968238094
0.6176152653	0.3823847347	0.919659907	0.8960081648
0.6186162462	0.3813837538	0.9201767094	0.895193784
0.6196172272	0.3803827728	0.9206912819	0.8943806651
0.6206182082	0.3793817918	0.9212036303	0.8935688065
0.6216191892	0.3783808108	0.92171376	0.8927582061
0.6226201702	0.3773798298	0.9222216768	0.8919488622
0.6236211512	0.3763788488	0.9227273863	0.8911407728
0.6246221321	0.3753778679	0.9232308941	0.8903339363
0.6256231131	0.3743768869	0.923732206	0.8895283505
0.6266240941	0.3733759059	0.9242313274	0.8887240138
0.6276250751	0.3723749249	0.9247282642	0.8879209242
0.6286260561	0.3713739439	0.9252230217	0.8871190798
0.629627037	0.370372963	0.9257156058	0.8863184788
0.630628018	0.369371982	0.926206022	0.8855191192
0.631628999	0.368371001	0.9266942759	0.8847209992
0.63262998	0.36737002	0.9271803731	0.8839241169
0.633630961	0.366369039	0.9276643193	0.8831284704
0.6346319419	0.3653680581	0.92814612	0.8823340577
0.6356329229	0.3643670771	0.9286257808	0.8815408771
0.6366339039	0.3633660961	0.9291033073	0.8807489264
0.6376348849	0.3623651151	0.9295787051	0.879958204
0.6386358659	0.3613641341	0.9300519797	0.8791687078
0.6396368468	0.3603631532	0.9305231369	0.8783804359
0.6406378278	0.3593621722	0.930992182	0.8775933864
0.6416388088	0.3583611912	0.9314591207	0.8768075573
0.6426397898	0.3573602102	0.9319239585	0.8760229469
0.6436407708	0.3563592292	0.932386701	0.875239553
0.6446417518	0.3553582482	0.9328473537	0.8744573738
0.6456427327	0.3543572673	0.9333059222	0.8736764074
0.6466437137	0.3533562863	0.933762412	0.8728966518
0.6476446947	0.3523553053	0.9342168286	0.872118105
0.6486456757	0.3513543243	0.9346691775	0.8713407652
0.6496466567	0.3503533433	0.9351194643	0.8705646304
0.6506476376	0.3493523624	0.9355676945	0.8697896986
0.6516486186	0.3483513814	0.9360138735	0.869015968
0.6526495996	0.3473504004	0.9364580069	0.8682434364
0.6536505806	0.3463494194	0.9369001002	0.8674721021
0.6546515616	0.3453484384	0.9373401588	0.866701963
0.6556525425	0.3443474575	0.9377781882	0.8659330172
0.6566535235	0.3433464765	0.9382141938	0.8651652627
0.6576545045	0.3423454955	0.9386481812	0.8643986976
0.6586554855	0.3413445145	0.9390801558	0.8636333199
0.6596564665	0.3403435335	0.9395101231	0.8628691277
0.6606574474	0.3393425526	0.9399380884	0.8621061189
0.6616584284	0.3383415716	0.9403640572	0.8613442917
0.6626594094	0.3373405906	0.940788035	0.860583644
0.6636603904	0.3363396096	0.9412100271	0.8598241739
0.6646613714	0.3353386286	0.9416300389	0.8590658795
0.6656623524	0.3343376476	0.942048076	0.8583087587
0.6666633333	0.3333366667	0.9424641436	0.8575528096
0.6676643143	0.3323356857	0.9428782472	0.8567980302
0.6686652953	0.3313347047	0.9432903921	0.8560444186
0.6696662763	0.3303337237	0.9437005837	0.8552919727
0.6706672573	0.3293327427	0.9441088273	0.8545406907
0.6716682382	0.3283317618	0.9445151284	0.8537905704
0.6726692192	0.3273307808	0.9449194923	0.8530416101
0.6736702002	0.3263297998	0.9453219242	0.8522938076
0.6746711812	0.3253288188	0.9457224296	0.851547161
0.6756721622	0.3243278378	0.9461210138	0.8508016684
0.6766731431	0.3233268569	0.9465176821	0.8500573277
0.6776741241	0.3223258759	0.9469124397	0.8493141371
0.6786751051	0.3213248949	0.9473052921	0.8485720944
0.6796760861	0.3203239139	0.9476962444	0.8478311977
0.6806770671	0.3193229329	0.948085302	0.8470914451
0.681678048	0.318321952	0.9484724701	0.8463528346
0.682679029	0.317320971	0.948857754	0.8456153642
0.68368001	0.31631999	0.9492411589	0.844879032
0.684680991	0.315319009	0.9496226902	0.8441438359
0.685681972	0.314318028	0.950002353	0.8434097739
0.686682953	0.313317047	0.9503801526	0.8426768442
0.6876839339	0.3123160661	0.9507560941	0.8419450447
0.6886849149	0.3113150851	0.9511301829	0.8412143734
0.6896858959	0.3103141041	0.951502424	0.8404848285
0.6906868769	0.3093131231	0.9518728228	0.8397564078
0.6916878579	0.3083121421	0.9522413844	0.8390291095
0.6926888388	0.3073111612	0.9526081139	0.8383029315
0.6936898198	0.3063101802	0.9529730165	0.8375778719
0.6946908008	0.3053091992	0.9533360974	0.8368539287
0.6956917818	0.3043082182	0.9536973618	0.8361311
0.6966927628	0.3033072372	0.9540568147	0.8354093837
0.6976937437	0.3023062563	0.9544144613	0.8346887779
0.6986947247	0.3013052753	0.9547703067	0.8339692807
0.6996957057	0.3003042943	0.9551243561	0.83325089
0.7006966867	0.2993033133	0.9554766145	0.8325336039
0.7016976677	0.2983023323	0.9558270871	0.8318174204
0.7026986486	0.2973013514	0.9561757788	0.8311023376
0.7036996296	0.2963003704	0.9565226948	0.8303883535
0.7047006106	0.2952993894	0.9568678402	0.8296754661
0.7057015916	0.2942984084	0.95721122	0.8289636735
0.7067025726	0.2932974274	0.9575528392	0.8282529737
0.7077035536	0.2922964464	0.9578927029	0.8275433647
0.7087045345	0.2912954655	0.9582308161	0.8268348446
0.7097055155	0.2902944845	0.9585671838	0.8261274115
0.7107064965	0.2892935035	0.958901811	0.8254210633
0.7117074775	0.2882925225	0.9592347028	0.8247157981
0.7127084585	0.2872915415	0.959565864	0.824011614
0.7137094394	0.2862905606	0.9598952998	0.823308509
0.7147104204	0.2852895796	0.960223015	0.8226064811
0.7157114014	0.2842885986	0.9605490146	0.8219055284
0.7167123824	0.2832876176	0.9608733036	0.821205649
0.7177133634	0.2822866366	0.9611958868	0.8205068408
0.7187143443	0.2812856557	0.9615167693	0.8198091021
0.7197153253	0.2802846747	0.9618359559	0.8191124307
0.7207163063	0.2792836937	0.9621534515	0.8184168248
0.7217172873	0.2782827127	0.9624692611	0.8177222824
0.7227182683	0.2772817317	0.9627833895	0.8170288016
0.7237192492	0.2762807508	0.9630958416	0.8163363804
0.7247202302	0.2752797698	0.9634066223	0.815645017
0.7257212112	0.2742787888	0.9637157364	0.8149547093
0.7267221922	0.2732778078	0.9640231888	0.8142654554
0.7277231732	0.2722768268	0.9643289842	0.8135772535
0.7287241542	0.2712758458	0.9646331276	0.8128901015
0.7297251351	0.2702748649	0.9649356238	0.8122039976
0.7307261161	0.2692738839	0.9652364775	0.8115189397
0.7317270971	0.2682729029	0.9655356936	0.8108349261
0.7327280781	0.2672719219	0.9658332767	0.8101519547
0.7337290591	0.2662709409	0.9661292318	0.8094700237
0.73473004	0.26526996	0.9664235636	0.8087891311
0.735731021	0.264268979	0.9667162768	0.808109275
0.736732002	0.263267998	0.9670073762	0.8074304535
0.737732983	0.262267017	0.9672968664	0.8067526647
0.738733964	0.261266036	0.9675847523	0.8060759067
0.7397349449	0.2602650551	0.9678710386	0.8054001775
0.7407359259	0.2592640741	0.9681557299	0.8047254752
0.7417369069	0.2582630931	0.9684388309	0.804051798
0.7427378879	0.2572621121	0.9687203464	0.803379144
0.7437388689	0.2562611311	0.9690002809	0.8027075112
0.7447398498	0.2552601502	0.9692786392	0.8020368977
0.7457408308	0.2542591692	0.9695554259	0.8013673017
0.7467418118	0.2532581882	0.9698306456	0.8006987212
0.7477427928	0.2522572072	0.970104303	0.8000311543
0.7487437738	0.2512562262	0.9703764027	0.7993645993
0.7497447548	0.2502552452	0.9706469494	0.7986990541
0.7507457357	0.2492542643	0.9709159475	0.7980345169
0.7517467167	0.2482532833	0.9711834017	0.7973709858
0.7527476977	0.2472523023	0.9714493165	0.7967084589
0.7537486787	0.2462513213	0.9717136966	0.7960469344
0.7547496597	0.2452503403	0.9719765465	0.7953864104
0.7557506406	0.2442493594	0.9722378708	0.7947268849
0.7567516216	0.2432483784	0.9724976739	0.7940683562
0.7577526026	0.2422473974	0.9727559604	0.7934108223
0.7587535836	0.2412464164	0.9730127348	0.7927542814
0.7597545646	0.2402454354	0.9732680016	0.7920987317
0.7607555455	0.2392444545	0.9735217654	0.7914441711
0.7617565265	0.2382434735	0.9737740305	0.790790598
0.7627575075	0.2372424925	0.9740248015	0.7901380105
0.7637584885	0.2362415115	0.9742740829	0.7894864066
0.7647594695	0.2352405305	0.974521879	0.7888357845
0.7657604505	0.2342395495	0.9747681944	0.7881861424
0.7667614314	0.2332385686	0.9750130334	0.7875374785
0.7677624124	0.2322375876	0.9752564005	0.7868897909
0.7687633934	0.2312366066	0.9754983001	0.7862430777
0.7697643744	0.2302356256	0.9757387365	0.7855973371
0.7707653554	0.2292346446	0.9759777143	0.7849525672
0.7717663363	0.2282336637	0.9762152376	0.7843087664
0.7727673173	0.2272326827	0.9764513111	0.7836659326
0.7737682983	0.2262317017	0.9766859388	0.7830240641
0.7747692793	0.2252307207	0.9769191254	0.782383159
0.7757702603	0.2242297397	0.9771508749	0.7817432155
0.7767712412	0.2232287588	0.9773811919	0.7811042319
0.7777722222	0.2222277778	0.9776100806	0.7804662062
0.7787732032	0.2212267968	0.9778375453	0.7798291367
0.7797741842	0.2202258158	0.9780635902	0.7791930216
0.7807751652	0.2192248348	0.9782882198	0.778557859
0.7817761461	0.2182238539	0.9785114382	0.7779236471
0.7827771271	0.2172228729	0.9787332498	0.7772903841
0.7837781081	0.2162218919	0.9789536587	0.7766580683
0.7847790891	0.2152209109	0.9791726692	0.7760266978
0.7857800701	0.2142199299	0.9793902856	0.7753962708
0.7867810511	0.2132189489	0.9796065121	0.7747667856
0.787782032	0.212217968	0.9798213528	0.7741382402
0.788783013	0.211216987	0.9800348121	0.7735106331
0.789783994	0.210216006	0.9802468939	0.7728839623
0.790784975	0.209215025	0.9804576027	0.772258226
0.791785956	0.208214044	0.9806669424	0.7716334226
0.7927869369	0.2072130631	0.9808749174	0.7710095502
0.7937879179	0.2062120821	0.9810815316	0.770386607
0.7947888989	0.2052111011	0.9812867893	0.7697645914
0.7957898799	0.2042101201	0.9814906947	0.7691435014
0.7967908609	0.2032091391	0.9816932517	0.7685233353
0.7977918418	0.2022081582	0.9818944645	0.7679040914
0.7987928228	0.2012071772	0.9820943372	0.767285768
0.7997938038	0.2002061962	0.982292874	0.7666683632
0.8007947848	0.1992052152	0.9824900787	0.7660518752
0.8017957658	0.1982042342	0.9826859557	0.7654363025
0.8027967467	0.1972032533	0.9828805088	0.7648216431
0.8037977277	0.1962022723	0.9830737421	0.7642078954
0.8047987087	0.1952012913	0.9832656597	0.7635950576
0.8057996897	0.1942003103	0.9834562656	0.7629831279
0.8068006707	0.1931993293	0.9836455638	0.7623721047
0.8078016517	0.1921983483	0.9838335584	0.7617619862
0.8088026326	0.1911973674	0.9840202532	0.7611527706
0.8098036136	0.1901963864	0.9842056522	0.7605444563
0.8108045946	0.1891954054	0.9843897596	0.7599370414
0.8118055756	0.1881944244	0.9845725791	0.7593305244
0.8128065566	0.1871934434	0.9847541148	0.7587249034
0.8138075375	0.1861924625	0.9849343706	0.7581201768
0.8148085185	0.1851914815	0.9851133505	0.7575163428
0.8158094995	0.1841905005	0.9852910583	0.7569133997
0.8168104805	0.1831895195	0.985467498	0.7563113458
0.8178114615	0.1821885385	0.9856426734	0.7557101794
0.8188124424	0.1811875576	0.9858165885	0.7551098988
0.8198134234	0.1801865766	0.9859892472	0.7545105024
0.8208144044	0.1791855956	0.9861606532	0.7539119883
0.8218153854	0.1781846146	0.9863308105	0.7533143549
0.8228163664	0.1771836336	0.986499723	0.7527176006
0.8238173473	0.1761826527	0.9866673944	0.7521217236
0.8248183283	0.1751816717	0.9868338285	0.7515267223
0.8258193093	0.1741806907	0.9869990293	0.7509325949
0.8268202903	0.1731797097	0.9871630005	0.7503393398
0.8278212713	0.1721787287	0.9873257459	0.7497469553
0.8288222523	0.1711777477	0.9874872693	0.7491554398
0.8298232332	0.1701767668	0.9876475745	0.7485647915
0.8308242142	0.1691757858	0.9878066652	0.7479750089
0.8318251952	0.1681748048	0.9879645453	0.7473860902
0.8328261762	0.1671738238	0.9881212184	0.7467980337
0.8338271572	0.1661728428	0.9882766883	0.7462108379
0.8348281381	0.1651718619	0.9884309587	0.7456245011
0.8358291191	0.1641708809	0.9885840333	0.7450390215
0.8368301001	0.1631698999	0.988735916	0.7444543977
0.8378310811	0.1621689189	0.9888866102	0.7438706278
0.8388320621	0.1611679379	0.9890361198	0.7432877104
0.839833043	0.160166957	0.9891844484	0.7427056437
0.840834024	0.159165976	0.9893315998	0.7421244261
0.841835005	0.158164995	0.9894775774	0.7415440559
0.842835986	0.157164014	0.9896223851	0.7409645316
0.843836967	0.156163033	0.9897660264	0.7403858515
0.8448379479	0.1551620521	0.9899085049	0.7398080141
0.8458389289	0.1541610711	0.9900498244	0.7392310175
0.8468399099	0.1531600901	0.9901899883	0.7386548604
0.8478408909	0.1521591091	0.9903290003	0.7380795409
0.8488418719	0.1511581281	0.9904668641	0.7375050576
0.8498428529	0.1501571471	0.9906035831	0.7369314088
0.8508438338	0.1491561662	0.9907391609	0.7363585929
0.8518448148	0.1481551852	0.9908736011	0.7357866083
0.8528457958	0.1471542042	0.9910069073	0.7352154535
0.8538467768	0.1461532232	0.991139083	0.7346451267
0.8548477578	0.1451522422	0.9912701317	0.7340756264
0.8558487387	0.1441512613	0.991400057	0.7335069511
0.8568497197	0.1431502803	0.9915288623	0.7329390991
0.8578507007	0.1421492993	0.9916565512	0.7323720689
0.8588516817	0.1411483183	0.9917831272	0.7318058588
0.8598526627	0.1401473373	0.9919085937	0.7312404673
0.8608536436	0.1391463564	0.9920329542	0.7306758929
0.8618546246	0.1381453754	0.9921562122	0.7301121339
0.8628556056	0.1371443944	0.9922783711	0.7295491887
0.8638565866	0.1361434134	0.9923994345	0.7289870559
0.8648575676	0.1351424324	0.9925194056	0.7284257338
0.8658585485	0.1341414515	0.992638288	0.7278652209
0.8668595295	0.1331404705	0.9927560851	0.7273055156
0.8678605105	0.1321394895	0.9928728002	0.7267466164
0.8688614915	0.1311385085	0.9929884369	0.7261885217
0.8698624725	0.1301375275	0.9931029984	0.72563123
0.8708634535	0.1291365465	0.9932164881	0.7250747398
0.8718644344	0.1281355656	0.9933289095	0.7245190494
0.8728654154	0.1271345846	0.9934402658	0.7239641573
0.8738663964	0.1261336036	0.9935505604	0.7234100621
0.8748673774	0.1251326226	0.9936597968	0.7228567621
0.8758683584	0.1241316416	0.9937679781	0.7223042559
0.8768693393	0.1231306607	0.9938751078	0.721752542
0.8778703203	0.1221296797	0.9939811891	0.7212016187
0.8788713013	0.1211286987	0.9940862253	0.7206514846
0.8798722823	0.1201277177	0.9941902198	0.7201021381
0.8808732633	0.1191267367	0.9942931758	0.7195535778
0.8818742442	0.1181257558	0.9943950967	0.7190058022
0.8828752252	0.1171247748	0.9944959856	0.7184588096
0.8838762062	0.1161237938	0.9945958458	0.7179125987
0.8848771872	0.1151228128	0.9946946807	0.7173671679
0.8858781682	0.1141218318	0.9947924933	0.7168225157
0.8868791491	0.1131208509	0.9948892871	0.7162786407
0.8878801301	0.1121198699	0.9949850651	0.7157355412
0.8888811111	0.1111188889	0.9950798306	0.7151932159
0.8898820921	0.1101179079	0.9951735868	0.7146516633
0.8908830731	0.1091169269	0.9952663369	0.7141108818
0.8918840541	0.1081159459	0.9953580841	0.71357087
0.892885035	0.107114965	0.9954488315	0.7130316264
0.893886016	0.106113984	0.9955385824	0.7124931495
0.894886997	0.105113003	0.9956273399	0.7119554379
0.895887978	0.104112022	0.9957151071	0.7114184901
0.896888959	0.103111041	0.9958018872	0.7108823045
0.8978899399	0.1021100601	0.9958876834	0.7103468799
0.8988909209	0.1011090791	0.9959724986	0.7098122146
0.8998919019	0.1001080981	0.9960563362	0.7092783073
0.9008928829	0.09910711712	0.9961391991	0.7087451565
0.9018938639	0.09810613614	0.9962210904	0.7082127607
0.9028948448	0.09710515516	0.9963020133	0.7076811184
0.9038958258	0.09610417417	0.9963819708	0.7071502283
0.9048968068	0.09510319319	0.9964609661	0.706620089
0.9058977878	0.09410221221	0.9965390021	0.7060906988
0.9068987688	0.09310123123	0.9966160819	0.7055620565
0.9078997497	0.09210025025	0.9966922086	0.7050341606
0.9089007307	0.09109926927	0.9967673852	0.7045070096
0.9099017117	0.09009828829	0.9968416147	0.7039806021
0.9109026927	0.08909730731	0.9969149001	0.7034549368
0.9119036737	0.08809632633	0.9969872445	0.7029300121
0.9129046547	0.08709534535	0.9970586509	0.7024058267
0.9139056356	0.08609436436	0.9971291222	0.7018823791
0.9149066166	0.08509338338	0.9971986615	0.701359668
0.9159075976	0.0840924024	0.9972672717	0.7008376918
0.9169085786	0.08309142142	0.9973349557	0.7003164493
0.9179095596	0.08209044044	0.9974017166	0.699795939
0.9189105405	0.08108945946	0.9974675573	0.6992761595
0.9199115215	0.08008847848	0.9975324808	0.6987571095
0.9209125025	0.0790874975	0.9975964899	0.6982387874
0.9219134835	0.07808651652	0.9976595875	0.6977211919
0.9229144645	0.07708553554	0.9977217767	0.6972043217
0.9239154454	0.07608455455	0.9977830604	0.6966881753
0.9249164264	0.07508357357	0.9978434413	0.6961727514
0.9259174074	0.07408259259	0.9979029224	0.6956580486
0.9269183884	0.07308161161	0.9979615067	0.6951440654
0.9279193694	0.07208063063	0.9980191969	0.6946308006
0.9289203504	0.07107964965	0.9980759959	0.6941182527
0.9299213313	0.07007866867	0.9981319066	0.6936064204
0.9309223123	0.06907768769	0.9981869319	0.6930953024
0.9319232933	0.06807670671	0.9982410746	0.6925848972
0.9329242743	0.06707572573	0.9982943375	0.6920752034
0.9339252553	0.06607474474	0.9983467234	0.6915662199
0.9349262362	0.06507376376	0.9983982352	0.6910579451
0.9359272172	0.06407278278	0.9984488756	0.6905503777
0.9369281982	0.0630718018	0.9984986476	0.6900435164
0.9379291792	0.06207082082	0.9985475538	0.6895373598
0.9389301602	0.06106983984	0.998595597	0.6890319066
0.9399311411	0.06006885886	0.9986427801	0.6885271555
0.9409321221	0.05906787788	0.9986891058	0.688023105
0.9419331031	0.0580668969	0.9987345768	0.687519754
0.9429340841	0.05706591592	0.998779196	0.687017101
0.9439350651	0.05606493493	0.998822966	0.6865151447
0.944936046	0.05506395395	0.9988658895	0.6860138837
0.945937027	0.05406297297	0.9989079695	0.6855133169
0.946938008	0.05306199199	0.9989492084	0.6850134427
0.947938989	0.05206101101	0.9989896091	0.68451426
0.94893997	0.05106003003	0.9990291743	0.6840157675
0.949940951	0.05005904905	0.9990679066	0.6835179637
0.9509419319	0.04905806807	0.9991058087	0.6830208473
0.9519429129	0.04805708709	0.9991428834	0.6825244172
0.9529438939	0.04705610611	0.9991791333	0.6820286719
0.9539448749	0.04605512513	0.999214561	0.6815336102
0.9549458559	0.04505414414	0.9992491693	0.6810392308
0.9559468368	0.04405316316	0.9992829607	0.6805455324
0.9569478178	0.04305218218	0.999315938	0.6800525136
0.9579487988	0.0420512012	0.9993481037	0.6795601732
0.9589497798	0.04105022022	0.9993794605	0.67906851
0.9599507608	0.04004923924	0.999410011	0.6785775225
0.9609517417	0.03904825826	0.9994397577	0.6780872096
0.9619527227	0.03804727728	0.9994687034	0.67759757
0.9629537037	0.0370462963	0.9994968506	0.6771086023
0.9639546847	0.03604531532	0.9995242019	0.6766203054
0.9649556657	0.03504433433	0.9995507599	0.6761326779
0.9659566466	0.03404335335	0.9995765271	0.6756457185
0.9669576276	0.03304237237	0.9996015062	0.6751594261
0.9679586086	0.03204139139	0.9996256996	0.6746737993
0.9689595896	0.03104041041	0.9996491099	0.6741888369
0.9699605706	0.03003942943	0.9996717397	0.6737045376
0.9709615516	0.02903844845	0.9996935915	0.6732209002
0.9719625325	0.02803746747	0.9997146679	0.6727379234
0.9729635135	0.02703648649	0.9997349713	0.672255606
0.9739644945	0.02603550551	0.9997545042	0.6717739467
0.9749654755	0.02503452452	0.9997732693	0.6712929443
0.9759664565	0.02403354354	0.9997912689	0.6708125975
0.9769674374	0.02303256256	0.9998085055	0.6703329051
0.9779684184	0.02203158158	0.9998249818	0.6698538659
0.9789693994	0.0210306006	0.9998407	0.6693754786
0.9799703804	0.02002961962	0.9998556627	0.668897742
0.9809713614	0.01902863864	0.9998698724	0.6684206549
0.9819723423	0.01802765766	0.9998833315	0.667944216
0.9829733233	0.01702667668	0.9998960425	0.6674684241
0.9839743043	0.0160256957	0.9999080077	0.6669932781
0.9849752853	0.01502471471	0.9999192297	0.6665187766
0.9859762663	0.01402373373	0.9999297109	0.6660449185
0.9869772472	0.01302275275	0.9999394536	0.6655717026
0.9879782282	0.01202177177	0.9999484603	0.6650991276
0.9889792092	0.01102079079	0.9999567334	0.6646271924
0.9899801902	0.01001980981	0.9999642753	0.6641558957
0.9909811712	0.009018828829	0.9999710884	0.6636852364
0.9919821522	0.008017847848	0.999977175	0.6632152132
0.9929831331	0.007016866867	0.9999825376	0.6627458249
0.9939841141	0.006015885886	0.9999871784	0.6622770704
0.9949850951	0.005014904905	0.9999911	0.6618089484
0.9959860761	0.004013923924	0.9999943046	0.6613414579
0.9969870571	0.003012942943	0.9999967945	0.6608745975
0.997988038	0.002011961962	0.9999985722	0.6604083661
0.998989019	0.001010980981	0.9999996399	0.6599427625
0.99999	1e-05	1	0.6594777856
