1e-05	0.99999	1.200730267	1.000000005
0.001010980981	0.998989019	1.092892654	1.000047743
0.002011961962	0.997988038	0.9986310531	1.000183985
0.003012942943	0.9969870571	0.9159132591	1.000401533
0.004013923924	0.9959860761	0.8430538168	1.000693665
0.005014904905	0.9949850951	0.7786484131	1.001054097
0.006015885886	0.9939841141	0.7215217911	1.001476955
0.007016866867	0.9929831331	0.6706861902	1.001956742
0.008017847848	0.9919821522	0.6253080219	1.00248831
0.009018828829	0.9909811712	0.5846810211	1.00306684
0.01001980981	0.9899801902	0.5482045153	1.003687815
0.01102079079	0.9889792092	0.5153657592	1.004347002
0.01202177177	0.9879782282	0.4857255109	1.005040431
0.01302275275	0.9869772472	0.4589062078	1.005764378
0.01402373373	0.9859762663	0.434582233	1.00651535
0.01502471471	0.9849752853	0.4124718735	1.007290068
0.0160256957	0.9839743043	0.3923306495	1.008085455
0.01702667668	0.9829733233	0.3739457624	1.008898621
0.01802765766	0.9819723423	0.3571314557	1.009726854
0.01902863864	0.9809713614	0.3417251286	1.010567606
0.02002961962	0.9799703804	0.3275840657	1.011418484
0.0210306006	0.9789693994	0.3145826797	1.012277243
0.02203158158	0.9779684184	0.3026101771	1.013141774
0.02303256256	0.9769674374	0.2915685768	1.014010096
0.02403354354	0.9759664565	0.2813710245	1.014880349
0.02503452452	0.9749654755	0.2719403523	1.015750789
0.02603550551	0.9739644945	0.2632078465	1.016619778
0.02703648649	0.9729635135	0.2551121901	1.017485778
0.02803746747	0.9719625325	0.2475985521	1.01834735
0.02903844845	0.9709615516	0.2406178029	1.019203141
0.03003942943	0.9699605706	0.2341258341	1.020051887
0.03104041041	0.9689595896	0.228082971	1.0208924
0.03204139139	0.9679586086	0.2224534601	1.02172357
0.03304237237	0.9669576276	0.2172050241	1.02254436
0.03404335335	0.9659566466	0.2123084732	1.023353797
0.03504433433	0.9649556657	0.2077373645	1.024150975
0.03604531532	0.9639546847	0.2034677046	1.024935048
0.0370462963	0.9629537037	0.1994776877	1.025705225
0.03804727728	0.9619527227	0.1957474649	1.026460772
0.03904825826	0.9609517417	0.1922589418	1.027201004
0.04004923924	0.9599507608	0.1889955987	1.027925287
0.04105022022	0.9589497798	0.1859423318	1.02863303
0.0420512012	0.9579487988	0.183085313	1.029323688
0.04305218218	0.9569478178	0.1804118646	1.029996756
0.04405316316	0.9559468368	0.1779103481	1.030651768
0.04505414414	0.9549458559	0.1755700657	1.031288297
0.04605512513	0.9539448749	0.1733811713	1.031905947
0.04705610611	0.9529438939	0.1713345919	1.03250436
0.04805708709	0.9519429129	0.1694219567	1.033083206
0.04905806807	0.9509419319	0.1676355339	1.033642187
0.05005904905	0.949940951	0.1659681738	1.034181032
0.05106003003	0.94893997	0.1644132574	1.034699498
0.05206101101	0.947938989	0.1629646503	1.035197367
0.05306199199	0.946938008	0.1616166617	1.035674444
0.05406297297	0.945937027	0.1603640061	1.03613056
0.05506395395	0.944936046	0.1592017701	1.036565565
0.05606493493	0.9439350651	0.1581253813	1.036979329
0.05706591592	0.9429340841	0.1571305804	1.037371745
0.0580668969	0.9419331031	0.1562133965	1.037742722
0.05906787788	0.9409321221	0.1553701234	1.038092185
0.06006885886	0.9399311411	0.1545972997	1.03842008
0.06106983984	0.9389301602	0.1538916887	1.038726366
0.06207082082	0.9379291792	0.1532502621	1.039011015
0.0630718018	0.9369281982	0.1526701835	1.039274018
0.06407278278	0.9359272172	0.1521487944	1.039515375
0.06507376376	0.9349262362	0.1516836007	1.039735101
0.06607474474	0.9339252553	0.1512722607	1.039933222
0.06707572573	0.9329242743	0.1509125742	1.040109776
0.06807670671	0.9319232933	0.1506024722	1.040264811
0.06907768769	0.9309223123	0.1503400075	1.040398386
0.07007866867	0.9299213313	0.1501233461	1.040510567
0.07107964965	0.9289203504	0.1499507598	1.040601433
0.07208063063	0.9279193694	0.1498206181	1.040671068
0.07308161161	0.9269183884	0.1497313822	1.040719567
0.07408259259	0.9259174074	0.1496815985	1.040747029
0.07508357357	0.9249164264	0.1496698931	1.040753563
0.07608455455	0.9239154454	0.1496949664	1.040739284
0.07708553554	0.9229144645	0.149755588	1.040704313
0.07808651652	0.9219134835	0.1498505929	1.040648777
0.0790874975	0.9209125025	0.1499788765	1.040572807
0.08008847848	0.9199115215	0.1501393912	1.040476542
0.08108945946	0.9189105405	0.1503311428	1.040360125
0.08209044044	0.9179095596	0.150553187	1.040223701
0.08309142142	0.9169085786	0.1508046265	1.040067422
0.0840924024	0.9159075976	0.1510846077	1.039891444
0.08509338338	0.9149066166	0.1513923188	1.039695925
0.08609436436	0.9139056356	0.1517269864	1.039481028
0.08709534535	0.9129046547	0.1520878739	1.039246917
0.08809632633	0.9119036737	0.1524742791	1.038993761
0.08909730731	0.9109026927	0.1528855318	1.038721731
0.09009828829	0.9099017117	0.1533209925	1.038431
0.09109926927	0.9089007307	0.1537800504	1.038121744
0.09210025025	0.9078997497	0.1542621218	1.037794141
0.09310123123	0.9068987688	0.1547666483	1.03744837
0.09410221221	0.9058977878	0.1552930956	1.037084613
0.09510319319	0.9048968068	0.1558409524	1.036703052
0.09610417417	0.9038958258	0.1564097286	1.036303872
0.09710515516	0.9028948448	0.1569989544	1.035887257
0.09810613614	0.9018938639	0.1576081792	1.035453395
0.09910711712	0.9008928829	0.1582369706	1.035002472
0.1001080981	0.8998919019	0.1588849134	1.034534677
0.1011090791	0.8988909209	0.1595516083	1.034050199
0.1021100601	0.8978899399	0.1602366718	1.033549226
0.103111041	0.896888959	0.1609397347	1.033031949
0.104112022	0.895887978	0.1616604416	1.032498557
0.105113003	0.894886997	0.1623984503	1.031949241
0.106113984	0.893886016	0.163153431	1.03138419
0.107114965	0.892885035	0.1639250655	1.030803596
0.1081159459	0.8918840541	0.164713047	1.030207648
0.1091169269	0.8908830731	0.1655170791	1.029596537
0.1101179079	0.8898820921	0.1663368756	1.028970452
0.1111188889	0.8888811111	0.1671721597	1.028329582
0.1121198699	0.8878801301	0.168022664	1.027674117
0.1131208509	0.8868791491	0.1688881294	1.027004245
0.1141218318	0.8858781682	0.1697683053	1.026320154
0.1151228128	0.8848771872	0.1706629487	1.025622032
0.1161237938	0.8838762062	0.1715718241	1.024910065
0.1171247748	0.8828752252	0.1724947032	1.024184439
0.1181257558	0.8818742442	0.1734313644	1.023445339
0.1191267367	0.8808732633	0.1743815923	1.022692951
0.1201277177	0.8798722823	0.1753451779	1.021927457
0.1211286987	0.8788713013	0.1763219179	1.02114904
0.1221296797	0.8778703203	0.1773116146	1.020357881
0.1231306607	0.8768693393	0.1783140755	1.019554162
0.1241316416	0.8758683584	0.1793291134	1.018738062
0.1251326226	0.8748673774	0.1803565457	1.017909759
0.1261336036	0.8738663964	0.1813961945	1.017069431
0.1271345846	0.8728654154	0.1824478862	1.016217255
0.1281355656	0.8718644344	0.1835114515	1.015353405
0.1291365465	0.8708634535	0.1845867251	1.014478055
0.1301375275	0.8698624725	0.1856735454	1.013591379
0.1311385085	0.8688614915	0.1867717547	1.012693547
0.1321394895	0.8678605105	0.1878811987	1.011784729
0.1331404705	0.8668595295	0.1890017263	1.010865096
0.1341414515	0.8658585485	0.1901331898	1.009934814
0.1351424324	0.8648575676	0.1912754445	1.00899405
0.1361434134	0.8638565866	0.1924283485	1.008042969
0.1371443944	0.8628556056	0.193591763	1.007081735
0.1381453754	0.8618546246	0.1947655517	1.00611051
0.1391463564	0.8608536436	0.1959495809	1.005129454
0.1401473373	0.8598526627	0.1971437192	1.004138728
0.1411483183	0.8588516817	0.198347838	1.003138489
0.1421492993	0.8578507007	0.1995618106	1.002128895
0.1431502803	0.8568497197	0.2007855125	1.0011101
0.1441512613	0.8558487387	0.2020188215	1.00008226
0.1451522422	0.8548477578	0.2032616173	0.9990455254
0.1461532232	0.8538467768	0.2045137814	0.9980000484
0.1471542042	0.8528457958	0.2057751974	0.9969459786
0.1481551852	0.8518448148	0.2070457504	0.9958834642
0.1491561662	0.8508438338	0.2083253274	0.994812652
0.1501571471	0.8498428529	0.209613817	0.9937336875
0.1511581281	0.8488418719	0.2109111093	0.9926467145
0.1521591091	0.8478408909	0.2122170961	0.9915518757
0.1531600901	0.8468399099	0.2135316704	0.9904493122
0.1541610711	0.8458389289	0.2148547269	0.9893391636
0.1551620521	0.8448379479	0.2161861614	0.9882215681
0.156163033	0.843836967	0.2175258712	0.9870966626
0.157164014	0.842835986	0.2188737547	0.9859645824
0.158164995	0.841835005	0.2202297117	0.9848254616
0.159165976	0.840834024	0.2215936429	0.9836794326
0.160166957	0.839833043	0.2229654504	0.9825266265
0.1611679379	0.8388320621	0.2243450372	0.9813671731
0.1621689189	0.8378310811	0.2257323076	0.9802012008
0.1631698999	0.8368301001	0.2271271666	0.9790288363
0.1641708809	0.8358291191	0.2285295204	0.9778502052
0.1651718619	0.8348281381	0.2299392762	0.9766654316
0.1661728428	0.8338271572	0.2313563418	0.9754746383
0.1671738238	0.8328261762	0.2327806263	0.9742779466
0.1681748048	0.8318251952	0.2342120394	0.9730754766
0.1691757858	0.8308242142	0.2356504918	0.9718673468
0.1701767668	0.8298232332	0.2370958948	0.9706536746
0.1711777477	0.8288222523	0.2385481608	0.9694345758
0.1721787287	0.8278212713	0.2400072026	0.9682101652
0.1731797097	0.8268202903	0.2414729341	0.9669805558
0.1741806907	0.8258193093	0.2429452697	0.9657458598
0.1751816717	0.8248183283	0.2444241246	0.9645061876
0.1761826527	0.8238173473	0.2459094145	0.9632616487
0.1771836336	0.8228163664	0.2474010561	0.9620123511
0.1781846146	0.8218153854	0.2488989665	0.9607584014
0.1791855956	0.8208144044	0.2504030635	0.9594999053
0.1801865766	0.8198134234	0.2519132655	0.9582369668
0.1811875576	0.8188124424	0.2534294916	0.9569696889
0.1821885385	0.8178114615	0.2549516613	0.9556981734
0.1831895195	0.8168104805	0.2564796949	0.9544225206
0.1841905005	0.8158094995	0.258013513	0.9531428297
0.1851914815	0.8148085185	0.259553037	0.9518591989
0.1861924625	0.8138075375	0.2610981888	0.9505717248
0.1871934434	0.8128065566	0.2626488906	0.9492805031
0.1881944244	0.8118055756	0.2642050653	0.9479856281
0.1891954054	0.8108045946	0.2657666364	0.9466871932
0.1901963864	0.8098036136	0.2673335278	0.9453852902
0.1911973674	0.8088026326	0.2689056637	0.9440800102
0.1921983483	0.8078016517	0.270482969	0.9427714428
0.1931993293	0.8068006707	0.2720653692	0.9414596768
0.1942003103	0.8057996897	0.2736527898	0.9401447994
0.1952012913	0.8047987087	0.2752451572	0.9388268972
0.1962022723	0.8037977277	0.2768423981	0.9375060553
0.1972032533	0.8027967467	0.2784444396	0.9361823579
0.1982042342	0.8017957658	0.2800512093	0.9348558881
0.1992052152	0.8007947848	0.281662635	0.9335267278
0.2002061962	0.7997938038	0.2832786454	0.932194958
0.2012071772	0.7987928228	0.2848991691	0.9308606584
0.2022081582	0.7977918418	0.2865241355	0.9295239081
0.2032091391	0.7967908609	0.2881534741	0.9281847846
0.2042101201	0.7957898799	0.2897871152	0.9268433648
0.2052111011	0.7947888989	0.291424989	0.9254997244
0.2062120821	0.7937879179	0.2930670265	0.9241539381
0.2072130631	0.7927869369	0.2947131589	0.9228060797
0.208214044	0.791785956	0.2963633178	0.9214562218
0.209215025	0.790784975	0.2980174353	0.9201044364
0.210216006	0.789783994	0.2996754437	0.9187507941
0.211216987	0.788783013	0.3013372758	0.9173953649
0.212217968	0.787782032	0.3030028648	0.9160382177
0.2132189489	0.7867810511	0.3046721441	0.9146794203
0.2142199299	0.7857800701	0.3063450477	0.91331904
0.2152209109	0.7847790891	0.3080215098	0.9119571427
0.2162218919	0.7837781081	0.309701465	0.9105937937
0.2172228729	0.7827771271	0.3113848483	0.9092290574
0.2182238539	0.7817761461	0.313071595	0.9078629972
0.2192248348	0.7807751652	0.3147616408	0.9064956756
0.2202258158	0.7797741842	0.3164549218	0.9051271544
0.2212267968	0.7787732032	0.3181513744	0.9037574944
0.2222277778	0.7777722222	0.3198509352	0.9023867556
0.2232287588	0.7767712412	0.3215535415	0.901014997
0.2242297397	0.7757702603	0.3232591307	0.8996422772
0.2252307207	0.7747692793	0.3249676405	0.8982686535
0.2262317017	0.7737682983	0.3266790091	0.8968941826
0.2272326827	0.7727673173	0.328393175	0.8955189205
0.2282336637	0.7717663363	0.330110077	0.8941429222
0.2292346446	0.7707653554	0.3318296543	0.892766242
0.2302356256	0.7697643744	0.3335518465	0.8913889334
0.2312366066	0.7687633934	0.3352765933	0.8900110493
0.2322375876	0.7677624124	0.337003835	0.8886326417
0.2332385686	0.7667614314	0.3387335121	0.8872537617
0.2342395495	0.7657604505	0.3404655655	0.88587446
0.2352405305	0.7647594695	0.3421999363	0.8844947862
0.2362415115	0.7637584885	0.3439365662	0.8831147895
0.2372424925	0.7627575075	0.345675397	0.8817345183
0.2382434735	0.7617565265	0.3474163709	0.88035402
0.2392444545	0.7607555455	0.3491594305	0.8789733418
0.2402454354	0.7597545646	0.3509045186	0.8775925298
0.2412464164	0.7587535836	0.3526515786	0.8762116297
0.2422473974	0.7577526026	0.3544005538	0.8748306862
0.2432483784	0.7567516216	0.3561513883	0.8734497437
0.2442493594	0.7557506406	0.3579040261	0.8720688457
0.2452503403	0.7547496597	0.359658412	0.8706880351
0.2462513213	0.7537486787	0.3614144907	0.8693073542
0.2472523023	0.7527476977	0.3631722074	0.8679268447
0.2482532833	0.7517467167	0.3649315077	0.8665465475
0.2492542643	0.7507457357	0.3666923375	0.8651665031
0.2502552452	0.7497447548	0.3684546429	0.8637867513
0.2512562262	0.7487437738	0.3702183704	0.8624073311
0.2522572072	0.7477427928	0.371983467	0.8610282813
0.2532581882	0.7467418118	0.3737498798	0.8596496397
0.2542591692	0.7457408308	0.3755175563	0.8582714438
0.2552601502	0.7447398498	0.3772864443	0.8568937305
0.2562611311	0.7437388689	0.379056492	0.8555165359
0.2572621121	0.7427378879	0.3808276479	0.8541398958
0.2582630931	0.7417369069	0.3825998608	0.8527638453
0.2592640741	0.7407359259	0.3843730798	0.8513884191
0.2602650551	0.7397349449	0.3861472545	0.8500136511
0.261266036	0.738733964	0.3879223345	0.8486395749
0.262267017	0.737732983	0.38969827	0.8472662234
0.263267998	0.736732002	0.3914750116	0.8458936292
0.264268979	0.735731021	0.3932525098	0.8445218242
0.26526996	0.73473004	0.3950307158	0.8431508398
0.2662709409	0.7337290591	0.3968095811	0.841780707
0.2672719219	0.7327280781	0.3985890573	0.8404114562
0.2682729029	0.7317270971	0.4003690965	0.8390431173
0.2692738839	0.7307261161	0.4021496512	0.8376757199
0.2702748649	0.7297251351	0.4039306739	0.8363092929
0.2712758458	0.7287241542	0.4057121178	0.8349438649
0.2722768268	0.7277231732	0.4074939361	0.8335794639
0.2732778078	0.7267221922	0.4092760826	0.8322161174
0.2742787888	0.7257212112	0.4110585112	0.8308538527
0.2752797698	0.7247202302	0.4128411763	0.8294926964
0.2762807508	0.7237192492	0.4146240324	0.8281326747
0.2772817317	0.7227182683	0.4164070346	0.8267738135
0.2782827127	0.7217172873	0.418190138	0.8254161382
0.2792836937	0.7207163063	0.4199732983	0.8240596737
0.2802846747	0.7197153253	0.4217564714	0.8227044445
0.2812856557	0.7187143443	0.4235396134	0.8213504747
0.2822866366	0.7177133634	0.425322681	0.8199977881
0.2832876176	0.7167123824	0.427105631	0.818646408
0.2842885986	0.7157114014	0.4288884205	0.8172963572
0.2852895796	0.7147104204	0.430671007	0.8159476582
0.2862905606	0.7137094394	0.4324533484	0.8146003333
0.2872915415	0.7127084585	0.4342354027	0.813254404
0.2882925225	0.7117074775	0.4360171283	0.8119098918
0.2892935035	0.7107064965	0.4377984841	0.8105668176
0.2902944845	0.7097055155	0.439579429	0.8092252021
0.2912954655	0.7087045345	0.4413599225	0.8078850655
0.2922964464	0.7077035536	0.4431399241	0.8065464276
0.2932974274	0.7067025726	0.444919394	0.805209308
0.2942984084	0.7057015916	0.4466982923	0.8038737259
0.2952993894	0.7047006106	0.4484765796	0.8025397001
0.2963003704	0.7036996296	0.450254217	0.8012072491
0.2973013514	0.7026986486	0.4520311655	0.7998763911
0.2983023323	0.7016976677	0.4538073868	0.7985471438
0.2993033133	0.7006966867	0.4555828427	0.7972195248
0.3003042943	0.6996957057	0.4573574953	0.7958935511
0.3013052753	0.6986947247	0.459131307	0.7945692398
0.3023062563	0.6976937437	0.4609042406	0.7932466072
0.3033072372	0.6966927628	0.4626762592	0.7919256697
0.3043082182	0.6956917818	0.464447326	0.7906064431
0.3053091992	0.6946908008	0.4662174048	0.789288943
0.3063101802	0.6936898198	0.4679864596	0.7879731848
0.3073111612	0.6926888388	0.4697544545	0.7866591834
0.3083121421	0.6916878579	0.4715213541	0.7853469536
0.3093131231	0.6906868769	0.4732871233	0.7840365098
0.3103141041	0.6896858959	0.4750517272	0.7827278662
0.3113150851	0.6886849149	0.4768151313	0.7814210366
0.3123160661	0.6876839339	0.4785773013	0.7801160346
0.313317047	0.686682953	0.4803382032	0.7788128736
0.314318028	0.685681972	0.4820978035	0.7775115666
0.315319009	0.684680991	0.4838560686	0.7762121263
0.31631999	0.68368001	0.4856129656	0.7749145654
0.317320971	0.682679029	0.4873684617	0.7736188961
0.318321952	0.681678048	0.4891225242	0.7723251303
0.3193229329	0.6806770671	0.4908751211	0.7710332799
0.3203239139	0.6796760861	0.4926262205	0.7697433564
0.3213248949	0.6786751051	0.4943757905	0.768455371
0.3223258759	0.6776741241	0.4961238	0.7671693348
0.3233268569	0.6766731431	0.4978702179	0.7658852585
0.3243278378	0.6756721622	0.4996150133	0.7646031527
0.3253288188	0.6746711812	0.5013581558	0.7633230278
0.3263297998	0.6736702002	0.5030996151	0.7620448938
0.3273307808	0.6726692192	0.5048393614	0.7607687605
0.3283317618	0.6716682382	0.506577365	0.7594946377
0.3293327427	0.6706672573	0.5083135965	0.7582225348
0.3303337237	0.6696662763	0.5100480267	0.756952461
0.3313347047	0.6686652953	0.511780627	0.7556844252
0.3323356857	0.6676643143	0.5135113687	0.7544184363
0.3333366667	0.6666633333	0.5152402236	0.7531545028
0.3343376476	0.6656623524	0.5169671637	0.7518926332
0.3353386286	0.6646613714	0.5186921612	0.7506328355
0.3363396096	0.6636603904	0.5204151888	0.7493751178
0.3373405906	0.6626594094	0.5221362191	0.7481194879
0.3383415716	0.6616584284	0.5238552254	0.7468659532
0.3393425526	0.6606574474	0.525572181	0.7456145213
0.3403435335	0.6596564665	0.5272870595	0.7443651994
0.3413445145	0.6586554855	0.5289998347	0.7431179943
0.3423454955	0.6576545045	0.530710481	0.7418729131
0.3433464765	0.6566535235	0.5324189725	0.7406299623
0.3443474575	0.6556525425	0.5341252842	0.7393891484
0.3453484384	0.6546515616	0.5358293908	0.7381504778
0.3463494194	0.6536505806	0.5375312676	0.7369139565
0.3473504004	0.6526495996	0.53923089	0.7356795905
0.3483513814	0.6516486186	0.5409282338	0.7344473856
0.3493523624	0.6506476376	0.542623275	0.7332173474
0.3503533433	0.6496466567	0.5443159897	0.7319894814
0.3513543243	0.6486456757	0.5460063545	0.7307637929
0.3523553053	0.6476446947	0.5476943461	0.7295402871
0.3533562863	0.6466437137	0.5493799415	0.7283189688
0.3543572673	0.6456427327	0.5510631178	0.727099843
0.3553582482	0.6446417518	0.5527438527	0.7258829143
0.3563592292	0.6436407708	0.5544221238	0.7246681873
0.3573602102	0.6426397898	0.5560979092	0.7234556662
0.3583611912	0.6416388088	0.5577711869	0.7222453555
0.3593621722	0.6406378278	0.5594419356	0.7210372591
0.3603631532	0.6396368468	0.561110134	0.7198313809
0.3613641341	0.6386358659	0.5627757609	0.7186277249
0.3623651151	0.6376348849	0.5644387956	0.7174262947
0.3633660961	0.6366339039	0.5660992175	0.7162270937
0.3643670771	0.6356329229	0.5677570063	0.7150301255
0.3653680581	0.6346319419	0.5694121419	0.7138353933
0.366369039	0.633630961	0.5710646045	0.7126429001
0.36737002	0.63262998	0.5727143744	0.7114526491
0.368371001	0.631628999	0.5743614322	0.7102646431
0.369371982	0.630628018	0.5760057588	0.7090788849
0.370372963	0.629627037	0.5776473352	0.7078953771
0.3713739439	0.6286260561	0.5792861428	0.7067141222
0.3723749249	0.6276250751	0.5809221631	0.7055351226
0.3733759059	0.6266240941	0.5825553778	0.7043583807
0.3743768869	0.6256231131	0.5841857689	0.7031838984
0.3753778679	0.6246221321	0.5858133187	0.7020116781
0.3763788488	0.6236211512	0.5874380095	0.7008417214
0.3773798298	0.6226201702	0.5890598241	0.6996740304
0.3783808108	0.6216191892	0.5906787452	0.6985086066
0.3793817918	0.6206182082	0.5922947559	0.6973454517
0.3803827728	0.6196172272	0.5939078397	0.6961845673
0.3813837538	0.6186162462	0.5955179799	0.6950259547
0.3823847347	0.6176152653	0.5971251604	0.6938696152
0.3833857157	0.6166142843	0.598729365	0.69271555
0.3843866967	0.6156133033	0.600330578	0.6915637602
0.3853876777	0.6146123223	0.6019287836	0.6904142469
0.3863886587	0.6136113413	0.6035239666	0.6892670108
0.3873896396	0.6126103604	0.6051161117	0.6881220529
0.3883906206	0.6116093794	0.6067052039	0.6869793738
0.3893916016	0.6106083984	0.6082912283	0.6858389742
0.3903925826	0.6096074174	0.6098741705	0.6847008545
0.3913935636	0.6086064364	0.6114540159	0.6835650153
0.3923945445	0.6076054555	0.6130307505	0.6824314569
0.3933955255	0.6066044745	0.6146043603	0.6813001795
0.3943965065	0.6056034935	0.6161748314	0.6801711833
0.3953974875	0.6046025125	0.6177421503	0.6790444685
0.3963984685	0.6036015315	0.6193063036	0.677920035
0.3973994494	0.6026005506	0.6208672781	0.6767978828
0.3984004304	0.6015995696	0.6224250607	0.6756780117
0.3994014114	0.6005985886	0.6239796388	0.6745604215
0.4004023924	0.5995976076	0.6255309996	0.6734451118
0.4014033734	0.5985966266	0.6270791308	0.6723320824
0.4024043544	0.5975956456	0.6286240201	0.6712213328
0.4034053353	0.5965946647	0.6301656555	0.6701128623
0.4044063163	0.5955936837	0.6317040251	0.6690066705
0.4054072973	0.5945927027	0.6332391172	0.6679027566
0.4064082783	0.5935917217	0.6347709204	0.6668011199
0.4074092593	0.5925907407	0.6362994233	0.6657017595
0.4084102402	0.5915897598	0.6378246149	0.6646046747
0.4094112212	0.5905887788	0.6393464841	0.6635098643
0.4104122022	0.5895877978	0.6408650202	0.6624173275
0.4114131832	0.5885868168	0.6423802127	0.6613270631
0.4124141642	0.5875858358	0.6438920511	0.6602390699
0.4134151451	0.5865848549	0.6454005251	0.6591533468
0.4144161261	0.5855838739	0.6469056248	0.6580698925
0.4154171071	0.5845828929	0.6484073403	0.6569887056
0.4164180881	0.5835819119	0.6499056617	0.6559097848
0.4174190691	0.5825809309	0.6514005797	0.6548331285
0.4184200501	0.5815799499	0.6528920847	0.6537587353
0.419421031	0.580578969	0.6543801676	0.6526866036
0.420422012	0.579577988	0.6558648194	0.6516167318
0.421422993	0.578577007	0.6573460312	0.6505491181
0.422423974	0.577576026	0.6588237943	0.6494837609
0.423424955	0.576575045	0.6602981001	0.6484206584
0.4244259359	0.5755740641	0.6617689403	0.6473598086
0.4254269169	0.5745730831	0.6632363066	0.6463012097
0.4264278979	0.5735721021	0.664700191	0.6452448598
0.4274288789	0.5725711211	0.6661605855	0.6441907568
0.4284298599	0.5715701401	0.6676174825	0.6431388988
0.4294308408	0.5705691592	0.6690708743	0.6420892835
0.4304318218	0.5695681782	0.6705207535	0.6410419089
0.4314328028	0.5685671972	0.6719671129	0.6399967728
0.4324337838	0.5675662162	0.6734099452	0.6389538729
0.4334347648	0.5665652352	0.6748492435	0.6379132069
0.4344357457	0.5655642543	0.6762850011	0.6368747726
0.4354367267	0.5645632733	0.6777172112	0.6358385674
0.4364377077	0.5635622923	0.6791458672	0.6348045892
0.4374386887	0.5625613113	0.6805709629	0.6337728353
0.4384396697	0.5615603303	0.6819924919	0.6327433032
0.4394406507	0.5605593493	0.6834104483	0.6317159905
0.4404416316	0.5595583684	0.6848248259	0.6306908946
0.4414426126	0.5585573874	0.6862356191	0.6296680128
0.4424435936	0.5575564064	0.6876428222	0.6286473425
0.4434445746	0.5565554254	0.6890464296	0.6276288809
0.4444455556	0.5555544444	0.690446436	0.6266126254
0.4454465365	0.5545534635	0.6918428362	0.6255985732
0.4464475175	0.5535524825	0.6932356249	0.6245867215
0.4474484985	0.5525515015	0.6946247973	0.6235770674
0.4484494795	0.5515505205	0.6960103485	0.622569608
0.4494504605	0.5505495395	0.6973922738	0.6215643405
0.4504514414	0.5495485586	0.6987705686	0.620561262
0.4514524224	0.5485475776	0.7001452285	0.6195603693
0.4524534034	0.5475465966	0.7015162492	0.6185616596
0.4534543844	0.5465456156	0.7028836265	0.6175651298
0.4544553654	0.5455446346	0.7042473563	0.6165707768
0.4554563463	0.5445436537	0.7056074347	0.6155785975
0.4564573273	0.5435426727	0.706963858	0.6145885888
0.4574583083	0.5425416917	0.7083166224	0.6136007476
0.4584592893	0.5415407107	0.7096657244	0.6126150706
0.4594602703	0.5405397297	0.7110111606	0.6116315546
0.4604612513	0.5395387487	0.7123529276	0.6106501965
0.4614622322	0.5385377678	0.7136910223	0.6096709928
0.4624632132	0.5375367868	0.7150254417	0.6086939404
0.4634641942	0.5365358058	0.7163561827	0.6077190359
0.4644651752	0.5355348248	0.7176832425	0.606746276
0.4654661562	0.5345338438	0.7190066184	0.6057756572
0.4664671371	0.5335328629	0.7203263079	0.6048071763
0.4674681181	0.5325318819	0.7216423085	0.6038408297
0.4684690991	0.5315309009	0.7229546177	0.602876614
0.4694700801	0.5305299199	0.7242632333	0.6019145259
0.4704710611	0.5295289389	0.7255681533	0.6009545617
0.471472042	0.528527958	0.7268693754	0.5999967179
0.472473023	0.527526977	0.728166898	0.5990409912
0.473474004	0.526525996	0.729460719	0.5980873778
0.474474985	0.525525015	0.7307508368	0.5971358742
0.475475966	0.524524034	0.7320372499	0.5961864768
0.4764769469	0.5235230531	0.7333199566	0.5952391821
0.4774779279	0.5225220721	0.7345989557	0.5942939863
0.4784789089	0.5215210911	0.7358742459	0.5933508859
0.4794798899	0.5205201101	0.7371458259	0.5924098772
0.4804808709	0.5195191291	0.7384136947	0.5914709564
0.4814818519	0.5185181481	0.7396778513	0.5905341199
0.4824828328	0.5175171672	0.7409382948	0.589599364
0.4834838138	0.5165161862	0.7421950245	0.5886666849
0.4844847948	0.5155152052	0.7434480396	0.5877360788
0.4854857758	0.5145142242	0.7446973397	0.5868075421
0.4864867568	0.5135132432	0.7459429241	0.5858810709
0.4874877377	0.5125122623	0.7471847926	0.5849566614
0.4884887187	0.5115112813	0.7484229448	0.5840343098
0.4894896997	0.5105103003	0.7496573805	0.5831140123
0.4904906807	0.5095093193	0.7508880996	0.582195765
0.4914916617	0.5085083383	0.7521151022	0.5812795641
0.4924926426	0.5075073574	0.7533383882	0.5803654057
0.4934936236	0.5065063764	0.7545579578	0.579453286
0.4944946046	0.5055053954	0.7557738113	0.5785432009
0.4954955856	0.5045044144	0.7569859491	0.5776351468
0.4964965666	0.5035034334	0.7581943715	0.5767291195
0.4974975475	0.5025024525	0.7593990792	0.5758251152
0.4984985285	0.5015014715	0.7606000726	0.57492313
0.4994995095	0.5005004905	0.7617973525	0.5740231598
0.5005004905	0.4994995095	0.7629909196	0.5731252008
0.5015014715	0.4984985285	0.7641807749	0.5722292489
0.5025024525	0.4974975475	0.7653669192	0.5713353002
0.5035034334	0.4964965666	0.7665493537	0.5704433507
0.5045044144	0.4954955856	0.7677280793	0.5695533964
0.5055053954	0.4944946046	0.7689030972	0.5686654332
0.5065063764	0.4934936236	0.7700744088	0.5677794572
0.5075073574	0.4924926426	0.7712420154	0.5668954643
0.5085083383	0.4914916617	0.7724059184	0.5660134506
0.5095093193	0.4904906807	0.7735661193	0.5651334118
0.5105103003	0.4894896997	0.7747226196	0.5642553441
0.5115112813	0.4884887187	0.7758754211	0.5633792433
0.5125122623	0.4874877377	0.7770245254	0.5625051053
0.5135132432	0.4864867568	0.7781699343	0.5616329262
0.5145142242	0.4854857758	0.7793116498	0.5607627018
0.5155152052	0.4844847948	0.7804496737	0.559894428
0.5165161862	0.4834838138	0.7815840081	0.5590281008
0.5175171672	0.4824828328	0.7827146551	0.558163716
0.5185181481	0.4814818519	0.7838416168	0.5573012695
0.5195191291	0.4804808709	0.7849648954	0.5564407573
0.5205201101	0.4794798899	0.7860844933	0.5555821752
0.5215210911	0.4784789089	0.7872004128	0.5547255191
0.5225220721	0.4774779279	0.7883126563	0.5538707849
0.5235230531	0.4764769469	0.7894212264	0.5530179685
0.524524034	0.475475966	0.7905261256	0.5521670657
0.525525015	0.474474985	0.7916273565	0.5513180724
0.526525996	0.473474004	0.7927249218	0.5504709844
0.527526977	0.472473023	0.7938188243	0.5496257976
0.528527958	0.471472042	0.7949090668	0.5487825079
0.5295289389	0.4704710611	0.7959956522	0.5479411112
0.5305299199	0.4694700801	0.7970785834	0.5471016032
0.5315309009	0.4684690991	0.7981578635	0.5462639798
0.5325318819	0.4674681181	0.7992334954	0.5454282368
0.5335328629	0.4664671371	0.8003054824	0.5445943702
0.5345338438	0.4654661562	0.8013738276	0.5437623756
0.5355348248	0.4644651752	0.8024385343	0.5429322491
0.5365358058	0.4634641942	0.8034996057	0.5421039864
0.5375367868	0.4624632132	0.8045570452	0.5412775833
0.5385377678	0.4614622322	0.8056108563	0.5404530356
0.5395387487	0.4604612513	0.8066610423	0.5396303393
0.5405397297	0.4594602703	0.8077076069	0.5388094902
0.5415407107	0.4584592893	0.8087505535	0.537990484
0.5425416917	0.4574583083	0.8097898859	0.5371733165
0.5435426727	0.4564573273	0.8108256078	0.5363579838
0.5445436537	0.4554563463	0.8118577228	0.5355444814
0.5455446346	0.4544553654	0.8128862347	0.5347328054
0.5465456156	0.4534543844	0.8139111474	0.5339229514
0.5475465966	0.4524534034	0.8149324649	0.5331149154
0.5485475776	0.4514524224	0.8159501909	0.5323086932
0.5495485586	0.4504514414	0.8169643296	0.5315042805
0.5505495395	0.4494504605	0.8179748849	0.5307016733
0.5515505205	0.4484494795	0.818981861	0.5299008673
0.5525515015	0.4474484985	0.819985262	0.5291018584
0.5535524825	0.4464475175	0.8209850921	0.5283046425
0.5545534635	0.4454465365	0.8219813554	0.5275092153
0.5555544444	0.4444455556	0.8229740564	0.5267155727
0.5565554254	0.4434445746	0.8239631993	0.5259237105
0.5575564064	0.4424435936	0.8249487884	0.5251336245
0.5585573874	0.4414426126	0.8259308283	0.5243453107
0.5595583684	0.4404416316	0.8269093232	0.5235587648
0.5605593493	0.4394406507	0.8278842779	0.5227739827
0.5615603303	0.4384396697	0.8288556967	0.5219909603
0.5625613113	0.4374386887	0.8298235843	0.5212096933
0.5635622923	0.4364377077	0.8307879453	0.5204301777
0.5645632733	0.4354367267	0.8317487844	0.5196524092
0.5655642543	0.4344357457	0.8327061062	0.5188763838
0.5665652352	0.4334347648	0.8336599156	0.5181020973
0.5675662162	0.4324337838	0.8346102172	0.5173295456
0.5685671972	0.4314328028	0.835557016	0.5165587245
0.5695681782	0.4304318218	0.8365003168	0.5157896298
0.5705691592	0.4294308408	0.8374401245	0.5150222576
0.5715701401	0.4284298599	0.8383764441	0.5142566036
0.5725711211	0.4274288789	0.8393092804	0.5134926637
0.5735721021	0.4264278979	0.8402386386	0.5127304338
0.5745730831	0.4254269169	0.8411645237	0.5119699098
0.5755740641	0.4244259359	0.8420869407	0.5112110876
0.576575045	0.423424955	0.8430058949	0.510453963
0.577576026	0.422423974	0.8439213912	0.509698532
0.578577007	0.421422993	0.844833435	0.5089447905
0.579577988	0.420422012	0.8457420314	0.5081927343
0.580578969	0.419421031	0.8466471858	0.5074423594
0.5815799499	0.4184200501	0.8475489033	0.5066936617
0.5825809309	0.4174190691	0.8484471893	0.5059466371
0.5835819119	0.4164180881	0.8493420492	0.5052012815
0.5845828929	0.4154171071	0.8502334884	0.5044575909
0.5855838739	0.4144161261	0.8511215121	0.5037155612
0.5865848549	0.4134151451	0.852006126	0.5029751882
0.5875858358	0.4124141642	0.8528873355	0.5022364681
0.5885868168	0.4114131832	0.853765146	0.5014993966
0.5895877978	0.4104122022	0.8546395631	0.5007639698
0.5905887788	0.4094112212	0.8555105924	0.5000301836
0.5915897598	0.4084102402	0.8563782394	0.499298034
0.5925907407	0.4074092593	0.8572425098	0.4985675169
0.5935917217	0.4064082783	0.8581034093	0.4978386284
0.5945927027	0.4054072973	0.8589609434	0.4971113643
0.5955936837	0.4044063163	0.8598151178	0.4963857207
0.5965946647	0.4034053353	0.8606659384	0.4956616935
0.5975956456	0.4024043544	0.8615134108	0.4949392788
0.5985966266	0.4014033734	0.8623575408	0.4942184725
0.5995976076	0.4004023924	0.8631983342	0.4934992707
0.6005985886	0.3994014114	0.8640357969	0.4927816693
0.6015995696	0.3984004304	0.8648699347	0.4920656644
0.6026005506	0.3973994494	0.8657007534	0.491351252
0.6036015315	0.3963984685	0.8665282589	0.4906384282
0.6046025125	0.3953974875	0.8673524572	0.4899271888
0.6056034935	0.3943965065	0.8681733542	0.4892175301
0.6066044745	0.3933955255	0.8689909559	0.488509448
0.6076054555	0.3923945445	0.8698052682	0.4878029387
0.6086064364	0.3913935636	0.8706162971	0.487097998
0.6096074174	0.3903925826	0.8714240487	0.4863946222
0.6106083984	0.3893916016	0.872228529	0.4856928073
0.6116093794	0.3883906206	0.8730297441	0.4849925493
0.6126103604	0.3873896396	0.8738277	0.4842938444
0.6136113413	0.3863886587	0.8746224029	0.4835966886
0.6146123223	0.3853876777	0.8754138589	0.4829010781
0.6156133033	0.3843866967	0.8762020741	0.4822070089
0.6166142843	0.3833857157	0.8769870547	0.4815144771
0.6176152653	0.3823847347	0.8777688068	0.4808234789
0.6186162462	0.3813837538	0.8785473367	0.4801340104
0.6196172272	0.3803827728	0.8793226506	0.4794460677
0.6206182082	0.3793817918	0.8800947547	0.4787596469
0.6216191892	0.3783808108	0.8808636552	0.4780747443
0.6226201702	0.3773798298	0.8816293584	0.4773913559
0.6236211512	0.3763788488	0.8823918706	0.4767094779
0.6246221321	0.3753778679	0.8831511981	0.4760291064
0.6256231131	0.3743768869	0.8839073472	0.4753502378
0.6266240941	0.3733759059	0.8846603242	0.474672868
0.6276250751	0.3723749249	0.8854101355	0.4739969933
0.6286260561	0.3713739439	0.8861567874	0.4733226099
0.629627037	0.370372963	0.8869002862	0.4726497141
0.630628018	0.369371982	0.8876406385	0.4719783019
0.631628999	0.368371001	0.8883778504	0.4713083696
0.63262998	0.36737002	0.8891119286	0.4706399135
0.633630961	0.366369039	0.8898428793	0.4699729297
0.6346319419	0.3653680581	0.8905707091	0.4693074146
0.6356329229	0.3643670771	0.8912954244	0.4686433643
0.6366339039	0.3633660961	0.8920170315	0.4679807751
0.6376348849	0.3623651151	0.8927355371	0.4673196432
0.6386358659	0.3613641341	0.8934509476	0.466659965
0.6396368468	0.3603631532	0.8941632694	0.4660017366
0.6406378278	0.3593621722	0.8948725091	0.4653449545
0.6416388088	0.3583611912	0.8955786733	0.4646896148
0.6426397898	0.3573602102	0.8962817683	0.4640357138
0.6436407708	0.3563592292	0.8969818008	0.4633832479
0.6446417518	0.3553582482	0.8976787773	0.4627322134
0.6456427327	0.3543572673	0.8983727044	0.4620826066
0.6466437137	0.3533562863	0.8990635886	0.4614344238
0.6476446947	0.3523553053	0.8997514364	0.4607876613
0.6486456757	0.3513543243	0.9004362546	0.4601423156
0.6496466567	0.3503533433	0.9011180496	0.4594983828
0.6506476376	0.3493523624	0.9017968281	0.4588558595
0.6516486186	0.3483513814	0.9024725966	0.4582147419
0.6526495996	0.3473504004	0.9031453619	0.4575750265
0.6536505806	0.3463494194	0.9038151304	0.4569367096
0.6546515616	0.3453484384	0.9044819089	0.4562997876
0.6556525425	0.3443474575	0.9051457039	0.4556642569
0.6566535235	0.3433464765	0.9058065222	0.4550301138
0.6576545045	0.3423454955	0.9064643703	0.4543973549
0.6586554855	0.3413445145	0.907119255	0.4537659766
0.6596564665	0.3403435335	0.9077711828	0.4531359751
0.6606574474	0.3393425526	0.9084201605	0.4525073471
0.6616584284	0.3383415716	0.9090661946	0.4518800889
0.6626594094	0.3373405906	0.909709292	0.451254197
0.6636603904	0.3363396096	0.9103494593	0.4506296679
0.6646613714	0.3353386286	0.9109867031	0.450006498
0.6656623524	0.3343376476	0.9116210302	0.4493846837
0.6666633333	0.3333366667	0.9122524472	0.4487642216
0.6676643143	0.3323356857	0.912880961	0.4481451082
0.6686652953	0.3313347047	0.913506578	0.4475273399
0.6696662763	0.3303337237	0.9141293052	0.4469109133
0.6706672573	0.3293327427	0.9147491491	0.4462958249
0.6716682382	0.3283317618	0.9153661165	0.4456820712
0.6726692192	0.3273307808	0.9159802142	0.4450696488
0.6736702002	0.3263297998	0.9165914488	0.444458554
0.6746711812	0.3253288188	0.917199827	0.4438487837
0.6756721622	0.3243278378	0.9178053557	0.4432403342
0.6766731431	0.3233268569	0.9184080415	0.4426332021
0.6776741241	0.3223258759	0.9190078911	0.442027384
0.6786751051	0.3213248949	0.9196049114	0.4414228765
0.6796760861	0.3203239139	0.9201991089	0.4408196762
0.6806770671	0.3193229329	0.9207904906	0.4402177797
0.681678048	0.318321952	0.921379063	0.4396171835
0.682679029	0.317320971	0.921964833	0.4390178843
0.68368001	0.31631999	0.9225478073	0.4384198788
0.684680991	0.315319009	0.9231279926	0.4378231634
0.685681972	0.314318028	0.9237053957	0.4372277349
0.686682953	0.313317047	0.9242800233	0.4366335899
0.6876839339	0.3123160661	0.9248518821	0.4360407251
0.6886849149	0.3113150851	0.925420979	0.4354491371
0.6896858959	0.3103141041	0.9259873206	0.4348588226
0.6906868769	0.3093131231	0.9265509137	0.4342697783
0.6916878579	0.3083121421	0.927111765	0.4336820008
0.6926888388	0.3073111612	0.9276698814	0.4330954868
0.6936898198	0.3063101802	0.9282252694	0.4325102331
0.6946908008	0.3053091992	0.9287779359	0.4319262363
0.6956917818	0.3043082182	0.9293278876	0.4313434932
0.6966927628	0.3033072372	0.9298751313	0.4307620005
0.6976937437	0.3023062563	0.9304196736	0.430181755
0.6986947247	0.3013052753	0.9309615213	0.4296027532
0.6996957057	0.3003042943	0.9315006812	0.4290249921
0.7006966867	0.2993033133	0.93203716	0.4284484684
0.7016976677	0.2983023323	0.9325709644	0.4278731788
0.7026986486	0.2973013514	0.9331021012	0.4272991201
0.7036996296	0.2963003704	0.933630577	0.4267262891
0.7047006106	0.2952993894	0.9341563986	0.4261546826
0.7057015916	0.2942984084	0.9346795727	0.4255842973
0.7067025726	0.2932974274	0.9352001061	0.4250151302
0.7077035536	0.2922964464	0.9357180054	0.4244471779
0.7087045345	0.2912954655	0.9362332774	0.4238804374
0.7097055155	0.2902944845	0.9367459287	0.4233149054
0.7107064965	0.2892935035	0.9372559661	0.4227505788
0.7117074775	0.2882925225	0.9377633964	0.4221874544
0.7127084585	0.2872915415	0.9382682261	0.4216255291
0.7137094394	0.2862905606	0.938770462	0.4210647998
0.7147104204	0.2852895796	0.9392701107	0.4205052633
0.7157114014	0.2842885986	0.9397671791	0.4199469165
0.7167123824	0.2832876176	0.9402616737	0.4193897562
0.7177133634	0.2822866366	0.9407536012	0.4188337795
0.7187143443	0.2812856557	0.9412429683	0.4182789831
0.7197153253	0.2802846747	0.9417297817	0.417725364
0.7207163063	0.2792836937	0.942214048	0.4171729191
0.7217172873	0.2782827127	0.942695774	0.4166216454
0.7227182683	0.2772817317	0.9431749662	0.4160715397
0.7237192492	0.2762807508	0.9436516313	0.4155225991
0.7247202302	0.2752797698	0.944125776	0.4149748204
0.7257212112	0.2742787888	0.944597407	0.4144282006
0.7267221922	0.2732778078	0.9450665307	0.4138827367
0.7277231732	0.2722768268	0.945533154	0.4133384257
0.7287241542	0.2712758458	0.9459972833	0.4127952645
0.7297251351	0.2702748649	0.9464589254	0.4122532502
0.7307261161	0.2692738839	0.9469180868	0.4117123796
0.7317270971	0.2682729029	0.9473747742	0.41117265
0.7327280781	0.2672719219	0.9478289941	0.4106340581
0.7337290591	0.2662709409	0.9482807532	0.4100966012
0.73473004	0.26526996	0.948730058	0.4095602761
0.735731021	0.264268979	0.9491769152	0.40902508
0.736732002	0.263267998	0.9496213312	0.4084910099
0.737732983	0.262267017	0.9500633128	0.4079580628
0.738733964	0.261266036	0.9505028664	0.4074262359
0.7397349449	0.2602650551	0.9509399986	0.4068955261
0.7407359259	0.2592640741	0.951374716	0.4063659305
0.7417369069	0.2582630931	0.9518070251	0.4058374463
0.7427378879	0.2572621121	0.9522369325	0.4053100705
0.7437388689	0.2562611311	0.9526644446	0.4047838002
0.7447398498	0.2552601502	0.953089568	0.4042586325
0.7457408308	0.2542591692	0.9535123093	0.4037345646
0.7467418118	0.2532581882	0.9539326749	0.4032115936
0.7477427928	0.2522572072	0.9543506713	0.4026897166
0.7487437738	0.2512562262	0.9547663051	0.4021689307
0.7497447548	0.2502552452	0.9551795827	0.4016492331
0.7507457357	0.2492542643	0.9555905106	0.4011306209
0.7517467167	0.2482532833	0.9559990953	0.4006130914
0.7527476977	0.2472523023	0.9564053432	0.4000966416
0.7537486787	0.2462513213	0.9568092609	0.3995812688
0.7547496597	0.2452503403	0.9572108547	0.3990669701
0.7557506406	0.2442493594	0.957610131	0.3985537428
0.7567516216	0.2432483784	0.9580070965	0.398041584
0.7577526026	0.2422473974	0.9584017573	0.3975304909
0.7587535836	0.2412464164	0.9587941201	0.3970204608
0.7597545646	0.2402454354	0.9591841911	0.3965114908
0.7607555455	0.2392444545	0.9595719768	0.3960035783
0.7617565265	0.2382434735	0.9599574836	0.3954967204
0.7627575075	0.2372424925	0.9603407178	0.3949909145
0.7637584885	0.2362415115	0.9607216859	0.3944861576
0.7647594695	0.2352405305	0.9611003942	0.3939824472
0.7657604505	0.2342395495	0.961476849	0.3934797805
0.7667614314	0.2332385686	0.9618510567	0.3929781547
0.7677624124	0.2322375876	0.9622230237	0.3924775672
0.7687633934	0.2312366066	0.9625927563	0.3919780152
0.7697643744	0.2302356256	0.9629602607	0.391479496
0.7707653554	0.2292346446	0.9633255434	0.390982007
0.7717663363	0.2282336637	0.9636886106	0.3904855454
0.7727673173	0.2272326827	0.9640494686	0.3899901086
0.7737682983	0.2262317017	0.9644081237	0.3894956938
0.7747692793	0.2252307207	0.9647645822	0.3890022986
0.7757702603	0.2242297397	0.9651188503	0.3885099201
0.7767712412	0.2232287588	0.9654709343	0.3880185557
0.7777722222	0.2222277778	0.9658208405	0.3875282028
0.7787732032	0.2212267968	0.966168575	0.3870388588
0.7797741842	0.2202258158	0.9665141442	0.386550521
0.7807751652	0.2192248348	0.9668575542	0.3860631868
0.7817761461	0.2182238539	0.9671988112	0.3855768536
0.7827771271	0.2172228729	0.9675379215	0.3850915188
0.7837781081	0.2162218919	0.9678748912	0.3846071798
0.7847790891	0.2152209109	0.9682097265	0.384123834
0.7857800701	0.2142199299	0.9685424336	0.3836414788
0.7867810511	0.2132189489	0.9688730186	0.3831601116
0.787782032	0.212217968	0.9692014878	0.38267973
0.788783013	0.211216987	0.9695278471	0.3822003312
0.789783994	0.210216006	0.9698521029	0.3817219128
0.790784975	0.209215025	0.9701742611	0.3812444722
0.791785956	0.208214044	0.9704943278	0.3807680068
0.7927869369	0.2072130631	0.9708123093	0.3802925142
0.7937879179	0.2062120821	0.9711282116	0.3798179918
0.7947888989	0.2052111011	0.9714420407	0.3793444371
0.7957898799	0.2042101201	0.9717538028	0.3788718476
0.7967908609	0.2032091391	0.9720635038	0.3784002207
0.7977918418	0.2022081582	0.9723711498	0.377929554
0.7987928228	0.2012071772	0.972676747	0.377459845
0.7997938038	0.2002061962	0.9729803012	0.3769910912
0.8007947848	0.1992052152	0.9732818185	0.3765232901
0.8017957658	0.1982042342	0.973581305	0.3760564393
0.8027967467	0.1972032533	0.9738787665	0.3755905362
0.8037977277	0.1962022723	0.9741742091	0.3751255785
0.8047987087	0.1952012913	0.9744676389	0.3746615637
0.8057996897	0.1942003103	0.9747590616	0.3741984893
0.8068006707	0.1931993293	0.9750484833	0.373736353
0.8078016517	0.1921983483	0.9753359099	0.3732751522
0.8088026326	0.1911973674	0.9756213474	0.3728148846
0.8098036136	0.1901963864	0.9759048017	0.3723555477
0.8108045946	0.1891954054	0.9761862786	0.3718971391
0.8118055756	0.1881944244	0.9764657841	0.3714396565
0.8128065566	0.1871934434	0.976743324	0.3709830975
0.8138075375	0.1861924625	0.9770189043	0.3705274596
0.8148085185	0.1851914815	0.9772925308	0.3700727404
0.8158094995	0.1841905005	0.9775642093	0.3696189377
0.8168104805	0.1831895195	0.9778339457	0.369166049
0.8178114615	0.1821885385	0.9781017459	0.368714072
0.8188124424	0.1811875576	0.9783676155	0.3682630043
0.8198134234	0.1801865766	0.9786315606	0.3678128436
0.8208144044	0.1791855956	0.9788935867	0.3673635875
0.8218153854	0.1781846146	0.9791536998	0.3669152337
0.8228163664	0.1771836336	0.9794119056	0.3664677799
0.8238173473	0.1761826527	0.9796682099	0.3660212238
0.8248183283	0.1751816717	0.9799226183	0.365575563
0.8258193093	0.1741806907	0.9801751368	0.3651307952
0.8268202903	0.1731797097	0.9804257709	0.3646869182
0.8278212713	0.1721787287	0.9806745264	0.3642439296
0.8288222523	0.1711777477	0.980921409	0.3638018271
0.8298232332	0.1701767668	0.9811664244	0.3633606086
0.8308242142	0.1691757858	0.9814095783	0.3629202716
0.8318251952	0.1681748048	0.9816508764	0.362480814
0.8328261762	0.1671738238	0.9818903243	0.3620422334
0.8338271572	0.1661728428	0.9821279276	0.3616045277
0.8348281381	0.1651718619	0.9823636921	0.3611676945
0.8358291191	0.1641708809	0.9825976232	0.3607317317
0.8368301001	0.1631698999	0.9828297267	0.360296637
0.8378310811	0.1621689189	0.9830600082	0.3598624081
0.8388320621	0.1611679379	0.9832884732	0.3594290429
0.839833043	0.160166957	0.9835151272	0.3589965391
0.840834024	0.159165976	0.983739976	0.3585648945
0.841835005	0.158164995	0.983963025	0.3581341069
0.842835986	0.157164014	0.9841842797	0.3577041742
0.843836967	0.156163033	0.9844037458	0.357275094
0.8448379479	0.1551620521	0.9846214287	0.3568468644
0.8458389289	0.1541610711	0.9848373339	0.3564194829
0.8468399099	0.1531600901	0.985051467	0.3559929476
0.8478408909	0.1521591091	0.9852638334	0.3555672562
0.8488418719	0.1511581281	0.9854744385	0.3551424066
0.8498428529	0.1501571471	0.985683288	0.3547183966
0.8508438338	0.1491561662	0.9858903871	0.354295224
0.8518448148	0.1481551852	0.9860957413	0.3538728868
0.8528457958	0.1471542042	0.9862993561	0.3534513828
0.8538467768	0.1461532232	0.9865012369	0.3530307098
0.8548477578	0.1451522422	0.9867013891	0.3526108658
0.8558487387	0.1441512613	0.986899818	0.3521918486
0.8568497197	0.1431502803	0.9870965291	0.3517736562
0.8578507007	0.1421492993	0.9872915277	0.3513562863
0.8588516817	0.1411483183	0.9874848192	0.350939737
0.8598526627	0.1401473373	0.9876764089	0.3505240061
0.8608536436	0.1391463564	0.9878663021	0.3501090915
0.8618546246	0.1381453754	0.9880545042	0.3496949912
0.8628556056	0.1371443944	0.9882410205	0.349281703
0.8638565866	0.1361434134	0.9884258562	0.348869225
0.8648575676	0.1351424324	0.9886090167	0.3484575551
0.8658585485	0.1341414515	0.9887905072	0.3480466911
0.8668595295	0.1331404705	0.988970333	0.3476366311
0.8678605105	0.1321394895	0.9891484993	0.347227373
0.8688614915	0.1311385085	0.9893250113	0.3468189147
0.8698624725	0.1301375275	0.9894998744	0.3464112543
0.8708634535	0.1291365465	0.9896730936	0.3460043897
0.8718644344	0.1281355656	0.9898446743	0.3455983189
0.8728654154	0.1271345846	0.9900146215	0.3451930399
0.8738663964	0.1261336036	0.9901829405	0.3447885506
0.8748673774	0.1251326226	0.9903496364	0.3443848491
0.8758683584	0.1241316416	0.9905147144	0.3439819333
0.8768693393	0.1231306607	0.9906781796	0.3435798014
0.8778703203	0.1221296797	0.9908400372	0.3431784512
0.8788713013	0.1211286987	0.9910002922	0.3427778808
0.8798722823	0.1201277177	0.9911589498	0.3423780883
0.8808732633	0.1191267367	0.991316015	0.3419790716
0.8818742442	0.1181257558	0.991471493	0.3415808288
0.8828752252	0.1171247748	0.9916253888	0.341183358
0.8838762062	0.1161237938	0.9917777074	0.3407866572
0.8848771872	0.1151228128	0.991928454	0.3403907244
0.8858781682	0.1141218318	0.9920776335	0.3399955577
0.8868791491	0.1131208509	0.9922252509	0.3396011552
0.8878801301	0.1121198699	0.9923713113	0.3392075149
0.8888811111	0.1111188889	0.9925158197	0.338814635
0.8898820921	0.1101179079	0.9926587811	0.3384225135
0.8908830731	0.1091169269	0.9928002003	0.3380311484
0.8918840541	0.1081159459	0.9929400825	0.337640538
0.892885035	0.107114965	0.9930784324	0.3372506802
0.893886016	0.106113984	0.9932152552	0.3368615732
0.894886997	0.105113003	0.9933505556	0.3364732151
0.895887978	0.104112022	0.9934843387	0.336085604
0.896888959	0.103111041	0.9936166092	0.3356987381
0.8978899399	0.1021100601	0.9937473722	0.3353126154
0.8988909209	0.1011090791	0.9938766324	0.3349272341
0.8998919019	0.1001080981	0.9940043948	0.3345425924
0.9008928829	0.09910711712	0.9941306641	0.3341586883
0.9018938639	0.09810613614	0.9942554453	0.33377552
0.9028948448	0.09710515516	0.9943787432	0.3333930857
0.9038958258	0.09610417417	0.9945005625	0.3330113835
0.9048968068	0.09510319319	0.9946209081	0.3326304116
0.9058977878	0.09410221221	0.9947397848	0.3322501682
0.9068987688	0.09310123123	0.9948571974	0.3318706514
0.9078997497	0.09210025025	0.9949731506	0.3314918595
0.9089007307	0.09109926927	0.9950876492	0.3311137905
0.9099017117	0.09009828829	0.995200698	0.3307364428
0.9109026927	0.08909730731	0.9953123016	0.3303598144
0.9119036737	0.08809632633	0.9954224648	0.3299839036
0.9129046547	0.08709534535	0.9955311923	0.3296087086
0.9139056356	0.08609436436	0.9956384888	0.3292342276
0.9149066166	0.08509338338	0.9957443591	0.3288604589
0.9159075976	0.0840924024	0.9958488077	0.3284874006
0.9169085786	0.08309142142	0.9959518393	0.3281150509
0.9179095596	0.08209044044	0.9960534586	0.3277434082
0.9189105405	0.08108945946	0.9961536703	0.3273724706
0.9199115215	0.08008847848	0.9962524789	0.3270022363
0.9209125025	0.0790874975	0.9963498891	0.3266327037
0.9219134835	0.07808651652	0.9964459054	0.326263871
0.9229144645	0.07708553554	0.9965405326	0.3258957365
0.9239154454	0.07608455455	0.996633775	0.3255282983
0.9249164264	0.07508357357	0.9967256374	0.3251615548
0.9259174074	0.07408259259	0.9968161243	0.3247955042
0.9269183884	0.07308161161	0.9969052403	0.3244301449
0.9279193694	0.07208063063	0.9969929897	0.324065475
0.9289203504	0.07107964965	0.9970793773	0.3237014929
0.9299213313	0.07007866867	0.9971644075	0.323338197
0.9309223123	0.06907768769	0.9972480848	0.3229755853
0.9319232933	0.06807670671	0.9973304136	0.3226136564
0.9329242743	0.06707572573	0.9974113985	0.3222524085
0.9339252553	0.06607474474	0.997491044	0.3218918398
0.9349262362	0.06507376376	0.9975693544	0.3215319488
0.9359272172	0.06407278278	0.9976463343	0.3211727337
0.9369281982	0.0630718018	0.997721988	0.3208141929
0.9379291792	0.06207082082	0.99779632	0.3204563246
0.9389301602	0.06106983984	0.9978693347	0.3200991273
0.9399311411	0.06006885886	0.9979410364	0.3197425993
0.9409321221	0.05906787788	0.9980114297	0.3193867388
0.9419331031	0.0580668969	0.9980805187	0.3190315444
0.9429340841	0.05706591592	0.998148308	0.3186770143
0.9439350651	0.05606493493	0.9982148018	0.3183231468
0.944936046	0.05506395395	0.9982800045	0.3179699404
0.945937027	0.05406297297	0.9983439204	0.3176173934
0.946938008	0.05306199199	0.9984065538	0.3172655042
0.947938989	0.05206101101	0.9984679091	0.3169142712
0.94893997	0.05106003003	0.9985279904	0.3165636927
0.949940951	0.05005904905	0.9985868022	0.3162137672
0.9509419319	0.04905806807	0.9986443487	0.315864493
0.9519429129	0.04805708709	0.9987006341	0.3155158686
0.9529438939	0.04705610611	0.9987556627	0.3151678922
0.9539448749	0.04605512513	0.9988094387	0.3148205624
0.9549458559	0.04505414414	0.9988619664	0.3144738776
0.9559468368	0.04405316316	0.9989132499	0.3141278362
0.9569478178	0.04305218218	0.9989632935	0.3137824365
0.9579487988	0.0420512012	0.9990121013	0.313437677
0.9589497798	0.04105022022	0.9990596776	0.3130935562
0.9599507608	0.04004923924	0.9991060264	0.3127500725
0.9609517417	0.03904825826	0.999151152	0.3124072243
0.9619527227	0.03804727728	0.9991950586	0.31206501
0.9629537037	0.0370462963	0.9992377501	0.3117234282
0.9639546847	0.03604531532	0.9992792308	0.3113824772
0.9649556657	0.03504433433	0.9993195048	0.3110421556
0.9659566466	0.03404335335	0.9993585762	0.3107024617
0.9669576276	0.03304237237	0.999396449	0.310363394
0.9679586086	0.03204139139	0.9994331274	0.3100249511
0.9689595896	0.03104041041	0.9994686154	0.3096871314
0.9699605706	0.03003942943	0.9995029171	0.3093499333
0.9709615516	0.02903844845	0.9995360365	0.3090133554
0.9719625325	0.02803746747	0.9995679776	0.3086773961
0.9729635135	0.02703648649	0.9995987445	0.308342054
0.9739644945	0.02603550551	0.9996283412	0.3080073275
0.9749654755	0.02503452452	0.9996567717	0.3076732151
0.9759664565	0.02403354354	0.99968404	0.3073397153
0.9769674374	0.02303256256	0.99971015	0.3070068267
0.9779684184	0.02203158158	0.9997351058	0.3066745477
0.9789693994	0.0210306006	0.9997589113	0.3063428769
0.9799703804	0.02002961962	0.9997815704	0.3060118128
0.9809713614	0.01902863864	0.999803087	0.305681354
0.9819723423	0.01802765766	0.9998234652	0.3053514988
0.9829733233	0.01702667668	0.9998427088	0.305022246
0.9839743043	0.0160256957	0.9998608217	0.304693594
0.9849752853	0.01502471471	0.9998778078	0.3043655413
0.9859762663	0.01402373373	0.9998936711	0.3040380866
0.9869772472	0.01302275275	0.9999084152	0.3037112283
0.9879782282	0.01202177177	0.9999220443	0.3033849651
0.9889792092	0.01102079079	0.999934562	0.3030592954
0.9899801902	0.01001980981	0.9999459722	0.3027342179
0.9909811712	0.009018828829	0.9999562787	0.3024097311
0.9919821522	0.008017847848	0.9999654855	0.3020858336
0.9929831331	0.007016866867	0.9999735962	0.3017625239
0.9939841141	0.006015885886	0.9999806146	0.3014398007
0.9949850951	0.005014904905	0.9999865447	0.3011176625
0.9959860761	0.004013923924	0.99999139	0.300796108
0.9969870571	0.003012942943	0.9999951545	0.3004751356
0.997988038	0.002011961962	0.9999978418	0.300154744
0.998989019	0.001010980981	0.9999994557	0.2998349319
0.99999	1e-05	0.9999999999	0.2995156977
