1e-05	0.99999	8.859370981e-06	0.9999999903
0.001010980981	0.998989019	1.071984937e-05	0.9999030525
0.002011961962	0.997988038	1.290516165e-05	0.999622673
0.003012942943	0.9969870571	1.54600774e-05	0.9991683585
0.004013923924	0.9959860761	1.843374728e-05	0.9985491698
0.005014904905	0.9949850951	2.18799196e-05	0.9977737411
0.006015885886	0.9939841141	2.585714839e-05	0.9968502995
0.007016866867	0.9929831331	3.042899157e-05	0.9957866835
0.008017847848	0.9919821522	3.566419785e-05	0.9945903604
0.009018828829	0.9909811712	4.163688102e-05	0.9932684442
0.01001980981	0.9899801902	4.842668054e-05	0.9918277109
0.01102079079	0.9889792092	5.61189073e-05	0.9902746153
0.01202177177	0.9879782282	6.480467366e-05	0.9886153054
0.01302275275	0.9869772472	7.458100691e-05	0.9868556367
0.01402373373	0.9859762663	8.555094553e-05	0.9850011867
0.01502471471	0.9849752853	9.782361756e-05	0.9830572673
0.0160256957	0.9839743043	0.0001115143008	0.9810289378
0.01702667668	0.9829733233	0.0001267444644	0.9789210165
0.01802765766	0.9819723423	0.0001436417916	0.9767380928
0.01902863864	0.9809713614	0.000162340184	0.9744845375
0.02002961962	0.9799703804	0.0001829797466	0.9721645132
0.0210306006	0.9789693994	0.0002057067543	0.9697819848
0.02203158158	0.9779684184	0.0002306736005	0.9673407283
0.02303256256	0.9769674374	0.000258038727	0.9648443401
0.02403354354	0.9759664565	0.0002879665366	0.9622962455
0.02503452452	0.9749654755	0.0003206272889	0.9596997069
0.02603550551	0.9739644945	0.000356196979	0.9570578315
0.02703648649	0.9729635135	0.000394857201	0.9543735785
0.02803746747	0.9719625325	0.0004367949959	0.9516497665
0.02903844845	0.9709615516	0.0004822026853	0.9488890801
0.03003942943	0.9699605706	0.0005312776919	0.9460940758
0.03104041041	0.9689595896	0.0005842223464	0.9432671888
0.03204139139	0.9679586086	0.0006412436838	0.9404107381
0.03304237237	0.9669576276	0.0007025532276	0.9375269323
0.03404335335	0.9659566466	0.0007683667645	0.9346178749
0.03504433433	0.9649556657	0.0008389041102	0.931685569
0.03604531532	0.9639546847	0.0009143888662	0.928731922
0.0370462963	0.9629537037	0.0009950481704	0.9257587504
0.03804727728	0.9619527227	0.00108111244	0.9227677839
0.03904825826	0.9609517417	0.001172815111	0.9197606693
0.04004923924	0.9599507608	0.001270392369	0.9167389747
0.04105022022	0.9589497798	0.001374082882	0.9137041929
0.0420512012	0.9579487988	0.001484127527	0.910657745
0.04305218218	0.9569478178	0.001600769112	0.9076009836
0.04405316316	0.9559468368	0.001724252104	0.9045351964
0.04505414414	0.9549458559	0.001854822348	0.9014616087
0.04605512513	0.9539448749	0.001992726792	0.8983813865
0.04705610611	0.9529438939	0.002138213212	0.8952956394
0.04805708709	0.9519429129	0.002291529938	0.8922054228
0.04905806807	0.9509419319	0.00245292558	0.8891117409
0.05005904905	0.949940951	0.002622648761	0.8860155485
0.05106003003	0.94893997	0.002800947851	0.8829177537
0.05206101101	0.947938989	0.002988070703	0.8798192199
0.05306199199	0.946938008	0.0031842644	0.8767207676
0.05406297297	0.945937027	0.003389774998	0.8736231769
0.05506395395	0.944936046	0.003604847283	0.8705271888
0.05606493493	0.9439350651	0.003829724524	0.8674335072
0.05706591592	0.9429340841	0.004064648244	0.8643428006
0.0580668969	0.9419331031	0.004309857986	0.8612557038
0.05906787788	0.9409321221	0.004565591091	0.858172819
0.06006885886	0.9399311411	0.004832082485	0.855094718
0.06106983984	0.9389301602	0.005109564468	0.8520219428
0.06207082082	0.9379291792	0.005398266513	0.8489550074
0.0630718018	0.9369281982	0.005698415072	0.8458943989
0.06407278278	0.9359272172	0.006010233389	0.842840579
0.06507376376	0.9349262362	0.006333941326	0.8397939846
0.06607474474	0.9339252553	0.006669755184	0.8367550294
0.06707572573	0.9329242743	0.007017887546	0.8337241047
0.06807670671	0.9319232933	0.007378547122	0.8307015804
0.06907768769	0.9309223123	0.007751938596	0.8276878062
0.07007866867	0.9299213313	0.008138262494	0.8246831121
0.07107964965	0.9289203504	0.008537715047	0.8216878097
0.07208063063	0.9279193694	0.00895048807	0.8187021926
0.07308161161	0.9269183884	0.009376768845	0.8157265376
0.07408259259	0.9259174074	0.009816740013	0.8127611053
0.07508357357	0.9249164264	0.01027057947	0.8098061406
0.07608455455	0.9239154454	0.01073846029	0.8068618739
0.07708553554	0.9229144645	0.01122055061	0.8039285211
0.07808651652	0.9219134835	0.01171701357	0.801006285
0.0790874975	0.9209125025	0.01222800726	0.798095355
0.08008847848	0.9199115215	0.01275368462	0.7951959086
0.08108945946	0.9189105405	0.01329419339	0.7923081114
0.08209044044	0.9179095596	0.01384967608	0.7894321174
0.08309142142	0.9169085786	0.01442026991	0.7865680705
0.0840924024	0.9159075976	0.0150061068	0.7837161036
0.08509338338	0.9149066166	0.01560731327	0.7808763404
0.08609436436	0.9139056356	0.01622401049	0.7780488949
0.08709534535	0.9129046547	0.01685631422	0.7752338722
0.08809632633	0.9119036737	0.01750433482	0.7724313689
0.08909730731	0.9109026927	0.01816817722	0.7696414733
0.09009828829	0.9099017117	0.01884794091	0.7668642662
0.09109926927	0.9089007307	0.01954371998	0.7640998205
0.09210025025	0.9078997497	0.0202556031	0.7613482025
0.09310123123	0.9068987688	0.02098367353	0.7586094713
0.09410221221	0.9058977878	0.02172800914	0.7558836798
0.09510319319	0.9048968068	0.02248868246	0.7531708745
0.09610417417	0.9038958258	0.02326576064	0.7504710961
0.09710515516	0.9028948448	0.02405930555	0.7477843798
0.09810613614	0.9018938639	0.02486937378	0.7451107551
0.09910711712	0.9008928829	0.02569601666	0.7424502468
0.1001080981	0.8998919019	0.02653928033	0.7398028744
0.1011090791	0.8988909209	0.02739920578	0.7371686529
0.1021100601	0.8978899399	0.02827582889	0.7345475931
0.103111041	0.896888959	0.02916918046	0.7319397011
0.104112022	0.895887978	0.03007928631	0.7293449793
0.105113003	0.894886997	0.03100616728	0.7267634262
0.106113984	0.893886016	0.03194983934	0.7241950366
0.107114965	0.892885035	0.0329103136	0.7216398018
0.1081159459	0.8918840541	0.03388759643	0.7190977097
0.1091169269	0.8908830731	0.03488168947	0.7165687452
0.1101179079	0.8898820921	0.03589258972	0.7140528901
0.1111188889	0.8888811111	0.03692028962	0.7115501234
0.1121198699	0.8878801301	0.03796477709	0.7090604213
0.1131208509	0.8868791491	0.03902603563	0.7065837575
0.1141218318	0.8858781682	0.04010404439	0.7041201031
0.1151228128	0.8848771872	0.04119877821	0.7016694271
0.1161237938	0.8838762062	0.04231020774	0.6992316961
0.1171247748	0.8828752252	0.04343829949	0.6968068747
0.1181257558	0.8818742442	0.04458301592	0.6943949254
0.1191267367	0.8808732633	0.04574431551	0.6919958089
0.1201277177	0.8798722823	0.04692215282	0.6896094842
0.1211286987	0.8788713013	0.04811647862	0.6872359083
0.1221296797	0.8778703203	0.04932723993	0.6848750371
0.1231306607	0.8768693393	0.05055438009	0.6825268245
0.1241316416	0.8758683584	0.05179783889	0.6801912232
0.1251326226	0.8748673774	0.0530575526	0.6778681845
0.1261336036	0.8738663964	0.05433345408	0.6755576587
0.1271345846	0.8728654154	0.05562547284	0.6732595943
0.1281355656	0.8718644344	0.05693353516	0.6709739394
0.1291365465	0.8708634535	0.05825756412	0.6687006405
0.1301375275	0.8698624725	0.05959747971	0.6664396433
0.1311385085	0.8688614915	0.06095319891	0.6641908926
0.1321394895	0.8678605105	0.06232463577	0.6619543323
0.1331404705	0.8668595295	0.06371170148	0.6597299055
0.1341414515	0.8658585485	0.06511430446	0.6575175546
0.1351424324	0.8648575676	0.06653235044	0.6553172211
0.1361434134	0.8638565866	0.06796574251	0.653128846
0.1371443944	0.8628556056	0.06941438124	0.6509523698
0.1381453754	0.8618546246	0.07087816475	0.6487877322
0.1391463564	0.8608536436	0.07235698877	0.6466348725
0.1401473373	0.8598526627	0.0738507467	0.6444937296
0.1411483183	0.8588516817	0.07535932974	0.6423642418
0.1421492993	0.8578507007	0.07688262692	0.6402463471
0.1431502803	0.8568497197	0.07842052518	0.6381399831
0.1441512613	0.8558487387	0.07997290947	0.6360450872
0.1451522422	0.8548477578	0.0815396628	0.6339615964
0.1461532232	0.8538467768	0.0831206663	0.6318894474
0.1471542042	0.8528457958	0.08471579932	0.6298285767
0.1481551852	0.8518448148	0.08632493949	0.6277789208
0.1491561662	0.8508438338	0.08794796278	0.6257404158
0.1501571471	0.8498428529	0.08958474357	0.6237129976
0.1511581281	0.8488418719	0.09123515472	0.6216966023
0.1521591091	0.8478408909	0.09289906766	0.6196911656
0.1531600901	0.8468399099	0.0945763524	0.6176966234
0.1541610711	0.8458389289	0.09626687766	0.6157129112
0.1551620521	0.8448379479	0.09797051087	0.6137399648
0.156163033	0.843836967	0.09968711828	0.6117777199
0.157164014	0.842835986	0.101416565	0.6098261122
0.158164995	0.841835005	0.1031587151	0.6078850774
0.159165976	0.840834024	0.1049134316	0.6059545513
0.160166957	0.839833043	0.1066805764	0.6040344697
0.1611679379	0.8388320621	0.1084600109	0.6021247687
0.1621689189	0.8378310811	0.1102515953	0.6002253842
0.1631698999	0.8368301001	0.1120551891	0.5983362523
0.1641708809	0.8358291191	0.1138706512	0.5964573095
0.1651718619	0.8348281381	0.1156978396	0.5945884921
0.1661728428	0.8338271572	0.1175366118	0.5927297368
0.1671738238	0.8328261762	0.1193868248	0.5908809802
0.1681748048	0.8318251952	0.1212483348	0.5890421593
0.1691757858	0.8308242142	0.1231209978	0.5872132112
0.1701767668	0.8298232332	0.1250046692	0.5853940734
0.1711777477	0.8288222523	0.1268992041	0.5835846832
0.1721787287	0.8278212713	0.1288044573	0.5817849785
0.1731797097	0.8268202903	0.1307202831	0.5799948972
0.1741806907	0.8258193093	0.1326465357	0.5782143776
0.1751816717	0.8248183283	0.1345830692	0.5764433582
0.1761826527	0.8238173473	0.1365297373	0.5746817776
0.1771836336	0.8228163664	0.1384863937	0.5729295749
0.1781846146	0.8218153854	0.140452892	0.5711866892
0.1791855956	0.8208144044	0.1424290858	0.5694530601
0.1801865766	0.8198134234	0.1444148285	0.5677286274
0.1811875576	0.8188124424	0.1464099738	0.5660133312
0.1821885385	0.8178114615	0.1484143753	0.5643071118
0.1831895195	0.8168104805	0.1504278867	0.5626099098
0.1841905005	0.8158094995	0.1524503619	0.5609216663
0.1851914815	0.8148085185	0.1544816549	0.5592423225
0.1861924625	0.8138075375	0.1565216199	0.55757182
0.1871934434	0.8128065566	0.1585701114	0.5559101006
0.1881944244	0.8118055756	0.1606269842	0.5542571064
0.1891954054	0.8108045946	0.1626920932	0.5526127801
0.1901963864	0.8098036136	0.1647652937	0.5509770645
0.1911973674	0.8088026326	0.1668464415	0.5493499026
0.1921983483	0.8078016517	0.1689353926	0.5477312379
0.1931993293	0.8068006707	0.1710320034	0.5461210142
0.1942003103	0.8057996897	0.173136131	0.5445191757
0.1952012913	0.8047987087	0.1752476325	0.5429256668
0.1962022723	0.8037977277	0.1773663659	0.5413404323
0.1972032533	0.8027967467	0.1794921894	0.5397634173
0.1982042342	0.8017957658	0.1816249619	0.5381945672
0.1992052152	0.8007947848	0.1837645428	0.5366338278
0.2002061962	0.7997938038	0.185910792	0.5350811453
0.2012071772	0.7987928228	0.1880635702	0.5335364662
0.2022081582	0.7977918418	0.1902227384	0.5319997371
0.2032091391	0.7967908609	0.1923881584	0.5304709053
0.2042101201	0.7957898799	0.1945596928	0.5289499183
0.2052111011	0.7947888989	0.1967372045	0.5274367238
0.2062120821	0.7937879179	0.1989205573	0.52593127
0.2072130631	0.7927869369	0.2011096158	0.5244335054
0.208214044	0.791785956	0.2033042451	0.5229433789
0.209215025	0.790784975	0.2055043111	0.5214608396
0.210216006	0.789783994	0.2077096805	0.5199858371
0.211216987	0.788783013	0.2099202206	0.5185183212
0.212217968	0.787782032	0.2121357998	0.5170582421
0.2132189489	0.7867810511	0.2143562869	0.5156055503
0.2142199299	0.7857800701	0.2165815518	0.5141601968
0.2152209109	0.7847790891	0.218811465	0.5127221327
0.2162218919	0.7837781081	0.2210458978	0.5112913096
0.2172228729	0.7827771271	0.2232847226	0.5098676793
0.2182238539	0.7817761461	0.2255278124	0.5084511941
0.2192248348	0.7807751652	0.2277750412	0.5070418066
0.2202258158	0.7797741842	0.2300262837	0.5056394696
0.2212267968	0.7787732032	0.2322814155	0.5042441363
0.2222277778	0.7777722222	0.2345403133	0.5028557603
0.2232287588	0.7767712412	0.2368028544	0.5014742954
0.2242297397	0.7757702603	0.2390689171	0.5000996959
0.2252307207	0.7747692793	0.2413383807	0.4987319163
0.2262317017	0.7737682983	0.2436111253	0.4973709115
0.2272326827	0.7727673173	0.2458870319	0.4960166366
0.2282336637	0.7717663363	0.2481659824	0.4946690471
0.2292346446	0.7707653554	0.2504478599	0.4933280989
0.2302356256	0.7697643744	0.252732548	0.4919937481
0.2312366066	0.7687633934	0.2550199316	0.4906659512
0.2322375876	0.7677624124	0.2573098963	0.4893446649
0.2332385686	0.7667614314	0.2596023287	0.4880298464
0.2342395495	0.7657604505	0.2618971165	0.486721453
0.2352405305	0.7647594695	0.2641941482	0.4854194425
0.2362415115	0.7637584885	0.2664933133	0.4841237729
0.2372424925	0.7627575075	0.2687945022	0.4828344026
0.2382434735	0.7617565265	0.2710976063	0.4815512901
0.2392444545	0.7607555455	0.273402518	0.4802743945
0.2402454354	0.7597545646	0.2757091306	0.479003675
0.2412464164	0.7587535836	0.2780173385	0.4777390911
0.2422473974	0.7577526026	0.2803270368	0.4764806027
0.2432483784	0.7567516216	0.2826381219	0.47522817
0.2442493594	0.7557506406	0.2849504909	0.4739817534
0.2452503403	0.7547496597	0.2872640419	0.4727413137
0.2462513213	0.7537486787	0.2895786742	0.4715068119
0.2472523023	0.7527476977	0.2918942878	0.4702782093
0.2482532833	0.7517467167	0.2942107838	0.4690554675
0.2492542643	0.7507457357	0.2965280642	0.4678385485
0.2502552452	0.7497447548	0.2988460321	0.4666274144
0.2512562262	0.7487437738	0.3011645914	0.4654220277
0.2522572072	0.7477427928	0.303483647	0.4642223511
0.2532581882	0.7467418118	0.3058031048	0.4630283478
0.2542591692	0.7457408308	0.3081228718	0.4618399809
0.2552601502	0.7447398498	0.3104428557	0.4606572141
0.2562611311	0.7437388689	0.3127629654	0.4594800113
0.2572621121	0.7427378879	0.3150831104	0.4583083366
0.2582630931	0.7417369069	0.3174032017	0.4571421543
0.2592640741	0.7407359259	0.3197231507	0.4559814291
0.2602650551	0.7397349449	0.32204287	0.4548261261
0.261266036	0.738733964	0.3243622733	0.4536762103
0.262267017	0.737732983	0.326681275	0.4525316473
0.263267998	0.736732002	0.3289997905	0.4513924027
0.264268979	0.735731021	0.3313177361	0.4502584426
0.26526996	0.73473004	0.3336350292	0.4491297332
0.2662709409	0.7337290591	0.335951588	0.448006241
0.2672719219	0.7327280781	0.3382673316	0.4468879327
0.2682729029	0.7317270971	0.3405821801	0.4457747753
0.2692738839	0.7307261161	0.3428960544	0.4446667361
0.2702748649	0.7297251351	0.3452088765	0.4435637825
0.2712758458	0.7287241542	0.3475205692	0.4424658824
0.2722768268	0.7277231732	0.3498310562	0.4413730037
0.2732778078	0.7267221922	0.3521402622	0.4402851145
0.2742787888	0.7257212112	0.3544481126	0.4392021835
0.2752797698	0.7247202302	0.3567545338	0.4381241792
0.2762807508	0.7237192492	0.3590594532	0.4370510707
0.2772817317	0.7227182683	0.3613627989	0.435982827
0.2782827127	0.7217172873	0.3636645	0.4349194177
0.2792836937	0.7207163063	0.3659644865	0.4338608123
0.2802846747	0.7197153253	0.3682626891	0.4328069807
0.2812856557	0.7187143443	0.3705590395	0.4317578931
0.2822866366	0.7177133634	0.3728534703	0.4307135196
0.2832876176	0.7167123824	0.3751459148	0.4296738309
0.2842885986	0.7157114014	0.3774363073	0.4286387978
0.2852895796	0.7147104204	0.3797245828	0.4276083912
0.2862905606	0.7137094394	0.3820106773	0.4265825823
0.2872915415	0.7127084585	0.3842945276	0.4255613426
0.2882925225	0.7117074775	0.3865760711	0.4245446436
0.2892935035	0.7107064965	0.3888552464	0.4235324573
0.2902944845	0.7097055155	0.3911319926	0.4225247557
0.2912954655	0.7087045345	0.3934062498	0.421521511
0.2922964464	0.7077035536	0.3956779588	0.4205226958
0.2932974274	0.7067025726	0.3979470612	0.4195282828
0.2942984084	0.7057015916	0.4002134995	0.4185382448
0.2952993894	0.7047006106	0.402477217	0.4175525549
0.2963003704	0.7036996296	0.4047381576	0.4165711864
0.2973013514	0.7026986486	0.4069962661	0.4155941129
0.2983023323	0.7016976677	0.4092514881	0.4146213079
0.2993033133	0.7006966867	0.4115037699	0.4136527455
0.3003042943	0.6996957057	0.4137530586	0.4126883997
0.3013052753	0.6986947247	0.4159993021	0.4117282448
0.3023062563	0.6976937437	0.4182424489	0.4107722552
0.3033072372	0.6966927628	0.4204824484	0.4098204057
0.3043082182	0.6956917818	0.4227192507	0.408872671
0.3053091992	0.6946908008	0.4249528065	0.4079290262
0.3063101802	0.6936898198	0.4271830675	0.4069894466
0.3073111612	0.6926888388	0.4294099858	0.4060539075
0.3083121421	0.6916878579	0.4316335145	0.4051223846
0.3093131231	0.6906868769	0.4338536072	0.4041948536
0.3103141041	0.6896858959	0.4360702183	0.4032712905
0.3113150851	0.6886849149	0.4382833029	0.4023516714
0.3123160661	0.6876839339	0.4404928168	0.4014359726
0.313317047	0.686682953	0.4426987165	0.4005241707
0.314318028	0.685681972	0.4449009589	0.3996162422
0.315319009	0.684680991	0.4470995021	0.398712164
0.31631999	0.68368001	0.4492943045	0.3978119132
0.317320971	0.682679029	0.4514853251	0.3969154668
0.318321952	0.681678048	0.4536725239	0.3960228023
0.3193229329	0.6806770671	0.4558558612	0.3951338971
0.3203239139	0.6796760861	0.4580352981	0.3942487289
0.3213248949	0.6786751051	0.4602107965	0.3933672756
0.3223258759	0.6776741241	0.4623823186	0.3924895151
0.3233268569	0.6766731431	0.4645498275	0.3916154257
0.3243278378	0.6756721622	0.4667132868	0.3907449857
0.3253288188	0.6746711812	0.4688726606	0.3898781734
0.3263297998	0.6736702002	0.471027914	0.3890149677
0.3273307808	0.6726692192	0.4731790122	0.3881553472
0.3283317618	0.6716682382	0.4753259214	0.387299291
0.3293327427	0.6706672573	0.4774686081	0.3864467781
0.3303337237	0.6696662763	0.4796070398	0.3855977878
0.3313347047	0.6686652953	0.481741184	0.3847522995
0.3323356857	0.6676643143	0.4838710093	0.3839102928
0.3333366667	0.6666633333	0.4859964845	0.3830717474
0.3343376476	0.6656623524	0.4881175793	0.3822366431
0.3353386286	0.6646613714	0.4902342637	0.3814049599
0.3363396096	0.6636603904	0.4923465083	0.3805766781
0.3373405906	0.6626594094	0.4944542844	0.3797517778
0.3383415716	0.6616584284	0.4965575636	0.3789302395
0.3393425526	0.6606574474	0.4986563183	0.3781120439
0.3403435335	0.6596564665	0.5007505211	0.3772971715
0.3413445145	0.6586554855	0.5028401456	0.3764856033
0.3423454955	0.6576545045	0.5049251655	0.3756773203
0.3433464765	0.6566535235	0.5070055552	0.3748723036
0.3443474575	0.6556525425	0.5090812896	0.3740705345
0.3453484384	0.6546515616	0.511152344	0.3732719943
0.3463494194	0.6536505806	0.5132186944	0.3724766646
0.3473504004	0.6526495996	0.5152803171	0.3716845271
0.3483513814	0.6516486186	0.5173371891	0.3708955635
0.3493523624	0.6506476376	0.5193892876	0.3701097559
0.3503533433	0.6496466567	0.5214365906	0.3693270862
0.3513543243	0.6486456757	0.5234790763	0.3685475366
0.3523553053	0.6476446947	0.5255167235	0.3677710895
0.3533562863	0.6466437137	0.5275495115	0.3669977273
0.3543572673	0.6456427327	0.52957742	0.3662274326
0.3553582482	0.6446417518	0.5316004291	0.365460188
0.3563592292	0.6436407708	0.5336185196	0.3646959764
0.3573602102	0.6426397898	0.5356316723	0.3639347807
0.3583611912	0.6416388088	0.537639869	0.3631765839
0.3593621722	0.6406378278	0.5396430914	0.3624213693
0.3603631532	0.6396368468	0.541641322	0.3616691201
0.3613641341	0.6386358659	0.5436345435	0.3609198197
0.3623651151	0.6376348849	0.5456227393	0.3601734517
0.3633660961	0.6366339039	0.5476058929	0.3594299997
0.3643670771	0.6356329229	0.5495839883	0.3586894474
0.3653680581	0.6346319419	0.5515570101	0.3579517788
0.366369039	0.633630961	0.5535249431	0.3572169778
0.36737002	0.63262998	0.5554877725	0.3564850286
0.368371001	0.631628999	0.557445484	0.3557559153
0.369371982	0.630628018	0.5593980637	0.3550296222
0.370372963	0.629627037	0.561345498	0.3543061339
0.3713739439	0.6286260561	0.5632877736	0.3535854347
0.3723749249	0.6276250751	0.5652248779	0.3528675095
0.3733759059	0.6266240941	0.5671567982	0.3521523429
0.3743768869	0.6256231131	0.5690835226	0.3514399198
0.3753778679	0.6246221321	0.5710050394	0.3507302251
0.3763788488	0.6236211512	0.5729213371	0.350023244
0.3773798298	0.6226201702	0.5748324049	0.3493189616
0.3783808108	0.6216191892	0.576738232	0.3486173631
0.3793817918	0.6206182082	0.5786388081	0.347918434
0.3803827728	0.6196172272	0.5805341234	0.3472221598
0.3813837538	0.6186162462	0.5824241681	0.3465285259
0.3823847347	0.6176152653	0.584308933	0.3458375182
0.3833857157	0.6166142843	0.5861884091	0.3451491224
0.3843866967	0.6156133033	0.5880625879	0.3444633242
0.3853876777	0.6146123223	0.5899314609	0.3437801098
0.3863886587	0.6136113413	0.5917950202	0.3430994652
0.3873896396	0.6126103604	0.5936532582	0.3424213766
0.3883906206	0.6116093794	0.5955061675	0.3417458301
0.3893916016	0.6106083984	0.597353741	0.3410728122
0.3903925826	0.6096074174	0.599195972	0.3404023093
0.3913935636	0.6086064364	0.601032854	0.339734308
0.3923945445	0.6076054555	0.6028643808	0.3390687948
0.3933955255	0.6066044745	0.6046905467	0.3384057565
0.3943965065	0.6056034935	0.606511346	0.3377451799
0.3953974875	0.6046025125	0.6083267734	0.337087052
0.3963984685	0.6036015315	0.610136824	0.3364313596
0.3973994494	0.6026005506	0.6119414929	0.3357780898
0.3984004304	0.6015995696	0.6137407758	0.33512723
0.3994014114	0.6005985886	0.6155346684	0.3344787671
0.4004023924	0.5995976076	0.6173231669	0.3338326887
0.4014033734	0.5985966266	0.6191062675	0.3331889822
0.4024043544	0.5975956456	0.6208839669	0.3325476349
0.4034053353	0.5965946647	0.622656262	0.3319086346
0.4044063163	0.5955936837	0.6244231498	0.331271969
0.4054072973	0.5945927027	0.6261846277	0.3306376256
0.4064082783	0.5935917217	0.6279406934	0.3300055925
0.4074092593	0.5925907407	0.6296913446	0.3293758575
0.4084102402	0.5915897598	0.6314365796	0.3287484086
0.4094112212	0.5905887788	0.6331763966	0.3281232339
0.4104122022	0.5895877978	0.6349107941	0.3275003216
0.4114131832	0.5885868168	0.6366397711	0.3268796598
0.4124141642	0.5875858358	0.6383633265	0.326261237
0.4134151451	0.5865848549	0.6400814596	0.3256450414
0.4144161261	0.5855838739	0.6417941698	0.3250310616
0.4154171071	0.5845828929	0.6435014569	0.3244192862
0.4164180881	0.5835819119	0.6452033207	0.3238097037
0.4174190691	0.5825809309	0.6468997615	0.3232023028
0.4184200501	0.5815799499	0.6485907794	0.3225970723
0.419421031	0.580578969	0.6502763751	0.321994001
0.420422012	0.579577988	0.6519565494	0.321393078
0.421422993	0.578577007	0.6536313031	0.3207942921
0.422423974	0.577576026	0.6553006374	0.3201976324
0.423424955	0.576575045	0.6569645537	0.3196030881
0.4244259359	0.5755740641	0.6586230535	0.3190106483
0.4254269169	0.5745730831	0.6602761385	0.3184203024
0.4264278979	0.5735721021	0.6619238107	0.3178320396
0.4274288789	0.5725711211	0.6635660721	0.3172458495
0.4284298599	0.5715701401	0.665202925	0.3166617215
0.4294308408	0.5705691592	0.666834372	0.316079645
0.4304318218	0.5695681782	0.6684604156	0.3154996099
0.4314328028	0.5685671972	0.6700810586	0.3149216057
0.4324337838	0.5675662162	0.6716963041	0.3143456222
0.4334347648	0.5665652352	0.6733061552	0.3137716492
0.4344357457	0.5655642543	0.6749106153	0.3131996767
0.4354367267	0.5645632733	0.6765096878	0.3126296945
0.4364377077	0.5635622923	0.6781033764	0.3120616927
0.4374386887	0.5625613113	0.6796916849	0.3114956613
0.4384396697	0.5615603303	0.6812746173	0.3109315906
0.4394406507	0.5605593493	0.6828521777	0.3103694706
0.4404416316	0.5595583684	0.6844243704	0.3098092918
0.4414426126	0.5585573874	0.6859911999	0.3092510444
0.4424435936	0.5575564064	0.6875526707	0.3086947187
0.4434445746	0.5565554254	0.6891087875	0.3081403054
0.4444455556	0.5555544444	0.6906595553	0.3075877948
0.4454465365	0.5545534635	0.692204979	0.3070371776
0.4464475175	0.5535524825	0.6937450638	0.3064884444
0.4474484985	0.5525515015	0.695279815	0.3059415859
0.4484494795	0.5515505205	0.6968092381	0.3053965928
0.4494504605	0.5505495395	0.6983333386	0.304853456
0.4504514414	0.5495485586	0.6998521221	0.3043121663
0.4514524224	0.5485475776	0.7013655946	0.3037727147
0.4524534034	0.5475465966	0.7028737619	0.3032350922
0.4534543844	0.5465456156	0.7043766302	0.3026992897
0.4544553654	0.5455446346	0.7058742056	0.3021652985
0.4554563463	0.5445436537	0.7073664945	0.3016331096
0.4564573273	0.5435426727	0.7088535034	0.3011027142
0.4574583083	0.5425416917	0.7103352387	0.3005741037
0.4584592893	0.5415407107	0.7118117071	0.3000472694
0.4594602703	0.5405397297	0.7132829155	0.2995222026
0.4604612513	0.5395387487	0.7147488708	0.2989988947
0.4614622322	0.5385377678	0.7162095799	0.2984773373
0.4624632132	0.5375367868	0.7176650499	0.2979575219
0.4634641942	0.5365358058	0.7191152882	0.29743944
0.4644651752	0.5355348248	0.720560302	0.2969230833
0.4654661562	0.5345338438	0.7220000988	0.2964084436
0.4664671371	0.5335328629	0.723434686	0.2958955125
0.4674681181	0.5325318819	0.7248640714	0.2953842818
0.4684690991	0.5315309009	0.7262882627	0.2948747434
0.4694700801	0.5305299199	0.7277072677	0.2943668892
0.4704710611	0.5295289389	0.7291210942	0.2938607111
0.471472042	0.528527958	0.7305297504	0.2933562012
0.472473023	0.527526977	0.7319332444	0.2928533514
0.473474004	0.526525996	0.7333315843	0.292352154
0.474474985	0.525525015	0.7347247784	0.2918526009
0.475475966	0.524524034	0.7361128351	0.2913546844
0.4764769469	0.5235230531	0.7374957628	0.2908583967
0.4774779279	0.5225220721	0.7388735701	0.2903637302
0.4784789089	0.5215210911	0.7402462656	0.2898706772
0.4794798899	0.5205201101	0.7416138581	0.28937923
0.4804808709	0.5195191291	0.7429763562	0.288889381
0.4814818519	0.5185181481	0.7443337688	0.2884011228
0.4824828328	0.5175171672	0.7456861049	0.2879144479
0.4834838138	0.5165161862	0.7470333735	0.2874293488
0.4844847948	0.5155152052	0.7483755836	0.2869458181
0.4854857758	0.5145142242	0.7497127444	0.2864638485
0.4864867568	0.5135132432	0.7510448652	0.2859834326
0.4874877377	0.5125122623	0.7523719552	0.2855045633
0.4884887187	0.5115112813	0.7536940238	0.2850272333
0.4894896997	0.5105103003	0.7550110803	0.2845514355
0.4904906807	0.5095093193	0.7563231343	0.2840771627
0.4914916617	0.5085083383	0.7576301954	0.2836044078
0.4924926426	0.5075073574	0.7589322732	0.2831331637
0.4934936236	0.5065063764	0.7602293772	0.2826634236
0.4944946046	0.5055053954	0.7615215174	0.2821951804
0.4954955856	0.5045044144	0.7628087034	0.2817284272
0.4964965666	0.5035034334	0.764090945	0.2812631571
0.4974975475	0.5025024525	0.7653682524	0.2807993633
0.4984985285	0.5015014715	0.7666406353	0.2803370391
0.4994995095	0.5005004905	0.7679081037	0.2798761776
0.5005004905	0.4994995095	0.7691706679	0.2794167721
0.5015014715	0.4984985285	0.7704283378	0.278958816
0.5025024525	0.4974975475	0.7716811237	0.2785023026
0.5035034334	0.4964965666	0.7729290358	0.2780472254
0.5045044144	0.4954955856	0.7741720843	0.2775935777
0.5055053954	0.4944946046	0.7754102795	0.2771413531
0.5065063764	0.4934936236	0.7766436319	0.2766905451
0.5075073574	0.4924926426	0.7778721518	0.2762411472
0.5085083383	0.4914916617	0.7790958497	0.2757931531
0.5095093193	0.4904906807	0.780314736	0.2753465564
0.5105103003	0.4894896997	0.7815288213	0.2749013507
0.5115112813	0.4884887187	0.7827381161	0.2744575298
0.5125122623	0.4874877377	0.7839426312	0.2740150874
0.5135132432	0.4864867568	0.785142377	0.2735740172
0.5145142242	0.4854857758	0.7863373644	0.2731343132
0.5155152052	0.4844847948	0.787527604	0.2726959691
0.5165161862	0.4834838138	0.7887131067	0.2722589789
0.5175171672	0.4824828328	0.7898938831	0.2718233365
0.5185181481	0.4814818519	0.7910699442	0.2713890358
0.5195191291	0.4804808709	0.7922413007	0.2709560708
0.5205201101	0.4794798899	0.7934079637	0.2705244357
0.5215210911	0.4784789089	0.7945699439	0.2700941243
0.5225220721	0.4774779279	0.7957272525	0.2696651309
0.5235230531	0.4764769469	0.7968799003	0.2692374496
0.524524034	0.475475966	0.7980278983	0.2688110745
0.525525015	0.474474985	0.7991712577	0.2683859998
0.526525996	0.473474004	0.8003099895	0.2679622198
0.527526977	0.472473023	0.8014441047	0.2675397288
0.528527958	0.471472042	0.8025736145	0.2671185209
0.5295289389	0.4704710611	0.8036985301	0.2666985907
0.5305299199	0.4694700801	0.8048188626	0.2662799324
0.5315309009	0.4684690991	0.8059346232	0.2658625405
0.5325318819	0.4674681181	0.8070458231	0.2654464093
0.5335328629	0.4664671371	0.8081524735	0.2650315334
0.5345338438	0.4654661562	0.8092545858	0.2646179072
0.5355348248	0.4644651752	0.8103521711	0.2642055252
0.5365358058	0.4634641942	0.8114452408	0.263794382
0.5375367868	0.4624632132	0.8125338061	0.2633844723
0.5385377678	0.4614622322	0.8136178785	0.2629757905
0.5395387487	0.4604612513	0.8146974692	0.2625683314
0.5405397297	0.4594602703	0.8157725897	0.2621620897
0.5415407107	0.4584592893	0.8168432512	0.2617570599
0.5425416917	0.4574583083	0.8179094652	0.261353237
0.5435426727	0.4564573273	0.8189712432	0.2609506156
0.5445436537	0.4554563463	0.8200285964	0.2605491906
0.5455446346	0.4544553654	0.8210815363	0.2601489567
0.5465456156	0.4534543844	0.8221300745	0.2597499089
0.5475465966	0.4524534034	0.8231742223	0.259352042
0.5485475776	0.4514524224	0.8242139912	0.2589553509
0.5495485586	0.4504514414	0.8252493926	0.2585598306
0.5505495395	0.4494504605	0.8262804382	0.258165476
0.5515505205	0.4484494795	0.8273071393	0.2577722821
0.5525515015	0.4474484985	0.8283295075	0.257380244
0.5535524825	0.4464475175	0.8293475542	0.2569893567
0.5545534635	0.4454465365	0.8303612911	0.2565996153
0.5555544444	0.4444455556	0.8313707296	0.2562110149
0.5565554254	0.4434445746	0.8323758813	0.2558235507
0.5575564064	0.4424435936	0.8333767576	0.2554372177
0.5585573874	0.4414426126	0.8343733702	0.2550520112
0.5595583684	0.4404416316	0.8353657306	0.2546679264
0.5605593493	0.4394406507	0.8363538503	0.2542849586
0.5615603303	0.4384396697	0.8373377409	0.253903103
0.5625613113	0.4374386887	0.8383174139	0.2535223548
0.5635622923	0.4364377077	0.839292881	0.2531427095
0.5645632733	0.4354367267	0.8402641536	0.2527641624
0.5655642543	0.4344357457	0.8412312434	0.2523867088
0.5665652352	0.4334347648	0.8421941619	0.2520103441
0.5675662162	0.4324337838	0.8431529206	0.2516350638
0.5685671972	0.4314328028	0.8441075311	0.2512608633
0.5695681782	0.4304318218	0.8450580051	0.250887738
0.5705691592	0.4294308408	0.846004354	0.2505156836
0.5715701401	0.4284298599	0.8469465894	0.2501446954
0.5725711211	0.4274288789	0.8478847229	0.249774769
0.5735721021	0.4264278979	0.848818766	0.2494059001
0.5745730831	0.4254269169	0.8497487303	0.2490380841
0.5755740641	0.4244259359	0.8506746274	0.2486713168
0.576575045	0.423424955	0.8515964687	0.2483055937
0.577576026	0.422423974	0.8525142659	0.2479409105
0.578577007	0.421422993	0.8534280304	0.247577263
0.579577988	0.420422012	0.8543377738	0.2472146467
0.580578969	0.419421031	0.8552435077	0.2468530575
0.5815799499	0.4184200501	0.8561452436	0.2464924911
0.5825809309	0.4174190691	0.8570429929	0.2461329433
0.5835819119	0.4164180881	0.8579367672	0.2457744099
0.5845828929	0.4154171071	0.858826578	0.2454168867
0.5855838739	0.4144161261	0.8597124369	0.2450603695
0.5865848549	0.4134151451	0.8605943552	0.2447048543
0.5875858358	0.4124141642	0.8614723444	0.2443503369
0.5885868168	0.4114131832	0.8623464161	0.2439968132
0.5895877978	0.4104122022	0.8632165818	0.2436442792
0.5905887788	0.4094112212	0.8640828528	0.2432927309
0.5915897598	0.4084102402	0.8649452406	0.2429421641
0.5925907407	0.4074092593	0.8658037566	0.2425925749
0.5935917217	0.4064082783	0.8666584124	0.2422439594
0.5945927027	0.4054072973	0.8675092192	0.2418963135
0.5955936837	0.4044063163	0.8683561886	0.2415496333
0.5965946647	0.4034053353	0.8691993319	0.241203915
0.5975956456	0.4024043544	0.8700386604	0.2408591545
0.5985966266	0.4014033734	0.8708741857	0.2405153481
0.5995976076	0.4004023924	0.871705919	0.2401724919
0.6005985886	0.3994014114	0.8725338716	0.2398305821
0.6015995696	0.3984004304	0.873358055	0.2394896148
0.6026005506	0.3973994494	0.8741784805	0.2391495862
0.6036015315	0.3963984685	0.8749951593	0.2388104926
0.6046025125	0.3953974875	0.8758081028	0.2384723302
0.6056034935	0.3943965065	0.8766173222	0.2381350952
0.6066044745	0.3933955255	0.8774228289	0.2377987841
0.6076054555	0.3923945445	0.878224634	0.237463393
0.6086064364	0.3913935636	0.8790227489	0.2371289182
0.6096074174	0.3903925826	0.8798171848	0.2367953563
0.6106083984	0.3893916016	0.8806079529	0.2364627034
0.6116093794	0.3883906206	0.8813950643	0.2361309559
0.6126103604	0.3873896396	0.8821785303	0.2358001104
0.6136113413	0.3863886587	0.8829583621	0.2354701631
0.6146123223	0.3853876777	0.8837345708	0.2351411106
0.6156133033	0.3843866967	0.8845071675	0.2348129492
0.6166142843	0.3833857157	0.8852761634	0.2344856755
0.6176152653	0.3823847347	0.8860415696	0.2341592859
0.6186162462	0.3813837538	0.8868033971	0.233833777
0.6196172272	0.3803827728	0.8875616571	0.2335091452
0.6206182082	0.3793817918	0.8883163606	0.2331853872
0.6216191892	0.3783808108	0.8890675186	0.2328624994
0.6226201702	0.3773798298	0.8898151423	0.2325404785
0.6236211512	0.3763788488	0.8905592424	0.2322193211
0.6246221321	0.3753778679	0.8912998302	0.2318990238
0.6256231131	0.3743768869	0.8920369165	0.2315795831
0.6266240941	0.3733759059	0.8927705123	0.2312609959
0.6276250751	0.3723749249	0.8935006285	0.2309432586
0.6286260561	0.3713739439	0.8942272761	0.230626368
0.629627037	0.370372963	0.8949504659	0.2303103209
0.630628018	0.369371982	0.8956702088	0.2299951139
0.631628999	0.368371001	0.8963865158	0.2296807437
0.63262998	0.36737002	0.8970993975	0.2293672072
0.633630961	0.366369039	0.8978088649	0.229054501
0.6346319419	0.3653680581	0.8985149288	0.228742622
0.6356329229	0.3643670771	0.8992175999	0.228431567
0.6366339039	0.3633660961	0.899916889	0.2281213327
0.6376348849	0.3623651151	0.9006128068	0.2278119161
0.6386358659	0.3613641341	0.9013053641	0.2275033138
0.6396368468	0.3603631532	0.9019945716	0.227195523
0.6406378278	0.3593621722	0.9026804399	0.2268885403
0.6416388088	0.3583611912	0.9033629798	0.2265823627
0.6426397898	0.3573602102	0.9040422018	0.2262769871
0.6436407708	0.3563592292	0.9047181167	0.2259724104
0.6446417518	0.3553582482	0.9053907349	0.2256686296
0.6456427327	0.3543572673	0.9060600671	0.2253656416
0.6466437137	0.3533562863	0.9067261238	0.2250634434
0.6476446947	0.3523553053	0.9073889156	0.224762032
0.6486456757	0.3513543243	0.908048453	0.2244614044
0.6496466567	0.3503533433	0.9087047464	0.2241615576
0.6506476376	0.3493523624	0.9093578065	0.2238624887
0.6516486186	0.3483513814	0.9100076435	0.2235641946
0.6526495996	0.3473504004	0.910654268	0.2232666724
0.6536505806	0.3463494194	0.9112976903	0.2229699193
0.6546515616	0.3453484384	0.9119379209	0.2226739323
0.6556525425	0.3443474575	0.9125749701	0.2223787084
0.6566535235	0.3433464765	0.9132088483	0.222084245
0.6576545045	0.3423454955	0.9138395657	0.2217905389
0.6586554855	0.3413445145	0.9144671327	0.2214975875
0.6596564665	0.3403435335	0.9150915596	0.2212053879
0.6606574474	0.3393425526	0.9157128565	0.2209139372
0.6616584284	0.3383415716	0.9163310338	0.2206232326
0.6626594094	0.3373405906	0.9169461016	0.2203332714
0.6636603904	0.3363396096	0.9175580702	0.2200440507
0.6646613714	0.3353386286	0.9181669497	0.2197555678
0.6656623524	0.3343376476	0.9187727502	0.21946782
0.6666633333	0.3333366667	0.9193754818	0.2191808044
0.6676643143	0.3323356857	0.9199751547	0.2188945183
0.6686652953	0.3313347047	0.920571779	0.2186089591
0.6696662763	0.3303337237	0.9211653646	0.2183241241
0.6706672573	0.3293327427	0.9217559216	0.2180400104
0.6716682382	0.3283317618	0.92234346	0.2177566156
0.6726692192	0.3273307808	0.9229279898	0.2174739368
0.6736702002	0.3263297998	0.9235095209	0.2171919715
0.6746711812	0.3253288188	0.9240880632	0.216910717
0.6756721622	0.3243278378	0.9246636268	0.2166301707
0.6766731431	0.3233268569	0.9252362214	0.2163503299
0.6776741241	0.3223258759	0.9258058569	0.2160711921
0.6786751051	0.3213248949	0.9263725432	0.2157927547
0.6796760861	0.3203239139	0.92693629	0.2155150152
0.6806770671	0.3193229329	0.9274971072	0.2152379708
0.681678048	0.318321952	0.9280550045	0.2149616192
0.682679029	0.317320971	0.9286099917	0.2146859577
0.68368001	0.31631999	0.9291620785	0.2144109838
0.684680991	0.315319009	0.9297112745	0.214136695
0.685681972	0.314318028	0.9302575895	0.2138630889
0.686682953	0.313317047	0.9308010331	0.2135901629
0.6876839339	0.3123160661	0.9313416149	0.2133179145
0.6886849149	0.3113150851	0.9318793445	0.2130463413
0.6896858959	0.3103141041	0.9324142315	0.2127754408
0.6906868769	0.3093131231	0.9329462854	0.2125052106
0.6916878579	0.3083121421	0.9334755158	0.2122356482
0.6926888388	0.3073111612	0.9340019322	0.2119667513
0.6936898198	0.3063101802	0.9345255439	0.2116985174
0.6946908008	0.3053091992	0.9350463606	0.2114309441
0.6956917818	0.3043082182	0.9355643916	0.211164029
0.6966927628	0.3033072372	0.9360796463	0.2108977698
0.6976937437	0.3023062563	0.9365921341	0.2106321641
0.6986947247	0.3013052753	0.9371018644	0.2103672095
0.6996957057	0.3003042943	0.9376088464	0.2101029037
0.7006966867	0.2993033133	0.9381130895	0.2098392444
0.7016976677	0.2983023323	0.938614603	0.2095762293
0.7026986486	0.2973013514	0.9391133962	0.209313856
0.7036996296	0.2963003704	0.9396094781	0.2090521222
0.7047006106	0.2952993894	0.9401028582	0.2087910257
0.7057015916	0.2942984084	0.9405935455	0.2085305641
0.7067025726	0.2932974274	0.9410815491	0.2082707353
0.7077035536	0.2922964464	0.9415668784	0.208011537
0.7087045345	0.2912954655	0.9420495423	0.2077529668
0.7097055155	0.2902944845	0.9425295499	0.2074950227
0.7107064965	0.2892935035	0.9430069103	0.2072377023
0.7117074775	0.2882925225	0.9434816325	0.2069810034
0.7127084585	0.2872915415	0.9439537256	0.2067249239
0.7137094394	0.2862905606	0.9444231985	0.2064694615
0.7147104204	0.2852895796	0.9448900601	0.2062146141
0.7157114014	0.2842885986	0.9453543195	0.2059603795
0.7167123824	0.2832876176	0.9458159856	0.2057067555
0.7177133634	0.2822866366	0.9462750671	0.20545374
0.7187143443	0.2812856557	0.9467315731	0.2052013309
0.7197153253	0.2802846747	0.9471855122	0.2049495259
0.7207163063	0.2792836937	0.9476368934	0.204698323
0.7217172873	0.2782827127	0.9480857255	0.2044477201
0.7227182683	0.2772817317	0.9485320171	0.204197715
0.7237192492	0.2762807508	0.948975777	0.2039483058
0.7247202302	0.2752797698	0.949417014	0.2036994901
0.7257212112	0.2742787888	0.9498557368	0.2034512662
0.7267221922	0.2732778078	0.9502919539	0.2032036317
0.7277231732	0.2722768268	0.9507256741	0.2029565847
0.7287241542	0.2712758458	0.9511569059	0.2027101232
0.7297251351	0.2702748649	0.951585658	0.2024642451
0.7307261161	0.2692738839	0.9520119389	0.2022189483
0.7317270971	0.2682729029	0.9524357572	0.201974231
0.7327280781	0.2672719219	0.9528571214	0.2017300909
0.7337290591	0.2662709409	0.95327604	0.2014865262
0.73473004	0.26526996	0.9536925214	0.2012435349
0.735731021	0.264268979	0.9541065741	0.2010011149
0.736732002	0.263267998	0.9545182065	0.2007592644
0.737732983	0.262267017	0.954927427	0.2005179813
0.738733964	0.261266036	0.955334244	0.2002772636
0.7397349449	0.2602650551	0.9557386659	0.2000371095
0.7407359259	0.2592640741	0.9561407009	0.199797517
0.7417369069	0.2582630931	0.9565403573	0.1995584842
0.7427378879	0.2572621121	0.9569376435	0.1993200091
0.7437388689	0.2562611311	0.9573325677	0.1990820898
0.7447398498	0.2552601502	0.9577251381	0.1988447245
0.7457408308	0.2542591692	0.9581153629	0.1986079112
0.7467418118	0.2532581882	0.9585032503	0.1983716481
0.7477427928	0.2522572072	0.9588888084	0.1981359332
0.7487437738	0.2512562262	0.9592720454	0.1979007647
0.7497447548	0.2502552452	0.9596529694	0.1976661408
0.7507457357	0.2492542643	0.9600315884	0.1974320596
0.7517467167	0.2482532833	0.9604079106	0.1971985192
0.7527476977	0.2472523023	0.9607819439	0.1969655178
0.7537486787	0.2462513213	0.9611536963	0.1967330536
0.7547496597	0.2452503403	0.961523176	0.1965011248
0.7557506406	0.2442493594	0.9618903907	0.1962697295
0.7567516216	0.2432483784	0.9622553484	0.1960388659
0.7577526026	0.2422473974	0.9626180571	0.1958085324
0.7587535836	0.2412464164	0.9629785247	0.1955787269
0.7597545646	0.2402454354	0.963336759	0.1953494479
0.7607555455	0.2392444545	0.9636927678	0.1951206934
0.7617565265	0.2382434735	0.964046559	0.1948924618
0.7627575075	0.2372424925	0.9643981403	0.1946647513
0.7637584885	0.2362415115	0.9647475196	0.1944375601
0.7647594695	0.2352405305	0.9650947046	0.1942108865
0.7657604505	0.2342395495	0.9654397029	0.1939847288
0.7667614314	0.2332385686	0.9657825224	0.1937590852
0.7677624124	0.2322375876	0.9661231707	0.1935339541
0.7687633934	0.2312366066	0.9664616554	0.1933093336
0.7697643744	0.2302356256	0.9667979841	0.1930852222
0.7707653554	0.2292346446	0.9671321646	0.192861618
0.7717663363	0.2282336637	0.9674642042	0.1926385195
0.7727673173	0.2272326827	0.9677941107	0.1924159249
0.7737682983	0.2262317017	0.9681218915	0.1921938326
0.7747692793	0.2252307207	0.9684475542	0.1919722409
0.7757702603	0.2242297397	0.9687711062	0.1917511481
0.7767712412	0.2232287588	0.9690925551	0.1915305526
0.7777722222	0.2222277778	0.9694119081	0.1913104528
0.7787732032	0.2212267968	0.9697291729	0.1910908469
0.7797741842	0.2202258158	0.9700443567	0.1908717335
0.7807751652	0.2192248348	0.970357467	0.1906531107
0.7817761461	0.2182238539	0.970668511	0.1904349772
0.7827771271	0.2172228729	0.9709774962	0.1902173311
0.7837781081	0.2162218919	0.9712844298	0.190000171
0.7847790891	0.2152209109	0.9715893191	0.1897834951
0.7857800701	0.2142199299	0.9718921713	0.189567302
0.7867810511	0.2132189489	0.9721929937	0.1893515901
0.787782032	0.212217968	0.9724917936	0.1891363578
0.788783013	0.211216987	0.972788578	0.1889216034
0.789783994	0.210216006	0.9730833542	0.1887073255
0.790784975	0.209215025	0.9733761294	0.1884935225
0.791785956	0.208214044	0.9736669105	0.1882801929
0.7927869369	0.2072130631	0.9739557048	0.188067335
0.7937879179	0.2062120821	0.9742425193	0.1878549474
0.7947888989	0.2052111011	0.974527361	0.1876430286
0.7957898799	0.2042101201	0.9748102371	0.187431577
0.7967908609	0.2032091391	0.9750911544	0.187220591
0.7977918418	0.2022081582	0.9753701201	0.1870100693
0.7987928228	0.2012071772	0.9756471409	0.1868000102
0.7997938038	0.2002061962	0.975922224	0.1865904124
0.8007947848	0.1992052152	0.9761953762	0.1863812742
0.8017957658	0.1982042342	0.9764666045	0.1861725943
0.8027967467	0.1972032533	0.9767359156	0.1859643711
0.8037977277	0.1962022723	0.9770033164	0.1857566031
0.8047987087	0.1952012913	0.9772688139	0.185549289
0.8057996897	0.1942003103	0.9775324147	0.1853424272
0.8068006707	0.1931993293	0.9777941257	0.1851360163
0.8078016517	0.1921983483	0.9780539537	0.1849300549
0.8088026326	0.1911973674	0.9783119053	0.1847245415
0.8098036136	0.1901963864	0.9785679874	0.1845194746
0.8108045946	0.1891954054	0.9788222066	0.1843148529
0.8118055756	0.1881944244	0.9790745695	0.1841106749
0.8128065566	0.1871934434	0.9793250829	0.1839069392
0.8138075375	0.1861924625	0.9795737535	0.1837036443
0.8148085185	0.1851914815	0.9798205877	0.183500789
0.8158094995	0.1841905005	0.9800655922	0.1832983718
0.8168104805	0.1831895195	0.9803087735	0.1830963912
0.8178114615	0.1821885385	0.9805501383	0.182894846
0.8188124424	0.1811875576	0.9807896931	0.1826937347
0.8198134234	0.1801865766	0.9810274443	0.182493056
0.8208144044	0.1791855956	0.9812633984	0.1822928084
0.8218153854	0.1781846146	0.981497562	0.1820929906
0.8228163664	0.1771836336	0.9817299414	0.1818936013
0.8238173473	0.1761826527	0.981960543	0.1816946391
0.8248183283	0.1751816717	0.9821893734	0.1814961027
0.8258193093	0.1741806907	0.9824164388	0.1812979907
0.8268202903	0.1731797097	0.9826417457	0.1811003018
0.8278212713	0.1721787287	0.9828653003	0.1809030346
0.8288222523	0.1711777477	0.983087109	0.1807061878
0.8298232332	0.1701767668	0.983307178	0.1805097602
0.8308242142	0.1691757858	0.9835255138	0.1803137503
0.8318251952	0.1681748048	0.9837421224	0.1801181569
0.8328261762	0.1671738238	0.9839570102	0.1799229787
0.8338271572	0.1661728428	0.9841701834	0.1797282144
0.8348281381	0.1651718619	0.9843816481	0.1795338627
0.8358291191	0.1641708809	0.9845914105	0.1793399223
0.8368301001	0.1631698999	0.9847994769	0.1791463919
0.8378310811	0.1621689189	0.9850058533	0.1789532702
0.8388320621	0.1611679379	0.9852105458	0.178760556
0.839833043	0.160166957	0.9854135605	0.178568248
0.840834024	0.159165976	0.9856149036	0.1783763449
0.841835005	0.158164995	0.985814581	0.1781848455
0.842835986	0.157164014	0.9860125988	0.1779937486
0.843836967	0.156163033	0.986208963	0.1778030529
0.8448379479	0.1551620521	0.9864036796	0.177612757
0.8458389289	0.1541610711	0.9865967546	0.1774228599
0.8468399099	0.1531600901	0.9867881939	0.1772333603
0.8478408909	0.1521591091	0.9869780035	0.177044257
0.8488418719	0.1511581281	0.9871661892	0.1768555486
0.8498428529	0.1501571471	0.987352757	0.1766672341
0.8508438338	0.1491561662	0.9875377128	0.1764793122
0.8518448148	0.1481551852	0.9877210623	0.1762917817
0.8528457958	0.1471542042	0.9879028115	0.1761046414
0.8538467768	0.1461532232	0.9880829662	0.1759178901
0.8548477578	0.1451522422	0.988261532	0.1757315266
0.8558487387	0.1441512613	0.9884385149	0.1755455497
0.8568497197	0.1431502803	0.9886139206	0.1753599583
0.8578507007	0.1421492993	0.9887877548	0.1751747511
0.8588516817	0.1411483183	0.9889600233	0.174989927
0.8598526627	0.1401473373	0.9891307316	0.1748054849
0.8608536436	0.1391463564	0.9892998856	0.1746214235
0.8618546246	0.1381453754	0.9894674909	0.1744377417
0.8628556056	0.1371443944	0.9896335531	0.1742544383
0.8638565866	0.1361434134	0.9897980779	0.1740715123
0.8648575676	0.1351424324	0.9899610708	0.1738889624
0.8658585485	0.1341414515	0.9901225374	0.1737067875
0.8668595295	0.1331404705	0.9902824834	0.1735249865
0.8678605105	0.1321394895	0.9904409142	0.1733435582
0.8688614915	0.1311385085	0.9905978354	0.1731625016
0.8698624725	0.1301375275	0.9907532525	0.1729818154
0.8708634535	0.1291365465	0.990907171	0.1728014986
0.8718644344	0.1281355656	0.9910595963	0.1726215501
0.8728654154	0.1271345846	0.991210534	0.1724419688
0.8738663964	0.1261336036	0.9913599894	0.1722627535
0.8748673774	0.1251326226	0.991507968	0.1720839031
0.8758683584	0.1241316416	0.9916544751	0.1719054166
0.8768693393	0.1231306607	0.9917995163	0.1717272929
0.8778703203	0.1221296797	0.9919430967	0.1715495308
0.8788713013	0.1211286987	0.9920852218	0.1713721294
0.8798722823	0.1201277177	0.9922258969	0.1711950874
0.8808732633	0.1191267367	0.9923651273	0.1710184039
0.8818742442	0.1181257558	0.9925029183	0.1708420778
0.8828752252	0.1171247748	0.9926392752	0.1706661079
0.8838762062	0.1161237938	0.9927742032	0.1704904933
0.8848771872	0.1151228128	0.9929077076	0.1703152329
0.8858781682	0.1141218318	0.9930397936	0.1701403257
0.8868791491	0.1131208509	0.9931704663	0.1699657705
0.8878801301	0.1121198699	0.993299731	0.1697915663
0.8888811111	0.1111188889	0.9934275929	0.1696177122
0.8898820921	0.1101179079	0.993554057	0.169444207
0.8908830731	0.1091169269	0.9936791285	0.1692710497
0.8918840541	0.1081159459	0.9938028126	0.1690982393
0.892885035	0.107114965	0.9939251144	0.1689257748
0.893886016	0.106113984	0.9940460388	0.1687536551
0.894886997	0.105113003	0.994165591	0.1685818793
0.895887978	0.104112022	0.994283776	0.1684104463
0.896888959	0.103111041	0.9944005989	0.1682393551
0.8978899399	0.1021100601	0.9945160646	0.1680686047
0.8988909209	0.1011090791	0.9946301782	0.1678981941
0.8998919019	0.1001080981	0.9947429446	0.1677281223
0.9008928829	0.09910711712	0.9948543688	0.1675583883
0.9018938639	0.09810613614	0.9949644557	0.1673889911
0.9028948448	0.09710515516	0.9950732103	0.1672199298
0.9038958258	0.09610417417	0.9951806374	0.1670512033
0.9048968068	0.09510319319	0.995286742	0.1668828107
0.9058977878	0.09410221221	0.9953915289	0.166714751
0.9068987688	0.09310123123	0.995495003	0.1665470232
0.9078997497	0.09210025025	0.9955971692	0.1663796264
0.9089007307	0.09109926927	0.9956980321	0.1662125596
0.9099017117	0.09009828829	0.9957975968	0.1660458218
0.9109026927	0.08909730731	0.9958958679	0.1658794121
0.9119036737	0.08809632633	0.9959928502	0.1657133295
0.9129046547	0.08709534535	0.9960885486	0.1655475731
0.9139056356	0.08609436436	0.9961829676	0.165382142
0.9149066166	0.08509338338	0.9962761122	0.1652170351
0.9159075976	0.0840924024	0.9963679869	0.1650522516
0.9169085786	0.08309142142	0.9964585964	0.1648877905
0.9179095596	0.08209044044	0.9965479455	0.1647236509
0.9189105405	0.08108945946	0.9966360388	0.1645598318
0.9199115215	0.08008847848	0.996722881	0.1643963324
0.9209125025	0.0790874975	0.9968084766	0.1642331517
0.9219134835	0.07808651652	0.9968928304	0.1640702888
0.9229144645	0.07708553554	0.9969759468	0.1639077428
0.9239154454	0.07608455455	0.9970578305	0.1637455127
0.9249164264	0.07508357357	0.997138486	0.1635835977
0.9259174074	0.07408259259	0.997217918	0.1634219969
0.9269183884	0.07308161161	0.9972961308	0.1632607094
0.9279193694	0.07208063063	0.9973731292	0.1630997342
0.9289203504	0.07107964965	0.9974489174	0.1629390705
0.9299213313	0.07007866867	0.9975235001	0.1627787174
0.9309223123	0.06907768769	0.9975968817	0.1626186739
0.9319232933	0.06807670671	0.9976690667	0.1624589393
0.9329242743	0.06707572573	0.9977400595	0.1622995126
0.9339252553	0.06607474474	0.9978098645	0.162140393
0.9349262362	0.06507376376	0.9978784862	0.1619815796
0.9359272172	0.06407278278	0.9979459289	0.1618230715
0.9369281982	0.0630718018	0.998012197	0.1616648678
0.9379291792	0.06207082082	0.9980772949	0.1615069677
0.9389301602	0.06106983984	0.998141227	0.1613493704
0.9399311411	0.06006885886	0.9982039975	0.1611920749
0.9409321221	0.05906787788	0.9982656109	0.1610350804
0.9419331031	0.0580668969	0.9983260713	0.1608783861
0.9429340841	0.05706591592	0.9983853831	0.1607219911
0.9439350651	0.05606493493	0.9984435506	0.1605658946
0.944936046	0.05506395395	0.9985005781	0.1604100957
0.945937027	0.05406297297	0.9985564697	0.1602545936
0.946938008	0.05306199199	0.9986112297	0.1600993875
0.947938989	0.05206101101	0.9986648623	0.1599444765
0.94893997	0.05106003003	0.9987173718	0.1597898598
0.949940951	0.05005904905	0.9987687622	0.1596355365
0.9509419319	0.04905806807	0.9988190379	0.159481506
0.9519429129	0.04805708709	0.9988682029	0.1593277672
0.9529438939	0.04705610611	0.9989162614	0.1591743194
0.9539448749	0.04605512513	0.9989632175	0.1590211619
0.9549458559	0.04505414414	0.9990090753	0.1588682937
0.9559468368	0.04405316316	0.999053839	0.1587157141
0.9569478178	0.04305218218	0.9990975126	0.1585634223
0.9579487988	0.0420512012	0.9991401001	0.1584114175
0.9589497798	0.04105022022	0.9991816058	0.1582596988
0.9599507608	0.04004923924	0.9992220335	0.1581082656
0.9609517417	0.03904825826	0.9992613874	0.1579571169
0.9619527227	0.03804727728	0.9992996714	0.157806252
0.9629537037	0.0370462963	0.9993368895	0.1576556701
0.9639546847	0.03604531532	0.9993730458	0.1575053704
0.9649556657	0.03504433433	0.9994081442	0.1573553522
0.9659566466	0.03404335335	0.9994421887	0.1572056147
0.9669576276	0.03304237237	0.9994751831	0.157056157
0.9679586086	0.03204139139	0.9995071316	0.1569069784
0.9689595896	0.03104041041	0.9995380379	0.1567580782
0.9699605706	0.03003942943	0.9995679059	0.1566094556
0.9709615516	0.02903844845	0.9995967397	0.1564611098
0.9719625325	0.02803746747	0.9996245429	0.15631304
0.9729635135	0.02703648649	0.9996513196	0.1561652456
0.9739644945	0.02603550551	0.9996770736	0.1560177256
0.9749654755	0.02503452452	0.9997018086	0.1558704795
0.9759664565	0.02403354354	0.9997255286	0.1557235064
0.9769674374	0.02303256256	0.9997482373	0.1555768055
0.9779684184	0.02203158158	0.9997699386	0.1554303762
0.9789693994	0.0210306006	0.9997906361	0.1552842177
0.9799703804	0.02002961962	0.9998103338	0.1551383293
0.9809713614	0.01902863864	0.9998290353	0.1549927102
0.9819723423	0.01802765766	0.9998467444	0.1548473596
0.9829733233	0.01702667668	0.9998634649	0.1547022769
0.9839743043	0.0160256957	0.9998792003	0.1545574614
0.9849752853	0.01502471471	0.9998939546	0.1544129122
0.9859762663	0.01402373373	0.9999077313	0.1542686287
0.9869772472	0.01302275275	0.9999205341	0.1541246101
0.9879782282	0.01202177177	0.9999323667	0.1539808558
0.9889792092	0.01102079079	0.9999432328	0.153837365
0.9899801902	0.01001980981	0.9999531359	0.153694137
0.9909811712	0.009018828829	0.9999620798	0.1535511711
0.9919821522	0.008017847848	0.999970068	0.1534084665
0.9929831331	0.007016866867	0.9999771042	0.1532660226
0.9939841141	0.006015885886	0.9999831919	0.1531238387
0.9949850951	0.005014904905	0.9999883347	0.1529819141
0.9959860761	0.004013923924	0.9999925362	0.152840248
0.9969870571	0.003012942943	0.9999958	0.1526988398
0.997988038	0.002011961962	0.9999981295	0.1525576888
0.998989019	0.001010980981	0.9999995283	0.1524167943
0.99999	1e-05	1	0.1522761556
