1e-05	0.99999	80.5203376	1.000000011
0.001010980981	0.998989019	64.54263714	1.000112141
0.002011961962	0.997988038	52.25942794	1.000430988
0.003012942943	0.9969870571	42.71913013	1.000938295
0.004013923924	0.9959860761	35.23696252	1.001617341
0.005014904905	0.9949850951	29.31471471	1.0024528
0.006015885886	0.9939841141	24.58612407	1.003430597
0.007016866867	0.9929831331	20.77925222	1.004537795
0.008017847848	0.9919821522	17.69028249	1.005762486
0.009018828829	0.9909811712	15.16507815	1.007093698
0.01001980981	0.9899801902	13.08607171	1.008521309
0.01102079079	0.9889792092	11.36285409	1.010035974
0.01202177177	0.9879782282	9.925357368	1.011629057
0.01302275275	0.9869772472	8.718872828	1.013292571
0.01402373373	0.9859762663	7.700379356	1.015019122
0.01502471471	0.9849752853	6.835815816	1.016801861
0.0160256957	0.9839743043	6.098038957	1.018634438
0.01702667668	0.9829733233	5.465283241	1.020510966
0.01802765766	0.9819723423	4.919990935	1.022425982
0.01902863864	0.9809713614	4.447917416	1.024374412
0.02002961962	0.9799703804	4.037442429	1.026351545
0.0210306006	0.9789693994	3.679036566	1.028353004
0.02203158158	0.9779684184	3.364845475	1.030374719
0.02303256256	0.9769674374	3.08836393	1.03241291
0.02403354354	0.9759664565	2.844178905	1.034464059
0.02503452452	0.9749654755	2.62776596	1.036524897
0.02603550551	0.9739644945	2.435327024	1.038592382
0.02703648649	0.9729635135	2.26366052	1.040663686
0.02803746747	0.9719625325	2.110056878	1.04273618
0.02903844845	0.9709615516	1.972214077	1.044807417
0.03003942943	0.9699605706	1.848169082	1.046875126
0.03104041041	0.9689595896	1.736241923	1.048937192
0.03204139139	0.9679586086	1.634989911	1.050991654
0.03304237237	0.9669576276	1.543169997	1.053036688
0.03404335335	0.9659566466	1.459707694	1.055070602
0.03504433433	0.9649556657	1.383671338	1.057091827
0.03604531532	0.9639546847	1.314250675	1.059098907
0.0370462963	0.9629537037	1.250738998	1.061090494
0.03804727728	0.9619527227	1.192518185	1.06306534
0.03904825826	0.9609517417	1.139046127	1.065022292
0.04004923924	0.9599507608	1.089846137	1.066960284
0.04105022022	0.9589497798	1.044497986	1.068878333
0.0420512012	0.9579487988	1.002630306	1.070775534
0.04305218218	0.9569478178	0.9639141322	1.072651055
0.04405316316	0.9559468368	0.9280573824	1.074504131
0.04505414414	0.9549458559	0.8948001467	1.076334062
0.04605512513	0.9539448749	0.8639106406	1.078140209
0.04705610611	0.9529438939	0.8351817275	1.079921989
0.04805708709	0.9519429129	0.8084279198	1.081678871
0.04905806807	0.9509419319	0.7834827879	1.083410377
0.05005904905	0.949940951	0.7601967149	1.085116072
0.05106003003	0.94893997	0.7384349471	1.086795569
0.05206101101	0.947938989	0.7180758979	1.088448521
0.05306199199	0.946938008	0.6990096678	1.090074619
0.05406297297	0.945937027	0.6811367509	1.091673593
0.05506395395	0.944936046	0.6643669022	1.093245205
0.05606493493	0.9439350651	0.6486181431	1.094789251
0.05706591592	0.9429340841	0.6338158868	1.096305558
0.0580668969	0.9419331031	0.6198921681	1.097793981
0.05906787788	0.9409321221	0.6067849631	1.099254401
0.06006885886	0.9399311411	0.5944375872	1.100686726
0.06106983984	0.9389301602	0.5827981629	1.102090887
0.06207082082	0.9379291792	0.5718191461	1.103466837
0.0630718018	0.9369281982	0.5614569058	1.104814551
0.06407278278	0.9359272172	0.5516713495	1.106134024
0.06507376376	0.9349262362	0.5424255896	1.107425268
0.06607474474	0.9339252553	0.5336856442	1.108688312
0.06707572573	0.9329242743	0.5254201708	1.109923205
0.06807670671	0.9319232933	0.5176002269	1.111130007
0.06907768769	0.9309223123	0.5101990549	1.112308794
0.07007866867	0.9299213313	0.5031918896	1.113459655
0.07107964965	0.9289203504	0.4965557844	1.114582694
0.07208063063	0.9279193694	0.4902694549	1.115678023
0.07308161161	0.9269183884	0.4843131374	1.116745767
0.07408259259	0.9259174074	0.4786684617	1.117786061
0.07508357357	0.9249164264	0.4733183354	1.118799049
0.07608455455	0.9239154454	0.4682468394	1.119784885
0.07708553554	0.9229144645	0.4634391332	1.120743729
0.07808651652	0.9219134835	0.4588813686	1.121675752
0.0790874975	0.9209125025	0.4545606114	1.122581129
0.08008847848	0.9199115215	0.4504647703	1.123460044
0.08108945946	0.9189105405	0.4465825318	1.124312686
0.08209044044	0.9179095596	0.4429033012	1.125139248
0.08309142142	0.9169085786	0.4394171482	1.125939932
0.0840924024	0.9159075976	0.4361147579	1.126714941
0.08509338338	0.9149066166	0.432987385	1.127464485
0.08609436436	0.9139056356	0.4300268128	1.128188777
0.08709534535	0.9129046547	0.4272253151	1.128888033
0.08809632633	0.9119036737	0.4245756213	1.129562473
0.08909730731	0.9109026927	0.4220708842	1.130212321
0.09009828829	0.9099017117	0.4197046509	1.130837803
0.09109926927	0.9089007307	0.4174708353	1.131439145
0.09210025025	0.9078997497	0.4153636934	1.132016579
0.09310123123	0.9068987688	0.4133778002	1.132570336
0.09410221221	0.9058977878	0.4115080284	1.13310065
0.09510319319	0.9048968068	0.4097495289	1.133607757
0.09610417417	0.9038958258	0.4080977123	1.134091893
0.09710515516	0.9028948448	0.4065482326	1.134553295
0.09810613614	0.9018938639	0.4050969714	1.134992202
0.09910711712	0.9008928829	0.4037400235	1.135408851
0.1001080981	0.8998919019	0.4024736838	1.135803483
0.1011090791	0.8988909209	0.4012944343	1.136176337
0.1021100601	0.8978899399	0.4001989335	1.136527653
0.103111041	0.896888959	0.3991840048	1.136857669
0.104112022	0.895887978	0.3982466271	1.137166626
0.105113003	0.894886997	0.3973839256	1.137454764
0.106113984	0.893886016	0.3965931627	1.13772232
0.107114965	0.892885035	0.3958717305	1.137969533
0.1081159459	0.8918840541	0.3952171429	1.138196641
0.1091169269	0.8908830731	0.394627029	1.138403881
0.1101179079	0.8898820921	0.3940991262	1.138591488
0.1111188889	0.8888811111	0.3936312742	1.138759699
0.1121198699	0.8878801301	0.3932214095	1.138908748
0.1131208509	0.8868791491	0.39286756	1.139038868
0.1141218318	0.8858781682	0.3925678396	1.13915029
0.1151228128	0.8848771872	0.3923204443	1.139243247
0.1161237938	0.8838762062	0.3921236471	1.139317967
0.1171247748	0.8828752252	0.3919757941	1.139374679
0.1181257558	0.8818742442	0.391875301	1.139413609
0.1191267367	0.8808732633	0.3918206489	1.139434984
0.1201277177	0.8798722823	0.3918103814	1.139439028
0.1211286987	0.8788713013	0.3918431011	1.139425963
0.1221296797	0.8778703203	0.3919174667	1.139396009
0.1231306607	0.8768693393	0.3920321902	1.139349387
0.1241316416	0.8758683584	0.3921860341	1.139286314
0.1251326226	0.8748673774	0.3923778091	1.139207006
0.1261336036	0.8738663964	0.3926063717	1.139111678
0.1271345846	0.8728654154	0.3928706218	1.139000542
0.1281355656	0.8718644344	0.3931695007	1.138873809
0.1291365465	0.8708634535	0.3935019893	1.138731689
0.1301375275	0.8698624725	0.3938671059	1.138574388
0.1311385085	0.8688614915	0.3942639047	1.138402112
0.1321394895	0.8678605105	0.3946914739	1.138215065
0.1331404705	0.8668595295	0.3951489345	1.138013448
0.1341414515	0.8658585485	0.3956354384	1.137797463
0.1351424324	0.8648575676	0.3961501671	1.137567306
0.1361434134	0.8638565866	0.3966923306	1.137323175
0.1371443944	0.8628556056	0.3972611658	1.137065264
0.1381453754	0.8618546246	0.3978559357	1.136793765
0.1391463564	0.8608536436	0.3984759277	1.136508869
0.1401473373	0.8598526627	0.399120453	1.136210764
0.1411483183	0.8588516817	0.3997888456	1.135899638
0.1421492993	0.8578507007	0.400480461	1.135575676
0.1431502803	0.8568497197	0.4011946753	1.135239061
0.1441512613	0.8558487387	0.4019308847	1.134889974
0.1451522422	0.8548477578	0.4026885044	1.134528594
0.1461532232	0.8538467768	0.4034669677	1.134155098
0.1471542042	0.8528457958	0.4042657258	1.133769663
0.1481551852	0.8518448148	0.4050842461	1.133372462
0.1491561662	0.8508438338	0.4059220127	1.132963667
0.1501571471	0.8498428529	0.4067785247	1.132543448
0.1511581281	0.8488418719	0.4076532964	1.132111972
0.1521591091	0.8478408909	0.4085458562	1.131669407
0.1531600901	0.8468399099	0.4094557462	1.131215916
0.1541610711	0.8458389289	0.4103825219	1.130751662
0.1551620521	0.8448379479	0.4113257511	1.130276806
0.156163033	0.843836967	0.4122850142	1.129791506
0.157164014	0.842835986	0.4132599031	1.129295921
0.158164995	0.841835005	0.414250021	1.128790204
0.159165976	0.840834024	0.4152549822	1.128274511
0.160166957	0.839833043	0.4162744111	1.127748991
0.1611679379	0.8388320621	0.4173079425	1.127213796
0.1621689189	0.8378310811	0.4183552209	1.126669074
0.1631698999	0.8368301001	0.4194159	1.126114972
0.1641708809	0.8358291191	0.4204896428	1.125551633
0.1651718619	0.8348281381	0.4215761208	1.124979201
0.1661728428	0.8338271572	0.4226750141	1.124397818
0.1671738238	0.8328261762	0.4237860108	1.123807624
0.1681748048	0.8318251952	0.4249088069	1.123208755
0.1691757858	0.8308242142	0.4260431061	1.12260135
0.1701767668	0.8298232332	0.4271886192	1.121985541
0.1711777477	0.8288222523	0.4283450642	1.121361464
0.1721787287	0.8278212713	0.4295121661	1.120729248
0.1731797097	0.8268202903	0.4306896562	1.120089024
0.1741806907	0.8258193093	0.4318772724	1.119440921
0.1751816717	0.8248183283	0.4330747589	1.118785064
0.1761826527	0.8238173473	0.4342818657	1.11812158
0.1771836336	0.8228163664	0.4354983486	1.117450591
0.1781846146	0.8218153854	0.4367239692	1.116772221
0.1791855956	0.8208144044	0.4379584944	1.116086589
0.1801865766	0.8198134234	0.4392016965	1.115393814
0.1811875576	0.8188124424	0.4404533527	1.114694015
0.1821885385	0.8178114615	0.4417132455	1.113987308
0.1831895195	0.8168104805	0.4429811618	1.113273806
0.1841905005	0.8158094995	0.4442568936	1.112553624
0.1851914815	0.8148085185	0.445540237	1.111826872
0.1861924625	0.8138075375	0.4468309929	1.111093663
0.1871934434	0.8128065566	0.4481289661	1.110354104
0.1881944244	0.8118055756	0.4494339657	1.109608303
0.1891954054	0.8108045946	0.4507458049	1.108856367
0.1901963864	0.8098036136	0.4520643008	1.1080984
0.1911973674	0.8088026326	0.4533892741	1.107334506
0.1921983483	0.8078016517	0.4547205494	1.106564788
0.1931993293	0.8068006707	0.4560579548	1.105789346
0.1942003103	0.8057996897	0.4574013219	1.10500828
0.1952012913	0.8047987087	0.4587504857	1.104221688
0.1962022723	0.8037977277	0.4601052845	1.103429667
0.1972032533	0.8027967467	0.4614655598	1.102632314
0.1982042342	0.8017957658	0.4628311562	1.101829722
0.1992052152	0.8007947848	0.4642019215	1.101021986
0.2002061962	0.7997938038	0.4655777063	1.100209198
0.2012071772	0.7987928228	0.4669583642	1.099391447
0.2022081582	0.7977918418	0.4683437515	1.098568826
0.2032091391	0.7967908609	0.4697337273	1.097741421
0.2042101201	0.7957898799	0.4711281534	1.09690932
0.2052111011	0.7947888989	0.4725268942	1.096072611
0.2062120821	0.7937879179	0.4739298167	1.095231377
0.2072130631	0.7927869369	0.4753367902	1.094385703
0.208214044	0.791785956	0.4767476867	1.093535673
0.209215025	0.790784975	0.4781623802	1.092681367
0.210216006	0.789783994	0.4795807474	1.091822868
0.211216987	0.788783013	0.4810026669	1.090960254
0.212217968	0.787782032	0.4824280198	1.090093604
0.2132189489	0.7867810511	0.483856689	1.089222997
0.2142199299	0.7857800701	0.48528856	1.088348508
0.2152209109	0.7847790891	0.4867235197	1.087470213
0.2162218919	0.7837781081	0.4881614577	1.086588187
0.2172228729	0.7827771271	0.4896022649	1.085702504
0.2182238539	0.7817761461	0.4910458347	1.084813237
0.2192248348	0.7807751652	0.4924920618	1.083920456
0.2202258158	0.7797741842	0.4939408433	1.083024233
0.2212267968	0.7787732032	0.4953920776	1.082124638
0.2222277778	0.7777722222	0.4968456652	1.081221739
0.2232287588	0.7767712412	0.4983015081	1.080315604
0.2242297397	0.7757702603	0.4997595101	1.079406301
0.2252307207	0.7747692793	0.5012195765	1.078493896
0.2262317017	0.7737682983	0.5026816144	1.077578453
0.2272326827	0.7727673173	0.5041455324	1.076660038
0.2282336637	0.7717663363	0.5056112405	1.075738714
0.2292346446	0.7707653554	0.5070786504	1.074814543
0.2302356256	0.7697643744	0.5085476752	1.073887587
0.2312366066	0.7687633934	0.5100182294	1.072957908
0.2322375876	0.7677624124	0.5114902291	1.072025566
0.2332385686	0.7667614314	0.5129635915	1.071090619
0.2342395495	0.7657604505	0.5144382354	1.070153127
0.2352405305	0.7647594695	0.515914081	1.069213147
0.2362415115	0.7637584885	0.5173910495	1.068270736
0.2372424925	0.7627575075	0.5188690636	1.067325951
0.2382434735	0.7617565265	0.5203480473	1.066378846
0.2392444545	0.7607555455	0.5218279257	1.065429478
0.2402454354	0.7597545646	0.5233086253	1.064477899
0.2412464164	0.7587535836	0.5247900735	1.063524163
0.2422473974	0.7577526026	0.5262721992	1.062568322
0.2432483784	0.7567516216	0.5277549323	1.061610429
0.2442493594	0.7557506406	0.5292382037	1.060650533
0.2452503403	0.7547496597	0.5307219456	1.059688687
0.2462513213	0.7537486787	0.5322060913	1.058724939
0.2472523023	0.7527476977	0.5336905749	1.057759338
0.2482532833	0.7517467167	0.5351753319	1.056791933
0.2492542643	0.7507457357	0.5366602987	1.055822771
0.2502552452	0.7497447548	0.5381454125	1.0548519
0.2512562262	0.7487437738	0.5396306119	1.053879366
0.2522572072	0.7477427928	0.541115836	1.052905214
0.2532581882	0.7467418118	0.5426010254	1.05192949
0.2542591692	0.7457408308	0.5440861212	1.050952239
0.2552601502	0.7447398498	0.5455710655	1.049973504
0.2562611311	0.7437388689	0.5470558016	1.048993328
0.2572621121	0.7427378879	0.5485402735	1.048011754
0.2582630931	0.7417369069	0.5500244259	1.047028825
0.2592640741	0.7407359259	0.5515082047	1.046044581
0.2602650551	0.7397349449	0.5529915565	1.045059064
0.261266036	0.738733964	0.5544744288	1.044072314
0.262267017	0.737732983	0.5559567697	1.043084372
0.263267998	0.736732002	0.5574385284	1.042095275
0.264268979	0.735731021	0.5589196548	1.041105064
0.26526996	0.73473004	0.5604000996	1.040113775
0.2662709409	0.7337290591	0.5618798142	1.039121447
0.2672719219	0.7327280781	0.5633587508	1.038128118
0.2682729029	0.7317270971	0.5648368625	1.037133822
0.2692738839	0.7307261161	0.5663141028	1.036138598
0.2702748649	0.7297251351	0.5677904263	1.035142479
0.2712758458	0.7287241542	0.5692657881	1.034145502
0.2722768268	0.7277231732	0.5707401441	1.033147701
0.2732778078	0.7267221922	0.5722134508	1.03214911
0.2742787888	0.7257212112	0.5736856655	1.031149762
0.2752797698	0.7247202302	0.575156746	1.030149692
0.2762807508	0.7237192492	0.5766266509	1.02914893
0.2772817317	0.7227182683	0.5780953395	1.028147511
0.2782827127	0.7217172873	0.5795627717	1.027145465
0.2792836937	0.7207163063	0.5810289079	1.026142824
0.2802846747	0.7197153253	0.5824937093	1.025139619
0.2812856557	0.7187143443	0.5839571377	1.024135881
0.2822866366	0.7177133634	0.5854191554	1.023131638
0.2832876176	0.7167123824	0.5868797253	1.022126921
0.2842885986	0.7157114014	0.588338811	1.02112176
0.2852895796	0.7147104204	0.5897963766	1.020116182
0.2862905606	0.7137094394	0.5912523869	1.019110216
0.2872915415	0.7127084585	0.5927068071	1.018103891
0.2882925225	0.7117074775	0.594159603	1.017097233
0.2892935035	0.7107064965	0.595610741	1.01609027
0.2902944845	0.7097055155	0.5970601881	1.015083029
0.2912954655	0.7087045345	0.5985079115	1.014075536
0.2922964464	0.7077035536	0.5999538794	1.013067817
0.2932974274	0.7067025726	0.6013980602	1.012059897
0.2942984084	0.7057015916	0.602840423	1.011051802
0.2952993894	0.7047006106	0.6042809371	1.010043557
0.2963003704	0.7036996296	0.6057195727	1.009035187
0.2973013514	0.7026986486	0.6071563002	1.008026715
0.2983023323	0.7016976677	0.6085910906	1.007018165
0.2993033133	0.7006966867	0.6100239154	1.006009561
0.3003042943	0.6996957057	0.6114547464	1.005000926
0.3013052753	0.6986947247	0.6128835561	1.003992283
0.3023062563	0.6976937437	0.6143103173	1.002983655
0.3033072372	0.6966927628	0.6157350034	1.001975062
0.3043082182	0.6956917818	0.617157588	1.000966528
0.3053091992	0.6946908008	0.6185780453	0.9999580742
0.3063101802	0.6936898198	0.6199963501	0.9989497211
0.3073111612	0.6926888388	0.6214124772	0.9979414898
0.3083121421	0.6916878579	0.6228264022	0.996933401
0.3093131231	0.6906868769	0.624238101	0.995925475
0.3103141041	0.6896858959	0.6256475498	0.9949177316
0.3113150851	0.6886849149	0.6270547255	0.9939101906
0.3123160661	0.6876839339	0.6284596049	0.9929028715
0.313317047	0.686682953	0.6298621658	0.9918957932
0.314318028	0.685681972	0.6312623859	0.9908889746
0.315319009	0.684680991	0.6326602435	0.9898824342
0.31631999	0.68368001	0.6340557173	0.9888761904
0.317320971	0.682679029	0.6354487864	0.987870261
0.318321952	0.681678048	0.63683943	0.9868646638
0.3193229329	0.6806770671	0.6382276279	0.9858594163
0.3203239139	0.6796760861	0.6396133604	0.9848545357
0.3213248949	0.6786751051	0.6409966078	0.9838500388
0.3223258759	0.6776741241	0.642377351	0.9828459424
0.3233268569	0.6766731431	0.6437555712	0.9818422629
0.3243278378	0.6756721622	0.6451312498	0.9808390165
0.3253288188	0.6746711812	0.6465043688	0.9798362191
0.3263297998	0.6736702002	0.6478749103	0.9788338863
0.3273307808	0.6726692192	0.6492428569	0.9778320337
0.3283317618	0.6716682382	0.6506081913	0.9768306764
0.3293327427	0.6706672573	0.6519708968	0.9758298294
0.3303337237	0.6696662763	0.6533309567	0.9748295076
0.3313347047	0.6686652953	0.654688355	0.9738297253
0.3323356857	0.6676643143	0.6560430757	0.9728304969
0.3333366667	0.6666633333	0.6573951033	0.9718318365
0.3343376476	0.6656623524	0.6587444223	0.9708337579
0.3353386286	0.6646613714	0.6600910179	0.9698362748
0.3363396096	0.6636603904	0.6614348753	0.9688394006
0.3373405906	0.6626594094	0.6627759801	0.9678431486
0.3383415716	0.6616584284	0.6641143181	0.9668475317
0.3393425526	0.6606574474	0.6654498756	0.9658525627
0.3403435335	0.6596564665	0.6667826389	0.9648582543
0.3413445145	0.6586554855	0.6681125948	0.9638646189
0.3423454955	0.6576545045	0.6694397302	0.9628716687
0.3433464765	0.6566535235	0.6707640325	0.9618794156
0.3443474575	0.6556525425	0.672085489	0.9608878716
0.3453484384	0.6546515616	0.6734040875	0.9598970483
0.3463494194	0.6536505806	0.6747198162	0.9589069571
0.3473504004	0.6526495996	0.6760326632	0.9579176093
0.3483513814	0.6516486186	0.6773426172	0.956929016
0.3493523624	0.6506476376	0.6786496668	0.955941188
0.3503533433	0.6496466567	0.6799538012	0.9549541362
0.3513543243	0.6486456757	0.6812550096	0.953967871
0.3523553053	0.6476446947	0.6825532815	0.9529824029
0.3533562863	0.6466437137	0.6838486066	0.9519977421
0.3543572673	0.6456427327	0.685140975	0.9510138986
0.3553582482	0.6446417518	0.6864303769	0.9500308822
0.3563592292	0.6436407708	0.6877168027	0.9490487028
0.3573602102	0.6426397898	0.689000243	0.9480673699
0.3583611912	0.6416388088	0.6902806887	0.9470868928
0.3593621722	0.6406378278	0.691558131	0.9461072808
0.3603631532	0.6396368468	0.6928325612	0.9451285431
0.3613641341	0.6386358659	0.6941039707	0.9441506884
0.3623651151	0.6376348849	0.6953723514	0.9431737256
0.3633660961	0.6366339039	0.6966376953	0.9421976634
0.3643670771	0.6356329229	0.6978999943	0.9412225102
0.3653680581	0.6346319419	0.699159241	0.9402482743
0.366369039	0.633630961	0.7004154279	0.939274964
0.36737002	0.63262998	0.7016685477	0.9383025873
0.368371001	0.631628999	0.7029185935	0.9373311521
0.369371982	0.630628018	0.7041655583	0.9363606662
0.370372963	0.629627037	0.7054094354	0.9353911372
0.3713739439	0.6286260561	0.7066502185	0.9344225727
0.3723749249	0.6276250751	0.7078879013	0.9334549799
0.3733759059	0.6266240941	0.7091224775	0.9324883663
0.3743768869	0.6256231131	0.7103539414	0.9315227388
0.3753778679	0.6246221321	0.7115822871	0.9305581045
0.3763788488	0.6236211512	0.7128075092	0.9295944702
0.3773798298	0.6226201702	0.7140296021	0.9286318427
0.3783808108	0.6216191892	0.7152485608	0.9276702285
0.3793817918	0.6206182082	0.71646438	0.9267096342
0.3803827728	0.6196172272	0.7176770551	0.9257500661
0.3813837538	0.6186162462	0.7188865812	0.9247915306
0.3823847347	0.6176152653	0.7200929538	0.9238340337
0.3833857157	0.6166142843	0.7212961684	0.9228775815
0.3843866967	0.6156133033	0.722496221	0.9219221798
0.3853876777	0.6146123223	0.7236931074	0.9209678346
0.3863886587	0.6136113413	0.7248868236	0.9200145514
0.3873896396	0.6126103604	0.726077366	0.9190623359
0.3883906206	0.6116093794	0.7272647309	0.9181111936
0.3893916016	0.6106083984	0.7284489148	0.9171611298
0.3903925826	0.6096074174	0.7296299144	0.9162121497
0.3913935636	0.6086064364	0.7308077266	0.9152642586
0.3923945445	0.6076054555	0.7319823484	0.9143174615
0.3933955255	0.6066044745	0.7331537768	0.9133717634
0.3943965065	0.6056034935	0.7343220091	0.9124271691
0.3953974875	0.6046025125	0.7354870427	0.9114836834
0.3963984685	0.6036015315	0.7366488752	0.910541311
0.3973994494	0.6026005506	0.7378075042	0.9096000564
0.3984004304	0.6015995696	0.7389629274	0.9086599241
0.3994014114	0.6005985886	0.740115143	0.9077209186
0.4004023924	0.5995976076	0.7412641488	0.906783044
0.4014033734	0.5985966266	0.7424099431	0.9058463047
0.4024043544	0.5975956456	0.7435525243	0.9049107047
0.4034053353	0.5965946647	0.7446918907	0.9039762481
0.4044063163	0.5955936837	0.7458280409	0.9030429387
0.4054072973	0.5945927027	0.7469609737	0.9021107805
0.4064082783	0.5935917217	0.7480906877	0.9011797772
0.4074092593	0.5925907407	0.749217182	0.9002499326
0.4084102402	0.5915897598	0.7503404556	0.8993212501
0.4094112212	0.5905887788	0.7514605076	0.8983937334
0.4104122022	0.5895877978	0.7525773374	0.8974673859
0.4114131832	0.5885868168	0.7536909442	0.896542211
0.4124141642	0.5875858358	0.7548013277	0.8956182119
0.4134151451	0.5865848549	0.7559084874	0.8946953919
0.4144161261	0.5855838739	0.7570124229	0.8937737541
0.4154171071	0.5845828929	0.7581131342	0.8928533015
0.4164180881	0.5835819119	0.7592106212	0.8919340372
0.4174190691	0.5825809309	0.7603048839	0.891015964
0.4184200501	0.5815799499	0.7613959224	0.8900990848
0.419421031	0.580578969	0.7624837369	0.8891834024
0.420422012	0.579577988	0.7635683279	0.8882689195
0.421422993	0.578577007	0.7646496956	0.8873556387
0.422423974	0.577576026	0.7657278407	0.8864435626
0.423424955	0.576575045	0.7668027638	0.8855326936
0.4244259359	0.5755740641	0.7678744655	0.8846230343
0.4254269169	0.5745730831	0.7689429467	0.8837145869
0.4264278979	0.5735721021	0.7700082084	0.8828073537
0.4274288789	0.5725711211	0.7710702514	0.8819013371
0.4284298599	0.5715701401	0.7721290769	0.8809965392
0.4294308408	0.5705691592	0.7731846861	0.880092962
0.4304318218	0.5695681782	0.7742370802	0.8791906077
0.4314328028	0.5685671972	0.7752862605	0.8782894782
0.4324337838	0.5675662162	0.7763322285	0.8773895755
0.4334347648	0.5665652352	0.7773749857	0.8764909015
0.4344357457	0.5655642543	0.7784145337	0.8755934579
0.4354367267	0.5645632733	0.7794508741	0.8746972464
0.4364377077	0.5635622923	0.7804840087	0.873802269
0.4374386887	0.5625613113	0.7815139395	0.872908527
0.4384396697	0.5615603303	0.7825406681	0.8720160222
0.4394406507	0.5605593493	0.7835641968	0.8711247561
0.4404416316	0.5595583684	0.7845845274	0.8702347302
0.4414426126	0.5585573874	0.7856016622	0.8693459459
0.4424435936	0.5575564064	0.7866156034	0.8684584045
0.4434445746	0.5565554254	0.7876263532	0.8675721075
0.4444455556	0.5555544444	0.7886339141	0.866687056
0.4454465365	0.5545534635	0.7896382884	0.8658032514
0.4464475175	0.5535524825	0.7906394787	0.8649206947
0.4474484985	0.5525515015	0.7916374874	0.8640393871
0.4484494795	0.5515505205	0.7926323173	0.8631593298
0.4494504605	0.5505495395	0.793623971	0.8622805237
0.4504514414	0.5495485586	0.7946124514	0.8614029698
0.4514524224	0.5485475776	0.7955977612	0.860526669
0.4524534034	0.5475465966	0.7965799033	0.8596516224
0.4534543844	0.5465456156	0.7975588807	0.8587778306
0.4544553654	0.5455446346	0.7985346964	0.8579052945
0.4554563463	0.5445436537	0.7995073535	0.857034015
0.4564573273	0.5435426727	0.8004768552	0.8561639926
0.4574583083	0.5425416917	0.8014432045	0.8552952281
0.4584592893	0.5415407107	0.8024064049	0.8544277222
0.4594602703	0.5405397297	0.8033664595	0.8535614753
0.4604612513	0.5395387487	0.8043233718	0.8526964882
0.4614622322	0.5385377678	0.8052771452	0.8518327612
0.4624632132	0.5375367868	0.8062277832	0.8509702949
0.4634641942	0.5365358058	0.8071752893	0.8501090897
0.4644651752	0.5355348248	0.808119667	0.849249146
0.4654661562	0.5345338438	0.8090609202	0.8483904641
0.4664671371	0.5335328629	0.8099990523	0.8475330445
0.4674681181	0.5325318819	0.8109340673	0.8466768873
0.4684690991	0.5315309009	0.8118659688	0.8458219929
0.4694700801	0.5305299199	0.8127947607	0.8449683614
0.4704710611	0.5295289389	0.813720447	0.844115993
0.471472042	0.528527958	0.8146430314	0.8432648879
0.472473023	0.527526977	0.8155625182	0.8424150462
0.473474004	0.526525996	0.8164789111	0.8415664679
0.474474985	0.525525015	0.8173922144	0.8407191531
0.475475966	0.524524034	0.8183024322	0.8398731019
0.4764769469	0.5235230531	0.8192095686	0.8390283142
0.4774779279	0.5225220721	0.8201136279	0.8381847899
0.4784789089	0.5215210911	0.8210146142	0.8373425289
0.4794798899	0.5205201101	0.821912532	0.8365015312
0.4804808709	0.5195191291	0.8228073854	0.8356617966
0.4814818519	0.5185181481	0.823699179	0.8348233249
0.4824828328	0.5175171672	0.824587917	0.833986116
0.4834838138	0.5165161862	0.8254736041	0.8331501695
0.4844847948	0.5155152052	0.8263562446	0.8323154852
0.4854857758	0.5145142242	0.8272358431	0.8314820629
0.4864867568	0.5135132432	0.8281124042	0.8306499022
0.4874877377	0.5125122623	0.8289859324	0.8298190027
0.4884887187	0.5115112813	0.8298564325	0.8289893641
0.4894896997	0.5105103003	0.830723909	0.8281609861
0.4904906807	0.5095093193	0.8315883668	0.827333868
0.4914916617	0.5085083383	0.8324498105	0.8265080096
0.4924926426	0.5075073574	0.8333082449	0.8256834103
0.4934936236	0.5065063764	0.8341636749	0.8248600696
0.4944946046	0.5055053954	0.8350161053	0.824037987
0.4954955856	0.5045044144	0.835865541	0.823217162
0.4964965666	0.5035034334	0.8367119868	0.8223975939
0.4974975475	0.5025024525	0.8375554478	0.8215792822
0.4984985285	0.5015014715	0.8383959288	0.8207622262
0.4994995095	0.5005004905	0.8392334349	0.8199464253
0.5005004905	0.4994995095	0.8400679712	0.8191318788
0.5015014715	0.4984985285	0.8408995426	0.818318586
0.5025024525	0.4974975475	0.8417281543	0.8175065462
0.5035034334	0.4964965666	0.8425538113	0.8166957586
0.5045044144	0.4954955856	0.8433765189	0.8158862226
0.5055053954	0.4944946046	0.8441962822	0.8150779373
0.5065063764	0.4934936236	0.8450131063	0.814270902
0.5075073574	0.4924926426	0.8458269965	0.8134651157
0.5085083383	0.4914916617	0.846637958	0.8126605777
0.5095093193	0.4904906807	0.8474459962	0.8118572871
0.5105103003	0.4894896997	0.8482511162	0.811055243
0.5115112813	0.4884887187	0.8490533235	0.8102544445
0.5125122623	0.4874877377	0.8498526233	0.8094548907
0.5135132432	0.4864867568	0.850649021	0.8086565807
0.5145142242	0.4854857758	0.8514425219	0.8078595135
0.5155152052	0.4844847948	0.8522331316	0.8070636881
0.5165161862	0.4834838138	0.8530208554	0.8062691036
0.5175171672	0.4824828328	0.8538056987	0.8054757589
0.5185181481	0.4814818519	0.8545876671	0.804683653
0.5195191291	0.4804808709	0.855366766	0.8038927848
0.5205201101	0.4794798899	0.8561430009	0.8031031533
0.5215210911	0.4784789089	0.8569163774	0.8023147575
0.5225220721	0.4774779279	0.857686901	0.8015275962
0.5235230531	0.4764769469	0.8584545772	0.8007416682
0.524524034	0.475475966	0.8592194116	0.7999569726
0.525525015	0.474474985	0.8599814099	0.7991735081
0.526525996	0.473474004	0.8607405776	0.7983912737
0.527526977	0.472473023	0.8614969203	0.797610268
0.528527958	0.471472042	0.8622504438	0.79683049
0.5295289389	0.4704710611	0.8630011537	0.7960519384
0.5305299199	0.4694700801	0.8637490556	0.795274612
0.5315309009	0.4684690991	0.8644941553	0.7944985097
0.5325318819	0.4674681181	0.8652364584	0.7937236301
0.5335328629	0.4664671371	0.8659759708	0.7929499719
0.5345338438	0.4654661562	0.866712698	0.792177534
0.5355348248	0.4644651752	0.8674466459	0.7914063151
0.5365358058	0.4634641942	0.8681778202	0.7906363138
0.5375367868	0.4624632132	0.8689062267	0.7898675288
0.5385377678	0.4614622322	0.8696318712	0.7890999589
0.5395387487	0.4604612513	0.8703547595	0.7883336027
0.5405397297	0.4594602703	0.8710748974	0.7875684588
0.5415407107	0.4584592893	0.8717922907	0.7868045259
0.5425416917	0.4574583083	0.8725069453	0.7860418026
0.5435426727	0.4564573273	0.873218867	0.7852802876
0.5445436537	0.4554563463	0.8739280616	0.7845199794
0.5455446346	0.4544553654	0.8746345351	0.7837608766
0.5465456156	0.4534543844	0.8753382932	0.783002978
0.5475465966	0.4524534034	0.876039342	0.7822462819
0.5485475776	0.4514524224	0.8767376872	0.781490787
0.5495485586	0.4504514414	0.8774333348	0.7807364918
0.5505495395	0.4494504605	0.8781262907	0.779983395
0.5515505205	0.4484494795	0.8788165607	0.7792314949
0.5525515015	0.4474484985	0.879504151	0.7784807902
0.5535524825	0.4464475175	0.8801890673	0.7777312794
0.5545534635	0.4454465365	0.8808713156	0.7769829609
0.5555544444	0.4444455556	0.8815509019	0.7762358333
0.5565554254	0.4434445746	0.8822278322	0.7754898951
0.5575564064	0.4424435936	0.8829021123	0.7747451447
0.5585573874	0.4414426126	0.8835737483	0.7740015806
0.5595583684	0.4404416316	0.8842427461	0.7732592013
0.5605593493	0.4394406507	0.8849091118	0.7725180052
0.5615603303	0.4384396697	0.8855728512	0.7717779908
0.5625613113	0.4374386887	0.8862339705	0.7710391566
0.5635622923	0.4364377077	0.8868924755	0.7703015008
0.5645632733	0.4354367267	0.8875483724	0.769565022
0.5655642543	0.4344357457	0.8882016671	0.7688297187
0.5665652352	0.4334347648	0.8888523656	0.7680955891
0.5675662162	0.4324337838	0.8895004739	0.7673626317
0.5685671972	0.4314328028	0.8901459981	0.7666308448
0.5695681782	0.4304318218	0.8907889441	0.765900227
0.5705691592	0.4294308408	0.8914293181	0.7651707765
0.5715701401	0.4284298599	0.892067126	0.7644424917
0.5725711211	0.4274288789	0.8927023739	0.763715371
0.5735721021	0.4264278979	0.8933350678	0.7629894128
0.5745730831	0.4254269169	0.8939652138	0.7622646153
0.5755740641	0.4244259359	0.8945928178	0.761540977
0.576575045	0.423424955	0.8952178859	0.7608184962
0.577576026	0.422423974	0.8958404242	0.7600971712
0.578577007	0.421422993	0.8964604387	0.7593770004
0.579577988	0.420422012	0.8970779355	0.7586579821
0.580578969	0.419421031	0.8976929206	0.7579401145
0.5815799499	0.4184200501	0.8983054	0.757223396
0.5825809309	0.4174190691	0.8989153799	0.756507825
0.5835819119	0.4164180881	0.8995228662	0.7557933997
0.5845828929	0.4154171071	0.900127865	0.7550801183
0.5855838739	0.4144161261	0.9007303823	0.7543679793
0.5865848549	0.4134151451	0.9013304243	0.7536569809
0.5875858358	0.4124141642	0.9019279969	0.7529471213
0.5885868168	0.4114131832	0.9025231062	0.7522383989
0.5895877978	0.4104122022	0.9031157583	0.751530812
0.5905887788	0.4094112212	0.9037059591	0.7508243587
0.5915897598	0.4084102402	0.9042937148	0.7501190373
0.5925907407	0.4074092593	0.9048790314	0.7494148462
0.5935917217	0.4064082783	0.905461915	0.7487117836
0.5945927027	0.4054072973	0.9060423715	0.7480098476
0.5955936837	0.4044063163	0.9066204071	0.7473090367
0.5965946647	0.4034053353	0.9071960277	0.7466093489
0.5975956456	0.4024043544	0.9077692394	0.7459107827
0.5985966266	0.4014033734	0.9083400482	0.7452133361
0.5995976076	0.4004023924	0.9089084602	0.7445170074
0.6005985886	0.3994014114	0.9094744814	0.7438217949
0.6015995696	0.3984004304	0.9100381179	0.7431276968
0.6026005506	0.3973994494	0.9105993755	0.7424347113
0.6036015315	0.3963984685	0.9111582605	0.7417428366
0.6046025125	0.3953974875	0.9117147788	0.741052071
0.6056034935	0.3943965065	0.9122689363	0.7403624127
0.6066044745	0.3933955255	0.9128207392	0.7396738598
0.6076054555	0.3923945445	0.9133701934	0.7389864106
0.6086064364	0.3913935636	0.913917305	0.7383000633
0.6096074174	0.3903925826	0.9144620799	0.7376148161
0.6106083984	0.3893916016	0.9150045241	0.7369306672
0.6116093794	0.3883906206	0.9155446437	0.7362476148
0.6126103604	0.3873896396	0.9160824446	0.735565657
0.6136113413	0.3863886587	0.9166179328	0.7348847922
0.6146123223	0.3853876777	0.9171511142	0.7342050185
0.6156133033	0.3843866967	0.917681995	0.733526334
0.6166142843	0.3833857157	0.9182105809	0.732848737
0.6176152653	0.3823847347	0.9187368781	0.7321722256
0.6186162462	0.3813837538	0.9192608924	0.7314967981
0.6196172272	0.3803827728	0.9197826299	0.7308224525
0.6206182082	0.3793817918	0.9203020964	0.7301491872
0.6216191892	0.3783808108	0.9208192979	0.7294770003
0.6226201702	0.3773798298	0.9213342404	0.7288058899
0.6236211512	0.3763788488	0.9218469297	0.7281358542
0.6246221321	0.3753778679	0.9223573719	0.7274668914
0.6256231131	0.3743768869	0.9228655729	0.7267989998
0.6266240941	0.3733759059	0.9233715384	0.7261321773
0.6276250751	0.3723749249	0.9238752746	0.7254664223
0.6286260561	0.3713739439	0.9243767872	0.7248017329
0.629627037	0.370372963	0.9248760822	0.7241381073
0.630628018	0.369371982	0.9253731655	0.7234755436
0.631628999	0.368371001	0.9258680429	0.7228140399
0.63262998	0.36737002	0.9263607204	0.7221535946
0.633630961	0.366369039	0.9268512037	0.7214942057
0.6346319419	0.3653680581	0.9273394989	0.7208358714
0.6356329229	0.3643670771	0.9278256116	0.7201785898
0.6366339039	0.3633660961	0.9283095479	0.7195223592
0.6376348849	0.3623651151	0.9287913134	0.7188671776
0.6386358659	0.3613641341	0.9292709142	0.7182130433
0.6396368468	0.3603631532	0.9297483559	0.7175599544
0.6406378278	0.3593621722	0.9302236445	0.7169079091
0.6416388088	0.3583611912	0.9306967857	0.7162569055
0.6426397898	0.3573602102	0.9311677853	0.7156069419
0.6436407708	0.3563592292	0.9316366492	0.7149580162
0.6446417518	0.3553582482	0.9321033832	0.7143101268
0.6456427327	0.3543572673	0.932567993	0.7136632718
0.6466437137	0.3533562863	0.9330304844	0.7130174493
0.6476446947	0.3523553053	0.9334908631	0.7123726575
0.6486456757	0.3513543243	0.9339491351	0.7117288946
0.6496466567	0.3503533433	0.9344053059	0.7110861586
0.6506476376	0.3493523624	0.9348593813	0.7104444479
0.6516486186	0.3483513814	0.9353113672	0.7098037605
0.6526495996	0.3473504004	0.9357612691	0.7091640946
0.6536505806	0.3463494194	0.9362090929	0.7085254484
0.6546515616	0.3453484384	0.9366548442	0.70788782
0.6556525425	0.3443474575	0.9370985288	0.7072512076
0.6566535235	0.3433464765	0.9375401524	0.7066156093
0.6576545045	0.3423454955	0.9379797205	0.7059810233
0.6586554855	0.3413445145	0.938417239	0.7053474479
0.6596564665	0.3403435335	0.9388527135	0.704714881
0.6606574474	0.3393425526	0.9392861496	0.704083321
0.6616584284	0.3383415716	0.9397175531	0.7034527659
0.6626594094	0.3373405906	0.9401469295	0.702823214
0.6636603904	0.3363396096	0.9405742844	0.7021946633
0.6646613714	0.3353386286	0.9409996236	0.7015671122
0.6656623524	0.3343376476	0.9414229526	0.7009405586
0.6666633333	0.3333366667	0.941844277	0.7003150009
0.6676643143	0.3323356857	0.9422636025	0.6996904371
0.6686652953	0.3313347047	0.9426809346	0.6990668655
0.6696662763	0.3303337237	0.9430962789	0.6984442842
0.6706672573	0.3293327427	0.9435096409	0.6978226914
0.6716682382	0.3283317618	0.9439210263	0.6972020853
0.6726692192	0.3273307808	0.9443304406	0.696582464
0.6736702002	0.3263297998	0.9447378893	0.6959638257
0.6746711812	0.3253288188	0.9451433779	0.6953461686
0.6756721622	0.3243278378	0.9455469121	0.6947294909
0.6766731431	0.3233268569	0.9459484972	0.6941137907
0.6776741241	0.3223258759	0.9463481389	0.6934990662
0.6786751051	0.3213248949	0.9467458425	0.6928853157
0.6796760861	0.3203239139	0.9471416136	0.6922725372
0.6806770671	0.3193229329	0.9475354577	0.691660729
0.681678048	0.318321952	0.9479273802	0.6910498893
0.682679029	0.317320971	0.9483173865	0.6904400163
0.68368001	0.31631999	0.9487054822	0.689831108
0.684680991	0.315319009	0.9490916727	0.6892231628
0.685681972	0.314318028	0.9494759633	0.6886161788
0.686682953	0.313317047	0.9498583595	0.6880101542
0.6876839339	0.3123160661	0.9502388667	0.6874050873
0.6886849149	0.3113150851	0.9506174902	0.6868009761
0.6896858959	0.3103141041	0.9509942356	0.6861978189
0.6906868769	0.3093131231	0.9513691081	0.6855956139
0.6916878579	0.3083121421	0.9517421131	0.6849943593
0.6926888388	0.3073111612	0.952113256	0.6843940534
0.6936898198	0.3063101802	0.9524825421	0.6837946942
0.6946908008	0.3053091992	0.9528499767	0.68319628
0.6956917818	0.3043082182	0.9532155652	0.6825988091
0.6966927628	0.3033072372	0.9535793129	0.6820022795
0.6976937437	0.3023062563	0.953941225	0.6814066897
0.6986947247	0.3013052753	0.9543013069	0.6808120376
0.6996957057	0.3003042943	0.9546595639	0.6802183217
0.7006966867	0.2993033133	0.9550160011	0.67962554
0.7016976677	0.2983023323	0.955370624	0.6790336908
0.7026986486	0.2973013514	0.9557234376	0.6784427723
0.7036996296	0.2963003704	0.9560744474	0.6778527828
0.7047006106	0.2952993894	0.9564236584	0.6772637205
0.7057015916	0.2942984084	0.9567710759	0.6766755835
0.7067025726	0.2932974274	0.9571167051	0.6760883702
0.7077035536	0.2922964464	0.9574605513	0.6755020787
0.7087045345	0.2912954655	0.9578026195	0.6749167073
0.7097055155	0.2902944845	0.958142915	0.6743322542
0.7107064965	0.2892935035	0.9584814429	0.6737487177
0.7117074775	0.2882925225	0.9588182084	0.673166096
0.7127084585	0.2872915415	0.9591532166	0.6725843873
0.7137094394	0.2862905606	0.9594864727	0.6720035899
0.7147104204	0.2852895796	0.9598179817	0.6714237021
0.7157114014	0.2842885986	0.9601477489	0.670844722
0.7167123824	0.2832876176	0.9604757792	0.6702666479
0.7177133634	0.2822866366	0.9608020777	0.6696894781
0.7187143443	0.2812856557	0.9611266496	0.6691132108
0.7197153253	0.2802846747	0.9614494999	0.6685378443
0.7207163063	0.2792836937	0.9617706337	0.6679633768
0.7217172873	0.2782827127	0.962090056	0.6673898067
0.7227182683	0.2772817317	0.9624077718	0.6668171321
0.7237192492	0.2762807508	0.9627237862	0.6662453513
0.7247202302	0.2752797698	0.9630381041	0.6656744626
0.7257212112	0.2742787888	0.9633507306	0.6651044643
0.7267221922	0.2732778078	0.9636616706	0.6645353547
0.7277231732	0.2722768268	0.9639709292	0.6639671319
0.7287241542	0.2712758458	0.9642785112	0.6633997944
0.7297251351	0.2702748649	0.9645844218	0.6628333403
0.7307261161	0.2692738839	0.9648886657	0.662267768
0.7317270971	0.2682729029	0.9651912479	0.6617030757
0.7327280781	0.2672719219	0.9654921734	0.6611392617
0.7337290591	0.2662709409	0.965791447	0.6605763244
0.73473004	0.26526996	0.9660890737	0.6600142619
0.735731021	0.264268979	0.9663850583	0.6594530727
0.736732002	0.263267998	0.9666794058	0.6588927549
0.737732983	0.262267017	0.9669721209	0.658333307
0.738733964	0.261266036	0.9672632086	0.6577747271
0.7397349449	0.2602650551	0.9675526737	0.6572170137
0.7407359259	0.2592640741	0.967840521	0.6566601649
0.7417369069	0.2582630931	0.9681267553	0.6561041792
0.7427378879	0.2572621121	0.9684113814	0.6555490548
0.7437388689	0.2562611311	0.9686944043	0.65499479
0.7447398498	0.2552601502	0.9689758285	0.6544413832
0.7457408308	0.2542591692	0.969255659	0.6538888327
0.7467418118	0.2532581882	0.9695339004	0.6533371368
0.7477427928	0.2522572072	0.9698105575	0.6527862938
0.7487437738	0.2512562262	0.9700856352	0.6522363021
0.7497447548	0.2502552452	0.970359138	0.65168716
0.7507457357	0.2492542643	0.9706310708	0.6511388657
0.7517467167	0.2482532833	0.9709014381	0.6505914178
0.7527476977	0.2472523023	0.9711702449	0.6500448144
0.7537486787	0.2462513213	0.9714374956	0.6494990539
0.7547496597	0.2452503403	0.971703195	0.6489541348
0.7557506406	0.2442493594	0.9719673478	0.6484100552
0.7567516216	0.2432483784	0.9722299586	0.6478668136
0.7577526026	0.2422473974	0.972491032	0.6473244084
0.7587535836	0.2412464164	0.9727505727	0.6467828378
0.7597545646	0.2402454354	0.9730085853	0.6462421003
0.7607555455	0.2392444545	0.9732650745	0.6457021941
0.7617565265	0.2382434735	0.9735200447	0.6451631177
0.7627575075	0.2372424925	0.9737735006	0.6446248695
0.7637584885	0.2362415115	0.9740254468	0.6440874477
0.7647594695	0.2352405305	0.9742758878	0.6435508507
0.7657604505	0.2342395495	0.9745248282	0.6430150771
0.7667614314	0.2332385686	0.9747722725	0.642480125
0.7677624124	0.2322375876	0.9750182253	0.6419459929
0.7687633934	0.2312366066	0.9752626911	0.6414126792
0.7697643744	0.2302356256	0.9755056743	0.6408801822
0.7707653554	0.2292346446	0.9757471795	0.6403485004
0.7717663363	0.2282336637	0.9759872111	0.6398176321
0.7727673173	0.2272326827	0.9762257737	0.6392875757
0.7737682983	0.2262317017	0.9764628717	0.6387583297
0.7747692793	0.2252307207	0.9766985095	0.6382298924
0.7757702603	0.2242297397	0.9769326916	0.6377022622
0.7767712412	0.2232287588	0.9771654225	0.6371754375
0.7777722222	0.2222277778	0.9773967064	0.6366494167
0.7787732032	0.2212267968	0.977626548	0.6361241983
0.7797741842	0.2202258158	0.9778549514	0.6355997807
0.7807751652	0.2192248348	0.9780819212	0.6350761622
0.7817761461	0.2182238539	0.9783074617	0.6345533413
0.7827771271	0.2172228729	0.9785315772	0.6340313165
0.7837781081	0.2162218919	0.9787542722	0.633510086
0.7847790891	0.2152209109	0.9789755509	0.6329896485
0.7857800701	0.2142199299	0.9791954176	0.6324700022
0.7867810511	0.2132189489	0.9794138768	0.6319511456
0.787782032	0.212217968	0.9796309327	0.6314330772
0.788783013	0.211216987	0.9798465896	0.6309157954
0.789783994	0.210216006	0.9800608518	0.6303992987
0.790784975	0.209215025	0.9802737235	0.6298835854
0.791785956	0.208214044	0.9804852091	0.6293686541
0.7927869369	0.2072130631	0.9806953128	0.6288545031
0.7937879179	0.2062120821	0.9809040388	0.628341131
0.7947888989	0.2052111011	0.9811113913	0.6278285361
0.7957898799	0.2042101201	0.9813173746	0.627316717
0.7967908609	0.2032091391	0.9815219929	0.6268056722
0.7977918418	0.2022081582	0.9817252503	0.6262954
0.7987928228	0.2012071772	0.9819271511	0.6257858989
0.7997938038	0.2002061962	0.9821276995	0.6252771675
0.8007947848	0.1992052152	0.9823268996	0.6247692041
0.8017957658	0.1982042342	0.9825247555	0.6242620073
0.8027967467	0.1972032533	0.9827212714	0.6237555755
0.8037977277	0.1962022723	0.9829164515	0.6232499073
0.8047987087	0.1952012913	0.9831102998	0.6227450011
0.8057996897	0.1942003103	0.9833028205	0.6222408554
0.8068006707	0.1931993293	0.9834940176	0.6217374686
0.8078016517	0.1921983483	0.9836838953	0.6212348393
0.8088026326	0.1911973674	0.9838724576	0.620732966
0.8098036136	0.1901963864	0.9840597087	0.6202318472
0.8108045946	0.1891954054	0.9842456524	0.6197314814
0.8118055756	0.1881944244	0.984430293	0.619231867
0.8128065566	0.1871934434	0.9846136344	0.6187330027
0.8138075375	0.1861924625	0.9847956807	0.6182348868
0.8148085185	0.1851914815	0.9849764359	0.617737518
0.8158094995	0.1841905005	0.9851559039	0.6172408946
0.8168104805	0.1831895195	0.9853340888	0.6167450154
0.8178114615	0.1821885385	0.9855109946	0.6162498787
0.8188124424	0.1811875576	0.9856866251	0.6157554831
0.8198134234	0.1801865766	0.9858609845	0.6152618271
0.8208144044	0.1791855956	0.9860340766	0.6147689093
0.8218153854	0.1781846146	0.9862059053	0.6142767282
0.8228163664	0.1771836336	0.9863764747	0.6137852823
0.8238173473	0.1761826527	0.9865457885	0.6132945702
0.8248183283	0.1751816717	0.9867138508	0.6128045904
0.8258193093	0.1741806907	0.9868806654	0.6123153415
0.8268202903	0.1731797097	0.9870462362	0.611826822
0.8278212713	0.1721787287	0.9872105671	0.6113390304
0.8288222523	0.1711777477	0.987373662	0.6108519654
0.8298232332	0.1701767668	0.9875355246	0.6103656254
0.8308242142	0.1691757858	0.9876961589	0.6098800091
0.8318251952	0.1681748048	0.9878555687	0.609395115
0.8328261762	0.1671738238	0.9880137577	0.6089109416
0.8338271572	0.1661728428	0.9881707299	0.6084274876
0.8348281381	0.1651718619	0.988326489	0.6079447514
0.8358291191	0.1641708809	0.9884810388	0.6074627318
0.8368301001	0.1631698999	0.9886343832	0.6069814272
0.8378310811	0.1621689189	0.9887865257	0.6065008362
0.8388320621	0.1611679379	0.9889374703	0.6060209575
0.839833043	0.160166957	0.9890872207	0.6055417896
0.840834024	0.159165976	0.9892357805	0.6050633311
0.841835005	0.158164995	0.9893831537	0.6045855805
0.842835986	0.157164014	0.9895293438	0.6041085366
0.843836967	0.156163033	0.9896743545	0.6036321978
0.8448379479	0.1551620521	0.9898181897	0.6031565629
0.8458389289	0.1541610711	0.9899608529	0.6026816303
0.8468399099	0.1531600901	0.9901023478	0.6022073987
0.8478408909	0.1521591091	0.9902426782	0.6017338667
0.8488418719	0.1511581281	0.9903818476	0.601261033
0.8498428529	0.1501571471	0.9905198597	0.6007888961
0.8508438338	0.1491561662	0.9906567182	0.6003174546
0.8518448148	0.1481551852	0.9907924267	0.5998467072
0.8528457958	0.1471542042	0.9909269888	0.5993766525
0.8538467768	0.1461532232	0.9910604081	0.5989072892
0.8548477578	0.1451522422	0.9911926882	0.5984386158
0.8558487387	0.1441512613	0.9913238327	0.597970631
0.8568497197	0.1431502803	0.9914538452	0.5975033334
0.8578507007	0.1421492993	0.9915827292	0.5970367217
0.8588516817	0.1411483183	0.9917104883	0.5965707944
0.8598526627	0.1401473373	0.9918371261	0.5961055504
0.8608536436	0.1391463564	0.9919626461	0.5956409881
0.8618546246	0.1381453754	0.9920870518	0.5951771063
0.8628556056	0.1371443944	0.9922103467	0.5947139036
0.8638565866	0.1361434134	0.9923325344	0.5942513786
0.8648575676	0.1351424324	0.9924536183	0.5937895301
0.8658585485	0.1341414515	0.9925736019	0.5933283566
0.8668595295	0.1331404705	0.9926924888	0.5928678568
0.8678605105	0.1321394895	0.9928102823	0.5924080295
0.8688614915	0.1311385085	0.992926986	0.5919488733
0.8698624725	0.1301375275	0.9930426033	0.5914903868
0.8708634535	0.1291365465	0.9931571376	0.5910325687
0.8718644344	0.1281355656	0.9932705924	0.5905754177
0.8728654154	0.1271345846	0.993382971	0.5901189325
0.8738663964	0.1261336036	0.993494277	0.5896631118
0.8748673774	0.1251326226	0.9936045136	0.5892079542
0.8758683584	0.1241316416	0.9937136843	0.5887534585
0.8768693393	0.1231306607	0.9938217925	0.5882996233
0.8778703203	0.1221296797	0.9939288416	0.5878464474
0.8788713013	0.1211286987	0.9940348348	0.5873939293
0.8798722823	0.1201277177	0.9941397756	0.586942068
0.8808732633	0.1191267367	0.9942436673	0.5864908619
0.8818742442	0.1181257558	0.9943465132	0.5860403099
0.8828752252	0.1171247748	0.9944483167	0.5855904106
0.8838762062	0.1161237938	0.9945490811	0.5851411628
0.8848771872	0.1151228128	0.9946488097	0.5846925652
0.8858781682	0.1141218318	0.9947475057	0.5842446165
0.8868791491	0.1131208509	0.9948451725	0.5837973154
0.8878801301	0.1121198699	0.9949418134	0.5833506606
0.8888811111	0.1111188889	0.9950374316	0.5829046509
0.8898820921	0.1101179079	0.9951320303	0.5824592849
0.8908830731	0.1091169269	0.9952256129	0.5820145616
0.8918840541	0.1081159459	0.9953181825	0.5815704794
0.892885035	0.107114965	0.9954097424	0.5811270373
0.893886016	0.106113984	0.9955002959	0.5806842339
0.894886997	0.105113003	0.9955898461	0.5802420679
0.895887978	0.104112022	0.9956783962	0.5798005382
0.896888959	0.103111041	0.9957659494	0.5793596435
0.8978899399	0.1021100601	0.9958525089	0.5789193825
0.8988909209	0.1011090791	0.995938078	0.5784797539
0.8998919019	0.1001080981	0.9960226597	0.5780407566
0.9008928829	0.09910711712	0.9961062572	0.5776023893
0.9018938639	0.09810613614	0.9961888736	0.5771646507
0.9028948448	0.09710515516	0.9962705122	0.5767275397
0.9038958258	0.09610417417	0.996351176	0.5762910549
0.9048968068	0.09510319319	0.9964308681	0.5758551952
0.9058977878	0.09410221221	0.9965095918	0.5754199593
0.9068987688	0.09310123123	0.9965873499	0.574985346
0.9078997497	0.09210025025	0.9966641458	0.574551354
0.9089007307	0.09109926927	0.9967399824	0.5741179823
0.9099017117	0.09009828829	0.9968148628	0.5736852294
0.9109026927	0.08909730731	0.9968887901	0.5732530943
0.9119036737	0.08809632633	0.9969617674	0.5728215757
0.9129046547	0.08709534535	0.9970337977	0.5723906724
0.9139056356	0.08609436436	0.997104884	0.5719603832
0.9149066166	0.08509338338	0.9971750294	0.5715307069
0.9159075976	0.0840924024	0.9972442369	0.5711016423
0.9169085786	0.08309142142	0.9973125095	0.5706731882
0.9179095596	0.08209044044	0.9973798502	0.5702453434
0.9189105405	0.08108945946	0.997446262	0.5698181067
0.9199115215	0.08008847848	0.997511748	0.5693914769
0.9209125025	0.0790874975	0.997576311	0.5689654528
0.9219134835	0.07808651652	0.9976399541	0.5685400333
0.9229144645	0.07708553554	0.9977026802	0.5681152171
0.9239154454	0.07608455455	0.9977644922	0.5676910032
0.9249164264	0.07508357357	0.9978253932	0.5672673902
0.9259174074	0.07408259259	0.9978853861	0.566844377
0.9269183884	0.07308161161	0.9979444737	0.5664219625
0.9279193694	0.07208063063	0.998002659	0.5660001455
0.9289203504	0.07107964965	0.998059945	0.5655789249
0.9299213313	0.07007866867	0.9981163344	0.5651582993
0.9309223123	0.06907768769	0.9981718303	0.5647382678
0.9319232933	0.06807670671	0.9982264354	0.5643188291
0.9329242743	0.06707572573	0.9982801528	0.5638999821
0.9339252553	0.06607474474	0.9983329851	0.5634817256
0.9349262362	0.06507376376	0.9983849354	0.5630640585
0.9359272172	0.06407278278	0.9984360064	0.5626469796
0.9369281982	0.0630718018	0.998486201	0.5622304877
0.9379291792	0.06207082082	0.9985355221	0.5618145819
0.9389301602	0.06106983984	0.9985839724	0.5613992608
0.9399311411	0.06006885886	0.9986315547	0.5609845233
0.9409321221	0.05906787788	0.998678272	0.5605703684
0.9419331031	0.0580668969	0.9987241269	0.5601567949
0.9429340841	0.05706591592	0.9987691224	0.5597438016
0.9439350651	0.05606493493	0.9988132611	0.5593313874
0.944936046	0.05506395395	0.9988565458	0.5589195513
0.945937027	0.05406297297	0.9988989793	0.558508292
0.946938008	0.05306199199	0.9989405645	0.5580976085
0.947938989	0.05206101101	0.9989813039	0.5576874996
0.94893997	0.05106003003	0.9990212004	0.5572779643
0.949940951	0.05005904905	0.9990602567	0.5568690013
0.9509419319	0.04905806807	0.9990984756	0.5564606097
0.9519429129	0.04805708709	0.9991358597	0.5560527882
0.9529438939	0.04705610611	0.9991724118	0.5556455358
0.9539448749	0.04605512513	0.9992081346	0.5552388514
0.9549458559	0.04505414414	0.9992430307	0.5548327339
0.9559468368	0.04405316316	0.9992771029	0.5544271822
0.9569478178	0.04305218218	0.9993103538	0.5540221951
0.9579487988	0.0420512012	0.9993427861	0.5536177717
0.9589497798	0.04105022022	0.9993744025	0.5532139107
0.9599507608	0.04004923924	0.9994052057	0.5528106111
0.9609517417	0.03904825826	0.9994351982	0.5524078719
0.9619527227	0.03804727728	0.9994643827	0.5520056919
0.9629537037	0.0370462963	0.9994927619	0.5516040701
0.9639546847	0.03604531532	0.9995203384	0.5512030054
0.9649556657	0.03504433433	0.9995471148	0.5508024966
0.9659566466	0.03404335335	0.9995730937	0.5504025428
0.9669576276	0.03304237237	0.9995982777	0.5500031429
0.9679586086	0.03204139139	0.9996226694	0.5496042957
0.9689595896	0.03104041041	0.9996462714	0.5492060003
0.9699605706	0.03003942943	0.9996690862	0.5488082555
0.9709615516	0.02903844845	0.9996911165	0.5484110603
0.9719625325	0.02803746747	0.9997123648	0.5480144137
0.9729635135	0.02703648649	0.9997328337	0.5476183145
0.9739644945	0.02603550551	0.9997525257	0.5472227618
0.9749654755	0.02503452452	0.9997714433	0.5468277545
0.9759664565	0.02403354354	0.9997895891	0.5464332914
0.9769674374	0.02303256256	0.9998069657	0.5460393717
0.9779684184	0.02203158158	0.9998235754	0.5456459941
0.9789693994	0.0210306006	0.9998394209	0.5452531578
0.9799703804	0.02002961962	0.9998545047	0.5448608616
0.9809713614	0.01902863864	0.9998688291	0.5444691045
0.9819723423	0.01802765766	0.9998823968	0.5440778855
0.9829733233	0.01702667668	0.9998952102	0.5436872035
0.9839743043	0.0160256957	0.9999072718	0.5432970576
0.9849752853	0.01502471471	0.9999185841	0.5429074466
0.9859762663	0.01402373373	0.9999291494	0.5425183696
0.9869772472	0.01302275275	0.9999389703	0.5421298255
0.9879782282	0.01202177177	0.9999480492	0.5417418133
0.9889792092	0.01102079079	0.9999563886	0.541354332
0.9899801902	0.01001980981	0.9999639908	0.5409673805
0.9909811712	0.009018828829	0.9999708583	0.540580958
0.9919821522	0.008017847848	0.9999769935	0.5401950632
0.9929831331	0.007016866867	0.9999823988	0.5398096953
0.9939841141	0.006015885886	0.9999870766	0.5394248532
0.9949850951	0.005014904905	0.9999910294	0.539040536
0.9959860761	0.004013923924	0.9999942594	0.5386567425
0.9969870571	0.003012942943	0.9999967691	0.5382734719
0.997988038	0.002011961962	0.9999985609	0.5378907231
0.998989019	0.001010980981	0.999999637	0.5375084951
0.99999	1e-05	1	0.5371267869
