1e-05	0.99999	0.01793855388	1.000000001
0.001010980981	0.998989019	0.01774152563	1.000005465
0.002011961962	0.997988038	0.01758280862	1.000018902
0.003012942943	0.9969870571	0.01745920901	1.000036515
0.004013923924	0.9959860761	0.01736795105	1.000054846
0.005014904905	0.9949850951	0.01730661613	1.000070752
0.006015885886	0.9939841141	0.01727309189	1.000081376
0.007016866867	0.9929831331	0.01726552941	1.000084125
0.008017847848	0.9919821522	0.01728230727	1.000076652
0.009018828829	0.9909811712	0.01732200099	1.000056832
0.01001980981	0.9899801902	0.0173833572	1.000022746
0.01102079079	0.9889792092	0.0174652716	0.9999726658
0.01202177177	0.9879782282	0.01756677007	0.9999050394
0.01302275275	0.9869772472	0.01768699259	0.9998184755
0.01402373373	0.9859762663	0.01782517926	0.9997117321
0.01502471471	0.9849752853	0.01798065834	0.9995837051
0.0160256957	0.9839743043	0.01815283583	0.9994334169
0.01702667668	0.9829733233	0.01834118649	0.9992600073
0.01802765766	0.9819723423	0.01854524596	0.9990627242
0.01902863864	0.9809713614	0.01876460391	0.9988409151
0.02002961962	0.9799703804	0.01899889803	0.9985940196
0.0210306006	0.9789693994	0.0192478088	0.998321562
0.02203158158	0.9779684184	0.01951105482	0.9980231453
0.02303256256	0.9769674374	0.01978838872	0.9976984443
0.02403354354	0.9759664565	0.02007959357	0.9973472004
0.02503452452	0.9749654755	0.0203844797	0.9969692164
0.02603550551	0.9739644945	0.02070288179	0.9965643514
0.02703648649	0.9729635135	0.0210346564	0.9961325167
0.02803746747	0.9719625325	0.02137967966	0.995673671
0.02903844845	0.9709615516	0.02173784532	0.9951878172
0.03003942943	0.9699605706	0.02210906287	0.9946749983
0.03104041041	0.9689595896	0.02249325596	0.9941352944
0.03204139139	0.9679586086	0.02289036094	0.9935688194
0.03304237237	0.9669576276	0.02330032551	0.9929757181
0.03404335335	0.9659566466	0.02372310758	0.9923561636
0.03504433433	0.9649556657	0.02415867416	0.9917103551
0.03604531532	0.9639546847	0.02460700042	0.991038515
0.0370462963	0.9629537037	0.02506806878	0.9903408872
0.03804727728	0.9619527227	0.02554186811	0.9896177349
0.03904825826	0.9609517417	0.02602839304	0.9888693388
0.04004923924	0.9599507608	0.02652764325	0.9880959955
0.04105022022	0.9589497798	0.02703962286	0.9872980156
0.0420512012	0.9579487988	0.02756433994	0.9864757225
0.04305218218	0.9569478178	0.02810180593	0.985629451
0.04405316316	0.9559468368	0.02865203522	0.9847595457
0.04505414414	0.9549458559	0.02921504469	0.9838663601
0.04605512513	0.9539448749	0.02979085337	0.9829502556
0.04705610611	0.9529438939	0.03037948202	0.9820115999
0.04805708709	0.9519429129	0.03098095285	0.9810507668
0.04905806807	0.9509419319	0.03159528919	0.9800681347
0.05005904905	0.949940951	0.03222251523	0.9790640862
0.05106003003	0.94893997	0.03286265572	0.9780390068
0.05206101101	0.947938989	0.03351573581	0.9769932849
0.05306199199	0.946938008	0.03418178073	0.9759273107
0.05406297297	0.945937027	0.03486081568	0.9748414755
0.05506395395	0.944936046	0.0355528656	0.9737361716
0.05606493493	0.9439350651	0.036257955	0.9726117911
0.05706591592	0.9429340841	0.0369761078	0.9714687262
0.0580668969	0.9419331031	0.0377073472	0.9703073682
0.05906787788	0.9409321221	0.03845169553	0.9691281073
0.06006885886	0.9399311411	0.03920917415	0.9679313322
0.06106983984	0.9389301602	0.0399798033	0.9667174296
0.06207082082	0.9379291792	0.04076360202	0.9654867844
0.0630718018	0.9369281982	0.04156058805	0.9642397786
0.06407278278	0.9359272172	0.04237077775	0.9629767918
0.06507376376	0.9349262362	0.04319418599	0.9616982005
0.06607474474	0.9339252553	0.04403082611	0.960404378
0.06707572573	0.9329242743	0.04488070985	0.9590956944
0.06807670671	0.9319232933	0.04574384726	0.9577725161
0.06907768769	0.9309223123	0.04662024667	0.9564352057
0.07007866867	0.9299213313	0.04750991465	0.955084122
0.07107964965	0.9289203504	0.04841285592	0.9537196199
0.07208063063	0.9279193694	0.04932907337	0.95234205
0.07308161161	0.9269183884	0.05025856798	0.9509517589
0.07408259259	0.9259174074	0.05120133881	0.9495490886
0.07508357357	0.9249164264	0.05215738296	0.9481343769
0.07608455455	0.9239154454	0.05312669557	0.9467079571
0.07708553554	0.9229144645	0.05410926977	0.945270158
0.07808651652	0.9219134835	0.05510509668	0.9438213037
0.0790874975	0.9209125025	0.05611416541	0.9423617138
0.08008847848	0.9199115215	0.05713646301	0.9408917033
0.08108945946	0.9189105405	0.05817197452	0.9394115823
0.08209044044	0.9179095596	0.0592206829	0.9379216565
0.08309142142	0.9169085786	0.06028256909	0.9364222267
0.0840924024	0.9159075976	0.06135761197	0.934913589
0.08509338338	0.9149066166	0.06244578837	0.9333960348
0.08609436436	0.9139056356	0.06354707309	0.9318698509
0.08709534535	0.9129046547	0.06466143888	0.9303353194
0.08809632633	0.9119036737	0.06578885649	0.9287927175
0.08909730731	0.9109026927	0.06692929464	0.9272423179
0.09009828829	0.9099017117	0.06808272004	0.9256843886
0.09109926927	0.9089007307	0.06924909742	0.9241191932
0.09210025025	0.9078997497	0.07042838955	0.9225469903
0.09310123123	0.9068987688	0.07162055723	0.9209680343
0.09410221221	0.9058977878	0.07282555931	0.919382575
0.09510319319	0.9048968068	0.07404335274	0.9177908575
0.09610417417	0.9038958258	0.07527389256	0.9161931227
0.09710515516	0.9028948448	0.07651713195	0.914589607
0.09810613614	0.9018938639	0.07777302221	0.9129805424
0.09910711712	0.9008928829	0.07904151282	0.9113661566
0.1001080981	0.8998919019	0.08032255148	0.9097466731
0.1011090791	0.8988909209	0.08161608405	0.9081223111
0.1021100601	0.8978899399	0.0829220547	0.9064932856
0.103111041	0.896888959	0.08424040583	0.9048598075
0.104112022	0.895887978	0.08557107815	0.9032220835
0.105113003	0.894886997	0.0869140107	0.9015803166
0.106113984	0.893886016	0.08826914087	0.8999347055
0.107114965	0.892885035	0.08963640446	0.898285445
0.1081159459	0.8918840541	0.09101573565	0.8966327261
0.1091169269	0.8908830731	0.09240706708	0.8949767361
0.1101179079	0.8898820921	0.09381032988	0.8933176583
0.1111188889	0.8888811111	0.09522545367	0.8916556724
0.1121198699	0.8878801301	0.09665236662	0.8899909545
0.1131208509	0.8868791491	0.09809099545	0.8883236768
0.1141218318	0.8858781682	0.0995412655	0.8866540084
0.1151228128	0.8848771872	0.1010031007	0.8849821146
0.1161237938	0.8838762062	0.1024764238	0.8833081572
0.1171247748	0.8828752252	0.103961156	0.8816322948
0.1181257558	0.8818742442	0.1054572174	0.8799546826
0.1191267367	0.8808732633	0.1069645269	0.8782754724
0.1201277177	0.8798722823	0.108483002	0.8765948129
0.1211286987	0.8788713013	0.1100125592	0.8749128495
0.1221296797	0.8778703203	0.1115531139	0.8732297246
0.1231306607	0.8768693393	0.1131045801	0.8715455775
0.1241316416	0.8758683584	0.114666871	0.8698605444
0.1251326226	0.8748673774	0.1162398987	0.8681747584
0.1261336036	0.8738663964	0.1178235744	0.86648835
0.1271345846	0.8728654154	0.1194178079	0.8648014466
0.1281355656	0.8718644344	0.1210225086	0.8631141728
0.1291365465	0.8708634535	0.1226375846	0.8614266504
0.1301375275	0.8698624725	0.1242629433	0.8597389985
0.1311385085	0.8688614915	0.1258984911	0.8580513337
0.1321394895	0.8678605105	0.1275441338	0.8563637696
0.1331404705	0.8668595295	0.1291997762	0.8546764174
0.1341414515	0.8658585485	0.1308653225	0.852989386
0.1351424324	0.8648575676	0.132540676	0.8513027813
0.1361434134	0.8638565866	0.1342257394	0.8496167071
0.1371443944	0.8628556056	0.1359204149	0.8479312648
0.1381453754	0.8618546246	0.1376246037	0.8462465532
0.1391463564	0.8608536436	0.1393382068	0.8445626691
0.1401473373	0.8598526627	0.1410611242	0.8428797067
0.1411483183	0.8588516817	0.1427932556	0.8411977583
0.1421492993	0.8578507007	0.1445345003	0.8395169136
0.1431502803	0.8568497197	0.1462847567	0.8378372606
0.1441512613	0.8558487387	0.1480439232	0.8361588848
0.1451522422	0.8548477578	0.1498118975	0.8344818699
0.1461532232	0.8538467768	0.1515885769	0.8328062975
0.1471542042	0.8528457958	0.1533738583	0.831132247
0.1481551852	0.8518448148	0.1551676384	0.8294597962
0.1491561662	0.8508438338	0.1569698134	0.8277890208
0.1501571471	0.8498428529	0.1587802793	0.8261199945
0.1511581281	0.8488418719	0.1605989318	0.8244527893
0.1521591091	0.8478408909	0.1624256663	0.8227874755
0.1531600901	0.8468399099	0.164260378	0.8211241213
0.1541610711	0.8458389289	0.166102962	0.8194627935
0.1551620521	0.8448379479	0.1679533129	0.817803557
0.156163033	0.843836967	0.1698113256	0.8161464751
0.157164014	0.842835986	0.1716768945	0.8144916094
0.158164995	0.841835005	0.173549914	0.8128390199
0.159165976	0.840834024	0.1754302785	0.8111887652
0.160166957	0.839833043	0.1773178823	0.8095409021
0.1611679379	0.8388320621	0.1792126195	0.807895486
0.1621689189	0.8378310811	0.1811143844	0.8062525709
0.1631698999	0.8368301001	0.1830230711	0.8046122091
0.1641708809	0.8358291191	0.1849385738	0.8029744518
0.1651718619	0.8348281381	0.1868607869	0.8013393486
0.1661728428	0.8338271572	0.1887896046	0.7997069478
0.1671738238	0.8328261762	0.1907249213	0.7980772963
0.1681748048	0.8318251952	0.1926666315	0.7964504396
0.1691757858	0.8308242142	0.1946146298	0.7948264223
0.1701767668	0.8298232332	0.1965688108	0.7932052872
0.1711777477	0.8288222523	0.1985290696	0.7915870763
0.1721787287	0.8278212713	0.200495301	0.7899718302
0.1731797097	0.8268202903	0.2024674005	0.7883595884
0.1741806907	0.8258193093	0.2044452633	0.786750389
0.1751816717	0.8248183283	0.2064287852	0.7851442693
0.1761826527	0.8238173473	0.208417862	0.7835412653
0.1771836336	0.8228163664	0.2104123898	0.781941412
0.1781846146	0.8218153854	0.2124122652	0.7803447431
0.1791855956	0.8208144044	0.2144173846	0.7787512916
0.1801865766	0.8198134234	0.2164276451	0.7771610892
0.1811875576	0.8188124424	0.2184429441	0.7755741668
0.1821885385	0.8178114615	0.220463179	0.7739905541
0.1831895195	0.8168104805	0.2224882478	0.77241028
0.1841905005	0.8158094995	0.2245180488	0.7708333724
0.1851914815	0.8148085185	0.2265524807	0.7692598583
0.1861924625	0.8138075375	0.2285914424	0.7676897638
0.1871934434	0.8128065566	0.2306348333	0.7661231141
0.1881944244	0.8118055756	0.2326825533	0.7645599335
0.1891954054	0.8108045946	0.2347345025	0.7630002456
0.1901963864	0.8098036136	0.2367905816	0.7614440729
0.1911973674	0.8088026326	0.2388506917	0.7598914374
0.1921983483	0.8078016517	0.2409147341	0.75834236
0.1931993293	0.8068006707	0.2429826109	0.7567968611
0.1942003103	0.8057996897	0.2450542244	0.7552549602
0.1952012913	0.8047987087	0.2471294776	0.7537166761
0.1962022723	0.8037977277	0.2492082737	0.7521820267
0.1972032533	0.8027967467	0.2512905166	0.7506510295
0.1982042342	0.8017957658	0.2533761107	0.7491237011
0.1992052152	0.8007947848	0.2554649607	0.7476000574
0.2002061962	0.7997938038	0.2575569721	0.7460801137
0.2012071772	0.7987928228	0.2596520506	0.7445638846
0.2022081582	0.7977918418	0.2617501027	0.7430513842
0.2032091391	0.7967908609	0.2638510353	0.7415426258
0.2042101201	0.7957898799	0.2659547559	0.7400376221
0.2052111011	0.7947888989	0.2680611725	0.7385363853
0.2062120821	0.7937879179	0.2701701936	0.737038927
0.2072130631	0.7927869369	0.2722817285	0.7355452582
0.208214044	0.791785956	0.2743956867	0.7340553893
0.209215025	0.790784975	0.2765119786	0.7325693302
0.210216006	0.789783994	0.278630515	0.7310870903
0.211216987	0.788783013	0.2807512074	0.7296086784
0.212217968	0.787782032	0.2828739677	0.7281341028
0.2132189489	0.7867810511	0.2849987085	0.7266633714
0.2142199299	0.7857800701	0.2871253432	0.7251964914
0.2152209109	0.7847790891	0.2892537854	0.7237334697
0.2162218919	0.7837781081	0.2913839496	0.7222743128
0.2172228729	0.7827771271	0.2935157509	0.7208190265
0.2182238539	0.7817761461	0.2956491048	0.7193676164
0.2192248348	0.7807751652	0.2977839275	0.7179200874
0.2202258158	0.7797741842	0.2999201361	0.7164764442
0.2212267968	0.7787732032	0.3020576479	0.715036691
0.2222277778	0.7777722222	0.304196381	0.7136008316
0.2232287588	0.7767712412	0.3063362543	0.7121688694
0.2242297397	0.7757702603	0.308477187	0.7107408074
0.2252307207	0.7747692793	0.3106190993	0.7093166482
0.2262317017	0.7737682983	0.3127619116	0.707896394
0.2272326827	0.7727673173	0.3149055453	0.7064800469
0.2282336637	0.7717663363	0.3170499224	0.7050676082
0.2292346446	0.7707653554	0.3191949653	0.7036590793
0.2302356256	0.7697643744	0.3213405972	0.7022544609
0.2312366066	0.7687633934	0.3234867421	0.7008537535
0.2322375876	0.7677624124	0.3256333243	0.6994569575
0.2332385686	0.7667614314	0.3277802689	0.6980640726
0.2342395495	0.7657604505	0.3299275018	0.6966750985
0.2352405305	0.7647594695	0.3320749494	0.6952900345
0.2362415115	0.7637584885	0.3342225387	0.6939088794
0.2372424925	0.7627575075	0.3363701974	0.6925316321
0.2382434735	0.7617565265	0.3385178539	0.6911582909
0.2392444545	0.7607555455	0.3406654371	0.689788854
0.2402454354	0.7597545646	0.3428128768	0.6884233194
0.2412464164	0.7587535836	0.3449601031	0.6870616845
0.2422473974	0.7577526026	0.3471070471	0.6857039468
0.2432483784	0.7567516216	0.3492536403	0.6843501035
0.2442493594	0.7557506406	0.3513998149	0.6830001513
0.2452503403	0.7547496597	0.3535455039	0.6816540871
0.2462513213	0.7537486787	0.3556906407	0.6803119071
0.2472523023	0.7527476977	0.3578351595	0.6789736076
0.2482532833	0.7517467167	0.359978995	0.6776391846
0.2492542643	0.7507457357	0.3621220829	0.6763086338
0.2502552452	0.7497447548	0.364264359	0.6749819509
0.2512562262	0.7487437738	0.3664057602	0.6736591311
0.2522572072	0.7477427928	0.3685462237	0.6723401697
0.2532581882	0.7467418118	0.3706856877	0.6710250617
0.2542591692	0.7457408308	0.3728240907	0.6697138017
0.2552601502	0.7447398498	0.3749613719	0.6684063845
0.2562611311	0.7437388689	0.3770974713	0.6671028045
0.2572621121	0.7427378879	0.3792323294	0.6658030559
0.2582630931	0.7417369069	0.3813658874	0.6645071329
0.2592640741	0.7407359259	0.3834980869	0.6632150294
0.2602650551	0.7397349449	0.3856288704	0.6619267391
0.261266036	0.738733964	0.387758181	0.6606422556
0.262267017	0.737732983	0.3898859622	0.6593615726
0.263267998	0.736732002	0.3920121584	0.6580846831
0.264268979	0.735731021	0.3941367143	0.6568115806
0.26526996	0.73473004	0.3962595754	0.655542258
0.2662709409	0.7337290591	0.3983806879	0.6542767081
0.2672719219	0.7327280781	0.4004999984	0.6530149239
0.2682729029	0.7317270971	0.4026174543	0.651756898
0.2692738839	0.7307261161	0.4047330034	0.6505026228
0.2702748649	0.7297251351	0.4068465943	0.6492520908
0.2712758458	0.7287241542	0.4089581759	0.6480052944
0.2722768268	0.7277231732	0.4110676981	0.6467622257
0.2732778078	0.7267221922	0.4131751111	0.6455228767
0.2742787888	0.7257212112	0.4152803658	0.6442872395
0.2752797698	0.7247202302	0.4173834137	0.6430553058
0.2762807508	0.7237192492	0.4194842067	0.6418270676
0.2772817317	0.7227182683	0.4215826975	0.6406025164
0.2782827127	0.7217172873	0.4236788392	0.6393816439
0.2792836937	0.7207163063	0.4257725857	0.6381644415
0.2802846747	0.7197153253	0.4278638913	0.6369509006
0.2812856557	0.7187143443	0.4299527109	0.6357410126
0.2822866366	0.7177133634	0.432039	0.6345347686
0.2832876176	0.7167123824	0.4341227145	0.6333321599
0.2842885986	0.7157114014	0.4362038111	0.6321331775
0.2852895796	0.7147104204	0.4382822469	0.6309378125
0.2862905606	0.7137094394	0.4403579797	0.6297460556
0.2872915415	0.7127084585	0.4424309675	0.6285578979
0.2882925225	0.7117074775	0.4445011693	0.6273733301
0.2892935035	0.7107064965	0.4465685442	0.626192343
0.2902944845	0.7097055155	0.4486330523	0.6250149271
0.2912954655	0.7087045345	0.4506946539	0.6238410732
0.2922964464	0.7077035536	0.4527533099	0.6226707718
0.2932974274	0.7067025726	0.4548089818	0.6215040133
0.2942984084	0.7057015916	0.4568616315	0.6203407883
0.2952993894	0.7047006106	0.4589112215	0.6191810871
0.2963003704	0.7036996296	0.4609577149	0.6180249
0.2973013514	0.7026986486	0.4630010752	0.6168722174
0.2983023323	0.7016976677	0.4650412664	0.6157230296
0.2993033133	0.7006966867	0.467078253	0.6145773266
0.3003042943	0.6996957057	0.4691120001	0.6134350987
0.3013052753	0.6986947247	0.4711424732	0.612296336
0.3023062563	0.6976937437	0.4731696384	0.6111610286
0.3033072372	0.6966927628	0.4751934622	0.6100291666
0.3043082182	0.6956917818	0.4772139116	0.6089007399
0.3053091992	0.6946908008	0.4792309541	0.6077757386
0.3063101802	0.6936898198	0.4812445577	0.6066541526
0.3073111612	0.6926888388	0.4832546909	0.6055359718
0.3083121421	0.6916878579	0.4852613226	0.6044211862
0.3093131231	0.6906868769	0.4872644222	0.6033097856
0.3103141041	0.6896858959	0.4892639595	0.6022017598
0.3113150851	0.6886849149	0.491259905	0.6010970987
0.3123160661	0.6876839339	0.4932522293	0.599995792
0.313317047	0.686682953	0.4952409038	0.5988978296
0.314318028	0.685681972	0.4972259001	0.5978032013
0.315319009	0.684680991	0.4992071905	0.5967118966
0.31631999	0.68368001	0.5011847474	0.5956239055
0.317320971	0.682679029	0.503158544	0.5945392176
0.318321952	0.681678048	0.5051285537	0.5934578225
0.3193229329	0.6806770671	0.5070947504	0.59237971
0.3203239139	0.6796760861	0.5090571085	0.5913048697
0.3213248949	0.6786751051	0.5110156027	0.5902332914
0.3223258759	0.6776741241	0.5129702082	0.5891649646
0.3233268569	0.6766731431	0.5149209007	0.588099879
0.3243278378	0.6756721622	0.5168676561	0.5870380242
0.3253288188	0.6746711812	0.5188104509	0.5859793899
0.3263297998	0.6736702002	0.520749262	0.5849239657
0.3273307808	0.6726692192	0.5226840665	0.5838717412
0.3283317618	0.6716682382	0.5246148422	0.582822706
0.3293327427	0.6706672573	0.5265415672	0.5817768498
0.3303337237	0.6696662763	0.5284642198	0.5807341621
0.3313347047	0.6686652953	0.5303827789	0.5796946326
0.3323356857	0.6676643143	0.5322972238	0.5786582509
0.3333366667	0.6666633333	0.534207534	0.5776250065
0.3343376476	0.6656623524	0.5361136896	0.5765948892
0.3353386286	0.6646613714	0.538015671	0.5755678885
0.3363396096	0.6636603904	0.5399134588	0.5745439941
0.3373405906	0.6626594094	0.5418070342	0.5735231956
0.3383415716	0.6616584284	0.5436963788	0.5725054826
0.3393425526	0.6606574474	0.5455814743	0.5714908448
0.3403435335	0.6596564665	0.5474623029	0.5704792717
0.3413445145	0.6586554855	0.5493388473	0.5694707532
0.3423454955	0.6576545045	0.5512110904	0.5684652788
0.3433464765	0.6566535235	0.5530790154	0.5674628382
0.3443474575	0.6556525425	0.554942606	0.5664634211
0.3453484384	0.6546515616	0.5568018461	0.5654670172
0.3463494194	0.6536505806	0.5586567201	0.5644736163
0.3473504004	0.6526495996	0.5605072125	0.5634832079
0.3483513814	0.6516486186	0.5623533085	0.5624957818
0.3493523624	0.6506476376	0.5641949932	0.5615113279
0.3503533433	0.6496466567	0.5660322523	0.5605298358
0.3513543243	0.6486456757	0.5678650719	0.5595512953
0.3523553053	0.6476446947	0.5696934381	0.5585756962
0.3533562863	0.6466437137	0.5715173376	0.5576030283
0.3543572673	0.6456427327	0.5733367573	0.5566332814
0.3553582482	0.6446417518	0.5751516844	0.5556664454
0.3563592292	0.6436407708	0.5769621066	0.5547025101
0.3573602102	0.6426397898	0.5787680115	0.5537414653
0.3583611912	0.6416388088	0.5805693874	0.552783301
0.3593621722	0.6406378278	0.5823662227	0.551828007
0.3603631532	0.6396368468	0.5841585062	0.5508755732
0.3613641341	0.6386358659	0.5859462269	0.5499259897
0.3623651151	0.6376348849	0.5877293742	0.5489792463
0.3633660961	0.6366339039	0.5895079376	0.5480353331
0.3643670771	0.6356329229	0.591281907	0.54709424
0.3653680581	0.6346319419	0.5930512727	0.5461559571
0.366369039	0.633630961	0.594816025	0.5452204743
0.36737002	0.63262998	0.5965761548	0.5442877818
0.368371001	0.631628999	0.598331653	0.5433578696
0.369371982	0.630628018	0.600082511	0.5424307279
0.370372963	0.629627037	0.6018287202	0.5415063467
0.3713739439	0.6286260561	0.6035702724	0.5405847163
0.3723749249	0.6276250751	0.6053071598	0.5396658267
0.3733759059	0.6266240941	0.6070393747	0.5387496682
0.3743768869	0.6256231131	0.6087669097	0.537836231
0.3753778679	0.6246221321	0.6104897575	0.5369255054
0.3763788488	0.6236211512	0.6122079113	0.5360174815
0.3773798298	0.6226201702	0.6139213644	0.5351121498
0.3783808108	0.6216191892	0.6156301105	0.5342095004
0.3793817918	0.6206182082	0.6173341432	0.5333095238
0.3803827728	0.6196172272	0.6190334567	0.5324122104
0.3813837538	0.6186162462	0.6207280454	0.5315175504
0.3823847347	0.6176152653	0.6224179036	0.5306255343
0.3833857157	0.6166142843	0.6241030262	0.5297361527
0.3843866967	0.6156133033	0.6257834081	0.5288493958
0.3853876777	0.6146123223	0.6274590446	0.5279652543
0.3863886587	0.6136113413	0.6291299312	0.5270837186
0.3873896396	0.6126103604	0.6307960634	0.5262047793
0.3883906206	0.6116093794	0.6324574373	0.525328427
0.3893916016	0.6106083984	0.6341140487	0.5244546522
0.3903925826	0.6096074174	0.6357658942	0.5235834456
0.3913935636	0.6086064364	0.6374129701	0.5227147979
0.3923945445	0.6076054555	0.6390552733	0.5218486996
0.3933955255	0.6066044745	0.6406928006	0.5209851417
0.3943965065	0.6056034935	0.6423255492	0.5201241147
0.3953974875	0.6046025125	0.6439535165	0.5192656094
0.3963984685	0.6036015315	0.6455766999	0.5184096167
0.3973994494	0.6026005506	0.6471950973	0.5175561273
0.3984004304	0.6015995696	0.6488087065	0.5167051321
0.3994014114	0.6005985886	0.6504175257	0.515856622
0.4004023924	0.5995976076	0.6520215532	0.5150105879
0.4014033734	0.5985966266	0.6536207874	0.5141670207
0.4024043544	0.5975956456	0.6552152272	0.5133259113
0.4034053353	0.5965946647	0.6568048712	0.5124872509
0.4044063163	0.5955936837	0.6583897187	0.5116510303
0.4054072973	0.5945927027	0.6599697688	0.5108172407
0.4064082783	0.5935917217	0.6615450208	0.5099858731
0.4074092593	0.5925907407	0.6631154745	0.5091569186
0.4084102402	0.5915897598	0.6646811296	0.5083303684
0.4094112212	0.5905887788	0.6662419859	0.5075062137
0.4104122022	0.5895877978	0.6677980435	0.5066844455
0.4114131832	0.5885868168	0.6693493028	0.5058650552
0.4124141642	0.5875858358	0.670895764	0.505048034
0.4134151451	0.5865848549	0.6724374279	0.5042333732
0.4144161261	0.5855838739	0.6739742951	0.5034210641
0.4154171071	0.5845828929	0.6755063666	0.502611098
0.4164180881	0.5835819119	0.6770336433	0.5018034664
0.4174190691	0.5825809309	0.6785561265	0.5009981606
0.4184200501	0.5815799499	0.6800738175	0.500195172
0.419421031	0.580578969	0.6815867179	0.4993944921
0.420422012	0.579577988	0.6830948293	0.4985961124
0.421422993	0.578577007	0.6845981535	0.4978000245
0.422423974	0.577576026	0.6860966924	0.4970062198
0.423424955	0.576575045	0.6875904482	0.4962146899
0.4244259359	0.5755740641	0.689079423	0.4954254265
0.4254269169	0.5745730831	0.6905636192	0.4946384213
0.4264278979	0.5735721021	0.6920430392	0.4938536657
0.4274288789	0.5725711211	0.6935176859	0.4930711517
0.4284298599	0.5715701401	0.6949875618	0.4922908708
0.4294308408	0.5705691592	0.6964526699	0.4915128149
0.4304318218	0.5695681782	0.6979130133	0.4907369758
0.4314328028	0.5685671972	0.699368595	0.4899633452
0.4324337838	0.5675662162	0.7008194184	0.489191915
0.4334347648	0.5665652352	0.7022654868	0.4884226771
0.4344357457	0.5655642543	0.7037068038	0.4876556234
0.4354367267	0.5645632733	0.7051433731	0.4868907458
0.4364377077	0.5635622923	0.7065751983	0.4861280363
0.4374386887	0.5625613113	0.7080022834	0.4853674869
0.4384396697	0.5615603303	0.7094246324	0.4846090897
0.4394406507	0.5605593493	0.7108422494	0.4838528366
0.4404416316	0.5595583684	0.7122551385	0.4830987198
0.4414426126	0.5585573874	0.7136633042	0.4823467313
0.4424435936	0.5575564064	0.7150667509	0.4815968634
0.4434445746	0.5565554254	0.7164654831	0.4808491082
0.4444455556	0.5555544444	0.7178595055	0.4801034579
0.4454465365	0.5545534635	0.7192488229	0.4793599047
0.4464475175	0.5535524825	0.72063344	0.4786184409
0.4474484985	0.5525515015	0.722013362	0.4778790588
0.4484494795	0.5515505205	0.7233885938	0.4771417508
0.4494504605	0.5505495395	0.7247591406	0.4764065091
0.4504514414	0.5495485586	0.7261250077	0.4756733261
0.4514524224	0.5485475776	0.7274862005	0.4749421943
0.4524534034	0.5475465966	0.7288427243	0.4742131061
0.4534543844	0.5465456156	0.7301945848	0.4734860539
0.4544553654	0.5455446346	0.7315417875	0.4727610303
0.4554563463	0.5445436537	0.7328843383	0.4720380278
0.4564573273	0.5435426727	0.7342222428	0.4713170389
0.4574583083	0.5425416917	0.7355555071	0.4705980563
0.4584592893	0.5415407107	0.7368841371	0.4698810725
0.4594602703	0.5405397297	0.7382081389	0.4691660801
0.4604612513	0.5395387487	0.7395275186	0.468453072
0.4614622322	0.5385377678	0.7408422825	0.4677420406
0.4624632132	0.5375367868	0.7421524369	0.4670329789
0.4634641942	0.5365358058	0.7434579882	0.4663258794
0.4644651752	0.5355348248	0.7447589428	0.4656207351
0.4654661562	0.5345338438	0.7460553074	0.4649175387
0.4664671371	0.5335328629	0.7473470886	0.4642162831
0.4674681181	0.5325318819	0.7486342931	0.4635169611
0.4684690991	0.5315309009	0.7499169275	0.4628195657
0.4694700801	0.5305299199	0.7511949989	0.4621240897
0.4704710611	0.5295289389	0.7524685141	0.4614305261
0.471472042	0.528527958	0.7537374802	0.460738868
0.472473023	0.527526977	0.7550019041	0.4600491082
0.473474004	0.526525996	0.756261793	0.4593612399
0.474474985	0.525525015	0.7575171541	0.4586752561
0.475475966	0.524524034	0.7587679946	0.4579911499
0.4764769469	0.5235230531	0.760014322	0.4573089145
0.4774779279	0.5225220721	0.7612561435	0.4566285429
0.4784789089	0.5215210911	0.7624934666	0.4559500284
0.4794798899	0.5205201101	0.7637262988	0.4552733641
0.4804808709	0.5195191291	0.7649546477	0.4545985434
0.4814818519	0.5185181481	0.766178521	0.4539255593
0.4824828328	0.5175171672	0.7673979262	0.4532544054
0.4834838138	0.5165161862	0.7686128712	0.4525850747
0.4844847948	0.5155152052	0.7698233637	0.4519175608
0.4854857758	0.5145142242	0.7710294117	0.4512518569
0.4864867568	0.5135132432	0.7722310229	0.4505879564
0.4874877377	0.5125122623	0.7734282054	0.4499258528
0.4884887187	0.5115112813	0.7746209671	0.4492655396
0.4894896997	0.5105103003	0.7758093162	0.4486070101
0.4904906807	0.5095093193	0.7769932607	0.4479502579
0.4914916617	0.5085083383	0.7781728089	0.4472952765
0.4924926426	0.5075073574	0.7793479688	0.4466420595
0.4934936236	0.5065063764	0.7805187488	0.4459906004
0.4944946046	0.5055053954	0.7816851571	0.4453408929
0.4954955856	0.5045044144	0.7828472022	0.4446929306
0.4964965666	0.5035034334	0.7840048923	0.4440467071
0.4974975475	0.5025024525	0.7851582359	0.4434022162
0.4984985285	0.5015014715	0.7863072416	0.4427594515
0.4994995095	0.5005004905	0.7874519177	0.4421184067
0.5005004905	0.4994995095	0.788592273	0.4414790757
0.5015014715	0.4984985285	0.7897283159	0.4408414522
0.5025024525	0.4974975475	0.790860055	0.4402055301
0.5035034334	0.4964965666	0.7919874992	0.4395713031
0.5045044144	0.4954955856	0.7931106571	0.4389387651
0.5055053954	0.4944946046	0.7942295373	0.4383079101
0.5065063764	0.4934936236	0.7953441488	0.4376787319
0.5075073574	0.4924926426	0.7964545004	0.4370512245
0.5085083383	0.4914916617	0.7975606008	0.4364253818
0.5095093193	0.4904906807	0.798662459	0.4358011978
0.5105103003	0.4894896997	0.7997600838	0.4351786666
0.5115112813	0.4884887187	0.8008534843	0.4345577822
0.5125122623	0.4874877377	0.8019426695	0.4339385386
0.5135132432	0.4864867568	0.8030276482	0.4333209299
0.5145142242	0.4854857758	0.8041084297	0.4327049503
0.5155152052	0.4844847948	0.8051850228	0.4320905938
0.5165161862	0.4834838138	0.8062574369	0.4314778547
0.5175171672	0.4824828328	0.8073256808	0.4308667271
0.5185181481	0.4814818519	0.808389764	0.4302572052
0.5195191291	0.4804808709	0.8094496954	0.4296492833
0.5205201101	0.4794798899	0.8105054843	0.4290429556
0.5215210911	0.4784789089	0.8115571399	0.4284382163
0.5225220721	0.4774779279	0.8126046715	0.4278350599
0.5235230531	0.4764769469	0.8136480884	0.4272334807
0.524524034	0.475475966	0.8146873999	0.4266334729
0.525525015	0.474474985	0.8157226152	0.4260350309
0.526525996	0.473474004	0.8167537438	0.4254381492
0.527526977	0.472473023	0.8177807949	0.4248428222
0.528527958	0.471472042	0.8188037781	0.4242490443
0.5295289389	0.4704710611	0.8198227026	0.42365681
0.5305299199	0.4694700801	0.8208375779	0.4230661138
0.5315309009	0.4684690991	0.8218484135	0.4224769502
0.5325318819	0.4674681181	0.8228552187	0.4218893136
0.5335328629	0.4664671371	0.8238580032	0.4213031988
0.5345338438	0.4654661562	0.8248567763	0.4207186003
0.5355348248	0.4644651752	0.8258515476	0.4201355126
0.5365358058	0.4634641942	0.8268423266	0.4195539304
0.5375367868	0.4624632132	0.8278291229	0.4189738484
0.5385377678	0.4614622322	0.828811946	0.4183952612
0.5395387487	0.4604612513	0.8297908054	0.4178181635
0.5405397297	0.4594602703	0.8307657109	0.41724255
0.5415407107	0.4584592893	0.8317366718	0.4166684155
0.5425416917	0.4574583083	0.8327036979	0.4160957548
0.5435426727	0.4564573273	0.8336667989	0.4155245625
0.5445436537	0.4554563463	0.8346259842	0.4149548336
0.5455446346	0.4544553654	0.8355812636	0.4143865628
0.5465456156	0.4534543844	0.8365326466	0.413819745
0.5475465966	0.4524534034	0.8374801431	0.413254375
0.5485475776	0.4514524224	0.8384237626	0.4126904478
0.5495485586	0.4504514414	0.8393635148	0.4121279583
0.5505495395	0.4494504605	0.8402994094	0.4115669013
0.5515505205	0.4484494795	0.8412314562	0.4110072719
0.5525515015	0.4474484985	0.8421596647	0.410449065
0.5535524825	0.4464475175	0.8430840448	0.4098922756
0.5545534635	0.4454465365	0.8440046061	0.4093368987
0.5555544444	0.4444455556	0.8449213584	0.4087829294
0.5565554254	0.4434445746	0.8458343113	0.4082303628
0.5575564064	0.4424435936	0.8467434747	0.4076791938
0.5585573874	0.4414426126	0.8476488583	0.4071294176
0.5595583684	0.4404416316	0.8485504718	0.4065810294
0.5605593493	0.4394406507	0.849448325	0.4060340242
0.5615603303	0.4384396697	0.8503424276	0.4054883973
0.5625613113	0.4374386887	0.8512327893	0.4049441437
0.5635622923	0.4364377077	0.85211942	0.4044012588
0.5645632733	0.4354367267	0.8530023294	0.4038597376
0.5655642543	0.4344357457	0.8538815273	0.4033195756
0.5665652352	0.4334347648	0.8547570234	0.4027807678
0.5675662162	0.4324337838	0.8556288275	0.4022433097
0.5685671972	0.4314328028	0.8564969493	0.4017071965
0.5695681782	0.4304318218	0.8573613986	0.4011724235
0.5705691592	0.4294308408	0.8582221853	0.400638986
0.5715701401	0.4284298599	0.859079319	0.4001068795
0.5725711211	0.4274288789	0.8599328096	0.3995760993
0.5735721021	0.4264278979	0.8607826667	0.3990466408
0.5745730831	0.4254269169	0.8616289002	0.3985184994
0.5755740641	0.4244259359	0.8624715199	0.3979916705
0.576575045	0.423424955	0.8633105354	0.3974661497
0.577576026	0.422423974	0.8641459566	0.3969419323
0.578577007	0.421422993	0.8649777932	0.3964190139
0.579577988	0.420422012	0.865806055	0.3958973899
0.580578969	0.419421031	0.8666307516	0.395377056
0.5815799499	0.4184200501	0.867451893	0.3948580076
0.5825809309	0.4174190691	0.8682694887	0.3943402404
0.5835819119	0.4164180881	0.8690835486	0.3938237498
0.5845828929	0.4154171071	0.8698940824	0.3933085316
0.5855838739	0.4144161261	0.8707010998	0.3927945813
0.5865848549	0.4134151451	0.8715046106	0.3922818946
0.5875858358	0.4124141642	0.8723046244	0.3917704671
0.5885868168	0.4114131832	0.873101151	0.3912602946
0.5895877978	0.4104122022	0.8738942	0.3907513726
0.5905887788	0.4094112212	0.8746837813	0.3902436969
0.5915897598	0.4084102402	0.8754699045	0.3897372633
0.5925907407	0.4074092593	0.8762525792	0.3892320675
0.5935917217	0.4064082783	0.8770318153	0.3887281052
0.5945927027	0.4054072973	0.8778076222	0.3882253723
0.5955936837	0.4044063163	0.8785800098	0.3877238646
0.5965946647	0.4034053353	0.8793489877	0.3872235777
0.5975956456	0.4024043544	0.8801145655	0.3867245077
0.5985966266	0.4014033734	0.8808767528	0.3862266503
0.5995976076	0.4004023924	0.8816355594	0.3857300015
0.6005985886	0.3994014114	0.8823909949	0.385234557
0.6015995696	0.3984004304	0.8831430688	0.3847403129
0.6026005506	0.3973994494	0.8838917907	0.384247265
0.6036015315	0.3963984685	0.8846371704	0.3837554092
0.6046025125	0.3953974875	0.8853792173	0.3832647416
0.6056034935	0.3943965065	0.8861179411	0.382775258
0.6066044745	0.3933955255	0.8868533514	0.3822869546
0.6076054555	0.3923945445	0.8875854576	0.3817998272
0.6086064364	0.3913935636	0.8883142693	0.3813138719
0.6096074174	0.3903925826	0.8890397962	0.3808290848
0.6106083984	0.3893916016	0.8897620476	0.3803454619
0.6116093794	0.3883906206	0.8904810332	0.3798629992
0.6126103604	0.3873896396	0.8911967625	0.3793816929
0.6136113413	0.3863886587	0.8919092449	0.378901539
0.6146123223	0.3853876777	0.8926184899	0.3784225337
0.6156133033	0.3843866967	0.893324507	0.3779446732
0.6166142843	0.3833857157	0.8940273057	0.3774679535
0.6176152653	0.3823847347	0.8947268955	0.3769923708
0.6186162462	0.3813837538	0.8954232856	0.3765179213
0.6196172272	0.3803827728	0.8961164857	0.3760446012
0.6206182082	0.3793817918	0.8968065051	0.3755724067
0.6216191892	0.3783808108	0.8974933531	0.3751013341
0.6226201702	0.3773798298	0.8981770393	0.3746313796
0.6236211512	0.3763788488	0.8988575729	0.3741625394
0.6246221321	0.3753778679	0.8995349633	0.3736948099
0.6256231131	0.3743768869	0.9002092199	0.3732281873
0.6266240941	0.3733759059	0.9008803521	0.3727626679
0.6276250751	0.3723749249	0.901548369	0.372298248
0.6286260561	0.3713739439	0.9022132801	0.3718349241
0.629627037	0.370372963	0.9028750945	0.3713726923
0.630628018	0.369371982	0.9035338217	0.3709115492
0.631628999	0.368371001	0.9041894709	0.370451491
0.63262998	0.36737002	0.9048420513	0.3699925143
0.633630961	0.366369039	0.9054915721	0.3695346153
0.6346319419	0.3653680581	0.9061380426	0.3690777905
0.6356329229	0.3643670771	0.9067814719	0.3686220364
0.6366339039	0.3633660961	0.9074218694	0.3681673493
0.6376348849	0.3623651151	0.9080592441	0.3677137259
0.6386358659	0.3613641341	0.9086936051	0.3672611625
0.6396368468	0.3603631532	0.9093249618	0.3668096557
0.6406378278	0.3593621722	0.909953323	0.3663592019
0.6416388088	0.3583611912	0.9105786981	0.3659097978
0.6426397898	0.3573602102	0.9112010961	0.3654614398
0.6436407708	0.3563592292	0.911820526	0.3650141244
0.6446417518	0.3553582482	0.912436997	0.3645678483
0.6456427327	0.3543572673	0.9130505181	0.3641226081
0.6466437137	0.3533562863	0.9136610982	0.3636784003
0.6476446947	0.3523553053	0.9142687465	0.3632352216
0.6486456757	0.3513543243	0.914873472	0.3627930685
0.6496466567	0.3503533433	0.9154752835	0.3623519377
0.6506476376	0.3493523624	0.9160741901	0.3619118259
0.6516486186	0.3483513814	0.9166702008	0.3614727298
0.6526495996	0.3473504004	0.9172633245	0.3610346459
0.6536505806	0.3463494194	0.91785357	0.360597571
0.6546515616	0.3453484384	0.9184409463	0.3601615019
0.6556525425	0.3443474575	0.9190254623	0.3597264351
0.6566535235	0.3433464765	0.9196071268	0.3592923675
0.6576545045	0.3423454955	0.9201859487	0.3588592959
0.6586554855	0.3413445145	0.9207619369	0.3584272168
0.6596564665	0.3403435335	0.9213351	0.3579961272
0.6606574474	0.3393425526	0.921905447	0.3575660238
0.6616584284	0.3383415716	0.9224729866	0.3571369035
0.6626594094	0.3373405906	0.9230377275	0.3567087629
0.6636603904	0.3363396096	0.9235996786	0.356281599
0.6646613714	0.3353386286	0.9241588485	0.3558554086
0.6656623524	0.3343376476	0.924715246	0.3554301885
0.6666633333	0.3333366667	0.9252688796	0.3550059357
0.6676643143	0.3323356857	0.9258197582	0.3545826468
0.6686652953	0.3313347047	0.9263678903	0.354160319
0.6696662763	0.3303337237	0.9269132847	0.353738949
0.6706672573	0.3293327427	0.9274559498	0.3533185337
0.6716682382	0.3283317618	0.9279958944	0.3528990702
0.6726692192	0.3273307808	0.9285331269	0.3524805553
0.6736702002	0.3263297998	0.929067656	0.3520629859
0.6746711812	0.3253288188	0.9295994902	0.3516463591
0.6756721622	0.3243278378	0.930128638	0.3512306719
0.6766731431	0.3233268569	0.9306551079	0.3508159211
0.6776741241	0.3223258759	0.9311789084	0.3504021038
0.6786751051	0.3213248949	0.9317000481	0.349989217
0.6796760861	0.3203239139	0.9322185352	0.3495772577
0.6806770671	0.3193229329	0.9327343784	0.349166223
0.681678048	0.318321952	0.9332475859	0.3487561099
0.682679029	0.317320971	0.9337581661	0.3483469155
0.68368001	0.31631999	0.9342661276	0.3479386368
0.684680991	0.315319009	0.9347714785	0.3475312709
0.685681972	0.314318028	0.9352742272	0.3471248149
0.686682953	0.313317047	0.9357743822	0.346719266
0.6876839339	0.3123160661	0.9362719515	0.3463146211
0.6886849149	0.3113150851	0.9367669436	0.3459108775
0.6896858959	0.3103141041	0.9372593667	0.3455080323
0.6906868769	0.3093131231	0.9377492291	0.3451060827
0.6916878579	0.3083121421	0.9382365389	0.3447050257
0.6926888388	0.3073111612	0.9387213043	0.3443048586
0.6936898198	0.3063101802	0.9392035336	0.3439055786
0.6946908008	0.3053091992	0.9396832349	0.3435071829
0.6956917818	0.3043082182	0.9401604164	0.3431096685
0.6966927628	0.3033072372	0.9406350861	0.3427130329
0.6976937437	0.3023062563	0.9411072522	0.3423172732
0.6986947247	0.3013052753	0.9415769228	0.3419223866
0.6996957057	0.3003042943	0.9420441059	0.3415283704
0.7006966867	0.2993033133	0.9425088096	0.3411352218
0.7016976677	0.2983023323	0.9429710419	0.3407429382
0.7026986486	0.2973013514	0.9434308109	0.3403515168
0.7036996296	0.2963003704	0.9438881244	0.3399609549
0.7047006106	0.2952993894	0.9443429905	0.3395712497
0.7057015916	0.2942984084	0.9447954171	0.3391823987
0.7067025726	0.2932974274	0.9452454122	0.3387943992
0.7077035536	0.2922964464	0.9456929837	0.3384072484
0.7087045345	0.2912954655	0.9461381394	0.3380209438
0.7097055155	0.2902944845	0.9465808872	0.3376354826
0.7107064965	0.2892935035	0.947021235	0.3372508623
0.7117074775	0.2882925225	0.9474591906	0.3368670802
0.7127084585	0.2872915415	0.9478947618	0.3364841337
0.7137094394	0.2862905606	0.9483279564	0.3361020202
0.7147104204	0.2852895796	0.9487587822	0.3357207372
0.7157114014	0.2842885986	0.9491872469	0.335340282
0.7167123824	0.2832876176	0.9496133583	0.334960652
0.7177133634	0.2822866366	0.9500371241	0.3345818448
0.7187143443	0.2812856557	0.9504585519	0.3342038577
0.7197153253	0.2802846747	0.9508776495	0.3338266882
0.7207163063	0.2792836937	0.9512944245	0.3334503338
0.7217172873	0.2782827127	0.9517088845	0.3330747919
0.7227182683	0.2772817317	0.9521210371	0.3327000601
0.7237192492	0.2762807508	0.9525308899	0.3323261358
0.7247202302	0.2752797698	0.9529384506	0.3319530166
0.7257212112	0.2742787888	0.9533437266	0.3315807
0.7267221922	0.2732778078	0.9537467255	0.3312091834
0.7277231732	0.2722768268	0.9541474549	0.3308384645
0.7287241542	0.2712758458	0.9545459221	0.3304685407
0.7297251351	0.2702748649	0.9549421347	0.3300994097
0.7307261161	0.2692738839	0.9553361001	0.329731069
0.7317270971	0.2682729029	0.9557278258	0.3293635161
0.7327280781	0.2672719219	0.9561173191	0.3289967487
0.7337290591	0.2662709409	0.9565045876	0.3286307643
0.73473004	0.26526996	0.9568896384	0.3282655606
0.735731021	0.264268979	0.9572724791	0.3279011352
0.736732002	0.263267998	0.9576531169	0.3275374856
0.737732983	0.262267017	0.9580315592	0.3271746096
0.738733964	0.261266036	0.9584078132	0.3268125047
0.7397349449	0.2602650551	0.9587818863	0.3264511686
0.7407359259	0.2592640741	0.9591537856	0.3260905989
0.7417369069	0.2582630931	0.9595235185	0.3257307934
0.7427378879	0.2572621121	0.959891092	0.3253717497
0.7437388689	0.2562611311	0.9602565136	0.3250134655
0.7447398498	0.2552601502	0.9606197902	0.3246559384
0.7457408308	0.2542591692	0.9609809291	0.3242991663
0.7467418118	0.2532581882	0.9613399374	0.3239431467
0.7477427928	0.2522572072	0.9616968222	0.3235878775
0.7487437738	0.2512562262	0.9620515906	0.3232333562
0.7497447548	0.2502552452	0.9624042497	0.3228795808
0.7507457357	0.2492542643	0.9627548066	0.3225265489
0.7517467167	0.2482532833	0.9631032683	0.3221742583
0.7527476977	0.2472523023	0.9634496418	0.3218227067
0.7537486787	0.2462513213	0.9637939341	0.3214718919
0.7547496597	0.2452503403	0.9641361522	0.3211218117
0.7557506406	0.2442493594	0.964476303	0.3207724639
0.7567516216	0.2432483784	0.9648143936	0.3204238463
0.7577526026	0.2422473974	0.9651504308	0.3200759567
0.7587535836	0.2412464164	0.9654844215	0.3197287929
0.7597545646	0.2402454354	0.9658163726	0.3193823527
0.7607555455	0.2392444545	0.966146291	0.319036634
0.7617565265	0.2382434735	0.9664741834	0.3186916345
0.7627575075	0.2372424925	0.9668000568	0.3183473522
0.7637584885	0.2362415115	0.967123918	0.3180037849
0.7647594695	0.2352405305	0.9674457737	0.3176609305
0.7657604505	0.2342395495	0.9677656306	0.3173187867
0.7667614314	0.2332385686	0.9680834956	0.3169773516
0.7677624124	0.2322375876	0.9683993754	0.316636623
0.7687633934	0.2312366066	0.9687132767	0.3162965988
0.7697643744	0.2302356256	0.9690252061	0.3159572769
0.7707653554	0.2292346446	0.9693351703	0.3156186552
0.7717663363	0.2282336637	0.969643176	0.3152807316
0.7727673173	0.2272326827	0.9699492298	0.3149435041
0.7737682983	0.2262317017	0.9702533383	0.3146069706
0.7747692793	0.2252307207	0.9705555082	0.314271129
0.7757702603	0.2242297397	0.9708557459	0.3139359773
0.7767712412	0.2232287588	0.9711540581	0.3136015135
0.7777722222	0.2222277778	0.9714504513	0.3132677354
0.7787732032	0.2212267968	0.9717449319	0.3129346412
0.7797741842	0.2202258158	0.9720375065	0.3126022287
0.7807751652	0.2192248348	0.9723281816	0.312270496
0.7817761461	0.2182238539	0.9726169637	0.311939441
0.7827771271	0.2172228729	0.9729038591	0.3116090618
0.7837781081	0.2162218919	0.9731888742	0.3112793563
0.7847790891	0.2152209109	0.9734720156	0.3109503226
0.7857800701	0.2142199299	0.9737532895	0.3106219588
0.7867810511	0.2132189489	0.9740327024	0.3102942628
0.787782032	0.212217968	0.9743102605	0.3099672326
0.788783013	0.211216987	0.9745859703	0.3096408665
0.789783994	0.210216006	0.9748598379	0.3093151623
0.790784975	0.209215025	0.9751318698	0.3089901181
0.791785956	0.208214044	0.9754020721	0.3086657321
0.7927869369	0.2072130631	0.9756704512	0.3083420023
0.7937879179	0.2062120821	0.9759370132	0.3080189268
0.7947888989	0.2052111011	0.9762017644	0.3076965037
0.7957898799	0.2042101201	0.976464711	0.307374731
0.7967908609	0.2032091391	0.9767258591	0.3070536069
0.7977918418	0.2022081582	0.9769852149	0.3067331296
0.7987928228	0.2012071772	0.9772427845	0.306413297
0.7997938038	0.2002061962	0.9774985741	0.3060941074
0.8007947848	0.1992052152	0.9777525898	0.3057755589
0.8017957658	0.1982042342	0.9780048376	0.3054576495
0.8027967467	0.1972032533	0.9782553237	0.3051403776
0.8037977277	0.1962022723	0.978504054	0.3048237412
0.8047987087	0.1952012913	0.9787510346	0.3045077384
0.8057996897	0.1942003103	0.9789962716	0.3041923676
0.8068006707	0.1931993293	0.9792397708	0.3038776267
0.8078016517	0.1921983483	0.9794815383	0.303563514
0.8088026326	0.1911973674	0.9797215801	0.3032500278
0.8098036136	0.1901963864	0.979959902	0.3029371661
0.8108045946	0.1891954054	0.98019651	0.3026249272
0.8118055756	0.1881944244	0.98043141	0.3023133094
0.8128065566	0.1871934434	0.980664608	0.3020023107
0.8138075375	0.1861924625	0.9808961096	0.3016919295
0.8148085185	0.1851914815	0.9811259209	0.301382164
0.8158094995	0.1841905005	0.9813540475	0.3010730123
0.8168104805	0.1831895195	0.9815804955	0.3007644728
0.8178114615	0.1821885385	0.9818052704	0.3004565437
0.8188124424	0.1811875576	0.9820283782	0.3001492232
0.8198134234	0.1801865766	0.9822498246	0.2998425097
0.8208144044	0.1791855956	0.9824696153	0.2995364013
0.8218153854	0.1781846146	0.982687756	0.2992308963
0.8228163664	0.1771836336	0.9829042525	0.2989259931
0.8238173473	0.1761826527	0.9831191104	0.2986216898
0.8248183283	0.1751816717	0.9833323354	0.2983179849
0.8258193093	0.1741806907	0.9835439332	0.2980148766
0.8268202903	0.1731797097	0.9837539094	0.2977123631
0.8278212713	0.1721787287	0.9839622696	0.2974104429
0.8288222523	0.1711777477	0.9841690194	0.2971091142
0.8298232332	0.1701767668	0.9843741645	0.2968083754
0.8308242142	0.1691757858	0.9845777103	0.2965082247
0.8318251952	0.1681748048	0.9847796624	0.2962086606
0.8328261762	0.1671738238	0.9849800264	0.2959096813
0.8338271572	0.1661728428	0.9851788078	0.2956112852
0.8348281381	0.1651718619	0.985376012	0.2953134707
0.8358291191	0.1641708809	0.9855716446	0.295016236
0.8368301001	0.1631698999	0.985765711	0.2947195797
0.8378310811	0.1621689189	0.9859582166	0.2944235
0.8388320621	0.1611679379	0.986149167	0.2941279953
0.839833043	0.160166957	0.9863385674	0.2938330641
0.840834024	0.159165976	0.9865264233	0.2935387046
0.841835005	0.158164995	0.9867127402	0.2932449153
0.842835986	0.157164014	0.9868975232	0.2929516946
0.843836967	0.156163033	0.9870807778	0.292659041
0.8448379479	0.1551620521	0.9872625094	0.2923669527
0.8458389289	0.1541610711	0.9874427232	0.2920754282
0.8468399099	0.1531600901	0.9876214244	0.291784466
0.8478408909	0.1521591091	0.9877986185	0.2914940645
0.8488418719	0.1511581281	0.9879743107	0.291204222
0.8498428529	0.1501571471	0.9881485061	0.2909149372
0.8508438338	0.1491561662	0.9883212101	0.2906262083
0.8518448148	0.1481551852	0.9884924278	0.2903380338
0.8528457958	0.1471542042	0.9886621644	0.2900504123
0.8538467768	0.1461532232	0.9888304252	0.2897633421
0.8548477578	0.1451522422	0.9889972152	0.2894768218
0.8558487387	0.1441512613	0.9891625396	0.2891908497
0.8568497197	0.1431502803	0.9893264036	0.2889054245
0.8578507007	0.1421492993	0.9894888123	0.2886205445
0.8588516817	0.1411483183	0.9896497708	0.2883362082
0.8598526627	0.1401473373	0.989809284	0.2880524142
0.8608536436	0.1391463564	0.9899673572	0.287769161
0.8618546246	0.1381453754	0.9901239954	0.287486447
0.8628556056	0.1371443944	0.9902792035	0.2872042708
0.8638565866	0.1361434134	0.9904329866	0.2869226308
0.8648575676	0.1351424324	0.9905853498	0.2866415257
0.8658585485	0.1341414515	0.9907362979	0.2863609538
0.8668595295	0.1331404705	0.990885836	0.2860809139
0.8678605105	0.1321394895	0.991033969	0.2858014043
0.8688614915	0.1311385085	0.9911807019	0.2855224236
0.8698624725	0.1301375275	0.9913260395	0.2852439705
0.8708634535	0.1291365465	0.9914699868	0.2849660434
0.8718644344	0.1281355656	0.9916125486	0.2846886408
0.8728654154	0.1271345846	0.9917537299	0.2844117615
0.8738663964	0.1261336036	0.9918935355	0.2841354038
0.8748673774	0.1251326226	0.9920319703	0.2838595665
0.8758683584	0.1241316416	0.992169039	0.283584248
0.8768693393	0.1231306607	0.9923047465	0.283309447
0.8778703203	0.1221296797	0.9924390975	0.283035162
0.8788713013	0.1211286987	0.9925720969	0.2827613916
0.8798722823	0.1201277177	0.9927037494	0.2824881345
0.8808732633	0.1191267367	0.9928340598	0.2822153892
0.8818742442	0.1181257558	0.9929630329	0.2819431544
0.8828752252	0.1171247748	0.9930906732	0.2816714286
0.8838762062	0.1161237938	0.9932169855	0.2814002105
0.8848771872	0.1151228128	0.9933419746	0.2811294987
0.8858781682	0.1141218318	0.9934656451	0.2808592918
0.8868791491	0.1131208509	0.9935880016	0.2805895884
0.8878801301	0.1121198699	0.9937090488	0.2803203872
0.8888811111	0.1111188889	0.9938287914	0.2800516869
0.8898820921	0.1101179079	0.9939472338	0.279783486
0.8908830731	0.1091169269	0.9940643808	0.2795157833
0.8918840541	0.1081159459	0.9941802369	0.2792485773
0.892885035	0.107114965	0.9942948068	0.2789818668
0.893886016	0.106113984	0.9944080948	0.2787156503
0.894886997	0.105113003	0.9945201056	0.2784499267
0.895887978	0.104112022	0.9946308438	0.2781846945
0.896888959	0.103111041	0.9947403137	0.2779199524
0.8978899399	0.1021100601	0.99484852	0.2776556991
0.8988909209	0.1011090791	0.9949554671	0.2773919333
0.8998919019	0.1001080981	0.9950611594	0.2771286537
0.9008928829	0.09910711712	0.9951656014	0.276865859
0.9018938639	0.09810613614	0.9952687976	0.2766035478
0.9028948448	0.09710515516	0.9953707523	0.276341719
0.9038958258	0.09610417417	0.99547147	0.2760803711
0.9048968068	0.09510319319	0.9955709551	0.275819503
0.9058977878	0.09410221221	0.9956692119	0.2755591133
0.9068987688	0.09310123123	0.9957662449	0.2752992007
0.9078997497	0.09210025025	0.9958620583	0.2750397641
0.9089007307	0.09109926927	0.9959566565	0.274780802
0.9099017117	0.09009828829	0.9960500439	0.2745223133
0.9109026927	0.08909730731	0.9961422246	0.2742642967
0.9119036737	0.08809632633	0.9962332031	0.2740067509
0.9129046547	0.08709534535	0.9963229837	0.2737496747
0.9139056356	0.08609436436	0.9964115704	0.2734930668
0.9149066166	0.08509338338	0.9964989678	0.2732369261
0.9159075976	0.0840924024	0.9965851798	0.2729812512
0.9169085786	0.08309142142	0.9966702109	0.2727260409
0.9179095596	0.08209044044	0.9967540652	0.272471294
0.9189105405	0.08108945946	0.9968367469	0.2722170093
0.9199115215	0.08008847848	0.9969182601	0.2719631856
0.9209125025	0.0790874975	0.9969986091	0.2717098215
0.9219134835	0.07808651652	0.997077798	0.271456916
0.9229144645	0.07708553554	0.997155831	0.2712044678
0.9239154454	0.07608455455	0.9972327121	0.2709524758
0.9249164264	0.07508357357	0.9973084455	0.2707009386
0.9259174074	0.07408259259	0.9973830353	0.2704498551
0.9269183884	0.07308161161	0.9974564856	0.2701992242
0.9279193694	0.07208063063	0.9975288005	0.2699490445
0.9289203504	0.07107964965	0.9975999839	0.2696993151
0.9299213313	0.07007866867	0.9976700401	0.2694500345
0.9309223123	0.06907768769	0.9977389729	0.2692012018
0.9319232933	0.06807670671	0.9978067864	0.2689528157
0.9329242743	0.06707572573	0.9978734847	0.2687048751
0.9339252553	0.06607474474	0.9979390717	0.2684573787
0.9349262362	0.06507376376	0.9980035513	0.2682103255
0.9359272172	0.06407278278	0.9980669277	0.2679637142
0.9369281982	0.0630718018	0.9981292047	0.2677175437
0.9379291792	0.06207082082	0.9981903862	0.2674718129
0.9389301602	0.06106983984	0.9982504763	0.2672265207
0.9399311411	0.06006885886	0.9983094787	0.2669816658
0.9409321221	0.05906787788	0.9983673975	0.2667372471
0.9419331031	0.0580668969	0.9984242364	0.2664932636
0.9429340841	0.05706591592	0.9984799995	0.266249714
0.9439350651	0.05606493493	0.9985346905	0.2660065973
0.944936046	0.05506395395	0.9985883133	0.2657639124
0.945937027	0.05406297297	0.9986408717	0.265521658
0.946938008	0.05306199199	0.9986923696	0.2652798332
0.947938989	0.05206101101	0.9987428108	0.2650384367
0.94893997	0.05106003003	0.998792199	0.2647974676
0.949940951	0.05005904905	0.9988405381	0.2645569246
0.9509419319	0.04905806807	0.9988878319	0.2643168067
0.9519429129	0.04805708709	0.998934084	0.2640771127
0.9529438939	0.04705610611	0.9989792984	0.2638378417
0.9539448749	0.04605512513	0.9990234786	0.2635989925
0.9549458559	0.04505414414	0.9990666284	0.263360564
0.9559468368	0.04405316316	0.9991087516	0.2631225551
0.9569478178	0.04305218218	0.9991498517	0.2628849648
0.9579487988	0.0420512012	0.9991899327	0.262647792
0.9589497798	0.04105022022	0.999228998	0.2624110356
0.9599507608	0.04004923924	0.9992670514	0.2621746946
0.9609517417	0.03904825826	0.9993040965	0.2619387678
0.9619527227	0.03804727728	0.9993401369	0.2617032543
0.9629537037	0.0370462963	0.9993751764	0.2614681529
0.9639546847	0.03604531532	0.9994092184	0.2612334626
0.9649556657	0.03504433433	0.9994422667	0.2609991824
0.9659566466	0.03404335335	0.9994743247	0.2607653113
0.9669576276	0.03304237237	0.9995053961	0.2605318481
0.9679586086	0.03204139139	0.9995354845	0.2602987918
0.9689595896	0.03104041041	0.9995645934	0.2600661415
0.9699605706	0.03003942943	0.9995927263	0.259833896
0.9709615516	0.02903844845	0.9996198868	0.2596020544
0.9719625325	0.02803746747	0.9996460783	0.2593706156
0.9729635135	0.02703648649	0.9996713045	0.2591395786
0.9739644945	0.02603550551	0.9996955688	0.2589089423
0.9749654755	0.02503452452	0.9997188747	0.2586787058
0.9759664565	0.02403354354	0.9997412257	0.2584488681
0.9769674374	0.02303256256	0.9997626252	0.2582194281
0.9779684184	0.02203158158	0.9997830766	0.2579903848
0.9789693994	0.0210306006	0.9998025835	0.2577617373
0.9799703804	0.02002961962	0.9998211492	0.2575334845
0.9809713614	0.01902863864	0.9998387772	0.2573056255
0.9819723423	0.01802765766	0.9998554709	0.2570781592
0.9829733233	0.01702667668	0.9998712336	0.2568510846
0.9839743043	0.0160256957	0.9998860687	0.2566244008
0.9849752853	0.01502471471	0.9998999797	0.2563981068
0.9859762663	0.01402373373	0.9999129698	0.2561722017
0.9869772472	0.01302275275	0.9999250425	0.2559466843
0.9879782282	0.01202177177	0.999936201	0.2557215538
0.9889792092	0.01102079079	0.9999464487	0.2554968092
0.9899801902	0.01001980981	0.9999557889	0.2552724495
0.9909811712	0.009018828829	0.9999642249	0.2550484738
0.9919821522	0.008017847848	0.99997176	0.2548248811
0.9929831331	0.007016866867	0.9999783975	0.2546016704
0.9939841141	0.006015885886	0.9999841407	0.2543788408
0.9949850951	0.005014904905	0.9999889927	0.2541563914
0.9959860761	0.004013923924	0.9999929569	0.2539343211
0.9969870571	0.003012942943	0.9999960365	0.2537126291
0.997988038	0.002011961962	0.9999982348	0.2534913144
0.998989019	0.001010980981	0.9999995548	0.253270376
0.99999	1e-05	1	0.2530498131
