1e-05	0.99999	5.136789809	1.000000005
0.001010980981	0.998989019	4.612915989	1.000054595
0.002011961962	0.997988038	4.160044235	1.000210702
0.003012942943	0.9969870571	3.76684483	1.000460547
0.004013923924	0.9959860761	3.424032533	1.000796878
0.005014904905	0.9949850951	3.123959535	1.001212928
0.006015885886	0.9939841141	2.860296368	1.001702378
0.007016866867	0.9929831331	2.627780406	1.002259326
0.008017847848	0.9919821522	2.422016552	1.00287825
0.009018828829	0.9909811712	2.239318495	1.003553989
0.01001980981	0.9899801902	2.076581647	1.004281708
0.01102079079	0.9889792092	1.931180939	1.005056882
0.01202177177	0.9879782282	1.800888256	1.005875269
0.01302275275	0.9869772472	1.683805421	1.006732894
0.01402373373	0.9859762663	1.578309572	1.00762603
0.01502471471	0.9849752853	1.483008459	1.008551179
0.0160256957	0.9839743043	1.396703709	1.00950506
0.01702667668	0.9829733233	1.318360517	1.010484591
0.01802765766	0.9819723423	1.247082554	1.011486881
0.01902863864	0.9809713614	1.182091114	1.012509213
0.02002961962	0.9799703804	1.122707715	1.013549035
0.0210306006	0.9789693994	1.068339549	1.014603949
0.02203158158	0.9779684184	1.018467259	1.015671702
0.02303256256	0.9769674374	0.9726346445	1.016750178
0.02403354354	0.9759664565	0.9304399654	1.017837386
0.02503452452	0.9749654755	0.8915285701	1.018931456
0.02603550551	0.9739644945	0.8555866304	1.020030632
0.02703648649	0.9729635135	0.8223358012	1.021133262
0.02803746747	0.9719625325	0.7915286564	1.022237794
0.02903844845	0.9709615516	0.7629447763	1.02334277
0.03003942943	0.9699605706	0.7363873869	1.024446821
0.03104041041	0.9689595896	0.7116804638	1.02554866
0.03204139139	0.9679586086	0.6886662323	1.02664708
0.03304237237	0.9669576276	0.6672030022	1.027740947
0.03404335335	0.9659566466	0.6471632907	1.028829197
0.03504433433	0.9649556657	0.6284321887	1.029910834
0.03604531532	0.9639546847	0.6109059379	1.030984922
0.0370462963	0.9629537037	0.5944906875	1.032050584
0.03804727728	0.9619527227	0.5791014067	1.033107002
0.03904825826	0.9609517417	0.5646609304	1.034153406
0.04004923924	0.9599507608	0.5510991209	1.035189079
0.04105022022	0.9589497798	0.5383521296	1.03621335
0.0420512012	0.9579487988	0.5263617463	1.037225594
0.04305218218	0.9569478178	0.5150748236	1.038225227
0.04405316316	0.9559468368	0.5044427675	1.039211704
0.04505414414	0.9549458559	0.4944210862	1.040184521
0.04605512513	0.9539448749	0.4849689882	1.041143207
0.04705610611	0.9529438939	0.4760490256	1.042087326
0.04805708709	0.9519429129	0.4676267761	1.043016475
0.04905806807	0.9509419319	0.4596705584	1.043930281
0.05005904905	0.949940951	0.452151179	1.0448284
0.05106003003	0.94893997	0.445041704	1.045710515
0.05206101101	0.947938989	0.438317256	1.046576335
0.05306199199	0.946938008	0.4319548305	1.047425594
0.05406297297	0.945937027	0.4259331312	1.048258051
0.05506395395	0.944936046	0.4202324222	1.049073484
0.05606493493	0.9439350651	0.4148343939	1.049871695
0.05706591592	0.9429340841	0.4097220425	1.050652505
0.0580668969	0.9419331031	0.4048795608	1.051415753
0.05906787788	0.9409321221	0.4002922394	1.052161296
0.06006885886	0.9399311411	0.3959463772	1.05288901
0.06106983984	0.9389301602	0.3918292002	1.053598786
0.06207082082	0.9379291792	0.3879287876	1.054290529
0.0630718018	0.9369281982	0.3842340049	1.05496416
0.06407278278	0.9359272172	0.3807344426	1.055619615
0.06507376376	0.9349262362	0.3774203603	1.05625684
0.06607474474	0.9339252553	0.3742826364	1.056875795
0.06707572573	0.9329242743	0.3713127213	1.057476453
0.06807670671	0.9319232933	0.3685025948	1.058058796
0.06907768769	0.9309223123	0.3658447277	1.058622816
0.07007866867	0.9299213313	0.3633320457	1.059168518
0.07107964965	0.9289203504	0.3609578969	1.059695915
0.07208063063	0.9279193694	0.3587160221	1.060205026
0.07308161161	0.9269183884	0.3566005268	1.060695884
0.07408259259	0.9259174074	0.354605856	1.061168525
0.07508357357	0.9249164264	0.352726771	1.061622996
0.07608455455	0.9239154454	0.3509583278	1.062059348
0.07708553554	0.9229144645	0.3492958572	1.062477642
0.07808651652	0.9219134835	0.3477349467	1.062877943
0.0790874975	0.9209125025	0.3462714233	1.063260323
0.08008847848	0.9199115215	0.3449013381	1.063624859
0.08108945946	0.9189105405	0.3436209517	1.063971633
0.08209044044	0.9179095596	0.3424267212	1.064300735
0.08309142142	0.9169085786	0.3413152869	1.064612255
0.0840924024	0.9159075976	0.3402834619	1.064906291
0.08509338338	0.9149066166	0.3393282206	1.065182944
0.08609436436	0.9139056356	0.338446689	1.065442318
0.08709534535	0.9129046547	0.3376361357	1.065684523
0.08809632633	0.9119036737	0.336893963	1.065909669
0.08909730731	0.9109026927	0.3362176992	1.066117872
0.09009828829	0.9099017117	0.3356049909	1.066309251
0.09109926927	0.9089007307	0.3350535963	1.066483926
0.09210025025	0.9078997497	0.3345613785	1.06664202
0.09310123123	0.9068987688	0.3341262998	1.066783659
0.09410221221	0.9058977878	0.3337464157	1.066908971
0.09510319319	0.9048968068	0.3334198698	1.067018087
0.09610417417	0.9038958258	0.3331448891	1.067111138
0.09710515516	0.9028948448	0.3329197788	1.067188257
0.09810613614	0.9018938639	0.3327429187	1.067249581
0.09910711712	0.9008928829	0.3326127588	1.067295245
0.1001080981	0.8998919019	0.3325278153	1.067325389
0.1011090791	0.8988909209	0.3324866675	1.067340149
0.1021100601	0.8978899399	0.3324879542	1.067339668
0.103111041	0.896888959	0.3325303707	1.067324087
0.104112022	0.895887978	0.3326126658	1.067293546
0.105113003	0.894886997	0.332733639	1.067248189
0.106113984	0.893886016	0.3328921379	1.06718816
0.107114965	0.892885035	0.333087056	1.067113602
0.1081159459	0.8918840541	0.33331733	1.067024659
0.1091169269	0.8908830731	0.3335819381	1.066921477
0.1101179079	0.8898820921	0.3338798974	1.0668042
0.1111188889	0.8888811111	0.3342102626	1.066672973
0.1121198699	0.8878801301	0.3345721237	1.066527942
0.1131208509	0.8868791491	0.3349646045	1.066369253
0.1141218318	0.8858781682	0.3353868612	1.066197049
0.1151228128	0.8848771872	0.3358380803	1.066011477
0.1161237938	0.8838762062	0.3363174776	1.065812682
0.1171247748	0.8828752252	0.3368242969	1.065600808
0.1181257558	0.8818742442	0.3373578085	1.065376001
0.1191267367	0.8808732633	0.3379173078	1.065138405
0.1201277177	0.8798722823	0.3385021148	1.064888163
0.1211286987	0.8788713013	0.3391115722	1.06462542
0.1221296797	0.8778703203	0.3397450451	1.064350318
0.1231306607	0.8768693393	0.3404019195	1.064063001
0.1241316416	0.8758683584	0.3410816015	1.06376361
0.1251326226	0.8748673774	0.3417835167	1.063452287
0.1261336036	0.8738663964	0.342507109	1.063129174
0.1271345846	0.8728654154	0.34325184	1.06279441
0.1281355656	0.8718644344	0.3440171882	1.062448135
0.1291365465	0.8708634535	0.3448026484	1.062090488
0.1301375275	0.8698624725	0.3456077306	1.061721608
0.1311385085	0.8688614915	0.34643196	1.061341632
0.1321394895	0.8678605105	0.347274876	1.060950697
0.1331404705	0.8668595295	0.3481360316	1.060548939
0.1341414515	0.8658585485	0.3490149928	1.060136493
0.1351424324	0.8648575676	0.3499113385	1.059713494
0.1361434134	0.8638565866	0.3508246595	1.059280075
0.1371443944	0.8628556056	0.3517545582	1.058836368
0.1381453754	0.8618546246	0.3527006482	1.058382506
0.1391463564	0.8608536436	0.353662554	1.05791862
0.1401473373	0.8598526627	0.35463991	1.057444839
0.1411483183	0.8588516817	0.3556323609	1.056961291
0.1421492993	0.8578507007	0.3566395607	1.056468107
0.1431502803	0.8568497197	0.3576611729	1.055965412
0.1441512613	0.8558487387	0.3586968694	1.055453332
0.1451522422	0.8548477578	0.359746331	1.054931993
0.1461532232	0.8538467768	0.3608092465	1.054401519
0.1471542042	0.8528457958	0.3618853126	1.053862033
0.1481551852	0.8518448148	0.3629742336	1.053313657
0.1491561662	0.8508438338	0.3640757214	1.052756513
0.1501571471	0.8498428529	0.3651894946	1.052190721
0.1511581281	0.8488418719	0.366315279	1.051616399
0.1521591091	0.8478408909	0.3674528067	1.051033667
0.1531600901	0.8468399099	0.3686018163	1.05044264
0.1541610711	0.8458389289	0.3697620525	1.049843436
0.1551620521	0.8448379479	0.3709332661	1.049236169
0.156163033	0.843836967	0.3721152134	1.048620954
0.157164014	0.842835986	0.3733076565	1.047997903
0.158164995	0.841835005	0.3745103626	1.047367128
0.159165976	0.840834024	0.3757231043	1.046728741
0.160166957	0.839833043	0.3769456591	1.046082851
0.1611679379	0.8388320621	0.3781778095	1.045429567
0.1621689189	0.8378310811	0.3794193425	1.044768997
0.1631698999	0.8368301001	0.3806700497	1.044101249
0.1641708809	0.8358291191	0.3819297274	1.043426426
0.1651718619	0.8348281381	0.3831981758	1.042744636
0.1661728428	0.8338271572	0.3844751993	1.04205598
0.1671738238	0.8328261762	0.3857606066	1.041360563
0.1681748048	0.8318251952	0.38705421	1.040658486
0.1691757858	0.8308242142	0.3883558256	1.039949848
0.1701767668	0.8298232332	0.3896652734	1.039234752
0.1711777477	0.8288222523	0.3909823767	1.038513294
0.1721787287	0.8278212713	0.3923069623	1.037785572
0.1731797097	0.8268202903	0.3936388605	1.037051684
0.1741806907	0.8258193093	0.3949779047	1.036311725
0.1751816717	0.8248183283	0.3963239316	1.03556579
0.1761826527	0.8238173473	0.3976767809	1.034813972
0.1771836336	0.8228163664	0.3990362952	1.034056364
0.1781846146	0.8218153854	0.4004023202	1.033293059
0.1791855956	0.8208144044	0.4017747043	1.032524146
0.1801865766	0.8198134234	0.4031532986	1.031749717
0.1811875576	0.8188124424	0.4045379571	1.030969858
0.1821885385	0.8178114615	0.4059285362	1.03018466
0.1831895195	0.8168104805	0.4073248949	1.029394208
0.1841905005	0.8158094995	0.4087268948	1.028598588
0.1851914815	0.8148085185	0.4101343996	1.027797887
0.1861924625	0.8138075375	0.4115472757	1.026992187
0.1871934434	0.8128065566	0.4129653916	1.026181573
0.1881944244	0.8118055756	0.414388618	1.025366126
0.1891954054	0.8108045946	0.4158168279	1.024545929
0.1901963864	0.8098036136	0.4172498964	1.023721061
0.1911973674	0.8088026326	0.4186877006	1.022891603
0.1921983483	0.8078016517	0.4201301196	1.022057633
0.1931993293	0.8068006707	0.4215770346	1.021219229
0.1942003103	0.8057996897	0.4230283287	1.020376468
0.1952012913	0.8047987087	0.4244838868	1.019529426
0.1962022723	0.8037977277	0.4259435957	1.018678179
0.1972032533	0.8027967467	0.427407344	1.017822801
0.1982042342	0.8017957658	0.4288750219	1.016963366
0.1992052152	0.8007947848	0.4303465217	1.016099946
0.2002061962	0.7997938038	0.431821737	1.015232614
0.2012071772	0.7987928228	0.4333005632	1.01436144
0.2022081582	0.7977918418	0.4347828972	1.013486494
0.2032091391	0.7967908609	0.4362686378	1.012607847
0.2042101201	0.7957898799	0.4377576849	1.011725567
0.2052111011	0.7947888989	0.4392499401	1.010839722
0.2062120821	0.7937879179	0.4407453067	1.009950379
0.2072130631	0.7927869369	0.442243689	1.009057604
0.208214044	0.791785956	0.4437449931	1.008161462
0.209215025	0.790784975	0.4452491263	1.00726202
0.210216006	0.789783994	0.4467559972	1.006359339
0.211216987	0.788783013	0.448265516	1.005453485
0.212217968	0.787782032	0.449777594	1.004544519
0.2132189489	0.7867810511	0.4512921437	1.003632503
0.2142199299	0.7857800701	0.4528090791	1.002717498
0.2152209109	0.7847790891	0.4543283152	1.001799564
0.2162218919	0.7837781081	0.4558497684	1.000878761
0.2172228729	0.7827771271	0.4573733563	0.9999551486
0.2182238539	0.7817761461	0.4588989974	0.9990287839
0.2192248348	0.7807751652	0.4604266116	0.9980997247
0.2202258158	0.7797741842	0.4619561198	0.9971680279
0.2212267968	0.7787732032	0.4634874442	0.9962337494
0.2222277778	0.7777722222	0.4650205077	0.9952969447
0.2232287588	0.7767712412	0.4665552347	0.9943576686
0.2242297397	0.7757702603	0.4680915503	0.9934159751
0.2252307207	0.7747692793	0.4696293809	0.9924719177
0.2262317017	0.7737682983	0.4711686537	0.9915255492
0.2272326827	0.7727673173	0.472709297	0.9905769216
0.2282336637	0.7717663363	0.4742512401	0.9896260865
0.2292346446	0.7707653554	0.4757944131	0.9886730947
0.2302356256	0.7697643744	0.4773387473	0.9877179965
0.2312366066	0.7687633934	0.4788841748	0.9867608415
0.2322375876	0.7677624124	0.4804306285	0.9858016787
0.2332385686	0.7667614314	0.4819780423	0.9848405565
0.2342395495	0.7657604505	0.4835263511	0.9838775227
0.2352405305	0.7647594695	0.4850754906	0.9829126245
0.2362415115	0.7637584885	0.4866253972	0.9819459086
0.2372424925	0.7627575075	0.4881760083	0.9809774209
0.2382434735	0.7617565265	0.4897272622	0.980007207
0.2392444545	0.7607555455	0.4912790979	0.9790353118
0.2402454354	0.7597545646	0.4928314552	0.9780617796
0.2412464164	0.7587535836	0.4943842748	0.9770866541
0.2422473974	0.7577526026	0.495937498	0.9761099787
0.2432483784	0.7567516216	0.4974910671	0.975131796
0.2442493594	0.7557506406	0.499044925	0.9741521481
0.2452503403	0.7547496597	0.5005990155	0.9731710767
0.2462513213	0.7537486787	0.5021532829	0.972188623
0.2472523023	0.7527476977	0.5037076725	0.9712048273
0.2482532833	0.7517467167	0.5052621301	0.9702197299
0.2492542643	0.7507457357	0.5068166024	0.9692333703
0.2502552452	0.7497447548	0.5083710366	0.9682457874
0.2512562262	0.7487437738	0.5099253807	0.9672570199
0.2522572072	0.7477427928	0.5114795835	0.9662671058
0.2532581882	0.7467418118	0.5130335943	0.9652760827
0.2542591692	0.7457408308	0.514587363	0.9642839877
0.2552601502	0.7447398498	0.5161408404	0.9632908573
0.2562611311	0.7437388689	0.5176939777	0.9622967278
0.2572621121	0.7427378879	0.5192467269	0.9613016347
0.2582630931	0.7417369069	0.5207990406	0.9603056134
0.2592640741	0.7407359259	0.5223508719	0.9593086985
0.2602650551	0.7397349449	0.5239021747	0.9583109243
0.261266036	0.738733964	0.5254529033	0.9573123248
0.262267017	0.737732983	0.5270030129	0.9563129333
0.263267998	0.736732002	0.5285524589	0.9553127828
0.264268979	0.735731021	0.5301011976	0.954311906
0.26526996	0.73473004	0.5316491856	0.9533103348
0.2662709409	0.7337290591	0.5331963804	0.952308101
0.2672719219	0.7327280781	0.5347427398	0.951305236
0.2682729029	0.7317270971	0.5362882222	0.9503017705
0.2692738839	0.7307261161	0.5378327866	0.9492977351
0.2702748649	0.7297251351	0.5393763926	0.9482931599
0.2712758458	0.7287241542	0.5409190001	0.9472880744
0.2722768268	0.7277231732	0.5424605698	0.9462825081
0.2732778078	0.7267221922	0.5440010628	0.9452764897
0.2742787888	0.7257212112	0.5455404406	0.9442700479
0.2752797698	0.7247202302	0.5470786654	0.9432632107
0.2762807508	0.7237192492	0.5486156999	0.9422560058
0.2772817317	0.7227182683	0.5501515071	0.9412484608
0.2782827127	0.7217172873	0.5516860507	0.9402406025
0.2792836937	0.7207163063	0.5532192947	0.9392324577
0.2802846747	0.7197153253	0.5547512038	0.9382240526
0.2812856557	0.7187143443	0.556281743	0.9372154132
0.2822866366	0.7177133634	0.5578108778	0.9362065652
0.2832876176	0.7167123824	0.5593385743	0.9351975336
0.2842885986	0.7157114014	0.5608647987	0.9341883435
0.2852895796	0.7147104204	0.5623895182	0.9331790195
0.2862905606	0.7137094394	0.5639126999	0.9321695857
0.2872915415	0.7127084585	0.5654343117	0.931160066
0.2882925225	0.7117074775	0.5669543218	0.9301504841
0.2892935035	0.7107064965	0.5684726988	0.9291408632
0.2902944845	0.7097055155	0.5699894119	0.9281312263
0.2912954655	0.7087045345	0.5715044306	0.9271215959
0.2922964464	0.7077035536	0.5730177248	0.9261119945
0.2932974274	0.7067025726	0.5745292648	0.9251024439
0.2942984084	0.7057015916	0.5760390213	0.9240929659
0.2952993894	0.7047006106	0.5775469656	0.923083582
0.2963003704	0.7036996296	0.5790530693	0.9220743131
0.2973013514	0.7026986486	0.5805573041	0.9210651802
0.2983023323	0.7016976677	0.5820596426	0.9200562038
0.2993033133	0.7006966867	0.5835600574	0.919047404
0.3003042943	0.6996957057	0.5850585217	0.9180388009
0.3013052753	0.6986947247	0.5865550089	0.9170304141
0.3023062563	0.6976937437	0.5880494929	0.9160222631
0.3033072372	0.6966927628	0.589541948	0.9150143669
0.3043082182	0.6956917818	0.5910323488	0.9140067444
0.3053091992	0.6946908008	0.5925206703	0.9129994142
0.3063101802	0.6936898198	0.5940068877	0.9119923947
0.3073111612	0.6926888388	0.5954909768	0.9109857039
0.3083121421	0.6916878579	0.5969729137	0.9099793595
0.3093131231	0.6906868769	0.5984526746	0.9089733793
0.3103141041	0.6896858959	0.5999302365	0.9079677804
0.3113150851	0.6886849149	0.6014055762	0.90696258
0.3123160661	0.6876839339	0.6028786713	0.9059577948
0.313317047	0.686682953	0.6043494995	0.9049534415
0.314318028	0.685681972	0.6058180389	0.9039495363
0.315319009	0.684680991	0.6072842678	0.9029460953
0.31631999	0.68368001	0.608748165	0.9019431345
0.317320971	0.682679029	0.6102097097	0.9009406694
0.318321952	0.681678048	0.611668881	0.8999387154
0.3193229329	0.6806770671	0.6131256587	0.8989372878
0.3203239139	0.6796760861	0.6145800228	0.8979364014
0.3213248949	0.6786751051	0.6160319537	0.8969360711
0.3223258759	0.6776741241	0.6174814318	0.8959363113
0.3233268569	0.6766731431	0.6189284381	0.8949371364
0.3243278378	0.6756721622	0.6203729538	0.8939385603
0.3253288188	0.6746711812	0.6218149603	0.8929405971
0.3263297998	0.6736702002	0.6232544396	0.8919432604
0.3273307808	0.6726692192	0.6246913735	0.8909465637
0.3283317618	0.6716682382	0.6261257446	0.8899505201
0.3293327427	0.6706672573	0.6275575354	0.8889551429
0.3303337237	0.6696662763	0.6289867289	0.8879604449
0.3313347047	0.6686652953	0.6304133082	0.8869664387
0.3323356857	0.6676643143	0.6318372568	0.8859731368
0.3333366667	0.6666633333	0.6332585585	0.8849805516
0.3343376476	0.6656623524	0.6346771973	0.8839886951
0.3353386286	0.6646613714	0.6360931574	0.8829975793
0.3363396096	0.6636603904	0.6375064234	0.8820072158
0.3373405906	0.6626594094	0.6389169801	0.8810176164
0.3383415716	0.6616584284	0.6403248125	0.8800287923
0.3393425526	0.6606574474	0.641729906	0.8790407547
0.3403435335	0.6596564665	0.6431322461	0.8780535147
0.3413445145	0.6586554855	0.6445318185	0.8770670831
0.3423454955	0.6576545045	0.6459286095	0.8760814706
0.3433464765	0.6566535235	0.6473226052	0.8750966878
0.3443474575	0.6556525425	0.6487137922	0.8741127449
0.3453484384	0.6546515616	0.6501021573	0.8731296522
0.3463494194	0.6536505806	0.6514876875	0.8721474197
0.3473504004	0.6526495996	0.6528703701	0.8711660572
0.3483513814	0.6516486186	0.6542501925	0.8701855745
0.3493523624	0.6506476376	0.6556271425	0.8692059812
0.3503533433	0.6496466567	0.6570012079	0.8682272865
0.3513543243	0.6486456757	0.6583723771	0.8672494998
0.3523553053	0.6476446947	0.6597406382	0.8662726301
0.3533562863	0.6466437137	0.6611059801	0.8652966864
0.3543572673	0.6456427327	0.6624683914	0.8643216775
0.3553582482	0.6446417518	0.6638278612	0.863347612
0.3563592292	0.6436407708	0.6651843788	0.8623744985
0.3573602102	0.6426397898	0.6665379336	0.8614023453
0.3583611912	0.6416388088	0.6678885153	0.8604311606
0.3593621722	0.6406378278	0.6692361138	0.8594609525
0.3603631532	0.6396368468	0.6705807192	0.8584917291
0.3613641341	0.6386358659	0.6719223217	0.857523498
0.3623651151	0.6376348849	0.6732609119	0.856556267
0.3633660961	0.6366339039	0.6745964804	0.8555900436
0.3643670771	0.6356329229	0.6759290182	0.8546248353
0.3653680581	0.6346319419	0.6772585162	0.8536606494
0.366369039	0.633630961	0.6785849657	0.852697493
0.36737002	0.63262998	0.6799083583	0.8517353731
0.368371001	0.631628999	0.6812286855	0.8507742967
0.369371982	0.630628018	0.6825459392	0.8498142706
0.370372963	0.629627037	0.6838601114	0.8488553015
0.3713739439	0.6286260561	0.6851711942	0.8478973959
0.3723749249	0.6276250751	0.6864791802	0.8469405602
0.3733759059	0.6266240941	0.6877840618	0.8459848008
0.3743768869	0.6256231131	0.6890858317	0.8450301239
0.3753778679	0.6246221321	0.6903844829	0.8440765356
0.3763788488	0.6236211512	0.6916800084	0.8431240419
0.3773798298	0.6226201702	0.6929724016	0.8421726486
0.3783808108	0.6216191892	0.6942616557	0.8412223615
0.3793817918	0.6206182082	0.6955477644	0.8402731863
0.3803827728	0.6196172272	0.6968307215	0.8393251285
0.3813837538	0.6186162462	0.6981105209	0.8383781935
0.3823847347	0.6176152653	0.6993871565	0.8374323868
0.3833857157	0.6166142843	0.7006606228	0.8364877135
0.3843866967	0.6156133033	0.701930914	0.8355441788
0.3853876777	0.6146123223	0.7031980247	0.8346017877
0.3863886587	0.6136113413	0.7044619497	0.8336605452
0.3873896396	0.6126103604	0.7057226838	0.8327204561
0.3883906206	0.6116093794	0.7069802219	0.8317815252
0.3893916016	0.6106083984	0.7082345593	0.830843757
0.3903925826	0.6096074174	0.7094856913	0.8299071562
0.3913935636	0.6086064364	0.7107336134	0.8289717273
0.3923945445	0.6076054555	0.711978321	0.8280374745
0.3933955255	0.6066044745	0.7132198101	0.8271044022
0.3943965065	0.6056034935	0.7144580764	0.8261725146
0.3953974875	0.6046025125	0.715693116	0.8252418158
0.3963984685	0.6036015315	0.7169249251	0.8243123098
0.3973994494	0.6026005506	0.7181535	0.8233840005
0.3984004304	0.6015995696	0.7193788371	0.8224568918
0.3994014114	0.6005985886	0.7206009329	0.8215309874
0.4004023924	0.5995976076	0.7218197843	0.8206062911
0.4014033734	0.5985966266	0.7230353881	0.8196828064
0.4024043544	0.5975956456	0.7242477411	0.8187605369
0.4034053353	0.5965946647	0.7254568405	0.8178394859
0.4044063163	0.5955936837	0.7266626836	0.8169196569
0.4054072973	0.5945927027	0.7278652677	0.8160010531
0.4064082783	0.5935917217	0.7290645903	0.8150836778
0.4074092593	0.5925907407	0.730260649	0.814167534
0.4084102402	0.5915897598	0.7314534414	0.8132526249
0.4094112212	0.5905887788	0.7326429655	0.8123389534
0.4104122022	0.5895877978	0.7338292192	0.8114265224
0.4114131832	0.5885868168	0.7350122005	0.8105153348
0.4124141642	0.5875858358	0.7361919078	0.8096053933
0.4134151451	0.5865848549	0.7373683392	0.8086967006
0.4144161261	0.5855838739	0.7385414932	0.8077892594
0.4154171071	0.5845828929	0.7397113684	0.8068830723
0.4164180881	0.5835819119	0.7408779634	0.8059781416
0.4174190691	0.5825809309	0.7420412769	0.8050744699
0.4184200501	0.5815799499	0.7432013078	0.8041720595
0.419421031	0.580578969	0.7443580552	0.8032709126
0.420422012	0.579577988	0.745511518	0.8023710317
0.421422993	0.578577007	0.7466616955	0.8014724187
0.422423974	0.577576026	0.7478085869	0.8005750758
0.423424955	0.576575045	0.7489521916	0.7996790051
0.4244259359	0.5755740641	0.7500925092	0.7987842085
0.4254269169	0.5745730831	0.7512295391	0.797890688
0.4264278979	0.5735721021	0.7523632812	0.7969984454
0.4274288789	0.5725711211	0.7534937352	0.7961074826
0.4284298599	0.5715701401	0.754620901	0.7952178013
0.4294308408	0.5705691592	0.7557447785	0.7943294031
0.4304318218	0.5695681782	0.7568653679	0.7934422897
0.4314328028	0.5685671972	0.7579826693	0.7925564628
0.4324337838	0.5675662162	0.759096683	0.7916719238
0.4334347648	0.5665652352	0.7602074093	0.7907886742
0.4344357457	0.5655642543	0.7613148486	0.7899067154
0.4354367267	0.5645632733	0.7624190015	0.7890260488
0.4364377077	0.5635622923	0.7635198687	0.7881466757
0.4374386887	0.5625613113	0.7646174508	0.7872685973
0.4384396697	0.5615603303	0.7657117485	0.786391815
0.4394406507	0.5605593493	0.7668027629	0.7855163298
0.4404416316	0.5595583684	0.7678904948	0.7846421428
0.4414426126	0.5585573874	0.7689749453	0.7837692552
0.4424435936	0.5575564064	0.7700561156	0.7828976679
0.4434445746	0.5565554254	0.7711340067	0.782027382
0.4444455556	0.5555544444	0.7722086201	0.7811583982
0.4454465365	0.5545534635	0.773279957	0.7802907176
0.4464475175	0.5535524825	0.7743480189	0.7794243409
0.4474484985	0.5525515015	0.7754128074	0.778559269
0.4484494795	0.5515505205	0.7764743239	0.7776955025
0.4494504605	0.5505495395	0.7775325703	0.7768330423
0.4504514414	0.5495485586	0.7785875482	0.7759718888
0.4514524224	0.5485475776	0.7796392595	0.7751120428
0.4524534034	0.5475465966	0.780687706	0.7742535049
0.4534543844	0.5465456156	0.7817328897	0.7733962755
0.4544553654	0.5455446346	0.7827748126	0.7725403551
0.4554563463	0.5445436537	0.7838134769	0.7716857442
0.4564573273	0.5435426727	0.7848488846	0.7708324432
0.4574583083	0.5425416917	0.7858810381	0.7699804525
0.4584592893	0.5415407107	0.7869099396	0.7691297724
0.4594602703	0.5405397297	0.7879355916	0.7682804032
0.4604612513	0.5395387487	0.7889579964	0.7674323452
0.4614622322	0.5385377678	0.7899771565	0.7665855985
0.4624632132	0.5375367868	0.7909930745	0.7657401635
0.4634641942	0.5365358058	0.792005753	0.7648960401
0.4644651752	0.5355348248	0.7930151948	0.7640532285
0.4654661562	0.5345338438	0.7940214025	0.7632117288
0.4664671371	0.5335328629	0.795024379	0.7623715411
0.4674681181	0.5325318819	0.7960241271	0.7615326653
0.4684690991	0.5315309009	0.7970206497	0.7606951014
0.4694700801	0.5305299199	0.7980139499	0.7598588494
0.4704710611	0.5295289389	0.7990040307	0.7590239092
0.471472042	0.528527958	0.7999908952	0.7581902805
0.472473023	0.527526977	0.8009745465	0.7573579634
0.473474004	0.526525996	0.8019549879	0.7565269576
0.474474985	0.525525015	0.8029322226	0.7556972628
0.475475966	0.524524034	0.8039062539	0.7548688789
0.4764769469	0.5235230531	0.8048770851	0.7540418056
0.4774779279	0.5225220721	0.8058447198	0.7532160424
0.4784789089	0.5215210911	0.8068091614	0.7523915892
0.4794798899	0.5205201101	0.8077704133	0.7515684455
0.4804808709	0.5195191291	0.8087284793	0.750746611
0.4814818519	0.5185181481	0.8096833628	0.7499260851
0.4824828328	0.5175171672	0.8106350676	0.7491068676
0.4834838138	0.5165161862	0.8115835973	0.7482889578
0.4844847948	0.5155152052	0.8125289559	0.7474723553
0.4854857758	0.5145142242	0.8134711469	0.7466570595
0.4864867568	0.5135132432	0.8144101744	0.7458430699
0.4874877377	0.5125122623	0.8153460422	0.745030386
0.4884887187	0.5115112813	0.8162787542	0.744219007
0.4894896997	0.5105103003	0.8172083145	0.7434089324
0.4904906807	0.5095093193	0.8181347271	0.7426001615
0.4914916617	0.5085083383	0.819057996	0.7417926936
0.4924926426	0.5075073574	0.8199781254	0.740986528
0.4934936236	0.5065063764	0.8208951194	0.740181664
0.4944946046	0.5055053954	0.8218089822	0.7393781008
0.4954955856	0.5045044144	0.8227197181	0.7385758377
0.4964965666	0.5035034334	0.8236273314	0.7377748738
0.4974975475	0.5025024525	0.8245318263	0.7369752083
0.4984985285	0.5015014715	0.8254332073	0.7361768405
0.4994995095	0.5005004905	0.8263314786	0.7353797693
0.5005004905	0.4994995095	0.8272266448	0.734583994
0.5015014715	0.4984985285	0.8281187104	0.7337895135
0.5025024525	0.4974975475	0.8290076797	0.7329963271
0.5035034334	0.4964965666	0.8298935574	0.7322044337
0.5045044144	0.4954955856	0.830776348	0.7314138324
0.5055053954	0.4944946046	0.8316560562	0.7306245222
0.5065063764	0.4934936236	0.8325326865	0.7298365021
0.5075073574	0.4924926426	0.8334062437	0.729049771
0.5085083383	0.4914916617	0.8342767325	0.7282643279
0.5095093193	0.4904906807	0.8351441576	0.7274801718
0.5105103003	0.4894896997	0.8360085237	0.7266973015
0.5115112813	0.4884887187	0.8368698358	0.7259157159
0.5125122623	0.4874877377	0.8377280985	0.7251354141
0.5135132432	0.4864867568	0.8385833169	0.7243563947
0.5145142242	0.4854857758	0.8394354957	0.7235786566
0.5155152052	0.4844847948	0.8402846399	0.7228021987
0.5165161862	0.4834838138	0.8411307545	0.7220270199
0.5175171672	0.4824828328	0.8419738444	0.7212531188
0.5185181481	0.4814818519	0.8428139146	0.7204804942
0.5195191291	0.4804808709	0.8436509702	0.7197091451
0.5205201101	0.4794798899	0.8444850163	0.7189390699
0.5215210911	0.4784789089	0.8453160578	0.7181702676
0.5225220721	0.4774779279	0.8461441001	0.7174027369
0.5235230531	0.4764769469	0.8469691481	0.7166364763
0.524524034	0.475475966	0.847791207	0.7158714847
0.525525015	0.474474985	0.8486102821	0.7151077607
0.526525996	0.473474004	0.8494263785	0.714345303
0.527526977	0.472473023	0.8502395016	0.7135841102
0.528527958	0.471472042	0.8510496564	0.7128241809
0.5295289389	0.4704710611	0.8518568484	0.7120655137
0.5305299199	0.4694700801	0.8526610829	0.7113081073
0.5315309009	0.4684690991	0.8534623651	0.7105519603
0.5325318819	0.4674681181	0.8542607004	0.7097970712
0.5335328629	0.4664671371	0.8550560942	0.7090434387
0.5345338438	0.4654661562	0.8558485519	0.7082910611
0.5355348248	0.4644651752	0.8566380789	0.7075399372
0.5365358058	0.4634641942	0.8574246806	0.7067900654
0.5375367868	0.4624632132	0.8582083624	0.7060414443
0.5385377678	0.4614622322	0.8589891299	0.7052940723
0.5395387487	0.4604612513	0.8597669886	0.704547948
0.5405397297	0.4594602703	0.8605419438	0.7038030698
0.5415407107	0.4584592893	0.8613140012	0.7030594362
0.5425416917	0.4574583083	0.8620831664	0.7023170457
0.5435426727	0.4564573273	0.8628494448	0.7015758967
0.5445436537	0.4554563463	0.863612842	0.7008359877
0.5455446346	0.4544553654	0.8643733637	0.700097317
0.5465456156	0.4534543844	0.8651310154	0.6993598832
0.5475465966	0.4524534034	0.8658858027	0.6986236847
0.5485475776	0.4514524224	0.8666377314	0.6978887197
0.5495485586	0.4504514414	0.8673868071	0.6971549868
0.5505495395	0.4494504605	0.8681330353	0.6964224843
0.5515505205	0.4484494795	0.868876422	0.6956912106
0.5525515015	0.4474484985	0.8696169726	0.694961164
0.5535524825	0.4464475175	0.8703546929	0.694232343
0.5545534635	0.4454465365	0.8710895888	0.6935047457
0.5555544444	0.4444455556	0.8718216658	0.6927783707
0.5565554254	0.4434445746	0.8725509297	0.6920532162
0.5575564064	0.4424435936	0.8732773864	0.6913292805
0.5585573874	0.4414426126	0.8740010416	0.690606562
0.5595583684	0.4404416316	0.8747219011	0.6898850589
0.5605593493	0.4394406507	0.8754399706	0.6891647696
0.5615603303	0.4384396697	0.876155256	0.6884456923
0.5625613113	0.4374386887	0.8768677632	0.6877278254
0.5635622923	0.4364377077	0.8775774979	0.6870111671
0.5645632733	0.4354367267	0.878284466	0.6862957156
0.5655642543	0.4344357457	0.8789886733	0.6855814693
0.5665652352	0.4334347648	0.8796901258	0.6848684264
0.5675662162	0.4324337838	0.8803888292	0.6841565852
0.5685671972	0.4314328028	0.8810847895	0.6834459438
0.5695681782	0.4304318218	0.8817780125	0.6827365005
0.5705691592	0.4294308408	0.8824685042	0.6820282536
0.5715701401	0.4284298599	0.8831562705	0.6813212012
0.5725711211	0.4274288789	0.8838413172	0.6806153417
0.5735721021	0.4264278979	0.8845236503	0.6799106731
0.5745730831	0.4254269169	0.8852032758	0.6792071938
0.5755740641	0.4244259359	0.8858801995	0.6785049018
0.576575045	0.423424955	0.8865544275	0.6778037954
0.577576026	0.422423974	0.8872259656	0.6771038729
0.578577007	0.421422993	0.8878948198	0.6764051323
0.579577988	0.420422012	0.8885609962	0.6757075718
0.580578969	0.419421031	0.8892245006	0.6750111897
0.5815799499	0.4184200501	0.889885339	0.674315984
0.5825809309	0.4174190691	0.8905435174	0.673621953
0.5835819119	0.4164180881	0.8911990419	0.6729290949
0.5845828929	0.4154171071	0.8918519184	0.6722374076
0.5855838739	0.4144161261	0.8925021528	0.6715468895
0.5865848549	0.4134151451	0.8931497513	0.6708575387
0.5875858358	0.4124141642	0.8937947197	0.6701693532
0.5885868168	0.4114131832	0.8944370642	0.6694823313
0.5895877978	0.4104122022	0.8950767907	0.6687964711
0.5905887788	0.4094112212	0.8957139053	0.6681117707
0.5915897598	0.4084102402	0.8963484139	0.6674282282
0.5925907407	0.4074092593	0.8969803227	0.6667458417
0.5935917217	0.4064082783	0.8976096375	0.6660646095
0.5945927027	0.4054072973	0.8982363645	0.6653845294
0.5955936837	0.4044063163	0.8988605098	0.6647055998
0.5965946647	0.4034053353	0.8994820792	0.6640278187
0.5975956456	0.4024043544	0.9001010789	0.6633511842
0.5985966266	0.4014033734	0.9007175149	0.6626756944
0.5995976076	0.4004023924	0.9013313932	0.6620013474
0.6005985886	0.3994014114	0.90194272	0.6613281413
0.6015995696	0.3984004304	0.9025515011	0.6606560742
0.6026005506	0.3973994494	0.9031577428	0.6599851442
0.6036015315	0.3963984685	0.903761451	0.6593153494
0.6046025125	0.3953974875	0.9043626317	0.6586466878
0.6056034935	0.3943965065	0.9049612911	0.6579791576
0.6066044745	0.3933955255	0.9055574352	0.6573127567
0.6076054555	0.3923945445	0.9061510699	0.6566474834
0.6086064364	0.3913935636	0.9067422015	0.6559833357
0.6096074174	0.3903925826	0.9073308359	0.6553203115
0.6106083984	0.3893916016	0.9079169792	0.6546584092
0.6116093794	0.3883906206	0.9085006373	0.6539976266
0.6126103604	0.3873896396	0.9090818165	0.6533379618
0.6136113413	0.3863886587	0.9096605227	0.652679413
0.6146123223	0.3853876777	0.9102367619	0.6520219782
0.6156133033	0.3843866967	0.9108105403	0.6513656554
0.6166142843	0.3833857157	0.9113818638	0.6507104427
0.6176152653	0.3823847347	0.9119507386	0.6500563382
0.6186162462	0.3813837538	0.9125171706	0.6494033399
0.6196172272	0.3803827728	0.9130811658	0.6487514459
0.6206182082	0.3793817918	0.9136427304	0.6481006542
0.6216191892	0.3783808108	0.9142018704	0.6474509629
0.6226201702	0.3773798298	0.9147585918	0.6468023701
0.6236211512	0.3763788488	0.9153129005	0.6461548738
0.6246221321	0.3753778679	0.9158648028	0.645508472
0.6256231131	0.3743768869	0.9164143045	0.6448631628
0.6266240941	0.3733759059	0.9169614118	0.6442189442
0.6276250751	0.3723749249	0.9175061305	0.6435758144
0.6286260561	0.3713739439	0.9180484669	0.6429337713
0.629627037	0.370372963	0.9185884268	0.642292813
0.630628018	0.369371982	0.9191260162	0.6416529375
0.631628999	0.368371001	0.9196612413	0.6410141429
0.63262998	0.36737002	0.920194108	0.6403764272
0.633630961	0.366369039	0.9207246222	0.6397397885
0.6346319419	0.3653680581	0.9212527901	0.6391042248
0.6356329229	0.3643670771	0.9217786175	0.6384697342
0.6366339039	0.3633660961	0.9223021106	0.6378363147
0.6376348849	0.3623651151	0.9228232752	0.6372039643
0.6386358659	0.3613641341	0.9233421173	0.6365726811
0.6396368468	0.3603631532	0.9238586429	0.6359424631
0.6406378278	0.3593621722	0.9243728581	0.6353133084
0.6416388088	0.3583611912	0.9248847687	0.6346852151
0.6426397898	0.3573602102	0.9253943808	0.6340581811
0.6436407708	0.3563592292	0.9259017002	0.6334322045
0.6446417518	0.3553582482	0.926406733	0.6328072834
0.6456427327	0.3543572673	0.926909485	0.6321834157
0.6466437137	0.3533562863	0.9274099623	0.6315605996
0.6476446947	0.3523553053	0.9279081708	0.6309388331
0.6486456757	0.3513543243	0.9284041163	0.6303181142
0.6496466567	0.3503533433	0.9288978049	0.629698441
0.6506476376	0.3493523624	0.9293892425	0.6290798115
0.6516486186	0.3483513814	0.9298784349	0.6284622238
0.6526495996	0.3473504004	0.9303653881	0.6278456759
0.6536505806	0.3463494194	0.9308501079	0.6272301658
0.6546515616	0.3453484384	0.9313326004	0.6266156917
0.6556525425	0.3443474575	0.9318128713	0.6260022515
0.6566535235	0.3433464765	0.9322909265	0.6253898433
0.6576545045	0.3423454955	0.932766772	0.6247784652
0.6586554855	0.3413445145	0.9332404136	0.6241681152
0.6596564665	0.3403435335	0.9337118572	0.6235587914
0.6606574474	0.3393425526	0.9341811086	0.6229504918
0.6616584284	0.3383415716	0.9346481737	0.6223432144
0.6626594094	0.3373405906	0.9351130583	0.6217369574
0.6636603904	0.3363396096	0.9355757683	0.6211317188
0.6646613714	0.3353386286	0.9360363095	0.6205274966
0.6656623524	0.3343376476	0.9364946877	0.6199242889
0.6666633333	0.3333366667	0.9369509087	0.6193220937
0.6676643143	0.3323356857	0.9374049784	0.6187209092
0.6686652953	0.3313347047	0.9378569026	0.6181207334
0.6696662763	0.3303337237	0.9383066871	0.6175215643
0.6706672573	0.3293327427	0.9387543375	0.6169234
0.6716682382	0.3283317618	0.9391998598	0.6163262386
0.6726692192	0.3273307808	0.9396432597	0.6157300781
0.6736702002	0.3263297998	0.940084543	0.6151349167
0.6746711812	0.3253288188	0.9405237154	0.6145407523
0.6756721622	0.3243278378	0.9409607827	0.6139475831
0.6766731431	0.3233268569	0.9413957506	0.6133554071
0.6776741241	0.3223258759	0.9418286248	0.6127642224
0.6786751051	0.3213248949	0.9422594111	0.6121740271
0.6796760861	0.3203239139	0.9426881152	0.6115848192
0.6806770671	0.3193229329	0.9431147429	0.6109965969
0.681678048	0.318321952	0.9435392997	0.6104093582
0.682679029	0.317320971	0.9439617915	0.6098231012
0.68368001	0.31631999	0.9443822238	0.609237824
0.684680991	0.315319009	0.9448006024	0.6086535247
0.685681972	0.314318028	0.945216933	0.6080702013
0.686682953	0.313317047	0.9456312211	0.607487852
0.6876839339	0.3123160661	0.9460434725	0.6069064748
0.6886849149	0.3113150851	0.9464536928	0.6063260678
0.6896858959	0.3103141041	0.9468618877	0.6057466292
0.6906868769	0.3093131231	0.9472680627	0.605168157
0.6916878579	0.3083121421	0.9476722234	0.6045906494
0.6926888388	0.3073111612	0.9480743755	0.6040141044
0.6936898198	0.3063101802	0.9484745247	0.6034385201
0.6946908008	0.3053091992	0.9488726763	0.6028638946
0.6956917818	0.3043082182	0.9492688362	0.6022902261
0.6966927628	0.3033072372	0.9496630097	0.6017175127
0.6976937437	0.3023062563	0.9500552026	0.6011457524
0.6986947247	0.3013052753	0.9504454202	0.6005749435
0.6996957057	0.3003042943	0.9508336683	0.6000050839
0.7006966867	0.2993033133	0.9512199523	0.5994361718
0.7016976677	0.2983023323	0.9516042777	0.5988682054
0.7026986486	0.2973013514	0.9519866501	0.5983011828
0.7036996296	0.2963003704	0.9523670749	0.597735102
0.7047006106	0.2952993894	0.9527455578	0.5971699613
0.7057015916	0.2942984084	0.953122104	0.5966057587
0.7067025726	0.2932974274	0.9534967192	0.5960424924
0.7077035536	0.2922964464	0.9538694088	0.5954801605
0.7087045345	0.2912954655	0.9542401783	0.5949187611
0.7097055155	0.2902944845	0.9546090331	0.5943582924
0.7107064965	0.2892935035	0.9549759786	0.5937987526
0.7117074775	0.2882925225	0.9553410203	0.5932401397
0.7127084585	0.2872915415	0.9557041636	0.592682452
0.7137094394	0.2862905606	0.956065414	0.5921256875
0.7147104204	0.2852895796	0.9564247767	0.5915698445
0.7157114014	0.2842885986	0.9567822573	0.591014921
0.7167123824	0.2832876176	0.957137861	0.5904609152
0.7177133634	0.2822866366	0.9574915933	0.5899078254
0.7187143443	0.2812856557	0.9578434595	0.5893556496
0.7197153253	0.2802846747	0.9581934649	0.588804386
0.7207163063	0.2792836937	0.958541615	0.5882540327
0.7217172873	0.2782827127	0.958887915	0.5877045881
0.7227182683	0.2772817317	0.9592323703	0.5871560501
0.7237192492	0.2762807508	0.9595749862	0.586608417
0.7247202302	0.2752797698	0.9599157679	0.586061687
0.7257212112	0.2742787888	0.9602547208	0.5855158583
0.7267221922	0.2732778078	0.9605918501	0.584970929
0.7277231732	0.2722768268	0.9609271612	0.5844268973
0.7287241542	0.2712758458	0.9612606592	0.5838837614
0.7297251351	0.2702748649	0.9615923494	0.5833415195
0.7307261161	0.2692738839	0.9619222371	0.5828001698
0.7317270971	0.2682729029	0.9622503275	0.5822597105
0.7327280781	0.2672719219	0.9625766258	0.5817201397
0.7337290591	0.2662709409	0.9629011371	0.5811814557
0.73473004	0.26526996	0.9632238668	0.5806436567
0.735731021	0.264268979	0.96354482	0.5801067409
0.736732002	0.263267998	0.9638640019	0.5795707065
0.737732983	0.262267017	0.9641814176	0.5790355518
0.738733964	0.261266036	0.9644970723	0.5785012748
0.7397349449	0.2602650551	0.9648109712	0.5779678739
0.7407359259	0.2592640741	0.9651231193	0.5774353472
0.7417369069	0.2582630931	0.9654335218	0.5769036931
0.7427378879	0.2572621121	0.9657421838	0.5763729096
0.7437388689	0.2562611311	0.9660491104	0.5758429951
0.7447398498	0.2552601502	0.9663543067	0.5753139478
0.7457408308	0.2542591692	0.9666577778	0.5747857658
0.7467418118	0.2532581882	0.9669595288	0.5742584476
0.7477427928	0.2522572072	0.9672595646	0.5737319912
0.7487437738	0.2512562262	0.9675578904	0.5732063949
0.7497447548	0.2502552452	0.9678545113	0.572681657
0.7507457357	0.2492542643	0.9681494321	0.5721577757
0.7517467167	0.2482532833	0.968442658	0.5716347494
0.7527476977	0.2472523023	0.9687341939	0.5711125761
0.7537486787	0.2462513213	0.9690240449	0.5705912543
0.7547496597	0.2452503403	0.9693122158	0.570070782
0.7557506406	0.2442493594	0.9695987118	0.5695511578
0.7567516216	0.2432483784	0.9698835378	0.5690323796
0.7577526026	0.2422473974	0.9701666986	0.568514446
0.7587535836	0.2412464164	0.9704481993	0.5679973551
0.7597545646	0.2402454354	0.9707280448	0.5674811051
0.7607555455	0.2392444545	0.97100624	0.5669656945
0.7617565265	0.2382434735	0.9712827898	0.5664511214
0.7627575075	0.2372424925	0.9715576991	0.5659373842
0.7637584885	0.2362415115	0.9718309729	0.5654244811
0.7647594695	0.2352405305	0.9721026158	0.5649124104
0.7657604505	0.2342395495	0.9723726329	0.5644011704
0.7667614314	0.2332385686	0.972641029	0.5638907595
0.7677624124	0.2322375876	0.9729078089	0.5633811759
0.7687633934	0.2312366066	0.9731729775	0.5628724179
0.7697643744	0.2302356256	0.9734365396	0.5623644838
0.7707653554	0.2292346446	0.9736984999	0.561857372
0.7717663363	0.2282336637	0.9739588634	0.5613510807
0.7727673173	0.2272326827	0.9742176347	0.5608456083
0.7737682983	0.2262317017	0.9744748187	0.560340953
0.7747692793	0.2252307207	0.9747304201	0.5598371133
0.7757702603	0.2242297397	0.9749844437	0.5593340874
0.7767712412	0.2232287588	0.9752368942	0.5588318736
0.7777722222	0.2222277778	0.9754877763	0.5583304703
0.7787732032	0.2212267968	0.9757370948	0.5578298759
0.7797741842	0.2202258158	0.9759848544	0.5573300886
0.7807751652	0.2192248348	0.9762310598	0.5568311068
0.7817761461	0.2182238539	0.9764757157	0.5563329288
0.7827771271	0.2172228729	0.9767188267	0.5558355531
0.7837781081	0.2162218919	0.9769603976	0.5553389778
0.7847790891	0.2152209109	0.9772004329	0.5548432015
0.7857800701	0.2142199299	0.9774389374	0.5543482224
0.7867810511	0.2132189489	0.9776759156	0.5538540389
0.787782032	0.212217968	0.9779113722	0.5533606494
0.788783013	0.211216987	0.9781453118	0.5528680522
0.789783994	0.210216006	0.978377739	0.5523762457
0.790784975	0.209215025	0.9786086583	0.5518852283
0.791785956	0.208214044	0.9788380745	0.5513949983
0.7927869369	0.2072130631	0.9790659919	0.5509055541
0.7937879179	0.2062120821	0.9792924153	0.5504168941
0.7947888989	0.2052111011	0.9795173491	0.5499290168
0.7957898799	0.2042101201	0.9797407979	0.5494419204
0.7967908609	0.2032091391	0.9799627661	0.5489556033
0.7977918418	0.2022081582	0.9801832584	0.548470064
0.7987928228	0.2012071772	0.9804022792	0.5479853009
0.7997938038	0.2002061962	0.980619833	0.5475013123
0.8007947848	0.1992052152	0.9808359243	0.5470180967
0.8017957658	0.1982042342	0.9810505575	0.5465356524
0.8027967467	0.1972032533	0.9812637371	0.546053978
0.8037977277	0.1962022723	0.9814754677	0.5455730716
0.8047987087	0.1952012913	0.9816857535	0.5450929319
0.8057996897	0.1942003103	0.981894599	0.5446135572
0.8068006707	0.1931993293	0.9821020087	0.544134946
0.8078016517	0.1921983483	0.9823079869	0.5436570966
0.8088026326	0.1911973674	0.9825125381	0.5431800075
0.8098036136	0.1901963864	0.9827156665	0.5427036771
0.8108045946	0.1891954054	0.9829173767	0.5422281039
0.8118055756	0.1881944244	0.9831176729	0.5417532862
0.8128065566	0.1871934434	0.9833165596	0.5412792226
0.8138075375	0.1861924625	0.9835140409	0.5408059115
0.8148085185	0.1851914815	0.9837101213	0.5403333513
0.8158094995	0.1841905005	0.9839048052	0.5398615405
0.8168104805	0.1831895195	0.9840980967	0.5393904775
0.8178114615	0.1821885385	0.9842900002	0.5389201608
0.8188124424	0.1811875576	0.9844805199	0.5384505888
0.8198134234	0.1801865766	0.9846696603	0.53798176
0.8208144044	0.1791855956	0.9848574254	0.5375136729
0.8218153854	0.1781846146	0.9850438196	0.537046326
0.8228163664	0.1771836336	0.985228847	0.5365797176
0.8238173473	0.1761826527	0.9854125121	0.5361138464
0.8248183283	0.1751816717	0.9855948188	0.5356487107
0.8258193093	0.1741806907	0.9857757716	0.5351843091
0.8268202903	0.1731797097	0.9859553745	0.53472064
0.8278212713	0.1721787287	0.9861336317	0.5342577019
0.8288222523	0.1711777477	0.9863105475	0.5337954933
0.8298232332	0.1701767668	0.9864861259	0.5333340127
0.8308242142	0.1691757858	0.9866603712	0.5328732587
0.8318251952	0.1681748048	0.9868332875	0.5324132296
0.8328261762	0.1671738238	0.9870048789	0.5319539241
0.8338271572	0.1661728428	0.9871751495	0.5314953405
0.8348281381	0.1651718619	0.9873441036	0.5310374775
0.8358291191	0.1641708809	0.987511745	0.5305803336
0.8368301001	0.1631698999	0.9876780781	0.5301239071
0.8378310811	0.1621689189	0.9878431067	0.5296681968
0.8388320621	0.1611679379	0.9880068351	0.529213201
0.839833043	0.160166957	0.9881692672	0.5287589184
0.840834024	0.159165976	0.9883304071	0.5283053474
0.841835005	0.158164995	0.9884902589	0.5278524866
0.842835986	0.157164014	0.9886488266	0.5274003345
0.843836967	0.156163033	0.9888061141	0.5269488897
0.8448379479	0.1551620521	0.9889621256	0.5264981506
0.8458389289	0.1541610711	0.9891168649	0.5260481159
0.8468399099	0.1531600901	0.9892703362	0.5255987841
0.8478408909	0.1521591091	0.9894225432	0.5251501537
0.8488418719	0.1511581281	0.9895734901	0.5247022233
0.8498428529	0.1501571471	0.9897231808	0.5242549915
0.8508438338	0.1491561662	0.9898716192	0.5238084568
0.8518448148	0.1481551852	0.9900188093	0.5233626177
0.8528457958	0.1471542042	0.9901647549	0.5229174729
0.8538467768	0.1461532232	0.99030946	0.5224730208
0.8548477578	0.1451522422	0.9904529285	0.5220292602
0.8558487387	0.1441512613	0.9905951643	0.5215861895
0.8568497197	0.1431502803	0.9907361712	0.5211438073
0.8578507007	0.1421492993	0.9908759532	0.5207021122
0.8588516817	0.1411483183	0.9910145141	0.5202611029
0.8598526627	0.1401473373	0.9911518577	0.5198207778
0.8608536436	0.1391463564	0.9912879878	0.5193811356
0.8618546246	0.1381453754	0.9914229084	0.5189421749
0.8628556056	0.1371443944	0.9915566233	0.5185038942
0.8638565866	0.1361434134	0.9916891361	0.5180662922
0.8648575676	0.1351424324	0.9918204508	0.5176293674
0.8658585485	0.1341414515	0.9919505711	0.5171931186
0.8668595295	0.1331404705	0.9920795009	0.5167575442
0.8678605105	0.1321394895	0.9922072438	0.5163226429
0.8688614915	0.1311385085	0.9923338036	0.5158884133
0.8698624725	0.1301375275	0.9924591841	0.515454854
0.8708634535	0.1291365465	0.992583389	0.5150219637
0.8718644344	0.1281355656	0.9927064221	0.514589741
0.8728654154	0.1271345846	0.992828287	0.5141581844
0.8738663964	0.1261336036	0.9929489874	0.5137272927
0.8748673774	0.1251326226	0.9930685272	0.5132970645
0.8758683584	0.1241316416	0.9931869099	0.5128674983
0.8768693393	0.1231306607	0.9933041392	0.5124385929
0.8778703203	0.1221296797	0.9934202188	0.5120103469
0.8788713013	0.1211286987	0.9935351523	0.5115827589
0.8798722823	0.1201277177	0.9936489435	0.5111558276
0.8808732633	0.1191267367	0.9937615959	0.5107295516
0.8818742442	0.1181257558	0.9938731131	0.5103039296
0.8828752252	0.1171247748	0.9939834988	0.5098789602
0.8838762062	0.1161237938	0.9940927566	0.5094546421
0.8848771872	0.1151228128	0.9942008901	0.509030974
0.8858781682	0.1141218318	0.9943079029	0.5086079545
0.8868791491	0.1131208509	0.9944137984	0.5081855822
0.8878801301	0.1121198699	0.9945185804	0.507763856
0.8888811111	0.1111188889	0.9946222524	0.5073427744
0.8898820921	0.1101179079	0.9947248179	0.5069223361
0.8908830731	0.1091169269	0.9948262804	0.5065025399
0.8918840541	0.1081159459	0.9949266436	0.5060833843
0.892885035	0.107114965	0.9950259108	0.5056648681
0.893886016	0.106113984	0.9951240856	0.5052469899
0.894886997	0.105113003	0.9952211715	0.5048297485
0.895887978	0.104112022	0.9953171721	0.5044131426
0.896888959	0.103111041	0.9954120907	0.5039971708
0.8978899399	0.1021100601	0.9955059308	0.5035818319
0.8988909209	0.1011090791	0.995598696	0.5031671245
0.8998919019	0.1001080981	0.9956903896	0.5027530474
0.9008928829	0.09910711712	0.9957810151	0.5023395992
0.9018938639	0.09810613614	0.995870576	0.5019267788
0.9028948448	0.09710515516	0.9959590755	0.5015145847
0.9038958258	0.09610417417	0.9960465173	0.5011030158
0.9048968068	0.09510319319	0.9961329046	0.5006920707
0.9058977878	0.09410221221	0.9962182409	0.5002817482
0.9068987688	0.09310123123	0.9963025295	0.499872047
0.9078997497	0.09210025025	0.9963857738	0.4994629658
0.9089007307	0.09109926927	0.9964679772	0.4990545034
0.9099017117	0.09009828829	0.996549143	0.4986466585
0.9109026927	0.08909730731	0.9966292746	0.4982394298
0.9119036737	0.08809632633	0.9967083754	0.4978328161
0.9129046547	0.08709534535	0.9967864485	0.4974268161
0.9139056356	0.08609436436	0.9968634975	0.4970214286
0.9149066166	0.08509338338	0.9969395254	0.4966166523
0.9159075976	0.0840924024	0.9970145358	0.496212486
0.9169085786	0.08309142142	0.9970885318	0.4958089284
0.9179095596	0.08209044044	0.9971615167	0.4954059783
0.9189105405	0.08108945946	0.9972334939	0.4950036344
0.9199115215	0.08008847848	0.9973044665	0.4946018956
0.9209125025	0.0790874975	0.9973744378	0.4942007606
0.9219134835	0.07808651652	0.9974434111	0.4938002281
0.9229144645	0.07708553554	0.9975113896	0.493400297
0.9239154454	0.07608455455	0.9975783765	0.4930009659
0.9249164264	0.07508357357	0.997644375	0.4926022338
0.9259174074	0.07408259259	0.9977093884	0.4922040993
0.9269183884	0.07308161161	0.9977734198	0.4918065612
0.9279193694	0.07208063063	0.9978364725	0.4914096184
0.9289203504	0.07107964965	0.9978985495	0.4910132696
0.9299213313	0.07007866867	0.9979596541	0.4906175137
0.9309223123	0.06907768769	0.9980197895	0.4902223494
0.9319232933	0.06807670671	0.9980789587	0.4898277754
0.9329242743	0.06707572573	0.998137165	0.4894337907
0.9339252553	0.06607474474	0.9981944114	0.489040394
0.9349262362	0.06507376376	0.9982507012	0.4886475842
0.9359272172	0.06407278278	0.9983060373	0.4882553599
0.9369281982	0.0630718018	0.9983604229	0.4878637201
0.9379291792	0.06207082082	0.9984138612	0.4874726636
0.9389301602	0.06106983984	0.9984663551	0.4870821892
0.9399311411	0.06006885886	0.9985179078	0.4866922956
0.9409321221	0.05906787788	0.9985685224	0.4863029818
0.9419331031	0.0580668969	0.9986182019	0.4859142465
0.9429340841	0.05706591592	0.9986669494	0.4855260887
0.9439350651	0.05606493493	0.9987147678	0.485138507
0.944936046	0.05506395395	0.9987616603	0.4847515003
0.945937027	0.05406297297	0.9988076299	0.4843650675
0.946938008	0.05306199199	0.9988526796	0.4839792075
0.947938989	0.05206101101	0.9988968124	0.483593919
0.94893997	0.05106003003	0.9989400313	0.4832092009
0.949940951	0.05005904905	0.9989823392	0.482825052
0.9509419319	0.04905806807	0.9990237393	0.4824414713
0.9519429129	0.04805708709	0.9990642344	0.4820584575
0.9529438939	0.04705610611	0.9991038276	0.4816760095
0.9539448749	0.04605512513	0.9991425217	0.4812941262
0.9549458559	0.04505414414	0.9991803198	0.4809128064
0.9559468368	0.04405316316	0.9992172247	0.480532049
0.9569478178	0.04305218218	0.9992532394	0.4801518528
0.9579487988	0.0420512012	0.9992883669	0.4797722168
0.9589497798	0.04105022022	0.99932261	0.4793931398
0.9599507608	0.04004923924	0.9993559717	0.4790146206
0.9609517417	0.03904825826	0.9993884548	0.4786366582
0.9619527227	0.03804727728	0.9994200622	0.4782592513
0.9629537037	0.0370462963	0.9994507969	0.477882399
0.9639546847	0.03604531532	0.9994806617	0.4775061001
0.9649556657	0.03504433433	0.9995096594	0.4771303535
0.9659566466	0.03404335335	0.9995377929	0.476755158
0.9669576276	0.03304237237	0.9995650651	0.4763805125
0.9679586086	0.03204139139	0.9995914788	0.4760064161
0.9689595896	0.03104041041	0.9996170369	0.4756328674
0.9699605706	0.03003942943	0.9996417421	0.4752598655
0.9709615516	0.02903844845	0.9996655973	0.4748874093
0.9719625325	0.02803746747	0.9996886053	0.4745154976
0.9729635135	0.02703648649	0.9997107688	0.4741441293
0.9739644945	0.02603550551	0.9997320908	0.4737733034
0.9749654755	0.02503452452	0.9997525738	0.4734030189
0.9759664565	0.02403354354	0.9997722208	0.4730332744
0.9769674374	0.02303256256	0.9997910345	0.4726640692
0.9779684184	0.02203158158	0.9998090177	0.4722954019
0.9789693994	0.0210306006	0.9998261731	0.4719272716
0.9799703804	0.02002961962	0.9998425034	0.4715596771
0.9809713614	0.01902863864	0.9998580114	0.4711926175
0.9819723423	0.01802765766	0.9998726998	0.4708260916
0.9829733233	0.01702667668	0.9998865713	0.4704600984
0.9839743043	0.0160256957	0.9998996286	0.4700946368
0.9849752853	0.01502471471	0.9999118745	0.4697297057
0.9859762663	0.01402373373	0.9999233116	0.4693653041
0.9869772472	0.01302275275	0.9999339426	0.4690014309
0.9879782282	0.01202177177	0.9999437702	0.4686380851
0.9889792092	0.01102079079	0.9999527971	0.4682752655
0.9899801902	0.01001980981	0.9999610259	0.4679129713
0.9909811712	0.009018828829	0.9999684593	0.4675512013
0.9919821522	0.008017847848	0.9999750999	0.4671899544
0.9929831331	0.007016866867	0.9999809504	0.4668292296
0.9939841141	0.006015885886	0.9999860134	0.466469026
0.9949850951	0.005014904905	0.9999902914	0.4661093423
0.9959860761	0.004013923924	0.9999937873	0.4657501777
0.9969870571	0.003012942943	0.9999965034	0.4653915311
0.997988038	0.002011961962	0.9999984426	0.4650334014
0.998989019	0.001010980981	0.9999996072	0.4646757876
0.99999	1e-05	1	0.4643186888
