1e-05	0.99999	0.002189498198	0.9999999976
0.001010980981	0.998989019	0.002296654309	0.9999756091
0.002011961962	0.997988038	0.002408477669	0.9999036637
0.003012942943	0.9969870571	0.00252510817	0.9997845893
0.004013923924	0.9959860761	0.002646687327	0.9996188561
0.005014904905	0.9949850951	0.002773358181	0.9994069724
0.006015885886	0.9939841141	0.002905265197	0.9991494805
0.007016866867	0.9929831331	0.003042554168	0.998846953
0.008017847848	0.9919821522	0.003185372115	0.9984999894
0.009018828829	0.9909811712	0.003333867187	0.9981092128
0.01001980981	0.9899801902	0.003488188553	0.9976752672
0.01102079079	0.9889792092	0.003648486309	0.9971988144
0.01202177177	0.9879782282	0.003814911364	0.9966805321
0.01302275275	0.9869772472	0.003987615345	0.9961211113
0.01402373373	0.9859762663	0.004166750486	0.9955212541
0.01502471471	0.9849752853	0.004352469525	0.9948816719
0.0160256957	0.9839743043	0.004544925603	0.9942030837
0.01702667668	0.9829733233	0.004744272151	0.9934862144
0.01802765766	0.9819723423	0.004950662793	0.9927317931
0.01902863864	0.9809713614	0.005164251235	0.991940552
0.02002961962	0.9799703804	0.005385191167	0.9911132251
0.0210306006	0.9789693994	0.005613636151	0.9902505468
0.02203158158	0.9779684184	0.005849739523	0.9893532511
0.02303256256	0.9769674374	0.006093654292	0.9884220704
0.02403354354	0.9759664565	0.006345533033	0.9874577349
0.02503452452	0.9749654755	0.006605527788	0.9864609714
0.02603550551	0.9739644945	0.006873789968	0.9854325029
0.02703648649	0.9729635135	0.007150470253	0.9843730477
0.02803746747	0.9719625325	0.007435718495	0.9832833191
0.02903844845	0.9709615516	0.007729683621	0.9821640244
0.03003942943	0.9699605706	0.008032513541	0.9810158646
0.03104041041	0.9689595896	0.008344355053	0.9798395341
0.03204139139	0.9679586086	0.008665353753	0.9786357202
0.03304237237	0.9669576276	0.008995653943	0.9774051025
0.03404335335	0.9659566466	0.009335398549	0.9761483531
0.03504433433	0.9649556657	0.009684729029	0.9748661357
0.03604531532	0.9639546847	0.01004378529	0.9735591057
0.0370462963	0.9629537037	0.01041270563	0.97222791
0.03804727728	0.9619527227	0.01079162659	0.9708731867
0.03904825826	0.9609517417	0.01118068298	0.969495565
0.04004923924	0.9599507608	0.01158000771	0.9680956648
0.04105022022	0.9589497798	0.01198973176	0.9666740973
0.0420512012	0.9579487988	0.01240998412	0.9652314638
0.04305218218	0.9569478178	0.0128408917	0.9637683566
0.04405316316	0.9559468368	0.01328257926	0.9622853585
0.04505414414	0.9549458559	0.01373516936	0.9607830429
0.04605512513	0.9539448749	0.01419878231	0.9592619736
0.04705610611	0.9529438939	0.01467353608	0.9577227049
0.04805708709	0.9519429129	0.01515954627	0.9561657817
0.04905806807	0.9509419319	0.01565692605	0.9545917393
0.05005904905	0.949940951	0.0161657861	0.9530011036
0.05106003003	0.94893997	0.01668623457	0.9513943912
0.05206101101	0.947938989	0.01721837703	0.949772109
0.05306199199	0.946938008	0.01776231643	0.9481347548
0.05406297297	0.945937027	0.01831815307	0.9464828172
0.05506395395	0.944936046	0.01888598451	0.9448167754
0.05606493493	0.9439350651	0.01946590562	0.9431370997
0.05706591592	0.9429340841	0.02005800846	0.941444251
0.0580668969	0.9419331031	0.0206623823	0.9397386817
0.05906787788	0.9409321221	0.02127911358	0.9380208349
0.06006885886	0.9399311411	0.02190828588	0.9362911453
0.06106983984	0.9389301602	0.02254997989	0.9345500387
0.06207082082	0.9379291792	0.02320427339	0.9327979323
0.0630718018	0.9369281982	0.02387124126	0.931035235
0.06407278278	0.9359272172	0.0245509554	0.9292623472
0.06507376376	0.9349262362	0.02524348477	0.927479661
0.06607474474	0.9339252553	0.02594889537	0.9256875606
0.06707572573	0.9329242743	0.02666725019	0.9238864219
0.06807670671	0.9319232933	0.02739860925	0.9220766129
0.06907768769	0.9309223123	0.02814302956	0.9202584941
0.07007866867	0.9299213313	0.02890056513	0.918432418
0.07107964965	0.9289203504	0.02967126697	0.9165987296
0.07208063063	0.9279193694	0.03045518307	0.9147577666
0.07308161161	0.9269183884	0.03125235842	0.912909859
0.07408259259	0.9259174074	0.03206283501	0.9110553301
0.07508357357	0.9249164264	0.03288665183	0.9091944957
0.07608455455	0.9239154454	0.03372384488	0.9073276647
0.07708553554	0.9229144645	0.03457444716	0.9054551393
0.07808651652	0.9219134835	0.03543848871	0.9035772148
0.0790874975	0.9209125025	0.03631599662	0.9016941798
0.08008847848	0.9199115215	0.037206995	0.8998063166
0.08108945946	0.9189105405	0.03811150503	0.8979139009
0.08209044044	0.9179095596	0.039029545	0.8960172022
0.08309142142	0.9169085786	0.03996113027	0.894116484
0.0840924024	0.9159075976	0.04090627331	0.8922120033
0.08509338338	0.9149066166	0.04186498375	0.8903040115
0.08609436436	0.9139056356	0.04283726836	0.8883927541
0.08709534535	0.9129046547	0.04382313109	0.8864784709
0.08809632633	0.9119036737	0.04482257312	0.8845613958
0.08909730731	0.9109026927	0.04583559281	0.8826417575
0.09009828829	0.9099017117	0.04686218582	0.8807197792
0.09109926927	0.9089007307	0.04790234507	0.8787956787
0.09210025025	0.9078997497	0.04895606079	0.8768696687
0.09310123123	0.9068987688	0.05002332054	0.8749419568
0.09410221221	0.9058977878	0.05110410927	0.8730127453
0.09510319319	0.9048968068	0.05219840931	0.8710822321
0.09610417417	0.9038958258	0.05330620042	0.8691506099
0.09710515516	0.9028948448	0.05442745983	0.8672180668
0.09810613614	0.9018938639	0.05556216225	0.8652847864
0.09910711712	0.9008928829	0.05671027994	0.8633509474
0.1001080981	0.8998919019	0.05787178271	0.8614167246
0.1011090791	0.8988909209	0.05904663795	0.859482288
0.1021100601	0.8978899399	0.06023481072	0.8575478035
0.103111041	0.896888959	0.06143626372	0.8556134329
0.104112022	0.895887978	0.06265095736	0.8536793338
0.105113003	0.894886997	0.06387884978	0.8517456599
0.106113984	0.893886016	0.06511989693	0.8498125609
0.107114965	0.892885035	0.06637405256	0.8478801827
0.1081159459	0.8918840541	0.06764126825	0.8459486674
0.1091169269	0.8908830731	0.0689214935	0.8440181535
0.1101179079	0.8898820921	0.07021467575	0.8420887758
0.1111188889	0.8888811111	0.07152076037	0.8401606656
0.1121198699	0.8878801301	0.07283969078	0.8382339508
0.1131208509	0.8868791491	0.07417140841	0.8363087558
0.1141218318	0.8858781682	0.07551585282	0.834385202
0.1151228128	0.8848771872	0.07687296164	0.8324634071
0.1161237938	0.8838762062	0.07824267072	0.8305434859
0.1171247748	0.8828752252	0.07962491409	0.8286255502
0.1181257558	0.8818742442	0.08101962402	0.8267097086
0.1191267367	0.8808732633	0.08242673106	0.8247960667
0.1201277177	0.8798722823	0.08384616411	0.8228847272
0.1211286987	0.8788713013	0.08527785042	0.8209757902
0.1221296797	0.8778703203	0.08672171563	0.8190693527
0.1231306607	0.8768693393	0.08817768383	0.8171655092
0.1241316416	0.8758683584	0.0896456776	0.8152643514
0.1251326226	0.8748673774	0.09112561804	0.8133659684
0.1261336036	0.8738663964	0.09261742479	0.8114704469
0.1271345846	0.8728654154	0.09412101612	0.809577871
0.1281355656	0.8718644344	0.09563630891	0.8076883224
0.1291365465	0.8708634535	0.09716321873	0.8058018804
0.1301375275	0.8698624725	0.09870165986	0.8039186218
0.1311385085	0.8688614915	0.1002515453	0.8020386216
0.1321394895	0.8678605105	0.101812787	0.800161952
0.1331404705	0.8668595295	0.1033852954	0.7982886834
0.1341414515	0.8658585485	0.1049689802	0.7964188839
0.1351424324	0.8648575676	0.1065637497	0.7945526197
0.1361434134	0.8638565866	0.1081695114	0.7926899547
0.1371443944	0.8628556056	0.1097861715	0.790830951
0.1381453754	0.8618546246	0.1114136353	0.7889756688
0.1391463564	0.8608536436	0.1130518073	0.7871241661
0.1401473373	0.8598526627	0.114700591	0.7852764995
0.1411483183	0.8588516817	0.1163598889	0.7834327233
0.1421492993	0.8578507007	0.1180296028	0.7815928904
0.1431502803	0.8568497197	0.1197096336	0.7797570518
0.1441512613	0.8558487387	0.1213998814	0.7779252567
0.1451522422	0.8548477578	0.1231002457	0.776097553
0.1461532232	0.8538467768	0.1248106252	0.7742739865
0.1471542042	0.8528457958	0.1265309178	0.7724546018
0.1481551852	0.8518448148	0.1282610209	0.7706394418
0.1491561662	0.8508438338	0.1300008313	0.7688285479
0.1501571471	0.8498428529	0.1317502451	0.76702196
0.1511581281	0.8488418719	0.133509158	0.7652197166
0.1521591091	0.8478408909	0.135277465	0.7634218548
0.1531600901	0.8468399099	0.1370550607	0.7616284103
0.1541610711	0.8458389289	0.1388418392	0.7598394175
0.1551620521	0.8448379479	0.1406376944	0.7580549093
0.156163033	0.843836967	0.1424425194	0.7562749176
0.157164014	0.842835986	0.1442562071	0.7544994729
0.158164995	0.841835005	0.1460786503	0.7527286044
0.159165976	0.840834024	0.147909741	0.7509623402
0.160166957	0.839833043	0.1497493713	0.7492007073
0.1611679379	0.8388320621	0.1515974329	0.7474437314
0.1621689189	0.8378310811	0.1534538172	0.7456914372
0.1631698999	0.8368301001	0.1553184154	0.7439438483
0.1641708809	0.8358291191	0.1571911188	0.7422009873
0.1651718619	0.8348281381	0.159071818	0.7404628755
0.1661728428	0.8338271572	0.1609604039	0.7387295335
0.1671738238	0.8328261762	0.1628567672	0.7370009807
0.1681748048	0.8318251952	0.1647607983	0.7352772357
0.1691757858	0.8308242142	0.1666723878	0.7335583161
0.1701767668	0.8298232332	0.1685914261	0.7318442384
0.1711777477	0.8288222523	0.1705178036	0.7301350186
0.1721787287	0.8278212713	0.1724514108	0.7284306714
0.1731797097	0.8268202903	0.174392138	0.726731211
0.1741806907	0.8258193093	0.1763398758	0.7250366505
0.1751816717	0.8248183283	0.1782945147	0.7233470023
0.1761826527	0.8238173473	0.1802559453	0.721662278
0.1771836336	0.8228163664	0.1822240584	0.7199824885
0.1781846146	0.8218153854	0.1841987448	0.7183076437
0.1791855956	0.8208144044	0.1861798955	0.7166377532
0.1801865766	0.8198134234	0.1881674016	0.7149728254
0.1811875576	0.8188124424	0.1901611546	0.7133128683
0.1821885385	0.8178114615	0.1921610458	0.7116578891
0.1831895195	0.8168104805	0.1941669671	0.7100078945
0.1841905005	0.8158094995	0.1961788103	0.7083628902
0.1851914815	0.8148085185	0.1981964678	0.7067228817
0.1861924625	0.8138075375	0.200219832	0.7050878735
0.1871934434	0.8128065566	0.2022487956	0.7034578698
0.1881944244	0.8118055756	0.2042832517	0.701832874
0.1891954054	0.8108045946	0.2063230936	0.700212889
0.1901963864	0.8098036136	0.208368215	0.6985979172
0.1911973674	0.8088026326	0.21041851	0.6969879604
0.1921983483	0.8078016517	0.2124738728	0.6953830199
0.1931993293	0.8068006707	0.2145341982	0.6937830965
0.1942003103	0.8057996897	0.2165993813	0.6921881903
0.1952012913	0.8047987087	0.2186693176	0.6905983012
0.1962022723	0.8037977277	0.2207439029	0.6890134284
0.1972032533	0.8027967467	0.2228230336	0.6874335709
0.1982042342	0.8017957658	0.2249066064	0.6858587269
0.1992052152	0.8007947848	0.2269945185	0.6842888945
0.2002061962	0.7997938038	0.2290866674	0.6827240711
0.2012071772	0.7987928228	0.2311829512	0.6811642537
0.2022081582	0.7977918418	0.2332832686	0.6796094392
0.2032091391	0.7967908609	0.2353875184	0.6780596238
0.2042101201	0.7957898799	0.2374956002	0.6765148034
0.2052111011	0.7947888989	0.239607414	0.6749749735
0.2062120821	0.7937879179	0.2417228603	0.6734401294
0.2072130631	0.7927869369	0.2438418402	0.6719102657
0.208214044	0.791785956	0.2459642551	0.670385377
0.209215025	0.790784975	0.2480900071	0.6688654575
0.210216006	0.789783994	0.2502189989	0.6673505008
0.211216987	0.788783013	0.2523511336	0.6658405006
0.212217968	0.787782032	0.254486315	0.6643354499
0.2132189489	0.7867810511	0.2566244472	0.6628353418
0.2142199299	0.7857800701	0.2587654352	0.6613401687
0.2152209109	0.7847790891	0.2609091845	0.659849923
0.2162218919	0.7837781081	0.2630556009	0.6583645967
0.2172228729	0.7827771271	0.265204591	0.6568841816
0.2182238539	0.7817761461	0.2673560622	0.6554086693
0.2192248348	0.7807751652	0.269509922	0.6539380508
0.2202258158	0.7797741842	0.271666079	0.6524723174
0.2212267968	0.7787732032	0.2738244421	0.6510114597
0.2222277778	0.7777722222	0.2759849209	0.6495554683
0.2232287588	0.7767712412	0.2781474257	0.6481043336
0.2242297397	0.7757702603	0.2803118672	0.6466580456
0.2252307207	0.7747692793	0.282478157	0.6452165943
0.2262317017	0.7737682983	0.2846462071	0.6437799693
0.2272326827	0.7727673173	0.2868159303	0.6423481602
0.2282336637	0.7717663363	0.28898724	0.6409211562
0.2292346446	0.7707653554	0.2911600501	0.6394989466
0.2302356256	0.7697643744	0.2933342753	0.6380815202
0.2312366066	0.7687633934	0.2955098309	0.6366688658
0.2322375876	0.7677624124	0.2976866328	0.6352609721
0.2332385686	0.7667614314	0.2998645977	0.6338578274
0.2342395495	0.7657604505	0.3020436428	0.6324594202
0.2352405305	0.7647594695	0.304223686	0.6310657384
0.2362415115	0.7637584885	0.3064046458	0.6296767702
0.2372424925	0.7627575075	0.3085864415	0.6282925034
0.2382434735	0.7617565265	0.310768993	0.6269129257
0.2392444545	0.7607555455	0.3129522208	0.6255380247
0.2402454354	0.7597545646	0.3151360461	0.6241677878
0.2412464164	0.7587535836	0.3173203908	0.6228022024
0.2422473974	0.7577526026	0.3195051774	0.6214412558
0.2432483784	0.7567516216	0.321690329	0.6200849349
0.2442493594	0.7557506406	0.3238757697	0.618733227
0.2452503403	0.7547496597	0.3260614239	0.6173861187
0.2462513213	0.7537486787	0.3282472168	0.616043597
0.2472523023	0.7527476977	0.3304330742	0.6147056485
0.2482532833	0.7517467167	0.3326189228	0.6133722599
0.2492542643	0.7507457357	0.3348046897	0.6120434176
0.2502552452	0.7497447548	0.3369903028	0.6107191081
0.2512562262	0.7487437738	0.3391756905	0.6093993177
0.2522572072	0.7477427928	0.3413607822	0.6080840328
0.2532581882	0.7467418118	0.3435455077	0.6067732394
0.2542591692	0.7457408308	0.3457297975	0.6054669238
0.2552601502	0.7447398498	0.3479135828	0.6041650721
0.2562611311	0.7437388689	0.3500967955	0.6028676701
0.2572621121	0.7427378879	0.3522793681	0.6015747038
0.2582630931	0.7417369069	0.3544612338	0.6002861592
0.2592640741	0.7407359259	0.3566423264	0.599002022
0.2602650551	0.7397349449	0.3588225804	0.597722278
0.261266036	0.738733964	0.3610019309	0.5964469128
0.262267017	0.737732983	0.3631803139	0.5951759123
0.263267998	0.736732002	0.3653576657	0.593909262
0.264268979	0.735731021	0.3675339235	0.5926469474
0.26526996	0.73473004	0.3697090251	0.5913889542
0.2662709409	0.7337290591	0.3718829088	0.5901352678
0.2672719219	0.7327280781	0.3740555137	0.5888858737
0.2682729029	0.7317270971	0.3762267796	0.5876407573
0.2692738839	0.7307261161	0.3783966468	0.5863999041
0.2702748649	0.7297251351	0.3805650563	0.5851632995
0.2712758458	0.7287241542	0.3827319497	0.5839309287
0.2722768268	0.7277231732	0.3848972693	0.5827027772
0.2732778078	0.7267221922	0.3870609579	0.5814788302
0.2742787888	0.7257212112	0.3892229592	0.5802590731
0.2752797698	0.7247202302	0.3913832172	0.5790434911
0.2762807508	0.7237192492	0.3935416768	0.5778320694
0.2772817317	0.7227182683	0.3956982834	0.5766247935
0.2782827127	0.7217172873	0.3978529829	0.5754216483
0.2792836937	0.7207163063	0.4000057221	0.5742226193
0.2802846747	0.7197153253	0.4021564482	0.5730276917
0.2812856557	0.7187143443	0.4043051091	0.5718368505
0.2822866366	0.7177133634	0.4064516533	0.5706500812
0.2832876176	0.7167123824	0.4085960297	0.5694673688
0.2842885986	0.7157114014	0.4107381883	0.5682886986
0.2852895796	0.7147104204	0.4128780791	0.5671140558
0.2862905606	0.7137094394	0.4150156532	0.5659434256
0.2872915415	0.7127084585	0.417150862	0.5647767933
0.2882925225	0.7117074775	0.4192836575	0.5636141439
0.2892935035	0.7107064965	0.4214139925	0.5624554629
0.2902944845	0.7097055155	0.4235418202	0.5613007354
0.2912954655	0.7087045345	0.4256670944	0.5601499466
0.2922964464	0.7077035536	0.4277897695	0.5590030819
0.2932974274	0.7067025726	0.4299098006	0.5578601265
0.2942984084	0.7057015916	0.4320271431	0.5567210656
0.2952993894	0.7047006106	0.4341417531	0.5555858846
0.2963003704	0.7036996296	0.4362535874	0.5544545687
0.2973013514	0.7026986486	0.4383626033	0.5533271034
0.2983023323	0.7016976677	0.4404687584	0.5522034739
0.2993033133	0.7006966867	0.4425720112	0.5510836657
0.3003042943	0.6996957057	0.4446723206	0.549967664
0.3013052753	0.6986947247	0.446769646	0.5488554543
0.3023062563	0.6976937437	0.4488639474	0.5477470221
0.3033072372	0.6966927628	0.4509551854	0.5466423527
0.3043082182	0.6956917818	0.4530433211	0.5455414317
0.3053091992	0.6946908008	0.4551283159	0.5444442446
0.3063101802	0.6936898198	0.4572101322	0.5433507768
0.3073111612	0.6926888388	0.4592887326	0.5422610139
0.3083121421	0.6916878579	0.4613640801	0.5411749415
0.3093131231	0.6906868769	0.4634361386	0.5400925452
0.3103141041	0.6896858959	0.4655048723	0.5390138106
0.3113150851	0.6886849149	0.4675702458	0.5379387235
0.3123160661	0.6876839339	0.4696322245	0.5368672694
0.313317047	0.686682953	0.4716907741	0.5357994341
0.314318028	0.685681972	0.4737458607	0.5347352033
0.315319009	0.684680991	0.4757974512	0.5336745629
0.31631999	0.68368001	0.4778455128	0.5326174987
0.317320971	0.682679029	0.4798900131	0.5315639964
0.318321952	0.681678048	0.4819309205	0.5305140421
0.3193229329	0.6806770671	0.4839682035	0.5294676216
0.3203239139	0.6796760861	0.4860018314	0.5284247208
0.3213248949	0.6786751051	0.4880317737	0.5273853258
0.3223258759	0.6776741241	0.4900580007	0.5263494227
0.3233268569	0.6766731431	0.4920804828	0.5253169973
0.3243278378	0.6756721622	0.4940991911	0.5242880359
0.3253288188	0.6746711812	0.4961140972	0.5232625246
0.3263297998	0.6736702002	0.4981251729	0.5222404496
0.3273307808	0.6726692192	0.5001323906	0.5212217971
0.3283317618	0.6716682382	0.5021357233	0.5202065533
0.3293327427	0.6706672573	0.5041351442	0.5191947045
0.3303337237	0.6696662763	0.5061306271	0.5181862372
0.3313347047	0.6686652953	0.5081221461	0.5171811375
0.3323356857	0.6676643143	0.5101096758	0.5161793921
0.3333366667	0.6666633333	0.5120931914	0.5151809872
0.3343376476	0.6656623524	0.5140726682	0.5141859095
0.3353386286	0.6646613714	0.5160480821	0.5131941454
0.3363396096	0.6636603904	0.5180194095	0.5122056816
0.3373405906	0.6626594094	0.5199866271	0.5112205046
0.3383415716	0.6616584284	0.5219497121	0.5102386011
0.3393425526	0.6606574474	0.5239086419	0.5092599579
0.3403435335	0.6596564665	0.5258633945	0.5082845617
0.3413445145	0.6586554855	0.5278139483	0.5073123993
0.3423454955	0.6576545045	0.529760282	0.5063434574
0.3433464765	0.6566535235	0.5317023748	0.5053777231
0.3443474575	0.6556525425	0.5336402062	0.5044151833
0.3453484384	0.6546515616	0.5355737561	0.5034558248
0.3463494194	0.6536505806	0.5375030049	0.5024996348
0.3473504004	0.6526495996	0.5394279332	0.5015466002
0.3483513814	0.6516486186	0.541348522	0.5005967082
0.3493523624	0.6506476376	0.5432647529	0.499649946
0.3503533433	0.6496466567	0.5451766075	0.4987063007
0.3513543243	0.6486456757	0.5470840682	0.4977657596
0.3523553053	0.6476446947	0.5489871174	0.4968283099
0.3533562863	0.6466437137	0.550885738	0.4958939391
0.3543572673	0.6456427327	0.5527799133	0.4949626344
0.3553582482	0.6446417518	0.5546696268	0.4940343834
0.3563592292	0.6436407708	0.5565548625	0.4931091734
0.3573602102	0.6426397898	0.5584356048	0.492186992
0.3583611912	0.6416388088	0.5603118382	0.4912678267
0.3593621722	0.6406378278	0.5621835477	0.4903516652
0.3603631532	0.6396368468	0.5640507186	0.4894384952
0.3613641341	0.6386358659	0.5659133367	0.4885283042
0.3623651151	0.6376348849	0.5677713878	0.4876210802
0.3633660961	0.6366339039	0.5696248583	0.4867168108
0.3643670771	0.6356329229	0.5714737347	0.4858154839
0.3653680581	0.6346319419	0.5733180041	0.4849170874
0.366369039	0.633630961	0.5751576537	0.4840216092
0.36737002	0.63262998	0.576992671	0.4831290374
0.368371001	0.631628999	0.578823044	0.4822393599
0.369371982	0.630628018	0.5806487609	0.4813525648
0.370372963	0.629627037	0.58246981	0.4804686403
0.3713739439	0.6286260561	0.5842861803	0.4795875745
0.3723749249	0.6276250751	0.5860978608	0.4787093557
0.3733759059	0.6266240941	0.587904841	0.477833972
0.3743768869	0.6256231131	0.5897071104	0.4769614118
0.3753778679	0.6246221321	0.591504659	0.4760916636
0.3763788488	0.6236211512	0.5932974772	0.4752247156
0.3773798298	0.6226201702	0.5950855554	0.4743605563
0.3783808108	0.6216191892	0.5968688845	0.4734991742
0.3793817918	0.6206182082	0.5986474555	0.4726405579
0.3803827728	0.6196172272	0.6004212598	0.471784696
0.3813837538	0.6186162462	0.602190289	0.4709315771
0.3823847347	0.6176152653	0.6039545352	0.4700811899
0.3833857157	0.6166142843	0.6057139903	0.4692335231
0.3843866967	0.6156133033	0.6074686469	0.4683885655
0.3853876777	0.6146123223	0.6092184976	0.4675463059
0.3863886587	0.6136113413	0.6109635354	0.4667067332
0.3873896396	0.6126103604	0.6127037534	0.4658698363
0.3883906206	0.6116093794	0.6144391452	0.4650356043
0.3893916016	0.6106083984	0.6161697045	0.464204026
0.3903925826	0.6096074174	0.617895425	0.4633750906
0.3913935636	0.6086064364	0.6196163012	0.4625487871
0.3923945445	0.6076054555	0.6213323273	0.4617251047
0.3933955255	0.6066044745	0.6230434981	0.4609040327
0.3943965065	0.6056034935	0.6247498084	0.4600855602
0.3953974875	0.6046025125	0.6264512534	0.4592696765
0.3963984685	0.6036015315	0.6281478284	0.458456371
0.3973994494	0.6026005506	0.6298395291	0.457645633
0.3984004304	0.6015995696	0.6315263511	0.4568374521
0.3994014114	0.6005985886	0.6332082906	0.4560318175
0.4004023924	0.5995976076	0.6348853438	0.4552287189
0.4014033734	0.5985966266	0.6365575072	0.4544281459
0.4024043544	0.5975956456	0.6382247774	0.453630088
0.4034053353	0.5965946647	0.6398871514	0.4528345348
0.4044063163	0.5955936837	0.6415446262	0.4520414762
0.4054072973	0.5945927027	0.6431971991	0.4512509018
0.4064082783	0.5935917217	0.6448448677	0.4504628013
0.4074092593	0.5925907407	0.6464876297	0.4496771647
0.4084102402	0.5915897598	0.648125483	0.4488939819
0.4094112212	0.5905887788	0.6497584256	0.4481132426
0.4104122022	0.5895877978	0.651386456	0.447334937
0.4114131832	0.5885868168	0.6530095725	0.446559055
0.4124141642	0.5875858358	0.6546277739	0.4457855866
0.4134151451	0.5865848549	0.6562410591	0.445014522
0.4144161261	0.5855838739	0.657849427	0.4442458514
0.4154171071	0.5845828929	0.6594528771	0.4434795647
0.4164180881	0.5835819119	0.6610514086	0.4427156524
0.4174190691	0.5825809309	0.6626450211	0.4419541047
0.4184200501	0.5815799499	0.6642337146	0.4411949119
0.419421031	0.580578969	0.6658174888	0.4404380644
0.420422012	0.579577988	0.6673963439	0.4396835525
0.421422993	0.578577007	0.6689702803	0.4389313667
0.422423974	0.577576026	0.6705392984	0.4381814975
0.423424955	0.576575045	0.6721033988	0.4374339355
0.4244259359	0.5755740641	0.6736625823	0.4366886711
0.4254269169	0.5745730831	0.6752168498	0.435945695
0.4264278979	0.5735721021	0.6767662026	0.4352049979
0.4274288789	0.5725711211	0.6783106417	0.4344665705
0.4284298599	0.5715701401	0.6798501688	0.4337304034
0.4294308408	0.5705691592	0.6813847853	0.4329964876
0.4304318218	0.5695681782	0.6829144929	0.4322648137
0.4314328028	0.5685671972	0.6844392937	0.4315353728
0.4324337838	0.5675662162	0.6859591895	0.4308081556
0.4334347648	0.5665652352	0.6874741825	0.4300831531
0.4344357457	0.5655642543	0.6889842752	0.4293603564
0.4354367267	0.5645632733	0.6904894699	0.4286397564
0.4364377077	0.5635622923	0.6919897692	0.4279213442
0.4374386887	0.5625613113	0.6934851759	0.427205111
0.4384396697	0.5615603303	0.6949756929	0.4264910479
0.4394406507	0.5605593493	0.6964613231	0.425779146
0.4404416316	0.5595583684	0.6979420697	0.4250693966
0.4414426126	0.5585573874	0.699417936	0.4243617911
0.4424435936	0.5575564064	0.7008889253	0.4236563206
0.4434445746	0.5565554254	0.7023550413	0.4229529765
0.4444455556	0.5555544444	0.7038162875	0.4222517503
0.4454465365	0.5545534635	0.7052726677	0.4215526334
0.4464475175	0.5535524825	0.7067241859	0.4208556172
0.4474484985	0.5525515015	0.708170846	0.4201606933
0.4484494795	0.5515505205	0.7096126522	0.4194678531
0.4494504605	0.5505495395	0.7110496088	0.4187770883
0.4504514414	0.5495485586	0.7124817201	0.4180883906
0.4514524224	0.5485475776	0.7139089905	0.4174017515
0.4524534034	0.5475465966	0.7153314248	0.4167171628
0.4534543844	0.5465456156	0.7167490276	0.4160346162
0.4544553654	0.5455446346	0.7181618037	0.4153541035
0.4554563463	0.5445436537	0.7195697581	0.4146756165
0.4564573273	0.5435426727	0.7209728958	0.4139991471
0.4574583083	0.5425416917	0.7223712219	0.4133246871
0.4584592893	0.5415407107	0.7237647416	0.4126522285
0.4594602703	0.5405397297	0.7251534603	0.4119817633
0.4604612513	0.5395387487	0.7265373835	0.4113132834
0.4614622322	0.5385377678	0.7279165166	0.410646781
0.4624632132	0.5375367868	0.7292908654	0.4099822479
0.4634641942	0.5365358058	0.7306604355	0.4093196765
0.4644651752	0.5355348248	0.7320252328	0.4086590588
0.4654661562	0.5345338438	0.7333852631	0.4080003871
0.4664671371	0.5335328629	0.7347405325	0.4073436535
0.4674681181	0.5325318819	0.7360910471	0.4066888503
0.4684690991	0.5315309009	0.7374368131	0.4060359697
0.4694700801	0.5305299199	0.7387778368	0.4053850043
0.4704710611	0.5295289389	0.7401141244	0.4047359462
0.471472042	0.528527958	0.7414456825	0.4040887879
0.472473023	0.527526977	0.7427725176	0.4034435218
0.473474004	0.526525996	0.7440946362	0.4028001404
0.474474985	0.525525015	0.7454120452	0.4021586363
0.475475966	0.524524034	0.7467247511	0.4015190019
0.4764769469	0.5235230531	0.748032761	0.4008812298
0.4774779279	0.5225220721	0.7493360817	0.4002453126
0.4784789089	0.5215210911	0.7506347202	0.399611243
0.4794798899	0.5205201101	0.7519286835	0.3989790137
0.4804808709	0.5195191291	0.7532179789	0.3983486173
0.4814818519	0.5185181481	0.7545026135	0.3977200467
0.4824828328	0.5175171672	0.7557825947	0.3970932945
0.4834838138	0.5165161862	0.7570579297	0.3964683536
0.4844847948	0.5155152052	0.7583286261	0.3958452169
0.4854857758	0.5145142242	0.7595946913	0.3952238772
0.4864867568	0.5135132432	0.7608561328	0.3946043275
0.4874877377	0.5125122623	0.7621129583	0.3939865606
0.4884887187	0.5115112813	0.7633651755	0.3933705697
0.4894896997	0.5105103003	0.7646127921	0.3927563475
0.4904906807	0.5095093193	0.7658558159	0.3921438874
0.4914916617	0.5085083383	0.7670942549	0.3915331822
0.4924926426	0.5075073574	0.7683281168	0.3909242251
0.4934936236	0.5065063764	0.7695574098	0.3903170092
0.4944946046	0.5055053954	0.7707821419	0.3897115278
0.4954955856	0.5045044144	0.7720023211	0.3891077739
0.4964965666	0.5035034334	0.7732179557	0.388505741
0.4974975475	0.5025024525	0.7744290537	0.3879054221
0.4984985285	0.5015014715	0.7756356236	0.3873068107
0.4994995095	0.5005004905	0.7768376736	0.3867099
0.5005004905	0.4994995095	0.7780352121	0.3861146834
0.5015014715	0.4984985285	0.7792282475	0.3855211542
0.5025024525	0.4974975475	0.7804167882	0.384929306
0.5035034334	0.4964965666	0.7816008428	0.3843391322
0.5045044144	0.4954955856	0.7827804199	0.3837506262
0.5055053954	0.4944946046	0.783955528	0.3831637816
0.5065063764	0.4934936236	0.7851261758	0.3825785919
0.5075073574	0.4924926426	0.786292372	0.3819950506
0.5085083383	0.4914916617	0.7874541254	0.3814131514
0.5095093193	0.4904906807	0.7886114447	0.3808328879
0.5105103003	0.4894896997	0.7897643388	0.3802542538
0.5115112813	0.4884887187	0.7909128164	0.3796772427
0.5125122623	0.4874877377	0.7920568866	0.3791018485
0.5135132432	0.4864867568	0.7931965583	0.3785280647
0.5145142242	0.4854857758	0.7943318404	0.3779558852
0.5155152052	0.4844847948	0.7954627421	0.3773853039
0.5165161862	0.4834838138	0.7965892722	0.3768163144
0.5175171672	0.4824828328	0.79771144	0.3762489108
0.5185181481	0.4814818519	0.7988292546	0.3756830869
0.5195191291	0.4804808709	0.7999427251	0.3751188366
0.5205201101	0.4794798899	0.8010518608	0.3745561539
0.5215210911	0.4784789089	0.8021566708	0.3739950327
0.5225220721	0.4774779279	0.8032571644	0.373435467
0.5235230531	0.4764769469	0.804353351	0.372877451
0.524524034	0.475475966	0.8054452398	0.3723209785
0.525525015	0.474474985	0.8065328402	0.3717660438
0.526525996	0.473474004	0.8076161616	0.371212641
0.527526977	0.472473023	0.8086952134	0.3706607641
0.528527958	0.471472042	0.809770005	0.3701104073
0.5295289389	0.4704710611	0.8108405459	0.3695615649
0.5305299199	0.4694700801	0.8119068457	0.3690142311
0.5315309009	0.4684690991	0.8129689137	0.3684684001
0.5325318819	0.4674681181	0.8140267596	0.3679240661
0.5335328629	0.4664671371	0.815080393	0.3673812236
0.5345338438	0.4654661562	0.8161298233	0.3668398668
0.5355348248	0.4644651752	0.8171750603	0.36629999
0.5365358058	0.4634641942	0.8182161136	0.3657615877
0.5375367868	0.4624632132	0.8192529928	0.3652246542
0.5385377678	0.4614622322	0.8202857076	0.3646891841
0.5395387487	0.4604612513	0.8213142676	0.3641551716
0.5405397297	0.4594602703	0.8223386827	0.3636226114
0.5415407107	0.4584592893	0.8233589626	0.363091498
0.5425416917	0.4574583083	0.824375117	0.3625618258
0.5435426727	0.4564573273	0.8253871556	0.3620335894
0.5445436537	0.4554563463	0.8263950884	0.3615067835
0.5455446346	0.4544553654	0.827398925	0.3609814025
0.5465456156	0.4534543844	0.8283986753	0.3604574413
0.5475465966	0.4524534034	0.8293943492	0.3599348943
0.5485475776	0.4514524224	0.8303859564	0.3594137563
0.5495485586	0.4504514414	0.831373507	0.358894022
0.5505495395	0.4494504605	0.8323570106	0.3583756861
0.5515505205	0.4484494795	0.8333364774	0.3578587434
0.5525515015	0.4474484985	0.834311917	0.3573431887
0.5535524825	0.4464475175	0.8352833396	0.3568290167
0.5545534635	0.4454465365	0.8362507549	0.3563162223
0.5555544444	0.4444455556	0.837214173	0.3558048004
0.5565554254	0.4434445746	0.8381736038	0.3552947458
0.5575564064	0.4424435936	0.8391290572	0.3547860533
0.5585573874	0.4414426126	0.8400805433	0.354278718
0.5595583684	0.4404416316	0.841028072	0.3537727348
0.5605593493	0.4394406507	0.8419716533	0.3532680986
0.5615603303	0.4384396697	0.8429112972	0.3527648044
0.5625613113	0.4374386887	0.8438470137	0.3522628473
0.5635622923	0.4364377077	0.8447788129	0.3517622222
0.5645632733	0.4354367267	0.8457067047	0.3512629243
0.5655642543	0.4344357457	0.8466306992	0.3507649485
0.5665652352	0.4334347648	0.8475508064	0.3502682901
0.5675662162	0.4324337838	0.8484670363	0.3497729442
0.5685671972	0.4314328028	0.8493793991	0.3492789058
0.5695681782	0.4304318218	0.8502879046	0.3487861701
0.5705691592	0.4294308408	0.8511925631	0.3482947324
0.5715701401	0.4284298599	0.8520933845	0.3478045878
0.5725711211	0.4274288789	0.852990379	0.3473157317
0.5735721021	0.4264278979	0.8538835565	0.3468281591
0.5745730831	0.4254269169	0.8547729271	0.3463418655
0.5755740641	0.4244259359	0.855658501	0.3458568462
0.576575045	0.423424955	0.8565402881	0.3453730963
0.577576026	0.422423974	0.8574182985	0.3448906113
0.578577007	0.421422993	0.8582925424	0.3444093866
0.579577988	0.420422012	0.8591630298	0.3439294175
0.580578969	0.419421031	0.8600297707	0.3434506994
0.5815799499	0.4184200501	0.8608927753	0.3429732278
0.5825809309	0.4174190691	0.8617520535	0.342496998
0.5835819119	0.4164180881	0.8626076155	0.3420220057
0.5845828929	0.4154171071	0.8634594714	0.3415482461
0.5855838739	0.4144161261	0.8643076312	0.341075715
0.5865848549	0.4134151451	0.8651521049	0.3406044077
0.5875858358	0.4124141642	0.8659929027	0.3401343198
0.5885868168	0.4114131832	0.8668300346	0.3396654469
0.5895877978	0.4104122022	0.8676635106	0.3391977847
0.5905887788	0.4094112212	0.8684933408	0.3387313286
0.5915897598	0.4084102402	0.8693195353	0.3382660743
0.5925907407	0.4074092593	0.8701421041	0.3378020174
0.5935917217	0.4064082783	0.8709610572	0.3373391537
0.5945927027	0.4054072973	0.8717764048	0.3368774788
0.5955936837	0.4044063163	0.8725881567	0.3364169884
0.5965946647	0.4034053353	0.8733963231	0.3359576783
0.5975956456	0.4024043544	0.874200914	0.3354995441
0.5985966266	0.4014033734	0.8750019393	0.3350425817
0.5995976076	0.4004023924	0.8757994092	0.3345867868
0.6005985886	0.3994014114	0.8765933335	0.3341321552
0.6015995696	0.3984004304	0.8773837224	0.3336786827
0.6026005506	0.3973994494	0.8781705857	0.3332263653
0.6036015315	0.3963984685	0.8789539335	0.3327751986
0.6046025125	0.3953974875	0.8797337758	0.3323251787
0.6056034935	0.3943965065	0.8805101225	0.3318763013
0.6066044745	0.3933955255	0.8812829835	0.3314285624
0.6076054555	0.3923945445	0.8820523689	0.330981958
0.6086064364	0.3913935636	0.8828182886	0.330536484
0.6096074174	0.3903925826	0.8835807525	0.3300921363
0.6106083984	0.3893916016	0.8843397705	0.3296489109
0.6116093794	0.3883906206	0.8850953526	0.3292068039
0.6126103604	0.3873896396	0.8858475086	0.3287658112
0.6136113413	0.3863886587	0.8865962485	0.3283259288
0.6146123223	0.3853876777	0.8873415822	0.3278871529
0.6156133033	0.3843866967	0.8880835195	0.3274494795
0.6166142843	0.3833857157	0.8888220703	0.3270129047
0.6176152653	0.3823847347	0.8895572444	0.3265774246
0.6186162462	0.3813837538	0.8902890518	0.3261430354
0.6196172272	0.3803827728	0.8910175022	0.325709733
0.6206182082	0.3793817918	0.8917426055	0.3252775138
0.6216191892	0.3783808108	0.8924643714	0.3248463739
0.6226201702	0.3773798298	0.8931828098	0.3244163094
0.6236211512	0.3763788488	0.8938979305	0.3239873167
0.6246221321	0.3753778679	0.8946097433	0.3235593918
0.6256231131	0.3743768869	0.8953182579	0.3231325311
0.6266240941	0.3733759059	0.896023484	0.3227067308
0.6276250751	0.3723749249	0.8967254315	0.3222819872
0.6286260561	0.3713739439	0.89742411	0.3218582966
0.629627037	0.370372963	0.8981195292	0.3214356552
0.630628018	0.369371982	0.8988116989	0.3210140594
0.631628999	0.368371001	0.8995006288	0.3205935056
0.63262998	0.36737002	0.9001863285	0.32017399
0.633630961	0.366369039	0.9008688077	0.3197555091
0.6346319419	0.3653680581	0.901548076	0.3193380593
0.6356329229	0.3643670771	0.9022241431	0.3189216369
0.6366339039	0.3633660961	0.9028970186	0.3185062383
0.6376348849	0.3623651151	0.903566712	0.3180918601
0.6386358659	0.3613641341	0.9042332331	0.3176784986
0.6396368468	0.3603631532	0.9048965913	0.3172661503
0.6406378278	0.3593621722	0.9055567963	0.3168548118
0.6416388088	0.3583611912	0.9062138575	0.3164444794
0.6426397898	0.3573602102	0.9068677846	0.3160351497
0.6436407708	0.3563592292	0.907518587	0.3156268192
0.6446417518	0.3553582482	0.9081662742	0.3152194845
0.6456427327	0.3543572673	0.9088108557	0.3148131421
0.6466437137	0.3533562863	0.909452341	0.3144077886
0.6476446947	0.3523553053	0.9100907396	0.3140034205
0.6486456757	0.3513543243	0.9107260609	0.3136000345
0.6496466567	0.3503533433	0.9113583142	0.3131976273
0.6506476376	0.3493523624	0.9119875091	0.3127961953
0.6516486186	0.3483513814	0.9126136549	0.3123957353
0.6526495996	0.3473504004	0.9132367609	0.3119962439
0.6536505806	0.3463494194	0.9138568366	0.3115977178
0.6546515616	0.3453484384	0.9144738913	0.3112001537
0.6556525425	0.3443474575	0.9150879343	0.3108035483
0.6566535235	0.3433464765	0.915698975	0.3104078983
0.6576545045	0.3423454955	0.9163070225	0.3100132004
0.6586554855	0.3413445145	0.9169120862	0.3096194513
0.6596564665	0.3403435335	0.9175141754	0.3092266479
0.6606574474	0.3393425526	0.9181132992	0.3088347869
0.6616584284	0.3383415716	0.918709467	0.3084438651
0.6626594094	0.3373405906	0.9193026878	0.3080538792
0.6636603904	0.3363396096	0.919892971	0.3076648262
0.6646613714	0.3353386286	0.9204803256	0.3072767028
0.6656623524	0.3343376476	0.9210647609	0.3068895058
0.6666633333	0.3333366667	0.9216462859	0.3065032322
0.6676643143	0.3323356857	0.9222249099	0.3061178787
0.6686652953	0.3313347047	0.9228006417	0.3057334424
0.6696662763	0.3303337237	0.9233734907	0.30534992
0.6706672573	0.3293327427	0.9239434658	0.3049673084
0.6716682382	0.3283317618	0.924510576	0.3045856046
0.6726692192	0.3273307808	0.9250748304	0.3042048056
0.6736702002	0.3263297998	0.9256362381	0.3038249082
0.6746711812	0.3253288188	0.9261948079	0.3034459095
0.6756721622	0.3243278378	0.9267505489	0.3030678064
0.6766731431	0.3233268569	0.92730347	0.3026905958
0.6776741241	0.3223258759	0.9278535801	0.3023142748
0.6786751051	0.3213248949	0.9284008882	0.3019388405
0.6796760861	0.3203239139	0.9289454032	0.3015642897
0.6806770671	0.3193229329	0.9294871339	0.3011906196
0.681678048	0.318321952	0.9300260892	0.3008178272
0.682679029	0.317320971	0.930562278	0.3004459096
0.68368001	0.31631999	0.931095709	0.3000748638
0.684680991	0.315319009	0.9316263911	0.2997046869
0.685681972	0.314318028	0.932154333	0.2993353761
0.686682953	0.313317047	0.9326795435	0.2989669284
0.6876839339	0.3123160661	0.9332020313	0.2985993409
0.6886849149	0.3113150851	0.9337218053	0.2982326108
0.6896858959	0.3103141041	0.934238874	0.2978667353
0.6906868769	0.3093131231	0.9347532461	0.2975017115
0.6916878579	0.3083121421	0.9352649304	0.2971375365
0.6926888388	0.3073111612	0.9357739355	0.2967742076
0.6936898198	0.3063101802	0.9362802699	0.296411722
0.6946908008	0.3053091992	0.9367839424	0.2960500767
0.6956917818	0.3043082182	0.9372849615	0.2956892692
0.6966927628	0.3033072372	0.9377833357	0.2953292965
0.6976937437	0.3023062563	0.9382790736	0.294970156
0.6986947247	0.3013052753	0.9387721838	0.2946118449
0.6996957057	0.3003042943	0.9392626747	0.2942543605
0.7006966867	0.2993033133	0.9397505548	0.2938976999
0.7016976677	0.2983023323	0.9402358326	0.2935418606
0.7026986486	0.2973013514	0.9407185166	0.2931868398
0.7036996296	0.2963003704	0.9411986151	0.2928326349
0.7047006106	0.2952993894	0.9416761367	0.2924792431
0.7057015916	0.2942984084	0.9421510896	0.2921266617
0.7067025726	0.2932974274	0.9426234822	0.2917748882
0.7077035536	0.2922964464	0.9430933229	0.2914239199
0.7087045345	0.2912954655	0.9435606201	0.2910737541
0.7097055155	0.2902944845	0.9440253819	0.2907243882
0.7107064965	0.2892935035	0.9444876168	0.2903758196
0.7117074775	0.2882925225	0.9449473329	0.2900280458
0.7127084585	0.2872915415	0.9454045386	0.289681064
0.7137094394	0.2862905606	0.945859242	0.2893348718
0.7147104204	0.2852895796	0.9463114513	0.2889894665
0.7157114014	0.2842885986	0.9467611748	0.2886448456
0.7167123824	0.2832876176	0.9472084206	0.2883010066
0.7177133634	0.2822866366	0.9476531968	0.2879579469
0.7187143443	0.2812856557	0.9480955116	0.287615664
0.7197153253	0.2802846747	0.9485353731	0.2872741553
0.7207163063	0.2792836937	0.9489727894	0.2869334184
0.7217172873	0.2782827127	0.9494077684	0.2865934508
0.7227182683	0.2772817317	0.9498403183	0.2862542499
0.7237192492	0.2762807508	0.9502704471	0.2859158134
0.7247202302	0.2752797698	0.9506981628	0.2855781386
0.7257212112	0.2742787888	0.9511234733	0.2852412233
0.7267221922	0.2732778078	0.9515463867	0.2849050648
0.7277231732	0.2722768268	0.9519669109	0.2845696609
0.7287241542	0.2712758458	0.9523850537	0.2842350091
0.7297251351	0.2702748649	0.9528008231	0.2839011068
0.7307261161	0.2692738839	0.953214227	0.2835679519
0.7317270971	0.2682729029	0.9536252732	0.2832355418
0.7327280781	0.2672719219	0.9540339696	0.2829038741
0.7337290591	0.2662709409	0.9544403239	0.2825729465
0.73473004	0.26526996	0.954844344	0.2822427567
0.735731021	0.264268979	0.9552460377	0.2819133022
0.736732002	0.263267998	0.9556454126	0.2815845807
0.737732983	0.262267017	0.9560424766	0.2812565899
0.738733964	0.261266036	0.9564372373	0.2809293274
0.7397349449	0.2602650551	0.9568297025	0.2806027909
0.7407359259	0.2592640741	0.9572198798	0.2802769782
0.7417369069	0.2582630931	0.9576077769	0.2799518869
0.7427378879	0.2572621121	0.9579934014	0.2796275147
0.7437388689	0.2562611311	0.9583767609	0.2793038593
0.7447398498	0.2552601502	0.958757863	0.2789809185
0.7457408308	0.2542591692	0.9591367152	0.27865869
0.7467418118	0.2532581882	0.9595133252	0.2783371715
0.7477427928	0.2522572072	0.9598877004	0.2780163608
0.7487437738	0.2512562262	0.9602598484	0.2776962557
0.7497447548	0.2502552452	0.9606297767	0.277376854
0.7507457357	0.2492542643	0.9609974926	0.2770581533
0.7517467167	0.2482532833	0.9613630038	0.2767401516
0.7527476977	0.2472523023	0.9617263175	0.2764228465
0.7537486787	0.2462513213	0.9620874412	0.276106236
0.7547496597	0.2452503403	0.9624463823	0.2757903178
0.7557506406	0.2442493594	0.9628031481	0.2754750897
0.7567516216	0.2432483784	0.963157746	0.2751605497
0.7577526026	0.2422473974	0.9635101834	0.2748466954
0.7587535836	0.2412464164	0.9638604674	0.2745335249
0.7597545646	0.2402454354	0.9642086055	0.2742210359
0.7607555455	0.2392444545	0.9645546048	0.2739092263
0.7617565265	0.2382434735	0.9648984726	0.273598094
0.7627575075	0.2372424925	0.9652402162	0.2732876369
0.7637584885	0.2362415115	0.9655798427	0.2729778528
0.7647594695	0.2352405305	0.9659173593	0.2726687397
0.7657604505	0.2342395495	0.9662527732	0.2723602955
0.7667614314	0.2332385686	0.9665860915	0.2720525181
0.7677624124	0.2322375876	0.9669173214	0.2717454054
0.7687633934	0.2312366066	0.9672464699	0.2714389554
0.7697643744	0.2302356256	0.9675735441	0.271133166
0.7707653554	0.2292346446	0.9678985511	0.2708280351
0.7717663363	0.2282336637	0.9682214979	0.2705235608
0.7727673173	0.2272326827	0.9685423915	0.2702197409
0.7737682983	0.2262317017	0.968861239	0.2699165735
0.7747692793	0.2252307207	0.9691780473	0.2696140566
0.7757702603	0.2242297397	0.9694928234	0.2693121881
0.7767712412	0.2232287588	0.9698055742	0.269010966
0.7777722222	0.2222277778	0.9701163067	0.2687103884
0.7787732032	0.2212267968	0.9704250277	0.2684104532
0.7797741842	0.2202258158	0.9707317441	0.2681111585
0.7807751652	0.2192248348	0.9710364628	0.2678125023
0.7817761461	0.2182238539	0.9713391906	0.2675144827
0.7827771271	0.2172228729	0.9716399343	0.2672170977
0.7837781081	0.2162218919	0.9719387008	0.2669203453
0.7847790891	0.2152209109	0.9722354968	0.2666242237
0.7857800701	0.2142199299	0.972530329	0.2663287308
0.7867810511	0.2132189489	0.9728232043	0.2660338648
0.787782032	0.212217968	0.9731141294	0.2657396237
0.788783013	0.211216987	0.9734031108	0.2654460057
0.789783994	0.210216006	0.9736901554	0.2651530088
0.790784975	0.209215025	0.9739752698	0.2648606312
0.791785956	0.208214044	0.9742584606	0.2645688709
0.7927869369	0.2072130631	0.9745397344	0.2642777262
0.7937879179	0.2062120821	0.9748190979	0.263987195
0.7947888989	0.2052111011	0.9750965576	0.2636972755
0.7957898799	0.2042101201	0.9753721201	0.263407966
0.7967908609	0.2032091391	0.9756457919	0.2631192645
0.7977918418	0.2022081582	0.9759175796	0.2628311692
0.7987928228	0.2012071772	0.9761874896	0.2625436783
0.7997938038	0.2002061962	0.9764555286	0.2622567899
0.8007947848	0.1992052152	0.9767217028	0.2619705022
0.8017957658	0.1982042342	0.9769860188	0.2616848134
0.8027967467	0.1972032533	0.9772484829	0.2613997217
0.8037977277	0.1962022723	0.9775091017	0.2611152253
0.8047987087	0.1952012913	0.9777678815	0.2608313224
0.8057996897	0.1942003103	0.9780248286	0.2605480112
0.8068006707	0.1931993293	0.9782799494	0.26026529
0.8078016517	0.1921983483	0.9785332503	0.2599831569
0.8088026326	0.1911973674	0.9787847375	0.2597016103
0.8098036136	0.1901963864	0.9790344173	0.2594206482
0.8108045946	0.1891954054	0.9792822961	0.2591402691
0.8118055756	0.1881944244	0.97952838	0.2588604711
0.8128065566	0.1871934434	0.9797726753	0.2585812525
0.8138075375	0.1861924625	0.9800151883	0.2583026116
0.8148085185	0.1851914815	0.980255925	0.2580245466
0.8158094995	0.1841905005	0.9804948918	0.2577470559
0.8168104805	0.1831895195	0.9807320947	0.2574701377
0.8178114615	0.1821885385	0.9809675399	0.2571937903
0.8188124424	0.1811875576	0.9812012336	0.256918012
0.8198134234	0.1801865766	0.9814331817	0.2566428012
0.8208144044	0.1791855956	0.9816633905	0.256368156
0.8218153854	0.1781846146	0.981891866	0.256094075
0.8228163664	0.1771836336	0.9821186141	0.2558205563
0.8238173473	0.1761826527	0.982343641	0.2555475983
0.8248183283	0.1751816717	0.9825669527	0.2552751994
0.8258193093	0.1741806907	0.9827885551	0.2550033579
0.8268202903	0.1731797097	0.9830084543	0.2547320722
0.8278212713	0.1721787287	0.9832266561	0.2544613406
0.8288222523	0.1711777477	0.9834431666	0.2541911614
0.8298232332	0.1701767668	0.9836579916	0.2539215331
0.8308242142	0.1691757858	0.983871137	0.2536524541
0.8318251952	0.1681748048	0.9840826087	0.2533839226
0.8328261762	0.1671738238	0.9842924126	0.2531159371
0.8338271572	0.1661728428	0.9845005546	0.2528484961
0.8348281381	0.1651718619	0.9847070404	0.2525815978
0.8358291191	0.1641708809	0.9849118758	0.2523152408
0.8368301001	0.1631698999	0.9851150667	0.2520494233
0.8378310811	0.1621689189	0.9853166188	0.2517841439
0.8388320621	0.1611679379	0.9855165379	0.251519401
0.839833043	0.160166957	0.9857148297	0.2512551929
0.840834024	0.159165976	0.9859114999	0.2509915182
0.841835005	0.158164995	0.9861065543	0.2507283753
0.842835986	0.157164014	0.9862999985	0.2504657626
0.843836967	0.156163033	0.9864918381	0.2502036786
0.8448379479	0.1551620521	0.9866820789	0.2499421217
0.8458389289	0.1541610711	0.9868707264	0.2496810904
0.8468399099	0.1531600901	0.9870577863	0.2494205832
0.8478408909	0.1521591091	0.9872432642	0.2491605985
0.8488418719	0.1511581281	0.9874271655	0.2489011349
0.8498428529	0.1501571471	0.987609496	0.2486421909
0.8508438338	0.1491561662	0.9877902611	0.2483837648
0.8518448148	0.1481551852	0.9879694664	0.2481258553
0.8528457958	0.1471542042	0.9881471173	0.2478684608
0.8538467768	0.1461532232	0.9883232194	0.2476115798
0.8548477578	0.1451522422	0.9884977781	0.2473552109
0.8558487387	0.1441512613	0.9886707988	0.2470993526
0.8568497197	0.1431502803	0.9888422871	0.2468440034
0.8578507007	0.1421492993	0.9890122483	0.2465891618
0.8588516817	0.1411483183	0.9891806879	0.2463348264
0.8598526627	0.1401473373	0.9893476111	0.2460809958
0.8608536436	0.1391463564	0.9895130235	0.2458276684
0.8618546246	0.1381453754	0.9896769303	0.2455748428
0.8628556056	0.1371443944	0.9898393368	0.2453225177
0.8638565866	0.1361434134	0.9900002484	0.2450706915
0.8648575676	0.1351424324	0.9901596705	0.2448193628
0.8658585485	0.1341414515	0.9903176082	0.2445685302
0.8668595295	0.1331404705	0.9904740668	0.2443181924
0.8678605105	0.1321394895	0.9906290516	0.2440683478
0.8688614915	0.1311385085	0.9907825678	0.243818995
0.8698624725	0.1301375275	0.9909346207	0.2435701327
0.8708634535	0.1291365465	0.9910852153	0.2433217595
0.8718644344	0.1281355656	0.991234357	0.243073874
0.8728654154	0.1271345846	0.9913820509	0.2428264747
0.8738663964	0.1261336036	0.991528302	0.2425795604
0.8748673774	0.1251326226	0.9916731157	0.2423331296
0.8758683584	0.1241316416	0.9918164969	0.2420871809
0.8768693393	0.1231306607	0.9919584507	0.241841713
0.8778703203	0.1221296797	0.9920989824	0.2415967245
0.8788713013	0.1211286987	0.9922380968	0.2413522142
0.8798722823	0.1201277177	0.9923757991	0.2411081805
0.8808732633	0.1191267367	0.9925120943	0.2408646222
0.8818742442	0.1181257558	0.9926469875	0.2406215379
0.8828752252	0.1171247748	0.9927804835	0.2403789263
0.8838762062	0.1161237938	0.9929125875	0.240136786
0.8848771872	0.1151228128	0.9930433043	0.2398951158
0.8858781682	0.1141218318	0.9931726389	0.2396539143
0.8868791491	0.1131208509	0.9933005963	0.2394131802
0.8878801301	0.1121198699	0.9934271814	0.2391729121
0.8888811111	0.1111188889	0.9935523991	0.2389331088
0.8898820921	0.1101179079	0.9936762543	0.238693769
0.8908830731	0.1091169269	0.9937987518	0.2384548913
0.8918840541	0.1081159459	0.9939198965	0.2382164745
0.892885035	0.107114965	0.9940396932	0.2379785173
0.893886016	0.106113984	0.9941581468	0.2377410183
0.894886997	0.105113003	0.9942752622	0.2375039764
0.895887978	0.104112022	0.9943910439	0.2372673902
0.896888959	0.103111041	0.994505497	0.2370312585
0.8978899399	0.1021100601	0.994618626	0.23679558
0.8988909209	0.1011090791	0.9947304358	0.2365603534
0.8998919019	0.1001080981	0.9948409312	0.2363255774
0.9008928829	0.09910711712	0.9949501167	0.2360912509
0.9018938639	0.09810613614	0.9950579971	0.2358573726
0.9028948448	0.09710515516	0.9951645772	0.2356239412
0.9038958258	0.09610417417	0.9952698615	0.2353909555
0.9048968068	0.09510319319	0.9953738547	0.2351584143
0.9058977878	0.09410221221	0.9954765615	0.2349263162
0.9068987688	0.09310123123	0.9955779865	0.2346946602
0.9078997497	0.09210025025	0.9956781343	0.234463445
0.9089007307	0.09109926927	0.9957770094	0.2342326693
0.9099017117	0.09009828829	0.9958746166	0.2340023319
0.9109026927	0.08909730731	0.9959709602	0.2337724317
0.9119036737	0.08809632633	0.996066045	0.2335429674
0.9129046547	0.08709534535	0.9961598754	0.2333139379
0.9139056356	0.08609436436	0.9962524559	0.2330853419
0.9149066166	0.08509338338	0.996343791	0.2328571782
0.9159075976	0.0840924024	0.9964338853	0.2326294457
0.9169085786	0.08309142142	0.9965227432	0.2324021431
0.9179095596	0.08209044044	0.9966103692	0.2321752694
0.9189105405	0.08108945946	0.9966967677	0.2319488232
0.9199115215	0.08008847848	0.9967819431	0.2317228036
0.9209125025	0.0790874975	0.9968658998	0.2314972092
0.9219134835	0.07808651652	0.9969486424	0.2312720389
0.9229144645	0.07708553554	0.9970301751	0.2310472915
0.9239154454	0.07608455455	0.9971105023	0.230822966
0.9249164264	0.07508357357	0.9971896283	0.2305990611
0.9259174074	0.07408259259	0.9972675576	0.2303755758
0.9269183884	0.07308161161	0.9973442945	0.2301525088
0.9279193694	0.07208063063	0.9974198432	0.229929859
0.9289203504	0.07107964965	0.9974942081	0.2297076253
0.9299213313	0.07007866867	0.9975673934	0.2294858066
0.9309223123	0.06907768769	0.9976394034	0.2292644017
0.9319232933	0.06807670671	0.9977102425	0.2290434095
0.9329242743	0.06707572573	0.9977799148	0.2288228289
0.9339252553	0.06607474474	0.9978484245	0.2286026589
0.9349262362	0.06507376376	0.9979157759	0.2283828981
0.9359272172	0.06407278278	0.9979819731	0.2281635457
0.9369281982	0.0630718018	0.9980470205	0.2279446004
0.9379291792	0.06207082082	0.998110922	0.2277260611
0.9389301602	0.06106983984	0.998173682	0.2275079268
0.9399311411	0.06006885886	0.9982353045	0.2272901964
0.9409321221	0.05906787788	0.9982957937	0.2270728688
0.9419331031	0.0580668969	0.9983551537	0.2268559429
0.9429340841	0.05706591592	0.9984133886	0.2266394176
0.9439350651	0.05606493493	0.9984705024	0.2264232919
0.944936046	0.05506395395	0.9985264994	0.2262075646
0.945937027	0.05406297297	0.9985813835	0.2259922348
0.946938008	0.05306199199	0.9986351587	0.2257773013
0.947938989	0.05206101101	0.9986878292	0.225562763
0.94893997	0.05106003003	0.9987393989	0.225348619
0.949940951	0.05005904905	0.9987898719	0.2251348682
0.9509419319	0.04905806807	0.9988392522	0.2249215095
0.9519429129	0.04805708709	0.9988875436	0.2247085418
0.9529438939	0.04705610611	0.9989347503	0.2244959642
0.9539448749	0.04605512513	0.9989808762	0.2242837755
0.9549458559	0.04505414414	0.9990259251	0.2240719748
0.9559468368	0.04405316316	0.9990699011	0.2238605611
0.9569478178	0.04305218218	0.9991128081	0.2236495332
0.9579487988	0.0420512012	0.9991546499	0.2234388902
0.9589497798	0.04105022022	0.9991954304	0.223228631
0.9599507608	0.04004923924	0.9992351536	0.2230187547
0.9609517417	0.03904825826	0.9992738233	0.2228092602
0.9619527227	0.03804727728	0.9993114434	0.2226001464
0.9629537037	0.0370462963	0.9993480176	0.2223914125
0.9639546847	0.03604531532	0.9993835498	0.2221830574
0.9649556657	0.03504433433	0.9994180439	0.22197508
0.9659566466	0.03404335335	0.9994515036	0.2217674794
0.9669576276	0.03304237237	0.9994839327	0.2215602547
0.9679586086	0.03204139139	0.9995153351	0.2213534047
0.9689595896	0.03104041041	0.9995457143	0.2211469286
0.9699605706	0.03003942943	0.9995750743	0.2209408253
0.9709615516	0.02903844845	0.9996034188	0.2207350938
0.9719625325	0.02803746747	0.9996307514	0.2205297332
0.9729635135	0.02703648649	0.9996570759	0.2203247425
0.9739644945	0.02603550551	0.9996823959	0.2201201208
0.9749654755	0.02503452452	0.9997067153	0.219915867
0.9759664565	0.02403354354	0.9997300376	0.2197119802
0.9769674374	0.02303256256	0.9997523665	0.2195084595
0.9779684184	0.02203158158	0.9997737056	0.2193053038
0.9789693994	0.0210306006	0.9997940587	0.2191025123
0.9799703804	0.02002961962	0.9998134293	0.218900084
0.9809713614	0.01902863864	0.9998318211	0.2186980178
0.9819723423	0.01802765766	0.9998492375	0.218496313
0.9829733233	0.01702667668	0.9998656824	0.2182949685
0.9839743043	0.0160256957	0.9998811591	0.2180939834
0.9849752853	0.01502471471	0.9998956713	0.2178933568
0.9859762663	0.01402373373	0.9999092225	0.2176930878
0.9869772472	0.01302275275	0.9999218163	0.2174931753
0.9879782282	0.01202177177	0.9999334562	0.2172936185
0.9889792092	0.01102079079	0.9999441458	0.2170944165
0.9899801902	0.01001980981	0.9999538884	0.2168955683
0.9909811712	0.009018828829	0.9999626877	0.2166970731
0.9919821522	0.008017847848	0.9999705471	0.2164989299
0.9929831331	0.007016866867	0.9999774701	0.2163011378
0.9939841141	0.006015885886	0.9999834601	0.2161036958
0.9949850951	0.005014904905	0.9999885205	0.2159066032
0.9959860761	0.004013923924	0.9999926549	0.215709859
0.9969870571	0.003012942943	0.9999958666	0.2155134622
0.997988038	0.002011961962	0.9999981591	0.2153174121
0.998989019	0.001010980981	0.9999995358	0.2151217076
0.99999	1e-05	1	0.214926348
