1e-05	0.99999	14441.95608	1.000000034
0.001010980981	0.998989019	7527.537626	1.000329014
0.002011961962	0.997988038	4103.754893	1.001244538
0.003012942943	0.9969870571	2331.148793	1.00266854
0.004013923924	0.9959860761	1375.13228	1.004533206
0.005014904905	0.9949850951	839.8037987	1.006779403
0.006015885886	0.9939841141	529.5084653	1.009355386
0.007016866867	0.9929831331	343.8329006	1.012215738
0.008017847848	0.9919821522	229.4145996	1.015320474
0.009018828829	0.9909811712	156.965437	1.018634303
0.01001980981	0.9899801902	109.9227019	1.022126001
0.01102079079	0.9889792092	78.65644099	1.025767882
0.01202177177	0.9879782282	57.42122452	1.029535355
0.01302275275	0.9869772472	42.70586395	1.033406534
0.01402373373	0.9859762663	32.31596856	1.037361918
0.01502471471	0.9849752853	24.85112271	1.041384103
0.0160256957	0.9839743043	19.3999619	1.045457546
0.01702667668	0.9829733233	15.35843035	1.04956835
0.01802765766	0.9819723423	12.31922926	1.05370408
0.01902863864	0.9809713614	10.00327049	1.057853609
0.02002961962	0.9799703804	8.216403551	1.062006973
0.0210306006	0.9789693994	6.821630548	1.066155252
0.02203158158	0.9779684184	5.720978551	1.07029046
0.02303256256	0.9769674374	4.843492908	1.074405452
0.02403354354	0.9759664565	4.137170642	1.078493837
0.02503452452	0.9749654755	3.563467434	1.082549907
0.02603550551	0.9739644945	3.093509074	1.086568566
0.02703648649	0.9729635135	2.705446701	1.090545275
0.02803746747	0.9719625325	2.382589216	1.094475998
0.02903844845	0.9709615516	2.112070054	1.098357153
0.03003942943	0.9699605706	1.883885521	1.102185571
0.03104041041	0.9689595896	1.690194278	1.105958457
0.03204139139	0.9679586086	1.524802257	1.109673356
0.03304237237	0.9669576276	1.382780523	1.113328125
0.03404335335	0.9659566466	1.260179347	1.116920899
0.03504433433	0.9649556657	1.153812525	1.12045007
0.03604531532	0.9639546847	1.061093411	1.123914264
0.0370462963	0.9629537037	0.979909351	1.127312318
0.03804727728	0.9619527227	0.9085248227	1.130643263
0.03904825826	0.9609517417	0.8455062288	1.133906306
0.04004923924	0.9599507608	0.7896631095	1.137100815
0.04105022022	0.9589497798	0.7400019098	1.140226304
0.0420512012	0.9579487988	0.6956893996	1.143282421
0.04305218218	0.9569478178	0.6560235681	1.146268934
0.04405316316	0.9559468368	0.6204103344	1.149185723
0.04505414414	0.9549458559	0.588344817	1.152032769
0.04605512513	0.9539448749	0.5593961907	1.154810142
0.04705610611	0.9529438939	0.5331953852	1.157517999
0.04805708709	0.9519429129	0.5094250449	1.160156569
0.04905806807	0.9509419319	0.4878112977	1.162726152
0.05005904905	0.949940951	0.4681169764	1.16522711
0.05106003003	0.94893997	0.4501360143	1.167659859
0.05206101101	0.947938989	0.4336887915	1.170024869
0.05306199199	0.946938008	0.4186182566	1.172322654
0.05406297297	0.945937027	0.4047866822	1.174553768
0.05506395395	0.944936046	0.3920729404	1.176718805
0.05606493493	0.9439350651	0.3803702073	1.17881839
0.05706591592	0.9429340841	0.3695840219	1.180853178
0.0580668969	0.9419331031	0.3596306408	1.18282385
0.05906787788	0.9409321221	0.3504356365	1.18473111
0.06006885886	0.9399311411	0.3419327025	1.186575683
0.06106983984	0.9389301602	0.3340626298	1.188358311
0.06207082082	0.9379291792	0.3267724283	1.190079753
0.0630718018	0.9369281982	0.3200145704	1.191740779
0.06407278278	0.9359272172	0.3137463381	1.193342172
0.06507376376	0.9349262362	0.3079292582	1.194884724
0.06607474474	0.9339252553	0.3025286119	1.196369233
0.06707572573	0.9329242743	0.2975130084	1.197796505
0.06807670671	0.9319232933	0.2928540134	1.19916735
0.06907768769	0.9309223123	0.2885258238	1.200482582
0.07007866867	0.9299213313	0.2845049839	1.201743016
0.07107964965	0.9289203504	0.2807701348	1.202949468
0.07208063063	0.9279193694	0.2773017958	1.204102756
0.07308161161	0.9269183884	0.2740821698	1.205203693
0.07408259259	0.9259174074	0.2710949731	1.206253095
0.07508357357	0.9249164264	0.2683252838	1.207251771
0.07608455455	0.9239154454	0.2657594077	1.20820053
0.07708553554	0.9229144645	0.2633847593	1.209100175
0.07808651652	0.9219134835	0.2611897556	1.209951505
0.0790874975	0.9209125025	0.2591637219	1.210755314
0.08008847848	0.9199115215	0.2572968075	1.21151239
0.08108945946	0.9189105405	0.2555799099	1.212223516
0.08209044044	0.9179095596	0.2540046077	1.212889467
0.08309142142	0.9169085786	0.2525630995	1.213511013
0.0840924024	0.9159075976	0.2512481501	1.214088913
0.08509338338	0.9149066166	0.250053041	1.214623924
0.08609436436	0.9139056356	0.2489715262	1.215116791
0.08709534535	0.9129046547	0.2479977927	1.215568253
0.08809632633	0.9119036737	0.2471264244	1.215979041
0.08909730731	0.9109026927	0.2463523692	1.216349876
0.09009828829	0.9099017117	0.2456709102	1.216681471
0.09109926927	0.9089007307	0.2450776378	1.216974533
0.09210025025	0.9078997497	0.2445684266	1.217229757
0.09310123123	0.9068987688	0.2441394123	1.21744783
0.09410221221	0.9058977878	0.2437869721	1.217629432
0.09510319319	0.9048968068	0.2435077062	1.217775231
0.09610417417	0.9038958258	0.2432984209	1.217885888
0.09710515516	0.9028948448	0.2431561135	1.217962054
0.09810613614	0.9018938639	0.2430779582	1.218004373
0.09910711712	0.9008928829	0.2430612931	1.218013477
0.1001080981	0.8998919019	0.2431036088	1.217989991
0.1011090791	0.8988909209	0.2432025373	1.217934531
0.1021100601	0.8978899399	0.2433558421	1.217847701
0.103111041	0.896888959	0.2435614094	1.2177301
0.104112022	0.895887978	0.2438172395	1.217582317
0.105113003	0.894886997	0.2441214388	1.217404929
0.106113984	0.893886016	0.2444722134	1.217198509
0.107114965	0.892885035	0.2448678617	1.216963617
0.1081159459	0.8918840541	0.245306769	1.216700807
0.1091169269	0.8908830731	0.2457874016	1.216410624
0.1101179079	0.8898820921	0.2463083015	1.216093602
0.1111188889	0.8888811111	0.2468680819	1.215750269
0.1121198699	0.8878801301	0.2474654225	1.215381144
0.1131208509	0.8868791491	0.2480990655	1.214986738
0.1141218318	0.8858781682	0.2487678118	1.214567552
0.1151228128	0.8848771872	0.2494705172	1.21412408
0.1161237938	0.8838762062	0.2502060894	1.213656809
0.1171247748	0.8828752252	0.2509734849	1.213166215
0.1181257558	0.8818742442	0.2517717058	1.21265277
0.1191267367	0.8808732633	0.2525997976	1.212116935
0.1201277177	0.8798722823	0.2534568463	1.211559165
0.1211286987	0.8788713013	0.2543419763	1.210979906
0.1221296797	0.8778703203	0.2552543485	1.210379597
0.1231306607	0.8768693393	0.2561931575	1.209758671
0.1241316416	0.8758683584	0.2571576306	1.209117552
0.1251326226	0.8748673774	0.2581470254	1.208456657
0.1261336036	0.8738663964	0.2591606286	1.207776395
0.1271345846	0.8728654154	0.2601977541	1.207077171
0.1281355656	0.8718644344	0.2612577416	1.206359381
0.1291365465	0.8708634535	0.2623399557	1.205623413
0.1301375275	0.8698624725	0.2634437838	1.20486965
0.1311385085	0.8688614915	0.2645686356	1.204098468
0.1321394895	0.8678605105	0.2657139419	1.203310237
0.1331404705	0.8668595295	0.2668791531	1.202505319
0.1341414515	0.8658585485	0.2680637387	1.201684072
0.1351424324	0.8648575676	0.2692671862	1.200846845
0.1361434134	0.8638565866	0.270489	1.199993982
0.1371443944	0.8628556056	0.2717287009	1.199125823
0.1381453754	0.8618546246	0.2729858253	1.198242698
0.1391463564	0.8608536436	0.2742599243	1.197344935
0.1401473373	0.8598526627	0.2755505628	1.196432854
0.1411483183	0.8588516817	0.2768573197	1.19550677
0.1421492993	0.8578507007	0.2781797861	1.194566993
0.1431502803	0.8568497197	0.2795175659	1.193613825
0.1441512613	0.8558487387	0.2808702742	1.192647566
0.1451522422	0.8548477578	0.2822375376	1.191668509
0.1461532232	0.8538467768	0.2836189933	1.190676942
0.1471542042	0.8528457958	0.2850142886	1.189673147
0.1481551852	0.8518448148	0.2864230808	1.188657402
0.1491561662	0.8508438338	0.2878450364	1.18762998
0.1501571471	0.8498428529	0.289279831	1.186591148
0.1511581281	0.8488418719	0.2907271486	1.18554117
0.1521591091	0.8478408909	0.2921866817	1.184480304
0.1531600901	0.8468399099	0.2936581306	1.183408804
0.1541610711	0.8458389289	0.2951412033	1.182326919
0.1551620521	0.8448379479	0.296635615	1.181234893
0.156163033	0.843836967	0.2981410879	1.180132967
0.157164014	0.842835986	0.2996573511	1.179021376
0.158164995	0.841835005	0.30118414	1.177900352
0.159165976	0.840834024	0.3027211965	1.176770123
0.160166957	0.839833043	0.3042682683	1.175630912
0.1611679379	0.8388320621	0.305825109	1.174482938
0.1621689189	0.8378310811	0.3073914777	1.173326416
0.1631698999	0.8368301001	0.3089671391	1.172161558
0.1641708809	0.8358291191	0.3105518628	1.170988572
0.1651718619	0.8348281381	0.3121454236	1.16980766
0.1661728428	0.8338271572	0.3137476012	1.168619024
0.1671738238	0.8328261762	0.3153581798	1.167422859
0.1681748048	0.8318251952	0.3169769482	1.166219359
0.1691757858	0.8308242142	0.3186036997	1.165008713
0.1701767668	0.8298232332	0.3202382315	1.163791107
0.1711777477	0.8288222523	0.3218803453	1.162566722
0.1721787287	0.8278212713	0.3235298465	1.16133574
0.1731797097	0.8268202903	0.3251865445	1.160098335
0.1741806907	0.8258193093	0.3268502521	1.158854679
0.1751816717	0.8248183283	0.3285207861	1.157604944
0.1761826527	0.8238173473	0.3301979666	1.156349294
0.1771836336	0.8228163664	0.3318816171	1.155087894
0.1781846146	0.8218153854	0.3335715644	1.153820904
0.1791855956	0.8208144044	0.3352676385	1.152548482
0.1801865766	0.8198134234	0.3369696726	1.151270781
0.1811875576	0.8188124424	0.3386775027	1.149987953
0.1821885385	0.8178114615	0.340390968	1.148700149
0.1831895195	0.8168104805	0.3421099104	1.147407513
0.1841905005	0.8158094995	0.3438341745	1.146110189
0.1851914815	0.8148085185	0.3455636078	1.144808319
0.1861924625	0.8138075375	0.3472980603	1.14350204
0.1871934434	0.8128065566	0.3490373847	1.142191489
0.1881944244	0.8118055756	0.3507814359	1.140876798
0.1891954054	0.8108045946	0.3525300717	1.139558098
0.1901963864	0.8098036136	0.3542831518	1.138235518
0.1911973674	0.8088026326	0.3560405385	1.136909184
0.1921983483	0.8078016517	0.3578020964	1.13557922
0.1931993293	0.8068006707	0.359567692	1.134245746
0.1942003103	0.8057996897	0.3613371944	1.132908881
0.1952012913	0.8047987087	0.3631104744	1.131568744
0.1962022723	0.8037977277	0.3648874051	1.130225449
0.1972032533	0.8027967467	0.3666678614	1.128879108
0.1982042342	0.8017957658	0.3684517206	1.127529831
0.1992052152	0.8007947848	0.3702388613	1.126177728
0.2002061962	0.7997938038	0.3720291646	1.124822905
0.2012071772	0.7987928228	0.373822513	1.123465466
0.2022081582	0.7977918418	0.375618791	1.122105515
0.2032091391	0.7967908609	0.3774178848	1.120743151
0.2042101201	0.7957898799	0.3792196824	1.119378473
0.2052111011	0.7947888989	0.3810240735	1.118011578
0.2062120821	0.7937879179	0.3828309493	1.116642562
0.2072130631	0.7927869369	0.3846402029	1.115271518
0.208214044	0.791785956	0.3864517288	1.113898537
0.209215025	0.790784975	0.3882654231	1.11252371
0.210216006	0.789783994	0.3900811835	1.111147124
0.211216987	0.788783013	0.391898909	1.109768866
0.212217968	0.787782032	0.3937185005	1.108389021
0.2132189489	0.7867810511	0.39553986	1.107007673
0.2142199299	0.7857800701	0.397362891	1.105624902
0.2152209109	0.7847790891	0.3991874985	1.10424079
0.2162218919	0.7837781081	0.4010135888	1.102855415
0.2172228729	0.7827771271	0.4028410695	1.101468854
0.2182238539	0.7817761461	0.4046698498	1.100081183
0.2192248348	0.7807751652	0.4064998398	1.098692476
0.2202258158	0.7797741842	0.4083309512	1.097302807
0.2212267968	0.7787732032	0.4101630969	1.095912246
0.2222277778	0.7777722222	0.411996191	1.094520865
0.2232287588	0.7767712412	0.4138301489	1.093128731
0.2242297397	0.7757702603	0.4156648871	1.091735913
0.2252307207	0.7747692793	0.4175003232	1.090342476
0.2262317017	0.7737682983	0.4193363764	1.088948486
0.2272326827	0.7727673173	0.4211729665	1.087554007
0.2282336637	0.7717663363	0.4230100149	1.0861591
0.2292346446	0.7707653554	0.4248474437	1.084763827
0.2302356256	0.7697643744	0.4266851765	1.083368249
0.2312366066	0.7687633934	0.4285231377	1.081972424
0.2322375876	0.7677624124	0.4303612529	1.080576411
0.2332385686	0.7667614314	0.4321994486	1.079180265
0.2342395495	0.7657604505	0.4340376526	1.077784043
0.2352405305	0.7647594695	0.4358757935	1.076387799
0.2362415115	0.7637584885	0.4377138009	1.074991587
0.2372424925	0.7627575075	0.4395516056	1.073595459
0.2382434735	0.7617565265	0.4413891392	1.072199467
0.2392444545	0.7607555455	0.4432263343	1.070803661
0.2402454354	0.7597545646	0.4450631244	1.06940809
0.2412464164	0.7587535836	0.4468994441	1.068012803
0.2422473974	0.7577526026	0.4487352288	1.066617848
0.2432483784	0.7567516216	0.4505704148	1.065223271
0.2442493594	0.7557506406	0.4524049395	1.063829118
0.2452503403	0.7547496597	0.4542387408	1.062435433
0.2462513213	0.7537486787	0.4560717579	1.061042261
0.2472523023	0.7527476977	0.4579039306	1.059649645
0.2482532833	0.7517467167	0.4597351996	1.058257626
0.2492542643	0.7507457357	0.4615655065	1.056866247
0.2502552452	0.7497447548	0.4633947938	1.055475547
0.2512562262	0.7487437738	0.4652230046	1.054085566
0.2522572072	0.7477427928	0.467050083	1.052696344
0.2532581882	0.7467418118	0.4688759739	1.051307918
0.2542591692	0.7457408308	0.4707006229	1.049920326
0.2552601502	0.7447398498	0.4725239764	1.048533604
0.2562611311	0.7437388689	0.4743459816	1.047147789
0.2572621121	0.7427378879	0.4761665865	1.045762914
0.2582630931	0.7417369069	0.4779857397	1.044379016
0.2592640741	0.7407359259	0.4798033907	1.042996127
0.2602650551	0.7397349449	0.4816194898	1.04161428
0.261266036	0.738733964	0.4834339878	1.040233508
0.262267017	0.737732983	0.4852468363	1.038853843
0.263267998	0.736732002	0.4870579877	1.037475315
0.264268979	0.735731021	0.488867395	1.036097955
0.26526996	0.73473004	0.490675012	1.034721793
0.2662709409	0.7337290591	0.4924807931	1.033346857
0.2672719219	0.7327280781	0.4942846933	1.031973177
0.2682729029	0.7317270971	0.4960866684	1.03060078
0.2692738839	0.7307261161	0.4978866748	1.029229693
0.2702748649	0.7297251351	0.4996846696	1.027859944
0.2712758458	0.7287241542	0.5014806105	1.026491558
0.2722768268	0.7277231732	0.5032744559	1.025124561
0.2732778078	0.7267221922	0.5050661646	1.023758978
0.2742787888	0.7257212112	0.5068556964	1.022394834
0.2752797698	0.7247202302	0.5086430113	1.021032153
0.2762807508	0.7237192492	0.5104280703	1.019670957
0.2772817317	0.7227182683	0.5122108347	1.018311271
0.2782827127	0.7217172873	0.5139912666	1.016953116
0.2792836937	0.7207163063	0.5157693285	1.015596514
0.2802846747	0.7197153253	0.5175449836	1.014241488
0.2812856557	0.7187143443	0.5193181957	1.012888057
0.2822866366	0.7177133634	0.5210889291	1.011536243
0.2832876176	0.7167123824	0.5228571486	1.010186065
0.2842885986	0.7157114014	0.5246228197	1.008837544
0.2852895796	0.7147104204	0.5263859083	1.007490698
0.2862905606	0.7137094394	0.528146381	1.006145545
0.2872915415	0.7127084585	0.5299042047	1.004802106
0.2882925225	0.7117074775	0.5316593472	1.003460396
0.2892935035	0.7107064965	0.5334117764	1.002120434
0.2902944845	0.7097055155	0.535161461	1.000782237
0.2912954655	0.7087045345	0.53690837	0.9994458215
0.2922964464	0.7077035536	0.5386524732	0.9981112036
0.2932974274	0.7067025726	0.5403937407	0.9967783992
0.2942984084	0.7057015916	0.5421321431	0.9954474239
0.2952993894	0.7047006106	0.5438676514	0.9941182927
0.2963003704	0.7036996296	0.5456002373	0.9927910206
0.2973013514	0.7026986486	0.5473298728	0.9914656218
0.2983023323	0.7016976677	0.5490565305	0.9901421104
0.2993033133	0.7006966867	0.5507801833	0.9888205001
0.3003042943	0.6996957057	0.5525008048	0.9875008043
0.3013052753	0.6986947247	0.5542183688	0.986183036
0.3023062563	0.6976937437	0.5559328498	0.9848672078
0.3033072372	0.6966927628	0.5576442225	0.9835533322
0.3043082182	0.6956917818	0.5593524622	0.9822414211
0.3053091992	0.6946908008	0.5610575445	0.9809314864
0.3063101802	0.6936898198	0.5627594456	0.9796235394
0.3073111612	0.6926888388	0.564458142	0.9783175913
0.3083121421	0.6916878579	0.5661536108	0.9770136529
0.3093131231	0.6906868769	0.5678458292	0.9757117348
0.3103141041	0.6896858959	0.569534775	0.9744118471
0.3113150851	0.6886849149	0.5712204265	0.9731139999
0.3123160661	0.6876839339	0.5729027622	0.9718182029
0.313317047	0.686682953	0.5745817612	0.9705244655
0.314318028	0.685681972	0.5762574028	0.9692327968
0.315319009	0.684680991	0.5779296668	0.9679432057
0.31631999	0.68368001	0.5795985333	0.9666557008
0.317320971	0.682679029	0.5812639829	0.9653702907
0.318321952	0.681678048	0.5829259965	0.9640869833
0.3193229329	0.6806770671	0.5845845553	0.9628057865
0.3203239139	0.6796760861	0.5862396411	0.9615267081
0.3213248949	0.6786751051	0.5878912358	0.9602497554
0.3223258759	0.6776741241	0.5895393218	0.9589749356
0.3233268569	0.6766731431	0.5911838818	0.9577022557
0.3243278378	0.6756721622	0.5928248988	0.9564317223
0.3253288188	0.6746711812	0.5944623563	0.9551633421
0.3263297998	0.6736702002	0.5960962381	0.9538971213
0.3273307808	0.6726692192	0.5977265282	0.9526330659
0.3283317618	0.6716682382	0.5993532111	0.9513711819
0.3293327427	0.6706672573	0.6009762715	0.9501114749
0.3303337237	0.6696662763	0.6025956945	0.9488539504
0.3313347047	0.6686652953	0.6042114655	0.9475986137
0.3323356857	0.6676643143	0.6058235702	0.9463454698
0.3333366667	0.6666633333	0.6074319947	0.9450945236
0.3343376476	0.6656623524	0.6090367253	0.9438457799
0.3353386286	0.6646613714	0.6106377487	0.9425992431
0.3363396096	0.6636603904	0.6122350518	0.9413549176
0.3373405906	0.6626594094	0.6138286219	0.9401128076
0.3383415716	0.6616584284	0.6154184466	0.9388729169
0.3393425526	0.6606574474	0.6170045136	0.9376352496
0.3403435335	0.6596564665	0.6185868112	0.9363998091
0.3413445145	0.6586554855	0.6201653278	0.9351665989
0.3423454955	0.6576545045	0.6217400521	0.9339356225
0.3433464765	0.6566535235	0.623310973	0.9327068829
0.3443474575	0.6556525425	0.6248780799	0.9314803832
0.3453484384	0.6546515616	0.6264413623	0.9302561262
0.3463494194	0.6536505806	0.6280008099	0.9290341145
0.3473504004	0.6526495996	0.6295564129	0.9278143509
0.3483513814	0.6516486186	0.6311081617	0.9265968376
0.3493523624	0.6506476376	0.6326560467	0.9253815769
0.3503533433	0.6496466567	0.6342000589	0.9241685709
0.3513543243	0.6486456757	0.6357401895	0.9229578218
0.3523553053	0.6476446947	0.6372764296	0.9217493312
0.3533562863	0.6466437137	0.638808771	0.9205431009
0.3543572673	0.6456427327	0.6403372056	0.9193391325
0.3553582482	0.6446417518	0.6418617253	0.9181374274
0.3563592292	0.6436407708	0.6433823226	0.9169379871
0.3573602102	0.6426397898	0.6448989901	0.9157408126
0.3583611912	0.6416388088	0.6464117205	0.9145459052
0.3593621722	0.6406378278	0.6479205069	0.9133532657
0.3603631532	0.6396368468	0.6494253425	0.912162895
0.3613641341	0.6386358659	0.6509262209	0.9109747939
0.3623651151	0.6376348849	0.6524231357	0.909788963
0.3633660961	0.6366339039	0.653916081	0.9086054028
0.3643670771	0.6356329229	0.6554050508	0.9074241138
0.3653680581	0.6346319419	0.6568900395	0.9062450962
0.366369039	0.633630961	0.6583710417	0.9050683502
0.36737002	0.63262998	0.6598480522	0.9038938759
0.368371001	0.631628999	0.661321066	0.9027216733
0.369371982	0.630628018	0.6627900783	0.9015517424
0.370372963	0.629627037	0.6642550845	0.9003840829
0.3713739439	0.6286260561	0.6657160801	0.8992186945
0.3723749249	0.6276250751	0.667173061	0.8980555769
0.3733759059	0.6266240941	0.6686260232	0.8968947295
0.3743768869	0.6256231131	0.6700749628	0.8957361519
0.3753778679	0.6246221321	0.6715198763	0.8945798433
0.3763788488	0.6236211512	0.6729607601	0.893425803
0.3773798298	0.6226201702	0.6743976111	0.8922740302
0.3783808108	0.6216191892	0.6758304261	0.8911245239
0.3793817918	0.6206182082	0.6772592022	0.8899772833
0.3803827728	0.6196172272	0.6786839368	0.8888323071
0.3813837538	0.6186162462	0.6801046273	0.8876895944
0.3823847347	0.6176152653	0.6815212712	0.8865491437
0.3833857157	0.6166142843	0.6829338665	0.885410954
0.3843866967	0.6156133033	0.6843424111	0.8842750236
0.3853876777	0.6146123223	0.6857469032	0.8831413513
0.3863886587	0.6136113413	0.6871473409	0.8820099355
0.3873896396	0.6126103604	0.6885437228	0.8808807746
0.3883906206	0.6116093794	0.6899360476	0.879753867
0.3893916016	0.6106083984	0.6913243139	0.8786292109
0.3903925826	0.6096074174	0.6927085207	0.8775068046
0.3913935636	0.6086064364	0.6940886672	0.8763866462
0.3923945445	0.6076054555	0.6954647526	0.8752687337
0.3933955255	0.6066044745	0.6968367762	0.8741530652
0.3943965065	0.6056034935	0.6982047376	0.8730396387
0.3953974875	0.6046025125	0.6995686365	0.8719284521
0.3963984685	0.6036015315	0.7009284727	0.8708195032
0.3973994494	0.6026005506	0.7022842461	0.8697127898
0.3984004304	0.6015995696	0.703635957	0.8686083096
0.3994014114	0.6005985886	0.7049836056	0.8675060603
0.4004023924	0.5995976076	0.7063271922	0.8664060396
0.4014033734	0.5985966266	0.7076667173	0.865308245
0.4024043544	0.5975956456	0.7090021817	0.8642126739
0.4034053353	0.5965946647	0.7103335861	0.863119324
0.4044063163	0.5955936837	0.7116609314	0.8620281926
0.4054072973	0.5945927027	0.7129842187	0.8609392771
0.4064082783	0.5935917217	0.7143034492	0.8598525747
0.4074092593	0.5925907407	0.7156186241	0.8587680829
0.4084102402	0.5915897598	0.7169297448	0.8576857988
0.4094112212	0.5905887788	0.7182368129	0.8566057196
0.4104122022	0.5895877978	0.7195398301	0.8555278424
0.4114131832	0.5885868168	0.7208387982	0.8544521644
0.4124141642	0.5875858358	0.7221337189	0.8533786826
0.4134151451	0.5865848549	0.7234245944	0.852307394
0.4144161261	0.5855838739	0.7247114267	0.8512382957
0.4154171071	0.5845828929	0.725994218	0.8501713845
0.4164180881	0.5835819119	0.7272729708	0.8491066573
0.4174190691	0.5825809309	0.7285476875	0.8480441111
0.4184200501	0.5815799499	0.7298183705	0.8469837427
0.419421031	0.580578969	0.7310850226	0.8459255488
0.420422012	0.579577988	0.7323476466	0.8448695262
0.421422993	0.578577007	0.7336062452	0.8438156716
0.422423974	0.577576026	0.7348608215	0.8427639818
0.423424955	0.576575045	0.7361113785	0.8417144534
0.4244259359	0.5755740641	0.7373579194	0.840667083
0.4254269169	0.5745730831	0.7386004474	0.8396218672
0.4264278979	0.5735721021	0.739838966	0.8385788026
0.4274288789	0.5725711211	0.7410734784	0.8375378857
0.4284298599	0.5715701401	0.7423039883	0.836499113
0.4294308408	0.5705691592	0.7435304993	0.8354624811
0.4304318218	0.5695681782	0.7447530151	0.8344279863
0.4314328028	0.5685671972	0.7459715396	0.8333956251
0.4324337838	0.5675662162	0.7471860765	0.8323653939
0.4334347648	0.5665652352	0.74839663	0.8313372891
0.4344357457	0.5655642543	0.749603204	0.830311307
0.4354367267	0.5645632733	0.7508058026	0.829287444
0.4364377077	0.5635622923	0.7520044302	0.8282656963
0.4374386887	0.5625613113	0.7531990911	0.8272460602
0.4384396697	0.5615603303	0.7543897895	0.826228532
0.4394406507	0.5605593493	0.7555765301	0.8252131079
0.4404416316	0.5595583684	0.7567593172	0.8241997842
0.4414426126	0.5585573874	0.7579381556	0.823188557
0.4424435936	0.5575564064	0.7591130499	0.8221794225
0.4434445746	0.5565554254	0.7602840049	0.8211723769
0.4444455556	0.5555544444	0.7614510254	0.8201674162
0.4454465365	0.5545534635	0.7626141163	0.8191645367
0.4464475175	0.5535524825	0.7637732827	0.8181637343
0.4474484985	0.5525515015	0.7649285295	0.8171650053
0.4484494795	0.5515505205	0.7660798618	0.8161683456
0.4494504605	0.5505495395	0.7672272849	0.8151737513
0.4504514414	0.5495485586	0.768370804	0.8141812184
0.4514524224	0.5485475776	0.7695104244	0.813190743
0.4524534034	0.5475465966	0.7706461515	0.812202321
0.4534543844	0.5465456156	0.7717779907	0.8112159484
0.4544553654	0.5455446346	0.7729059474	0.8102316213
0.4554563463	0.5445436537	0.7740300274	0.8092493355
0.4564573273	0.5435426727	0.7751502361	0.808269087
0.4574583083	0.5425416917	0.7762665792	0.8072908718
0.4584592893	0.5415407107	0.7773790626	0.8063146857
0.4594602703	0.5405397297	0.7784876919	0.8053405247
0.4604612513	0.5395387487	0.779592473	0.8043683847
0.4614622322	0.5385377678	0.7806934118	0.8033982615
0.4624632132	0.5375367868	0.7817905143	0.802430151
0.4634641942	0.5365358058	0.7828837864	0.8014640491
0.4644651752	0.5355348248	0.7839732343	0.8004999516
0.4654661562	0.5345338438	0.785058864	0.7995378545
0.4664671371	0.5335328629	0.7861406817	0.7985777534
0.4674681181	0.5325318819	0.7872186935	0.7976196443
0.4684690991	0.5315309009	0.7882929058	0.796663523
0.4694700801	0.5305299199	0.7893633248	0.7957093852
0.4704710611	0.5295289389	0.7904299569	0.7947572268
0.471472042	0.528527958	0.7914928085	0.7938070436
0.472473023	0.527526977	0.792551886	0.7928588313
0.473474004	0.526525996	0.7936071959	0.7919125857
0.474474985	0.525525015	0.7946587447	0.7909683027
0.475475966	0.524524034	0.795706539	0.7900259779
0.4764769469	0.5235230531	0.7967505854	0.7890856072
0.4774779279	0.5225220721	0.7977908905	0.7881471862
0.4784789089	0.5215210911	0.798827461	0.7872107108
0.4794798899	0.5205201101	0.7998603037	0.7862761767
0.4804808709	0.5195191291	0.8008894253	0.7853435795
0.4814818519	0.5185181481	0.8019148326	0.7844129152
0.4824828328	0.5175171672	0.8029365325	0.7834841793
0.4834838138	0.5165161862	0.8039545318	0.7825573677
0.4844847948	0.5155152052	0.8049688374	0.781632476
0.4854857758	0.5145142242	0.8059794563	0.7807094999
0.4864867568	0.5135132432	0.8069863955	0.7797884352
0.4874877377	0.5125122623	0.807989662	0.7788692777
0.4884887187	0.5115112813	0.8089892628	0.7779520229
0.4894896997	0.5105103003	0.809985205	0.7770366666
0.4904906807	0.5095093193	0.8109774957	0.7761232046
0.4914916617	0.5085083383	0.8119661421	0.7752116325
0.4924926426	0.5075073574	0.8129511513	0.774301946
0.4934936236	0.5065063764	0.8139325305	0.7733941409
0.4944946046	0.5055053954	0.8149102869	0.7724882128
0.4954955856	0.5045044144	0.8158844278	0.7715841574
0.4964965666	0.5035034334	0.8168549605	0.7706819705
0.4974975475	0.5025024525	0.8178218923	0.7697816477
0.4984985285	0.5015014715	0.8187852305	0.7688831848
0.4994995095	0.5005004905	0.8197449825	0.7679865774
0.5005004905	0.4994995095	0.8207011557	0.7670918212
0.5015014715	0.4984985285	0.8216537574	0.7661989119
0.5025024525	0.4974975475	0.8226027952	0.7653078453
0.5035034334	0.4964965666	0.8235482763	0.764418617
0.5045044144	0.4954955856	0.8244902085	0.7635312227
0.5055053954	0.4944946046	0.825428599	0.7626456582
0.5065063764	0.4934936236	0.8263634556	0.7617619191
0.5075073574	0.4924926426	0.8272947856	0.7608800012
0.5085083383	0.4914916617	0.8282225967	0.7599999001
0.5095093193	0.4904906807	0.8291468964	0.7591216115
0.5105103003	0.4894896997	0.8300676924	0.7582451312
0.5115112813	0.4884887187	0.8309849923	0.7573704549
0.5125122623	0.4874877377	0.8318988036	0.7564975783
0.5135132432	0.4864867568	0.8328091342	0.7556264971
0.5145142242	0.4854857758	0.8337159915	0.7547572071
0.5155152052	0.4844847948	0.8346193834	0.7538897039
0.5165161862	0.4834838138	0.8355193175	0.7530239832
0.5175171672	0.4824828328	0.8364158016	0.7521600409
0.5185181481	0.4814818519	0.8373088434	0.7512978726
0.5195191291	0.4804808709	0.8381984506	0.7504374741
0.5205201101	0.4794798899	0.839084631	0.7495788411
0.5215210911	0.4784789089	0.8399673924	0.7487219693
0.5225220721	0.4774779279	0.8408467425	0.7478668545
0.5235230531	0.4764769469	0.8417226893	0.7470134925
0.524524034	0.475475966	0.8425952404	0.746161879
0.525525015	0.474474985	0.8434644038	0.7453120097
0.526525996	0.473474004	0.8443301873	0.7444638804
0.527526977	0.472473023	0.8451925987	0.7436174869
0.528527958	0.471472042	0.8460516459	0.742772825
0.5295289389	0.4704710611	0.8469073368	0.7419298903
0.5305299199	0.4694700801	0.8477596792	0.7410886788
0.5315309009	0.4684690991	0.848608681	0.7402491862
0.5325318819	0.4674681181	0.8494543502	0.7394114082
0.5335328629	0.4664671371	0.8502966946	0.7385753407
0.5345338438	0.4654661562	0.8511357223	0.7377409795
0.5355348248	0.4644651752	0.851971441	0.7369083204
0.5365358058	0.4634641942	0.8528038588	0.7360773591
0.5375367868	0.4624632132	0.8536329835	0.7352480915
0.5385377678	0.4614622322	0.8544588232	0.7344205135
0.5395387487	0.4604612513	0.8552813857	0.7335946208
0.5405397297	0.4594602703	0.8561006791	0.7327704092
0.5415407107	0.4584592893	0.8569167113	0.7319478747
0.5425416917	0.4574583083	0.8577294903	0.7311270131
0.5435426727	0.4564573273	0.858539024	0.7303078201
0.5445436537	0.4554563463	0.8593453205	0.7294902917
0.5455446346	0.4544553654	0.8601483877	0.7286744237
0.5465456156	0.4534543844	0.8609482336	0.7278602121
0.5475465966	0.4524534034	0.8617448662	0.7270476525
0.5485475776	0.4514524224	0.8625382935	0.7262367411
0.5495485586	0.4504514414	0.8633285236	0.7254274735
0.5505495395	0.4494504605	0.8641155643	0.7246198458
0.5515505205	0.4484494795	0.8648994237	0.7238138538
0.5525515015	0.4474484985	0.8656801099	0.7230094935
0.5535524825	0.4464475175	0.8664576307	0.7222067607
0.5545534635	0.4454465365	0.8672319944	0.7214056514
0.5555544444	0.4444455556	0.8680032087	0.7206061614
0.5565554254	0.4434445746	0.8687712818	0.7198082868
0.5575564064	0.4424435936	0.8695362217	0.7190120235
0.5585573874	0.4414426126	0.8702980363	0.7182173673
0.5595583684	0.4404416316	0.8710567337	0.7174243144
0.5605593493	0.4394406507	0.871812322	0.7166328606
0.5615603303	0.4384396697	0.872564809	0.7158430019
0.5625613113	0.4374386887	0.8733142029	0.7150547343
0.5635622923	0.4364377077	0.8740605116	0.7142680537
0.5645632733	0.4354367267	0.8748037431	0.7134829563
0.5655642543	0.4344357457	0.8755439055	0.7126994378
0.5665652352	0.4334347648	0.8762810067	0.7119174945
0.5675662162	0.4324337838	0.8770150548	0.7111371222
0.5685671972	0.4314328028	0.8777460577	0.710358317
0.5695681782	0.4304318218	0.8784740235	0.709581075
0.5705691592	0.4294308408	0.8791989601	0.7088053921
0.5715701401	0.4284298599	0.8799208755	0.7080312645
0.5725711211	0.4274288789	0.8806397777	0.7072586881
0.5735721021	0.4264278979	0.8813556748	0.7064876591
0.5745730831	0.4254269169	0.8820685746	0.7057181735
0.5755740641	0.4244259359	0.8827784852	0.7049502273
0.576575045	0.423424955	0.8834854145	0.7041838167
0.577576026	0.422423974	0.8841893705	0.7034189378
0.578577007	0.421422993	0.8848903612	0.7026555866
0.579577988	0.420422012	0.8855883944	0.7018937593
0.580578969	0.419421031	0.8862834783	0.701133452
0.5815799499	0.4184200501	0.8869756206	0.7003746608
0.5825809309	0.4174190691	0.8876648294	0.6996173818
0.5835819119	0.4164180881	0.8883511126	0.6988616112
0.5845828929	0.4154171071	0.8890344781	0.6981073452
0.5855838739	0.4144161261	0.8897149338	0.6973545798
0.5865848549	0.4134151451	0.8903924877	0.6966033113
0.5875858358	0.4124141642	0.8910671477	0.6958535358
0.5885868168	0.4114131832	0.8917389216	0.6951052496
0.5895877978	0.4104122022	0.8924078174	0.6943584487
0.5905887788	0.4094112212	0.893073843	0.6936131295
0.5915897598	0.4084102402	0.8937370061	0.6928692881
0.5925907407	0.4074092593	0.8943973148	0.6921269207
0.5935917217	0.4064082783	0.8950547769	0.6913860236
0.5945927027	0.4054072973	0.8957094002	0.690646593
0.5955936837	0.4044063163	0.8963611926	0.6899086251
0.5965946647	0.4034053353	0.897010162	0.6891721162
0.5975956456	0.4024043544	0.8976563161	0.6884370626
0.5985966266	0.4014033734	0.8982996628	0.6877034605
0.5995976076	0.4004023924	0.8989402099	0.6869713061
0.6005985886	0.3994014114	0.8995779653	0.6862405959
0.6015995696	0.3984004304	0.9002129366	0.685511326
0.6026005506	0.3973994494	0.9008451318	0.6847834928
0.6036015315	0.3963984685	0.9014745586	0.6840570926
0.6046025125	0.3953974875	0.9021012247	0.6833321217
0.6056034935	0.3943965065	0.902725138	0.6826085764
0.6066044745	0.3933955255	0.9033463061	0.6818864531
0.6076054555	0.3923945445	0.9039647369	0.6811657482
0.6086064364	0.3913935636	0.904580438	0.6804464579
0.6096074174	0.3903925826	0.9051934173	0.6797285786
0.6106083984	0.3893916016	0.9058036823	0.6790121068
0.6116093794	0.3883906206	0.9064112408	0.6782970388
0.6126103604	0.3873896396	0.9070161006	0.6775833709
0.6136113413	0.3863886587	0.9076182692	0.6768710996
0.6146123223	0.3853876777	0.9082177543	0.6761602214
0.6156133033	0.3843866967	0.9088145637	0.6754507325
0.6166142843	0.3833857157	0.9094087049	0.6747426295
0.6176152653	0.3823847347	0.9100001856	0.6740359087
0.6186162462	0.3813837538	0.9105890134	0.6733305667
0.6196172272	0.3803827728	0.911175196	0.6726265998
0.6206182082	0.3793817918	0.911758741	0.6719240045
0.6216191892	0.3783808108	0.9123396558	0.6712227773
0.6226201702	0.3773798298	0.9129179482	0.6705229148
0.6236211512	0.3763788488	0.9134936257	0.6698244132
0.6246221321	0.3753778679	0.9140666959	0.6691272693
0.6256231131	0.3743768869	0.9146371662	0.6684314794
0.6266240941	0.3733759059	0.9152050443	0.66773704
0.6276250751	0.3723749249	0.9157703376	0.6670439478
0.6286260561	0.3713739439	0.9163330537	0.6663521992
0.629627037	0.370372963	0.9168932	0.6656617908
0.630628018	0.369371982	0.9174507841	0.6649727191
0.631628999	0.368371001	0.9180058135	0.6642849807
0.63262998	0.36737002	0.9185582955	0.6635985721
0.633630961	0.366369039	0.9191082376	0.66291349
0.6346319419	0.3653680581	0.9196556473	0.6622297308
0.6356329229	0.3643670771	0.920200532	0.6615472913
0.6366339039	0.3633660961	0.920742899	0.660866168
0.6376348849	0.3623651151	0.9212827559	0.6601863575
0.6386358659	0.3613641341	0.92182011	0.6595078564
0.6396368468	0.3603631532	0.9223549685	0.6588306614
0.6406378278	0.3593621722	0.922887339	0.6581547691
0.6416388088	0.3583611912	0.9234172288	0.6574801762
0.6426397898	0.3573602102	0.9239446451	0.6568068792
0.6436407708	0.3563592292	0.9244695953	0.656134875
0.6446417518	0.3553582482	0.9249920866	0.6554641601
0.6456427327	0.3543572673	0.9255121265	0.6547947312
0.6466437137	0.3533562863	0.9260297222	0.654126585
0.6476446947	0.3523553053	0.9265448808	0.6534597183
0.6486456757	0.3513543243	0.9270576097	0.6527941277
0.6496466567	0.3503533433	0.9275679162	0.6521298099
0.6506476376	0.3493523624	0.9280758073	0.6514667618
0.6516486186	0.3483513814	0.9285812904	0.6508049799
0.6526495996	0.3473504004	0.9290843726	0.6501444611
0.6536505806	0.3463494194	0.9295850611	0.6494852021
0.6546515616	0.3453484384	0.9300833631	0.6488271996
0.6556525425	0.3443474575	0.9305792857	0.6481704505
0.6566535235	0.3433464765	0.931072836	0.6475149515
0.6576545045	0.3423454955	0.9315640212	0.6468606995
0.6586554855	0.3413445145	0.9320528484	0.6462076911
0.6596564665	0.3403435335	0.9325393247	0.6455559232
0.6606574474	0.3393425526	0.9330234571	0.6449053927
0.6616584284	0.3383415716	0.9335052528	0.6442560963
0.6626594094	0.3373405906	0.9339847187	0.6436080309
0.6636603904	0.3363396096	0.9344618619	0.6429611932
0.6646613714	0.3353386286	0.9349366894	0.6423155803
0.6656623524	0.3343376476	0.9354092082	0.6416711889
0.6666633333	0.3333366667	0.9358794254	0.6410280159
0.6676643143	0.3323356857	0.9363473478	0.6403860581
0.6686652953	0.3313347047	0.9368129825	0.6397453125
0.6696662763	0.3303337237	0.9372763364	0.6391057759
0.6706672573	0.3293327427	0.9377374164	0.6384674452
0.6716682382	0.3283317618	0.9381962294	0.6378303175
0.6726692192	0.3273307808	0.9386527824	0.6371943894
0.6736702002	0.3263297998	0.9391070822	0.6365596581
0.6746711812	0.3253288188	0.9395591358	0.6359261204
0.6756721622	0.3243278378	0.9400089498	0.6352937732
0.6766731431	0.3233268569	0.9404565313	0.6346626136
0.6776741241	0.3223258759	0.940901887	0.6340326385
0.6786751051	0.3213248949	0.9413450237	0.6334038448
0.6796760861	0.3203239139	0.9417859483	0.6327762296
0.6806770671	0.3193229329	0.9422246674	0.6321497897
0.681678048	0.318321952	0.942661188	0.6315245223
0.682679029	0.317320971	0.9430955166	0.6309004243
0.68368001	0.31631999	0.9435276601	0.6302774927
0.684680991	0.315319009	0.9439576252	0.6296557245
0.685681972	0.314318028	0.9443854186	0.6290351169
0.686682953	0.313317047	0.9448110469	0.6284156667
0.6876839339	0.3123160661	0.9452345169	0.6277973711
0.6886849149	0.3113150851	0.9456558351	0.6271802271
0.6896858959	0.3103141041	0.9460750083	0.6265642317
0.6906868769	0.3093131231	0.9464920431	0.6259493821
0.6916878579	0.3083121421	0.946906946	0.6253356753
0.6926888388	0.3073111612	0.9473197237	0.6247231084
0.6936898198	0.3063101802	0.9477303828	0.6241116785
0.6946908008	0.3053091992	0.9481389298	0.6235013827
0.6956917818	0.3043082182	0.9485453712	0.6228922181
0.6966927628	0.3033072372	0.9489497136	0.6222841818
0.6976937437	0.3023062563	0.9493519635	0.621677271
0.6986947247	0.3013052753	0.9497521275	0.6210714828
0.6996957057	0.3003042943	0.9501502119	0.6204668143
0.7006966867	0.2993033133	0.9505462233	0.6198632627
0.7016976677	0.2983023323	0.9509401682	0.6192608251
0.7026986486	0.2973013514	0.9513320529	0.6186594988
0.7036996296	0.2963003704	0.9517218839	0.6180592809
0.7047006106	0.2952993894	0.9521096676	0.6174601685
0.7057015916	0.2942984084	0.9524954104	0.6168621589
0.7067025726	0.2932974274	0.9528791186	0.6162652493
0.7077035536	0.2922964464	0.9532607987	0.6156694368
0.7087045345	0.2912954655	0.953640457	0.6150747187
0.7097055155	0.2902944845	0.9540180997	0.6144810923
0.7107064965	0.2892935035	0.9543937333	0.6138885547
0.7117074775	0.2882925225	0.954767364	0.6132971032
0.7127084585	0.2872915415	0.955138998	0.6127067351
0.7137094394	0.2862905606	0.9555086418	0.6121174475
0.7147104204	0.2852895796	0.9558763014	0.6115292378
0.7157114014	0.2842885986	0.9562419833	0.6109421033
0.7167123824	0.2832876176	0.9566056934	0.6103560411
0.7177133634	0.2822866366	0.9569674382	0.6097710487
0.7187143443	0.2812856557	0.9573272237	0.6091871233
0.7197153253	0.2802846747	0.9576850561	0.6086042621
0.7207163063	0.2792836937	0.9580409417	0.6080224626
0.7217172873	0.2782827127	0.9583948865	0.607441722
0.7227182683	0.2772817317	0.9587468966	0.6068620377
0.7237192492	0.2762807508	0.9590969782	0.606283407
0.7247202302	0.2752797698	0.9594451373	0.6057058272
0.7257212112	0.2742787888	0.9597913801	0.6051292957
0.7267221922	0.2732778078	0.9601357126	0.6045538098
0.7277231732	0.2722768268	0.9604781409	0.603979367
0.7287241542	0.2712758458	0.9608186709	0.6034059645
0.7297251351	0.2702748649	0.9611573087	0.6028335998
0.7307261161	0.2692738839	0.9614940603	0.6022622703
0.7317270971	0.2682729029	0.9618289317	0.6016919733
0.7327280781	0.2672719219	0.9621619289	0.6011227062
0.7337290591	0.2662709409	0.9624930577	0.6005544666
0.73473004	0.26526996	0.9628223242	0.5999872517
0.735731021	0.264268979	0.9631497342	0.599421059
0.736732002	0.263267998	0.9634752937	0.598855886
0.737732983	0.262267017	0.9637990086	0.5982917301
0.738733964	0.261266036	0.9641208846	0.5977285887
0.7397349449	0.2602650551	0.9644409278	0.5971664592
0.7407359259	0.2592640741	0.9647591439	0.5966053393
0.7417369069	0.2582630931	0.9650755388	0.5960452263
0.7427378879	0.2572621121	0.9653901182	0.5954861176
0.7437388689	0.2562611311	0.965702888	0.5949280109
0.7447398498	0.2552601502	0.9660138539	0.5943709036
0.7457408308	0.2542591692	0.9663230218	0.5938147931
0.7467418118	0.2532581882	0.9666303973	0.593259677
0.7477427928	0.2522572072	0.9669359862	0.5927055529
0.7487437738	0.2512562262	0.9672397943	0.5921524181
0.7497447548	0.2502552452	0.9675418271	0.5916002704
0.7507457357	0.2492542643	0.9678420905	0.5910491071
0.7517467167	0.2482532833	0.9681405901	0.5904989259
0.7527476977	0.2472523023	0.9684373315	0.5899497242
0.7537486787	0.2462513213	0.9687323203	0.5894014997
0.7547496597	0.2452503403	0.9690255623	0.58885425
0.7557506406	0.2442493594	0.969317063	0.5883079725
0.7567516216	0.2432483784	0.969606828	0.5877626649
0.7577526026	0.2422473974	0.9698948629	0.5872183247
0.7587535836	0.2412464164	0.9701811733	0.5866749496
0.7597545646	0.2402454354	0.9704657646	0.5861325372
0.7607555455	0.2392444545	0.9707486425	0.585591085
0.7617565265	0.2382434735	0.9710298125	0.5850505907
0.7627575075	0.2372424925	0.97130928	0.5845110519
0.7637584885	0.2362415115	0.9715870506	0.5839724662
0.7647594695	0.2352405305	0.9718631297	0.5834348313
0.7657604505	0.2342395495	0.9721375228	0.5828981448
0.7667614314	0.2332385686	0.9724102353	0.5823624044
0.7677624124	0.2322375876	0.9726812727	0.5818276076
0.7687633934	0.2312366066	0.9729506403	0.5812937523
0.7697643744	0.2302356256	0.9732183436	0.580760836
0.7707653554	0.2292346446	0.973484388	0.5802288564
0.7717663363	0.2282336637	0.9737487787	0.5796978112
0.7727673173	0.2272326827	0.9740115213	0.5791676982
0.7737682983	0.2262317017	0.9742726209	0.5786385149
0.7747692793	0.2252307207	0.9745320829	0.5781102591
0.7757702603	0.2242297397	0.9747899127	0.5775829286
0.7767712412	0.2232287588	0.9750461155	0.577056521
0.7777722222	0.2222277778	0.9753006966	0.5765310341
0.7787732032	0.2212267968	0.9755536612	0.5760064655
0.7797741842	0.2202258158	0.9758050147	0.5754828131
0.7807751652	0.2192248348	0.9760547622	0.5749600746
0.7817761461	0.2182238539	0.976302909	0.5744382477
0.7827771271	0.2172228729	0.9765494602	0.5739173302
0.7837781081	0.2162218919	0.976794421	0.5733973198
0.7847790891	0.2152209109	0.9770377967	0.5728782144
0.7857800701	0.2142199299	0.9772795924	0.5723600116
0.7867810511	0.2132189489	0.9775198131	0.5718427094
0.787782032	0.212217968	0.9777584642	0.5713263054
0.788783013	0.211216987	0.9779955505	0.5708107975
0.789783994	0.210216006	0.9782310774	0.5702961835
0.790784975	0.209215025	0.9784650498	0.5697824611
0.791785956	0.208214044	0.9786974728	0.5692696283
0.7927869369	0.2072130631	0.9789283514	0.5687576828
0.7937879179	0.2062120821	0.9791576908	0.5682466225
0.7947888989	0.2052111011	0.9793854959	0.5677364452
0.7957898799	0.2042101201	0.9796117718	0.5672271487
0.7967908609	0.2032091391	0.9798365234	0.5667187309
0.7977918418	0.2022081582	0.9800597558	0.5662111896
0.7987928228	0.2012071772	0.9802814738	0.5657045228
0.7997938038	0.2002061962	0.9805016825	0.5651987282
0.8007947848	0.1992052152	0.9807203867	0.5646938038
0.8017957658	0.1982042342	0.9809375915	0.5641897474
0.8027967467	0.1972032533	0.9811533017	0.5636865569
0.8037977277	0.1962022723	0.9813675223	0.5631842303
0.8047987087	0.1952012913	0.981580258	0.5626827653
0.8057996897	0.1942003103	0.9817915138	0.56218216
0.8068006707	0.1931993293	0.9820012945	0.5616824122
0.8078016517	0.1921983483	0.982209605	0.5611835198
0.8088026326	0.1911973674	0.98241645	0.5606854808
0.8098036136	0.1901963864	0.9826218345	0.5601882931
0.8108045946	0.1891954054	0.9828257631	0.5596919546
0.8118055756	0.1881944244	0.9830282407	0.5591964633
0.8128065566	0.1871934434	0.9832292721	0.5587018172
0.8138075375	0.1861924625	0.9834288619	0.5582080141
0.8148085185	0.1851914815	0.983627015	0.557715052
0.8158094995	0.1841905005	0.9838237361	0.557222929
0.8168104805	0.1831895195	0.9840190298	0.5567316429
0.8178114615	0.1821885385	0.9842129009	0.5562411918
0.8188124424	0.1811875576	0.9844053541	0.5557515736
0.8198134234	0.1801865766	0.984596394	0.5552627864
0.8208144044	0.1791855956	0.9847860253	0.5547748281
0.8218153854	0.1781846146	0.9849742526	0.5542876967
0.8228163664	0.1771836336	0.9851610806	0.5538013902
0.8238173473	0.1761826527	0.9853465138	0.5533159067
0.8248183283	0.1751816717	0.9855305569	0.5528312442
0.8258193093	0.1741806907	0.9857132145	0.5523474006
0.8268202903	0.1731797097	0.9858944911	0.5518643741
0.8278212713	0.1721787287	0.9860743914	0.5513821627
0.8288222523	0.1711777477	0.9862529197	0.5509007643
0.8298232332	0.1701767668	0.9864300808	0.5504201771
0.8308242142	0.1691757858	0.986605879	0.5499403992
0.8318251952	0.1681748048	0.9867803189	0.5494614284
0.8328261762	0.1671738238	0.9869534051	0.5489832631
0.8338271572	0.1661728428	0.9871251419	0.5485059011
0.8348281381	0.1651718619	0.9872955338	0.5480293406
0.8358291191	0.1641708809	0.9874645854	0.5475535796
0.8368301001	0.1631698999	0.987632301	0.5470786164
0.8378310811	0.1621689189	0.987798685	0.5466044488
0.8388320621	0.1611679379	0.987963742	0.5461310751
0.839833043	0.160166957	0.9881274761	0.5456584934
0.840834024	0.159165976	0.988289892	0.5451867017
0.841835005	0.158164995	0.9884509939	0.5447156982
0.842835986	0.157164014	0.9886107861	0.544245481
0.843836967	0.156163033	0.9887692731	0.5437760482
0.8448379479	0.1551620521	0.9889264592	0.543307398
0.8458389289	0.1541610711	0.9890823487	0.5428395285
0.8468399099	0.1531600901	0.9892369458	0.5423724378
0.8478408909	0.1521591091	0.989390255	0.5419061241
0.8488418719	0.1511581281	0.9895422804	0.5414405855
0.8498428529	0.1501571471	0.9896930263	0.5409758203
0.8508438338	0.1491561662	0.9898424971	0.5405118265
0.8518448148	0.1481551852	0.9899906969	0.5400486023
0.8528457958	0.1471542042	0.9901376299	0.539586146
0.8538467768	0.1461532232	0.9902833005	0.5391244557
0.8548477578	0.1451522422	0.9904277127	0.5386635295
0.8558487387	0.1441512613	0.9905708708	0.5382033657
0.8568497197	0.1431502803	0.9907127789	0.5377439625
0.8578507007	0.1421492993	0.9908534413	0.5372853181
0.8588516817	0.1411483183	0.990992862	0.5368274306
0.8598526627	0.1401473373	0.9911310453	0.5363702983
0.8608536436	0.1391463564	0.9912679952	0.5359139195
0.8618546246	0.1381453754	0.9914037158	0.5354582923
0.8628556056	0.1371443944	0.9915382113	0.5350034149
0.8638565866	0.1361434134	0.9916714857	0.5345492856
0.8648575676	0.1351424324	0.9918035432	0.5340959027
0.8658585485	0.1341414515	0.9919343877	0.5336432643
0.8668595295	0.1331404705	0.9920640234	0.5331913688
0.8678605105	0.1321394895	0.9921924543	0.5327402144
0.8688614915	0.1311385085	0.9923196844	0.5322897993
0.8698624725	0.1301375275	0.9924457176	0.5318401218
0.8708634535	0.1291365465	0.9925705582	0.5313911802
0.8718644344	0.1281355656	0.9926942099	0.5309429727
0.8728654154	0.1271345846	0.9928166768	0.5304954976
0.8738663964	0.1261336036	0.9929379629	0.5300487533
0.8748673774	0.1251326226	0.993058072	0.529602738
0.8758683584	0.1241316416	0.9931770083	0.52915745
0.8768693393	0.1231306607	0.9932947755	0.5287128875
0.8778703203	0.1221296797	0.9934113776	0.528269049
0.8788713013	0.1211286987	0.9935268185	0.5278259327
0.8798722823	0.1201277177	0.9936411021	0.5273835368
0.8808732633	0.1191267367	0.9937542323	0.5269418599
0.8818742442	0.1181257558	0.9938662129	0.5265009001
0.8828752252	0.1171247748	0.9939770478	0.5260606558
0.8838762062	0.1161237938	0.9940867409	0.5256211253
0.8848771872	0.1151228128	0.9941952959	0.525182307
0.8858781682	0.1141218318	0.9943027168	0.5247441992
0.8868791491	0.1131208509	0.9944090072	0.5243068003
0.8878801301	0.1121198699	0.9945141711	0.5238701085
0.8888811111	0.1111188889	0.9946182122	0.5234341224
0.8898820921	0.1101179079	0.9947211342	0.5229988401
0.8908830731	0.1091169269	0.994822941	0.5225642602
0.8918840541	0.1081159459	0.9949236362	0.5221303809
0.892885035	0.107114965	0.9950232237	0.5216972007
0.893886016	0.106113984	0.9951217071	0.5212647179
0.894886997	0.105113003	0.9952190902	0.5208329309
0.895887978	0.104112022	0.9953153766	0.5204018382
0.896888959	0.103111041	0.9954105701	0.519971438
0.8978899399	0.1021100601	0.9955046744	0.5195417288
0.8988909209	0.1011090791	0.995597693	0.519112709
0.8998919019	0.1001080981	0.9956896298	0.5186843771
0.9008928829	0.09910711712	0.9957804882	0.5182567313
0.9018938639	0.09810613614	0.995870272	0.5178297702
0.9028948448	0.09710515516	0.9959589848	0.5174034922
0.9038958258	0.09610417417	0.9960466302	0.5169778956
0.9048968068	0.09510319319	0.9961332118	0.516552979
0.9058977878	0.09410221221	0.9962187331	0.5161287408
0.9068987688	0.09310123123	0.9963031978	0.5157051793
0.9078997497	0.09210025025	0.9963866095	0.5152822931
0.9089007307	0.09109926927	0.9964689716	0.5148600806
0.9099017117	0.09009828829	0.9965502878	0.5144385403
0.9109026927	0.08909730731	0.9966305615	0.5140176705
0.9119036737	0.08809632633	0.9967097963	0.5135974699
0.9129046547	0.08709534535	0.9967879958	0.5131779367
0.9139056356	0.08609436436	0.9968651633	0.5127590696
0.9149066166	0.08509338338	0.9969413025	0.512340867
0.9159075976	0.0840924024	0.9970164167	0.5119233273
0.9169085786	0.08309142142	0.9970905095	0.5115064492
0.9179095596	0.08209044044	0.9971635842	0.5110902309
0.9189105405	0.08108945946	0.9972356445	0.5106746711
0.9199115215	0.08008847848	0.9973066936	0.5102597682
0.9209125025	0.0790874975	0.997376735	0.5098455208
0.9219134835	0.07808651652	0.9974457722	0.5094319273
0.9229144645	0.07708553554	0.9975138085	0.5090189862
0.9239154454	0.07608455455	0.9975808473	0.5086066962
0.9249164264	0.07508357357	0.997646892	0.5081950556
0.9259174074	0.07408259259	0.997711946	0.5077840631
0.9269183884	0.07308161161	0.9977760127	0.507373717
0.9279193694	0.07208063063	0.9978390953	0.5069640161
0.9289203504	0.07107964965	0.9979011973	0.5065549588
0.9299213313	0.07007866867	0.997962322	0.5061465436
0.9309223123	0.06907768769	0.9980224726	0.5057387691
0.9319232933	0.06807670671	0.9980816525	0.5053316339
0.9329242743	0.06707572573	0.998139865	0.5049251365
0.9339252553	0.06607474474	0.9981971134	0.5045192754
0.9349262362	0.06507376376	0.998253401	0.5041140492
0.9359272172	0.06407278278	0.998308731	0.5037094565
0.9369281982	0.0630718018	0.9983631066	0.5033054959
0.9379291792	0.06207082082	0.9984165312	0.5029021659
0.9389301602	0.06106983984	0.998469008	0.5024994651
0.9399311411	0.06006885886	0.9985205401	0.5020973921
0.9409321221	0.05906787788	0.9985711309	0.5016959454
0.9419331031	0.0580668969	0.9986207835	0.5012951237
0.9429340841	0.05706591592	0.998669501	0.5008949256
0.9439350651	0.05606493493	0.9987172868	0.5004953496
0.944936046	0.05506395395	0.998764144	0.5000963944
0.945937027	0.05406297297	0.9988100757	0.4996980585
0.946938008	0.05306199199	0.9988550851	0.4993003406
0.947938989	0.05206101101	0.9988991753	0.4989032393
0.94893997	0.05106003003	0.9989423495	0.4985067531
0.949940951	0.05005904905	0.9989846108	0.4981108808
0.9509419319	0.04905806807	0.9990259623	0.4977156209
0.9519429129	0.04805708709	0.9990664072	0.4973209721
0.9529438939	0.04705610611	0.9991059485	0.496926933
0.9539448749	0.04605512513	0.9991445892	0.4965335023
0.9549458559	0.04505414414	0.9991823326	0.4961406785
0.9559468368	0.04405316316	0.9992191816	0.4957484604
0.9569478178	0.04305218218	0.9992551393	0.4953568465
0.9579487988	0.0420512012	0.9992902088	0.4949658356
0.9589497798	0.04105022022	0.9993243931	0.4945754263
0.9599507608	0.04004923924	0.9993576952	0.4941856172
0.9609517417	0.03904825826	0.9993901181	0.493796407
0.9619527227	0.03804727728	0.9994216649	0.4934077943
0.9629537037	0.0370462963	0.9994523385	0.493019778
0.9639546847	0.03604531532	0.999482142	0.4926323565
0.9649556657	0.03504433433	0.9995110783	0.4922455287
0.9659566466	0.03404335335	0.9995391504	0.4918592931
0.9669576276	0.03304237237	0.9995663612	0.4914736485
0.9679586086	0.03204139139	0.9995927138	0.4910885935
0.9689595896	0.03104041041	0.999618211	0.4907041269
0.9699605706	0.03003942943	0.9996428557	0.4903202474
0.9709615516	0.02903844845	0.999666651	0.4899369536
0.9719625325	0.02803746747	0.9996895997	0.4895542442
0.9729635135	0.02703648649	0.9997117047	0.4891721181
0.9739644945	0.02603550551	0.999732969	0.4887905738
0.9749654755	0.02503452452	0.9997533954	0.48840961
0.9759664565	0.02403354354	0.9997729867	0.4880292256
0.9769674374	0.02303256256	0.9997917459	0.4876494192
0.9779684184	0.02203158158	0.9998096758	0.4872701896
0.9789693994	0.0210306006	0.9998267793	0.4868915354
0.9799703804	0.02002961962	0.9998430592	0.4865134555
0.9809713614	0.01902863864	0.9998585184	0.4861359485
0.9819723423	0.01802765766	0.9998731596	0.4857590133
0.9829733233	0.01702667668	0.9998869857	0.4853826484
0.9839743043	0.0160256957	0.9998999994	0.4850068527
0.9849752853	0.01502471471	0.9999122037	0.484631625
0.9859762663	0.01402373373	0.9999236012	0.484256964
0.9869772472	0.01302275275	0.9999341948	0.4838828684
0.9879782282	0.01202177177	0.9999439872	0.483509337
0.9889792092	0.01102079079	0.9999529811	0.4831363686
0.9899801902	0.01001980981	0.9999611794	0.482763962
0.9909811712	0.009018828829	0.9999685848	0.4823921158
0.9919821522	0.008017847848	0.9999752	0.4820208289
0.9929831331	0.007016866867	0.9999810277	0.4816501001
0.9939841141	0.006015885886	0.9999860707	0.4812799282
0.9949850951	0.005014904905	0.9999903316	0.4809103119
0.9959860761	0.004013923924	0.9999938132	0.48054125
0.9969870571	0.003012942943	0.9999965182	0.4801727413
0.997988038	0.002011961962	0.9999984492	0.4798047846
0.998989019	0.001010980981	0.9999996089	0.4794373788
0.99999	1e-05	1	0.4790705225
