1e-05	0.99999	2.149465055	1.000000019
0.001010980981	0.998989019	1.49378702	1.000183284
0.002011961962	0.997988038	1.069996515	1.000686198
0.003012942943	0.9969870571	0.7878372692	1.001455891
0.004013923924	0.9959860761	0.5948369663	1.0024466
0.005014904905	0.9949850951	0.4595371363	1.003618627
0.006015885886	0.9939841141	0.3625376241	1.004937479
0.007016866867	0.9929831331	0.291559805	1.006373138
0.008017847848	0.9919821522	0.2386441826	1.007899458
0.009018828829	0.9909811712	0.1985158662	1.009493643
0.01001980981	0.9899801902	0.167606974	1.011135814
0.01102079079	0.9889792092	0.1434581512	1.012808635
0.01202177177	0.9879782282	0.1243441523	1.014496988
0.01302275275	0.9869772472	0.109034828	1.016187704
0.01402373373	0.9859762663	0.0966396479	1.017869322
0.01502471471	0.9849752853	0.0865047701	1.019531883
0.0160256957	0.9839743043	0.07814376769	1.021166753
0.01702667668	0.9829733233	0.07119028314	1.022766466
0.01802765766	0.9819723423	0.06536519813	1.024324588
0.01902863864	0.9809713614	0.06045355743	1.0258356
0.02002961962	0.9799703804	0.0562881404	1.02729479
0.0210306006	0.9789693994	0.05273762357	1.028698165
0.02203158158	0.9779684184	0.04969795395	1.030042364
0.02303256256	0.9769674374	0.04708599467	1.031324595
0.02403354354	0.9759664565	0.04483479676	1.032542563
0.02503452452	0.9749654755	0.04289004704	1.033694418
0.02603550551	0.9739644945	0.04120737545	1.034778705
0.02703648649	0.9729635135	0.03975029607	1.035794318
0.02803746747	0.9719625325	0.03848861994	1.036740463
0.02903844845	0.9709615516	0.03739722205	1.037616618
0.03003942943	0.9699605706	0.03645507634	1.038422508
0.03104041041	0.9689595896	0.03564449518	1.039158072
0.03204139139	0.9679586086	0.03495052599	1.039823437
0.03304237237	0.9669576276	0.03436046948	1.040418901
0.03404335335	0.9659566466	0.03386349261	1.040944908
0.03504433433	0.9649556657	0.03345031595	1.041402032
0.03604531532	0.9639546847	0.03311295957	1.041790958
0.0370462963	0.9629537037	0.03284453555	1.042112473
0.03804727728	0.9619527227	0.03263907767	1.042367447
0.03904825826	0.9609517417	0.03249140082	1.042556824
0.04004923924	0.9599507608	0.03239698459	1.042681614
0.04105022022	0.9589497798	0.03235187628	1.042742878
0.0420512012	0.9579487988	0.03235260987	1.042741724
0.04305218218	0.9569478178	0.03239613794	1.042679296
0.04405316316	0.9559468368	0.03247977433	1.042556771
0.04505414414	0.9549458559	0.0326011456	1.042375351
0.04605512513	0.9539448749	0.03275814985	1.042136255
0.04705610611	0.9529438939	0.03294892158	1.04184072
0.04805708709	0.9519429129	0.03317180164	1.04148999
0.04905806807	0.9509419319	0.03342531156	1.041085317
0.05005904905	0.949940951	0.03370813128	1.040627955
0.05106003003	0.94893997	0.03401908008	1.040119158
0.05206101101	0.947938989	0.03435710001	1.039560178
0.05306199199	0.946938008	0.03472124148	1.038952258
0.05406297297	0.945937027	0.03511065079	1.038296638
0.05506395395	0.944936046	0.03552455914	1.037594543
0.05606493493	0.9439350651	0.03596227314	1.036847191
0.05706591592	0.9429340841	0.03642316637	1.036055786
0.0580668969	0.9419331031	0.03690667203	1.035221516
0.05906787788	0.9409321221	0.03741227642	1.034345556
0.06006885886	0.9399311411	0.03793951326	1.033429064
0.06106983984	0.9389301602	0.03848795853	1.03247318
0.06207082082	0.9379291792	0.03905722603	1.031479028
0.0630718018	0.9369281982	0.03964696335	1.030447712
0.06407278278	0.9359272172	0.04025684833	1.029380318
0.06507376376	0.9349262362	0.04088658584	1.028277913
0.06607474474	0.9339252553	0.041535905	1.027141544
0.06707572573	0.9329242743	0.04220455661	1.025972238
0.06807670671	0.9319232933	0.04289231088	1.024771002
0.06907768769	0.9309223123	0.04359895539	1.023538825
0.07007866867	0.9299213313	0.04432429326	1.022276672
0.07107964965	0.9289203504	0.0450681415	1.020985492
0.07208063063	0.9279193694	0.04583032953	1.019666212
0.07308161161	0.9269183884	0.04661069782	1.018319738
0.07408259259	0.9259174074	0.04740909672	1.016946957
0.07508357357	0.9249164264	0.04822538532	1.015548738
0.07608455455	0.9239154454	0.04905943049	1.014125928
0.07708553554	0.9229144645	0.04991110599	1.012679355
0.07808651652	0.9219134835	0.05078029163	1.011209829
0.0790874975	0.9209125025	0.05166687258	1.009718141
0.08008847848	0.9199115215	0.05257073866	1.008205061
0.08108945946	0.9189105405	0.05349178379	1.006671344
0.08209044044	0.9179095596	0.05442990536	1.005117725
0.08309142142	0.9169085786	0.05538500383	1.00354492
0.0840924024	0.9159075976	0.05635698222	1.001953631
0.08509338338	0.9149066166	0.05734574569	1.000344538
0.08609436436	0.9139056356	0.05835120123	0.9987183082
0.08709534535	0.9129046547	0.05937325726	0.9970755899
0.08809632633	0.9119036737	0.06041182337	0.9954170155
0.08909730731	0.9109026927	0.06146681	0.9937432017
0.09009828829	0.9099017117	0.06253812825	0.992054749
0.09109926927	0.9089007307	0.06362568961	0.9903522429
0.09210025025	0.9078997497	0.06472940575	0.9886362536
0.09310123123	0.9068987688	0.06584918837	0.9869073365
0.09410221221	0.9058977878	0.06698494901	0.9851660325
0.09510319319	0.9048968068	0.06813659892	0.9834128686
0.09610417417	0.9038958258	0.06930404892	0.9816483577
0.09710515516	0.9028948448	0.07048720925	0.9798729992
0.09810613614	0.9018938639	0.07168598954	0.9780872793
0.09910711712	0.9008928829	0.07290029863	0.9762916712
0.1001080981	0.8998919019	0.07413004455	0.9744866356
0.1011090791	0.8988909209	0.07537513442	0.9726726206
0.1021100601	0.8978899399	0.0766354744	0.9708500625
0.103111041	0.896888959	0.07791096962	0.9690193855
0.104112022	0.895887978	0.07920152414	0.9671810026
0.105113003	0.894886997	0.08050704095	0.9653353154
0.106113984	0.893886016	0.08182742185	0.9634827145
0.107114965	0.892885035	0.08316256753	0.9616235798
0.1081159459	0.8918840541	0.08451237746	0.959758281
0.1091169269	0.8908830731	0.08587674993	0.9578871773
0.1101179079	0.8898820921	0.08725558202	0.956010618
0.1111188889	0.8888811111	0.0886487696	0.9541289429
0.1121198699	0.8878801301	0.09005620734	0.9522424822
0.1131208509	0.8868791491	0.09147778866	0.9503515568
0.1141218318	0.8858781682	0.09291340583	0.9484564788
0.1151228128	0.8848771872	0.09436294987	0.9465575515
0.1161237938	0.8838762062	0.09582631065	0.9446550694
0.1171247748	0.8828752252	0.09730337687	0.9427493191
0.1181257558	0.8818742442	0.09879403606	0.9408405786
0.1191267367	0.8808732633	0.1002981746	0.9389291184
0.1201277177	0.8798722823	0.1018156779	0.9370152011
0.1211286987	0.8788713013	0.10334643	0.9350990817
0.1221296797	0.8778703203	0.1048903142	0.933181008
0.1231306607	0.8768693393	0.1064472125	0.9312612207
0.1241316416	0.8758683584	0.108017006	0.9293399534
0.1251326226	0.8748673774	0.1095995748	0.9274174331
0.1261336036	0.8738663964	0.1111947982	0.9254938801
0.1271345846	0.8728654154	0.1128025543	0.9235695082
0.1281355656	0.8718644344	0.1144227204	0.921644525
0.1291365465	0.8708634535	0.1160551732	0.9197191322
0.1301375275	0.8698624725	0.1176997882	0.9177935251
0.1311385085	0.8688614915	0.1193564403	0.9158678938
0.1321394895	0.8678605105	0.1210250036	0.9139424221
0.1331404705	0.8668595295	0.1227053516	0.912017289
0.1341414515	0.8658585485	0.1243973569	0.9100926676
0.1351424324	0.8648575676	0.1261008915	0.908168726
0.1361434134	0.8638565866	0.1278158269	0.9062456273
0.1371443944	0.8628556056	0.129542034	0.9043235297
0.1381453754	0.8618546246	0.131279383	0.9024025863
0.1391463564	0.8608536436	0.1330277436	0.9004829459
0.1401473373	0.8598526627	0.1347869852	0.8985647524
0.1411483183	0.8588516817	0.1365569766	0.8966481455
0.1421492993	0.8578507007	0.1383375862	0.8947332605
0.1431502803	0.8568497197	0.1401286822	0.8928202284
0.1441512613	0.8558487387	0.1419301321	0.8909091762
0.1451522422	0.8548477578	0.1437418033	0.8890002271
0.1461532232	0.8538467768	0.145563563	0.8870935
0.1471542042	0.8528457958	0.1473952781	0.8851891103
0.1481551852	0.8518448148	0.1492368152	0.8832871696
0.1491561662	0.8508438338	0.1510880407	0.8813877862
0.1501571471	0.8498428529	0.152948821	0.8794910644
0.1511581281	0.8488418719	0.1548190223	0.8775971057
0.1521591091	0.8478408909	0.1566985107	0.8757060077
0.1531600901	0.8468399099	0.1585871523	0.8738178653
0.1541610711	0.8458389289	0.1604848132	0.8719327699
0.1551620521	0.8448379479	0.1623913592	0.87005081
0.156163033	0.843836967	0.1643066566	0.8681720712
0.157164014	0.842835986	0.1662305715	0.8662966361
0.158164995	0.841835005	0.1681629701	0.8644245846
0.159165976	0.840834024	0.1701037187	0.8625559937
0.160166957	0.839833043	0.1720526838	0.8606909379
0.1611679379	0.8388320621	0.1740097322	0.858829489
0.1621689189	0.8378310811	0.1759747305	0.8569717163
0.1631698999	0.8368301001	0.177947546	0.8551176866
0.1641708809	0.8358291191	0.179928046	0.8532674646
0.1651718619	0.8348281381	0.181916098	0.8514211122
0.1661728428	0.8338271572	0.1839115699	0.8495786894
0.1671738238	0.8328261762	0.1859143299	0.8477402539
0.1681748048	0.8318251952	0.1879242466	0.8459058612
0.1691757858	0.8308242142	0.189941189	0.8440755648
0.1701767668	0.8298232332	0.1919650262	0.842249416
0.1711777477	0.8288222523	0.193995628	0.8404274644
0.1721787287	0.8278212713	0.1960328646	0.8386097574
0.1731797097	0.8268202903	0.1980766065	0.8367963407
0.1741806907	0.8258193093	0.2001267247	0.8349872582
0.1751816717	0.8248183283	0.2021830907	0.8331825519
0.1761826527	0.8238173473	0.2042455767	0.8313822622
0.1771836336	0.8228163664	0.2063140551	0.8295864277
0.1781846146	0.8218153854	0.208388399	0.8277950854
0.1791855956	0.8208144044	0.210468482	0.8260082709
0.1801865766	0.8198134234	0.2125541784	0.8242260181
0.1811875576	0.8188124424	0.214645363	0.8224483593
0.1821885385	0.8178114615	0.2167419111	0.8206753255
0.1831895195	0.8168104805	0.2188436988	0.8189069462
0.1841905005	0.8158094995	0.2209506026	0.8171432495
0.1851914815	0.8148085185	0.2230624999	0.8153842624
0.1861924625	0.8138075375	0.2251792687	0.8136300102
0.1871934434	0.8128065566	0.2273007875	0.8118805171
0.1881944244	0.8118055756	0.2294269356	0.8101358063
0.1891954054	0.8108045946	0.2315575929	0.8083958994
0.1901963864	0.8098036136	0.2336926403	0.8066608171
0.1911973674	0.8088026326	0.2358319591	0.8049305789
0.1921983483	0.8078016517	0.2379754314	0.803205203
0.1931993293	0.8068006707	0.2401229402	0.8014847069
0.1942003103	0.8057996897	0.2422743689	0.7997691068
0.1952012913	0.8047987087	0.244429602	0.7980584178
0.1962022723	0.8037977277	0.2465885247	0.7963526543
0.1972032533	0.8027967467	0.2487510228	0.7946518296
0.1982042342	0.8017957658	0.250916983	0.7929559559
0.1992052152	0.8007947848	0.2530862928	0.7912650447
0.2002061962	0.7997938038	0.2552588405	0.7895791066
0.2012071772	0.7987928228	0.2574345152	0.7878981514
0.2022081582	0.7977918418	0.2596132067	0.7862221877
0.2032091391	0.7967908609	0.2617948058	0.7845512238
0.2042101201	0.7957898799	0.2639792039	0.7828852669
0.2052111011	0.7947888989	0.2661662934	0.7812243234
0.2062120821	0.7937879179	0.2683559675	0.7795683993
0.2072130631	0.7927869369	0.2705481203	0.7779174994
0.208214044	0.791785956	0.2727426465	0.7762716282
0.209215025	0.790784975	0.2749394419	0.7746307892
0.210216006	0.789783994	0.277138403	0.7729949856
0.211216987	0.788783013	0.2793394272	0.7713642196
0.212217968	0.787782032	0.2815424128	0.769738493
0.2132189489	0.7867810511	0.283747259	0.7681178069
0.2142199299	0.7857800701	0.2859538656	0.7665021618
0.2152209109	0.7847790891	0.2881621335	0.7648915578
0.2162218919	0.7837781081	0.2903719645	0.7632859942
0.2172228729	0.7827771271	0.2925832611	0.7616854698
0.2182238539	0.7817761461	0.2947959268	0.7600899832
0.2192248348	0.7807751652	0.2970098658	0.758499532
0.2202258158	0.7797741842	0.2992249834	0.7569141136
0.2212267968	0.7787732032	0.3014411856	0.755333725
0.2222277778	0.7777722222	0.3036583794	0.7537583625
0.2232287588	0.7767712412	0.3058764725	0.7521880221
0.2242297397	0.7757702603	0.3080953737	0.7506226994
0.2252307207	0.7747692793	0.3103149925	0.7490623893
0.2262317017	0.7737682983	0.3125352394	0.7475070867
0.2272326827	0.7727673173	0.3147560255	0.7459567859
0.2282336637	0.7717663363	0.3169772632	0.7444114807
0.2292346446	0.7707653554	0.3191988654	0.7428711646
0.2302356256	0.7697643744	0.3214207461	0.741335831
0.2312366066	0.7687633934	0.3236428201	0.7398054726
0.2322375876	0.7677624124	0.325865003	0.7382800818
0.2332385686	0.7667614314	0.3280872113	0.736759651
0.2342395495	0.7657604505	0.3303093624	0.7352441719
0.2352405305	0.7647594695	0.3325313746	0.733733636
0.2362415115	0.7637584885	0.334753167	0.7322280347
0.2372424925	0.7627575075	0.3369746596	0.7307273588
0.2382434735	0.7617565265	0.3391957731	0.7292315991
0.2392444545	0.7607555455	0.3414164293	0.727740746
0.2402454354	0.7597545646	0.3436365506	0.7262547896
0.2412464164	0.7587535836	0.3458560606	0.7247737199
0.2422473974	0.7577526026	0.3480748833	0.7232975264
0.2432483784	0.7567516216	0.350292944	0.7218261986
0.2442493594	0.7557506406	0.3525101684	0.7203597257
0.2452503403	0.7547496597	0.3547264833	0.7188980967
0.2462513213	0.7537486787	0.3569418164	0.7174413004
0.2472523023	0.7527476977	0.359156096	0.7159893253
0.2482532833	0.7517467167	0.3613692514	0.7145421597
0.2492542643	0.7507457357	0.3635812126	0.7130997919
0.2502552452	0.7497447548	0.3657919105	0.7116622099
0.2512562262	0.7487437738	0.3680012768	0.7102294014
0.2522572072	0.7477427928	0.370209244	0.7088013542
0.2532581882	0.7467418118	0.3724157455	0.7073780557
0.2542591692	0.7457408308	0.3746207153	0.7059594932
0.2552601502	0.7447398498	0.3768240884	0.704545654
0.2562611311	0.7437388689	0.3790258005	0.703136525
0.2572621121	0.7427378879	0.3812257881	0.7017320932
0.2582630931	0.7417369069	0.3834239885	0.7003323453
0.2592640741	0.7407359259	0.3856203397	0.6989372679
0.2602650551	0.7397349449	0.3878147807	0.6975468476
0.261266036	0.738733964	0.390007251	0.6961610708
0.262267017	0.737732983	0.3921976911	0.6947799238
0.263267998	0.736732002	0.394386042	0.6934033926
0.264268979	0.735731021	0.3965722459	0.6920314635
0.26526996	0.73473004	0.3987562452	0.6906641223
0.2662709409	0.7337290591	0.4009379834	0.689301355
0.2672719219	0.7327280781	0.4031174047	0.6879431472
0.2682729029	0.7317270971	0.405294454	0.6865894849
0.2692738839	0.7307261161	0.407469077	0.6852403535
0.2702748649	0.7297251351	0.40964122	0.6838957386
0.2712758458	0.7287241542	0.4118108302	0.6825556256
0.2722768268	0.7277231732	0.4139778553	0.6812200001
0.2732778078	0.7267221922	0.4161422439	0.6798888473
0.2742787888	0.7257212112	0.4183039452	0.6785621524
0.2752797698	0.7247202302	0.4204629092	0.6772399008
0.2762807508	0.7237192492	0.4226190865	0.6759220776
0.2772817317	0.7227182683	0.4247724286	0.6746086678
0.2782827127	0.7217172873	0.4269228873	0.6732996566
0.2792836937	0.7207163063	0.4290704155	0.6719950289
0.2802846747	0.7197153253	0.4312149666	0.6706947698
0.2812856557	0.7187143443	0.4333564946	0.6693988641
0.2822866366	0.7177133634	0.4354949543	0.6681072968
0.2832876176	0.7167123824	0.437630301	0.6668200528
0.2842885986	0.7157114014	0.4397624909	0.6655371168
0.2852895796	0.7147104204	0.4418914807	0.6642584737
0.2862905606	0.7137094394	0.4440172277	0.6629841082
0.2872915415	0.7127084585	0.44613969	0.6617140052
0.2882925225	0.7117074775	0.4482588261	0.6604481493
0.2892935035	0.7107064965	0.4503745955	0.6591865253
0.2902944845	0.7097055155	0.4524869579	0.6579291179
0.2912954655	0.7087045345	0.454595874	0.6566759117
0.2922964464	0.7077035536	0.4567013048	0.6554268915
0.2932974274	0.7067025726	0.4588032122	0.6541820419
0.2942984084	0.7057015916	0.4609015585	0.6529413475
0.2952993894	0.7047006106	0.4629963066	0.6517047931
0.2963003704	0.7036996296	0.4650874201	0.6504723633
0.2973013514	0.7026986486	0.4671748633	0.6492440428
0.2983023323	0.7016976677	0.4692586007	0.6480198161
0.2993033133	0.7006966867	0.4713385977	0.646799668
0.3003042943	0.6996957057	0.4734148203	0.6455835831
0.3013052753	0.6986947247	0.4754872348	0.6443715461
0.3023062563	0.6976937437	0.4775558084	0.6431635417
0.3033072372	0.6966927628	0.4796205085	0.6419595545
0.3043082182	0.6956917818	0.4816813033	0.6407595692
0.3053091992	0.6946908008	0.4837381616	0.6395635706
0.3063101802	0.6936898198	0.4857910524	0.6383715434
0.3073111612	0.6926888388	0.4878399457	0.6371834722
0.3083121421	0.6916878579	0.4898848117	0.635999342
0.3093131231	0.6906868769	0.4919256213	0.6348191373
0.3103141041	0.6896858959	0.4939623457	0.6336428431
0.3113150851	0.6886849149	0.4959949569	0.6324704441
0.3123160661	0.6876839339	0.4980234272	0.6313019251
0.313317047	0.686682953	0.5000477296	0.6301372711
0.314318028	0.685681972	0.5020678374	0.6289764669
0.315319009	0.684680991	0.5040837246	0.6278194973
0.31631999	0.68368001	0.5060953655	0.6266663474
0.317320971	0.682679029	0.508102735	0.6255170021
0.318321952	0.681678048	0.5101058085	0.6243714464
0.3193229329	0.6806770671	0.5121045617	0.6232296652
0.3203239139	0.6796760861	0.5140989711	0.6220916436
0.3213248949	0.6786751051	0.5160890134	0.6209573668
0.3223258759	0.6776741241	0.5180746659	0.6198268198
0.3233268569	0.6766731431	0.5200559062	0.6186999877
0.3243278378	0.6756721622	0.5220327126	0.6175768558
0.3253288188	0.6746711812	0.5240050636	0.6164574092
0.3263297998	0.6736702002	0.5259729383	0.6153416332
0.3273307808	0.6726692192	0.5279363162	0.614229513
0.3283317618	0.6716682382	0.5298951772	0.613121034
0.3293327427	0.6706672573	0.5318495017	0.6120161816
0.3303337237	0.6696662763	0.5337992705	0.6109149411
0.3313347047	0.6686652953	0.5357444649	0.6098172979
0.3323356857	0.6676643143	0.5376850664	0.6087232375
0.3333366667	0.6666633333	0.5396210571	0.6076327455
0.3343376476	0.6656623524	0.5415524194	0.6065458074
0.3353386286	0.6646613714	0.5434791363	0.6054624088
0.3363396096	0.6636603904	0.545401191	0.6043825352
0.3373405906	0.6626594094	0.5473185671	0.6033061725
0.3383415716	0.6616584284	0.5492312487	0.6022333062
0.3393425526	0.6606574474	0.5511392203	0.6011639222
0.3403435335	0.6596564665	0.5530424666	0.6000980063
0.3413445145	0.6586554855	0.5549409729	0.5990355443
0.3423454955	0.6576545045	0.5568347247	0.597976522
0.3433464765	0.6566535235	0.558723708	0.5969209256
0.3443474575	0.6556525425	0.560607909	0.5958687408
0.3453484384	0.6546515616	0.5624873146	0.5948199539
0.3463494194	0.6536505806	0.5643619116	0.5937745507
0.3473504004	0.6526495996	0.5662316876	0.5927325175
0.3483513814	0.6516486186	0.5680966301	0.5916938404
0.3493523624	0.6506476376	0.5699567274	0.5906585057
0.3503533433	0.6496466567	0.5718119677	0.5896264995
0.3513543243	0.6486456757	0.57366234	0.5885978083
0.3523553053	0.6476446947	0.5755078333	0.5875724183
0.3533562863	0.6466437137	0.5773484369	0.586550316
0.3543572673	0.6456427327	0.5791841408	0.5855314878
0.3553582482	0.6446417518	0.5810149348	0.5845159202
0.3563592292	0.6436407708	0.5828408095	0.5835035997
0.3573602102	0.6426397898	0.5846617555	0.5824945131
0.3583611912	0.6416388088	0.5864777639	0.5814886468
0.3593621722	0.6406378278	0.588288826	0.5804859877
0.3603631532	0.6396368468	0.5900949334	0.5794865224
0.3613641341	0.6386358659	0.591896078	0.5784902378
0.3623651151	0.6376348849	0.5936922521	0.5774971206
0.3633660961	0.6366339039	0.5954834483	0.5765071579
0.3643670771	0.6356329229	0.5972696592	0.5755203365
0.3653680581	0.6346319419	0.599050878	0.5745366434
0.366369039	0.633630961	0.6008270981	0.5735560658
0.36737002	0.63262998	0.6025983132	0.5725785906
0.368371001	0.631628999	0.6043645171	0.571604205
0.369371982	0.630628018	0.6061257041	0.5706328963
0.370372963	0.629627037	0.6078818687	0.5696646516
0.3713739439	0.6286260561	0.6096330056	0.5686994583
0.3723749249	0.6276250751	0.6113791098	0.5677373037
0.3733759059	0.6266240941	0.6131201765	0.5667781753
0.3743768869	0.6256231131	0.6148562013	0.5658220604
0.3753778679	0.6246221321	0.61658718	0.5648689465
0.3763788488	0.6236211512	0.6183131085	0.5639188214
0.3773798298	0.6226201702	0.6200339832	0.5629716724
0.3783808108	0.6216191892	0.6217498005	0.5620274873
0.3793817918	0.6206182082	0.6234605571	0.5610862538
0.3803827728	0.6196172272	0.6251662502	0.5601479597
0.3813837538	0.6186162462	0.6268668769	0.5592125927
0.3823847347	0.6176152653	0.6285624345	0.5582801407
0.3833857157	0.6166142843	0.6302529209	0.5573505916
0.3843866967	0.6156133033	0.631938334	0.5564239334
0.3853876777	0.6146123223	0.6336186717	0.5555001541
0.3863886587	0.6136113413	0.6352939326	0.5545792417
0.3873896396	0.6126103604	0.6369641151	0.5536611844
0.3883906206	0.6116093794	0.638629218	0.5527459704
0.3893916016	0.6106083984	0.6402892403	0.5518335877
0.3903925826	0.6096074174	0.6419441811	0.5509240248
0.3913935636	0.6086064364	0.64359404	0.5500172698
0.3923945445	0.6076054555	0.6452388164	0.5491133113
0.3933955255	0.6066044745	0.6468785102	0.5482121375
0.3943965065	0.6056034935	0.6485131214	0.547313737
0.3953974875	0.6046025125	0.6501426501	0.5464180983
0.3963984685	0.6036015315	0.6517670967	0.5455252099
0.3973994494	0.6026005506	0.6533864618	0.5446350604
0.3984004304	0.6015995696	0.6550007462	0.5437476386
0.3994014114	0.6005985886	0.6566099507	0.5428629331
0.4004023924	0.5995976076	0.6582140765	0.5419809327
0.4014033734	0.5985966266	0.659813125	0.5411016262
0.4024043544	0.5975956456	0.6614070974	0.5402250025
0.4034053353	0.5965946647	0.6629959956	0.5393510505
0.4044063163	0.5955936837	0.6645798213	0.5384797591
0.4054072973	0.5945927027	0.6661585766	0.5376111174
0.4064082783	0.5935917217	0.6677322634	0.5367451144
0.4074092593	0.5925907407	0.6693008843	0.5358817393
0.4084102402	0.5915897598	0.6708644416	0.5350209811
0.4094112212	0.5905887788	0.672422938	0.5341628292
0.4104122022	0.5895877978	0.6739763763	0.5333072727
0.4114131832	0.5885868168	0.6755247594	0.5324543009
0.4124141642	0.5875858358	0.6770680904	0.5316039033
0.4134151451	0.5865848549	0.6786063726	0.5307560692
0.4144161261	0.5855838739	0.6801396094	0.5299107881
0.4154171071	0.5845828929	0.6816678043	0.5290680494
0.4164180881	0.5835819119	0.6831909611	0.5282278428
0.4174190691	0.5825809309	0.6847090834	0.5273901577
0.4184200501	0.5815799499	0.6862221754	0.5265549839
0.419421031	0.580578969	0.6877302412	0.525722311
0.420422012	0.579577988	0.6892332848	0.5248921288
0.421422993	0.578577007	0.6907313109	0.524064427
0.422423974	0.577576026	0.6922243238	0.5232391955
0.423424955	0.576575045	0.6937123281	0.5224164241
0.4244259359	0.5755740641	0.6951953288	0.5215961028
0.4254269169	0.5745730831	0.6966733305	0.5207782216
0.4264278979	0.5735721021	0.6981463385	0.5199627704
0.4274288789	0.5725711211	0.6996143577	0.5191497393
0.4284298599	0.5715701401	0.7010773935	0.5183391185
0.4294308408	0.5705691592	0.7025354512	0.517530898
0.4304318218	0.5695681782	0.7039885363	0.5167250681
0.4314328028	0.5685671972	0.7054366544	0.515921619
0.4324337838	0.5675662162	0.7068798113	0.515120541
0.4334347648	0.5665652352	0.7083180127	0.5143218245
0.4344357457	0.5655642543	0.7097512646	0.5135254597
0.4354367267	0.5645632733	0.711179573	0.5127314372
0.4364377077	0.5635622923	0.7126029442	0.5119397474
0.4374386887	0.5625613113	0.7140213843	0.5111503809
0.4384396697	0.5615603303	0.7154348996	0.5103633281
0.4394406507	0.5605593493	0.7168434967	0.5095785797
0.4404416316	0.5595583684	0.7182471822	0.5087961263
0.4414426126	0.5585573874	0.7196459625	0.5080159587
0.4424435936	0.5575564064	0.7210398446	0.5072380675
0.4434445746	0.5565554254	0.7224288352	0.5064624435
0.4444455556	0.5555544444	0.7238129412	0.5056890775
0.4454465365	0.5545534635	0.7251921697	0.5049179605
0.4464475175	0.5535524825	0.7265665278	0.5041490833
0.4474484985	0.5525515015	0.7279360228	0.5033824368
0.4484494795	0.5515505205	0.7293006618	0.5026180121
0.4494504605	0.5505495395	0.7306604522	0.5018558002
0.4504514414	0.5495485586	0.7320154015	0.5010957921
0.4514524224	0.5485475776	0.7333655173	0.500337979
0.4524534034	0.5475465966	0.7347108071	0.499582352
0.4534543844	0.5465456156	0.7360512787	0.4988289024
0.4544553654	0.5455446346	0.7373869398	0.4980776213
0.4554563463	0.5445436537	0.7387177982	0.4973285001
0.4564573273	0.5435426727	0.7400438619	0.4965815301
0.4574583083	0.5425416917	0.7413651389	0.4958367026
0.4584592893	0.5415407107	0.7426816372	0.4950940091
0.4594602703	0.5405397297	0.743993365	0.494353441
0.4604612513	0.5395387487	0.7453003304	0.4936149898
0.4614622322	0.5385377678	0.7466025419	0.492878647
0.4624632132	0.5375367868	0.7479000076	0.4921444042
0.4634641942	0.5365358058	0.749192736	0.491412253
0.4644651752	0.5355348248	0.7504807356	0.490682185
0.4654661562	0.5345338438	0.7517640148	0.489954192
0.4664671371	0.5335328629	0.7530425824	0.4892282656
0.4674681181	0.5325318819	0.754316447	0.4885043976
0.4684690991	0.5315309009	0.7555856172	0.4877825798
0.4694700801	0.5305299199	0.7568501018	0.4870628041
0.4704710611	0.5295289389	0.7581099097	0.4863450624
0.471472042	0.528527958	0.7593650498	0.4856293465
0.472473023	0.527526977	0.7606155309	0.4849156485
0.473474004	0.526525996	0.7618613622	0.4842039602
0.474474985	0.525525015	0.7631025525	0.4834942739
0.475475966	0.524524034	0.7643391111	0.4827865814
0.4764769469	0.5235230531	0.7655710471	0.482080875
0.4774779279	0.5225220721	0.7667983697	0.4813771468
0.4784789089	0.5215210911	0.768021088	0.480675389
0.4794798899	0.5205201101	0.7692392115	0.4799755937
0.4804808709	0.5195191291	0.7704527495	0.4792777533
0.4814818519	0.5185181481	0.7716617112	0.4785818601
0.4824828328	0.5175171672	0.7728661062	0.4778879063
0.4834838138	0.5165161862	0.774065944	0.4771958843
0.4844847948	0.5155152052	0.775261234	0.4765057867
0.4854857758	0.5145142242	0.7764519857	0.4758176057
0.4864867568	0.5135132432	0.7776382089	0.4751313339
0.4874877377	0.5125122623	0.7788199131	0.4744469637
0.4884887187	0.5115112813	0.7799971079	0.4737644878
0.4894896997	0.5105103003	0.7811698032	0.4730838987
0.4904906807	0.5095093193	0.7823380086	0.472405189
0.4914916617	0.5085083383	0.7835017339	0.4717283514
0.4924926426	0.5075073574	0.784660989	0.4710533785
0.4934936236	0.5065063764	0.7858157836	0.4703802632
0.4944946046	0.5055053954	0.7869661277	0.4697089981
0.4954955856	0.5045044144	0.7881120311	0.469039576
0.4964965666	0.5035034334	0.7892535039	0.4683719898
0.4974975475	0.5025024525	0.790390556	0.4677062323
0.4984985285	0.5015014715	0.7915231973	0.4670422964
0.4994995095	0.5005004905	0.792651438	0.4663801751
0.5005004905	0.4994995095	0.7937752881	0.4657198612
0.5015014715	0.4984985285	0.7948947576	0.4650613479
0.5025024525	0.4974975475	0.7960098568	0.464404628
0.5035034334	0.4964965666	0.7971205956	0.4637496948
0.5045044144	0.4954955856	0.7982269843	0.4630965412
0.5055053954	0.4944946046	0.7993290332	0.4624451604
0.5065063764	0.4934936236	0.8004267523	0.4617955456
0.5075073574	0.4924926426	0.8015201519	0.4611476899
0.5085083383	0.4914916617	0.8026092423	0.4605015865
0.5095093193	0.4904906807	0.8036940337	0.4598572288
0.5105103003	0.4894896997	0.8047745365	0.45921461
0.5115112813	0.4884887187	0.805850761	0.4585737234
0.5125122623	0.4874877377	0.8069227174	0.4579345624
0.5135132432	0.4864867568	0.8079904162	0.4572971203
0.5145142242	0.4854857758	0.8090538677	0.4566613906
0.5155152052	0.4844847948	0.8101130824	0.4560273666
0.5165161862	0.4834838138	0.8111680705	0.455395042
0.5175171672	0.4824828328	0.8122188426	0.4547644101
0.5185181481	0.4814818519	0.8132654091	0.4541354646
0.5195191291	0.4804808709	0.8143077803	0.4535081989
0.5205201101	0.4794798899	0.8153459669	0.4528826067
0.5215210911	0.4784789089	0.8163799792	0.4522586816
0.5225220721	0.4774779279	0.8174098278	0.4516364173
0.5235230531	0.4764769469	0.8184355231	0.4510158074
0.524524034	0.475475966	0.8194570757	0.4503968457
0.525525015	0.474474985	0.820474496	0.4497795258
0.526525996	0.473474004	0.8214877947	0.4491638417
0.527526977	0.472473023	0.8224969822	0.448549787
0.528527958	0.471472042	0.8235020692	0.4479373556
0.5295289389	0.4704710611	0.8245030661	0.4473265414
0.5305299199	0.4694700801	0.8254999836	0.4467173383
0.5315309009	0.4684690991	0.8264928322	0.4461097401
0.5325318819	0.4674681181	0.8274816224	0.4455037408
0.5335328629	0.4664671371	0.828466365	0.4448993345
0.5345338438	0.4654661562	0.8294470705	0.444296515
0.5355348248	0.4644651752	0.8304237495	0.4436952765
0.5365358058	0.4634641942	0.8313964125	0.443095613
0.5375367868	0.4624632132	0.8323650703	0.4424975186
0.5385377678	0.4614622322	0.8333297334	0.4419009873
0.5395387487	0.4604612513	0.8342904124	0.4413060134
0.5405397297	0.4594602703	0.835247118	0.440712591
0.5415407107	0.4584592893	0.8361998608	0.4401207143
0.5425416917	0.4574583083	0.8371486514	0.4395303776
0.5435426727	0.4564573273	0.8380935004	0.438941575
0.5445436537	0.4554563463	0.8390344185	0.4383543008
0.5455446346	0.4544553654	0.8399714163	0.4377685495
0.5465456156	0.4534543844	0.8409045045	0.4371843152
0.5475465966	0.4524534034	0.8418336936	0.4366015923
0.5485475776	0.4514524224	0.8427589942	0.4360203753
0.5495485586	0.4504514414	0.8436804171	0.4354406585
0.5505495395	0.4494504605	0.8445979729	0.4348624364
0.5515505205	0.4484494795	0.8455116721	0.4342857034
0.5525515015	0.4474484985	0.8464215254	0.4337104541
0.5535524825	0.4464475175	0.8473275434	0.4331366828
0.5545534635	0.4454465365	0.8482297368	0.4325643843
0.5555544444	0.4444455556	0.8491281161	0.4319935529
0.5565554254	0.4434445746	0.8500226919	0.4314241834
0.5575564064	0.4424435936	0.850913475	0.4308562703
0.5585573874	0.4414426126	0.8518004758	0.4302898083
0.5595583684	0.4404416316	0.852683705	0.429724792
0.5605593493	0.4394406507	0.8535631731	0.4291612161
0.5615603303	0.4384396697	0.8544388908	0.4285990754
0.5625613113	0.4374386887	0.8553108686	0.4280383645
0.5635622923	0.4364377077	0.8561791171	0.4274790782
0.5645632733	0.4354367267	0.857043647	0.4269212114
0.5655642543	0.4344357457	0.8579044686	0.4263647588
0.5665652352	0.4334347648	0.8587615927	0.4258097152
0.5675662162	0.4324337838	0.8596150297	0.4252560755
0.5685671972	0.4314328028	0.8604647902	0.4247038346
0.5695681782	0.4304318218	0.8613108847	0.4241529874
0.5705691592	0.4294308408	0.8621533237	0.4236035288
0.5715701401	0.4284298599	0.8629921179	0.4230554537
0.5725711211	0.4274288789	0.8638272776	0.4225087572
0.5735721021	0.4264278979	0.8646588133	0.4219634343
0.5745730831	0.4254269169	0.8654867357	0.4214194799
0.5755740641	0.4244259359	0.866311055	0.420876889
0.576575045	0.423424955	0.8671317819	0.4203356568
0.577576026	0.422423974	0.8679489267	0.4197957784
0.578577007	0.421422993	0.8687624999	0.4192572488
0.579577988	0.420422012	0.869572512	0.4187200632
0.580578969	0.419421031	0.8703789734	0.4181842168
0.5815799499	0.4184200501	0.8711818945	0.4176497046
0.5825809309	0.4174190691	0.8719812856	0.4171165219
0.5835819119	0.4164180881	0.8727771573	0.416584664
0.5845828929	0.4154171071	0.8735695198	0.4160541261
0.5855838739	0.4144161261	0.8743583836	0.4155249033
0.5865848549	0.4134151451	0.8751437589	0.4149969911
0.5875858358	0.4124141642	0.8759256562	0.4144703847
0.5885868168	0.4114131832	0.8767040857	0.4139450795
0.5895877978	0.4104122022	0.8774790579	0.4134210707
0.5905887788	0.4094112212	0.8782505829	0.4128983538
0.5915897598	0.4084102402	0.8790186711	0.4123769242
0.5925907407	0.4074092593	0.8797833327	0.4118567772
0.5935917217	0.4064082783	0.880544578	0.4113379083
0.5945927027	0.4054072973	0.8813024173	0.410820313
0.5955936837	0.4044063163	0.8820568608	0.4103039867
0.5965946647	0.4034053353	0.8828079187	0.4097889249
0.5975956456	0.4024043544	0.8835556012	0.4092751231
0.5985966266	0.4014033734	0.8842999186	0.4087625769
0.5995976076	0.4004023924	0.8850408809	0.4082512818
0.6005985886	0.3994014114	0.8857784983	0.4077412334
0.6015995696	0.3984004304	0.886512781	0.4072324273
0.6026005506	0.3973994494	0.8872437391	0.406724859
0.6036015315	0.3963984685	0.8879713827	0.4062185243
0.6046025125	0.3953974875	0.888695722	0.4057134188
0.6056034935	0.3943965065	0.8894167669	0.4052095381
0.6066044745	0.3933955255	0.8901345276	0.404706878
0.6076054555	0.3923945445	0.8908490141	0.4042054341
0.6086064364	0.3913935636	0.8915602364	0.4037052022
0.6096074174	0.3903925826	0.8922682045	0.4032061781
0.6106083984	0.3893916016	0.8929729285	0.4027083574
0.6116093794	0.3883906206	0.8936744183	0.402211736
0.6126103604	0.3873896396	0.8943726839	0.4017163097
0.6136113413	0.3863886587	0.8950677351	0.4012220744
0.6146123223	0.3853876777	0.8957595821	0.4007290258
0.6156133033	0.3843866967	0.8964482346	0.4002371598
0.6166142843	0.3833857157	0.8971337025	0.3997464723
0.6176152653	0.3823847347	0.8978159957	0.3992569592
0.6186162462	0.3813837538	0.8984951242	0.3987686164
0.6196172272	0.3803827728	0.8991710976	0.3982814399
0.6206182082	0.3793817918	0.8998439258	0.3977954256
0.6216191892	0.3783808108	0.9005136187	0.3973105694
0.6226201702	0.3773798298	0.901180186	0.3968268674
0.6236211512	0.3763788488	0.9018436374	0.3963443156
0.6246221321	0.3753778679	0.9025039828	0.3958629099
0.6256231131	0.3743768869	0.9031612318	0.3953826465
0.6266240941	0.3733759059	0.9038153941	0.3949035214
0.6276250751	0.3723749249	0.9044664795	0.3944255306
0.6286260561	0.3713739439	0.9051144976	0.3939486703
0.629627037	0.370372963	0.905759458	0.3934729366
0.630628018	0.369371982	0.9064013703	0.3929983255
0.631628999	0.368371001	0.9070402443	0.3925248333
0.63262998	0.36737002	0.9076760894	0.3920524561
0.633630961	0.366369039	0.9083089152	0.3915811901
0.6346319419	0.3653680581	0.9089387314	0.3911110314
0.6356329229	0.3643670771	0.9095655473	0.3906419763
0.6366339039	0.3633660961	0.9101893726	0.390174021
0.6376348849	0.3623651151	0.9108102167	0.3897071618
0.6386358659	0.3613641341	0.9114280891	0.3892413949
0.6396368468	0.3603631532	0.9120429992	0.3887767166
0.6406378278	0.3593621722	0.9126549565	0.3883131232
0.6416388088	0.3583611912	0.9132639703	0.387850611
0.6426397898	0.3573602102	0.9138700501	0.3873891763
0.6436407708	0.3563592292	0.9144732052	0.3869288155
0.6446417518	0.3553582482	0.915073445	0.3864695249
0.6456427327	0.3543572673	0.9156707788	0.3860113009
0.6466437137	0.3533562863	0.9162652159	0.3855541399
0.6476446947	0.3523553053	0.9168567656	0.3850980383
0.6486456757	0.3513543243	0.9174454371	0.3846429924
0.6496466567	0.3503533433	0.9180312398	0.3841889989
0.6506476376	0.3493523624	0.9186141827	0.383736054
0.6516486186	0.3483513814	0.9191942751	0.3832841543
0.6526495996	0.3473504004	0.9197715263	0.3828332963
0.6536505806	0.3463494194	0.9203459453	0.3823834764
0.6546515616	0.3453484384	0.9209175413	0.3819346911
0.6556525425	0.3443474575	0.9214863233	0.3814869371
0.6566535235	0.3433464765	0.9220523006	0.3810402107
0.6576545045	0.3423454955	0.9226154822	0.3805945087
0.6586554855	0.3413445145	0.9231758771	0.3801498275
0.6596564665	0.3403435335	0.9237334943	0.3797061638
0.6606574474	0.3393425526	0.9242883429	0.3792635141
0.6616584284	0.3383415716	0.9248404318	0.378821875
0.6626594094	0.3373405906	0.9253897701	0.3783812433
0.6636603904	0.3363396096	0.9259363666	0.3779416155
0.6646613714	0.3353386286	0.9264802302	0.3775029883
0.6656623524	0.3343376476	0.92702137	0.3770653584
0.6666633333	0.3333366667	0.9275597947	0.3766287224
0.6676643143	0.3323356857	0.9280955132	0.3761930771
0.6686652953	0.3313347047	0.9286285344	0.3757584192
0.6696662763	0.3303337237	0.929158867	0.3753247453
0.6706672573	0.3293327427	0.9296865199	0.3748920524
0.6716682382	0.3283317618	0.9302115018	0.374460337
0.6726692192	0.3273307808	0.9307338214	0.374029596
0.6736702002	0.3263297998	0.9312534876	0.3735998262
0.6746711812	0.3253288188	0.931770509	0.3731710244
0.6756721622	0.3243278378	0.9322848942	0.3727431873
0.6766731431	0.3233268569	0.9327966519	0.3723163118
0.6776741241	0.3223258759	0.9333057909	0.3718903948
0.6786751051	0.3213248949	0.9338123196	0.3714654331
0.6796760861	0.3203239139	0.9343162467	0.3710414236
0.6806770671	0.3193229329	0.9348175808	0.3706183631
0.681678048	0.318321952	0.9353163303	0.3701962485
0.682679029	0.317320971	0.9358125039	0.3697750768
0.68368001	0.31631999	0.93630611	0.3693548448
0.684680991	0.315319009	0.9367971571	0.3689355496
0.685681972	0.314318028	0.9372856537	0.368517188
0.686682953	0.313317047	0.9377716082	0.3680997569
0.6876839339	0.3123160661	0.9382550291	0.3676832535
0.6886849149	0.3113150851	0.9387359246	0.3672676746
0.6896858959	0.3103141041	0.9392143033	0.3668530172
0.6906868769	0.3093131231	0.9396901734	0.3664392784
0.6916878579	0.3083121421	0.9401635432	0.3660264552
0.6926888388	0.3073111612	0.9406344211	0.3656145446
0.6936898198	0.3063101802	0.9411028154	0.3652035436
0.6946908008	0.3053091992	0.9415687343	0.3647934494
0.6956917818	0.3043082182	0.9420321861	0.3643842589
0.6966927628	0.3033072372	0.9424931789	0.3639759693
0.6976937437	0.3023062563	0.942951721	0.3635685777
0.6986947247	0.3013052753	0.9434078205	0.3631620811
0.6996957057	0.3003042943	0.9438614856	0.3627564768
0.7006966867	0.2993033133	0.9443127243	0.3623517617
0.7016976677	0.2983023323	0.944761545	0.3619479332
0.7026986486	0.2973013514	0.9452079555	0.3615449882
0.7036996296	0.2963003704	0.9456519639	0.361142924
0.7047006106	0.2952993894	0.9460935784	0.3607417378
0.7057015916	0.2942984084	0.9465328068	0.3603414267
0.7067025726	0.2932974274	0.9469696573	0.359941988
0.7077035536	0.2922964464	0.9474041377	0.3595434189
0.7087045345	0.2912954655	0.9478362561	0.3591457166
0.7097055155	0.2902944845	0.9482660203	0.3587488782
0.7107064965	0.2892935035	0.9486934382	0.3583529012
0.7117074775	0.2882925225	0.9491185178	0.3579577827
0.7127084585	0.2872915415	0.9495412669	0.35756352
0.7137094394	0.2862905606	0.9499616933	0.3571701104
0.7147104204	0.2852895796	0.9503798049	0.3567775512
0.7157114014	0.2842885986	0.9507956094	0.3563858397
0.7167123824	0.2832876176	0.9512091146	0.3559949731
0.7177133634	0.2822866366	0.9516203283	0.3556049489
0.7187143443	0.2812856557	0.9520292582	0.3552157644
0.7197153253	0.2802846747	0.952435912	0.3548274168
0.7207163063	0.2792836937	0.9528402974	0.3544399037
0.7217172873	0.2782827127	0.953242422	0.3540532223
0.7227182683	0.2772817317	0.9536422935	0.35366737
0.7237192492	0.2762807508	0.9540399195	0.3532823442
0.7247202302	0.2752797698	0.9544353076	0.3528981423
0.7257212112	0.2742787888	0.9548284654	0.3525147617
0.7267221922	0.2732778078	0.9552194004	0.3521321999
0.7277231732	0.2722768268	0.9556081201	0.3517504543
0.7287241542	0.2712758458	0.9559946322	0.3513695223
0.7297251351	0.2702748649	0.956378944	0.3509894013
0.7307261161	0.2692738839	0.9567610629	0.3506100889
0.7317270971	0.2682729029	0.9571409966	0.3502315826
0.7327280781	0.2672719219	0.9575187523	0.3498538797
0.7337290591	0.2662709409	0.9578943375	0.3494769778
0.73473004	0.26526996	0.9582677596	0.3491008744
0.735731021	0.264268979	0.9586390259	0.3487255671
0.736732002	0.263267998	0.9590081437	0.3483510532
0.737732983	0.262267017	0.9593751204	0.3479773305
0.738733964	0.261266036	0.9597399633	0.3476043964
0.7397349449	0.2602650551	0.9601026796	0.3472322484
0.7407359259	0.2592640741	0.9604632765	0.3468608842
0.7417369069	0.2582630931	0.9608217613	0.3464903013
0.7427378879	0.2572621121	0.9611781413	0.3461204973
0.7437388689	0.2562611311	0.9615324235	0.3457514698
0.7447398498	0.2552601502	0.9618846152	0.3453832165
0.7457408308	0.2542591692	0.9622347235	0.3450157348
0.7467418118	0.2532581882	0.9625827555	0.3446490224
0.7477427928	0.2522572072	0.9629287182	0.344283077
0.7487437738	0.2512562262	0.9632726189	0.3439178963
0.7497447548	0.2502552452	0.9636144645	0.3435534778
0.7507457357	0.2492542643	0.9639542621	0.3431898192
0.7517467167	0.2482532833	0.9642920187	0.3428269182
0.7527476977	0.2472523023	0.9646277413	0.3424647724
0.7537486787	0.2462513213	0.9649614368	0.3421033797
0.7547496597	0.2452503403	0.9652931122	0.3417427376
0.7557506406	0.2442493594	0.9656227745	0.3413828438
0.7567516216	0.2432483784	0.9659504305	0.3410236961
0.7577526026	0.2422473974	0.9662760871	0.3406652923
0.7587535836	0.2412464164	0.9665997512	0.3403076299
0.7597545646	0.2402454354	0.9669214296	0.3399507069
0.7607555455	0.2392444545	0.9672411292	0.3395945209
0.7617565265	0.2382434735	0.9675588568	0.3392390697
0.7627575075	0.2372424925	0.9678746191	0.338884351
0.7637584885	0.2362415115	0.968188423	0.3385303627
0.7647594695	0.2352405305	0.9685002751	0.3381771025
0.7657604505	0.2342395495	0.9688101821	0.3378245683
0.7667614314	0.2332385686	0.9691181508	0.3374727578
0.7677624124	0.2322375876	0.9694241879	0.3371216688
0.7687633934	0.2312366066	0.9697283	0.3367712992
0.7697643744	0.2302356256	0.9700304937	0.3364216467
0.7707653554	0.2292346446	0.9703307757	0.3360727094
0.7717663363	0.2282336637	0.9706291526	0.3357244849
0.7727673173	0.2272326827	0.9709256309	0.3353769711
0.7737682983	0.2262317017	0.9712202172	0.335030166
0.7747692793	0.2252307207	0.971512918	0.3346840673
0.7757702603	0.2242297397	0.9718037398	0.334338673
0.7767712412	0.2232287588	0.9720926892	0.3339939809
0.7777722222	0.2222277778	0.9723797726	0.3336499889
0.7787732032	0.2212267968	0.9726649965	0.3333066951
0.7797741842	0.2202258158	0.9729483673	0.3329640971
0.7807751652	0.2192248348	0.9732298914	0.3326221931
0.7817761461	0.2182238539	0.9735095753	0.3322809809
0.7827771271	0.2172228729	0.9737874252	0.3319404584
0.7837781081	0.2162218919	0.9740634476	0.3316006236
0.7847790891	0.2152209109	0.9743376487	0.3312614745
0.7857800701	0.2142199299	0.9746100349	0.330923009
0.7867810511	0.2132189489	0.9748806126	0.3305852251
0.787782032	0.212217968	0.9751493878	0.3302481207
0.788783013	0.211216987	0.975416367	0.3299116939
0.789783994	0.210216006	0.9756815564	0.3295759427
0.790784975	0.209215025	0.9759449621	0.329240865
0.791785956	0.208214044	0.9762065905	0.3289064588
0.7927869369	0.2072130631	0.9764664475	0.3285727222
0.7937879179	0.2062120821	0.9767245394	0.3282396532
0.7947888989	0.2052111011	0.9769808724	0.3279072498
0.7957898799	0.2042101201	0.9772354526	0.3275755101
0.7967908609	0.2032091391	0.977488286	0.3272444321
0.7977918418	0.2022081582	0.9777393787	0.3269140138
0.7987928228	0.2012071772	0.9779887369	0.3265842534
0.7997938038	0.2002061962	0.9782363665	0.3262551489
0.8007947848	0.1992052152	0.9784822735	0.3259266983
0.8017957658	0.1982042342	0.978726464	0.3255988998
0.8027967467	0.1972032533	0.9789689439	0.3252717515
0.8037977277	0.1962022723	0.9792097193	0.3249452514
0.8047987087	0.1952012913	0.979448796	0.3246193977
0.8057996897	0.1942003103	0.97968618	0.3242941884
0.8068006707	0.1931993293	0.9799218772	0.3239696217
0.8078016517	0.1921983483	0.9801558935	0.3236456957
0.8088026326	0.1911973674	0.9803882347	0.3233224085
0.8098036136	0.1901963864	0.9806189067	0.3229997584
0.8108045946	0.1891954054	0.9808479154	0.3226777434
0.8118055756	0.1881944244	0.9810752665	0.3223563617
0.8128065566	0.1871934434	0.9813009658	0.3220356114
0.8138075375	0.1861924625	0.9815250191	0.3217154908
0.8148085185	0.1851914815	0.9817474322	0.3213959979
0.8158094995	0.1841905005	0.9819682109	0.3210771311
0.8168104805	0.1831895195	0.9821873607	0.3207588884
0.8178114615	0.1821885385	0.9824048875	0.3204412681
0.8188124424	0.1811875576	0.9826207969	0.3201242684
0.8198134234	0.1801865766	0.9828350946	0.3198078875
0.8208144044	0.1791855956	0.9830477863	0.3194921235
0.8218153854	0.1781846146	0.9832588774	0.3191769748
0.8228163664	0.1771836336	0.9834683738	0.3188624396
0.8238173473	0.1761826527	0.9836762809	0.3185485161
0.8248183283	0.1751816717	0.9838826043	0.3182352025
0.8258193093	0.1741806907	0.9840873497	0.3179224971
0.8268202903	0.1731797097	0.9842905224	0.3176103981
0.8278212713	0.1721787287	0.9844921282	0.3172989039
0.8288222523	0.1711777477	0.9846921723	0.3169880126
0.8298232332	0.1701767668	0.9848906604	0.3166777226
0.8308242142	0.1691757858	0.9850875979	0.3163680322
0.8318251952	0.1681748048	0.9852829903	0.3160589395
0.8328261762	0.1671738238	0.9854768429	0.3157504431
0.8338271572	0.1661728428	0.9856691612	0.315442541
0.8348281381	0.1651718619	0.9858599506	0.3151352317
0.8358291191	0.1641708809	0.9860492165	0.3148285134
0.8368301001	0.1631698999	0.9862369642	0.3145223846
0.8378310811	0.1621689189	0.986423199	0.3142168434
0.8388320621	0.1611679379	0.9866079264	0.3139118882
0.839833043	0.160166957	0.9867911516	0.3136075175
0.840834024	0.159165976	0.9869728798	0.3133037295
0.841835005	0.158164995	0.9871531165	0.3130005225
0.842835986	0.157164014	0.9873318667	0.312697895
0.843836967	0.156163033	0.9875091358	0.3123958452
0.8448379479	0.1551620521	0.987684929	0.3120943717
0.8458389289	0.1541610711	0.9878592515	0.3117934727
0.8468399099	0.1531600901	0.9880321084	0.3114931466
0.8478408909	0.1521591091	0.988203505	0.3111933918
0.8488418719	0.1511581281	0.9883734464	0.3108942068
0.8498428529	0.1501571471	0.9885419377	0.3105955898
0.8508438338	0.1491561662	0.9887089841	0.3102975394
0.8518448148	0.1481551852	0.9888745906	0.3100000539
0.8528457958	0.1471542042	0.9890387623	0.3097031318
0.8538467768	0.1461532232	0.9892015044	0.3094067714
0.8548477578	0.1451522422	0.9893628219	0.3091109712
0.8558487387	0.1441512613	0.9895227197	0.3088157296
0.8568497197	0.1431502803	0.9896812029	0.3085210452
0.8578507007	0.1421492993	0.9898382766	0.3082269162
0.8588516817	0.1411483183	0.9899939457	0.3079333412
0.8598526627	0.1401473373	0.9901482151	0.3076403187
0.8608536436	0.1391463564	0.9903010899	0.307347847
0.8618546246	0.1381453754	0.9904525749	0.3070559247
0.8628556056	0.1371443944	0.9906026751	0.3067645503
0.8638565866	0.1361434134	0.9907513954	0.3064737221
0.8648575676	0.1351424324	0.9908987407	0.3061834388
0.8658585485	0.1341414515	0.9910447158	0.3058936988
0.8668595295	0.1331404705	0.9911893256	0.3056045005
0.8678605105	0.1321394895	0.9913325749	0.3053158426
0.8688614915	0.1311385085	0.9914744686	0.3050277234
0.8698624725	0.1301375275	0.9916150115	0.3047401416
0.8708634535	0.1291365465	0.9917542084	0.3044530956
0.8718644344	0.1281355656	0.991892064	0.3041665839
0.8728654154	0.1271345846	0.992028583	0.3038806051
0.8738663964	0.1261336036	0.9921637704	0.3035951578
0.8748673774	0.1251326226	0.9922976306	0.3033102404
0.8758683584	0.1241316416	0.9924301686	0.3030258515
0.8768693393	0.1231306607	0.9925613889	0.3027419897
0.8778703203	0.1221296797	0.9926912963	0.3024586535
0.8788713013	0.1211286987	0.9928198955	0.3021758414
0.8798722823	0.1201277177	0.9929471909	0.3018935521
0.8808732633	0.1191267367	0.9930731874	0.3016117841
0.8818742442	0.1181257558	0.9931978896	0.3013305359
0.8828752252	0.1171247748	0.9933213019	0.3010498062
0.8838762062	0.1161237938	0.9934434291	0.3007695936
0.8848771872	0.1151228128	0.9935642756	0.3004898966
0.8858781682	0.1141218318	0.9936838461	0.3002107139
0.8868791491	0.1131208509	0.9938021451	0.299932044
0.8878801301	0.1121198699	0.993919177	0.2996538855
0.8888811111	0.1111188889	0.9940349466	0.2993762371
0.8898820921	0.1101179079	0.9941494581	0.2990990973
0.8908830731	0.1091169269	0.9942627161	0.2988224648
0.8918840541	0.1081159459	0.9943747251	0.2985463383
0.892885035	0.107114965	0.9944854896	0.2982707163
0.893886016	0.106113984	0.9945950139	0.2979955975
0.894886997	0.105113003	0.9947033024	0.2977209805
0.895887978	0.104112022	0.9948103597	0.297446864
0.896888959	0.103111041	0.99491619	0.2971732466
0.8978899399	0.1021100601	0.9950207978	0.2969001269
0.8988909209	0.1011090791	0.9951241874	0.2966275037
0.8998919019	0.1001080981	0.9952263632	0.2963553756
0.9008928829	0.09910711712	0.9953273295	0.2960837413
0.9018938639	0.09810613614	0.9954270906	0.2958125994
0.9028948448	0.09710515516	0.9955256508	0.2955419486
0.9038958258	0.09610417417	0.9956230145	0.2952717876
0.9048968068	0.09510319319	0.9957191858	0.2950021152
0.9058977878	0.09410221221	0.9958141691	0.2947329299
0.9068987688	0.09310123123	0.9959079686	0.2944642304
0.9078997497	0.09210025025	0.9960005885	0.2941960156
0.9089007307	0.09109926927	0.9960920331	0.293928284
0.9099017117	0.09009828829	0.9961823065	0.2936610345
0.9109026927	0.08909730731	0.996271413	0.2933942656
0.9119036737	0.08809632633	0.9963593567	0.2931279762
0.9129046547	0.08709534535	0.9964461418	0.2928621649
0.9139056356	0.08609436436	0.9965317724	0.2925968305
0.9149066166	0.08509338338	0.9966162527	0.2923319718
0.9159075976	0.0840924024	0.9966995868	0.2920675874
0.9169085786	0.08309142142	0.9967817788	0.291803676
0.9179095596	0.08209044044	0.9968628327	0.2915402366
0.9189105405	0.08108945946	0.9969427528	0.2912772677
0.9199115215	0.08008847848	0.9970215429	0.2910147682
0.9209125025	0.0790874975	0.9970992072	0.2907527367
0.9219134835	0.07808651652	0.9971757498	0.2904911722
0.9229144645	0.07708553554	0.9972511746	0.2902300733
0.9239154454	0.07608455455	0.9973254856	0.2899694388
0.9249164264	0.07508357357	0.9973986869	0.2897092674
0.9259174074	0.07408259259	0.9974707825	0.2894495581
0.9269183884	0.07308161161	0.9975417762	0.2891903095
0.9279193694	0.07208063063	0.9976116721	0.2889315204
0.9289203504	0.07107964965	0.9976804741	0.2886731897
0.9299213313	0.07007866867	0.9977481861	0.2884153161
0.9309223123	0.06907768769	0.9978148121	0.2881578984
0.9319232933	0.06807670671	0.9978803559	0.2879009355
0.9329242743	0.06707572573	0.9979448215	0.2876444261
0.9339252553	0.06607474474	0.9980082127	0.2873883691
0.9349262362	0.06507376376	0.9980705334	0.2871327633
0.9359272172	0.06407278278	0.9981317874	0.2868776075
0.9369281982	0.0630718018	0.9981919786	0.2866229005
0.9379291792	0.06207082082	0.9982511108	0.2863686411
0.9389301602	0.06106983984	0.9983091878	0.2861148283
0.9399311411	0.06006885886	0.9983662134	0.2858614607
0.9409321221	0.05906787788	0.9984221913	0.2856085374
0.9419331031	0.0580668969	0.9984771255	0.285356057
0.9429340841	0.05706591592	0.9985310196	0.2851040186
0.9439350651	0.05606493493	0.9985838773	0.2848524208
0.944936046	0.05506395395	0.9986357025	0.2846012626
0.945937027	0.05406297297	0.9986864988	0.2843505429
0.946938008	0.05306199199	0.99873627	0.2841002605
0.947938989	0.05206101101	0.9987850196	0.2838504142
0.94893997	0.05106003003	0.9988327515	0.283601003
0.949940951	0.05005904905	0.9988794693	0.2833520258
0.9509419319	0.04905806807	0.9989251767	0.2831034813
0.9519429129	0.04805708709	0.9989698773	0.2828553685
0.9529438939	0.04705610611	0.9990135747	0.2826076863
0.9539448749	0.04605512513	0.9990562725	0.2823604336
0.9549458559	0.04505414414	0.9990979745	0.2821136092
0.9559468368	0.04405316316	0.9991386841	0.2818672122
0.9569478178	0.04305218218	0.9991784049	0.2816212412
0.9579487988	0.0420512012	0.9992171406	0.2813756954
0.9589497798	0.04105022022	0.9992548947	0.2811305735
0.9599507608	0.04004923924	0.9992916707	0.2808858746
0.9609517417	0.03904825826	0.9993274722	0.2806415974
0.9619527227	0.03804727728	0.9993623027	0.280397741
0.9629537037	0.0370462963	0.9993961657	0.2801543043
0.9639546847	0.03604531532	0.9994290647	0.2799112862
0.9649556657	0.03504433433	0.9994610032	0.2796686856
0.9659566466	0.03404335335	0.9994919848	0.2794265015
0.9669576276	0.03304237237	0.9995220127	0.2791847327
0.9679586086	0.03204139139	0.9995510906	0.2789433783
0.9689595896	0.03104041041	0.9995792218	0.2787024373
0.9699605706	0.03003942943	0.9996064098	0.2784619084
0.9709615516	0.02903844845	0.999632658	0.2782217908
0.9719625325	0.02803746747	0.9996579698	0.2779820833
0.9729635135	0.02703648649	0.9996823486	0.2777427849
0.9739644945	0.02603550551	0.9997057978	0.2775038946
0.9749654755	0.02503452452	0.9997283207	0.2772654114
0.9759664565	0.02403354354	0.9997499208	0.2770273342
0.9769674374	0.02303256256	0.9997706013	0.2767896619
0.9779684184	0.02203158158	0.9997903657	0.2765523937
0.9789693994	0.0210306006	0.9998092172	0.2763155284
0.9799703804	0.02002961962	0.9998271591	0.276079065
0.9809713614	0.01902863864	0.9998441948	0.2758430026
0.9819723423	0.01802765766	0.9998603275	0.2756073401
0.9829733233	0.01702667668	0.9998755606	0.2753720765
0.9839743043	0.0160256957	0.9998898972	0.2751372108
0.9849752853	0.01502471471	0.9999033407	0.274902742
0.9859762663	0.01402373373	0.9999158944	0.2746686691
0.9869772472	0.01302275275	0.9999275613	0.2744349912
0.9879782282	0.01202177177	0.9999383449	0.2742017072
0.9889792092	0.01102079079	0.9999482482	0.2739688161
0.9899801902	0.01001980981	0.9999572746	0.2737363171
0.9909811712	0.009018828829	0.9999654271	0.273504209
0.9919821522	0.008017847848	0.999972709	0.2732724909
0.9929831331	0.007016866867	0.9999791234	0.2730411618
0.9939841141	0.006015885886	0.9999846736	0.2728102209
0.9949850951	0.005014904905	0.9999893626	0.272579667
0.9959860761	0.004013923924	0.9999931936	0.2723494993
0.9969870571	0.003012942943	0.9999961697	0.2721197168
0.997988038	0.002011961962	0.9999982941	0.2718903184
0.998989019	0.001010980981	0.9999995698	0.2716613034
0.99999	1e-05	1	0.2714326707
