1e-05	0.99999	0.0003949926896	0.9999999948
0.001010980981	0.998989019	0.0004379256133	0.9999474823
0.002011961962	0.997988038	0.0004844125187	0.9997949622
0.003012942943	0.9969870571	0.0005346490953	0.9995466804
0.004013923924	0.9959860761	0.0005888352805	0.9992066926
0.005014904905	0.9949850951	0.0006471750491	0.9987788746
0.006015885886	0.9939841141	0.0007098761949	0.9982669317
0.007016866867	0.9929831331	0.0007771501055	0.9976744075
0.008017847848	0.9919821522	0.0008492115317	0.997004693
0.009018828829	0.9909811712	0.0009262783515	0.9962610336
0.01001980981	0.9899801902	0.00100857133	0.9954465373
0.01102079079	0.9889792092	0.001096313874	0.9945641809
0.01202177177	0.9879782282	0.001189731788	0.9936168171
0.01302275275	0.9869772472	0.001289053023	0.9926071804
0.01402373373	0.9859762663	0.001394507426	0.9915378928
0.01502471471	0.9849752853	0.001506326489	0.990411469
0.0160256957	0.9839743043	0.0016247431	0.9892303223
0.01702667668	0.9829733233	0.001749991287	0.9879967684
0.01802765766	0.9819723423	0.001882305971	0.9867130307
0.01902863864	0.9809713614	0.002021922715	0.9853812441
0.02002961962	0.9799703804	0.002169077481	0.9840034594
0.0210306006	0.9789693994	0.00232400638	0.982581647
0.02203158158	0.9779684184	0.002486945437	0.9811177002
0.02303256256	0.9769674374	0.002658130347	0.9796134393
0.02403354354	0.9759664565	0.002837796247	0.9780706142
0.02503452452	0.9749654755	0.00302617748	0.9764909076
0.02603550551	0.9739644945	0.003223507374	0.9748759384
0.02703648649	0.9729635135	0.003430018019	0.9732272636
0.02803746747	0.9719625325	0.003645940052	0.9715463818
0.02903844845	0.9709615516	0.003871502448	0.9698347351
0.03003942943	0.9699605706	0.004106932315	0.9680937116
0.03104041041	0.9689595896	0.004352454694	0.9663246478
0.03204139139	0.9679586086	0.004608292368	0.9645288305
0.03304237237	0.9669576276	0.004874665676	0.962707499
0.03404335335	0.9659566466	0.005151792333	0.9608618471
0.03504433433	0.9649556657	0.005439887254	0.9589930246
0.03604531532	0.9639546847	0.005739162392	0.9571021394
0.0370462963	0.9629537037	0.006049826572	0.9551902591
0.03804727728	0.9619527227	0.006372085344	0.9532584125
0.03904825826	0.9609517417	0.00670614083	0.951307591
0.04004923924	0.9599507608	0.007052191589	0.9493387505
0.04105022022	0.9589497798	0.007410432482	0.9473528123
0.0420512012	0.9579487988	0.007781054546	0.9453506648
0.04305218218	0.9569478178	0.008164244875	0.9433331643
0.04405316316	0.9559468368	0.008560186508	0.9413011369
0.04505414414	0.9549458559	0.008969058321	0.9392553788
0.04605512513	0.9539448749	0.009391034931	0.9371966583
0.04705610611	0.9529438939	0.009826286602	0.9351257162
0.04805708709	0.9519429129	0.01027497916	0.9330432671
0.04905806807	0.9509419319	0.0107372739	0.9309500002
0.05005904905	0.949940951	0.01121332756	0.9288465805
0.05106003003	0.94893997	0.01170329217	0.9267336494
0.05206101101	0.947938989	0.01220731508	0.9246118258
0.05306199199	0.946938008	0.01272553886	0.9224817067
0.05406297297	0.945937027	0.01325810124	0.9203438683
0.05506395395	0.944936046	0.01380513509	0.9181988661
0.05606493493	0.9439350651	0.0143667684	0.9160472367
0.05706591592	0.9429340841	0.01494312419	0.9138894972
0.0580668969	0.9419331031	0.01553432055	0.9117261471
0.05906787788	0.9409321221	0.01614047056	0.909557668
0.06006885886	0.9399311411	0.01676168232	0.9073845248
0.06106983984	0.9389301602	0.01739805892	0.905207166
0.06207082082	0.9379291792	0.01804969842	0.9030260242
0.0630718018	0.9369281982	0.01871669387	0.9008415171
0.06407278278	0.9359272172	0.0193991333	0.8986540475
0.06507376376	0.9349262362	0.02009709973	0.8964640041
0.06607474474	0.9339252553	0.0208106712	0.8942717619
0.06707572573	0.9329242743	0.02153992074	0.8920776827
0.06807670671	0.9319232933	0.02228491643	0.8898821154
0.06907768769	0.9309223123	0.02304572141	0.8876853968
0.07007866867	0.9299213313	0.02382239389	0.8854878517
0.07107964965	0.9289203504	0.02461498722	0.8832897932
0.07208063063	0.9279193694	0.02542354986	0.8810915235
0.07308161161	0.9269183884	0.02624812549	0.878893334
0.07408259259	0.9259174074	0.02708875298	0.8766955056
0.07508357357	0.9249164264	0.02794546649	0.8744983093
0.07608455455	0.9239154454	0.02881829547	0.8723020063
0.07708553554	0.9229144645	0.02970726472	0.8701068483
0.07808651652	0.9219134835	0.03061239446	0.8679130782
0.0790874975	0.9209125025	0.03153370035	0.86572093
0.08008847848	0.9199115215	0.03247119356	0.863530629
0.08108945946	0.9189105405	0.03342488084	0.8613423926
0.08209044044	0.9179095596	0.03439476454	0.8591564301
0.08309142142	0.9169085786	0.03538084269	0.8569729431
0.0840924024	0.9159075976	0.03638310909	0.8547921258
0.08509338338	0.9149066166	0.03740155331	0.8526141653
0.08609436436	0.9139056356	0.0384361608	0.8504392417
0.08709534535	0.9129046547	0.03948691295	0.8482675281
0.08809632633	0.9119036737	0.04055378714	0.8460991916
0.08909730731	0.9109026927	0.04163675682	0.8439343926
0.09009828829	0.9099017117	0.04273579157	0.8417732855
0.09109926927	0.9089007307	0.04385085717	0.8396160189
0.09210025025	0.9078997497	0.04498191569	0.8374627355
0.09310123123	0.9068987688	0.04612892554	0.8353135727
0.09410221221	0.9058977878	0.04729184152	0.8331686625
0.09510319319	0.9048968068	0.04847061496	0.8310281315
0.09610417417	0.9038958258	0.04966519371	0.8288921014
0.09710515516	0.9028948448	0.05087552229	0.8267606893
0.09810613614	0.9018938639	0.05210154188	0.8246340073
0.09910711712	0.9008928829	0.05334319049	0.8225121631
0.1001080981	0.8998919019	0.05460040294	0.8203952598
0.1011090791	0.8988909209	0.05587311101	0.8182833965
0.1021100601	0.8978899399	0.05716124344	0.816176668
0.103111041	0.896888959	0.05846472608	0.8140751652
0.104112022	0.895887978	0.0597834819	0.8119789752
0.105113003	0.894886997	0.06111743111	0.809888181
0.106113984	0.893886016	0.06246649119	0.8078028624
0.107114965	0.892885035	0.063830577	0.8057230954
0.1081159459	0.8918840541	0.06520960083	0.8036489529
0.1091169269	0.8908830731	0.06660347247	0.8015805041
0.1101179079	0.8898820921	0.06801209932	0.7995178153
0.1111188889	0.8888811111	0.06943538641	0.7974609496
0.1121198699	0.8878801301	0.07087323647	0.7954099672
0.1131208509	0.8868791491	0.07232555007	0.7933649254
0.1141218318	0.8858781682	0.07379222561	0.7913258786
0.1151228128	0.8848771872	0.07527315943	0.7892928785
0.1161237938	0.8838762062	0.07676824586	0.7872659743
0.1171247748	0.8828752252	0.07827737731	0.7852452125
0.1181257558	0.8818742442	0.07980044432	0.7832306372
0.1191267367	0.8808732633	0.08133733562	0.7812222901
0.1201277177	0.8798722823	0.08288793822	0.7792202107
0.1211286987	0.8788713013	0.08445213744	0.777224436
0.1221296797	0.8778703203	0.08602981702	0.7752350011
0.1231306607	0.8768693393	0.08762085914	0.773251939
0.1241316416	0.8758683584	0.08922514451	0.7712752804
0.1251326226	0.8748673774	0.09084255241	0.7693050544
0.1261336036	0.8738663964	0.09247296076	0.7673412878
0.1271345846	0.8728654154	0.09411624621	0.7653840059
0.1281355656	0.8718644344	0.09577228413	0.763433232
0.1291365465	0.8708634535	0.09744094874	0.7614889879
0.1301375275	0.8698624725	0.09912211313	0.7595512935
0.1311385085	0.8688614915	0.1008156493	0.7576201671
0.1321394895	0.8678605105	0.1025214283	0.7556956257
0.1331404705	0.8668595295	0.1042393202	0.7537776844
0.1341414515	0.8658585485	0.105969194	0.7518663571
0.1351424324	0.8648575676	0.1077109181	0.7499616562
0.1361434134	0.8638565866	0.1094643601	0.7480635929
0.1371443944	0.8628556056	0.1112293866	0.7461721767
0.1381453754	0.8618546246	0.1130058636	0.7442874161
0.1391463564	0.8608536436	0.1147936567	0.7424093183
0.1401473373	0.8598526627	0.1165926306	0.7405378893
0.1411483183	0.8588516817	0.1184026495	0.738673134
0.1421492993	0.8578507007	0.1202235771	0.7368150559
0.1431502803	0.8568497197	0.1220552769	0.7349636579
0.1441512613	0.8558487387	0.1238976115	0.7331189413
0.1451522422	0.8548477578	0.1257504435	0.7312809068
0.1461532232	0.8538467768	0.1276136351	0.729449554
0.1471542042	0.8528457958	0.1294870481	0.7276248814
0.1481551852	0.8518448148	0.131370544	0.7258068869
0.1491561662	0.8508438338	0.1332639844	0.7239955671
0.1501571471	0.8498428529	0.1351672304	0.7221909181
0.1511581281	0.8488418719	0.1370801432	0.7203929351
0.1521591091	0.8478408909	0.1390025836	0.7186016123
0.1531600901	0.8468399099	0.1409344128	0.7168169434
0.1541610711	0.8458389289	0.1428754915	0.7150389211
0.1551620521	0.8448379479	0.1448256807	0.7132675377
0.156163033	0.843836967	0.1467848415	0.7115027845
0.157164014	0.842835986	0.1487528347	0.7097446522
0.158164995	0.841835005	0.1507295216	0.707993131
0.159165976	0.840834024	0.1527147636	0.7062482104
0.160166957	0.839833043	0.1547084219	0.7045098793
0.1611679379	0.8388320621	0.1567103584	0.7027781259
0.1621689189	0.8378310811	0.158720435	0.701052938
0.1631698999	0.8368301001	0.1607385137	0.6993343029
0.1641708809	0.8358291191	0.1627644571	0.6976222072
0.1651718619	0.8348281381	0.1647981278	0.6959166371
0.1661728428	0.8338271572	0.166839389	0.6942175784
0.1671738238	0.8328261762	0.1688881042	0.6925250163
0.1681748048	0.8318251952	0.1709441371	0.6908389356
0.1691757858	0.8308242142	0.1730073521	0.6891593207
0.1701767668	0.8298232332	0.1750776138	0.6874861556
0.1711777477	0.8288222523	0.1771547873	0.6858194239
0.1721787287	0.8278212713	0.1792387383	0.6841591088
0.1731797097	0.8268202903	0.181329333	0.682505193
0.1741806907	0.8258193093	0.1834264379	0.6808576592
0.1751816717	0.8248183283	0.1855299202	0.6792164894
0.1761826527	0.8238173473	0.1876396477	0.6775816655
0.1771836336	0.8228163664	0.1897554886	0.675953169
0.1781846146	0.8218153854	0.1918773119	0.6743309812
0.1791855956	0.8208144044	0.1940049871	0.6727150829
0.1801865766	0.8198134234	0.1961383843	0.6711054549
0.1811875576	0.8188124424	0.1982773743	0.6695020776
0.1821885385	0.8178114615	0.2004218286	0.6679049311
0.1831895195	0.8168104805	0.2025716192	0.6663139954
0.1841905005	0.8158094995	0.204726619	0.6647292502
0.1851914815	0.8148085185	0.2068867014	0.6631506749
0.1861924625	0.8138075375	0.2090517407	0.6615782489
0.1871934434	0.8128065566	0.2112216118	0.6600119513
0.1881944244	0.8118055756	0.2133961904	0.6584517609
0.1891954054	0.8108045946	0.215575353	0.6568976565
0.1901963864	0.8098036136	0.2177589766	0.6553496166
0.1911973674	0.8088026326	0.2199469393	0.6538076198
0.1921983483	0.8078016517	0.2221391199	0.6522716441
0.1931993293	0.8068006707	0.2243353978	0.6507416678
0.1942003103	0.8057996897	0.2265356533	0.6492176687
0.1952012913	0.8047987087	0.2287397677	0.6476996249
0.1962022723	0.8037977277	0.2309476229	0.6461875139
0.1972032533	0.8027967467	0.2331591017	0.6446813135
0.1982042342	0.8017957658	0.2353740876	0.6431810011
0.1992052152	0.8007947848	0.2375924652	0.6416865541
0.2002061962	0.7997938038	0.2398141198	0.64019795
0.2012071772	0.7987928228	0.2420389375	0.6387151659
0.2022081582	0.7977918418	0.2442668053	0.637238179
0.2032091391	0.7967908609	0.2464976112	0.6357669665
0.2042101201	0.7957898799	0.2487312438	0.6343015052
0.2052111011	0.7947888989	0.2509675928	0.6328417723
0.2062120821	0.7937879179	0.2532065488	0.6313877447
0.2072130631	0.7927869369	0.255448003	0.6299393991
0.208214044	0.791785956	0.2576918478	0.6284967124
0.209215025	0.790784975	0.2599379764	0.6270596615
0.210216006	0.789783994	0.2621862827	0.625628223
0.211216987	0.788783013	0.2644366618	0.6242023736
0.212217968	0.787782032	0.2666890095	0.6227820901
0.2132189489	0.7867810511	0.2689432226	0.6213673492
0.2142199299	0.7857800701	0.2711991988	0.6199581274
0.2152209109	0.7847790891	0.2734568365	0.6185544015
0.2162218919	0.7837781081	0.2757160353	0.617156148
0.2172228729	0.7827771271	0.2779766955	0.6157633436
0.2182238539	0.7817761461	0.2802387184	0.6143759649
0.2192248348	0.7807751652	0.2825020063	0.6129939885
0.2202258158	0.7797741842	0.2847664623	0.6116173912
0.2212267968	0.7787732032	0.2870319903	0.6102461494
0.2222277778	0.7777722222	0.2892984953	0.6088802399
0.2232287588	0.7767712412	0.2915658831	0.6075196394
0.2242297397	0.7757702603	0.2938340604	0.6061643245
0.2252307207	0.7747692793	0.296102935	0.604814272
0.2262317017	0.7737682983	0.2983724154	0.6034694585
0.2272326827	0.7727673173	0.3006424111	0.602129861
0.2282336637	0.7717663363	0.3029128324	0.600795456
0.2292346446	0.7707653554	0.3051835907	0.5994662206
0.2302356256	0.7697643744	0.307454598	0.5981421315
0.2312366066	0.7687633934	0.3097257676	0.5968231657
0.2322375876	0.7677624124	0.3119970133	0.5955093001
0.2332385686	0.7667614314	0.3142682501	0.5942005117
0.2342395495	0.7657604505	0.3165393938	0.5928967774
0.2352405305	0.7647594695	0.3188103609	0.5915980745
0.2362415115	0.7637584885	0.3210810691	0.5903043799
0.2372424925	0.7627575075	0.3233514369	0.589015671
0.2382434735	0.7617565265	0.3256213835	0.5877319248
0.2392444545	0.7607555455	0.3278908292	0.5864531188
0.2402454354	0.7597545646	0.330159695	0.5851792301
0.2412464164	0.7587535836	0.332427903	0.5839102363
0.2422473974	0.7577526026	0.334695376	0.5826461148
0.2432483784	0.7567516216	0.3369620376	0.5813868431
0.2442493594	0.7557506406	0.3392278124	0.5801323987
0.2452503403	0.7547496597	0.341492626	0.5788827593
0.2462513213	0.7537486787	0.3437564045	0.5776379027
0.2472523023	0.7527476977	0.3460190752	0.5763978065
0.2482532833	0.7517467167	0.348280566	0.5751624486
0.2492542643	0.7507457357	0.3505408058	0.573931807
0.2502552452	0.7497447548	0.3527997242	0.5727058596
0.2512562262	0.7487437738	0.3550572517	0.5714845844
0.2522572072	0.7477427928	0.3573133198	0.5702679596
0.2532581882	0.7467418118	0.3595678607	0.5690559634
0.2542591692	0.7457408308	0.3618208072	0.567848574
0.2552601502	0.7447398498	0.3640720933	0.5666457698
0.2562611311	0.7437388689	0.3663216535	0.5654475292
0.2572621121	0.7427378879	0.3685694235	0.5642538307
0.2582630931	0.7417369069	0.3708153393	0.5630646529
0.2592640741	0.7407359259	0.3730593381	0.5618799744
0.2602650551	0.7397349449	0.3753013577	0.5606997739
0.261266036	0.738733964	0.3775413368	0.5595240304
0.262267017	0.737732983	0.3797792148	0.5583527226
0.263267998	0.736732002	0.3820149319	0.5571858295
0.264268979	0.735731021	0.3842484292	0.5560233302
0.26526996	0.73473004	0.3864796484	0.5548652038
0.2662709409	0.7337290591	0.388708532	0.5537114296
0.2672719219	0.7327280781	0.3909350233	0.5525619869
0.2682729029	0.7317270971	0.3931590664	0.5514168549
0.2692738839	0.7307261161	0.395380606	0.5502760133
0.2702748649	0.7297251351	0.3975995878	0.5491394416
0.2712758458	0.7287241542	0.399815958	0.5480071194
0.2722768268	0.7277231732	0.4020296637	0.5468790264
0.2732778078	0.7267221922	0.4042406525	0.5457551425
0.2742787888	0.7257212112	0.406448873	0.5446354476
0.2752797698	0.7247202302	0.4086542744	0.5435199216
0.2762807508	0.7237192492	0.4108568066	0.5424085446
0.2772817317	0.7227182683	0.4130564202	0.5413012968
0.2782827127	0.7217172873	0.4152530665	0.5401981584
0.2792836937	0.7207163063	0.4174466976	0.5390991098
0.2802846747	0.7197153253	0.4196372662	0.5380041313
0.2812856557	0.7187143443	0.4218247256	0.5369132036
0.2822866366	0.7177133634	0.42400903	0.5358263072
0.2832876176	0.7167123824	0.4261901342	0.5347434227
0.2842885986	0.7157114014	0.4283679934	0.533664531
0.2852895796	0.7147104204	0.430542564	0.532589613
0.2862905606	0.7137094394	0.4327138025	0.5315186495
0.2872915415	0.7127084585	0.4348816664	0.5304516216
0.2882925225	0.7117074775	0.4370461139	0.5293885105
0.2892935035	0.7107064965	0.4392071035	0.5283292973
0.2902944845	0.7097055155	0.4413645946	0.5272739634
0.2912954655	0.7087045345	0.4435185472	0.5262224902
0.2922964464	0.7077035536	0.445668922	0.5251748591
0.2932974274	0.7067025726	0.44781568	0.5241310518
0.2942984084	0.7057015916	0.4499587833	0.5230910498
0.2952993894	0.7047006106	0.4520981941	0.522054835
0.2963003704	0.7036996296	0.4542338756	0.5210223892
0.2973013514	0.7026986486	0.4563657915	0.5199936942
0.2983023323	0.7016976677	0.4584939059	0.5189687321
0.2993033133	0.7006966867	0.4606181837	0.5179474851
0.3003042943	0.6996957057	0.4627385904	0.5169299353
0.3013052753	0.6986947247	0.464855092	0.5159160649
0.3023062563	0.6976937437	0.4669676549	0.5149058564
0.3033072372	0.6966927628	0.4690762465	0.5138992922
0.3043082182	0.6956917818	0.4711808343	0.5128963548
0.3053091992	0.6946908008	0.4732813867	0.5118970269
0.3063101802	0.6936898198	0.4753778724	0.5109012911
0.3073111612	0.6926888388	0.4774702609	0.5099091304
0.3083121421	0.6916878579	0.479558522	0.5089205275
0.3093131231	0.6906868769	0.4816426262	0.5079354655
0.3103141041	0.6896858959	0.4837225445	0.5069539273
0.3113150851	0.6886849149	0.4857982483	0.5059758963
0.3123160661	0.6876839339	0.4878697097	0.5050013555
0.313317047	0.686682953	0.4899369012	0.5040302883
0.314318028	0.685681972	0.4919997959	0.5030626781
0.315319009	0.684680991	0.4940583674	0.5020985085
0.31631999	0.68368001	0.4961125896	0.5011377629
0.317320971	0.682679029	0.4981624372	0.500180425
0.318321952	0.681678048	0.5002078852	0.4992264786
0.3193229329	0.6806770671	0.5022489091	0.4982759076
0.3203239139	0.6796760861	0.504285485	0.4973286957
0.3213248949	0.6786751051	0.5063175892	0.4963848271
0.3223258759	0.6776741241	0.5083451989	0.4954442857
0.3233268569	0.6766731431	0.5103682913	0.4945070558
0.3243278378	0.6756721622	0.5123868445	0.4935731216
0.3253288188	0.6746711812	0.5144008367	0.4926424674
0.3263297998	0.6736702002	0.5164102467	0.4917150776
0.3273307808	0.6726692192	0.5184150539	0.4907909368
0.3283317618	0.6716682382	0.5204152378	0.4898700295
0.3293327427	0.6706672573	0.5224107786	0.4889523403
0.3303337237	0.6696662763	0.5244016569	0.488037854
0.3313347047	0.6686652953	0.5263878536	0.4871265554
0.3323356857	0.6676643143	0.5283693502	0.4862184295
0.3333366667	0.6666633333	0.5303461285	0.4853134611
0.3343376476	0.6656623524	0.5323181707	0.4844116353
0.3353386286	0.6646613714	0.5342854595	0.4835129373
0.3363396096	0.6636603904	0.536247978	0.4826173522
0.3373405906	0.6626594094	0.5382057096	0.4817248655
0.3383415716	0.6616584284	0.5401586383	0.4808354624
0.3393425526	0.6606574474	0.5421067481	0.4799491284
0.3403435335	0.6596564665	0.5440500239	0.479065849
0.3413445145	0.6586554855	0.5459884505	0.4781856099
0.3423454955	0.6576545045	0.5479220135	0.4773083966
0.3433464765	0.6566535235	0.5498506987	0.4764341951
0.3443474575	0.6556525425	0.551774492	0.475562991
0.3453484384	0.6546515616	0.5536933802	0.4746947704
0.3463494194	0.6536505806	0.5556073501	0.4738295191
0.3473504004	0.6526495996	0.5575163889	0.4729672234
0.3483513814	0.6516486186	0.5594204842	0.4721078692
0.3493523624	0.6506476376	0.561319624	0.4712514429
0.3503533433	0.6496466567	0.5632137966	0.4703979307
0.3513543243	0.6486456757	0.5651029906	0.4695473189
0.3523553053	0.6476446947	0.5669871951	0.4686995941
0.3533562863	0.6466437137	0.5688663992	0.4678547427
0.3543572673	0.6456427327	0.5707405927	0.4670127512
0.3553582482	0.6446417518	0.5726097655	0.4661736064
0.3563592292	0.6436407708	0.574473908	0.465337295
0.3573602102	0.6426397898	0.5763330108	0.4645038037
0.3583611912	0.6416388088	0.5781870647	0.4636731195
0.3593621722	0.6406378278	0.580036061	0.4628452292
0.3603631532	0.6396368468	0.5818799913	0.46202012
0.3613641341	0.6386358659	0.5837188475	0.4611977788
0.3623651151	0.6376348849	0.5855526217	0.4603781929
0.3633660961	0.6366339039	0.5873813063	0.4595613493
0.3643670771	0.6356329229	0.5892048941	0.4587472356
0.3653680581	0.6346319419	0.5910233782	0.4579358389
0.366369039	0.633630961	0.5928367518	0.4571271467
0.36737002	0.63262998	0.5946450087	0.4563211466
0.368371001	0.631628999	0.5964481426	0.455517826
0.369371982	0.630628018	0.5982461477	0.4547171727
0.370372963	0.629627037	0.6000390185	0.4539191743
0.3713739439	0.6286260561	0.6018267496	0.4531238186
0.3723749249	0.6276250751	0.6036093362	0.4523310934
0.3733759059	0.6266240941	0.6053867733	0.4515409866
0.3743768869	0.6256231131	0.6071590565	0.4507534863
0.3753778679	0.6246221321	0.6089261815	0.4499685803
0.3763788488	0.6236211512	0.6106881444	0.4491862569
0.3773798298	0.6226201702	0.6124449414	0.4484065041
0.3783808108	0.6216191892	0.614196569	0.4476293102
0.3793817918	0.6206182082	0.6159430239	0.4468546636
0.3803827728	0.6196172272	0.6176843031	0.4460825525
0.3813837538	0.6186162462	0.6194204039	0.4453129653
0.3823847347	0.6176152653	0.6211513237	0.4445458906
0.3833857157	0.6166142843	0.6228770602	0.4437813169
0.3843866967	0.6156133033	0.6245976114	0.4430192328
0.3853876777	0.6146123223	0.6263129752	0.442259627
0.3863886587	0.6136113413	0.6280231502	0.4415024881
0.3873896396	0.6126103604	0.6297281349	0.4407478051
0.3883906206	0.6116093794	0.6314279281	0.4399955667
0.3893916016	0.6106083984	0.6331225287	0.4392457618
0.3903925826	0.6096074174	0.6348119362	0.4384983795
0.3913935636	0.6086064364	0.6364961497	0.4377534087
0.3923945445	0.6076054555	0.6381751691	0.4370108386
0.3933955255	0.6066044745	0.6398489941	0.4362706582
0.3943965065	0.6056034935	0.6415176248	0.435532857
0.3953974875	0.6046025125	0.6431810615	0.4347974239
0.3963984685	0.6036015315	0.6448393044	0.4340643486
0.3973994494	0.6026005506	0.6464923543	0.4333336202
0.3984004304	0.6015995696	0.648140212	0.4326052282
0.3994014114	0.6005985886	0.6497828785	0.4318791623
0.4004023924	0.5995976076	0.651420355	0.4311554118
0.4014033734	0.5985966266	0.6530526427	0.4304339664
0.4024043544	0.5975956456	0.6546797433	0.4297148159
0.4034053353	0.5965946647	0.6563016585	0.4289979499
0.4044063163	0.5955936837	0.6579183901	0.4282833582
0.4054072973	0.5945927027	0.6595299403	0.4275710307
0.4064082783	0.5935917217	0.6611363113	0.4268609572
0.4074092593	0.5925907407	0.6627375054	0.4261531277
0.4084102402	0.5915897598	0.6643335252	0.4254475322
0.4094112212	0.5905887788	0.6659243735	0.4247441608
0.4104122022	0.5895877978	0.6675100531	0.4240430035
0.4114131832	0.5885868168	0.6690905671	0.4233440506
0.4124141642	0.5875858358	0.6706659186	0.4226472922
0.4134151451	0.5865848549	0.6722361111	0.4219527187
0.4144161261	0.5855838739	0.673801148	0.4212603204
0.4154171071	0.5845828929	0.675361033	0.4205700876
0.4164180881	0.5835819119	0.6769157698	0.4198820107
0.4174190691	0.5825809309	0.6784653625	0.4191960803
0.4184200501	0.5815799499	0.680009815	0.4185122869
0.419421031	0.580578969	0.6815491316	0.4178306211
0.420422012	0.579577988	0.6830833167	0.4171510734
0.421422993	0.578577007	0.6846123748	0.4164736347
0.422423974	0.577576026	0.6861363104	0.4157982955
0.423424955	0.576575045	0.6876551284	0.4151250468
0.4244259359	0.5755740641	0.6891688336	0.4144538793
0.4254269169	0.5745730831	0.6906774311	0.413784784
0.4264278979	0.5735721021	0.6921809259	0.4131177517
0.4274288789	0.5725711211	0.6936793235	0.4124527734
0.4284298599	0.5715701401	0.695172629	0.4117898403
0.4294308408	0.5705691592	0.6966608481	0.4111289433
0.4304318218	0.5695681782	0.6981439864	0.4104700735
0.4314328028	0.5685671972	0.6996220497	0.4098132223
0.4324337838	0.5675662162	0.7010950437	0.4091583807
0.4334347648	0.5665652352	0.7025629744	0.4085055401
0.4344357457	0.5655642543	0.704025848	0.4078546917
0.4354367267	0.5645632733	0.7054836706	0.407205827
0.4364377077	0.5635622923	0.7069364484	0.4065589373
0.4374386887	0.5625613113	0.708384188	0.4059140142
0.4384396697	0.5615603303	0.7098268959	0.405271049
0.4394406507	0.5605593493	0.7112645785	0.4046300334
0.4404416316	0.5595583684	0.7126972427	0.4039909589
0.4414426126	0.5585573874	0.7141248952	0.4033538172
0.4424435936	0.5575564064	0.7155475429	0.4027185999
0.4434445746	0.5565554254	0.7169651929	0.4020852988
0.4444455556	0.5555544444	0.7183778523	0.4014539057
0.4454465365	0.5545534635	0.7197855281	0.4008244124
0.4464475175	0.5535524825	0.7211882277	0.4001968106
0.4474484985	0.5525515015	0.7225859585	0.3995710925
0.4484494795	0.5515505205	0.7239787279	0.3989472497
0.4494504605	0.5505495395	0.7253665435	0.3983252745
0.4504514414	0.5495485586	0.7267494128	0.3977051587
0.4514524224	0.5485475776	0.7281273436	0.3970868945
0.4524534034	0.5475465966	0.7295003437	0.3964704739
0.4534543844	0.5465456156	0.7308684209	0.3958558892
0.4544553654	0.5455446346	0.7322315832	0.3952431325
0.4554563463	0.5445436537	0.7335898387	0.3946321961
0.4564573273	0.5435426727	0.7349431953	0.3940230722
0.4574583083	0.5425416917	0.7362916613	0.3934157532
0.4584592893	0.5415407107	0.7376352449	0.3928102314
0.4594602703	0.5405397297	0.7389739545	0.3922064993
0.4604612513	0.5395387487	0.7403077985	0.3916045492
0.4614622322	0.5385377678	0.7416367852	0.3910043736
0.4624632132	0.5375367868	0.7429609233	0.3904059652
0.4634641942	0.5365358058	0.7442802214	0.3898093164
0.4644651752	0.5355348248	0.745594688	0.3892144198
0.4654661562	0.5345338438	0.7469043319	0.3886212681
0.4664671371	0.5335328629	0.748209162	0.3880298539
0.4674681181	0.5325318819	0.749509187	0.38744017
0.4684690991	0.5315309009	0.7508044158	0.3868522092
0.4694700801	0.5305299199	0.7520948575	0.3862659641
0.4704710611	0.5295289389	0.7533805211	0.3856814277
0.471472042	0.528527958	0.7546614156	0.3850985928
0.472473023	0.527526977	0.7559375501	0.3845174523
0.473474004	0.526525996	0.757208934	0.3839379992
0.474474985	0.525525015	0.7584755764	0.3833602264
0.475475966	0.524524034	0.7597374866	0.382784127
0.4764769469	0.5235230531	0.760994674	0.382209694
0.4774779279	0.5225220721	0.762247148	0.3816369204
0.4784789089	0.5215210911	0.763494918	0.3810657995
0.4794798899	0.5205201101	0.7647379935	0.3804963244
0.4804808709	0.5195191291	0.7659763841	0.3799284883
0.4814818519	0.5185181481	0.7672100994	0.3793622843
0.4824828328	0.5175171672	0.768439149	0.3787977058
0.4834838138	0.5165161862	0.7696635426	0.3782347462
0.4844847948	0.5155152052	0.7708832899	0.3776733986
0.4854857758	0.5145142242	0.7720984006	0.3771136565
0.4864867568	0.5135132432	0.7733088847	0.3765555133
0.4874877377	0.5125122623	0.7745147519	0.3759989624
0.4884887187	0.5115112813	0.775716012	0.3754439973
0.4894896997	0.5105103003	0.7769126752	0.3748906115
0.4904906807	0.5095093193	0.7781047512	0.3743387986
0.4914916617	0.5085083383	0.7792922501	0.3737885521
0.4924926426	0.5075073574	0.7804751819	0.3732398656
0.4934936236	0.5065063764	0.7816535568	0.3726927328
0.4944946046	0.5055053954	0.7828273847	0.3721471473
0.4954955856	0.5045044144	0.7839966758	0.3716031029
0.4964965666	0.5035034334	0.7851614404	0.3710605932
0.4974975475	0.5025024525	0.7863216885	0.3705196121
0.4984985285	0.5015014715	0.7874774305	0.3699801534
0.4994995095	0.5005004905	0.7886286765	0.3694422108
0.5005004905	0.4994995095	0.7897754369	0.3689057783
0.5015014715	0.4984985285	0.7909177219	0.3683708498
0.5025024525	0.4974975475	0.7920555419	0.3678374191
0.5035034334	0.4964965666	0.7931889073	0.3673054803
0.5045044144	0.4954955856	0.7943178285	0.3667750273
0.5055053954	0.4944946046	0.7954423158	0.3662460541
0.5065063764	0.4934936236	0.7965623798	0.3657185548
0.5075073574	0.4924926426	0.7976780308	0.3651925235
0.5085083383	0.4914916617	0.7987892793	0.3646679543
0.5095093193	0.4904906807	0.799896136	0.3641448413
0.5105103003	0.4894896997	0.8009986112	0.3636231788
0.5115112813	0.4884887187	0.8020967155	0.3631029608
0.5125122623	0.4874877377	0.8031904596	0.3625841816
0.5135132432	0.4864867568	0.8042798539	0.3620668356
0.5145142242	0.4854857758	0.8053649091	0.3615509169
0.5155152052	0.4844847948	0.8064456358	0.3610364199
0.5165161862	0.4834838138	0.8075220447	0.360523339
0.5175171672	0.4824828328	0.8085941463	0.3600116685
0.5185181481	0.4814818519	0.8096619514	0.3595014028
0.5195191291	0.4804808709	0.8107254707	0.3589925363
0.5205201101	0.4794798899	0.8117847148	0.3584850635
0.5215210911	0.4784789089	0.8128396944	0.357978979
0.5225220721	0.4774779279	0.8138904203	0.3574742771
0.5235230531	0.4764769469	0.8149369033	0.3569709525
0.524524034	0.475475966	0.815979154	0.3564689998
0.525525015	0.474474985	0.8170171832	0.3559684134
0.526525996	0.473474004	0.8180510017	0.3554691881
0.527526977	0.472473023	0.8190806203	0.3549713185
0.528527958	0.471472042	0.8201060497	0.3544747992
0.5295289389	0.4704710611	0.8211273008	0.3539796251
0.5305299199	0.4694700801	0.8221443843	0.3534857907
0.5315309009	0.4684690991	0.8231573111	0.3529932909
0.5325318819	0.4674681181	0.824166092	0.3525021205
0.5335328629	0.4664671371	0.8251707378	0.3520122742
0.5345338438	0.4654661562	0.8261712594	0.3515237469
0.5355348248	0.4644651752	0.8271676676	0.3510365334
0.5365358058	0.4634641942	0.8281599732	0.3505506287
0.5375367868	0.4624632132	0.8291481871	0.3500660276
0.5385377678	0.4614622322	0.8301323202	0.3495827251
0.5395387487	0.4604612513	0.8311123832	0.3491007162
0.5405397297	0.4594602703	0.8320883871	0.3486199958
0.5415407107	0.4584592893	0.8330603428	0.348140559
0.5425416917	0.4574583083	0.834028261	0.3476624007
0.5435426727	0.4564573273	0.8349921527	0.3471855161
0.5445436537	0.4554563463	0.8359520287	0.3467099002
0.5455446346	0.4544553654	0.8369078999	0.3462355481
0.5465456156	0.4534543844	0.8378597771	0.345762455
0.5475465966	0.4524534034	0.8388076713	0.3452906161
0.5485475776	0.4514524224	0.8397515933	0.3448200264
0.5495485586	0.4504514414	0.840691554	0.3443506813
0.5505495395	0.4494504605	0.8416275642	0.3438825759
0.5515505205	0.4484494795	0.8425596348	0.3434157056
0.5525515015	0.4474484985	0.8434877767	0.3429500655
0.5535524825	0.4464475175	0.8444120007	0.3424856509
0.5545534635	0.4454465365	0.8453323177	0.3420224573
0.5555544444	0.4444455556	0.8462487386	0.3415604799
0.5565554254	0.4434445746	0.8471612742	0.3410997141
0.5575564064	0.4424435936	0.8480699353	0.3406401552
0.5585573874	0.4414426126	0.8489747327	0.3401817988
0.5595583684	0.4404416316	0.8498756775	0.3397246403
0.5605593493	0.4394406507	0.8507727802	0.339268675
0.5615603303	0.4384396697	0.8516660519	0.3388138985
0.5625613113	0.4374386887	0.8525555033	0.3383603063
0.5635622923	0.4364377077	0.8534411452	0.3379078938
0.5645632733	0.4354367267	0.8543229884	0.3374566567
0.5655642543	0.4344357457	0.8552010438	0.3370065906
0.5665652352	0.4334347648	0.8560753221	0.3365576909
0.5675662162	0.4324337838	0.8569458342	0.3361099533
0.5685671972	0.4314328028	0.8578125907	0.3356633734
0.5695681782	0.4304318218	0.8586756026	0.335217947
0.5705691592	0.4294308408	0.8595348804	0.3347736695
0.5715701401	0.4284298599	0.8603904351	0.3343305369
0.5725711211	0.4274288789	0.8612422773	0.3338885447
0.5735721021	0.4264278979	0.8620904178	0.3334476887
0.5745730831	0.4254269169	0.8629348674	0.3330079646
0.5755740641	0.4244259359	0.8637756366	0.3325693682
0.576575045	0.423424955	0.8646127363	0.3321318954
0.577576026	0.422423974	0.8654461771	0.3316955419
0.578577007	0.421422993	0.8662759698	0.3312603036
0.579577988	0.420422012	0.8671021249	0.3308261763
0.580578969	0.419421031	0.8679246532	0.3303931559
0.5815799499	0.4184200501	0.8687435653	0.3299612383
0.5825809309	0.4174190691	0.8695588719	0.3295304194
0.5835819119	0.4164180881	0.8703705836	0.3291006951
0.5845828929	0.4154171071	0.871178711	0.3286720614
0.5855838739	0.4144161261	0.8719832647	0.3282445143
0.5865848549	0.4134151451	0.8727842553	0.3278180497
0.5875858358	0.4124141642	0.8735816933	0.3273926638
0.5885868168	0.4114131832	0.8743755895	0.3269683524
0.5895877978	0.4104122022	0.8751659542	0.3265451116
0.5905887788	0.4094112212	0.8759527981	0.3261229376
0.5915897598	0.4084102402	0.8767361316	0.3257018263
0.5925907407	0.4074092593	0.8775159653	0.325281774
0.5935917217	0.4064082783	0.8782923097	0.3248627767
0.5945927027	0.4054072973	0.8790651753	0.3244448305
0.5955936837	0.4044063163	0.8798345725	0.3240279317
0.5965946647	0.4034053353	0.8806005117	0.3236120764
0.5975956456	0.4024043544	0.8813630035	0.3231972607
0.5985966266	0.4014033734	0.8821220583	0.322783481
0.5995976076	0.4004023924	0.8828776863	0.3223707334
0.6005985886	0.3994014114	0.8836298982	0.3219590141
0.6015995696	0.3984004304	0.8843787041	0.3215483196
0.6026005506	0.3973994494	0.8851241145	0.3211386459
0.6036015315	0.3963984685	0.8858661398	0.3207299895
0.6046025125	0.3953974875	0.8866047901	0.3203223467
0.6056034935	0.3943965065	0.887340076	0.3199157137
0.6066044745	0.3933955255	0.8880720076	0.319510087
0.6076054555	0.3923945445	0.8888005953	0.3191054628
0.6086064364	0.3913935636	0.8895258492	0.3187018377
0.6096074174	0.3903925826	0.8902477797	0.318299208
0.6106083984	0.3893916016	0.8909663969	0.31789757
0.6116093794	0.3883906206	0.8916817111	0.3174969204
0.6126103604	0.3873896396	0.8923937325	0.3170972554
0.6136113413	0.3863886587	0.8931024712	0.3166985716
0.6146123223	0.3853876777	0.8938079374	0.3163008654
0.6156133033	0.3843866967	0.8945101413	0.3159041335
0.6166142843	0.3833857157	0.8952090929	0.3155083722
0.6176152653	0.3823847347	0.8959048023	0.3151135781
0.6186162462	0.3813837538	0.8965972797	0.3147197477
0.6196172272	0.3803827728	0.8972865351	0.3143268777
0.6206182082	0.3793817918	0.8979725785	0.3139349646
0.6216191892	0.3783808108	0.89865542	0.313544005
0.6226201702	0.3773798298	0.8993350696	0.3131539955
0.6236211512	0.3763788488	0.9000115372	0.3127649328
0.6246221321	0.3753778679	0.9006848329	0.3123768135
0.6256231131	0.3743768869	0.9013549665	0.3119896342
0.6266240941	0.3733759059	0.9020219481	0.3116033916
0.6276250751	0.3723749249	0.9026857875	0.3112180824
0.6286260561	0.3713739439	0.9033464946	0.3108337034
0.629627037	0.370372963	0.9040040793	0.3104502512
0.630628018	0.369371982	0.9046585515	0.3100677226
0.631628999	0.368371001	0.9053099209	0.3096861143
0.63262998	0.36737002	0.9059581974	0.309305423
0.633630961	0.366369039	0.9066033907	0.3089256457
0.6346319419	0.3653680581	0.9072455108	0.308546779
0.6356329229	0.3643670771	0.9078845672	0.3081688198
0.6366339039	0.3633660961	0.9085205697	0.3077917649
0.6376348849	0.3623651151	0.9091535281	0.3074156111
0.6386358659	0.3613641341	0.909783452	0.3070403552
0.6396368468	0.3603631532	0.9104103511	0.3066659943
0.6406378278	0.3593621722	0.9110342351	0.306292525
0.6416388088	0.3583611912	0.9116551135	0.3059199444
0.6426397898	0.3573602102	0.912272996	0.3055482493
0.6436407708	0.3563592292	0.9128878922	0.3051774367
0.6446417518	0.3553582482	0.9134998116	0.3048075034
0.6456427327	0.3543572673	0.9141087637	0.3044384465
0.6466437137	0.3533562863	0.9147147582	0.3040702629
0.6476446947	0.3523553053	0.9153178044	0.3037029495
0.6486456757	0.3513543243	0.915917912	0.3033365035
0.6496466567	0.3503533433	0.9165150902	0.3029709217
0.6506476376	0.3493523624	0.9171093487	0.3026062011
0.6516486186	0.3483513814	0.9177006967	0.3022423389
0.6526495996	0.3473504004	0.9182891436	0.3018793321
0.6536505806	0.3463494194	0.918874699	0.3015171777
0.6546515616	0.3453484384	0.919457372	0.3011558728
0.6556525425	0.3443474575	0.920037172	0.3007954144
0.6566535235	0.3433464765	0.9206141084	0.3004357998
0.6576545045	0.3423454955	0.9211881904	0.3000770259
0.6586554855	0.3413445145	0.9217594273	0.2997190899
0.6596564665	0.3403435335	0.9223278283	0.2993619889
0.6606574474	0.3393425526	0.9228934026	0.2990057202
0.6616584284	0.3383415716	0.9234561595	0.2986502807
0.6626594094	0.3373405906	0.9240161081	0.2982956678
0.6636603904	0.3363396096	0.9245732575	0.2979418786
0.6646613714	0.3353386286	0.9251276169	0.2975889103
0.6656623524	0.3343376476	0.9256791955	0.2972367601
0.6666633333	0.3333366667	0.9262280022	0.2968854253
0.6676643143	0.3323356857	0.9267740462	0.296534903
0.6686652953	0.3313347047	0.9273173364	0.2961851905
0.6696662763	0.3303337237	0.927857882	0.2958362851
0.6706672573	0.3293327427	0.9283956919	0.2954881841
0.6716682382	0.3283317618	0.9289307751	0.2951408846
0.6726692192	0.3273307808	0.9294631405	0.2947943841
0.6736702002	0.3263297998	0.929992797	0.2944486799
0.6746711812	0.3253288188	0.9305197537	0.2941037692
0.6756721622	0.3243278378	0.9310440193	0.2937596493
0.6766731431	0.3233268569	0.9315656027	0.2934163177
0.6776741241	0.3223258759	0.9320845127	0.2930737716
0.6786751051	0.3213248949	0.9326007583	0.2927320085
0.6796760861	0.3203239139	0.9331143481	0.2923910257
0.6806770671	0.3193229329	0.9336252909	0.2920508206
0.681678048	0.318321952	0.9341335955	0.2917113907
0.682679029	0.317320971	0.9346392707	0.2913727332
0.68368001	0.31631999	0.935142325	0.2910348456
0.684680991	0.315319009	0.9356427673	0.2906977255
0.685681972	0.314318028	0.9361406061	0.2903613701
0.686682953	0.313317047	0.9366358501	0.290025777
0.6876839339	0.3123160661	0.937128508	0.2896909437
0.6886849149	0.3113150851	0.9376185882	0.2893568675
0.6896858959	0.3103141041	0.9381060993	0.2890235461
0.6906868769	0.3093131231	0.93859105	0.2886909768
0.6916878579	0.3083121421	0.9390734487	0.2883591573
0.6926888388	0.3073111612	0.939553304	0.288028085
0.6936898198	0.3063101802	0.9400306242	0.2876977574
0.6946908008	0.3053091992	0.9405054179	0.2873681722
0.6956917818	0.3043082182	0.9409776935	0.2870393268
0.6966927628	0.3033072372	0.9414474594	0.2867112188
0.6976937437	0.3023062563	0.941914724	0.2863838458
0.6986947247	0.3013052753	0.9423794957	0.2860572054
0.6996957057	0.3003042943	0.9428417827	0.2857312951
0.7006966867	0.2993033133	0.9433015934	0.2854061127
0.7016976677	0.2983023323	0.9437589361	0.2850816556
0.7026986486	0.2973013514	0.9442138191	0.2847579215
0.7036996296	0.2963003704	0.9446662507	0.284434908
0.7047006106	0.2952993894	0.9451162389	0.2841126129
0.7057015916	0.2942984084	0.9455637922	0.2837910337
0.7067025726	0.2932974274	0.9460089185	0.2834701681
0.7077035536	0.2922964464	0.9464516262	0.2831500138
0.7087045345	0.2912954655	0.9468919232	0.2828305684
0.7097055155	0.2902944845	0.9473298179	0.2825118298
0.7107064965	0.2892935035	0.9477653181	0.2821937954
0.7117074775	0.2882925225	0.948198432	0.2818764632
0.7127084585	0.2872915415	0.9486291677	0.2815598308
0.7137094394	0.2862905606	0.9490575332	0.2812438959
0.7147104204	0.2852895796	0.9494835364	0.2809286563
0.7157114014	0.2842885986	0.9499071853	0.2806141097
0.7167123824	0.2832876176	0.950328488	0.2803002539
0.7177133634	0.2822866366	0.9507474523	0.2799870867
0.7187143443	0.2812856557	0.9511640861	0.2796746058
0.7197153253	0.2802846747	0.9515783973	0.2793628091
0.7207163063	0.2792836937	0.9519903939	0.2790516942
0.7217172873	0.2782827127	0.9524000835	0.2787412592
0.7227182683	0.2772817317	0.9528074741	0.2784315017
0.7237192492	0.2762807508	0.9532125735	0.2781224196
0.7247202302	0.2752797698	0.9536153894	0.2778140107
0.7257212112	0.2742787888	0.9540159295	0.2775062728
0.7267221922	0.2732778078	0.9544142017	0.2771992039
0.7277231732	0.2722768268	0.9548102135	0.2768928018
0.7287241542	0.2712758458	0.9552039728	0.2765870643
0.7297251351	0.2702748649	0.9555954871	0.2762819894
0.7307261161	0.2692738839	0.9559847641	0.2759775749
0.7317270971	0.2682729029	0.9563718114	0.2756738187
0.7327280781	0.2672719219	0.9567566366	0.2753707187
0.7337290591	0.2662709409	0.9571392474	0.2750682729
0.73473004	0.26526996	0.9575196511	0.2747664792
0.735731021	0.264268979	0.9578978554	0.2744653354
0.736732002	0.263267998	0.9582738678	0.2741648396
0.737732983	0.262267017	0.9586476957	0.2738649897
0.738733964	0.261266036	0.9590193467	0.2735657836
0.7397349449	0.2602650551	0.9593888281	0.2732672194
0.7407359259	0.2592640741	0.9597561474	0.2729692949
0.7417369069	0.2582630931	0.960121312	0.2726720082
0.7427378879	0.2572621121	0.9604843292	0.2723753573
0.7437388689	0.2562611311	0.9608452064	0.2720793402
0.7447398498	0.2552601502	0.9612039509	0.2717839548
0.7457408308	0.2542591692	0.9615605701	0.2714891992
0.7467418118	0.2532581882	0.9619150712	0.2711950715
0.7477427928	0.2522572072	0.9622674615	0.2709015695
0.7487437738	0.2512562262	0.9626177482	0.2706086915
0.7497447548	0.2502552452	0.9629659386	0.2703164354
0.7507457357	0.2492542643	0.9633120398	0.2700247993
0.7517467167	0.2482532833	0.9636560591	0.2697337813
0.7527476977	0.2472523023	0.9639980035	0.2694433793
0.7537486787	0.2462513213	0.9643378803	0.2691535916
0.7547496597	0.2452503403	0.9646756965	0.2688644162
0.7557506406	0.2442493594	0.9650114593	0.2685758512
0.7567516216	0.2432483784	0.9653451756	0.2682878947
0.7577526026	0.2422473974	0.9656768526	0.2680005448
0.7587535836	0.2412464164	0.9660064972	0.2677137996
0.7597545646	0.2402454354	0.9663341166	0.2674276572
0.7607555455	0.2392444545	0.9666597176	0.2671421159
0.7617565265	0.2382434735	0.9669833072	0.2668571737
0.7627575075	0.2372424925	0.9673048924	0.2665728287
0.7637584885	0.2362415115	0.96762448	0.2662890792
0.7647594695	0.2352405305	0.9679420771	0.2660059233
0.7657604505	0.2342395495	0.9682576904	0.2657233592
0.7667614314	0.2332385686	0.9685713269	0.265441385
0.7677624124	0.2322375876	0.9688829933	0.2651599989
0.7687633934	0.2312366066	0.9691926964	0.2648791992
0.7697643744	0.2302356256	0.9695004431	0.264598984
0.7707653554	0.2292346446	0.9698062402	0.2643193515
0.7717663363	0.2282336637	0.9701100944	0.2640403
0.7727673173	0.2272326827	0.9704120123	0.2637618277
0.7737682983	0.2262317017	0.9707120008	0.2634839327
0.7747692793	0.2252307207	0.9710100666	0.2632066134
0.7757702603	0.2242297397	0.9713062161	0.262929868
0.7767712412	0.2232287588	0.9716004563	0.2626536947
0.7777722222	0.2222277778	0.9718927936	0.2623780918
0.7787732032	0.2212267968	0.9721832346	0.2621030575
0.7797741842	0.2202258158	0.972471786	0.2618285902
0.7807751652	0.2192248348	0.9727584543	0.2615546881
0.7817761461	0.2182238539	0.9730432461	0.2612813494
0.7827771271	0.2172228729	0.9733261679	0.2610085726
0.7837781081	0.2162218919	0.9736072261	0.2607363558
0.7847790891	0.2152209109	0.9738864273	0.2604646974
0.7857800701	0.2142199299	0.974163778	0.2601935957
0.7867810511	0.2132189489	0.9744392845	0.259923049
0.787782032	0.212217968	0.9747129533	0.2596530557
0.788783013	0.211216987	0.9749847908	0.259383614
0.789783994	0.210216006	0.9752548033	0.2591147223
0.790784975	0.209215025	0.9755229974	0.258846379
0.791785956	0.208214044	0.9757893792	0.2585785824
0.7927869369	0.2072130631	0.9760539551	0.2583113308
0.7937879179	0.2062120821	0.9763167313	0.2580446227
0.7947888989	0.2052111011	0.9765777143	0.2577784564
0.7957898799	0.2042101201	0.9768369102	0.2575128303
0.7967908609	0.2032091391	0.9770943254	0.2572477427
0.7977918418	0.2022081582	0.9773499659	0.256983192
0.7987928228	0.2012071772	0.977603838	0.2567191767
0.7997938038	0.2002061962	0.9778559479	0.2564556952
0.8007947848	0.1992052152	0.9781063018	0.2561927458
0.8017957658	0.1982042342	0.9783549057	0.255930327
0.8027967467	0.1972032533	0.9786017659	0.2556684372
0.8037977277	0.1962022723	0.9788468884	0.2554070747
0.8047987087	0.1952012913	0.9790902793	0.2551462382
0.8057996897	0.1942003103	0.9793319446	0.2548859259
0.8068006707	0.1931993293	0.9795718905	0.2546261364
0.8078016517	0.1921983483	0.9798101229	0.2543668681
0.8088026326	0.1911973674	0.9800466479	0.2541081194
0.8098036136	0.1901963864	0.9802814714	0.2538498888
0.8108045946	0.1891954054	0.9805145994	0.2535921748
0.8118055756	0.1881944244	0.9807460378	0.2533349759
0.8128065566	0.1871934434	0.9809757926	0.2530782905
0.8138075375	0.1861924625	0.9812038697	0.2528221171
0.8148085185	0.1851914815	0.981430275	0.2525664542
0.8158094995	0.1841905005	0.9816550143	0.2523113004
0.8168104805	0.1831895195	0.9818780936	0.2520566541
0.8178114615	0.1821885385	0.9820995185	0.2518025138
0.8188124424	0.1811875576	0.9823192951	0.251548878
0.8198134234	0.1801865766	0.982537429	0.2512957454
0.8208144044	0.1791855956	0.982753926	0.2510431143
0.8218153854	0.1781846146	0.9829687918	0.2507909833
0.8228163664	0.1771836336	0.9831820324	0.250539351
0.8238173473	0.1761826527	0.9833936532	0.250288216
0.8248183283	0.1751816717	0.9836036602	0.2500375767
0.8258193093	0.1741806907	0.9838120588	0.2497874317
0.8268202903	0.1731797097	0.9840188549	0.2495377796
0.8278212713	0.1721787287	0.984224054	0.2492886189
0.8288222523	0.1711777477	0.9844276618	0.2490399482
0.8298232332	0.1701767668	0.9846296839	0.2487917662
0.8308242142	0.1691757858	0.9848301259	0.2485440713
0.8318251952	0.1681748048	0.9850289933	0.2482968622
0.8328261762	0.1671738238	0.9852262917	0.2480501374
0.8338271572	0.1661728428	0.9854220267	0.2478038956
0.8348281381	0.1651718619	0.9856162038	0.2475581354
0.8358291191	0.1641708809	0.9858088285	0.2473128553
0.8368301001	0.1631698999	0.9859999062	0.2470680541
0.8378310811	0.1621689189	0.9861894424	0.2468237302
0.8388320621	0.1611679379	0.9863774426	0.2465798824
0.839833043	0.160166957	0.9865639122	0.2463365092
0.840834024	0.159165976	0.9867488567	0.2460936093
0.841835005	0.158164995	0.9869322813	0.2458511813
0.842835986	0.157164014	0.9871141915	0.245609224
0.843836967	0.156163033	0.9872945927	0.2453677358
0.8448379479	0.1551620521	0.9874734902	0.2451267156
0.8458389289	0.1541610711	0.9876508893	0.2448861619
0.8468399099	0.1531600901	0.9878267953	0.2446460734
0.8478408909	0.1521591091	0.9880012135	0.2444064489
0.8488418719	0.1511581281	0.9881741492	0.2441672868
0.8498428529	0.1501571471	0.9883456076	0.2439285861
0.8508438338	0.1491561662	0.988515594	0.2436903452
0.8518448148	0.1481551852	0.9886841136	0.243452563
0.8528457958	0.1471542042	0.9888511716	0.2432152381
0.8538467768	0.1461532232	0.9890167732	0.2429783692
0.8548477578	0.1451522422	0.9891809236	0.242741955
0.8558487387	0.1441512613	0.9893436278	0.2425059943
0.8568497197	0.1431502803	0.9895048911	0.2422704857
0.8578507007	0.1421492993	0.9896647185	0.242035428
0.8588516817	0.1411483183	0.9898231152	0.2418008199
0.8598526627	0.1401473373	0.9899800862	0.2415666601
0.8608536436	0.1391463564	0.9901356366	0.2413329473
0.8618546246	0.1381453754	0.9902897714	0.2410996804
0.8628556056	0.1371443944	0.9904424958	0.240866858
0.8638565866	0.1361434134	0.9905938146	0.2406344788
0.8648575676	0.1351424324	0.990743733	0.2404025418
0.8658585485	0.1341414515	0.9908922558	0.2401710455
0.8668595295	0.1331404705	0.9910393881	0.2399399887
0.8678605105	0.1321394895	0.9911851348	0.2397093703
0.8688614915	0.1311385085	0.9913295008	0.239479189
0.8698624725	0.1301375275	0.9914724911	0.2392494436
0.8708634535	0.1291365465	0.9916141105	0.2390201328
0.8718644344	0.1281355656	0.991754364	0.2387912554
0.8728654154	0.1271345846	0.9918932563	0.2385628103
0.8738663964	0.1261336036	0.9920307925	0.2383347961
0.8748673774	0.1251326226	0.9921669772	0.2381072118
0.8758683584	0.1241316416	0.9923018153	0.2378800561
0.8768693393	0.1231306607	0.9924353116	0.2376533279
0.8778703203	0.1221296797	0.992567471	0.2374270258
0.8788713013	0.1211286987	0.9926982981	0.2372011489
0.8798722823	0.1201277177	0.9928277977	0.2369756958
0.8808732633	0.1191267367	0.9929559746	0.2367506653
0.8818742442	0.1181257558	0.9930828336	0.2365260564
0.8828752252	0.1171247748	0.9932083792	0.2363018679
0.8838762062	0.1161237938	0.9933326162	0.2360780985
0.8848771872	0.1151228128	0.9934555492	0.2358547472
0.8858781682	0.1141218318	0.993577183	0.2356318128
0.8868791491	0.1131208509	0.9936975222	0.235409294
0.8878801301	0.1121198699	0.9938165714	0.2351871899
0.8888811111	0.1111188889	0.9939343352	0.2349654992
0.8898820921	0.1101179079	0.9940508182	0.2347442208
0.8908830731	0.1091169269	0.9941660251	0.2345233535
0.8918840541	0.1081159459	0.9942799603	0.2343028963
0.892885035	0.107114965	0.9943926284	0.234082848
0.893886016	0.106113984	0.994504034	0.2338632075
0.894886997	0.105113003	0.9946141815	0.2336439737
0.895887978	0.104112022	0.9947230756	0.2334251454
0.896888959	0.103111041	0.9948307206	0.2332067215
0.8978899399	0.1021100601	0.9949371211	0.232988701
0.8988909209	0.1011090791	0.9950422815	0.2327710827
0.8998919019	0.1001080981	0.9951462063	0.2325538656
0.9008928829	0.09910711712	0.9952488999	0.2323370485
0.9018938639	0.09810613614	0.9953503667	0.2321206304
0.9028948448	0.09710515516	0.9954506111	0.2319046101
0.9038958258	0.09610417417	0.9955496375	0.2316889867
0.9048968068	0.09510319319	0.9956474503	0.2314737589
0.9058977878	0.09410221221	0.9957440538	0.2312589258
0.9068987688	0.09310123123	0.9958394524	0.2310444862
0.9078997497	0.09210025025	0.9959336504	0.2308304391
0.9089007307	0.09109926927	0.9960266521	0.2306167835
0.9099017117	0.09009828829	0.9961184619	0.2304035182
0.9109026927	0.08909730731	0.9962090839	0.2301906423
0.9119036737	0.08809632633	0.9962985225	0.2299781546
0.9129046547	0.08709534535	0.996386782	0.2297660541
0.9139056356	0.08609436436	0.9964738665	0.2295543398
0.9149066166	0.08509338338	0.9965597803	0.2293430107
0.9159075976	0.0840924024	0.9966445276	0.2291320656
0.9169085786	0.08309142142	0.9967281127	0.2289215036
0.9179095596	0.08209044044	0.9968105396	0.2287113237
0.9189105405	0.08108945946	0.9968918126	0.2285015247
0.9199115215	0.08008847848	0.9969719358	0.2282921058
0.9209125025	0.0790874975	0.9970509134	0.2280830658
0.9219134835	0.07808651652	0.9971287494	0.2278744037
0.9229144645	0.07708553554	0.9972054481	0.2276661186
0.9239154454	0.07608455455	0.9972810134	0.2274582095
0.9249164264	0.07508357357	0.9973554496	0.2272506752
0.9259174074	0.07408259259	0.9974287606	0.2270435149
0.9269183884	0.07308161161	0.9975009506	0.2268367275
0.9279193694	0.07208063063	0.9975720235	0.226630312
0.9289203504	0.07107964965	0.9976419834	0.2264242675
0.9299213313	0.07007866867	0.9977108343	0.226218593
0.9309223123	0.06907768769	0.9977785803	0.2260132874
0.9319232933	0.06807670671	0.9978452252	0.2258083498
0.9329242743	0.06707572573	0.9979107731	0.2256037793
0.9339252553	0.06607474474	0.997975228	0.2253995747
0.9349262362	0.06507376376	0.9980385938	0.2251957353
0.9359272172	0.06407278278	0.9981008745	0.2249922599
0.9369281982	0.0630718018	0.9981620738	0.2247891477
0.9379291792	0.06207082082	0.9982221959	0.2245863977
0.9389301602	0.06106983984	0.9982812445	0.224384009
0.9399311411	0.06006885886	0.9983392236	0.2241819805
0.9409321221	0.05906787788	0.998396137	0.2239803113
0.9419331031	0.0580668969	0.9984519886	0.2237790005
0.9429340841	0.05706591592	0.9985067822	0.2235780471
0.9439350651	0.05606493493	0.9985605216	0.2233774502
0.944936046	0.05506395395	0.9986132107	0.2231772089
0.945937027	0.05406297297	0.9986648533	0.2229773223
0.946938008	0.05306199199	0.9987154532	0.2227777893
0.947938989	0.05206101101	0.9987650141	0.222578609
0.94893997	0.05106003003	0.9988135398	0.2223797807
0.949940951	0.05005904905	0.9988610341	0.2221813032
0.9509419319	0.04905806807	0.9989075007	0.2219831758
0.9519429129	0.04805708709	0.9989529433	0.2217853974
0.9529438939	0.04705610611	0.9989973657	0.2215879673
0.9539448749	0.04605512513	0.9990407715	0.2213908844
0.9549458559	0.04505414414	0.9990831645	0.2211941478
0.9559468368	0.04405316316	0.9991245482	0.2209977568
0.9569478178	0.04305218218	0.9991649265	0.2208017103
0.9579487988	0.0420512012	0.9992043029	0.2206060075
0.9589497798	0.04105022022	0.9992426811	0.2204106474
0.9599507608	0.04004923924	0.9992800647	0.2202156293
0.9609517417	0.03904825826	0.9993164573	0.2200209521
0.9619527227	0.03804727728	0.9993518626	0.2198266151
0.9629537037	0.0370462963	0.999386284	0.2196326173
0.9639546847	0.03604531532	0.9994197253	0.2194389578
0.9649556657	0.03504433433	0.9994521899	0.2192456359
0.9659566466	0.03404335335	0.9994836814	0.2190526506
0.9669576276	0.03304237237	0.9995142033	0.218860001
0.9679586086	0.03204139139	0.9995437593	0.2186676863
0.9689595896	0.03104041041	0.9995723528	0.2184757056
0.9699605706	0.03003942943	0.9995999872	0.2182840581
0.9709615516	0.02903844845	0.9996266662	0.2180927429
0.9719625325	0.02803746747	0.9996523932	0.2179017591
0.9729635135	0.02703648649	0.9996771716	0.2177111059
0.9739644945	0.02603550551	0.9997010049	0.2175207825
0.9749654755	0.02503452452	0.9997238966	0.217330788
0.9759664565	0.02403354354	0.9997458501	0.2171411215
0.9769674374	0.02303256256	0.9997668688	0.2169517823
0.9779684184	0.02203158158	0.9997869561	0.2167627694
0.9789693994	0.0210306006	0.9998061154	0.2165740821
0.9799703804	0.02002961962	0.9998243502	0.2163857196
0.9809713614	0.01902863864	0.9998416638	0.2161976809
0.9819723423	0.01802765766	0.9998580595	0.2160099652
0.9829733233	0.01702667668	0.9998735408	0.2158225719
0.9839743043	0.0160256957	0.9998881109	0.2156354999
0.9849752853	0.01502471471	0.9999017731	0.2154487485
0.9859762663	0.01402373373	0.9999145309	0.215262317
0.9869772472	0.01302275275	0.9999263875	0.2150762044
0.9879782282	0.01202177177	0.9999373462	0.21489041
0.9889792092	0.01102079079	0.9999474103	0.2147049329
0.9899801902	0.01001980981	0.9999565831	0.2145197725
0.9909811712	0.009018828829	0.9999648678	0.2143349277
0.9919821522	0.008017847848	0.9999722677	0.214150398
0.9929831331	0.007016866867	0.999978786	0.2139661824
0.9939841141	0.006015885886	0.999984426	0.2137822801
0.9949850951	0.005014904905	0.9999891908	0.2135986905
0.9959860761	0.004013923924	0.9999930837	0.2134154126
0.9969870571	0.003012942943	0.9999961079	0.2132324458
0.997988038	0.002011961962	0.9999982666	0.2130497892
0.998989019	0.001010980981	0.9999995629	0.212867442
0.99999	1e-05	1	0.2126854035
