1e-05	0.99999	0.3341384971	1.000000006
0.001010980981	0.998989019	0.2987416843	1.000056618
0.002011961962	0.997988038	0.2689328817	1.000215215
0.003012942943	0.9969870571	0.2436642173	1.000463313
0.004013923924	0.9959860761	0.222112311	1.00078955
0.005014904905	0.9949850951	0.203624985	1.001183576
0.006015885886	0.9939841141	0.1876817323	1.001635958
0.007016866867	0.9929831331	0.1738641305	1.002138094
0.008017847848	0.9919821522	0.1618335106	1.002682139
0.009018828829	0.9909811712	0.1513139674	1.003260935
0.01001980981	0.9899801902	0.1420793319	1.003867952
0.01102079079	0.9889792092	0.1339431106	1.00449723
0.01202177177	0.9879782282	0.1267506597	1.00514333
0.01302275275	0.9869772472	0.1203730581	1.005801293
0.01402373373	0.9859762663	0.1147022786	1.006466594
0.01502471471	0.9849752853	0.1096473605	1.007135109
0.0160256957	0.9839743043	0.1051313557	1.007803082
0.01702667668	0.9829733233	0.1010888804	1.008467093
0.01802765766	0.9819723423	0.09746414071	1.00912403
0.01902863864	0.9809713614	0.09420933225	1.009771068
0.02002961962	0.9799703804	0.09128333636	1.010405641
0.0210306006	0.9789693994	0.08865065322	1.011025425
0.02203158158	0.9779684184	0.08628052455	1.011628317
0.02303256256	0.9769674374	0.08414620898	1.01221242
0.02403354354	0.9759664565	0.08222438117	1.012776023
0.02503452452	0.9749654755	0.08049463132	1.013317589
0.02603550551	0.9739644945	0.07893904675	1.013835742
0.02703648649	0.9729635135	0.07754186073	1.014329255
0.02803746747	0.9719625325	0.07628915671	1.014797034
0.02903844845	0.9709615516	0.07516861822	1.015238113
0.03003942943	0.9699605706	0.07416931683	1.015651643
0.03104041041	0.9689595896	0.07328153162	1.016036882
0.03204139139	0.9679586086	0.07249659511	1.016393185
0.03304237237	0.9669576276	0.07180676133	1.01672
0.03404335335	0.9659566466	0.07120509244	1.017016861
0.03504433433	0.9649556657	0.07068536113	1.017283378
0.03604531532	0.9639546847	0.07024196631	1.017519233
0.0370462963	0.9629537037	0.06986986005	1.017724176
0.03804727728	0.9619527227	0.06956448419	1.017898016
0.03904825826	0.9609517417	0.06932171511	1.018040619
0.04004923924	0.9599507608	0.06913781555	1.018151906
0.04105022022	0.9589497798	0.06900939248	1.018231841
0.0420512012	0.9579487988	0.06893336014	1.018280435
0.04305218218	0.9569478178	0.06890690753	1.01829774
0.04405316316	0.9559468368	0.0689274699	1.018283844
0.04505414414	0.9549458559	0.0689927034	1.018238868
0.04605512513	0.9539448749	0.06910046286	1.018162967
0.04705610611	0.9529438939	0.06924878197	1.018056322
0.04805708709	0.9519429129	0.06943585571	1.017919143
0.04905806807	0.9509419319	0.0696600248	1.01775166
0.05005904905	0.949940951	0.06991976171	1.017554129
0.05106003003	0.94893997	0.0702136583	1.017326823
0.05206101101	0.947938989	0.07054041468	1.017070033
0.05306199199	0.946938008	0.0708988293	1.016784068
0.05406297297	0.945937027	0.07128779	1.016469249
0.05506395395	0.944936046	0.071706266	1.016125913
0.05606493493	0.9439350651	0.07215330072	1.015754407
0.05706591592	0.9429340841	0.07262800522	1.015355087
0.0580668969	0.9419331031	0.07312955241	1.014928322
0.05906787788	0.9409321221	0.07365717166	1.014474487
0.06006885886	0.9399311411	0.0742101441	1.013993963
0.06106983984	0.9389301602	0.07478779819	1.013487138
0.06207082082	0.9379291792	0.07538950585	1.012954408
0.0630718018	0.9369281982	0.07601467879	1.012396168
0.06407278278	0.9359272172	0.07666276535	1.011812822
0.06507376376	0.9349262362	0.07733324745	1.011204773
0.06607474474	0.9339252553	0.07802563794	1.010572429
0.06707572573	0.9329242743	0.07873947812	1.009916198
0.06807670671	0.9319232933	0.07947433546	1.009236489
0.06907768769	0.9309223123	0.08022980155	1.008533712
0.07007866867	0.9299213313	0.08100549026	1.007808279
0.07107964965	0.9289203504	0.08180103593	1.007060597
0.07208063063	0.9279193694	0.08261609185	1.006291078
0.07308161161	0.9269183884	0.08345032877	1.005500127
0.07408259259	0.9259174074	0.08430343358	1.004688152
0.07508357357	0.9249164264	0.08517510807	1.003855557
0.07608455455	0.9239154454	0.08606506781	1.003002744
0.07708553554	0.9229144645	0.08697304111	1.002130113
0.07808651652	0.9219134835	0.08789876803	1.00123806
0.0790874975	0.9209125025	0.08884199956	1.000326981
0.08008847848	0.9199115215	0.08980249673	0.9993972656
0.08108945946	0.9189105405	0.0907800299	0.9984493019
0.08209044044	0.9179095596	0.09177437807	0.997483474
0.08309142142	0.9169085786	0.09278532822	0.9965001624
0.0840924024	0.9159075976	0.09381267469	0.9954997438
0.08509338338	0.9149066166	0.09485621871	0.9944825909
0.08609436436	0.9139056356	0.09591576779	0.9934490725
0.08709534535	0.9129046547	0.09699113533	0.992399553
0.08809632633	0.9119036737	0.09808214014	0.9913343929
0.08909730731	0.9109026927	0.09918860606	0.9902539482
0.09009828829	0.9099017117	0.1003103616	0.9891585703
0.09109926927	0.9089007307	0.1014472394	0.9880486066
0.09210025025	0.9078997497	0.1025990764	0.9869243996
0.09310123123	0.9068987688	0.1037657129	0.9857862875
0.09410221221	0.9058977878	0.1049469928	0.9846346039
0.09510319319	0.9048968068	0.1061427631	0.9834696778
0.09610417417	0.9038958258	0.1073528735	0.9822918333
0.09710515516	0.9028948448	0.1085771768	0.9811013904
0.09810613614	0.9018938639	0.1098155278	0.9798986639
0.09910711712	0.9008928829	0.1110677841	0.9786839643
0.1001080981	0.8998919019	0.112333805	0.9774575975
0.1011090791	0.8988909209	0.1136134519	0.9762198644
0.1021100601	0.8978899399	0.114906588	0.9749710616
0.103111041	0.896888959	0.1162130782	0.9737114809
0.104112022	0.895887978	0.117532789	0.9724414097
0.105113003	0.894886997	0.118865588	0.9711611307
0.106113984	0.893886016	0.1202113444	0.969870922
0.107114965	0.892885035	0.1215699286	0.9685710572
0.1081159459	0.8918840541	0.1229412119	0.9672618054
0.1091169269	0.8908830731	0.1243250667	0.9659434315
0.1101179079	0.8898820921	0.1257213665	0.9646161955
0.1111188889	0.8888811111	0.1271299854	0.9632803534
0.1121198699	0.8878801301	0.1285507984	0.9619361567
0.1131208509	0.8868791491	0.1299836814	0.9605838526
0.1141218318	0.8858781682	0.1314285106	0.9592236841
0.1151228128	0.8848771872	0.1328851632	0.9578558898
0.1161237938	0.8838762062	0.1343535166	0.9564807042
0.1171247748	0.8828752252	0.1358334492	0.9550983579
0.1181257558	0.8818742442	0.1373248394	0.953709077
0.1191267367	0.8808732633	0.1388275663	0.9523130838
0.1201277177	0.8798722823	0.1403415094	0.9509105966
0.1211286987	0.8788713013	0.1418665486	0.9495018298
0.1221296797	0.8778703203	0.1434025641	0.9480869938
0.1231306607	0.8768693393	0.1449494363	0.946666295
0.1241316416	0.8758683584	0.1465070463	0.9452399364
0.1251326226	0.8748673774	0.148075275	0.9438081169
0.1261336036	0.8738663964	0.149654004	0.942371032
0.1271345846	0.8728654154	0.151243115	0.9409288731
0.1281355656	0.8718644344	0.1528424898	0.9394818286
0.1291365465	0.8708634535	0.1544520107	0.9380300829
0.1301375275	0.8698624725	0.1560715601	0.936573817
0.1311385085	0.8688614915	0.1577010205	0.9351132086
0.1321394895	0.8678605105	0.1593402748	0.9336484319
0.1331404705	0.8668595295	0.1609892061	0.9321796577
0.1341414515	0.8658585485	0.1626476975	0.9307070537
0.1351424324	0.8648575676	0.1643156325	0.9292307842
0.1361434134	0.8638565866	0.1659928948	0.9277510103
0.1371443944	0.8628556056	0.1676793683	0.92626789
0.1381453754	0.8618546246	0.1693749368	0.9247815783
0.1391463564	0.8608536436	0.1710794848	0.9232922269
0.1401473373	0.8598526627	0.1727928966	0.9217999847
0.1411483183	0.8588516817	0.1745150569	0.9203049977
0.1421492993	0.8578507007	0.1762458505	0.9188074088
0.1431502803	0.8568497197	0.1779851626	0.9173073582
0.1441512613	0.8558487387	0.1797328784	0.9158049833
0.1451522422	0.8548477578	0.1814888834	0.9143004186
0.1461532232	0.8538467768	0.1832530634	0.9127937959
0.1471542042	0.8528457958	0.1850253045	0.9112852446
0.1481551852	0.8518448148	0.1868054927	0.909774891
0.1491561662	0.8508438338	0.1885935146	0.9082628593
0.1501571471	0.8498428529	0.190389257	0.9067492708
0.1511581281	0.8488418719	0.1921926068	0.9052342445
0.1521591091	0.8478408909	0.1940034512	0.9037178969
0.1531600901	0.8468399099	0.195821678	0.9022003421
0.1541610711	0.8458389289	0.1976471748	0.9006816918
0.1551620521	0.8448379479	0.1994798298	0.8991620553
0.156163033	0.843836967	0.2013195315	0.8976415398
0.157164014	0.842835986	0.2031661687	0.8961202501
0.158164995	0.841835005	0.2050196303	0.8945982889
0.159165976	0.840834024	0.2068798058	0.8930757566
0.160166957	0.839833043	0.208746585	0.8915527515
0.1611679379	0.8388320621	0.210619858	0.89002937
0.1621689189	0.8378310811	0.2124995151	0.8885057062
0.1631698999	0.8368301001	0.2143854473	0.8869818522
0.1641708809	0.8358291191	0.2162775457	0.8854578984
0.1651718619	0.8348281381	0.2181757018	0.8839339328
0.1661728428	0.8338271572	0.2200798078	0.8824100419
0.1671738238	0.8328261762	0.2219897558	0.8808863101
0.1681748048	0.8318251952	0.2239054388	0.87936282
0.1691757858	0.8308242142	0.2258267498	0.8778396524
0.1701767668	0.8298232332	0.2277535826	0.8763168863
0.1711777477	0.8288222523	0.2296858311	0.8747945991
0.1721787287	0.8278212713	0.2316233899	0.8732728662
0.1731797097	0.8268202903	0.233566154	0.8717517616
0.1741806907	0.8258193093	0.2355140186	0.8702313574
0.1751816717	0.8248183283	0.2374668798	0.8687117244
0.1761826527	0.8238173473	0.2394246338	0.8671929315
0.1771836336	0.8228163664	0.2413871774	0.8656750462
0.1781846146	0.8218153854	0.2433544081	0.8641581344
0.1791855956	0.8208144044	0.2453262236	0.8626422605
0.1801865766	0.8198134234	0.2473025222	0.8611274876
0.1811875576	0.8188124424	0.2492832027	0.8596138771
0.1821885385	0.8178114615	0.2512681645	0.8581014891
0.1831895195	0.8168104805	0.2532573075	0.8565903823
0.1841905005	0.8158094995	0.2552505321	0.855080614
0.1851914815	0.8148085185	0.2572477391	0.8535722403
0.1861924625	0.8138075375	0.2592488301	0.8520653157
0.1871934434	0.8128065566	0.2612537071	0.8505598936
0.1881944244	0.8118055756	0.2632622727	0.8490560263
0.1891954054	0.8108045946	0.26527443	0.8475537644
0.1901963864	0.8098036136	0.2672900827	0.8460531578
0.1911973674	0.8088026326	0.2693091351	0.8445542547
0.1921983483	0.8078016517	0.2713314921	0.8430571026
0.1931993293	0.8068006707	0.273357059	0.8415617475
0.1942003103	0.8057996897	0.2753857419	0.8400682344
0.1952012913	0.8047987087	0.2774174475	0.8385766073
0.1962022723	0.8037977277	0.2794520828	0.8370869088
0.1972032533	0.8027967467	0.2814895558	0.8355991808
0.1982042342	0.8017957658	0.2835297748	0.8341134639
0.1992052152	0.8007947848	0.2855726488	0.8326297979
0.2002061962	0.7997938038	0.2876180875	0.8311482213
0.2012071772	0.7987928228	0.289666001	0.8296687718
0.2022081582	0.7977918418	0.2917163004	0.8281914862
0.2032091391	0.7967908609	0.2937688969	0.8267164002
0.2042101201	0.7957898799	0.2958237027	0.8252435486
0.2052111011	0.7947888989	0.2978806306	0.8237729654
0.2062120821	0.7937879179	0.2999395939	0.8223046836
0.2072130631	0.7927869369	0.3020005066	0.8208387352
0.208214044	0.791785956	0.3040632834	0.8193751517
0.209215025	0.790784975	0.3061278394	0.8179139634
0.210216006	0.789783994	0.3081940905	0.8164552
0.211216987	0.788783013	0.3102619534	0.8149988903
0.212217968	0.787782032	0.3123313452	0.8135450622
0.2132189489	0.7867810511	0.3144021837	0.812093743
0.2142199299	0.7857800701	0.3164743874	0.8106449593
0.2152209109	0.7847790891	0.3185478755	0.8091987366
0.2162218919	0.7837781081	0.3206225676	0.8077551
0.2172228729	0.7827771271	0.3226983843	0.8063140737
0.2182238539	0.7817761461	0.3247752466	0.8048756814
0.2192248348	0.7807751652	0.3268530761	0.8034399458
0.2202258158	0.7797741842	0.3289317954	0.8020068893
0.2212267968	0.7787732032	0.3310113274	0.8005765332
0.2222277778	0.7777722222	0.3330915958	0.7991488984
0.2232287588	0.7767712412	0.335172525	0.7977240053
0.2242297397	0.7757702603	0.3372540399	0.7963018734
0.2252307207	0.7747692793	0.3393360662	0.7948825218
0.2262317017	0.7737682983	0.3414185302	0.7934659687
0.2272326827	0.7727673173	0.3435013588	0.792052232
0.2282336637	0.7717663363	0.3455844797	0.790641329
0.2292346446	0.7707653554	0.3476678211	0.7892332764
0.2302356256	0.7697643744	0.3497513119	0.7878280901
0.2312366066	0.7687633934	0.3518348817	0.7864257859
0.2322375876	0.7677624124	0.3539184608	0.7850263786
0.2332385686	0.7667614314	0.35600198	0.7836298829
0.2342395495	0.7657604505	0.3580853707	0.7822363128
0.2352405305	0.7647594695	0.3601685653	0.7808456817
0.2362415115	0.7637584885	0.3622514965	0.7794580026
0.2372424925	0.7627575075	0.3643340978	0.7780732882
0.2382434735	0.7617565265	0.3664163032	0.7766915503
0.2392444545	0.7607555455	0.3684980476	0.7753128007
0.2402454354	0.7597545646	0.3705792664	0.7739370505
0.2412464164	0.7587535836	0.3726598955	0.7725643104
0.2422473974	0.7577526026	0.3747398717	0.7711945907
0.2432483784	0.7567516216	0.3768191323	0.7698279011
0.2442493594	0.7557506406	0.3788976152	0.7684642512
0.2452503403	0.7547496597	0.3809752591	0.7671036499
0.2462513213	0.7537486787	0.3830520031	0.7657461059
0.2472523023	0.7527476977	0.3851277871	0.7643916273
0.2482532833	0.7517467167	0.3872025517	0.7630402221
0.2492542643	0.7507457357	0.3892762378	0.7616918977
0.2502552452	0.7497447548	0.3913487873	0.7603466613
0.2512562262	0.7487437738	0.3934201424	0.7590045194
0.2522572072	0.7477427928	0.3954902463	0.7576654787
0.2532581882	0.7467418118	0.3975590424	0.756329545
0.2542591692	0.7457408308	0.3996264749	0.7549967241
0.2552601502	0.7447398498	0.4016924887	0.7536670214
0.2562611311	0.7437388689	0.4037570293	0.7523404419
0.2572621121	0.7427378879	0.4058200426	0.7510169904
0.2582630931	0.7417369069	0.4078814753	0.7496966713
0.2592640741	0.7407359259	0.4099412746	0.7483794887
0.2602650551	0.7397349449	0.4119993884	0.7470654465
0.261266036	0.738733964	0.4140557651	0.7457545481
0.262267017	0.737732983	0.4161103538	0.7444467968
0.263267998	0.736732002	0.418163104	0.7431421957
0.264268979	0.735731021	0.420213966	0.7418407473
0.26526996	0.73473004	0.4222628906	0.7405424541
0.2662709409	0.7337290591	0.4243098291	0.7392473184
0.2672719219	0.7327280781	0.4263547336	0.7379553419
0.2682729029	0.7317270971	0.4283975565	0.7366665264
0.2692738839	0.7307261161	0.4304382509	0.7353808733
0.2702748649	0.7297251351	0.4324767706	0.7340983837
0.2712758458	0.7287241542	0.4345130697	0.7328190586
0.2722768268	0.7277231732	0.4365471031	0.7315428988
0.2732778078	0.7267221922	0.438578826	0.7302699046
0.2742787888	0.7257212112	0.4406081946	0.7290000765
0.2752797698	0.7247202302	0.4426351651	0.7277334143
0.2762807508	0.7237192492	0.4446596947	0.7264699181
0.2772817317	0.7227182683	0.4466817409	0.7252095873
0.2782827127	0.7217172873	0.4487012618	0.7239524215
0.2792836937	0.7207163063	0.450718216	0.7226984199
0.2802846747	0.7197153253	0.4527325628	0.7214475816
0.2812856557	0.7187143443	0.4547442619	0.7201999054
0.2822866366	0.7177133634	0.4567532735	0.71895539
0.2832876176	0.7167123824	0.4587595584	0.7177140339
0.2842885986	0.7157114014	0.4607630779	0.7164758354
0.2852895796	0.7147104204	0.4627637938	0.7152407927
0.2862905606	0.7137094394	0.4647616685	0.7140089038
0.2872915415	0.7127084585	0.4667566647	0.7127801664
0.2882925225	0.7117074775	0.4687487459	0.7115545784
0.2892935035	0.7107064965	0.4707378759	0.7103321371
0.2902944845	0.7097055155	0.4727240191	0.7091128399
0.2912954655	0.7087045345	0.4747071403	0.7078966841
0.2922964464	0.7077035536	0.4766872048	0.7066836667
0.2932974274	0.7067025726	0.4786641786	0.7054737846
0.2942984084	0.7057015916	0.480638028	0.7042670346
0.2952993894	0.7047006106	0.4826087197	0.7030634133
0.2963003704	0.7036996296	0.4845762211	0.7018629173
0.2973013514	0.7026986486	0.4865404999	0.7006655429
0.2983023323	0.7016976677	0.4885015243	0.6994712865
0.2993033133	0.7006966867	0.4904592632	0.6982801441
0.3003042943	0.6996957057	0.4924136856	0.6970921117
0.3013052753	0.6986947247	0.4943647613	0.6959071853
0.3023062563	0.6976937437	0.4963124603	0.6947253607
0.3033072372	0.6966927628	0.4982567531	0.6935466334
0.3043082182	0.6956917818	0.5001976108	0.6923709992
0.3053091992	0.6946908008	0.5021350048	0.6911984534
0.3063101802	0.6936898198	0.5040689071	0.6900289913
0.3073111612	0.6926888388	0.5059992899	0.6888626084
0.3083121421	0.6916878579	0.507926126	0.6876992996
0.3093131231	0.6906868769	0.5098493888	0.6865390601
0.3103141041	0.6896858959	0.5117690517	0.6853818848
0.3113150851	0.6886849149	0.5136850888	0.6842277687
0.3123160661	0.6876839339	0.5155974747	0.6830767064
0.313317047	0.686682953	0.5175061843	0.6819286928
0.314318028	0.685681972	0.5194111928	0.6807837224
0.315319009	0.684680991	0.521312476	0.6796417897
0.31631999	0.68368001	0.5232100101	0.6785028893
0.317320971	0.682679029	0.5251037717	0.6773670154
0.318321952	0.681678048	0.5269937375	0.6762341625
0.3193229329	0.6806770671	0.5288798851	0.6751043247
0.3203239139	0.6796760861	0.5307621921	0.6739774962
0.3213248949	0.6786751051	0.5326406368	0.6728536711
0.3223258759	0.6776741241	0.5345151975	0.6717328434
0.3233268569	0.6766731431	0.5363858533	0.670615007
0.3243278378	0.6756721622	0.5382525833	0.669500156
0.3253288188	0.6746711812	0.5401153674	0.668388284
0.3263297998	0.6736702002	0.5419741855	0.6672793849
0.3273307808	0.6726692192	0.543829018	0.6661734524
0.3283317618	0.6716682382	0.5456798457	0.6650704802
0.3293327427	0.6706672573	0.5475266497	0.6639704618
0.3303337237	0.6696662763	0.5493694116	0.6628733908
0.3313347047	0.6686652953	0.5512081133	0.6617792607
0.3323356857	0.6676643143	0.5530427368	0.6606880649
0.3333366667	0.6666633333	0.5548732648	0.6595997969
0.3343376476	0.6656623524	0.5566996803	0.6585144501
0.3353386286	0.6646613714	0.5585219664	0.6574320176
0.3363396096	0.6636603904	0.5603401067	0.6563524928
0.3373405906	0.6626594094	0.5621540853	0.655275869
0.3383415716	0.6616584284	0.5639638863	0.6542021392
0.3393425526	0.6606574474	0.5657694943	0.6531312967
0.3403435335	0.6596564665	0.5675708943	0.6520633345
0.3413445145	0.6586554855	0.5693680716	0.6509982457
0.3423454955	0.6576545045	0.5711610117	0.6499360233
0.3433464765	0.6566535235	0.5729497004	0.6488766604
0.3443474575	0.6556525425	0.5747341241	0.6478201499
0.3453484384	0.6546515616	0.5765142692	0.6467664847
0.3463494194	0.6536505806	0.5782901225	0.6457156577
0.3473504004	0.6526495996	0.5800616712	0.6446676619
0.3483513814	0.6516486186	0.5818289027	0.64362249
0.3493523624	0.6506476376	0.5835918048	0.6425801348
0.3503533433	0.6496466567	0.5853503654	0.6415405892
0.3513543243	0.6486456757	0.587104573	0.640503846
0.3523553053	0.6476446947	0.588854416	0.6394698977
0.3533562863	0.6466437137	0.5905998835	0.6384387373
0.3543572673	0.6456427327	0.5923409646	0.6374103574
0.3553582482	0.6446417518	0.5940776488	0.6363847506
0.3563592292	0.6436407708	0.5958099258	0.6353619096
0.3573602102	0.6426397898	0.5975377856	0.634341827
0.3583611912	0.6416388088	0.5992612186	0.6333244955
0.3593621722	0.6406378278	0.6009802154	0.6323099077
0.3603631532	0.6396368468	0.6026947666	0.6312980561
0.3613641341	0.6386358659	0.6044048635	0.6302889333
0.3623651151	0.6376348849	0.6061104975	0.6292825319
0.3633660961	0.6366339039	0.60781166	0.6282788445
0.3643670771	0.6356329229	0.6095083431	0.6272778634
0.3653680581	0.6346319419	0.6112005387	0.6262795813
0.366369039	0.633630961	0.6128882394	0.6252839907
0.36737002	0.63262998	0.6145714378	0.6242910841
0.368371001	0.631628999	0.6162501266	0.6233008539
0.369371982	0.630628018	0.6179242991	0.6223132926
0.370372963	0.629627037	0.6195939485	0.6213283927
0.3713739439	0.6286260561	0.6212590685	0.6203461466
0.3723749249	0.6276250751	0.6229196529	0.6193665469
0.3733759059	0.6266240941	0.6245756958	0.6183895859
0.3743768869	0.6256231131	0.6262271914	0.6174152561
0.3753778679	0.6246221321	0.6278741343	0.6164435499
0.3763788488	0.6236211512	0.6295165191	0.6154744598
0.3773798298	0.6226201702	0.6311543409	0.6145079782
0.3783808108	0.6216191892	0.6327875948	0.6135440975
0.3793817918	0.6206182082	0.6344162763	0.6125828102
0.3803827728	0.6196172272	0.6360403809	0.6116241086
0.3813837538	0.6186162462	0.6376599044	0.6106679852
0.3823847347	0.6176152653	0.639274843	0.6097144325
0.3833857157	0.6166142843	0.6408851927	0.6087634427
0.3843866967	0.6156133033	0.6424909502	0.6078150085
0.3853876777	0.6146123223	0.6440921119	0.6068691221
0.3863886587	0.6136113413	0.6456886748	0.605925776
0.3873896396	0.6126103604	0.6472806359	0.6049849626
0.3883906206	0.6116093794	0.6488679925	0.6040466744
0.3893916016	0.6106083984	0.6504507419	0.6031109038
0.3903925826	0.6096074174	0.6520288818	0.6021776432
0.3913935636	0.6086064364	0.6536024099	0.6012468851
0.3923945445	0.6076054555	0.6551713244	0.6003186219
0.3933955255	0.6066044745	0.6567356233	0.599392846
0.3943965065	0.6056034935	0.6582953051	0.59846955
0.3953974875	0.6046025125	0.6598503682	0.5975487263
0.3963984685	0.6036015315	0.6614008115	0.5966303672
0.3973994494	0.6026005506	0.6629466337	0.5957144654
0.3984004304	0.6015995696	0.6644878339	0.5948010133
0.3994014114	0.6005985886	0.6660244114	0.5938900034
0.4004023924	0.5995976076	0.6675563656	0.5929814282
0.4014033734	0.5985966266	0.669083696	0.5920752801
0.4024043544	0.5975956456	0.6706064024	0.5911715517
0.4034053353	0.5965946647	0.6721244847	0.5902702355
0.4044063163	0.5955936837	0.673637943	0.5893713241
0.4054072973	0.5945927027	0.6751467774	0.58847481
0.4064082783	0.5935917217	0.6766509883	0.5875806856
0.4074092593	0.5925907407	0.6781505763	0.5866889437
0.4084102402	0.5915897598	0.6796455421	0.5857995767
0.4094112212	0.5905887788	0.6811358864	0.5849125773
0.4104122022	0.5895877978	0.6826216102	0.5840279379
0.4114131832	0.5885868168	0.6841027148	0.5831456513
0.4124141642	0.5875858358	0.6855792013	0.5822657101
0.4134151451	0.5865848549	0.6870510711	0.5813881068
0.4144161261	0.5855838739	0.6885183259	0.5805128341
0.4154171071	0.5845828929	0.6899809673	0.5796398846
0.4164180881	0.5835819119	0.6914389972	0.5787692511
0.4174190691	0.5825809309	0.6928924175	0.5779009262
0.4184200501	0.5815799499	0.6943412303	0.5770349025
0.419421031	0.580578969	0.6957854379	0.5761711728
0.420422012	0.579577988	0.6972250426	0.5753097299
0.421422993	0.578577007	0.6986600469	0.5744505663
0.422423974	0.577576026	0.7000904534	0.5735936749
0.423424955	0.576575045	0.7015162649	0.5727390485
0.4244259359	0.5755740641	0.7029374843	0.5718866797
0.4254269169	0.5745730831	0.7043541146	0.5710365614
0.4264278979	0.5735721021	0.7057661588	0.5701886864
0.4274288789	0.5725711211	0.7071736202	0.5693430475
0.4284298599	0.5715701401	0.7085765021	0.5684996376
0.4294308408	0.5705691592	0.709974808	0.5676584494
0.4304318218	0.5695681782	0.7113685415	0.5668194759
0.4314328028	0.5685671972	0.7127577063	0.5659827099
0.4324337838	0.5675662162	0.7141423061	0.5651481443
0.4334347648	0.5665652352	0.715522345	0.564315772
0.4344357457	0.5655642543	0.7168978268	0.563485586
0.4354367267	0.5645632733	0.7182687557	0.5626575792
0.4364377077	0.5635622923	0.719635136	0.5618317446
0.4374386887	0.5625613113	0.7209969719	0.561008075
0.4384396697	0.5615603303	0.7223542679	0.5601865636
0.4394406507	0.5605593493	0.7237070286	0.5593672034
0.4404416316	0.5595583684	0.7250552585	0.5585499873
0.4414426126	0.5585573874	0.7263989624	0.5577349084
0.4424435936	0.5575564064	0.7277381452	0.5569219598
0.4434445746	0.5565554254	0.7290728116	0.5561111345
0.4444455556	0.5555544444	0.7304029668	0.5553024256
0.4454465365	0.5545534635	0.7317286159	0.5544958263
0.4464475175	0.5535524825	0.7330497639	0.5536913297
0.4474484985	0.5525515015	0.7343664163	0.552888929
0.4484494795	0.5515505205	0.7356785784	0.5520886172
0.4494504605	0.5505495395	0.7369862556	0.5512903876
0.4504514414	0.5495485586	0.7382894535	0.5504942335
0.4514524224	0.5485475776	0.7395881777	0.5497001479
0.4524534034	0.5475465966	0.7408824339	0.5489081242
0.4534543844	0.5465456156	0.7421722279	0.5481181556
0.4544553654	0.5455446346	0.7434575655	0.5473302354
0.4554563463	0.5445436537	0.7447384527	0.5465443569
0.4564573273	0.5435426727	0.7460148956	0.5457605133
0.4574583083	0.5425416917	0.7472869002	0.5449786981
0.4584592893	0.5415407107	0.7485544727	0.5441989046
0.4594602703	0.5405397297	0.7498176193	0.5434211262
0.4604612513	0.5395387487	0.7510763464	0.5426453562
0.4614622322	0.5385377678	0.7523306603	0.541871588
0.4624632132	0.5375367868	0.7535805676	0.5410998151
0.4634641942	0.5365358058	0.7548260747	0.540330031
0.4644651752	0.5355348248	0.7560671882	0.539562229
0.4654661562	0.5345338438	0.7573039149	0.5387964027
0.4664671371	0.5335328629	0.7585362614	0.5380325456
0.4674681181	0.5325318819	0.7597642345	0.5372706512
0.4684690991	0.5315309009	0.7609878411	0.536510713
0.4694700801	0.5305299199	0.7622070881	0.5357527246
0.4704710611	0.5295289389	0.7634219825	0.5349966796
0.471472042	0.528527958	0.7646325313	0.5342425716
0.472473023	0.527526977	0.7658387417	0.5334903942
0.473474004	0.526525996	0.7670406208	0.5327401411
0.474474985	0.525525015	0.7682381757	0.5319918058
0.475475966	0.524524034	0.7694314139	0.5312453822
0.4764769469	0.5235230531	0.7706203426	0.5305008638
0.4774779279	0.5225220721	0.7718049691	0.5297582444
0.4784789089	0.5215210911	0.772985301	0.5290175177
0.4794798899	0.5205201101	0.7741613458	0.5282786775
0.4804808709	0.5195191291	0.7753331108	0.5275417176
0.4814818519	0.5185181481	0.7765006039	0.5268066317
0.4824828328	0.5175171672	0.7776638325	0.5260734137
0.4834838138	0.5165161862	0.7788228044	0.5253420574
0.4844847948	0.5155152052	0.7799775273	0.5246125567
0.4854857758	0.5145142242	0.781128009	0.5238849054
0.4864867568	0.5135132432	0.7822742573	0.5231590975
0.4874877377	0.5125122623	0.7834162801	0.5224351268
0.4884887187	0.5115112813	0.7845540853	0.5217129872
0.4894896997	0.5105103003	0.7856876809	0.5209926728
0.4904906807	0.5095093193	0.7868170749	0.5202741775
0.4914916617	0.5085083383	0.7879422753	0.5195574953
0.4924926426	0.5075073574	0.7890632902	0.5188426202
0.4934936236	0.5065063764	0.7901801277	0.5181295462
0.4944946046	0.5055053954	0.791292796	0.5174182674
0.4954955856	0.5045044144	0.7924013033	0.5167087778
0.4964965666	0.5035034334	0.7935056579	0.5160010716
0.4974975475	0.5025024525	0.7946058679	0.5152951429
0.4984985285	0.5015014715	0.7957019417	0.5145909857
0.4994995095	0.5005004905	0.7967938878	0.5138885943
0.5005004905	0.4994995095	0.7978817143	0.5131879628
0.5015014715	0.4984985285	0.7989654298	0.5124890854
0.5025024525	0.4974975475	0.8000450428	0.5117919562
0.5035034334	0.4964965666	0.8011205616	0.5110965696
0.5045044144	0.4954955856	0.8021919948	0.5104029198
0.5055053954	0.4944946046	0.8032593509	0.509711001
0.5065063764	0.4934936236	0.8043226386	0.5090208076
0.5075073574	0.4924926426	0.8053818664	0.5083323337
0.5085083383	0.4914916617	0.8064370429	0.5076455738
0.5095093193	0.4904906807	0.8074881767	0.5069605222
0.5105103003	0.4894896997	0.8085352767	0.5062771733
0.5115112813	0.4884887187	0.8095783515	0.5055955214
0.5125122623	0.4874877377	0.8106174098	0.504915561
0.5135132432	0.4864867568	0.8116524603	0.5042372864
0.5145142242	0.4854857758	0.812683512	0.5035606922
0.5155152052	0.4844847948	0.8137105735	0.5028857727
0.5165161862	0.4834838138	0.8147336537	0.5022125224
0.5175171672	0.4824828328	0.8157527615	0.5015409359
0.5185181481	0.4814818519	0.8167679058	0.5008710077
0.5195191291	0.4804808709	0.8177790953	0.5002027323
0.5205201101	0.4794798899	0.8187863392	0.4995361042
0.5215210911	0.4784789089	0.8197896462	0.498871118
0.5225220721	0.4774779279	0.8207890255	0.4982077684
0.5235230531	0.4764769469	0.8217844858	0.4975460499
0.524524034	0.475475966	0.8227760363	0.4968859572
0.525525015	0.474474985	0.8237636859	0.4962274849
0.526525996	0.473474004	0.8247474438	0.4955706277
0.527526977	0.472473023	0.8257273188	0.4949153803
0.528527958	0.471472042	0.8267033202	0.4942617373
0.5295289389	0.4704710611	0.8276754569	0.4936096936
0.5305299199	0.4694700801	0.8286437381	0.4929592438
0.5315309009	0.4684690991	0.8296081729	0.4923103827
0.5325318819	0.4674681181	0.8305687704	0.4916631052
0.5335328629	0.4664671371	0.8315255397	0.4910174059
0.5345338438	0.4654661562	0.83247849	0.4903732798
0.5355348248	0.4644651752	0.8334276305	0.4897307216
0.5365358058	0.4634641942	0.8343729703	0.4890897262
0.5375367868	0.4624632132	0.8353145187	0.4884502886
0.5385377678	0.4614622322	0.8362522847	0.4878124035
0.5395387487	0.4604612513	0.8371862777	0.4871760659
0.5405397297	0.4594602703	0.8381165068	0.4865412707
0.5415407107	0.4584592893	0.8390429813	0.485908013
0.5425416917	0.4574583083	0.8399657104	0.4852762875
0.5435426727	0.4564573273	0.8408847034	0.4846460894
0.5445436537	0.4554563463	0.8417999695	0.4840174136
0.5455446346	0.4544553654	0.8427115179	0.4833902551
0.5465456156	0.4534543844	0.843619358	0.4827646091
0.5475465966	0.4524534034	0.8445234991	0.4821404705
0.5485475776	0.4514524224	0.8454239503	0.4815178344
0.5495485586	0.4504514414	0.846320721	0.4808966959
0.5505495395	0.4494504605	0.8472138205	0.4802770501
0.5515505205	0.4484494795	0.8481032581	0.4796588922
0.5525515015	0.4474484985	0.8489890431	0.4790422173
0.5535524825	0.4464475175	0.8498711848	0.4784270206
0.5545534635	0.4454465365	0.8507496925	0.4778132972
0.5555544444	0.4444455556	0.8516245755	0.4772010423
0.5565554254	0.4434445746	0.8524958432	0.4765902512
0.5575564064	0.4424435936	0.8533635049	0.4759809191
0.5585573874	0.4414426126	0.8542275699	0.4753730412
0.5595583684	0.4404416316	0.8550880475	0.4747666128
0.5605593493	0.4394406507	0.8559449471	0.4741616293
0.5615603303	0.4384396697	0.856798278	0.4735580858
0.5625613113	0.4374386887	0.8576480495	0.4729559778
0.5635622923	0.4364377077	0.858494271	0.4723553005
0.5645632733	0.4354367267	0.8593369518	0.4717560494
0.5655642543	0.4344357457	0.8601761013	0.4711582197
0.5665652352	0.4334347648	0.8610117287	0.4705618069
0.5675662162	0.4324337838	0.8618438434	0.4699668065
0.5685671972	0.4314328028	0.8626724547	0.4693732137
0.5695681782	0.4304318218	0.8634975721	0.4687810241
0.5705691592	0.4294308408	0.8643192047	0.468190233
0.5715701401	0.4284298599	0.8651373619	0.4676008361
0.5725711211	0.4274288789	0.8659520531	0.4670128287
0.5735721021	0.4264278979	0.8667632876	0.4664262065
0.5745730831	0.4254269169	0.8675710747	0.4658409648
0.5755740641	0.4244259359	0.8683754237	0.4652570993
0.576575045	0.423424955	0.8691763439	0.4646746054
0.577576026	0.422423974	0.8699738447	0.4640934789
0.578577007	0.421422993	0.8707679353	0.4635137152
0.579577988	0.420422012	0.8715586251	0.46293531
0.580578969	0.419421031	0.8723459233	0.4623582589
0.5815799499	0.4184200501	0.8731298393	0.4617825575
0.5825809309	0.4174190691	0.8739103823	0.4612082015
0.5835819119	0.4164180881	0.8746875616	0.4606351866
0.5845828929	0.4154171071	0.8754613865	0.4600635085
0.5855838739	0.4144161261	0.8762318663	0.4594931627
0.5865848549	0.4134151451	0.8769990102	0.4589241452
0.5875858358	0.4124141642	0.8777628275	0.4583564516
0.5885868168	0.4114131832	0.8785233275	0.4577900776
0.5895877978	0.4104122022	0.8792805193	0.4572250191
0.5905887788	0.4094112212	0.8800344123	0.4566612718
0.5915897598	0.4084102402	0.8807850156	0.4560988315
0.5925907407	0.4074092593	0.8815323385	0.455537694
0.5935917217	0.4064082783	0.8822763903	0.4549778551
0.5945927027	0.4054072973	0.88301718	0.4544193108
0.5955936837	0.4044063163	0.8837547169	0.4538620569
0.5965946647	0.4034053353	0.8844890103	0.4533060891
0.5975956456	0.4024043544	0.8852200692	0.4527514035
0.5985966266	0.4014033734	0.8859479029	0.452197996
0.5995976076	0.4004023924	0.8866725206	0.4516458624
0.6005985886	0.3994014114	0.8873939313	0.4510949987
0.6015995696	0.3984004304	0.8881121442	0.4505454009
0.6026005506	0.3973994494	0.8888271686	0.4499970649
0.6036015315	0.3963984685	0.8895390134	0.4494499867
0.6046025125	0.3953974875	0.8902476878	0.4489041623
0.6056034935	0.3943965065	0.8909532009	0.4483595877
0.6066044745	0.3933955255	0.8916555619	0.447816259
0.6076054555	0.3923945445	0.8923547798	0.4472741722
0.6086064364	0.3913935636	0.8930508636	0.4467333233
0.6096074174	0.3903925826	0.8937438225	0.4461937084
0.6106083984	0.3893916016	0.8944336655	0.4456553237
0.6116093794	0.3883906206	0.8951204016	0.4451181651
0.6126103604	0.3873896396	0.8958040399	0.4445822289
0.6136113413	0.3863886587	0.8964845893	0.4440475112
0.6146123223	0.3853876777	0.897162059	0.443514008
0.6156133033	0.3843866967	0.8978364578	0.4429817156
0.6166142843	0.3833857157	0.8985077949	0.4424506302
0.6176152653	0.3823847347	0.899176079	0.4419207479
0.6186162462	0.3813837538	0.8998413193	0.4413920649
0.6196172272	0.3803827728	0.9005035246	0.4408645775
0.6206182082	0.3793817918	0.9011627039	0.4403382819
0.6216191892	0.3783808108	0.901818866	0.4398131743
0.6226201702	0.3773798298	0.90247202	0.439289251
0.6236211512	0.3763788488	0.9031221747	0.4387665082
0.6246221321	0.3753778679	0.903769339	0.4382449423
0.6256231131	0.3743768869	0.9044135217	0.4377245496
0.6266240941	0.3733759059	0.9050547317	0.4372053263
0.6276250751	0.3723749249	0.9056929778	0.4366872689
0.6286260561	0.3713739439	0.9063282689	0.4361703735
0.629627037	0.370372963	0.9069606137	0.4356546367
0.630628018	0.369371982	0.9075900212	0.4351400548
0.631628999	0.368371001	0.9082165	0.4346266241
0.63262998	0.36737002	0.9088400589	0.434114341
0.633630961	0.366369039	0.9094607066	0.4336032021
0.6346319419	0.3653680581	0.910078452	0.4330932036
0.6356329229	0.3643670771	0.9106933038	0.4325843421
0.6366339039	0.3633660961	0.9113052706	0.4320766139
0.6376348849	0.3623651151	0.9119143611	0.4315700156
0.6386358659	0.3613641341	0.912520584	0.4310645436
0.6396368468	0.3603631532	0.9131239481	0.4305601944
0.6406378278	0.3593621722	0.9137244619	0.4300569646
0.6416388088	0.3583611912	0.914322134	0.4295548505
0.6426397898	0.3573602102	0.9149169732	0.4290538489
0.6436407708	0.3563592292	0.9155089879	0.4285539562
0.6446417518	0.3553582482	0.9160981869	0.4280551689
0.6456427327	0.3543572673	0.9166845786	0.4275574837
0.6466437137	0.3533562863	0.9172681716	0.4270608971
0.6476446947	0.3523553053	0.9178489744	0.4265654057
0.6486456757	0.3513543243	0.9184269956	0.4260710062
0.6496466567	0.3503533433	0.9190022437	0.4255776951
0.6506476376	0.3493523624	0.9195747272	0.4250854691
0.6516486186	0.3483513814	0.9201444545	0.4245943248
0.6526495996	0.3473504004	0.9207114342	0.4241042589
0.6536505806	0.3463494194	0.9212756746	0.423615268
0.6546515616	0.3453484384	0.9218371841	0.4231273489
0.6556525425	0.3443474575	0.9223959713	0.4226404982
0.6566535235	0.3433464765	0.9229520444	0.4221547127
0.6576545045	0.3423454955	0.9235054119	0.421669989
0.6586554855	0.3413445145	0.9240560821	0.421186324
0.6596564665	0.3403435335	0.9246040634	0.4207037143
0.6606574474	0.3393425526	0.9251493641	0.4202221566
0.6616584284	0.3383415716	0.9256919924	0.4197416479
0.6626594094	0.3373405906	0.9262319567	0.4192621848
0.6636603904	0.3363396096	0.9267692653	0.4187837641
0.6646613714	0.3353386286	0.9273039264	0.4183063827
0.6656623524	0.3343376476	0.9278359483	0.4178300374
0.6666633333	0.3333366667	0.9283653391	0.4173547249
0.6676643143	0.3323356857	0.9288921071	0.4168804422
0.6686652953	0.3313347047	0.9294162604	0.4164071861
0.6696662763	0.3303337237	0.9299378074	0.4159349534
0.6706672573	0.3293327427	0.930456756	0.4154637411
0.6716682382	0.3283317618	0.9309731144	0.414993546
0.6726692192	0.3273307808	0.9314868907	0.414524365
0.6736702002	0.3263297998	0.9319980931	0.414056195
0.6746711812	0.3253288188	0.9325067297	0.413589033
0.6756721622	0.3243278378	0.9330128084	0.4131228759
0.6766731431	0.3233268569	0.9335163373	0.4126577206
0.6776741241	0.3223258759	0.9340173245	0.4121935641
0.6786751051	0.3213248949	0.934515778	0.4117304034
0.6796760861	0.3203239139	0.9350117057	0.4112682354
0.6806770671	0.3193229329	0.9355051157	0.4108070571
0.681678048	0.318321952	0.9359960159	0.4103468655
0.682679029	0.317320971	0.9364844141	0.4098876577
0.68368001	0.31631999	0.9369703185	0.4094294306
0.684680991	0.315319009	0.9374537368	0.4089721814
0.685681972	0.314318028	0.9379346769	0.408515907
0.686682953	0.313317047	0.9384131467	0.4080606045
0.6876839339	0.3123160661	0.9388891541	0.407606271
0.6886849149	0.3113150851	0.9393627068	0.4071529035
0.6896858959	0.3103141041	0.9398338127	0.4067004991
0.6906868769	0.3093131231	0.9403024796	0.406249055
0.6916878579	0.3083121421	0.9407687153	0.4057985683
0.6926888388	0.3073111612	0.9412325274	0.405349036
0.6936898198	0.3063101802	0.9416939238	0.4049004554
0.6946908008	0.3053091992	0.9421529121	0.4044528234
0.6956917818	0.3043082182	0.9426095001	0.4040061374
0.6966927628	0.3033072372	0.9430636955	0.4035603945
0.6976937437	0.3023062563	0.9435155058	0.4031155918
0.6986947247	0.3013052753	0.9439649388	0.4026717265
0.6996957057	0.3003042943	0.944412002	0.4022287958
0.7006966867	0.2993033133	0.9448567032	0.401786797
0.7016976677	0.2983023323	0.9452990497	0.4013457272
0.7026986486	0.2973013514	0.9457390494	0.4009055837
0.7036996296	0.2963003704	0.9461767096	0.4004663637
0.7047006106	0.2952993894	0.9466120379	0.4000280644
0.7057015916	0.2942984084	0.9470450418	0.3995906832
0.7067025726	0.2932974274	0.9474757289	0.3991542172
0.7077035536	0.2922964464	0.9479041065	0.3987186638
0.7087045345	0.2912954655	0.9483301823	0.3982840203
0.7097055155	0.2902944845	0.9487539635	0.3978502839
0.7107064965	0.2892935035	0.9491754576	0.3974174519
0.7117074775	0.2882925225	0.949594672	0.3969855217
0.7127084585	0.2872915415	0.9500116142	0.3965544906
0.7137094394	0.2862905606	0.9504262914	0.3961243559
0.7147104204	0.2852895796	0.9508387109	0.395695115
0.7157114014	0.2842885986	0.9512488803	0.3952667652
0.7167123824	0.2832876176	0.9516568066	0.394839304
0.7177133634	0.2822866366	0.9520624973	0.3944127286
0.7187143443	0.2812856557	0.9524659596	0.3939870364
0.7197153253	0.2802846747	0.9528672007	0.3935622249
0.7207163063	0.2792836937	0.9532662279	0.3931382915
0.7217172873	0.2782827127	0.9536630484	0.3927152336
0.7227182683	0.2772817317	0.9540576693	0.3922930485
0.7237192492	0.2762807508	0.954450098	0.3918717338
0.7247202302	0.2752797698	0.9548403414	0.3914512868
0.7257212112	0.2742787888	0.9552284068	0.3910317051
0.7267221922	0.2732778078	0.9556143013	0.390612986
0.7277231732	0.2722768268	0.9559980319	0.3901951271
0.7287241542	0.2712758458	0.9563796058	0.3897781259
0.7297251351	0.2702748649	0.95675903	0.3893619797
0.7307261161	0.2692738839	0.9571363115	0.3889466862
0.7317270971	0.2682729029	0.9575114574	0.3885322428
0.7327280781	0.2672719219	0.9578844748	0.388118647
0.7337290591	0.2662709409	0.9582553705	0.3877058965
0.73473004	0.26526996	0.9586241515	0.3872939886
0.735731021	0.264268979	0.9589908248	0.3868829209
0.736732002	0.263267998	0.9593553974	0.3864726911
0.737732983	0.262267017	0.9597178761	0.3860632966
0.738733964	0.261266036	0.9600782678	0.3856547351
0.7397349449	0.2602650551	0.9604365795	0.385247004
0.7407359259	0.2592640741	0.9607928179	0.384840101
0.7417369069	0.2582630931	0.9611469899	0.3844340238
0.7427378879	0.2572621121	0.9614991023	0.3840287698
0.7437388689	0.2562611311	0.9618491619	0.3836243367
0.7447398498	0.2552601502	0.9621971755	0.3832207222
0.7457408308	0.2542591692	0.9625431499	0.3828179238
0.7467418118	0.2532581882	0.9628870918	0.3824159392
0.7477427928	0.2522572072	0.963229008	0.3820147661
0.7487437738	0.2512562262	0.963568905	0.3816144021
0.7497447548	0.2502552452	0.9639067897	0.3812148448
0.7507457357	0.2492542643	0.9642426687	0.380816092
0.7517467167	0.2482532833	0.9645765487	0.3804181413
0.7527476977	0.2472523023	0.9649084362	0.3800209905
0.7537486787	0.2462513213	0.9652383379	0.3796246371
0.7547496597	0.2452503403	0.9655662604	0.379229079
0.7557506406	0.2442493594	0.9658922103	0.3788343138
0.7567516216	0.2432483784	0.9662161941	0.3784403392
0.7577526026	0.2422473974	0.9665382183	0.3780471531
0.7587535836	0.2412464164	0.9668582896	0.377654753
0.7597545646	0.2402454354	0.9671764143	0.3772631369
0.7607555455	0.2392444545	0.967492599	0.3768723024
0.7617565265	0.2382434735	0.9678068502	0.3764822473
0.7627575075	0.2372424925	0.9681191742	0.3760929693
0.7637584885	0.2362415115	0.9684295776	0.3757044663
0.7647594695	0.2352405305	0.9687380667	0.375316736
0.7657604505	0.2342395495	0.9690446479	0.3749297763
0.7667614314	0.2332385686	0.9693493276	0.3745435849
0.7677624124	0.2322375876	0.9696521122	0.3741581596
0.7687633934	0.2312366066	0.969953008	0.3737734984
0.7697643744	0.2302356256	0.9702520212	0.3733895989
0.7707653554	0.2292346446	0.9705491583	0.373006459
0.7717663363	0.2282336637	0.9708444255	0.3726240766
0.7727673173	0.2272326827	0.9711378291	0.3722424495
0.7737682983	0.2262317017	0.9714293753	0.3718615757
0.7747692793	0.2252307207	0.9717190703	0.3714814528
0.7757702603	0.2242297397	0.9720069204	0.3711020789
0.7767712412	0.2232287588	0.9722929317	0.3707234518
0.7777722222	0.2222277778	0.9725771105	0.3703455693
0.7787732032	0.2212267968	0.9728594628	0.3699684295
0.7797741842	0.2202258158	0.9731399948	0.3695920302
0.7807751652	0.2192248348	0.9734187127	0.3692163692
0.7817761461	0.2182238539	0.9736956226	0.3688414446
0.7827771271	0.2172228729	0.9739707304	0.3684672542
0.7837781081	0.2162218919	0.9742440424	0.368093796
0.7847790891	0.2152209109	0.9745155645	0.3677210679
0.7857800701	0.2142199299	0.9747853028	0.3673490678
0.7867810511	0.2132189489	0.9750532633	0.3669777938
0.787782032	0.212217968	0.975319452	0.3666072438
0.788783013	0.211216987	0.9755838749	0.3662374157
0.789783994	0.210216006	0.9758465379	0.3658683076
0.790784975	0.209215025	0.976107447	0.3654999174
0.791785956	0.208214044	0.9763666081	0.3651322431
0.7927869369	0.2072130631	0.9766240271	0.3647652826
0.7937879179	0.2062120821	0.9768797099	0.3643990341
0.7947888989	0.2052111011	0.9771336624	0.3640334955
0.7957898799	0.2042101201	0.9773858905	0.3636686649
0.7967908609	0.2032091391	0.9776363999	0.3633045402
0.7977918418	0.2022081582	0.9778851965	0.3629411195
0.7987928228	0.2012071772	0.9781322861	0.3625784009
0.7997938038	0.2002061962	0.9783776745	0.3622163824
0.8007947848	0.1992052152	0.9786213674	0.3618550619
0.8017957658	0.1982042342	0.9788633707	0.3614944377
0.8027967467	0.1972032533	0.97910369	0.3611345078
0.8037977277	0.1962022723	0.9793423311	0.3607752702
0.8047987087	0.1952012913	0.9795792996	0.360416723
0.8057996897	0.1942003103	0.9798146012	0.3600588644
0.8068006707	0.1931993293	0.9800482417	0.3597016924
0.8078016517	0.1921983483	0.9802802267	0.359345205
0.8088026326	0.1911973674	0.9805105617	0.3589894005
0.8098036136	0.1901963864	0.9807392524	0.3586342769
0.8108045946	0.1891954054	0.9809663045	0.3582798324
0.8118055756	0.1881944244	0.9811917234	0.357926065
0.8128065566	0.1871934434	0.9814155148	0.357572973
0.8138075375	0.1861924625	0.9816376842	0.3572205544
0.8148085185	0.1851914815	0.9818582371	0.3568688075
0.8158094995	0.1841905005	0.982077179	0.3565177302
0.8168104805	0.1831895195	0.9822945155	0.3561673209
0.8178114615	0.1821885385	0.982510252	0.3558175777
0.8188124424	0.1811875576	0.9827243939	0.3554684988
0.8198134234	0.1801865766	0.9829369468	0.3551200823
0.8208144044	0.1791855956	0.9831479161	0.3547723264
0.8218153854	0.1781846146	0.9833573071	0.3544252293
0.8228163664	0.1771836336	0.9835651253	0.3540787892
0.8238173473	0.1761826527	0.983771376	0.3537330044
0.8248183283	0.1751816717	0.9839760646	0.3533878729
0.8258193093	0.1741806907	0.9841791965	0.3530433932
0.8268202903	0.1731797097	0.984380777	0.3526995633
0.8278212713	0.1721787287	0.9845808114	0.3523563814
0.8288222523	0.1711777477	0.984779305	0.352013846
0.8298232332	0.1701767668	0.984976263	0.3516719551
0.8308242142	0.1691757858	0.9851716908	0.351330707
0.8318251952	0.1681748048	0.9853655936	0.3509901
0.8328261762	0.1671738238	0.9855579766	0.3506501323
0.8338271572	0.1661728428	0.9857488451	0.3503108023
0.8348281381	0.1651718619	0.9859382042	0.3499721081
0.8358291191	0.1641708809	0.9861260591	0.349634048
0.8368301001	0.1631698999	0.986312415	0.3492966204
0.8378310811	0.1621689189	0.9864972771	0.3489598236
0.8388320621	0.1611679379	0.9866806505	0.3486236557
0.839833043	0.160166957	0.9868625402	0.3482881152
0.840834024	0.159165976	0.9870429515	0.3479532003
0.841835005	0.158164995	0.9872218894	0.3476189093
0.842835986	0.157164014	0.9873993589	0.3472852406
0.843836967	0.156163033	0.9875753651	0.3469521925
0.8448379479	0.1551620521	0.9877499132	0.3466197633
0.8458389289	0.1541610711	0.987923008	0.3462879514
0.8468399099	0.1531600901	0.9880946546	0.345956755
0.8478408909	0.1521591091	0.988264858	0.3456261726
0.8488418719	0.1511581281	0.9884336232	0.3452962025
0.8498428529	0.1501571471	0.9886009551	0.344966843
0.8508438338	0.1491561662	0.9887668587	0.3446380926
0.8518448148	0.1481551852	0.9889313389	0.3443099495
0.8528457958	0.1471542042	0.9890944006	0.3439824122
0.8538467768	0.1461532232	0.9892560488	0.3436554791
0.8548477578	0.1451522422	0.9894162883	0.3433291485
0.8558487387	0.1441512613	0.9895751239	0.3430034188
0.8568497197	0.1431502803	0.9897325606	0.3426782884
0.8578507007	0.1421492993	0.9898886032	0.3423537557
0.8588516817	0.1411483183	0.9900432565	0.3420298192
0.8598526627	0.1401473373	0.9901965253	0.3417064772
0.8608536436	0.1391463564	0.9903484144	0.3413837282
0.8618546246	0.1381453754	0.9904989286	0.3410615706
0.8628556056	0.1371443944	0.9906480726	0.3407400028
0.8638565866	0.1361434134	0.9907958512	0.3404190232
0.8648575676	0.1351424324	0.9909422691	0.3400986304
0.8658585485	0.1341414515	0.9910873311	0.3397788227
0.8668595295	0.1331404705	0.9912310419	0.3394595985
0.8678605105	0.1321394895	0.991373406	0.3391409565
0.8688614915	0.1311385085	0.9915144283	0.3388228949
0.8698624725	0.1301375275	0.9916541134	0.3385054123
0.8708634535	0.1291365465	0.9917924658	0.3381885071
0.8718644344	0.1281355656	0.9919294903	0.3378721779
0.8728654154	0.1271345846	0.9920651915	0.3375564231
0.8738663964	0.1261336036	0.9921995739	0.3372412412
0.8748673774	0.1251326226	0.9923326422	0.3369266307
0.8758683584	0.1241316416	0.9924644008	0.33661259
0.8768693393	0.1231306607	0.9925948545	0.3362991178
0.8778703203	0.1221296797	0.9927240076	0.3359862124
0.8788713013	0.1211286987	0.9928518648	0.3356738725
0.8798722823	0.1201277177	0.9929784305	0.3353620964
0.8808732633	0.1191267367	0.9931037093	0.3350508829
0.8818742442	0.1181257558	0.9932277056	0.3347402303
0.8828752252	0.1171247748	0.9933504239	0.3344301372
0.8838762062	0.1161237938	0.9934718687	0.3341206021
0.8848771872	0.1151228128	0.9935920443	0.3338116237
0.8858781682	0.1141218318	0.9937109553	0.3335032003
0.8868791491	0.1131208509	0.993828606	0.3331953307
0.8878801301	0.1121198699	0.9939450008	0.3328880133
0.8888811111	0.1111188889	0.9940601441	0.3325812467
0.8898820921	0.1101179079	0.9941740404	0.3322750295
0.8908830731	0.1091169269	0.9942866939	0.3319693602
0.8918840541	0.1081159459	0.9943981089	0.3316642375
0.892885035	0.107114965	0.9945082899	0.3313596598
0.893886016	0.106113984	0.9946172411	0.3310556258
0.894886997	0.105113003	0.9947249668	0.3307521341
0.895887978	0.104112022	0.9948314713	0.3304491833
0.896888959	0.103111041	0.994936759	0.330146772
0.8978899399	0.1021100601	0.9950408339	0.3298448987
0.8988909209	0.1011090791	0.9951437005	0.3295435621
0.8998919019	0.1001080981	0.9952453628	0.3292427608
0.9008928829	0.09910711712	0.9953458253	0.3289424934
0.9018938639	0.09810613614	0.9954450919	0.3286427586
0.9028948448	0.09710515516	0.995543167	0.3283435549
0.9038958258	0.09610417417	0.9956400547	0.328044881
0.9048968068	0.09510319319	0.9957357592	0.3277467356
0.9058977878	0.09410221221	0.9958302846	0.3274491172
0.9068987688	0.09310123123	0.995923635	0.3271520245
0.9078997497	0.09210025025	0.9960158147	0.3268554563
0.9089007307	0.09109926927	0.9961068276	0.326559411
0.9099017117	0.09009828829	0.996196678	0.3262638874
0.9109026927	0.08909730731	0.9962853698	0.3259688842
0.9119036737	0.08809632633	0.9963729071	0.3256743999
0.9129046547	0.08709534535	0.9964592941	0.3253804334
0.9139056356	0.08609436436	0.9965445347	0.3250869832
0.9149066166	0.08509338338	0.996628633	0.3247940481
0.9159075976	0.0840924024	0.996711593	0.3245016267
0.9169085786	0.08309142142	0.9967934186	0.3242097177
0.9179095596	0.08209044044	0.996874114	0.3239183198
0.9189105405	0.08108945946	0.9969536831	0.3236274317
0.9199115215	0.08008847848	0.9970321297	0.3233370521
0.9209125025	0.0790874975	0.997109458	0.3230471797
0.9219134835	0.07808651652	0.9971856718	0.3227578133
0.9229144645	0.07708553554	0.9972607751	0.3224689515
0.9239154454	0.07608455455	0.9973347717	0.3221805931
0.9249164264	0.07508357357	0.9974076656	0.3218927367
0.9259174074	0.07408259259	0.9974794606	0.3216053812
0.9269183884	0.07308161161	0.9975501607	0.3213185251
0.9279193694	0.07208063063	0.9976197697	0.3210321674
0.9289203504	0.07107964965	0.9976882915	0.3207463067
0.9299213313	0.07007866867	0.9977557298	0.3204609417
0.9309223123	0.06907768769	0.9978220886	0.3201760713
0.9319232933	0.06807670671	0.9978873716	0.3198916941
0.9329242743	0.06707572573	0.9979515826	0.3196078089
0.9339252553	0.06607474474	0.9980147255	0.3193244145
0.9349262362	0.06507376376	0.998076804	0.3190415097
0.9359272172	0.06407278278	0.9981378218	0.3187590931
0.9369281982	0.0630718018	0.9981977827	0.3184771636
0.9379291792	0.06207082082	0.9982566905	0.31819572
0.9389301602	0.06106983984	0.9983145489	0.317914761
0.9399311411	0.06006885886	0.9983713615	0.3176342855
0.9409321221	0.05906787788	0.9984271322	0.3173542921
0.9419331031	0.0580668969	0.9984818645	0.3170747798
0.9429340841	0.05706591592	0.9985355622	0.3167957472
0.9439350651	0.05606493493	0.998588229	0.3165171932
0.944936046	0.05506395395	0.9986398684	0.3162391167
0.945937027	0.05406297297	0.9986904842	0.3159615163
0.946938008	0.05306199199	0.99874008	0.315684391
0.947938989	0.05206101101	0.9987886593	0.3154077395
0.94893997	0.05106003003	0.9988362258	0.3151315606
0.949940951	0.05005904905	0.9988827831	0.3148558532
0.9509419319	0.04905806807	0.9989283348	0.3145806161
0.9519429129	0.04805708709	0.9989728844	0.3143058481
0.9529438939	0.04705610611	0.9990164355	0.3140315481
0.9539448749	0.04605512513	0.9990589916	0.313757715
0.9549458559	0.04505414414	0.9991005564	0.3134843474
0.9559468368	0.04405316316	0.9991411332	0.3132114443
0.9569478178	0.04305218218	0.9991807257	0.3129390046
0.9579487988	0.0420512012	0.9992193373	0.3126670271
0.9589497798	0.04105022022	0.9992569715	0.3123955106
0.9599507608	0.04004923924	0.9992936318	0.312124454
0.9609517417	0.03904825826	0.9993293217	0.3118538561
0.9619527227	0.03804727728	0.9993640445	0.3115837159
0.9629537037	0.0370462963	0.9993978039	0.3113140323
0.9639546847	0.03604531532	0.9994306031	0.311044804
0.9649556657	0.03504433433	0.9994624457	0.3107760299
0.9659566466	0.03404335335	0.999493335	0.310507709
0.9669576276	0.03304237237	0.9995232744	0.3102398401
0.9679586086	0.03204139139	0.9995522673	0.3099724221
0.9689595896	0.03104041041	0.9995803171	0.309705454
0.9699605706	0.03003942943	0.9996074272	0.3094389345
0.9709615516	0.02903844845	0.9996336009	0.3091728626
0.9719625325	0.02803746747	0.9996588416	0.3089072373
0.9729635135	0.02703648649	0.9996831525	0.3086420573
0.9739644945	0.02603550551	0.9997065371	0.3083773217
0.9749654755	0.02503452452	0.9997289985	0.3081130292
0.9759664565	0.02403354354	0.9997505403	0.307849179
0.9769674374	0.02303256256	0.9997711655	0.3075857698
0.9779684184	0.02203158158	0.9997908775	0.3073228005
0.9789693994	0.0210306006	0.9998096796	0.3070602702
0.9799703804	0.02002961962	0.9998275749	0.3067981778
0.9809713614	0.01902863864	0.9998445669	0.3065365221
0.9819723423	0.01802765766	0.9998606586	0.3062753022
0.9829733233	0.01702667668	0.9998758534	0.3060145169
0.9839743043	0.0160256957	0.9998901544	0.3057541652
0.9849752853	0.01502471471	0.9999035648	0.305494246
0.9859762663	0.01402373373	0.9999160879	0.3052347583
0.9869772472	0.01302275275	0.9999277268	0.3049757011
0.9879782282	0.01202177177	0.9999384846	0.3047170733
0.9889792092	0.01102079079	0.9999483646	0.3044588739
0.9899801902	0.01001980981	0.9999573699	0.3042011017
0.9909811712	0.009018828829	0.9999655037	0.3039437559
0.9919821522	0.008017847848	0.999972769	0.3036868354
0.9929831331	0.007016866867	0.999979169	0.3034303391
0.9939841141	0.006015885886	0.9999847068	0.3031742659
0.9949850951	0.005014904905	0.9999893854	0.302918615
0.9959860761	0.004013923924	0.9999932081	0.3026633853
0.9969870571	0.003012942943	0.9999961778	0.3024085757
0.997988038	0.002011961962	0.9999982977	0.3021541853
0.998989019	0.001010980981	0.9999995707	0.301900213
0.99999	1e-05	1	0.3016466578
