1e-05	0.99999	2.658775505	1.00000001
0.001010980981	0.998989019	2.185002106	1.000099224
0.002011961962	0.997988038	1.817415045	1.00037717
0.003012942943	0.9969870571	1.528745682	1.000812201
0.004013923924	0.9959860761	1.299482014	1.001384874
0.005014904905	0.9949850951	1.115474944	1.002077698
0.006015885886	0.9939841141	0.9663349581	1.00287492
0.007016866867	0.9929831331	0.8443427362	1.003762332
0.008017847848	0.9919821522	0.7436988848	1.00472711
0.009018828829	0.9909811712	0.6600005908	1.005757665
0.01001980981	0.9899801902	0.5898721315	1.006843521
0.01102079079	0.9889792092	0.5307010139	1.0079752
0.01202177177	0.9879782282	0.480447495	1.009144119
0.01302275275	0.9869772472	0.4375056597	1.010342512
0.01402373373	0.9859762663	0.4006011067	1.01156334
0.01502471471	0.9849752853	0.3687148966	1.012800232
0.0160256957	0.9839743043	0.3410265212	1.014047415
0.01702667668	0.9829733233	0.3168707761	1.015299663
0.01802765766	0.9819723423	0.2957048861	1.016552248
0.01902863864	0.9809713614	0.2770832555	1.017800889
0.02002961962	0.9799703804	0.2606379314	1.019041719
0.0210306006	0.9789693994	0.2460633848	1.020271245
0.02203158158	0.9779684184	0.2331045734	1.021486317
0.02303256256	0.9769674374	0.2215475224	1.022684095
0.02403354354	0.9759664565	0.2112118434	1.023862028
0.02503452452	0.9749654755	0.2019447607	1.025017822
0.02603550551	0.9739644945	0.1936163137	1.026149426
0.02703648649	0.9729635135	0.1861154823	1.027255007
0.02803746747	0.9719625325	0.1793470439	1.028332931
0.02903844845	0.9709615516	0.1732290088	1.02938175
0.03003942943	0.9699605706	0.1676905194	1.030400185
0.03104041041	0.9689595896	0.162670121	1.03138711
0.03204139139	0.9679586086	0.1581143315	1.032341542
0.03304237237	0.9669576276	0.1539764549	1.03326263
0.03404335335	0.9659566466	0.1502155917	1.034149641
0.03504433433	0.9649556657	0.1467958107	1.035001951
0.03604531532	0.9639546847	0.1436854533	1.03581904
0.0370462963	0.9629537037	0.1408565477	1.036600477
0.03804727728	0.9619527227	0.1382843123	1.03734592
0.03904825826	0.9609517417	0.1359467348	1.038055101
0.04004923924	0.9599507608	0.1338242138	1.038727827
0.04105022022	0.9589497798	0.1318992522	1.039363967
0.0420512012	0.9579487988	0.1301561949	1.039963453
0.04305218218	0.9569478178	0.1285810031	1.04052627
0.04405316316	0.9559468368	0.12716106	1.041052456
0.04505414414	0.9549458559	0.1258850025	1.041542092
0.04605512513	0.9539448749	0.1247425761	1.041995302
0.04705610611	0.9529438939	0.123724508	1.042412249
0.04805708709	0.9519429129	0.1228223971	1.042793131
0.04905806807	0.9509419319	0.1220286178	1.043138176
0.05005904905	0.949940951	0.1213362358	1.043447643
0.05106003003	0.94893997	0.1207389346	1.043721817
0.05206101101	0.947938989	0.1202309499	1.043961004
0.05306199199	0.946938008	0.1198070134	1.044165535
0.05406297297	0.945937027	0.1194623016	1.044335757
0.05506395395	0.944936046	0.1191923916	1.044472036
0.05606493493	0.9439350651	0.1189932211	1.044574754
0.05706591592	0.9429340841	0.118861054	1.044644305
0.0580668969	0.9419331031	0.1187924485	1.044681096
0.05906787788	0.9409321221	0.1187842295	1.044685544
0.06006885886	0.9399311411	0.118833464	1.044658076
0.06106983984	0.9389301602	0.1189374385	1.044599127
0.06207082082	0.9379291792	0.1190936392	1.044509139
0.0630718018	0.9369281982	0.1192997344	1.044388559
0.06407278278	0.9359272172	0.1195535581	1.044237841
0.06507376376	0.9349262362	0.119853096	1.044057439
0.06607474474	0.9339252553	0.1201964718	1.043847815
0.06707572573	0.9329242743	0.1205819362	1.04360943
0.06807670671	0.9319232933	0.121007856	1.043342747
0.06907768769	0.9309223123	0.1214727043	1.043048232
0.07007866867	0.9299213313	0.1219750521	1.042726348
0.07107964965	0.9289203504	0.1225135603	1.042377561
0.07208063063	0.9279193694	0.1230869725	1.042002334
0.07308161161	0.9269183884	0.1236941083	1.04160113
0.07408259259	0.9259174074	0.124333858	1.04117441
0.07508357357	0.9249164264	0.1250051762	1.040722634
0.07608455455	0.9239154454	0.1257070779	1.040246258
0.07708553554	0.9229144645	0.1264386331	1.039745735
0.07808651652	0.9219134835	0.1271989633	1.039221518
0.0790874975	0.9209125025	0.1279872374	1.038674053
0.08008847848	0.9199115215	0.1288026683	1.038103784
0.08108945946	0.9189105405	0.1296445097	1.037511152
0.08209044044	0.9179095596	0.1305120533	1.036896592
0.08309142142	0.9169085786	0.131404626	1.036260538
0.0840924024	0.9159075976	0.1323215874	1.035603417
0.08509338338	0.9149066166	0.1332623276	1.034925651
0.08609436436	0.9139056356	0.1342262653	1.03422766
0.08709534535	0.9129046547	0.1352128453	1.033509857
0.08809632633	0.9119036737	0.1362215375	1.032772651
0.08909730731	0.9109026927	0.1372518344	1.032016447
0.09009828829	0.9099017117	0.1383032505	1.031241643
0.09109926927	0.9089007307	0.1393753199	1.030448634
0.09210025025	0.9078997497	0.140467596	1.029637807
0.09310123123	0.9068987688	0.1415796495	1.028809548
0.09410221221	0.9058977878	0.1427110675	1.027964233
0.09510319319	0.9048968068	0.1438614529	1.027102237
0.09610417417	0.9038958258	0.1450304227	1.026223927
0.09710515516	0.9028948448	0.1462176078	1.025329666
0.09810613614	0.9018938639	0.1474226516	1.024419811
0.09910711712	0.9008928829	0.1486452097	1.023494715
0.1001080981	0.8998919019	0.1498849489	1.022554723
0.1011090791	0.8988909209	0.1511415464	1.021600178
0.1021100601	0.8978899399	0.1524146897	1.020631415
0.103111041	0.896888959	0.1537040754	1.019648766
0.104112022	0.895887978	0.1550094092	1.018652557
0.105113003	0.894886997	0.156330405	1.017643108
0.106113984	0.893886016	0.1576667845	1.016620734
0.107114965	0.892885035	0.1590182771	1.015585747
0.1081159459	0.8918840541	0.160384619	1.01453845
0.1091169269	0.8908830731	0.1617655532	1.013479145
0.1101179079	0.8898820921	0.1631608288	1.012408127
0.1111188889	0.8888811111	0.1645702009	1.011325686
0.1121198699	0.8878801301	0.1659934305	1.010232107
0.1131208509	0.8868791491	0.1674302837	1.009127672
0.1141218318	0.8858781682	0.1688805316	1.008012655
0.1151228128	0.8848771872	0.1703439504	1.006887328
0.1161237938	0.8838762062	0.1718203206	1.005751957
0.1171247748	0.8828752252	0.1733094272	1.004606804
0.1181257558	0.8818742442	0.1748110593	1.003452126
0.1191267367	0.8808732633	0.17632501	1.002288176
0.1201277177	0.8798722823	0.1778510762	1.001115201
0.1211286987	0.8788713013	0.1793890581	0.9999334451
0.1221296797	0.8778703203	0.1809387597	0.998743148
0.1231306607	0.8768693393	0.182499988	0.9975445445
0.1241316416	0.8758683584	0.1840725533	0.9963378654
0.1251326226	0.8748673774	0.1856562688	0.9951233372
0.1261336036	0.8738663964	0.1872509507	0.9939011825
0.1271345846	0.8728654154	0.1888564176	0.9926716195
0.1281355656	0.8718644344	0.1904724912	0.9914348627
0.1291365465	0.8708634535	0.1920989954	0.9901911226
0.1301375275	0.8698624725	0.1937357567	0.9889406056
0.1311385085	0.8688614915	0.1953826039	0.9876835145
0.1321394895	0.8678605105	0.197039368	0.9864200483
0.1331404705	0.8668595295	0.1987058824	0.985150402
0.1341414515	0.8658585485	0.2003819822	0.9838747673
0.1351424324	0.8648575676	0.202067505	0.9825933322
0.1361434134	0.8638565866	0.20376229	0.9813062809
0.1371443944	0.8628556056	0.2054661785	0.9800137946
0.1381453754	0.8618546246	0.2071790135	0.9787160505
0.1391463564	0.8608536436	0.2089006399	0.9774132229
0.1401473373	0.8598526627	0.2106309042	0.9761054825
0.1411483183	0.8588516817	0.2123696548	0.9747929968
0.1421492993	0.8578507007	0.2141167415	0.9734759301
0.1431502803	0.8568497197	0.2158720158	0.9721544435
0.1441512613	0.8558487387	0.2176353308	0.9708286951
0.1451522422	0.8548477578	0.219406541	0.9694988397
0.1461532232	0.8538467768	0.2211855024	0.9681650295
0.1471542042	0.8528457958	0.2229720725	0.9668274132
0.1481551852	0.8518448148	0.2247661102	0.9654861371
0.1491561662	0.8508438338	0.2265674757	0.9641413443
0.1501571471	0.8498428529	0.2283760307	0.9627931754
0.1511581281	0.8488418719	0.230191638	0.9614417679
0.1521591091	0.8478408909	0.2320141618	0.9600872568
0.1531600901	0.8468399099	0.2338434676	0.9587297744
0.1541610711	0.8458389289	0.2356794223	0.9573694504
0.1551620521	0.8448379479	0.2375218936	0.9560064119
0.156163033	0.843836967	0.2393707509	0.9546407834
0.157164014	0.842835986	0.2412258644	0.9532726871
0.158164995	0.841835005	0.2430871057	0.9519022427
0.159165976	0.840834024	0.2449543475	0.9505295673
0.160166957	0.839833043	0.2468274635	0.9491547758
0.1611679379	0.8388320621	0.2487063288	0.947777981
0.1621689189	0.8378310811	0.2505908193	0.9463992931
0.1631698999	0.8368301001	0.2524808123	0.9450188202
0.1641708809	0.8358291191	0.2543761858	0.9436366682
0.1651718619	0.8348281381	0.2562768193	0.942252941
0.1661728428	0.8338271572	0.2581825931	0.9408677401
0.1671738238	0.8328261762	0.2600933886	0.9394811651
0.1681748048	0.8318251952	0.2620090881	0.9380933136
0.1691757858	0.8308242142	0.2639295752	0.9367042812
0.1701767668	0.8298232332	0.2658547344	0.9353141614
0.1711777477	0.8288222523	0.267784451	0.9339230459
0.1721787287	0.8278212713	0.2697186116	0.9325310244
0.1731797097	0.8268202903	0.2716571037	0.931138185
0.1741806907	0.8258193093	0.2735998157	0.9297446136
0.1751816717	0.8248183283	0.2755466371	0.9283503946
0.1761826527	0.8238173473	0.2774974582	0.9269556106
0.1771836336	0.8228163664	0.2794521703	0.9255603423
0.1781846146	0.8218153854	0.2814106659	0.924164669
0.1791855956	0.8208144044	0.2833728382	0.9227686681
0.1801865766	0.8198134234	0.2853385813	0.9213724154
0.1811875576	0.8188124424	0.2873077905	0.9199759852
0.1821885385	0.8178114615	0.2892803617	0.9185794502
0.1831895195	0.8168104805	0.291256192	0.9171828815
0.1841905005	0.8158094995	0.2932351793	0.9157863488
0.1851914815	0.8148085185	0.2952172224	0.9143899202
0.1861924625	0.8138075375	0.2972022211	0.9129936623
0.1871934434	0.8128065566	0.299190076	0.9115976405
0.1881944244	0.8118055756	0.3011806886	0.9102019186
0.1891954054	0.8108045946	0.3031739613	0.9088065591
0.1901963864	0.8098036136	0.3051697976	0.9074116231
0.1911973674	0.8088026326	0.3071681016	0.9060171704
0.1921983483	0.8078016517	0.3091687784	0.9046232596
0.1931993293	0.8068006707	0.3111717339	0.9032299477
0.1942003103	0.8057996897	0.3131768751	0.901837291
0.1952012913	0.8047987087	0.3151841095	0.9004453439
0.1962022723	0.8037977277	0.3171933459	0.8990541602
0.1972032533	0.8027967467	0.3192044936	0.8976637922
0.1982042342	0.8017957658	0.3212174629	0.8962742911
0.1992052152	0.8007947848	0.323232165	0.8948857069
0.2002061962	0.7997938038	0.3252485117	0.8934980885
0.2012071772	0.7987928228	0.3272664161	0.8921114839
0.2022081582	0.7977918418	0.3292857917	0.8907259398
0.2032091391	0.7967908609	0.331306553	0.8893415018
0.2042101201	0.7957898799	0.3333286154	0.8879582148
0.2052111011	0.7947888989	0.335351895	0.8865761222
0.2062120821	0.7937879179	0.3373763089	0.8851952669
0.2072130631	0.7927869369	0.3394017747	0.8838156905
0.208214044	0.791785956	0.3414282112	0.8824374337
0.209215025	0.790784975	0.3434555378	0.8810605363
0.210216006	0.789783994	0.3454836748	0.8796850372
0.211216987	0.788783013	0.347512543	0.8783109743
0.212217968	0.787782032	0.3495420645	0.8769383847
0.2132189489	0.7867810511	0.3515721618	0.8755673046
0.2142199299	0.7857800701	0.3536027584	0.8741977694
0.2152209109	0.7847790891	0.3556337785	0.8728298134
0.2162218919	0.7837781081	0.3576651471	0.8714634705
0.2172228729	0.7827771271	0.3596967899	0.8700987735
0.2182238539	0.7817761461	0.3617286336	0.8687357544
0.2192248348	0.7807751652	0.3637606055	0.8673744446
0.2202258158	0.7797741842	0.3657926336	0.8660148746
0.2212267968	0.7787732032	0.3678246468	0.8646570742
0.2222277778	0.7777722222	0.3698565747	0.8633010725
0.2232287588	0.7767712412	0.3718883478	0.8619468978
0.2242297397	0.7757702603	0.373919897	0.8605945777
0.2252307207	0.7747692793	0.3759511544	0.8592441391
0.2262317017	0.7737682983	0.3779820526	0.8578956084
0.2272326827	0.7727673173	0.3800125247	0.8565490112
0.2282336637	0.7717663363	0.3820425051	0.8552043723
0.2292346446	0.7707653554	0.3840719284	0.8538617161
0.2302356256	0.7697643744	0.3861007303	0.8525210662
0.2312366066	0.7687633934	0.388128847	0.8511824458
0.2322375876	0.7677624124	0.3901562154	0.8498458772
0.2332385686	0.7667614314	0.3921827733	0.8485113823
0.2342395495	0.7657604505	0.3942084592	0.8471789824
0.2352405305	0.7647594695	0.396233212	0.8458486982
0.2362415115	0.7637584885	0.3982569716	0.8445205499
0.2372424925	0.7627575075	0.4002796786	0.8431945571
0.2382434735	0.7617565265	0.4023012741	0.8418707387
0.2392444545	0.7607555455	0.4043217	0.8405491134
0.2402454354	0.7597545646	0.4063408989	0.8392296992
0.2412464164	0.7587535836	0.4083588141	0.8379125135
0.2422473974	0.7577526026	0.4103753894	0.8365975734
0.2432483784	0.7567516216	0.4123905695	0.8352848955
0.2442493594	0.7557506406	0.4144042996	0.8339744957
0.2452503403	0.7547496597	0.4164165258	0.8326663896
0.2462513213	0.7537486787	0.4184271944	0.8313605923
0.2472523023	0.7527476977	0.4204362528	0.8300571185
0.2482532833	0.7517467167	0.4224436489	0.8287559825
0.2492542643	0.7507457357	0.4244493312	0.8274571979
0.2502552452	0.7497447548	0.4264532488	0.8261607783
0.2512562262	0.7487437738	0.4284553517	0.8248667364
0.2522572072	0.7477427928	0.4304555901	0.8235750848
0.2532581882	0.7467418118	0.4324539151	0.8222858358
0.2542591692	0.7457408308	0.4344502785	0.8209990009
0.2552601502	0.7447398498	0.4364446325	0.8197145916
0.2562611311	0.7437388689	0.4384369301	0.8184326188
0.2572621121	0.7427378879	0.4404271248	0.8171530932
0.2582630931	0.7417369069	0.4424151706	0.815876025
0.2592640741	0.7407359259	0.4444010224	0.814601424
0.2602650551	0.7397349449	0.4463846354	0.8133292998
0.261266036	0.738733964	0.4483659655	0.8120596616
0.262267017	0.737732983	0.4503449693	0.8107925182
0.263267998	0.736732002	0.4523216038	0.8095278782
0.264268979	0.735731021	0.4542958267	0.8082657497
0.26526996	0.73473004	0.4562675962	0.8070061407
0.2662709409	0.7337290591	0.4582368711	0.8057490587
0.2672719219	0.7327280781	0.4602036107	0.8044945111
0.2682729029	0.7317270971	0.4621677751	0.8032425047
0.2692738839	0.7307261161	0.4641293246	0.8019930462
0.2702748649	0.7297251351	0.4660882203	0.8007461421
0.2712758458	0.7287241542	0.4680444238	0.7995017985
0.2722768268	0.7277231732	0.4699978972	0.7982600212
0.2732778078	0.7267221922	0.4719486031	0.7970208157
0.2742787888	0.7257212112	0.4738965047	0.7957841874
0.2752797698	0.7247202302	0.4758415658	0.7945501414
0.2762807508	0.7237192492	0.4777837506	0.7933186824
0.2772817317	0.7227182683	0.4797230238	0.7920898149
0.2782827127	0.7217172873	0.4816593507	0.7908635433
0.2792836937	0.7207163063	0.4835926972	0.7896398716
0.2802846747	0.7197153253	0.4855230295	0.7884188037
0.2812856557	0.7187143443	0.4874503144	0.7872003431
0.2822866366	0.7177133634	0.4893745192	0.7859844932
0.2832876176	0.7167123824	0.4912956117	0.7847712573
0.2842885986	0.7157114014	0.4932135603	0.7835606381
0.2852895796	0.7147104204	0.4951283335	0.7823526385
0.2862905606	0.7137094394	0.4970399009	0.7811472609
0.2872915415	0.7127084585	0.4989482319	0.7799445077
0.2882925225	0.7117074775	0.5008532969	0.778744381
0.2892935035	0.7107064965	0.5027550666	0.7775468828
0.2902944845	0.7097055155	0.504653512	0.7763520147
0.2912954655	0.7087045345	0.5065486048	0.7751597782
0.2922964464	0.7077035536	0.508440317	0.7739701749
0.2932974274	0.7067025726	0.5103286211	0.7727832058
0.2942984084	0.7057015916	0.5122134902	0.7715988719
0.2952993894	0.7047006106	0.5140948975	0.7704171742
0.2963003704	0.7036996296	0.515972817	0.7692381132
0.2973013514	0.7026986486	0.5178472229	0.7680616895
0.2983023323	0.7016976677	0.5197180899	0.7668879033
0.2993033133	0.7006966867	0.5215853932	0.765716755
0.3003042943	0.6996957057	0.5234491084	0.7645482445
0.3013052753	0.6986947247	0.5253092113	0.7633823718
0.3023062563	0.6976937437	0.5271656785	0.7622191364
0.3033072372	0.6966927628	0.5290184868	0.7610585381
0.3043082182	0.6956917818	0.5308676133	0.7599005763
0.3053091992	0.6946908008	0.5327130357	0.7587452502
0.3063101802	0.6936898198	0.534554732	0.7575925591
0.3073111612	0.6926888388	0.5363926807	0.7564425019
0.3083121421	0.6916878579	0.5382268605	0.7552950777
0.3093131231	0.6906868769	0.5400572508	0.7541502851
0.3103141041	0.6896858959	0.541883831	0.7530081229
0.3113150851	0.6886849149	0.5437065812	0.7518685895
0.3123160661	0.6876839339	0.5455254817	0.7507316834
0.313317047	0.686682953	0.5473405132	0.7495974029
0.314318028	0.685681972	0.5491516569	0.7484657461
0.315319009	0.684680991	0.5509588942	0.7473367111
0.31631999	0.68368001	0.552762207	0.746210296
0.317320971	0.682679029	0.5545615774	0.7450864984
0.318321952	0.681678048	0.556356988	0.7439653163
0.3193229329	0.6806770671	0.5581484217	0.7428467472
0.3203239139	0.6796760861	0.5599358617	0.7417307887
0.3213248949	0.6786751051	0.5617192916	0.7406174383
0.3223258759	0.6776741241	0.5634986955	0.7395066932
0.3233268569	0.6766731431	0.5652740575	0.7383985508
0.3243278378	0.6756721622	0.5670453622	0.7372930083
0.3253288188	0.6746711812	0.5688125946	0.7361900627
0.3263297998	0.6736702002	0.57057574	0.7350897109
0.3273307808	0.6726692192	0.572334784	0.7339919501
0.3283317618	0.6716682382	0.5740897125	0.7328967768
0.3293327427	0.6706672573	0.5758405117	0.731804188
0.3303337237	0.6696662763	0.5775871682	0.7307141802
0.3313347047	0.6686652953	0.5793296688	0.7296267501
0.3323356857	0.6676643143	0.5810680007	0.7285418942
0.3333366667	0.6666633333	0.5828021514	0.7274596089
0.3343376476	0.6656623524	0.5845321086	0.7263798905
0.3353386286	0.6646613714	0.5862578605	0.7253027355
0.3363396096	0.6636603904	0.5879793953	0.72422814
0.3373405906	0.6626594094	0.5896967018	0.7231561001
0.3383415716	0.6616584284	0.591409769	0.7220866121
0.3393425526	0.6606574474	0.5931185859	0.7210196718
0.3403435335	0.6596564665	0.5948231423	0.7199552753
0.3413445145	0.6586554855	0.5965234278	0.7188934186
0.3423454955	0.6576545045	0.5982194325	0.7178340973
0.3433464765	0.6566535235	0.5999111468	0.7167773075
0.3443474575	0.6556525425	0.6015985613	0.7157230447
0.3453484384	0.6546515616	0.6032816669	0.7146713046
0.3463494194	0.6536505806	0.6049604547	0.713622083
0.3473504004	0.6526495996	0.6066349162	0.7125753754
0.3483513814	0.6516486186	0.608305043	0.7115311772
0.3493523624	0.6506476376	0.609970827	0.7104894841
0.3503533433	0.6496466567	0.6116322604	0.7094502914
0.3513543243	0.6486456757	0.6132893357	0.7084135945
0.3523553053	0.6476446947	0.6149420456	0.7073793887
0.3533562863	0.6466437137	0.6165903828	0.7063476694
0.3543572673	0.6456427327	0.6182343407	0.7053184317
0.3553582482	0.6446417518	0.6198739125	0.704291671
0.3563592292	0.6436407708	0.6215090921	0.7032673824
0.3573602102	0.6426397898	0.6231398731	0.7022455609
0.3583611912	0.6416388088	0.6247662497	0.7012262018
0.3593621722	0.6406378278	0.6263882162	0.7002093
0.3603631532	0.6396368468	0.6280057673	0.6991948506
0.3613641341	0.6386358659	0.6296188976	0.6981828485
0.3623651151	0.6376348849	0.6312276021	0.6971732888
0.3633660961	0.6366339039	0.6328318762	0.6961661663
0.3643670771	0.6356329229	0.6344317151	0.6951614759
0.3653680581	0.6346319419	0.6360271146	0.6941592124
0.366369039	0.633630961	0.6376180704	0.6931593707
0.36737002	0.63262998	0.6392045787	0.6921619457
0.368371001	0.631628999	0.6407866358	0.6911669319
0.369371982	0.630628018	0.6423642379	0.6901743243
0.370372963	0.629627037	0.643937382	0.6891841174
0.3713739439	0.6286260561	0.6455060647	0.688196306
0.3723749249	0.6276250751	0.6470702832	0.6872108848
0.3733759059	0.6266240941	0.6486300346	0.6862278483
0.3743768869	0.6256231131	0.6501853166	0.6852471913
0.3753778679	0.6246221321	0.6517361266	0.6842689082
0.3763788488	0.6236211512	0.6532824624	0.6832929937
0.3773798298	0.6226201702	0.6548243222	0.6823194423
0.3783808108	0.6216191892	0.656361704	0.6813482486
0.3793817918	0.6206182082	0.6578946063	0.680379407
0.3803827728	0.6196172272	0.6594230275	0.679412912
0.3813837538	0.6186162462	0.6609469663	0.6784487582
0.3823847347	0.6176152653	0.6624664217	0.6774869399
0.3833857157	0.6166142843	0.6639813927	0.6765274517
0.3843866967	0.6156133033	0.6654918786	0.6755702879
0.3853876777	0.6146123223	0.6669978786	0.6746154429
0.3863886587	0.6136113413	0.6684993923	0.6736629113
0.3873896396	0.6126103604	0.6699964196	0.6727126872
0.3883906206	0.6116093794	0.6714889601	0.6717647652
0.3893916016	0.6106083984	0.672977014	0.6708191395
0.3903925826	0.6096074174	0.6744605815	0.6698758045
0.3913935636	0.6086064364	0.6759396628	0.6689347546
0.3923945445	0.6076054555	0.6774142585	0.667995984
0.3933955255	0.6066044745	0.6788843692	0.6670594871
0.3943965065	0.6056034935	0.6803499957	0.6661252582
0.3953974875	0.6046025125	0.681811139	0.6651932915
0.3963984685	0.6036015315	0.6832678	0.6642635815
0.3973994494	0.6026005506	0.68471998	0.6633361222
0.3984004304	0.6015995696	0.6861676804	0.6624109081
0.3994014114	0.6005985886	0.6876109027	0.6614879334
0.4004023924	0.5995976076	0.6890496485	0.6605671923
0.4014033734	0.5985966266	0.6904839195	0.659648679
0.4024043544	0.5975956456	0.6919137177	0.658732388
0.4034053353	0.5965946647	0.6933390451	0.6578183132
0.4044063163	0.5955936837	0.6947599039	0.6569064491
0.4054072973	0.5945927027	0.6961762963	0.6559967899
0.4064082783	0.5935917217	0.6975882248	0.6550893297
0.4074092593	0.5925907407	0.6989956918	0.6541840628
0.4084102402	0.5915897598	0.7003987001	0.6532809834
0.4094112212	0.5905887788	0.7017972524	0.6523800858
0.4104122022	0.5895877978	0.7031913516	0.6514813641
0.4114131832	0.5885868168	0.7045810008	0.6505848126
0.4124141642	0.5875858358	0.705966203	0.6496904255
0.4134151451	0.5865848549	0.7073469615	0.648798197
0.4144161261	0.5855838739	0.7087232797	0.6479081213
0.4154171071	0.5845828929	0.7100951611	0.6470201927
0.4164180881	0.5835819119	0.7114626091	0.6461344053
0.4174190691	0.5825809309	0.7128256275	0.6452507534
0.4184200501	0.5815799499	0.7141842201	0.6443692312
0.419421031	0.580578969	0.7155383908	0.6434898328
0.420422012	0.579577988	0.7168881435	0.6426125526
0.421422993	0.578577007	0.7182334825	0.6417373847
0.422423974	0.577576026	0.7195744117	0.6408643234
0.423424955	0.576575045	0.7209109357	0.6399933629
0.4244259359	0.5755740641	0.7222430587	0.6391244974
0.4254269169	0.5745730831	0.7235707852	0.6382577211
0.4264278979	0.5735721021	0.7248941199	0.6373930284
0.4274288789	0.5725711211	0.7262130674	0.6365304133
0.4284298599	0.5715701401	0.7275276324	0.6356698703
0.4294308408	0.5705691592	0.7288378199	0.6348113934
0.4304318218	0.5695681782	0.7301436347	0.633954977
0.4314328028	0.5685671972	0.731445082	0.6331006154
0.4324337838	0.5675662162	0.7327421668	0.6322483027
0.4334347648	0.5665652352	0.7340348944	0.6313980333
0.4344357457	0.5655642543	0.7353232699	0.6305498014
0.4354367267	0.5645632733	0.7366072989	0.6297036013
0.4364377077	0.5635622923	0.7378869867	0.6288594273
0.4374386887	0.5625613113	0.7391623389	0.6280172737
0.4384396697	0.5615603303	0.7404333611	0.6271771348
0.4394406507	0.5605593493	0.741700059	0.6263390049
0.4404416316	0.5595583684	0.7429624382	0.6255028783
0.4414426126	0.5585573874	0.7442205048	0.6246687492
0.4424435936	0.5575564064	0.7454742646	0.6238366122
0.4434445746	0.5565554254	0.7467237235	0.6230064614
0.4444455556	0.5555544444	0.7479688876	0.6221782912
0.4454465365	0.5545534635	0.7492097631	0.621352096
0.4464475175	0.5535524825	0.7504463561	0.6205278701
0.4474484985	0.5525515015	0.7516786728	0.6197056079
0.4484494795	0.5515505205	0.7529067198	0.6188853037
0.4494504605	0.5505495395	0.7541305032	0.618066952
0.4504514414	0.5495485586	0.7553500296	0.6172505472
0.4514524224	0.5485475776	0.7565653054	0.6164360835
0.4524534034	0.5475465966	0.7577763374	0.6156235555
0.4534543844	0.5465456156	0.758983132	0.6148129576
0.4544553654	0.5455446346	0.7601856961	0.6140042842
0.4554563463	0.5445436537	0.7613840363	0.6131975297
0.4564573273	0.5435426727	0.7625781595	0.6123926886
0.4574583083	0.5425416917	0.7637680726	0.6115897553
0.4584592893	0.5415407107	0.7649537824	0.6107887243
0.4594602703	0.5405397297	0.7661352961	0.6099895901
0.4604612513	0.5395387487	0.7673126206	0.6091923471
0.4614622322	0.5385377678	0.768485763	0.60839699
0.4624632132	0.5375367868	0.7696547304	0.6076035131
0.4634641942	0.5365358058	0.7708195302	0.6068119109
0.4644651752	0.5355348248	0.7719801694	0.6060221782
0.4654661562	0.5345338438	0.7731366554	0.6052343092
0.4664671371	0.5335328629	0.7742889956	0.6044482987
0.4674681181	0.5325318819	0.7754371974	0.6036641412
0.4684690991	0.5315309009	0.7765812681	0.6028818312
0.4694700801	0.5305299199	0.7777212152	0.6021013634
0.4704710611	0.5295289389	0.7788570464	0.6013227322
0.471472042	0.528527958	0.7799887691	0.6005459325
0.472473023	0.527526977	0.781116391	0.5997709587
0.473474004	0.526525996	0.7822399197	0.5989978055
0.474474985	0.525525015	0.783359363	0.5982264675
0.475475966	0.524524034	0.7844747285	0.5974569394
0.4764769469	0.5235230531	0.7855860241	0.5966892159
0.4774779279	0.5225220721	0.7866932575	0.5959232917
0.4784789089	0.5215210911	0.7877964367	0.5951591613
0.4794798899	0.5205201101	0.7888955695	0.5943968196
0.4804808709	0.5195191291	0.7899906638	0.5936362613
0.4814818519	0.5185181481	0.7910817277	0.592877481
0.4824828328	0.5175171672	0.792168769	0.5921204736
0.4834838138	0.5165161862	0.7932517959	0.5913652337
0.4844847948	0.5155152052	0.7943308164	0.5906117562
0.4854857758	0.5145142242	0.7954058386	0.5898600358
0.4864867568	0.5135132432	0.7964768706	0.5891100673
0.4874877377	0.5125122623	0.7975439207	0.5883618455
0.4884887187	0.5115112813	0.7986069969	0.5876153653
0.4894896997	0.5105103003	0.7996661075	0.5868706214
0.4904906807	0.5095093193	0.8007212609	0.5861276087
0.4914916617	0.5085083383	0.8017724651	0.5853863221
0.4924926426	0.5075073574	0.8028197287	0.5846467564
0.4934936236	0.5065063764	0.8038630598	0.5839089066
0.4944946046	0.5055053954	0.8049024669	0.5831727674
0.4954955856	0.5045044144	0.8059379583	0.5824383338
0.4964965666	0.5035034334	0.8069695425	0.5817056008
0.4974975475	0.5025024525	0.8079972278	0.5809745632
0.4984985285	0.5015014715	0.8090210228	0.5802452161
0.4994995095	0.5005004905	0.810040936	0.5795175543
0.5005004905	0.4994995095	0.8110569758	0.5787915729
0.5015014715	0.4984985285	0.8120691507	0.5780672668
0.5025024525	0.4974975475	0.8130774694	0.5773446311
0.5035034334	0.4964965666	0.8140819404	0.5766236607
0.5045044144	0.4954955856	0.8150825722	0.5759043507
0.5055053954	0.4944946046	0.8160793735	0.5751866961
0.5065063764	0.4934936236	0.817072353	0.574470692
0.5075073574	0.4924926426	0.8180615192	0.5737563335
0.5085083383	0.4914916617	0.8190468808	0.5730436155
0.5095093193	0.4904906807	0.8200284466	0.5723325333
0.5105103003	0.4894896997	0.8210062252	0.5716230819
0.5115112813	0.4884887187	0.8219802253	0.5709152565
0.5125122623	0.4874877377	0.8229504556	0.5702090522
0.5135132432	0.4864867568	0.823916925	0.5695044641
0.5145142242	0.4854857758	0.8248796421	0.5688014874
0.5155152052	0.4844847948	0.8258386158	0.5681001173
0.5165161862	0.4834838138	0.8267938548	0.567400349
0.5175171672	0.4824828328	0.8277453679	0.5667021777
0.5185181481	0.4814818519	0.828693164	0.5660055986
0.5195191291	0.4804808709	0.8296372518	0.5653106069
0.5205201101	0.4794798899	0.8305776403	0.5646171978
0.5215210911	0.4784789089	0.8315143382	0.5639253668
0.5225220721	0.4774779279	0.8324473545	0.5632351089
0.5235230531	0.4764769469	0.8333766979	0.5625464195
0.524524034	0.475475966	0.8343023774	0.561859294
0.525525015	0.474474985	0.8352244019	0.5611737275
0.526525996	0.473474004	0.8361427803	0.5604897155
0.527526977	0.472473023	0.8370575214	0.5598072533
0.528527958	0.471472042	0.8379686342	0.5591263362
0.5295289389	0.4704710611	0.8388761276	0.5584469597
0.5305299199	0.4694700801	0.8397800105	0.5577691191
0.5315309009	0.4684690991	0.8406802919	0.5570928097
0.5325318819	0.4674681181	0.8415769808	0.5564180271
0.5335328629	0.4664671371	0.842470086	0.5557447666
0.5345338438	0.4654661562	0.8433596165	0.5550730237
0.5355348248	0.4644651752	0.8442455813	0.5544027938
0.5365358058	0.4634641942	0.8451279893	0.5537340724
0.5375367868	0.4624632132	0.8460068496	0.553066855
0.5385377678	0.4614622322	0.846882171	0.5524011371
0.5395387487	0.4604612513	0.8477539626	0.5517369142
0.5405397297	0.4594602703	0.8486222334	0.5510741817
0.5415407107	0.4584592893	0.8494869923	0.5504129354
0.5425416917	0.4574583083	0.8503482483	0.5497531706
0.5435426727	0.4564573273	0.8512060103	0.5490948829
0.5445436537	0.4554563463	0.8520602875	0.548438068
0.5455446346	0.4544553654	0.8529110888	0.5477827214
0.5465456156	0.4534543844	0.8537584231	0.5471288388
0.5475465966	0.4524534034	0.8546022995	0.5464764156
0.5485475776	0.4514524224	0.8554427269	0.5458254477
0.5495485586	0.4504514414	0.8562797144	0.5451759306
0.5505495395	0.4494504605	0.8571132709	0.54452786
0.5515505205	0.4484494795	0.8579434054	0.5438812315
0.5525515015	0.4474484985	0.858770127	0.5432360409
0.5535524825	0.4464475175	0.8595934446	0.5425922838
0.5545534635	0.4454465365	0.8604133672	0.541949956
0.5555544444	0.4444455556	0.8612299037	0.5413090531
0.5565554254	0.4434445746	0.8620430633	0.540669571
0.5575564064	0.4424435936	0.8628528548	0.5400315054
0.5585573874	0.4414426126	0.8636592872	0.539394852
0.5595583684	0.4404416316	0.8644623696	0.5387596066
0.5605593493	0.4394406507	0.8652621108	0.5381257651
0.5615603303	0.4384396697	0.8660585199	0.5374933232
0.5625613113	0.4374386887	0.8668516058	0.5368622767
0.5635622923	0.4364377077	0.8676413775	0.5362326216
0.5645632733	0.4354367267	0.8684278439	0.5356043536
0.5655642543	0.4344357457	0.8692110141	0.5349774685
0.5665652352	0.4334347648	0.8699908969	0.5343519624
0.5675662162	0.4324337838	0.8707675012	0.533727831
0.5685671972	0.4314328028	0.8715408361	0.5331050703
0.5695681782	0.4304318218	0.8723109105	0.5324836761
0.5705691592	0.4294308408	0.8730777332	0.5318636445
0.5715701401	0.4284298599	0.8738413133	0.5312449713
0.5725711211	0.4274288789	0.8746016595	0.5306276525
0.5735721021	0.4264278979	0.8753587809	0.5300116841
0.5745730831	0.4254269169	0.8761126864	0.529397062
0.5755740641	0.4244259359	0.8768633847	0.5287837823
0.576575045	0.423424955	0.8776108849	0.5281718409
0.577576026	0.422423974	0.8783551957	0.5275612339
0.578577007	0.421422993	0.8790963261	0.5269519573
0.579577988	0.420422012	0.879834285	0.5263440072
0.580578969	0.419421031	0.8805690811	0.5257373796
0.5815799499	0.4184200501	0.8813007233	0.5251320705
0.5825809309	0.4174190691	0.8820292205	0.5245280761
0.5835819119	0.4164180881	0.8827545815	0.5239253925
0.5845828929	0.4154171071	0.8834768152	0.5233240158
0.5855838739	0.4144161261	0.8841959302	0.522723942
0.5865848549	0.4134151451	0.8849119355	0.5221251674
0.5875858358	0.4124141642	0.8856248399	0.5215276881
0.5885868168	0.4114131832	0.886334652	0.5209315002
0.5895877978	0.4104122022	0.8870413807	0.5203366
0.5905887788	0.4094112212	0.8877450348	0.5197429836
0.5915897598	0.4084102402	0.888445623	0.5191506471
0.5925907407	0.4074092593	0.889143154	0.5185595869
0.5935917217	0.4064082783	0.8898376366	0.5179697991
0.5945927027	0.4054072973	0.8905290795	0.5173812801
0.5955936837	0.4044063163	0.8912174915	0.5167940259
0.5965946647	0.4034053353	0.8919028811	0.516208033
0.5975956456	0.4024043544	0.8925852572	0.5156232975
0.5985966266	0.4014033734	0.8932646283	0.5150398158
0.5995976076	0.4004023924	0.8939410032	0.5144575841
0.6005985886	0.3994014114	0.8946143905	0.5138765988
0.6015995696	0.3984004304	0.8952847988	0.5132968562
0.6026005506	0.3973994494	0.8959522368	0.5127183526
0.6036015315	0.3963984685	0.8966167131	0.5121410845
0.6046025125	0.3953974875	0.8972782363	0.511565048
0.6056034935	0.3943965065	0.897936815	0.5109902397
0.6066044745	0.3933955255	0.8985924578	0.5104166559
0.6076054555	0.3923945445	0.8992451732	0.509844293
0.6086064364	0.3913935636	0.8998949698	0.5092731474
0.6096074174	0.3903925826	0.9005418562	0.5087032155
0.6106083984	0.3893916016	0.9011858409	0.5081344938
0.6116093794	0.3883906206	0.9018269323	0.5075669787
0.6126103604	0.3873896396	0.902465139	0.5070006667
0.6136113413	0.3863886587	0.9031004696	0.5064355542
0.6146123223	0.3853876777	0.9037329324	0.5058716378
0.6156133033	0.3843866967	0.9043625359	0.5053089138
0.6166142843	0.3833857157	0.9049892886	0.5047473789
0.6176152653	0.3823847347	0.9056131989	0.5041870296
0.6186162462	0.3813837538	0.9062342752	0.5036278623
0.6196172272	0.3803827728	0.906852526	0.5030698736
0.6206182082	0.3793817918	0.9074679596	0.5025130601
0.6216191892	0.3783808108	0.9080805844	0.5019574183
0.6226201702	0.3773798298	0.9086904088	0.5014029448
0.6236211512	0.3763788488	0.9092974411	0.5008496362
0.6246221321	0.3753778679	0.9099016897	0.5002974891
0.6256231131	0.3743768869	0.9105031628	0.4997465001
0.6266240941	0.3733759059	0.9111018689	0.4991966659
0.6276250751	0.3723749249	0.9116978161	0.4986479829
0.6286260561	0.3713739439	0.9122910128	0.498100448
0.629627037	0.370372963	0.9128814671	0.4975540578
0.630628018	0.369371982	0.9134691875	0.4970088089
0.631628999	0.368371001	0.914054182	0.496464698
0.63262998	0.36737002	0.9146364589	0.4959217218
0.633630961	0.366369039	0.9152160265	0.495379877
0.6346319419	0.3653680581	0.9157928928	0.4948391603
0.6356329229	0.3643670771	0.916367066	0.4942995685
0.6366339039	0.3633660961	0.9169385544	0.4937610982
0.6376348849	0.3623651151	0.917507366	0.4932237462
0.6386358659	0.3613641341	0.918073509	0.4926875093
0.6396368468	0.3603631532	0.9186369914	0.4921523843
0.6406378278	0.3593621722	0.9191978214	0.4916183679
0.6416388088	0.3583611912	0.919756007	0.4910854569
0.6426397898	0.3573602102	0.9203115563	0.4905536482
0.6436407708	0.3563592292	0.9208644773	0.4900229384
0.6446417518	0.3553582482	0.921414778	0.4894933246
0.6456427327	0.3543572673	0.9219624666	0.4889648034
0.6466437137	0.3533562863	0.9225075508	0.4884373717
0.6476446947	0.3523553053	0.9230500388	0.4879110264
0.6486456757	0.3513543243	0.9235899385	0.4873857644
0.6496466567	0.3503533433	0.9241272578	0.4868615826
0.6506476376	0.3493523624	0.9246620046	0.4863384777
0.6516486186	0.3483513814	0.9251941869	0.4858164468
0.6526495996	0.3473504004	0.9257238125	0.4852954867
0.6536505806	0.3463494194	0.9262508894	0.4847755943
0.6546515616	0.3453484384	0.9267754253	0.4842567666
0.6556525425	0.3443474575	0.9272974282	0.4837390006
0.6566535235	0.3433464765	0.9278169058	0.4832222931
0.6576545045	0.3423454955	0.928333866	0.4827066411
0.6586554855	0.3413445145	0.9288483165	0.4821920417
0.6596564665	0.3403435335	0.9293602651	0.4816784917
0.6606574474	0.3393425526	0.9298697196	0.4811659882
0.6616584284	0.3383415716	0.9303766877	0.4806545282
0.6626594094	0.3373405906	0.9308811772	0.4801441087
0.6636603904	0.3363396096	0.9313831956	0.4796347268
0.6646613714	0.3353386286	0.9318827509	0.4791263793
0.6656623524	0.3343376476	0.9323798505	0.4786190635
0.6666633333	0.3333366667	0.9328745021	0.4781127763
0.6676643143	0.3323356857	0.9333667135	0.4776075148
0.6686652953	0.3313347047	0.9338564921	0.4771032762
0.6696662763	0.3303337237	0.9343438457	0.4766000574
0.6706672573	0.3293327427	0.9348287817	0.4760978555
0.6716682382	0.3283317618	0.9353113078	0.4755966677
0.6726692192	0.3273307808	0.9357914315	0.4750964912
0.6736702002	0.3263297998	0.9362691603	0.4745973229
0.6746711812	0.3253288188	0.9367445017	0.47409916
0.6756721622	0.3243278378	0.9372174633	0.4736019998
0.6766731431	0.3233268569	0.9376880526	0.4731058393
0.6776741241	0.3223258759	0.9381562768	0.4726106757
0.6786751051	0.3213248949	0.9386221436	0.4721165061
0.6796760861	0.3203239139	0.9390856604	0.4716233278
0.6806770671	0.3193229329	0.9395468345	0.471131138
0.681678048	0.318321952	0.9400056733	0.4706399338
0.682679029	0.317320971	0.9404621843	0.4701497125
0.68368001	0.31631999	0.9409163747	0.4696604712
0.684680991	0.315319009	0.9413682519	0.4691722073
0.685681972	0.314318028	0.9418178232	0.4686849179
0.686682953	0.313317047	0.9422650959	0.4681986003
0.6876839339	0.3123160661	0.9427100773	0.4677132518
0.6886849149	0.3113150851	0.9431527747	0.4672288696
0.6896858959	0.3103141041	0.9435931953	0.466745451
0.6906868769	0.3093131231	0.9440313464	0.4662629933
0.6916878579	0.3083121421	0.944467235	0.4657814938
0.6926888388	0.3073111612	0.9449008686	0.4653009497
0.6936898198	0.3063101802	0.9453322541	0.4648213585
0.6946908008	0.3053091992	0.9457613988	0.4643427174
0.6956917818	0.3043082182	0.9461883098	0.4638650238
0.6966927628	0.3033072372	0.9466129942	0.4633882749
0.6976937437	0.3023062563	0.9470354592	0.4629124682
0.6986947247	0.3013052753	0.9474557118	0.462437601
0.6996957057	0.3003042943	0.9478737591	0.4619636707
0.7006966867	0.2993033133	0.9482896081	0.4614906747
0.7016976677	0.2983023323	0.9487032658	0.4610186103
0.7026986486	0.2973013514	0.9491147394	0.460547475
0.7036996296	0.2963003704	0.9495240357	0.460077266
0.7047006106	0.2952993894	0.9499311617	0.459607981
0.7057015916	0.2942984084	0.9503361245	0.4591396172
0.7067025726	0.2932974274	0.9507389309	0.4586721722
0.7077035536	0.2922964464	0.9511395879	0.4582056432
0.7087045345	0.2912954655	0.9515381023	0.4577400279
0.7097055155	0.2902944845	0.9519344811	0.4572753237
0.7107064965	0.2892935035	0.9523287312	0.4568115279
0.7117074775	0.2882925225	0.9527208593	0.4563486382
0.7127084585	0.2872915415	0.9531108723	0.4558866519
0.7137094394	0.2862905606	0.9534987771	0.4554255667
0.7147104204	0.2852895796	0.9538845804	0.4549653798
0.7157114014	0.2842885986	0.954268289	0.454506089
0.7167123824	0.2832876176	0.9546499096	0.4540476917
0.7177133634	0.2822866366	0.9550294491	0.4535901854
0.7187143443	0.2812856557	0.9554069141	0.4531335676
0.7197153253	0.2802846747	0.9557823114	0.4526778359
0.7207163063	0.2792836937	0.9561556475	0.4522229879
0.7217172873	0.2782827127	0.9565269293	0.4517690211
0.7227182683	0.2772817317	0.9568961633	0.4513159331
0.7237192492	0.2762807508	0.9572633562	0.4508637214
0.7247202302	0.2752797698	0.9576285147	0.4504123837
0.7257212112	0.2742787888	0.9579916452	0.4499619175
0.7267221922	0.2732778078	0.9583527544	0.4495123204
0.7277231732	0.2722768268	0.9587118489	0.44906359
0.7287241542	0.2712758458	0.9590689351	0.448615724
0.7297251351	0.2702748649	0.9594240197	0.44816872
0.7307261161	0.2692738839	0.9597771091	0.4477225756
0.7317270971	0.2682729029	0.9601282099	0.4472772884
0.7327280781	0.2672719219	0.9604773284	0.4468328562
0.7337290591	0.2662709409	0.9608244713	0.4463892765
0.73473004	0.26526996	0.9611696448	0.445946547
0.735731021	0.264268979	0.9615128554	0.4455046654
0.736732002	0.263267998	0.9618541096	0.4450636293
0.737732983	0.262267017	0.9621934136	0.4446234366
0.738733964	0.261266036	0.962530774	0.4441840848
0.7397349449	0.2602650551	0.962866197	0.4437455716
0.7407359259	0.2592640741	0.9631996889	0.4433078948
0.7417369069	0.2582630931	0.9635312561	0.4428710522
0.7427378879	0.2572621121	0.9638609049	0.4424350413
0.7437388689	0.2562611311	0.9641886416	0.44199986
0.7447398498	0.2552601502	0.9645144723	0.441565506
0.7457408308	0.2542591692	0.9648384034	0.441131977
0.7467418118	0.2532581882	0.9651604411	0.4406992708
0.7477427928	0.2522572072	0.9654805917	0.4402673852
0.7487437738	0.2512562262	0.9657988612	0.4398363179
0.7497447548	0.2502552452	0.9661152558	0.4394060668
0.7507457357	0.2492542643	0.9664297818	0.4389766295
0.7517467167	0.2482532833	0.9667424453	0.438548004
0.7527476977	0.2472523023	0.9670532523	0.438120188
0.7537486787	0.2462513213	0.967362209	0.4376931792
0.7547496597	0.2452503403	0.9676693215	0.4372669757
0.7557506406	0.2442493594	0.9679745959	0.436841575
0.7567516216	0.2432483784	0.9682780381	0.4364169752
0.7577526026	0.2422473974	0.9685796543	0.435993174
0.7587535836	0.2412464164	0.9688794504	0.4355701692
0.7597545646	0.2402454354	0.9691774325	0.4351479588
0.7607555455	0.2392444545	0.9694736066	0.4347265406
0.7617565265	0.2382434735	0.9697679785	0.4343059124
0.7627575075	0.2372424925	0.9700605543	0.4338860722
0.7637584885	0.2362415115	0.9703513398	0.4334670177
0.7647594695	0.2352405305	0.9706403411	0.433048747
0.7657604505	0.2342395495	0.970927564	0.4326312579
0.7667614314	0.2332385686	0.9712130143	0.4322145483
0.7677624124	0.2322375876	0.971496698	0.4317986161
0.7687633934	0.2312366066	0.9717786209	0.4313834592
0.7697643744	0.2302356256	0.9720587888	0.4309690756
0.7707653554	0.2292346446	0.9723372076	0.4305554632
0.7717663363	0.2282336637	0.9726138829	0.4301426199
0.7727673173	0.2272326827	0.9728888207	0.4297305436
0.7737682983	0.2262317017	0.9731620267	0.4293192324
0.7747692793	0.2252307207	0.9734335065	0.4289086842
0.7757702603	0.2242297397	0.973703266	0.4284988969
0.7767712412	0.2232287588	0.9739713109	0.4280898686
0.7777722222	0.2222277778	0.9742376468	0.4276815971
0.7787732032	0.2212267968	0.9745022794	0.4272740805
0.7797741842	0.2202258158	0.9747652144	0.4268673168
0.7807751652	0.2192248348	0.9750264574	0.426461304
0.7817761461	0.2182238539	0.9752860142	0.4260560401
0.7827771271	0.2172228729	0.9755438901	0.425651523
0.7837781081	0.2162218919	0.975800091	0.4252477509
0.7847790891	0.2152209109	0.9760546223	0.4248447217
0.7857800701	0.2142199299	0.9763074895	0.4244424335
0.7867810511	0.2132189489	0.9765586984	0.4240408843
0.787782032	0.212217968	0.9768082543	0.4236400722
0.788783013	0.211216987	0.9770561628	0.4232399952
0.789783994	0.210216006	0.9773024294	0.4228406513
0.790784975	0.209215025	0.9775470596	0.4224420387
0.791785956	0.208214044	0.9777900587	0.4220441554
0.7927869369	0.2072130631	0.9780314324	0.4216469995
0.7937879179	0.2062120821	0.978271186	0.421250569
0.7947888989	0.2052111011	0.9785093249	0.4208548621
0.7957898799	0.2042101201	0.9787458545	0.4204598769
0.7967908609	0.2032091391	0.9789807801	0.4200656114
0.7977918418	0.2022081582	0.9792141073	0.4196720638
0.7987928228	0.2012071772	0.9794458413	0.4192792322
0.7997938038	0.2002061962	0.9796759874	0.4188871146
0.8007947848	0.1992052152	0.979904551	0.4184957093
0.8017957658	0.1982042342	0.9801315373	0.4181050144
0.8027967467	0.1972032533	0.9803569517	0.417715028
0.8037977277	0.1962022723	0.9805807994	0.4173257482
0.8047987087	0.1952012913	0.9808030857	0.4169371733
0.8057996897	0.1942003103	0.9810238158	0.4165493013
0.8068006707	0.1931993293	0.9812429949	0.4161621304
0.8078016517	0.1921983483	0.9814606283	0.4157756588
0.8088026326	0.1911973674	0.9816767211	0.4153898848
0.8098036136	0.1901963864	0.9818912784	0.4150048063
0.8108045946	0.1891954054	0.9821043056	0.4146204218
0.8118055756	0.1881944244	0.9823158076	0.4142367292
0.8128065566	0.1871934434	0.9825257897	0.413853727
0.8138075375	0.1861924625	0.9827342569	0.4134714131
0.8148085185	0.1851914815	0.9829412143	0.413089786
0.8158094995	0.1841905005	0.9831466671	0.4127088437
0.8168104805	0.1831895195	0.9833506202	0.4123285845
0.8178114615	0.1821885385	0.9835530787	0.4119490066
0.8188124424	0.1811875576	0.9837540478	0.4115701084
0.8198134234	0.1801865766	0.9839535323	0.4111918879
0.8208144044	0.1791855956	0.9841515372	0.4108143435
0.8218153854	0.1781846146	0.9843480677	0.4104374734
0.8228163664	0.1771836336	0.9845431286	0.4100612759
0.8238173473	0.1761826527	0.9847367249	0.4096857492
0.8248183283	0.1751816717	0.9849288615	0.4093108917
0.8258193093	0.1741806907	0.9851195434	0.4089367015
0.8268202903	0.1731797097	0.9853087755	0.408563177
0.8278212713	0.1721787287	0.9854965626	0.4081903164
0.8288222523	0.1711777477	0.9856829098	0.4078181181
0.8298232332	0.1701767668	0.9858678217	0.4074465803
0.8308242142	0.1691757858	0.9860513033	0.4070757014
0.8318251952	0.1681748048	0.9862333594	0.4067054796
0.8328261762	0.1671738238	0.9864139949	0.4063359133
0.8338271572	0.1661728428	0.9865932144	0.4059670008
0.8348281381	0.1651718619	0.986771023	0.4055987404
0.8358291191	0.1641708809	0.9869474252	0.4052311304
0.8368301001	0.1631698999	0.9871224259	0.4048641692
0.8378310811	0.1621689189	0.9872960298	0.4044978552
0.8388320621	0.1611679379	0.9874682416	0.4041321866
0.839833043	0.160166957	0.9876390661	0.4037671618
0.840834024	0.159165976	0.987808508	0.4034027793
0.841835005	0.158164995	0.9879765719	0.4030390372
0.842835986	0.157164014	0.9881432625	0.4026759341
0.843836967	0.156163033	0.9883085846	0.4023134683
0.8448379479	0.1551620521	0.9884725426	0.4019516381
0.8458389289	0.1541610711	0.9886351413	0.401590442
0.8468399099	0.1531600901	0.9887963853	0.4012298784
0.8478408909	0.1521591091	0.9889562792	0.4008699455
0.8488418719	0.1511581281	0.9891148276	0.4005106419
0.8498428529	0.1501571471	0.9892720349	0.400151966
0.8508438338	0.1491561662	0.9894279059	0.3997939161
0.8518448148	0.1481551852	0.989582445	0.3994364906
0.8528457958	0.1471542042	0.9897356568	0.3990796881
0.8538467768	0.1461532232	0.9898875457	0.3987235068
0.8548477578	0.1451522422	0.9900381164	0.3983679453
0.8558487387	0.1441512613	0.9901873732	0.398013002
0.8568497197	0.1431502803	0.9903353206	0.3976586753
0.8578507007	0.1421492993	0.9904819632	0.3973049637
0.8588516817	0.1411483183	0.9906273053	0.3969518655
0.8598526627	0.1401473373	0.9907713513	0.3965993794
0.8608536436	0.1391463564	0.9909141058	0.3962475037
0.8618546246	0.1381453754	0.9910555731	0.3958962368
0.8628556056	0.1371443944	0.9911957575	0.3955455774
0.8638565866	0.1361434134	0.9913346635	0.3951955237
0.8648575676	0.1351424324	0.9914722955	0.3948460745
0.8658585485	0.1341414515	0.9916086577	0.394497228
0.8668595295	0.1331404705	0.9917437545	0.3941489828
0.8678605105	0.1321394895	0.9918775903	0.3938013374
0.8688614915	0.1311385085	0.9920101692	0.3934542903
0.8698624725	0.1301375275	0.9921414958	0.3931078399
0.8708634535	0.1291365465	0.9922715741	0.3927619849
0.8718644344	0.1281355656	0.9924004084	0.3924167237
0.8728654154	0.1271345846	0.9925280032	0.3920720549
0.8738663964	0.1261336036	0.9926543624	0.3917279769
0.8748673774	0.1251326226	0.9927794905	0.3913844883
0.8758683584	0.1241316416	0.9929033916	0.3910415876
0.8768693393	0.1231306607	0.9930260698	0.3906992734
0.8778703203	0.1221296797	0.9931475295	0.3903575442
0.8788713013	0.1211286987	0.9932677747	0.3900163985
0.8798722823	0.1201277177	0.9933868096	0.3896758349
0.8808732633	0.1191267367	0.9935046384	0.389335852
0.8818742442	0.1181257558	0.9936212652	0.3889964482
0.8828752252	0.1171247748	0.9937366941	0.3886576223
0.8838762062	0.1161237938	0.9938509292	0.3883193727
0.8848771872	0.1151228128	0.9939639747	0.387981698
0.8858781682	0.1141218318	0.9940758345	0.3876445969
0.8868791491	0.1131208509	0.9941865128	0.3873080678
0.8878801301	0.1121198699	0.9942960136	0.3869721094
0.8888811111	0.1111188889	0.994404341	0.3866367202
0.8898820921	0.1101179079	0.9945114989	0.3863018989
0.8908830731	0.1091169269	0.9946174915	0.3859676441
0.8918840541	0.1081159459	0.9947223227	0.3856339543
0.892885035	0.107114965	0.9948259964	0.3853008283
0.893886016	0.106113984	0.9949285168	0.3849682644
0.894886997	0.105113003	0.9950298876	0.3846362616
0.895887978	0.104112022	0.995130113	0.3843048182
0.896888959	0.103111041	0.9952291968	0.383973933
0.8978899399	0.1021100601	0.995327143	0.3836436046
0.8988909209	0.1011090791	0.9954239554	0.3833138316
0.8998919019	0.1001080981	0.995519638	0.3829846126
0.9008928829	0.09910711712	0.9956141946	0.3826559464
0.9018938639	0.09810613614	0.9957076292	0.3823278315
0.9028948448	0.09710515516	0.9957999456	0.3820002667
0.9038958258	0.09610417417	0.9958911477	0.3816732505
0.9048968068	0.09510319319	0.9959812392	0.3813467816
0.9058977878	0.09410221221	0.9960702241	0.3810208587
0.9068987688	0.09310123123	0.9961581061	0.3806954805
0.9078997497	0.09210025025	0.996244889	0.3803706456
0.9089007307	0.09109926927	0.9963305767	0.3800463528
0.9099017117	0.09009828829	0.9964151728	0.3797226006
0.9109026927	0.08909730731	0.9964986813	0.3793993878
0.9119036737	0.08809632633	0.9965811058	0.3790767131
0.9129046547	0.08709534535	0.99666245	0.3787545751
0.9139056356	0.08609436436	0.9967427178	0.3784329726
0.9149066166	0.08509338338	0.9968219127	0.3781119043
0.9159075976	0.0840924024	0.9969000386	0.3777913688
0.9169085786	0.08309142142	0.9969770991	0.3774713649
0.9179095596	0.08209044044	0.9970530979	0.3771518914
0.9189105405	0.08108945946	0.9971280387	0.3768329468
0.9199115215	0.08008847848	0.9972019251	0.37651453
0.9209125025	0.0790874975	0.9972747608	0.3761966396
0.9219134835	0.07808651652	0.9973465494	0.3758792744
0.9229144645	0.07708553554	0.9974172945	0.3755624332
0.9239154454	0.07608455455	0.9974869998	0.3752461146
0.9249164264	0.07508357357	0.9975556688	0.3749303174
0.9259174074	0.07408259259	0.9976233051	0.3746150404
0.9269183884	0.07308161161	0.9976899124	0.3743002823
0.9279193694	0.07208063063	0.9977554941	0.3739860418
0.9289203504	0.07107964965	0.9978200539	0.3736723177
0.9299213313	0.07007866867	0.9978835952	0.3733591089
0.9309223123	0.06907768769	0.9979461217	0.3730464139
0.9319232933	0.06807670671	0.9980076368	0.3727342317
0.9329242743	0.06707572573	0.998068144	0.372422561
0.9339252553	0.06607474474	0.9981276468	0.3721114005
0.9349262362	0.06507376376	0.9981861487	0.371800749
0.9359272172	0.06407278278	0.9982436532	0.3714906054
0.9369281982	0.0630718018	0.9983001638	0.3711809684
0.9379291792	0.06207082082	0.9983556839	0.3708718368
0.9389301602	0.06106983984	0.9984102169	0.3705632094
0.9399311411	0.06006885886	0.9984637663	0.3702550849
0.9409321221	0.05906787788	0.9985163354	0.3699474623
0.9419331031	0.0580668969	0.9985679278	0.3696403403
0.9429340841	0.05706591592	0.9986185468	0.3693337177
0.9439350651	0.05606493493	0.9986681957	0.3690275933
0.944936046	0.05506395395	0.998716878	0.368721966
0.945937027	0.05406297297	0.998764597	0.3684168345
0.946938008	0.05306199199	0.9988113561	0.3681121977
0.947938989	0.05206101101	0.9988571586	0.3678080544
0.94893997	0.05106003003	0.9989020078	0.3675044035
0.949940951	0.05005904905	0.998945907	0.3672012438
0.9509419319	0.04905806807	0.9989888597	0.3668985741
0.9519429129	0.04805708709	0.999030869	0.3665963932
0.9529438939	0.04705610611	0.9990719383	0.3662947001
0.9539448749	0.04605512513	0.9991120708	0.3659934935
0.9549458559	0.04505414414	0.9991512697	0.3656927724
0.9559468368	0.04405316316	0.9991895385	0.3653925355
0.9569478178	0.04305218218	0.9992268802	0.3650927817
0.9579487988	0.0420512012	0.9992632982	0.36479351
0.9589497798	0.04105022022	0.9992987956	0.364494719
0.9599507608	0.04004923924	0.9993333757	0.3641964079
0.9609517417	0.03904825826	0.9993670417	0.3638985753
0.9619527227	0.03804727728	0.9993997967	0.3636012202
0.9629537037	0.0370462963	0.999431644	0.3633043414
0.9639546847	0.03604531532	0.9994625867	0.3630079379
0.9649556657	0.03504433433	0.9994926279	0.3627120085
0.9659566466	0.03404335335	0.999521771	0.3624165522
0.9669576276	0.03304237237	0.9995500188	0.3621215677
0.9679586086	0.03204139139	0.9995773747	0.3618270541
0.9689595896	0.03104041041	0.9996038417	0.3615330102
0.9699605706	0.03003942943	0.999629423	0.3612394348
0.9709615516	0.02903844845	0.9996541215	0.3609463271
0.9719625325	0.02803746747	0.9996779405	0.3606536857
0.9729635135	0.02703648649	0.999700883	0.3603615097
0.9739644945	0.02603550551	0.9997229521	0.3600697979
0.9749654755	0.02503452452	0.9997441508	0.3597785494
0.9759664565	0.02403354354	0.9997644823	0.3594877629
0.9769674374	0.02303256256	0.9997839494	0.3591974375
0.9779684184	0.02203158158	0.9998025553	0.358907572
0.9789693994	0.0210306006	0.9998203029	0.3586181654
0.9799703804	0.02002961962	0.9998371954	0.3583292167
0.9809713614	0.01902863864	0.9998532356	0.3580407247
0.9819723423	0.01802765766	0.9998684266	0.3577526884
0.9829733233	0.01702667668	0.9998827714	0.3574651068
0.9839743043	0.0160256957	0.9998962729	0.3571779788
0.9849752853	0.01502471471	0.9999089341	0.3568913034
0.9859762663	0.01402373373	0.999920758	0.3566050795
0.9869772472	0.01302275275	0.9999317474	0.356319306
0.9879782282	0.01202177177	0.9999419053	0.356033982
0.9889792092	0.01102079079	0.9999512347	0.3557491064
0.9899801902	0.01001980981	0.9999597385	0.3554646781
0.9909811712	0.009018828829	0.9999674195	0.3551806962
0.9919821522	0.008017847848	0.9999742807	0.3548971596
0.9929831331	0.007016866867	0.9999803249	0.3546140673
0.9939841141	0.006015885886	0.999985555	0.3543314182
0.9949850951	0.005014904905	0.9999899739	0.3540492114
0.9959860761	0.004013923924	0.9999935845	0.3537674458
0.9969870571	0.003012942943	0.9999963895	0.3534861205
0.997988038	0.002011961962	0.9999983919	0.3532052344
0.998989019	0.001010980981	0.9999995945	0.3529247864
0.99999	1e-05	1	0.3526447757
