1e-05	0.99999	3.394878766e-06	0.999999988
0.001010980981	0.998989019	4.301082816e-06	0.999879793
0.002011961962	0.997988038	5.407289838e-06	0.9995340338
0.003012942943	0.9969870571	6.748263835e-06	0.998977027
0.004013923924	0.9959860761	8.363093347e-06	0.9982222003
0.005014904905	0.9949850951	1.029548294e-05	0.9972821504
0.006015885886	0.9939841141	1.259403809e-05	0.9961686982
0.007016866867	0.9929831331	1.531254103e-05	0.9948929395
0.008017847848	0.9919821522	1.851021557e-05	0.9934652925
0.009018828829	0.9909811712	2.225197849e-05	0.9918955419
0.01001980981	0.9899801902	2.66086759e-05	0.9901928805
0.01102079079	0.9889792092	3.165730254e-05	0.9883659469
0.01202177177	0.9879782282	3.748120257e-05	0.9864228616
0.01302275275	0.9869772472	4.417025043e-05	0.9843712604
0.01402373373	0.9859762663	5.182101046e-05	0.9822183251
0.01502471471	0.9849752853	6.053687445e-05	0.9799708125
0.0160256957	0.9839743043	7.042817615e-05	0.9776350812
0.01702667668	0.9829733233	8.161228217e-05	0.9752171166
0.01802765766	0.9819723423	9.421365886e-05	0.9727225548
0.01902863864	0.9809713614	0.0001083639149	0.9701567035
0.02002961962	0.9799703804	0.0001242018195	0.9675245631
0.0210306006	0.9789693994	0.0001418732965	0.9648308451
0.02203158158	0.9779684184	0.0001615313942	0.9620799902
0.02303256256	0.9769674374	0.0001833362317	0.9592761843
0.02403354354	0.9759664565	0.0002074549223	0.9564233746
0.02503452452	0.9749654755	0.0002340614741	0.9535252835
0.02603550551	0.9739644945	0.0002633366695	0.950585422
0.02703648649	0.9729635135	0.000295467923	0.9476071026
0.02803746747	0.9719625325	0.0003306491198	0.9445934509
0.02903844845	0.9709615516	0.0003690804355	0.9415474168
0.03003942943	0.9699605706	0.0004109681376	0.9384717843
0.03104041041	0.9689595896	0.0004565243703	0.9353691816
0.03204139139	0.9679586086	0.0005059669242	0.9322420901
0.03304237237	0.9669576276	0.0005595189909	0.9290928527
0.03404335335	0.9659566466	0.0006174089055	0.9259236817
0.03504433433	0.9649556657	0.0006798698759	0.9227366664
0.03604531532	0.9639546847	0.0007471397022	0.9195337799
0.0370462963	0.9629537037	0.0008194604866	0.916316886
0.03804727728	0.9619527227	0.000897078334	0.9130877447
0.03904825826	0.9609517417	0.000980243047	0.9098480188
0.04004923924	0.9599507608	0.001069207813	0.9065992785
0.04105022022	0.9589497798	0.00116422889	0.903343007
0.0420512012	0.9579487988	0.001265565281	0.9000806054
0.04305218218	0.9569478178	0.001373478417	0.8968133965
0.04405316316	0.9559468368	0.001488231829	0.8935426301
0.04505414414	0.9549458559	0.001610090821	0.8902694859
0.04605512513	0.9539448749	0.001739322147	0.8869950779
0.04705610611	0.9529438939	0.001876193689	0.8837204581
0.04805708709	0.9519429129	0.002020974128	0.880446619
0.04905806807	0.9509419319	0.002173932631	0.8771744977
0.05005904905	0.949940951	0.002335338532	0.8739049784
0.05106003003	0.94893997	0.002505461022	0.8706388949
0.05206101101	0.947938989	0.00268456884	0.8673770339
0.05306199199	0.946938008	0.002872929973	0.8641201371
0.05406297297	0.945937027	0.003070811361	0.8608689035
0.05506395395	0.944936046	0.003278478608	0.8576239918
0.05606493493	0.9439350651	0.0034961957	0.8543860224
0.05706591592	0.9429340841	0.003724224729	0.8511555794
0.0580668969	0.9419331031	0.003962825629	0.8479332124
0.05906787788	0.9409321221	0.004212255919	0.8447194386
0.06006885886	0.9399311411	0.004472770446	0.8415147439
0.06106983984	0.9389301602	0.004744621151	0.838319585
0.06207082082	0.9379291792	0.005028056834	0.8351343906
0.0630718018	0.9369281982	0.005323322928	0.8319595629
0.06407278278	0.9359272172	0.005630661291	0.8287954792
0.06507376376	0.9349262362	0.005950309993	0.8256424927
0.06607474474	0.9339252553	0.006282503127	0.8225009339
0.06707572573	0.9329242743	0.006627470621	0.819371112
0.06807670671	0.9319232933	0.006985438061	0.8162533156
0.06907768769	0.9309223123	0.007356626524	0.813147814
0.07007866867	0.9299213313	0.007741252421	0.810054858
0.07107964965	0.9289203504	0.008139527349	0.8069746809
0.07208063063	0.9279193694	0.008551657951	0.8039074995
0.07308161161	0.9269183884	0.008977845788	0.8008535146
0.07408259259	0.9259174074	0.009418287218	0.7978129121
0.07508357357	0.9249164264	0.009873173285	0.7947858636
0.07608455455	0.9239154454	0.01034268961	0.7917725273
0.07708553554	0.9229144645	0.01082701632	0.7887730483
0.07808651652	0.9219134835	0.01132632793	0.7857875596
0.0790874975	0.9209125025	0.01184079329	0.7828161827
0.08008847848	0.9199115215	0.01237057551	0.7798590277
0.08108945946	0.9189105405	0.01291583188	0.7769161947
0.08209044044	0.9179095596	0.01347671388	0.7739877735
0.08309142142	0.9169085786	0.01405336705	0.7710738444
0.0840924024	0.9159075976	0.01464593102	0.7681744791
0.08509338338	0.9149066166	0.01525453943	0.7652897403
0.08609436436	0.9139056356	0.01587931996	0.7624196828
0.08709534535	0.9129046547	0.01652039425	0.7595643539
0.08809632633	0.9119036737	0.01717787796	0.7567237932
0.08909730731	0.9109026927	0.01785188071	0.7538980336
0.09009828829	0.9099017117	0.0185425061	0.7510871014
0.09109926927	0.9089007307	0.01924985173	0.7482910167
0.09210025025	0.9078997497	0.01997400921	0.7455097934
0.09310123123	0.9068987688	0.02071506416	0.7427434402
0.09410221221	0.9058977878	0.02147309627	0.73999196
0.09510319319	0.9048968068	0.02224817929	0.737255351
0.09610417417	0.9038958258	0.02304038109	0.7345336063
0.09710515516	0.9028948448	0.02384976369	0.7318267149
0.09810613614	0.9018938639	0.02467638331	0.7291346609
0.09910711712	0.9008928829	0.0255202904	0.7264574249
0.1001080981	0.8998919019	0.02638152973	0.7237949832
0.1011090791	0.8988909209	0.02726014038	0.7211473086
0.1021100601	0.8978899399	0.02815615586	0.7185143705
0.103111041	0.896888959	0.02906960415	0.715896135
0.104112022	0.895887978	0.03000050774	0.713292565
0.105113003	0.894886997	0.03094888374	0.7107036206
0.106113984	0.893886016	0.03191474392	0.7081292592
0.107114965	0.892885035	0.03289809479	0.7055694353
0.1081159459	0.8918840541	0.03389893769	0.7030241013
0.1091169269	0.8908830731	0.03491726882	0.7004932071
0.1101179079	0.8898820921	0.03595307938	0.6979767004
0.1111188889	0.8888811111	0.03700635563	0.6954745269
0.1121198699	0.8878801301	0.03807707893	0.6929866304
0.1131208509	0.8868791491	0.0391652259	0.6905129529
0.1141218318	0.8858781682	0.04027076844	0.6880534346
0.1151228128	0.8848771872	0.04139367385	0.6856080142
0.1161237938	0.8838762062	0.04253390491	0.6831766289
0.1171247748	0.8828752252	0.04369141996	0.6807592144
0.1181257558	0.8818742442	0.044866173	0.6783557052
0.1191267367	0.8808732633	0.0460581138	0.6759660347
0.1201277177	0.8798722823	0.04726718793	0.6735901349
0.1211286987	0.8788713013	0.04849333693	0.6712279369
0.1221296797	0.8778703203	0.04973649834	0.6688793709
0.1231306607	0.8768693393	0.05099660581	0.666544366
0.1241316416	0.8758683584	0.05227358922	0.6642228507
0.1251326226	0.8748673774	0.05356737473	0.6619147526
0.1261336036	0.8738663964	0.0548778849	0.6596199986
0.1271345846	0.8728654154	0.05620503877	0.6573385149
0.1281355656	0.8718644344	0.05754875195	0.6550702274
0.1291365465	0.8708634535	0.05890893674	0.652815061
0.1301375275	0.8698624725	0.06028550218	0.6505729407
0.1311385085	0.8688614915	0.06167835416	0.6483437905
0.1321394895	0.8678605105	0.06308739553	0.6461275345
0.1331404705	0.8668595295	0.06451252615	0.6439240961
0.1341414515	0.8658585485	0.06595364302	0.6417333986
0.1351424324	0.8648575676	0.06741064033	0.639555365
0.1361434134	0.8638565866	0.06888340959	0.6373899183
0.1371443944	0.8628556056	0.07037183969	0.6352369809
0.1381453754	0.8618546246	0.07187581697	0.6330964753
0.1391463564	0.8608536436	0.07339522537	0.6309683241
0.1401473373	0.8598526627	0.07492994645	0.6288524494
0.1411483183	0.8588516817	0.07647985949	0.6267487736
0.1421492993	0.8578507007	0.0780448416	0.6246572189
0.1431502803	0.8568497197	0.07962476777	0.6225777077
0.1441512613	0.8558487387	0.08121951098	0.6205101621
0.1451522422	0.8548477578	0.08282894224	0.6184545047
0.1461532232	0.8538467768	0.08445293073	0.6164106579
0.1471542042	0.8528457958	0.08609134381	0.6143785443
0.1481551852	0.8518448148	0.08774404714	0.6123580866
0.1491561662	0.8508438338	0.08941090475	0.6103492078
0.1501571471	0.8498428529	0.09109177911	0.6083518307
0.1511581281	0.8488418719	0.09278653119	0.6063658788
0.1521591091	0.8478408909	0.09449502056	0.6043912754
0.1531600901	0.8468399099	0.09621710543	0.6024279442
0.1541610711	0.8458389289	0.09795264277	0.6004758092
0.1551620521	0.8448379479	0.0997014883	0.5985347945
0.156163033	0.843836967	0.1014634966	0.5966048245
0.157164014	0.842835986	0.1032385213	0.594685824
0.158164995	0.841835005	0.1050264149	0.592777718
0.159165976	0.840834024	0.1068270289	0.5908804318
0.160166957	0.839833043	0.108640214	0.588993891
0.1611679379	0.8388320621	0.1104658202	0.5871180217
0.1621689189	0.8378310811	0.1123036966	0.5852527501
0.1631698999	0.8368301001	0.1141536917	0.5833980028
0.1641708809	0.8358291191	0.1160156531	0.5815537069
0.1651718619	0.8348281381	0.1178894282	0.5797197897
0.1661728428	0.8338271572	0.1197748635	0.5778961789
0.1671738238	0.8328261762	0.1216718054	0.5760828027
0.1681748048	0.8318251952	0.1235800996	0.5742795895
0.1691757858	0.8308242142	0.1254995915	0.5724864683
0.1701767668	0.8298232332	0.1274301262	0.5707033682
0.1711777477	0.8288222523	0.1293715485	0.568930219
0.1721787287	0.8278212713	0.1313237031	0.5671669508
0.1731797097	0.8268202903	0.1332864344	0.565413494
0.1741806907	0.8258193093	0.1352595866	0.5636697794
0.1751816717	0.8248183283	0.137243004	0.5619357385
0.1761826527	0.8238173473	0.1392365308	0.560211303
0.1771836336	0.8228163664	0.1412400111	0.558496405
0.1781846146	0.8218153854	0.1432532892	0.5567909771
0.1791855956	0.8208144044	0.1452762094	0.5550949523
0.1801865766	0.8198134234	0.1473086161	0.553408264
0.1811875576	0.8188124424	0.1493503539	0.5517308462
0.1821885385	0.8178114615	0.1514012677	0.550062633
0.1831895195	0.8168104805	0.1534612023	0.5484035594
0.1841905005	0.8158094995	0.1555300033	0.5467535603
0.1851914815	0.8148085185	0.1576075161	0.5451125715
0.1861924625	0.8138075375	0.1596935866	0.5434805291
0.1871934434	0.8128065566	0.1617880613	0.5418573694
0.1881944244	0.8118055756	0.1638907868	0.5402430295
0.1891954054	0.8108045946	0.1660016103	0.5386374466
0.1901963864	0.8098036136	0.1681203794	0.5370405587
0.1911973674	0.8088026326	0.1702469422	0.535452304
0.1921983483	0.8078016517	0.1723811473	0.5338726211
0.1931993293	0.8068006707	0.1745228439	0.5323014492
0.1942003103	0.8057996897	0.1766718817	0.5307387278
0.1952012913	0.8047987087	0.178828111	0.529184397
0.1962022723	0.8037977277	0.1809913828	0.5276383973
0.1972032533	0.8027967467	0.1831615486	0.5261006694
0.1982042342	0.8017957658	0.1853384608	0.5245711547
0.1992052152	0.8007947848	0.1875219723	0.5230497949
0.2002061962	0.7997938038	0.1897119366	0.5215365323
0.2012071772	0.7987928228	0.1919082083	0.5200313095
0.2022081582	0.7977918418	0.1941106423	0.5185340694
0.2032091391	0.7967908609	0.1963190946	0.5170447557
0.2042101201	0.7957898799	0.1985334219	0.5155633121
0.2052111011	0.7947888989	0.2007534816	0.5140896829
0.2062120821	0.7937879179	0.202979132	0.5126238131
0.2072130631	0.7927869369	0.2052102322	0.5111656476
0.208214044	0.791785956	0.2074466423	0.5097151322
0.209215025	0.790784975	0.2096882229	0.5082722128
0.210216006	0.789783994	0.2119348359	0.5068368359
0.211216987	0.788783013	0.2141863438	0.5054089482
0.212217968	0.787782032	0.2164426102	0.5039884971
0.2132189489	0.7867810511	0.2187034994	0.5025754302
0.2142199299	0.7857800701	0.2209688767	0.5011696956
0.2152209109	0.7847790891	0.2232386085	0.4997712417
0.2162218919	0.7837781081	0.2255125619	0.4983800175
0.2172228729	0.7827771271	0.2277906052	0.4969959722
0.2182238539	0.7817761461	0.2300726075	0.4956190554
0.2192248348	0.7807751652	0.2323584388	0.4942492174
0.2202258158	0.7797741842	0.2346479704	0.4928864085
0.2212267968	0.7787732032	0.2369410742	0.4915305796
0.2222277778	0.7777722222	0.2392376234	0.490181682
0.2232287588	0.7767712412	0.241537492	0.4888396672
0.2242297397	0.7757702603	0.2438405552	0.4875044874
0.2252307207	0.7747692793	0.2461466891	0.4861760949
0.2262317017	0.7737682983	0.2484557708	0.4848544425
0.2272326827	0.7727673173	0.2507676785	0.4835394833
0.2282336637	0.7717663363	0.2530822914	0.4822311709
0.2292346446	0.7707653554	0.2553994897	0.4809294592
0.2302356256	0.7697643744	0.2577191547	0.4796343025
0.2312366066	0.7687633934	0.2600411687	0.4783456554
0.2322375876	0.7677624124	0.262365415	0.4770634729
0.2332385686	0.7667614314	0.2646917782	0.4757877103
0.2342395495	0.7657604505	0.2670201435	0.4745183234
0.2352405305	0.7647594695	0.2693503976	0.4732552683
0.2362415115	0.7637584885	0.2716824281	0.4719985014
0.2372424925	0.7627575075	0.2740161235	0.4707479795
0.2382434735	0.7617565265	0.2763513735	0.4695036596
0.2392444545	0.7607555455	0.2786880689	0.4682654993
0.2402454354	0.7597545646	0.2810261014	0.4670334565
0.2412464164	0.7587535836	0.283365364	0.4658074891
0.2422473974	0.7577526026	0.2857057504	0.4645875558
0.2432483784	0.7567516216	0.2880471558	0.4633736154
0.2442493594	0.7557506406	0.2903894761	0.462165627
0.2452503403	0.7547496597	0.2927326083	0.4609635501
0.2462513213	0.7537486787	0.2950764507	0.4597673445
0.2472523023	0.7527476977	0.2974209025	0.4585769704
0.2482532833	0.7517467167	0.2997658638	0.4573923883
0.2492542643	0.7507457357	0.3021112359	0.4562135589
0.2502552452	0.7497447548	0.3044569212	0.4550404433
0.2512562262	0.7487437738	0.3068028231	0.4538730029
0.2522572072	0.7477427928	0.3091488459	0.4527111995
0.2532581882	0.7467418118	0.3114948952	0.4515549951
0.2542591692	0.7457408308	0.3138408774	0.450404352
0.2552601502	0.7447398498	0.3161867002	0.4492592329
0.2562611311	0.7437388689	0.3185322719	0.4481196007
0.2572621121	0.7427378879	0.3208775023	0.4469854186
0.2582630931	0.7417369069	0.3232223019	0.4458566503
0.2592640741	0.7407359259	0.3255665824	0.4447332595
0.2602650551	0.7397349449	0.3279102563	0.4436152104
0.261266036	0.738733964	0.3302532375	0.4425024674
0.262267017	0.737732983	0.3325954405	0.4413949952
0.263267998	0.736732002	0.334936781	0.4402927587
0.264268979	0.735731021	0.3372771756	0.4391957233
0.26526996	0.73473004	0.3396165421	0.4381038545
0.2662709409	0.7337290591	0.3419547991	0.4370171181
0.2672719219	0.7327280781	0.3442918662	0.4359354802
0.2682729029	0.7317270971	0.346627664	0.4348589073
0.2692738839	0.7307261161	0.3489621141	0.4337873658
0.2702748649	0.7297251351	0.3512951391	0.4327208228
0.2712758458	0.7287241542	0.3536266624	0.4316592455
0.2722768268	0.7277231732	0.3559566086	0.4306026012
0.2732778078	0.7267221922	0.3582849031	0.4295508577
0.2742787888	0.7257212112	0.3606114722	0.4285039829
0.2752797698	0.7247202302	0.3629362433	0.427461945
0.2762807508	0.7237192492	0.3652591447	0.4264247126
0.2772817317	0.7227182683	0.3675801054	0.4253922543
0.2782827127	0.7217172873	0.3698990557	0.4243645391
0.2792836937	0.7207163063	0.3722159265	0.4233415362
0.2802846747	0.7197153253	0.3745306499	0.4223232151
0.2812856557	0.7187143443	0.3768431585	0.4213095456
0.2822866366	0.7177133634	0.3791533863	0.4203004974
0.2832876176	0.7167123824	0.3814612677	0.419296041
0.2842885986	0.7157114014	0.3837667385	0.4182961466
0.2852895796	0.7147104204	0.3860697349	0.4173007849
0.2862905606	0.7137094394	0.3883701942	0.4163099269
0.2872915415	0.7127084585	0.3906680546	0.4153235436
0.2882925225	0.7117074775	0.3929632552	0.4143416065
0.2892935035	0.7107064965	0.3952557358	0.413364087
0.2902944845	0.7097055155	0.3975454371	0.4123909571
0.2912954655	0.7087045345	0.3998323007	0.4114221886
0.2922964464	0.7077035536	0.402116269	0.410457754
0.2932974274	0.7067025726	0.4043972853	0.4094976256
0.2942984084	0.7057015916	0.4066752936	0.4085417761
0.2952993894	0.7047006106	0.4089502388	0.4075901785
0.2963003704	0.7036996296	0.4112220666	0.4066428058
0.2973013514	0.7026986486	0.4134907234	0.4056996314
0.2983023323	0.7016976677	0.4157561567	0.4047606288
0.2993033133	0.7006966867	0.4180183144	0.4038257718
0.3003042943	0.6996957057	0.4202771455	0.4028950343
0.3013052753	0.6986947247	0.4225325996	0.4019683905
0.3023062563	0.6976937437	0.4247846271	0.4010458147
0.3033072372	0.6966927628	0.4270331793	0.4001272815
0.3043082182	0.6956917818	0.429278208	0.3992127656
0.3053091992	0.6946908008	0.431519666	0.398302242
0.3063101802	0.6936898198	0.4337575068	0.3973956858
0.3073111612	0.6926888388	0.4359916845	0.3964930724
0.3083121421	0.6916878579	0.438222154	0.3955943773
0.3093131231	0.6906868769	0.440448871	0.3946995763
0.3103141041	0.6896858959	0.4426717918	0.3938086451
0.3113150851	0.6886849149	0.4448908736	0.3929215601
0.3123160661	0.6876839339	0.4471060742	0.3920382973
0.313317047	0.686682953	0.449317352	0.3911588334
0.314318028	0.685681972	0.4515246661	0.3902831449
0.315319009	0.684680991	0.4537279766	0.3894112086
0.31631999	0.68368001	0.4559272438	0.3885430016
0.317320971	0.682679029	0.4581224292	0.3876785011
0.318321952	0.681678048	0.4603134944	0.3868176844
0.3193229329	0.6806770671	0.4625004022	0.3859605291
0.3203239139	0.6796760861	0.4646831157	0.3851070128
0.3213248949	0.6786751051	0.4668615987	0.3842571135
0.3223258759	0.6776741241	0.4690358159	0.3834108091
0.3233268569	0.6766731431	0.4712057322	0.3825680779
0.3243278378	0.6756721622	0.4733713135	0.3817288983
0.3253288188	0.6746711812	0.4755325263	0.3808932489
0.3263297998	0.6736702002	0.4776893373	0.3800611082
0.3273307808	0.6726692192	0.4798417145	0.3792324553
0.3283317618	0.6716682382	0.4819896258	0.3784072691
0.3293327427	0.6706672573	0.4841330402	0.3775855288
0.3303337237	0.6696662763	0.4862719271	0.3767672138
0.3313347047	0.6686652953	0.4884062565	0.3759523036
0.3323356857	0.6676643143	0.4905359989	0.3751407778
0.3333366667	0.6666633333	0.4926611256	0.3743326163
0.3343376476	0.6656623524	0.4947816083	0.373527799
0.3353386286	0.6646613714	0.4968974192	0.372726306
0.3363396096	0.6636603904	0.4990085313	0.3719281176
0.3373405906	0.6626594094	0.5011149179	0.3711332142
0.3383415716	0.6616584284	0.5032165529	0.3703415765
0.3393425526	0.6606574474	0.5053134109	0.369553185
0.3403435335	0.6596564665	0.5074054668	0.3687680206
0.3413445145	0.6586554855	0.5094926963	0.3679860644
0.3423454955	0.6576545045	0.5115750754	0.3672072975
0.3433464765	0.6566535235	0.5136525807	0.3664317011
0.3443474575	0.6556525425	0.5157251892	0.3656592566
0.3453484384	0.6546515616	0.5177928786	0.3648899458
0.3463494194	0.6536505806	0.519855627	0.3641237501
0.3473504004	0.6526495996	0.521913413	0.3633606514
0.3483513814	0.6516486186	0.5239662157	0.3626006318
0.3493523624	0.6506476376	0.5260140146	0.3618436733
0.3503533433	0.6496466567	0.5280567898	0.3610897582
0.3513543243	0.6486456757	0.5300945218	0.3603388687
0.3523553053	0.6476446947	0.5321271916	0.3595909874
0.3533562863	0.6466437137	0.5341547807	0.3588460969
0.3543572673	0.6456427327	0.5361772709	0.35810418
0.3553582482	0.6446417518	0.5381946446	0.3573652196
0.3563592292	0.6436407708	0.5402068847	0.3566291985
0.3573602102	0.6426397898	0.5422139743	0.3558961001
0.3583611912	0.6416388088	0.5442158971	0.3551659074
0.3593621722	0.6406378278	0.5462126373	0.3544386039
0.3603631532	0.6396368468	0.5482041794	0.3537141731
0.3613641341	0.6386358659	0.5501905084	0.3529925986
0.3623651151	0.6376348849	0.5521716095	0.352273864
0.3633660961	0.6366339039	0.5541474687	0.3515579534
0.3643670771	0.6356329229	0.5561180721	0.3508448506
0.3653680581	0.6346319419	0.5580834063	0.3501345397
0.366369039	0.633630961	0.5600434583	0.3494270049
0.36737002	0.63262998	0.5619982154	0.3487222306
0.368371001	0.631628999	0.5639476655	0.3480202011
0.369371982	0.630628018	0.5658917967	0.347320901
0.370372963	0.629627037	0.5678305975	0.3466243149
0.3713739439	0.6286260561	0.5697640568	0.3459304277
0.3723749249	0.6276250751	0.571692164	0.3452392241
0.3733759059	0.6266240941	0.5736149085	0.3445506892
0.3743768869	0.6256231131	0.5755322805	0.343864808
0.3753778679	0.6246221321	0.5774442703	0.3431815658
0.3763788488	0.6236211512	0.5793508685	0.3425009477
0.3773798298	0.6226201702	0.5812520663	0.3418229394
0.3783808108	0.6216191892	0.5831478549	0.3411475261
0.3793817918	0.6206182082	0.5850382263	0.3404746937
0.3803827728	0.6196172272	0.5869231723	0.3398044276
0.3813837538	0.6186162462	0.5888026854	0.3391367139
0.3823847347	0.6176152653	0.5906767583	0.3384715384
0.3833857157	0.6166142843	0.5925453841	0.3378088871
0.3843866967	0.6156133033	0.5944085561	0.3371487461
0.3853876777	0.6146123223	0.5962662679	0.3364911016
0.3863886587	0.6136113413	0.5981185136	0.33583594
0.3873896396	0.6126103604	0.5999652875	0.3351832476
0.3883906206	0.6116093794	0.601806584	0.334533011
0.3893916016	0.6106083984	0.6036423981	0.3338852167
0.3903925826	0.6096074174	0.605472725	0.3332398515
0.3913935636	0.6086064364	0.6072975601	0.3325969021
0.3923945445	0.6076054555	0.6091168992	0.3319563554
0.3933955255	0.6066044745	0.6109307383	0.3313181983
0.3943965065	0.6056034935	0.6127390737	0.3306824179
0.3953974875	0.6046025125	0.614541902	0.3300490014
0.3963984685	0.6036015315	0.61633922	0.3294179361
0.3973994494	0.6026005506	0.6181310249	0.3287892091
0.3984004304	0.6015995696	0.619917314	0.328162808
0.3994014114	0.6005985886	0.6216980851	0.3275387202
0.4004023924	0.5995976076	0.6234733359	0.3269169333
0.4014033734	0.5985966266	0.6252430647	0.3262974351
0.4024043544	0.5975956456	0.6270072698	0.3256802132
0.4034053353	0.5965946647	0.6287659499	0.3250652555
0.4044063163	0.5955936837	0.6305191039	0.3244525499
0.4054072973	0.5945927027	0.6322667309	0.3238420845
0.4064082783	0.5935917217	0.6340088304	0.3232338472
0.4074092593	0.5925907407	0.6357454018	0.3226278264
0.4084102402	0.5915897598	0.637476445	0.3220240102
0.4094112212	0.5905887788	0.6392019601	0.3214223871
0.4104122022	0.5895877978	0.6409219474	0.3208229453
0.4114131832	0.5885868168	0.6426364073	0.3202256734
0.4124141642	0.5875858358	0.6443453407	0.3196305599
0.4134151451	0.5865848549	0.6460487483	0.3190375936
0.4144161261	0.5855838739	0.6477466314	0.3184467631
0.4154171071	0.5845828929	0.6494389912	0.3178580572
0.4164180881	0.5835819119	0.6511258295	0.3172714648
0.4174190691	0.5825809309	0.6528071478	0.3166869749
0.4184200501	0.5815799499	0.6544829482	0.3161045765
0.419421031	0.580578969	0.6561532329	0.3155242587
0.420422012	0.579577988	0.6578180041	0.3149460106
0.421422993	0.578577007	0.6594772644	0.3143698215
0.422423974	0.577576026	0.6611310166	0.3137956808
0.423424955	0.576575045	0.6627792634	0.3132235778
0.4244259359	0.5755740641	0.6644220082	0.312653502
0.4254269169	0.5745730831	0.666059254	0.3120854429
0.4264278979	0.5735721021	0.6676910044	0.31151939
0.4274288789	0.5725711211	0.6693172629	0.3109553332
0.4284298599	0.5715701401	0.6709380334	0.3103932621
0.4294308408	0.5705691592	0.6725533199	0.3098331666
0.4304318218	0.5695681782	0.6741631264	0.3092750364
0.4314328028	0.5685671972	0.6757674573	0.3087188616
0.4324337838	0.5675662162	0.6773663169	0.3081646322
0.4334347648	0.5665652352	0.67895971	0.3076123382
0.4344357457	0.5655642543	0.6805476413	0.3070619697
0.4354367267	0.5645632733	0.6821301156	0.3065135171
0.4364377077	0.5635622923	0.6837071382	0.3059669705
0.4374386887	0.5625613113	0.6852787142	0.3054223202
0.4384396697	0.5615603303	0.6868448489	0.3048795568
0.4394406507	0.5605593493	0.688405548	0.3043386706
0.4404416316	0.5595583684	0.689960817	0.3037996522
0.4414426126	0.5585573874	0.6915106617	0.3032624921
0.4424435936	0.5575564064	0.6930550882	0.302727181
0.4434445746	0.5565554254	0.6945941024	0.3021937096
0.4444455556	0.5555544444	0.6961277105	0.3016620687
0.4454465365	0.5545534635	0.697655919	0.3011322491
0.4464475175	0.5535524825	0.6991787342	0.3006042417
0.4474484985	0.5525515015	0.7006961628	0.3000780374
0.4484494795	0.5515505205	0.7022082114	0.2995536272
0.4494504605	0.5505495395	0.703714887	0.2990310023
0.4504514414	0.5495485586	0.7052161964	0.2985101537
0.4514524224	0.5485475776	0.7067121468	0.2979910725
0.4524534034	0.5475465966	0.7082027453	0.2974737501
0.4534543844	0.5465456156	0.7096879993	0.2969581778
0.4544553654	0.5455446346	0.7111679161	0.2964443468
0.4554563463	0.5445436537	0.7126425034	0.2959322485
0.4564573273	0.5435426727	0.7141117687	0.2954218746
0.4574583083	0.5425416917	0.7155757198	0.2949132163
0.4584592893	0.5415407107	0.7170343646	0.2944062654
0.4594602703	0.5405397297	0.7184877109	0.2939010134
0.4604612513	0.5395387487	0.719935767	0.293397452
0.4614622322	0.5385377678	0.7213785408	0.2928955729
0.4624632132	0.5375367868	0.7228160408	0.292395368
0.4634641942	0.5365358058	0.7242482752	0.291896829
0.4644651752	0.5355348248	0.7256752524	0.2913999478
0.4654661562	0.5345338438	0.7270969811	0.2909047164
0.4664671371	0.5335328629	0.7285134699	0.2904111268
0.4674681181	0.5325318819	0.7299247274	0.2899191709
0.4684690991	0.5315309009	0.7313307625	0.2894288409
0.4694700801	0.5305299199	0.7327315841	0.2889401288
0.4704710611	0.5295289389	0.7341272011	0.288453027
0.471472042	0.528527958	0.7355176227	0.2879675276
0.472473023	0.527526977	0.7369028579	0.287483623
0.473474004	0.526525996	0.7382829159	0.2870013053
0.474474985	0.525525015	0.7396578062	0.2865205671
0.475475966	0.524524034	0.741027538	0.2860414007
0.4764769469	0.5235230531	0.7423921208	0.2855637986
0.4774779279	0.5225220721	0.7437515642	0.2850877534
0.4784789089	0.5215210911	0.7451058777	0.2846132576
0.4794798899	0.5205201101	0.7464550709	0.2841403038
0.4804808709	0.5195191291	0.7477991537	0.2836688847
0.4814818519	0.5185181481	0.7491381359	0.283198993
0.4824828328	0.5175171672	0.7504720272	0.2827306214
0.4834838138	0.5165161862	0.7518008377	0.2822637627
0.4844847948	0.5155152052	0.7531245773	0.2817984098
0.4854857758	0.5145142242	0.7544432562	0.2813345556
0.4864867568	0.5135132432	0.7557568843	0.2808721929
0.4874877377	0.5125122623	0.757065472	0.2804113148
0.4884887187	0.5115112813	0.7583690295	0.2799519142
0.4894896997	0.5105103003	0.759667567	0.2794939843
0.4904906807	0.5095093193	0.7609610949	0.2790375181
0.4914916617	0.5085083383	0.7622496236	0.2785825087
0.4924926426	0.5075073574	0.7635331636	0.2781289494
0.4934936236	0.5065063764	0.7648117254	0.2776768333
0.4944946046	0.5055053954	0.7660853195	0.2772261538
0.4954955856	0.5045044144	0.7673539567	0.2767769041
0.4964965666	0.5035034334	0.7686176474	0.2763290776
0.4974975475	0.5025024525	0.7698764026	0.2758826677
0.4984985285	0.5015014715	0.7711302328	0.2754376677
0.4994995095	0.5005004905	0.772379149	0.2749940713
0.5005004905	0.4994995095	0.7736231619	0.2745518718
0.5015014715	0.4984985285	0.7748622824	0.2741110628
0.5025024525	0.4974975475	0.7760965216	0.2736716379
0.5035034334	0.4964965666	0.7773258903	0.2732335908
0.5045044144	0.4954955856	0.7785503996	0.272796915
0.5055053954	0.4944946046	0.7797700605	0.2723616043
0.5065063764	0.4934936236	0.7809848841	0.2719276525
0.5075073574	0.4924926426	0.7821948815	0.2714950532
0.5085083383	0.4914916617	0.7834000639	0.2710638004
0.5095093193	0.4904906807	0.7846004426	0.2706338878
0.5105103003	0.4894896997	0.7857960286	0.2702053094
0.5115112813	0.4884887187	0.7869868334	0.269778059
0.5125122623	0.4874877377	0.7881728681	0.2693521306
0.5135132432	0.4864867568	0.7893541441	0.2689275183
0.5145142242	0.4854857758	0.7905306728	0.268504216
0.5155152052	0.4844847948	0.7917024656	0.2680822178
0.5165161862	0.4834838138	0.7928695338	0.2676615178
0.5175171672	0.4824828328	0.7940318889	0.2672421102
0.5185181481	0.4814818519	0.7951895423	0.2668239891
0.5195191291	0.4804808709	0.7963425057	0.2664071487
0.5205201101	0.4794798899	0.7974907903	0.2659915833
0.5215210911	0.4784789089	0.798634408	0.265577287
0.5225220721	0.4774779279	0.79977337	0.2651642544
0.5235230531	0.4764769469	0.8009076882	0.2647524795
0.524524034	0.475475966	0.802037374	0.264341957
0.525525015	0.474474985	0.8031624391	0.263932681
0.526525996	0.473474004	0.8042828951	0.2635246462
0.527526977	0.472473023	0.8053987538	0.2631178469
0.528527958	0.471472042	0.8065100267	0.2627122776
0.5295289389	0.4704710611	0.8076167257	0.2623079329
0.5305299199	0.4694700801	0.8087188623	0.2619048074
0.5315309009	0.4684690991	0.8098164484	0.2615028956
0.5325318819	0.4674681181	0.8109094957	0.2611021922
0.5335328629	0.4664671371	0.811998016	0.2607026919
0.5345338438	0.4654661562	0.8130820209	0.2603043892
0.5355348248	0.4644651752	0.8141615224	0.259907279
0.5365358058	0.4634641942	0.8152365323	0.259511356
0.5375367868	0.4624632132	0.8163070622	0.259116615
0.5385377678	0.4614622322	0.8173731242	0.2587230507
0.5395387487	0.4604612513	0.8184347299	0.2583306581
0.5405397297	0.4594602703	0.8194918913	0.257939432
0.5415407107	0.4584592893	0.8205446202	0.2575493673
0.5425416917	0.4574583083	0.8215929285	0.2571604589
0.5435426727	0.4564573273	0.822636828	0.2567727017
0.5445436537	0.4554563463	0.8236763307	0.2563860909
0.5455446346	0.4544553654	0.8247114483	0.2560006213
0.5465456156	0.4534543844	0.8257421929	0.2556162881
0.5475465966	0.4524534034	0.8267685762	0.2552330862
0.5485475776	0.4514524224	0.8277906102	0.2548510109
0.5495485586	0.4504514414	0.8288083069	0.2544700572
0.5505495395	0.4494504605	0.829821678	0.2540902202
0.5515505205	0.4484494795	0.8308307356	0.2537114952
0.5525515015	0.4474484985	0.8318354915	0.2533338774
0.5535524825	0.4464475175	0.8328359577	0.252957362
0.5545534635	0.4454465365	0.8338321461	0.2525819443
0.5555544444	0.4444455556	0.8348240685	0.2522076195
0.5565554254	0.4434445746	0.835811737	0.251834383
0.5575564064	0.4424435936	0.8367951635	0.2514622301
0.5585573874	0.4414426126	0.8377743597	0.2510911563
0.5595583684	0.4404416316	0.8387493378	0.2507211567
0.5605593493	0.4394406507	0.8397201096	0.250352227
0.5615603303	0.4384396697	0.840686687	0.2499843626
0.5625613113	0.4374386887	0.841649082	0.2496175588
0.5635622923	0.4364377077	0.8426073063	0.2492518113
0.5645632733	0.4354367267	0.8435613721	0.2488871155
0.5655642543	0.4344357457	0.8445112911	0.248523467
0.5665652352	0.4334347648	0.8454570752	0.2481608613
0.5675662162	0.4324337838	0.8463987365	0.2477992941
0.5685671972	0.4314328028	0.8473362866	0.2474387609
0.5695681782	0.4304318218	0.8482697376	0.2470792575
0.5705691592	0.4294308408	0.8491991013	0.2467207794
0.5715701401	0.4284298599	0.8501243896	0.2463633224
0.5725711211	0.4274288789	0.8510456143	0.2460068822
0.5735721021	0.4264278979	0.8519627874	0.2456514545
0.5745730831	0.4254269169	0.8528759206	0.2452970351
0.5755740641	0.4244259359	0.8537850258	0.2449436197
0.576575045	0.423424955	0.8546901149	0.2445912043
0.577576026	0.422423974	0.8555911996	0.2442397845
0.578577007	0.421422993	0.8564882918	0.2438893564
0.579577988	0.420422012	0.8573814033	0.2435399156
0.580578969	0.419421031	0.8582705459	0.2431914582
0.5815799499	0.4184200501	0.8591557314	0.2428439801
0.5825809309	0.4174190691	0.8600369715	0.2424974772
0.5835819119	0.4164180881	0.8609142781	0.2421519454
0.5845828929	0.4154171071	0.8617876628	0.2418073808
0.5855838739	0.4144161261	0.8626571375	0.2414637794
0.5865848549	0.4134151451	0.8635227139	0.2411211371
0.5875858358	0.4124141642	0.8643844036	0.2407794502
0.5885868168	0.4114131832	0.8652422184	0.2404387145
0.5895877978	0.4104122022	0.86609617	0.2400989263
0.5905887788	0.4094112212	0.8669462701	0.2397600816
0.5915897598	0.4084102402	0.8677925304	0.2394221766
0.5925907407	0.4074092593	0.8686349624	0.2390852074
0.5935917217	0.4064082783	0.8694735779	0.2387491702
0.5945927027	0.4054072973	0.8703083885	0.2384140612
0.5955936837	0.4044063163	0.8711394057	0.2380798767
0.5965946647	0.4034053353	0.8719666413	0.2377466128
0.5975956456	0.4024043544	0.8727901067	0.2374142658
0.5985966266	0.4014033734	0.8736098135	0.237082832
0.5995976076	0.4004023924	0.8744257734	0.2367523078
0.6005985886	0.3994014114	0.8752379978	0.2364226893
0.6015995696	0.3984004304	0.8760464982	0.2360939731
0.6026005506	0.3973994494	0.8768512863	0.2357661553
0.6036015315	0.3963984685	0.8776523733	0.2354392324
0.6046025125	0.3953974875	0.8784497709	0.2351132008
0.6056034935	0.3943965065	0.8792434905	0.2347880569
0.6066044745	0.3933955255	0.8800335435	0.2344637972
0.6076054555	0.3923945445	0.8808199414	0.234140418
0.6086064364	0.3913935636	0.8816026955	0.2338179159
0.6096074174	0.3903925826	0.8823818172	0.2334962873
0.6106083984	0.3893916016	0.883157318	0.2331755288
0.6116093794	0.3883906206	0.8839292091	0.2328556369
0.6126103604	0.3873896396	0.8846975019	0.2325366081
0.6136113413	0.3863886587	0.8854622077	0.232218439
0.6146123223	0.3853876777	0.8862233378	0.2319011262
0.6156133033	0.3843866967	0.8869809034	0.2315846662
0.6166142843	0.3833857157	0.8877349159	0.2312690557
0.6176152653	0.3823847347	0.8884853865	0.2309542914
0.6186162462	0.3813837538	0.8892323263	0.2306403698
0.6196172272	0.3803827728	0.8899757466	0.2303272876
0.6206182082	0.3793817918	0.8907156586	0.2300150416
0.6216191892	0.3783808108	0.8914520734	0.2297036284
0.6226201702	0.3773798298	0.8921850021	0.2293930448
0.6236211512	0.3763788488	0.8929144559	0.2290832874
0.6246221321	0.3753778679	0.8936404459	0.2287743531
0.6256231131	0.3743768869	0.8943629831	0.2284662386
0.6266240941	0.3733759059	0.8950820786	0.2281589407
0.6276250751	0.3723749249	0.8957977435	0.2278524562
0.6286260561	0.3713739439	0.8965099887	0.2275467819
0.629627037	0.370372963	0.8972188252	0.2272419147
0.630628018	0.369371982	0.897924264	0.2269378514
0.631628999	0.368371001	0.8986263161	0.2266345889
0.63262998	0.36737002	0.8993249923	0.226332124
0.633630961	0.366369039	0.9000203036	0.2260304537
0.6346319419	0.3653680581	0.9007122609	0.2257295749
0.6356329229	0.3643670771	0.901400875	0.2254294845
0.6366339039	0.3633660961	0.9020861568	0.2251301795
0.6376348849	0.3623651151	0.9027681171	0.2248316568
0.6386358659	0.3613641341	0.9034467666	0.2245339134
0.6396368468	0.3603631532	0.9041221161	0.2242369463
0.6406378278	0.3593621722	0.9047941765	0.2239407525
0.6416388088	0.3583611912	0.9054629584	0.2236453291
0.6426397898	0.3573602102	0.9061284725	0.223350673
0.6436407708	0.3563592292	0.9067907294	0.2230567814
0.6446417518	0.3553582482	0.90744974	0.2227636513
0.6456427327	0.3543572673	0.9081055147	0.2224712797
0.6466437137	0.3533562863	0.9087580642	0.2221796638
0.6476446947	0.3523553053	0.9094073991	0.2218888008
0.6486456757	0.3513543243	0.9100535299	0.2215986876
0.6496466567	0.3503533433	0.9106964672	0.2213093215
0.6506476376	0.3493523624	0.9113362215	0.2210206997
0.6516486186	0.3483513814	0.9119728033	0.2207328192
0.6526495996	0.3473504004	0.9126062231	0.2204456773
0.6536505806	0.3463494194	0.9132364912	0.2201592712
0.6546515616	0.3453484384	0.9138636182	0.2198735981
0.6556525425	0.3443474575	0.9144876143	0.2195886552
0.6566535235	0.3433464765	0.9151084901	0.2193044398
0.6576545045	0.3423454955	0.9157262557	0.219020949
0.6586554855	0.3413445145	0.9163409217	0.2187381803
0.6596564665	0.3403435335	0.9169524981	0.2184561308
0.6606574474	0.3393425526	0.9175609954	0.2181747979
0.6616584284	0.3383415716	0.9181664238	0.2178941788
0.6626594094	0.3373405906	0.9187687934	0.217614271
0.6636603904	0.3363396096	0.9193681146	0.2173350716
0.6646613714	0.3353386286	0.9199643974	0.2170565781
0.6656623524	0.3343376476	0.920557652	0.2167787879
0.6666633333	0.3333366667	0.9211478886	0.2165016982
0.6676643143	0.3323356857	0.9217351172	0.2162253066
0.6686652953	0.3313347047	0.922319348	0.2159496103
0.6696662763	0.3303337237	0.9229005909	0.2156746069
0.6706672573	0.3293327427	0.923478856	0.2154002936
0.6716682382	0.3283317618	0.9240541533	0.2151266681
0.6726692192	0.3273307808	0.9246264927	0.2148537276
0.6736702002	0.3263297998	0.9251958843	0.2145814698
0.6746711812	0.3253288188	0.925762338	0.214309892
0.6756721622	0.3243278378	0.9263258635	0.2140389917
0.6766731431	0.3233268569	0.9268864709	0.2137687665
0.6776741241	0.3223258759	0.92744417	0.2134992138
0.6786751051	0.3213248949	0.9279989705	0.2132303312
0.6796760861	0.3203239139	0.9285508824	0.2129621163
0.6806770671	0.3193229329	0.9290999153	0.2126945664
0.681678048	0.318321952	0.929646079	0.2124276793
0.682679029	0.317320971	0.9301893833	0.2121614525
0.68368001	0.31631999	0.9307298377	0.2118958836
0.684680991	0.315319009	0.9312674521	0.2116309701
0.685681972	0.314318028	0.931802236	0.2113667097
0.686682953	0.313317047	0.9323341991	0.2111031
0.6876839339	0.3123160661	0.932863351	0.2108401386
0.6886849149	0.3113150851	0.9333897011	0.2105778232
0.6896858959	0.3103141041	0.9339132592	0.2103161514
0.6906868769	0.3093131231	0.9344340346	0.2100551209
0.6916878579	0.3083121421	0.9349520369	0.2097947293
0.6926888388	0.3073111612	0.9354672756	0.2095349744
0.6936898198	0.3063101802	0.93597976	0.2092758538
0.6946908008	0.3053091992	0.9364894997	0.2090173652
0.6956917818	0.3043082182	0.9369965039	0.2087595064
0.6966927628	0.3033072372	0.9375007821	0.208502275
0.6976937437	0.3023062563	0.9380023436	0.2082456689
0.6986947247	0.3013052753	0.9385011977	0.2079896858
0.6996957057	0.3003042943	0.9389973537	0.2077343234
0.7006966867	0.2993033133	0.9394908208	0.2074795795
0.7016976677	0.2983023323	0.9399816083	0.2072254519
0.7026986486	0.2973013514	0.9404697254	0.2069719384
0.7036996296	0.2963003704	0.9409551813	0.2067190368
0.7047006106	0.2952993894	0.9414379852	0.2064667449
0.7057015916	0.2942984084	0.9419181461	0.2062150605
0.7067025726	0.2932974274	0.9423956732	0.2059639814
0.7077035536	0.2922964464	0.9428705755	0.2057135056
0.7087045345	0.2912954655	0.9433428621	0.2054636308
0.7097055155	0.2902944845	0.9438125421	0.205214355
0.7107064965	0.2892935035	0.9442796245	0.2049656759
0.7117074775	0.2882925225	0.9447441181	0.2047175915
0.7127084585	0.2872915415	0.9452060321	0.2044700997
0.7137094394	0.2862905606	0.9456653752	0.2042231984
0.7147104204	0.2852895796	0.9461221565	0.2039768854
0.7157114014	0.2842885986	0.9465763847	0.2037311588
0.7167123824	0.2832876176	0.9470280687	0.2034860164
0.7177133634	0.2822866366	0.9474772174	0.2032414562
0.7187143443	0.2812856557	0.9479238396	0.2029974761
0.7197153253	0.2802846747	0.948367944	0.2027540742
0.7207163063	0.2792836937	0.9488095393	0.2025112483
0.7217172873	0.2782827127	0.9492486344	0.2022689965
0.7227182683	0.2772817317	0.9496852378	0.2020273167
0.7237192492	0.2762807508	0.9501193583	0.201786207
0.7247202302	0.2752797698	0.9505510045	0.2015456653
0.7257212112	0.2742787888	0.9509801851	0.2013056897
0.7267221922	0.2732778078	0.9514069085	0.2010662782
0.7277231732	0.2722768268	0.9518311835	0.2008274288
0.7287241542	0.2712758458	0.9522530184	0.2005891396
0.7297251351	0.2702748649	0.952672422	0.2003514086
0.7307261161	0.2692738839	0.9530894026	0.2001142339
0.7317270971	0.2682729029	0.9535039687	0.1998776136
0.7327280781	0.2672719219	0.9539161287	0.1996415457
0.7337290591	0.2662709409	0.9543258912	0.1994060283
0.73473004	0.26526996	0.9547332644	0.1991710596
0.735731021	0.264268979	0.9551382567	0.1989366376
0.736732002	0.263267998	0.9555408765	0.1987027605
0.737732983	0.262267017	0.9559411321	0.1984694263
0.738733964	0.261266036	0.9563390318	0.1982366333
0.7397349449	0.2602650551	0.9567345838	0.1980043795
0.7407359259	0.2592640741	0.9571277964	0.1977726631
0.7417369069	0.2582630931	0.9575186779	0.1975414822
0.7427378879	0.2572621121	0.9579072363	0.1973108351
0.7437388689	0.2562611311	0.9582934799	0.1970807198
0.7447398498	0.2552601502	0.9586774168	0.1968511346
0.7457408308	0.2542591692	0.9590590551	0.1966220777
0.7467418118	0.2532581882	0.9594384029	0.1963935473
0.7477427928	0.2522572072	0.9598154683	0.1961655415
0.7487437738	0.2512562262	0.9601902594	0.1959380586
0.7497447548	0.2502552452	0.9605627841	0.1957110968
0.7507457357	0.2492542643	0.9609330504	0.1954846544
0.7517467167	0.2482532833	0.9613010663	0.1952587295
0.7527476977	0.2472523023	0.9616668397	0.1950333204
0.7537486787	0.2462513213	0.9620303787	0.1948084255
0.7547496597	0.2452503403	0.9623916909	0.1945840428
0.7557506406	0.2442493594	0.9627507844	0.1943601708
0.7567516216	0.2432483784	0.963107667	0.1941368076
0.7577526026	0.2422473974	0.9634623465	0.1939139517
0.7587535836	0.2412464164	0.9638148306	0.1936916011
0.7597545646	0.2402454354	0.9641651272	0.1934697544
0.7607555455	0.2392444545	0.9645132441	0.1932484097
0.7617565265	0.2382434735	0.9648591888	0.1930275654
0.7627575075	0.2372424925	0.9652029692	0.1928072198
0.7637584885	0.2362415115	0.9655445929	0.1925873712
0.7647594695	0.2352405305	0.9658840675	0.1923680181
0.7657604505	0.2342395495	0.9662214008	0.1921491586
0.7667614314	0.2332385686	0.9665566002	0.1919307912
0.7677624124	0.2322375876	0.9668896733	0.1917129143
0.7687633934	0.2312366066	0.9672206278	0.1914955261
0.7697643744	0.2302356256	0.9675494712	0.1912786251
0.7707653554	0.2292346446	0.9678762109	0.1910622097
0.7717663363	0.2282336637	0.9682008544	0.1908462782
0.7727673173	0.2272326827	0.9685234093	0.190630829
0.7737682983	0.2262317017	0.9688438828	0.1904158606
0.7747692793	0.2252307207	0.9691622826	0.1902013713
0.7757702603	0.2242297397	0.9694786158	0.1899873596
0.7767712412	0.2232287588	0.96979289	0.1897738239
0.7777722222	0.2222277778	0.9701051124	0.1895607626
0.7787732032	0.2212267968	0.9704152903	0.1893481742
0.7797741842	0.2202258158	0.9707234311	0.189136057
0.7807751652	0.2192248348	0.971029542	0.1889244096
0.7817761461	0.2182238539	0.9713336303	0.1887132304
0.7827771271	0.2172228729	0.9716357032	0.1885025178
0.7837781081	0.2162218919	0.9719357679	0.1882922704
0.7847790891	0.2152209109	0.9722338315	0.1880824866
0.7857800701	0.2142199299	0.9725299013	0.1878731649
0.7867810511	0.2132189489	0.9728239843	0.1876643038
0.787782032	0.212217968	0.9731160877	0.1874559018
0.788783013	0.211216987	0.9734062186	0.1872479573
0.789783994	0.210216006	0.973694384	0.187040469
0.790784975	0.209215025	0.9739805909	0.1868334353
0.791785956	0.208214044	0.9742648463	0.1866268546
0.7927869369	0.2072130631	0.9745471574	0.1864207257
0.7937879179	0.2062120821	0.974827531	0.186215047
0.7947888989	0.2052111011	0.975105974	0.1860098169
0.7957898799	0.2042101201	0.9753824935	0.1858050342
0.7967908609	0.2032091391	0.9756570963	0.1856006973
0.7977918418	0.2022081582	0.9759297892	0.1853968048
0.7987928228	0.2012071772	0.9762005792	0.1851933553
0.7997938038	0.2002061962	0.9764694731	0.1849903473
0.8007947848	0.1992052152	0.9767364777	0.1847877794
0.8017957658	0.1982042342	0.9770015998	0.1845856502
0.8027967467	0.1972032533	0.9772648461	0.1843839583
0.8037977277	0.1962022723	0.9775262235	0.1841827023
0.8047987087	0.1952012913	0.9777857385	0.1839818808
0.8057996897	0.1942003103	0.978043398	0.1837814924
0.8068006707	0.1931993293	0.9782992086	0.1835815356
0.8078016517	0.1921983483	0.978553177	0.1833820092
0.8088026326	0.1911973674	0.9788053097	0.1831829118
0.8098036136	0.1901963864	0.9790556135	0.1829842419
0.8108045946	0.1891954054	0.9793040949	0.1827859983
0.8118055756	0.1881944244	0.9795507605	0.1825881795
0.8128065566	0.1871934434	0.9797956167	0.1823907842
0.8138075375	0.1861924625	0.9800386703	0.1821938111
0.8148085185	0.1851914815	0.9802799276	0.1819972588
0.8158094995	0.1841905005	0.9805193951	0.181801126
0.8168104805	0.1831895195	0.9807570794	0.1816054114
0.8178114615	0.1821885385	0.9809929868	0.1814101136
0.8188124424	0.1811875576	0.9812271237	0.1812152313
0.8198134234	0.1801865766	0.9814594967	0.1810207632
0.8208144044	0.1791855956	0.9816901119	0.1808267081
0.8218153854	0.1781846146	0.9819189759	0.1806330645
0.8228163664	0.1771836336	0.9821460948	0.1804398312
0.8238173473	0.1761826527	0.9823714752	0.180247007
0.8248183283	0.1751816717	0.9825951231	0.1800545904
0.8258193093	0.1741806907	0.982817045	0.1798625803
0.8268202903	0.1731797097	0.983037247	0.1796709754
0.8278212713	0.1721787287	0.9832557354	0.1794797744
0.8288222523	0.1711777477	0.9834725164	0.1792889761
0.8298232332	0.1701767668	0.9836875962	0.1790985791
0.8308242142	0.1691757858	0.9839009809	0.1789085822
0.8318251952	0.1681748048	0.9841126767	0.1787189842
0.8328261762	0.1671738238	0.9843226897	0.1785297838
0.8338271572	0.1661728428	0.9845310261	0.1783409799
0.8348281381	0.1651718619	0.9847376918	0.1781525711
0.8358291191	0.1641708809	0.9849426931	0.1779645562
0.8368301001	0.1631698999	0.9851460358	0.1777769341
0.8378310811	0.1621689189	0.9853477261	0.1775897034
0.8388320621	0.1611679379	0.9855477699	0.177402863
0.839833043	0.160166957	0.9857461732	0.1772164117
0.840834024	0.159165976	0.9859429421	0.1770303482
0.841835005	0.158164995	0.9861380823	0.1768446714
0.842835986	0.157164014	0.9863315999	0.1766593801
0.843836967	0.156163033	0.9865235007	0.1764744731
0.8448379479	0.1551620521	0.9867137907	0.1762899492
0.8458389289	0.1541610711	0.9869024757	0.1761058072
0.8468399099	0.1531600901	0.9870895615	0.175922046
0.8478408909	0.1521591091	0.987275054	0.1757386643
0.8488418719	0.1511581281	0.9874589589	0.1755556611
0.8498428529	0.1501571471	0.9876412821	0.1753730351
0.8508438338	0.1491561662	0.9878220292	0.1751907852
0.8518448148	0.1481551852	0.9880012062	0.1750089102
0.8528457958	0.1471542042	0.9881788186	0.1748274091
0.8538467768	0.1461532232	0.9883548722	0.1746462806
0.8548477578	0.1451522422	0.9885293726	0.1744655237
0.8558487387	0.1441512613	0.9887023256	0.1742851371
0.8568497197	0.1431502803	0.9888737368	0.1741051199
0.8578507007	0.1421492993	0.9890436118	0.1739254707
0.8588516817	0.1411483183	0.9892119562	0.1737461886
0.8598526627	0.1401473373	0.9893787756	0.1735672724
0.8608536436	0.1391463564	0.9895440756	0.173388721
0.8618546246	0.1381453754	0.9897078617	0.1732105333
0.8628556056	0.1371443944	0.9898701395	0.1730327082
0.8638565866	0.1361434134	0.9900309144	0.1728552446
0.8648575676	0.1351424324	0.990190192	0.1726781414
0.8658585485	0.1341414515	0.9903479778	0.1725013975
0.8668595295	0.1331404705	0.9905042771	0.1723250118
0.8678605105	0.1321394895	0.9906590955	0.1721489834
0.8688614915	0.1311385085	0.9908124384	0.171973311
0.8698624725	0.1301375275	0.9909643111	0.1717979936
0.8708634535	0.1291365465	0.9911147191	0.1716230301
0.8718644344	0.1281355656	0.9912636676	0.1714484196
0.8728654154	0.1271345846	0.9914111622	0.1712741608
0.8738663964	0.1261336036	0.991557208	0.1711002529
0.8748673774	0.1251326226	0.9917018104	0.1709266946
0.8758683584	0.1241316416	0.9918449746	0.1707534851
0.8768693393	0.1231306607	0.9919867061	0.1705806232
0.8778703203	0.1221296797	0.9921270099	0.1704081079
0.8788713013	0.1211286987	0.9922658914	0.1702359381
0.8798722823	0.1201277177	0.9924033558	0.1700641129
0.8808732633	0.1191267367	0.9925394082	0.1698926312
0.8818742442	0.1181257558	0.9926740538	0.1697214921
0.8828752252	0.1171247748	0.9928072979	0.1695506943
0.8838762062	0.1161237938	0.9929391456	0.1693802371
0.8848771872	0.1151228128	0.9930696019	0.1692101193
0.8858781682	0.1141218318	0.993198672	0.16904034
0.8868791491	0.1131208509	0.9933263611	0.1688708981
0.8878801301	0.1121198699	0.9934526741	0.1687017927
0.8888811111	0.1111188889	0.9935776161	0.1685330227
0.8898820921	0.1101179079	0.9937011922	0.1683645872
0.8908830731	0.1091169269	0.9938234074	0.1681964852
0.8918840541	0.1081159459	0.9939442668	0.1680287157
0.892885035	0.107114965	0.9940637752	0.1678612777
0.893886016	0.106113984	0.9941819377	0.1676941703
0.894886997	0.105113003	0.9942987592	0.1675273924
0.895887978	0.104112022	0.9944142446	0.1673609432
0.896888959	0.103111041	0.994528399	0.1671948216
0.8978899399	0.1021100601	0.9946412271	0.1670290268
0.8988909209	0.1011090791	0.9947527339	0.1668635576
0.8998919019	0.1001080981	0.9948629242	0.1666984133
0.9008928829	0.09910711712	0.994971803	0.1665335928
0.9018938639	0.09810613614	0.995079375	0.1663690952
0.9028948448	0.09710515516	0.995185645	0.1662049196
0.9038958258	0.09610417417	0.9952906179	0.1660410649
0.9048968068	0.09510319319	0.9953942984	0.1658775304
0.9058977878	0.09410221221	0.9954966913	0.165714315
0.9068987688	0.09310123123	0.9955978014	0.1655514179
0.9078997497	0.09210025025	0.9956976334	0.165388838
0.9089007307	0.09109926927	0.995796192	0.1652265746
0.9099017117	0.09009828829	0.995893482	0.1650646266
0.9109026927	0.08909730731	0.9959895079	0.1649029932
0.9119036737	0.08809632633	0.9960842745	0.1647416735
0.9129046547	0.08709534535	0.9961777865	0.1645806665
0.9139056356	0.08609436436	0.9962700485	0.1644199713
0.9149066166	0.08509338338	0.996361065	0.1642595871
0.9159075976	0.0840924024	0.9964508408	0.1640995129
0.9169085786	0.08309142142	0.9965393803	0.1639397479
0.9179095596	0.08209044044	0.9966266882	0.1637802912
0.9189105405	0.08108945946	0.9967127691	0.1636211419
0.9199115215	0.08008847848	0.9967976274	0.1634622991
0.9209125025	0.0790874975	0.9968812677	0.1633037619
0.9219134835	0.07808651652	0.9969636946	0.1631455295
0.9229144645	0.07708553554	0.9970449124	0.1629876009
0.9239154454	0.07608455455	0.9971249257	0.1628299754
0.9249164264	0.07508357357	0.997203739	0.162672652
0.9259174074	0.07408259259	0.9972813567	0.1625156299
0.9269183884	0.07308161161	0.9973577832	0.1623589083
0.9279193694	0.07208063063	0.997433023	0.1622024862
0.9289203504	0.07107964965	0.9975070804	0.1620463629
0.9299213313	0.07007866867	0.9975799598	0.1618905374
0.9309223123	0.06907768769	0.9976516657	0.161735009
0.9319232933	0.06807670671	0.9977222023	0.1615797768
0.9329242743	0.06707572573	0.997791574	0.1614248399
0.9339252553	0.06607474474	0.9978597852	0.1612701975
0.9349262362	0.06507376376	0.9979268401	0.1611158488
0.9359272172	0.06407278278	0.9979927431	0.160961793
0.9369281982	0.0630718018	0.9980574983	0.1608080292
0.9379291792	0.06207082082	0.9981211102	0.1606545566
0.9389301602	0.06106983984	0.9981835829	0.1605013744
0.9399311411	0.06006885886	0.9982449207	0.1603484817
0.9409321221	0.05906787788	0.9983051277	0.1601958778
0.9419331031	0.0580668969	0.9983642083	0.1600435619
0.9429340841	0.05706591592	0.9984221666	0.1598915331
0.9439350651	0.05606493493	0.9984790067	0.1597397906
0.944936046	0.05506395395	0.9985347329	0.1595883336
0.945937027	0.05406297297	0.9985893492	0.1594371614
0.946938008	0.05306199199	0.9986428599	0.1592862731
0.947938989	0.05206101101	0.998695269	0.1591356679
0.94893997	0.05106003003	0.9987465806	0.1589853451
0.949940951	0.05005904905	0.9987967989	0.1588353038
0.9509419319	0.04905806807	0.9988459279	0.1586855433
0.9519429129	0.04805708709	0.9988939716	0.1585360628
0.9529438939	0.04705610611	0.9989409342	0.1583868615
0.9539448749	0.04605512513	0.9989868196	0.1582379386
0.9549458559	0.04505414414	0.9990316318	0.1580892935
0.9559468368	0.04405316316	0.999075375	0.1579409252
0.9569478178	0.04305218218	0.999118053	0.157792833
0.9579487988	0.0420512012	0.9991596698	0.1576450162
0.9589497798	0.04105022022	0.9992002295	0.157497474
0.9599507608	0.04004923924	0.9992397359	0.1573502056
0.9609517417	0.03904825826	0.999278193	0.1572032104
0.9619527227	0.03804727728	0.9993156046	0.1570564874
0.9629537037	0.0370462963	0.9993519749	0.1569100361
0.9639546847	0.03604531532	0.9993873075	0.1567638555
0.9649556657	0.03504433433	0.9994216064	0.1566179451
0.9659566466	0.03404335335	0.9994548754	0.156472304
0.9669576276	0.03304237237	0.9994871185	0.1563269315
0.9679586086	0.03204139139	0.9995183395	0.1561818269
0.9689595896	0.03104041041	0.9995485421	0.1560369894
0.9699605706	0.03003942943	0.9995777301	0.1558924183
0.9709615516	0.02903844845	0.9996059075	0.1557481129
0.9719625325	0.02803746747	0.999633078	0.1556040724
0.9729635135	0.02703648649	0.9996592453	0.1554602962
0.9739644945	0.02603550551	0.9996844132	0.1553167835
0.9749654755	0.02503452452	0.9997085855	0.1551735335
0.9759664565	0.02403354354	0.9997317658	0.1550305456
0.9769674374	0.02303256256	0.999753958	0.1548878191
0.9779684184	0.02203158158	0.9997751656	0.1547453532
0.9789693994	0.0210306006	0.9997953925	0.1546031472
0.9799703804	0.02002961962	0.9998146423	0.1544612005
0.9809713614	0.01902863864	0.9998329186	0.1543195122
0.9819723423	0.01802765766	0.9998502252	0.1541780819
0.9829733233	0.01702667668	0.9998665655	0.1540369086
0.9839743043	0.0160256957	0.9998819434	0.1538959918
0.9849752853	0.01502471471	0.9998963624	0.1537553307
0.9859762663	0.01402373373	0.9999098261	0.1536149246
0.9869772472	0.01302275275	0.9999223381	0.1534747729
0.9879782282	0.01202177177	0.9999339019	0.1533348749
0.9889792092	0.01102079079	0.9999445212	0.1531952298
0.9899801902	0.01001980981	0.9999541995	0.1530558371
0.9909811712	0.009018828829	0.9999629403	0.152916696
0.9919821522	0.008017847848	0.9999707472	0.1527778059
0.9929831331	0.007016866867	0.9999776237	0.152639166
0.9939841141	0.006015885886	0.9999835732	0.1525007757
0.9949850951	0.005014904905	0.9999885993	0.1523626344
0.9959860761	0.004013923924	0.9999927055	0.1522247414
0.9969870571	0.003012942943	0.9999958952	0.1520870959
0.997988038	0.002011961962	0.9999981719	0.1519496974
0.998989019	0.001010980981	0.999999539	0.1518125452
0.99999	1e-05	1	0.1516756386
