1e-05	0.99999	0.06514475545	1.000000001
0.001010980981	0.998989019	0.06416290739	1.00000767
0.002011961962	0.997988038	0.06326195242	1.000028992
0.003012942943	0.9969870571	0.0624362951	1.000062002
0.004013923924	0.9959860761	0.06168085538	1.000104848
0.005014904905	0.9949850951	0.06099101393	1.000155783
0.006015885886	0.9939841141	0.06036256409	1.000213163
0.007016866867	0.9929831331	0.05979166936	1.000275438
0.008017847848	0.9919821522	0.05927482593	1.000341148
0.009018828829	0.9909811712	0.05880882944	1.000408919
0.01001980981	0.9899801902	0.05839074551	1.000477456
0.01102079079	0.9889792092	0.05801788357	1.000545541
0.01202177177	0.9879782282	0.0576877735	1.000612029
0.01302275275	0.9869772472	0.0573981449	1.000675841
0.01402373373	0.9859762663	0.05714690844	1.000735965
0.01502471471	0.9849752853	0.0569321393	1.000791449
0.0160256957	0.9839743043	0.05675206227	1.0008414
0.01702667668	0.9829733233	0.05660503835	1.000884978
0.01802765766	0.9819723423	0.05648955278	1.000921398
0.01902863864	0.9809713614	0.0564042042	1.000949924
0.02002961962	0.9799703804	0.05634769492	1.000969865
0.0210306006	0.9789693994	0.05631882212	1.000980577
0.02203158158	0.9779684184	0.05631646988	1.000981456
0.02303256256	0.9769674374	0.05633960201	1.000971942
0.02403354354	0.9759664565	0.05638725549	1.000951509
0.02503452452	0.9749654755	0.05645853459	1.00091967
0.02603550551	0.9739644945	0.05655260546	1.000875971
0.02703648649	0.9729635135	0.05666869126	1.000819992
0.02803746747	0.9719625325	0.0568060677	1.000751343
0.02903844845	0.9709615516	0.05696405893	1.000669665
0.03003942943	0.9699605706	0.05714203392	1.000574626
0.03104041041	0.9689595896	0.05733940298	1.00046592
0.03204139139	0.9679586086	0.05755561471	1.000343267
0.03304237237	0.9669576276	0.05779015317	1.000206413
0.03404335335	0.9659566466	0.05804253522	1.000055124
0.03504433433	0.9649556657	0.05831230816	0.9998891902
0.03604531532	0.9639546847	0.05859904756	0.9997084203
0.0370462963	0.9629537037	0.05890235521	0.9995126441
0.03804727728	0.9619527227	0.05922185724	0.9993017098
0.03904825826	0.9609517417	0.05955720245	0.9990754833
0.04004923924	0.9599507608	0.05990806073	0.9988338472
0.04105022022	0.9589497798	0.06027412155	0.9985767006
0.0420512012	0.9579487988	0.06065509268	0.9983039572
0.04305218218	0.9569478178	0.06105069888	0.9980155456
0.04405316316	0.9559468368	0.06146068081	0.9977114081
0.04505414414	0.9549458559	0.06188479391	0.9973914997
0.04605512513	0.9539448749	0.06232280742	0.997055788
0.04705610611	0.9529438939	0.06277450351	0.9967042524
0.04805708709	0.9519429129	0.06323967635	0.9963368832
0.04905806807	0.9509419319	0.06371813138	0.9959536815
0.05005904905	0.949940951	0.06420968454	0.9955546581
0.05106003003	0.94893997	0.0647141616	0.9951398336
0.05206101101	0.947938989	0.06523139751	0.9947092372
0.05306199199	0.946938008	0.06576123582	0.9942629069
0.05406297297	0.945937027	0.0663035281	0.9938008886
0.05506395395	0.944936046	0.06685813346	0.9933232358
0.05606493493	0.9439350651	0.06742491803	0.9928300093
0.05706591592	0.9429340841	0.06800375454	0.9923212764
0.0580668969	0.9419331031	0.06859452186	0.9917971112
0.05906787788	0.9409321221	0.06919710465	0.9912575934
0.06006885886	0.9399311411	0.06981139295	0.9907028088
0.06106983984	0.9389301602	0.07043728187	0.9901328483
0.06207082082	0.9379291792	0.07107467123	0.989547808
0.0630718018	0.9369281982	0.07172346529	0.9889477887
0.06407278278	0.9359272172	0.07238357243	0.9883328955
0.06507376376	0.9349262362	0.07305490492	0.987703238
0.06607474474	0.9339252553	0.07373737865	0.9870589293
0.06707572573	0.9329242743	0.07443091289	0.9864000867
0.06807670671	0.9319232933	0.07513543006	0.9857268304
0.06907768769	0.9309223123	0.07585085557	0.9850392841
0.07007866867	0.9299213313	0.07657711755	0.9843375743
0.07107964965	0.9289203504	0.07731414673	0.9836218306
0.07208063063	0.9279193694	0.07806187624	0.9828921847
0.07308161161	0.9269183884	0.07882024144	0.982148771
0.07408259259	0.9259174074	0.07958917978	0.9813917259
0.07508357357	0.9249164264	0.08036863065	0.9806211881
0.07608455455	0.9239154454	0.08115853526	0.9798372977
0.07708553554	0.9229144645	0.08195883646	0.979040197
0.07808651652	0.9219134835	0.08276947868	0.9782300294
0.0790874975	0.9209125025	0.0835904078	0.9774069399
0.08008847848	0.9199115215	0.084421571	0.9765710747
0.08108945946	0.9189105405	0.08526291672	0.9757225813
0.08209044044	0.9179095596	0.08611439452	0.9748616078
0.08309142142	0.9169085786	0.08697595501	0.9739883036
0.0840924024	0.9159075976	0.08784754976	0.9731028187
0.08509338338	0.9149066166	0.08872913122	0.9722053035
0.08609436436	0.9139056356	0.08962065263	0.9712959093
0.08709534535	0.9129046547	0.09052206799	0.9703747877
0.08809632633	0.9119036737	0.09143333193	0.9694420906
0.08909730731	0.9109026927	0.0923543997	0.9684979703
0.09009828829	0.9099017117	0.09328522708	0.9675425791
0.09109926927	0.9089007307	0.09422577036	0.9665760695
0.09210025025	0.9078997497	0.09517598621	0.965598594
0.09310123123	0.9068987688	0.09613583172	0.964610305
0.09410221221	0.9058977878	0.09710526429	0.9636113547
0.09510319319	0.9048968068	0.09808424163	0.9626018954
0.09610417417	0.9038958258	0.09907272165	0.9615820788
0.09710515516	0.9028948448	0.1000706625	0.9605520563
0.09810613614	0.9018938639	0.1010780225	0.9595119792
0.09910711712	0.9008928829	0.1020947601	0.958461998
0.1001080981	0.8998919019	0.1031208338	0.957402263
0.1011090791	0.8988909209	0.1041562023	0.9563329238
0.1021100601	0.8978899399	0.1052008241	0.9552541294
0.103111041	0.896888959	0.1062546579	0.9541660284
0.104112022	0.895887978	0.1073176623	0.9530687683
0.105113003	0.894886997	0.108389796	0.9519624964
0.106113984	0.893886016	0.1094710174	0.9508473588
0.107114965	0.892885035	0.1105612851	0.9497235011
0.1081159459	0.8918840541	0.1116605573	0.948591068
0.1091169269	0.8908830731	0.1127687923	0.9474502033
0.1101179079	0.8898820921	0.1138859482	0.94630105
0.1111188889	0.8888811111	0.1150119828	0.9451437501
0.1121198699	0.8878801301	0.1161468539	0.9439784448
0.1131208509	0.8868791491	0.1172905192	0.9428052742
0.1141218318	0.8858781682	0.1184429358	0.9416243776
0.1151228128	0.8848771872	0.1196040611	0.9404358931
0.1161237938	0.8838762062	0.1207738519	0.939239958
0.1171247748	0.8828752252	0.121952265	0.9380367083
0.1181257558	0.8818742442	0.1231392568	0.9368262791
0.1191267367	0.8808732633	0.1243347835	0.9356088045
0.1201277177	0.8798722823	0.1255388011	0.9343844173
0.1211286987	0.8788713013	0.1267512653	0.9331532495
0.1221296797	0.8778703203	0.1279721316	0.9319154318
0.1231306607	0.8768693393	0.129201355	0.9306710936
0.1241316416	0.8758683584	0.1304388904	0.9294203636
0.1251326226	0.8748673774	0.1316846925	0.928163369
0.1261336036	0.8738663964	0.1329387156	0.926900236
0.1271345846	0.8728654154	0.1342009136	0.9256310897
0.1281355656	0.8718644344	0.1354712403	0.9243560538
0.1291365465	0.8708634535	0.1367496491	0.9230752511
0.1301375275	0.8698624725	0.1380360931	0.9217888031
0.1311385085	0.8688614915	0.1393305252	0.9204968302
0.1321394895	0.8678605105	0.140632898	0.9191994514
0.1331404705	0.8668595295	0.1419431636	0.9178967847
0.1341414515	0.8658585485	0.1432612739	0.916588947
0.1351424324	0.8648575676	0.1445871807	0.9152760538
0.1361434134	0.8638565866	0.1459208352	0.9139582196
0.1371443944	0.8628556056	0.1472621886	0.9126355575
0.1381453754	0.8618546246	0.1486111915	0.9113081795
0.1391463564	0.8608536436	0.1499677945	0.9099761966
0.1401473373	0.8598526627	0.1513319476	0.9086397183
0.1411483183	0.8588516817	0.1527036008	0.9072988532
0.1421492993	0.8578507007	0.1540827036	0.9059537084
0.1431502803	0.8568497197	0.1554692055	0.9046043902
0.1441512613	0.8558487387	0.1568630553	0.9032510033
0.1451522422	0.8548477578	0.1582642019	0.9018936517
0.1461532232	0.8538467768	0.1596725937	0.9005324377
0.1471542042	0.8528457958	0.161088179	0.899167463
0.1481551852	0.8518448148	0.1625109056	0.8977988276
0.1491561662	0.8508438338	0.1639407214	0.8964266307
0.1501571471	0.8498428529	0.1653775737	0.8950509702
0.1511581281	0.8488418719	0.1668214096	0.8936719428
0.1521591091	0.8478408909	0.1682721762	0.8922896443
0.1531600901	0.8468399099	0.16972982	0.8909041691
0.1541610711	0.8458389289	0.1711942876	0.8895156107
0.1551620521	0.8448379479	0.1726655251	0.8881240611
0.156163033	0.843836967	0.1741434786	0.8867296116
0.157164014	0.842835986	0.1756280938	0.8853323522
0.158164995	0.841835005	0.1771193162	0.8839323719
0.159165976	0.840834024	0.1786170912	0.8825297583
0.160166957	0.839833043	0.1801213639	0.8811245982
0.1611679379	0.8388320621	0.1816320791	0.8797169773
0.1621689189	0.8378310811	0.1831491817	0.8783069801
0.1631698999	0.8368301001	0.1846726162	0.8768946901
0.1641708809	0.8358291191	0.1862023269	0.8754801898
0.1651718619	0.8348281381	0.187738258	0.8740635605
0.1661728428	0.8338271572	0.1892803534	0.8726448825
0.1671738238	0.8328261762	0.1908285571	0.8712242352
0.1681748048	0.8318251952	0.1923828126	0.8698016967
0.1691757858	0.8308242142	0.1939430635	0.8683773444
0.1701767668	0.8298232332	0.1955092531	0.8669512545
0.1711777477	0.8288222523	0.1970813247	0.8655235022
0.1721787287	0.8278212713	0.1986592214	0.8640941616
0.1731797097	0.8268202903	0.200242886	0.8626633062
0.1741806907	0.8258193093	0.2018322614	0.861231008
0.1751816717	0.8248183283	0.2034272904	0.8597973384
0.1761826527	0.8238173473	0.2050279155	0.8583623678
0.1771836336	0.8228163664	0.2066340791	0.8569261655
0.1781846146	0.8218153854	0.2082457237	0.8554887999
0.1791855956	0.8208144044	0.2098627916	0.8540503384
0.1801865766	0.8198134234	0.2114852249	0.8526108478
0.1811875576	0.8188124424	0.2131129658	0.8511703936
0.1821885385	0.8178114615	0.2147459563	0.8497290405
0.1831895195	0.8168104805	0.2163841383	0.8482868524
0.1841905005	0.8158094995	0.2180274538	0.8468438921
0.1851914815	0.8148085185	0.2196758446	0.8454002219
0.1861924625	0.8138075375	0.2213292525	0.8439559027
0.1871934434	0.8128065566	0.2229876192	0.842510995
0.1881944244	0.8118055756	0.2246508864	0.8410655582
0.1891954054	0.8108045946	0.2263189958	0.8396196508
0.1901963864	0.8098036136	0.2279918891	0.8381733307
0.1911973674	0.8088026326	0.2296695077	0.8367266548
0.1921983483	0.8078016517	0.2313517933	0.8352796791
0.1931993293	0.8068006707	0.2330386875	0.8338324589
0.1942003103	0.8057996897	0.2347301318	0.8323850488
0.1952012913	0.8047987087	0.2364260679	0.8309375023
0.1962022723	0.8037977277	0.2381264372	0.8294898725
0.1972032533	0.8027967467	0.2398311814	0.8280422113
0.1982042342	0.8017957658	0.241540242	0.8265945702
0.1992052152	0.8007947848	0.2432535607	0.8251469996
0.2002061962	0.7997938038	0.2449710791	0.8236995495
0.2012071772	0.7987928228	0.2466927389	0.8222522688
0.2022081582	0.7977918418	0.2484184818	0.8208052059
0.2032091391	0.7967908609	0.2501482495	0.8193584083
0.2042101201	0.7957898799	0.2518819838	0.8179119231
0.2052111011	0.7947888989	0.2536196266	0.8164657962
0.2062120821	0.7937879179	0.2553611198	0.8150200731
0.2072130631	0.7927869369	0.2571064053	0.8135747986
0.208214044	0.791785956	0.2588554252	0.8121300168
0.209215025	0.790784975	0.2606081215	0.8106857709
0.210216006	0.789783994	0.2623644366	0.8092421038
0.211216987	0.788783013	0.2641243125	0.8077990573
0.212217968	0.787782032	0.2658876918	0.806356673
0.2132189489	0.7867810511	0.2676545167	0.8049149914
0.2142199299	0.7857800701	0.2694247299	0.8034740526
0.2152209109	0.7847790891	0.271198274	0.8020338961
0.2162218919	0.7837781081	0.2729750918	0.8005945607
0.2172228729	0.7827771271	0.274755126	0.7991560846
0.2182238539	0.7817761461	0.2765383196	0.7977185052
0.2192248348	0.7807751652	0.2783246158	0.7962818596
0.2202258158	0.7797741842	0.2801139577	0.794846184
0.2212267968	0.7787732032	0.2819062886	0.7934115144
0.2222277778	0.7777722222	0.2837015521	0.7919778857
0.2232287588	0.7767712412	0.2854996916	0.7905453326
0.2242297397	0.7757702603	0.287300651	0.7891138892
0.2252307207	0.7747692793	0.2891043741	0.7876835888
0.2262317017	0.7737682983	0.2909108049	0.7862544644
0.2272326827	0.7727673173	0.2927198877	0.7848265483
0.2282336637	0.7717663363	0.2945315666	0.7833998723
0.2292346446	0.7707653554	0.2963457862	0.7819744676
0.2302356256	0.7697643744	0.2981624912	0.780550365
0.2312366066	0.7687633934	0.2999816263	0.7791275947
0.2322375876	0.7677624124	0.3018031365	0.7777061863
0.2332385686	0.7667614314	0.303626967	0.776286169
0.2342395495	0.7657604505	0.305453063	0.7748675716
0.2352405305	0.7647594695	0.3072813701	0.773450422
0.2362415115	0.7637584885	0.309111834	0.7720347481
0.2372424925	0.7627575075	0.3109444005	0.770620577
0.2382434735	0.7617565265	0.3127790157	0.7692079353
0.2392444545	0.7607555455	0.3146156258	0.7677968494
0.2402454354	0.7597545646	0.3164541772	0.766387345
0.2412464164	0.7587535836	0.3182946166	0.7649794473
0.2422473974	0.7577526026	0.3201368908	0.7635731813
0.2432483784	0.7567516216	0.3219809469	0.7621685712
0.2442493594	0.7557506406	0.323826732	0.7607656411
0.2452503403	0.7547496597	0.3256741937	0.7593644144
0.2462513213	0.7537486787	0.3275232796	0.7579649143
0.2472523023	0.7527476977	0.3293739375	0.7565671633
0.2482532833	0.7517467167	0.3312261156	0.7551711837
0.2492542643	0.7507457357	0.3330797622	0.7537769972
0.2502552452	0.7497447548	0.3349348257	0.7523846253
0.2512562262	0.7487437738	0.336791255	0.7509940889
0.2522572072	0.7477427928	0.3386489989	0.7496054087
0.2532581882	0.7467418118	0.3405080068	0.7482186047
0.2542591692	0.7457408308	0.342368228	0.7468336969
0.2552601502	0.7447398498	0.3442296122	0.7454507046
0.2562611311	0.7437388689	0.3460921093	0.7440696468
0.2572621121	0.7427378879	0.3479556694	0.7426905422
0.2582630931	0.7417369069	0.3498202429	0.741313409
0.2592640741	0.7407359259	0.3516857804	0.7399382653
0.2602650551	0.7397349449	0.3535522328	0.7385651285
0.261266036	0.738733964	0.3554195512	0.7371940159
0.262267017	0.737732983	0.3572876869	0.7358249442
0.263267998	0.736732002	0.3591565914	0.7344579301
0.264268979	0.735731021	0.3610262167	0.7330929896
0.26526996	0.73473004	0.3628965148	0.7317301386
0.2662709409	0.7337290591	0.3647674381	0.7303693925
0.2672719219	0.7327280781	0.3666389391	0.7290107667
0.2682729029	0.7317270971	0.3685109707	0.7276542758
0.2692738839	0.7307261161	0.370383486	0.7262999343
0.2702748649	0.7297251351	0.3722564384	0.7249477567
0.2712758458	0.7287241542	0.3741297815	0.7235977566
0.2722768268	0.7277231732	0.3760034691	0.7222499477
0.2732778078	0.7267221922	0.3778774554	0.7209043432
0.2742787888	0.7257212112	0.3797516949	0.7195609563
0.2752797698	0.7247202302	0.3816261421	0.7182197995
0.2762807508	0.7237192492	0.383500752	0.7168808853
0.2772817317	0.7227182683	0.3853754799	0.7155442257
0.2782827127	0.7217172873	0.3872502811	0.7142098327
0.2792836937	0.7207163063	0.3891251115	0.7128777177
0.2802846747	0.7197153253	0.3909999269	0.7115478922
0.2812856557	0.7187143443	0.3928746838	0.710220367
0.2822866366	0.7177133634	0.3947493386	0.7088951529
0.2832876176	0.7167123824	0.3966238481	0.7075722604
0.2842885986	0.7157114014	0.3984981695	0.7062516998
0.2852895796	0.7147104204	0.40037226	0.704933481
0.2862905606	0.7137094394	0.4022460774	0.7036176137
0.2872915415	0.7127084585	0.4041195795	0.7023041073
0.2882925225	0.7117074775	0.4059927245	0.7009929712
0.2892935035	0.7107064965	0.4078654709	0.6996842143
0.2902944845	0.7097055155	0.4097377774	0.6983778454
0.2912954655	0.7087045345	0.411609603	0.6970738729
0.2922964464	0.7077035536	0.413480907	0.6957723051
0.2932974274	0.7067025726	0.4153516489	0.6944731501
0.2942984084	0.7057015916	0.4172217886	0.6931764157
0.2952993894	0.7047006106	0.4190912862	0.6918821095
0.2963003704	0.7036996296	0.4209601021	0.6905902388
0.2973013514	0.7026986486	0.422828197	0.689300811
0.2983023323	0.7016976677	0.4246955318	0.6880138329
0.2993033133	0.7006966867	0.4265620677	0.6867293112
0.3003042943	0.6996957057	0.4284277663	0.6854472525
0.3013052753	0.6986947247	0.4302925894	0.6841676632
0.3023062563	0.6976937437	0.4321564989	0.6828905494
0.3033072372	0.6966927628	0.4340194573	0.6816159169
0.3043082182	0.6956917818	0.4358814271	0.6803437717
0.3053091992	0.6946908008	0.4377423713	0.6790741192
0.3063101802	0.6936898198	0.4396022531	0.6778069647
0.3073111612	0.6926888388	0.4414610359	0.6765423136
0.3083121421	0.6916878579	0.4433186834	0.6752801707
0.3093131231	0.6906868769	0.4451751597	0.6740205408
0.3103141041	0.6896858959	0.4470304291	0.6727634287
0.3113150851	0.6886849149	0.4488844561	0.6715088388
0.3123160661	0.6876839339	0.4507372056	0.6702567753
0.313317047	0.686682953	0.4525886427	0.6690072424
0.314318028	0.685681972	0.4544387328	0.6677602441
0.315319009	0.684680991	0.4562874417	0.6665157841
0.31631999	0.68368001	0.4581347352	0.665273866
0.317320971	0.682679029	0.4599805797	0.6640344933
0.318321952	0.681678048	0.4618249416	0.6627976694
0.3193229329	0.6806770671	0.4636677877	0.6615633973
0.3203239139	0.6796760861	0.4655090851	0.66033168
0.3213248949	0.6786751051	0.4673488012	0.6591025205
0.3223258759	0.6776741241	0.4691869035	0.6578759214
0.3233268569	0.6766731431	0.4710233599	0.6566518852
0.3243278378	0.6756721622	0.4728581387	0.6554304144
0.3253288188	0.6746711812	0.4746912082	0.6542115111
0.3263297998	0.6736702002	0.4765225372	0.6529951777
0.3273307808	0.6726692192	0.4783520947	0.6517814159
0.3283317618	0.6716682382	0.4801798498	0.6505702278
0.3293327427	0.6706672573	0.4820057722	0.6493616149
0.3303337237	0.6696662763	0.4838298317	0.6481555789
0.3313347047	0.6686652953	0.4856519982	0.6469521212
0.3323356857	0.6676643143	0.4874722422	0.6457512433
0.3333366667	0.6666633333	0.4892905342	0.6445529462
0.3343376476	0.6656623524	0.4911068452	0.643357231
0.3353386286	0.6646613714	0.4929211462	0.6421640987
0.3363396096	0.6636603904	0.4947334086	0.6409735502
0.3373405906	0.6626594094	0.4965436043	0.6397855862
0.3383415716	0.6616584284	0.498351705	0.6386002072
0.3393425526	0.6606574474	0.500157683	0.6374174138
0.3403435335	0.6596564665	0.5019615107	0.6362372064
0.3413445145	0.6586554855	0.5037631609	0.6350595852
0.3423454955	0.6576545045	0.5055626066	0.6338845503
0.3433464765	0.6566535235	0.5073598211	0.6327121018
0.3443474575	0.6556525425	0.5091547777	0.6315422398
0.3453484384	0.6546515616	0.5109474504	0.6303749639
0.3463494194	0.6536505806	0.5127378131	0.629210274
0.3473504004	0.6526495996	0.5145258401	0.6280481697
0.3483513814	0.6516486186	0.516311506	0.6268886506
0.3493523624	0.6506476376	0.5180947856	0.625731716
0.3503533433	0.6496466567	0.5198756538	0.6245773654
0.3513543243	0.6486456757	0.5216540862	0.623425598
0.3523553053	0.6476446947	0.5234300581	0.6222764129
0.3533562863	0.6466437137	0.5252035454	0.6211298093
0.3543572673	0.6456427327	0.5269745242	0.619985786
0.3553582482	0.6446417518	0.5287429707	0.6188443421
0.3563592292	0.6436407708	0.5305088616	0.6177054763
0.3573602102	0.6426397898	0.5322721737	0.6165691874
0.3583611912	0.6416388088	0.534032884	0.6154354739
0.3593621722	0.6406378278	0.5357909698	0.6143043345
0.3603631532	0.6396368468	0.5375464087	0.6131757675
0.3613641341	0.6386358659	0.5392991785	0.6120497715
0.3623651151	0.6376348849	0.5410492572	0.6109263448
0.3633660961	0.6366339039	0.542796623	0.6098054855
0.3643670771	0.6356329229	0.5445412546	0.6086871919
0.3653680581	0.6346319419	0.5462831307	0.607571462
0.366369039	0.633630961	0.5480222302	0.6064582939
0.36737002	0.63262998	0.5497585324	0.6053476854
0.368371001	0.631628999	0.5514920167	0.6042396346
0.369371982	0.630628018	0.553222663	0.6031341392
0.370372963	0.629627037	0.5549504511	0.6020311969
0.3713739439	0.6286260561	0.5566753612	0.6009308054
0.3723749249	0.6276250751	0.5583973737	0.5998329623
0.3733759059	0.6266240941	0.5601164692	0.5987376652
0.3743768869	0.6256231131	0.5618326287	0.5976449116
0.3753778679	0.6246221321	0.5635458332	0.5965546988
0.3763788488	0.6236211512	0.565256064	0.5954670243
0.3773798298	0.6226201702	0.5669633028	0.5943818852
0.3783808108	0.6216191892	0.5686675312	0.5932992789
0.3793817918	0.6206182082	0.5703687312	0.5922192026
0.3803827728	0.6196172272	0.5720668852	0.5911416533
0.3813837538	0.6186162462	0.5737619755	0.5900666281
0.3823847347	0.6176152653	0.5754539848	0.5889941241
0.3833857157	0.6166142843	0.577142896	0.5879241382
0.3843866967	0.6156133033	0.5788286923	0.5868566674
0.3853876777	0.6146123223	0.5805113568	0.5857917083
0.3863886587	0.6136113413	0.5821908732	0.584729258
0.3873896396	0.6126103604	0.5838672253	0.583669313
0.3883906206	0.6116093794	0.5855403969	0.5826118703
0.3893916016	0.6106083984	0.5872103723	0.5815569262
0.3903925826	0.6096074174	0.5888771358	0.5805044776
0.3913935636	0.6086064364	0.5905406721	0.579454521
0.3923945445	0.6076054555	0.5922009659	0.5784070528
0.3933955255	0.6066044745	0.5938580024	0.5773620696
0.3943965065	0.6056034935	0.5955117666	0.5763195678
0.3953974875	0.6046025125	0.5971622441	0.5752795438
0.3963984685	0.6036015315	0.5988094204	0.5742419938
0.3973994494	0.6026005506	0.6004532815	0.5732069144
0.3984004304	0.6015995696	0.6020938133	0.5721743016
0.3994014114	0.6005985886	0.603731002	0.5711441517
0.4004023924	0.5995976076	0.6053648342	0.5701164609
0.4014033734	0.5985966266	0.6069952965	0.5690912254
0.4024043544	0.5975956456	0.6086223756	0.5680684413
0.4034053353	0.5965946647	0.6102460586	0.5670481046
0.4044063163	0.5955936837	0.6118663328	0.5660302115
0.4054072973	0.5945927027	0.6134831856	0.5650147578
0.4064082783	0.5935917217	0.6150966045	0.5640017396
0.4074092593	0.5925907407	0.6167065773	0.5629911527
0.4084102402	0.5915897598	0.6183130921	0.5619829932
0.4094112212	0.5905887788	0.619916137	0.5609772569
0.4104122022	0.5895877978	0.6215157005	0.5599739397
0.4114131832	0.5885868168	0.6231117709	0.5589730373
0.4124141642	0.5875858358	0.6247043372	0.5579745455
0.4134151451	0.5865848549	0.6262933881	0.5569784601
0.4144161261	0.5855838739	0.6278789128	0.5559847768
0.4154171071	0.5845828929	0.6294609006	0.5549934913
0.4164180881	0.5835819119	0.6310393409	0.5540045993
0.4174190691	0.5825809309	0.6326142235	0.5530180964
0.4184200501	0.5815799499	0.634185538	0.5520339782
0.419421031	0.580578969	0.6357532745	0.5510522404
0.420422012	0.579577988	0.6373174232	0.5500728785
0.421422993	0.578577007	0.6388779743	0.549095888
0.422423974	0.577576026	0.6404349186	0.5481212645
0.423424955	0.576575045	0.6419882465	0.5471490034
0.4244259359	0.5755740641	0.643537949	0.5461791003
0.4254269169	0.5745730831	0.6450840171	0.5452115506
0.4264278979	0.5735721021	0.646626442	0.5442463497
0.4274288789	0.5725711211	0.648165215	0.543283493
0.4284298599	0.5715701401	0.6497003278	0.5423229759
0.4294308408	0.5705691592	0.6512317719	0.5413647939
0.4304318218	0.5695681782	0.6527595393	0.5404089421
0.4314328028	0.5685671972	0.6542836219	0.5394554161
0.4324337838	0.5675662162	0.655804012	0.538504211
0.4334347648	0.5665652352	0.6573207019	0.5375553222
0.4344357457	0.5655642543	0.658833684	0.5366087449
0.4354367267	0.5645632733	0.6603429511	0.5356644745
0.4364377077	0.5635622923	0.6618484959	0.5347225062
0.4374386887	0.5625613113	0.6633503115	0.5337828352
0.4384396697	0.5615603303	0.6648483909	0.5328454566
0.4394406507	0.5605593493	0.6663427274	0.5319103658
0.4404416316	0.5595583684	0.6678333145	0.5309775579
0.4414426126	0.5585573874	0.6693201457	0.5300470281
0.4424435936	0.5575564064	0.6708032147	0.5291187714
0.4434445746	0.5565554254	0.6722825155	0.5281927832
0.4444455556	0.5555544444	0.673758042	0.5272690585
0.4454465365	0.5545534635	0.6752297884	0.5263475924
0.4464475175	0.5535524825	0.6766977491	0.52542838
0.4474484985	0.5525515015	0.6781619184	0.5245114164
0.4484494795	0.5515505205	0.6796222911	0.5235966968
0.4494504605	0.5505495395	0.6810788618	0.5226842162
0.4504514414	0.5495485586	0.6825316254	0.5217739696
0.4514524224	0.5485475776	0.6839805769	0.5208659521
0.4524534034	0.5475465966	0.6854257116	0.5199601588
0.4534543844	0.5465456156	0.6868670246	0.5190565847
0.4544553654	0.5455446346	0.6883045115	0.5181552248
0.4554563463	0.5445436537	0.6897381678	0.5172560741
0.4564573273	0.5435426727	0.6911679892	0.5163591276
0.4574583083	0.5425416917	0.6925939716	0.5154643804
0.4584592893	0.5415407107	0.6940161108	0.5145718275
0.4594602703	0.5405397297	0.6954344031	0.5136814637
0.4604612513	0.5395387487	0.6968488446	0.5127932842
0.4614622322	0.5385377678	0.6982594318	0.5119072839
0.4624632132	0.5375367868	0.699666161	0.5110234577
0.4634641942	0.5365358058	0.7010690289	0.5101418006
0.4644651752	0.5355348248	0.7024680322	0.5092623076
0.4654661562	0.5345338438	0.7038631679	0.5083849737
0.4664671371	0.5335328629	0.7052544328	0.5075097937
0.4674681181	0.5325318819	0.7066418242	0.5066367626
0.4684690991	0.5315309009	0.7080253391	0.5057658753
0.4694700801	0.5305299199	0.709404975	0.5048971269
0.4704710611	0.5295289389	0.7107807294	0.5040305121
0.471472042	0.528527958	0.7121525998	0.503166026
0.472473023	0.527526977	0.7135205839	0.5023036635
0.473474004	0.526525996	0.7148846796	0.5014434195
0.474474985	0.525525015	0.7162448847	0.5005852888
0.475475966	0.524524034	0.7176011974	0.4997292665
0.4764769469	0.5235230531	0.7189536158	0.4988753474
0.4774779279	0.5225220721	0.7203021382	0.4980235265
0.4784789089	0.5215210911	0.721646763	0.4971737986
0.4794798899	0.5205201101	0.7229874886	0.4963261587
0.4804808709	0.5195191291	0.7243243137	0.4954806016
0.4814818519	0.5185181481	0.7256572369	0.4946371224
0.4824828328	0.5175171672	0.7269862572	0.4937957158
0.4834838138	0.5165161862	0.7283113734	0.4929563768
0.4844847948	0.5155152052	0.7296325846	0.4921191004
0.4854857758	0.5145142242	0.7309498899	0.4912838813
0.4864867568	0.5135132432	0.7322632886	0.4904507145
0.4874877377	0.5125122623	0.73357278	0.489619595
0.4884887187	0.5115112813	0.7348783635	0.4887905176
0.4894896997	0.5105103003	0.7361800387	0.4879634772
0.4904906807	0.5095093193	0.7374778052	0.4871384687
0.4914916617	0.5085083383	0.7387716629	0.4863154871
0.4924926426	0.5075073574	0.7400616114	0.4854945273
0.4934936236	0.5065063764	0.7413476509	0.4846755841
0.4944946046	0.5055053954	0.7426297813	0.4838586526
0.4954955856	0.5045044144	0.7439080027	0.4830437275
0.4964965666	0.5035034334	0.7451823154	0.4822308039
0.4974975475	0.5025024525	0.7464527197	0.4814198766
0.4984985285	0.5015014715	0.7477192161	0.4806109406
0.4994995095	0.5005004905	0.7489818049	0.4798039908
0.5005004905	0.4994995095	0.7502404869	0.4789990222
0.5015014715	0.4984985285	0.7514952627	0.4781960296
0.5025024525	0.4974975475	0.7527461331	0.477395008
0.5035034334	0.4964965666	0.7539930989	0.4765959524
0.5045044144	0.4954955856	0.7552361611	0.4757988576
0.5055053954	0.4944946046	0.7564753207	0.4750037187
0.5065063764	0.4934936236	0.757710579	0.4742105306
0.5075073574	0.4924926426	0.758941937	0.4734192883
0.5085083383	0.4914916617	0.760169396	0.4726299866
0.5095093193	0.4904906807	0.7613929575	0.4718426206
0.5105103003	0.4894896997	0.7626126229	0.4710571853
0.5115112813	0.4884887187	0.7638283938	0.4702736756
0.5125122623	0.4874877377	0.7650402717	0.4694920865
0.5135132432	0.4864867568	0.7662482584	0.4687124129
0.5145142242	0.4854857758	0.7674523557	0.46793465
0.5155152052	0.4844847948	0.7686525653	0.4671587926
0.5165161862	0.4834838138	0.7698488893	0.4663848357
0.5175171672	0.4824828328	0.7710413297	0.4656127744
0.5185181481	0.4814818519	0.7722298885	0.4648426037
0.5195191291	0.4804808709	0.7734145679	0.4640743186
0.5205201101	0.4794798899	0.7745953701	0.4633079141
0.5215210911	0.4784789089	0.7757722976	0.4625433853
0.5225220721	0.4774779279	0.7769453525	0.4617807271
0.5235230531	0.4764769469	0.7781145375	0.4610199347
0.524524034	0.475475966	0.779279855	0.460261003
0.525525015	0.474474985	0.7804413077	0.4595039272
0.526525996	0.473474004	0.7815988982	0.4587487023
0.527526977	0.472473023	0.7827526292	0.4579953232
0.528527958	0.471472042	0.7839025035	0.4572437853
0.5295289389	0.4704710611	0.7850485241	0.4564940834
0.5305299199	0.4694700801	0.7861906939	0.4557462127
0.5315309009	0.4684690991	0.7873290158	0.4550001683
0.5325318819	0.4674681181	0.788463493	0.4542559453
0.5335328629	0.4664671371	0.7895941286	0.4535135388
0.5345338438	0.4654661562	0.7907209258	0.4527729439
0.5355348248	0.4644651752	0.7918438878	0.4520341558
0.5365358058	0.4634641942	0.792963018	0.4512971695
0.5375367868	0.4624632132	0.7940783198	0.4505619802
0.5385377678	0.4614622322	0.7951897966	0.4498285831
0.5395387487	0.4604612513	0.796297452	0.4490969733
0.5405397297	0.4594602703	0.7974012895	0.448367146
0.5415407107	0.4584592893	0.7985013127	0.4476390963
0.5425416917	0.4574583083	0.7995975253	0.4469128195
0.5435426727	0.4564573273	0.8006899312	0.4461883106
0.5445436537	0.4554563463	0.801778534	0.445465565
0.5455446346	0.4544553654	0.8028633377	0.4447445778
0.5465456156	0.4534543844	0.8039443461	0.4440253442
0.5475465966	0.4524534034	0.8050215633	0.4433078595
0.5485475776	0.4514524224	0.8060949932	0.4425921188
0.5495485586	0.4504514414	0.80716464	0.4418781174
0.5505495395	0.4494504605	0.8082305078	0.4411658506
0.5515505205	0.4484494795	0.8092926007	0.4404553136
0.5525515015	0.4474484985	0.810350923	0.4397465017
0.5535524825	0.4464475175	0.8114054791	0.4390394101
0.5545534635	0.4454465365	0.8124562732	0.4383340341
0.5555544444	0.4444455556	0.8135033097	0.4376303691
0.5565554254	0.4434445746	0.8145465931	0.4369284103
0.5575564064	0.4424435936	0.8155861279	0.436228153
0.5585573874	0.4414426126	0.8166219185	0.4355295925
0.5595583684	0.4404416316	0.8176539697	0.4348327242
0.5605593493	0.4394406507	0.818682286	0.4341375434
0.5615603303	0.4384396697	0.8197068721	0.4334440455
0.5625613113	0.4374386887	0.8207277328	0.4327522258
0.5635622923	0.4364377077	0.8217448727	0.4320620796
0.5645632733	0.4354367267	0.8227582968	0.4313736024
0.5655642543	0.4344357457	0.8237680099	0.4306867895
0.5665652352	0.4334347648	0.8247740169	0.4300016363
0.5675662162	0.4324337838	0.8257763227	0.4293181382
0.5685671972	0.4314328028	0.8267749323	0.4286362907
0.5695681782	0.4304318218	0.8277698508	0.4279560891
0.5705691592	0.4294308408	0.8287610833	0.4272775289
0.5715701401	0.4284298599	0.8297486348	0.4266006055
0.5725711211	0.4274288789	0.8307325105	0.4259253144
0.5735721021	0.4264278979	0.8317127157	0.4252516511
0.5745730831	0.4254269169	0.8326892555	0.4245796109
0.5755740641	0.4244259359	0.8336621352	0.4239091894
0.576575045	0.423424955	0.8346313602	0.4232403821
0.577576026	0.422423974	0.8355969358	0.4225731844
0.578577007	0.421422993	0.8365588673	0.4219075919
0.579577988	0.420422012	0.8375171603	0.4212436002
0.580578969	0.419421031	0.8384718201	0.4205812046
0.5815799499	0.4184200501	0.8394228523	0.4199204009
0.5825809309	0.4174190691	0.8403702623	0.4192611844
0.5835819119	0.4164180881	0.8413140559	0.4186035509
0.5845828929	0.4154171071	0.8422542385	0.4179474957
0.5855838739	0.4144161261	0.8431908158	0.4172930147
0.5865848549	0.4134151451	0.8441237935	0.4166401032
0.5875858358	0.4124141642	0.8450531773	0.415988757
0.5885868168	0.4114131832	0.8459789728	0.4153389716
0.5895877978	0.4104122022	0.846901186	0.4146907426
0.5905887788	0.4094112212	0.8478198225	0.4140440658
0.5915897598	0.4084102402	0.8487348882	0.4133989366
0.5925907407	0.4074092593	0.849646389	0.4127553509
0.5935917217	0.4064082783	0.8505543308	0.4121133042
0.5945927027	0.4054072973	0.8514587194	0.4114727922
0.5955936837	0.4044063163	0.8523595608	0.4108338106
0.5965946647	0.4034053353	0.8532568611	0.4101963551
0.5975956456	0.4024043544	0.8541506261	0.4095604215
0.5985966266	0.4014033734	0.855040862	0.4089260053
0.5995976076	0.4004023924	0.8559275748	0.4082931024
0.6005985886	0.3994014114	0.8568107705	0.4076617084
0.6015995696	0.3984004304	0.8576904554	0.4070318192
0.6026005506	0.3973994494	0.8585666355	0.4064034304
0.6036015315	0.3963984685	0.859439317	0.405776538
0.6046025125	0.3953974875	0.8603085061	0.4051511375
0.6056034935	0.3943965065	0.861174209	0.4045272248
0.6066044745	0.3933955255	0.8620364319	0.4039047958
0.6076054555	0.3923945445	0.8628951812	0.4032838462
0.6086064364	0.3913935636	0.8637504631	0.4026643718
0.6096074174	0.3903925826	0.8646022839	0.4020463685
0.6106083984	0.3893916016	0.8654506499	0.4014298321
0.6116093794	0.3883906206	0.8662955676	0.4008147585
0.6126103604	0.3873896396	0.8671370432	0.4002011436
0.6136113413	0.3863886587	0.8679750833	0.3995889831
0.6146123223	0.3853876777	0.8688096941	0.398978273
0.6156133033	0.3843866967	0.8696408822	0.3983690092
0.6166142843	0.3833857157	0.870468654	0.3977611876
0.6176152653	0.3823847347	0.871293016	0.3971548041
0.6186162462	0.3813837538	0.8721139747	0.3965498546
0.6196172272	0.3803827728	0.8729315367	0.3959463351
0.6206182082	0.3793817918	0.8737457084	0.3953442415
0.6216191892	0.3783808108	0.8745564964	0.3947435698
0.6226201702	0.3773798298	0.8753639073	0.3941443159
0.6236211512	0.3763788488	0.8761679478	0.3935464759
0.6246221321	0.3753778679	0.8769686243	0.3929500456
0.6256231131	0.3743768869	0.8777659436	0.3923550212
0.6266240941	0.3733759059	0.8785599123	0.3917613986
0.6276250751	0.3723749249	0.879350537	0.3911691739
0.6286260561	0.3713739439	0.8801378245	0.390578343
0.629627037	0.370372963	0.8809217815	0.389988902
0.630628018	0.369371982	0.8817024145	0.3894008471
0.631628999	0.368371001	0.8824797305	0.3888141742
0.63262998	0.36737002	0.8832537361	0.3882288793
0.633630961	0.366369039	0.884024438	0.3876449587
0.6346319419	0.3653680581	0.8847918431	0.3870624084
0.6356329229	0.3643670771	0.8855559582	0.3864812246
0.6366339039	0.3633660961	0.88631679	0.3859014032
0.6376348849	0.3623651151	0.8870743453	0.3853229405
0.6386358659	0.3613641341	0.887828631	0.3847458326
0.6396368468	0.3603631532	0.8885796539	0.3841700756
0.6406378278	0.3593621722	0.8893274209	0.3835956657
0.6416388088	0.3583611912	0.8900719388	0.3830225991
0.6426397898	0.3573602102	0.8908132145	0.382450872
0.6436407708	0.3563592292	0.8915512549	0.3818804805
0.6446417518	0.3553582482	0.8922860669	0.3813114209
0.6456427327	0.3543572673	0.8930176574	0.3807436893
0.6466437137	0.3533562863	0.8937460332	0.380177282
0.6476446947	0.3523553053	0.8944712015	0.3796121953
0.6486456757	0.3513543243	0.895193169	0.3790484253
0.6496466567	0.3503533433	0.8959119427	0.3784859683
0.6506476376	0.3493523624	0.8966275296	0.3779248206
0.6516486186	0.3483513814	0.8973399366	0.3773649785
0.6526495996	0.3473504004	0.8980491708	0.3768064382
0.6536505806	0.3463494194	0.8987552391	0.3762491961
0.6546515616	0.3453484384	0.8994581486	0.3756932484
0.6556525425	0.3443474575	0.9001579061	0.3751385915
0.6566535235	0.3433464765	0.9008545187	0.3745852217
0.6576545045	0.3423454955	0.9015479935	0.3740331353
0.6586554855	0.3413445145	0.9022383374	0.3734823288
0.6596564665	0.3403435335	0.9029255576	0.3729327983
0.6606574474	0.3393425526	0.9036096609	0.3723845404
0.6616584284	0.3383415716	0.9042906546	0.3718375514
0.6626594094	0.3373405906	0.9049685456	0.3712918277
0.6636603904	0.3363396096	0.9056433409	0.3707473657
0.6646613714	0.3353386286	0.9063150477	0.3702041618
0.6656623524	0.3343376476	0.906983673	0.3696622124
0.6666633333	0.3333366667	0.9076492239	0.369121514
0.6676643143	0.3323356857	0.9083117075	0.3685820629
0.6686652953	0.3313347047	0.9089711309	0.3680438557
0.6696662763	0.3303337237	0.9096275011	0.3675068889
0.6706672573	0.3293327427	0.9102808252	0.3669711588
0.6716682382	0.3283317618	0.9109311103	0.366436662
0.6726692192	0.3273307808	0.9115783636	0.3659033949
0.6736702002	0.3263297998	0.9122225922	0.3653713541
0.6746711812	0.3253288188	0.9128638031	0.3648405361
0.6756721622	0.3243278378	0.9135020034	0.3643109374
0.6766731431	0.3233268569	0.9141372004	0.3637825546
0.6776741241	0.3223258759	0.914769401	0.3632553841
0.6786751051	0.3213248949	0.9153986125	0.3627294226
0.6796760861	0.3203239139	0.9160248419	0.3622046665
0.6806770671	0.3193229329	0.9166480964	0.3616811126
0.681678048	0.318321952	0.917268383	0.3611587573
0.682679029	0.317320971	0.917885709	0.3606375973
0.68368001	0.31631999	0.9185000815	0.3601176291
0.684680991	0.315319009	0.9191115075	0.3595988494
0.685681972	0.314318028	0.9197199943	0.3590812548
0.686682953	0.313317047	0.920325549	0.3585648419
0.6876839339	0.3123160661	0.9209281786	0.3580496075
0.6886849149	0.3113150851	0.9215278904	0.357535548
0.6896858959	0.3103141041	0.9221246914	0.3570226603
0.6906868769	0.3093131231	0.9227185889	0.3565109409
0.6916878579	0.3083121421	0.9233095899	0.3560003866
0.6926888388	0.3073111612	0.9238977015	0.355490994
0.6936898198	0.3063101802	0.924482931	0.3549827599
0.6946908008	0.3053091992	0.9250652855	0.354475681
0.6956917818	0.3043082182	0.9256447721	0.353969754
0.6966927628	0.3033072372	0.9262213979	0.3534649756
0.6976937437	0.3023062563	0.92679517	0.3529613425
0.6986947247	0.3013052753	0.9273660957	0.3524588516
0.6996957057	0.3003042943	0.927934182	0.3519574996
0.7006966867	0.2993033133	0.928499436	0.3514572832
0.7016976677	0.2983023323	0.929061865	0.3509581992
0.7026986486	0.2973013514	0.9296214759	0.3504602445
0.7036996296	0.2963003704	0.930178276	0.3499634158
0.7047006106	0.2952993894	0.9307322724	0.34946771
0.7057015916	0.2942984084	0.9312834722	0.3489731238
0.7067025726	0.2932974274	0.9318318825	0.3484796542
0.7077035536	0.2922964464	0.9323775104	0.3479872978
0.7087045345	0.2912954655	0.932920363	0.3474960516
0.7097055155	0.2902944845	0.9334604475	0.3470059125
0.7107064965	0.2892935035	0.933997771	0.3465168773
0.7117074775	0.2882925225	0.9345323405	0.3460289428
0.7127084585	0.2872915415	0.9350641631	0.3455421061
0.7137094394	0.2862905606	0.9355932461	0.3450563639
0.7147104204	0.2852895796	0.9361195964	0.3445717132
0.7157114014	0.2842885986	0.9366432211	0.3440881508
0.7167123824	0.2832876176	0.9371641273	0.3436056738
0.7177133634	0.2822866366	0.9376823222	0.343124279
0.7187143443	0.2812856557	0.9381978128	0.3426439634
0.7197153253	0.2802846747	0.9387106061	0.342164724
0.7207163063	0.2792836937	0.9392207092	0.3416865577
0.7217172873	0.2782827127	0.9397281293	0.3412094614
0.7227182683	0.2772817317	0.9402328733	0.3407334322
0.7237192492	0.2762807508	0.9407349483	0.340258467
0.7247202302	0.2752797698	0.9412343614	0.3397845629
0.7257212112	0.2742787888	0.9417311195	0.3393117169
0.7267221922	0.2732778078	0.9422252299	0.3388399259
0.7277231732	0.2722768268	0.9427166994	0.338369187
0.7287241542	0.2712758458	0.9432055351	0.3378994972
0.7297251351	0.2702748649	0.943691744	0.3374308536
0.7307261161	0.2692738839	0.9441753332	0.3369632532
0.7317270971	0.2682729029	0.9446563097	0.3364966931
0.7327280781	0.2672719219	0.9451346804	0.3360311704
0.7337290591	0.2662709409	0.9456104524	0.3355666821
0.73473004	0.26526996	0.9460836326	0.3351032253
0.735731021	0.264268979	0.9465542281	0.3346407972
0.736732002	0.263267998	0.9470222459	0.3341793948
0.737732983	0.262267017	0.9474876928	0.3337190153
0.738733964	0.261266036	0.9479505759	0.3332596557
0.7397349449	0.2602650551	0.9484109021	0.3328013132
0.7407359259	0.2592640741	0.9488686784	0.332343985
0.7417369069	0.2582630931	0.9493239117	0.3318876682
0.7427378879	0.2572621121	0.949776609	0.33143236
0.7437388689	0.2562611311	0.9502267772	0.3309780574
0.7447398498	0.2552601502	0.9506744233	0.3305247578
0.7457408308	0.2542591692	0.9511195541	0.3300724583
0.7467418118	0.2532581882	0.9515621765	0.3296211561
0.7477427928	0.2522572072	0.9520022975	0.3291708484
0.7487437738	0.2512562262	0.952439924	0.3287215323
0.7497447548	0.2502552452	0.9528750628	0.3282732052
0.7507457357	0.2492542643	0.9533077208	0.3278258643
0.7517467167	0.2482532833	0.9537379049	0.3273795067
0.7527476977	0.2472523023	0.954165622	0.3269341298
0.7537486787	0.2462513213	0.9545908789	0.3264897308
0.7547496597	0.2452503403	0.9550136825	0.326046307
0.7557506406	0.2442493594	0.9554340395	0.3256038555
0.7567516216	0.2432483784	0.9558519569	0.3251623738
0.7577526026	0.2422473974	0.9562674415	0.3247218591
0.7587535836	0.2412464164	0.9566805	0.3242823087
0.7597545646	0.2402454354	0.9570911393	0.3238437199
0.7607555455	0.2392444545	0.9574993662	0.3234060899
0.7617565265	0.2382434735	0.9579051874	0.3229694163
0.7627575075	0.2372424925	0.9583086098	0.3225336962
0.7637584885	0.2362415115	0.95870964	0.322098927
0.7647594695	0.2352405305	0.959108285	0.3216651061
0.7657604505	0.2342395495	0.9595045514	0.3212322308
0.7667614314	0.2332385686	0.9598984459	0.3208002984
0.7677624124	0.2322375876	0.9602899753	0.3203693064
0.7687633934	0.2312366066	0.9606791464	0.3199392522
0.7697643744	0.2302356256	0.9610659658	0.319510133
0.7707653554	0.2292346446	0.9614504402	0.3190819464
0.7717663363	0.2282336637	0.9618325764	0.3186546896
0.7727673173	0.2272326827	0.962212381	0.3182283602
0.7737682983	0.2262317017	0.9625898607	0.3178029556
0.7747692793	0.2252307207	0.9629650222	0.3173784731
0.7757702603	0.2242297397	0.9633378721	0.3169549103
0.7767712412	0.2232287588	0.963708417	0.3165322645
0.7777722222	0.2222277778	0.9640766637	0.3161105332
0.7787732032	0.2212267968	0.9644426187	0.3156897139
0.7797741842	0.2202258158	0.9648062887	0.315269804
0.7807751652	0.2192248348	0.9651676802	0.314850801
0.7817761461	0.2182238539	0.9655267999	0.3144327025
0.7827771271	0.2172228729	0.9658836543	0.3140155058
0.7837781081	0.2162218919	0.9662382501	0.3135992086
0.7847790891	0.2152209109	0.9665905937	0.3131838082
0.7857800701	0.2142199299	0.9669406918	0.3127693023
0.7867810511	0.2132189489	0.9672885508	0.3123556883
0.787782032	0.212217968	0.9676341774	0.3119429637
0.788783013	0.211216987	0.967977578	0.3115311262
0.789783994	0.210216006	0.9683187592	0.3111201732
0.790784975	0.209215025	0.9686577275	0.3107101024
0.791785956	0.208214044	0.9689944893	0.3103009112
0.7927869369	0.2072130631	0.9693290511	0.3098925973
0.7937879179	0.2062120821	0.9696614194	0.3094851581
0.7947888989	0.2052111011	0.9699916007	0.3090785914
0.7957898799	0.2042101201	0.9703196014	0.3086728947
0.7967908609	0.2032091391	0.970645428	0.3082680656
0.7977918418	0.2022081582	0.9709690868	0.3078641016
0.7987928228	0.2012071772	0.9712905843	0.3074610005
0.7997938038	0.2002061962	0.971609927	0.3070587599
0.8007947848	0.1992052152	0.9719271211	0.3066573773
0.8017957658	0.1982042342	0.972242173	0.3062568504
0.8027967467	0.1972032533	0.9725550892	0.3058571768
0.8037977277	0.1962022723	0.9728658761	0.3054583543
0.8047987087	0.1952012913	0.9731745398	0.3050603804
0.8057996897	0.1942003103	0.9734810869	0.3046632528
0.8068006707	0.1931993293	0.9737855235	0.3042669693
0.8078016517	0.1921983483	0.9740878561	0.3038715274
0.8088026326	0.1911973674	0.9743880909	0.3034769249
0.8098036136	0.1901963864	0.9746862342	0.3030831595
0.8108045946	0.1891954054	0.9749822923	0.3026902288
0.8118055756	0.1881944244	0.9752762714	0.3022981306
0.8128065566	0.1871934434	0.9755681779	0.3019068626
0.8138075375	0.1861924625	0.975858018	0.3015164226
0.8148085185	0.1851914815	0.9761457978	0.3011268082
0.8158094995	0.1841905005	0.9764315237	0.3007380171
0.8168104805	0.1831895195	0.9767152017	0.3003500472
0.8178114615	0.1821885385	0.9769968382	0.2999628962
0.8188124424	0.1811875576	0.9772764393	0.2995765619
0.8198134234	0.1801865766	0.9775540112	0.2991910419
0.8208144044	0.1791855956	0.97782956	0.2988063342
0.8218153854	0.1781846146	0.9781030919	0.2984224364
0.8228163664	0.1771836336	0.978374613	0.2980393464
0.8238173473	0.1761826527	0.9786441295	0.2976570619
0.8248183283	0.1751816717	0.9789116475	0.2972755808
0.8258193093	0.1741806907	0.979177173	0.2968949009
0.8268202903	0.1731797097	0.9794407122	0.2965150199
0.8278212713	0.1721787287	0.9797022711	0.2961359357
0.8288222523	0.1711777477	0.9799618558	0.2957576462
0.8298232332	0.1701767668	0.9802194723	0.2953801491
0.8308242142	0.1691757858	0.9804751268	0.2950034423
0.8318251952	0.1681748048	0.9807288252	0.2946275237
0.8328261762	0.1671738238	0.9809805735	0.2942523911
0.8338271572	0.1661728428	0.9812303777	0.2938780423
0.8348281381	0.1651718619	0.9814782439	0.2935044754
0.8358291191	0.1641708809	0.981724178	0.293131688
0.8368301001	0.1631698999	0.981968186	0.2927596781
0.8378310811	0.1621689189	0.9822102738	0.2923884437
0.8388320621	0.1611679379	0.9824504474	0.2920179825
0.839833043	0.160166957	0.9826887128	0.2916482925
0.840834024	0.159165976	0.9829250757	0.2912793716
0.841835005	0.158164995	0.9831595422	0.2909112177
0.842835986	0.157164014	0.9833921181	0.2905438288
0.843836967	0.156163033	0.9836228093	0.2901772027
0.8448379479	0.1551620521	0.9838516217	0.2898113375
0.8458389289	0.1541610711	0.9840785611	0.289446231
0.8468399099	0.1531600901	0.9843036334	0.2890818812
0.8478408909	0.1521591091	0.9845268444	0.288718286
0.8488418719	0.1511581281	0.9847481999	0.2883554434
0.8498428529	0.1501571471	0.9849677057	0.2879933515
0.8508438338	0.1491561662	0.9851853677	0.287632008
0.8518448148	0.1481551852	0.9854011916	0.2872714111
0.8528457958	0.1471542042	0.9856151831	0.2869115587
0.8538467768	0.1461532232	0.9858273481	0.2865524489
0.8548477578	0.1451522422	0.9860376922	0.2861940795
0.8558487387	0.1441512613	0.9862462213	0.2858364487
0.8568497197	0.1431502803	0.986452941	0.2854795543
0.8578507007	0.1421492993	0.9866578569	0.2851233946
0.8588516817	0.1411483183	0.9868609749	0.2847679674
0.8598526627	0.1401473373	0.9870623007	0.2844132708
0.8608536436	0.1391463564	0.9872618397	0.2840593028
0.8618546246	0.1381453754	0.9874595978	0.2837060615
0.8628556056	0.1371443944	0.9876555805	0.2833535449
0.8638565866	0.1361434134	0.9878497936	0.2830017511
0.8648575676	0.1351424324	0.9880422425	0.2826506782
0.8658585485	0.1341414515	0.988232933	0.2823003242
0.8668595295	0.1331404705	0.9884218705	0.2819506871
0.8678605105	0.1321394895	0.9886090608	0.2816017651
0.8688614915	0.1311385085	0.9887945092	0.2812535563
0.8698624725	0.1301375275	0.9889782215	0.2809060586
0.8708634535	0.1291365465	0.9891602031	0.2805592704
0.8718644344	0.1281355656	0.9893404596	0.2802131895
0.8728654154	0.1271345846	0.9895189965	0.2798678142
0.8738663964	0.1261336036	0.9896958192	0.2795231426
0.8748673774	0.1251326226	0.9898709334	0.2791791727
0.8758683584	0.1241316416	0.9900443443	0.2788359028
0.8768693393	0.1231306607	0.9902160576	0.2784933309
0.8778703203	0.1221296797	0.9903860787	0.2781514552
0.8788713013	0.1211286987	0.9905544129	0.2778102738
0.8798722823	0.1201277177	0.9907210658	0.2774697848
0.8808732633	0.1191267367	0.9908860428	0.2771299865
0.8818742442	0.1181257558	0.9910493492	0.276790877
0.8828752252	0.1171247748	0.9912109904	0.2764524544
0.8838762062	0.1161237938	0.9913709718	0.276114717
0.8848771872	0.1151228128	0.9915292988	0.2757776629
0.8858781682	0.1141218318	0.9916859767	0.2754412902
0.8868791491	0.1131208509	0.9918410108	0.2751055973
0.8878801301	0.1121198699	0.9919944066	0.2747705822
0.8888811111	0.1111188889	0.9921461692	0.2744362432
0.8898820921	0.1101179079	0.992296304	0.2741025785
0.8908830731	0.1091169269	0.9924448163	0.2737695863
0.8918840541	0.1081159459	0.9925917113	0.2734372648
0.892885035	0.107114965	0.9927369944	0.2731056122
0.893886016	0.106113984	0.9928806707	0.2727746268
0.894886997	0.105113003	0.9930227455	0.2724443068
0.895887978	0.104112022	0.993163224	0.2721146504
0.896888959	0.103111041	0.9933021114	0.2717856559
0.8978899399	0.1021100601	0.993439413	0.2714573216
0.8988909209	0.1011090791	0.9935751338	0.2711296457
0.8998919019	0.1001080981	0.9937092791	0.2708026264
0.9008928829	0.09910711712	0.9938418541	0.270476262
0.9018938639	0.09810613614	0.9939728638	0.2701505508
0.9028948448	0.09710515516	0.9941023134	0.2698254911
0.9038958258	0.09610417417	0.9942302081	0.2695010812
0.9048968068	0.09510319319	0.9943565529	0.2691773193
0.9058977878	0.09410221221	0.994481353	0.2688542037
0.9068987688	0.09310123123	0.9946046133	0.2685317328
0.9078997497	0.09210025025	0.9947263391	0.2682099048
0.9089007307	0.09109926927	0.9948465353	0.2678887181
0.9099017117	0.09009828829	0.994965207	0.2675681709
0.9109026927	0.08909730731	0.9950823592	0.2672482617
0.9119036737	0.08809632633	0.9951979969	0.2669289886
0.9129046547	0.08709534535	0.9953121252	0.2666103501
0.9139056356	0.08609436436	0.995424749	0.2662923444
0.9149066166	0.08509338338	0.9955358734	0.26597497
0.9159075976	0.0840924024	0.9956455033	0.2656582252
0.9169085786	0.08309142142	0.9957536436	0.2653421082
0.9179095596	0.08209044044	0.9958602993	0.2650266176
0.9189105405	0.08108945946	0.9959654753	0.2647117515
0.9199115215	0.08008847848	0.9960691765	0.2643975085
0.9209125025	0.0790874975	0.9961714079	0.2640838868
0.9219134835	0.07808651652	0.9962721744	0.2637708849
0.9229144645	0.07708553554	0.9963714808	0.2634585012
0.9239154454	0.07608455455	0.9964693319	0.2631467339
0.9249164264	0.07508357357	0.9965657328	0.2628355816
0.9259174074	0.07408259259	0.9966606881	0.2625250425
0.9269183884	0.07308161161	0.9967542027	0.2622151152
0.9279193694	0.07208063063	0.9968462815	0.261905798
0.9289203504	0.07107964965	0.9969369292	0.2615970893
0.9299213313	0.07007866867	0.9970261507	0.2612889876
0.9309223123	0.06907768769	0.9971139506	0.2609814912
0.9319232933	0.06807670671	0.9972003339	0.2606745986
0.9329242743	0.06707572573	0.9972853053	0.2603683082
0.9339252553	0.06607474474	0.9973688694	0.2600626185
0.9349262362	0.06507376376	0.997451031	0.2597575279
0.9359272172	0.06407278278	0.9975317949	0.2594530348
0.9369281982	0.0630718018	0.9976111658	0.2591491377
0.9379291792	0.06207082082	0.9976891483	0.258845835
0.9389301602	0.06106983984	0.9977657471	0.2585431253
0.9399311411	0.06006885886	0.9978409669	0.258241007
0.9409321221	0.05906787788	0.9979148124	0.2579394784
0.9419331031	0.0580668969	0.9979872882	0.2576385382
0.9429340841	0.05706591592	0.9980583989	0.2573381848
0.9439350651	0.05606493493	0.9981281492	0.2570384167
0.944936046	0.05506395395	0.9981965436	0.2567392323
0.945937027	0.05406297297	0.9982635869	0.2564406302
0.946938008	0.05306199199	0.9983292834	0.2561426089
0.947938989	0.05206101101	0.9983936379	0.2558451668
0.94893997	0.05106003003	0.9984566548	0.2555483024
0.949940951	0.05005904905	0.9985183388	0.2552520144
0.9509419319	0.04905806807	0.9985786944	0.2549563011
0.9519429129	0.04805708709	0.998637726	0.2546611611
0.9529438939	0.04705610611	0.9986954383	0.254366593
0.9539448749	0.04605512513	0.9987518356	0.2540725952
0.9549458559	0.04505414414	0.9988069225	0.2537791664
0.9559468368	0.04405316316	0.9988607035	0.2534863049
0.9569478178	0.04305218218	0.998913183	0.2531940095
0.9579487988	0.0420512012	0.9989643655	0.2529022786
0.9589497798	0.04105022022	0.9990142554	0.2526111107
0.9599507608	0.04004923924	0.9990628571	0.2523205045
0.9609517417	0.03904825826	0.9991101751	0.2520304585
0.9619527227	0.03804727728	0.9991562138	0.2517409713
0.9629537037	0.0370462963	0.9992009775	0.2514520413
0.9639546847	0.03604531532	0.9992444706	0.2511636673
0.9649556657	0.03504433433	0.9992866976	0.2508758478
0.9659566466	0.03404335335	0.9993276626	0.2505885813
0.9669576276	0.03304237237	0.9993673702	0.2503018665
0.9679586086	0.03204139139	0.9994058247	0.2500157019
0.9689595896	0.03104041041	0.9994430302	0.2497300862
0.9699605706	0.03003942943	0.9994789913	0.2494450179
0.9709615516	0.02903844845	0.999513712	0.2491604956
0.9719625325	0.02803746747	0.9995471969	0.248876518
0.9729635135	0.02703648649	0.99957945	0.2485930836
0.9739644945	0.02603550551	0.9996104757	0.2483101911
0.9749654755	0.02503452452	0.9996402782	0.2480278392
0.9759664565	0.02403354354	0.9996688618	0.2477460263
0.9769674374	0.02303256256	0.9996962307	0.2474647512
0.9779684184	0.02203158158	0.9997223891	0.2471840125
0.9789693994	0.0210306006	0.9997473411	0.2469038088
0.9799703804	0.02002961962	0.9997710911	0.2466241388
0.9809713614	0.01902863864	0.9997936431	0.2463450011
0.9819723423	0.01802765766	0.9998150014	0.2460663944
0.9829733233	0.01702667668	0.9998351701	0.2457883172
0.9839743043	0.0160256957	0.9998541533	0.2455107684
0.9849752853	0.01502471471	0.9998719552	0.2452337465
0.9859762663	0.01402373373	0.9998885799	0.2449572502
0.9869772472	0.01302275275	0.9999040315	0.2446812781
0.9879782282	0.01202177177	0.9999183141	0.244405829
0.9889792092	0.01102079079	0.9999314318	0.2441309016
0.9899801902	0.01001980981	0.9999433887	0.2438564944
0.9909811712	0.009018828829	0.9999541887	0.2435826063
0.9919821522	0.008017847848	0.9999638361	0.2433092358
0.9929831331	0.007016866867	0.9999723348	0.2430363818
0.9939841141	0.006015885886	0.9999796889	0.2427640428
0.9949850951	0.005014904905	0.9999859023	0.2424922175
0.9959860761	0.004013923924	0.9999909791	0.2422209048
0.9969870571	0.003012942943	0.9999949233	0.2419501033
0.997988038	0.002011961962	0.9999977389	0.2416798117
0.998989019	0.001010980981	0.9999994298	0.2414100287
0.99999	1e-05	0.9999999999	0.2411407531
