1e-05	0.99999	0.0002166459445	0.9999999972
0.001010980981	0.998989019	0.0002289818444	0.9999716956
0.002011961962	0.997988038	0.0002420522831	0.9998876572
0.003012942943	0.9969870571	0.0002558920774	0.9997476227
0.004013923924	0.9959860761	0.0002705373688	0.9995514563
0.005014904905	0.9949850951	0.0002860256356	0.9992991341
0.006015885886	0.9939841141	0.0003023957045	0.9989907343
0.007016866867	0.9929831331	0.0003196877617	0.9986264276
0.008017847848	0.9919821522	0.0003379433637	0.9982064689
0.009018828829	0.9909811712	0.0003572054476	0.9977311891
0.01001980981	0.9899801902	0.0003775183402	0.9972009878
0.01102079079	0.9889792092	0.0003989277669	0.9966163269
0.01202177177	0.9879782282	0.000421480859	0.9959777245
0.01302275275	0.9869772472	0.000445226161	0.9952857488
0.01402373373	0.9859762663	0.0004702136357	0.9945410135
0.01502471471	0.9849752853	0.0004964946691	0.9937441724
0.0160256957	0.9839743043	0.0005241220739	0.9928959157
0.01702667668	0.9829733233	0.0005531500918	0.9919969653
0.01802765766	0.9819723423	0.0005836343947	0.9910480712
0.01902863864	0.9809713614	0.0006156320841	0.9900500084
0.02002961962	0.9799703804	0.0006492016905	0.9890035735
0.0210306006	0.9789693994	0.0006844031697	0.9879095814
0.02203158158	0.9779684184	0.0007212978996	0.9867688634
0.02303256256	0.9769674374	0.0007599486745	0.9855822639
0.02403354354	0.9759664565	0.0008004196985	0.9843506387
0.02503452452	0.9749654755	0.000842776577	0.9830748526
0.02603550551	0.9739644945	0.0008870863082	0.9817557774
0.02703648649	0.9729635135	0.0009334172715	0.9803942903
0.02803746747	0.9719625325	0.0009818392157	0.9789912724
0.02903844845	0.9709615516	0.001032423246	0.9775476067
0.03003942943	0.9699605706	0.001085241807	0.9760641772
0.03104041041	0.9689595896	0.001140368672	0.9745418671
0.03204139139	0.9679586086	0.001197878917	0.9729815584
0.03304237237	0.9669576276	0.001257848911	0.97138413
0.03404335335	0.9659566466	0.001320356289	0.9697504575
0.03504433433	0.9649556657	0.001385479935	0.9680814115
0.03604531532	0.9639546847	0.001453299958	0.9663778575
0.0370462963	0.9629537037	0.001523897666	0.9646406548
0.03804727728	0.9619527227	0.001597355545	0.9628706558
0.03904825826	0.9609517417	0.001673757232	0.9610687058
0.04004923924	0.9599507608	0.001753187485	0.9592356417
0.04105022022	0.9589497798	0.001835732156	0.9573722923
0.0420512012	0.9579487988	0.001921478164	0.9554794774
0.04305218218	0.9569478178	0.002010513461	0.9535580073
0.04405316316	0.9559468368	0.002102927002	0.951608683
0.04505414414	0.9549458559	0.002198808715	0.9496322952
0.04605512513	0.9539448749	0.002298249462	0.9476296246
0.04705610611	0.9529438939	0.002401341011	0.9456014413
0.04805708709	0.9519429129	0.002508175995	0.9435485047
0.04905806807	0.9509419319	0.002618847881	0.9414715634
0.05005904905	0.949940951	0.00273345093	0.9393713549
0.05106003003	0.94893997	0.002852080164	0.9372486054
0.05206101101	0.947938989	0.002974831322	0.9351040302
0.05306199199	0.946938008	0.003101800823	0.9329383329
0.05406297297	0.945937027	0.003233085732	0.9307522058
0.05506395395	0.944936046	0.003368783713	0.92854633
0.05606493493	0.9439350651	0.003508992992	0.9263213748
0.05706591592	0.9429340841	0.003653812316	0.9240779982
0.0580668969	0.9419331031	0.003803340911	0.9218168466
0.05906787788	0.9409321221	0.00395767844	0.919538555
0.06006885886	0.9399311411	0.004116924965	0.9172437472
0.06106983984	0.9389301602	0.004281180897	0.9149330352
0.06207082082	0.9379291792	0.00445054696	0.91260702
0.0630718018	0.9369281982	0.004625124145	0.9102662912
0.06407278278	0.9359272172	0.00480501367	0.9079114274
0.06507376376	0.9349262362	0.004990316933	0.9055429958
0.06607474474	0.9339252553	0.005181135471	0.9031615528
0.06707572573	0.9329242743	0.005377570916	0.9007676439
0.06807670671	0.9319232933	0.005579724954	0.8983618035
0.06907768769	0.9309223123	0.005787699277	0.8959445557
0.07007866867	0.9299213313	0.006001595545	0.8935164137
0.07107964965	0.9289203504	0.006221515341	0.8910778802
0.07208063063	0.9279193694	0.006447560126	0.8886294478
0.07308161161	0.9269183884	0.006679831198	0.8861715985
0.07408259259	0.9259174074	0.006918429652	0.8837048046
0.07508357357	0.9249164264	0.007163456332	0.8812295281
0.07608455455	0.9239154454	0.007415011793	0.8787462211
0.07708553554	0.9229144645	0.007673196259	0.8762553262
0.07808651652	0.9219134835	0.007938109581	0.8737572764
0.0790874975	0.9209125025	0.008209851196	0.8712524951
0.08008847848	0.9199115215	0.008488520084	0.8687413965
0.08108945946	0.9189105405	0.008774214734	0.8662243854
0.08209044044	0.9179095596	0.009067033096	0.863701858
0.08309142142	0.9169085786	0.009367072549	0.8611742012
0.0840924024	0.9159075976	0.009674429859	0.8586417934
0.08509338338	0.9149066166	0.00998920114	0.8561050041
0.08609436436	0.9139056356	0.01031148182	0.8535641947
0.08709534535	0.9129046547	0.01064136659	0.8510197179
0.08809632633	0.9119036737	0.0109789494	0.8484719185
0.08909730731	0.9109026927	0.01132432339	0.845921133
0.09009828829	0.9099017117	0.01167758085	0.8433676902
0.09109926927	0.9089007307	0.01203881324	0.840811911
0.09210025025	0.9078997497	0.01240811107	0.8382541086
0.09310123123	0.9068987688	0.01278556397	0.8356945887
0.09410221221	0.9058977878	0.01317126055	0.8331336498
0.09510319319	0.9048968068	0.01356528846	0.830571583
0.09610417417	0.9038958258	0.01396773429	0.8280086723
0.09710515516	0.9028948448	0.01437868358	0.8254451947
0.09810613614	0.9018938639	0.01479822079	0.8228814204
0.09910711712	0.9008928829	0.01522642925	0.8203176129
0.1001080981	0.8998919019	0.01566339114	0.817754029
0.1011090791	0.8988909209	0.01610918747	0.8151909192
0.1021100601	0.8978899399	0.01656389804	0.8126285275
0.103111041	0.896888959	0.01702760143	0.8100670917
0.104112022	0.895887978	0.01750037497	0.8075068436
0.105113003	0.894886997	0.01798229471	0.8049480088
0.106113984	0.893886016	0.0184734354	0.8023908073
0.107114965	0.892885035	0.01897387046	0.7998354532
0.1081159459	0.8918840541	0.01948367199	0.7972821549
0.1091169269	0.8908830731	0.02000291069	0.7947311154
0.1101179079	0.8898820921	0.0205316559	0.7921825322
0.1111188889	0.8888811111	0.02106997555	0.7896365976
0.1121198699	0.8878801301	0.02161793615	0.7870934986
0.1131208509	0.8868791491	0.02217560276	0.7845534172
0.1141218318	0.8858781682	0.02274303898	0.7820165303
0.1151228128	0.8848771872	0.02332030696	0.7794830099
0.1161237938	0.8838762062	0.02390746734	0.7769530235
0.1171247748	0.8828752252	0.02450457926	0.7744267335
0.1181257558	0.8818742442	0.02511170035	0.7719042981
0.1191267367	0.8808732633	0.0257288867	0.7693858707
0.1201277177	0.8798722823	0.02635619288	0.7668716005
0.1211286987	0.8788713013	0.02699367187	0.7643616322
0.1221296797	0.8778703203	0.02764137513	0.7618561067
0.1231306607	0.8768693393	0.02829935251	0.7593551602
0.1241316416	0.8758683584	0.02896765231	0.7568589253
0.1251326226	0.8748673774	0.02964632121	0.7543675306
0.1261336036	0.8738663964	0.03033540431	0.7518811006
0.1271345846	0.8728654154	0.0310349451	0.7493997562
0.1281355656	0.8718644344	0.03174498547	0.7469236147
0.1291365465	0.8708634535	0.03246556568	0.7444527895
0.1301375275	0.8698624725	0.03319672438	0.7419873907
0.1311385085	0.8688614915	0.03393849858	0.7395275248
0.1321394895	0.8678605105	0.03469092369	0.7370732951
0.1331404705	0.8668595295	0.03545403347	0.7346248014
0.1341414515	0.8658585485	0.03622786004	0.7321821402
0.1351424324	0.8648575676	0.03701243392	0.7297454051
0.1361434134	0.8638565866	0.03780778398	0.7273146865
0.1371443944	0.8628556056	0.03861393744	0.7248900716
0.1381453754	0.8618546246	0.0394309199	0.7224716449
0.1391463564	0.8608536436	0.04025875535	0.7200594878
0.1401473373	0.8598526627	0.04109746613	0.717653679
0.1411483183	0.8588516817	0.04194707294	0.7152542944
0.1421492993	0.8578507007	0.0428075949	0.7128614071
0.1431502803	0.8568497197	0.04367904946	0.7104750879
0.1441512613	0.8558487387	0.0445614525	0.7080954045
0.1451522422	0.8548477578	0.04545481826	0.7057224225
0.1461532232	0.8538467768	0.04635915938	0.7033562049
0.1471542042	0.8528457958	0.04727448691	0.7009968122
0.1481551852	0.8518448148	0.04820081031	0.6986443027
0.1491561662	0.8508438338	0.04913813745	0.6962987323
0.1501571471	0.8498428529	0.0500864746	0.6939601548
0.1511581281	0.8488418719	0.0510458265	0.6916286216
0.1521591091	0.8478408909	0.05201619629	0.6893041821
0.1531600901	0.8468399099	0.05299758558	0.6869868836
0.1541610711	0.8458389289	0.05398999443	0.6846767713
0.1551620521	0.8448379479	0.05499342137	0.6823738884
0.156163033	0.843836967	0.05600786338	0.6800782763
0.157164014	0.842835986	0.05703331596	0.6777899743
0.158164995	0.841835005	0.05806977309	0.67550902
0.159165976	0.840834024	0.05911722726	0.6732354491
0.160166957	0.839833043	0.06017566947	0.6709692955
0.1611679379	0.8388320621	0.06124508926	0.6687105916
0.1621689189	0.8378310811	0.06232547472	0.6664593679
0.1631698999	0.8368301001	0.06341681248	0.6642156533
0.1641708809	0.8358291191	0.06451908774	0.661979475
0.1651718619	0.8348281381	0.0656322843	0.6597508589
0.1661728428	0.8338271572	0.06675638454	0.6575298291
0.1671738238	0.8328261762	0.06789136944	0.6553164084
0.1681748048	0.8318251952	0.06903721862	0.6531106181
0.1691757858	0.8308242142	0.07019391033	0.6509124779
0.1701767668	0.8298232332	0.07136142147	0.6487220065
0.1711777477	0.8288222523	0.07253972761	0.6465392209
0.1721787287	0.8278212713	0.07372880299	0.644364137
0.1731797097	0.8268202903	0.07492862056	0.6421967692
0.1741806907	0.8258193093	0.07613915197	0.6400371309
0.1751816717	0.8248183283	0.0773603676	0.6378852342
0.1761826527	0.8238173473	0.07859223658	0.6357410898
0.1771836336	0.8228163664	0.07983472679	0.6336047076
0.1781846146	0.8218153854	0.08108780489	0.6314760961
0.1791855956	0.8208144044	0.08235143631	0.6293552629
0.1801865766	0.8198134234	0.08362558531	0.6272422143
0.1811875576	0.8188124424	0.08491021498	0.6251369558
0.1821885385	0.8178114615	0.08620528721	0.6230394917
0.1831895195	0.8168104805	0.0875107628	0.6209498254
0.1841905005	0.8158094995	0.08882660137	0.6188679592
0.1851914815	0.8148085185	0.09015276147	0.6167938948
0.1861924625	0.8138075375	0.09148920053	0.6147276326
0.1871934434	0.8128065566	0.09283587493	0.6126691722
0.1881944244	0.8118055756	0.09419273996	0.6106185126
0.1891954054	0.8108045946	0.0955597499	0.6085756517
0.1901963864	0.8098036136	0.09693685798	0.6065405866
0.1911973674	0.8088026326	0.09832401644	0.6045133136
0.1921983483	0.8078016517	0.09972117652	0.6024938283
0.1931993293	0.8068006707	0.1011282885	0.6004821255
0.1942003103	0.8057996897	0.1025453017	0.5984781994
0.1952012913	0.8047987087	0.1039721644	0.5964820431
0.1962022723	0.8037977277	0.1054088242	0.5944936495
0.1972032533	0.8027967467	0.1068552276	0.5925130104
0.1982042342	0.8017957658	0.1083113202	0.5905401172
0.1992052152	0.8007947848	0.1097770469	0.5885749607
0.2002061962	0.7997938038	0.1112523516	0.5866175308
0.2012071772	0.7987928228	0.1127371775	0.584667817
0.2022081582	0.7977918418	0.1142314667	0.5827258082
0.2032091391	0.7967908609	0.1157351609	0.5807914927
0.2042101201	0.7957898799	0.1172482007	0.5788648583
0.2052111011	0.7947888989	0.1187705261	0.5769458922
0.2062120821	0.7937879179	0.1203020763	0.575034581
0.2072130631	0.7927869369	0.1218427897	0.5731309111
0.208214044	0.791785956	0.1233926042	0.5712348679
0.209215025	0.790784975	0.1249514568	0.5693464369
0.210216006	0.789783994	0.1265192839	0.5674656028
0.211216987	0.788783013	0.1280960211	0.5655923498
0.212217968	0.787782032	0.1296816037	0.563726662
0.2132189489	0.7867810511	0.131275966	0.5618685226
0.2142199299	0.7857800701	0.1328790419	0.5600179148
0.2152209109	0.7847790891	0.1344907646	0.5581748213
0.2162218919	0.7837781081	0.1361110668	0.5563392243
0.2172228729	0.7827771271	0.1377398805	0.5545111058
0.2182238539	0.7817761461	0.1393771374	0.5526904473
0.2192248348	0.7807751652	0.1410227684	0.55087723
0.2202258158	0.7797741842	0.1426767041	0.5490714347
0.2212267968	0.7787732032	0.1443388744	0.5472730422
0.2222277778	0.7777722222	0.1460092089	0.5454820324
0.2232287588	0.7767712412	0.1476876367	0.5436983856
0.2242297397	0.7757702603	0.1493740863	0.5419220811
0.2252307207	0.7747692793	0.1510684858	0.5401530985
0.2262317017	0.7737682983	0.1527707632	0.5383914169
0.2272326827	0.7727673173	0.1544808456	0.536637015
0.2282336637	0.7717663363	0.1561986601	0.5348898714
0.2292346446	0.7707653554	0.1579241331	0.5331499645
0.2302356256	0.7697643744	0.159657191	0.5314172724
0.2312366066	0.7687633934	0.1613977596	0.529691773
0.2322375876	0.7677624124	0.1631457644	0.5279734439
0.2332385686	0.7667614314	0.1649011307	0.5262622625
0.2342395495	0.7657604505	0.1666637832	0.5245582063
0.2352405305	0.7647594695	0.1684336468	0.5228612521
0.2362415115	0.7637584885	0.1702106456	0.5211713769
0.2372424925	0.7627575075	0.1719947038	0.5194885574
0.2382434735	0.7617565265	0.1737857453	0.5178127701
0.2392444545	0.7607555455	0.1755836936	0.5161439915
0.2402454354	0.7597545646	0.177388472	0.5144821976
0.2412464164	0.7587535836	0.1792000039	0.5128273647
0.2422473974	0.7577526026	0.1810182121	0.5111794685
0.2432483784	0.7567516216	0.1828430194	0.5095384851
0.2442493594	0.7557506406	0.1846743485	0.5079043899
0.2452503403	0.7547496597	0.1865121219	0.5062771585
0.2462513213	0.7537486787	0.1883562617	0.5046567664
0.2472523023	0.7527476977	0.1902066904	0.503043189
0.2482532833	0.7517467167	0.1920633298	0.5014364013
0.2492542643	0.7507457357	0.193926102	0.4998363786
0.2502552452	0.7497447548	0.1957949289	0.4982430959
0.2512562262	0.7487437738	0.1976697321	0.4966565281
0.2522572072	0.7477427928	0.1995504335	0.4950766501
0.2532581882	0.7467418118	0.2014369547	0.4935034367
0.2542591692	0.7457408308	0.2033292172	0.4919368625
0.2552601502	0.7447398498	0.2052271427	0.4903769023
0.2562611311	0.7437388689	0.2071306526	0.4888235307
0.2572621121	0.7427378879	0.2090396684	0.4872767221
0.2582630931	0.7417369069	0.2109541118	0.485736451
0.2592640741	0.7407359259	0.2128739041	0.4842026919
0.2602650551	0.7397349449	0.2147989668	0.4826754191
0.261266036	0.738733964	0.2167292216	0.4811546071
0.262267017	0.737732983	0.21866459	0.4796402301
0.263267998	0.736732002	0.2206049936	0.4781322624
0.264268979	0.735731021	0.2225503541	0.4766306782
0.26526996	0.73473004	0.2245005932	0.4751354518
0.2662709409	0.7337290591	0.2264556328	0.4736465574
0.2672719219	0.7327280781	0.2284153946	0.4721639692
0.2682729029	0.7317270971	0.2303798008	0.4706876614
0.2692738839	0.7307261161	0.2323487732	0.4692176081
0.2702748649	0.7297251351	0.2343222343	0.4677537836
0.2712758458	0.7287241542	0.2363001061	0.4662961619
0.2722768268	0.7277231732	0.2382823112	0.4648447172
0.2732778078	0.7267221922	0.2402687721	0.4633994237
0.2742787888	0.7257212112	0.2422594115	0.4619602556
0.2752797698	0.7247202302	0.2442541523	0.4605271871
0.2762807508	0.7237192492	0.2462529173	0.4591001923
0.2772817317	0.7227182683	0.2482556299	0.4576792455
0.2782827127	0.7217172873	0.2502622133	0.4562643209
0.2792836937	0.7207163063	0.2522725911	0.4548553927
0.2802846747	0.7197153253	0.2542866869	0.4534524352
0.2812856557	0.7187143443	0.2563044247	0.4520554227
0.2822866366	0.7177133634	0.2583257285	0.4506643296
0.2832876176	0.7167123824	0.2603505227	0.4492791301
0.2842885986	0.7157114014	0.2623787317	0.4478997987
0.2852895796	0.7147104204	0.2644102802	0.4465263097
0.2862905606	0.7137094394	0.2664450934	0.4451586377
0.2872915415	0.7127084585	0.2684830963	0.4437967571
0.2882925225	0.7117074775	0.2705242143	0.4424406425
0.2892935035	0.7107064965	0.2725683733	0.4410902685
0.2902944845	0.7097055155	0.274615499	0.4397456095
0.2912954655	0.7087045345	0.2766655177	0.4384066404
0.2922964464	0.7077035536	0.2787183559	0.4370733359
0.2932974274	0.7067025726	0.2807739402	0.4357456707
0.2942984084	0.7057015916	0.2828321976	0.4344236196
0.2952993894	0.7047006106	0.2848930555	0.4331071574
0.2963003704	0.7036996296	0.2869564413	0.4317962592
0.2973013514	0.7026986486	0.289022283	0.4304908999
0.2983023323	0.7016976677	0.2910905086	0.4291910546
0.2993033133	0.7006966867	0.2931610466	0.4278966982
0.3003042943	0.6996957057	0.2952338257	0.4266078061
0.3013052753	0.6986947247	0.297308775	0.4253243533
0.3023062563	0.6976937437	0.2993858239	0.4240463153
0.3033072372	0.6966927628	0.301464902	0.4227736672
0.3043082182	0.6956917818	0.3035459392	0.4215063847
0.3053091992	0.6946908008	0.3056288661	0.420244443
0.3063101802	0.6936898198	0.307713613	0.4189878179
0.3073111612	0.6926888388	0.3098001112	0.4177364848
0.3083121421	0.6916878579	0.3118882918	0.4164904195
0.3093131231	0.6906868769	0.3139780866	0.4152495977
0.3103141041	0.6896858959	0.3160694274	0.4140139953
0.3113150851	0.6886849149	0.3181622468	0.4127835881
0.3123160661	0.6876839339	0.3202564774	0.4115583522
0.313317047	0.686682953	0.3223520521	0.4103382635
0.314318028	0.685681972	0.3244489045	0.4091232983
0.315319009	0.684680991	0.3265469683	0.4079134327
0.31631999	0.68368001	0.3286461776	0.406708643
0.317320971	0.682679029	0.3307464669	0.4055089055
0.318321952	0.681678048	0.3328477711	0.4043141968
0.3193229329	0.6806770671	0.3349500254	0.4031244932
0.3203239139	0.6796760861	0.3370531654	0.4019397714
0.3213248949	0.6786751051	0.3391571271	0.4007600081
0.3223258759	0.6776741241	0.3412618468	0.3995851801
0.3233268569	0.6766731431	0.3433672612	0.3984152641
0.3243278378	0.6756721622	0.3454733075	0.3972502372
0.3253288188	0.6746711812	0.3475799233	0.3960900762
0.3263297998	0.6736702002	0.3496870462	0.3949347584
0.3273307808	0.6726692192	0.3517946147	0.3937842608
0.3283317618	0.6716682382	0.3539025674	0.3926385607
0.3293327427	0.6706672573	0.3560108433	0.3914976356
0.3303337237	0.6696662763	0.3581193819	0.3903614627
0.3313347047	0.6686652953	0.3602281231	0.3892300197
0.3323356857	0.6676643143	0.362337007	0.388103284
0.3333366667	0.6666633333	0.3644459743	0.3869812335
0.3343376476	0.6656623524	0.366554966	0.3858638459
0.3353386286	0.6646613714	0.3686639236	0.384751099
0.3363396096	0.6636603904	0.3707727889	0.3836429708
0.3373405906	0.6626594094	0.372881504	0.3825394393
0.3383415716	0.6616584284	0.3749900118	0.3814404827
0.3393425526	0.6606574474	0.3770982551	0.3803460792
0.3403435335	0.6596564665	0.3792061775	0.379256207
0.3413445145	0.6586554855	0.3813137228	0.3781708446
0.3423454955	0.6576545045	0.3834208352	0.3770899705
0.3433464765	0.6566535235	0.3855274595	0.3760135632
0.3443474575	0.6556525425	0.3876335406	0.3749416013
0.3453484384	0.6546515616	0.3897390241	0.3738740637
0.3463494194	0.6536505806	0.3918438559	0.3728109291
0.3473504004	0.6526495996	0.3939479822	0.3717521766
0.3483513814	0.6516486186	0.3960513498	0.370697785
0.3493523624	0.6506476376	0.3981539057	0.3696477335
0.3503533433	0.6496466567	0.4002555976	0.3686020014
0.3513543243	0.6486456757	0.4023563733	0.3675605678
0.3523553053	0.6476446947	0.4044561813	0.3665234123
0.3533562863	0.6466437137	0.4065549702	0.3654905141
0.3543572673	0.6456427327	0.4086526892	0.364461853
0.3553582482	0.6446417518	0.4107492879	0.3634374085
0.3563592292	0.6436407708	0.4128447163	0.3624171605
0.3573602102	0.6426397898	0.4149389248	0.3614010886
0.3583611912	0.6416388088	0.4170318643	0.3603891729
0.3593621722	0.6406378278	0.4191234859	0.3593813933
0.3603631532	0.6396368468	0.4212137412	0.3583777299
0.3613641341	0.6386358659	0.4233025823	0.357378163
0.3623651151	0.6376348849	0.4253899618	0.3563826728
0.3633660961	0.6366339039	0.4274758323	0.3553912397
0.3643670771	0.6356329229	0.4295601472	0.3544038441
0.3653680581	0.6346319419	0.4316428601	0.3534204666
0.366369039	0.633630961	0.4337239252	0.3524410879
0.36737002	0.63262998	0.435803297	0.3514656886
0.368371001	0.631628999	0.4378809302	0.3504942495
0.369371982	0.630628018	0.4399567802	0.3495267517
0.370372963	0.629627037	0.4420308028	0.348563176
0.3713739439	0.6286260561	0.444102954	0.3476035035
0.3723749249	0.6276250751	0.4461731903	0.3466477155
0.3733759059	0.6266240941	0.4482414687	0.3456957932
0.3743768869	0.6256231131	0.4503077464	0.3447477179
0.3753778679	0.6246221321	0.4523719811	0.3438034711
0.3763788488	0.6236211512	0.4544341311	0.3428630343
0.3773798298	0.6226201702	0.4564941547	0.3419263892
0.3783808108	0.6216191892	0.4585520109	0.3409935173
0.3793817918	0.6206182082	0.460607659	0.3400644006
0.3803827728	0.6196172272	0.4626610587	0.3391390209
0.3813837538	0.6186162462	0.4647121701	0.3382173602
0.3823847347	0.6176152653	0.4667609536	0.3372994004
0.3833857157	0.6166142843	0.4688073702	0.3363851238
0.3843866967	0.6156133033	0.4708513811	0.3354745126
0.3853876777	0.6146123223	0.4728929479	0.3345675491
0.3863886587	0.6136113413	0.4749320328	0.3336642157
0.3873896396	0.6126103604	0.4769685981	0.3327644949
0.3883906206	0.6116093794	0.4790026066	0.3318683692
0.3893916016	0.6106083984	0.4810340217	0.3309758213
0.3903925826	0.6096074174	0.4830628067	0.330086834
0.3913935636	0.6086064364	0.4850889258	0.3292013901
0.3923945445	0.6076054555	0.4871123432	0.3283194724
0.3933955255	0.6066044745	0.4891330237	0.327441064
0.3943965065	0.6056034935	0.4911509323	0.326566148
0.3953974875	0.6046025125	0.4931660347	0.3256947075
0.3963984685	0.6036015315	0.4951782965	0.3248267258
0.3973994494	0.6026005506	0.4971876841	0.3239621862
0.3984004304	0.6015995696	0.4991941639	0.3231010721
0.3994014114	0.6005985886	0.5011977031	0.322243367
0.4004023924	0.5995976076	0.5031982689	0.3213890545
0.4014033734	0.5985966266	0.505195829	0.3205381183
0.4024043544	0.5975956456	0.5071903515	0.3196905421
0.4034053353	0.5965946647	0.5091818048	0.3188463097
0.4044063163	0.5955936837	0.5111701577	0.318005405
0.4054072973	0.5945927027	0.5131553794	0.3171678121
0.4064082783	0.5935917217	0.5151374393	0.3163335149
0.4074092593	0.5925907407	0.5171163074	0.3155024978
0.4084102402	0.5915897598	0.5190919538	0.3146747447
0.4094112212	0.5905887788	0.5210643491	0.3138502402
0.4104122022	0.5895877978	0.5230334643	0.3130289686
0.4114131832	0.5885868168	0.5249992706	0.3122109142
0.4124141642	0.5875858358	0.5269617396	0.3113960618
0.4134151451	0.5865848549	0.5289208433	0.3105843959
0.4144161261	0.5855838739	0.5308765541	0.3097759013
0.4154171071	0.5845828929	0.5328288445	0.3089705626
0.4164180881	0.5835819119	0.5347776877	0.3081683648
0.4174190691	0.5825809309	0.5367230568	0.3073692928
0.4184200501	0.5815799499	0.5386649257	0.3065733317
0.419421031	0.580578969	0.5406032682	0.3057804665
0.420422012	0.579577988	0.5425380588	0.3049906823
0.421422993	0.578577007	0.5444692722	0.3042039645
0.422423974	0.577576026	0.5463968832	0.3034202984
0.423424955	0.576575045	0.5483208674	0.3026396693
0.4244259359	0.5755740641	0.5502412002	0.3018620627
0.4254269169	0.5745730831	0.5521578578	0.3010874642
0.4264278979	0.5735721021	0.5540708164	0.3003158594
0.4274288789	0.5725711211	0.5559800527	0.2995472341
0.4284298599	0.5715701401	0.5578855436	0.2987815738
0.4294308408	0.5705691592	0.5597872663	0.2980188646
0.4304318218	0.5695681782	0.5616851985	0.2972590923
0.4314328028	0.5685671972	0.5635793181	0.296502243
0.4324337838	0.5675662162	0.5654696032	0.2957483026
0.4334347648	0.5665652352	0.5673560324	0.2949972573
0.4344357457	0.5655642543	0.5692385845	0.2942490934
0.4354367267	0.5645632733	0.5711172386	0.293503797
0.4364377077	0.5635622923	0.5729919742	0.2927613547
0.4374386887	0.5625613113	0.574862771	0.2920217527
0.4384396697	0.5615603303	0.5767296091	0.2912849776
0.4394406507	0.5605593493	0.5785924686	0.2905510159
0.4404416316	0.5595583684	0.5804513304	0.2898198543
0.4414426126	0.5585573874	0.5823061754	0.2890914794
0.4424435936	0.5575564064	0.5841569846	0.2883658781
0.4434445746	0.5565554254	0.5860037397	0.2876430372
0.4444455556	0.5555544444	0.5878464225	0.2869229436
0.4454465365	0.5545534635	0.589685015	0.2862055843
0.4464475175	0.5535524825	0.5915194996	0.2854909463
0.4474484985	0.5525515015	0.5933498589	0.2847790167
0.4484494795	0.5515505205	0.5951760759	0.2840697828
0.4494504605	0.5505495395	0.5969981338	0.2833632317
0.4504514414	0.5495485586	0.5988160161	0.2826593508
0.4514524224	0.5485475776	0.6006297065	0.2819581275
0.4524534034	0.5475465966	0.6024391891	0.2812595492
0.4534543844	0.5465456156	0.6042444481	0.2805636034
0.4544553654	0.5455446346	0.6060454683	0.2798702777
0.4554563463	0.5445436537	0.6078422343	0.2791795598
0.4564573273	0.5435426727	0.6096347313	0.2784914374
0.4574583083	0.5425416917	0.6114229448	0.2778058982
0.4584592893	0.5415407107	0.6132068602	0.2771229301
0.4594602703	0.5405397297	0.6149864636	0.276442521
0.4604612513	0.5395387487	0.616761741	0.2757646589
0.4614622322	0.5385377678	0.6185326789	0.2750893317
0.4624632132	0.5375367868	0.6202992639	0.2744165276
0.4634641942	0.5365358058	0.622061483	0.2737462348
0.4644651752	0.5355348248	0.6238193233	0.2730784414
0.4654661562	0.5345338438	0.6255727723	0.2724131357
0.4664671371	0.5335328629	0.6273218175	0.2717503061
0.4674681181	0.5325318819	0.629066447	0.271089941
0.4684690991	0.5315309009	0.6308066487	0.2704320288
0.4694700801	0.5305299199	0.6325424113	0.2697765581
0.4704710611	0.5295289389	0.6342737232	0.2691235175
0.471472042	0.528527958	0.6360005733	0.2684728956
0.472473023	0.527526977	0.6377229508	0.267824681
0.473474004	0.526525996	0.6394408449	0.2671788627
0.474474985	0.525525015	0.6411542453	0.2665354293
0.475475966	0.524524034	0.6428631417	0.2658943698
0.4764769469	0.5235230531	0.6445675241	0.2652556731
0.4774779279	0.5225220721	0.6462673829	0.2646193283
0.4784789089	0.5215210911	0.6479627085	0.2639853243
0.4794798899	0.5205201101	0.6496534915	0.2633536503
0.4804808709	0.5195191291	0.651339723	0.2627242955
0.4814818519	0.5185181481	0.653021394	0.2620972491
0.4824828328	0.5175171672	0.6546984958	0.2614725004
0.4834838138	0.5165161862	0.6563710202	0.2608500387
0.4844847948	0.5155152052	0.6580389588	0.2602298535
0.4854857758	0.5145142242	0.6597023037	0.2596119341
0.4864867568	0.5135132432	0.661361047	0.2589962701
0.4874877377	0.5125122623	0.6630151812	0.2583828511
0.4884887187	0.5115112813	0.6646646989	0.2577716667
0.4894896997	0.5105103003	0.6663095929	0.2571627065
0.4904906807	0.5095093193	0.6679498563	0.2565559604
0.4914916617	0.5085083383	0.6695854823	0.255951418
0.4924926426	0.5075073574	0.6712164643	0.2553490692
0.4934936236	0.5065063764	0.6728427959	0.254748904
0.4944946046	0.5055053954	0.674464471	0.2541509122
0.4954955856	0.5045044144	0.6760814836	0.2535550838
0.4964965666	0.5035034334	0.6776938279	0.252961409
0.4974975475	0.5025024525	0.6793014983	0.2523698778
0.4984985285	0.5015014715	0.6809044894	0.2517804803
0.4994995095	0.5005004905	0.682502796	0.2511932068
0.5005004905	0.4994995095	0.6840964131	0.2506080476
0.5015014715	0.4984985285	0.6856853357	0.2500249929
0.5025024525	0.4974975475	0.6872695594	0.2494440331
0.5035034334	0.4964965666	0.6888490794	0.2488651586
0.5045044144	0.4954955856	0.6904238916	0.2482883599
0.5055053954	0.4944946046	0.6919939919	0.2477136275
0.5065063764	0.4934936236	0.6935593762	0.247140952
0.5075073574	0.4924926426	0.6951200408	0.2465703239
0.5085083383	0.4914916617	0.6966759822	0.246001734
0.5095093193	0.4904906807	0.6982271968	0.2454351729
0.5105103003	0.4894896997	0.6997736814	0.2448706314
0.5115112813	0.4884887187	0.701315433	0.2443081003
0.5125122623	0.4874877377	0.7028524485	0.2437475705
0.5135132432	0.4864867568	0.7043847253	0.2431890329
0.5145142242	0.4854857758	0.7059122607	0.2426324784
0.5155152052	0.4844847948	0.7074350523	0.2420778981
0.5165161862	0.4834838138	0.7089530978	0.2415252829
0.5175171672	0.4824828328	0.7104663952	0.240974624
0.5185181481	0.4814818519	0.7119749424	0.2404259125
0.5195191291	0.4804808709	0.7134787376	0.2398791396
0.5205201101	0.4794798899	0.7149777793	0.2393342965
0.5215210911	0.4784789089	0.7164720659	0.2387913746
0.5225220721	0.4774779279	0.7179615961	0.2382503651
0.5235230531	0.4764769469	0.7194463686	0.2377112594
0.524524034	0.475475966	0.7209263825	0.2371740489
0.525525015	0.474474985	0.7224016369	0.2366387252
0.526525996	0.473474004	0.7238721309	0.2361052796
0.527526977	0.472473023	0.725337864	0.2355737037
0.528527958	0.471472042	0.7267988357	0.2350439893
0.5295289389	0.4704710611	0.7282550457	0.2345161277
0.5305299199	0.4694700801	0.7297064939	0.2339901109
0.5315309009	0.4684690991	0.7311531801	0.2334659304
0.5325318819	0.4674681181	0.7325951045	0.2329435781
0.5335328629	0.4664671371	0.7340322672	0.2324230458
0.5345338438	0.4654661562	0.7354646687	0.2319043253
0.5355348248	0.4644651752	0.7368923095	0.2313874085
0.5365358058	0.4634641942	0.7383151902	0.2308722873
0.5375367868	0.4624632132	0.7397333114	0.2303589538
0.5385377678	0.4614622322	0.7411466742	0.2298474
0.5395387487	0.4604612513	0.7425552796	0.2293376179
0.5405397297	0.4594602703	0.7439591286	0.2288295997
0.5415407107	0.4584592893	0.7453582225	0.2283233374
0.5425416917	0.4574583083	0.7467525628	0.2278188233
0.5435426727	0.4564573273	0.7481421509	0.2273160496
0.5445436537	0.4554563463	0.7495269885	0.2268150086
0.5455446346	0.4544553654	0.7509070773	0.2263156925
0.5465456156	0.4534543844	0.7522824192	0.2258180938
0.5475465966	0.4524534034	0.7536530162	0.2253222048
0.5485475776	0.4514524224	0.7550188703	0.224828018
0.5495485586	0.4504514414	0.7563799839	0.2243355258
0.5505495395	0.4494504605	0.7577363591	0.2238447207
0.5515505205	0.4484494795	0.7590879986	0.2233555952
0.5525515015	0.4474484985	0.7604349047	0.2228681421
0.5535524825	0.4464475175	0.7617770803	0.2223823538
0.5545534635	0.4454465365	0.7631145279	0.221898223
0.5555544444	0.4444455556	0.7644472507	0.2214157425
0.5565554254	0.4434445746	0.7657752514	0.220934905
0.5575564064	0.4424435936	0.7670985332	0.2204557032
0.5585573874	0.4414426126	0.7684170993	0.21997813
0.5595583684	0.4404416316	0.769730953	0.2195021782
0.5605593493	0.4394406507	0.7710400977	0.2190278407
0.5615603303	0.4384396697	0.7723445369	0.2185551105
0.5625613113	0.4374386887	0.7736442741	0.2180839804
0.5635622923	0.4364377077	0.7749393131	0.2176144435
0.5645632733	0.4354367267	0.7762296577	0.2171464928
0.5655642543	0.4344357457	0.7775153117	0.2166801214
0.5665652352	0.4334347648	0.7787962791	0.2162153224
0.5675662162	0.4324337838	0.780072564	0.2157520889
0.5685671972	0.4314328028	0.7813441705	0.2152904141
0.5695681782	0.4304318218	0.782611103	0.2148302912
0.5705691592	0.4294308408	0.7838733657	0.2143717135
0.5715701401	0.4284298599	0.7851309631	0.2139146741
0.5725711211	0.4274288789	0.7863838997	0.2134591666
0.5735721021	0.4264278979	0.7876321801	0.2130051841
0.5745730831	0.4254269169	0.7888758091	0.2125527201
0.5755740641	0.4244259359	0.7901147913	0.212101768
0.576575045	0.423424955	0.7913491317	0.2116523213
0.577576026	0.422423974	0.7925788351	0.2112043734
0.578577007	0.421422993	0.7938039067	0.2107579178
0.579577988	0.420422012	0.7950243516	0.2103129481
0.580578969	0.419421031	0.7962401748	0.2098694579
0.5815799499	0.4184200501	0.7974513818	0.2094274408
0.5825809309	0.4174190691	0.7986579777	0.2089868904
0.5835819119	0.4164180881	0.7998599681	0.2085478005
0.5845828929	0.4154171071	0.8010573585	0.2081101647
0.5855838739	0.4144161261	0.8022501544	0.2076739768
0.5865848549	0.4134151451	0.8034383614	0.2072392305
0.5875858358	0.4124141642	0.8046219853	0.2068059197
0.5885868168	0.4114131832	0.8058010318	0.2063740382
0.5895877978	0.4104122022	0.8069755069	0.2059435799
0.5905887788	0.4094112212	0.8081454164	0.2055145387
0.5915897598	0.4084102402	0.8093107664	0.2050869085
0.5925907407	0.4074092593	0.8104715628	0.2046606833
0.5935917217	0.4064082783	0.8116278119	0.204235857
0.5945927027	0.4054072973	0.8127795199	0.2038124238
0.5955936837	0.4044063163	0.813926693	0.2033903776
0.5965946647	0.4034053353	0.8150693375	0.2029697126
0.5975956456	0.4024043544	0.8162074598	0.2025504229
0.5985966266	0.4014033734	0.8173410664	0.2021325025
0.5995976076	0.4004023924	0.8184701638	0.2017159458
0.6005985886	0.3994014114	0.8195947586	0.2013007468
0.6015995696	0.3984004304	0.8207148574	0.2008868999
0.6026005506	0.3973994494	0.8218304669	0.2004743993
0.6036015315	0.3963984685	0.8229415939	0.2000632392
0.6046025125	0.3953974875	0.8240482451	0.1996534141
0.6056034935	0.3943965065	0.8251504275	0.1992449182
0.6066044745	0.3933955255	0.826248148	0.198837746
0.6076054555	0.3923945445	0.8273414136	0.1984318918
0.6086064364	0.3913935636	0.8284302312	0.1980273501
0.6096074174	0.3903925826	0.829514608	0.1976241153
0.6106083984	0.3893916016	0.8305945512	0.197222182
0.6116093794	0.3883906206	0.8316700678	0.1968215446
0.6126103604	0.3873896396	0.8327411653	0.1964221977
0.6136113413	0.3863886587	0.8338078507	0.1960241359
0.6146123223	0.3853876777	0.8348701316	0.1956273538
0.6156133033	0.3843866967	0.8359280153	0.195231846
0.6166142843	0.3833857157	0.8369815092	0.1948376071
0.6176152653	0.3823847347	0.8380306209	0.1944446319
0.6186162462	0.3813837538	0.8390753578	0.1940529151
0.6196172272	0.3803827728	0.8401157276	0.1936624513
0.6206182082	0.3793817918	0.8411517378	0.1932732354
0.6216191892	0.3783808108	0.8421833962	0.1928852621
0.6226201702	0.3773798298	0.8432107104	0.1924985262
0.6236211512	0.3763788488	0.8442336883	0.1921130227
0.6246221321	0.3753778679	0.8452523375	0.1917287463
0.6256231131	0.3743768869	0.8462666661	0.191345692
0.6266240941	0.3733759059	0.8472766818	0.1909638546
0.6276250751	0.3723749249	0.8482823925	0.1905832291
0.6286260561	0.3713739439	0.8492838063	0.1902038105
0.629627037	0.370372963	0.8502809311	0.1898255937
0.630628018	0.369371982	0.851273775	0.1894485739
0.631628999	0.368371001	0.852262346	0.1890727459
0.63262998	0.36737002	0.8532466523	0.188698105
0.633630961	0.366369039	0.8542267021	0.1883246461
0.6346319419	0.3653680581	0.8552025034	0.1879523644
0.6356329229	0.3643670771	0.8561740646	0.1875812551
0.6366339039	0.3633660961	0.8571413938	0.1872113132
0.6376348849	0.3623651151	0.8581044994	0.1868425341
0.6386358659	0.3613641341	0.8590633898	0.1864749128
0.6396368468	0.3603631532	0.8600180731	0.1861084447
0.6406378278	0.3593621722	0.8609685579	0.1857431249
0.6416388088	0.3583611912	0.8619148526	0.1853789488
0.6426397898	0.3573602102	0.8628569656	0.1850159117
0.6436407708	0.3563592292	0.8637949054	0.1846540089
0.6446417518	0.3553582482	0.8647286805	0.1842932358
0.6456427327	0.3543572673	0.8656582994	0.1839335877
0.6466437137	0.3533562863	0.8665837707	0.18357506
0.6476446947	0.3523553053	0.867505103	0.1832176482
0.6486456757	0.3513543243	0.868422305	0.1828613476
0.6496466567	0.3503533433	0.8693353852	0.1825061538
0.6506476376	0.3493523624	0.8702443524	0.1821520622
0.6516486186	0.3483513814	0.8711492152	0.1817990684
0.6526495996	0.3473504004	0.8720499824	0.1814471679
0.6536505806	0.3463494194	0.8729466627	0.1810963562
0.6546515616	0.3453484384	0.873839265	0.1807466289
0.6556525425	0.3443474575	0.8747277979	0.1803979816
0.6566535235	0.3433464765	0.8756122703	0.1800504099
0.6576545045	0.3423454955	0.8764926911	0.1797039095
0.6586554855	0.3413445145	0.8773690691	0.179358476
0.6596564665	0.3403435335	0.8782414133	0.1790141051
0.6606574474	0.3393425526	0.8791097324	0.1786707925
0.6616584284	0.3383415716	0.8799740356	0.178328534
0.6626594094	0.3373405906	0.8808343316	0.1779873252
0.6636603904	0.3363396096	0.8816906294	0.1776471619
0.6646613714	0.3353386286	0.8825429382	0.17730804
0.6656623524	0.3343376476	0.8833912668	0.1769699552
0.6666633333	0.3333366667	0.8842356242	0.1766329033
0.6676643143	0.3323356857	0.8850760196	0.1762968803
0.6686652953	0.3313347047	0.885912462	0.1759618819
0.6696662763	0.3303337237	0.8867449604	0.1756279041
0.6706672573	0.3293327427	0.8875735239	0.1752949427
0.6716682382	0.3283317618	0.8883981617	0.1749629938
0.6726692192	0.3273307808	0.8892188829	0.1746320531
0.6736702002	0.3263297998	0.8900356966	0.1743021168
0.6746711812	0.3253288188	0.8908486119	0.1739731808
0.6756721622	0.3243278378	0.8916576381	0.173645241
0.6766731431	0.3233268569	0.8924627842	0.1733182936
0.6776741241	0.3223258759	0.8932640595	0.1729923345
0.6786751051	0.3213248949	0.8940614733	0.1726673598
0.6796760861	0.3203239139	0.8948550346	0.1723433657
0.6806770671	0.3193229329	0.8956447528	0.1720203481
0.681678048	0.318321952	0.8964306371	0.1716983033
0.682679029	0.317320971	0.8972126966	0.1713772273
0.68368001	0.31631999	0.8979909408	0.1710571164
0.684680991	0.315319009	0.8987653788	0.1707379666
0.685681972	0.314318028	0.89953602	0.1704197743
0.686682953	0.313317047	0.9003028736	0.1701025355
0.6876839339	0.3123160661	0.9010659489	0.1697862465
0.6886849149	0.3113150851	0.9018252553	0.1694709037
0.6896858959	0.3103141041	0.902580802	0.1691565031
0.6906868769	0.3093131231	0.9033325984	0.1688430412
0.6916878579	0.3083121421	0.9040806539	0.1685305142
0.6926888388	0.3073111612	0.9048249776	0.1682189184
0.6936898198	0.3063101802	0.9055655791	0.1679082502
0.6946908008	0.3053091992	0.9063024676	0.167598506
0.6956917818	0.3043082182	0.9070356526	0.167289682
0.6966927628	0.3033072372	0.9077651433	0.1669817748
0.6976937437	0.3023062563	0.9084909492	0.1666747806
0.6986947247	0.3013052753	0.9092130795	0.1663686959
0.6996957057	0.3003042943	0.9099315438	0.1660635172
0.7006966867	0.2993033133	0.9106463514	0.1657592409
0.7016976677	0.2983023323	0.9113575116	0.1654558635
0.7026986486	0.2973013514	0.912065034	0.1651533815
0.7036996296	0.2963003704	0.9127689278	0.1648517913
0.7047006106	0.2952993894	0.9134692024	0.1645510896
0.7057015916	0.2942984084	0.9141658673	0.1642512728
0.7067025726	0.2932974274	0.9148589319	0.1639523375
0.7077035536	0.2922964464	0.9155484056	0.1636542802
0.7087045345	0.2912954655	0.9162342978	0.1633570977
0.7097055155	0.2902944845	0.9169166178	0.1630607863
0.7107064965	0.2892935035	0.9175953752	0.1627653429
0.7117074775	0.2882925225	0.9182705793	0.162470764
0.7127084585	0.2872915415	0.9189422395	0.1621770463
0.7137094394	0.2862905606	0.9196103653	0.1618841864
0.7147104204	0.2852895796	0.9202749661	0.161592181
0.7157114014	0.2842885986	0.9209360512	0.1613010269
0.7167123824	0.2832876176	0.9215936302	0.1610107207
0.7177133634	0.2822866366	0.9222477123	0.1607212591
0.7187143443	0.2812856557	0.9228983071	0.160432639
0.7197153253	0.2802846747	0.9235454239	0.160144857
0.7207163063	0.2792836937	0.9241890721	0.15985791
0.7217172873	0.2782827127	0.9248292612	0.1595717948
0.7227182683	0.2772817317	0.9254660006	0.159286508
0.7237192492	0.2762807508	0.9260992996	0.1590020467
0.7247202302	0.2752797698	0.9267291677	0.1587184075
0.7257212112	0.2742787888	0.9273556142	0.1584355874
0.7267221922	0.2732778078	0.9279786486	0.1581535832
0.7277231732	0.2722768268	0.9285982802	0.1578723918
0.7287241542	0.2712758458	0.9292145185	0.1575920101
0.7297251351	0.2702748649	0.9298273728	0.157312435
0.7307261161	0.2692738839	0.9304368525	0.1570336634
0.7317270971	0.2682729029	0.931042967	0.1567556923
0.7327280781	0.2672719219	0.9316457256	0.1564785186
0.7337290591	0.2662709409	0.9322451378	0.1562021392
0.73473004	0.26526996	0.9328412128	0.1559265512
0.735731021	0.264268979	0.9334339601	0.1556517516
0.736732002	0.263267998	0.9340233889	0.1553777373
0.737732983	0.262267017	0.9346095087	0.1551045054
0.738733964	0.261266036	0.9351923288	0.1548320529
0.7397349449	0.2602650551	0.9357718585	0.1545603769
0.7407359259	0.2592640741	0.9363481071	0.1542894743
0.7417369069	0.2582630931	0.9369210841	0.1540193424
0.7427378879	0.2572621121	0.9374907985	0.1537499782
0.7437388689	0.2562611311	0.9380572599	0.1534813787
0.7447398498	0.2552601502	0.9386204775	0.1532135412
0.7457408308	0.2542591692	0.9391804606	0.1529464627
0.7467418118	0.2532581882	0.9397372184	0.1526801404
0.7477427928	0.2522572072	0.9402907603	0.1524145714
0.7487437738	0.2512562262	0.9408410955	0.1521497529
0.7497447548	0.2502552452	0.9413882334	0.1518856821
0.7507457357	0.2492542643	0.941932183	0.1516223562
0.7517467167	0.2482532833	0.9424729538	0.1513597723
0.7527476977	0.2472523023	0.9430105549	0.1510979278
0.7537486787	0.2462513213	0.9435449956	0.1508368198
0.7547496597	0.2452503403	0.944076285	0.1505764456
0.7557506406	0.2442493594	0.9446044325	0.1503168024
0.7567516216	0.2432483784	0.9451294472	0.1500578875
0.7577526026	0.2422473974	0.9456513382	0.1497996983
0.7587535836	0.2412464164	0.9461701149	0.1495422319
0.7597545646	0.2402454354	0.9466857863	0.1492854857
0.7607555455	0.2392444545	0.9471983616	0.1490294571
0.7617565265	0.2382434735	0.94770785	0.1487741433
0.7627575075	0.2372424925	0.9482142606	0.1485195416
0.7637584885	0.2362415115	0.9487176026	0.1482656496
0.7647594695	0.2352405305	0.9492178851	0.1480124644
0.7657604505	0.2342395495	0.9497151171	0.1477599836
0.7667614314	0.2332385686	0.9502093079	0.1475082044
0.7677624124	0.2322375876	0.9507004664	0.1472571244
0.7687633934	0.2312366066	0.9511886018	0.1470067408
0.7697643744	0.2302356256	0.9516737232	0.1467570512
0.7707653554	0.2292346446	0.9521558395	0.146508053
0.7717663363	0.2282336637	0.9526349599	0.1462597436
0.7727673173	0.2272326827	0.9531110934	0.1460121205
0.7737682983	0.2262317017	0.953584249	0.1457651811
0.7747692793	0.2252307207	0.9540544357	0.145518923
0.7757702603	0.2242297397	0.9545216625	0.1452733436
0.7767712412	0.2232287588	0.9549859383	0.1450284405
0.7777722222	0.2222277778	0.9554472723	0.1447842111
0.7787732032	0.2212267968	0.9559056733	0.1445406531
0.7797741842	0.2202258158	0.9563611503	0.1442977639
0.7807751652	0.2192248348	0.9568137122	0.1440555411
0.7817761461	0.2182238539	0.9572633679	0.1438139822
0.7827771271	0.2172228729	0.9577101264	0.1435730848
0.7837781081	0.2162218919	0.9581539966	0.1433328466
0.7847790891	0.2152209109	0.9585949873	0.1430932651
0.7857800701	0.2142199299	0.9590331074	0.1428543379
0.7867810511	0.2132189489	0.9594683658	0.1426160626
0.787782032	0.212217968	0.9599007713	0.1423784369
0.788783013	0.211216987	0.9603303327	0.1421414583
0.789783994	0.210216006	0.9607570589	0.1419051246
0.790784975	0.209215025	0.9611809587	0.1416694334
0.791785956	0.208214044	0.9616020408	0.1414343824
0.7927869369	0.2072130631	0.962020314	0.1411999692
0.7937879179	0.2062120821	0.9624357872	0.1409661916
0.7947888989	0.2052111011	0.962848469	0.1407330472
0.7957898799	0.2042101201	0.9632583681	0.1405005338
0.7967908609	0.2032091391	0.9636654934	0.140268649
0.7977918418	0.2022081582	0.9640698535	0.1400373906
0.7987928228	0.2012071772	0.964471457	0.1398067564
0.7997938038	0.2002061962	0.9648703127	0.139576744
0.8007947848	0.1992052152	0.9652664293	0.1393473514
0.8017957658	0.1982042342	0.9656598153	0.1391185761
0.8027967467	0.1972032533	0.9660504794	0.138890416
0.8037977277	0.1962022723	0.9664384302	0.138662869
0.8047987087	0.1952012913	0.9668236764	0.1384359327
0.8057996897	0.1942003103	0.9672062264	0.138209605
0.8068006707	0.1931993293	0.9675860889	0.1379838838
0.8078016517	0.1921983483	0.9679632725	0.1377587668
0.8088026326	0.1911973674	0.9683377856	0.1375342519
0.8098036136	0.1901963864	0.9687096368	0.1373103369
0.8108045946	0.1891954054	0.9690788346	0.1370870197
0.8118055756	0.1881944244	0.9694453874	0.1368642982
0.8128065566	0.1871934434	0.9698093039	0.1366421702
0.8138075375	0.1861924625	0.9701705924	0.1364206337
0.8148085185	0.1851914815	0.9705292613	0.1361996864
0.8158094995	0.1841905005	0.9708853192	0.1359793264
0.8168104805	0.1831895195	0.9712387743	0.1357595515
0.8178114615	0.1821885385	0.9715896352	0.1355403597
0.8188124424	0.1811875576	0.9719379102	0.1353217488
0.8198134234	0.1801865766	0.9722836076	0.1351037169
0.8208144044	0.1791855956	0.9726267359	0.1348862618
0.8218153854	0.1781846146	0.9729673033	0.1346693816
0.8228163664	0.1771836336	0.9733053181	0.1344530742
0.8238173473	0.1761826527	0.9736407887	0.1342373375
0.8248183283	0.1751816717	0.9739737233	0.1340221696
0.8258193093	0.1741806907	0.9743041303	0.1338075685
0.8268202903	0.1731797097	0.9746320178	0.1335935321
0.8278212713	0.1721787287	0.9749573941	0.1333800585
0.8288222523	0.1711777477	0.9752802673	0.1331671456
0.8298232332	0.1701767668	0.9756006458	0.1329547916
0.8308242142	0.1691757858	0.9759185377	0.1327429944
0.8318251952	0.1681748048	0.9762339511	0.1325317521
0.8328261762	0.1671738238	0.9765468943	0.1323210627
0.8338271572	0.1661728428	0.9768573752	0.1321109244
0.8348281381	0.1651718619	0.9771654021	0.1319013351
0.8358291191	0.1641708809	0.9774709831	0.131692293
0.8368301001	0.1631698999	0.9777741262	0.1314837961
0.8378310811	0.1621689189	0.9780748395	0.1312758425
0.8388320621	0.1611679379	0.978373131	0.1310684304
0.839833043	0.160166957	0.9786690088	0.1308615579
0.840834024	0.159165976	0.9789624809	0.1306552229
0.841835005	0.158164995	0.9792535552	0.1304494238
0.842835986	0.157164014	0.9795422398	0.1302441587
0.843836967	0.156163033	0.9798285426	0.1300394256
0.8448379479	0.1551620521	0.9801124716	0.1298352227
0.8458389289	0.1541610711	0.9803940347	0.1296315482
0.8468399099	0.1531600901	0.9806732397	0.1294284002
0.8478408909	0.1521591091	0.9809500947	0.129225777
0.8488418719	0.1511581281	0.9812246073	0.1290236767
0.8498428529	0.1501571471	0.9814967856	0.1288220974
0.8508438338	0.1491561662	0.9817666374	0.1286210375
0.8518448148	0.1481551852	0.9820341704	0.1284204951
0.8528457958	0.1471542042	0.9822993925	0.1282204683
0.8538467768	0.1461532232	0.9825623114	0.1280209556
0.8548477578	0.1451522422	0.982822935	0.1278219549
0.8558487387	0.1441512613	0.9830812709	0.1276234647
0.8568497197	0.1431502803	0.9833373269	0.1274254831
0.8578507007	0.1421492993	0.9835911108	0.1272280084
0.8588516817	0.1411483183	0.9838426301	0.1270310389
0.8598526627	0.1401473373	0.9840918927	0.1268345728
0.8608536436	0.1391463564	0.9843389061	0.1266386083
0.8618546246	0.1381453754	0.984583678	0.1264431438
0.8628556056	0.1371443944	0.984826216	0.1262481776
0.8638565866	0.1361434134	0.9850665278	0.126053708
0.8648575676	0.1351424324	0.9853046208	0.1258597332
0.8658585485	0.1341414515	0.9855405028	0.1256662515
0.8668595295	0.1331404705	0.9857741812	0.1254732613
0.8678605105	0.1321394895	0.9860056635	0.125280761
0.8688614915	0.1311385085	0.9862349574	0.1250887487
0.8698624725	0.1301375275	0.9864620702	0.124897223
0.8708634535	0.1291365465	0.9866870095	0.124706182
0.8718644344	0.1281355656	0.9869097827	0.1245156242
0.8728654154	0.1271345846	0.9871303973	0.124325548
0.8738663964	0.1261336036	0.9873488607	0.1241359516
0.8748673774	0.1251326226	0.9875651804	0.1239468335
0.8758683584	0.1241316416	0.9877793636	0.123758192
0.8768693393	0.1231306607	0.9879914178	0.1235700255
0.8778703203	0.1221296797	0.9882013503	0.1233823325
0.8788713013	0.1211286987	0.9884091685	0.1231951112
0.8798722823	0.1201277177	0.9886148797	0.1230083602
0.8808732633	0.1191267367	0.9888184911	0.1228220779
0.8818742442	0.1181257558	0.9890200102	0.1226362625
0.8828752252	0.1171247748	0.989219444	0.1224509127
0.8838762062	0.1161237938	0.9894167999	0.1222660268
0.8848771872	0.1151228128	0.9896120852	0.1220816032
0.8858781682	0.1141218318	0.9898053069	0.1218976404
0.8868791491	0.1131208509	0.9899964723	0.1217141368
0.8878801301	0.1121198699	0.9901855886	0.121531091
0.8888811111	0.1111188889	0.990372663	0.1213485013
0.8898820921	0.1101179079	0.9905577025	0.1211663663
0.8908830731	0.1091169269	0.9907407143	0.1209846843
0.8918840541	0.1081159459	0.9909217054	0.120803454
0.892885035	0.107114965	0.9911006831	0.1206226737
0.893886016	0.106113984	0.9912776542	0.1204423421
0.894886997	0.105113003	0.991452626	0.1202624575
0.895887978	0.104112022	0.9916256053	0.1200830185
0.896888959	0.103111041	0.9917965992	0.1199040236
0.8978899399	0.1021100601	0.9919656148	0.1197254713
0.8988909209	0.1011090791	0.9921326589	0.1195473602
0.8998919019	0.1001080981	0.9922977385	0.1193696888
0.9008928829	0.09910711712	0.9924608607	0.1191924556
0.9018938639	0.09810613614	0.9926220322	0.1190156592
0.9028948448	0.09710515516	0.9927812599	0.1188392981
0.9038958258	0.09610417417	0.9929385509	0.1186633709
0.9048968068	0.09510319319	0.9930939119	0.1184878761
0.9058977878	0.09410221221	0.9932473497	0.1183128123
0.9068987688	0.09310123123	0.9933988713	0.1181381781
0.9078997497	0.09210025025	0.9935484834	0.117963972
0.9089007307	0.09109926927	0.9936961928	0.1177901927
0.9099017117	0.09009828829	0.9938420062	0.1176168388
0.9109026927	0.08909730731	0.9939859305	0.1174439088
0.9119036737	0.08809632633	0.9941279724	0.1172714013
0.9129046547	0.08709534535	0.9942681385	0.1170993149
0.9139056356	0.08609436436	0.9944064357	0.1169276484
0.9149066166	0.08509338338	0.9945428705	0.1167564002
0.9159075976	0.0840924024	0.9946774497	0.116585569
0.9169085786	0.08309142142	0.9948101798	0.1164151534
0.9179095596	0.08209044044	0.9949410676	0.1162451521
0.9189105405	0.08108945946	0.9950701196	0.1160755638
0.9199115215	0.08008847848	0.9951973424	0.115906387
0.9209125025	0.0790874975	0.9953227426	0.1157376204
0.9219134835	0.07808651652	0.9954463268	0.1155692627
0.9229144645	0.07708553554	0.9955681015	0.1154013126
0.9239154454	0.07608455455	0.9956880731	0.1152337686
0.9249164264	0.07508357357	0.9958062483	0.1150666295
0.9259174074	0.07408259259	0.9959226335	0.114899894
0.9269183884	0.07308161161	0.9960372352	0.1147335608
0.9279193694	0.07208063063	0.9961500598	0.1145676285
0.9289203504	0.07107964965	0.9962611137	0.1144020958
0.9299213313	0.07007866867	0.9963704034	0.1142369615
0.9309223123	0.06907768769	0.9964779352	0.1140722242
0.9319232933	0.06807670671	0.9965837156	0.1139078827
0.9329242743	0.06707572573	0.9966877509	0.1137439356
0.9339252553	0.06607474474	0.9967900475	0.1135803818
0.9349262362	0.06507376376	0.9968906116	0.1134172199
0.9359272172	0.06407278278	0.9969894496	0.1132544486
0.9369281982	0.0630718018	0.9970865677	0.1130920667
0.9379291792	0.06207082082	0.9971819723	0.112930073
0.9389301602	0.06106983984	0.9972756696	0.1127684661
0.9399311411	0.06006885886	0.9973676658	0.1126072449
0.9409321221	0.05906787788	0.9974579671	0.1124464081
0.9419331031	0.0580668969	0.9975465798	0.1122859544
0.9429340841	0.05706591592	0.99763351	0.1121258826
0.9439350651	0.05606493493	0.997718764	0.1119661916
0.944936046	0.05506395395	0.9978023477	0.11180688
0.945937027	0.05406297297	0.9978842675	0.1116479467
0.946938008	0.05306199199	0.9979645293	0.1114893904
0.947938989	0.05206101101	0.9980431393	0.1113312099
0.94893997	0.05106003003	0.9981201036	0.1111734041
0.949940951	0.05005904905	0.9981954283	0.1110159717
0.9509419319	0.04905806807	0.9982691192	0.1108589116
0.9519429129	0.04805708709	0.9983411826	0.1107022225
0.9529438939	0.04705610611	0.9984116244	0.1105459032
0.9539448749	0.04605512513	0.9984804506	0.1103899526
0.9549458559	0.04505414414	0.9985476672	0.1102343696
0.9559468368	0.04405316316	0.9986132801	0.1100791529
0.9569478178	0.04305218218	0.9986772952	0.1099243013
0.9579487988	0.0420512012	0.9987397186	0.1097698138
0.9589497798	0.04105022022	0.998800556	0.1096156891
0.9599507608	0.04004923924	0.9988598135	0.1094619261
0.9609517417	0.03904825826	0.9989174968	0.1093085237
0.9619527227	0.03804727728	0.9989736118	0.1091554807
0.9629537037	0.0370462963	0.9990281643	0.109002796
0.9639546847	0.03604531532	0.9990811602	0.1088504684
0.9649556657	0.03504433433	0.9991326053	0.1086984968
0.9659566466	0.03404335335	0.9991825053	0.10854688
0.9669576276	0.03304237237	0.9992308661	0.1083956171
0.9679586086	0.03204139139	0.9992776933	0.1082447068
0.9689595896	0.03104041041	0.9993229928	0.108094148
0.9699605706	0.03003942943	0.9993667701	0.1079439397
0.9709615516	0.02903844845	0.9994090311	0.1077940806
0.9719625325	0.02803746747	0.9994497814	0.1076445698
0.9729635135	0.02703648649	0.9994890267	0.1074954061
0.9739644945	0.02603550551	0.9995267726	0.1073465885
0.9749654755	0.02503452452	0.9995630247	0.1071981158
0.9759664565	0.02403354354	0.9995977888	0.107049987
0.9769674374	0.02303256256	0.9996310703	0.1069022009
0.9779684184	0.02203158158	0.9996628749	0.1067547566
0.9789693994	0.0210306006	0.9996932081	0.106607653
0.9799703804	0.02002961962	0.9997220754	0.1064608889
0.9809713614	0.01902863864	0.9997494825	0.1063144633
0.9819723423	0.01802765766	0.9997754348	0.1061683752
0.9829733233	0.01702667668	0.9997999378	0.1060226235
0.9839743043	0.0160256957	0.9998229971	0.1058772072
0.9849752853	0.01502471471	0.999844618	0.1057321252
0.9859762663	0.01402373373	0.999864806	0.1055873764
0.9869772472	0.01302275275	0.9998835666	0.1054429599
0.9879782282	0.01202177177	0.9999009052	0.1052988746
0.9889792092	0.01102079079	0.9999168272	0.1051551195
0.9899801902	0.01001980981	0.9999313379	0.1050116935
0.9909811712	0.009018828829	0.9999444427	0.1048685957
0.9919821522	0.008017847848	0.999956147	0.104725825
0.9929831331	0.007016866867	0.9999664562	0.1045833804
0.9939841141	0.006015885886	0.9999753755	0.1044412608
0.9949850951	0.005014904905	0.9999829102	0.1042994654
0.9959860761	0.004013923924	0.9999890656	0.104157993
0.9969870571	0.003012942943	0.9999938471	0.1040168428
0.997988038	0.002011961962	0.9999972598	0.1038760136
0.998989019	0.001010980981	0.999999309	0.1037355045
0.99999	1e-05	0.9999999999	0.1035953146
