1e-05	0.99999	5.299650686	1.000000018
0.001010980981	0.998989019	3.716423484	1.000179285
0.002011961962	0.997988038	2.667997652	1.000679351
0.003012942943	0.9969870571	1.957405216	1.001458544
0.004013923924	0.9959860761	1.465307793	1.002479862
0.005014904905	0.9949850951	1.117650297	1.003710377
0.006015885886	0.9939841141	0.8674423611	1.005120728
0.007016866867	0.9929831331	0.6842407003	1.006684686
0.008017847848	0.9919821522	0.5479355508	1.008378781
0.009018828829	0.9909811712	0.4449997002	1.010181985
0.01001980981	0.9899801902	0.3661777986	1.012075434
0.01102079079	0.9889792092	0.3050355972	1.014042185
0.01202177177	0.9879782282	0.2570326672	1.016067012
0.01302275275	0.9869772472	0.2189196607	1.018136218
0.01402373373	0.9859762663	0.1883402703	1.020237481
0.01502471471	0.9849752853	0.1635644105	1.022359706
0.0160256957	0.9839743043	0.1433068223	1.024492908
0.01702667668	0.9829733233	0.1266020949	1.026628098
0.01802765766	0.9819723423	0.1127174662	1.028757188
0.01902863864	0.9809713614	0.1010912513	1.030872903
0.02002961962	0.9799703804	0.09128887067	1.032968706
0.0210306006	0.9789693994	0.08297110941	1.035038728
0.02203158158	0.9779684184	0.0758709699	1.037077704
0.02303256256	0.9769674374	0.06977662709	1.039080925
0.02403354354	0.9759664565	0.06451876119	1.04104418
0.02503452452	0.9749654755	0.05996106059	1.042963718
0.02603550551	0.9739644945	0.0559930419	1.044836203
0.02703648649	0.9729635135	0.05252457818	1.046658681
0.02803746747	0.9719625325	0.04948169729	1.048428543
0.02903844845	0.9709615516	0.04680333188	1.050143501
0.03003942943	0.9699605706	0.04443878811	1.051801553
0.03104041041	0.9689595896	0.04234576091	1.053400968
0.03204139139	0.9679586086	0.04048876796	1.054940253
0.03304237237	0.9669576276	0.03883790646	1.05641814
0.03404335335	0.9659566466	0.0373678604	1.057833564
0.03504433433	0.9649556657	0.0360571035	1.059185647
0.03604531532	0.9639546847	0.03488725566	1.060473681
0.0370462963	0.9629537037	0.03384256085	1.061697115
0.03804727728	0.9619527227	0.03290946128	1.062855541
0.03904825826	0.9609517417	0.03207624857	1.063948682
0.04004923924	0.9599507608	0.03133277659	1.064976379
0.04105022022	0.9589497798	0.03067022408	1.065938586
0.0420512012	0.9579487988	0.03008089761	1.066835355
0.04305218218	0.9569478178	0.02955806727	1.067666829
0.04405316316	0.9559468368	0.02909582923	1.068433234
0.04505414414	0.9549458559	0.02868899024	1.069134875
0.04605512513	0.9539448749	0.02833297031	1.069772123
0.04705610611	0.9529438939	0.02802372028	1.070345413
0.04805708709	0.9519429129	0.02775765196	1.070855237
0.04905806807	0.9509419319	0.02753157852	1.071302137
0.05005904905	0.949940951	0.02734266363	1.071686705
0.05106003003	0.94893997	0.02718837784	1.072009572
0.05206101101	0.947938989	0.02706646106	1.072271407
0.05306199199	0.946938008	0.02697489029	1.072472916
0.05406297297	0.945937027	0.02691185165	1.07261483
0.05506395395	0.944936046	0.02687571613	1.072697912
0.05606493493	0.9439350651	0.02686501861	1.072722945
0.05706591592	0.9429340841	0.02687843944	1.072690735
0.0580668969	0.9419331031	0.02691478848	1.072602105
0.05906787788	0.9409321221	0.02697299105	1.072457894
0.06006885886	0.9399311411	0.02705207561	1.072258955
0.06106983984	0.9389301602	0.02715116294	1.072006151
0.06207082082	0.9379291792	0.02726945661	1.071700355
0.0630718018	0.9369281982	0.02740623453	1.071342448
0.06407278278	0.9359272172	0.02756084148	1.070933317
0.06507376376	0.9349262362	0.02773268252	1.070473852
0.06607474474	0.9339252553	0.02792121706	1.069964947
0.06707572573	0.9329242743	0.02812595365	1.069407498
0.06807670671	0.9319232933	0.02834644532	1.0688024
0.06907768769	0.9309223123	0.02858228534	1.068150548
0.07007866867	0.9299213313	0.02883310356	1.067452837
0.07107964965	0.9289203504	0.02909856296	1.066710155
0.07208063063	0.9279193694	0.02937835673	1.065923392
0.07308161161	0.9269183884	0.02967220548	1.065093429
0.07408259259	0.9259174074	0.02997985483	1.064221144
0.07508357357	0.9249164264	0.0303010732	1.06330741
0.07608455455	0.9239154454	0.03063564981	1.062353093
0.07708553554	0.9229144645	0.03098339284	1.061359051
0.07808651652	0.9219134835	0.03134412784	1.060326135
0.0790874975	0.9209125025	0.03171769621	1.059255191
0.08008847848	0.9199115215	0.03210395386	1.058147054
0.08108945946	0.9189105405	0.03250276993	1.05700255
0.08209044044	0.9179095596	0.03291402574	1.055822498
0.08309142142	0.9169085786	0.0333376137	1.054607708
0.0840924024	0.9159075976	0.03377343639	1.053358978
0.08509338338	0.9149066166	0.03422140572	1.052077098
0.08609436436	0.9139056356	0.03468144208	1.05076285
0.08709534535	0.9129046547	0.0351534737	1.049417001
0.08809632633	0.9119036737	0.03563743591	1.048040314
0.08909730731	0.9109026927	0.03613327059	1.046633536
0.09009828829	0.9099017117	0.03664092555	1.045197407
0.09109926927	0.9089007307	0.03716035405	1.043732655
0.09210025025	0.9078997497	0.0376915143	1.042239999
0.09310123123	0.9068987688	0.03823436904	1.040720146
0.09410221221	0.9058977878	0.03878888511	1.039173792
0.09510319319	0.9048968068	0.03935503307	1.037601623
0.09610417417	0.9038958258	0.03993278687	1.036004315
0.09710515516	0.9028948448	0.04052212353	1.034382531
0.09810613614	0.9018938639	0.04112302278	1.032736927
0.09910711712	0.9008928829	0.04173546686	1.031068144
0.1001080981	0.8998919019	0.04235944022	1.029376816
0.1011090791	0.8988909209	0.04299492928	1.027663565
0.1021100601	0.8978899399	0.04364192219	1.025929001
0.103111041	0.896888959	0.04430040867	1.024173727
0.104112022	0.895887978	0.04497037978	1.022398332
0.105113003	0.894886997	0.04565182773	1.020603398
0.106113984	0.893886016	0.04634474574	1.018789493
0.107114965	0.892885035	0.04704912786	1.016957179
0.1081159459	0.8918840541	0.04776496886	1.015107005
0.1091169269	0.8908830731	0.04849226402	1.013239511
0.1101179079	0.8898820921	0.0492310091	1.011355228
0.1111188889	0.8888811111	0.04998120013	1.009454674
0.1121198699	0.8878801301	0.05074283337	1.007538362
0.1131208509	0.8868791491	0.05151590515	1.005606793
0.1141218318	0.8858781682	0.05230041183	1.003660457
0.1151228128	0.8848771872	0.05309634964	1.001699838
0.1161237938	0.8838762062	0.05390371467	0.9997254094
0.1171247748	0.8828752252	0.05472250275	0.9977376344
0.1181257558	0.8818742442	0.05555270937	0.9957369686
0.1191267367	0.8808732633	0.05639432963	0.9937238584
0.1201277177	0.8798722823	0.05724735818	0.9916987413
0.1211286987	0.8788713013	0.05811178916	0.9896620466
0.1221296797	0.8778703203	0.05898761613	0.9876141946
0.1231306607	0.8768693393	0.05987483201	0.9855555977
0.1241316416	0.8758683584	0.06077342909	0.9834866598
0.1251326226	0.8748673774	0.06168339892	0.9814077768
0.1261336036	0.8738663964	0.0626047323	0.9793193365
0.1271345846	0.8728654154	0.06353741924	0.9772217189
0.1281355656	0.8718644344	0.06448144893	0.9751152964
0.1291365465	0.8708634535	0.06543680971	0.9730004335
0.1301375275	0.8698624725	0.06640348901	0.9708774875
0.1311385085	0.8688614915	0.06738147337	0.9687468081
0.1321394895	0.8678605105	0.06837074838	0.9666087378
0.1331404705	0.8668595295	0.06937129868	0.9644636119
0.1341414515	0.8658585485	0.07038310792	0.9623117588
0.1351424324	0.8648575676	0.07140615877	0.9601535
0.1361434134	0.8638565866	0.07244043286	0.95798915
0.1371443944	0.8628556056	0.07348591082	0.9558190169
0.1381453754	0.8618546246	0.07454257222	0.9536434021
0.1391463564	0.8608536436	0.07561039558	0.9514626004
0.1401473373	0.8598526627	0.07668935838	0.9492769006
0.1411483183	0.8588516817	0.07777943701	0.9470865851
0.1421492993	0.8578507007	0.07888060678	0.9448919301
0.1431502803	0.8568497197	0.07999284194	0.9426932058
0.1441512613	0.8558487387	0.08111611563	0.9404906768
0.1451522422	0.8548477578	0.08225039992	0.9382846015
0.1461532232	0.8538467768	0.08339566579	0.9360752328
0.1471542042	0.8528457958	0.08455188312	0.9338628181
0.1481551852	0.8518448148	0.0857190207	0.9316475992
0.1491561662	0.8508438338	0.08689704624	0.9294298124
0.1501571471	0.8498428529	0.08808592634	0.927209689
0.1511581281	0.8488418719	0.08928562655	0.9249874549
0.1521591091	0.8478408909	0.0904961113	0.922763331
0.1531600901	0.8468399099	0.09171734399	0.920537533
0.1541610711	0.8458389289	0.09294928691	0.9183102721
0.1551620521	0.8448379479	0.0941919013	0.9160817542
0.156163033	0.843836967	0.09544514736	0.9138521809
0.157164014	0.842835986	0.0967089842	0.9116217489
0.158164995	0.841835005	0.09798336993	0.9093906505
0.159165976	0.840834024	0.0992682616	0.9071590735
0.160166957	0.839833043	0.1005636152	0.9049272012
0.1611679379	0.8388320621	0.1018693859	0.9026952128
0.1621689189	0.8378310811	0.1031855275	0.9004632833
0.1631698999	0.8368301001	0.1045119932	0.8982315833
0.1641708809	0.8358291191	0.105848735	0.8960002797
0.1651718619	0.8348281381	0.1071957039	0.8937695352
0.1661728428	0.8338271572	0.1085528501	0.8915395087
0.1671738238	0.8328261762	0.1099201227	0.8893103553
0.1681748048	0.8318251952	0.1112974699	0.8870822263
0.1691757858	0.8308242142	0.1126848391	0.8848552694
0.1701767668	0.8298232332	0.1140821767	0.8826296286
0.1711777477	0.8288222523	0.1154894281	0.8804054445
0.1721787287	0.8278212713	0.116906538	0.8781828542
0.1731797097	0.8268202903	0.1183334501	0.8759619914
0.1741806907	0.8258193093	0.1197701073	0.8737429864
0.1751816717	0.8248183283	0.1212164518	0.8715259664
0.1761826527	0.8238173473	0.1226724247	0.8693110554
0.1771836336	0.8228163664	0.1241379665	0.8670983742
0.1781846146	0.8218153854	0.1256130169	0.8648880405
0.1791855956	0.8208144044	0.1270975146	0.8626801691
0.1801865766	0.8198134234	0.1285913978	0.8604748719
0.1811875576	0.8188124424	0.1300946038	0.8582722577
0.1821885385	0.8178114615	0.1316070692	0.8560724326
0.1831895195	0.8168104805	0.13312873	0.8538755002
0.1841905005	0.8158094995	0.1346595213	0.8516815608
0.1851914815	0.8148085185	0.1361993776	0.8494907127
0.1861924625	0.8138075375	0.1377482329	0.8473030511
0.1871934434	0.8128065566	0.1393060202	0.845118669
0.1881944244	0.8118055756	0.140872672	0.8429376565
0.1891954054	0.8108045946	0.1424481205	0.8407601018
0.1901963864	0.8098036136	0.1440322967	0.8385860902
0.1911973674	0.8088026326	0.1456251316	0.8364157049
0.1921983483	0.8078016517	0.1472265551	0.8342490269
0.1931993293	0.8068006707	0.148836497	0.8320861346
0.1942003103	0.8057996897	0.1504548862	0.8299271046
0.1952012913	0.8047987087	0.1520816513	0.8277720111
0.1962022723	0.8037977277	0.1537167203	0.8256209263
0.1972032533	0.8027967467	0.1553600207	0.8234739201
0.1982042342	0.8017957658	0.1570114794	0.8213310608
0.1992052152	0.8007947848	0.1586710232	0.8191924143
0.2002061962	0.7997938038	0.160338578	0.8170580447
0.2012071772	0.7987928228	0.1620140696	0.8149280144
0.2022081582	0.7977918418	0.1636974233	0.8128023836
0.2032091391	0.7967908609	0.1653885639	0.810681211
0.2042101201	0.7957898799	0.1670874158	0.8085645531
0.2052111011	0.7947888989	0.1687939032	0.8064524652
0.2062120821	0.7937879179	0.1705079498	0.8043450004
0.2072130631	0.7927869369	0.172229479	0.8022422104
0.208214044	0.791785956	0.1739584138	0.8001441451
0.209215025	0.790784975	0.1756946771	0.7980508531
0.210216006	0.789783994	0.1774381913	0.795962381
0.211216987	0.788783013	0.1791888786	0.7938787741
0.212217968	0.787782032	0.1809466609	0.7918000762
0.2132189489	0.7867810511	0.1827114597	0.7897263297
0.2142199299	0.7857800701	0.1844831967	0.7876575753
0.2152209109	0.7847790891	0.1862617928	0.7855938526
0.2162218919	0.7837781081	0.1880471691	0.7835351995
0.2172228729	0.7827771271	0.1898392464	0.7814816529
0.2182238539	0.7817761461	0.1916379452	0.779433248
0.2192248348	0.7807751652	0.193443186	0.7773900191
0.2202258158	0.7797741842	0.1952548891	0.775351999
0.2212267968	0.7787732032	0.1970729744	0.7733192192
0.2222277778	0.7777722222	0.1988973621	0.7712917102
0.2232287588	0.7767712412	0.2007279719	0.7692695011
0.2242297397	0.7757702603	0.2025647236	0.7672526201
0.2252307207	0.7747692793	0.2044075369	0.7652410941
0.2262317017	0.7737682983	0.2062563313	0.7632349488
0.2272326827	0.7727673173	0.2081110264	0.761234209
0.2282336637	0.7717663363	0.2099715416	0.7592388984
0.2292346446	0.7707653554	0.2118377963	0.7572490396
0.2302356256	0.7697643744	0.2137097099	0.7552646542
0.2312366066	0.7687633934	0.2155872017	0.7532857628
0.2322375876	0.7677624124	0.217470191	0.7513123852
0.2332385686	0.7667614314	0.2193585973	0.74934454
0.2342395495	0.7657604505	0.2212523398	0.747382245
0.2352405305	0.7647594695	0.2231513379	0.745425517
0.2362415115	0.7637584885	0.225055511	0.7434743722
0.2372424925	0.7627575075	0.2269647786	0.7415288255
0.2382434735	0.7617565265	0.2288790602	0.7395888914
0.2392444545	0.7607555455	0.2307982753	0.7376545831
0.2402454354	0.7597545646	0.2327223437	0.7357259135
0.2412464164	0.7587535836	0.2346511849	0.7338028942
0.2422473974	0.7577526026	0.236584719	0.7318855365
0.2432483784	0.7567516216	0.2385228657	0.7299738506
0.2442493594	0.7557506406	0.2404655452	0.7280678461
0.2452503403	0.7547496597	0.2424126777	0.7261675318
0.2462513213	0.7537486787	0.2443641833	0.7242729161
0.2472523023	0.7527476977	0.2463199826	0.7223840062
0.2482532833	0.7517467167	0.2482799963	0.720500809
0.2492542643	0.7507457357	0.2502441449	0.7186233307
0.2502552452	0.7497447548	0.2522123495	0.7167515768
0.2512562262	0.7487437738	0.2541845312	0.714885552
0.2522572072	0.7477427928	0.2561606113	0.7130252608
0.2532581882	0.7467418118	0.2581405112	0.7111707067
0.2542591692	0.7457408308	0.2601241527	0.7093218928
0.2552601502	0.7447398498	0.2621114576	0.7074788217
0.2562611311	0.7437388689	0.2641023481	0.7056414952
0.2572621121	0.7427378879	0.2660967464	0.7038099149
0.2582630931	0.7417369069	0.2680945752	0.7019840815
0.2592640741	0.7407359259	0.2700957572	0.7001639955
0.2602650551	0.7397349449	0.2721002156	0.6983496567
0.261266036	0.738733964	0.2741078735	0.6965410644
0.262267017	0.737732983	0.2761186546	0.6947382176
0.263267998	0.736732002	0.2781324828	0.6929411146
0.264268979	0.735731021	0.280149282	0.6911497534
0.26526996	0.73473004	0.2821689767	0.6893641315
0.2662709409	0.7337290591	0.2841914916	0.687584246
0.2672719219	0.7327280781	0.2862167515	0.6858100935
0.2682729029	0.7317270971	0.2882446818	0.6840416703
0.2692738839	0.7307261161	0.290275208	0.6822789721
0.2702748649	0.7297251351	0.292308256	0.6805219944
0.2712758458	0.7287241542	0.2943437519	0.6787707323
0.2722768268	0.7277231732	0.2963816222	0.6770251804
0.2732778078	0.7267221922	0.2984217937	0.675285333
0.2742787888	0.7257212112	0.3004641936	0.6735511841
0.2752797698	0.7247202302	0.3025087493	0.6718227272
0.2762807508	0.7237192492	0.3045553887	0.6700999557
0.2772817317	0.7227182683	0.30660404	0.6683828625
0.2782827127	0.7217172873	0.3086546315	0.6666714401
0.2792836937	0.7207163063	0.3107070922	0.6649656809
0.2802846747	0.7197153253	0.3127613512	0.6632655769
0.2812856557	0.7187143443	0.3148173382	0.6615711198
0.2822866366	0.7177133634	0.316874983	0.659882301
0.2832876176	0.7167123824	0.318934216	0.6581991116
0.2842885986	0.7157114014	0.3209949679	0.6565215425
0.2852895796	0.7147104204	0.3230571696	0.6548495842
0.2862905606	0.7137094394	0.3251207526	0.6531832272
0.2872915415	0.7127084585	0.3271856487	0.6515224614
0.2882925225	0.7117074775	0.32925179	0.6498672768
0.2892935035	0.7107064965	0.3313191092	0.6482176629
0.2902944845	0.7097055155	0.3333875393	0.6465736091
0.2912954655	0.7087045345	0.3354570135	0.6449351045
0.2922964464	0.7077035536	0.3375274656	0.6433021381
0.2932974274	0.7067025726	0.3395988298	0.6416746986
0.2942984084	0.7057015916	0.3416710407	0.6400527744
0.2952993894	0.7047006106	0.3437440331	0.638436354
0.2963003704	0.7036996296	0.3458177425	0.6368254254
0.2973013514	0.7026986486	0.3478921047	0.6352199765
0.2983023323	0.7016976677	0.3499670557	0.6336199951
0.2993033133	0.7006966867	0.3520425323	0.6320254687
0.3003042943	0.6996957057	0.3541184715	0.6304363848
0.3013052753	0.6986947247	0.3561948106	0.6288527306
0.3023062563	0.6976937437	0.3582714875	0.6272744931
0.3033072372	0.6966927628	0.3603484405	0.6257016592
0.3043082182	0.6956917818	0.3624256083	0.6241342158
0.3053091992	0.6946908008	0.36450293	0.6225721494
0.3063101802	0.6936898198	0.3665803451	0.6210154465
0.3073111612	0.6926888388	0.3686577936	0.6194640934
0.3083121421	0.6916878579	0.370735216	0.6179180763
0.3093131231	0.6906868769	0.3728125529	0.6163773814
0.3103141041	0.6896858959	0.3748897458	0.6148419944
0.3113150851	0.6886849149	0.3769667362	0.6133119014
0.3123160661	0.6876839339	0.3790434663	0.611787088
0.313317047	0.686682953	0.3811198786	0.6102675398
0.314318028	0.685681972	0.3831959161	0.6087532422
0.315319009	0.684680991	0.3852715223	0.6072441808
0.31631999	0.68368001	0.3873466409	0.6057403407
0.317320971	0.682679029	0.3894212163	0.6042417072
0.318321952	0.681678048	0.3914951932	0.6027482654
0.3193229329	0.6806770671	0.3935685168	0.6012600003
0.3203239139	0.6796760861	0.3956411326	0.5997768968
0.3213248949	0.6786751051	0.3977129867	0.5982989398
0.3223258759	0.6776741241	0.3997840255	0.5968261141
0.3233268569	0.6766731431	0.401854196	0.5953584042
0.3243278378	0.6756721622	0.4039234455	0.593895795
0.3253288188	0.6746711812	0.4059917218	0.5924382709
0.3263297998	0.6736702002	0.4080589731	0.5909858164
0.3273307808	0.6726692192	0.410125148	0.5895384159
0.3283317618	0.6716682382	0.4121901957	0.5880960538
0.3293327427	0.6706672573	0.4142540657	0.5866587144
0.3303337237	0.6696662763	0.4163167078	0.585226382
0.3313347047	0.6686652953	0.4183780727	0.5837990408
0.3323356857	0.6676643143	0.420438111	0.5823766749
0.3333366667	0.6666633333	0.4224967741	0.5809592684
0.3343376476	0.6656623524	0.4245540136	0.5795468054
0.3353386286	0.6646613714	0.4266097817	0.57813927
0.3363396096	0.6636603904	0.428664031	0.576736646
0.3373405906	0.6626594094	0.4307167145	0.5753389175
0.3383415716	0.6616584284	0.4327677855	0.5739460684
0.3393425526	0.6606574474	0.4348171981	0.5725580826
0.3403435335	0.6596564665	0.4368649065	0.5711749438
0.3413445145	0.6586554855	0.4389108653	0.569796636
0.3423454955	0.6576545045	0.4409550299	0.5684231429
0.3433464765	0.6566535235	0.4429973557	0.5670544483
0.3443474575	0.6556525425	0.4450377988	0.5656905361
0.3453484384	0.6546515616	0.4470763156	0.5643313898
0.3463494194	0.6536505806	0.4491128629	0.5629769932
0.3473504004	0.6526495996	0.4511473982	0.5616273302
0.3483513814	0.6516486186	0.453179879	0.5602823842
0.3493523624	0.6506476376	0.4552102635	0.5589421391
0.3503533433	0.6496466567	0.4572385103	0.5576065784
0.3513543243	0.6486456757	0.4592645783	0.5562756859
0.3523553053	0.6476446947	0.4612884269	0.5549494452
0.3533562863	0.6466437137	0.4633100159	0.55362784
0.3543572673	0.6456427327	0.4653293056	0.5523108539
0.3553582482	0.6446417518	0.4673462566	0.5509984706
0.3563592292	0.6436407708	0.4693608298	0.5496906737
0.3573602102	0.6426397898	0.4713729869	0.5483874469
0.3583611912	0.6416388088	0.4733826896	0.5470887738
0.3593621722	0.6406378278	0.4753899002	0.5457946381
0.3603631532	0.6396368468	0.4773945813	0.5445050234
0.3613641341	0.6386358659	0.4793966962	0.5432199134
0.3623651151	0.6376348849	0.4813962082	0.5419392918
0.3633660961	0.6366339039	0.4833930813	0.5406631424
0.3643670771	0.6356329229	0.4853872797	0.5393914487
0.3653680581	0.6346319419	0.4873787681	0.5381241945
0.366369039	0.633630961	0.4893675116	0.5368613636
0.36737002	0.63262998	0.4913534757	0.5356029396
0.368371001	0.631628999	0.4933366262	0.5343489063
0.369371982	0.630628018	0.4953169294	0.5330992476
0.370372963	0.629627037	0.4972943521	0.5318539471
0.3713739439	0.6286260561	0.4992688611	0.5306129888
0.3723749249	0.6276250751	0.5012404239	0.5293763564
0.3733759059	0.6266240941	0.5032090083	0.5281440338
0.3743768869	0.6256231131	0.5051745826	0.5269160049
0.3753778679	0.6246221321	0.5071371153	0.5256922536
0.3763788488	0.6236211512	0.5090965753	0.5244727637
0.3773798298	0.6226201702	0.511052932	0.5232575193
0.3783808108	0.6216191892	0.513006155	0.5220465043
0.3793817918	0.6206182082	0.5149562145	0.5208397027
0.3803827728	0.6196172272	0.5169030809	0.5196370985
0.3813837538	0.6186162462	0.5188467249	0.5184386759
0.3823847347	0.6176152653	0.5207871179	0.5172444188
0.3833857157	0.6166142843	0.5227242313	0.5160543114
0.3843866967	0.6156133033	0.524658037	0.5148683379
0.3853876777	0.6146123223	0.5265885073	0.5136864823
0.3863886587	0.6136113413	0.5285156149	0.512508729
0.3873896396	0.6126103604	0.5304393326	0.5113350622
0.3883906206	0.6116093794	0.532359634	0.5101654661
0.3893916016	0.6106083984	0.5342764925	0.5089999251
0.3903925826	0.6096074174	0.5361898824	0.5078384234
0.3913935636	0.6086064364	0.538099778	0.5066809455
0.3923945445	0.6076054555	0.540006154	0.5055274758
0.3933955255	0.6066044745	0.5419089855	0.5043779987
0.3943965065	0.6056034935	0.5438082479	0.5032324988
0.3953974875	0.6046025125	0.5457039171	0.5020909605
0.3963984685	0.6036015315	0.5475959691	0.5009533684
0.3973994494	0.6026005506	0.5494843803	0.4998197071
0.3984004304	0.6015995696	0.5513691275	0.4986899613
0.3994014114	0.6005985886	0.5532501879	0.4975641156
0.4004023924	0.5995976076	0.5551275389	0.4964421548
0.4014033734	0.5985966266	0.5570011582	0.4953240636
0.4024043544	0.5975956456	0.558871024	0.4942098268
0.4034053353	0.5965946647	0.5607371146	0.4930994292
0.4044063163	0.5955936837	0.5625994088	0.4919928558
0.4054072973	0.5945927027	0.5644578856	0.4908900915
0.4064082783	0.5935917217	0.5663125245	0.4897911212
0.4074092593	0.5925907407	0.5681633051	0.4886959299
0.4084102402	0.5915897598	0.5700102073	0.4876045027
0.4094112212	0.5905887788	0.5718532117	0.4865168248
0.4104122022	0.5895877978	0.5736922986	0.4854328812
0.4114131832	0.5885868168	0.5755274491	0.4843526571
0.4124141642	0.5875858358	0.5773586445	0.4832761378
0.4134151451	0.5865848549	0.5791858662	0.4822033085
0.4144161261	0.5855838739	0.581009096	0.4811341546
0.4154171071	0.5845828929	0.5828283162	0.4800686614
0.4164180881	0.5835819119	0.5846435091	0.4790068143
0.4174190691	0.5825809309	0.5864546575	0.4779485989
0.4184200501	0.5815799499	0.5882617443	0.4768940005
0.419421031	0.580578969	0.590064753	0.4758430047
0.420422012	0.579577988	0.591863667	0.4747955973
0.421422993	0.578577007	0.5936584702	0.4737517636
0.422423974	0.577576026	0.5954491469	0.4727114896
0.423424955	0.576575045	0.5972356814	0.4716747609
0.4244259359	0.5755740641	0.5990180585	0.4706415632
0.4254269169	0.5745730831	0.6007962632	0.4696118825
0.4264278979	0.5735721021	0.6025702807	0.4685857046
0.4274288789	0.5725711211	0.6043400966	0.4675630154
0.4284298599	0.5715701401	0.6061056967	0.4665438009
0.4294308408	0.5705691592	0.607867067	0.4655280471
0.4304318218	0.5695681782	0.6096241941	0.4645157402
0.4314328028	0.5685671972	0.6113770643	0.4635068661
0.4324337838	0.5675662162	0.6131256647	0.4625014111
0.4334347648	0.5665652352	0.6148699823	0.4614993615
0.4344357457	0.5655642543	0.6166100046	0.4605007033
0.4354367267	0.5645632733	0.6183457192	0.4595054231
0.4364377077	0.5635622923	0.620077114	0.4585135071
0.4374386887	0.5625613113	0.6218041772	0.4575249418
0.4384396697	0.5615603303	0.6235268971	0.4565397135
0.4394406507	0.5605593493	0.6252452625	0.4555578089
0.4404416316	0.5595583684	0.6269592622	0.4545792145
0.4414426126	0.5585573874	0.6286688853	0.4536039168
0.4424435936	0.5575564064	0.6303741213	0.4526319026
0.4434445746	0.5565554254	0.6320749598	0.4516631585
0.4444455556	0.5555544444	0.6337713906	0.4506976714
0.4454465365	0.5545534635	0.6354634038	0.4497354279
0.4464475175	0.5535524825	0.6371509898	0.448776415
0.4474484985	0.5525515015	0.6388341392	0.4478206195
0.4484494795	0.5515505205	0.6405128426	0.4468680285
0.4494504605	0.5505495395	0.6421870912	0.4459186289
0.4504514414	0.5495485586	0.6438568762	0.4449724077
0.4514524224	0.5485475776	0.645522189	0.4440293521
0.4524534034	0.5475465966	0.6471830214	0.4430894493
0.4534543844	0.5465456156	0.6488393652	0.4421526863
0.4544553654	0.5455446346	0.6504912126	0.4412190505
0.4554563463	0.5445436537	0.6521385559	0.4402885292
0.4564573273	0.5435426727	0.6537813878	0.4393611097
0.4574583083	0.5425416917	0.6554197009	0.4384367794
0.4584592893	0.5415407107	0.6570534882	0.4375155258
0.4594602703	0.5405397297	0.658682743	0.4365973363
0.4604612513	0.5395387487	0.6603074586	0.4356821985
0.4614622322	0.5385377678	0.6619276287	0.4347700999
0.4624632132	0.5375367868	0.6635432469	0.4338610284
0.4634641942	0.5365358058	0.6651543075	0.4329549714
0.4644651752	0.5355348248	0.6667608044	0.4320519168
0.4654661562	0.5345338438	0.6683627322	0.4311518523
0.4664671371	0.5335328629	0.6699600855	0.4302547659
0.4674681181	0.5325318819	0.671552859	0.4293606453
0.4684690991	0.5315309009	0.6731410477	0.4284694785
0.4694700801	0.5305299199	0.6747246468	0.4275812536
0.4704710611	0.5295289389	0.6763036517	0.4266959584
0.471472042	0.528527958	0.6778780579	0.4258135812
0.472473023	0.527526977	0.679447861	0.42493411
0.473474004	0.526525996	0.6810130572	0.4240575331
0.474474985	0.525525015	0.6825736424	0.4231838386
0.475475966	0.524524034	0.6841296128	0.4223130149
0.4764769469	0.5235230531	0.6856809651	0.4214450502
0.4774779279	0.5225220721	0.6872276958	0.4205799329
0.4784789089	0.5215210911	0.6887698016	0.4197176515
0.4794798899	0.5205201101	0.6903072796	0.4188581943
0.4804808709	0.5195191291	0.691840127	0.4180015501
0.4814818519	0.5185181481	0.693368341	0.4171477072
0.4824828328	0.5175171672	0.6948919191	0.4162966543
0.4834838138	0.5165161862	0.6964108589	0.4154483801
0.4844847948	0.5155152052	0.6979251583	0.4146028732
0.4854857758	0.5145142242	0.6994348153	0.4137601225
0.4864867568	0.5135132432	0.700939828	0.4129201167
0.4874877377	0.5125122623	0.7024401947	0.4120828446
0.4884887187	0.5115112813	0.7039359137	0.4112482952
0.4894896997	0.5105103003	0.7054269839	0.4104164575
0.4904906807	0.5095093193	0.7069134038	0.4095873203
0.4914916617	0.5085083383	0.7083951725	0.4087608727
0.4924926426	0.5075073574	0.7098722889	0.4079371039
0.4934936236	0.5065063764	0.7113447523	0.4071160029
0.4944946046	0.5055053954	0.7128125621	0.4062975589
0.4954955856	0.5045044144	0.7142757178	0.4054817611
0.4964965666	0.5035034334	0.715734219	0.4046685988
0.4974975475	0.5025024525	0.7171880656	0.4038580614
0.4984985285	0.5015014715	0.7186372574	0.4030501381
0.4994995095	0.5005004905	0.7200817945	0.4022448183
0.5005004905	0.4994995095	0.7215216772	0.4014420916
0.5015014715	0.4984985285	0.7229569059	0.4006419473
0.5025024525	0.4974975475	0.724387481	0.3998443751
0.5035034334	0.4964965666	0.7258134031	0.3990493646
0.5045044144	0.4954955856	0.727234673	0.3982569053
0.5055053954	0.4944946046	0.7286512916	0.3974669869
0.5065063764	0.4934936236	0.73006326	0.3966795992
0.5075073574	0.4924926426	0.7314705792	0.3958947318
0.5085083383	0.4914916617	0.7328732506	0.3951123747
0.5095093193	0.4904906807	0.7342712756	0.3943325177
0.5105103003	0.4894896997	0.7356646556	0.3935551506
0.5115112813	0.4884887187	0.7370533923	0.3927802634
0.5125122623	0.4874877377	0.7384374876	0.3920078461
0.5135132432	0.4864867568	0.7398169433	0.3912378887
0.5145142242	0.4854857758	0.7411917613	0.3904703813
0.5155152052	0.4844847948	0.742561944	0.389705314
0.5165161862	0.4834838138	0.7439274934	0.3889426769
0.5175171672	0.4824828328	0.7452884119	0.3881824602
0.5185181481	0.4814818519	0.7466447021	0.3874246543
0.5195191291	0.4804808709	0.7479963665	0.3866692493
0.5205201101	0.4794798899	0.7493434078	0.3859162356
0.5215210911	0.4784789089	0.7506858289	0.3851656036
0.5225220721	0.4774779279	0.7520236325	0.3844173437
0.5235230531	0.4764769469	0.7533568218	0.3836714463
0.524524034	0.475475966	0.7546853999	0.3829279019
0.525525015	0.474474985	0.7560093701	0.3821867012
0.526525996	0.473474004	0.7573287355	0.3814478345
0.527526977	0.472473023	0.7586434998	0.3807112927
0.528527958	0.471472042	0.7599536664	0.3799770662
0.5295289389	0.4704710611	0.7612592389	0.3792451459
0.5305299199	0.4694700801	0.7625602212	0.3785155225
0.5315309009	0.4684690991	0.763856617	0.3777881868
0.5325318819	0.4674681181	0.7651484302	0.3770631295
0.5335328629	0.4664671371	0.766435665	0.3763403417
0.5345338438	0.4654661562	0.7677183254	0.3756198141
0.5355348248	0.4644651752	0.7689964156	0.3749015377
0.5365358058	0.4634641942	0.7702699399	0.3741855035
0.5375367868	0.4624632132	0.7715389028	0.3734717026
0.5385377678	0.4614622322	0.7728033087	0.3727601259
0.5395387487	0.4604612513	0.7740631621	0.3720507647
0.5405397297	0.4594602703	0.7753184678	0.37134361
0.5415407107	0.4584592893	0.7765692305	0.3706386531
0.5425416917	0.4574583083	0.7778154549	0.3699358852
0.5435426727	0.4564573273	0.7790571461	0.3692352975
0.5445436537	0.4554563463	0.7802943089	0.3685368813
0.5455446346	0.4544553654	0.7815269486	0.367840628
0.5465456156	0.4534543844	0.7827550702	0.367146529
0.5475465966	0.4524534034	0.7839786789	0.3664545757
0.5485475776	0.4514524224	0.7851977802	0.3657647595
0.5495485586	0.4504514414	0.7864123793	0.3650770719
0.5505495395	0.4494504605	0.7876224817	0.3643915046
0.5515505205	0.4484494795	0.7888280931	0.3637080489
0.5525515015	0.4474484985	0.7900292189	0.3630266967
0.5535524825	0.4464475175	0.7912258649	0.3623474394
0.5545534635	0.4454465365	0.7924180368	0.3616702688
0.5555544444	0.4444455556	0.7936057405	0.3609951767
0.5565554254	0.4434445746	0.7947889819	0.3603221547
0.5575564064	0.4424435936	0.7959677669	0.3596511946
0.5585573874	0.4414426126	0.7971421016	0.3589822884
0.5595583684	0.4404416316	0.7983119921	0.3583154278
0.5605593493	0.4394406507	0.7994774445	0.3576506048
0.5615603303	0.4384396697	0.8006384652	0.3569878113
0.5625613113	0.4374386887	0.8017950603	0.3563270393
0.5635622923	0.4364377077	0.8029472363	0.3556682808
0.5645632733	0.4354367267	0.8040949996	0.3550115279
0.5655642543	0.4344357457	0.8052383566	0.3543567726
0.5665652352	0.4334347648	0.806377314	0.3537040071
0.5675662162	0.4324337838	0.8075118784	0.3530532234
0.5685671972	0.4314328028	0.8086420563	0.3524044139
0.5695681782	0.4304318218	0.8097678546	0.3517575708
0.5705691592	0.4294308408	0.81088928	0.3511126862
0.5715701401	0.4284298599	0.8120063393	0.3504697525
0.5725711211	0.4274288789	0.8131190395	0.349828762
0.5735721021	0.4264278979	0.8142273875	0.3491897072
0.5745730831	0.4254269169	0.8153313903	0.3485525803
0.5755740641	0.4244259359	0.816431055	0.3479173738
0.576575045	0.423424955	0.8175263886	0.3472840802
0.577576026	0.422423974	0.8186173984	0.3466526921
0.578577007	0.421422993	0.8197040916	0.3460232018
0.579577988	0.420422012	0.8207864753	0.345395602
0.580578969	0.419421031	0.821864557	0.3447698854
0.5815799499	0.4184200501	0.822938344	0.3441460444
0.5825809309	0.4174190691	0.8240078436	0.3435240719
0.5835819119	0.4164180881	0.8250730634	0.3429039605
0.5845828929	0.4154171071	0.8261340108	0.3422857029
0.5855838739	0.4144161261	0.8271906934	0.3416692919
0.5865848549	0.4134151451	0.8282431187	0.3410547203
0.5875858358	0.4124141642	0.8292912945	0.340441981
0.5885868168	0.4114131832	0.8303352283	0.3398310668
0.5895877978	0.4104122022	0.8313749279	0.3392219705
0.5905887788	0.4094112212	0.8324104011	0.3386146852
0.5915897598	0.4084102402	0.8334416556	0.3380092038
0.5925907407	0.4074092593	0.8344686993	0.3374055192
0.5935917217	0.4064082783	0.83549154	0.3368036245
0.5945927027	0.4054072973	0.8365101858	0.3362035128
0.5955936837	0.4044063163	0.8375246444	0.3356051772
0.5965946647	0.4034053353	0.838534924	0.3350086106
0.5975956456	0.4024043544	0.8395410325	0.3344138064
0.5985966266	0.4014033734	0.8405429781	0.3338207577
0.5995976076	0.4004023924	0.8415407687	0.3332294577
0.6005985886	0.3994014114	0.8425344126	0.3326398996
0.6015995696	0.3984004304	0.8435239179	0.3320520767
0.6026005506	0.3973994494	0.8445092929	0.3314659823
0.6036015315	0.3963984685	0.8454905456	0.3308816097
0.6046025125	0.3953974875	0.8464676845	0.3302989523
0.6056034935	0.3943965065	0.8474407178	0.3297180035
0.6066044745	0.3933955255	0.8484096539	0.3291387567
0.6076054555	0.3923945445	0.849374501	0.3285612054
0.6086064364	0.3913935636	0.8503352676	0.327985343
0.6096074174	0.3903925826	0.8512919621	0.327411163
0.6106083984	0.3893916016	0.8522445929	0.326838659
0.6116093794	0.3883906206	0.8531931685	0.3262678246
0.6126103604	0.3873896396	0.8541376974	0.3256986533
0.6136113413	0.3863886587	0.8550781882	0.3251311387
0.6146123223	0.3853876777	0.8560146494	0.3245652746
0.6156133033	0.3843866967	0.8569470895	0.3240010545
0.6166142843	0.3833857157	0.8578755172	0.3234384723
0.6176152653	0.3823847347	0.858799941	0.3228775216
0.6186162462	0.3813837538	0.8597203697	0.3223181962
0.6196172272	0.3803827728	0.8606368119	0.3217604899
0.6206182082	0.3793817918	0.8615492763	0.3212043966
0.6216191892	0.3783808108	0.8624577716	0.32064991
0.6226201702	0.3773798298	0.8633623066	0.320097024
0.6236211512	0.3763788488	0.86426289	0.3195457326
0.6246221321	0.3753778679	0.8651595306	0.3189960297
0.6256231131	0.3743768869	0.8660522372	0.3184479092
0.6266240941	0.3733759059	0.8669410186	0.3179013652
0.6276250751	0.3723749249	0.8678258836	0.3173563916
0.6286260561	0.3713739439	0.8687068412	0.3168129824
0.629627037	0.370372963	0.8695839002	0.3162711318
0.630628018	0.369371982	0.8704570694	0.3157308339
0.631628999	0.368371001	0.8713263578	0.3151920827
0.63262998	0.36737002	0.8721917744	0.3146548724
0.633630961	0.366369039	0.873053328	0.3141191971
0.6346319419	0.3653680581	0.8739110276	0.3135850511
0.6356329229	0.3643670771	0.8747648822	0.3130524287
0.6366339039	0.3633660961	0.8756149007	0.3125213239
0.6376348849	0.3623651151	0.8764610923	0.3119917312
0.6386358659	0.3613641341	0.8773034658	0.3114636448
0.6396368468	0.3603631532	0.8781420304	0.310937059
0.6406378278	0.3593621722	0.878976795	0.3104119682
0.6416388088	0.3583611912	0.8798077688	0.3098883668
0.6426397898	0.3573602102	0.8806349607	0.3093662491
0.6436407708	0.3563592292	0.8814583799	0.3088456097
0.6446417518	0.3553582482	0.8822780354	0.3083264428
0.6456427327	0.3543572673	0.8830939364	0.3078087431
0.6466437137	0.3533562863	0.883906092	0.307292505
0.6476446947	0.3523553053	0.8847145112	0.3067777231
0.6486456757	0.3513543243	0.8855192033	0.3062643918
0.6496466567	0.3503533433	0.8863201773	0.3057525058
0.6506476376	0.3493523624	0.8871174424	0.3052420597
0.6516486186	0.3483513814	0.8879110077	0.304733048
0.6526495996	0.3473504004	0.8887008825	0.3042254655
0.6536505806	0.3463494194	0.8894870759	0.3037193067
0.6546515616	0.3453484384	0.890269597	0.3032145665
0.6556525425	0.3443474575	0.8910484551	0.3027112394
0.6566535235	0.3433464765	0.8918236593	0.3022093203
0.6576545045	0.3423454955	0.8925952189	0.3017088039
0.6586554855	0.3413445145	0.893363143	0.301209685
0.6596564665	0.3403435335	0.8941274409	0.3007119583
0.6606574474	0.3393425526	0.8948881218	0.3002156189
0.6616584284	0.3383415716	0.8956451949	0.2997206613
0.6626594094	0.3373405906	0.8963986694	0.2992270807
0.6636603904	0.3363396096	0.8971485545	0.2987348718
0.6646613714	0.3353386286	0.8978948595	0.2982440296
0.6656623524	0.3343376476	0.8986375936	0.2977545491
0.6666633333	0.3333366667	0.8993767661	0.2972664251
0.6676643143	0.3323356857	0.9001123862	0.2967796527
0.6686652953	0.3313347047	0.9008444631	0.2962942269
0.6696662763	0.3303337237	0.9015730061	0.2958101428
0.6706672573	0.3293327427	0.9022980244	0.2953273953
0.6716682382	0.3283317618	0.9030195272	0.2948459796
0.6726692192	0.3273307808	0.9037375239	0.2943658908
0.6736702002	0.3263297998	0.9044520237	0.2938871239
0.6746711812	0.3253288188	0.9051630358	0.2934096742
0.6756721622	0.3243278378	0.9058705695	0.2929335368
0.6766731431	0.3233268569	0.906574634	0.2924587068
0.6776741241	0.3223258759	0.9072752386	0.2919851796
0.6786751051	0.3213248949	0.9079723925	0.2915129502
0.6796760861	0.3203239139	0.908666105	0.291042014
0.6806770671	0.3193229329	0.9093563854	0.2905723662
0.681678048	0.318321952	0.9100432428	0.2901040021
0.682679029	0.317320971	0.9107266865	0.2896369171
0.68368001	0.31631999	0.9114067258	0.2891711064
0.684680991	0.315319009	0.9120833698	0.2887065654
0.685681972	0.314318028	0.912756628	0.2882432895
0.686682953	0.313317047	0.9134265093	0.2877812741
0.6876839339	0.3123160661	0.9140930232	0.2873205145
0.6886849149	0.3113150851	0.9147561789	0.2868610063
0.6896858959	0.3103141041	0.9154159855	0.2864027448
0.6906868769	0.3093131231	0.9160724522	0.2859457256
0.6916878579	0.3083121421	0.9167255884	0.2854899441
0.6926888388	0.3073111612	0.9173754032	0.2850353958
0.6936898198	0.3063101802	0.9180219058	0.2845820763
0.6946908008	0.3053091992	0.9186651054	0.2841299812
0.6956917818	0.3043082182	0.9193050113	0.2836791059
0.6966927628	0.3033072372	0.9199416326	0.2832294461
0.6976937437	0.3023062563	0.9205749784	0.2827809974
0.6986947247	0.3013052753	0.9212050581	0.2823337554
0.6996957057	0.3003042943	0.9218318807	0.2818877158
0.7006966867	0.2993033133	0.9224554555	0.2814428742
0.7016976677	0.2983023323	0.9230757916	0.2809992263
0.7026986486	0.2973013514	0.9236928981	0.2805567679
0.7036996296	0.2963003704	0.9243067842	0.2801154945
0.7047006106	0.2952993894	0.9249174591	0.2796754021
0.7057015916	0.2942984084	0.9255249319	0.2792364863
0.7067025726	0.2932974274	0.9261292117	0.2787987429
0.7077035536	0.2922964464	0.9267303077	0.2783621677
0.7087045345	0.2912954655	0.9273282289	0.2779267566
0.7097055155	0.2902944845	0.9279229845	0.2774925053
0.7107064965	0.2892935035	0.9285145835	0.2770594097
0.7117074775	0.2882925225	0.9291030351	0.2766274657
0.7127084585	0.2872915415	0.9296883483	0.2761966691
0.7137094394	0.2862905606	0.9302705322	0.2757670159
0.7147104204	0.2852895796	0.9308495959	0.275338502
0.7157114014	0.2842885986	0.9314255484	0.2749111233
0.7167123824	0.2832876176	0.9319983988	0.2744848758
0.7177133634	0.2822866366	0.9325681561	0.2740597555
0.7187143443	0.2812856557	0.9331348294	0.2736357583
0.7197153253	0.2802846747	0.9336984276	0.2732128802
0.7207163063	0.2792836937	0.9342589597	0.2727911173
0.7217172873	0.2782827127	0.9348164348	0.2723704657
0.7227182683	0.2772817317	0.9353708619	0.2719509213
0.7237192492	0.2762807508	0.9359222499	0.2715324802
0.7247202302	0.2752797698	0.9364706077	0.2711151387
0.7257212112	0.2742787888	0.9370159444	0.2706988926
0.7267221922	0.2732778078	0.9375582689	0.2702837383
0.7277231732	0.2722768268	0.9380975901	0.2698696718
0.7287241542	0.2712758458	0.9386339169	0.2694566893
0.7297251351	0.2702748649	0.9391672583	0.2690447869
0.7307261161	0.2692738839	0.9396976232	0.268633961
0.7317270971	0.2682729029	0.9402250204	0.2682242075
0.7327280781	0.2672719219	0.9407494588	0.2678155229
0.7337290591	0.2662709409	0.9412709473	0.2674079033
0.73473004	0.26526996	0.9417894947	0.267001345
0.735731021	0.264268979	0.94230511	0.2665958443
0.736732002	0.263267998	0.9428178018	0.2661913974
0.737732983	0.262267017	0.943327579	0.2657880007
0.738733964	0.261266036	0.9438344505	0.2653856504
0.7397349449	0.2602650551	0.9443384249	0.264984343
0.7407359259	0.2592640741	0.9448395112	0.2645840748
0.7417369069	0.2582630931	0.945337718	0.2641848421
0.7427378879	0.2572621121	0.9458330541	0.2637866413
0.7437388689	0.2562611311	0.9463255283	0.2633894688
0.7447398498	0.2552601502	0.9468151493	0.2629933211
0.7457408308	0.2542591692	0.9473019257	0.2625981945
0.7467418118	0.2532581882	0.9477858663	0.2622040855
0.7477427928	0.2522572072	0.9482669798	0.2618109906
0.7487437738	0.2512562262	0.9487452749	0.2614189063
0.7497447548	0.2502552452	0.9492207601	0.2610278289
0.7507457357	0.2492542643	0.9496934442	0.2606377551
0.7517467167	0.2482532833	0.9501633358	0.2602486814
0.7527476977	0.2472523023	0.9506304434	0.2598606042
0.7537486787	0.2462513213	0.9510947758	0.2594735202
0.7547496597	0.2452503403	0.9515563414	0.2590874259
0.7557506406	0.2442493594	0.9520151489	0.2587023178
0.7567516216	0.2432483784	0.9524712068	0.2583181927
0.7577526026	0.2422473974	0.9529245237	0.2579350469
0.7587535836	0.2412464164	0.953375108	0.2575528773
0.7597545646	0.2402454354	0.9538229684	0.2571716804
0.7607555455	0.2392444545	0.9542681132	0.2567914529
0.7617565265	0.2382434735	0.954710551	0.2564121915
0.7627575075	0.2372424925	0.9551502903	0.2560338927
0.7637584885	0.2362415115	0.9555873395	0.2556565534
0.7647594695	0.2352405305	0.9560217071	0.2552801702
0.7657604505	0.2342395495	0.9564534014	0.2549047398
0.7667614314	0.2332385686	0.9568824309	0.2545302589
0.7677624124	0.2322375876	0.957308804	0.2541567244
0.7687633934	0.2312366066	0.9577325291	0.253784133
0.7697643744	0.2302356256	0.9581536144	0.2534124814
0.7707653554	0.2292346446	0.9585720684	0.2530417664
0.7717663363	0.2282336637	0.9589878995	0.2526719849
0.7727673173	0.2272326827	0.9594011158	0.2523031336
0.7737682983	0.2262317017	0.9598117258	0.2519352094
0.7747692793	0.2252307207	0.9602197376	0.2515682091
0.7757702603	0.2242297397	0.9606251596	0.2512021295
0.7767712412	0.2232287588	0.961028	0.2508369676
0.7777722222	0.2222277778	0.9614282671	0.2504727202
0.7787732032	0.2212267968	0.961825969	0.2501093842
0.7797741842	0.2202258158	0.962221114	0.2497469566
0.7807751652	0.2192248348	0.9626137102	0.2493854341
0.7817761461	0.2182238539	0.9630037659	0.2490248138
0.7827771271	0.2172228729	0.9633912892	0.2486650926
0.7837781081	0.2162218919	0.9637762882	0.2483062675
0.7847790891	0.2152209109	0.964158771	0.2479483354
0.7857800701	0.2142199299	0.9645387457	0.2475912933
0.7867810511	0.2132189489	0.9649162205	0.2472351383
0.787782032	0.212217968	0.9652912034	0.2468798672
0.788783013	0.211216987	0.9656637024	0.2465254772
0.789783994	0.210216006	0.9660337257	0.2461719652
0.790784975	0.209215025	0.9664012811	0.2458193284
0.791785956	0.208214044	0.9667663768	0.2454675637
0.7927869369	0.2072130631	0.9671290206	0.2451166682
0.7937879179	0.2062120821	0.9674892207	0.2447666391
0.7947888989	0.2052111011	0.9678469848	0.2444174733
0.7957898799	0.2042101201	0.968202321	0.2440691681
0.7967908609	0.2032091391	0.9685552372	0.2437217205
0.7977918418	0.2022081582	0.9689057413	0.2433751277
0.7987928228	0.2012071772	0.9692538411	0.2430293867
0.7997938038	0.2002061962	0.9695995445	0.2426844948
0.8007947848	0.1992052152	0.9699428595	0.2423404491
0.8017957658	0.1982042342	0.9702837937	0.2419972468
0.8027967467	0.1972032533	0.970622355	0.241654885
0.8037977277	0.1962022723	0.9709585513	0.241313361
0.8047987087	0.1952012913	0.9712923903	0.240972672
0.8057996897	0.1942003103	0.9716238797	0.2406328152
0.8068006707	0.1931993293	0.9719530274	0.2402937879
0.8078016517	0.1921983483	0.9722798409	0.2399555872
0.8088026326	0.1911973674	0.9726043281	0.2396182104
0.8098036136	0.1901963864	0.9729264967	0.2392816549
0.8108045946	0.1891954054	0.9732463542	0.2389459178
0.8118055756	0.1881944244	0.9735639085	0.2386109964
0.8128065566	0.1871934434	0.973879167	0.2382768882
0.8138075375	0.1861924625	0.9741921375	0.2379435903
0.8148085185	0.1851914815	0.9745028274	0.2376111001
0.8158094995	0.1841905005	0.9748112445	0.2372794149
0.8168104805	0.1831895195	0.9751173963	0.2369485321
0.8178114615	0.1821885385	0.9754212904	0.236618449
0.8188124424	0.1811875576	0.9757229342	0.2362891631
0.8198134234	0.1801865766	0.9760223352	0.2359606715
0.8208144044	0.1791855956	0.9763195011	0.2356329719
0.8218153854	0.1781846146	0.9766144392	0.2353060615
0.8228163664	0.1771836336	0.976907157	0.2349799377
0.8238173473	0.1761826527	0.977197662	0.234654598
0.8248183283	0.1751816717	0.9774859616	0.2343300398
0.8258193093	0.1741806907	0.9777720632	0.2340062606
0.8268202903	0.1731797097	0.9780559742	0.2336832577
0.8278212713	0.1721787287	0.9783377019	0.2333610287
0.8288222523	0.1711777477	0.9786172537	0.233039571
0.8298232332	0.1701767668	0.978894637	0.2327188821
0.8308242142	0.1691757858	0.9791698591	0.2323989595
0.8318251952	0.1681748048	0.9794429272	0.2320798007
0.8328261762	0.1671738238	0.9797138487	0.2317614032
0.8338271572	0.1661728428	0.9799826308	0.2314437645
0.8348281381	0.1651718619	0.9802492807	0.2311268822
0.8358291191	0.1641708809	0.9805138057	0.2308107537
0.8368301001	0.1631698999	0.980776213	0.2304953767
0.8378310811	0.1621689189	0.9810365098	0.2301807487
0.8388320621	0.1611679379	0.9812947033	0.2298668672
0.839833043	0.160166957	0.9815508005	0.2295537299
0.840834024	0.159165976	0.9818048087	0.2292413343
0.841835005	0.158164995	0.982056735	0.2289296781
0.842835986	0.157164014	0.9823065865	0.2286187588
0.843836967	0.156163033	0.9825543702	0.2283085741
0.8448379479	0.1551620521	0.9828000933	0.2279991216
0.8458389289	0.1541610711	0.9830437627	0.2276903989
0.8468399099	0.1531600901	0.9832853855	0.2273824036
0.8478408909	0.1521591091	0.9835249687	0.2270751335
0.8488418719	0.1511581281	0.9837625193	0.2267685862
0.8498428529	0.1501571471	0.9839980442	0.2264627593
0.8508438338	0.1491561662	0.9842315506	0.2261576506
0.8518448148	0.1481551852	0.9844630451	0.2258532578
0.8528457958	0.1471542042	0.9846925349	0.2255495785
0.8538467768	0.1461532232	0.9849200268	0.2252466104
0.8548477578	0.1451522422	0.9851455276	0.2249443514
0.8558487387	0.1441512613	0.9853690443	0.224642799
0.8568497197	0.1431502803	0.9855905836	0.2243419511
0.8578507007	0.1421492993	0.9858101525	0.2240418053
0.8588516817	0.1411483183	0.9860277577	0.2237423595
0.8598526627	0.1401473373	0.9862434061	0.2234436115
0.8608536436	0.1391463564	0.9864571043	0.2231455589
0.8618546246	0.1381453754	0.9866688592	0.2228481996
0.8628556056	0.1371443944	0.9868786775	0.2225515313
0.8638565866	0.1361434134	0.987086566	0.2222555519
0.8648575676	0.1351424324	0.9872925312	0.2219602592
0.8658585485	0.1341414515	0.98749658	0.2216656509
0.8668595295	0.1331404705	0.9876987189	0.221371725
0.8678605105	0.1321394895	0.9878989547	0.2210784792
0.8688614915	0.1311385085	0.9880972939	0.2207859114
0.8698624725	0.1301375275	0.9882937433	0.2204940195
0.8708634535	0.1291365465	0.9884883092	0.2202028012
0.8718644344	0.1281355656	0.9886809985	0.2199122545
0.8728654154	0.1271345846	0.9888718175	0.2196223773
0.8738663964	0.1261336036	0.9890607729	0.2193331674
0.8748673774	0.1251326226	0.9892478711	0.2190446227
0.8758683584	0.1241316416	0.9894331188	0.2187567412
0.8768693393	0.1231306607	0.9896165223	0.2184695207
0.8778703203	0.1221296797	0.9897980882	0.2181829591
0.8788713013	0.1211286987	0.9899778228	0.2178970544
0.8798722823	0.1201277177	0.9901557327	0.2176118045
0.8808732633	0.1191267367	0.9903318242	0.2173272074
0.8818742442	0.1181257558	0.9905061038	0.217043261
0.8828752252	0.1171247748	0.9906785778	0.2167599633
0.8838762062	0.1161237938	0.9908492526	0.2164773122
0.8848771872	0.1151228128	0.9910181345	0.2161953057
0.8858781682	0.1141218318	0.9911852299	0.2159139418
0.8868791491	0.1131208509	0.9913505451	0.2156332185
0.8878801301	0.1121198699	0.9915140863	0.2153531337
0.8888811111	0.1111188889	0.9916758599	0.2150736855
0.8898820921	0.1101179079	0.9918358721	0.214794872
0.8908830731	0.1091169269	0.9919941291	0.214516691
0.8918840541	0.1081159459	0.9921506372	0.2142391407
0.892885035	0.107114965	0.9923054026	0.213962219
0.893886016	0.106113984	0.9924584314	0.2136859241
0.894886997	0.105113003	0.9926097299	0.213410254
0.895887978	0.104112022	0.9927593041	0.2131352067
0.896888959	0.103111041	0.9929071603	0.2128607803
0.8978899399	0.1021100601	0.9930533045	0.2125869729
0.8988909209	0.1011090791	0.9931977428	0.2123137825
0.8998919019	0.1001080981	0.9933404813	0.2120412072
0.9008928829	0.09910711712	0.9934815261	0.2117692453
0.9018938639	0.09810613614	0.9936208832	0.2114978946
0.9028948448	0.09710515516	0.9937585587	0.2112271534
0.9038958258	0.09610417417	0.9938945586	0.2109570198
0.9048968068	0.09510319319	0.9940288888	0.2106874919
0.9058977878	0.09410221221	0.9941615554	0.2104185678
0.9068987688	0.09310123123	0.9942925642	0.2101502457
0.9078997497	0.09210025025	0.9944219214	0.2098825237
0.9089007307	0.09109926927	0.9945496326	0.2096153999
0.9099017117	0.09009828829	0.994675704	0.2093488726
0.9109026927	0.08909730731	0.9948001414	0.2090829399
0.9119036737	0.08809632633	0.9949229505	0.2088176
0.9129046547	0.08709534535	0.9950441374	0.208552851
0.9139056356	0.08609436436	0.9951637079	0.2082886912
0.9149066166	0.08509338338	0.9952816677	0.2080251187
0.9159075976	0.0840924024	0.9953980227	0.2077621318
0.9169085786	0.08309142142	0.9955127787	0.2074997286
0.9179095596	0.08209044044	0.9956259414	0.2072379074
0.9189105405	0.08108945946	0.9957375165	0.2069766663
0.9199115215	0.08008847848	0.99584751	0.2067160037
0.9209125025	0.0790874975	0.9959559273	0.2064559178
0.9219134835	0.07808651652	0.9960627744	0.2061964067
0.9229144645	0.07708553554	0.9961680568	0.2059374688
0.9239154454	0.07608455455	0.9962717802	0.2056791023
0.9249164264	0.07508357357	0.9963739502	0.2054213055
0.9259174074	0.07408259259	0.9964745726	0.2051640766
0.9269183884	0.07308161161	0.9965736529	0.2049074139
0.9279193694	0.07208063063	0.9966711967	0.2046513158
0.9289203504	0.07107964965	0.9967672097	0.2043957804
0.9299213313	0.07007866867	0.9968616973	0.2041408061
0.9309223123	0.06907768769	0.9969546652	0.2038863912
0.9319232933	0.06807670671	0.9970461189	0.203632534
0.9329242743	0.06707572573	0.9971360638	0.2033792328
0.9339252553	0.06607474474	0.9972245056	0.2031264859
0.9349262362	0.06507376376	0.9973114497	0.2028742917
0.9359272172	0.06407278278	0.9973969015	0.2026226485
0.9369281982	0.0630718018	0.9974808665	0.2023715546
0.9379291792	0.06207082082	0.9975633502	0.2021210084
0.9389301602	0.06106983984	0.997644358	0.2018710082
0.9399311411	0.06006885886	0.9977238953	0.2016215525
0.9409321221	0.05906787788	0.9978019674	0.2013726394
0.9419331031	0.0580668969	0.9978785798	0.2011242675
0.9429340841	0.05706591592	0.9979537377	0.2008764352
0.9439350651	0.05606493493	0.9980274467	0.2006291406
0.944936046	0.05506395395	0.9980997118	0.2003823824
0.945937027	0.05406297297	0.9981705386	0.2001361589
0.946938008	0.05306199199	0.9982399322	0.1998904684
0.947938989	0.05206101101	0.9983078979	0.1996453094
0.94893997	0.05106003003	0.9983744411	0.1994006803
0.949940951	0.05005904905	0.9984395669	0.1991565795
0.9509419319	0.04905806807	0.9985032805	0.1989130055
0.9519429129	0.04805708709	0.9985655873	0.1986699566
0.9529438939	0.04705610611	0.9986264923	0.1984274313
0.9539448749	0.04605512513	0.9986860008	0.1981854281
0.9549458559	0.04505414414	0.9987441178	0.1979439454
0.9559468368	0.04405316316	0.9988008487	0.1977029816
0.9569478178	0.04305218218	0.9988561984	0.1974625352
0.9579487988	0.0420512012	0.9989101722	0.1972226047
0.9589497798	0.04105022022	0.9989627751	0.1969831886
0.9599507608	0.04004923924	0.9990140121	0.1967442853
0.9609517417	0.03904825826	0.9990638885	0.1965058933
0.9619527227	0.03804727728	0.9991124091	0.1962680111
0.9629537037	0.0370462963	0.9991595791	0.1960306372
0.9639546847	0.03604531532	0.9992054035	0.19579377
0.9649556657	0.03504433433	0.9992498873	0.1955574082
0.9659566466	0.03404335335	0.9992930354	0.1953215502
0.9669576276	0.03304237237	0.9993348529	0.1950861945
0.9679586086	0.03204139139	0.9993753447	0.1948513396
0.9689595896	0.03104041041	0.9994145158	0.1946169841
0.9699605706	0.03003942943	0.999452371	0.1943831265
0.9709615516	0.02903844845	0.9994889154	0.1941497653
0.9719625325	0.02803746747	0.9995241537	0.1939168992
0.9729635135	0.02703648649	0.9995580909	0.1936845265
0.9739644945	0.02603550551	0.9995907319	0.193452646
0.9749654755	0.02503452452	0.9996220814	0.193221256
0.9759664565	0.02403354354	0.9996521444	0.1929903553
0.9769674374	0.02303256256	0.9996809257	0.1927599424
0.9779684184	0.02203158158	0.99970843	0.1925300158
0.9789693994	0.0210306006	0.9997346621	0.1923005741
0.9799703804	0.02002961962	0.9997596269	0.192071616
0.9809713614	0.01902863864	0.9997833291	0.19184314
0.9819723423	0.01802765766	0.9998057735	0.1916151446
0.9829733233	0.01702667668	0.9998269647	0.1913876286
0.9839743043	0.0160256957	0.9998469075	0.1911605905
0.9849752853	0.01502471471	0.9998656065	0.1909340289
0.9859762663	0.01402373373	0.9998830666	0.1907079424
0.9869772472	0.01302275275	0.9998992923	0.1904823297
0.9879782282	0.01202177177	0.9999142883	0.1902571894
0.9889792092	0.01102079079	0.9999280593	0.19003252
0.9899801902	0.01001980981	0.9999406099	0.1898083204
0.9909811712	0.009018828829	0.9999519446	0.189584589
0.9919821522	0.008017847848	0.9999620681	0.1893613245
0.9929831331	0.007016866867	0.999970985	0.1891385257
0.9939841141	0.006015885886	0.9999786999	0.188916191
0.9949850951	0.005014904905	0.9999852173	0.1886943193
0.9959860761	0.004013923924	0.9999905417	0.1884729092
0.9969870571	0.003012942943	0.9999946776	0.1882519592
0.997988038	0.002011961962	0.9999976297	0.1880314682
0.998989019	0.001010980981	0.9999994023	0.1878114348
0.99999	1e-05	0.9999999999	0.1875918577
