1e-05	0.99999	0.5137359803	1.000000006
0.001010980981	0.998989019	0.45301648	1.000063562
0.002011961962	0.997988038	0.402722298	1.000241085
0.003012942943	0.9969870571	0.3607284348	1.00051796
0.004013923924	0.9959860761	0.3254032751	1.000881021
0.005014904905	0.9949850951	0.2954818705	1.001318397
0.006015885886	0.9939841141	0.2699745704	1.001819375
0.007016866867	0.9929831331	0.2481004289	1.002374278
0.008017847848	0.9919821522	0.2292381726	1.002974356
0.009018828829	0.9909811712	0.2128897491	1.003611698
0.01001980981	0.9899801902	0.19865298	1.004279146
0.01102079079	0.9889792092	0.1862008651	1.004970219
0.01202177177	0.9879782282	0.1752657914	1.005679052
0.01302275275	0.9869772472	0.1656273883	1.006400338
0.01402373373	0.9859762663	0.157103119	1.00712927
0.01502471471	0.9849752853	0.1495409382	1.007861502
0.0160256957	0.9839743043	0.1428135238	1.008593102
0.01702667668	0.9829733233	0.1368137166	1.009320517
0.01802765766	0.9819723423	0.131450891	1.010040539
0.01902863864	0.9809713614	0.126648051	1.010750273
0.02002961962	0.9799703804	0.122339493	1.011447113
0.0210306006	0.9789693994	0.118468914	1.012128712
0.02203158158	0.9779684184	0.1149878733	1.012792965
0.02303256256	0.9769674374	0.1118545345	1.013437984
0.02403354354	0.9759664565	0.1090326326	1.014062084
0.02503452452	0.9749654755	0.1064906216	1.01466376
0.02603550551	0.9739644945	0.1042009678	1.015241678
0.02703648649	0.9729635135	0.1021395622	1.015794656
0.02803746747	0.9719625325	0.1002852288	1.016321656
0.02903844845	0.9709615516	0.09861931272	1.016821766
0.03003942943	0.9699605706	0.09712533291	1.017294196
0.03104041041	0.9689595896	0.09578868883	1.017738263
0.03204139139	0.9679586086	0.09459641171	1.018153385
0.03304237237	0.9669576276	0.09353695282	1.018539072
0.03404335335	0.9659566466	0.09260000273	1.018894916
0.03504433433	0.9649556657	0.09177633654	1.01922059
0.03604531532	0.9639546847	0.09105768093	1.019515835
0.0370462963	0.9629537037	0.09043659962	1.019780457
0.03804727728	0.9619527227	0.08990639438	1.020014323
0.03904825826	0.9609517417	0.08946101937	1.020217353
0.04004923924	0.9599507608	0.08909500662	1.020389517
0.04105022022	0.9589497798	0.08880340123	1.020530833
0.0420512012	0.9579487988	0.08858170471	1.020641357
0.04305218218	0.9569478178	0.08842582554	1.020721185
0.04405316316	0.9559468368	0.08833203565	1.020770448
0.04505414414	0.9549458559	0.08829693224	1.020789308
0.04605512513	0.9539448749	0.08831740416	1.020777956
0.04705610611	0.9529438939	0.08839060223	1.020736609
0.04805708709	0.9519429129	0.08851391288	1.020665507
0.04905806807	0.9509419319	0.08868493495	1.020564913
0.05005904905	0.949940951	0.08890145896	1.020435109
0.05106003003	0.94893997	0.08916144869	1.020276392
0.05206101101	0.947938989	0.08946302484	1.020089078
0.05306199199	0.946938008	0.0898044503	1.019873495
0.05406297297	0.945937027	0.09018411711	1.019629983
0.05506395395	0.944936046	0.09060053468	1.019358895
0.05606493493	0.9439350651	0.09105231929	1.019060591
0.05706591592	0.9429340841	0.09153818458	1.018735442
0.0580668969	0.9419331031	0.09205693308	1.018383825
0.05906787788	0.9409321221	0.09260744847	1.018006123
0.06006885886	0.9399311411	0.0931886887	1.017602725
0.06106983984	0.9389301602	0.09379967966	1.017174025
0.06207082082	0.9379291792	0.09443950956	1.016720419
0.0630718018	0.9369281982	0.09510732375	1.016242308
0.06407278278	0.9359272172	0.09580232008	1.015740093
0.06507376376	0.9349262362	0.09652374462	1.015214177
0.06607474474	0.9339252553	0.09727088783	1.014664967
0.06707572573	0.9329242743	0.09804308106	1.014092865
0.06807670671	0.9319232933	0.09883969329	1.013498277
0.06907768769	0.9309223123	0.09966012826	1.012881608
0.07007866867	0.9299213313	0.1005038218	1.01224326
0.07107964965	0.9289203504	0.1013702393	1.011583635
0.07208063063	0.9279193694	0.1022588735	1.010903134
0.07308161161	0.9269183884	0.1031692427	1.010202153
0.07408259259	0.9259174074	0.1041008885	1.00948109
0.07508357357	0.9249164264	0.105053374	1.008740337
0.07608455455	0.9239154454	0.1060262829	1.007980284
0.07708553554	0.9229144645	0.1070192173	1.007201318
0.07808651652	0.9219134835	0.1080317966	1.006403822
0.0790874975	0.9209125025	0.1090636564	1.005588178
0.08008847848	0.9199115215	0.1101144474	1.004754761
0.08108945946	0.9189105405	0.1111838339	1.003903943
0.08209044044	0.9179095596	0.1122714934	1.003036095
0.08309142142	0.9169085786	0.1133771153	1.00215158
0.0840924024	0.9159075976	0.1145004004	1.001250758
0.08509338338	0.9149066166	0.1156410597	1.000333986
0.08609436436	0.9139056356	0.1167988141	0.9994016167
0.08709534535	0.9129046547	0.1179733936	0.9984539961
0.08809632633	0.9119036737	0.1191645367	0.9974914676
0.08909730731	0.9109026927	0.1203719896	0.9965143697
0.09009828829	0.9099017117	0.1215955063	0.9955230361
0.09109926927	0.9089007307	0.1228348474	0.994517796
0.09210025025	0.9078997497	0.12408978	0.9934989741
0.09310123123	0.9068987688	0.1253600773	0.9924668904
0.09410221221	0.9058977878	0.1266455184	0.9914218601
0.09510319319	0.9048968068	0.1279458872	0.9903641938
0.09610417417	0.9038958258	0.1292609731	0.9892941976
0.09710515516	0.9028948448	0.1305905699	0.9882121727
0.09810613614	0.9018938639	0.1319344757	0.9871184159
0.09910711712	0.9008928829	0.1332924929	0.9860132191
0.1001080981	0.8998919019	0.1346644276	0.9848968697
0.1011090791	0.8988909209	0.1360500898	0.9837696507
0.1021100601	0.8978899399	0.1374492925	0.9826318402
0.103111041	0.896888959	0.1388618523	0.981483712
0.104112022	0.895887978	0.1402875887	0.9803255353
0.105113003	0.894886997	0.141726324	0.9791575748
0.106113984	0.893886016	0.1431778832	0.9779800907
0.107114965	0.892885035	0.1446420939	0.9767933391
0.1081159459	0.8918840541	0.1461187861	0.9755975713
0.1091169269	0.8908830731	0.1476077921	0.9743930347
0.1101179079	0.8898820921	0.1491089462	0.9731799722
0.1111188889	0.8888811111	0.150622085	0.9719586224
0.1121198699	0.8878801301	0.1521470469	0.9707292199
0.1131208509	0.8868791491	0.1536836721	0.969491995
0.1141218318	0.8858781682	0.1552318027	0.968247174
0.1151228128	0.8848771872	0.1567912823	0.9669949793
0.1161237938	0.8838762062	0.1583619562	0.9657356289
0.1171247748	0.8828752252	0.1599436712	0.9644693372
0.1181257558	0.8818742442	0.1615362756	0.9631963147
0.1191267367	0.8808732633	0.1631396191	0.9619167679
0.1201277177	0.8798722823	0.1647535526	0.9606308996
0.1211286987	0.8788713013	0.1663779283	0.9593389088
0.1221296797	0.8778703203	0.1680125999	0.9580409909
0.1231306607	0.8768693393	0.169657422	0.9567373376
0.1241316416	0.8758683584	0.1713122505	0.9554281371
0.1251326226	0.8748673774	0.1729769422	0.954113574
0.1261336036	0.8738663964	0.1746513553	0.9527938293
0.1271345846	0.8728654154	0.1763353488	0.9514690809
0.1281355656	0.8718644344	0.1780287828	0.9501395031
0.1291365465	0.8708634535	0.1797315182	0.9488052667
0.1301375275	0.8698624725	0.1814434172	0.9474665397
0.1311385085	0.8688614915	0.1831643427	0.9461234865
0.1321394895	0.8678605105	0.1848941584	0.9447762685
0.1331404705	0.8668595295	0.1866327292	0.9434250439
0.1341414515	0.8658585485	0.1883799207	0.9420699678
0.1351424324	0.8648575676	0.1901355992	0.9407111924
0.1361434134	0.8638565866	0.1918996321	0.9393488668
0.1371443944	0.8628556056	0.1936718875	0.9379831373
0.1381453754	0.8618546246	0.1954522344	0.9366141473
0.1391463564	0.8608536436	0.1972405425	0.9352420372
0.1401473373	0.8598526627	0.1990366823	0.933866945
0.1411483183	0.8588516817	0.2008405252	0.9324890054
0.1421492993	0.8578507007	0.2026519431	0.9311083511
0.1431502803	0.8568497197	0.204470809	0.9297251115
0.1441512613	0.8558487387	0.2062969965	0.9283394138
0.1451522422	0.8548477578	0.20813038	0.9269513826
0.1461532232	0.8538467768	0.2099708345	0.9255611399
0.1471542042	0.8528457958	0.2118182359	0.9241688053
0.1481551852	0.8518448148	0.2136724608	0.9227744959
0.1491561662	0.8508438338	0.2155333866	0.9213783266
0.1501571471	0.8498428529	0.2174008914	0.9199804097
0.1511581281	0.8488418719	0.2192748539	0.9185808554
0.1521591091	0.8478408909	0.2211551537	0.9171797715
0.1531600901	0.8468399099	0.2230416711	0.9157772639
0.1541610711	0.8458389289	0.2249342871	0.9143734359
0.1551620521	0.8448379479	0.2268328833	0.9129683889
0.156163033	0.843836967	0.2287373423	0.9115622221
0.157164014	0.842835986	0.2306475473	0.9101550328
0.158164995	0.841835005	0.2325633821	0.9087469162
0.159165976	0.840834024	0.2344847314	0.9073379654
0.160166957	0.839833043	0.2364114805	0.9059282717
0.1611679379	0.8388320621	0.2383435156	0.9045179243
0.1621689189	0.8378310811	0.2402807235	0.9031070108
0.1631698999	0.8368301001	0.2422229917	0.9016956166
0.1641708809	0.8358291191	0.2441702086	0.9002838257
0.1651718619	0.8348281381	0.2461222631	0.8988717199
0.1661728428	0.8338271572	0.248079045	0.8974593795
0.1671738238	0.8328261762	0.2500404448	0.8960468831
0.1681748048	0.8318251952	0.2520063536	0.8946343076
0.1691757858	0.8308242142	0.2539766636	0.893221728
0.1701767668	0.8298232332	0.2559512673	0.891809218
0.1711777477	0.8288222523	0.2579300582	0.8903968496
0.1721787287	0.8278212713	0.2599129304	0.8889846932
0.1731797097	0.8268202903	0.2618997789	0.8875728177
0.1741806907	0.8258193093	0.2638904994	0.8861612905
0.1751816717	0.8248183283	0.2658849882	0.8847501774
0.1761826527	0.8238173473	0.2678831425	0.883339543
0.1771836336	0.8228163664	0.2698848602	0.8819294503
0.1781846146	0.8218153854	0.2718900399	0.8805199609
0.1791855956	0.8208144044	0.273898581	0.8791111352
0.1801865766	0.8198134234	0.2759103837	0.8777030319
0.1811875576	0.8188124424	0.2779253488	0.8762957088
0.1821885385	0.8178114615	0.279943378	0.8748892222
0.1831895195	0.8168104805	0.2819643736	0.8734836272
0.1841905005	0.8158094995	0.2839882388	0.8720789774
0.1851914815	0.8148085185	0.2860148776	0.8706753256
0.1861924625	0.8138075375	0.2880441945	0.8692727231
0.1871934434	0.8128065566	0.2900760949	0.8678712202
0.1881944244	0.8118055756	0.2921104851	0.8664708658
0.1891954054	0.8108045946	0.2941472718	0.865071708
0.1901963864	0.8098036136	0.2961863629	0.8636737935
0.1911973674	0.8088026326	0.2982276666	0.8622771681
0.1921983483	0.8078016517	0.3002710922	0.8608818765
0.1931993293	0.8068006707	0.3023165496	0.8594879622
0.1942003103	0.8057996897	0.3043639494	0.8580954679
0.1952012913	0.8047987087	0.3064132032	0.8567044351
0.1962022723	0.8037977277	0.3084642231	0.8553149045
0.1972032533	0.8027967467	0.310516922	0.8539269157
0.1982042342	0.8017957658	0.3125712136	0.8525405073
0.1992052152	0.8007947848	0.3146270124	0.8511557172
0.2002061962	0.7997938038	0.3166842336	0.849772582
0.2012071772	0.7987928228	0.3187427931	0.8483911378
0.2022081582	0.7977918418	0.3208026076	0.8470114196
0.2032091391	0.7967908609	0.3228635946	0.8456334616
0.2042101201	0.7957898799	0.3249256722	0.8442572972
0.2052111011	0.7947888989	0.3269887594	0.8428829588
0.2062120821	0.7937879179	0.3290527758	0.8415104782
0.2072130631	0.7927869369	0.331117642	0.8401398863
0.208214044	0.791785956	0.333183279	0.8387712131
0.209215025	0.790784975	0.3352496088	0.8374044881
0.210216006	0.789783994	0.337316554	0.8360397398
0.211216987	0.788783013	0.339384038	0.8346769961
0.212217968	0.787782032	0.3414519848	0.8333162841
0.2132189489	0.7867810511	0.3435203195	0.8319576303
0.2142199299	0.7857800701	0.3455889674	0.8306010604
0.2152209109	0.7847790891	0.3476578551	0.8292465994
0.2162218919	0.7837781081	0.3497269094	0.8278942718
0.2172228729	0.7827771271	0.3517960581	0.8265441012
0.2182238539	0.7817761461	0.3538652298	0.8251961107
0.2192248348	0.7807751652	0.3559343536	0.8238503229
0.2202258158	0.7797741842	0.3580033595	0.8225067594
0.2212267968	0.7787732032	0.360072178	0.8211654415
0.2222277778	0.7777722222	0.3621407406	0.81982639
0.2232287588	0.7767712412	0.3642089793	0.8184896247
0.2242297397	0.7757702603	0.3662768269	0.8171551653
0.2252307207	0.7747692793	0.3683442168	0.8158230305
0.2262317017	0.7737682983	0.3704110832	0.8144932388
0.2272326827	0.7727673173	0.372477361	0.813165808
0.2282336637	0.7717663363	0.3745429858	0.8118407555
0.2292346446	0.7707653554	0.3766078938	0.8105180979
0.2302356256	0.7697643744	0.3786720219	0.8091978516
0.2312366066	0.7687633934	0.3807353079	0.8078800323
0.2322375876	0.7677624124	0.38279769	0.8065646554
0.2332385686	0.7667614314	0.3848591072	0.8052517356
0.2342395495	0.7657604505	0.3869194993	0.8039412873
0.2352405305	0.7647594695	0.3889788065	0.8026333244
0.2362415115	0.7637584885	0.3910369699	0.8013278603
0.2372424925	0.7627575075	0.3930939312	0.800024908
0.2382434735	0.7617565265	0.3951496328	0.7987244801
0.2392444545	0.7607555455	0.3972040176	0.7974265887
0.2402454354	0.7597545646	0.3992570294	0.7961312455
0.2412464164	0.7587535836	0.4013086124	0.7948384619
0.2422473974	0.7577526026	0.4033587117	0.7935482487
0.2432483784	0.7567516216	0.4054072729	0.7922606166
0.2442493594	0.7557506406	0.4074542422	0.7909755756
0.2452503403	0.7547496597	0.4094995666	0.7896931354
0.2462513213	0.7537486787	0.4115431936	0.7884133057
0.2472523023	0.7527476977	0.4135850713	0.7871360952
0.2482532833	0.7517467167	0.4156251486	0.7858615128
0.2492542643	0.7507457357	0.4176633749	0.7845895667
0.2502552452	0.7497447548	0.4196997002	0.7833202651
0.2512562262	0.7487437738	0.4217340753	0.7820536154
0.2522572072	0.7477427928	0.4237664513	0.7807896252
0.2532581882	0.7467418118	0.4257967802	0.7795283014
0.2542591692	0.7457408308	0.4278250144	0.7782696507
0.2552601502	0.7447398498	0.4298511071	0.7770136795
0.2562611311	0.7437388689	0.4318750119	0.7757603939
0.2572621121	0.7427378879	0.4338966831	0.7745097998
0.2582630931	0.7417369069	0.4359160756	0.7732619027
0.2592640741	0.7407359259	0.4379331448	0.7720167077
0.2602650551	0.7397349449	0.4399478469	0.77077422
0.261266036	0.738733964	0.4419601382	0.7695344441
0.262267017	0.737732983	0.4439699762	0.7682973845
0.263267998	0.736732002	0.4459773185	0.7670630453
0.264268979	0.735731021	0.4479821234	0.7658314306
0.26526996	0.73473004	0.4499843498	0.7646025439
0.2662709409	0.7337290591	0.4519839573	0.7633763886
0.2672719219	0.7327280781	0.4539809056	0.762152968
0.2682729029	0.7317270971	0.4559751555	0.760932285
0.2692738839	0.7307261161	0.4579666679	0.7597143423
0.2702748649	0.7297251351	0.4599554045	0.7584991425
0.2712758458	0.7287241542	0.4619413275	0.7572866877
0.2722768268	0.7277231732	0.4639243995	0.7560769801
0.2732778078	0.7267221922	0.4659045839	0.7548700215
0.2742787888	0.7257212112	0.4678818442	0.7536658135
0.2752797698	0.7247202302	0.4698561448	0.7524643577
0.2762807508	0.7237192492	0.4718274505	0.7512656552
0.2772817317	0.7227182683	0.4737957266	0.750069707
0.2782827127	0.7217172873	0.4757609388	0.7488765142
0.2792836937	0.7207163063	0.4777230536	0.7476860772
0.2802846747	0.7197153253	0.4796820376	0.7464983967
0.2812856557	0.7187143443	0.4816378582	0.745313473
0.2822866366	0.7177133634	0.4835904832	0.7441313061
0.2832876176	0.7167123824	0.4855398808	0.7429518962
0.2842885986	0.7157114014	0.4874860199	0.7417752429
0.2852895796	0.7147104204	0.4894288697	0.740601346
0.2862905606	0.7137094394	0.4913683998	0.7394302048
0.2872915415	0.7127084585	0.4933045806	0.7382618189
0.2882925225	0.7117074775	0.4952373826	0.7370961872
0.2892935035	0.7107064965	0.497166777	0.735933309
0.2902944845	0.7097055155	0.4990927354	0.7347731829
0.2912954655	0.7087045345	0.5010152297	0.7336158079
0.2922964464	0.7077035536	0.5029342326	0.7324611825
0.2932974274	0.7067025726	0.5048497169	0.7313093052
0.2942984084	0.7057015916	0.506761656	0.7301601743
0.2952993894	0.7047006106	0.5086700237	0.729013788
0.2963003704	0.7036996296	0.5105747943	0.7278701443
0.2973013514	0.7026986486	0.5124759426	0.7267292414
0.2983023323	0.7016976677	0.5143734435	0.7255910768
0.2993033133	0.7006966867	0.5162672727	0.7244556485
0.3003042943	0.6996957057	0.5181574061	0.723322954
0.3013052753	0.6986947247	0.5200438201	0.7221929907
0.3023062563	0.6976937437	0.5219264915	0.7210657561
0.3033072372	0.6966927628	0.5238053975	0.7199412474
0.3043082182	0.6956917818	0.5256805157	0.7188194617
0.3053091992	0.6946908008	0.5275518241	0.7177003962
0.3063101802	0.6936898198	0.5294193011	0.7165840477
0.3073111612	0.6926888388	0.5312829256	0.7154704132
0.3083121421	0.6916878579	0.5331426766	0.7143594893
0.3093131231	0.6906868769	0.5349985338	0.7132512728
0.3103141041	0.6896858959	0.5368504772	0.7121457602
0.3113150851	0.6886849149	0.5386984871	0.711042948
0.3123160661	0.6876839339	0.5405425441	0.7099428326
0.313317047	0.686682953	0.5423826294	0.7088454103
0.314318028	0.685681972	0.5442187245	0.7077506774
0.315319009	0.684680991	0.5460508111	0.7066586299
0.31631999	0.68368001	0.5478788715	0.7055692639
0.317320971	0.682679029	0.5497028881	0.7044825755
0.318321952	0.681678048	0.5515228439	0.7033985606
0.3193229329	0.6806770671	0.5533387221	0.7023172149
0.3203239139	0.6796760861	0.5551505063	0.7012385343
0.3213248949	0.6786751051	0.5569581804	0.7001625144
0.3223258759	0.6776741241	0.5587617288	0.6990891509
0.3233268569	0.6766731431	0.5605611359	0.6980184393
0.3243278378	0.6756721622	0.5623563868	0.6969503752
0.3253288188	0.6746711812	0.5641474667	0.695884954
0.3263297998	0.6736702002	0.5659343612	0.694822171
0.3273307808	0.6726692192	0.5677170563	0.6937620215
0.3283317618	0.6716682382	0.5694955381	0.6927045009
0.3293327427	0.6706672573	0.5712697933	0.6916496043
0.3303337237	0.6696662763	0.5730398086	0.6905973269
0.3313347047	0.6686652953	0.5748055714	0.6895476637
0.3323356857	0.6676643143	0.576567069	0.6885006098
0.3333366667	0.6666633333	0.5783242893	0.6874561601
0.3343376476	0.6656623524	0.5800772203	0.6864143097
0.3353386286	0.6646613714	0.5818258505	0.6853750534
0.3363396096	0.6636603904	0.5835701685	0.684338386
0.3373405906	0.6626594094	0.5853101633	0.6833043024
0.3383415716	0.6616584284	0.5870458241	0.6822727972
0.3393425526	0.6606574474	0.5887771405	0.6812438653
0.3403435335	0.6596564665	0.5905041023	0.6802175012
0.3413445145	0.6586554855	0.5922266996	0.6791936997
0.3423454955	0.6576545045	0.5939449228	0.6781724552
0.3433464765	0.6566535235	0.5956587626	0.6771537624
0.3443474575	0.6556525425	0.5973682098	0.6761376157
0.3453484384	0.6546515616	0.5990732556	0.6751240097
0.3463494194	0.6536505806	0.6007738916	0.6741129388
0.3473504004	0.6526495996	0.6024701093	0.6731043974
0.3483513814	0.6516486186	0.6041619008	0.6720983798
0.3493523624	0.6506476376	0.6058492583	0.6710948805
0.3503533433	0.6496466567	0.6075321743	0.6700938938
0.3513543243	0.6486456757	0.6092106414	0.6690954138
0.3523553053	0.6476446947	0.6108846527	0.668099435
0.3533562863	0.6466437137	0.6125542014	0.6671059515
0.3543572673	0.6456427327	0.6142192809	0.6661149576
0.3553582482	0.6446417518	0.6158798849	0.6651264473
0.3563592292	0.6436407708	0.6175360073	0.664140415
0.3573602102	0.6426397898	0.6191876423	0.6631568547
0.3583611912	0.6416388088	0.6208347843	0.6621757604
0.3593621722	0.6406378278	0.6224774278	0.6611971264
0.3603631532	0.6396368468	0.6241155678	0.6602209467
0.3613641341	0.6386358659	0.6257491993	0.6592472154
0.3623651151	0.6376348849	0.6273783176	0.6582759263
0.3633660961	0.6366339039	0.6290029181	0.6573070737
0.3643670771	0.6356329229	0.6306229967	0.6563406514
0.3653680581	0.6346319419	0.6322385491	0.6553766535
0.366369039	0.633630961	0.6338495715	0.6544150739
0.36737002	0.63262998	0.6354560604	0.6534559065
0.368371001	0.631628999	0.6370580121	0.6524991453
0.369371982	0.630628018	0.6386554235	0.6515447842
0.370372963	0.629627037	0.6402482915	0.6505928171
0.3713739439	0.6286260561	0.6418366133	0.6496432379
0.3723749249	0.6276250751	0.6434203861	0.6486960404
0.3733759059	0.6266240941	0.6449996075	0.6477512186
0.3743768869	0.6256231131	0.6465742753	0.6468087663
0.3753778679	0.6246221321	0.6481443873	0.6458686773
0.3763788488	0.6236211512	0.6497099416	0.6449309455
0.3773798298	0.6226201702	0.6512709365	0.6439955646
0.3783808108	0.6216191892	0.6528273704	0.6430625286
0.3793817918	0.6206182082	0.654379242	0.6421318312
0.3803827728	0.6196172272	0.6559265501	0.6412034663
0.3813837538	0.6186162462	0.6574692937	0.6402774276
0.3823847347	0.6176152653	0.6590074719	0.6393537089
0.3833857157	0.6166142843	0.660541084	0.638432304
0.3843866967	0.6156133033	0.6620701295	0.6375132067
0.3853876777	0.6146123223	0.6635946082	0.6365964108
0.3863886587	0.6136113413	0.6651145197	0.63568191
0.3873896396	0.6126103604	0.6666298642	0.6347696982
0.3883906206	0.6116093794	0.6681406417	0.633859769
0.3893916016	0.6106083984	0.6696468525	0.6329521162
0.3903925826	0.6096074174	0.671148497	0.6320467337
0.3913935636	0.6086064364	0.672645576	0.6311436151
0.3923945445	0.6076054555	0.6741380901	0.6302427543
0.3933955255	0.6066044745	0.6756260402	0.6293441449
0.3943965065	0.6056034935	0.6771094275	0.6284477808
0.3953974875	0.6046025125	0.678588253	0.6275536557
0.3963984685	0.6036015315	0.6800625182	0.6266617633
0.3973994494	0.6026005506	0.6815322244	0.6257720975
0.3984004304	0.6015995696	0.6829973735	0.6248846519
0.3994014114	0.6005985886	0.684457967	0.6239994204
0.4004023924	0.5995976076	0.6859140069	0.6231163967
0.4014033734	0.5985966266	0.6873654952	0.6222355745
0.4024043544	0.5975956456	0.6888124341	0.6213569478
0.4034053353	0.5965946647	0.6902548259	0.6204805101
0.4044063163	0.5955936837	0.691692673	0.6196062553
0.4054072973	0.5945927027	0.6931259779	0.6187341772
0.4064082783	0.5935917217	0.6945547433	0.6178642695
0.4074092593	0.5925907407	0.6959789721	0.6169965261
0.4084102402	0.5915897598	0.697398667	0.6161309408
0.4094112212	0.5905887788	0.6988138313	0.6152675073
0.4104122022	0.5895877978	0.7002244679	0.6144062194
0.4114131832	0.5885868168	0.7016305803	0.613547071
0.4124141642	0.5875858358	0.7030321717	0.6126900558
0.4134151451	0.5865848549	0.7044292457	0.6118351678
0.4144161261	0.5855838739	0.7058218059	0.6109824006
0.4154171071	0.5845828929	0.707209856	0.6101317482
0.4164180881	0.5835819119	0.7085933998	0.6092832044
0.4174190691	0.5825809309	0.7099724414	0.6084367631
0.4184200501	0.5815799499	0.7113469846	0.6075924181
0.419421031	0.580578969	0.7127170338	0.6067501632
0.420422012	0.579577988	0.7140825931	0.6059099923
0.421422993	0.578577007	0.7154436668	0.6050718994
0.422423974	0.577576026	0.7168002595	0.6042358783
0.423424955	0.576575045	0.7181523757	0.6034019229
0.4244259359	0.5755740641	0.7195000199	0.6025700271
0.4254269169	0.5745730831	0.7208431971	0.6017401849
0.4264278979	0.5735721021	0.7221819119	0.60091239
0.4274288789	0.5725711211	0.7235161694	0.6000866366
0.4284298599	0.5715701401	0.7248459745	0.5992629185
0.4294308408	0.5705691592	0.7261713324	0.5984412297
0.4304318218	0.5695681782	0.7274922482	0.5976215642
0.4314328028	0.5685671972	0.7288087273	0.5968039159
0.4324337838	0.5675662162	0.7301207749	0.5959882788
0.4334347648	0.5665652352	0.7314283966	0.5951746468
0.4344357457	0.5655642543	0.7327315979	0.5943630141
0.4354367267	0.5645632733	0.7340303844	0.5935533747
0.4364377077	0.5635622923	0.7353247618	0.5927457225
0.4374386887	0.5625613113	0.7366147359	0.5919400515
0.4384396697	0.5615603303	0.7379003125	0.591136356
0.4394406507	0.5605593493	0.7391814976	0.5903346298
0.4404416316	0.5595583684	0.7404582971	0.5895348671
0.4414426126	0.5585573874	0.7417307172	0.588737062
0.4424435936	0.5575564064	0.7429987639	0.5879412086
0.4434445746	0.5565554254	0.7442624436	0.5871473009
0.4444455556	0.5555544444	0.7455217625	0.5863553331
0.4454465365	0.5545534635	0.746776727	0.5855652994
0.4464475175	0.5535524825	0.7480273436	0.5847771938
0.4474484985	0.5525515015	0.7492736186	0.5839910106
0.4484494795	0.5515505205	0.7505155587	0.5832067439
0.4494504605	0.5505495395	0.7517531705	0.5824243879
0.4504514414	0.5495485586	0.7529864608	0.5816439368
0.4514524224	0.5485475776	0.7542154362	0.5808653847
0.4524534034	0.5475465966	0.7554401036	0.5800887261
0.4534543844	0.5465456156	0.7566604698	0.5793139549
0.4544553654	0.5455446346	0.7578765419	0.5785410656
0.4554563463	0.5445436537	0.7590883267	0.5777700524
0.4564573273	0.5435426727	0.7602958314	0.5770009096
0.4574583083	0.5425416917	0.7614990631	0.5762336314
0.4584592893	0.5415407107	0.7626980289	0.5754682121
0.4594602703	0.5405397297	0.763892736	0.5747046461
0.4604612513	0.5395387487	0.7650831918	0.5739429277
0.4614622322	0.5385377678	0.7662694035	0.5731830513
0.4624632132	0.5375367868	0.7674513786	0.5724250112
0.4634641942	0.5365358058	0.7686291244	0.5716688018
0.4644651752	0.5355348248	0.7698026484	0.5709144175
0.4654661562	0.5345338438	0.7709719582	0.5701618526
0.4664671371	0.5335328629	0.7721370614	0.5694111016
0.4674681181	0.5325318819	0.7732979655	0.568662159
0.4684690991	0.5315309009	0.7744546783	0.5679150191
0.4694700801	0.5305299199	0.7756072073	0.5671696765
0.4704710611	0.5295289389	0.7767555605	0.5664261256
0.471472042	0.528527958	0.7778997456	0.5656843609
0.472473023	0.527526977	0.7790397704	0.5649443769
0.473474004	0.526525996	0.7801756428	0.5642061681
0.474474985	0.525525015	0.7813073708	0.563469729
0.475475966	0.524524034	0.7824349622	0.5627350543
0.4764769469	0.5235230531	0.7835584252	0.5620021384
0.4774779279	0.5225220721	0.7846777678	0.561270976
0.4784789089	0.5215210911	0.7857929979	0.5605415616
0.4794798899	0.5205201101	0.7869041239	0.5598138899
0.4804808709	0.5195191291	0.7880111537	0.5590879554
0.4814818519	0.5185181481	0.7891140956	0.5583637529
0.4824828328	0.5175171672	0.7902129578	0.5576412769
0.4834838138	0.5165161862	0.7913077486	0.5569205221
0.4844847948	0.5155152052	0.7923984762	0.5562014832
0.4854857758	0.5145142242	0.7934851489	0.555484155
0.4864867568	0.5135132432	0.7945677752	0.554768532
0.4874877377	0.5125122623	0.7956463634	0.5540546091
0.4884887187	0.5115112813	0.7967209219	0.553342381
0.4894896997	0.5105103003	0.7977914592	0.5526318425
0.4904906807	0.5095093193	0.7988579836	0.5519229882
0.4914916617	0.5085083383	0.7999205038	0.5512158131
0.4924926426	0.5075073574	0.8009790282	0.5505103119
0.4934936236	0.5065063764	0.8020335654	0.5498064795
0.4944946046	0.5055053954	0.803084124	0.5491043106
0.4954955856	0.5045044144	0.8041307125	0.5484038001
0.4964965666	0.5035034334	0.8051733396	0.547704943
0.4974975475	0.5025024525	0.806212014	0.547007734
0.4984985285	0.5015014715	0.8072467442	0.546312168
0.4994995095	0.5005004905	0.8082775391	0.5456182401
0.5005004905	0.4994995095	0.8093044073	0.544925945
0.5015014715	0.4984985285	0.8103273575	0.5442352778
0.5025024525	0.4974975475	0.8113463986	0.5435462334
0.5035034334	0.4964965666	0.8123615393	0.5428588068
0.5045044144	0.4954955856	0.8133727883	0.5421729929
0.5055053954	0.4944946046	0.8143801546	0.5414887868
0.5065063764	0.4934936236	0.815383647	0.5408061835
0.5075073574	0.4924926426	0.8163832742	0.5401251781
0.5085083383	0.4914916617	0.8173790452	0.5394457655
0.5095093193	0.4904906807	0.8183709689	0.5387679408
0.5105103003	0.4894896997	0.8193590542	0.5380916992
0.5115112813	0.4884887187	0.8203433099	0.5374170357
0.5125122623	0.4874877377	0.8213237451	0.5367439454
0.5135132432	0.4864867568	0.8223003686	0.5360724234
0.5145142242	0.4854857758	0.8232731895	0.535402465
0.5155152052	0.4844847948	0.8242422167	0.5347340652
0.5165161862	0.4834838138	0.8252074592	0.5340672192
0.5175171672	0.4824828328	0.826168926	0.5334019223
0.5185181481	0.4814818519	0.8271266262	0.5327381696
0.5195191291	0.4804808709	0.8280805687	0.5320759563
0.5205201101	0.4794798899	0.8290307625	0.5314152777
0.5215210911	0.4784789089	0.8299772168	0.530756129
0.5225220721	0.4774779279	0.8309199407	0.5300985054
0.5235230531	0.4764769469	0.831858943	0.5294424024
0.524524034	0.475475966	0.832794233	0.5287878151
0.525525015	0.474474985	0.8337258197	0.5281347389
0.526525996	0.473474004	0.8346537123	0.527483169
0.527526977	0.472473023	0.8355779198	0.5268331009
0.528527958	0.471472042	0.8364984512	0.5261845299
0.5295289389	0.4704710611	0.8374153159	0.5255374514
0.5305299199	0.4694700801	0.8383285228	0.5248918607
0.5315309009	0.4684690991	0.8392380811	0.5242477532
0.5325318819	0.4674681181	0.8401439999	0.5236051244
0.5335328629	0.4664671371	0.8410462885	0.5229639697
0.5345338438	0.4654661562	0.8419449558	0.5223242845
0.5355348248	0.4644651752	0.8428400111	0.5216860644
0.5365358058	0.4634641942	0.8437314635	0.5210493047
0.5375367868	0.4624632132	0.8446193222	0.520414001
0.5385377678	0.4614622322	0.8455035964	0.5197801487
0.5395387487	0.4604612513	0.8463842951	0.5191477435
0.5405397297	0.4594602703	0.8472614276	0.5185167807
0.5415407107	0.4584592893	0.8481350031	0.5178872561
0.5425416917	0.4574583083	0.8490050307	0.5172591651
0.5435426727	0.4564573273	0.8498715195	0.5166325033
0.5445436537	0.4554563463	0.8507344789	0.5160072663
0.5455446346	0.4544553654	0.8515939178	0.5153834498
0.5465456156	0.4534543844	0.8524498456	0.5147610493
0.5475465966	0.4524534034	0.8533022713	0.5141400605
0.5485475776	0.4514524224	0.8541512042	0.513520479
0.5495485586	0.4504514414	0.8549966534	0.5129023006
0.5505495395	0.4494504605	0.8558386282	0.5122855209
0.5515505205	0.4484494795	0.8566771376	0.5116701355
0.5525515015	0.4474484985	0.8575121908	0.5110561402
0.5535524825	0.4464475175	0.8583437971	0.5104435308
0.5545534635	0.4454465365	0.8591719656	0.509832303
0.5555544444	0.4444455556	0.8599967054	0.5092224524
0.5565554254	0.4434445746	0.8608180258	0.508613975
0.5575564064	0.4424435936	0.8616359358	0.5080068664
0.5585573874	0.4414426126	0.8624504446	0.5074011225
0.5595583684	0.4404416316	0.8632615614	0.5067967391
0.5605593493	0.4394406507	0.8640692954	0.5061937121
0.5615603303	0.4384396697	0.8648736556	0.5055920371
0.5625613113	0.4374386887	0.8656746513	0.5049917102
0.5635622923	0.4364377077	0.8664722914	0.5043927272
0.5645632733	0.4354367267	0.8672665853	0.5037950839
0.5655642543	0.4344357457	0.868057542	0.5031987763
0.5665652352	0.4334347648	0.8688451706	0.5026038003
0.5675662162	0.4324337838	0.8696294803	0.5020101518
0.5685671972	0.4314328028	0.8704104801	0.5014178267
0.5695681782	0.4304318218	0.8711881791	0.500826821
0.5705691592	0.4294308408	0.8719625866	0.5002371306
0.5715701401	0.4284298599	0.8727337114	0.4996487516
0.5725711211	0.4274288789	0.8735015628	0.49906168
0.5735721021	0.4264278979	0.8742661498	0.4984759117
0.5745730831	0.4254269169	0.8750274814	0.4978914427
0.5755740641	0.4244259359	0.8757855667	0.4973082692
0.576575045	0.423424955	0.8765404149	0.4967263871
0.577576026	0.422423974	0.8772920349	0.4961457925
0.578577007	0.421422993	0.8780404357	0.4955664816
0.579577988	0.420422012	0.8787856264	0.4949884503
0.580578969	0.419421031	0.879527616	0.4944116948
0.5815799499	0.4184200501	0.8802664135	0.4938362112
0.5825809309	0.4174190691	0.881002028	0.4932619957
0.5835819119	0.4164180881	0.8817344684	0.4926890443
0.5845828929	0.4154171071	0.8824637436	0.4921173533
0.5855838739	0.4144161261	0.8831898627	0.4915469189
0.5865848549	0.4134151451	0.8839128347	0.4909777371
0.5875858358	0.4124141642	0.8846326684	0.4904098042
0.5885868168	0.4114131832	0.8853493729	0.4898431165
0.5895877978	0.4104122022	0.886062957	0.48927767
0.5905887788	0.4094112212	0.8867734297	0.4887134612
0.5915897598	0.4084102402	0.8874807999	0.4881504862
0.5925907407	0.4074092593	0.8881850765	0.4875887413
0.5935917217	0.4064082783	0.8888862683	0.4870282227
0.5945927027	0.4054072973	0.8895843843	0.4864689268
0.5955936837	0.4044063163	0.8902794334	0.4859108499
0.5965946647	0.4034053353	0.8909714243	0.4853539883
0.5975956456	0.4024043544	0.891660366	0.4847983382
0.5985966266	0.4014033734	0.8923462672	0.4842438961
0.5995976076	0.4004023924	0.8930291367	0.4836906584
0.6005985886	0.3994014114	0.8937089835	0.4831386213
0.6015995696	0.3984004304	0.8943858162	0.4825877812
0.6026005506	0.3973994494	0.8950596437	0.4820381346
0.6036015315	0.3963984685	0.8957304747	0.4814896779
0.6046025125	0.3953974875	0.896398318	0.4809424074
0.6056034935	0.3943965065	0.8970631823	0.4803963197
0.6066044745	0.3933955255	0.8977250763	0.4798514111
0.6076054555	0.3923945445	0.8983840089	0.4793076781
0.6086064364	0.3913935636	0.8990399886	0.4787651171
0.6096074174	0.3903925826	0.8996930242	0.4782237247
0.6106083984	0.3893916016	0.9003431243	0.4776834974
0.6116093794	0.3883906206	0.9009902976	0.4771444316
0.6126103604	0.3873896396	0.9016345528	0.4766065239
0.6136113413	0.3863886587	0.9022758985	0.4760697708
0.6146123223	0.3853876777	0.9029143433	0.4755341688
0.6156133033	0.3843866967	0.9035498958	0.4749997145
0.6166142843	0.3833857157	0.9041825646	0.4744664045
0.6176152653	0.3823847347	0.9048123583	0.4739342353
0.6186162462	0.3813837538	0.9054392855	0.4734032036
0.6196172272	0.3803827728	0.9060633546	0.4728733059
0.6206182082	0.3793817918	0.9066845743	0.4723445389
0.6216191892	0.3783808108	0.9073029531	0.4718168991
0.6226201702	0.3773798298	0.9079184994	0.4712903832
0.6236211512	0.3763788488	0.9085312218	0.4707649879
0.6246221321	0.3753778679	0.9091411287	0.4702407099
0.6256231131	0.3743768869	0.9097482285	0.4697175457
0.6266240941	0.3733759059	0.9103525298	0.4691954922
0.6276250751	0.3723749249	0.910954041	0.4686745459
0.6286260561	0.3713739439	0.9115527704	0.4681547036
0.629627037	0.370372963	0.9121487265	0.4676359621
0.630628018	0.369371982	0.9127419176	0.467118318
0.631628999	0.368371001	0.9133323522	0.466601768
0.63262998	0.36737002	0.9139200385	0.4660863091
0.633630961	0.366369039	0.9145049848	0.4655719378
0.6346319419	0.3653680581	0.9150871996	0.4650586511
0.6356329229	0.3643670771	0.9156666912	0.4645464456
0.6366339039	0.3633660961	0.9162434677	0.4640353183
0.6376348849	0.3623651151	0.9168175374	0.4635252658
0.6386358659	0.3613641341	0.9173889087	0.463016285
0.6396368468	0.3603631532	0.9179575898	0.4625083728
0.6406378278	0.3593621722	0.9185235888	0.462001526
0.6416388088	0.3583611912	0.919086914	0.4614957415
0.6426397898	0.3573602102	0.9196475736	0.4609910161
0.6436407708	0.3563592292	0.9202055757	0.4604873467
0.6446417518	0.3553582482	0.9207609284	0.4599847302
0.6456427327	0.3543572673	0.9213136401	0.4594831635
0.6466437137	0.3533562863	0.9218637186	0.4589826436
0.6476446947	0.3523553053	0.9224111722	0.4584831672
0.6486456757	0.3513543243	0.9229560089	0.4579847315
0.6496466567	0.3503533433	0.9234982368	0.4574873332
0.6506476376	0.3493523624	0.924037864	0.4569909694
0.6516486186	0.3483513814	0.9245748984	0.4564956371
0.6526495996	0.3473504004	0.9251093482	0.4560013332
0.6536505806	0.3463494194	0.9256412212	0.4555080546
0.6546515616	0.3453484384	0.9261705255	0.4550157985
0.6556525425	0.3443474575	0.9266972691	0.4545245618
0.6566535235	0.3433464765	0.9272214598	0.4540343416
0.6576545045	0.3423454955	0.9277431057	0.4535451348
0.6586554855	0.3413445145	0.9282622146	0.4530569385
0.6596564665	0.3403435335	0.9287787945	0.4525697497
0.6606574474	0.3393425526	0.9292928531	0.4520835656
0.6616584284	0.3383415716	0.9298043985	0.4515983831
0.6626594094	0.3373405906	0.9303134383	0.4511141995
0.6636603904	0.3363396096	0.9308199804	0.4506310117
0.6646613714	0.3353386286	0.9313240327	0.4501488168
0.6656623524	0.3343376476	0.931825603	0.449667612
0.6666633333	0.3333366667	0.9323246989	0.4491873945
0.6676643143	0.3323356857	0.9328213283	0.4487081613
0.6686652953	0.3313347047	0.9333154988	0.4482299095
0.6696662763	0.3303337237	0.9338072183	0.4477526364
0.6706672573	0.3293327427	0.9342964943	0.4472763391
0.6716682382	0.3283317618	0.9347833347	0.4468010148
0.6726692192	0.3273307808	0.935267747	0.4463266606
0.6736702002	0.3263297998	0.9357497389	0.4458532738
0.6746711812	0.3253288188	0.936229318	0.4453808515
0.6756721622	0.3243278378	0.936706492	0.444909391
0.6766731431	0.3233268569	0.9371812683	0.4444388895
0.6776741241	0.3223258759	0.9376536547	0.4439693442
0.6786751051	0.3213248949	0.9381236586	0.4435007524
0.6796760861	0.3203239139	0.9385912876	0.4430331113
0.6806770671	0.3193229329	0.9390565492	0.4425664181
0.681678048	0.318321952	0.9395194509	0.4421006703
0.682679029	0.317320971	0.9399800001	0.4416358649
0.68368001	0.31631999	0.9404382045	0.4411719994
0.684680991	0.315319009	0.9408940713	0.440709071
0.685681972	0.314318028	0.941347608	0.4402470771
0.686682953	0.313317047	0.9417988221	0.4397860149
0.6876839339	0.3123160661	0.9422477209	0.4393258818
0.6886849149	0.3113150851	0.9426943118	0.4388666751
0.6896858959	0.3103141041	0.9431386021	0.4384083921
0.6906868769	0.3093131231	0.9435805993	0.4379510304
0.6916878579	0.3083121421	0.9440203105	0.4374945871
0.6926888388	0.3073111612	0.9444577431	0.4370390596
0.6936898198	0.3063101802	0.9448929044	0.4365844454
0.6946908008	0.3053091992	0.9453258017	0.4361307419
0.6956917818	0.3043082182	0.9457564421	0.4356779464
0.6966927628	0.3033072372	0.9461848329	0.4352260564
0.6976937437	0.3023062563	0.9466109814	0.4347750693
0.6986947247	0.3013052753	0.9470348946	0.4343249825
0.6996957057	0.3003042943	0.9474565799	0.4338757934
0.7006966867	0.2993033133	0.9478760442	0.4334274995
0.7016976677	0.2983023323	0.9482932949	0.4329800983
0.7026986486	0.2973013514	0.9487083389	0.4325335873
0.7036996296	0.2963003704	0.9491211833	0.4320879638
0.7047006106	0.2952993894	0.9495318354	0.4316432254
0.7057015916	0.2942984084	0.949940302	0.4311993696
0.7067025726	0.2932974274	0.9503465903	0.4307563938
0.7077035536	0.2922964464	0.9507507072	0.4303142957
0.7087045345	0.2912954655	0.9511526599	0.4298730726
0.7097055155	0.2902944845	0.9515524552	0.4294327222
0.7107064965	0.2892935035	0.9519501001	0.428993242
0.7117074775	0.2882925225	0.9523456016	0.4285546295
0.7127084585	0.2872915415	0.9527389667	0.4281168822
0.7137094394	0.2862905606	0.9531302021	0.4276799978
0.7147104204	0.2852895796	0.9535193149	0.4272439738
0.7157114014	0.2842885986	0.9539063119	0.4268088077
0.7167123824	0.2832876176	0.9542911999	0.4263744972
0.7177133634	0.2822866366	0.9546739858	0.4259410399
0.7187143443	0.2812856557	0.9550546765	0.4255084334
0.7197153253	0.2802846747	0.9554332786	0.4250766752
0.7207163063	0.2792836937	0.955809799	0.424645763
0.7217172873	0.2782827127	0.9561842445	0.4242156945
0.7227182683	0.2772817317	0.9565566219	0.4237864672
0.7237192492	0.2762807508	0.9569269377	0.4233580789
0.7247202302	0.2752797698	0.9572951988	0.4229305271
0.7257212112	0.2742787888	0.9576614119	0.4225038095
0.7267221922	0.2732778078	0.9580255835	0.4220779238
0.7277231732	0.2722768268	0.9583877204	0.4216528677
0.7287241542	0.2712758458	0.9587478293	0.4212286389
0.7297251351	0.2702748649	0.9591059167	0.420805235
0.7307261161	0.2692738839	0.9594619892	0.4203826538
0.7317270971	0.2682729029	0.9598160534	0.4199608929
0.7327280781	0.2672719219	0.9601681159	0.4195399501
0.7337290591	0.2662709409	0.9605181832	0.4191198232
0.73473004	0.26526996	0.9608662619	0.4187005098
0.735731021	0.264268979	0.9612123585	0.4182820076
0.736732002	0.263267998	0.9615564794	0.4178643145
0.737732983	0.262267017	0.9618986311	0.4174474282
0.738733964	0.261266036	0.9622388201	0.4170313465
0.7397349449	0.2602650551	0.9625770529	0.4166160671
0.7407359259	0.2592640741	0.9629133357	0.4162015878
0.7417369069	0.2582630931	0.9632476752	0.4157879064
0.7427378879	0.2572621121	0.9635800776	0.4153750207
0.7437388689	0.2562611311	0.9639105492	0.4149629285
0.7447398498	0.2552601502	0.9642390965	0.4145516276
0.7457408308	0.2542591692	0.9645657258	0.4141411158
0.7467418118	0.2532581882	0.9648904434	0.413731391
0.7477427928	0.2522572072	0.9652132556	0.413322451
0.7487437738	0.2512562262	0.9655341686	0.4129142936
0.7497447548	0.2502552452	0.9658531887	0.4125069167
0.7507457357	0.2492542643	0.9661703222	0.4121003181
0.7517467167	0.2482532833	0.9664855753	0.4116944957
0.7527476977	0.2472523023	0.9667989541	0.4112894474
0.7537486787	0.2462513213	0.967110465	0.410885171
0.7547496597	0.2452503403	0.9674201139	0.4104816645
0.7557506406	0.2442493594	0.9677279072	0.4100789257
0.7567516216	0.2432483784	0.9680338509	0.4096769525
0.7577526026	0.2422473974	0.9683379511	0.4092757428
0.7587535836	0.2412464164	0.968640214	0.4088752945
0.7597545646	0.2402454354	0.9689406457	0.4084756057
0.7607555455	0.2392444545	0.9692392521	0.4080766741
0.7617565265	0.2382434735	0.9695360393	0.4076784977
0.7627575075	0.2372424925	0.9698310134	0.4072810746
0.7637584885	0.2362415115	0.9701241804	0.4068844025
0.7647594695	0.2352405305	0.9704155463	0.4064884795
0.7657604505	0.2342395495	0.970705117	0.4060933036
0.7667614314	0.2332385686	0.9709928985	0.4056988726
0.7677624124	0.2322375876	0.9712788967	0.4053051847
0.7687633934	0.2312366066	0.9715631176	0.4049122377
0.7697643744	0.2302356256	0.9718455671	0.4045200297
0.7707653554	0.2292346446	0.9721262511	0.4041285586
0.7717663363	0.2282336637	0.9724051754	0.4037378225
0.7727673173	0.2272326827	0.9726823459	0.4033478194
0.7737682983	0.2262317017	0.9729577685	0.4029585473
0.7747692793	0.2252307207	0.9732314488	0.4025700042
0.7757702603	0.2242297397	0.9735033929	0.4021821881
0.7767712412	0.2232287588	0.9737736064	0.4017950972
0.7777722222	0.2222277778	0.9740420951	0.4014087293
0.7787732032	0.2212267968	0.9743088647	0.4010230827
0.7797741842	0.2202258158	0.9745739211	0.4006381553
0.7807751652	0.2192248348	0.9748372699	0.4002539452
0.7817761461	0.2182238539	0.9750989167	0.3998704505
0.7827771271	0.2172228729	0.9753588674	0.3994876693
0.7837781081	0.2162218919	0.9756171276	0.3991055996
0.7847790891	0.2152209109	0.9758737029	0.3987242395
0.7857800701	0.2142199299	0.9761285989	0.3983435872
0.7867810511	0.2132189489	0.9763818213	0.3979636407
0.787782032	0.212217968	0.9766333757	0.3975843982
0.788783013	0.211216987	0.9768832676	0.3972058577
0.789783994	0.210216006	0.9771315026	0.3968280174
0.790784975	0.209215025	0.9773780863	0.3964508755
0.791785956	0.208214044	0.9776230242	0.39607443
0.7927869369	0.2072130631	0.9778663219	0.3956986791
0.7937879179	0.2062120821	0.9781079847	0.3953236209
0.7947888989	0.2052111011	0.9783480182	0.3949492536
0.7957898799	0.2042101201	0.9785864279	0.3945755754
0.7967908609	0.2032091391	0.9788232193	0.3942025844
0.7977918418	0.2022081582	0.9790583976	0.3938302789
0.7987928228	0.2012071772	0.9792919685	0.3934586569
0.7997938038	0.2002061962	0.9795239372	0.3930877166
0.8007947848	0.1992052152	0.9797543092	0.3927174563
0.8017957658	0.1982042342	0.9799830897	0.3923478742
0.8027967467	0.1972032533	0.9802102843	0.3919789685
0.8037977277	0.1962022723	0.9804358982	0.3916107373
0.8047987087	0.1952012913	0.9806599367	0.3912431789
0.8057996897	0.1942003103	0.9808824051	0.3908762915
0.8068006707	0.1931993293	0.9811033087	0.3905100733
0.8078016517	0.1921983483	0.9813226529	0.3901445226
0.8088026326	0.1911973674	0.9815404428	0.3897796376
0.8098036136	0.1901963864	0.9817566836	0.3894154165
0.8108045946	0.1891954054	0.9819713807	0.3890518577
0.8118055756	0.1881944244	0.9821845392	0.3886889593
0.8128065566	0.1871934434	0.9823961643	0.3883267197
0.8138075375	0.1861924625	0.9826062611	0.387965137
0.8148085185	0.1851914815	0.9828148349	0.3876042096
0.8158094995	0.1841905005	0.9830218908	0.3872439358
0.8168104805	0.1831895195	0.9832274339	0.3868843137
0.8178114615	0.1821885385	0.9834314694	0.3865253419
0.8188124424	0.1811875576	0.9836340022	0.3861670184
0.8198134234	0.1801865766	0.9838350375	0.3858093416
0.8208144044	0.1791855956	0.9840345804	0.3854523099
0.8218153854	0.1781846146	0.984232636	0.3850959216
0.8228163664	0.1771836336	0.9844292091	0.3847401749
0.8238173473	0.1761826527	0.9846243049	0.3843850682
0.8248183283	0.1751816717	0.9848179284	0.3840305998
0.8258193093	0.1741806907	0.9850100846	0.3836767681
0.8268202903	0.1731797097	0.9852007784	0.3833235714
0.8278212713	0.1721787287	0.9853900147	0.3829710081
0.8288222523	0.1711777477	0.9855777986	0.3826190764
0.8298232332	0.1701767668	0.9857641349	0.3822677748
0.8308242142	0.1691757858	0.9859490286	0.3819171017
0.8318251952	0.1681748048	0.9861324845	0.3815670553
0.8328261762	0.1671738238	0.9863145076	0.3812176341
0.8338271572	0.1661728428	0.9864951026	0.3808688365
0.8348281381	0.1651718619	0.9866742745	0.3805206608
0.8358291191	0.1641708809	0.9868520281	0.3801731054
0.8368301001	0.1631698999	0.9870283682	0.3798261687
0.8378310811	0.1621689189	0.9872032996	0.3794798492
0.8388320621	0.1611679379	0.9873768271	0.3791341452
0.839833043	0.160166957	0.9875489555	0.3787890552
0.840834024	0.159165976	0.9877196894	0.3784445775
0.841835005	0.158164995	0.9878890338	0.3781007106
0.842835986	0.157164014	0.9880569933	0.3777574529
0.843836967	0.156163033	0.9882235725	0.3774148029
0.8448379479	0.1551620521	0.9883887763	0.3770727589
0.8458389289	0.1541610711	0.9885526093	0.3767313194
0.8468399099	0.1531600901	0.9887150762	0.376390483
0.8478408909	0.1521591091	0.9888761816	0.3760502479
0.8488418719	0.1511581281	0.9890359301	0.3757106128
0.8498428529	0.1501571471	0.9891943265	0.375371576
0.8508438338	0.1491561662	0.9893513753	0.375033136
0.8518448148	0.1481551852	0.9895070811	0.3746952913
0.8528457958	0.1471542042	0.9896614484	0.3743580403
0.8538467768	0.1461532232	0.989814482	0.3740213816
0.8548477578	0.1451522422	0.9899661862	0.3736853137
0.8558487387	0.1441512613	0.9901165657	0.3733498349
0.8568497197	0.1431502803	0.990265625	0.373014944
0.8578507007	0.1421492993	0.9904133686	0.3726806392
0.8588516817	0.1411483183	0.9905598009	0.3723469192
0.8598526627	0.1401473373	0.9907049265	0.3720137824
0.8608536436	0.1391463564	0.9908487499	0.3716812274
0.8618546246	0.1381453754	0.9909912755	0.3713492527
0.8628556056	0.1371443944	0.9911325077	0.3710178568
0.8638565866	0.1361434134	0.991272451	0.3706870383
0.8648575676	0.1351424324	0.9914111097	0.3703567956
0.8658585485	0.1341414515	0.9915484883	0.3700271274
0.8668595295	0.1331404705	0.9916845912	0.3696980322
0.8678605105	0.1321394895	0.9918194227	0.3693695085
0.8688614915	0.1311385085	0.9919529872	0.3690415548
0.8698624725	0.1301375275	0.992085289	0.3687141698
0.8708634535	0.1291365465	0.9922163325	0.3683873521
0.8718644344	0.1281355656	0.9923461219	0.3680611001
0.8728654154	0.1271345846	0.9924746617	0.3677354124
0.8738663964	0.1261336036	0.992601956	0.3674102877
0.8748673774	0.1251326226	0.9927280091	0.3670857245
0.8758683584	0.1241316416	0.9928528253	0.3667617214
0.8768693393	0.1231306607	0.9929764089	0.366438277
0.8778703203	0.1221296797	0.9930987641	0.3661153898
0.8788713013	0.1211286987	0.993219895	0.3657930586
0.8798722823	0.1201277177	0.993339806	0.3654712819
0.8808732633	0.1191267367	0.9934585012	0.3651500582
0.8818742442	0.1181257558	0.9935759847	0.3648293863
0.8828752252	0.1171247748	0.9936922608	0.3645092648
0.8838762062	0.1161237938	0.9938073336	0.3641896922
0.8848771872	0.1151228128	0.9939212073	0.3638706672
0.8858781682	0.1141218318	0.9940338859	0.3635521884
0.8868791491	0.1131208509	0.9941453736	0.3632342545
0.8878801301	0.1121198699	0.9942556745	0.3629168641
0.8888811111	0.1111188889	0.9943647926	0.3626000158
0.8898820921	0.1101179079	0.9944727321	0.3622837084
0.8908830731	0.1091169269	0.994579497	0.3619679404
0.8918840541	0.1081159459	0.9946850913	0.3616527105
0.892885035	0.107114965	0.9947895192	0.3613380174
0.893886016	0.106113984	0.9948927845	0.3610238597
0.894886997	0.105113003	0.9949948914	0.3607102361
0.895887978	0.104112022	0.9950958438	0.3603971454
0.896888959	0.103111041	0.9951956457	0.3600845861
0.8978899399	0.1021100601	0.995294301	0.359772557
0.8988909209	0.1011090791	0.9953918138	0.3594610567
0.8998919019	0.1001080981	0.995488188	0.3591500839
0.9008928829	0.09910711712	0.9955834274	0.3588396374
0.9018938639	0.09810613614	0.9956775361	0.3585297158
0.9028948448	0.09710515516	0.9957705179	0.3582203179
0.9038958258	0.09610417417	0.9958623768	0.3579114423
0.9048968068	0.09510319319	0.9959531166	0.3576030878
0.9058977878	0.09410221221	0.9960427411	0.357295253
0.9068987688	0.09310123123	0.9961312543	0.3569879367
0.9078997497	0.09210025025	0.99621866	0.3566811377
0.9089007307	0.09109926927	0.996304962	0.3563748546
0.9099017117	0.09009828829	0.9963901641	0.3560690862
0.9109026927	0.08909730731	0.9964742702	0.3557638312
0.9119036737	0.08809632633	0.996557284	0.3554590884
0.9129046547	0.08709534535	0.9966392093	0.3551548565
0.9139056356	0.08609436436	0.99672005	0.3548511343
0.9149066166	0.08509338338	0.9967998096	0.3545479205
0.9159075976	0.0840924024	0.9968784921	0.3542452138
0.9169085786	0.08309142142	0.9969561011	0.3539430131
0.9179095596	0.08209044044	0.9970326404	0.3536413171
0.9189105405	0.08108945946	0.9971081137	0.3533401245
0.9199115215	0.08008847848	0.9971825246	0.3530394342
0.9209125025	0.0790874975	0.9972558769	0.3527392449
0.9219134835	0.07808651652	0.9973281741	0.3524395553
0.9229144645	0.07708553554	0.9973994201	0.3521403644
0.9239154454	0.07608455455	0.9974696185	0.3518416708
0.9249164264	0.07508357357	0.9975387728	0.3515434734
0.9259174074	0.07408259259	0.9976068867	0.351245771
0.9269183884	0.07308161161	0.9976739638	0.3509485622
0.9279193694	0.07208063063	0.9977400078	0.3506518461
0.9289203504	0.07107964965	0.9978050222	0.3503556213
0.9299213313	0.07007866867	0.9978690106	0.3500598867
0.9309223123	0.06907768769	0.9979319765	0.3497646411
0.9319232933	0.06807670671	0.9979939236	0.3494698832
0.9329242743	0.06707572573	0.9980548553	0.349175612
0.9339252553	0.06607474474	0.9981147753	0.3488818263
0.9349262362	0.06507376376	0.998173687	0.3485885248
0.9359272172	0.06407278278	0.9982315939	0.3482957065
0.9369281982	0.0630718018	0.9982884996	0.3480033701
0.9379291792	0.06207082082	0.9983444075	0.3477115145
0.9389301602	0.06106983984	0.9983993211	0.3474201385
0.9399311411	0.06006885886	0.9984532439	0.347129241
0.9409321221	0.05906787788	0.9985061793	0.3468388208
0.9419331031	0.0580668969	0.9985581308	0.3465488769
0.9429340841	0.05706591592	0.9986091017	0.3462594079
0.9439350651	0.05606493493	0.9986590956	0.3459704129
0.944936046	0.05506395395	0.9987081159	0.3456818906
0.945937027	0.05406297297	0.9987561658	0.34539384
0.946938008	0.05306199199	0.9988032489	0.3451062599
0.947938989	0.05206101101	0.9988493685	0.3448191492
0.94893997	0.05106003003	0.9988945279	0.3445325067
0.949940951	0.05005904905	0.9989387306	0.3442463314
0.9509419319	0.04905806807	0.9989819798	0.3439606221
0.9519429129	0.04805708709	0.9990242789	0.3436753777
0.9529438939	0.04705610611	0.9990656313	0.3433905972
0.9539448749	0.04605512513	0.9991060401	0.3431062793
0.9549458559	0.04505414414	0.9991455088	0.3428224231
0.9559468368	0.04405316316	0.9991840406	0.3425390274
0.9569478178	0.04305218218	0.9992216388	0.342256091
0.9579487988	0.0420512012	0.9992583067	0.3419736131
0.9589497798	0.04105022022	0.9992940475	0.3416915923
0.9599507608	0.04004923924	0.9993288644	0.3414100277
0.9609517417	0.03904825826	0.9993627608	0.3411289182
0.9619527227	0.03804727728	0.9993957398	0.3408482627
0.9629537037	0.0370462963	0.9994278046	0.3405680601
0.9639546847	0.03604531532	0.9994589585	0.3402883094
0.9649556657	0.03504433433	0.9994892047	0.3400090094
0.9659566466	0.03404335335	0.9995185462	0.3397301592
0.9669576276	0.03304237237	0.9995469864	0.3394517576
0.9679586086	0.03204139139	0.9995745283	0.3391738036
0.9689595896	0.03104041041	0.9996011752	0.3388962962
0.9699605706	0.03003942943	0.9996269301	0.3386192343
0.9709615516	0.02903844845	0.9996517962	0.3383426168
0.9719625325	0.02803746747	0.9996757766	0.3380664428
0.9729635135	0.02703648649	0.9996988745	0.3377907111
0.9739644945	0.02603550551	0.9997210929	0.3375154207
0.9749654755	0.02503452452	0.9997424349	0.3372405706
0.9759664565	0.02403354354	0.9997629036	0.3369661597
0.9769674374	0.02303256256	0.9997825021	0.3366921871
0.9779684184	0.02203158158	0.9998012334	0.3364186517
0.9789693994	0.0210306006	0.9998191006	0.3361455525
0.9799703804	0.02002961962	0.9998361067	0.3358728884
0.9809713614	0.01902863864	0.9998522548	0.3356006585
0.9819723423	0.01802765766	0.9998675478	0.3353288617
0.9829733233	0.01702667668	0.9998819889	0.335057497
0.9839743043	0.0160256957	0.9998955809	0.3347865635
0.9849752853	0.01502471471	0.999908327	0.33451606
0.9859762663	0.01402373373	0.9999202299	0.3342459857
0.9869772472	0.01302275275	0.9999312929	0.3339763394
0.9879782282	0.01202177177	0.9999415187	0.3337071203
0.9889792092	0.01102079079	0.9999509104	0.3334383273
0.9899801902	0.01001980981	0.9999594708	0.3331699594
0.9909811712	0.009018828829	0.9999672031	0.3329020157
0.9919821522	0.008017847848	0.9999741099	0.3326344951
0.9929831331	0.007016866867	0.9999801943	0.3323673967
0.9939841141	0.006015885886	0.9999854592	0.3321007195
0.9949850951	0.005014904905	0.9999899075	0.3318344625
0.9959860761	0.004013923924	0.999993542	0.3315686248
0.9969870571	0.003012942943	0.9999963656	0.3313032054
0.997988038	0.002011961962	0.9999983813	0.3310382033
0.998989019	0.001010980981	0.9999995918	0.3307736176
0.99999	1e-05	1	0.3305094472
