1e-05	0.99999	379147.5886	1.000000025
0.001010980981	0.998989019	234621.4358	1.000243274
0.002011961962	0.997988038	148521.2721	1.000934037
0.003012942943	0.9969870571	96044.10348	1.002031956
0.004013923924	0.9959860761	63366.34207	1.003500709
0.005014904905	0.9949850951	42602.83421	1.005307529
0.006015885886	0.9939841141	29156.39899	1.007422779
0.007016866867	0.9929831331	20290.96592	1.009819593
0.008017847848	0.9919821522	14346.11316	1.012473561
0.009018828829	0.9909811712	10295.47567	1.015362461
0.01001980981	0.9899801902	7493.478257	1.018466021
0.01102079079	0.9889792092	5527.308805	1.021765711
0.01202177177	0.9879782282	4128.837603	1.025244567
0.01302275275	0.9869772472	3121.308041	1.028887026
0.01402373373	0.9859762663	2386.546952	1.032678794
0.01502471471	0.9849752853	1844.484305	1.036606717
0.0160256957	0.9839743043	1440.173106	1.040658675
0.01702667668	0.9829733233	1135.447626	1.044823482
0.01802765766	0.9819723423	903.49098	1.049090807
0.01902863864	0.9809713614	725.2523735	1.053451089
0.02002961962	0.9799703804	587.0555638	1.057895472
0.0210306006	0.9789693994	478.9839759	1.062415749
0.02203158158	0.9779684184	393.7781858	1.067004296
0.02303256256	0.9769674374	326.0752408	1.071654034
0.02403354354	0.9759664565	271.878516	1.076358378
0.02503452452	0.9749654755	228.1846577	1.081111198
0.02603550551	0.9739644945	192.7186277	1.085906783
0.02703648649	0.9729635135	163.7438511	1.090739809
0.02803746747	0.9719625325	139.9250155	1.095605311
0.02903844845	0.9709615516	120.2281079	1.10049865
0.03003942943	0.9699605706	103.84701	1.105415496
0.03104041041	0.9689595896	90.14918774	1.110351798
0.03204139139	0.9679586086	78.63521611	1.115303772
0.03304237237	0.9669576276	68.90840447	1.120267874
0.03404335335	0.9659566466	60.65184799	1.125240789
0.03504433433	0.9649556657	53.61097751	1.130219411
0.03604531532	0.9639546847	47.5802077	1.135200833
0.0370462963	0.9629537037	42.39265952	1.140182331
0.03804727728	0.9619527227	37.91220327	1.14516135
0.03904825826	0.9609517417	34.02726382	1.150135497
0.04004923924	0.9599507608	30.64597174	1.155102529
0.04105022022	0.9589497798	27.69234817	1.160060343
0.0420512012	0.9579487988	25.10328784	1.165006966
0.04305218218	0.9569478178	22.82616187	1.16994055
0.04405316316	0.9559468368	20.81690381	1.17485936
0.04505414414	0.9549458559	19.03847481	1.179761773
0.04605512513	0.9539448749	17.45962726	1.184646265
0.04705610611	0.9529438939	16.05390466	1.189511409
0.04805708709	0.9519429129	14.79882925	1.194355869
0.04905806807	0.9509419319	13.67523956	1.199178392
0.05005904905	0.949940951	12.66674805	1.203977808
0.05106003003	0.94893997	11.75929548	1.208753019
0.05206101101	0.947938989	10.94078336	1.213503001
0.05306199199	0.946938008	10.20076981	1.218226795
0.05406297297	0.945937027	9.530216955	1.222923507
0.05506395395	0.944936046	8.921280475	1.227592302
0.05606493493	0.9439350651	8.367133699	1.232232402
0.05706591592	0.9429340841	7.861820108	1.236843083
0.0580668969	0.9419331031	7.400129284	1.241423671
0.05906787788	0.9409321221	6.977492281	1.245973538
0.06006885886	0.9399311411	6.589893108	1.250492105
0.06106983984	0.9389301602	6.23379365	1.254978834
0.06207082082	0.9379291792	5.906069804	1.259433227
0.0630718018	0.9369281982	5.603957013	1.263854825
0.06407278278	0.9359272172	5.325003701	1.268243207
0.06507376376	0.9349262362	5.067031361	1.272597984
0.06607474474	0.9339252553	4.828100254	1.276918801
0.06707572573	0.9329242743	4.606479877	1.281205334
0.06807670671	0.9319232933	4.400623465	1.285457289
0.06907768769	0.9309223123	4.209145929	1.2896744
0.07007866867	0.9299213313	4.03080473	1.293856426
0.07107964965	0.9289203504	3.864483258	1.298003153
0.07208063063	0.9279193694	3.709176361	1.30211439
0.07308161161	0.9269183884	3.563977718	1.306189969
0.07408259259	0.9259174074	3.428068801	1.310229743
0.07508357357	0.9249164264	3.300709204	1.314233587
0.07608455455	0.9239154454	3.181228161	1.318201392
0.07708553554	0.9229144645	3.069017087	1.322133071
0.07808651652	0.9219134835	2.963523004	1.326028554
0.0790874975	0.9209125025	2.864242746	1.329887785
0.08008847848	0.9199115215	2.770717839	1.333710726
0.08108945946	0.9189105405	2.682529961	1.337497355
0.08209044044	0.9179095596	2.599296922	1.341247661
0.08309142142	0.9169085786	2.520669091	1.344961649
0.0840924024	0.9159075976	2.446326223	1.348639335
0.08509338338	0.9149066166	2.375974622	1.35228075
0.08609436436	0.9139056356	2.30934462	1.355885933
0.08709534535	0.9129046547	2.246188319	1.359454936
0.08809632633	0.9119036737	2.186277571	1.362987821
0.08909730731	0.9109026927	2.12940217	1.36648466
0.09009828829	0.9099017117	2.075368227	1.369945534
0.09109926927	0.9089007307	2.023996712	1.373370532
0.09210025025	0.9078997497	1.975122144	1.376759754
0.09310123123	0.9068987688	1.928591404	1.380113305
0.09410221221	0.9058977878	1.884262674	1.383431298
0.09510319319	0.9048968068	1.84200447	1.386713856
0.09610417417	0.9038958258	1.801694775	1.389961104
0.09710515516	0.9028948448	1.763220249	1.393173177
0.09810613614	0.9018938639	1.726475513	1.396350214
0.09910711712	0.9008928829	1.691362506	1.399492361
0.1001080981	0.8998919019	1.657789894	1.402599769
0.1011090791	0.8988909209	1.625672532	1.405672593
0.1021100601	0.8978899399	1.594930984	1.408710993
0.103111041	0.896888959	1.565491071	1.411715136
0.104112022	0.895887978	1.537283473	1.414685188
0.105113003	0.894886997	1.510243355	1.417621324
0.106113984	0.893886016	1.484310031	1.420523721
0.107114965	0.892885035	1.459426657	1.423392557
0.1081159459	0.8918840541	1.435539941	1.426228017
0.1091169269	0.8908830731	1.412599894	1.429030287
0.1101179079	0.8898820921	1.390559584	1.431799556
0.1111188889	0.8888811111	1.369374918	1.434536016
0.1121198699	0.8878801301	1.349004446	1.437239861
0.1131208509	0.8868791491	1.329409174	1.439911287
0.1141218318	0.8858781682	1.310552391	1.442550492
0.1151228128	0.8848771872	1.292399516	1.445157678
0.1161237938	0.8838762062	1.274917953	1.447733046
0.1171247748	0.8828752252	1.258076955	1.450276801
0.1181257558	0.8818742442	1.241847506	1.452789147
0.1191267367	0.8808732633	1.226202201	1.45527029
0.1201277177	0.8798722823	1.211115146	1.45772044
0.1211286987	0.8788713013	1.196561856	1.460139804
0.1221296797	0.8778703203	1.182519168	1.462528593
0.1231306607	0.8768693393	1.168965157	1.464887017
0.1241316416	0.8758683584	1.155879056	1.467215287
0.1251326226	0.8748673774	1.143241186	1.469513617
0.1261336036	0.8738663964	1.131032889	1.471782217
0.1271345846	0.8728654154	1.119236464	1.474021303
0.1281355656	0.8718644344	1.107835111	1.476231086
0.1291365465	0.8708634535	1.096812875	1.47841178
0.1301375275	0.8698624725	1.086154598	1.4805636
0.1311385085	0.8688614915	1.07584587	1.482686759
0.1321394895	0.8678605105	1.065872987	1.484781472
0.1331404705	0.8668595295	1.05622291	1.486847953
0.1341414515	0.8658585485	1.046883225	1.488886415
0.1351424324	0.8648575676	1.037842111	1.490897072
0.1361434134	0.8638565866	1.029088303	1.492880137
0.1371443944	0.8628556056	1.020611061	1.494835825
0.1381453754	0.8618546246	1.012400147	1.496764347
0.1391463564	0.8608536436	1.004445787	1.498665917
0.1401473373	0.8598526627	0.9967386569	1.500540745
0.1411483183	0.8588516817	0.9892698497	1.502389045
0.1421492993	0.8578507007	0.9820308576	1.504211026
0.1431502803	0.8568497197	0.9750135493	1.5060069
0.1441512613	0.8558487387	0.9682101507	1.507776876
0.1451522422	0.8548477578	0.9616132261	1.509521163
0.1461532232	0.8538467768	0.9552156605	1.511239969
0.1471542042	0.8528457958	0.9490106434	1.512933502
0.1481551852	0.8518448148	0.9429916534	1.51460197
0.1491561662	0.8508438338	0.937152443	1.516245577
0.1501571471	0.8498428529	0.9314870255	1.51786453
0.1511581281	0.8488418719	0.9259896619	1.519459033
0.1521591091	0.8478408909	0.9206548483	1.521029289
0.1531600901	0.8468399099	0.9154773049	1.5225755
0.1541610711	0.8458389289	0.9104519648	1.524097869
0.1551620521	0.8448379479	0.9055739639	1.525596596
0.156163033	0.843836967	0.9008386311	1.527071881
0.157164014	0.842835986	0.8962414791	1.528523922
0.158164995	0.841835005	0.8917781961	1.529952917
0.159165976	0.840834024	0.8874446369	1.531359062
0.160166957	0.839833043	0.8832368161	1.532742553
0.1611679379	0.8388320621	0.8791508998	1.534103585
0.1621689189	0.8378310811	0.8751831994	1.535442351
0.1631698999	0.8368301001	0.8713301648	1.536759042
0.1641708809	0.8358291191	0.8675883777	1.53805385
0.1651718619	0.8348281381	0.8639545466	1.539326966
0.1661728428	0.8338271572	0.8604255004	1.540578577
0.1671738238	0.8328261762	0.8569981835	1.541808872
0.1681748048	0.8318251952	0.8536696506	1.543018036
0.1691757858	0.8308242142	0.8504370618	1.544206257
0.1701767668	0.8298232332	0.8472976786	1.545373716
0.1711777477	0.8288222523	0.8442488588	1.546520598
0.1721787287	0.8278212713	0.8412880529	1.547647084
0.1731797097	0.8268202903	0.8384128001	1.548753355
0.1741806907	0.8258193093	0.8356207246	1.54983959
0.1751816717	0.8248183283	0.8329095319	1.550905967
0.1761826527	0.8238173473	0.8302770055	1.551952664
0.1771836336	0.8228163664	0.827721004	1.552979855
0.1781846146	0.8218153854	0.8252394576	1.553987716
0.1791855956	0.8208144044	0.8228303655	1.55497642
0.1801865766	0.8198134234	0.8204917929	1.555946139
0.1811875576	0.8188124424	0.8182218686	1.556897043
0.1821885385	0.8178114615	0.8160187824	1.557829302
0.1831895195	0.8168104805	0.8138807825	1.558743085
0.1841905005	0.8158094995	0.8118061735	1.559638559
0.1851914815	0.8148085185	0.8097933141	1.560515889
0.1861924625	0.8138075375	0.807840615	1.561375241
0.1871934434	0.8128065566	0.8059465368	1.562216778
0.1881944244	0.8118055756	0.8041095883	1.563040662
0.1891954054	0.8108045946	0.8023283245	1.563847054
0.1901963864	0.8098036136	0.8006013451	1.564636114
0.1911973674	0.8088026326	0.7989272924	1.565408001
0.1921983483	0.8078016517	0.7973048503	1.566162871
0.1931993293	0.8068006707	0.7957327421	1.566900882
0.1942003103	0.8057996897	0.7942097298	1.567622188
0.1952012913	0.8047987087	0.792734612	1.568326942
0.1962022723	0.8037977277	0.791306223	1.569015298
0.1972032533	0.8027967467	0.7899234313	1.569687407
0.1982042342	0.8017957658	0.7885851385	1.570343419
0.1992052152	0.8007947848	0.7872902783	1.570983482
0.2002061962	0.7997938038	0.7860378147	1.571607745
0.2012071772	0.7987928228	0.7848267419	1.572216354
0.2022081582	0.7977918418	0.7836560823	1.572809455
0.2032091391	0.7967908609	0.7825248863	1.573387192
0.2042101201	0.7957898799	0.7814322309	1.573949707
0.2052111011	0.7947888989	0.7803772187	1.574497144
0.2062120821	0.7937879179	0.7793589774	1.575029642
0.2072130631	0.7927869369	0.7783766588	1.575547341
0.208214044	0.791785956	0.7774294379	1.576050381
0.209215025	0.790784975	0.7765165121	1.576538897
0.210216006	0.789783994	0.7756371006	1.577013026
0.211216987	0.788783013	0.7747904436	1.577472904
0.212217968	0.787782032	0.7739758018	1.577918664
0.2132189489	0.7867810511	0.7731924553	1.578350439
0.2142199299	0.7857800701	0.7724397034	1.57876836
0.2152209109	0.7847790891	0.7717168637	1.57917256
0.2162218919	0.7837781081	0.7710232717	1.579563166
0.2172228729	0.7827771271	0.7703582801	1.579940307
0.2182238539	0.7817761461	0.7697212584	1.580304111
0.2192248348	0.7807751652	0.7691115921	1.580654704
0.2202258158	0.7797741842	0.7685286826	1.580992212
0.2212267968	0.7787732032	0.7679719463	1.581316757
0.2222277778	0.7777722222	0.7674408144	1.581628465
0.2232287588	0.7767712412	0.7669347324	1.581927455
0.2242297397	0.7757702603	0.7664531595	1.58221385
0.2252307207	0.7747692793	0.7659955685	1.582487769
0.2262317017	0.7737682983	0.7655614449	1.582749332
0.2272326827	0.7727673173	0.765150287	1.582998656
0.2282336637	0.7717663363	0.7647616054	1.583235858
0.2292346446	0.7707653554	0.7643949225	1.583461053
0.2302356256	0.7697643744	0.764049772	1.583674358
0.2312366066	0.7687633934	0.7637256992	1.583875885
0.2322375876	0.7677624124	0.7634222598	1.584065748
0.2332385686	0.7667614314	0.7631390203	1.584244059
0.2342395495	0.7657604505	0.7628755574	1.584410928
0.2352405305	0.7647594695	0.7626314576	1.584566465
0.2362415115	0.7637584885	0.7624063172	1.58471078
0.2372424925	0.7627575075	0.7621997418	1.584843981
0.2382434735	0.7617565265	0.7620113461	1.584966174
0.2392444545	0.7607555455	0.7618407537	1.585077466
0.2402454354	0.7597545646	0.7616875967	1.585177962
0.2412464164	0.7587535836	0.7615515156	1.585267766
0.2422473974	0.7577526026	0.7614321591	1.585346982
0.2432483784	0.7567516216	0.7613291838	1.585415713
0.2442493594	0.7557506406	0.7612422538	1.585474059
0.2452503403	0.7547496597	0.7611710409	1.585522122
0.2462513213	0.7537486787	0.7611152242	1.585560002
0.2472523023	0.7527476977	0.7610744895	1.585587796
0.2482532833	0.7517467167	0.76104853	1.585605604
0.2492542643	0.7507457357	0.7610370452	1.585613523
0.2502552452	0.7497447548	0.7610397414	1.585611649
0.2512562262	0.7487437738	0.761056331	1.585600077
0.2522572072	0.7477427928	0.7610865329	1.585578902
0.2532581882	0.7467418118	0.7611300716	1.585548218
0.2542591692	0.7457408308	0.761186678	1.585508117
0.2552601502	0.7447398498	0.7612560881	1.585458693
0.2562611311	0.7437388689	0.761338044	1.585400035
0.2572621121	0.7427378879	0.7614322929	1.585332235
0.2582630931	0.7417369069	0.7615385875	1.585255383
0.2592640741	0.7407359259	0.7616566854	1.585169567
0.2602650551	0.7397349449	0.7617863495	1.585074875
0.261266036	0.738733964	0.7619273473	1.584971394
0.262267017	0.737732983	0.7620794514	1.584859212
0.263267998	0.736732002	0.7622424387	1.584738414
0.264268979	0.735731021	0.762416091	1.584609084
0.26526996	0.73473004	0.7626001941	1.584471308
0.2662709409	0.7337290591	0.7627945386	1.584325168
0.2672719219	0.7327280781	0.7629989189	1.584170747
0.2682729029	0.7317270971	0.7632131337	1.584008128
0.2692738839	0.7307261161	0.7634369857	1.583837391
0.2702748649	0.7297251351	0.7636702815	1.583658616
0.2712758458	0.7287241542	0.7639128315	1.583471885
0.2722768268	0.7277231732	0.7641644499	1.583277275
0.2732778078	0.7267221922	0.7644249544	1.583074866
0.2742787888	0.7257212112	0.7646941663	1.582864734
0.2752797698	0.7247202302	0.7649719106	1.582646957
0.2762807508	0.7237192492	0.7652580152	1.582421612
0.2772817317	0.7227182683	0.7655523118	1.582188772
0.2782827127	0.7217172873	0.7658546351	1.581948514
0.2792836937	0.7207163063	0.766164823	1.581700912
0.2802846747	0.7197153253	0.7664827164	1.581446039
0.2812856557	0.7187143443	0.7668081594	1.581183969
0.2822866366	0.7177133634	0.7671409989	1.580914772
0.2832876176	0.7167123824	0.7674810846	1.580638522
0.2842885986	0.7157114014	0.7678282693	1.580355288
0.2852895796	0.7147104204	0.7681824084	1.580065142
0.2862905606	0.7137094394	0.7685433598	1.579768152
0.2872915415	0.7127084585	0.7689109843	1.579464388
0.2882925225	0.7117074775	0.7692851453	1.579153919
0.2892935035	0.7107064965	0.7696657084	1.578836811
0.2902944845	0.7097055155	0.770052542	1.578513133
0.2912954655	0.7087045345	0.7704455167	1.57818295
0.2922964464	0.7077035536	0.7708445055	1.577846329
0.2932974274	0.7067025726	0.7712493838	1.577503336
0.2942984084	0.7057015916	0.7716600291	1.577154034
0.2952993894	0.7047006106	0.7720763212	1.576798488
0.2963003704	0.7036996296	0.7724981421	1.576436762
0.2973013514	0.7026986486	0.7729253758	1.576068918
0.2983023323	0.7016976677	0.7733579085	1.57569502
0.2993033133	0.7006966867	0.7737956283	1.575315129
0.3003042943	0.6996957057	0.7742384252	1.574929306
0.3013052753	0.6986947247	0.7746861915	1.574537612
0.3023062563	0.6976937437	0.7751388211	1.574140108
0.3033072372	0.6966927628	0.7755962097	1.573736853
0.3043082182	0.6956917818	0.7760582551	1.573327906
0.3053091992	0.6946908008	0.7765248567	1.572913326
0.3063101802	0.6936898198	0.7769959157	1.572493171
0.3073111612	0.6926888388	0.777471335	1.572067499
0.3083121421	0.6916878579	0.7779510192	1.571636366
0.3093131231	0.6906868769	0.7784348745	1.571199829
0.3103141041	0.6896858959	0.7789228088	1.570757945
0.3113150851	0.6886849149	0.7794147314	1.570310768
0.3123160661	0.6876839339	0.7799105534	1.569858353
0.313317047	0.686682953	0.7804101872	1.569400756
0.314318028	0.685681972	0.7809135468	1.568938029
0.315319009	0.684680991	0.7814205476	1.568470228
0.31631999	0.68368001	0.7819311065	1.567997404
0.317320971	0.682679029	0.7824451417	1.56751961
0.318321952	0.681678048	0.782962573	1.567036898
0.3193229329	0.6806770671	0.7834833212	1.566549321
0.3203239139	0.6796760861	0.7840073086	1.566056928
0.3213248949	0.6786751051	0.784534459	1.565559771
0.3223258759	0.6776741241	0.7850646971	1.5650579
0.3233268569	0.6766731431	0.785597949	1.564551365
0.3243278378	0.6756721622	0.7861341422	1.564040215
0.3253288188	0.6746711812	0.7866732051	1.563524498
0.3263297998	0.6736702002	0.7872150675	1.563004264
0.3273307808	0.6726692192	0.7877596603	1.56247956
0.3283317618	0.6716682382	0.7883069155	1.561950434
0.3293327427	0.6706672573	0.7888567661	1.561416933
0.3303337237	0.6696662763	0.7894091464	1.560879104
0.3313347047	0.6686652953	0.7899639918	1.560336993
0.3323356857	0.6676643143	0.7905212385	1.559790645
0.3333366667	0.6666633333	0.7910808239	1.559240106
0.3343376476	0.6656623524	0.7916426864	1.558685422
0.3353386286	0.6646613714	0.7922067655	1.558126637
0.3363396096	0.6636603904	0.7927730013	1.557563794
0.3373405906	0.6626594094	0.7933413354	1.556996939
0.3383415716	0.6616584284	0.79391171	1.556426114
0.3393425526	0.6606574474	0.7944840681	1.555851362
0.3403435335	0.6596564665	0.7950583541	1.555272727
0.3413445145	0.6586554855	0.7956345127	1.554690249
0.3423454955	0.6576545045	0.79621249	1.554103972
0.3433464765	0.6566535235	0.7967922327	1.553513936
0.3443474575	0.6556525425	0.7973736883	1.552920183
0.3453484384	0.6546515616	0.7979568052	1.552322753
0.3463494194	0.6536505806	0.7985415328	1.551721688
0.3473504004	0.6526495996	0.7991278209	1.551117026
0.3483513814	0.6516486186	0.7997156205	1.550508807
0.3493523624	0.6506476376	0.8003048832	1.549897072
0.3503533433	0.6496466567	0.8008955612	1.549281858
0.3513543243	0.6486456757	0.8014876077	1.548663205
0.3523553053	0.6476446947	0.8020809767	1.54804115
0.3533562863	0.6466437137	0.8026756225	1.547415731
0.3543572673	0.6456427327	0.8032715006	1.546786987
0.3553582482	0.6446417518	0.8038685669	1.546154954
0.3563592292	0.6436407708	0.804466778	1.545519669
0.3573602102	0.6426397898	0.8050660913	1.544881169
0.3583611912	0.6416388088	0.8056664649	1.544239489
0.3593621722	0.6406378278	0.8062678574	1.543594666
0.3603631532	0.6396368468	0.806870228	1.542946736
0.3613641341	0.6386358659	0.8074735368	1.542295733
0.3623651151	0.6376348849	0.8080777442	1.541641693
0.3633660961	0.6366339039	0.8086828116	1.540984649
0.3643670771	0.6356329229	0.8092887005	1.540324637
0.3653680581	0.6346319419	0.8098953735	1.539661691
0.366369039	0.633630961	0.8105027933	1.538995843
0.36737002	0.63262998	0.8111109237	1.538327128
0.368371001	0.631628999	0.8117197286	1.537655579
0.369371982	0.630628018	0.8123291726	1.536981228
0.370372963	0.629627037	0.812939221	1.536304107
0.3713739439	0.6286260561	0.8135498395	1.53562425
0.3723749249	0.6276250751	0.8141609943	1.534941687
0.3733759059	0.6266240941	0.8147726521	1.534256451
0.3743768869	0.6256231131	0.8153847803	1.533568572
0.3753778679	0.6246221321	0.8159973466	1.532878083
0.3763788488	0.6236211512	0.8166103192	1.532185013
0.3773798298	0.6226201702	0.8172236671	1.531489393
0.3783808108	0.6216191892	0.8178373593	1.530791254
0.3793817918	0.6206182082	0.8184513655	1.530090625
0.3803827728	0.6196172272	0.819065656	1.529387535
0.3813837538	0.6186162462	0.8196802014	1.528682016
0.3823847347	0.6176152653	0.8202949728	1.527974094
0.3833857157	0.6166142843	0.8209099416	1.5272638
0.3843866967	0.6156133033	0.8215250799	1.526551162
0.3853876777	0.6146123223	0.82214036	1.525836208
0.3863886587	0.6136113413	0.8227557547	1.525118967
0.3873896396	0.6126103604	0.8233712373	1.524399466
0.3883906206	0.6116093794	0.8239867814	1.523677733
0.3893916016	0.6106083984	0.824602361	1.522953795
0.3903925826	0.6096074174	0.8252179505	1.522227679
0.3913935636	0.6086064364	0.8258335249	1.521499413
0.3923945445	0.6076054555	0.8264490592	1.520769023
0.3933955255	0.6066044745	0.8270645292	1.520036535
0.3943965065	0.6056034935	0.8276799107	1.519301975
0.3953974875	0.6046025125	0.8282951801	1.518565369
0.3963984685	0.6036015315	0.8289103141	1.517826744
0.3973994494	0.6026005506	0.8295252897	1.517086124
0.3984004304	0.6015995696	0.8301400844	1.516343534
0.3994014114	0.6005985886	0.8307546759	1.515599
0.4004023924	0.5995976076	0.8313690422	1.514852547
0.4014033734	0.5985966266	0.831983162	1.514104198
0.4024043544	0.5975956456	0.8325970138	1.513353979
0.4034053353	0.5965946647	0.8332105767	1.512601913
0.4044063163	0.5955936837	0.8338238303	1.511848024
0.4054072973	0.5945927027	0.8344367542	1.511092336
0.4064082783	0.5935917217	0.8350493284	1.510334873
0.4074092593	0.5925907407	0.8356615334	1.509575657
0.4084102402	0.5915897598	0.8362733497	1.508814712
0.4094112212	0.5905887788	0.8368847583	1.508052061
0.4104122022	0.5895877978	0.8374957404	1.507287725
0.4114131832	0.5885868168	0.8381062777	1.506521728
0.4124141642	0.5875858358	0.8387163518	1.505754092
0.4134151451	0.5865848549	0.839325945	1.504984839
0.4144161261	0.5855838739	0.8399350396	1.50421399
0.4154171071	0.5845828929	0.8405436182	1.503441568
0.4164180881	0.5835819119	0.8411516637	1.502667593
0.4174190691	0.5825809309	0.8417591595	1.501892087
0.4184200501	0.5815799499	0.8423660889	1.501115071
0.419421031	0.580578969	0.8429724356	1.500336566
0.420422012	0.579577988	0.8435781836	1.499556593
0.421422993	0.578577007	0.8441833171	1.498775172
0.422423974	0.577576026	0.8447878206	1.497992323
0.423424955	0.576575045	0.8453916788	1.497208066
0.4244259359	0.5755740641	0.8459948767	1.496422422
0.4254269169	0.5745730831	0.8465973994	1.49563541
0.4264278979	0.5735721021	0.8471992324	1.49484705
0.4274288789	0.5725711211	0.8478003613	1.49405736
0.4284298599	0.5715701401	0.848400772	1.493266362
0.4294308408	0.5705691592	0.8490004506	1.492474072
0.4304318218	0.5695681782	0.8495993835	1.491680511
0.4314328028	0.5685671972	0.8501975571	1.490885698
0.4324337838	0.5675662162	0.8507949583	1.490089649
0.4334347648	0.5665652352	0.8513915741	1.489292385
0.4344357457	0.5655642543	0.8519873915	1.488493923
0.4354367267	0.5645632733	0.8525823981	1.487694281
0.4364377077	0.5635622923	0.8531765813	1.486893478
0.4374386887	0.5625613113	0.853769929	1.48609153
0.4384396697	0.5615603303	0.8543624293	1.485288456
0.4394406507	0.5605593493	0.8549540702	1.484484273
0.4404416316	0.5595583684	0.8555448401	1.483678998
0.4414426126	0.5585573874	0.8561347277	1.482872648
0.4424435936	0.5575564064	0.8567237217	1.48206524
0.4434445746	0.5565554254	0.857311811	1.481256792
0.4444455556	0.5555544444	0.8578989847	1.480447319
0.4454465365	0.5545534635	0.8584852323	1.479636838
0.4464475175	0.5535524825	0.859070543	1.478825366
0.4474484985	0.5525515015	0.8596549067	1.478012919
0.4484494795	0.5515505205	0.8602383131	1.477199512
0.4494504605	0.5505495395	0.8608207523	1.476385162
0.4504514414	0.5495485586	0.8614022143	1.475569885
0.4514524224	0.5485475776	0.8619826896	1.474753696
0.4524534034	0.5475465966	0.8625621687	1.47393661
0.4534543844	0.5465456156	0.8631406421	1.473118643
0.4544553654	0.5455446346	0.8637181008	1.47229981
0.4554563463	0.5445436537	0.8642945357	1.471480127
0.4564573273	0.5435426727	0.8648699379	1.470659608
0.4574583083	0.5425416917	0.8654442988	1.469838267
0.4584592893	0.5415407107	0.8660176097	1.46901612
0.4594602703	0.5405397297	0.8665898622	1.468193182
0.4604612513	0.5395387487	0.8671610481	1.467369466
0.4614622322	0.5385377678	0.8677311593	1.466544987
0.4624632132	0.5375367868	0.8683001877	1.465719758
0.4634641942	0.5365358058	0.8688681256	1.464893795
0.4644651752	0.5355348248	0.8694349652	1.464067111
0.4654661562	0.5345338438	0.870000699	1.463239719
0.4664671371	0.5335328629	0.8705653195	1.462411634
0.4674681181	0.5325318819	0.8711288195	1.461582869
0.4684690991	0.5315309009	0.8716911918	1.460753436
0.4694700801	0.5305299199	0.8722524293	1.459923351
0.4704710611	0.5295289389	0.8728125252	1.459092625
0.471472042	0.528527958	0.8733714726	1.458261271
0.472473023	0.527526977	0.8739292651	1.457429304
0.473474004	0.526525996	0.8744858959	1.456596734
0.474474985	0.525525015	0.8750413587	1.455763576
0.475475966	0.524524034	0.8755956473	1.454929842
0.4764769469	0.5235230531	0.8761487554	1.454095543
0.4774779279	0.5225220721	0.876700677	1.453260694
0.4784789089	0.5215210911	0.8772514062	1.452425305
0.4794798899	0.5205201101	0.8778009372	1.451589388
0.4804808709	0.5195191291	0.8783492643	1.450752957
0.4814818519	0.5185181481	0.8788963818	1.449916023
0.4824828328	0.5175171672	0.8794422843	1.449078597
0.4834838138	0.5165161862	0.8799869664	1.448240691
0.4844847948	0.5155152052	0.8805304229	1.447402317
0.4854857758	0.5145142242	0.8810726485	1.446563487
0.4864867568	0.5135132432	0.8816136383	1.445724211
0.4874877377	0.5125122623	0.8821533872	1.444884501
0.4884887187	0.5115112813	0.8826918905	1.444044369
0.4894896997	0.5105103003	0.8832291433	1.443203825
0.4904906807	0.5095093193	0.883765141	1.442362879
0.4914916617	0.5085083383	0.8842998791	1.441521544
0.4924926426	0.5075073574	0.8848333531	1.44067983
0.4934936236	0.5065063764	0.8853655586	1.439837748
0.4944946046	0.5055053954	0.8858964914	1.438995307
0.4954955856	0.5045044144	0.8864261473	1.438152519
0.4964965666	0.5035034334	0.8869545221	1.437309394
0.4974975475	0.5025024525	0.887481612	1.436465942
0.4984985285	0.5015014715	0.888007413	1.435622174
0.4994995095	0.5005004905	0.8885319212	1.434778099
0.5005004905	0.4994995095	0.889055133	1.433933728
0.5015014715	0.4984985285	0.8895770447	1.43308907
0.5025024525	0.4974975475	0.8900976527	1.432244136
0.5035034334	0.4964965666	0.8906169536	1.431398935
0.5045044144	0.4954955856	0.891134944	1.430553476
0.5055053954	0.4944946046	0.8916516205	1.42970777
0.5065063764	0.4934936236	0.8921669799	1.428861825
0.5075073574	0.4924926426	0.8926810191	1.428015651
0.5085083383	0.4914916617	0.893193735	1.427169258
0.5095093193	0.4904906807	0.8937051246	1.426322655
0.5105103003	0.4894896997	0.894215185	1.42547585
0.5115112813	0.4884887187	0.8947239133	1.424628853
0.5125122623	0.4874877377	0.8952313067	1.423781673
0.5135132432	0.4864867568	0.8957373627	1.422934319
0.5145142242	0.4854857758	0.8962420784	1.422086799
0.5155152052	0.4844847948	0.8967454514	1.421239122
0.5165161862	0.4834838138	0.8972474793	1.420391298
0.5175171672	0.4824828328	0.8977481595	1.419543333
0.5185181481	0.4814818519	0.8982474898	1.418695238
0.5195191291	0.4804808709	0.8987454678	1.41784702
0.5205201101	0.4794798899	0.8992420914	1.416998687
0.5215210911	0.4784789089	0.8997373584	1.416150248
0.5225220721	0.4774779279	0.9002312667	1.415301712
0.5235230531	0.4764769469	0.9007238144	1.414453085
0.524524034	0.475475966	0.9012149994	1.413604377
0.525525015	0.474474985	0.9017048199	1.412755594
0.526525996	0.473474004	0.9021932741	1.411906746
0.527526977	0.472473023	0.9026803602	1.41105784
0.528527958	0.471472042	0.9031660765	1.410208883
0.5295289389	0.4704710611	0.9036504214	1.409359883
0.5305299199	0.4694700801	0.9041333933	1.408510849
0.5315309009	0.4684690991	0.9046149906	1.407661786
0.5325318819	0.4674681181	0.9050952118	1.406812703
0.5335328629	0.4664671371	0.9055740557	1.405963608
0.5345338438	0.4654661562	0.9060515208	1.405114506
0.5355348248	0.4644651752	0.9065276058	1.404265407
0.5365358058	0.4634641942	0.9070023095	1.403416316
0.5375367868	0.4624632132	0.9074756307	1.402567242
0.5385377678	0.4614622322	0.9079475682	1.40171819
0.5395387487	0.4604612513	0.908418121	1.400869168
0.5405397297	0.4594602703	0.908887288	1.400020184
0.5415407107	0.4584592893	0.9093550683	1.399171243
0.5425416917	0.4574583083	0.9098214609	1.398322352
0.5435426727	0.4564573273	0.9102864649	1.397473519
0.5445436537	0.4554563463	0.9107500796	1.39662475
0.5455446346	0.4544553654	0.9112123041	1.395776051
0.5465456156	0.4534543844	0.9116731377	1.39492743
0.5475465966	0.4524534034	0.9121325796	1.394078892
0.5485475776	0.4514524224	0.9125906294	1.393230444
0.5495485586	0.4504514414	0.9130472863	1.392382092
0.5505495395	0.4494504605	0.9135025498	1.391533842
0.5515505205	0.4484494795	0.9139564195	1.390685702
0.5525515015	0.4474484985	0.9144088948	1.389837677
0.5535524825	0.4464475175	0.9148599753	1.388989772
0.5545534635	0.4454465365	0.9153096607	1.388141995
0.5555544444	0.4444455556	0.9157579506	1.387294351
0.5565554254	0.4434445746	0.9162048448	1.386446846
0.5575564064	0.4424435936	0.916650343	1.385599486
0.5585573874	0.4414426126	0.9170944449	1.384752277
0.5595583684	0.4404416316	0.9175371505	1.383905224
0.5605593493	0.4394406507	0.9179784596	1.383058334
0.5615603303	0.4384396697	0.9184183721	1.382211612
0.5625613113	0.4374386887	0.918856888	1.381365063
0.5635622923	0.4364377077	0.9192940073	1.380518694
0.5645632733	0.4354367267	0.9197297299	1.379672509
0.5655642543	0.4344357457	0.920164056	1.378826514
0.5665652352	0.4334347648	0.9205969857	1.377980715
0.5675662162	0.4324337838	0.921028519	1.377135116
0.5685671972	0.4314328028	0.9214586563	1.376289724
0.5695681782	0.4304318218	0.9218873976	1.375444543
0.5705691592	0.4294308408	0.9223147433	1.374599579
0.5715701401	0.4284298599	0.9227406935	1.373754837
0.5725711211	0.4274288789	0.9231652487	1.372910321
0.5735721021	0.4264278979	0.9235884092	1.372066038
0.5745730831	0.4254269169	0.9240101754	1.371221991
0.5755740641	0.4244259359	0.9244305476	1.370378186
0.576575045	0.423424955	0.9248495264	1.369534628
0.577576026	0.422423974	0.9252671121	1.368691321
0.578577007	0.421422993	0.9256833054	1.367848271
0.579577988	0.420422012	0.9260981067	1.367005482
0.580578969	0.419421031	0.9265115167	1.366162959
0.5815799499	0.4184200501	0.9269235358	1.365320706
0.5825809309	0.4174190691	0.9273341649	1.364478729
0.5835819119	0.4164180881	0.9277434044	1.363637031
0.5845828929	0.4154171071	0.9281512552	1.362795618
0.5855838739	0.4144161261	0.9285577179	1.361954494
0.5865848549	0.4134151451	0.9289627933	1.361113663
0.5875858358	0.4124141642	0.9293664821	1.360273129
0.5885868168	0.4114131832	0.9297687852	1.359432898
0.5895877978	0.4104122022	0.9301697033	1.358592972
0.5905887788	0.4094112212	0.9305692374	1.357753358
0.5915897598	0.4084102402	0.9309673884	1.356914058
0.5925907407	0.4074092593	0.931364157	1.356075077
0.5935917217	0.4064082783	0.9317595443	1.35523642
0.5945927027	0.4054072973	0.9321535513	1.354398089
0.5955936837	0.4044063163	0.9325461788	1.35356009
0.5965946647	0.4034053353	0.932937428	1.352722427
0.5975956456	0.4024043544	0.9333272998	1.351885102
0.5985966266	0.4014033734	0.9337157953	1.351048121
0.5995976076	0.4004023924	0.9341029156	1.350211488
0.6005985886	0.3994014114	0.9344886618	1.349375205
0.6015995696	0.3984004304	0.934873035	1.348539277
0.6026005506	0.3973994494	0.9352560364	1.347703708
0.6036015315	0.3963984685	0.9356376671	1.346868502
0.6046025125	0.3953974875	0.9360179283	1.346033661
0.6056034935	0.3943965065	0.9363968213	1.345199191
0.6066044745	0.3933955255	0.9367743472	1.344365094
0.6076054555	0.3923945445	0.9371505074	1.343531374
0.6086064364	0.3913935636	0.9375253031	1.342698034
0.6096074174	0.3903925826	0.9378987357	1.341865079
0.6106083984	0.3893916016	0.9382708063	1.341032512
0.6116093794	0.3883906206	0.9386415164	1.340200335
0.6126103604	0.3873896396	0.9390108674	1.339368554
0.6136113413	0.3863886587	0.9393788606	1.33853717
0.6146123223	0.3853876777	0.9397454973	1.337706187
0.6156133033	0.3843866967	0.9401107791	1.33687561
0.6166142843	0.3833857157	0.9404747073	1.33604544
0.6176152653	0.3823847347	0.9408372835	1.335215681
0.6186162462	0.3813837538	0.941198509	1.334386337
0.6196172272	0.3803827728	0.9415583853	1.33355741
0.6206182082	0.3793817918	0.9419169141	1.332728904
0.6216191892	0.3783808108	0.9422740967	1.331900822
0.6226201702	0.3773798298	0.9426299347	1.331073166
0.6236211512	0.3763788488	0.9429844297	1.330245941
0.6246221321	0.3753778679	0.9433375833	1.329419149
0.6256231131	0.3743768869	0.943689397	1.328592793
0.6266240941	0.3733759059	0.9440398724	1.327766875
0.6276250751	0.3723749249	0.9443890112	1.3269414
0.6286260561	0.3713739439	0.944736815	1.32611637
0.629627037	0.370372963	0.9450832854	1.325291787
0.630628018	0.369371982	0.9454284242	1.324467654
0.631628999	0.368371001	0.9457722329	1.323643975
0.63262998	0.36737002	0.9461147134	1.322820752
0.633630961	0.366369039	0.9464558672	1.321997988
0.6346319419	0.3653680581	0.9467956961	1.321175685
0.6356329229	0.3643670771	0.9471342019	1.320353847
0.6366339039	0.3633660961	0.9474713862	1.319532475
0.6376348849	0.3623651151	0.947807251	1.318711573
0.6386358659	0.3613641341	0.9481417978	1.317891144
0.6396368468	0.3603631532	0.9484750286	1.317071188
0.6406378278	0.3593621722	0.9488069452	1.316251711
0.6416388088	0.3583611912	0.9491375492	1.315432712
0.6426397898	0.3573602102	0.9494668427	1.314614197
0.6436407708	0.3563592292	0.9497948273	1.313796166
0.6446417518	0.3553582482	0.950121505	1.312978622
0.6456427327	0.3543572673	0.9504468777	1.312161567
0.6466437137	0.3533562863	0.9507709471	1.311345005
0.6476446947	0.3523553053	0.9510937152	1.310528937
0.6486456757	0.3513543243	0.9514151839	1.309713365
0.6496466567	0.3503533433	0.9517353551	1.308898293
0.6506476376	0.3493523624	0.9520542306	1.308083722
0.6516486186	0.3483513814	0.9523718126	1.307269654
0.6526495996	0.3473504004	0.9526881027	1.306456092
0.6536505806	0.3463494194	0.9530031032	1.305643038
0.6546515616	0.3453484384	0.9533168158	1.304830494
0.6556525425	0.3443474575	0.9536292425	1.304018463
0.6566535235	0.3433464765	0.9539403854	1.303206945
0.6576545045	0.3423454955	0.9542502464	1.302395945
0.6586554855	0.3413445145	0.9545588275	1.301585463
0.6596564665	0.3403435335	0.9548661308	1.300775501
0.6606574474	0.3393425526	0.9551721582	1.299966062
0.6616584284	0.3383415716	0.9554769117	1.299157148
0.6626594094	0.3373405906	0.9557803935	1.298348761
0.6636603904	0.3363396096	0.9560826056	1.297540902
0.6646613714	0.3353386286	0.9563835499	1.296733574
0.6656623524	0.3343376476	0.9566832286	1.295926779
0.6666633333	0.3333366667	0.9569816437	1.295120517
0.6676643143	0.3323356857	0.9572787973	1.294314792
0.6686652953	0.3313347047	0.9575746915	1.293509606
0.6696662763	0.3303337237	0.9578693284	1.292704959
0.6706672573	0.3293327427	0.9581627101	1.291900854
0.6716682382	0.3283317618	0.9584548386	1.291097293
0.6726692192	0.3273307808	0.9587457162	1.290294277
0.6736702002	0.3263297998	0.9590353449	1.289491808
0.6746711812	0.3253288188	0.9593237268	1.288689888
0.6756721622	0.3243278378	0.9596108641	1.287888518
0.6766731431	0.3233268569	0.9598967589	1.287087701
0.6776741241	0.3223258759	0.9601814134	1.286287437
0.6786751051	0.3213248949	0.9604648297	1.285487729
0.6796760861	0.3203239139	0.96074701	1.284688578
0.6806770671	0.3193229329	0.9610279565	1.283889986
0.681678048	0.318321952	0.9613076713	1.283091954
0.682679029	0.317320971	0.9615861566	1.282294485
0.68368001	0.31631999	0.9618634145	1.281497578
0.684680991	0.315319009	0.9621394474	1.280701237
0.685681972	0.314318028	0.9624142573	1.279905462
0.686682953	0.313317047	0.9626878465	1.279110254
0.6876839339	0.3123160661	0.9629602171	1.278315617
0.6886849149	0.3113150851	0.9632313715	1.27752155
0.6896858959	0.3103141041	0.9635013117	1.276728056
0.6906868769	0.3093131231	0.9637700401	1.275935135
0.6916878579	0.3083121421	0.9640375588	1.275142789
0.6926888388	0.3073111612	0.9643038701	1.27435102
0.6936898198	0.3063101802	0.9645689763	1.273559829
0.6946908008	0.3053091992	0.9648328795	1.272769216
0.6956917818	0.3043082182	0.965095582	1.271979185
0.6966927628	0.3033072372	0.965357086	1.271189735
0.6976937437	0.3023062563	0.9656173938	1.270400868
0.6986947247	0.3013052753	0.9658765077	1.269612586
0.6996957057	0.3003042943	0.9661344299	1.268824889
0.7006966867	0.2993033133	0.9663911627	1.268037779
0.7016976677	0.2983023323	0.9666467084	1.267251257
0.7026986486	0.2973013514	0.9669010691	1.266465325
0.7036996296	0.2963003704	0.9671542473	1.265679983
0.7047006106	0.2952993894	0.9674062451	1.264895232
0.7057015916	0.2942984084	0.9676570649	1.264111075
0.7067025726	0.2932974274	0.9679067089	1.263327511
0.7077035536	0.2922964464	0.9681551794	1.262544542
0.7087045345	0.2912954655	0.9684024788	1.26176217
0.7097055155	0.2902944845	0.9686486093	1.260980395
0.7107064965	0.2892935035	0.9688935732	1.260199218
0.7117074775	0.2882925225	0.9691373728	1.25941864
0.7127084585	0.2872915415	0.9693800104	1.258638663
0.7137094394	0.2862905606	0.9696214883	1.257859288
0.7147104204	0.2852895796	0.9698618088	1.257080515
0.7157114014	0.2842885986	0.9701009743	1.256302345
0.7167123824	0.2832876176	0.970338987	1.25552478
0.7177133634	0.2822866366	0.9705758493	1.254747821
0.7187143443	0.2812856557	0.9708115634	1.253971467
0.7197153253	0.2802846747	0.9710461318	1.253195722
0.7207163063	0.2792836937	0.9712795566	1.252420584
0.7217172873	0.2782827127	0.9715118403	1.251646056
0.7227182683	0.2772817317	0.9717429851	1.250872137
0.7237192492	0.2762807508	0.9719729935	1.25009883
0.7247202302	0.2752797698	0.9722018676	1.249326134
0.7257212112	0.2742787888	0.9724296099	1.248554052
0.7267221922	0.2732778078	0.9726562226	1.247782582
0.7277231732	0.2722768268	0.9728817082	1.247011728
0.7287241542	0.2712758458	0.9731060688	1.246241488
0.7297251351	0.2702748649	0.973329307	1.245471864
0.7307261161	0.2692738839	0.973551425	1.244702857
0.7317270971	0.2682729029	0.9737724251	1.243934468
0.7327280781	0.2672719219	0.9739923096	1.243166697
0.7337290591	0.2662709409	0.974211081	1.242399545
0.73473004	0.26526996	0.9744287416	1.241633013
0.735731021	0.264268979	0.9746452936	1.240867102
0.736732002	0.263267998	0.9748607395	1.240101812
0.737732983	0.262267017	0.9750750816	1.239337143
0.738733964	0.261266036	0.9752883222	1.238573098
0.7397349449	0.2602650551	0.9755004636	1.237809676
0.7407359259	0.2592640741	0.9757115083	1.237046877
0.7417369069	0.2582630931	0.9759214586	1.236284704
0.7427378879	0.2572621121	0.9761303167	1.235523156
0.7437388689	0.2562611311	0.9763380851	1.234762234
0.7447398498	0.2552601502	0.976544766	1.234001938
0.7457408308	0.2542591692	0.9767503619	1.233242269
0.7467418118	0.2532581882	0.9769548751	1.232483229
0.7477427928	0.2522572072	0.9771583079	1.231724816
0.7487437738	0.2512562262	0.9773606627	1.230967033
0.7497447548	0.2502552452	0.9775619418	1.230209879
0.7507457357	0.2492542643	0.9777621476	1.229453355
0.7517467167	0.2482532833	0.9779612823	1.228697462
0.7527476977	0.2472523023	0.9781593485	1.2279422
0.7537486787	0.2462513213	0.9783563483	1.227187569
0.7547496597	0.2452503403	0.9785522842	1.226433571
0.7557506406	0.2442493594	0.9787471584	1.225680205
0.7567516216	0.2432483784	0.9789409734	1.224927472
0.7577526026	0.2422473974	0.9791337315	1.224175373
0.7587535836	0.2412464164	0.9793254349	1.223423908
0.7597545646	0.2402454354	0.9795160862	1.222673078
0.7607555455	0.2392444545	0.9797056875	1.221922882
0.7617565265	0.2382434735	0.9798942413	1.221173322
0.7627575075	0.2372424925	0.9800817499	1.220424398
0.7637584885	0.2362415115	0.9802682156	1.21967611
0.7647594695	0.2352405305	0.9804536407	1.218928459
0.7657604505	0.2342395495	0.9806380277	1.218181444
0.7667614314	0.2332385686	0.9808213788	1.217435068
0.7677624124	0.2322375876	0.9810036963	1.216689329
0.7687633934	0.2312366066	0.9811849827	1.215944228
0.7697643744	0.2302356256	0.9813652402	1.215199766
0.7707653554	0.2292346446	0.9815444712	1.214455942
0.7717663363	0.2282336637	0.9817226779	1.213712758
0.7727673173	0.2272326827	0.9818998628	1.212970214
0.7737682983	0.2262317017	0.9820760282	1.212228309
0.7747692793	0.2252307207	0.9822511764	1.211487044
0.7757702603	0.2242297397	0.9824253097	1.21074642
0.7767712412	0.2232287588	0.9825984304	1.210006437
0.7777722222	0.2222277778	0.9827705409	1.209267095
0.7787732032	0.2212267968	0.9829416435	1.208528394
0.7797741842	0.2202258158	0.9831117405	1.207790335
0.7807751652	0.2192248348	0.9832808342	1.207052918
0.7817761461	0.2182238539	0.9834489269	1.206316143
0.7827771271	0.2172228729	0.9836160211	1.20558001
0.7837781081	0.2162218919	0.9837821189	1.20484452
0.7847790891	0.2152209109	0.9839472227	1.204109673
0.7857800701	0.2142199299	0.9841113348	1.203375469
0.7867810511	0.2132189489	0.9842744575	1.202641908
0.787782032	0.212217968	0.9844365931	1.201908991
0.788783013	0.211216987	0.984597744	1.201176717
0.789783994	0.210216006	0.9847579124	1.200445087
0.790784975	0.209215025	0.9849171006	1.199714102
0.791785956	0.208214044	0.9850753109	1.19898376
0.7927869369	0.2072130631	0.9852325457	1.198254063
0.7937879179	0.2062120821	0.9853888072	1.19752501
0.7947888989	0.2052111011	0.9855440977	1.196796602
0.7957898799	0.2042101201	0.9856984195	1.196068839
0.7967908609	0.2032091391	0.985851775	1.195341721
0.7977918418	0.2022081582	0.9860041663	1.194615248
0.7987928228	0.2012071772	0.9861555958	1.19388942
0.7997938038	0.2002061962	0.9863060657	1.193164237
0.8007947848	0.1992052152	0.9864555784	1.1924397
0.8017957658	0.1982042342	0.9866041361	1.191715808
0.8027967467	0.1972032533	0.9867517412	1.190992562
0.8037977277	0.1962022723	0.9868983957	1.190269962
0.8047987087	0.1952012913	0.9870441022	1.189548007
0.8057996897	0.1942003103	0.9871888627	1.188826699
0.8068006707	0.1931993293	0.9873326796	1.188106036
0.8078016517	0.1921983483	0.9874755552	1.187386019
0.8088026326	0.1911973674	0.9876174917	1.186666648
0.8098036136	0.1901963864	0.9877584913	1.185947923
0.8108045946	0.1891954054	0.9878985564	1.185229844
0.8118055756	0.1881944244	0.9880376892	1.184512411
0.8128065566	0.1871934434	0.9881758919	1.183795624
0.8138075375	0.1861924625	0.9883131668	1.183079484
0.8148085185	0.1851914815	0.9884495161	1.182363989
0.8158094995	0.1841905005	0.9885849421	1.181649141
0.8168104805	0.1831895195	0.988719447	1.180934939
0.8178114615	0.1821885385	0.9888530331	1.180221383
0.8188124424	0.1811875576	0.9889857026	1.179508473
0.8198134234	0.1801865766	0.9891174577	1.17879621
0.8208144044	0.1791855956	0.9892483007	1.178084592
0.8218153854	0.1781846146	0.9893782337	1.17737362
0.8228163664	0.1771836336	0.9895072591	1.176663295
0.8238173473	0.1761826527	0.9896353791	1.175953615
0.8248183283	0.1751816717	0.9897625958	1.175244581
0.8258193093	0.1741806907	0.9898889115	1.174536194
0.8268202903	0.1731797097	0.9900143283	1.173828452
0.8278212713	0.1721787287	0.9901388486	1.173121355
0.8288222523	0.1711777477	0.9902624745	1.172414904
0.8298232332	0.1701767668	0.9903852083	1.171709099
0.8308242142	0.1691757858	0.990507052	1.17100394
0.8318251952	0.1681748048	0.990628008	1.170299425
0.8328261762	0.1671738238	0.9907480784	1.169595556
0.8338271572	0.1661728428	0.9908672655	1.168892333
0.8348281381	0.1651718619	0.9909855713	1.168189754
0.8358291191	0.1641708809	0.9911029982	1.16748782
0.8368301001	0.1631698999	0.9912195482	1.166786532
0.8378310811	0.1621689189	0.9913352236	1.166085887
0.8388320621	0.1611679379	0.9914500265	1.165385888
0.839833043	0.160166957	0.9915639592	1.164686533
0.840834024	0.159165976	0.9916770238	1.163987822
0.841835005	0.158164995	0.9917892224	1.163289756
0.842835986	0.157164014	0.9919005573	1.162592334
0.843836967	0.156163033	0.9920110305	1.161895555
0.8448379479	0.1551620521	0.9921206444	1.16119942
0.8458389289	0.1541610711	0.9922294009	1.160503929
0.8468399099	0.1531600901	0.9923373023	1.159809082
0.8478408909	0.1521591091	0.9924443507	1.159114877
0.8488418719	0.1511581281	0.9925505483	1.158421316
0.8498428529	0.1501571471	0.9926558972	1.157728397
0.8508438338	0.1491561662	0.9927603996	1.157036121
0.8518448148	0.1481551852	0.9928640575	1.156344488
0.8528457958	0.1471542042	0.9929668732	1.155653497
0.8538467768	0.1461532232	0.9930688487	1.154963148
0.8548477578	0.1451522422	0.9931699862	1.154273442
0.8558487387	0.1441512613	0.9932702878	1.153584376
0.8568497197	0.1431502803	0.9933697557	1.152895953
0.8578507007	0.1421492993	0.9934683918	1.15220817
0.8588516817	0.1411483183	0.9935661985	1.151521029
0.8598526627	0.1401473373	0.9936631777	1.150834529
0.8608536436	0.1391463564	0.9937593316	1.150148669
0.8618546246	0.1381453754	0.9938546623	1.14946345
0.8628556056	0.1371443944	0.9939491719	1.14877887
0.8638565866	0.1361434134	0.9940428625	1.148094931
0.8648575676	0.1351424324	0.9941357361	1.147411631
0.8658585485	0.1341414515	0.994227795	1.146728971
0.8668595295	0.1331404705	0.994319041	1.14604695
0.8678605105	0.1321394895	0.9944094765	1.145365568
0.8688614915	0.1311385085	0.9944991033	1.144684824
0.8698624725	0.1301375275	0.9945879236	1.144004719
0.8708634535	0.1291365465	0.9946759395	1.143325252
0.8718644344	0.1281355656	0.9947631531	1.142646423
0.8728654154	0.1271345846	0.9948495663	1.141968231
0.8738663964	0.1261336036	0.9949351814	1.141290677
0.8748673774	0.1251326226	0.9950200002	1.140613759
0.8758683584	0.1241316416	0.995104025	1.139937479
0.8768693393	0.1231306607	0.9951872576	1.139261834
0.8778703203	0.1221296797	0.9952697003	1.138586826
0.8788713013	0.1211286987	0.995351355	1.137912454
0.8798722823	0.1201277177	0.9954322238	1.137238717
0.8808732633	0.1191267367	0.9955123087	1.136565616
0.8818742442	0.1181257558	0.9955916117	1.135893149
0.8828752252	0.1171247748	0.9956701349	1.135221317
0.8838762062	0.1161237938	0.9957478803	1.13455012
0.8848771872	0.1151228128	0.99582485	1.133879556
0.8858781682	0.1141218318	0.9959010459	1.133209626
0.8868791491	0.1131208509	0.99597647	1.13254033
0.8878801301	0.1121198699	0.9960511245	1.131871666
0.8888811111	0.1111188889	0.9961250112	1.131203635
0.8898820921	0.1101179079	0.9961981322	1.130536236
0.8908830731	0.1091169269	0.9962704895	1.12986947
0.8918840541	0.1081159459	0.9963420851	1.129203335
0.892885035	0.107114965	0.996412921	1.128537831
0.893886016	0.106113984	0.9964829992	1.127872959
0.894886997	0.105113003	0.9965523216	1.127208717
0.895887978	0.104112022	0.9966208903	1.126545105
0.896888959	0.103111041	0.9966887072	1.125882123
0.8978899399	0.1021100601	0.9967557743	1.125219771
0.8988909209	0.1011090791	0.9968220936	1.124558048
0.8998919019	0.1001080981	0.9968876671	1.123896954
0.9008928829	0.09910711712	0.9969524966	1.123236488
0.9018938639	0.09810613614	0.9970165843	1.12257665
0.9028948448	0.09710515516	0.9970799319	1.12191744
0.9038958258	0.09610417417	0.9971425416	1.121258858
0.9048968068	0.09510319319	0.9972044152	1.120600902
0.9058977878	0.09410221221	0.9972655546	1.119943573
0.9068987688	0.09310123123	0.9973259619	1.119286871
0.9078997497	0.09210025025	0.997385639	1.118630794
0.9089007307	0.09109926927	0.9974445878	1.117975342
0.9099017117	0.09009828829	0.9975028102	1.117320516
0.9109026927	0.08909730731	0.9975603081	1.116666314
0.9119036737	0.08809632633	0.9976170836	1.116012737
0.9129046547	0.08709534535	0.9976731384	1.115359783
0.9139056356	0.08609436436	0.9977284746	1.114707453
0.9149066166	0.08509338338	0.997783094	1.114055746
0.9159075976	0.0840924024	0.9978369986	1.113404661
0.9169085786	0.08309142142	0.9978901902	1.112754199
0.9179095596	0.08209044044	0.9979426707	1.112104359
0.9189105405	0.08108945946	0.9979944421	1.11145514
0.9199115215	0.08008847848	0.9980455063	1.110806542
0.9209125025	0.0790874975	0.9980958651	1.110158564
0.9219134835	0.07808651652	0.9981455204	1.109511207
0.9229144645	0.07708553554	0.9981944742	1.10886447
0.9239154454	0.07608455455	0.9982427282	1.108218352
0.9249164264	0.07508357357	0.9982902844	1.107572852
0.9259174074	0.07408259259	0.9983371446	1.106927972
0.9269183884	0.07308161161	0.9983833107	1.106283709
0.9279193694	0.07208063063	0.9984287846	1.105640064
0.9289203504	0.07107964965	0.9984735681	1.104997036
0.9299213313	0.07007866867	0.9985176631	1.104354625
0.9309223123	0.06907768769	0.9985610714	1.10371283
0.9319232933	0.06807670671	0.998603795	1.103071651
0.9329242743	0.06707572573	0.9986458355	1.102431087
0.9339252553	0.06607474474	0.9986871949	1.101791138
0.9349262362	0.06507376376	0.9987278751	1.101151804
0.9359272172	0.06407278278	0.9987678778	1.100513084
0.9369281982	0.0630718018	0.9988072048	1.099874977
0.9379291792	0.06207082082	0.9988458581	1.099237484
0.9389301602	0.06106983984	0.9988838394	1.098600603
0.9399311411	0.06006885886	0.9989211505	1.097964335
0.9409321221	0.05906787788	0.9989577933	1.097328678
0.9419331031	0.0580668969	0.9989937696	1.096693633
0.9429340841	0.05706591592	0.9990290812	1.096059198
0.9439350651	0.05606493493	0.9990637298	1.095425374
0.944936046	0.05506395395	0.9990977173	1.09479216
0.945937027	0.05406297297	0.9991310455	1.094159556
0.946938008	0.05306199199	0.9991637162	1.09352756
0.947938989	0.05206101101	0.9991957312	1.092896173
0.94893997	0.05106003003	0.9992270922	1.092265394
0.949940951	0.05005904905	0.999257801	1.091635222
0.9509419319	0.04905806807	0.9992878594	1.091005658
0.9519429129	0.04805708709	0.9993172693	1.0903767
0.9529438939	0.04705610611	0.9993460322	1.089748349
0.9539448749	0.04605512513	0.9993741501	1.089120603
0.9549458559	0.04505414414	0.9994016247	1.088493462
0.9559468368	0.04405316316	0.9994284577	1.087866926
0.9569478178	0.04305218218	0.9994546509	1.087240994
0.9579487988	0.0420512012	0.999480206	1.086615666
0.9589497798	0.04105022022	0.9995051249	1.085990941
0.9599507608	0.04004923924	0.9995294092	1.085366819
0.9609517417	0.03904825826	0.9995530607	1.084743299
0.9619527227	0.03804727728	0.999576081	1.084120381
0.9629537037	0.0370462963	0.9995984721	1.083498064
0.9639546847	0.03604531532	0.9996202355	1.082876348
0.9649556657	0.03504433433	0.999641373	1.082255232
0.9659566466	0.03404335335	0.9996618863	1.081634716
0.9669576276	0.03304237237	0.9996817772	1.081014799
0.9679586086	0.03204139139	0.9997010473	1.080395481
0.9689595896	0.03104041041	0.9997196984	1.079776761
0.9699605706	0.03003942943	0.9997377322	1.079158639
0.9709615516	0.02903844845	0.9997551503	1.078541114
0.9719625325	0.02803746747	0.9997719545	1.077924186
0.9729635135	0.02703648649	0.9997881465	1.077307855
0.9739644945	0.02603550551	0.999803728	1.076692118
0.9749654755	0.02503452452	0.9998187006	1.076076978
0.9759664565	0.02403354354	0.999833066	1.075462432
0.9769674374	0.02303256256	0.9998468259	1.07484848
0.9779684184	0.02203158158	0.9998599821	1.074235121
0.9789693994	0.0210306006	0.999872536	1.073622356
0.9799703804	0.02002961962	0.9998844896	1.073010184
0.9809713614	0.01902863864	0.9998958443	1.072398604
0.9819723423	0.01802765766	0.9999066019	1.071787615
0.9829733233	0.01702667668	0.999916764	1.071177218
0.9839743043	0.0160256957	0.9999263323	1.070567411
0.9849752853	0.01502471471	0.9999353084	1.069958194
0.9859762663	0.01402373373	0.9999436939	1.069349566
0.9869772472	0.01302275275	0.9999514906	1.068741528
0.9879782282	0.01202177177	0.9999587	1.068134078
0.9889792092	0.01102079079	0.9999653239	1.067527216
0.9899801902	0.01001980981	0.9999713637	1.066920941
0.9909811712	0.009018828829	0.9999768212	1.066315254
0.9919821522	0.008017847848	0.999981698	1.065710153
0.9929831331	0.007016866867	0.9999859957	1.065105637
0.9939841141	0.006015885886	0.9999897159	1.064501707
0.9949850951	0.005014904905	0.9999928602	1.063898362
0.9959860761	0.004013923924	0.9999954302	1.063295601
0.9969870571	0.003012942943	0.9999974277	1.062693423
0.997988038	0.002011961962	0.999998854	1.062091829
0.998989019	0.001010980981	0.9999997109	1.061490817
0.99999	1e-05	1	1.060890388
