1e-05	0.99999	11166.83117	1.000000026
0.001010980981	0.998989019	6787.123954	1.000251944
0.002011961962	0.997988038	4244.436555	1.000960701
0.003012942943	0.9969870571	2725.594152	1.002075912
0.004013923924	0.9959860761	1793.957811	1.003552811
0.005014904905	0.9949850951	1208.212157	1.005351511
0.006015885886	0.9939841141	831.3511917	1.007436377
0.007016866867	0.9929831331	583.6077664	1.009775498
0.008017847848	0.9919821522	417.4331309	1.012340225
0.009018828829	0.9909811712	303.8510575	1.01510479
0.01001980981	0.9899801902	224.8338366	1.018045964
0.01102079079	0.9889792092	168.9450597	1.021142773
0.01202177177	0.9879782282	128.7957308	1.024376245
0.01302275275	0.9869772472	99.52891611	1.027729191
0.01402373373	0.9859762663	77.89980918	1.031186017
0.01502471471	0.9849752853	61.70717956	1.034732559
0.0160256957	0.9839743043	49.43599636	1.038355932
0.01702667668	0.9829733233	40.02916957	1.042044406
0.01802765766	0.9819723423	32.73953454	1.04578729
0.01902863864	0.9809713614	27.03248282	1.049574836
0.02002961962	0.9799703804	22.52103126	1.053398144
0.0210306006	0.9789693994	18.92195913	1.057249085
0.02203158158	0.9779684184	16.02581079	1.061120234
0.02303256256	0.9769674374	13.67613973	1.065004802
0.02403354354	0.9759664565	11.75498618	1.068896581
0.02503452452	0.9749654755	10.17260786	1.072789895
0.02603550551	0.9739644945	8.860144535	1.076679553
0.02703648649	0.9729635135	7.764327447	1.080560808
0.02803746747	0.9719625325	6.843628219	1.084429319
0.02903844845	0.9709615516	6.06543087	1.088281119
0.03003942943	0.9699605706	5.403937562	1.092112584
0.03104041041	0.9689595896	4.838605174	1.095920406
0.03204139139	0.9679586086	4.352969145	1.099701566
0.03304237237	0.9669576276	3.933752089	1.103453312
0.03404335335	0.9659566466	3.570183436	1.107173141
0.03504433433	0.9649556657	3.253476617	1.110858775
0.03604531532	0.9639546847	2.976424679	1.114508147
0.0370462963	0.9629537037	2.733085534	1.118119384
0.03804727728	0.9619527227	2.518535519	1.121690793
0.03904825826	0.9609517417	2.328675296	1.125220848
0.04004923924	0.9599507608	2.160076157	1.128708173
0.04105022022	0.9589497798	2.009857635	1.13215154
0.0420512012	0.9579487988	1.875589572	1.135549847
0.04305218218	0.9569478178	1.755213354	1.13890212
0.04405316316	0.9559468368	1.646978252	1.142207493
0.04505414414	0.9549458559	1.549389753	1.145465211
0.04605512513	0.9539448749	1.461167416	1.148674611
0.04705610611	0.9529438939	1.381210364	1.151835124
0.04805708709	0.9519429129	1.308568901	1.154946264
0.04905806807	0.9509419319	1.242421086	1.158007623
0.05005904905	0.949940951	1.182053308	1.161018866
0.05106003003	0.94893997	1.126844128	1.163979724
0.05206101101	0.947938989	1.076250792	1.166889991
0.05306199199	0.946938008	1.029797926	1.169749518
0.05406297297	0.945937027	0.9870680297	1.172558211
0.05506395395	0.944936046	0.9476934683	1.175316025
0.05606493493	0.9439350651	0.9113496847	1.17802296
0.05706591592	0.9429340841	0.8777494455	1.180679062
0.0580668969	0.9419331031	0.8466379407	1.183284413
0.05906787788	0.9409321221	0.8177886002	1.185839132
0.06006885886	0.9399311411	0.790999512	1.188343375
0.06106983984	0.9389301602	0.7660903479	1.190797326
0.06207082082	0.9379291792	0.742899717	1.193201198
0.0630718018	0.9369281982	0.7212828823	1.195555234
0.06407278278	0.9359272172	0.7011097847	1.197859698
0.06507376376	0.9349262362	0.6822633305	1.200114877
0.06607474474	0.9339252553	0.6646379021	1.202321082
0.06707572573	0.9329242743	0.6481380607	1.204478639
0.06807670671	0.9319232933	0.6326774139	1.206587895
0.06907768769	0.9309223123	0.6181776245	1.208649209
0.07007866867	0.9299213313	0.6045675416	1.21066296
0.07107964965	0.9289203504	0.5917824372	1.212629534
0.07208063063	0.9279193694	0.5797633336	1.214549335
0.07308161161	0.9269183884	0.5684564111	1.216422774
0.07408259259	0.9259174074	0.5578124833	1.218250274
0.07508357357	0.9249164264	0.5477865338	1.220032264
0.07608455455	0.9239154454	0.5383373041	1.221769186
0.07708553554	0.9229144645	0.5294269288	1.223461483
0.07808651652	0.9219134835	0.5210206092	1.225109609
0.0790874975	0.9209125025	0.513086324	1.226714021
0.08008847848	0.9199115215	0.5055945699	1.228275181
0.08108945946	0.9189105405	0.49851813	1.229793556
0.08209044044	0.9179095596	0.4918318664	1.231269615
0.08309142142	0.9169085786	0.4855125339	1.232703832
0.0840924024	0.9159075976	0.4795386126	1.23409668
0.08509338338	0.9149066166	0.473890158	1.235448638
0.08609436436	0.9139056356	0.4685486648	1.236760181
0.08709534535	0.9129046547	0.4634969452	1.23803179
0.08809632633	0.9119036737	0.4587190179	1.239263943
0.08909730731	0.9109026927	0.4542000085	1.24045712
0.09009828829	0.9099017117	0.4499260588	1.2416118
0.09109926927	0.9089007307	0.445884245	1.24272846
0.09210025025	0.9078997497	0.4420625028	1.243807577
0.09310123123	0.9068987688	0.4384495601	1.244849628
0.09410221221	0.9058977878	0.4350348749	1.245855087
0.09510319319	0.9048968068	0.4318085794	1.246824427
0.09610417417	0.9038958258	0.4287614288	1.247758116
0.09710515516	0.9028948448	0.4258847544	1.248656625
0.09810613614	0.9018938639	0.4231704208	1.249520418
0.09910711712	0.9008928829	0.4206107869	1.250349958
0.1001080981	0.8998919019	0.4181986699	1.251145706
0.1011090791	0.8988909209	0.4159273127	1.251908118
0.1021100601	0.8978899399	0.4137903532	1.252637648
0.103111041	0.896888959	0.4117817973	1.253334748
0.104112022	0.895887978	0.4098959929	1.253999864
0.105113003	0.894886997	0.4081276066	1.25463344
0.106113984	0.893886016	0.4064716019	1.255235916
0.107114965	0.892885035	0.4049232197	1.255807729
0.1081159459	0.8918840541	0.4034779595	1.256349311
0.1091169269	0.8908830731	0.4021315626	1.256861091
0.1101179079	0.8898820921	0.4008799964	1.257343494
0.1111188889	0.8888811111	0.3997194397	1.257796941
0.1121198699	0.8878801301	0.3986462696	1.258221848
0.1131208509	0.8868791491	0.3976570485	1.258618627
0.1141218318	0.8858781682	0.3967485131	1.258987688
0.1151228128	0.8848771872	0.3959175632	1.259329435
0.1161237938	0.8838762062	0.3951612522	1.259644267
0.1171247748	0.8828752252	0.3944767773	1.259932581
0.1181257558	0.8818742442	0.3938614712	1.260194768
0.1191267367	0.8808732633	0.3933127942	1.260431215
0.1201277177	0.8798722823	0.3928283264	1.260642306
0.1211286987	0.8788713013	0.392405761	1.260828419
0.1221296797	0.8778703203	0.3920428975	1.260989929
0.1231306607	0.8768693393	0.3917376361	1.261127205
0.1241316416	0.8758683584	0.3914879716	1.261240614
0.1251326226	0.8748673774	0.3912919882	1.261330517
0.1261336036	0.8738663964	0.3911478548	1.261397271
0.1271345846	0.8728654154	0.3910538201	1.26144123
0.1281355656	0.8718644344	0.3910082084	1.261462741
0.1291365465	0.8708634535	0.3910094153	1.26146215
0.1301375275	0.8698624725	0.3910559044	1.261439796
0.1311385085	0.8688614915	0.3911462032	1.261396017
0.1321394895	0.8678605105	0.3912789	1.261331142
0.1331404705	0.8668595295	0.3914526407	1.261245501
0.1341414515	0.8658585485	0.3916661258	1.261139417
0.1351424324	0.8648575676	0.3919181079	1.261013209
0.1361434134	0.8638565866	0.3922073885	1.260867193
0.1371443944	0.8628556056	0.3925328163	1.260701679
0.1381453754	0.8618546246	0.3928932841	1.260516976
0.1391463564	0.8608536436	0.3932877273	1.260313386
0.1401473373	0.8598526627	0.3937151213	1.260091209
0.1411483183	0.8588516817	0.3941744801	1.259850739
0.1421492993	0.8578507007	0.3946648538	1.25959227
0.1431502803	0.8568497197	0.3951853276	1.259316087
0.1441512613	0.8558487387	0.3957350196	1.259022475
0.1451522422	0.8548477578	0.3963130796	1.258711715
0.1461532232	0.8538467768	0.3969186875	1.258384081
0.1471542042	0.8528457958	0.3975510518	1.258039847
0.1481551852	0.8518448148	0.3982094087	1.257679282
0.1491561662	0.8508438338	0.3988930204	1.25730265
0.1501571471	0.8498428529	0.3996011744	1.256910214
0.1511581281	0.8488418719	0.4003331817	1.25650223
0.1521591091	0.8478408909	0.4010883768	1.256078955
0.1531600901	0.8468399099	0.4018661155	1.255640638
0.1541610711	0.8458389289	0.4026657751	1.255187528
0.1551620521	0.8448379479	0.4034867525	1.254719867
0.156163033	0.843836967	0.4043284642	1.254237898
0.157164014	0.842835986	0.4051903449	1.253741857
0.158164995	0.841835005	0.4060718471	1.253231979
0.159165976	0.840834024	0.40697244	1.252708494
0.160166957	0.839833043	0.4078916093	1.252171629
0.1611679379	0.8388320621	0.4088288561	1.25162161
0.1621689189	0.8378310811	0.4097836966	1.251058657
0.1631698999	0.8368301001	0.4107556613	1.250482989
0.1641708809	0.8358291191	0.4117442944	1.24989482
0.1651718619	0.8348281381	0.4127491534	1.249294363
0.1661728428	0.8338271572	0.4137698088	1.248681827
0.1671738238	0.8328261762	0.414805843	1.248057417
0.1681748048	0.8318251952	0.4158568503	1.247421337
0.1691757858	0.8308242142	0.4169224365	1.246773788
0.1701767668	0.8298232332	0.4180022182	1.246114965
0.1711777477	0.8288222523	0.4190958223	1.245445064
0.1721787287	0.8278212713	0.4202028863	1.244764278
0.1731797097	0.8268202903	0.4213230571	1.244072794
0.1741806907	0.8258193093	0.4224559912	1.243370799
0.1751816717	0.8248183283	0.4236013539	1.242658477
0.1761826527	0.8238173473	0.4247588196	1.241936008
0.1771836336	0.8228163664	0.4259280709	1.241203572
0.1781846146	0.8218153854	0.4271087986	1.240461344
0.1791855956	0.8208144044	0.4283007015	1.239709498
0.1801865766	0.8198134234	0.4295034857	1.238948203
0.1811875576	0.8188124424	0.430716865	1.23817763
0.1821885385	0.8178114615	0.43194056	1.237397943
0.1831895195	0.8168104805	0.4331742982	1.236609306
0.1841905005	0.8158094995	0.434417814	1.23581188
0.1851914815	0.8148085185	0.4356708477	1.235005824
0.1861924625	0.8138075375	0.4369331463	1.234191295
0.1871934434	0.8128065566	0.4382044626	1.233368446
0.1881944244	0.8118055756	0.4394845551	1.23253743
0.1891954054	0.8108045946	0.440773188	1.231698397
0.1901963864	0.8098036136	0.442070131	1.230851494
0.1911973674	0.8088026326	0.4433751592	1.229996867
0.1921983483	0.8078016517	0.4446880524	1.229134659
0.1931993293	0.8068006707	0.4460085958	1.228265011
0.1942003103	0.8057996897	0.4473365792	1.227388063
0.1952012913	0.8047987087	0.4486717971	1.226503951
0.1962022723	0.8037977277	0.4500140485	1.225612812
0.1972032533	0.8027967467	0.4513631368	1.224714777
0.1982042342	0.8017957658	0.4527188696	1.223809978
0.1992052152	0.8007947848	0.4540810588	1.222898545
0.2002061962	0.7997938038	0.4554495202	1.221980605
0.2012071772	0.7987928228	0.4568240736	1.221056283
0.2022081582	0.7977918418	0.4582045424	1.220125704
0.2032091391	0.7967908609	0.4595907539	1.219188989
0.2042101201	0.7957898799	0.4609825389	1.218246258
0.2052111011	0.7947888989	0.4623797316	1.21729763
0.2062120821	0.7937879179	0.4637821698	1.216343221
0.2072130631	0.7927869369	0.4651896943	1.215383146
0.208214044	0.791785956	0.4666021495	1.214417518
0.209215025	0.790784975	0.4680193827	1.213446449
0.210216006	0.789783994	0.469441244	1.212470049
0.211216987	0.788783013	0.4708675871	1.211488426
0.212217968	0.787782032	0.4722982679	1.210501687
0.2132189489	0.7867810511	0.4737331455	1.209509936
0.2142199299	0.7857800701	0.4751720818	1.208513278
0.2152209109	0.7847790891	0.4766149411	1.207511814
0.2162218919	0.7837781081	0.4780615905	1.206505646
0.2172228729	0.7827771271	0.4795118996	1.205494871
0.2182238539	0.7817761461	0.4809657404	1.204479588
0.2192248348	0.7807751652	0.4824229875	1.203459892
0.2202258158	0.7797741842	0.4838835176	1.20243588
0.2212267968	0.7787732032	0.4853472099	1.201407642
0.2222277778	0.7777722222	0.4868139458	1.200375273
0.2232287588	0.7767712412	0.4882836089	1.199338862
0.2242297397	0.7757702603	0.4897560849	1.198298498
0.2252307207	0.7747692793	0.4912312617	1.19725427
0.2262317017	0.7737682983	0.4927090291	1.196206264
0.2272326827	0.7727673173	0.494189279	1.195154566
0.2282336637	0.7717663363	0.4956719052	1.194099259
0.2292346446	0.7707653554	0.4971568035	1.193040426
0.2302356256	0.7697643744	0.4986438715	1.191978149
0.2312366066	0.7687633934	0.5001330085	1.190912508
0.2322375876	0.7677624124	0.5016241159	1.189843583
0.2332385686	0.7667614314	0.5031170966	1.188771452
0.2342395495	0.7657604505	0.5046118552	1.18769619
0.2352405305	0.7647594695	0.5061082982	1.186617875
0.2362415115	0.7637584885	0.5076063335	1.18553658
0.2372424925	0.7627575075	0.5091058708	1.18445238
0.2382434735	0.7617565265	0.5106068211	1.183365345
0.2392444545	0.7607555455	0.5121090972	1.182275549
0.2402454354	0.7597545646	0.5136126134	1.181183061
0.2412464164	0.7587535836	0.5151172853	1.18008795
0.2422473974	0.7577526026	0.51662303	1.178990284
0.2432483784	0.7567516216	0.5181297661	1.177890131
0.2442493594	0.7557506406	0.5196374136	1.176787556
0.2452503403	0.7547496597	0.5211458937	1.175682625
0.2462513213	0.7537486787	0.5226551292	1.174575402
0.2472523023	0.7527476977	0.5241650438	1.173465951
0.2482532833	0.7517467167	0.525675563	1.172354333
0.2492542643	0.7507457357	0.5271866132	1.171240609
0.2502552452	0.7497447548	0.528698122	1.170124841
0.2512562262	0.7487437738	0.5302100186	1.169007088
0.2522572072	0.7477427928	0.5317222329	1.167887408
0.2532581882	0.7467418118	0.5332346963	1.166765859
0.2542591692	0.7457408308	0.5347473412	1.165642498
0.2552601502	0.7447398498	0.5362601013	1.164517382
0.2562611311	0.7437388689	0.5377729111	1.163390564
0.2572621121	0.7427378879	0.5392857065	1.1622621
0.2582630931	0.7417369069	0.5407984242	1.161132044
0.2592640741	0.7407359259	0.5423110021	1.160000447
0.2602650551	0.7397349449	0.5438233792	1.158867362
0.261266036	0.738733964	0.5453354953	1.15773284
0.262267017	0.737732983	0.5468472913	1.156596931
0.263267998	0.736732002	0.5483587091	1.155459685
0.264268979	0.735731021	0.5498696915	1.154321152
0.26526996	0.73473004	0.5513801823	1.153181378
0.2662709409	0.7337290591	0.5528901261	1.152040411
0.2672719219	0.7327280781	0.5543994687	1.150898299
0.2682729029	0.7317270971	0.5559081564	1.149755087
0.2692738839	0.7307261161	0.5574161366	1.14861082
0.2702748649	0.7297251351	0.5589233576	1.147465543
0.2712758458	0.7287241542	0.5604297684	1.1463193
0.2722768268	0.7277231732	0.5619353191	1.145172134
0.2732778078	0.7267221922	0.5634399602	1.144024088
0.2742787888	0.7257212112	0.5649436434	1.142875204
0.2752797698	0.7247202302	0.566446321	1.141725523
0.2762807508	0.7237192492	0.5679479461	1.140575085
0.2772817317	0.7227182683	0.5694484727	1.139423932
0.2782827127	0.7217172873	0.5709478554	1.138272101
0.2792836937	0.7207163063	0.5724460495	1.137119633
0.2802846747	0.7197153253	0.5739430113	1.135966565
0.2812856557	0.7187143443	0.5754386975	1.134812935
0.2822866366	0.7177133634	0.5769330658	1.13365878
0.2832876176	0.7167123824	0.5784260743	1.132504137
0.2842885986	0.7157114014	0.5799176822	1.131349041
0.2852895796	0.7147104204	0.5814078489	1.130193529
0.2862905606	0.7137094394	0.5828965348	1.129037634
0.2872915415	0.7127084585	0.5843837009	1.127881391
0.2882925225	0.7117074775	0.5858693087	1.126724835
0.2892935035	0.7107064965	0.5873533205	1.125567998
0.2902944845	0.7097055155	0.5888356991	1.124410912
0.2912954655	0.7087045345	0.5903164081	1.123253612
0.2922964464	0.7077035536	0.5917954116	1.122096127
0.2932974274	0.7067025726	0.5932726742	1.120938489
0.2942984084	0.7057015916	0.5947481613	1.11978073
0.2952993894	0.7047006106	0.5962218386	1.118622879
0.2963003704	0.7036996296	0.5976936728	1.117464966
0.2973013514	0.7026986486	0.5991636307	1.116307021
0.2983023323	0.7016976677	0.6006316799	1.115149073
0.2993033133	0.7006966867	0.6020977886	1.113991149
0.3003042943	0.6996957057	0.6035619254	1.112833279
0.3013052753	0.6986947247	0.6050240596	1.111675488
0.3023062563	0.6976937437	0.6064841607	1.110517806
0.3033072372	0.6966927628	0.6079421992	1.109360258
0.3043082182	0.6956917818	0.6093981456	1.10820287
0.3053091992	0.6946908008	0.6108519714	1.10704567
0.3063101802	0.6936898198	0.6123036481	1.105888681
0.3073111612	0.6926888388	0.6137531481	1.104731929
0.3083121421	0.6916878579	0.6152004441	1.103575439
0.3093131231	0.6906868769	0.6166455092	1.102419235
0.3103141041	0.6896858959	0.6180883172	1.101263341
0.3113150851	0.6886849149	0.6195288422	1.10010778
0.3123160661	0.6876839339	0.6209670587	1.098952576
0.313317047	0.686682953	0.6224029417	1.097797751
0.314318028	0.685681972	0.6238364668	1.096643327
0.315319009	0.684680991	0.6252676099	1.095489328
0.31631999	0.68368001	0.6266963473	1.094335774
0.317320971	0.682679029	0.6281226557	1.093182686
0.318321952	0.681678048	0.6295465124	1.092030086
0.3193229329	0.6806770671	0.630967895	1.090877995
0.3203239139	0.6796760861	0.6323867814	1.089726433
0.3213248949	0.6786751051	0.6338031501	1.088575419
0.3223258759	0.6776741241	0.6352169799	1.087424973
0.3233268569	0.6766731431	0.63662825	1.086275115
0.3243278378	0.6756721622	0.63803694	1.085125864
0.3253288188	0.6746711812	0.6394430298	1.083977238
0.3263297998	0.6736702002	0.6408464997	1.082829256
0.3273307808	0.6726692192	0.6422473306	1.081681936
0.3283317618	0.6716682382	0.6436455034	1.080535296
0.3293327427	0.6706672573	0.6450409997	1.079389353
0.3303337237	0.6696662763	0.6464338011	1.078244125
0.3313347047	0.6686652953	0.6478238899	1.077099627
0.3323356857	0.6676643143	0.6492112485	1.075955878
0.3333366667	0.6666633333	0.6505958598	1.074812894
0.3343376476	0.6656623524	0.6519777069	1.07367069
0.3353386286	0.6646613714	0.6533567734	1.072529282
0.3363396096	0.6636603904	0.654733043	1.071388686
0.3373405906	0.6626594094	0.6561065	1.070248917
0.3383415716	0.6616584284	0.6574771287	1.069109991
0.3393425526	0.6606574474	0.6588449141	1.067971921
0.3403435335	0.6596564665	0.6602098411	1.066834723
0.3413445145	0.6586554855	0.6615718953	1.065698411
0.3423454955	0.6576545045	0.6629310623	1.064562999
0.3433464765	0.6566535235	0.6642873281	1.063428501
0.3443474575	0.6556525425	0.665640679	1.06229493
0.3453484384	0.6546515616	0.6669911017	1.061162299
0.3463494194	0.6536505806	0.6683385829	1.060030622
0.3473504004	0.6526495996	0.6696831099	1.058899912
0.3483513814	0.6516486186	0.6710246702	1.057770181
0.3493523624	0.6506476376	0.6723632514	1.056641441
0.3503533433	0.6496466567	0.6736988415	1.055513705
0.3513543243	0.6486456757	0.6750314289	1.054386985
0.3523553053	0.6476446947	0.6763610019	1.053261293
0.3533562863	0.6466437137	0.6776875495	1.05213664
0.3543572673	0.6456427327	0.6790110607	1.051013037
0.3553582482	0.6446417518	0.6803315248	1.049890496
0.3563592292	0.6436407708	0.6816489312	1.048769027
0.3573602102	0.6426397898	0.68296327	1.047648642
0.3583611912	0.6416388088	0.684274531	1.046529351
0.3593621722	0.6406378278	0.6855827046	1.045411164
0.3603631532	0.6396368468	0.6868877813	1.044294091
0.3613641341	0.6386358659	0.6881897519	1.043178143
0.3623651151	0.6376348849	0.6894886074	1.04206333
0.3633660961	0.6366339039	0.690784339	1.04094966
0.3643670771	0.6356329229	0.6920769382	1.039837143
0.3653680581	0.6346319419	0.6933663966	1.038725789
0.366369039	0.633630961	0.6946527062	1.037615607
0.36737002	0.63262998	0.695935859	1.036506605
0.368371001	0.631628999	0.6972158474	1.035398793
0.369371982	0.630628018	0.698492664	1.034292179
0.370372963	0.629627037	0.6997663015	1.033186771
0.3713739439	0.6286260561	0.7010367528	1.032082578
0.3723749249	0.6276250751	0.7023040112	1.030979608
0.3733759059	0.6266240941	0.7035680699	1.029877868
0.3743768869	0.6256231131	0.7048289226	1.028777367
0.3753778679	0.6246221321	0.706086563	1.027678112
0.3763788488	0.6236211512	0.7073409851	1.02658011
0.3773798298	0.6226201702	0.7085921831	1.02548337
0.3783808108	0.6216191892	0.7098401511	1.024387898
0.3793817918	0.6206182082	0.7110848838	1.0232937
0.3803827728	0.6196172272	0.712326376	1.022200785
0.3813837538	0.6186162462	0.7135646223	1.021109159
0.3823847347	0.6176152653	0.714799618	1.020018828
0.3833857157	0.6166142843	0.7160313583	1.018929799
0.3843866967	0.6156133033	0.7172598385	1.017842079
0.3853876777	0.6146123223	0.7184850543	1.016755673
0.3863886587	0.6136113413	0.7197070015	1.015670587
0.3873896396	0.6126103604	0.7209256758	1.014586828
0.3883906206	0.6116093794	0.7221410735	1.013504402
0.3893916016	0.6106083984	0.7233531908	1.012423313
0.3903925826	0.6096074174	0.7245620241	1.011343568
0.3913935636	0.6086064364	0.7257675699	1.010265172
0.3923945445	0.6076054555	0.726969825	1.009188131
0.3933955255	0.6066044745	0.7281687863	1.008112449
0.3943965065	0.6056034935	0.7293644508	1.007038132
0.3953974875	0.6046025125	0.7305568157	1.005965185
0.3963984685	0.6036015315	0.7317458783	1.004893612
0.3973994494	0.6026005506	0.7329316361	1.003823419
0.3984004304	0.6015995696	0.7341140868	1.002754609
0.3994014114	0.6005985886	0.735293228	1.001687188
0.4004023924	0.5995976076	0.7364690577	1.00062116
0.4014033734	0.5985966266	0.737641574	0.9995565298
0.4024043544	0.5975956456	0.7388107749	0.9984933007
0.4034053353	0.5965946647	0.739976659	0.9974314772
0.4044063163	0.5955936837	0.7411392245	0.9963710632
0.4054072973	0.5945927027	0.7422984701	0.9953120629
0.4064082783	0.5935917217	0.7434543944	0.9942544799
0.4074092593	0.5925907407	0.7446069964	0.9931983179
0.4084102402	0.5915897598	0.745756275	0.9921435806
0.4094112212	0.5905887788	0.7469022293	0.9910902716
0.4104122022	0.5895877978	0.7480448584	0.9900383942
0.4114131832	0.5885868168	0.7491841618	0.9889879517
0.4124141642	0.5875858358	0.7503201389	0.9879389476
0.4134151451	0.5865848549	0.7514527892	0.9868913848
0.4144161261	0.5855838739	0.7525821125	0.9858452665
0.4154171071	0.5845828929	0.7537081085	0.9848005956
0.4164180881	0.5835819119	0.7548307771	0.9837573752
0.4174190691	0.5825809309	0.7559501185	0.9827156078
0.4184200501	0.5815799499	0.7570661327	0.9816752964
0.419421031	0.580578969	0.7581788199	0.9806364436
0.420422012	0.579577988	0.7592881806	0.9795990519
0.421422993	0.578577007	0.7603942151	0.9785631238
0.422423974	0.577576026	0.7614969242	0.9775286618
0.423424955	0.576575045	0.7625963083	0.9764956681
0.4244259359	0.5755740641	0.7636923683	0.9754641451
0.4254269169	0.5745730831	0.764785105	0.9744340948
0.4264278979	0.5735721021	0.7658745194	0.9734055195
0.4274288789	0.5725711211	0.7669606126	0.9723784211
0.4284298599	0.5715701401	0.7680433858	0.9713528017
0.4294308408	0.5705691592	0.7691228401	0.9703286631
0.4304318218	0.5695681782	0.7701989769	0.9693060071
0.4314328028	0.5685671972	0.7712717977	0.9682848355
0.4324337838	0.5675662162	0.772341304	0.96726515
0.4334347648	0.5665652352	0.7734074974	0.9662469522
0.4344357457	0.5655642543	0.7744703796	0.9652302436
0.4354367267	0.5645632733	0.7755299524	0.9642150258
0.4364377077	0.5635622923	0.7765862177	0.9632013001
0.4374386887	0.5625613113	0.7776391774	0.962189068
0.4384396697	0.5615603303	0.7786888336	0.9611783307
0.4394406507	0.5605593493	0.7797351884	0.9601690894
0.4404416316	0.5595583684	0.780778244	0.9591613454
0.4414426126	0.5585573874	0.7818180026	0.9581550998
0.4424435936	0.5575564064	0.7828544668	0.9571503535
0.4434445746	0.5565554254	0.7838876388	0.9561471077
0.4444455556	0.5555544444	0.7849175212	0.9551453633
0.4454465365	0.5545534635	0.7859441167	0.9541451211
0.4464475175	0.5535524825	0.7869674277	0.9531463819
0.4474484985	0.5525515015	0.7879874572	0.9521491467
0.4484494795	0.5515505205	0.7890042079	0.951153416
0.4494504605	0.5505495395	0.7900176827	0.9501591905
0.4504514414	0.5495485586	0.7910278846	0.949166471
0.4514524224	0.5485475776	0.7920348164	0.9481752578
0.4524534034	0.5475465966	0.7930384815	0.9471855517
0.4534543844	0.5465456156	0.7940388828	0.9461973529
0.4544553654	0.5455446346	0.7950360236	0.9452106621
0.4554563463	0.5445436537	0.7960299072	0.9442254794
0.4564573273	0.5435426727	0.7970205369	0.9432418052
0.4574583083	0.5425416917	0.7980079162	0.9422596399
0.4584592893	0.5415407107	0.7989920484	0.9412789836
0.4594602703	0.5405397297	0.7999729372	0.9402998365
0.4604612513	0.5395387487	0.8009505861	0.9393221988
0.4614622322	0.5385377678	0.8019249988	0.9383460705
0.4624632132	0.5375367868	0.8028961789	0.9373714517
0.4634641942	0.5365358058	0.8038641303	0.9363983424
0.4644651752	0.5355348248	0.8048288567	0.9354267426
0.4654661562	0.5345338438	0.8057903621	0.9344566522
0.4664671371	0.5335328629	0.8067486503	0.9334880711
0.4674681181	0.5325318819	0.8077037253	0.9325209991
0.4684690991	0.5315309009	0.8086555912	0.931555436
0.4694700801	0.5305299199	0.809604252	0.9305913816
0.4704710611	0.5295289389	0.8105497119	0.9296288356
0.471472042	0.528527958	0.8114919751	0.9286677977
0.472473023	0.527526977	0.8124310458	0.9277082676
0.473474004	0.526525996	0.8133669282	0.9267502447
0.474474985	0.525525015	0.8142996268	0.9257937289
0.475475966	0.524524034	0.8152291458	0.9248387194
0.4764769469	0.5235230531	0.8161554898	0.923885216
0.4774779279	0.5225220721	0.8170786631	0.922933218
0.4784789089	0.5215210911	0.8179986704	0.9219827249
0.4794798899	0.5205201101	0.8189155161	0.921033736
0.4804808709	0.5195191291	0.8198292048	0.9200862508
0.4814818519	0.5185181481	0.8207397413	0.9191402686
0.4824828328	0.5175171672	0.8216471301	0.9181957886
0.4834838138	0.5165161862	0.822551376	0.9172528102
0.4844847948	0.5155152052	0.8234524838	0.9163113326
0.4854857758	0.5145142242	0.8243504582	0.915371355
0.4864867568	0.5135132432	0.8252453042	0.9144328767
0.4874877377	0.5125122623	0.8261370266	0.9134958966
0.4884887187	0.5115112813	0.8270256302	0.912560414
0.4894896997	0.5105103003	0.8279111202	0.911626428
0.4904906807	0.5095093193	0.8287935014	0.9106939376
0.4914916617	0.5085083383	0.8296727789	0.9097629418
0.4924926426	0.5075073574	0.8305489578	0.9088334397
0.4934936236	0.5065063764	0.8314220431	0.9079054303
0.4944946046	0.5055053954	0.8322920399	0.9069789124
0.4954955856	0.5045044144	0.8331589536	0.9060538851
0.4964965666	0.5035034334	0.8340227891	0.9051303472
0.4974975475	0.5025024525	0.8348835519	0.9042082977
0.4984985285	0.5015014715	0.835741247	0.9032877353
0.4994995095	0.5005004905	0.8365958799	0.9023686589
0.5005004905	0.4994995095	0.8374474557	0.9014510674
0.5015014715	0.4984985285	0.83829598	0.9005349594
0.5025024525	0.4974975475	0.839141458	0.8996203338
0.5035034334	0.4964965666	0.8399838952	0.8987071892
0.5045044144	0.4954955856	0.840823297	0.8977955244
0.5055053954	0.4944946046	0.8416596688	0.8968853382
0.5065063764	0.4934936236	0.8424930162	0.8959766291
0.5075073574	0.4924926426	0.8433233446	0.8950693958
0.5085083383	0.4914916617	0.8441506597	0.8941636369
0.5095093193	0.4904906807	0.8449749668	0.8932593511
0.5105103003	0.4894896997	0.8457962718	0.8923565369
0.5115112813	0.4884887187	0.84661458	0.8914551929
0.5125122623	0.4874877377	0.8474298973	0.8905553176
0.5135132432	0.4864867568	0.8482422292	0.8896569096
0.5145142242	0.4854857758	0.8490515815	0.8887599674
0.5155152052	0.4844847948	0.8498579598	0.8878644894
0.5165161862	0.4834838138	0.8506613698	0.8869704741
0.5175171672	0.4824828328	0.8514618174	0.8860779201
0.5185181481	0.4814818519	0.8522593082	0.8851868257
0.5195191291	0.4804808709	0.8530538481	0.8842971893
0.5205201101	0.4794798899	0.8538454429	0.8834090093
0.5215210911	0.4784789089	0.8546340983	0.8825222842
0.5225220721	0.4774779279	0.8554198203	0.8816370123
0.5235230531	0.4764769469	0.8562026147	0.8807531919
0.524524034	0.475475966	0.8569824874	0.8798708214
0.525525015	0.474474985	0.8577594442	0.8789898991
0.526525996	0.473474004	0.8585334912	0.8781104233
0.527526977	0.472473023	0.8593046341	0.8772323922
0.528527958	0.471472042	0.8600728791	0.8763558043
0.5295289389	0.4704710611	0.8608382319	0.8754806577
0.5305299199	0.4694700801	0.8616006987	0.8746069506
0.5315309009	0.4684690991	0.8623602855	0.8737346814
0.5325318819	0.4674681181	0.8631169981	0.8728638482
0.5335328629	0.4664671371	0.8638708427	0.8719944492
0.5345338438	0.4654661562	0.8646218252	0.8711264826
0.5355348248	0.4644651752	0.8653699518	0.8702599466
0.5365358058	0.4634641942	0.8661152285	0.8693948394
0.5375367868	0.4624632132	0.8668576614	0.8685311591
0.5385377678	0.4614622322	0.8675972565	0.8676689038
0.5395387487	0.4604612513	0.86833402	0.8668080718
0.5405397297	0.4594602703	0.869067958	0.865948661
0.5415407107	0.4584592893	0.8697990765	0.8650906696
0.5425416917	0.4574583083	0.8705273818	0.8642340958
0.5435426727	0.4564573273	0.87125288	0.8633789375
0.5445436537	0.4554563463	0.8719755772	0.8625251929
0.5455446346	0.4544553654	0.8726954796	0.86167286
0.5465456156	0.4534543844	0.8734125933	0.8608219368
0.5475465966	0.4524534034	0.8741269247	0.8599724215
0.5485475776	0.4514524224	0.8748384798	0.859124312
0.5495485586	0.4504514414	0.8755472648	0.8582776063
0.5505495395	0.4494504605	0.876253286	0.8574323026
0.5515505205	0.4484494795	0.8769565496	0.8565883987
0.5525515015	0.4474484985	0.8776570617	0.8557458926
0.5535524825	0.4464475175	0.8783548288	0.8549047824
0.5545534635	0.4454465365	0.8790498568	0.8540650661
0.5555544444	0.4444455556	0.8797421523	0.8532267415
0.5565554254	0.4434445746	0.8804317213	0.8523898066
0.5575564064	0.4424435936	0.8811185701	0.8515542595
0.5585573874	0.4414426126	0.881802705	0.850720098
0.5595583684	0.4404416316	0.8824841323	0.84988732
0.5605593493	0.4394406507	0.8831628583	0.8490559236
0.5615603303	0.4384396697	0.8838388892	0.8482259065
0.5625613113	0.4374386887	0.8845122313	0.8473972668
0.5635622923	0.4364377077	0.8851828909	0.8465700023
0.5645632733	0.4354367267	0.8858508743	0.8457441109
0.5655642543	0.4344357457	0.8865161878	0.8449195906
0.5665652352	0.4334347648	0.8871788377	0.8440964391
0.5675662162	0.4324337838	0.8878388303	0.8432746544
0.5685671972	0.4314328028	0.888496172	0.8424542343
0.5695681782	0.4304318218	0.8891508689	0.8416351767
0.5705691592	0.4294308408	0.8898029275	0.8408174795
0.5715701401	0.4284298599	0.8904523541	0.8400011405
0.5725711211	0.4274288789	0.8910991549	0.8391861576
0.5735721021	0.4264278979	0.8917433364	0.8383725285
0.5745730831	0.4254269169	0.8923849048	0.8375602512
0.5755740641	0.4244259359	0.8930238664	0.8367493235
0.576575045	0.423424955	0.8936602276	0.8359397431
0.577576026	0.422423974	0.8942939947	0.8351315079
0.578577007	0.421422993	0.8949251741	0.8343246157
0.579577988	0.420422012	0.895553772	0.8335190644
0.580578969	0.419421031	0.8961797948	0.8327148517
0.5815799499	0.4184200501	0.8968032488	0.8319119754
0.5825809309	0.4174190691	0.8974241403	0.8311104334
0.5835819119	0.4164180881	0.8980424758	0.8303102233
0.5845828929	0.4154171071	0.8986582614	0.8295113431
0.5855838739	0.4144161261	0.8992715036	0.8287137904
0.5865848549	0.4134151451	0.8998822087	0.8279175632
0.5875858358	0.4124141642	0.900490383	0.827122659
0.5885868168	0.4114131832	0.9010960327	0.8263290758
0.5895877978	0.4104122022	0.9016991644	0.8255368112
0.5905887788	0.4094112212	0.9022997841	0.8247458631
0.5915897598	0.4084102402	0.9028978984	0.8239562293
0.5925907407	0.4074092593	0.9034935135	0.8231679073
0.5935917217	0.4064082783	0.9040866357	0.8223808951
0.5945927027	0.4054072973	0.9046772713	0.8215951904
0.5955936837	0.4044063163	0.9052654267	0.8208107909
0.5965946647	0.4034053353	0.9058511082	0.8200276944
0.5975956456	0.4024043544	0.906434322	0.8192458986
0.5985966266	0.4014033734	0.9070150745	0.8184654012
0.5995976076	0.4004023924	0.907593372	0.8176862001
0.6005985886	0.3994014114	0.9081692207	0.8169082929
0.6015995696	0.3984004304	0.9087426271	0.8161316774
0.6026005506	0.3973994494	0.9093135972	0.8153563512
0.6036015315	0.3963984685	0.9098821375	0.8145823122
0.6046025125	0.3953974875	0.9104482543	0.8138095581
0.6056034935	0.3943965065	0.9110119537	0.8130380866
0.6066044745	0.3933955255	0.9115732422	0.8122678954
0.6076054555	0.3923945445	0.9121321259	0.8114989822
0.6086064364	0.3913935636	0.9126886111	0.8107313448
0.6096074174	0.3903925826	0.913242704	0.8099649809
0.6106083984	0.3893916016	0.9137944111	0.8091998882
0.6116093794	0.3883906206	0.9143437384	0.8084360644
0.6126103604	0.3873896396	0.9148906922	0.8076735072
0.6136113413	0.3863886587	0.9154352789	0.8069122144
0.6146123223	0.3853876777	0.9159775045	0.8061521837
0.6156133033	0.3843866967	0.9165173754	0.8053934128
0.6166142843	0.3833857157	0.9170548977	0.8046358994
0.6176152653	0.3823847347	0.9175900778	0.8038796412
0.6186162462	0.3813837538	0.9181229218	0.8031246359
0.6196172272	0.3803827728	0.9186534358	0.8023708813
0.6206182082	0.3793817918	0.9191816262	0.801618375
0.6216191892	0.3783808108	0.9197074991	0.8008671148
0.6226201702	0.3773798298	0.9202310607	0.8001170983
0.6236211512	0.3763788488	0.9207523171	0.7993683233
0.6246221321	0.3753778679	0.9212712747	0.7986207876
0.6256231131	0.3743768869	0.9217879394	0.7978744887
0.6266240941	0.3733759059	0.9223023176	0.7971294244
0.6276250751	0.3723749249	0.9228144153	0.7963855924
0.6286260561	0.3713739439	0.9233242387	0.7956429905
0.629627037	0.370372963	0.9238317939	0.7949016163
0.630628018	0.369371982	0.9243370871	0.7941614676
0.631628999	0.368371001	0.9248401244	0.793422542
0.63262998	0.36737002	0.9253409119	0.7926848373
0.633630961	0.366369039	0.9258394558	0.7919483512
0.6346319419	0.3653680581	0.9263357621	0.7912130813
0.6356329229	0.3643670771	0.9268298369	0.7904790255
0.6366339039	0.3633660961	0.9273216864	0.7897461814
0.6376348849	0.3623651151	0.9278113165	0.7890145467
0.6386358659	0.3613641341	0.9282987335	0.7882841192
0.6396368468	0.3603631532	0.9287839432	0.7875548965
0.6406378278	0.3593621722	0.9292669519	0.7868268763
0.6416388088	0.3583611912	0.9297477656	0.7861000565
0.6426397898	0.3573602102	0.9302263902	0.7853744347
0.6436407708	0.3563592292	0.9307028319	0.7846500086
0.6446417518	0.3553582482	0.9311770966	0.7839267759
0.6456427327	0.3543572673	0.9316491904	0.7832047344
0.6466437137	0.3533562863	0.9321191192	0.7824838818
0.6476446947	0.3523553053	0.9325868891	0.7817642158
0.6486456757	0.3513543243	0.9330525061	0.7810457342
0.6496466567	0.3503533433	0.9335159761	0.7803284346
0.6506476376	0.3493523624	0.9339773052	0.7796123147
0.6516486186	0.3483513814	0.9344364992	0.7788973724
0.6526495996	0.3473504004	0.9348935641	0.7781836053
0.6536505806	0.3463494194	0.9353485059	0.7774710112
0.6546515616	0.3453484384	0.9358013305	0.7767595878
0.6556525425	0.3443474575	0.9362520439	0.7760493328
0.6566535235	0.3433464765	0.9367006519	0.775340244
0.6576545045	0.3423454955	0.9371471604	0.7746323191
0.6586554855	0.3413445145	0.9375915754	0.7739255559
0.6596564665	0.3403435335	0.9380339027	0.7732199521
0.6606574474	0.3393425526	0.9384741483	0.7725155053
0.6616584284	0.3383415716	0.9389123179	0.7718122135
0.6626594094	0.3373405906	0.9393484175	0.7711100743
0.6636603904	0.3363396096	0.9397824529	0.7704090854
0.6646613714	0.3353386286	0.9402144299	0.7697092447
0.6656623524	0.3343376476	0.9406443544	0.7690105498
0.6666633333	0.3333366667	0.9410722321	0.7683129986
0.6676643143	0.3323356857	0.9414980689	0.7676165887
0.6686652953	0.3313347047	0.9419218707	0.766921318
0.6696662763	0.3303337237	0.9423436431	0.7662271842
0.6706672573	0.3293327427	0.9427633919	0.7655341851
0.6716682382	0.3283317618	0.943181123	0.7648423183
0.6726692192	0.3273307808	0.943596842	0.7641515818
0.6736702002	0.3263297998	0.9440105548	0.7634619733
0.6746711812	0.3253288188	0.944422267	0.7627734904
0.6756721622	0.3243278378	0.9448319845	0.7620861311
0.6766731431	0.3233268569	0.9452397128	0.7613998931
0.6776741241	0.3223258759	0.9456454577	0.7607147742
0.6786751051	0.3213248949	0.946049225	0.760030772
0.6796760861	0.3203239139	0.9464510202	0.7593478846
0.6806770671	0.3193229329	0.9468508491	0.7586661095
0.681678048	0.318321952	0.9472487174	0.7579854446
0.682679029	0.317320971	0.9476446306	0.7573058878
0.68368001	0.31631999	0.9480385944	0.7566274367
0.684680991	0.315319009	0.9484306145	0.7559500892
0.685681972	0.314318028	0.9488206964	0.7552738432
0.686682953	0.313317047	0.9492088458	0.7545986963
0.6876839339	0.3123160661	0.9495950683	0.7539246464
0.6886849149	0.3113150851	0.9499793695	0.7532516912
0.6896858959	0.3103141041	0.9503617549	0.7525798288
0.6906868769	0.3093131231	0.9507422301	0.7519090567
0.6916878579	0.3083121421	0.9511208007	0.7512393729
0.6926888388	0.3073111612	0.9514974721	0.7505707751
0.6936898198	0.3063101802	0.95187225	0.7499032612
0.6946908008	0.3053091992	0.9522451399	0.749236829
0.6956917818	0.3043082182	0.9526161472	0.7485714764
0.6966927628	0.3033072372	0.9529852774	0.7479072011
0.6976937437	0.3023062563	0.9533525361	0.747244001
0.6986947247	0.3013052753	0.9537179287	0.746581874
0.6996957057	0.3003042943	0.9540814607	0.7459208178
0.7006966867	0.2993033133	0.9544431375	0.7452608303
0.7016976677	0.2983023323	0.9548029646	0.7446019094
0.7026986486	0.2973013514	0.9551609475	0.7439440529
0.7036996296	0.2963003704	0.9555170914	0.7432872587
0.7047006106	0.2952993894	0.9558714019	0.7426315246
0.7057015916	0.2942984084	0.9562238842	0.7419768484
0.7067025726	0.2932974274	0.9565745439	0.7413232281
0.7077035536	0.2922964464	0.9569233863	0.7406706615
0.7087045345	0.2912954655	0.9572704167	0.7400191464
0.7097055155	0.2902944845	0.9576156405	0.7393686808
0.7107064965	0.2892935035	0.9579590631	0.7387192624
0.7117074775	0.2882925225	0.9583006897	0.7380708893
0.7127084585	0.2872915415	0.9586405256	0.7374235592
0.7137094394	0.2862905606	0.9589785763	0.7367772701
0.7147104204	0.2852895796	0.9593148469	0.7361320198
0.7157114014	0.2842885986	0.9596493427	0.7354878063
0.7167123824	0.2832876176	0.9599820691	0.7348446273
0.7177133634	0.2822866366	0.9603130312	0.7342024809
0.7187143443	0.2812856557	0.9606422343	0.7335613649
0.7197153253	0.2802846747	0.9609696837	0.7329212772
0.7207163063	0.2792836937	0.9612953845	0.7322822157
0.7217172873	0.2782827127	0.9616193421	0.7316441783
0.7227182683	0.2772817317	0.9619415614	0.731007163
0.7237192492	0.2762807508	0.9622620479	0.7303711677
0.7247202302	0.2752797698	0.9625808066	0.7297361902
0.7257212112	0.2742787888	0.9628978426	0.7291022286
0.7267221922	0.2732778078	0.9632131613	0.7284692807
0.7277231732	0.2722768268	0.9635267676	0.7278373445
0.7287241542	0.2712758458	0.9638386667	0.7272064178
0.7297251351	0.2702748649	0.9641488637	0.7265764987
0.7307261161	0.2692738839	0.9644573638	0.7259475851
0.7317270971	0.2682729029	0.964764172	0.7253196749
0.7327280781	0.2672719219	0.9650692934	0.724692766
0.7337290591	0.2662709409	0.965372733	0.7240668565
0.73473004	0.26526996	0.965674496	0.7234419443
0.735731021	0.264268979	0.9659745873	0.7228180273
0.736732002	0.263267998	0.9662730121	0.7221951035
0.737732983	0.262267017	0.9665697752	0.7215731708
0.738733964	0.261266036	0.9668648818	0.7209522273
0.7397349449	0.2602650551	0.9671583368	0.7203322709
0.7407359259	0.2592640741	0.9674501453	0.7197132996
0.7417369069	0.2582630931	0.9677403121	0.7190953114
0.7427378879	0.2572621121	0.9680288422	0.7184783042
0.7437388689	0.2562611311	0.9683157407	0.717862276
0.7447398498	0.2552601502	0.9686010123	0.7172472249
0.7457408308	0.2542591692	0.9688846622	0.7166331487
0.7467418118	0.2532581882	0.969166695	0.7160200456
0.7477427928	0.2522572072	0.9694471159	0.7154079135
0.7487437738	0.2512562262	0.9697259296	0.7147967505
0.7497447548	0.2502552452	0.9700031411	0.7141865545
0.7507457357	0.2492542643	0.9702787551	0.7135773235
0.7517467167	0.2482532833	0.9705527766	0.7129690556
0.7527476977	0.2472523023	0.9708252104	0.7123617488
0.7537486787	0.2462513213	0.9710960614	0.711755401
0.7547496597	0.2452503403	0.9713653342	0.7111500105
0.7557506406	0.2442493594	0.9716330338	0.710545575
0.7567516216	0.2432483784	0.971899165	0.7099420928
0.7577526026	0.2422473974	0.9721637325	0.7093395619
0.7587535836	0.2412464164	0.9724267411	0.7087379802
0.7597545646	0.2402454354	0.9726881956	0.7081373458
0.7607555455	0.2392444545	0.9729481006	0.7075376569
0.7617565265	0.2382434735	0.973206461	0.7069389113
0.7627575075	0.2372424925	0.9734632815	0.7063411073
0.7637584885	0.2362415115	0.9737185667	0.7057442428
0.7647594695	0.2352405305	0.9739723214	0.705148316
0.7657604505	0.2342395495	0.9742245503	0.7045533248
0.7667614314	0.2332385686	0.974475258	0.7039592673
0.7677624124	0.2322375876	0.9747244492	0.7033661418
0.7687633934	0.2312366066	0.9749721285	0.7027739461
0.7697643744	0.2302356256	0.9752183007	0.7021826784
0.7707653554	0.2292346446	0.9754629702	0.7015923368
0.7717663363	0.2282336637	0.9757061418	0.7010029194
0.7727673173	0.2272326827	0.9759478201	0.7004144243
0.7737682983	0.2262317017	0.9761880096	0.6998268495
0.7747692793	0.2252307207	0.9764267149	0.6992401932
0.7757702603	0.2242297397	0.9766639406	0.6986544535
0.7767712412	0.2232287588	0.9768996912	0.6980696285
0.7777722222	0.2222277778	0.9771339713	0.6974857163
0.7787732032	0.2212267968	0.9773667855	0.696902715
0.7797741842	0.2202258158	0.9775981382	0.6963206228
0.7807751652	0.2192248348	0.9778280339	0.6957394377
0.7817761461	0.2182238539	0.9780564772	0.6951591579
0.7827771271	0.2172228729	0.9782834726	0.6945797815
0.7837781081	0.2162218919	0.9785090245	0.6940013068
0.7847790891	0.2152209109	0.9787331374	0.6934237317
0.7857800701	0.2142199299	0.9789558157	0.6928470545
0.7867810511	0.2132189489	0.9791770639	0.6922712732
0.787782032	0.212217968	0.9793968864	0.6916963861
0.788783013	0.211216987	0.9796152876	0.6911223914
0.789783994	0.210216006	0.9798322719	0.6905492871
0.790784975	0.209215025	0.9800478438	0.6899770714
0.791785956	0.208214044	0.9802620076	0.6894057425
0.7927869369	0.2072130631	0.9804747677	0.6888352986
0.7937879179	0.2062120821	0.9806861284	0.6882657378
0.7947888989	0.2052111011	0.9808960941	0.6876970584
0.7957898799	0.2042101201	0.9811046692	0.6871292584
0.7967908609	0.2032091391	0.9813118578	0.6865623361
0.7977918418	0.2022081582	0.9815176645	0.6859962897
0.7987928228	0.2012071772	0.9817220934	0.6854311174
0.7997938038	0.2002061962	0.9819251489	0.6848668173
0.8007947848	0.1992052152	0.9821268352	0.6843033877
0.8017957658	0.1982042342	0.9823271566	0.6837408268
0.8027967467	0.1972032533	0.9825261174	0.6831791328
0.8037977277	0.1962022723	0.9827237217	0.6826183038
0.8047987087	0.1952012913	0.982919974	0.6820583382
0.8057996897	0.1942003103	0.9831148782	0.6814992341
0.8068006707	0.1931993293	0.9833084388	0.6809409897
0.8078016517	0.1921983483	0.9835006598	0.6803836033
0.8088026326	0.1911973674	0.9836915455	0.6798270732
0.8098036136	0.1901963864	0.9838811	0.6792713974
0.8108045946	0.1891954054	0.9840693275	0.6787165744
0.8118055756	0.1881944244	0.9842562322	0.6781626023
0.8128065566	0.1871934434	0.9844418181	0.6776094793
0.8138075375	0.1861924625	0.9846260895	0.6770572038
0.8148085185	0.1851914815	0.9848090505	0.6765057739
0.8158094995	0.1841905005	0.9849907051	0.675955188
0.8168104805	0.1831895195	0.9851710574	0.6754054443
0.8178114615	0.1821885385	0.9853501116	0.674856541
0.8188124424	0.1811875576	0.9855278717	0.6743084765
0.8198134234	0.1801865766	0.9857043418	0.6737612489
0.8208144044	0.1791855956	0.985879526	0.6732148567
0.8218153854	0.1781846146	0.9860534282	0.672669298
0.8228163664	0.1771836336	0.9862260525	0.6721245711
0.8238173473	0.1761826527	0.986397403	0.6715806744
0.8248183283	0.1751816717	0.9865674836	0.671037606
0.8258193093	0.1741806907	0.9867362983	0.6704953644
0.8268202903	0.1731797097	0.9869038511	0.6699539478
0.8278212713	0.1721787287	0.9870701461	0.6694133546
0.8288222523	0.1711777477	0.9872351871	0.6688735829
0.8298232332	0.1701767668	0.9873989781	0.6683346312
0.8308242142	0.1691757858	0.9875615231	0.6677964977
0.8318251952	0.1681748048	0.9877228259	0.6672591807
0.8328261762	0.1671738238	0.9878828906	0.6667226787
0.8338271572	0.1661728428	0.988041721	0.6661869898
0.8348281381	0.1651718619	0.988199321	0.6656521125
0.8358291191	0.1641708809	0.9883556945	0.6651180451
0.8368301001	0.1631698999	0.9885108454	0.6645847858
0.8378310811	0.1621689189	0.9886647776	0.6640523331
0.8388320621	0.1611679379	0.9888174949	0.6635206853
0.839833043	0.160166957	0.9889690011	0.6629898407
0.840834024	0.159165976	0.9891193001	0.6624597977
0.841835005	0.158164995	0.9892683957	0.6619305546
0.842835986	0.157164014	0.9894162918	0.6614021098
0.843836967	0.156163033	0.989562992	0.6608744616
0.8448379479	0.1551620521	0.9897085003	0.6603476085
0.8458389289	0.1541610711	0.9898528204	0.6598215488
0.8468399099	0.1531600901	0.9899959561	0.6592962808
0.8478408909	0.1521591091	0.990137911	0.6587718029
0.8488418719	0.1511581281	0.9902786891	0.6582481136
0.8498428529	0.1501571471	0.9904182939	0.6577252112
0.8508438338	0.1491561662	0.9905567293	0.657203094
0.8518448148	0.1481551852	0.990693999	0.6566817605
0.8528457958	0.1471542042	0.9908301066	0.6561612091
0.8538467768	0.1461532232	0.9909650559	0.6556414381
0.8548477578	0.1451522422	0.9910988506	0.655122446
0.8558487387	0.1441512613	0.9912314942	0.6546042312
0.8568497197	0.1431502803	0.9913629906	0.6540867921
0.8578507007	0.1421492993	0.9914933432	0.653570127
0.8588516817	0.1411483183	0.9916225559	0.6530542345
0.8598526627	0.1401473373	0.9917506322	0.6525391129
0.8608536436	0.1391463564	0.9918775757	0.6520247606
0.8618546246	0.1381453754	0.9920033901	0.6515111761
0.8628556056	0.1371443944	0.9921280789	0.6509983578
0.8638565866	0.1361434134	0.9922516458	0.6504863042
0.8648575676	0.1351424324	0.9923740943	0.6499750136
0.8658585485	0.1341414515	0.992495428	0.6494644845
0.8668595295	0.1331404705	0.9926156505	0.6489547154
0.8678605105	0.1321394895	0.9927347653	0.6484457047
0.8688614915	0.1311385085	0.992852776	0.6479374508
0.8698624725	0.1301375275	0.992969686	0.6474299523
0.8708634535	0.1291365465	0.9930854989	0.6469232075
0.8718644344	0.1281355656	0.9932002183	0.646417215
0.8728654154	0.1271345846	0.9933138476	0.6459119732
0.8738663964	0.1261336036	0.9934263903	0.6454074805
0.8748673774	0.1251326226	0.9935378499	0.6449037355
0.8758683584	0.1241316416	0.9936482298	0.6444007365
0.8768693393	0.1231306607	0.9937575336	0.6438984822
0.8778703203	0.1221296797	0.9938657646	0.6433969709
0.8788713013	0.1211286987	0.9939729263	0.6428962013
0.8798722823	0.1201277177	0.9940790222	0.6423961716
0.8808732633	0.1191267367	0.9941840557	0.6418968805
0.8818742442	0.1181257558	0.9942880301	0.6413983264
0.8828752252	0.1171247748	0.9943909489	0.6409005079
0.8838762062	0.1161237938	0.9944928155	0.6404034234
0.8848771872	0.1151228128	0.9945936332	0.6399070715
0.8858781682	0.1141218318	0.9946934054	0.6394114506
0.8868791491	0.1131208509	0.9947921355	0.6389165593
0.8878801301	0.1121198699	0.9948898268	0.6384223961
0.8888811111	0.1111188889	0.9949864827	0.6379289595
0.8898820921	0.1101179079	0.9950821066	0.6374362481
0.8908830731	0.1091169269	0.9951767016	0.6369442603
0.8918840541	0.1081159459	0.9952702712	0.6364529947
0.892885035	0.107114965	0.9953628186	0.6359624498
0.893886016	0.106113984	0.9954543472	0.6354726242
0.894886997	0.105113003	0.9955448602	0.6349835164
0.895887978	0.104112022	0.9956343608	0.6344951249
0.896888959	0.103111041	0.9957228525	0.6340074484
0.8978899399	0.1021100601	0.9958103383	0.6335204853
0.8988909209	0.1011090791	0.9958968217	0.6330342342
0.8998919019	0.1001080981	0.9959823057	0.6325486936
0.9008928829	0.09910711712	0.9960667936	0.6320638622
0.9018938639	0.09810613614	0.9961502887	0.6315797385
0.9028948448	0.09710515516	0.9962327942	0.631096321
0.9038958258	0.09610417417	0.9963143131	0.6306136083
0.9048968068	0.09510319319	0.9963948489	0.6301315991
0.9058977878	0.09410221221	0.9964744045	0.6296502918
0.9068987688	0.09310123123	0.9965529833	0.6291696851
0.9078997497	0.09210025025	0.9966305882	0.6286897775
0.9089007307	0.09109926927	0.9967072226	0.6282105677
0.9099017117	0.09009828829	0.9967828896	0.6277320541
0.9109026927	0.08909730731	0.9968575922	0.6272542355
0.9119036737	0.08809632633	0.9969313336	0.6267771104
0.9129046547	0.08709534535	0.9970041169	0.6263006774
0.9139056356	0.08609436436	0.9970759453	0.6258249352
0.9149066166	0.08509338338	0.9971468217	0.6253498822
0.9159075976	0.0840924024	0.9972167494	0.6248755172
0.9169085786	0.08309142142	0.9972857314	0.6244018387
0.9179095596	0.08209044044	0.9973537707	0.6239288454
0.9189105405	0.08108945946	0.9974208704	0.6234565359
0.9199115215	0.08008847848	0.9974870336	0.6229849088
0.9209125025	0.0790874975	0.9975522633	0.6225139627
0.9219134835	0.07808651652	0.9976165626	0.6220436963
0.9229144645	0.07708553554	0.9976799344	0.6215741082
0.9239154454	0.07608455455	0.9977423818	0.6211051971
0.9249164264	0.07508357357	0.9978039078	0.6206369615
0.9259174074	0.07408259259	0.9978645154	0.6201694001
0.9269183884	0.07308161161	0.9979242075	0.6197025116
0.9279193694	0.07208063063	0.9979829872	0.6192362946
0.9289203504	0.07107964965	0.9980408574	0.6187707477
0.9299213313	0.07007866867	0.9980978211	0.6183058697
0.9309223123	0.06907768769	0.9981538812	0.6178416591
0.9319232933	0.06807670671	0.9982090408	0.6173781147
0.9329242743	0.06707572573	0.9982633026	0.6169152351
0.9339252553	0.06607474474	0.9983166697	0.616453019
0.9349262362	0.06507376376	0.9983691449	0.615991465
0.9359272172	0.06407278278	0.9984207313	0.6155305718
0.9369281982	0.0630718018	0.9984714316	0.6150703381
0.9379291792	0.06207082082	0.9985212487	0.6146107626
0.9389301602	0.06106983984	0.9985701856	0.614151844
0.9399311411	0.06006885886	0.9986182452	0.6136935809
0.9409321221	0.05906787788	0.9986654302	0.613235972
0.9419331031	0.0580668969	0.9987117436	0.612779016
0.9429340841	0.05706591592	0.9987571881	0.6123227117
0.9439350651	0.05606493493	0.9988017667	0.6118670577
0.944936046	0.05506395395	0.9988454822	0.6114120527
0.945937027	0.05406297297	0.9988883374	0.6109576954
0.946938008	0.05306199199	0.9989303351	0.6105039846
0.947938989	0.05206101101	0.9989714781	0.6100509189
0.94893997	0.05106003003	0.9990117692	0.6095984971
0.949940951	0.05005904905	0.9990512112	0.6091467178
0.9509419319	0.04905806807	0.999089807	0.6086955799
0.9519429129	0.04805708709	0.9991275591	0.6082450819
0.9529438939	0.04705610611	0.9991644705	0.6077952228
0.9539448749	0.04605512513	0.9992005439	0.607346001
0.9549458559	0.04505414414	0.9992357821	0.6068974155
0.9559468368	0.04405316316	0.9992701877	0.606449465
0.9569478178	0.04305218218	0.9993037635	0.6060021481
0.9579487988	0.0420512012	0.9993365122	0.6055554636
0.9589497798	0.04105022022	0.9993684366	0.6051094103
0.9599507608	0.04004923924	0.9993995393	0.6046639869
0.9609517417	0.03904825826	0.9994298231	0.6042191922
0.9619527227	0.03804727728	0.9994592906	0.6037750249
0.9629537037	0.0370462963	0.9994879445	0.6033314838
0.9639546847	0.03604531532	0.9995157876	0.6028885675
0.9649556657	0.03504433433	0.9995428224	0.602446275
0.9659566466	0.03404335335	0.9995690517	0.602004605
0.9669576276	0.03304237237	0.999594478	0.6015635561
0.9679586086	0.03204139139	0.9996191041	0.6011231273
0.9689595896	0.03104041041	0.9996429325	0.6006833172
0.9699605706	0.03003942943	0.9996659659	0.6002441246
0.9709615516	0.02903844845	0.9996882069	0.5998055484
0.9719625325	0.02803746747	0.9997096581	0.5993675873
0.9729635135	0.02703648649	0.9997303222	0.59893024
0.9739644945	0.02603550551	0.9997502017	0.5984935055
0.9749654755	0.02503452452	0.9997692991	0.5980573824
0.9759664565	0.02403354354	0.9997876172	0.5976218696
0.9769674374	0.02303256256	0.9998051584	0.5971869658
0.9779684184	0.02203158158	0.9998219254	0.5967526699
0.9789693994	0.0210306006	0.9998379206	0.5963189806
0.9799703804	0.02002961962	0.9998531466	0.5958858968
0.9809713614	0.01902863864	0.999867606	0.5954534173
0.9819723423	0.01802765766	0.9998813014	0.5950215408
0.9829733233	0.01702667668	0.9998942351	0.5945902662
0.9839743043	0.0160256957	0.9999064098	0.5941595924
0.9849752853	0.01502471471	0.999917828	0.5937295181
0.9859762663	0.01402373373	0.9999284921	0.5933000421
0.9869772472	0.01302275275	0.9999384047	0.5928711633
0.9879782282	0.01202177177	0.9999475682	0.5924428805
0.9889792092	0.01102079079	0.9999559852	0.5920151925
0.9899801902	0.01001980981	0.999963658	0.5915880982
0.9909811712	0.009018828829	0.9999705893	0.5911615964
0.9919821522	0.008017847848	0.9999767813	0.5907356859
0.9929831331	0.007016866867	0.9999822366	0.5903103656
0.9939841141	0.006015885886	0.9999869577	0.5898856343
0.9949850951	0.005014904905	0.9999909469	0.5894614909
0.9959860761	0.004013923924	0.9999942067	0.5890379342
0.9969870571	0.003012942943	0.9999967395	0.588614963
0.997988038	0.002011961962	0.9999985477	0.5881925763
0.998989019	0.001010980981	0.9999996337	0.5877707729
0.99999	1e-05	1	0.5873495516
