1e-05	0.99999	2.934556778	1.000000006
0.001010980981	0.998989019	2.586423647	1.000063994
0.002011961962	0.997988038	2.293539494	1.000245458
0.003012942943	0.9969870571	2.045609371	1.000533258
0.004013923924	0.9959860761	1.83450195	1.00091714
0.005014904905	0.9949850951	1.653749278	1.001387659
0.006015885886	0.9939841141	1.498171712	1.001936113
0.007016866867	0.9929831331	1.363594522	1.002554473
0.008017847848	0.9919821522	1.246632177	1.003235332
0.009018828829	0.9909811712	1.144522962	1.003971847
0.01001980981	0.9899801902	1.055001333	1.004757697
0.01102079079	0.9889792092	0.9761987456	1.00558704
0.01202177177	0.9879782282	0.9065661236	1.006454474
0.01302275275	0.9869772472	0.8448128821	1.007355001
0.01402373373	0.9859762663	0.7898586905	1.008283997
0.01502471471	0.9849752853	0.7407951032	1.009237184
0.0160256957	0.9839743043	0.696854875	1.010210602
0.01702667668	0.9829733233	0.6573872966	1.011200585
0.01802765766	0.9819723423	0.6218382704	1.01220374
0.01902863864	0.9809713614	0.5897341398	1.013216928
0.02002961962	0.9799703804	0.560668503	1.01423724
0.0210306006	0.9789693994	0.5342914142	1.01526199
0.02203158158	0.9779684184	0.5103005022	1.016288688
0.02303256256	0.9769674374	0.4884336348	1.017315034
0.02403354354	0.9759664565	0.4684628366	1.018338902
0.02503452452	0.9749654755	0.4501892273	1.019358329
0.02603550551	0.9739644945	0.4334387921	1.020371499
0.02703648649	0.9729635135	0.4180588361	1.021376739
0.02803746747	0.9719625325	0.4039150012	1.022372508
0.02903844845	0.9709615516	0.3908887477	1.023357384
0.03003942943	0.9699605706	0.3788752222	1.024330059
0.03104041041	0.9689595896	0.3677814455	1.025289333
0.03204139139	0.9679586086	0.3575247691	1.026234102
0.03304237237	0.9669576276	0.3480315557	1.027163357
0.03404335335	0.9659566466	0.3392360484	1.028076174
0.03504433433	0.9649556657	0.3310793992	1.028971709
0.03604531532	0.9639546847	0.3235088312	1.029849194
0.0370462963	0.9629537037	0.3164769154	1.030707931
0.03804727728	0.9619527227	0.309940944	1.031547287
0.03904825826	0.9609517417	0.3038623857	1.032366692
0.04004923924	0.9599507608	0.2982064131	1.033165631
0.04105022022	0.9589497798	0.2929414887	1.033943645
0.0420512012	0.9579487988	0.2880390041	1.034700324
0.04305218218	0.9569478178	0.2834729636	1.035435304
0.04405316316	0.9559468368	0.279219706	1.036148268
0.04505414414	0.9549458559	0.2752576602	1.036838936
0.04605512513	0.9539448749	0.2715671298	1.037507069
0.04705610611	0.9529438939	0.2681301024	1.038152462
0.04805708709	0.9519429129	0.2649300811	1.038774946
0.04905806807	0.9509419319	0.2619519352	1.03937438
0.05005904905	0.949940951	0.2591817674	1.039950655
0.05106003003	0.94893997	0.2566067954	1.040503688
0.05206101101	0.947938989	0.254215247	1.041033421
0.05306199199	0.946938008	0.251996266	1.041539821
0.05406297297	0.945937027	0.2499398279	1.042022876
0.05506395395	0.944936046	0.2480366648	1.042482596
0.05606493493	0.9439350651	0.2462781979	1.042919008
0.05706591592	0.9429340841	0.2446564765	1.04333216
0.0580668969	0.9419331031	0.2431641237	1.043722114
0.05906787788	0.9409321221	0.2417942872	1.044088948
0.06006885886	0.9399311411	0.2405405947	1.044432757
0.06106983984	0.9389301602	0.239397114	1.044753645
0.06207082082	0.9379291792	0.2383583164	1.045051733
0.0630718018	0.9369281982	0.2374190442	1.045327149
0.06407278278	0.9359272172	0.2365744807	1.045580035
0.06507376376	0.9349262362	0.235820123	1.045810542
0.06607474474	0.9339252553	0.2351517577	1.046018828
0.06707572573	0.9329242743	0.2345654383	1.046205064
0.06807670671	0.9319232933	0.2340574644	1.046369423
0.06907768769	0.9309223123	0.233624364	1.04651209
0.07007866867	0.9299213313	0.2332628754	1.046633252
0.07107964965	0.9289203504	0.2329699323	1.046733106
0.07208063063	0.9279193694	0.2327426496	1.046811851
0.07308161161	0.9269183884	0.2325783096	1.046869694
0.07408259259	0.9259174074	0.2324743512	1.046906843
0.07508357357	0.9249164264	0.2324283576	1.046923513
0.07608455455	0.9239154454	0.2324380473	1.046919921
0.07708553554	0.9229144645	0.232501264	1.046896286
0.07808651652	0.9219134835	0.2326159687	1.046852833
0.0790874975	0.9209125025	0.2327802312	1.046789786
0.08008847848	0.9199115215	0.2329922232	1.046707374
0.08108945946	0.9189105405	0.2332502114	1.046605825
0.08209044044	0.9179095596	0.2335525516	1.046485371
0.08309142142	0.9169085786	0.2338976825	1.046346245
0.0840924024	0.9159075976	0.2342841207	1.046188678
0.08509338338	0.9149066166	0.2347104557	1.046012907
0.08609436436	0.9139056356	0.2351753453	1.045819164
0.08709534535	0.9129046547	0.2356775115	1.045607685
0.08809632633	0.9119036737	0.2362157362	1.045378706
0.08909730731	0.9109026927	0.2367888581	1.04513246
0.09009828829	0.9099017117	0.2373957688	1.044869184
0.09109926927	0.9089007307	0.2380354101	1.044589111
0.09210025025	0.9078997497	0.2387067707	1.044292476
0.09310123123	0.9068987688	0.2394088834	1.043979511
0.09410221221	0.9058977878	0.240140823	1.04365045
0.09510319319	0.9048968068	0.2409017034	1.043305524
0.09610417417	0.9038958258	0.2416906759	1.042944964
0.09710515516	0.9028948448	0.2425069266	1.042568999
0.09810613614	0.9018938639	0.2433496748	1.042177857
0.09910711712	0.9008928829	0.2442181709	1.041771766
0.1001080981	0.8998919019	0.2451116952	1.041350952
0.1011090791	0.8988909209	0.2460295557	1.040915638
0.1021100601	0.8978899399	0.246971087	1.040466046
0.103111041	0.896888959	0.2479356488	1.040002399
0.104112022	0.895887978	0.2489226247	1.039524915
0.105113003	0.894886997	0.2499314205	1.039033813
0.106113984	0.893886016	0.2509614638	1.038529307
0.107114965	0.892885035	0.2520122023	1.038011612
0.1081159459	0.8918840541	0.253083103	1.03748094
0.1091169269	0.8908830731	0.2541736512	1.036937501
0.1101179079	0.8898820921	0.2552833498	1.036381504
0.1111188889	0.8888811111	0.2564117182	1.035813156
0.1121198699	0.8878801301	0.2575582915	1.035232659
0.1131208509	0.8868791491	0.2587226198	1.034640218
0.1141218318	0.8858781682	0.2599042676	1.034036031
0.1151228128	0.8848771872	0.2611028131	1.033420298
0.1161237938	0.8838762062	0.2623178475	1.032793215
0.1171247748	0.8828752252	0.2635489742	1.032154976
0.1181257558	0.8818742442	0.2647958087	1.031505772
0.1191267367	0.8808732633	0.2660579777	1.030845793
0.1201277177	0.8798722823	0.2673351187	1.030175228
0.1211286987	0.8788713013	0.2686268797	1.029494262
0.1221296797	0.8778703203	0.2699329184	1.028803079
0.1231306607	0.8768693393	0.271252902	1.028101859
0.1241316416	0.8758683584	0.2725865068	1.027390783
0.1251326226	0.8748673774	0.2739334178	1.026670026
0.1261336036	0.8738663964	0.2752933282	1.025939765
0.1271345846	0.8728654154	0.2766659394	1.025200172
0.1281355656	0.8718644344	0.2780509601	1.024451418
0.1291365465	0.8708634535	0.2794481066	1.023693671
0.1301375275	0.8698624725	0.2808571023	1.022927098
0.1311385085	0.8688614915	0.282277677	1.022151864
0.1321394895	0.8678605105	0.2837095675	1.021368131
0.1331404705	0.8668595295	0.2851525165	1.020576058
0.1341414515	0.8658585485	0.2866062727	1.019775805
0.1351424324	0.8648575676	0.2880705908	1.018967527
0.1361434134	0.8638565866	0.289545231	1.018151378
0.1371443944	0.8628556056	0.2910299588	1.017327511
0.1381453754	0.8618546246	0.2925245449	1.016496076
0.1391463564	0.8608536436	0.2940287649	1.015657221
0.1401473373	0.8598526627	0.2955423995	1.014811091
0.1411483183	0.8588516817	0.2970652337	1.013957831
0.1421492993	0.8578507007	0.2985970572	1.013097583
0.1431502803	0.8568497197	0.3001376639	1.012230487
0.1441512613	0.8558487387	0.301686852	1.011356682
0.1451522422	0.8548477578	0.3032444236	1.010476304
0.1461532232	0.8538467768	0.3048101848	1.009589487
0.1471542042	0.8528457958	0.3063839455	1.008696364
0.1481551852	0.8518448148	0.3079655192	1.007797066
0.1491561662	0.8508438338	0.3095547231	1.006891722
0.1501571471	0.8498428529	0.3111513775	1.005980458
0.1511581281	0.8488418719	0.3127553064	1.005063401
0.1521591091	0.8478408909	0.3143663368	1.004140674
0.1531600901	0.8468399099	0.315984299	1.003212398
0.1541610711	0.8458389289	0.3176090262	1.002278693
0.1551620521	0.8448379479	0.3192403545	1.001339678
0.156163033	0.843836967	0.3208781232	1.00039547
0.157164014	0.842835986	0.3225221739	0.9994461834
0.158164995	0.841835005	0.3241723513	0.9984919312
0.159165976	0.840834024	0.3258285027	0.9975328253
0.160166957	0.839833043	0.3274904776	0.9965689756
0.1611679379	0.8388320621	0.3291581285	0.9956004904
0.1621689189	0.8378310811	0.33083131	0.9946274766
0.1631698999	0.8368301001	0.3325098791	0.9936500393
0.1641708809	0.8358291191	0.3341936952	0.9926682822
0.1651718619	0.8348281381	0.33588262	0.9916823073
0.1661728428	0.8338271572	0.3375765172	0.9906922154
0.1671738238	0.8328261762	0.3392752527	0.9896981053
0.1681748048	0.8318251952	0.3409786946	0.9887000749
0.1691757858	0.8308242142	0.342686713	0.9876982201
0.1701767668	0.8298232332	0.3443991799	0.9866926357
0.1711777477	0.8288222523	0.3461159693	0.9856834151
0.1721787287	0.8278212713	0.3478369571	0.9846706499
0.1731797097	0.8268202903	0.3495620211	0.9836544308
0.1741806907	0.8258193093	0.3512910409	0.9826348468
0.1751816717	0.8248183283	0.3530238977	0.9816119857
0.1761826527	0.8238173473	0.3547604747	0.9805859339
0.1771836336	0.8228163664	0.3565006567	0.9795567764
0.1781846146	0.8218153854	0.3582443301	0.9785245972
0.1791855956	0.8208144044	0.3599913831	0.9774894786
0.1801865766	0.8198134234	0.3617417053	0.976451502
0.1811875576	0.8188124424	0.363495188	0.9754107473
0.1821885385	0.8178114615	0.365251724	0.9743672933
0.1831895195	0.8168104805	0.3670112076	0.9733212176
0.1841905005	0.8158094995	0.3687735346	0.9722725964
0.1851914815	0.8148085185	0.3705386023	0.9712215049
0.1861924625	0.8138075375	0.3723063092	0.9701680172
0.1871934434	0.8128065566	0.3740765556	0.9691122059
0.1881944244	0.8118055756	0.3758492427	0.968054143
0.1891954054	0.8108045946	0.3776242734	0.9669938989
0.1901963864	0.8098036136	0.3794015518	0.965931543
0.1911973674	0.8088026326	0.3811809834	0.9648671439
0.1921983483	0.8078016517	0.3829624748	0.9638007687
0.1931993293	0.8068006707	0.3847459339	0.9627324838
0.1942003103	0.8057996897	0.3865312701	0.9616623544
0.1952012913	0.8047987087	0.3883183936	0.9605904445
0.1962022723	0.8037977277	0.3901072161	0.9595168174
0.1972032533	0.8027967467	0.3918976504	0.9584415352
0.1982042342	0.8017957658	0.3936896104	0.9573646592
0.1992052152	0.8007947848	0.3954830113	0.9562862494
0.2002061962	0.7997938038	0.3972777692	0.9552063651
0.2012071772	0.7987928228	0.3990738015	0.9541250646
0.2022081582	0.7977918418	0.4008710266	0.9530424053
0.2032091391	0.7967908609	0.4026693639	0.9519584436
0.2042101201	0.7957898799	0.4044687341	0.950873235
0.2052111011	0.7947888989	0.4062690587	0.9497868342
0.2062120821	0.7937879179	0.4080702604	0.9486992949
0.2072130631	0.7927869369	0.4098722628	0.9476106699
0.208214044	0.791785956	0.4116749905	0.9465210114
0.209215025	0.790784975	0.4134783692	0.9454303706
0.210216006	0.789783994	0.4152823254	0.9443387977
0.211216987	0.788783013	0.4170867867	0.9432463423
0.212217968	0.787782032	0.4188916816	0.9421530532
0.2132189489	0.7867810511	0.4206969396	0.9410589783
0.2142199299	0.7857800701	0.422502491	0.9399641647
0.2152209109	0.7847790891	0.424308267	0.9388686589
0.2162218919	0.7837781081	0.4261141999	0.9377725064
0.2172228729	0.7827771271	0.4279202227	0.9366757522
0.2182238539	0.7817761461	0.4297262693	0.9355784403
0.2192248348	0.7807751652	0.4315322745	0.9344806141
0.2202258158	0.7797741842	0.4333381739	0.9333823165
0.2212267968	0.7787732032	0.435143904	0.9322835892
0.2222277778	0.7777722222	0.4369494022	0.9311844737
0.2232287588	0.7767712412	0.4387546066	0.9300850105
0.2242297397	0.7757702603	0.4405594561	0.9289852396
0.2252307207	0.7747692793	0.4423638904	0.9278852001
0.2262317017	0.7737682983	0.4441678502	0.9267849308
0.2272326827	0.7727673173	0.4459712767	0.9256844695
0.2282336637	0.7717663363	0.447774112	0.9245838537
0.2292346446	0.7707653554	0.449576299	0.9234831198
0.2302356256	0.7697643744	0.4513777813	0.9223823042
0.2312366066	0.7687633934	0.4531785032	0.9212814421
0.2322375876	0.7677624124	0.45497841	0.9201805685
0.2332385686	0.7667614314	0.4567774473	0.9190797177
0.2342395495	0.7657604505	0.4585755617	0.9179789233
0.2352405305	0.7647594695	0.4603727006	0.9168782185
0.2362415115	0.7637584885	0.4621688118	0.9157776357
0.2372424925	0.7627575075	0.463963844	0.9146772071
0.2382434735	0.7617565265	0.4657577466	0.913576964
0.2392444545	0.7607555455	0.4675504696	0.9124769374
0.2402454354	0.7597545646	0.4693419638	0.9113771576
0.2412464164	0.7587535836	0.4711321804	0.9102776546
0.2422473974	0.7577526026	0.4729210715	0.9091784575
0.2432483784	0.7567516216	0.4747085898	0.9080795953
0.2442493594	0.7557506406	0.4764946886	0.9069810962
0.2452503403	0.7547496597	0.4782793219	0.9058829882
0.2462513213	0.7537486787	0.4800624442	0.9047852985
0.2472523023	0.7527476977	0.4818440108	0.903688054
0.2482532833	0.7517467167	0.4836239775	0.9025912811
0.2492542643	0.7507457357	0.4854023008	0.9014950058
0.2502552452	0.7497447548	0.4871789377	0.9003992535
0.2512562262	0.7487437738	0.4889538457	0.8993040493
0.2522572072	0.7477427928	0.4907269833	0.8982094176
0.2532581882	0.7467418118	0.4924983091	0.8971153828
0.2542591692	0.7457408308	0.4942677826	0.8960219684
0.2552601502	0.7447398498	0.4960353637	0.8949291977
0.2562611311	0.7437388689	0.4978010129	0.8938370937
0.2572621121	0.7427378879	0.4995646914	0.8927456788
0.2582630931	0.7417369069	0.5013263608	0.8916549751
0.2592640741	0.7407359259	0.5030859833	0.8905650041
0.2602650551	0.7397349449	0.5048435215	0.8894757872
0.261266036	0.738733964	0.5065989389	0.8883873452
0.262267017	0.737732983	0.5083521991	0.8872996986
0.263267998	0.736732002	0.5101032665	0.8862128676
0.264268979	0.735731021	0.5118521059	0.8851268718
0.26526996	0.73473004	0.5135986827	0.8840417307
0.2662709409	0.7337290591	0.5153429628	0.8829574633
0.2672719219	0.7327280781	0.5170849125	0.8818740883
0.2682729029	0.7317270971	0.5188244986	0.880791624
0.2692738839	0.7307261161	0.5205616887	0.8797100883
0.2702748649	0.7297251351	0.5222964504	0.8786294989
0.2712758458	0.7287241542	0.5240287521	0.8775498731
0.2722768268	0.7277231732	0.5257585627	0.8764712279
0.2732778078	0.7267221922	0.5274858513	0.87539358
0.2742787888	0.7257212112	0.5292105878	0.8743169456
0.2752797698	0.7247202302	0.5309327423	0.8732413409
0.2762807508	0.7237192492	0.5326522856	0.8721667816
0.2772817317	0.7227182683	0.5343691887	0.871093283
0.2782827127	0.7217172873	0.5360834232	0.8700208602
0.2792836937	0.7207163063	0.5377949611	0.8689495282
0.2802846747	0.7197153253	0.5395037749	0.8678793015
0.2812856557	0.7187143443	0.5412098374	0.8668101942
0.2822866366	0.7177133634	0.5429131219	0.8657422204
0.2832876176	0.7167123824	0.5446136023	0.8646753937
0.2842885986	0.7157114014	0.5463112526	0.8636097276
0.2852895796	0.7147104204	0.5480060474	0.8625452353
0.2862905606	0.7137094394	0.5496979617	0.8614819295
0.2872915415	0.7127084585	0.5513869709	0.860419823
0.2882925225	0.7117074775	0.5530730508	0.8593589281
0.2892935035	0.7107064965	0.5547561777	0.858299257
0.2902944845	0.7097055155	0.556436328	0.8572408215
0.2912954655	0.7087045345	0.5581134787	0.8561836331
0.2922964464	0.7077035536	0.5597876073	0.8551277034
0.2932974274	0.7067025726	0.5614586915	0.8540730435
0.2942984084	0.7057015916	0.5631267094	0.8530196642
0.2952993894	0.7047006106	0.5647916395	0.8519675763
0.2963003704	0.7036996296	0.5664534607	0.8509167903
0.2973013514	0.7026986486	0.5681121523	0.8498673162
0.2983023323	0.7016976677	0.5697676937	0.8488191643
0.2993033133	0.7006966867	0.5714200651	0.8477723442
0.3003042943	0.6996957057	0.5730692467	0.8467268656
0.3013052753	0.6986947247	0.5747152192	0.8456827378
0.3023062563	0.6976937437	0.5763579635	0.84463997
0.3033072372	0.6966927628	0.5779974611	0.8435985712
0.3043082182	0.6956917818	0.5796336937	0.8425585501
0.3053091992	0.6946908008	0.5812666433	0.8415199153
0.3063101802	0.6936898198	0.5828962922	0.8404826753
0.3073111612	0.6926888388	0.5845226232	0.839446838
0.3083121421	0.6916878579	0.5861456193	0.8384124117
0.3093131231	0.6906868769	0.5877652638	0.837379404
0.3103141041	0.6896858959	0.5893815404	0.8363478226
0.3113150851	0.6886849149	0.5909944331	0.835317675
0.3123160661	0.6876839339	0.5926039261	0.8342889684
0.313317047	0.686682953	0.5942100041	0.83326171
0.314318028	0.685681972	0.595812652	0.8322359066
0.315319009	0.684680991	0.597411855	0.831211565
0.31631999	0.68368001	0.5990075985	0.8301886918
0.317320971	0.682679029	0.6005998685	0.8291672934
0.318321952	0.681678048	0.6021886509	0.8281473762
0.3193229329	0.6806770671	0.6037739322	0.8271289462
0.3203239139	0.6796760861	0.6053556991	0.8261120093
0.3213248949	0.6786751051	0.6069339384	0.8250965714
0.3223258759	0.6776741241	0.6085086375	0.8240826382
0.3233268569	0.6766731431	0.6100797838	0.823070215
0.3243278378	0.6756721622	0.6116473651	0.8220593073
0.3253288188	0.6746711812	0.6132113695	0.8210499203
0.3263297998	0.6736702002	0.6147717852	0.8200420591
0.3273307808	0.6726692192	0.6163286009	0.8190357285
0.3283317618	0.6716682382	0.6178818055	0.8180309334
0.3293327427	0.6706672573	0.6194313879	0.8170276785
0.3303337237	0.6696662763	0.6209773376	0.8160259681
0.3313347047	0.6686652953	0.6225196442	0.8150258069
0.3323356857	0.6676643143	0.6240582976	0.8140271989
0.3333366667	0.6666633333	0.6255932878	0.8130301483
0.3343376476	0.6656623524	0.6271246052	0.8120346592
0.3353386286	0.6646613714	0.6286522405	0.8110407354
0.3363396096	0.6636603904	0.6301761844	0.8100483807
0.3373405906	0.6626594094	0.631696428	0.8090575987
0.3383415716	0.6616584284	0.6332129626	0.808068393
0.3393425526	0.6606574474	0.6347257798	0.807080767
0.3403435335	0.6596564665	0.6362348714	0.8060947239
0.3413445145	0.6586554855	0.6377402292	0.805110267
0.3423454955	0.6576545045	0.6392418456	0.8041273994
0.3433464765	0.6566535235	0.6407397129	0.8031461239
0.3443474575	0.6556525425	0.6422338238	0.8021664435
0.3453484384	0.6546515616	0.6437241713	0.8011883609
0.3463494194	0.6536505806	0.6452107483	0.8002118788
0.3473504004	0.6526495996	0.6466935481	0.7992369997
0.3483513814	0.6516486186	0.6481725644	0.798263726
0.3493523624	0.6506476376	0.6496477906	0.7972920602
0.3503533433	0.6496466567	0.6511192209	0.7963220045
0.3513543243	0.6486456757	0.6525868492	0.795353561
0.3523553053	0.6476446947	0.65405067	0.7943867318
0.3533562863	0.6466437137	0.6555106776	0.7934215189
0.3543572673	0.6456427327	0.6569668669	0.7924579241
0.3553582482	0.6446417518	0.6584192326	0.7914959493
0.3563592292	0.6436407708	0.6598677699	0.7905355961
0.3573602102	0.6426397898	0.6613124741	0.7895768662
0.3583611912	0.6416388088	0.6627533405	0.7886197611
0.3593621722	0.6406378278	0.6641903649	0.7876642823
0.3603631532	0.6396368468	0.6656235431	0.7867104311
0.3613641341	0.6386358659	0.667052871	0.7857582087
0.3623651151	0.6376348849	0.6684783448	0.7848076165
0.3633660961	0.6366339039	0.6698999609	0.7838586555
0.3643670771	0.6356329229	0.6713177158	0.7829113268
0.3653680581	0.6346319419	0.6727316062	0.7819656314
0.366369039	0.633630961	0.6741416289	0.7810215701
0.36737002	0.63262998	0.675547781	0.7800791438
0.368371001	0.631628999	0.6769500596	0.7791383532
0.369371982	0.630628018	0.6783484622	0.7781991991
0.370372963	0.629627037	0.6797429861	0.7772616819
0.3713739439	0.6286260561	0.6811336292	0.7763258024
0.3723749249	0.6276250751	0.6825203891	0.7753915609
0.3733759059	0.6266240941	0.683903264	0.7744589578
0.3743768869	0.6256231131	0.6852822518	0.7735279935
0.3753778679	0.6246221321	0.686657351	0.7725986683
0.3763788488	0.6236211512	0.68802856	0.7716709824
0.3773798298	0.6226201702	0.6893958772	0.770744936
0.3783808108	0.6216191892	0.6907593015	0.769820529
0.3793817918	0.6206182082	0.6921188317	0.7688977617
0.3803827728	0.6196172272	0.6934744668	0.7679766338
0.3813837538	0.6186162462	0.694826206	0.7670571454
0.3823847347	0.6176152653	0.6961740486	0.7661392964
0.3833857157	0.6166142843	0.6975179939	0.7652230864
0.3843866967	0.6156133033	0.6988580416	0.7643085153
0.3853876777	0.6146123223	0.7001941912	0.7633955827
0.3863886587	0.6136113413	0.7015264428	0.7624842883
0.3873896396	0.6126103604	0.7028547961	0.7615746317
0.3883906206	0.6116093794	0.7041792513	0.7606666124
0.3893916016	0.6106083984	0.7054998086	0.7597602298
0.3903925826	0.6096074174	0.7068164683	0.7588554835
0.3913935636	0.6086064364	0.7081292309	0.7579523728
0.3923945445	0.6076054555	0.7094380969	0.757050897
0.3933955255	0.6066044745	0.710743067	0.7561510554
0.3943965065	0.6056034935	0.7120441421	0.7552528472
0.3953974875	0.6046025125	0.7133413231	0.7543562718
0.3963984685	0.6036015315	0.7146346109	0.7534613281
0.3973994494	0.6026005506	0.7159240069	0.7525680153
0.3984004304	0.6015995696	0.7172095122	0.7516763325
0.3994014114	0.6005985886	0.7184911282	0.7507862787
0.4004023924	0.5995976076	0.7197688564	0.7498978528
0.4014033734	0.5985966266	0.7210426984	0.7490110539
0.4024043544	0.5975956456	0.7223126559	0.7481258807
0.4034053353	0.5965946647	0.7235787308	0.7472423323
0.4044063163	0.5955936837	0.7248409249	0.7463604072
0.4054072973	0.5945927027	0.7260992402	0.7454801045
0.4064082783	0.5935917217	0.7273536789	0.7446014227
0.4074092593	0.5925907407	0.7286042432	0.7437243606
0.4084102402	0.5915897598	0.7298509354	0.7428489169
0.4094112212	0.5905887788	0.7310937578	0.7419750902
0.4104122022	0.5895877978	0.7323327131	0.7411028791
0.4114131832	0.5885868168	0.7335678037	0.7402322821
0.4124141642	0.5875858358	0.7347990325	0.7393632978
0.4134151451	0.5865848549	0.7360264021	0.7384959247
0.4144161261	0.5855838739	0.7372499155	0.7376301613
0.4154171071	0.5845828929	0.7384695755	0.7367660059
0.4164180881	0.5835819119	0.7396853854	0.735903457
0.4174190691	0.5825809309	0.7408973481	0.735042513
0.4184200501	0.5815799499	0.7421054669	0.7341831721
0.419421031	0.580578969	0.7433097452	0.7333254327
0.420422012	0.579577988	0.7445101862	0.7324692931
0.421422993	0.578577007	0.7457067936	0.7316147515
0.422423974	0.577576026	0.7468995707	0.7307618062
0.423424955	0.576575045	0.7480885213	0.7299104553
0.4244259359	0.5755740641	0.7492736491	0.729060697
0.4254269169	0.5745730831	0.7504549578	0.7282125295
0.4264278979	0.5735721021	0.7516324513	0.7273659509
0.4274288789	0.5725711211	0.7528061336	0.7265209592
0.4284298599	0.5715701401	0.7539760086	0.7256775525
0.4294308408	0.5705691592	0.7551420805	0.7248357289
0.4304318218	0.5695681782	0.7563043533	0.7239954865
0.4314328028	0.5685671972	0.7574628314	0.7231568231
0.4324337838	0.5675662162	0.758617519	0.7223197367
0.4334347648	0.5665652352	0.7597684204	0.7214842254
0.4344357457	0.5655642543	0.7609155401	0.720650287
0.4354367267	0.5645632733	0.7620588826	0.7198179195
0.4364377077	0.5635622923	0.7631984525	0.7189871207
0.4374386887	0.5625613113	0.7643342543	0.7181578884
0.4384396697	0.5615603303	0.7654662928	0.7173302206
0.4394406507	0.5605593493	0.7665945728	0.7165041151
0.4404416316	0.5595583684	0.7677190989	0.7156795696
0.4414426126	0.5585573874	0.7688398762	0.7148565819
0.4424435936	0.5575564064	0.7699569095	0.7140351499
0.4434445746	0.5565554254	0.7710702038	0.7132152712
0.4444455556	0.5555544444	0.7721797642	0.7123969436
0.4454465365	0.5545534635	0.7732855957	0.7115801648
0.4464475175	0.5535524825	0.7743877036	0.7107649325
0.4474484985	0.5525515015	0.7754860931	0.7099512444
0.4484494795	0.5515505205	0.7765807694	0.7091390981
0.4494504605	0.5505495395	0.7776717378	0.7083284913
0.4504514414	0.5495485586	0.7787590038	0.7075194216
0.4514524224	0.5485475776	0.7798425727	0.7067118866
0.4524534034	0.5475465966	0.7809224501	0.7059058839
0.4534543844	0.5465456156	0.7819986414	0.7051014112
0.4544553654	0.5455446346	0.7830711522	0.7042984659
0.4554563463	0.5445436537	0.7841399882	0.7034970456
0.4564573273	0.5435426727	0.7852051551	0.702697148
0.4574583083	0.5425416917	0.7862666585	0.7018987704
0.4584592893	0.5415407107	0.7873245041	0.7011019105
0.4594602703	0.5405397297	0.788378698	0.7003065657
0.4604612513	0.5395387487	0.7894292458	0.6995127335
0.4614622322	0.5385377678	0.7904761534	0.6987204114
0.4624632132	0.5375367868	0.7915194269	0.6979295968
0.4634641942	0.5365358058	0.7925590722	0.6971402873
0.4644651752	0.5355348248	0.7935950953	0.6963524803
0.4654661562	0.5345338438	0.7946275022	0.6955661731
0.4664671371	0.5335328629	0.7956562992	0.6947813632
0.4674681181	0.5325318819	0.7966814923	0.6939980481
0.4684690991	0.5315309009	0.7977030876	0.6932162252
0.4694700801	0.5305299199	0.7987210915	0.6924358917
0.4704710611	0.5295289389	0.7997355102	0.6916570452
0.471472042	0.528527958	0.8007463499	0.6908796829
0.472473023	0.527526977	0.801753617	0.6901038023
0.473474004	0.526525996	0.8027573178	0.6893294007
0.474474985	0.525525015	0.8037574588	0.6885564754
0.475475966	0.524524034	0.8047540463	0.6877850238
0.4764769469	0.5235230531	0.8057470869	0.6870150432
0.4774779279	0.5225220721	0.806736587	0.686246531
0.4784789089	0.5215210911	0.8077225531	0.6854794844
0.4794798899	0.5205201101	0.8087049919	0.6847139008
0.4804808709	0.5195191291	0.8096839098	0.6839497775
0.4814818519	0.5185181481	0.8106593135	0.6831871116
0.4824828328	0.5175171672	0.8116312097	0.6824259007
0.4834838138	0.5165161862	0.812599605	0.6816661418
0.4844847948	0.5155152052	0.8135645061	0.6809078324
0.4854857758	0.5145142242	0.8145259197	0.6801509696
0.4864867568	0.5135132432	0.8154838526	0.6793955507
0.4874877377	0.5125122623	0.8164383117	0.678641573
0.4884887187	0.5115112813	0.8173893036	0.6778890337
0.4894896997	0.5105103003	0.8183368352	0.6771379301
0.4904906807	0.5095093193	0.8192809134	0.6763882594
0.4914916617	0.5085083383	0.820221545	0.6756400189
0.4924926426	0.5075073574	0.821158737	0.6748932057
0.4934936236	0.5065063764	0.8220924962	0.6741478171
0.4944946046	0.5055053954	0.8230228297	0.6734038503
0.4954955856	0.5045044144	0.8239497444	0.6726613026
0.4964965666	0.5035034334	0.8248732473	0.6719201712
0.4974975475	0.5025024525	0.8257933453	0.6711804532
0.4984985285	0.5015014715	0.8267100456	0.6704421458
0.4994995095	0.5005004905	0.8276233552	0.6697052463
0.5005004905	0.4994995095	0.8285332811	0.6689697519
0.5015014715	0.4984985285	0.8294398305	0.6682356598
0.5025024525	0.4974975475	0.8303430104	0.6675029671
0.5035034334	0.4964965666	0.831242828	0.666771671
0.5045044144	0.4954955856	0.8321392904	0.6660417688
0.5055053954	0.4944946046	0.8330324048	0.6653132576
0.5065063764	0.4934936236	0.8339221783	0.6645861346
0.5075073574	0.4924926426	0.8348086182	0.6638603969
0.5085083383	0.4914916617	0.8356917317	0.6631360418
0.5095093193	0.4904906807	0.8365715259	0.6624130665
0.5105103003	0.4894896997	0.8374480081	0.661691468
0.5115112813	0.4884887187	0.8383211856	0.6609712436
0.5125122623	0.4874877377	0.8391910656	0.6602523904
0.5135132432	0.4864867568	0.8400576554	0.6595349057
0.5145142242	0.4854857758	0.8409209624	0.6588187865
0.5155152052	0.4844847948	0.8417809937	0.6581040301
0.5165161862	0.4834838138	0.8426377568	0.6573906336
0.5175171672	0.4824828328	0.8434912589	0.6566785942
0.5185181481	0.4814818519	0.8443415074	0.655967909
0.5195191291	0.4804808709	0.8451885096	0.6552585752
0.5205201101	0.4794798899	0.8460322729	0.6545505899
0.5215210911	0.4784789089	0.8468728047	0.6538439504
0.5225220721	0.4774779279	0.8477101124	0.6531386538
0.5235230531	0.4764769469	0.8485442032	0.6524346972
0.524524034	0.475475966	0.8493750848	0.6517320778
0.525525015	0.474474985	0.8502027643	0.6510307928
0.526525996	0.473474004	0.8510272494	0.6503308394
0.527526977	0.472473023	0.8518485473	0.6496322146
0.528527958	0.471472042	0.8526666655	0.6489349157
0.5295289389	0.4704710611	0.8534816115	0.6482389398
0.5305299199	0.4694700801	0.8542933927	0.6475442841
0.5315309009	0.4684690991	0.8551020166	0.6468509457
0.5325318819	0.4674681181	0.8559074906	0.6461589219
0.5335328629	0.4664671371	0.8567098221	0.6454682097
0.5345338438	0.4654661562	0.8575090187	0.6447788064
0.5355348248	0.4644651752	0.8583050879	0.6440907091
0.5365358058	0.4634641942	0.859098037	0.6434039149
0.5375367868	0.4624632132	0.8598878736	0.6427184211
0.5385377678	0.4614622322	0.8606746052	0.6420342249
0.5395387487	0.4604612513	0.8614582393	0.6413513233
0.5405397297	0.4594602703	0.8622387833	0.6406697136
0.5415407107	0.4584592893	0.8630162448	0.639989393
0.5425416917	0.4574583083	0.8637906313	0.6393103585
0.5435426727	0.4564573273	0.8645619503	0.6386326075
0.5445436537	0.4554563463	0.8653302092	0.637956137
0.5455446346	0.4544553654	0.8660954157	0.6372809443
0.5465456156	0.4534543844	0.8668575772	0.6366070266
0.5475465966	0.4524534034	0.8676167011	0.635934381
0.5485475776	0.4514524224	0.8683727952	0.6352630047
0.5495485586	0.4504514414	0.8691258668	0.634592895
0.5505495395	0.4494504605	0.8698759235	0.6339240489
0.5515505205	0.4484494795	0.8706229727	0.6332564638
0.5525515015	0.4474484985	0.8713670221	0.6325901367
0.5535524825	0.4464475175	0.8721080792	0.631925065
0.5545534635	0.4454465365	0.8728461513	0.6312612458
0.5555544444	0.4444455556	0.8735812462	0.6305986762
0.5565554254	0.4434445746	0.8743133713	0.6299373536
0.5575564064	0.4424435936	0.8750425341	0.6292772752
0.5585573874	0.4414426126	0.8757687421	0.6286184381
0.5595583684	0.4404416316	0.8764920028	0.6279608395
0.5605593493	0.4394406507	0.8772123238	0.6273044768
0.5615603303	0.4384396697	0.8779297126	0.626649347
0.5625613113	0.4374386887	0.8786441766	0.6259954475
0.5635622923	0.4364377077	0.8793557235	0.6253427755
0.5645632733	0.4354367267	0.8800643606	0.6246913281
0.5655642543	0.4344357457	0.8807700956	0.6240411027
0.5665652352	0.4334347648	0.8814729358	0.6233920965
0.5675662162	0.4324337838	0.8821728888	0.6227443066
0.5685671972	0.4314328028	0.8828699621	0.6220977304
0.5695681782	0.4304318218	0.8835641632	0.6214523652
0.5705691592	0.4294308408	0.8842554995	0.6208082081
0.5715701401	0.4284298599	0.8849439786	0.6201652564
0.5725711211	0.4274288789	0.8856296079	0.6195235074
0.5735721021	0.4264278979	0.8863123949	0.6188829583
0.5745730831	0.4254269169	0.8869923471	0.6182436064
0.5755740641	0.4244259359	0.8876694719	0.617605449
0.576575045	0.423424955	0.8883437767	0.6169684834
0.577576026	0.422423974	0.8890152692	0.6163327067
0.578577007	0.421422993	0.8896839566	0.6156981164
0.579577988	0.420422012	0.8903498464	0.6150647097
0.580578969	0.419421031	0.8910129462	0.6144324839
0.5815799499	0.4184200501	0.8916732632	0.6138014362
0.5825809309	0.4174190691	0.892330805	0.6131715641
0.5835819119	0.4164180881	0.8929855789	0.6125428647
0.5845828929	0.4154171071	0.8936375924	0.6119153354
0.5855838739	0.4144161261	0.8942868528	0.6112889735
0.5865848549	0.4134151451	0.8949333677	0.6106637763
0.5875858358	0.4124141642	0.8955771443	0.6100397411
0.5885868168	0.4114131832	0.8962181901	0.6094168653
0.5895877978	0.4104122022	0.8968565124	0.6087951462
0.5905887788	0.4094112212	0.8974921187	0.608174581
0.5915897598	0.4084102402	0.8981250162	0.6075551672
0.5925907407	0.4074092593	0.8987552123	0.6069369021
0.5935917217	0.4064082783	0.8993827145	0.6063197831
0.5945927027	0.4054072973	0.90000753	0.6057038074
0.5955936837	0.4044063163	0.9006296661	0.6050889724
0.5965946647	0.4034053353	0.9012491303	0.6044752755
0.5975956456	0.4024043544	0.9018659298	0.6038627141
0.5985966266	0.4014033734	0.9024800719	0.6032512855
0.5995976076	0.4004023924	0.9030915639	0.6026409871
0.6005985886	0.3994014114	0.9037004132	0.6020318162
0.6015995696	0.3984004304	0.9043066269	0.6014237703
0.6026005506	0.3973994494	0.9049102125	0.6008168468
0.6036015315	0.3963984685	0.9055111771	0.6002110429
0.6046025125	0.3953974875	0.906109528	0.5996063562
0.6056034935	0.3943965065	0.9067052724	0.599002784
0.6066044745	0.3933955255	0.9072984177	0.5984003237
0.6076054555	0.3923945445	0.907888971	0.5977989727
0.6086064364	0.3913935636	0.9084769396	0.5971987284
0.6096074174	0.3903925826	0.9090623306	0.5965995884
0.6106083984	0.3893916016	0.9096451512	0.5960015499
0.6116093794	0.3883906206	0.9102254087	0.5954046104
0.6126103604	0.3873896396	0.9108031103	0.5948087674
0.6136113413	0.3863886587	0.911378263	0.5942140182
0.6146123223	0.3853876777	0.9119508742	0.5936203604
0.6156133033	0.3843866967	0.9125209508	0.5930277913
0.6166142843	0.3833857157	0.9130885001	0.5924363085
0.6176152653	0.3823847347	0.9136535292	0.5918459093
0.6186162462	0.3813837538	0.9142160452	0.5912565913
0.6196172272	0.3803827728	0.9147760551	0.590668352
0.6206182082	0.3793817918	0.9153335663	0.5900811887
0.6216191892	0.3783808108	0.9158885856	0.5894950989
0.6226201702	0.3773798298	0.9164411201	0.5889100802
0.6236211512	0.3763788488	0.916991177	0.5883261301
0.6246221321	0.3753778679	0.9175387633	0.5877432459
0.6256231131	0.3743768869	0.9180838861	0.5871614253
0.6266240941	0.3733759059	0.9186265523	0.5865806657
0.6276250751	0.3723749249	0.9191667689	0.5860009647
0.6286260561	0.3713739439	0.9197045431	0.5854223197
0.629627037	0.370372963	0.9202398818	0.5848447283
0.630628018	0.369371982	0.9207727919	0.5842681879
0.631628999	0.368371001	0.9213032805	0.5836926962
0.63262998	0.36737002	0.9218313544	0.5831182507
0.633630961	0.366369039	0.9223570208	0.5825448488
0.6346319419	0.3653680581	0.9228802864	0.5819724882
0.6356329229	0.3643670771	0.9234011582	0.5814011663
0.6366339039	0.3633660961	0.9239196432	0.5808308808
0.6376348849	0.3623651151	0.9244357482	0.5802616292
0.6386358659	0.3613641341	0.9249494801	0.5796934091
0.6396368468	0.3603631532	0.9254608459	0.579126218
0.6406378278	0.3593621722	0.9259698522	0.5785600535
0.6416388088	0.3583611912	0.9264765061	0.5779949132
0.6426397898	0.3573602102	0.9269808144	0.5774307947
0.6436407708	0.3563592292	0.9274827838	0.5768676956
0.6446417518	0.3553582482	0.9279824212	0.5763056134
0.6456427327	0.3543572673	0.9284797334	0.5757445458
0.6466437137	0.3533562863	0.9289747272	0.5751844904
0.6476446947	0.3523553053	0.9294674094	0.5746254448
0.6486456757	0.3513543243	0.9299577867	0.5740674066
0.6496466567	0.3503533433	0.9304458658	0.5735103734
0.6506476376	0.3493523624	0.9309316536	0.5729543429
0.6516486186	0.3483513814	0.9314151567	0.5723993126
0.6526495996	0.3473504004	0.9318963818	0.5718452803
0.6536505806	0.3463494194	0.9323753357	0.5712922436
0.6546515616	0.3453484384	0.932852025	0.5707402001
0.6556525425	0.3443474575	0.9333264564	0.5701891475
0.6566535235	0.3433464765	0.9337986366	0.5696390834
0.6576545045	0.3423454955	0.9342685722	0.5690900056
0.6586554855	0.3413445145	0.9347362698	0.5685419116
0.6596564665	0.3403435335	0.935201736	0.5679947991
0.6606574474	0.3393425526	0.9356649776	0.567448666
0.6616584284	0.3383415716	0.9361260009	0.5669035097
0.6626594094	0.3373405906	0.9365848127	0.5663593281
0.6636603904	0.3363396096	0.9370414196	0.5658161187
0.6646613714	0.3353386286	0.9374958279	0.5652738794
0.6656623524	0.3343376476	0.9379480443	0.5647326078
0.6666633333	0.3333366667	0.9383980754	0.5641923017
0.6676643143	0.3323356857	0.9388459275	0.5636529587
0.6686652953	0.3313347047	0.9392916073	0.5631145766
0.6696662763	0.3303337237	0.9397351212	0.5625771531
0.6706672573	0.3293327427	0.9401764757	0.562040686
0.6716682382	0.3283317618	0.9406156771	0.561505173
0.6726692192	0.3273307808	0.9410527321	0.5609706118
0.6736702002	0.3263297998	0.9414876469	0.5604370002
0.6746711812	0.3253288188	0.941920428	0.5599043359
0.6756721622	0.3243278378	0.9423510818	0.5593726167
0.6766731431	0.3233268569	0.9427796148	0.5588418405
0.6776741241	0.3223258759	0.9432060332	0.5583120048
0.6786751051	0.3213248949	0.9436303434	0.5577831076
0.6796760861	0.3203239139	0.9440525518	0.5572551466
0.6806770671	0.3193229329	0.9444726646	0.5567281196
0.681678048	0.318321952	0.9448906883	0.5562020244
0.682679029	0.317320971	0.9453066291	0.5556768588
0.68368001	0.31631999	0.9457204933	0.5551526205
0.684680991	0.315319009	0.9461322872	0.5546293075
0.685681972	0.314318028	0.946542017	0.5541069175
0.686682953	0.313317047	0.946949689	0.5535854484
0.6876839339	0.3123160661	0.9473553094	0.5530648979
0.6886849149	0.3113150851	0.9477588844	0.5525452639
0.6896858959	0.3103141041	0.9481604203	0.5520265443
0.6906868769	0.3093131231	0.9485599232	0.5515087368
0.6916878579	0.3083121421	0.9489573992	0.5509918394
0.6926888388	0.3073111612	0.9493528546	0.5504758498
0.6936898198	0.3063101802	0.9497462956	0.549960766
0.6946908008	0.3053091992	0.9501377281	0.5494465857
0.6956917818	0.3043082182	0.9505271584	0.548933307
0.6966927628	0.3033072372	0.9509145925	0.5484209276
0.6976937437	0.3023062563	0.9513000366	0.5479094454
0.6986947247	0.3013052753	0.9516834967	0.5473988583
0.6996957057	0.3003042943	0.9520649789	0.5468891642
0.7006966867	0.2993033133	0.9524444891	0.546380361
0.7016976677	0.2983023323	0.9528220336	0.5458724465
0.7026986486	0.2973013514	0.9531976182	0.5453654188
0.7036996296	0.2963003704	0.9535712489	0.5448592757
0.7047006106	0.2952993894	0.9539429318	0.5443540151
0.7057015916	0.2942984084	0.9543126729	0.5438496349
0.7067025726	0.2932974274	0.954680478	0.5433461331
0.7077035536	0.2922964464	0.9550463531	0.5428435077
0.7087045345	0.2912954655	0.9554103042	0.5423417564
0.7097055155	0.2902944845	0.9557723372	0.5418408773
0.7107064965	0.2892935035	0.956132458	0.5413408684
0.7117074775	0.2882925225	0.9564906724	0.5408417275
0.7127084585	0.2872915415	0.9568469864	0.5403434527
0.7137094394	0.2862905606	0.9572014057	0.5398460418
0.7147104204	0.2852895796	0.9575539363	0.539349493
0.7157114014	0.2842885986	0.957904584	0.538853804
0.7167123824	0.2832876176	0.9582533545	0.538358973
0.7177133634	0.2822866366	0.9586002538	0.5378649979
0.7187143443	0.2812856557	0.9589452875	0.5373718767
0.7197153253	0.2802846747	0.9592884614	0.5368796073
0.7207163063	0.2792836937	0.9596297814	0.5363881879
0.7217172873	0.2782827127	0.959969253	0.5358976163
0.7227182683	0.2772817317	0.9603068822	0.5354078906
0.7237192492	0.2762807508	0.9606426745	0.5349190088
0.7247202302	0.2752797698	0.9609766357	0.534430969
0.7257212112	0.2742787888	0.9613087715	0.5339437691
0.7267221922	0.2732778078	0.9616390875	0.5334574072
0.7277231732	0.2722768268	0.9619675894	0.5329718813
0.7287241542	0.2712758458	0.9622942828	0.5324871894
0.7297251351	0.2702748649	0.9626191734	0.5320033297
0.7307261161	0.2692738839	0.9629422667	0.5315203001
0.7317270971	0.2682729029	0.9632635685	0.5310380987
0.7327280781	0.2672719219	0.9635830842	0.5305567235
0.7337290591	0.2662709409	0.9639008194	0.5300761727
0.73473004	0.26526996	0.9642167797	0.5295964443
0.735731021	0.264268979	0.9645309706	0.5291175364
0.736732002	0.263267998	0.9648433977	0.528639447
0.737732983	0.262267017	0.9651540664	0.5281621742
0.738733964	0.261266036	0.9654629823	0.5276857162
0.7397349449	0.2602650551	0.9657701508	0.527210071
0.7407359259	0.2592640741	0.9660755774	0.5267352367
0.7417369069	0.2582630931	0.9663792676	0.5262612114
0.7427378879	0.2572621121	0.9666812268	0.5257879933
0.7437388689	0.2562611311	0.9669814605	0.5253155804
0.7447398498	0.2552601502	0.9672799739	0.5248439709
0.7457408308	0.2542591692	0.9675767727	0.5243731629
0.7467418118	0.2532581882	0.967871862	0.5239031545
0.7477427928	0.2522572072	0.9681652474	0.5234339439
0.7487437738	0.2512562262	0.9684569341	0.5229655291
0.7497447548	0.2502552452	0.9687469275	0.5224979084
0.7507457357	0.2492542643	0.9690352329	0.5220310799
0.7517467167	0.2482532833	0.9693218556	0.5215650417
0.7527476977	0.2472523023	0.969606801	0.521099792
0.7537486787	0.2462513213	0.9698900743	0.520635329
0.7547496597	0.2452503403	0.9701716807	0.5201716508
0.7557506406	0.2442493594	0.9704516256	0.5197087556
0.7567516216	0.2432483784	0.9707299142	0.5192466416
0.7577526026	0.2422473974	0.9710065517	0.518785307
0.7587535836	0.2412464164	0.9712815433	0.5183247499
0.7597545646	0.2402454354	0.9715548943	0.5178649686
0.7607555455	0.2392444545	0.9718266097	0.5174059612
0.7617565265	0.2382434735	0.9720966948	0.5169477259
0.7627575075	0.2372424925	0.9723651548	0.516490261
0.7637584885	0.2362415115	0.9726319947	0.5160335647
0.7647594695	0.2352405305	0.9728972198	0.5155776351
0.7657604505	0.2342395495	0.973160835	0.5151224705
0.7667614314	0.2332385686	0.9734228456	0.5146680691
0.7677624124	0.2322375876	0.9736832566	0.5142144292
0.7687633934	0.2312366066	0.9739420731	0.513761549
0.7697643744	0.2302356256	0.9741993002	0.5133094267
0.7707653554	0.2292346446	0.9744549428	0.5128580606
0.7717663363	0.2282336637	0.974709006	0.5124074489
0.7727673173	0.2272326827	0.9749614949	0.5119575899
0.7737682983	0.2262317017	0.9752124145	0.5115084818
0.7747692793	0.2252307207	0.9754617697	0.5110601229
0.7757702603	0.2242297397	0.9757095655	0.5106125115
0.7767712412	0.2232287588	0.9759558068	0.5101656458
0.7777722222	0.2222277778	0.9762004987	0.5097195241
0.7787732032	0.2212267968	0.9764436461	0.5092741447
0.7797741842	0.2202258158	0.9766852538	0.5088295058
0.7807751652	0.2192248348	0.9769253268	0.5083856059
0.7817761461	0.2182238539	0.97716387	0.5079424431
0.7827771271	0.2172228729	0.9774008883	0.5075000157
0.7837781081	0.2162218919	0.9776363865	0.5070583222
0.7847790891	0.2152209109	0.9778703695	0.5066173607
0.7857800701	0.2142199299	0.9781028422	0.5061771296
0.7867810511	0.2132189489	0.9783338092	0.5057376272
0.787782032	0.212217968	0.9785632756	0.5052988518
0.788783013	0.211216987	0.978791246	0.5048608018
0.789783994	0.210216006	0.9790177252	0.5044234754
0.790784975	0.209215025	0.9792427181	0.5039868711
0.791785956	0.208214044	0.9794662294	0.5035509871
0.7927869369	0.2072130631	0.9796882637	0.5031158219
0.7937879179	0.2062120821	0.979908826	0.5026813737
0.7947888989	0.2052111011	0.9801279208	0.5022476409
0.7957898799	0.2042101201	0.9803455529	0.5018146219
0.7967908609	0.2032091391	0.980561727	0.501382315
0.7977918418	0.2022081582	0.9807764477	0.5009507186
0.7987928228	0.2012071772	0.9809897197	0.500519831
0.7997938038	0.2002061962	0.9812015478	0.5000896507
0.8007947848	0.1992052152	0.9814119364	0.499660176
0.8017957658	0.1982042342	0.9816208902	0.4992314053
0.8027967467	0.1972032533	0.9818284139	0.498803337
0.8037977277	0.1962022723	0.9820345121	0.4983759695
0.8047987087	0.1952012913	0.9822391893	0.4979493012
0.8057996897	0.1942003103	0.9824424501	0.4975233304
0.8068006707	0.1931993293	0.982644299	0.4970980557
0.8078016517	0.1921983483	0.9828447407	0.4966734753
0.8088026326	0.1911973674	0.9830437796	0.4962495878
0.8098036136	0.1901963864	0.9832414203	0.4958263914
0.8108045946	0.1891954054	0.9834376672	0.4954038848
0.8118055756	0.1881944244	0.9836325249	0.4949820662
0.8128065566	0.1871934434	0.9838259979	0.4945609341
0.8138075375	0.1861924625	0.9840180906	0.4941404869
0.8148085185	0.1851914815	0.9842088074	0.4937207232
0.8158094995	0.1841905005	0.9843981529	0.4933016413
0.8168104805	0.1831895195	0.9845861314	0.4928832396
0.8178114615	0.1821885385	0.9847727474	0.4924655167
0.8188124424	0.1811875576	0.9849580053	0.492048471
0.8198134234	0.1801865766	0.9851419094	0.4916321009
0.8208144044	0.1791855956	0.9853244641	0.4912164049
0.8218153854	0.1781846146	0.9855056739	0.4908013815
0.8228163664	0.1771836336	0.985685543	0.4903870292
0.8238173473	0.1761826527	0.9858640758	0.4899733464
0.8248183283	0.1751816717	0.9860412767	0.4895603316
0.8258193093	0.1741806907	0.9862171499	0.4891479832
0.8268202903	0.1731797097	0.9863916997	0.4887362999
0.8278212713	0.1721787287	0.9865649305	0.4883252801
0.8288222523	0.1711777477	0.9867368465	0.4879149222
0.8298232332	0.1701767668	0.986907452	0.4875052248
0.8308242142	0.1691757858	0.9870767512	0.4870961864
0.8318251952	0.1681748048	0.9872447484	0.4866878055
0.8328261762	0.1671738238	0.9874114478	0.4862800806
0.8338271572	0.1661728428	0.9875768536	0.4858730102
0.8348281381	0.1651718619	0.98774097	0.4854665928
0.8358291191	0.1641708809	0.9879038013	0.485060827
0.8368301001	0.1631698999	0.9880653515	0.4846557114
0.8378310811	0.1621689189	0.9882256249	0.4842512443
0.8388320621	0.1611679379	0.9883846256	0.4838474244
0.839833043	0.160166957	0.9885423578	0.4834442503
0.840834024	0.159165976	0.9886988255	0.4830417204
0.841835005	0.158164995	0.988854033	0.4826398333
0.842835986	0.157164014	0.9890079842	0.4822385875
0.843836967	0.156163033	0.9891606833	0.4818379817
0.8448379479	0.1551620521	0.9893121345	0.4814380144
0.8458389289	0.1541610711	0.9894623416	0.4810386841
0.8468399099	0.1531600901	0.9896113089	0.4806399894
0.8478408909	0.1521591091	0.9897590404	0.4802419289
0.8488418719	0.1511581281	0.98990554	0.4798445012
0.8498428529	0.1501571471	0.9900508118	0.4794477048
0.8508438338	0.1491561662	0.9901948598	0.4790515383
0.8518448148	0.1481551852	0.990337688	0.4786560003
0.8528457958	0.1471542042	0.9904793005	0.4782610895
0.8538467768	0.1461532232	0.9906197011	0.4778668043
0.8548477578	0.1451522422	0.9907588938	0.4774731435
0.8558487387	0.1441512613	0.9908968826	0.4770801055
0.8568497197	0.1431502803	0.9910336714	0.4766876891
0.8578507007	0.1421492993	0.9911692642	0.4762958928
0.8588516817	0.1411483183	0.9913036648	0.4759047152
0.8598526627	0.1401473373	0.9914368772	0.475514155
0.8608536436	0.1391463564	0.9915689052	0.4751242107
0.8618546246	0.1381453754	0.9916997528	0.4747348811
0.8628556056	0.1371443944	0.9918294237	0.4743461646
0.8638565866	0.1361434134	0.991957922	0.4739580601
0.8648575676	0.1351424324	0.9920852513	0.473570566
0.8658585485	0.1341414515	0.9922114155	0.4731836811
0.8668595295	0.1331404705	0.9923364185	0.472797404
0.8678605105	0.1321394895	0.9924602641	0.4724117333
0.8688614915	0.1311385085	0.992582956	0.4720266677
0.8698624725	0.1301375275	0.992704498	0.4716422058
0.8708634535	0.1291365465	0.992824894	0.4712583463
0.8718644344	0.1281355656	0.9929441477	0.4708750879
0.8728654154	0.1271345846	0.9930622628	0.4704924292
0.8738663964	0.1261336036	0.9931792431	0.4701103689
0.8748673774	0.1251326226	0.9932950924	0.4697289057
0.8758683584	0.1241316416	0.9934098142	0.4693480382
0.8768693393	0.1231306607	0.9935234124	0.4689677652
0.8778703203	0.1221296797	0.9936358906	0.4685880852
0.8788713013	0.1211286987	0.9937472526	0.4682089971
0.8798722823	0.1201277177	0.993857502	0.4678304994
0.8808732633	0.1191267367	0.9939666424	0.467452591
0.8818742442	0.1181257558	0.9940746775	0.4670752704
0.8828752252	0.1171247748	0.994181611	0.4666985364
0.8838762062	0.1161237938	0.9942874465	0.4663223876
0.8848771872	0.1151228128	0.9943921876	0.4659468229
0.8858781682	0.1141218318	0.9944958379	0.4655718409
0.8868791491	0.1131208509	0.994598401	0.4651974403
0.8878801301	0.1121198699	0.9946998805	0.4648236198
0.8888811111	0.1111188889	0.99480028	0.4644503782
0.8898820921	0.1101179079	0.994899603	0.4640777142
0.8908830731	0.1091169269	0.9949978531	0.4637056265
0.8918840541	0.1081159459	0.9950950338	0.4633341138
0.892885035	0.107114965	0.9951911488	0.462963175
0.893886016	0.106113984	0.9952862014	0.4625928086
0.894886997	0.105113003	0.9953801952	0.4622230136
0.895887978	0.104112022	0.9954731337	0.4618537885
0.896888959	0.103111041	0.9955650204	0.4614851322
0.8978899399	0.1021100601	0.9956558588	0.4611170434
0.8988909209	0.1011090791	0.9957456523	0.4607495209
0.8998919019	0.1001080981	0.9958344044	0.4603825635
0.9008928829	0.09910711712	0.9959221185	0.4600161698
0.9018938639	0.09810613614	0.9960087982	0.4596503387
0.9028948448	0.09710515516	0.9960944467	0.4592850689
0.9038958258	0.09610417417	0.9961790676	0.4589203592
0.9048968068	0.09510319319	0.9962626642	0.4585562084
0.9058977878	0.09410221221	0.9963452399	0.4581926153
0.9068987688	0.09310123123	0.9964267981	0.4578295786
0.9078997497	0.09210025025	0.9965073422	0.4574670972
0.9089007307	0.09109926927	0.9965868755	0.4571051697
0.9099017117	0.09009828829	0.9966654015	0.4567437951
0.9109026927	0.08909730731	0.9967429233	0.456382972
0.9119036737	0.08809632633	0.9968194445	0.4560226994
0.9129046547	0.08709534535	0.9968949683	0.455662976
0.9139056356	0.08609436436	0.9969694979	0.4553038006
0.9149066166	0.08509338338	0.9970430368	0.454945172
0.9159075976	0.0840924024	0.9971155882	0.454587089
0.9169085786	0.08309142142	0.9971871554	0.4542295505
0.9179095596	0.08209044044	0.9972577416	0.4538725553
0.9189105405	0.08108945946	0.9973273502	0.4535161021
0.9199115215	0.08008847848	0.9973959843	0.4531601899
0.9209125025	0.0790874975	0.9974636472	0.4528048174
0.9219134835	0.07808651652	0.9975303422	0.4524499834
0.9229144645	0.07708553554	0.9975960725	0.4520956869
0.9239154454	0.07608455455	0.9976608413	0.4517419266
0.9249164264	0.07508357357	0.9977246517	0.4513887014
0.9259174074	0.07408259259	0.997787507	0.4510360101
0.9269183884	0.07308161161	0.9978494104	0.4506838516
0.9279193694	0.07208063063	0.997910365	0.4503322247
0.9289203504	0.07107964965	0.997970374	0.4499811282
0.9299213313	0.07007866867	0.9980294406	0.4496305611
0.9309223123	0.06907768769	0.9980875678	0.4492805222
0.9319232933	0.06807670671	0.9981447589	0.4489310103
0.9329242743	0.06707572573	0.9982010169	0.4485820244
0.9339252553	0.06607474474	0.998256345	0.4482335632
0.9349262362	0.06507376376	0.9983107463	0.4478856257
0.9359272172	0.06407278278	0.9983642238	0.4475382107
0.9369281982	0.0630718018	0.9984167807	0.4471913171
0.9379291792	0.06207082082	0.9984684201	0.4468449437
0.9389301602	0.06106983984	0.9985191449	0.4464990896
0.9399311411	0.06006885886	0.9985689583	0.4461537535
0.9409321221	0.05906787788	0.9986178632	0.4458089343
0.9419331031	0.0580668969	0.9986658629	0.4454646309
0.9429340841	0.05706591592	0.9987129601	0.4451208423
0.9439350651	0.05606493493	0.9987591581	0.4447775673
0.944936046	0.05506395395	0.9988044598	0.4444348048
0.945937027	0.05406297297	0.9988488682	0.4440925537
0.946938008	0.05306199199	0.9988923863	0.443750813
0.947938989	0.05206101101	0.998935017	0.4434095815
0.94893997	0.05106003003	0.9989767634	0.4430688582
0.949940951	0.05005904905	0.9990176284	0.4427286419
0.9509419319	0.04905806807	0.999057615	0.4423889316
0.9519429129	0.04805708709	0.9990967261	0.4420497262
0.9529438939	0.04705610611	0.9991349646	0.4417110247
0.9539448749	0.04605512513	0.9991723336	0.4413728259
0.9549458559	0.04505414414	0.9992088358	0.4410351288
0.9559468368	0.04405316316	0.9992444742	0.4406979323
0.9569478178	0.04305218218	0.9992792517	0.4403612353
0.9579487988	0.0420512012	0.9993131713	0.4400250369
0.9589497798	0.04105022022	0.9993462357	0.4396893358
0.9599507608	0.04004923924	0.9993784478	0.4393541312
0.9609517417	0.03904825826	0.9994098106	0.4390194219
0.9619527227	0.03804727728	0.9994403268	0.4386852068
0.9629537037	0.0370462963	0.9994699994	0.4383514849
0.9639546847	0.03604531532	0.9994988311	0.4380182553
0.9649556657	0.03504433433	0.9995268248	0.4376855167
0.9659566466	0.03404335335	0.9995539834	0.4373532683
0.9669576276	0.03304237237	0.9995803095	0.4370215089
0.9679586086	0.03204139139	0.999605806	0.4366902375
0.9689595896	0.03104041041	0.9996304758	0.4363594531
0.9699605706	0.03003942943	0.9996543216	0.4360291547
0.9709615516	0.02903844845	0.9996773461	0.4356993412
0.9719625325	0.02803746747	0.9996995522	0.4353700117
0.9729635135	0.02703648649	0.9997209426	0.435041165
0.9739644945	0.02603550551	0.99974152	0.4347128001
0.9749654755	0.02503452452	0.9997612873	0.4343849162
0.9759664565	0.02403354354	0.999780247	0.4340575121
0.9769674374	0.02303256256	0.9997984021	0.4337305868
0.9779684184	0.02203158158	0.9998157551	0.4334041393
0.9789693994	0.0210306006	0.9998323087	0.4330781687
0.9799703804	0.02002961962	0.9998480658	0.4327526739
0.9809713614	0.01902863864	0.9998630289	0.4324276538
0.9819723423	0.01802765766	0.9998772008	0.4321031077
0.9829733233	0.01702667668	0.9998905841	0.4317790343
0.9839743043	0.0160256957	0.9999031815	0.4314554328
0.9849752853	0.01502471471	0.9999149956	0.4311323021
0.9859762663	0.01402373373	0.9999260292	0.4308096413
0.9869772472	0.01302275275	0.9999362848	0.4304874494
0.9879782282	0.01202177177	0.999945765	0.4301657253
0.9889792092	0.01102079079	0.9999544726	0.4298444682
0.9899801902	0.01001980981	0.99996241	0.429523677
0.9909811712	0.009018828829	0.99996958	0.4292033508
0.9919821522	0.008017847848	0.9999759852	0.4288834886
0.9929831331	0.007016866867	0.999981628	0.4285640894
0.9939841141	0.006015885886	0.9999865111	0.4282451523
0.9949850951	0.005014904905	0.9999906372	0.4279266762
0.9959860761	0.004013923924	0.9999940086	0.4276086603
0.9969870571	0.003012942943	0.9999966281	0.4272911036
0.997988038	0.002011961962	0.9999984981	0.4269740051
0.998989019	0.001010980981	0.9999996212	0.4266573639
0.99999	1e-05	1	0.426341179
