1e-05	0.99999	51042.15859	1.000000029
0.001010980981	0.998989019	28832.0741	1.000289035
0.002011961962	0.997988038	16822.4677	1.001102608
0.003012942943	0.9969870571	10115.14555	1.002383705
0.004013923924	0.9959860761	6254.777364	1.00408177
0.005014904905	0.9949850951	3969.863159	1.00615185
0.006015885886	0.9939841141	2581.66522	1.008553858
0.007016866867	0.9929831331	1717.452872	1.011251939
0.008017847848	0.9919821522	1167.043213	1.014213946
0.009018828829	0.9909811712	808.9362966	1.017410977
0.01001980981	0.9899801902	571.2438879	1.020816992
0.01102079079	0.9889792092	410.4926832	1.024408476
0.01202177177	0.9879782282	299.847846	1.028164154
0.01302275275	0.9869772472	222.4221273	1.032064738
0.01402373373	0.9859762663	167.3933549	1.036092711
0.01502471471	0.9849752853	127.7062594	1.04023214
0.0160256957	0.9839743043	98.68631731	1.04446851
0.01702667668	0.9829733233	77.1887024	1.048788579
0.01802765766	0.9819723423	61.06691938	1.053180251
0.01902863864	0.9809713614	48.83571437	1.057632462
0.02002961962	0.9799703804	39.45398028	1.062135086
0.0210306006	0.9789693994	32.18292594	1.066678841
0.02203158158	0.9779684184	26.49214768	1.071255214
0.02303256256	0.9769674374	21.99661537	1.075856392
0.02403354354	0.9759664565	18.4138751	1.080475197
0.02503452452	0.9749654755	15.53464027	1.085105034
0.02603550551	0.9739644945	13.20235589	1.089739837
0.02703648649	0.9729635135	11.29884658	1.094374028
0.02803746747	0.9719625325	9.734134083	1.099002475
0.02903844845	0.9709615516	8.439142826	1.103620453
0.03003942943	0.9699605706	7.360425603	1.108223618
0.03104041041	0.9689595896	6.456316103	1.112807969
0.03204139139	0.9679586086	5.694098337	1.117369824
0.03304237237	0.9669576276	5.047907258	1.121905799
0.03404335335	0.9659566466	4.49715952	1.126412781
0.03504433433	0.9649556657	4.025371736	1.130887909
0.03604531532	0.9639546847	3.619264161	1.135328554
0.0370462963	0.9629537037	3.268076184	1.139732306
0.03804727728	0.9619527227	2.963040111	1.144096952
0.03904825826	0.9609517417	2.696974073	1.14842047
0.04004923924	0.9599507608	2.463965166	1.152701005
0.04105022022	0.9589497798	2.259121372	1.156936869
0.0420512012	0.9579487988	2.078376237	1.161126518
0.04305218218	0.9569478178	1.918334243	1.165268552
0.04405316316	0.9559468368	1.776147769	1.169361697
0.04505414414	0.9549458559	1.649418672	1.173404802
0.04605512513	0.9539448749	1.536119197	1.17739683
0.04705610611	0.9529438939	1.434528111	1.181336846
0.04805708709	0.9519429129	1.3431789	1.185224015
0.04905806807	0.9509419319	1.260817566	1.189057595
0.05005904905	0.949940951	1.186368104	1.192836927
0.05106003003	0.94893997	1.118904134	1.196561434
0.05206101101	0.947938989	1.057625514	1.200230614
0.05306199199	0.946938008	1.001838977	1.203844034
0.05406297297	0.945937027	0.9509420385	1.207401326
0.05506395395	0.944936046	0.9044095837	1.210902185
0.05606493493	0.9439350651	0.8617826374	1.214346362
0.05706591592	0.9429340841	0.8226589404	1.217733661
0.0580668969	0.9419331031	0.7866850103	1.221063938
0.05906787788	0.9409321221	0.7535494334	1.224337094
0.06006885886	0.9399311411	0.7229771799	1.227553074
0.06106983984	0.9389301602	0.694724771	1.230711866
0.06207082082	0.9379291792	0.6685761595	1.233813494
0.0630718018	0.9369281982	0.6443392085	1.236858018
0.06407278278	0.9359272172	0.6218426723	1.239845533
0.06507376376	0.9349262362	0.6009336031	1.242776163
0.06607474474	0.9339252553	0.581475115	1.245650064
0.06707572573	0.9329242743	0.5633444543	1.248467417
0.06807670671	0.9319232933	0.5464313273	1.251228429
0.06907768769	0.9309223123	0.5306364503	1.253933331
0.07007866867	0.9299213313	0.5158702876	1.256582377
0.07107964965	0.9289203504	0.5020519514	1.259175839
0.07208063063	0.9279193694	0.4891082411	1.26171401
0.07308161161	0.9269183884	0.4769728023	1.2641972
0.07408259259	0.9259174074	0.4655853881	1.266625738
0.07508357357	0.9249164264	0.454891211	1.268999964
0.07608455455	0.9239154454	0.4448403713	1.271320235
0.07708553554	0.9229144645	0.4353873532	1.273586921
0.07808651652	0.9219134835	0.4264905788	1.275800404
0.0790874975	0.9209125025	0.418112014	1.277961075
0.08008847848	0.9199115215	0.4102168178	1.280069338
0.08108945946	0.9189105405	0.4027730317	1.282125606
0.08209044044	0.9179095596	0.3957513025	1.2841303
0.08309142142	0.9169085786	0.3891246353	1.286083847
0.0840924024	0.9159075976	0.3828681732	1.287986686
0.08509338338	0.9149066166	0.3769590002	1.289839257
0.08609436436	0.9139056356	0.3713759643	1.291642009
0.08709534535	0.9129046547	0.3660995192	1.293395397
0.08809632633	0.9119036737	0.3611115819	1.295099878
0.08909730731	0.9109026927	0.3563954047	1.296755914
0.09009828829	0.9099017117	0.3519354599	1.298363972
0.09109926927	0.9089007307	0.3477173355	1.299924522
0.09210025025	0.9078997497	0.3437276416	1.301438034
0.09310123123	0.9068987688	0.3399539251	1.302904984
0.09410221221	0.9058977878	0.3363845928	1.304325847
0.09510319319	0.9048968068	0.3330088415	1.305701101
0.09610417417	0.9038958258	0.3298165949	1.307031226
0.09710515516	0.9028948448	0.3267984458	1.308316701
0.09810613614	0.9018938639	0.3239456041	1.309558006
0.09910711712	0.9008928829	0.3212498483	1.310755622
0.1001080981	0.8998919019	0.3187034829	1.311910028
0.1011090791	0.8988909209	0.316299298	1.313021706
0.1021100601	0.8978899399	0.3140305333	1.314091135
0.103111041	0.896888959	0.3118908449	1.315118793
0.104112022	0.895887978	0.3098742748	1.316105159
0.105113003	0.894886997	0.307975223	1.317050708
0.106113984	0.893886016	0.3061884221	1.317955915
0.107114965	0.892885035	0.3045089135	1.318821255
0.1081159459	0.8918840541	0.3029320262	1.319647199
0.1091169269	0.8908830731	0.3014533565	1.320434216
0.1101179079	0.8898820921	0.3000687501	1.321182775
0.1111188889	0.8888811111	0.298774285	1.32189334
0.1121198699	0.8878801301	0.297566256	1.322566374
0.1131208509	0.8868791491	0.2964411604	1.323202339
0.1141218318	0.8858781682	0.2953956844	1.323801692
0.1151228128	0.8848771872	0.2944266915	1.324364888
0.1161237938	0.8838762062	0.2935312102	1.32489238
0.1171247748	0.8828752252	0.2927064244	1.325384617
0.1181257558	0.8818742442	0.2919496629	1.325842046
0.1191267367	0.8808732633	0.291258391	1.32626511
0.1201277177	0.8798722823	0.2906302014	1.32665425
0.1211286987	0.8788713013	0.2900628069	1.327009903
0.1221296797	0.8778703203	0.289554033	1.327332502
0.1231306607	0.8768693393	0.2891018111	1.327622479
0.1241316416	0.8758683584	0.2887041722	1.327880259
0.1251326226	0.8748673774	0.288359241	1.328106268
0.1261336036	0.8738663964	0.2880652306	1.328300925
0.1271345846	0.8728654154	0.2878204373	1.328464647
0.1281355656	0.8718644344	0.2876232356	1.328597847
0.1291365465	0.8708634535	0.2874720744	1.328700935
0.1301375275	0.8698624725	0.2873654721	1.328774317
0.1311385085	0.8688614915	0.2873020131	1.328818395
0.1321394895	0.8678605105	0.2872803441	1.328833567
0.1331404705	0.8668595295	0.2872991707	1.32882023
0.1341414515	0.8658585485	0.2873572544	1.328778775
0.1351424324	0.8648575676	0.287453409	1.328709588
0.1361434134	0.8638565866	0.2875864986	1.328613054
0.1371443944	0.8628556056	0.2877554342	1.328489554
0.1381453754	0.8618546246	0.287959172	1.328339463
0.1391463564	0.8608536436	0.2881967102	1.328163155
0.1401473373	0.8598526627	0.2884670876	1.327960999
0.1411483183	0.8588516817	0.2887693812	1.32773336
0.1421492993	0.8578507007	0.2891027042	1.3274806
0.1431502803	0.8568497197	0.2894662042	1.327203077
0.1441512613	0.8558487387	0.2898590617	1.326901145
0.1451522422	0.8548477578	0.2902804882	1.326575155
0.1461532232	0.8538467768	0.290729725	1.326225453
0.1471542042	0.8528457958	0.2912060413	1.325852382
0.1481551852	0.8518448148	0.2917087335	1.325456283
0.1491561662	0.8508438338	0.2922371231	1.325037491
0.1501571471	0.8498428529	0.2927905562	1.324596339
0.1511581281	0.8488418719	0.293368402	1.324133154
0.1521591091	0.8478408909	0.2939700519	1.323648262
0.1531600901	0.8468399099	0.2945949182	1.323141985
0.1541610711	0.8458389289	0.2952424334	1.322614639
0.1551620521	0.8448379479	0.2959120492	1.322066541
0.156163033	0.843836967	0.2966032358	1.321497999
0.157164014	0.842835986	0.2973154805	1.320909323
0.158164995	0.841835005	0.2980482877	1.320300814
0.159165976	0.840834024	0.2988011777	1.319672775
0.160166957	0.839833043	0.299573686	1.3190255
0.1611679379	0.8388320621	0.3003653628	1.318359286
0.1621689189	0.8378310811	0.3011757722	1.31767442
0.1631698999	0.8368301001	0.302004492	1.31697119
0.1641708809	0.8358291191	0.3028511124	1.316249879
0.1651718619	0.8348281381	0.3037152362	1.315510768
0.1661728428	0.8338271572	0.3045964778	1.314754132
0.1671738238	0.8328261762	0.3054944632	1.313980247
0.1681748048	0.8318251952	0.3064088288	1.313189381
0.1691757858	0.8308242142	0.3073392216	1.312381802
0.1701767668	0.8298232332	0.3082852986	1.311557773
0.1711777477	0.8288222523	0.3092467264	1.310717556
0.1721787287	0.8278212713	0.3102231806	1.309861408
0.1731797097	0.8268202903	0.3112143458	1.308989584
0.1741806907	0.8258193093	0.3122199149	1.308102334
0.1751816717	0.8248183283	0.3132395892	1.307199908
0.1761826527	0.8238173473	0.3142730775	1.30628255
0.1771836336	0.8228163664	0.3153200964	1.305350503
0.1781846146	0.8218153854	0.3163803697	1.304404006
0.1791855956	0.8208144044	0.317453628	1.303443296
0.1801865766	0.8198134234	0.3185396089	1.302468606
0.1811875576	0.8188124424	0.3196380561	1.301480167
0.1821885385	0.8178114615	0.3207487199	1.300478206
0.1831895195	0.8168104805	0.3218713563	1.29946295
0.1841905005	0.8158094995	0.3230057273	1.298434618
0.1851914815	0.8148085185	0.3241516003	1.297393433
0.1861924625	0.8138075375	0.3253087481	1.296339609
0.1871934434	0.8128065566	0.3264769489	1.29527336
0.1881944244	0.8118055756	0.3276559856	1.294194899
0.1891954054	0.8108045946	0.3288456461	1.293104434
0.1901963864	0.8098036136	0.3300457229	1.29200217
0.1911973674	0.8088026326	0.3312560131	1.290888312
0.1921983483	0.8078016517	0.3324763181	1.289763059
0.1931993293	0.8068006707	0.3337064434	1.28862661
0.1942003103	0.8057996897	0.3349461986	1.287479162
0.1952012913	0.8047987087	0.3361953975	1.286320906
0.1962022723	0.8037977277	0.3374538573	1.285152035
0.1972032533	0.8027967467	0.3387213991	1.283972736
0.1982042342	0.8017957658	0.3399978475	1.282783195
0.1992052152	0.8007947848	0.3412830307	1.281583597
0.2002061962	0.7997938038	0.34257678	1.280374121
0.2012071772	0.7987928228	0.3438789301	1.279154947
0.2022081582	0.7977918418	0.3451893188	1.277926252
0.2032091391	0.7967908609	0.3465077869	1.276688209
0.2042101201	0.7957898799	0.3478341781	1.275440992
0.2052111011	0.7947888989	0.349168339	1.274184769
0.2062120821	0.7937879179	0.3505101192	1.272919708
0.2072130631	0.7927869369	0.3518593706	1.271645976
0.208214044	0.791785956	0.3532159479	1.270363734
0.209215025	0.790784975	0.3545797084	1.269073144
0.210216006	0.789783994	0.3559505117	1.267774365
0.211216987	0.788783013	0.3573282201	1.266467555
0.212217968	0.787782032	0.3587126977	1.265152867
0.2132189489	0.7867810511	0.3601038114	1.263830456
0.2142199299	0.7857800701	0.36150143	1.262500471
0.2152209109	0.7847790891	0.3629054245	1.261163062
0.2162218919	0.7837781081	0.364315668	1.259818376
0.2172228729	0.7827771271	0.3657320355	1.258466557
0.2182238539	0.7817761461	0.3671544042	1.257107749
0.2192248348	0.7807751652	0.3685826532	1.255742092
0.2202258158	0.7797741842	0.3700166631	1.254369727
0.2212267968	0.7787732032	0.3714563168	1.25299079
0.2222277778	0.7777722222	0.3729014987	1.251605418
0.2232287588	0.7767712412	0.3743520949	1.250213743
0.2242297397	0.7757702603	0.3758079935	1.248815899
0.2252307207	0.7747692793	0.3772690839	1.247412015
0.2262317017	0.7737682983	0.3787352572	1.24600222
0.2272326827	0.7727673173	0.3802064062	1.24458664
0.2282336637	0.7717663363	0.3816824251	1.243165402
0.2292346446	0.7707653554	0.3831632096	1.241738628
0.2302356256	0.7697643744	0.3846486569	1.24030644
0.2312366066	0.7687633934	0.3861386657	1.238868958
0.2322375876	0.7677624124	0.3876331359	1.237426301
0.2332385686	0.7667614314	0.389131969	1.235978586
0.2342395495	0.7657604505	0.3906350676	1.234525928
0.2352405305	0.7647594695	0.3921423357	1.233068441
0.2362415115	0.7637584885	0.3936536787	1.231606237
0.2372424925	0.7627575075	0.3951690031	1.230139427
0.2382434735	0.7617565265	0.3966882166	1.22866812
0.2392444545	0.7607555455	0.3982112282	1.227192424
0.2402454354	0.7597545646	0.3997379481	1.225712446
0.2412464164	0.7587535836	0.4012682874	1.224228289
0.2422473974	0.7577526026	0.4028021587	1.222740058
0.2432483784	0.7567516216	0.4043394754	1.221247855
0.2442493594	0.7557506406	0.405880152	1.21975178
0.2452503403	0.7547496597	0.4074241043	1.218251932
0.2462513213	0.7537486787	0.408971249	1.216748409
0.2472523023	0.7527476977	0.4105215037	1.215241308
0.2482532833	0.7517467167	0.4120747871	1.213730725
0.2492542643	0.7507457357	0.413631019	1.212216752
0.2502552452	0.7497447548	0.4151901199	1.210699483
0.2512562262	0.7487437738	0.4167520116	1.209179008
0.2522572072	0.7477427928	0.4183166165	1.207655419
0.2532581882	0.7467418118	0.419883858	1.206128803
0.2542591692	0.7457408308	0.4214536606	1.204599249
0.2552601502	0.7447398498	0.4230259494	1.203066842
0.2562611311	0.7437388689	0.4246006506	1.201531668
0.2572621121	0.7427378879	0.4261776911	1.199993812
0.2582630931	0.7417369069	0.4277569987	1.198453355
0.2592640741	0.7407359259	0.429338502	1.196910379
0.2602650551	0.7397349449	0.4309221304	1.195364966
0.261266036	0.738733964	0.4325078143	1.193817194
0.262267017	0.737732983	0.4340954845	1.192267142
0.263267998	0.736732002	0.4356850729	1.190714886
0.264268979	0.735731021	0.437276512	1.189160504
0.26526996	0.73473004	0.4388697352	1.18760407
0.2662709409	0.7337290591	0.4404646765	1.186045658
0.2672719219	0.7327280781	0.4420612707	1.184485341
0.2682729029	0.7317270971	0.4436594533	1.182923191
0.2692738839	0.7307261161	0.4452591605	1.181359279
0.2702748649	0.7297251351	0.4468603292	1.179793675
0.2712758458	0.7287241542	0.4484628969	1.178226447
0.2722768268	0.7277231732	0.4500668021	1.176657665
0.2732778078	0.7267221922	0.4516719835	1.175087394
0.2742787888	0.7257212112	0.4532783809	1.1735157
0.2752797698	0.7247202302	0.4548859345	1.17194265
0.2762807508	0.7237192492	0.4564945852	1.170368307
0.2772817317	0.7227182683	0.4581042745	1.168792733
0.2782827127	0.7217172873	0.4597149446	1.167215993
0.2792836937	0.7207163063	0.4613265383	1.165638146
0.2802846747	0.7197153253	0.4629389989	1.164059254
0.2812856557	0.7187143443	0.4645522706	1.162479376
0.2822866366	0.7177133634	0.4661662978	1.160898571
0.2832876176	0.7167123824	0.4677810257	1.159316897
0.2842885986	0.7157114014	0.4693964002	1.157734411
0.2852895796	0.7147104204	0.4710123676	1.15615117
0.2862905606	0.7137094394	0.4726288747	1.154567229
0.2872915415	0.7127084585	0.4742458691	1.152982643
0.2882925225	0.7117074775	0.4758632988	1.151397465
0.2892935035	0.7107064965	0.4774811123	1.149811749
0.2902944845	0.7097055155	0.4790992589	1.148225546
0.2912954655	0.7087045345	0.480717688	1.14663891
0.2922964464	0.7077035536	0.4823363499	1.14505189
0.2932974274	0.7067025726	0.4839551954	1.143464536
0.2942984084	0.7057015916	0.4855741757	1.141876899
0.2952993894	0.7047006106	0.4871932424	1.140289025
0.2963003704	0.7036996296	0.4888123479	1.138700965
0.2973013514	0.7026986486	0.4904314449	1.137112763
0.2983023323	0.7016976677	0.4920504866	1.135524468
0.2993033133	0.7006966867	0.4936694268	1.133936124
0.3003042943	0.6996957057	0.4952882197	1.132347778
0.3013052753	0.6986947247	0.4969068201	1.130759472
0.3023062563	0.6976937437	0.4985251831	1.129171252
0.3033072372	0.6966927628	0.5001432643	1.12758316
0.3043082182	0.6956917818	0.50176102	1.125995239
0.3053091992	0.6946908008	0.5033784066	1.12440753
0.3063101802	0.6936898198	0.5049953813	1.122820075
0.3073111612	0.6926888388	0.5066119016	1.121232915
0.3083121421	0.6916878579	0.5082279253	1.119646089
0.3093131231	0.6906868769	0.5098434109	1.118059636
0.3103141041	0.6896858959	0.5114583173	1.116473596
0.3113150851	0.6886849149	0.5130726036	1.114888007
0.3123160661	0.6876839339	0.5146862297	1.113302906
0.313317047	0.686682953	0.5162991556	1.11171833
0.314318028	0.685681972	0.517911342	1.110134316
0.315319009	0.684680991	0.5195227497	1.108550899
0.31631999	0.68368001	0.5211333402	1.106968116
0.317320971	0.682679029	0.5227430753	1.105386
0.318321952	0.681678048	0.5243519172	1.103804586
0.3193229329	0.6806770671	0.5259598286	1.102223908
0.3203239139	0.6796760861	0.5275667725	1.100643998
0.3213248949	0.6786751051	0.5291727123	1.099064891
0.3223258759	0.6776741241	0.5307776118	1.097486617
0.3233268569	0.6766731431	0.5323814352	1.095909208
0.3243278378	0.6756721622	0.5339841472	1.094332696
0.3253288188	0.6746711812	0.5355857127	1.092757112
0.3263297998	0.6736702002	0.5371860971	1.091182485
0.3273307808	0.6726692192	0.5387852661	1.089608845
0.3283317618	0.6716682382	0.5403831859	1.088036221
0.3293327427	0.6706672573	0.541979823	1.086464643
0.3303337237	0.6696662763	0.5435751442	1.084894138
0.3313347047	0.6686652953	0.5451691167	1.083324734
0.3323356857	0.6676643143	0.5467617081	1.08175646
0.3333366667	0.6666633333	0.5483528864	1.080189341
0.3343376476	0.6656623524	0.5499426199	1.078623404
0.3353386286	0.6646613714	0.5515308772	1.077058675
0.3363396096	0.6636603904	0.5531176274	1.075495181
0.3373405906	0.6626594094	0.5547028398	1.073932946
0.3383415716	0.6616584284	0.556286484	1.072371995
0.3393425526	0.6606574474	0.5578685302	1.070812353
0.3403435335	0.6596564665	0.5594489487	1.069254043
0.3413445145	0.6586554855	0.5610277102	1.06769709
0.3423454955	0.6576545045	0.5626047858	1.066141516
0.3433464765	0.6566535235	0.5641801469	1.064587344
0.3443474575	0.6556525425	0.5657537651	1.063034597
0.3453484384	0.6546515616	0.5673256124	1.061483297
0.3463494194	0.6536505806	0.5688956614	1.059933466
0.3473504004	0.6526495996	0.5704638845	1.058385124
0.3483513814	0.6516486186	0.5720302548	1.056838294
0.3493523624	0.6506476376	0.5735947457	1.055292995
0.3503533433	0.6496466567	0.5751573307	1.053749248
0.3513543243	0.6486456757	0.5767179837	1.052207072
0.3523553053	0.6476446947	0.578276679	1.050666488
0.3533562863	0.6466437137	0.5798333911	1.049127515
0.3543572673	0.6456427327	0.5813880949	1.047590171
0.3553582482	0.6446417518	0.5829407656	1.046054475
0.3563592292	0.6436407708	0.5844913784	1.044520445
0.3573602102	0.6426397898	0.5860399093	1.042988099
0.3583611912	0.6416388088	0.5875863341	1.041457456
0.3593621722	0.6406378278	0.5891306293	1.039928531
0.3603631532	0.6396368468	0.5906727714	1.038401342
0.3613641341	0.6386358659	0.5922127373	1.036875907
0.3623651151	0.6376348849	0.5937505042	1.03535224
0.3633660961	0.6366339039	0.5952860495	1.033830359
0.3643670771	0.6356329229	0.5968193511	1.032310279
0.3653680581	0.6346319419	0.5983503868	1.030792015
0.366369039	0.633630961	0.599879135	1.029275583
0.36737002	0.63262998	0.6014055742	1.027760997
0.368371001	0.631628999	0.6029296833	1.026248273
0.369371982	0.630628018	0.6044514414	1.024737425
0.370372963	0.629627037	0.6059708277	1.023228466
0.3713739439	0.6286260561	0.6074878221	1.021721411
0.3723749249	0.6276250751	0.6090024042	1.020216273
0.3733759059	0.6266240941	0.6105145544	1.018713065
0.3743768869	0.6256231131	0.6120242529	1.017211801
0.3753778679	0.6246221321	0.6135314804	1.015712494
0.3763788488	0.6236211512	0.615036218	1.014215155
0.3773798298	0.6226201702	0.6165384466	1.012719798
0.3783808108	0.6216191892	0.6180381478	1.011226433
0.3793817918	0.6206182082	0.6195353033	1.009735074
0.3803827728	0.6196172272	0.6210298948	1.008245732
0.3813837538	0.6186162462	0.6225219046	1.006758417
0.3823847347	0.6176152653	0.624011315	1.005273142
0.3833857157	0.6166142843	0.6254981088	1.003789916
0.3843866967	0.6156133033	0.6269822687	1.002308751
0.3853876777	0.6146123223	0.6284637778	1.000829658
0.3863886587	0.6136113413	0.6299426196	0.9993526455
0.3873896396	0.6126103604	0.6314187776	0.9978777245
0.3883906206	0.6116093794	0.6328922355	0.9964049047
0.3893916016	0.6106083984	0.6343629775	0.9949341957
0.3903925826	0.6096074174	0.6358309878	0.9934656067
0.3913935636	0.6086064364	0.6372962508	0.9919991471
0.3923945445	0.6076054555	0.6387587513	0.9905348257
0.3933955255	0.6066044745	0.6402184741	0.9890726513
0.3943965065	0.6056034935	0.6416754046	0.9876126325
0.3953974875	0.6046025125	0.6431295279	0.9861547777
0.3963984685	0.6036015315	0.6445808297	0.9846990952
0.3973994494	0.6026005506	0.6460292958	0.9832455928
0.3984004304	0.6015995696	0.6474749122	0.9817942784
0.3994014114	0.6005985886	0.6489176651	0.9803451596
0.4004023924	0.5995976076	0.6503575409	0.978898244
0.4014033734	0.5985966266	0.6517945262	0.9774535387
0.4024043544	0.5975956456	0.653228608	0.9760110509
0.4034053353	0.5965946647	0.6546597733	0.9745707875
0.4044063163	0.5955936837	0.6560880092	0.9731327553
0.4054072973	0.5945927027	0.6575133032	0.9716969608
0.4064082783	0.5935917217	0.6589356431	0.9702634105
0.4074092593	0.5925907407	0.6603550165	0.9688321105
0.4084102402	0.5915897598	0.6617714117	0.9674030671
0.4094112212	0.5905887788	0.6631848167	0.9659762862
0.4104122022	0.5895877978	0.66459522	0.9645517734
0.4114131832	0.5885868168	0.6660026103	0.9631295345
0.4124141642	0.5875858358	0.6674069763	0.9617095749
0.4134151451	0.5865848549	0.668808307	0.9602918999
0.4144161261	0.5855838739	0.6702065916	0.9588765147
0.4154171071	0.5845828929	0.6716018195	0.9574634242
0.4164180881	0.5835819119	0.6729939802	0.9560526335
0.4174190691	0.5825809309	0.6743830635	0.9546441472
0.4184200501	0.5815799499	0.6757690591	0.9532379698
0.419421031	0.580578969	0.6771519574	0.9518341059
0.420422012	0.579577988	0.6785317484	0.9504325598
0.421422993	0.578577007	0.6799084226	0.9490333356
0.422423974	0.577576026	0.6812819707	0.9476364373
0.423424955	0.576575045	0.6826523834	0.946241869
0.4244259359	0.5755740641	0.6840196517	0.9448496343
0.4254269169	0.5745730831	0.6853837667	0.9434597369
0.4264278979	0.5735721021	0.6867447196	0.9420721803
0.4274288789	0.5725711211	0.6881025021	0.9406869681
0.4284298599	0.5715701401	0.6894571056	0.9393041033
0.4294308408	0.5705691592	0.690808522	0.9379235892
0.4304318218	0.5695681782	0.6921567432	0.9365454289
0.4314328028	0.5685671972	0.6935017614	0.9351696251
0.4324337838	0.5675662162	0.6948435687	0.9337961809
0.4334347648	0.5665652352	0.6961821577	0.9324250987
0.4344357457	0.5655642543	0.6975175209	0.9310563813
0.4354367267	0.5645632733	0.6988496511	0.9296900311
0.4364377077	0.5635622923	0.7001785411	0.9283260504
0.4374386887	0.5625613113	0.7015041841	0.9269644415
0.4384396697	0.5615603303	0.7028265731	0.9256052065
0.4394406507	0.5605593493	0.7041457017	0.9242483475
0.4404416316	0.5595583684	0.7054615632	0.9228938663
0.4414426126	0.5585573874	0.7067741513	0.9215417649
0.4424435936	0.5575564064	0.7080834598	0.920192045
0.4434445746	0.5565554254	0.7093894827	0.9188447081
0.4444455556	0.5555544444	0.710692214	0.9174997558
0.4454465365	0.5545534635	0.7119916479	0.9161571896
0.4464475175	0.5535524825	0.7132877789	0.9148170108
0.4474484985	0.5525515015	0.7145806014	0.9134792206
0.4484494795	0.5515505205	0.7158701101	0.9121438203
0.4494504605	0.5505495395	0.7171562997	0.9108108107
0.4504514414	0.5495485586	0.7184391652	0.909480193
0.4514524224	0.5485475776	0.7197187017	0.9081519681
0.4524534034	0.5475465966	0.7209949042	0.9068261366
0.4534543844	0.5465456156	0.7222677682	0.9055026994
0.4544553654	0.5455446346	0.7235372891	0.904181657
0.4554563463	0.5445436537	0.7248034624	0.90286301
0.4564573273	0.5435426727	0.726066284	0.9015467588
0.4574583083	0.5425416917	0.7273257495	0.9002329039
0.4584592893	0.5415407107	0.7285818551	0.8989214456
0.4594602703	0.5405397297	0.7298345967	0.897612384
0.4604612513	0.5395387487	0.7310839706	0.8963057193
0.4614622322	0.5385377678	0.7323299732	0.8950014515
0.4624632132	0.5375367868	0.7335726008	0.8936995807
0.4634641942	0.5365358058	0.7348118501	0.8924001069
0.4644651752	0.5355348248	0.7360477178	0.8911030297
0.4654661562	0.5345338438	0.7372802006	0.889808349
0.4664671371	0.5335328629	0.7385092956	0.8885160645
0.4674681181	0.5325318819	0.7397349998	0.8872261759
0.4684690991	0.5315309009	0.7409573103	0.8859386826
0.4694700801	0.5305299199	0.7421762245	0.8846535843
0.4704710611	0.5295289389	0.7433917397	0.8833708802
0.471472042	0.528527958	0.7446038534	0.8820905699
0.472473023	0.527526977	0.7458125633	0.8808126525
0.473474004	0.526525996	0.747017867	0.8795371273
0.474474985	0.525525015	0.7482197625	0.8782639935
0.475475966	0.524524034	0.7494182477	0.8769932503
0.4764769469	0.5235230531	0.7506133206	0.8757248965
0.4774779279	0.5225220721	0.7518049793	0.8744589313
0.4784789089	0.5215210911	0.7529932223	0.8731953535
0.4794798899	0.5205201101	0.7541780477	0.8719341621
0.4804808709	0.5195191291	0.7553594541	0.8706753558
0.4814818519	0.5185181481	0.7565374401	0.8694189334
0.4824828328	0.5175171672	0.7577120044	0.8681648936
0.4834838138	0.5165161862	0.7588831456	0.866913235
0.4844847948	0.5155152052	0.7600508627	0.8656639563
0.4854857758	0.5145142242	0.7612151547	0.864417056
0.4864867568	0.5135132432	0.7623760206	0.8631725325
0.4874877377	0.5125122623	0.7635334595	0.8619303843
0.4884887187	0.5115112813	0.7646874708	0.8606906098
0.4894896997	0.5105103003	0.7658380538	0.8594532074
0.4904906807	0.5095093193	0.7669852079	0.8582181752
0.4914916617	0.5085083383	0.7681289327	0.8569855116
0.4924926426	0.5075073574	0.7692692278	0.8557552147
0.4934936236	0.5065063764	0.770406093	0.8545272827
0.4944946046	0.5055053954	0.7715395279	0.8533017137
0.4954955856	0.5045044144	0.7726695326	0.8520785057
0.4964965666	0.5035034334	0.773796107	0.8508576568
0.4974975475	0.5025024525	0.7749192512	0.8496391648
0.4984985285	0.5015014715	0.7760389654	0.8484230278
0.4994995095	0.5005004905	0.7771552497	0.8472092436
0.5005004905	0.4994995095	0.7782681045	0.84599781
0.5015014715	0.4984985285	0.7793775303	0.8447887248
0.5025024525	0.4974975475	0.7804835275	0.8435819859
0.5035034334	0.4964965666	0.7815860967	0.8423775908
0.5045044144	0.4954955856	0.7826852385	0.8411755374
0.5055053954	0.4944946046	0.7837809537	0.8399758231
0.5065063764	0.4934936236	0.7848732431	0.8387784457
0.5075073574	0.4924926426	0.7859621076	0.8375834026
0.5085083383	0.4914916617	0.7870475482	0.8363906915
0.5095093193	0.4904906807	0.7881295658	0.8352003098
0.5105103003	0.4894896997	0.7892081617	0.8340122549
0.5115112813	0.4884887187	0.7902833371	0.8328265244
0.5125122623	0.4874877377	0.7913550931	0.8316431155
0.5135132432	0.4864867568	0.7924234311	0.8304620256
0.5145142242	0.4854857758	0.7934883527	0.829283252
0.5155152052	0.4844847948	0.7945498591	0.8281067921
0.5165161862	0.4834838138	0.7956079521	0.8269326431
0.5175171672	0.4824828328	0.7966626333	0.8257608022
0.5185181481	0.4814818519	0.7977139042	0.8245912666
0.5195191291	0.4804808709	0.7987617668	0.8234240335
0.5205201101	0.4794798899	0.7998062229	0.8222591
0.5215210911	0.4784789089	0.8008472742	0.8210964632
0.5225220721	0.4774779279	0.8018849229	0.8199361201
0.5235230531	0.4764769469	0.802919171	0.818778068
0.524524034	0.475475966	0.8039500206	0.8176223037
0.525525015	0.474474985	0.8049774737	0.8164688242
0.526525996	0.473474004	0.8060015327	0.8153176266
0.527526977	0.472473023	0.8070221999	0.8141687077
0.528527958	0.471472042	0.8080394776	0.8130220645
0.5295289389	0.4704710611	0.8090533682	0.8118776939
0.5305299199	0.4694700801	0.8100638742	0.8107355927
0.5315309009	0.4684690991	0.8110709981	0.8095957579
0.5325318819	0.4674681181	0.8120747426	0.8084581861
0.5335328629	0.4664671371	0.8130751103	0.8073228742
0.5345338438	0.4654661562	0.8140721039	0.806189819
0.5355348248	0.4644651752	0.8150657261	0.8050590172
0.5365358058	0.4634641942	0.8160559799	0.8039304655
0.5375367868	0.4624632132	0.817042868	0.8028041607
0.5385377678	0.4614622322	0.8180263935	0.8016800995
0.5395387487	0.4604612513	0.8190065593	0.8005582784
0.5405397297	0.4594602703	0.8199833685	0.7994386942
0.5415407107	0.4584592893	0.8209568241	0.7983213435
0.5425416917	0.4574583083	0.8219269294	0.7972062229
0.5435426727	0.4564573273	0.8228936875	0.7960933289
0.5445436537	0.4554563463	0.8238571017	0.7949826581
0.5455446346	0.4544553654	0.8248171753	0.7938742072
0.5465456156	0.4534543844	0.8257739117	0.7927679725
0.5475465966	0.4524534034	0.8267273143	0.7916639507
0.5485475776	0.4514524224	0.8276773864	0.7905621382
0.5495485586	0.4504514414	0.8286241318	0.7894625315
0.5505495395	0.4494504605	0.8295675538	0.788365127
0.5515505205	0.4484494795	0.8305076561	0.7872699213
0.5525515015	0.4474484985	0.8314444424	0.7861769107
0.5535524825	0.4464475175	0.8323779164	0.7850860917
0.5545534635	0.4454465365	0.8333080817	0.7839974607
0.5555544444	0.4444455556	0.8342349422	0.782911014
0.5565554254	0.4434445746	0.8351585017	0.781826748
0.5575564064	0.4424435936	0.8360787641	0.7807446591
0.5585573874	0.4414426126	0.8369957333	0.7796647436
0.5595583684	0.4404416316	0.8379094133	0.7785869978
0.5605593493	0.4394406507	0.8388198081	0.7775114182
0.5615603303	0.4384396697	0.8397269216	0.7764380009
0.5625613113	0.4374386887	0.8406307581	0.7753667422
0.5635622923	0.4364377077	0.8415313216	0.7742976386
0.5645632733	0.4354367267	0.8424286163	0.7732306861
0.5655642543	0.4344357457	0.8433226465	0.7721658811
0.5665652352	0.4334347648	0.8442134162	0.7711032198
0.5675662162	0.4324337838	0.84510093	0.7700426984
0.5685671972	0.4314328028	0.8459851919	0.7689843133
0.5695681782	0.4304318218	0.8468662066	0.7679280605
0.5705691592	0.4294308408	0.8477439782	0.7668739363
0.5715701401	0.4284298599	0.8486185113	0.7658219369
0.5725711211	0.4274288789	0.8494898103	0.7647720584
0.5735721021	0.4264278979	0.8503578798	0.7637242971
0.5745730831	0.4254269169	0.8512227243	0.7626786491
0.5755740641	0.4244259359	0.8520843483	0.7616351106
0.576575045	0.423424955	0.8529427564	0.7605936776
0.577576026	0.422423974	0.8537979534	0.7595543464
0.578577007	0.421422993	0.8546499439	0.7585171131
0.579577988	0.420422012	0.8554987326	0.7574819738
0.580578969	0.419421031	0.8563443242	0.7564489246
0.5815799499	0.4184200501	0.8571867235	0.7554179616
0.5825809309	0.4174190691	0.8580259354	0.754389081
0.5835819119	0.4164180881	0.8588619646	0.7533622787
0.5845828929	0.4154171071	0.859694816	0.752337551
0.5855838739	0.4144161261	0.8605244945	0.7513148939
0.5865848549	0.4134151451	0.8613510051	0.7502943034
0.5875858358	0.4124141642	0.8621743527	0.7492757756
0.5885868168	0.4114131832	0.8629945423	0.7482593067
0.5895877978	0.4104122022	0.8638115789	0.7472448925
0.5905887788	0.4094112212	0.8646254675	0.7462325293
0.5915897598	0.4084102402	0.8654362133	0.7452222131
0.5925907407	0.4074092593	0.8662438212	0.7442139398
0.5935917217	0.4064082783	0.8670482965	0.7432077056
0.5945927027	0.4054072973	0.8678496442	0.7422035064
0.5955936837	0.4044063163	0.8686478696	0.7412013383
0.5965946647	0.4034053353	0.8694429778	0.7402011973
0.5975956456	0.4024043544	0.8702349741	0.7392030795
0.5985966266	0.4014033734	0.8710238637	0.7382069808
0.5995976076	0.4004023924	0.8718096518	0.7372128972
0.6005985886	0.3994014114	0.8725923439	0.7362208249
0.6015995696	0.3984004304	0.8733719452	0.7352307597
0.6026005506	0.3973994494	0.874148461	0.7342426977
0.6036015315	0.3963984685	0.8749218967	0.7332566349
0.6046025125	0.3953974875	0.8756922577	0.7322725672
0.6056034935	0.3943965065	0.8764595494	0.7312904907
0.6066044745	0.3933955255	0.8772237773	0.7303104014
0.6076054555	0.3923945445	0.8779849468	0.7293322953
0.6086064364	0.3913935636	0.8787430633	0.7283561683
0.6096074174	0.3903925826	0.8794981323	0.7273820164
0.6106083984	0.3893916016	0.8802501595	0.7264098356
0.6116093794	0.3883906206	0.8809991502	0.725439622
0.6126103604	0.3873896396	0.8817451101	0.7244713714
0.6136113413	0.3863886587	0.8824880447	0.7235050798
0.6146123223	0.3853876777	0.8832279596	0.7225407434
0.6156133033	0.3843866967	0.8839648605	0.7215783579
0.6166142843	0.3833857157	0.8846987529	0.7206179194
0.6176152653	0.3823847347	0.8854296425	0.7196594239
0.6186162462	0.3813837538	0.8861575349	0.7187028673
0.6196172272	0.3803827728	0.8868824359	0.7177482457
0.6206182082	0.3793817918	0.8876043511	0.716795555
0.6216191892	0.3783808108	0.8883232863	0.7158447911
0.6226201702	0.3773798298	0.8890392471	0.7148959501
0.6236211512	0.3763788488	0.8897522393	0.7139490279
0.6246221321	0.3753778679	0.8904622687	0.7130040205
0.6256231131	0.3743768869	0.891169341	0.7120609239
0.6266240941	0.3733759059	0.8918734621	0.7111197341
0.6276250751	0.3723749249	0.8925746377	0.710180447
0.6286260561	0.3713739439	0.8932728736	0.7092430586
0.629627037	0.370372963	0.8939681758	0.7083075649
0.630628018	0.369371982	0.8946605499	0.7073739619
0.631628999	0.368371001	0.895350002	0.7064422455
0.63262998	0.36737002	0.8960365378	0.7055124117
0.633630961	0.366369039	0.8967201632	0.7045844566
0.6346319419	0.3653680581	0.8974008841	0.7036583761
0.6356329229	0.3643670771	0.8980787065	0.7027341661
0.6366339039	0.3633660961	0.8987536363	0.7018118228
0.6376348849	0.3623651151	0.8994256794	0.700891342
0.6386358659	0.3613641341	0.9000948417	0.6999727198
0.6396368468	0.3603631532	0.9007611291	0.6990559522
0.6406378278	0.3593621722	0.9014245478	0.6981410351
0.6416388088	0.3583611912	0.9020851035	0.6972279645
0.6426397898	0.3573602102	0.9027428024	0.6963167365
0.6436407708	0.3563592292	0.9033976504	0.6954073471
0.6446417518	0.3553582482	0.9040496535	0.6944997923
0.6456427327	0.3543572673	0.9046988177	0.693594068
0.6466437137	0.3533562863	0.9053451491	0.6926901703
0.6476446947	0.3523553053	0.9059886537	0.6917880952
0.6486456757	0.3513543243	0.9066293375	0.6908878387
0.6496466567	0.3503533433	0.9072672066	0.6899893969
0.6506476376	0.3493523624	0.907902267	0.6890927657
0.6516486186	0.3483513814	0.9085345248	0.6881979412
0.6526495996	0.3473504004	0.909163986	0.6873049194
0.6536505806	0.3463494194	0.9097906569	0.6864136964
0.6546515616	0.3453484384	0.9104145434	0.6855242681
0.6556525425	0.3443474575	0.9110356516	0.6846366307
0.6566535235	0.3433464765	0.9116539876	0.6837507802
0.6576545045	0.3423454955	0.9122695577	0.6828667125
0.6586554855	0.3413445145	0.9128823677	0.6819844239
0.6596564665	0.3403435335	0.913492424	0.6811039102
0.6606574474	0.3393425526	0.9140997326	0.6802251677
0.6616584284	0.3383415716	0.9147042996	0.6793481922
0.6626594094	0.3373405906	0.9153061312	0.67847298
0.6636603904	0.3363396096	0.9159052335	0.6775995271
0.6646613714	0.3353386286	0.9165016127	0.6767278295
0.6656623524	0.3343376476	0.917095275	0.6758578833
0.6666633333	0.3333366667	0.9176862264	0.6749896847
0.6676643143	0.3323356857	0.9182744732	0.6741232297
0.6686652953	0.3313347047	0.9188600215	0.6732585143
0.6696662763	0.3303337237	0.9194428775	0.6723955347
0.6706672573	0.3293327427	0.9200230473	0.6715342871
0.6716682382	0.3283317618	0.9206005372	0.6706747674
0.6726692192	0.3273307808	0.9211753533	0.6698169718
0.6736702002	0.3263297998	0.9217475018	0.6689608965
0.6746711812	0.3253288188	0.9223169889	0.6681065375
0.6756721622	0.3243278378	0.9228838208	0.6672538909
0.6766731431	0.3233268569	0.9234480036	0.666402953
0.6776741241	0.3223258759	0.9240095436	0.6655537197
0.6786751051	0.3213248949	0.924568447	0.6647061874
0.6796760861	0.3203239139	0.92512472	0.663860352
0.6806770671	0.3193229329	0.9256783687	0.6630162098
0.681678048	0.318321952	0.9262293994	0.662173757
0.682679029	0.317320971	0.9267778183	0.6613329896
0.68368001	0.31631999	0.9273236316	0.6604939038
0.684680991	0.315319009	0.9278668454	0.6596564959
0.685681972	0.314318028	0.9284074661	0.6588207619
0.686682953	0.313317047	0.9289454997	0.6579866981
0.6876839339	0.3123160661	0.9294809526	0.6571543007
0.6886849149	0.3113150851	0.9300138309	0.6563235658
0.6896858959	0.3103141041	0.9305441409	0.6554944896
0.6906868769	0.3093131231	0.9310718887	0.6546670684
0.6916878579	0.3083121421	0.9315970805	0.6538412983
0.6926888388	0.3073111612	0.9321197227	0.6530171757
0.6936898198	0.3063101802	0.9326398213	0.6521946966
0.6946908008	0.3053091992	0.9331573826	0.6513738573
0.6956917818	0.3043082182	0.9336724128	0.6505546541
0.6966927628	0.3033072372	0.9341849181	0.6497370831
0.6976937437	0.3023062563	0.9346949047	0.6489211407
0.6986947247	0.3013052753	0.9352023789	0.6481068231
0.6996957057	0.3003042943	0.9357073468	0.6472941265
0.7006966867	0.2993033133	0.9362098146	0.6464830473
0.7016976677	0.2983023323	0.9367097886	0.6456735815
0.7026986486	0.2973013514	0.9372072749	0.6448657256
0.7036996296	0.2963003704	0.9377022798	0.6440594759
0.7047006106	0.2952993894	0.9381948094	0.6432548285
0.7057015916	0.2942984084	0.9386848699	0.6424517799
0.7067025726	0.2932974274	0.9391724675	0.6416503262
0.7077035536	0.2922964464	0.9396576085	0.6408504638
0.7087045345	0.2912954655	0.940140299	0.6400521891
0.7097055155	0.2902944845	0.9406205451	0.6392554983
0.7107064965	0.2892935035	0.9410983531	0.6384603877
0.7117074775	0.2882925225	0.9415737292	0.6376668537
0.7127084585	0.2872915415	0.9420466795	0.6368748926
0.7137094394	0.2862905606	0.9425172103	0.6360845008
0.7147104204	0.2852895796	0.9429853276	0.6352956746
0.7157114014	0.2842885986	0.9434510376	0.6345084104
0.7167123824	0.2832876176	0.9439143466	0.6337227045
0.7177133634	0.2822866366	0.9443752606	0.6329385533
0.7187143443	0.2812856557	0.9448337858	0.6321559531
0.7197153253	0.2802846747	0.9452899285	0.6313749004
0.7207163063	0.2792836937	0.9457436946	0.6305953916
0.7217172873	0.2782827127	0.9461950905	0.629817423
0.7227182683	0.2772817317	0.9466441221	0.629040991
0.7237192492	0.2762807508	0.9470907957	0.6282660921
0.7247202302	0.2752797698	0.9475351174	0.6274927226
0.7257212112	0.2742787888	0.9479770933	0.6267208791
0.7267221922	0.2732778078	0.9484167295	0.6259505578
0.7277231732	0.2722768268	0.9488540322	0.6251817553
0.7287241542	0.2712758458	0.9492890075	0.6244144679
0.7297251351	0.2702748649	0.9497216614	0.6236486922
0.7307261161	0.2692738839	0.9501520001	0.6228844246
0.7317270971	0.2682729029	0.9505800297	0.6221216616
0.7327280781	0.2672719219	0.9510057563	0.6213603995
0.7337290591	0.2662709409	0.9514291859	0.620600635
0.73473004	0.26526996	0.9518503246	0.6198423645
0.735731021	0.264268979	0.9522691786	0.6190855844
0.736732002	0.263267998	0.9526857539	0.6183302913
0.737732983	0.262267017	0.9531000565	0.6175764816
0.738733964	0.261266036	0.9535120926	0.616824152
0.7397349449	0.2602650551	0.9539218681	0.6160732988
0.7407359259	0.2592640741	0.9543293892	0.6153239187
0.7417369069	0.2582630931	0.9547346618	0.6145760081
0.7427378879	0.2572621121	0.955137692	0.6138295636
0.7437388689	0.2562611311	0.9555384858	0.6130845817
0.7447398498	0.2552601502	0.9559370493	0.6123410591
0.7457408308	0.2542591692	0.9563333885	0.6115989921
0.7467418118	0.2532581882	0.9567275093	0.6108583775
0.7477427928	0.2522572072	0.9571194179	0.6101192118
0.7487437738	0.2512562262	0.9575091201	0.6093814916
0.7497447548	0.2502552452	0.9578966219	0.6086452134
0.7507457357	0.2492542643	0.9582819295	0.6079103739
0.7517467167	0.2482532833	0.9586650486	0.6071769696
0.7527476977	0.2472523023	0.9590459854	0.6064449972
0.7537486787	0.2462513213	0.9594247457	0.6057144532
0.7547496597	0.2452503403	0.9598013356	0.6049853344
0.7557506406	0.2442493594	0.9601757609	0.6042576372
0.7567516216	0.2432483784	0.9605480276	0.6035313585
0.7577526026	0.2422473974	0.9609181416	0.6028064947
0.7587535836	0.2412464164	0.961286109	0.6020830427
0.7597545646	0.2402454354	0.9616519355	0.6013609989
0.7607555455	0.2392444545	0.9620156271	0.6006403601
0.7617565265	0.2382434735	0.9623771897	0.599921123
0.7627575075	0.2372424925	0.9627366292	0.5992032842
0.7637584885	0.2362415115	0.9630939516	0.5984868405
0.7647594695	0.2352405305	0.9634491625	0.5977717884
0.7657604505	0.2342395495	0.963802268	0.5970581248
0.7667614314	0.2332385686	0.9641532739	0.5963458463
0.7677624124	0.2322375876	0.9645021861	0.5956349497
0.7687633934	0.2312366066	0.9648490104	0.5949254316
0.7697643744	0.2302356256	0.9651937526	0.5942172888
0.7707653554	0.2292346446	0.9655364186	0.5935105181
0.7717663363	0.2282336637	0.9658770142	0.5928051161
0.7727673173	0.2272326827	0.9662155453	0.5921010797
0.7737682983	0.2262317017	0.9665520175	0.5913984055
0.7747692793	0.2252307207	0.9668864368	0.5906970904
0.7757702603	0.2242297397	0.9672188089	0.5899971312
0.7767712412	0.2232287588	0.9675491395	0.5892985245
0.7777722222	0.2222277778	0.9678774346	0.5886012673
0.7787732032	0.2212267968	0.9682036998	0.5879053562
0.7797741842	0.2202258158	0.9685279408	0.5872107881
0.7807751652	0.2192248348	0.9688501636	0.5865175599
0.7817761461	0.2182238539	0.9691703736	0.5858256682
0.7827771271	0.2172228729	0.9694885768	0.58513511
0.7837781081	0.2162218919	0.9698047788	0.5844458821
0.7847790891	0.2152209109	0.9701189853	0.5837579813
0.7857800701	0.2142199299	0.9704312021	0.5830714044
0.7867810511	0.2132189489	0.9707414348	0.5823861484
0.787782032	0.212217968	0.9710496891	0.58170221
0.788783013	0.211216987	0.9713559706	0.5810195861
0.789783994	0.210216006	0.9716602852	0.5803382737
0.790784975	0.209215025	0.9719626383	0.5796582696
0.791785956	0.208214044	0.9722630357	0.5789795706
0.7927869369	0.2072130631	0.9725614829	0.5783021737
0.7937879179	0.2062120821	0.9728579857	0.5776260758
0.7947888989	0.2052111011	0.9731525497	0.5769512738
0.7957898799	0.2042101201	0.9734451803	0.5762777645
0.7967908609	0.2032091391	0.9737358834	0.575605545
0.7977918418	0.2022081582	0.9740246643	0.5749346122
0.7987928228	0.2012071772	0.9743115288	0.574264963
0.7997938038	0.2002061962	0.9745964824	0.5735965943
0.8007947848	0.1992052152	0.9748795306	0.5729295031
0.8017957658	0.1982042342	0.975160679	0.5722636863
0.8027967467	0.1972032533	0.9754399331	0.571599141
0.8037977277	0.1962022723	0.9757172986	0.5709358641
0.8047987087	0.1952012913	0.9759927808	0.5702738526
0.8057996897	0.1942003103	0.9762663853	0.5696131034
0.8068006707	0.1931993293	0.9765381177	0.5689536136
0.8078016517	0.1921983483	0.9768079833	0.5682953801
0.8088026326	0.1911973674	0.9770759878	0.5676384001
0.8098036136	0.1901963864	0.9773421364	0.5669826704
0.8108045946	0.1891954054	0.9776064349	0.5663281882
0.8118055756	0.1881944244	0.9778688885	0.5656749504
0.8128065566	0.1871934434	0.9781295027	0.5650229541
0.8138075375	0.1861924625	0.9783882829	0.5643721963
0.8148085185	0.1851914815	0.9786452347	0.5637226741
0.8158094995	0.1841905005	0.9789003633	0.5630743845
0.8168104805	0.1831895195	0.9791536742	0.5624273247
0.8178114615	0.1821885385	0.9794051728	0.5617814917
0.8188124424	0.1811875576	0.9796548645	0.5611368825
0.8198134234	0.1801865766	0.9799027546	0.5604934943
0.8208144044	0.1791855956	0.9801488485	0.5598513241
0.8218153854	0.1781846146	0.9803931515	0.5592103691
0.8228163664	0.1771836336	0.980635669	0.5585706263
0.8238173473	0.1761826527	0.9808764064	0.5579320929
0.8248183283	0.1751816717	0.9811153688	0.557294766
0.8258193093	0.1741806907	0.9813525618	0.5566586428
0.8268202903	0.1731797097	0.9815879904	0.5560237203
0.8278212713	0.1721787287	0.9818216601	0.5553899957
0.8288222523	0.1711777477	0.9820535762	0.5547574661
0.8298232332	0.1701767668	0.9822837438	0.5541261288
0.8308242142	0.1691757858	0.9825121682	0.5534959809
0.8318251952	0.1681748048	0.9827388547	0.5528670196
0.8328261762	0.1671738238	0.9829638086	0.5522392419
0.8338271572	0.1661728428	0.9831870349	0.5516126452
0.8348281381	0.1651718619	0.9834085391	0.5509872266
0.8358291191	0.1641708809	0.9836283262	0.5503629833
0.8368301001	0.1631698999	0.9838464015	0.5497399126
0.8378310811	0.1621689189	0.9840627701	0.5491180115
0.8388320621	0.1611679379	0.9842774373	0.5484972774
0.839833043	0.160166957	0.9844904081	0.5478777075
0.840834024	0.159165976	0.9847016877	0.547259299
0.841835005	0.158164995	0.9849112813	0.5466420492
0.842835986	0.157164014	0.985119194	0.5460259553
0.843836967	0.156163033	0.985325431	0.5454110145
0.8448379479	0.1551620521	0.9855299972	0.5447972241
0.8458389289	0.1541610711	0.9857328979	0.5441845814
0.8468399099	0.1531600901	0.9859341381	0.5435730837
0.8478408909	0.1521591091	0.9861337229	0.5429627282
0.8488418719	0.1511581281	0.9863316574	0.5423535123
0.8498428529	0.1501571471	0.9865279465	0.5417454332
0.8508438338	0.1491561662	0.9867225954	0.5411384882
0.8518448148	0.1481551852	0.9869156091	0.5405326746
0.8528457958	0.1471542042	0.9871069926	0.5399279898
0.8538467768	0.1461532232	0.987296751	0.5393244311
0.8548477578	0.1451522422	0.9874848891	0.5387219958
0.8558487387	0.1441512613	0.9876714121	0.5381206812
0.8568497197	0.1431502803	0.9878563248	0.5375204847
0.8578507007	0.1421492993	0.9880396323	0.5369214036
0.8588516817	0.1411483183	0.9882213395	0.5363234353
0.8598526627	0.1401473373	0.9884014514	0.5357265772
0.8608536436	0.1391463564	0.9885799728	0.5351308265
0.8618546246	0.1381453754	0.9887569088	0.5345361808
0.8628556056	0.1371443944	0.9889322643	0.5339426374
0.8638565866	0.1361434134	0.989106044	0.5333501936
0.8648575676	0.1351424324	0.989278253	0.5327588469
0.8658585485	0.1341414515	0.9894488961	0.5321685946
0.8668595295	0.1331404705	0.9896179782	0.5315794342
0.8678605105	0.1321394895	0.9897855041	0.5309913631
0.8688614915	0.1311385085	0.9899514787	0.5304043787
0.8698624725	0.1301375275	0.9901159068	0.5298184784
0.8708634535	0.1291365465	0.9902787932	0.5292336598
0.8718644344	0.1281355656	0.9904401429	0.5286499201
0.8728654154	0.1271345846	0.9905999605	0.5280672569
0.8738663964	0.1261336036	0.9907582508	0.5274856676
0.8748673774	0.1251326226	0.9909150187	0.5269051497
0.8758683584	0.1241316416	0.9910702689	0.5263257006
0.8768693393	0.1231306607	0.9912240062	0.5257473179
0.8778703203	0.1221296797	0.9913762354	0.5251699989
0.8788713013	0.1211286987	0.991526961	0.5245937413
0.8798722823	0.1201277177	0.991676188	0.5240185424
0.8808732633	0.1191267367	0.991823921	0.5234443998
0.8818742442	0.1181257558	0.9919701647	0.522871311
0.8828752252	0.1171247748	0.9921149238	0.5222992735
0.8838762062	0.1161237938	0.992258203	0.5217282848
0.8848771872	0.1151228128	0.9924000069	0.5211583424
0.8858781682	0.1141218318	0.9925403403	0.5205894439
0.8868791491	0.1131208509	0.9926792078	0.5200215869
0.8878801301	0.1121198699	0.9928166139	0.5194547688
0.8888811111	0.1111188889	0.9929525635	0.5188889872
0.8898820921	0.1101179079	0.9930870609	0.5183242397
0.8908830731	0.1091169269	0.993220111	0.5177605237
0.8918840541	0.1081159459	0.9933517182	0.517197837
0.892885035	0.107114965	0.9934818872	0.5166361771
0.893886016	0.106113984	0.9936106225	0.5160755415
0.894886997	0.105113003	0.9937379287	0.5155159279
0.895887978	0.104112022	0.9938638103	0.5149573338
0.896888959	0.103111041	0.9939882719	0.5143997569
0.8978899399	0.1021100601	0.994111318	0.5138431947
0.8988909209	0.1011090791	0.9942329532	0.5132876448
0.8998919019	0.1001080981	0.9943531819	0.512733105
0.9008928829	0.09910711712	0.9944720086	0.5121795727
0.9018938639	0.09810613614	0.9945894379	0.5116270457
0.9028948448	0.09710515516	0.9947054741	0.5110755215
0.9038958258	0.09610417417	0.9948201219	0.5105249979
0.9048968068	0.09510319319	0.9949333855	0.5099754724
0.9058977878	0.09410221221	0.9950452695	0.5094269428
0.9068987688	0.09310123123	0.9951557783	0.5088794066
0.9078997497	0.09210025025	0.9952649164	0.5083328616
0.9089007307	0.09109926927	0.995372688	0.5077873055
0.9099017117	0.09009828829	0.9954790977	0.5072427358
0.9109026927	0.08909730731	0.9955841498	0.5066991504
0.9119036737	0.08809632633	0.9956878487	0.5061565468
0.9129046547	0.08709534535	0.9957901987	0.5056149228
0.9139056356	0.08609436436	0.9958912043	0.5050742761
0.9149066166	0.08509338338	0.9959908697	0.5045346044
0.9159075976	0.0840924024	0.9960891993	0.5039959054
0.9169085786	0.08309142142	0.9961861975	0.5034581769
0.9179095596	0.08209044044	0.9962818685	0.5029214165
0.9189105405	0.08108945946	0.9963762166	0.5023856221
0.9199115215	0.08008847848	0.9964692461	0.5018507913
0.9209125025	0.0790874975	0.9965609614	0.5013169218
0.9219134835	0.07808651652	0.9966513666	0.5007840116
0.9229144645	0.07708553554	0.9967404661	0.5002520582
0.9239154454	0.07608455455	0.9968282641	0.4997210595
0.9249164264	0.07508357357	0.9969147647	0.4991910132
0.9259174074	0.07408259259	0.9969999724	0.4986619171
0.9269183884	0.07308161161	0.9970838912	0.498133769
0.9279193694	0.07208063063	0.9971665253	0.4976065667
0.9289203504	0.07107964965	0.9972478791	0.4970803079
0.9299213313	0.07007866867	0.9973279565	0.4965549905
0.9309223123	0.06907768769	0.997406762	0.4960306123
0.9319232933	0.06807670671	0.9974842994	0.4955071711
0.9329242743	0.06707572573	0.9975605732	0.4949846647
0.9339252553	0.06607474474	0.9976355873	0.4944630909
0.9349262362	0.06507376376	0.9977093459	0.4939424475
0.9359272172	0.06407278278	0.9977818532	0.4934227324
0.9369281982	0.0630718018	0.9978531132	0.4929039435
0.9379291792	0.06207082082	0.99792313	0.4923860785
0.9389301602	0.06106983984	0.9979919078	0.4918691353
0.9399311411	0.06006885886	0.9980594506	0.4913531117
0.9409321221	0.05906787788	0.9981257624	0.4908380057
0.9419331031	0.0580668969	0.9981908474	0.4903238151
0.9429340841	0.05706591592	0.9982547095	0.4898105378
0.9439350651	0.05606493493	0.9983173529	0.4892981716
0.944936046	0.05506395395	0.9983787815	0.4887867145
0.945937027	0.05406297297	0.9984389993	0.4882761643
0.946938008	0.05306199199	0.9984980104	0.4877665188
0.947938989	0.05206101101	0.9985558188	0.4872577761
0.94893997	0.05106003003	0.9986124284	0.486749934
0.949940951	0.05005904905	0.9986678432	0.4862429905
0.9509419319	0.04905806807	0.9987220671	0.4857369434
0.9519429129	0.04805708709	0.9987751042	0.4852317907
0.9529438939	0.04705610611	0.9988269583	0.4847275302
0.9539448749	0.04605512513	0.9988776335	0.48422416
0.9549458559	0.04505414414	0.9989271335	0.483721678
0.9559468368	0.04405316316	0.9989754624	0.4832200821
0.9569478178	0.04305218218	0.9990226239	0.4827193702
0.9579487988	0.0420512012	0.9990686221	0.4822195404
0.9589497798	0.04105022022	0.9991134608	0.4817205905
0.9599507608	0.04004923924	0.9991571439	0.4812225186
0.9609517417	0.03904825826	0.9991996751	0.4807253226
0.9619527227	0.03804727728	0.9992410585	0.4802290005
0.9629537037	0.0370462963	0.9992812977	0.4797335503
0.9639546847	0.03604531532	0.9993203967	0.4792389699
0.9649556657	0.03504433433	0.9993583592	0.4787452574
0.9659566466	0.03404335335	0.9993951891	0.4782524108
0.9669576276	0.03304237237	0.9994308901	0.477760428
0.9679586086	0.03204139139	0.9994654661	0.477269307
0.9689595896	0.03104041041	0.9994989207	0.476779046
0.9699605706	0.03003942943	0.9995312579	0.4762896428
0.9709615516	0.02903844845	0.9995624813	0.4758010955
0.9719625325	0.02803746747	0.9995925947	0.4753134022
0.9729635135	0.02703648649	0.9996216019	0.4748265609
0.9739644945	0.02603550551	0.9996495065	0.4743405696
0.9749654755	0.02503452452	0.9996763122	0.4738554264
0.9759664565	0.02403354354	0.9997020228	0.4733711293
0.9769674374	0.02303256256	0.999726642	0.4728876763
0.9779684184	0.02203158158	0.9997501734	0.4724050656
0.9789693994	0.0210306006	0.9997726208	0.4719232952
0.9799703804	0.02002961962	0.9997939878	0.4714423632
0.9809713614	0.01902863864	0.999814278	0.4709622676
0.9819723423	0.01802765766	0.9998334951	0.4704830065
0.9829733233	0.01702667668	0.9998516428	0.470004578
0.9839743043	0.0160256957	0.9998687246	0.4695269803
0.9849752853	0.01502471471	0.9998847442	0.4690502113
0.9859762663	0.01402373373	0.9998997051	0.4685742693
0.9869772472	0.01302275275	0.9999136111	0.4680991522
0.9879782282	0.01202177177	0.9999264656	0.4676248582
0.9889792092	0.01102079079	0.9999382723	0.4671513855
0.9899801902	0.01001980981	0.9999490346	0.4666787321
0.9909811712	0.009018828829	0.9999587563	0.4662068963
0.9919821522	0.008017847848	0.9999674407	0.465735876
0.9929831331	0.007016866867	0.9999750915	0.4652656694
0.9939841141	0.006015885886	0.9999817122	0.4647962748
0.9949850951	0.005014904905	0.9999873062	0.4643276902
0.9959860761	0.004013923924	0.9999918772	0.4638599137
0.9969870571	0.003012942943	0.9999954286	0.4633929436
0.997988038	0.002011961962	0.9999979638	0.462926778
0.998989019	0.001010980981	0.9999994865	0.462461415
0.99999	1e-05	0.9999999999	0.4619968529
