1e-05	0.99999	12.69402407	1.000000002
0.001010980981	0.998989019	12.29994519	1.000016074
0.002011961962	0.997988038	11.9234784	1.000063097
0.003012942943	0.9969870571	11.56365972	1.000140251
0.004013923924	0.9959860761	11.21958661	1.00024674
0.005014904905	0.9949850951	10.89041358	1.000381789
0.006015885886	0.9939841141	10.57534807	1.000544647
0.007016866867	0.9929831331	10.27364676	1.000734581
0.008017847848	0.9919821522	9.984612018	1.000950878
0.009018828829	0.9909811712	9.707588815	1.001192847
0.01001980981	0.9899801902	9.441961716	1.001459814
0.01102079079	0.9889792092	9.187152186	1.001751123
0.01202177177	0.9879782282	8.942616081	1.002066135
0.01302275275	0.9869772472	8.707841329	1.00240423
0.01402373373	0.9859762663	8.482345782	1.002764802
0.01502471471	0.9849752853	8.265675229	1.003147263
0.0160256957	0.9839743043	8.057401563	1.003551039
0.01702667668	0.9829733233	7.857121068	1.003975571
0.01802765766	0.9819723423	7.664452846	1.004420315
0.01902863864	0.9809713614	7.479037344	1.004884741
0.02002961962	0.9799703804	7.300534996	1.005368332
0.0210306006	0.9789693994	7.128624956	1.005870585
0.02203158158	0.9779684184	6.963003927	1.006391007
0.02303256256	0.9769674374	6.803385058	1.006929121
0.02403354354	0.9759664565	6.649496938	1.007484461
0.02503452452	0.9749654755	6.501082639	1.00805657
0.02603550551	0.9739644945	6.357898841	1.008645005
0.02703648649	0.9729635135	6.219715005	1.009249333
0.02803746747	0.9719625325	6.086312608	1.009869133
0.02903844845	0.9709615516	5.957484427	1.010503991
0.03003942943	0.9699605706	5.83303387	1.011153505
0.03104041041	0.9689595896	5.712774356	1.011817284
0.03204139139	0.9679586086	5.596528727	1.012494944
0.03304237237	0.9669576276	5.484128708	1.013186112
0.03404335335	0.9659566466	5.375414393	1.013890421
0.03504433433	0.9649556657	5.270233772	1.014607517
0.03604531532	0.9639546847	5.16844228	1.015337051
0.0370462963	0.9629537037	5.069902385	1.016078684
0.03804727728	0.9619527227	4.974483188	1.016832082
0.03904825826	0.9609517417	4.882060064	1.017596923
0.04004923924	0.9599507608	4.792514311	1.01837289
0.04105022022	0.9589497798	4.70573283	1.019159672
0.0420512012	0.9579487988	4.621607819	1.019956968
0.04305218218	0.9569478178	4.54003649	1.020764483
0.04405316316	0.9559468368	4.460920801	1.021581926
0.04505414414	0.9549458559	4.384167201	1.022409018
0.04605512513	0.9539448749	4.309686398	1.02324548
0.04705610611	0.9529438939	4.237393131	1.024091045
0.04805708709	0.9519429129	4.167205966	1.024945448
0.04905806807	0.9509419319	4.099047093	1.025808431
0.05005904905	0.949940951	4.032842144	1.026679743
0.05106003003	0.94893997	3.968520013	1.027559137
0.05206101101	0.947938989	3.906012698	1.028446372
0.05306199199	0.946938008	3.845255138	1.029341211
0.05406297297	0.945937027	3.78618507	1.030243426
0.05506395395	0.944936046	3.72874289	1.031152789
0.05606493493	0.9439350651	3.67287152	1.032069081
0.05706591592	0.9429340841	3.618516286	1.032992085
0.0580668969	0.9419331031	3.565624799	1.03392159
0.05906787788	0.9409321221	3.51414685	1.03485739
0.06006885886	0.9399311411	3.464034296	1.035799282
0.06106983984	0.9389301602	3.415240972	1.036747067
0.06207082082	0.9379291792	3.36772259	1.037700554
0.0630718018	0.9369281982	3.32143665	1.03865955
0.06407278278	0.9359272172	3.276342364	1.039623872
0.06507376376	0.9349262362	3.232400567	1.040593337
0.06607474474	0.9339252553	3.18957365	1.041567768
0.06707572573	0.9329242743	3.147825481	1.04254699
0.06807670671	0.9319232933	3.107121346	1.043530833
0.06907768769	0.9309223123	3.067427875	1.044519129
0.07007866867	0.9299213313	3.02871299	1.045511716
0.07107964965	0.9289203504	2.990945844	1.046508433
0.07208063063	0.9279193694	2.954096763	1.047509123
0.07308161161	0.9269183884	2.9181372	1.048513633
0.07408259259	0.9259174074	2.88303968	1.049521812
0.07508357357	0.9249164264	2.848777757	1.050533514
0.07608455455	0.9239154454	2.815325967	1.051548593
0.07708553554	0.9229144645	2.782659786	1.052566909
0.07808651652	0.9219134835	2.750755591	1.053588323
0.0790874975	0.9209125025	2.71959062	1.054612699
0.08008847848	0.9199115215	2.689142935	1.055639905
0.08108945946	0.9189105405	2.65939139	1.056669811
0.08209044044	0.9179095596	2.630315595	1.057702288
0.08309142142	0.9169085786	2.601895885	1.058737213
0.0840924024	0.9159075976	2.574113291	1.059774461
0.08509338338	0.9149066166	2.546949511	1.060813915
0.08609436436	0.9139056356	2.520386882	1.061855456
0.08709534535	0.9129046547	2.494408354	1.062898968
0.08809632633	0.9119036737	2.468997466	1.06394434
0.08909730731	0.9109026927	2.444138322	1.06499146
0.09009828829	0.9099017117	2.419815568	1.06604022
0.09109926927	0.9089007307	2.39601437	1.067090513
0.09210025025	0.9078997497	2.372720394	1.068142237
0.09310123123	0.9068987688	2.349919787	1.069195288
0.09410221221	0.9058977878	2.327599158	1.070249567
0.09510319319	0.9048968068	2.305745557	1.071304975
0.09610417417	0.9038958258	2.284346464	1.072361418
0.09710515516	0.9028948448	2.263389766	1.073418799
0.09810613614	0.9018938639	2.242863746	1.074477028
0.09910711712	0.9008928829	2.222757064	1.075536014
0.1001080981	0.8998919019	2.203058746	1.076595667
0.1011090791	0.8988909209	2.183758171	1.077655902
0.1021100601	0.8978899399	2.164845054	1.078716633
0.103111041	0.896888959	2.146309435	1.079777776
0.104112022	0.895887978	2.128141667	1.08083925
0.105113003	0.894886997	2.110332407	1.081900975
0.106113984	0.893886016	2.092872601	1.082962871
0.107114965	0.892885035	2.075753476	1.084024862
0.1081159459	0.8918840541	2.058966526	1.085086872
0.1091169269	0.8908830731	2.042503509	1.086148827
0.1101179079	0.8898820921	2.026356433	1.087210655
0.1111188889	0.8888811111	2.010517545	1.088272284
0.1121198699	0.8878801301	1.994979328	1.089333645
0.1131208509	0.8868791491	1.97973449	1.090394669
0.1141218318	0.8858781682	1.964775955	1.091455289
0.1151228128	0.8848771872	1.950096857	1.092515439
0.1161237938	0.8838762062	1.935690532	1.093575056
0.1171247748	0.8828752252	1.921550511	1.094634076
0.1181257558	0.8818742442	1.907670514	1.095692436
0.1191267367	0.8808732633	1.894044443	1.096750077
0.1201277177	0.8798722823	1.880666375	1.097806939
0.1211286987	0.8788713013	1.867530559	1.098862964
0.1221296797	0.8778703203	1.854631404	1.099918095
0.1231306607	0.8768693393	1.841963483	1.100972275
0.1241316416	0.8758683584	1.829521517	1.10202545
0.1251326226	0.8748673774	1.817300379	1.103077566
0.1261336036	0.8738663964	1.805295084	1.104128571
0.1271345846	0.8728654154	1.793500784	1.105178412
0.1281355656	0.8718644344	1.781912768	1.106227039
0.1291365465	0.8708634535	1.770526453	1.107274404
0.1301375275	0.8698624725	1.759337381	1.108320456
0.1311385085	0.8688614915	1.748341216	1.109365149
0.1321394895	0.8678605105	1.73753374	1.110408435
0.1331404705	0.8668595295	1.726910848	1.11145027
0.1341414515	0.8658585485	1.716468545	1.112490608
0.1351424324	0.8648575676	1.706202943	1.113529406
0.1361434134	0.8638565866	1.696110258	1.11456662
0.1371443944	0.8628556056	1.686186804	1.115602209
0.1381453754	0.8618546246	1.676428993	1.116636131
0.1391463564	0.8608536436	1.666833332	1.117668346
0.1401473373	0.8598526627	1.657396418	1.118698814
0.1411483183	0.8588516817	1.648114935	1.119727497
0.1421492993	0.8578507007	1.638985655	1.120754357
0.1431502803	0.8568497197	1.63000543	1.121779356
0.1441512613	0.8558487387	1.621171195	1.122802458
0.1451522422	0.8548477578	1.612479961	1.123823628
0.1461532232	0.8538467768	1.603928815	1.124842831
0.1471542042	0.8528457958	1.595514918	1.125860032
0.1481551852	0.8518448148	1.587235502	1.126875198
0.1491561662	0.8508438338	1.579087868	1.127888296
0.1501571471	0.8498428529	1.571069382	1.128899295
0.1511581281	0.8488418719	1.563177479	1.129908163
0.1521591091	0.8478408909	1.555409653	1.130914869
0.1531600901	0.8468399099	1.547763461	1.131919384
0.1541610711	0.8458389289	1.540236521	1.132921678
0.1551620521	0.8448379479	1.532826507	1.133921721
0.156163033	0.843836967	1.525531148	1.134919487
0.157164014	0.842835986	1.518348229	1.135914948
0.158164995	0.841835005	1.51127559	1.136908077
0.159165976	0.840834024	1.504311118	1.137898846
0.160166957	0.839833043	1.497452753	1.138887232
0.1611679379	0.8388320621	1.490698483	1.139873209
0.1621689189	0.8378310811	1.484046342	1.140856751
0.1631698999	0.8368301001	1.477494413	1.141837835
0.1641708809	0.8358291191	1.47104082	1.142816438
0.1651718619	0.8348281381	1.464683732	1.143792537
0.1661728428	0.8338271572	1.45842136	1.144766109
0.1671738238	0.8328261762	1.452251958	1.145737132
0.1681748048	0.8318251952	1.446173815	1.146705585
0.1691757858	0.8308242142	1.440185265	1.147671447
0.1701767668	0.8298232332	1.434284675	1.148634698
0.1711777477	0.8288222523	1.42847045	1.149595317
0.1721787287	0.8278212713	1.422741033	1.150553285
0.1731797097	0.8268202903	1.417094899	1.151508584
0.1741806907	0.8258193093	1.411530558	1.152461195
0.1751816717	0.8248183283	1.406046553	1.153411099
0.1761826527	0.8238173473	1.40064146	1.154358279
0.1771836336	0.8228163664	1.395313884	1.155302718
0.1781846146	0.8218153854	1.390062462	1.156244399
0.1791855956	0.8208144044	1.384885862	1.157183306
0.1801865766	0.8198134234	1.379782777	1.158119423
0.1811875576	0.8188124424	1.374751933	1.159052734
0.1821885385	0.8178114615	1.36979208	1.159983224
0.1831895195	0.8168104805	1.364901995	1.160910878
0.1841905005	0.8158094995	1.360080483	1.161835683
0.1851914815	0.8148085185	1.355326373	1.162757624
0.1861924625	0.8138075375	1.350638517	1.163676687
0.1871934434	0.8128065566	1.346015795	1.16459286
0.1881944244	0.8118055756	1.341457109	1.165506129
0.1891954054	0.8108045946	1.336961381	1.166416482
0.1901963864	0.8098036136	1.332527559	1.167323907
0.1911973674	0.8088026326	1.328154612	1.168228392
0.1921983483	0.8078016517	1.32384153	1.169129925
0.1931993293	0.8068006707	1.319587322	1.170028496
0.1942003103	0.8057996897	1.31539102	1.170924094
0.1952012913	0.8047987087	1.311251674	1.171816708
0.1962022723	0.8037977277	1.307168354	1.172706328
0.1972032533	0.8027967467	1.303140149	1.173592944
0.1982042342	0.8017957658	1.299166164	1.174476546
0.1992052152	0.8007947848	1.295245526	1.175357126
0.2002061962	0.7997938038	1.291377376	1.176234675
0.2012071772	0.7987928228	1.287560873	1.177109183
0.2022081582	0.7977918418	1.283795193	1.177980643
0.2032091391	0.7967908609	1.280079529	1.178849046
0.2042101201	0.7957898799	1.276413087	1.179714385
0.2052111011	0.7947888989	1.272795092	1.180576651
0.2062120821	0.7937879179	1.269224783	1.181435839
0.2072130631	0.7927869369	1.265701412	1.18229194
0.208214044	0.791785956	1.262224247	1.183144948
0.209215025	0.790784975	1.25879257	1.183994857
0.210216006	0.789783994	1.255405677	1.18484166
0.211216987	0.788783013	1.252062877	1.185685351
0.212217968	0.787782032	1.248763492	1.186525925
0.2132189489	0.7867810511	1.245506857	1.187363376
0.2142199299	0.7857800701	1.242292319	1.188197699
0.2152209109	0.7847790891	1.239119239	1.189028888
0.2162218919	0.7837781081	1.235986988	1.18985694
0.2172228729	0.7827771271	1.23289495	1.190681849
0.2182238539	0.7817761461	1.22984252	1.191503611
0.2192248348	0.7807751652	1.226829104	1.192322222
0.2202258158	0.7797741842	1.223854119	1.193137678
0.2212267968	0.7787732032	1.220916993	1.193949976
0.2222277778	0.7777722222	1.218017166	1.194759111
0.2232287588	0.7767712412	1.215154084	1.19556508
0.2242297397	0.7757702603	1.212327207	1.196367881
0.2252307207	0.7747692793	1.209536004	1.19716751
0.2262317017	0.7737682983	1.206779951	1.197963965
0.2272326827	0.7727673173	1.204058538	1.198757244
0.2282336637	0.7717663363	1.20137126	1.199547343
0.2292346446	0.7707653554	1.198717622	1.20033426
0.2302356256	0.7697643744	1.19609714	1.201117994
0.2312366066	0.7687633934	1.193509336	1.201898544
0.2322375876	0.7677624124	1.190953742	1.202675906
0.2332385686	0.7667614314	1.188429896	1.20345008
0.2342395495	0.7657604505	1.185937348	1.204221065
0.2352405305	0.7647594695	1.183475652	1.204988859
0.2362415115	0.7637584885	1.181044371	1.205753462
0.2372424925	0.7627575075	1.178643078	1.206514872
0.2382434735	0.7617565265	1.176271349	1.207273089
0.2392444545	0.7607555455	1.17392877	1.208028113
0.2402454354	0.7597545646	1.171614934	1.208779943
0.2412464164	0.7587535836	1.169329441	1.209528579
0.2422473974	0.7577526026	1.167071897	1.210274021
0.2432483784	0.7567516216	1.164841915	1.211016269
0.2442493594	0.7557506406	1.162639114	1.211755323
0.2452503403	0.7547496597	1.160463122	1.212491184
0.2462513213	0.7537486787	1.158313569	1.213223853
0.2472523023	0.7527476977	1.156190095	1.213953329
0.2482532833	0.7517467167	1.154092344	1.214679614
0.2492542643	0.7507457357	1.152019966	1.215402709
0.2502552452	0.7497447548	1.149972618	1.216122614
0.2512562262	0.7487437738	1.147949961	1.216839332
0.2522572072	0.7477427928	1.145951663	1.217552862
0.2532581882	0.7467418118	1.143977397	1.218263208
0.2542591692	0.7457408308	1.142026841	1.218970369
0.2552601502	0.7447398498	1.140099677	1.219674348
0.2562611311	0.7437388689	1.138195596	1.220375148
0.2572621121	0.7427378879	1.13631429	1.221072768
0.2582630931	0.7417369069	1.134455459	1.221767213
0.2592640741	0.7407359259	1.132618804	1.222458483
0.2602650551	0.7397349449	1.130804036	1.223146581
0.261266036	0.738733964	1.129010865	1.223831509
0.262267017	0.737732983	1.12723901	1.22451327
0.263267998	0.736732002	1.125488193	1.225191867
0.264268979	0.735731021	1.123758139	1.225867302
0.26526996	0.73473004	1.12204858	1.226539577
0.2662709409	0.7337290591	1.120359249	1.227208696
0.2672719219	0.7327280781	1.118689887	1.227874661
0.2682729029	0.7317270971	1.117040235	1.228537476
0.2692738839	0.7307261161	1.115410041	1.229197143
0.2702748649	0.7297251351	1.113799056	1.229853667
0.2712758458	0.7287241542	1.112207034	1.23050705
0.2722768268	0.7277231732	1.110633734	1.231157295
0.2732778078	0.7267221922	1.109078918	1.231804407
0.2742787888	0.7257212112	1.107542352	1.232448388
0.2752797698	0.7247202302	1.106023806	1.233089242
0.2762807508	0.7237192492	1.104523052	1.233726974
0.2772817317	0.7227182683	1.103039866	1.234361586
0.2782827127	0.7217172873	1.101574028	1.234993083
0.2792836937	0.7207163063	1.100125322	1.235621469
0.2802846747	0.7197153253	1.098693534	1.236246748
0.2812856557	0.7187143443	1.097278453	1.236868924
0.2822866366	0.7177133634	1.095879871	1.237488
0.2832876176	0.7167123824	1.094497585	1.238103982
0.2842885986	0.7157114014	1.093131393	1.238716874
0.2852895796	0.7147104204	1.091781096	1.23932668
0.2862905606	0.7137094394	1.0904465	1.239933405
0.2872915415	0.7127084585	1.089127413	1.240537052
0.2882925225	0.7117074775	1.087823643	1.241137627
0.2892935035	0.7107064965	1.086535005	1.241735135
0.2902944845	0.7097055155	1.085261313	1.24232958
0.2912954655	0.7087045345	1.084002388	1.242920966
0.2922964464	0.7077035536	1.082758048	1.2435093
0.2932974274	0.7067025726	1.081528119	1.244094585
0.2942984084	0.7057015916	1.080312427	1.244676826
0.2952993894	0.7047006106	1.0791108	1.245256029
0.2963003704	0.7036996296	1.077923069	1.245832199
0.2973013514	0.7026986486	1.076749067	1.246405341
0.2983023323	0.7016976677	1.075588632	1.24697546
0.2993033133	0.7006966867	1.0744416	1.247542561
0.3003042943	0.6996957057	1.073307813	1.24810665
0.3013052753	0.6986947247	1.072187112	1.248667731
0.3023062563	0.6976937437	1.071079344	1.249225811
0.3033072372	0.6966927628	1.069984355	1.249780895
0.3043082182	0.6956917818	1.068901995	1.250332988
0.3053091992	0.6946908008	1.067832114	1.250882095
0.3063101802	0.6936898198	1.066774566	1.251428223
0.3073111612	0.6926888388	1.065729207	1.251971377
0.3083121421	0.6916878579	1.064695894	1.252511563
0.3093131231	0.6906868769	1.063674487	1.253048786
0.3103141041	0.6896858959	1.062664846	1.253583051
0.3113150851	0.6886849149	1.061666835	1.254114366
0.3123160661	0.6876839339	1.060680319	1.254642736
0.313317047	0.686682953	1.059705165	1.255168166
0.314318028	0.685681972	1.058741242	1.255690662
0.315319009	0.684680991	1.05778842	1.256210231
0.31631999	0.68368001	1.056846571	1.256726878
0.317320971	0.682679029	1.055915569	1.25724061
0.318321952	0.681678048	1.054995291	1.257751432
0.3193229329	0.6806770671	1.054085612	1.258259351
0.3203239139	0.6796760861	1.053186413	1.258764372
0.3213248949	0.6786751051	1.052297573	1.259266503
0.3223258759	0.6776741241	1.051418975	1.259765748
0.3233268569	0.6766731431	1.050550503	1.260262114
0.3243278378	0.6756721622	1.049692041	1.260755608
0.3253288188	0.6746711812	1.048843477	1.261246235
0.3263297998	0.6736702002	1.048004699	1.261734003
0.3273307808	0.6726692192	1.047175596	1.262218917
0.3283317618	0.6716682382	1.046356059	1.262700984
0.3293327427	0.6706672573	1.045545981	1.263180209
0.3303337237	0.6696662763	1.044745256	1.2636566
0.3313347047	0.6686652953	1.04395378	1.264130163
0.3323356857	0.6676643143	1.043171448	1.264600905
0.3333366667	0.6666633333	1.042398159	1.265068831
0.3343376476	0.6656623524	1.041633812	1.265533949
0.3353386286	0.6646613714	1.040878308	1.265996265
0.3363396096	0.6636603904	1.040131548	1.266455785
0.3373405906	0.6626594094	1.039393436	1.266912516
0.3383415716	0.6616584284	1.038663876	1.267366464
0.3393425526	0.6606574474	1.037942773	1.267817637
0.3403435335	0.6596564665	1.037230034	1.268266041
0.3413445145	0.6586554855	1.036525568	1.268711682
0.3423454955	0.6576545045	1.035829282	1.269154568
0.3433464765	0.6566535235	1.035141088	1.269594704
0.3443474575	0.6556525425	1.034460897	1.270032098
0.3453484384	0.6546515616	1.033788621	1.270466756
0.3463494194	0.6536505806	1.033124174	1.270898685
0.3473504004	0.6526495996	1.032467469	1.271327892
0.3483513814	0.6516486186	1.031818424	1.271754383
0.3493523624	0.6506476376	1.031176954	1.272178166
0.3503533433	0.6496466567	1.030542978	1.272599247
0.3513543243	0.6486456757	1.029916413	1.273017633
0.3523553053	0.6476446947	1.029297181	1.27343333
0.3533562863	0.6466437137	1.028685201	1.273846346
0.3543572673	0.6456427327	1.028080395	1.274256688
0.3553582482	0.6446417518	1.027482685	1.274664362
0.3563592292	0.6436407708	1.026891996	1.275069375
0.3573602102	0.6426397898	1.026308252	1.275471734
0.3583611912	0.6416388088	1.025731379	1.275871446
0.3593621722	0.6406378278	1.025161301	1.276268518
0.3603631532	0.6396368468	1.024597948	1.276662956
0.3613641341	0.6386358659	1.024041246	1.277054769
0.3623651151	0.6376348849	1.023491125	1.277443961
0.3633660961	0.6366339039	1.022947515	1.277830542
0.3643670771	0.6356329229	1.022410346	1.278214517
0.3653680581	0.6346319419	1.021879549	1.278595893
0.366369039	0.633630961	1.021355057	1.278974678
0.36737002	0.63262998	1.020836803	1.279350878
0.368371001	0.631628999	1.020324721	1.2797245
0.369371982	0.630628018	1.019818745	1.280095552
0.370372963	0.629627037	1.01931881	1.28046404
0.3713739439	0.6286260561	1.018824854	1.280829971
0.3723749249	0.6276250751	1.018336812	1.281193353
0.3733759059	0.6266240941	1.017854623	1.281554191
0.3743768869	0.6256231131	1.017378224	1.281912495
0.3753778679	0.6246221321	1.016907555	1.282268269
0.3763788488	0.6236211512	1.016442555	1.282621522
0.3773798298	0.6226201702	1.015983166	1.28297226
0.3783808108	0.6216191892	1.015529328	1.28332049
0.3793817918	0.6206182082	1.015080983	1.28366622
0.3803827728	0.6196172272	1.014638073	1.284009456
0.3813837538	0.6186162462	1.014200542	1.284350205
0.3823847347	0.6176152653	1.013768333	1.284688475
0.3833857157	0.6166142843	1.013341391	1.285024272
0.3843866967	0.6156133033	1.012919662	1.285357603
0.3853876777	0.6146123223	1.01250309	1.285688477
0.3863886587	0.6136113413	1.012091622	1.286016898
0.3873896396	0.6126103604	1.011685204	1.286342875
0.3883906206	0.6116093794	1.011283786	1.286666415
0.3893916016	0.6106083984	1.010887314	1.286987524
0.3903925826	0.6096074174	1.010495737	1.28730621
0.3913935636	0.6086064364	1.010109005	1.287622479
0.3923945445	0.6076054555	1.009727067	1.287936339
0.3933955255	0.6066044745	1.009349874	1.288247796
0.3943965065	0.6056034935	1.008977376	1.288556859
0.3953974875	0.6046025125	1.008609526	1.288863533
0.3963984685	0.6036015315	1.008246276	1.289167825
0.3973994494	0.6026005506	1.007887577	1.289469743
0.3984004304	0.6015995696	1.007533383	1.289769294
0.3994014114	0.6005985886	1.007183647	1.290066485
0.4004023924	0.5995976076	1.006838324	1.290361322
0.4014033734	0.5985966266	1.006497369	1.290653813
0.4024043544	0.5975956456	1.006160736	1.290943965
0.4034053353	0.5965946647	1.005828381	1.291231784
0.4044063163	0.5955936837	1.00550026	1.291517278
0.4054072973	0.5945927027	1.005176329	1.291800453
0.4064082783	0.5935917217	1.004856547	1.292081317
0.4074092593	0.5925907407	1.00454087	1.292359877
0.4084102402	0.5915897598	1.004229255	1.292636139
0.4094112212	0.5905887788	1.003921663	1.29291011
0.4104122022	0.5895877978	1.003618051	1.293181798
0.4114131832	0.5885868168	1.003318379	1.29345121
0.4124141642	0.5875858358	1.003022606	1.293718351
0.4134151451	0.5865848549	1.002730693	1.29398323
0.4144161261	0.5855838739	1.002442601	1.294245853
0.4154171071	0.5845828929	1.00215829	1.294506227
0.4164180881	0.5835819119	1.001877722	1.294764359
0.4174190691	0.5825809309	1.001600858	1.295020256
0.4184200501	0.5815799499	1.001327662	1.295273925
0.419421031	0.580578969	1.001058095	1.295525372
0.420422012	0.579577988	1.000792121	1.295774605
0.421422993	0.578577007	1.000529703	1.29602163
0.422423974	0.577576026	1.000270804	1.296266455
0.423424955	0.576575045	1.00001539	1.296509085
0.4244259359	0.5755740641	0.9997634252	1.296749529
0.4254269169	0.5745730831	0.9995148737	1.296987793
0.4264278979	0.5735721021	0.9992697013	1.297223883
0.4274288789	0.5725711211	0.9990278736	1.297457807
0.4284298599	0.5715701401	0.9987893566	1.297689571
0.4294308408	0.5705691592	0.9985541168	1.297919182
0.4304318218	0.5695681782	0.998322121	1.298146647
0.4314328028	0.5685671972	0.9980933362	1.298371973
0.4324337838	0.5675662162	0.9978677298	1.298595167
0.4334347648	0.5665652352	0.9976452696	1.298816234
0.4344357457	0.5655642543	0.9974259237	1.299035183
0.4354367267	0.5645632733	0.9972096606	1.29925202
0.4364377077	0.5635622923	0.996996449	1.299466751
0.4374386887	0.5625613113	0.996786258	1.299679383
0.4384396697	0.5615603303	0.996579057	1.299889923
0.4394406507	0.5605593493	0.9963748156	1.300098378
0.4404416316	0.5595583684	0.9961735039	1.300304754
0.4414426126	0.5585573874	0.9959750922	1.300509059
0.4424435936	0.5575564064	0.9957795511	1.300711298
0.4434445746	0.5565554254	0.9955868516	1.300911479
0.4444455556	0.5555544444	0.9953969649	1.301109607
0.4454465365	0.5545534635	0.9952098624	1.301305691
0.4464475175	0.5535524825	0.995025516	1.301499736
0.4474484985	0.5525515015	0.9948438978	1.301691748
0.4484494795	0.5515505205	0.99466498	1.301881736
0.4494504605	0.5505495395	0.9944887354	1.302069704
0.4504514414	0.5495485586	0.9943151368	1.302255661
0.4514524224	0.5485475776	0.9941441575	1.302439612
0.4524534034	0.5475465966	0.9939757708	1.302621564
0.4534543844	0.5465456156	0.9938099506	1.302801523
0.4544553654	0.5455446346	0.9936466707	1.302979496
0.4554563463	0.5445436537	0.9934859055	1.30315549
0.4564573273	0.5435426727	0.9933276294	1.303329511
0.4574583083	0.5425416917	0.9931718171	1.303501566
0.4584592893	0.5415407107	0.9930184438	1.303671661
0.4594602703	0.5405397297	0.9928674845	1.303839802
0.4604612513	0.5395387487	0.9927189148	1.304005997
0.4614622322	0.5385377678	0.9925727105	1.304170251
0.4624632132	0.5375367868	0.9924288475	1.304332571
0.4634641942	0.5365358058	0.9922873019	1.304492963
0.4644651752	0.5355348248	0.9921480504	1.304651435
0.4654661562	0.5345338438	0.9920110694	1.304807991
0.4664671371	0.5335328629	0.991876336	1.30496264
0.4674681181	0.5325318819	0.9917438273	1.305115386
0.4684690991	0.5315309009	0.9916135205	1.305266236
0.4694700801	0.5305299199	0.9914853934	1.305415198
0.4704710611	0.5295289389	0.9913594235	1.305562276
0.471472042	0.528527958	0.9912355891	1.305707478
0.472473023	0.527526977	0.9911138682	1.30585081
0.473474004	0.526525996	0.9909942394	1.305992278
0.474474985	0.525525015	0.9908766812	1.306131888
0.475475966	0.524524034	0.9907611726	1.306269647
0.4764769469	0.5235230531	0.9906476924	1.306405561
0.4774779279	0.5225220721	0.9905362201	1.306539636
0.4784789089	0.5215210911	0.990426735	1.306671878
0.4794798899	0.5205201101	0.9903192169	1.306802294
0.4804808709	0.5195191291	0.9902136454	1.30693089
0.4814818519	0.5185181481	0.9901100008	1.307057672
0.4824828328	0.5175171672	0.9900082632	1.307182646
0.4834838138	0.5165161862	0.989908413	1.307305819
0.4844847948	0.5155152052	0.9898104308	1.307427196
0.4854857758	0.5145142242	0.9897142975	1.307546784
0.4864867568	0.5135132432	0.9896199939	1.307664588
0.4874877377	0.5125122623	0.9895275013	1.307780616
0.4884887187	0.5115112813	0.989436801	1.307894873
0.4894896997	0.5105103003	0.9893478745	1.308007364
0.4904906807	0.5095093193	0.9892607034	1.308118098
0.4914916617	0.5085083383	0.9891752697	1.308227078
0.4924926426	0.5075073574	0.9890915553	1.308334312
0.4934936236	0.5065063764	0.9890095425	1.308439805
0.4944946046	0.5055053954	0.9889292136	1.308543563
0.4954955856	0.5045044144	0.9888505511	1.308645593
0.4964965666	0.5035034334	0.9887735378	1.3087459
0.4974975475	0.5025024525	0.9886981566	1.308844491
0.4984985285	0.5015014715	0.9886243903	1.30894137
0.4994995095	0.5005004905	0.9885522223	1.309036546
0.5005004905	0.4994995095	0.9884816358	1.309130022
0.5015014715	0.4984985285	0.9884126144	1.309221805
0.5025024525	0.4974975475	0.9883451416	1.309311902
0.5035034334	0.4964965666	0.9882792013	1.309400317
0.5045044144	0.4954955856	0.9882147775	1.309487058
0.5055053954	0.4944946046	0.9881518542	1.309572128
0.5065063764	0.4934936236	0.9880904157	1.309655536
0.5075073574	0.4924926426	0.9880304463	1.309737286
0.5085083383	0.4914916617	0.9879719306	1.309817383
0.5095093193	0.4904906807	0.9879148534	1.309895835
0.5105103003	0.4894896997	0.9878591993	1.309972647
0.5115112813	0.4884887187	0.9878049534	1.310047824
0.5125122623	0.4874877377	0.9877521008	1.310121372
0.5135132432	0.4864867568	0.9877006267	1.310193298
0.5145142242	0.4854857758	0.9876505165	1.310263606
0.5155152052	0.4844847948	0.9876017557	1.310332303
0.5165161862	0.4834838138	0.9875543299	1.310399394
0.5175171672	0.4824828328	0.987508225	1.310464884
0.5185181481	0.4814818519	0.9874634267	1.310528781
0.5195191291	0.4804808709	0.9874199212	1.310591088
0.5205201101	0.4794798899	0.9873776946	1.310651813
0.5215210911	0.4784789089	0.9873367332	1.310710959
0.5225220721	0.4774779279	0.9872970234	1.310768534
0.5235230531	0.4764769469	0.9872585518	1.310824543
0.524524034	0.475475966	0.987221305	1.310878991
0.525525015	0.474474985	0.9871852697	1.310931884
0.526525996	0.473474004	0.987150433	1.310983227
0.527526977	0.472473023	0.9871167817	1.311033026
0.528527958	0.471472042	0.9870843031	1.311081286
0.5295289389	0.4704710611	0.9870529844	1.311128014
0.5305299199	0.4694700801	0.987022813	1.311173214
0.5315309009	0.4684690991	0.9869937763	1.311216892
0.5325318819	0.4674681181	0.9869658619	1.311259054
0.5335328629	0.4664671371	0.9869390577	1.311299704
0.5345338438	0.4654661562	0.9869133513	1.311338848
0.5355348248	0.4644651752	0.9868887307	1.311376493
0.5365358058	0.4634641942	0.986865184	1.311412642
0.5375367868	0.4624632132	0.9868426993	1.311447303
0.5385377678	0.4614622322	0.9868212648	1.311480479
0.5395387487	0.4604612513	0.9868008689	1.311512176
0.5405397297	0.4594602703	0.9867815001	1.3115424
0.5415407107	0.4584592893	0.9867631469	1.311571156
0.5425416917	0.4574583083	0.9867457981	1.311598449
0.5435426727	0.4564573273	0.9867294423	1.311624285
0.5445436537	0.4554563463	0.9867140685	1.311648669
0.5455446346	0.4544553654	0.9866996656	1.311671606
0.5465456156	0.4534543844	0.9866862227	1.311693101
0.5475465966	0.4524534034	0.9866737289	1.311713161
0.5485475776	0.4514524224	0.9866621735	1.311731789
0.5495485586	0.4504514414	0.986651546	1.311748991
0.5505495395	0.4494504605	0.9866418356	1.311764772
0.5515505205	0.4484494795	0.9866330321	1.311779138
0.5525515015	0.4474484985	0.9866251249	1.311792094
0.5535524825	0.4464475175	0.9866181039	1.311803645
0.5545534635	0.4454465365	0.9866119589	1.311813795
0.5555544444	0.4444455556	0.9866066797	1.311822551
0.5565554254	0.4434445746	0.9866022565	1.311829917
0.5575564064	0.4424435936	0.9865986792	1.311835899
0.5585573874	0.4414426126	0.9865959381	1.311840501
0.5595583684	0.4404416316	0.9865940234	1.311843728
0.5605593493	0.4394406507	0.9865929255	1.311845586
0.5615603303	0.4384396697	0.9865926348	1.31184608
0.5625613113	0.4374386887	0.9865931418	1.311845214
0.5635622923	0.4364377077	0.9865944372	1.311842994
0.5645632733	0.4354367267	0.9865965116	1.311839424
0.5655642543	0.4344357457	0.9865993558	1.311834511
0.5665652352	0.4334347648	0.9866029607	1.311828257
0.5675662162	0.4324337838	0.9866073172	1.31182067
0.5685671972	0.4314328028	0.9866124162	1.311811753
0.5695681782	0.4304318218	0.9866182489	1.311801511
0.5705691592	0.4294308408	0.9866248065	1.31178995
0.5715701401	0.4284298599	0.9866320802	1.311777074
0.5725711211	0.4274288789	0.9866400613	1.311762888
0.5735721021	0.4264278979	0.9866487412	1.311747398
0.5745730831	0.4254269169	0.9866581114	1.311730607
0.5755740641	0.4244259359	0.9866681634	1.31171252
0.576575045	0.423424955	0.9866788889	1.311693144
0.577576026	0.422423974	0.9866902796	1.311672481
0.578577007	0.421422993	0.9867023272	1.311650538
0.579577988	0.420422012	0.9867150236	1.311627319
0.580578969	0.419421031	0.9867283606	1.311602829
0.5815799499	0.4184200501	0.9867423304	1.311577072
0.5825809309	0.4174190691	0.9867569248	1.311550053
0.5835819119	0.4164180881	0.986772136	1.311521777
0.5845828929	0.4154171071	0.9867879563	1.311492249
0.5855838739	0.4144161261	0.9868043779	1.311461473
0.5865848549	0.4134151451	0.9868213931	1.311429454
0.5875858358	0.4124141642	0.9868389943	1.311396197
0.5885868168	0.4114131832	0.9868571739	1.311361706
0.5895877978	0.4104122022	0.9868759245	1.311325986
0.5905887788	0.4094112212	0.9868952387	1.311289042
0.5915897598	0.4084102402	0.9869151091	1.311250878
0.5925907407	0.4074092593	0.9869355285	1.311211499
0.5935917217	0.4064082783	0.9869564896	1.311170909
0.5945927027	0.4054072973	0.9869779852	1.311129114
0.5955936837	0.4044063163	0.9870000083	1.311086117
0.5965946647	0.4034053353	0.9870225518	1.311041923
0.5975956456	0.4024043544	0.9870456088	1.310996537
0.5985966266	0.4014033734	0.9870691724	1.310949963
0.5995976076	0.4004023924	0.9870932356	1.310902205
0.6005985886	0.3994014114	0.9871177917	1.310853269
0.6015995696	0.3984004304	0.987142834	1.310803158
0.6026005506	0.3973994494	0.9871683558	1.310751878
0.6036015315	0.3963984685	0.9871943504	1.310699432
0.6046025125	0.3953974875	0.9872208114	1.310645825
0.6056034935	0.3943965065	0.9872477321	1.310591061
0.6066044745	0.3933955255	0.9872751062	1.310535146
0.6076054555	0.3923945445	0.9873029273	1.310478082
0.6086064364	0.3913935636	0.987331189	1.310419875
0.6096074174	0.3903925826	0.987359885	1.310360529
0.6106083984	0.3893916016	0.9873890091	1.310300049
0.6116093794	0.3883906206	0.9874185551	1.310238438
0.6126103604	0.3873896396	0.987448517	1.310175701
0.6136113413	0.3863886587	0.9874788886	1.310111842
0.6146123223	0.3853876777	0.9875096639	1.310046866
0.6156133033	0.3843866967	0.9875408369	1.309980777
0.6166142843	0.3833857157	0.9875724018	1.309913578
0.6176152653	0.3823847347	0.9876043527	1.309845276
0.6186162462	0.3813837538	0.9876366837	1.309775873
0.6196172272	0.3803827728	0.9876693891	1.309705374
0.6206182082	0.3793817918	0.9877024633	1.309633783
0.6216191892	0.3783808108	0.9877359004	1.309561104
0.6226201702	0.3773798298	0.9877696949	1.309487342
0.6236211512	0.3763788488	0.9878038413	1.3094125
0.6246221321	0.3753778679	0.987838334	1.309336584
0.6256231131	0.3743768869	0.9878731676	1.309259596
0.6266240941	0.3733759059	0.9879083365	1.309181542
0.6276250751	0.3723749249	0.9879438356	1.309102425
0.6286260561	0.3713739439	0.9879796593	1.309022249
0.629627037	0.370372963	0.9880158024	1.308941019
0.630628018	0.369371982	0.9880522597	1.308858738
0.631628999	0.368371001	0.9880890261	1.308775411
0.63262998	0.36737002	0.9881260962	1.308691042
0.633630961	0.366369039	0.9881634651	1.308605635
0.6346319419	0.3653680581	0.9882011276	1.308519193
0.6356329229	0.3643670771	0.9882390788	1.308431721
0.6366339039	0.3633660961	0.9882773137	1.308343223
0.6376348849	0.3623651151	0.9883158273	1.308253703
0.6386358659	0.3613641341	0.9883546147	1.308163165
0.6396368468	0.3603631532	0.9883936712	1.308071613
0.6406378278	0.3593621722	0.9884329918	1.30797905
0.6416388088	0.3583611912	0.9884725718	1.307885481
0.6426397898	0.3573602102	0.9885124065	1.30779091
0.6436407708	0.3563592292	0.9885524913	1.30769534
0.6446417518	0.3553582482	0.9885928214	1.307598776
0.6456427327	0.3543572673	0.9886333922	1.307501221
0.6466437137	0.3533562863	0.9886741993	1.30740268
0.6476446947	0.3523553053	0.988715238	1.307303155
0.6486456757	0.3513543243	0.9887565039	1.307202652
0.6496466567	0.3503533433	0.9887979925	1.307101173
0.6506476376	0.3493523624	0.9888396995	1.306998723
0.6516486186	0.3483513814	0.9888816204	1.306895306
0.6526495996	0.3473504004	0.9889237509	1.306790925
0.6536505806	0.3463494194	0.9889660867	1.306685584
0.6546515616	0.3453484384	0.9890086236	1.306579287
0.6556525425	0.3443474575	0.9890513573	1.306472038
0.6566535235	0.3433464765	0.9890942837	1.30636384
0.6576545045	0.3423454955	0.9891373985	1.306254697
0.6586554855	0.3413445145	0.9891806977	1.306144613
0.6596564665	0.3403435335	0.9892241772	1.306033592
0.6606574474	0.3393425526	0.9892678329	1.305921637
0.6616584284	0.3383415716	0.9893116609	1.305808752
0.6626594094	0.3373405906	0.9893556572	1.305694941
0.6636603904	0.3363396096	0.9893998177	1.305580208
0.6646613714	0.3353386286	0.9894441387	1.305464555
0.6656623524	0.3343376476	0.9894886162	1.305347988
0.6666633333	0.3333366667	0.9895332464	1.305230508
0.6676643143	0.3323356857	0.9895780254	1.305112121
0.6686652953	0.3313347047	0.9896229496	1.304992829
0.6696662763	0.3303337237	0.9896680152	1.304872637
0.6706672573	0.3293327427	0.9897132184	1.304751547
0.6716682382	0.3283317618	0.9897585555	1.304629564
0.6726692192	0.3273307808	0.989804023	1.30450669
0.6736702002	0.3263297998	0.9898496173	1.30438293
0.6746711812	0.3253288188	0.9898953346	1.304258288
0.6756721622	0.3243278378	0.9899411716	1.304132766
0.6766731431	0.3233268569	0.9899871246	1.304006368
0.6776741241	0.3223258759	0.9900331901	1.303879097
0.6786751051	0.3213248949	0.9900793648	1.303750958
0.6796760861	0.3203239139	0.9901256451	1.303621954
0.6806770671	0.3193229329	0.9901720277	1.303492087
0.681678048	0.318321952	0.9902185092	1.303361362
0.682679029	0.317320971	0.9902650863	1.303229782
0.68368001	0.31631999	0.9903117556	1.303097351
0.684680991	0.315319009	0.9903585138	1.302964072
0.685681972	0.314318028	0.9904053578	1.302829947
0.686682953	0.313317047	0.9904522842	1.302694982
0.6876839339	0.3123160661	0.9904992899	1.302559179
0.6886849149	0.3113150851	0.9905463716	1.302422541
0.6896858959	0.3103141041	0.9905935264	1.302285072
0.6906868769	0.3093131231	0.9906407509	1.302146775
0.6916878579	0.3083121421	0.9906880422	1.302007654
0.6926888388	0.3073111612	0.9907353972	1.301867712
0.6936898198	0.3063101802	0.9907828128	1.301726952
0.6946908008	0.3053091992	0.990830286	1.301585378
0.6956917818	0.3043082182	0.9908778139	1.301442993
0.6966927628	0.3033072372	0.9909253935	1.301299799
0.6976937437	0.3023062563	0.9909730218	1.301155802
0.6986947247	0.3013052753	0.991020696	1.301011003
0.6996957057	0.3003042943	0.9910684131	1.300865406
0.7006966867	0.2993033133	0.9911161704	1.300719014
0.7016976677	0.2983023323	0.9911639649	1.300571831
0.7026986486	0.2973013514	0.9912117939	1.300423859
0.7036996296	0.2963003704	0.9912596546	1.300275103
0.7047006106	0.2952993894	0.9913075442	1.300125565
0.7057015916	0.2942984084	0.99135546	1.299975248
0.7067025726	0.2932974274	0.9914033993	1.299824155
0.7077035536	0.2922964464	0.9914513594	1.299672291
0.7087045345	0.2912954655	0.9914993377	1.299519657
0.7097055155	0.2902944845	0.9915473314	1.299366257
0.7107064965	0.2892935035	0.991595338	1.299212095
0.7117074775	0.2882925225	0.991643355	1.299057173
0.7127084585	0.2872915415	0.9916913796	1.298901494
0.7137094394	0.2862905606	0.9917394095	1.298745062
0.7147104204	0.2852895796	0.991787442	1.298587879
0.7157114014	0.2842885986	0.9918354746	1.29842995
0.7167123824	0.2832876176	0.9918835049	1.298271276
0.7177133634	0.2822866366	0.9919315305	1.298111861
0.7187143443	0.2812856557	0.9919795488	1.297951708
0.7197153253	0.2802846747	0.9920275575	1.29779082
0.7207163063	0.2792836937	0.9920755542	1.2976292
0.7217172873	0.2782827127	0.9921235364	1.297466852
0.7227182683	0.2772817317	0.992171502	1.297303777
0.7237192492	0.2762807508	0.9922194484	1.29713998
0.7247202302	0.2752797698	0.9922673735	1.296975462
0.7257212112	0.2742787888	0.9923152749	1.296810228
0.7267221922	0.2732778078	0.9923631503	1.29664428
0.7277231732	0.2722768268	0.9924109976	1.296477621
0.7287241542	0.2712758458	0.9924588144	1.296310254
0.7297251351	0.2702748649	0.9925065987	1.296142182
0.7307261161	0.2692738839	0.9925543481	1.295973408
0.7317270971	0.2682729029	0.9926020605	1.295803935
0.7327280781	0.2672719219	0.9926497339	1.295633766
0.7337290591	0.2662709409	0.9926973659	1.295462903
0.73473004	0.26526996	0.9927449546	1.29529135
0.735731021	0.264268979	0.9927924979	1.295119109
0.736732002	0.263267998	0.9928399936	1.294946184
0.737732983	0.262267017	0.9928874398	1.294772577
0.738733964	0.261266036	0.9929348343	1.294598291
0.7397349449	0.2602650551	0.9929821752	1.294423329
0.7407359259	0.2592640741	0.9930294605	1.294247694
0.7417369069	0.2582630931	0.9930766882	1.294071388
0.7427378879	0.2572621121	0.9931238563	1.293894415
0.7437388689	0.2562611311	0.9931709629	1.293716777
0.7447398498	0.2552601502	0.9932180061	1.293538478
0.7457408308	0.2542591692	0.9932649839	1.293359519
0.7467418118	0.2532581882	0.9933118945	1.293179903
0.7477427928	0.2522572072	0.993358736	1.292999634
0.7487437738	0.2512562262	0.9934055065	1.292818714
0.7497447548	0.2502552452	0.9934522042	1.292637147
0.7507457357	0.2492542643	0.9934988273	1.292454933
0.7517467167	0.2482532833	0.9935453739	1.292272078
0.7527476977	0.2472523023	0.9935918424	1.292088582
0.7537486787	0.2462513213	0.9936382308	1.291904449
0.7547496597	0.2452503403	0.9936845375	1.291719682
0.7557506406	0.2442493594	0.9937307607	1.291534283
0.7567516216	0.2432483784	0.9937768987	1.291348255
0.7577526026	0.2422473974	0.9938229498	1.291161601
0.7587535836	0.2412464164	0.9938689122	1.290974322
0.7597545646	0.2402454354	0.9939147844	1.290786423
0.7607555455	0.2392444545	0.9939605646	1.290597906
0.7617565265	0.2382434735	0.9940062513	1.290408773
0.7627575075	0.2372424925	0.9940518427	1.290219026
0.7637584885	0.2362415115	0.9940973372	1.290028669
0.7647594695	0.2352405305	0.9941427334	1.289837705
0.7657604505	0.2342395495	0.9941880295	1.289646135
0.7667614314	0.2332385686	0.994233224	1.289453962
0.7677624124	0.2322375876	0.9942783154	1.28926119
0.7687633934	0.2312366066	0.9943233021	1.28906782
0.7697643744	0.2302356256	0.9943681826	1.288873854
0.7707653554	0.2292346446	0.9944129553	1.288679297
0.7717663363	0.2282336637	0.9944576189	1.28848415
0.7727673173	0.2272326827	0.9945021717	1.288288416
0.7737682983	0.2262317017	0.9945466124	1.288092097
0.7747692793	0.2252307207	0.9945909395	1.287895195
0.7757702603	0.2242297397	0.9946351515	1.287697714
0.7767712412	0.2232287588	0.9946792471	1.287499656
0.7777722222	0.2222277778	0.9947232247	1.287301024
0.7787732032	0.2212267968	0.9947670831	1.287101819
0.7797741842	0.2202258158	0.9948108207	1.286902044
0.7807751652	0.2192248348	0.9948544363	1.286701702
0.7817761461	0.2182238539	0.9948979285	1.286500796
0.7827771271	0.2172228729	0.994941296	1.286299327
0.7837781081	0.2162218919	0.9949845373	1.286097299
0.7847790891	0.2152209109	0.9950276513	1.285894713
0.7857800701	0.2142199299	0.9950706365	1.285691572
0.7867810511	0.2132189489	0.9951134917	1.285487879
0.787782032	0.212217968	0.9951562156	1.285283636
0.788783013	0.211216987	0.995198807	1.285078845
0.789783994	0.210216006	0.9952412646	1.284873508
0.790784975	0.209215025	0.9952835871	1.284667629
0.791785956	0.208214044	0.9953257733	1.284461209
0.7927869369	0.2072130631	0.995367822	1.284254251
0.7937879179	0.2062120821	0.995409732	1.284046758
0.7947888989	0.2052111011	0.995451502	1.283838731
0.7957898799	0.2042101201	0.995493131	1.283630173
0.7967908609	0.2032091391	0.9955346177	1.283421086
0.7977918418	0.2022081582	0.995575961	1.283211473
0.7987928228	0.2012071772	0.9956171597	1.283001336
0.7997938038	0.2002061962	0.9956582127	1.282790677
0.8007947848	0.1992052152	0.9956991189	1.282579499
0.8017957658	0.1982042342	0.9957398771	1.282367803
0.8027967467	0.1972032533	0.9957804863	1.282155593
0.8037977277	0.1962022723	0.9958209453	1.28194287
0.8047987087	0.1952012913	0.9958612532	1.281729637
0.8057996897	0.1942003103	0.9959014087	1.281515896
0.8068006707	0.1931993293	0.9959414109	1.28130165
0.8078016517	0.1921983483	0.9959812586	1.2810869
0.8088026326	0.1911973674	0.996020951	1.280871648
0.8098036136	0.1901963864	0.9960604869	1.280655898
0.8108045946	0.1891954054	0.9960998653	1.280439651
0.8118055756	0.1881944244	0.9961390853	1.280222909
0.8128065566	0.1871934434	0.9961781457	1.280005675
0.8138075375	0.1861924625	0.9962170458	1.279787951
0.8148085185	0.1851914815	0.9962557844	1.27956974
0.8158094995	0.1841905005	0.9962943606	1.279351042
0.8168104805	0.1831895195	0.9963327734	1.279131861
0.8178114615	0.1821885385	0.996371022	1.278912199
0.8188124424	0.1811875576	0.9964091054	1.278692057
0.8198134234	0.1801865766	0.9964470226	1.278471438
0.8208144044	0.1791855956	0.9964847728	1.278250345
0.8218153854	0.1781846146	0.996522355	1.278028779
0.8228163664	0.1771836336	0.9965597683	1.277806742
0.8238173473	0.1761826527	0.996597012	1.277584237
0.8248183283	0.1751816717	0.996634085	1.277361266
0.8258193093	0.1741806907	0.9966709865	1.27713783
0.8268202903	0.1731797097	0.9967077157	1.276913932
0.8278212713	0.1721787287	0.9967442718	1.276689575
0.8288222523	0.1711777477	0.9967806538	1.276464759
0.8298232332	0.1701767668	0.996816861	1.276239488
0.8308242142	0.1691757858	0.9968528925	1.276013763
0.8318251952	0.1681748048	0.9968887475	1.275787586
0.8328261762	0.1671738238	0.9969244253	1.27556096
0.8338271572	0.1661728428	0.996959925	1.275333887
0.8348281381	0.1651718619	0.9969952459	1.275106367
0.8358291191	0.1641708809	0.9970303871	1.274878405
0.8368301001	0.1631698999	0.997065348	1.274650001
0.8378310811	0.1621689189	0.9971001277	1.274421158
0.8388320621	0.1611679379	0.9971347255	1.274191877
0.839833043	0.160166957	0.9971691407	1.273962161
0.840834024	0.159165976	0.9972033726	1.273732012
0.841835005	0.158164995	0.9972374203	1.273501432
0.842835986	0.157164014	0.9972712833	1.273270422
0.843836967	0.156163033	0.9973049607	1.273038985
0.8448379479	0.1551620521	0.9973384519	1.272807122
0.8458389289	0.1541610711	0.9973717563	1.272574837
0.8468399099	0.1531600901	0.9974048731	1.27234213
0.8478408909	0.1521591091	0.9974378016	1.272109003
0.8488418719	0.1511581281	0.9974705412	1.271875459
0.8498428529	0.1501571471	0.9975030912	1.2716415
0.8508438338	0.1491561662	0.997535451	1.271407126
0.8518448148	0.1481551852	0.9975676199	1.271172342
0.8528457958	0.1471542042	0.9975995974	1.270937147
0.8538467768	0.1461532232	0.9976313827	1.270701545
0.8548477578	0.1451522422	0.9976629752	1.270465537
0.8558487387	0.1441512613	0.9976943744	1.270229125
0.8568497197	0.1431502803	0.9977255797	1.269992311
0.8578507007	0.1421492993	0.9977565903	1.269755096
0.8588516817	0.1411483183	0.9977874058	1.269517483
0.8598526627	0.1401473373	0.9978180256	1.269279474
0.8608536436	0.1391463564	0.9978484491	1.269041071
0.8618546246	0.1381453754	0.9978786756	1.268802274
0.8628556056	0.1371443944	0.9979087048	1.268563087
0.8638565866	0.1361434134	0.9979385359	1.268323511
0.8648575676	0.1351424324	0.9979681685	1.268083548
0.8658585485	0.1341414515	0.997997602	1.267843199
0.8668595295	0.1331404705	0.998026836	1.267602467
0.8678605105	0.1321394895	0.9980558697	1.267361354
0.8688614915	0.1311385085	0.9980847028	1.26711986
0.8698624725	0.1301375275	0.9981133348	1.266877989
0.8708634535	0.1291365465	0.998141765	1.266635741
0.8718644344	0.1281355656	0.9981699931	1.266393119
0.8728654154	0.1271345846	0.9981980185	1.266150125
0.8738663964	0.1261336036	0.9982258408	1.265906759
0.8748673774	0.1251326226	0.9982534594	1.265663025
0.8758683584	0.1241316416	0.9982808739	1.265418923
0.8768693393	0.1231306607	0.9983080838	1.265174456
0.8778703203	0.1221296797	0.9983350887	1.264929625
0.8788713013	0.1211286987	0.9983618881	1.264684433
0.8798722823	0.1201277177	0.9983884816	1.26443888
0.8808732633	0.1191267367	0.9984148687	1.264192969
0.8818742442	0.1181257558	0.9984410489	1.2639467
0.8828752252	0.1171247748	0.998467022	1.263700077
0.8838762062	0.1161237938	0.9984927873	1.263453101
0.8848771872	0.1151228128	0.9985183446	1.263205773
0.8858781682	0.1141218318	0.9985436934	1.262958096
0.8868791491	0.1131208509	0.9985688333	1.26271007
0.8878801301	0.1121198699	0.9985937639	1.262461698
0.8888811111	0.1111188889	0.9986184848	1.262212981
0.8898820921	0.1101179079	0.9986429956	1.261963921
0.8908830731	0.1091169269	0.998667296	1.26171452
0.8918840541	0.1081159459	0.9986913855	1.261464779
0.892885035	0.107114965	0.9987152638	1.261214701
0.893886016	0.106113984	0.9987389306	1.260964285
0.894886997	0.105113003	0.9987623854	1.260713536
0.895887978	0.104112022	0.9987856279	1.260462453
0.896888959	0.103111041	0.9988086578	1.260211039
0.8978899399	0.1021100601	0.9988314747	1.259959295
0.8988909209	0.1011090791	0.9988540783	1.259707223
0.8998919019	0.1001080981	0.9988764683	1.259454825
0.9008928829	0.09910711712	0.9988986443	1.259202102
0.9018938639	0.09810613614	0.998920606	1.258949056
0.9028948448	0.09710515516	0.9989423531	1.258695688
0.9038958258	0.09610417417	0.9989638853	1.258442
0.9048968068	0.09510319319	0.9989852022	1.258187994
0.9058977878	0.09410221221	0.9990063036	1.257933671
0.9068987688	0.09310123123	0.9990271892	1.257679033
0.9078997497	0.09210025025	0.9990478587	1.257424081
0.9089007307	0.09109926927	0.9990683118	1.257168817
0.9099017117	0.09009828829	0.9990885482	1.256913243
0.9109026927	0.08909730731	0.9991085677	1.25665736
0.9119036737	0.08809632633	0.99912837	1.25640117
0.9129046547	0.08709534535	0.9991479547	1.256144674
0.9139056356	0.08609436436	0.9991673217	1.255887874
0.9149066166	0.08509338338	0.9991864707	1.255630771
0.9159075976	0.0840924024	0.9992054015	1.255373367
0.9169085786	0.08309142142	0.9992241138	1.255115663
0.9179095596	0.08209044044	0.9992426073	1.254857662
0.9189105405	0.08108945946	0.9992608818	1.254599364
0.9199115215	0.08008847848	0.9992789371	1.254340771
0.9209125025	0.0790874975	0.999296773	1.254081884
0.9219134835	0.07808651652	0.9993143892	1.253822706
0.9229144645	0.07708553554	0.9993317855	1.253563237
0.9239154454	0.07608455455	0.9993489618	1.253303479
0.9249164264	0.07508357357	0.9993659177	1.253043433
0.9259174074	0.07408259259	0.9993826531	1.252783102
0.9269183884	0.07308161161	0.9993991678	1.252522486
0.9279193694	0.07208063063	0.9994154616	1.252261587
0.9289203504	0.07107964965	0.9994315343	1.252000407
0.9299213313	0.07007866867	0.9994473857	1.251738946
0.9309223123	0.06907768769	0.9994630156	1.251477207
0.9319232933	0.06807670671	0.9994784239	1.251215191
0.9329242743	0.06707572573	0.9994936103	1.250952899
0.9339252553	0.06607474474	0.9995085747	1.250690333
0.9349262362	0.06507376376	0.999523317	1.250427493
0.9359272172	0.06407278278	0.9995378369	1.250164383
0.9369281982	0.0630718018	0.9995521343	1.249901002
0.9379291792	0.06207082082	0.9995662091	1.249637353
0.9389301602	0.06106983984	0.9995800611	1.249373437
0.9399311411	0.06006885886	0.9995936901	1.249109255
0.9409321221	0.05906787788	0.9996070961	1.248844809
0.9419331031	0.0580668969	0.9996202788	1.2485801
0.9429340841	0.05706591592	0.9996332382	1.24831513
0.9439350651	0.05606493493	0.999645974	1.248049899
0.944936046	0.05506395395	0.9996584862	1.24778441
0.945937027	0.05406297297	0.9996707747	1.247518663
0.946938008	0.05306199199	0.9996828393	1.247252661
0.947938989	0.05206101101	0.99969468	1.246986404
0.94893997	0.05106003003	0.9997062965	1.246719893
0.949940951	0.05005904905	0.9997176888	1.246453131
0.9509419319	0.04905806807	0.9997288568	1.246186119
0.9519429129	0.04805708709	0.9997398004	1.245918857
0.9529438939	0.04705610611	0.9997505194	1.245651348
0.9539448749	0.04605512513	0.9997610139	1.245383592
0.9549458559	0.04505414414	0.9997712836	1.245115591
0.9559468368	0.04405316316	0.9997813286	1.244847346
0.9569478178	0.04305218218	0.9997911487	1.244578859
0.9579487988	0.0420512012	0.9998007438	1.244310131
0.9589497798	0.04105022022	0.9998101139	1.244041163
0.9599507608	0.04004923924	0.9998192588	1.243771957
0.9609517417	0.03904825826	0.9998281786	1.243502514
0.9619527227	0.03804727728	0.9998368732	1.243232834
0.9629537037	0.0370462963	0.9998453424	1.242962921
0.9639546847	0.03604531532	0.9998535863	1.242692774
0.9649556657	0.03504433433	0.9998616047	1.242422395
0.9659566466	0.03404335335	0.9998693976	1.242151785
0.9669576276	0.03304237237	0.999876965	1.241880946
0.9679586086	0.03204139139	0.9998843068	1.24160988
0.9689595896	0.03104041041	0.999891423	1.241338586
0.9699605706	0.03003942943	0.9998983134	1.241067067
0.9709615516	0.02903844845	0.9999049782	1.240795323
0.9719625325	0.02803746747	0.9999114172	1.240523357
0.9729635135	0.02703648649	0.9999176305	1.240251169
0.9739644945	0.02603550551	0.9999236179	1.23997876
0.9749654755	0.02503452452	0.9999293795	1.239706132
0.9759664565	0.02403354354	0.9999349152	1.239433286
0.9769674374	0.02303256256	0.999940225	1.239160224
0.9779684184	0.02203158158	0.9999453089	1.238886946
0.9789693994	0.0210306006	0.999950167	1.238613453
0.9799703804	0.02002961962	0.999954799	1.238339748
0.9809713614	0.01902863864	0.9999592051	1.238065831
0.9819723423	0.01802765766	0.9999633853	1.237791703
0.9829733233	0.01702667668	0.9999673396	1.237517366
0.9839743043	0.0160256957	0.9999710678	1.23724282
0.9849752853	0.01502471471	0.9999745701	1.236968068
0.9859762663	0.01402373373	0.9999778465	1.236693109
0.9869772472	0.01302275275	0.999980897	1.236417947
0.9879782282	0.01202177177	0.9999837215	1.236142581
0.9889792092	0.01102079079	0.99998632	1.235867012
0.9899801902	0.01001980981	0.9999886927	1.235591243
0.9909811712	0.009018828829	0.9999908395	1.235315273
0.9919821522	0.008017847848	0.9999927604	1.235039106
0.9929831331	0.007016866867	0.9999944555	1.23476274
0.9939841141	0.006015885886	0.9999959248	1.234486178
0.9949850951	0.005014904905	0.9999971683	1.234209421
0.9959860761	0.004013923924	0.999998186	1.23393247
0.9969870571	0.003012942943	0.999998978	1.233655327
0.997988038	0.002011961962	0.9999995443	1.233377991
0.998989019	0.001010980981	0.9999998849	1.233100465
0.99999	1e-05	1	1.23282275
