1e-05	0.99999	31.14146513	1.000000002
0.001010980981	0.998989019	29.77615473	1.000022845
0.002011961962	0.997988038	28.49068976	1.000089598
0.003012942943	0.9969870571	27.27948612	1.000198982
0.004013923924	0.9959860761	26.13740742	1.000349761
0.005014904905	0.9949850951	25.05972487	1.000540738
0.006015885886	0.9939841141	24.04208112	1.000770754
0.007016866867	0.9929831331	23.08045761	1.001038686
0.008017847848	0.9919821522	22.17114506	1.001343445
0.009018828829	0.9909811712	21.31071686	1.001683978
0.01001980981	0.9899801902	20.49600489	1.002059262
0.01102079079	0.9889792092	19.72407764	1.002468306
0.01202177177	0.9879782282	18.99222044	1.00291015
0.01302275275	0.9869772472	18.29791741	1.003383862
0.01402373373	0.9859762663	17.63883515	1.003888537
0.01502471471	0.9849752853	17.01280783	1.004423297
0.0160256957	0.9839743043	16.41782367	1.004987292
0.01702667668	0.9829733233	15.85201265	1.005579694
0.01802765766	0.9819723423	15.31363521	1.006199701
0.01902863864	0.9809713614	14.80107207	1.006846532
0.02002961962	0.9799703804	14.31281479	1.007519431
0.0210306006	0.9789693994	13.84745728	1.008217662
0.02203158158	0.9779684184	13.40368793	1.008940509
0.02303256256	0.9769674374	12.98028246	1.009687277
0.02403354354	0.9759664565	12.57609737	1.010457292
0.02503452452	0.9749654755	12.19006388	1.011249896
0.02603550551	0.9739644945	11.82118246	1.01206445
0.02703648649	0.9729635135	11.46851775	1.012900333
0.02803746747	0.9719625325	11.13119385	1.01375694
0.02903844845	0.9709615516	10.80839013	1.014633684
0.03003942943	0.9699605706	10.49933719	1.015529992
0.03104041041	0.9689595896	10.20331331	1.016445307
0.03204139139	0.9679586086	9.919641056	1.017379087
0.03304237237	0.9669576276	9.647684232	1.018330804
0.03404335335	0.9659566466	9.386845004	1.019299943
0.03504433433	0.9649556657	9.136561295	1.020286005
0.03604531532	0.9639546847	8.896304348	1.021288501
0.0370462963	0.9629537037	8.665576485	1.022306956
0.03804727728	0.9619527227	8.443909031	1.023340908
0.03904825826	0.9609517417	8.230860393	1.024389906
0.04004923924	0.9599507608	8.026014282	1.025453508
0.04105022022	0.9589497798	7.828978058	1.026531288
0.0420512012	0.9579487988	7.639381205	1.027622828
0.04305218218	0.9569478178	7.456873911	1.028727719
0.04405316316	0.9559468368	7.281125747	1.029845564
0.04505414414	0.9549458559	7.111824448	1.030975977
0.04605512513	0.9539448749	6.948674769	1.03211858
0.04705610611	0.9529438939	6.791397428	1.033273003
0.04805708709	0.9519429129	6.639728125	1.034438886
0.04905806807	0.9509419319	6.493416618	1.03561588
0.05005904905	0.949940951	6.352225875	1.036803642
0.05106003003	0.94893997	6.215931273	1.038001837
0.05206101101	0.947938989	6.084319855	1.039210139
0.05306199199	0.946938008	5.957189642	1.040428229
0.05406297297	0.945937027	5.834348979	1.041655797
0.05506395395	0.944936046	5.715615936	1.042892539
0.05606493493	0.9439350651	5.60081774	1.044138159
0.05706591592	0.9429340841	5.48979025	1.045392366
0.0580668969	0.9419331031	5.382377457	1.046654879
0.05906787788	0.9409321221	5.27843103	1.04792542
0.06006885886	0.9399311411	5.177809876	1.04920372
0.06106983984	0.9389301602	5.080379738	1.050489516
0.06207082082	0.9379291792	4.986012814	1.051782549
0.0630718018	0.9369281982	4.894587401	1.053082569
0.06407278278	0.9359272172	4.805987561	1.054389328
0.06507376376	0.9349262362	4.720102804	1.055702587
0.06607474474	0.9339252553	4.636827798	1.057022111
0.06707572573	0.9329242743	4.556062092	1.058347669
0.06807670671	0.9319232933	4.47770985	1.059679038
0.06907768769	0.9309223123	4.401679615	1.061015997
0.07007866867	0.9299213313	4.327884073	1.062358333
0.07107964965	0.9289203504	4.256239838	1.063705834
0.07208063063	0.9279193694	4.186667249	1.065058297
0.07308161161	0.9269183884	4.119090179	1.066415519
0.07408259259	0.9259174074	4.053435853	1.067777306
0.07508357357	0.9249164264	3.989634678	1.069143465
0.07608455455	0.9239154454	3.927620083	1.070513807
0.07708553554	0.9229144645	3.867328366	1.07188815
0.07808651652	0.9219134835	3.808698552	1.073266314
0.0790874975	0.9209125025	3.751672261	1.074648122
0.08008847848	0.9199115215	3.696193576	1.076033404
0.08108945946	0.9189105405	3.642208923	1.07742199
0.08209044044	0.9179095596	3.589666963	1.078813715
0.08309142142	0.9169085786	3.538518478	1.08020842
0.0840924024	0.9159075976	3.488716271	1.081605945
0.08509338338	0.9149066166	3.440215074	1.083006138
0.08609436436	0.9139056356	3.392971451	1.084408845
0.08709534535	0.9129046547	3.346943714	1.085813921
0.08809632633	0.9119036737	3.302091846	1.08722122
0.08909730731	0.9109026927	3.258377416	1.0886306
0.09009828829	0.9099017117	3.215763511	1.090041923
0.09109926927	0.9089007307	3.174214665	1.091455053
0.09210025025	0.9078997497	3.133696792	1.092869858
0.09310123123	0.9068987688	3.094177128	1.094286207
0.09410221221	0.9058977878	3.055624167	1.095703972
0.09510319319	0.9048968068	3.018007604	1.097123031
0.09610417417	0.9038958258	2.981298287	1.098543259
0.09710515516	0.9028948448	2.945468163	1.099964538
0.09810613614	0.9018938639	2.910490229	1.101386752
0.09910711712	0.9008928829	2.876338488	1.102809784
0.1001080981	0.8998919019	2.842987903	1.104233524
0.1011090791	0.8988909209	2.810414361	1.105657861
0.1021100601	0.8978899399	2.778594626	1.107082688
0.103111041	0.896888959	2.747506308	1.108507899
0.104112022	0.895887978	2.717127824	1.109933392
0.105113003	0.894886997	2.687438366	1.111359065
0.106113984	0.893886016	2.658417864	1.112784819
0.107114965	0.892885035	2.630046963	1.114210558
0.1081159459	0.8918840541	2.602306987	1.115636188
0.1091169269	0.8908830731	2.575179914	1.117061614
0.1101179079	0.8898820921	2.548648348	1.118486746
0.1111188889	0.8888811111	2.522695496	1.119911495
0.1121198699	0.8878801301	2.497305141	1.121335774
0.1131208509	0.8868791491	2.472461619	1.122759498
0.1141218318	0.8858781682	2.448149799	1.124182582
0.1151228128	0.8848771872	2.424355061	1.125604945
0.1161237938	0.8838762062	2.401063273	1.127026506
0.1171247748	0.8828752252	2.378260777	1.128447188
0.1181257558	0.8818742442	2.355934367	1.129866913
0.1191267367	0.8808732633	2.334071273	1.131285605
0.1201277177	0.8798722823	2.312659141	1.132703192
0.1211286987	0.8788713013	2.291686023	1.1341196
0.1221296797	0.8778703203	2.271140356	1.135534759
0.1231306607	0.8768693393	2.251010949	1.1369486
0.1241316416	0.8758683584	2.231286971	1.138361055
0.1251326226	0.8748673774	2.211957935	1.139772057
0.1261336036	0.8738663964	2.193013686	1.141181542
0.1271345846	0.8728654154	2.17444439	1.142589445
0.1281355656	0.8718644344	2.156240518	1.143995705
0.1291365465	0.8708634535	2.138392841	1.14540026
0.1301375275	0.8698624725	2.120892413	1.146803051
0.1311385085	0.8688614915	2.103730566	1.148204019
0.1321394895	0.8678605105	2.086898895	1.149603106
0.1331404705	0.8668595295	2.070389253	1.151000257
0.1341414515	0.8658585485	2.054193738	1.152395417
0.1351424324	0.8648575676	2.038304686	1.153788532
0.1361434134	0.8638565866	2.022714664	1.155179549
0.1371443944	0.8628556056	2.00741646	1.156568417
0.1381453754	0.8618546246	1.992403075	1.157955085
0.1391463564	0.8608536436	1.977667716	1.159339505
0.1401473373	0.8598526627	1.96320379	1.160721628
0.1411483183	0.8588516817	1.949004896	1.162101406
0.1421492993	0.8578507007	1.935064819	1.163478794
0.1431502803	0.8568497197	1.921377522	1.164853746
0.1441512613	0.8558487387	1.907937143	1.166226218
0.1451522422	0.8548477578	1.894737985	1.167596167
0.1461532232	0.8538467768	1.881774515	1.16896355
0.1471542042	0.8528457958	1.869041356	1.170328326
0.1481551852	0.8518448148	1.85653328	1.171690454
0.1491561662	0.8508438338	1.844245207	1.173049895
0.1501571471	0.8498428529	1.832172199	1.17440661
0.1511581281	0.8488418719	1.820309452	1.175760562
0.1521591091	0.8478408909	1.808652297	1.177111712
0.1531600901	0.8468399099	1.797196191	1.178460025
0.1541610711	0.8458389289	1.785936716	1.179805465
0.1551620521	0.8448379479	1.774869571	1.181147999
0.156163033	0.843836967	1.763990576	1.182487591
0.157164014	0.842835986	1.753295658	1.183824209
0.158164995	0.841835005	1.742780855	1.185157821
0.159165976	0.840834024	1.732442312	1.186488394
0.160166957	0.839833043	1.722276273	1.187815899
0.1611679379	0.8388320621	1.712279082	1.189140305
0.1621689189	0.8378310811	1.702447179	1.190461582
0.1631698999	0.8368301001	1.692777096	1.191779702
0.1641708809	0.8358291191	1.683265455	1.193094637
0.1651718619	0.8348281381	1.673908966	1.194406359
0.1661728428	0.8338271572	1.664704423	1.195714842
0.1671738238	0.8328261762	1.6556487	1.197020059
0.1681748048	0.8318251952	1.646738753	1.198321985
0.1691757858	0.8308242142	1.637971615	1.199620596
0.1701767668	0.8298232332	1.629344392	1.200915866
0.1711777477	0.8288222523	1.620854263	1.202207772
0.1721787287	0.8278212713	1.612498478	1.203496292
0.1731797097	0.8268202903	1.604274355	1.204781402
0.1741806907	0.8258193093	1.596179278	1.206063081
0.1751816717	0.8248183283	1.588210695	1.207341308
0.1761826527	0.8238173473	1.580366117	1.208616061
0.1771836336	0.8228163664	1.572643115	1.20988732
0.1781846146	0.8218153854	1.565039321	1.211155066
0.1791855956	0.8208144044	1.55755242	1.212419279
0.1801865766	0.8198134234	1.550180157	1.213679941
0.1811875576	0.8188124424	1.542920328	1.214937033
0.1821885385	0.8178114615	1.535770783	1.216190538
0.1831895195	0.8168104805	1.528729421	1.217440438
0.1841905005	0.8158094995	1.521794193	1.218686717
0.1851914815	0.8148085185	1.514963096	1.219929358
0.1861924625	0.8138075375	1.508234175	1.221168345
0.1871934434	0.8128065566	1.501605521	1.222403664
0.1881944244	0.8118055756	1.495075267	1.223635299
0.1891954054	0.8108045946	1.488641591	1.224863235
0.1901963864	0.8098036136	1.482302711	1.226087459
0.1911973674	0.8088026326	1.476056889	1.227307957
0.1921983483	0.8078016517	1.469902423	1.228524715
0.1931993293	0.8068006707	1.46383765	1.229737721
0.1942003103	0.8057996897	1.457860948	1.230946963
0.1952012913	0.8047987087	1.451970726	1.232152428
0.1962022723	0.8037977277	1.446165433	1.233354105
0.1972032533	0.8027967467	1.44044355	1.234551982
0.1982042342	0.8017957658	1.434803592	1.235746048
0.1992052152	0.8007947848	1.429244109	1.236936294
0.2002061962	0.7997938038	1.423763679	1.238122708
0.2012071772	0.7987928228	1.418360914	1.239305282
0.2022081582	0.7977918418	1.413034455	1.240484004
0.2032091391	0.7967908609	1.407782974	1.241658867
0.2042101201	0.7957898799	1.402605168	1.242829862
0.2052111011	0.7947888989	1.397499767	1.24399698
0.2062120821	0.7937879179	1.392465523	1.245160213
0.2072130631	0.7927869369	1.387501219	1.246319553
0.208214044	0.791785956	1.382605662	1.247474993
0.209215025	0.790784975	1.377777683	1.248626525
0.210216006	0.789783994	1.373016139	1.249774143
0.211216987	0.788783013	1.368319912	1.25091784
0.212217968	0.787782032	1.363687904	1.25205761
0.2132189489	0.7867810511	1.359119043	1.253193447
0.2142199299	0.7857800701	1.354612278	1.254325344
0.2152209109	0.7847790891	1.35016658	1.255453298
0.2162218919	0.7837781081	1.34578094	1.256577301
0.2172228729	0.7827771271	1.341454371	1.257697351
0.2182238539	0.7817761461	1.337185905	1.258813441
0.2192248348	0.7807751652	1.332974595	1.259925568
0.2202258158	0.7797741842	1.328819511	1.261033727
0.2212267968	0.7787732032	1.324719743	1.262137915
0.2222277778	0.7777722222	1.3206744	1.263238128
0.2232287588	0.7767712412	1.316682608	1.264334363
0.2242297397	0.7757702603	1.312743509	1.265426616
0.2252307207	0.7747692793	1.308856264	1.266514885
0.2262317017	0.7737682983	1.30502005	1.267599167
0.2272326827	0.7727673173	1.30123406	1.268679459
0.2282336637	0.7717663363	1.297497502	1.26975576
0.2292346446	0.7707653554	1.293809601	1.270828068
0.2302356256	0.7697643744	1.290169596	1.271896379
0.2312366066	0.7687633934	1.28657674	1.272960695
0.2322375876	0.7677624124	1.283030301	1.274021011
0.2332385686	0.7667614314	1.279529563	1.275077329
0.2342395495	0.7657604505	1.276073821	1.276129646
0.2352405305	0.7647594695	1.272662384	1.277177962
0.2362415115	0.7637584885	1.269294575	1.278222276
0.2372424925	0.7627575075	1.265969728	1.279262589
0.2382434735	0.7617565265	1.262687193	1.280298899
0.2392444545	0.7607555455	1.259446328	1.281331207
0.2402454354	0.7597545646	1.256246505	1.282359514
0.2412464164	0.7587535836	1.253087108	1.283383819
0.2422473974	0.7577526026	1.249967532	1.284404122
0.2432483784	0.7567516216	1.246887184	1.285420426
0.2442493594	0.7557506406	1.243845479	1.286432731
0.2452503403	0.7547496597	1.240841846	1.287441037
0.2462513213	0.7537486787	1.237875723	1.288445346
0.2472523023	0.7527476977	1.234946559	1.289445659
0.2482532833	0.7517467167	1.232053811	1.290441979
0.2492542643	0.7507457357	1.229196948	1.291434306
0.2502552452	0.7497447548	1.226375447	1.292422642
0.2512562262	0.7487437738	1.223588796	1.293406991
0.2522572072	0.7477427928	1.22083649	1.294387352
0.2532581882	0.7467418118	1.218118035	1.29536373
0.2542591692	0.7457408308	1.215432945	1.296336126
0.2552601502	0.7447398498	1.212780742	1.297304543
0.2562611311	0.7437388689	1.210160957	1.298268984
0.2572621121	0.7427378879	1.207573129	1.299229452
0.2582630931	0.7417369069	1.205016805	1.300185949
0.2592640741	0.7407359259	1.20249154	1.301138478
0.2602650551	0.7397349449	1.199996897	1.302087044
0.261266036	0.738733964	1.197532446	1.303031649
0.262267017	0.737732983	1.195097765	1.303972297
0.263267998	0.736732002	1.192692439	1.304908991
0.264268979	0.735731021	1.190316059	1.305841735
0.26526996	0.73473004	1.187968225	1.306770534
0.2662709409	0.7337290591	1.185648543	1.30769539
0.2672719219	0.7327280781	1.183356624	1.308616309
0.2682729029	0.7317270971	1.181092088	1.309533293
0.2692738839	0.7307261161	1.178854559	1.310446348
0.2702748649	0.7297251351	1.176643671	1.311355479
0.2712758458	0.7287241542	1.174459059	1.312260688
0.2722768268	0.7277231732	1.172300369	1.313161982
0.2732778078	0.7267221922	1.17016725	1.314059365
0.2742787888	0.7257212112	1.168059356	1.314952841
0.2752797698	0.7247202302	1.16597635	1.315842415
0.2762807508	0.7237192492	1.163917898	1.316728093
0.2772817317	0.7227182683	1.161883672	1.31760988
0.2782827127	0.7217172873	1.159873349	1.318487781
0.2792836937	0.7207163063	1.157886612	1.3193618
0.2802846747	0.7197153253	1.155923149	1.320231944
0.2812856557	0.7187143443	1.153982653	1.321098218
0.2822866366	0.7177133634	1.152064821	1.321960628
0.2832876176	0.7167123824	1.150169357	1.322819178
0.2842885986	0.7157114014	1.148295966	1.323673876
0.2852895796	0.7147104204	1.146444362	1.324524725
0.2862905606	0.7137094394	1.144614261	1.325371734
0.2872915415	0.7127084585	1.142805383	1.326214906
0.2882925225	0.7117074775	1.141017455	1.327054249
0.2892935035	0.7107064965	1.139250206	1.327889768
0.2902944845	0.7097055155	1.13750337	1.32872147
0.2912954655	0.7087045345	1.135776685	1.329549361
0.2922964464	0.7077035536	1.134069894	1.330373447
0.2932974274	0.7067025726	1.132382741	1.331193734
0.2942984084	0.7057015916	1.130714978	1.33201023
0.2952993894	0.7047006106	1.129066359	1.332822939
0.2963003704	0.7036996296	1.12743664	1.33363187
0.2973013514	0.7026986486	1.125825584	1.334437028
0.2983023323	0.7016976677	1.124232956	1.335238421
0.2993033133	0.7006966867	1.122658524	1.336036055
0.3003042943	0.6996957057	1.121102059	1.336829937
0.3013052753	0.6986947247	1.119563339	1.337620073
0.3023062563	0.6976937437	1.118042141	1.338406471
0.3033072372	0.6966927628	1.116538249	1.339189138
0.3043082182	0.6956917818	1.115051446	1.33996808
0.3053091992	0.6946908008	1.113581523	1.340743305
0.3063101802	0.6936898198	1.112128271	1.34151482
0.3073111612	0.6926888388	1.110691484	1.342282632
0.3083121421	0.6916878579	1.109270962	1.343046748
0.3093131231	0.6906868769	1.107866504	1.343807176
0.3103141041	0.6896858959	1.106477914	1.344563923
0.3113150851	0.6886849149	1.105105	1.345316996
0.3123160661	0.6876839339	1.103747571	1.346066402
0.313317047	0.686682953	1.102405439	1.34681215
0.314318028	0.685681972	1.101078419	1.347554247
0.315319009	0.684680991	1.099766329	1.3482927
0.31631999	0.68368001	1.098468989	1.349027516
0.317320971	0.682679029	1.097186222	1.349758704
0.318321952	0.681678048	1.095917853	1.350486272
0.3193229329	0.6806770671	1.094663711	1.351210226
0.3203239139	0.6796760861	1.093423626	1.351930574
0.3213248949	0.6786751051	1.092197431	1.352647325
0.3223258759	0.6776741241	1.09098496	1.353360486
0.3233268569	0.6766731431	1.089786051	1.354070065
0.3243278378	0.6756721622	1.088600545	1.35477607
0.3253288188	0.6746711812	1.087428283	1.355478509
0.3263297998	0.6736702002	1.086269109	1.35617739
0.3273307808	0.6726692192	1.08512287	1.35687272
0.3283317618	0.6716682382	1.083989413	1.357564508
0.3293327427	0.6706672573	1.082868591	1.358252762
0.3303337237	0.6696662763	1.081760256	1.35893749
0.3313347047	0.6686652953	1.080664262	1.3596187
0.3323356857	0.6676643143	1.079580466	1.3602964
0.3333366667	0.6666633333	1.078508726	1.360970598
0.3343376476	0.6656623524	1.077448905	1.361641303
0.3353386286	0.6646613714	1.076400863	1.362308522
0.3363396096	0.6636603904	1.075364465	1.362972264
0.3373405906	0.6626594094	1.074339578	1.363632537
0.3383415716	0.6616584284	1.07332607	1.364289349
0.3393425526	0.6606574474	1.072323811	1.364942709
0.3403435335	0.6596564665	1.071332671	1.365592625
0.3413445145	0.6586554855	1.070352525	1.366239106
0.3423454955	0.6576545045	1.069383247	1.366882159
0.3433464765	0.6566535235	1.068424714	1.367521792
0.3443474575	0.6556525425	1.067476804	1.368158016
0.3453484384	0.6546515616	1.066539398	1.368790837
0.3463494194	0.6536505806	1.065612377	1.369420264
0.3473504004	0.6526495996	1.064695623	1.370046306
0.3483513814	0.6516486186	1.063789021	1.370668972
0.3493523624	0.6506476376	1.062892459	1.371288268
0.3503533433	0.6496466567	1.062005822	1.371904205
0.3513543243	0.6486456757	1.061129001	1.372516791
0.3523553053	0.6476446947	1.060261885	1.373126033
0.3533562863	0.6466437137	1.059404367	1.373731942
0.3543572673	0.6456427327	1.05855634	1.374334524
0.3553582482	0.6446417518	1.057717698	1.374933789
0.3563592292	0.6436407708	1.056888338	1.375529745
0.3573602102	0.6426397898	1.056068158	1.376122402
0.3583611912	0.6416388088	1.055257055	1.376711766
0.3593621722	0.6406378278	1.054454931	1.377297848
0.3603631532	0.6396368468	1.053661685	1.377880655
0.3613641341	0.6386358659	1.052877221	1.378460197
0.3623651151	0.6376348849	1.052101443	1.379036481
0.3633660961	0.6366339039	1.051334255	1.379609517
0.3643670771	0.6356329229	1.050575564	1.380179314
0.3653680581	0.6346319419	1.049825276	1.380745878
0.366369039	0.633630961	1.049083302	1.381309221
0.36737002	0.63262998	1.048349549	1.381869349
0.368371001	0.631628999	1.047623929	1.382426272
0.369371982	0.630628018	1.046906355	1.382979999
0.370372963	0.629627037	1.046196738	1.383530537
0.3713739439	0.6286260561	1.045494993	1.384077897
0.3723749249	0.6276250751	1.044801036	1.384622085
0.3733759059	0.6266240941	1.044114781	1.385163112
0.3743768869	0.6256231131	1.043436147	1.385700986
0.3753778679	0.6246221321	1.042765052	1.386235715
0.3763788488	0.6236211512	1.042101415	1.386767308
0.3773798298	0.6226201702	1.041445157	1.387295774
0.3783808108	0.6216191892	1.040796197	1.387821122
0.3793817918	0.6206182082	1.040154459	1.38834336
0.3803827728	0.6196172272	1.039519866	1.388862496
0.3813837538	0.6186162462	1.038892341	1.389378541
0.3823847347	0.6176152653	1.03827181	1.389891501
0.3833857157	0.6166142843	1.037658198	1.390401387
0.3843866967	0.6156133033	1.037051433	1.390908206
0.3853876777	0.6146123223	1.036451441	1.391411968
0.3863886587	0.6136113413	1.035858151	1.39191268
0.3873896396	0.6126103604	1.035271493	1.392410353
0.3883906206	0.6116093794	1.034691397	1.392904994
0.3893916016	0.6106083984	1.034117793	1.393396612
0.3903925826	0.6096074174	1.033550614	1.393885215
0.3913935636	0.6086064364	1.032989792	1.394370813
0.3923945445	0.6076054555	1.03243526	1.394853415
0.3933955255	0.6066044745	1.031886953	1.395333028
0.3943965065	0.6056034935	1.031344805	1.395809661
0.3953974875	0.6046025125	1.030808753	1.396283324
0.3963984685	0.6036015315	1.030278733	1.396754024
0.3973994494	0.6026005506	1.029754682	1.397221771
0.3984004304	0.6015995696	1.029236537	1.397686572
0.3994014114	0.6005985886	1.028724238	1.398148438
0.4004023924	0.5995976076	1.028217724	1.398607376
0.4014033734	0.5985966266	1.027716935	1.399063394
0.4024043544	0.5975956456	1.027221812	1.399516503
0.4034053353	0.5965946647	1.026732296	1.399966709
0.4044063163	0.5955936837	1.026248329	1.400414022
0.4054072973	0.5945927027	1.025769854	1.400858451
0.4064082783	0.5935917217	1.025296815	1.401300003
0.4074092593	0.5925907407	1.024829155	1.401738688
0.4084102402	0.5915897598	1.024366819	1.402174514
0.4094112212	0.5905887788	1.023909753	1.40260749
0.4104122022	0.5895877978	1.023457903	1.403037624
0.4114131832	0.5885868168	1.023011214	1.403464925
0.4124141642	0.5875858358	1.022569634	1.403889401
0.4134151451	0.5865848549	1.022133112	1.404311061
0.4144161261	0.5855838739	1.021701594	1.404729913
0.4154171071	0.5845828929	1.021275031	1.405145967
0.4164180881	0.5835819119	1.020853371	1.405559229
0.4174190691	0.5825809309	1.020436565	1.40596971
0.4184200501	0.5815799499	1.020024563	1.406377417
0.419421031	0.580578969	1.019617316	1.406782359
0.420422012	0.579577988	1.019214777	1.407184544
0.421422993	0.578577007	1.018816897	1.407583981
0.422423974	0.577576026	1.018423629	1.407980678
0.423424955	0.576575045	1.018034926	1.408374643
0.4244259359	0.5755740641	1.017650742	1.408765886
0.4254269169	0.5745730831	1.017271031	1.409154414
0.4264278979	0.5735721021	1.016895749	1.409540236
0.4274288789	0.5725711211	1.01652485	1.409923361
0.4284298599	0.5715701401	1.01615829	1.410303796
0.4294308408	0.5705691592	1.015796025	1.410681549
0.4304318218	0.5695681782	1.015438013	1.411056631
0.4314328028	0.5685671972	1.01508421	1.411429048
0.4324337838	0.5675662162	1.014734573	1.411798809
0.4334347648	0.5665652352	1.014389062	1.412165922
0.4344357457	0.5655642543	1.014047635	1.412530396
0.4354367267	0.5645632733	1.01371025	1.412892238
0.4364377077	0.5635622923	1.013376867	1.413251458
0.4374386887	0.5625613113	1.013047446	1.413608063
0.4384396697	0.5615603303	1.012721947	1.413962062
0.4394406507	0.5605593493	1.012400331	1.414313463
0.4404416316	0.5595583684	1.012082559	1.414662274
0.4414426126	0.5585573874	1.011768592	1.415008503
0.4424435936	0.5575564064	1.011458394	1.415352159
0.4434445746	0.5565554254	1.011151925	1.415693249
0.4444455556	0.5555544444	1.010849149	1.416031783
0.4454465365	0.5545534635	1.010550028	1.416367767
0.4464475175	0.5535524825	1.010254527	1.416701211
0.4474484985	0.5525515015	1.00996261	1.417032121
0.4484494795	0.5515505205	1.00967424	1.417360507
0.4494504605	0.5505495395	1.009389382	1.417686377
0.4504514414	0.5495485586	1.009108001	1.418009738
0.4514524224	0.5485475776	1.008830064	1.418330599
0.4524534034	0.5475465966	1.008555534	1.418648967
0.4534543844	0.5465456156	1.00828438	1.418964851
0.4544553654	0.5455446346	1.008016566	1.419278259
0.4554563463	0.5445436537	1.00775206	1.419589198
0.4564573273	0.5435426727	1.007490829	1.419897677
0.4574583083	0.5425416917	1.007232841	1.420203704
0.4584592893	0.5415407107	1.006978063	1.420507286
0.4594602703	0.5405397297	1.006726464	1.420808432
0.4604612513	0.5395387487	1.006478012	1.421107149
0.4614622322	0.5385377678	1.006232675	1.421403446
0.4624632132	0.5375367868	1.005990423	1.42169733
0.4634641942	0.5365358058	1.005751226	1.421988809
0.4644651752	0.5355348248	1.005515053	1.422277891
0.4654661562	0.5345338438	1.005281874	1.422564584
0.4664671371	0.5335328629	1.00505166	1.422848895
0.4674681181	0.5325318819	1.004824381	1.423130833
0.4684690991	0.5315309009	1.004600008	1.423410406
0.4694700801	0.5305299199	1.004378512	1.42368762
0.4704710611	0.5295289389	1.004159866	1.423962484
0.471472042	0.528527958	1.00394404	1.424235006
0.472473023	0.527526977	1.003731007	1.424505193
0.473474004	0.526525996	1.00352074	1.424773053
0.474474985	0.525525015	1.00331321	1.425038594
0.475475966	0.524524034	1.003108392	1.425301823
0.4764769469	0.5235230531	1.002906257	1.425562748
0.4774779279	0.5225220721	1.00270678	1.425821377
0.4784789089	0.5215210911	1.002509935	1.426077717
0.4794798899	0.5205201101	1.002315694	1.426331776
0.4804808709	0.5195191291	1.002124034	1.426583562
0.4814818519	0.5185181481	1.001934927	1.426833081
0.4824828328	0.5175171672	1.00174835	1.427080343
0.4834838138	0.5165161862	1.001564276	1.427325353
0.4844847948	0.5155152052	1.001382682	1.42756812
0.4854857758	0.5145142242	1.001203542	1.427808652
0.4864867568	0.5135132432	1.001026832	1.428046955
0.4874877377	0.5125122623	1.000852529	1.428283037
0.4884887187	0.5115112813	1.000680608	1.428516906
0.4894896997	0.5105103003	1.000511047	1.428748569
0.4904906807	0.5095093193	1.000343821	1.428978033
0.4914916617	0.5085083383	1.000178908	1.429205307
0.4924926426	0.5075073574	1.000016285	1.429430397
0.4934936236	0.5065063764	0.9998559283	1.42965331
0.4944946046	0.5055053954	0.9996978167	1.429874054
0.4954955856	0.5045044144	0.9995419275	1.430092637
0.4964965666	0.5035034334	0.9993882388	1.430309065
0.4974975475	0.5025024525	0.9992367287	1.430523346
0.4984985285	0.5015014715	0.9990873758	1.430735488
0.4994995095	0.5005004905	0.9989401586	1.430945496
0.5005004905	0.4994995095	0.9987950559	1.43115338
0.5015014715	0.4984985285	0.9986520469	1.431359146
0.5025024525	0.4974975475	0.9985111107	1.4315628
0.5035034334	0.4964965666	0.9983722268	1.431764351
0.5045044144	0.4954955856	0.9982353749	1.431963806
0.5055053954	0.4944946046	0.9981005347	1.432161171
0.5065063764	0.4934936236	0.9979676862	1.432356454
0.5075073574	0.4924926426	0.9978368098	1.432549662
0.5085083383	0.4914916617	0.9977078858	1.432740802
0.5095093193	0.4904906807	0.9975808948	1.432929881
0.5105103003	0.4894896997	0.9974558175	1.433116906
0.5115112813	0.4884887187	0.9973326349	1.433301885
0.5125122623	0.4874877377	0.9972113281	1.433484823
0.5135132432	0.4864867568	0.9970918785	1.433665729
0.5145142242	0.4854857758	0.9969742676	1.433844609
0.5155152052	0.4844847948	0.9968584769	1.43402147
0.5165161862	0.4834838138	0.9967444884	1.43419632
0.5175171672	0.4824828328	0.996632284	1.434369164
0.5185181481	0.4814818519	0.9965218459	1.434540011
0.5195191291	0.4804808709	0.9964131564	1.434708867
0.5205201101	0.4794798899	0.9963061982	1.434875738
0.5215210911	0.4784789089	0.9962009537	1.435040632
0.5225220721	0.4774779279	0.9960974059	1.435203555
0.5235230531	0.4764769469	0.9959955377	1.435364515
0.524524034	0.475475966	0.9958953323	1.435523518
0.525525015	0.474474985	0.995796773	1.435680571
0.526525996	0.473474004	0.9956998433	1.43583568
0.527526977	0.472473023	0.9956045267	1.435988853
0.528527958	0.471472042	0.995510807	1.436140096
0.5295289389	0.4704710611	0.9954186682	1.436289416
0.5305299199	0.4694700801	0.9953280943	1.43643682
0.5315309009	0.4684690991	0.9952390695	1.436582314
0.5325318819	0.4674681181	0.9951515782	1.436725905
0.5335328629	0.4664671371	0.9950656048	1.4368676
0.5345338438	0.4654661562	0.9949811341	1.437007405
0.5355348248	0.4644651752	0.9948981508	1.437145326
0.5365358058	0.4634641942	0.9948166397	1.437281371
0.5375367868	0.4624632132	0.9947365861	1.437415547
0.5385377678	0.4614622322	0.994657975	1.437547858
0.5395387487	0.4604612513	0.9945807918	1.437678313
0.5405397297	0.4594602703	0.9945050221	1.437806917
0.5415407107	0.4584592893	0.9944306512	1.437933678
0.5425416917	0.4574583083	0.9943576651	1.438058601
0.5435426727	0.4564573273	0.9942860496	1.438181693
0.5445436537	0.4554563463	0.9942157905	1.438302961
0.5455446346	0.4544553654	0.9941468742	1.438422411
0.5465456156	0.4534543844	0.9940792868	1.438540049
0.5475465966	0.4524534034	0.9940130146	1.438655882
0.5485475776	0.4514524224	0.9939480442	1.438769915
0.5495485586	0.4504514414	0.9938843622	1.438882157
0.5505495395	0.4494504605	0.9938219552	1.438992612
0.5515505205	0.4484494795	0.9937608102	1.439101287
0.5525515015	0.4474484985	0.9937009142	1.439208189
0.5535524825	0.4464475175	0.9936422542	1.439313324
0.5545534635	0.4454465365	0.9935848173	1.439416697
0.5555544444	0.4444455556	0.993528591	1.439518316
0.5565554254	0.4434445746	0.9934735627	1.439618186
0.5575564064	0.4424435936	0.9934197199	1.439716314
0.5585573874	0.4414426126	0.9933670503	1.439812706
0.5595583684	0.4404416316	0.9933155415	1.439907367
0.5605593493	0.4394406507	0.9932651816	1.440000305
0.5615603303	0.4384396697	0.9932159585	1.440091526
0.5625613113	0.4374386887	0.9931678603	1.440181035
0.5635622923	0.4364377077	0.9931208752	1.440268838
0.5645632733	0.4354367267	0.9930749914	1.440354942
0.5655642543	0.4344357457	0.9930301974	1.440439353
0.5665652352	0.4334347648	0.9929864818	1.440522076
0.5675662162	0.4324337838	0.992943833	1.440603119
0.5685671972	0.4314328028	0.9929022399	1.440682486
0.5695681782	0.4304318218	0.9928616912	1.440760184
0.5705691592	0.4294308408	0.9928221758	1.440836219
0.5715701401	0.4284298599	0.9927836829	1.440910597
0.5725711211	0.4274288789	0.9927462013	1.440983324
0.5735721021	0.4264278979	0.9927097205	1.441054405
0.5745730831	0.4254269169	0.9926742296	1.441123847
0.5755740641	0.4244259359	0.9926397181	1.441191655
0.576575045	0.423424955	0.9926061754	1.441257835
0.577576026	0.422423974	0.9925735911	1.441322394
0.578577007	0.421422993	0.992541955	1.441385337
0.579577988	0.420422012	0.9925112567	1.44144667
0.580578969	0.419421031	0.992481486	1.441506398
0.5815799499	0.4184200501	0.9924526331	1.441564528
0.5825809309	0.4174190691	0.9924246878	1.441621065
0.5835819119	0.4164180881	0.9923976403	1.441676015
0.5845828929	0.4154171071	0.9923714808	1.441729384
0.5855838739	0.4144161261	0.9923461995	1.441781177
0.5865848549	0.4134151451	0.9923217869	1.441831401
0.5875858358	0.4124141642	0.9922982334	1.44188006
0.5885868168	0.4114131832	0.9922755296	1.441927161
0.5895877978	0.4104122022	0.992253666	1.441972709
0.5905887788	0.4094112212	0.9922326333	1.442016709
0.5915897598	0.4084102402	0.9922124225	1.442059169
0.5925907407	0.4074092593	0.9921930242	1.442100092
0.5935917217	0.4064082783	0.9921744295	1.442139485
0.5945927027	0.4054072973	0.9921566294	1.442177353
0.5955936837	0.4044063163	0.9921396149	1.442213701
0.5965946647	0.4034053353	0.9921233774	1.442248536
0.5975956456	0.4024043544	0.9921079079	1.442281863
0.5985966266	0.4014033734	0.9920931979	1.442313687
0.5995976076	0.4004023924	0.9920792387	1.442344013
0.6005985886	0.3994014114	0.9920660218	1.442372848
0.6015995696	0.3984004304	0.9920535389	1.442400197
0.6026005506	0.3973994494	0.9920417814	1.442426065
0.6036015315	0.3963984685	0.9920307411	1.442450457
0.6046025125	0.3953974875	0.9920204098	1.442473379
0.6056034935	0.3943965065	0.9920107793	1.442494836
0.6066044745	0.3933955255	0.9920018416	1.442514834
0.6076054555	0.3923945445	0.9919935885	1.442533378
0.6086064364	0.3913935636	0.9919860122	1.442550473
0.6096074174	0.3903925826	0.9919791047	1.442566125
0.6106083984	0.3893916016	0.9919728583	1.442580339
0.6116093794	0.3883906206	0.9919672652	1.44259312
0.6126103604	0.3873896396	0.9919623177	1.442604474
0.6136113413	0.3863886587	0.9919580083	1.442614405
0.6146123223	0.3853876777	0.9919543293	1.44262292
0.6156133033	0.3843866967	0.9919512732	1.442630022
0.6166142843	0.3833857157	0.9919488327	1.442635718
0.6176152653	0.3823847347	0.9919470005	1.442640013
0.6186162462	0.3813837538	0.9919457691	1.442642911
0.6196172272	0.3803827728	0.9919451313	1.442644418
0.6206182082	0.3793817918	0.9919450801	1.442644539
0.6216191892	0.3783808108	0.9919456082	1.442643279
0.6226201702	0.3773798298	0.9919467087	1.442640644
0.6236211512	0.3763788488	0.9919483746	1.442636638
0.6246221321	0.3753778679	0.9919505988	1.442631266
0.6256231131	0.3743768869	0.9919533746	1.442624534
0.6266240941	0.3733759059	0.9919566952	1.442616446
0.6276250751	0.3723749249	0.9919605537	1.442607008
0.6286260561	0.3713739439	0.9919649435	1.442596224
0.629627037	0.370372963	0.991969858	1.4425841
0.630628018	0.369371982	0.9919752905	1.44257064
0.631628999	0.368371001	0.9919812346	1.44255585
0.63262998	0.36737002	0.9919876837	1.442539735
0.633630961	0.366369039	0.9919946315	1.442522298
0.6346319419	0.3653680581	0.9920020716	1.442503546
0.6356329229	0.3643670771	0.9920099976	1.442483483
0.6366339039	0.3633660961	0.9920184034	1.442462114
0.6376348849	0.3623651151	0.9920272827	1.442439444
0.6386358659	0.3613641341	0.9920366294	1.442415478
0.6396368468	0.3603631532	0.9920464374	1.44239022
0.6406378278	0.3593621722	0.9920567006	1.442363676
0.6416388088	0.3583611912	0.9920674131	1.44233585
0.6426397898	0.3573602102	0.9920785688	1.442306746
0.6436407708	0.3563592292	0.992090162	1.442276371
0.6446417518	0.3553582482	0.9921021867	1.442244728
0.6456427327	0.3543572673	0.9921146372	1.442211823
0.6466437137	0.3533562863	0.9921275078	1.442177659
0.6476446947	0.3523553053	0.9921407926	1.442142242
0.6486456757	0.3513543243	0.9921544862	1.442105577
0.6496466567	0.3503533433	0.9921685828	1.442067668
0.6506476376	0.3493523624	0.992183077	1.442028519
0.6516486186	0.3483513814	0.9921979631	1.441988136
0.6526495996	0.3473504004	0.9922132359	1.441946523
0.6536505806	0.3463494194	0.9922288898	1.441903685
0.6546515616	0.3453484384	0.9922449195	1.441859626
0.6556525425	0.3443474575	0.9922613196	1.441814351
0.6566535235	0.3433464765	0.992278085	1.441767864
0.6576545045	0.3423454955	0.9922952102	1.44172017
0.6586554855	0.3413445145	0.9923126903	1.441671274
0.6596564665	0.3403435335	0.99233052	1.44162118
0.6606574474	0.3393425526	0.9923486941	1.441569893
0.6616584284	0.3383415716	0.9923672078	1.441517417
0.6626594094	0.3373405906	0.9923860559	1.441463756
0.6636603904	0.3363396096	0.9924052334	1.441408916
0.6646613714	0.3353386286	0.9924247355	1.4413529
0.6656623524	0.3343376476	0.9924445572	1.441295713
0.6666633333	0.3333366667	0.9924646937	1.441237359
0.6676643143	0.3323356857	0.9924851402	1.441177844
0.6686652953	0.3313347047	0.992505892	1.44111717
0.6696662763	0.3303337237	0.9925269442	1.441055343
0.6706672573	0.3293327427	0.9925482922	1.440992368
0.6716682382	0.3283317618	0.9925699314	1.440928247
0.6726692192	0.3273307808	0.9925918571	1.440862987
0.6736702002	0.3263297998	0.9926140648	1.44079659
0.6746711812	0.3253288188	0.9926365499	1.440729062
0.6756721622	0.3243278378	0.992659308	1.440660407
0.6766731431	0.3233268569	0.9926823345	1.440590628
0.6776741241	0.3223258759	0.9927056251	1.440519731
0.6786751051	0.3213248949	0.9927291755	1.440447719
0.6796760861	0.3203239139	0.9927529811	1.440374598
0.6806770671	0.3193229329	0.9927770378	1.44030037
0.681678048	0.318321952	0.9928013413	1.44022504
0.682679029	0.317320971	0.9928258873	1.440148613
0.68368001	0.31631999	0.9928506716	1.440071092
0.684680991	0.315319009	0.9928756901	1.439992482
0.685681972	0.314318028	0.9929009386	1.439912787
0.686682953	0.313317047	0.992926413	1.439832011
0.6876839339	0.3123160661	0.9929521093	1.439750159
0.6886849149	0.3113150851	0.9929780235	1.439667233
0.6896858959	0.3103141041	0.9930041515	1.43958324
0.6906868769	0.3093131231	0.9930304894	1.439498181
0.6916878579	0.3083121421	0.9930570333	1.439412063
0.6926888388	0.3073111612	0.9930837792	1.439324888
0.6936898198	0.3063101802	0.9931107234	1.439236661
0.6946908008	0.3053091992	0.9931378619	1.439147386
0.6956917818	0.3043082182	0.993165191	1.439057066
0.6966927628	0.3033072372	0.993192707	1.438965707
0.6976937437	0.3023062563	0.9932204061	1.438873311
0.6986947247	0.3013052753	0.9932482845	1.438779884
0.6996957057	0.3003042943	0.9932763387	1.438685428
0.7006966867	0.2993033133	0.993304565	1.438589948
0.7016976677	0.2983023323	0.9933329597	1.438493447
0.7026986486	0.2973013514	0.9933615193	1.438395931
0.7036996296	0.2963003704	0.9933902403	1.438297402
0.7047006106	0.2952993894	0.9934191192	1.438197864
0.7057015916	0.2942984084	0.9934481523	1.438097322
0.7067025726	0.2932974274	0.9934773364	1.437995779
0.7077035536	0.2922964464	0.9935066679	1.43789324
0.7087045345	0.2912954655	0.9935361435	1.437789707
0.7097055155	0.2902944845	0.9935657598	1.437685186
0.7107064965	0.2892935035	0.9935955134	1.437579679
0.7117074775	0.2882925225	0.9936254011	1.43747319
0.7127084585	0.2872915415	0.9936554195	1.437365724
0.7137094394	0.2862905606	0.9936855654	1.437257284
0.7147104204	0.2852895796	0.9937158355	1.437147874
0.7157114014	0.2842885986	0.9937462267	1.437037498
0.7167123824	0.2832876176	0.9937767358	1.436926159
0.7177133634	0.2822866366	0.9938073596	1.436813862
0.7187143443	0.2812856557	0.9938380949	1.436700609
0.7197153253	0.2802846747	0.9938689388	1.436586405
0.7207163063	0.2792836937	0.9938998881	1.436471253
0.7217172873	0.2782827127	0.9939309399	1.436355158
0.7227182683	0.2772817317	0.9939620909	1.436238122
0.7237192492	0.2762807508	0.9939933384	1.436120149
0.7247202302	0.2752797698	0.9940246792	1.436001244
0.7257212112	0.2742787888	0.9940561105	1.435881409
0.7267221922	0.2732778078	0.9940876294	1.435760649
0.7277231732	0.2722768268	0.9941192329	1.435638966
0.7287241542	0.2712758458	0.9941509182	1.435516366
0.7297251351	0.2702748649	0.9941826824	1.43539285
0.7307261161	0.2692738839	0.9942145228	1.435268423
0.7317270971	0.2682729029	0.9942464364	1.435143089
0.7327280781	0.2672719219	0.9942784207	1.43501685
0.7337290591	0.2662709409	0.9943104727	1.434889711
0.73473004	0.26526996	0.9943425898	1.434761675
0.735731021	0.264268979	0.9943747693	1.434632745
0.736732002	0.263267998	0.9944070085	1.434502925
0.737732983	0.262267017	0.9944393047	1.434372219
0.738733964	0.261266036	0.9944716553	1.43424063
0.7397349449	0.2602650551	0.9945040577	1.434108161
0.7407359259	0.2592640741	0.9945365094	1.433974817
0.7417369069	0.2582630931	0.9945690077	1.4338406
0.7427378879	0.2572621121	0.99460155	1.433705513
0.7437388689	0.2562611311	0.994634134	1.433569561
0.7447398498	0.2552601502	0.994666757	1.433432747
0.7457408308	0.2542591692	0.9946994167	1.433295073
0.7467418118	0.2532581882	0.9947321104	1.433156545
0.7477427928	0.2522572072	0.9947648359	1.433017164
0.7487437738	0.2512562262	0.9947975906	1.432876934
0.7497447548	0.2502552452	0.9948303723	1.432735859
0.7507457357	0.2492542643	0.9948631784	1.432593942
0.7517467167	0.2482532833	0.9948960068	1.432451187
0.7527476977	0.2472523023	0.9949288549	1.432307596
0.7537486787	0.2462513213	0.9949617206	1.432163173
0.7547496597	0.2452503403	0.9949946015	1.432017921
0.7557506406	0.2442493594	0.9950274953	1.431871844
0.7567516216	0.2432483784	0.9950603998	1.431724945
0.7577526026	0.2422473974	0.9950933128	1.431577227
0.7587535836	0.2412464164	0.995126232	1.431428693
0.7597545646	0.2402454354	0.9951591553	1.431279347
0.7607555455	0.2392444545	0.9951920804	1.431129192
0.7617565265	0.2382434735	0.9952250053	1.430978231
0.7627575075	0.2372424925	0.9952579277	1.430826467
0.7637584885	0.2362415115	0.9952908456	1.430673904
0.7647594695	0.2352405305	0.9953237568	1.430520545
0.7657604505	0.2342395495	0.9953566593	1.430366392
0.7667614314	0.2332385686	0.9953895509	1.43021145
0.7677624124	0.2322375876	0.9954224298	1.430055721
0.7687633934	0.2312366066	0.9954552937	1.429899208
0.7697643744	0.2302356256	0.9954881408	1.429741915
0.7707653554	0.2292346446	0.995520969	1.429583845
0.7717663363	0.2282336637	0.9955537763	1.429425
0.7727673173	0.2272326827	0.9955865607	1.429265385
0.7737682983	0.2262317017	0.9956193205	1.429105001
0.7747692793	0.2252307207	0.9956520535	1.428943853
0.7757702603	0.2242297397	0.9956847579	1.428781942
0.7767712412	0.2232287588	0.9957174318	1.428619273
0.7777722222	0.2222277778	0.9957500734	1.428455849
0.7787732032	0.2212267968	0.9957826807	1.428291671
0.7797741842	0.2202258158	0.995815252	1.428126744
0.7807751652	0.2192248348	0.9958477854	1.427961071
0.7817761461	0.2182238539	0.9958802791	1.427794654
0.7827771271	0.2172228729	0.9959127313	1.427627496
0.7837781081	0.2162218919	0.9959451402	1.427459601
0.7847790891	0.2152209109	0.995977504	1.427290972
0.7857800701	0.2142199299	0.9960098211	1.42712161
0.7867810511	0.2132189489	0.9960420897	1.426951521
0.787782032	0.212217968	0.996074308	1.426780705
0.788783013	0.211216987	0.9961064744	1.426609167
0.789783994	0.210216006	0.9961385872	1.426436909
0.790784975	0.209215025	0.9961706448	1.426263934
0.791785956	0.208214044	0.9962026453	1.426090245
0.7927869369	0.2072130631	0.9962345873	1.425915845
0.7937879179	0.2062120821	0.9962664691	1.425740738
0.7947888989	0.2052111011	0.9962982891	1.425564924
0.7957898799	0.2042101201	0.9963300457	1.425388409
0.7967908609	0.2032091391	0.9963617373	1.425211194
0.7977918418	0.2022081582	0.9963933623	1.425033282
0.7987928228	0.2012071772	0.9964249192	1.424854677
0.7997938038	0.2002061962	0.9964564065	1.42467538
0.8007947848	0.1992052152	0.9964878226	1.424495395
0.8017957658	0.1982042342	0.996519166	1.424314726
0.8027967467	0.1972032533	0.9965504352	1.424133373
0.8037977277	0.1962022723	0.9965816288	1.423951341
0.8047987087	0.1952012913	0.9966127452	1.423768632
0.8057996897	0.1942003103	0.996643783	1.423585249
0.8068006707	0.1931993293	0.9966747408	1.423401194
0.8078016517	0.1921983483	0.9967056171	1.423216471
0.8088026326	0.1911973674	0.9967364105	1.423031082
0.8098036136	0.1901963864	0.9967671197	1.42284503
0.8108045946	0.1891954054	0.9967977431	1.422658317
0.8118055756	0.1881944244	0.9968282795	1.422470947
0.8128065566	0.1871934434	0.9968587275	1.422282922
0.8138075375	0.1861924625	0.9968890857	1.422094244
0.8148085185	0.1851914815	0.9969193527	1.421904917
0.8158094995	0.1841905005	0.9969495273	1.421714943
0.8168104805	0.1831895195	0.9969796082	1.421524325
0.8178114615	0.1821885385	0.997009594	1.421333066
0.8188124424	0.1811875576	0.9970394834	1.421141167
0.8198134234	0.1801865766	0.9970692752	1.420948633
0.8208144044	0.1791855956	0.9970989681	1.420755464
0.8218153854	0.1781846146	0.9971285608	1.420561665
0.8228163664	0.1771836336	0.9971580522	1.420367238
0.8238173473	0.1761826527	0.9971874409	1.420172185
0.8248183283	0.1751816717	0.9972167257	1.419976508
0.8258193093	0.1741806907	0.9972459055	1.419780211
0.8268202903	0.1731797097	0.997274979	1.419583297
0.8278212713	0.1721787287	0.997303945	1.419385767
0.8288222523	0.1711777477	0.9973328025	1.419187624
0.8298232332	0.1701767668	0.9973615501	1.418988871
0.8308242142	0.1691757858	0.9973901869	1.41878951
0.8318251952	0.1681748048	0.9974187115	1.418589544
0.8328261762	0.1671738238	0.9974471229	1.418388976
0.8338271572	0.1661728428	0.99747542	1.418187807
0.8348281381	0.1651718619	0.9975036017	1.417986041
0.8358291191	0.1641708809	0.9975316668	1.41778368
0.8368301001	0.1631698999	0.9975596143	1.417580726
0.8378310811	0.1621689189	0.9975874431	1.417377182
0.8388320621	0.1611679379	0.9976151521	1.417173051
0.839833043	0.160166957	0.9976427403	1.416968335
0.840834024	0.159165976	0.9976702067	1.416763036
0.841835005	0.158164995	0.9976975501	1.416557156
0.842835986	0.157164014	0.9977247696	1.416350699
0.843836967	0.156163033	0.9977518642	1.416143667
0.8448379479	0.1551620521	0.9977788328	1.415936062
0.8458389289	0.1541610711	0.9978056745	1.415727886
0.8468399099	0.1531600901	0.9978323882	1.415519143
0.8478408909	0.1521591091	0.997858973	1.415309834
0.8488418719	0.1511581281	0.997885428	1.415099961
0.8498428529	0.1501571471	0.9979117521	1.414889528
0.8508438338	0.1491561662	0.9979379444	1.414678536
0.8518448148	0.1481551852	0.9979640041	1.414466989
0.8528457958	0.1471542042	0.99798993	1.414254887
0.8538467768	0.1461532232	0.9980157215	1.414042234
0.8548477578	0.1451522422	0.9980413774	1.413829032
0.8558487387	0.1441512613	0.998066897	1.413615284
0.8568497197	0.1431502803	0.9980922793	1.413400991
0.8578507007	0.1421492993	0.9981175235	1.413186156
0.8588516817	0.1411483183	0.9981426286	1.412970782
0.8598526627	0.1401473373	0.9981675939	1.41275487
0.8608536436	0.1391463564	0.9981924184	1.412538423
0.8618546246	0.1381453754	0.9982171013	1.412321443
0.8628556056	0.1371443944	0.9982416418	1.412103932
0.8638565866	0.1361434134	0.9982660391	1.411885894
0.8648575676	0.1351424324	0.9982902923	1.411667329
0.8658585485	0.1341414515	0.9983144006	1.411448241
0.8668595295	0.1331404705	0.9983383632	1.411228631
0.8678605105	0.1321394895	0.9983621793	1.411008502
0.8688614915	0.1311385085	0.9983858482	1.410787857
0.8698624725	0.1301375275	0.998409369	1.410566696
0.8708634535	0.1291365465	0.998432741	1.410345023
0.8718644344	0.1281355656	0.9984559634	1.41012284
0.8728654154	0.1271345846	0.9984790354	1.409900148
0.8738663964	0.1261336036	0.9985019564	1.409676951
0.8748673774	0.1251326226	0.9985247255	1.40945325
0.8758683584	0.1241316416	0.9985473421	1.409229047
0.8768693393	0.1231306607	0.9985698055	1.409004345
0.8778703203	0.1221296797	0.9985921148	1.408779146
0.8788713013	0.1211286987	0.9986142694	1.408553452
0.8798722823	0.1201277177	0.9986362687	1.408327265
0.8808732633	0.1191267367	0.9986581118	1.408100587
0.8818742442	0.1181257558	0.9986797982	1.407873421
0.8828752252	0.1171247748	0.9987013271	1.407645768
0.8838762062	0.1161237938	0.9987226979	1.407417631
0.8848771872	0.1151228128	0.9987439099	1.407189012
0.8858781682	0.1141218318	0.9987649625	1.406959913
0.8868791491	0.1131208509	0.9987858551	1.406730335
0.8878801301	0.1121198699	0.9988065868	1.406500282
0.8888811111	0.1111188889	0.9988271573	1.406269755
0.8898820921	0.1101179079	0.9988475657	1.406038757
0.8908830731	0.1091169269	0.9988678116	1.405807288
0.8918840541	0.1081159459	0.9988878942	1.405575352
0.892885035	0.107114965	0.9989078131	1.405342951
0.893886016	0.106113984	0.9989275675	1.405110086
0.894886997	0.105113003	0.9989471569	1.40487676
0.895887978	0.104112022	0.9989665807	1.404642974
0.896888959	0.103111041	0.9989858384	1.404408731
0.8978899399	0.1021100601	0.9990049293	1.404174033
0.8988909209	0.1011090791	0.9990238529	1.403938881
0.8998919019	0.1001080981	0.9990426087	1.403703278
0.9008928829	0.09910711712	0.999061196	1.403467226
0.9018938639	0.09810613614	0.9990796145	1.403230726
0.9028948448	0.09710515516	0.9990978634	1.402993782
0.9038958258	0.09610417417	0.9991159423	1.402756393
0.9048968068	0.09510319319	0.9991338506	1.402518564
0.9058977878	0.09410221221	0.9991515879	1.402280295
0.9068987688	0.09310123123	0.9991691536	1.402041589
0.9078997497	0.09210025025	0.9991865472	1.401802447
0.9089007307	0.09109926927	0.9992037683	1.401562871
0.9099017117	0.09009828829	0.9992208162	1.401322865
0.9109026927	0.08909730731	0.9992376906	1.401082428
0.9119036737	0.08809632633	0.999254391	1.400841564
0.9129046547	0.08709534535	0.9992709168	1.400600274
0.9139056356	0.08609436436	0.9992872677	1.40035856
0.9149066166	0.08509338338	0.9993034431	1.400116424
0.9159075976	0.0840924024	0.9993194425	1.399873868
0.9169085786	0.08309142142	0.9993352656	1.399630894
0.9179095596	0.08209044044	0.9993509119	1.399387503
0.9189105405	0.08108945946	0.9993663809	1.399143698
0.9199115215	0.08008847848	0.9993816723	1.398899481
0.9209125025	0.0790874975	0.9993967855	1.398654853
0.9219134835	0.07808651652	0.9994117202	1.398409816
0.9229144645	0.07708553554	0.9994264759	1.398164373
0.9239154454	0.07608455455	0.9994410523	1.397918524
0.9249164264	0.07508357357	0.9994554488	1.397672272
0.9259174074	0.07408259259	0.9994696652	1.397425618
0.9269183884	0.07308161161	0.999483701	1.397178565
0.9279193694	0.07208063063	0.9994975559	1.396931114
0.9289203504	0.07107964965	0.9995112294	1.396683267
0.9299213313	0.07007866867	0.9995247211	1.396435027
0.9309223123	0.06907768769	0.9995380308	1.396186393
0.9319232933	0.06807670671	0.9995511579	1.39593737
0.9329242743	0.06707572573	0.9995641022	1.395687957
0.9339252553	0.06607474474	0.9995768633	1.395438158
0.9349262362	0.06507376376	0.9995894409	1.395187973
0.9359272172	0.06407278278	0.9996018345	1.394937405
0.9369281982	0.0630718018	0.9996140439	1.394686456
0.9379291792	0.06207082082	0.9996260687	1.394435126
0.9389301602	0.06106983984	0.9996379086	1.394183419
0.9399311411	0.06006885886	0.9996495632	1.393931335
0.9409321221	0.05906787788	0.9996610322	1.393678876
0.9419331031	0.0580668969	0.9996723153	1.393426045
0.9429340841	0.05706591592	0.9996834122	1.393172842
0.9439350651	0.05606493493	0.9996943226	1.39291927
0.944936046	0.05506395395	0.9997050461	1.392665331
0.945937027	0.05406297297	0.9997155825	1.392411025
0.946938008	0.05306199199	0.9997259315	1.392156355
0.947938989	0.05206101101	0.9997360927	1.391901323
0.94893997	0.05106003003	0.999746066	1.391645929
0.949940951	0.05005904905	0.9997558509	1.391390177
0.9509419319	0.04905806807	0.9997654472	1.391134067
0.9519429129	0.04805708709	0.9997748548	1.390877601
0.9529438939	0.04705610611	0.9997840732	1.390620781
0.9539448749	0.04605512513	0.9997931022	1.390363608
0.9549458559	0.04505414414	0.9998019416	1.390106085
0.9559468368	0.04405316316	0.999810591	1.389848212
0.9569478178	0.04305218218	0.9998190504	1.389589992
0.9579487988	0.0420512012	0.9998273193	1.389331426
0.9589497798	0.04105022022	0.9998353976	1.389072516
0.9599507608	0.04004923924	0.999843285	1.388813263
0.9609517417	0.03904825826	0.9998509813	1.388553669
0.9619527227	0.03804727728	0.9998584862	1.388293736
0.9629537037	0.0370462963	0.9998657996	1.388033465
0.9639546847	0.03604531532	0.9998729212	1.387772858
0.9649556657	0.03504433433	0.9998798507	1.387511917
0.9659566466	0.03404335335	0.9998865881	1.387250642
0.9669576276	0.03304237237	0.999893133	1.386989036
0.9679586086	0.03204139139	0.9998994852	1.386727101
0.9689595896	0.03104041041	0.9999056446	1.386464837
0.9699605706	0.03003942943	0.999911611	1.386202247
0.9709615516	0.02903844845	0.9999173841	1.385939331
0.9719625325	0.02803746747	0.9999229638	1.385676092
0.9729635135	0.02703648649	0.9999283498	1.385412531
0.9739644945	0.02603550551	0.9999335421	1.38514865
0.9749654755	0.02503452452	0.9999385403	1.38488445
0.9759664565	0.02403354354	0.9999433444	1.384619933
0.9769674374	0.02303256256	0.9999479542	1.3843551
0.9779684184	0.02203158158	0.9999523695	1.384089953
0.9789693994	0.0210306006	0.9999565901	1.383824493
0.9799703804	0.02002961962	0.9999606159	1.383558722
0.9809713614	0.01902863864	0.9999644467	1.383292642
0.9819723423	0.01802765766	0.9999680823	1.383026253
0.9829733233	0.01702667668	0.9999715227	1.382759558
0.9839743043	0.0160256957	0.9999747676	1.382492558
0.9849752853	0.01502471471	0.9999778169	1.382225254
0.9859762663	0.01402373373	0.9999806706	1.381957648
0.9869772472	0.01302275275	0.9999833283	1.381689741
0.9879782282	0.01202177177	0.9999857901	1.381421535
0.9889792092	0.01102079079	0.9999880557	1.381153031
0.9899801902	0.01001980981	0.9999901252	1.380884232
0.9909811712	0.009018828829	0.9999919982	1.380615137
0.9919821522	0.008017847848	0.9999936747	1.380345749
0.9929831331	0.007016866867	0.9999951546	1.38007607
0.9939841141	0.006015885886	0.9999964379	1.3798061
0.9949850951	0.005014904905	0.9999975242	1.379535841
0.9959860761	0.004013923924	0.9999984137	1.379265295
0.9969870571	0.003012942943	0.9999991061	1.378994462
0.997988038	0.002011961962	0.9999996013	1.378723345
0.998989019	0.001010980981	0.9999998993	1.378451945
0.99999	1e-05	1	1.378180263
