1e-05	0.99999	1062562.151	1.000000017
0.001010980981	0.998989019	763199.393	1.000168111
0.002011961962	0.997988038	554403.7148	1.00065125
0.003012942943	0.9969870571	407093.4129	1.001429128
0.004013923924	0.9959860761	302016.1716	1.002483043
0.005014904905	0.9949850951	226274.1353	1.003795739
0.006015885886	0.9939841141	171127.5254	1.005351275
0.007016866867	0.9929831331	130589.1775	1.007134896
0.008017847848	0.9919821522	100514.5086	1.009132931
0.009018828829	0.9909811712	78005.56488	1.011332689
0.01001980981	0.9899801902	61016.49055	1.01372238
0.01102079079	0.9889792092	48089.60256	1.016291029
0.01202177177	0.9879782282	38177.0581	1.019028414
0.01302275275	0.9869772472	30519.19101	1.021924994
0.01402373373	0.9859762663	24560.73735	1.024971862
0.01502471471	0.9849752853	19892.63436	1.028160686
0.0160256957	0.9839743043	16211.23807	1.031483668
0.01702667668	0.9829733233	13289.50943	1.034933497
0.01802765766	0.9819723423	10956.49386	1.038503315
0.01902863864	0.9809713614	9082.594793	1.042186683
0.02002961962	0.9799703804	7568.926627	1.045977545
0.0210306006	0.9789693994	6339.562029	1.049870204
0.02203158158	0.9779684184	5335.84769	1.053859293
0.02303256256	0.9769674374	4512.208869	1.057939752
0.02403354354	0.9759664565	3833.032808	1.062106807
0.02503452452	0.9749654755	3270.339174	1.06635595
0.02603550551	0.9739644945	2802.028281	1.070682918
0.02703648649	0.9729635135	2410.556121	1.07508368
0.02803746747	0.9719625325	2081.926569	1.079554419
0.02903844845	0.9709615516	1804.920642	1.08409152
0.03003942943	0.9699605706	1570.503958	1.088691553
0.03104041041	0.9689595896	1371.368849	1.093351264
0.03204139139	0.9679586086	1201.578773	1.098067566
0.03304237237	0.9669576276	1056.290857	1.102837523
0.03404335335	0.9659566466	931.5383822	1.107658345
0.03504433433	0.9649556657	824.059492	1.112527376
0.03604531532	0.9639546847	731.1617189	1.117442088
0.0370462963	0.9629537037	650.6143724	1.122400075
0.03804727728	0.9619527227	580.5627123	1.127399042
0.03904825826	0.9609517417	519.45922	1.132436799
0.04004923924	0.9599507608	466.0083475	1.137511259
0.04105022022	0.9589497798	419.1219326	1.142620427
0.0420512012	0.9579487988	377.8830902	1.147762399
0.04305218218	0.9569478178	341.5168613	1.152935355
0.04405316316	0.9559468368	309.3662745	1.158137555
0.04505414414	0.9549458559	280.8727537	1.163367332
0.04605512513	0.9539448749	255.5600313	1.168623093
0.04705610611	0.9529438939	233.0208975	1.173903313
0.04805708709	0.9519429129	212.9062502	1.179206529
0.04905806807	0.9509419319	194.9160205	1.184531339
0.05005904905	0.949940951	178.7916285	1.189876402
0.05106003003	0.94893997	164.3096947	1.195240427
0.05206101101	0.947938989	151.2767821	1.200622179
0.05306199199	0.946938008	139.5249887	1.20602047
0.05406297297	0.945937027	128.9082431	1.211434162
0.05506395395	0.944936046	119.2991823	1.216862158
0.05606493493	0.9439350651	110.5865138	1.222303407
0.05706591592	0.9429340841	102.6727821	1.227756898
0.0580668969	0.9419331031	95.47247138	1.233221658
0.05906787788	0.9409321221	88.91039162	1.23869675
0.06006885886	0.9399311411	82.92030173	1.244181276
0.06106983984	0.9389301602	77.44373243	1.249674369
0.06207082082	0.9379291792	72.42897773	1.255175195
0.0630718018	0.9369281982	67.83022903	1.26068295
0.06407278278	0.9359272172	63.60683	1.266196861
0.06507376376	0.9349262362	59.72263428	1.271716182
0.06607474474	0.9339252553	56.14545039	1.277240194
0.06707572573	0.9329242743	52.84656143	1.282768205
0.06807670671	0.9319232933	49.80030839	1.288299547
0.06907768769	0.9309223123	46.98372814	1.293833576
0.07007866867	0.9299213313	44.37623831	1.29936967
0.07107964965	0.9289203504	41.95936249	1.30490723
0.07208063063	0.9279193694	39.71649013	1.310445676
0.07308161161	0.9269183884	37.63266648	1.315984452
0.07408259259	0.9259174074	35.69440842	1.321523016
0.07508357357	0.9249164264	33.88954279	1.327060849
0.07608455455	0.9239154454	32.2070642	1.332597448
0.07708553554	0.9229144645	30.63700979	1.338132328
0.07808651652	0.9219134835	29.17034874	1.343665018
0.0790874975	0.9209125025	27.79888467	1.349195066
0.08008847848	0.9199115215	26.51516926	1.354722033
0.08108945946	0.9189105405	25.31242573	1.360245497
0.08209044044	0.9179095596	24.18448092	1.365765047
0.08309142142	0.9169085786	23.12570495	1.371280289
0.0840924024	0.9159075976	22.13095752	1.37679084
0.08509338338	0.9149066166	21.19554007	1.38229633
0.08609436436	0.9139056356	20.31515308	1.387796401
0.08709534535	0.9129046547	19.48585795	1.393290708
0.08809632633	0.9119036737	18.70404288	1.398778917
0.08909730731	0.9109026927	17.96639233	1.404260703
0.09009828829	0.9099017117	17.26985961	1.409735754
0.09109926927	0.9089007307	16.61164232	1.415203767
0.09210025025	0.9078997497	15.98916022	1.42066445
0.09310123123	0.9068987688	15.40003533	1.426117519
0.09410221221	0.9058977878	14.84207406	1.4315627
0.09510319319	0.9048968068	14.31325099	1.436999727
0.09610417417	0.9038958258	13.81169434	1.442428345
0.09710515516	0.9028948448	13.33567272	1.447848306
0.09810613614	0.9018938639	12.88358327	1.453259368
0.09910711712	0.9008928829	12.45394079	1.4586613
0.1001080981	0.8998919019	12.04536797	1.464053877
0.1011090791	0.8988909209	11.65658653	1.469436881
0.1021100601	0.8978899399	11.28640907	1.474810102
0.103111041	0.896888959	10.93373179	1.480173336
0.104112022	0.895887978	10.59752778	1.485526387
0.105113003	0.894886997	10.27684095	1.490869063
0.106113984	0.893886016	9.970780429	1.496201181
0.107114965	0.892885035	9.678515549	1.501522563
0.1081159459	0.8918840541	9.399271192	1.506833035
0.1091169269	0.8908830731	9.132323559	1.512132431
0.1101179079	0.8898820921	8.876996298	1.51742059
0.1111188889	0.8888811111	8.632656959	1.522697357
0.1121198699	0.8878801301	8.39871374	1.527962579
0.1131208509	0.8868791491	8.174612506	1.533216112
0.1141218318	0.8858781682	7.959834051	1.538457815
0.1151228128	0.8848771872	7.753891581	1.543687551
0.1161237938	0.8838762062	7.556328402	1.54890519
0.1171247748	0.8828752252	7.366715789	1.554110604
0.1181257558	0.8818742442	7.184651029	1.55930367
0.1191267367	0.8808732633	7.009755612	1.56448427
0.1201277177	0.8798722823	6.841673566	1.56965229
0.1211286987	0.8788713013	6.680069916	1.574807619
0.1221296797	0.8778703203	6.52462927	1.57995015
0.1231306607	0.8768693393	6.375054499	1.585079781
0.1241316416	0.8758683584	6.231065529	1.590196413
0.1251326226	0.8748673774	6.092398212	1.595299949
0.1261336036	0.8738663964	5.958803292	1.600390299
0.1271345846	0.8728654154	5.830045432	1.605467372
0.1281355656	0.8718644344	5.70590233	1.610531083
0.1291365465	0.8708634535	5.586163881	1.615581351
0.1301375275	0.8698624725	5.470631409	1.620618095
0.1311385085	0.8688614915	5.359116954	1.625641239
0.1321394895	0.8678605105	5.251442602	1.63065071
0.1331404705	0.8668595295	5.147439872	1.635646438
0.1341414515	0.8658585485	5.046949132	1.640628354
0.1351424324	0.8648575676	4.949819071	1.645596394
0.1361434134	0.8638565866	4.855906192	1.650550494
0.1371443944	0.8628556056	4.765074352	1.655490596
0.1381453754	0.8618546246	4.677194321	1.660416641
0.1391463564	0.8608536436	4.592143381	1.665328574
0.1401473373	0.8598526627	4.509804947	1.670226343
0.1411483183	0.8588516817	4.430068208	1.675109898
0.1421492993	0.8578507007	4.352827801	1.67997919
0.1431502803	0.8568497197	4.277983501	1.684834174
0.1441512613	0.8558487387	4.205439926	1.689674805
0.1451522422	0.8548477578	4.135106272	1.694501041
0.1461532232	0.8538467768	4.066896056	1.699312843
0.1471542042	0.8528457958	4.000726878	1.704110174
0.1481551852	0.8518448148	3.936520196	1.708892996
0.1491561662	0.8508438338	3.874201118	1.713661277
0.1501571471	0.8498428529	3.813698207	1.718414983
0.1511581281	0.8488418719	3.754943293	1.723154085
0.1521591091	0.8478408909	3.697871301	1.727878553
0.1531600901	0.8468399099	3.642420086	1.732588361
0.1541610711	0.8458389289	3.588530283	1.737283483
0.1551620521	0.8448379479	3.536145161	1.741963896
0.156163033	0.843836967	3.485210486	1.746629576
0.157164014	0.842835986	3.435674394	1.751280503
0.158164995	0.841835005	3.387487271	1.755916659
0.159165976	0.840834024	3.340601639	1.760538024
0.160166957	0.839833043	3.294972048	1.765144584
0.1611679379	0.8388320621	3.250554977	1.769736322
0.1621689189	0.8378310811	3.207308738	1.774313224
0.1631698999	0.8368301001	3.165193383	1.77887528
0.1641708809	0.8358291191	3.124170626	1.783422476
0.1651718619	0.8348281381	3.084203756	1.787954805
0.1661728428	0.8338271572	3.045257562	1.792472256
0.1671738238	0.8328261762	3.007298268	1.796974822
0.1681748048	0.8318251952	2.970293455	1.801462497
0.1691757858	0.8308242142	2.934212005	1.805935276
0.1701767668	0.8298232332	2.899024036	1.810393154
0.1711777477	0.8288222523	2.864700848	1.814836129
0.1721787287	0.8278212713	2.831214864	1.819264199
0.1731797097	0.8268202903	2.798539582	1.823677362
0.1741806907	0.8258193093	2.766649524	1.828075618
0.1751816717	0.8248183283	2.735520192	1.832458969
0.1761826527	0.8238173473	2.70512802	1.836827416
0.1771836336	0.8228163664	2.675450338	1.841180963
0.1781846146	0.8218153854	2.646465327	1.845519612
0.1791855956	0.8208144044	2.618151983	1.849843369
0.1801865766	0.8198134234	2.590490085	1.85415224
0.1811875576	0.8188124424	2.563460154	1.858446229
0.1821885385	0.8178114615	2.537043428	1.862725345
0.1831895195	0.8168104805	2.511221825	1.866989595
0.1841905005	0.8158094995	2.485977918	1.871238988
0.1851914815	0.8148085185	2.461294908	1.875473534
0.1861924625	0.8138075375	2.437156592	1.879693243
0.1871934434	0.8128065566	2.413547345	1.883898125
0.1881944244	0.8118055756	2.390452089	1.888088192
0.1891954054	0.8108045946	2.367856278	1.892263457
0.1901963864	0.8098036136	2.345745868	1.896423932
0.1911973674	0.8088026326	2.324107302	1.900569632
0.1921983483	0.8078016517	2.302927491	1.90470057
0.1931993293	0.8068006707	2.282193788	1.908816761
0.1942003103	0.8057996897	2.26189398	1.91291822
0.1952012913	0.8047987087	2.242016261	1.917004965
0.1962022723	0.8037977277	2.222549224	1.921077011
0.1972032533	0.8027967467	2.20348184	1.925134376
0.1982042342	0.8017957658	2.184803445	1.929177077
0.1992052152	0.8007947848	2.166503727	1.933205132
0.2002061962	0.7997938038	2.14857271	1.937218562
0.2012071772	0.7987928228	2.131000742	1.941217384
0.2022081582	0.7977918418	2.113778483	1.945201618
0.2032091391	0.7967908609	2.096896893	1.949171286
0.2042101201	0.7957898799	2.08034722	1.953126407
0.2052111011	0.7947888989	2.06412099	1.957067003
0.2062120821	0.7937879179	2.048209996	1.960993096
0.2072130631	0.7927869369	2.032606288	1.964904708
0.208214044	0.791785956	2.017302165	1.968801861
0.209215025	0.790784975	2.002290163	1.972684577
0.210216006	0.789783994	1.987563048	1.976552882
0.211216987	0.788783013	1.973113809	1.980406798
0.212217968	0.787782032	1.958935648	1.984246349
0.2132189489	0.7867810511	1.94502197	1.98807156
0.2142199299	0.7857800701	1.931366383	1.991882456
0.2152209109	0.7847790891	1.917962684	1.995679061
0.2162218919	0.7837781081	1.904804853	1.999461402
0.2172228729	0.7827771271	1.891887051	2.003229505
0.2182238539	0.7817761461	1.87920361	2.006983395
0.2192248348	0.7807751652	1.866749027	2.0107231
0.2202258158	0.7797741842	1.854517959	2.014448645
0.2212267968	0.7787732032	1.842505218	2.018160058
0.2222277778	0.7777722222	1.830705767	2.021857367
0.2232287588	0.7767712412	1.819114711	2.0255406
0.2242297397	0.7757702603	1.807727295	2.029209783
0.2252307207	0.7747692793	1.796538898	2.032864946
0.2262317017	0.7737682983	1.78554503	2.036506117
0.2272326827	0.7727673173	1.774741326	2.040133325
0.2282336637	0.7717663363	1.764123543	2.043746599
0.2292346446	0.7707653554	1.753687556	2.047345967
0.2302356256	0.7697643744	1.743429353	2.050931461
0.2312366066	0.7687633934	1.733345032	2.054503108
0.2322375876	0.7677624124	1.723430797	2.05806094
0.2332385686	0.7667614314	1.713682956	2.061604986
0.2342395495	0.7657604505	1.704097916	2.065135277
0.2352405305	0.7647594695	1.69467218	2.068651844
0.2362415115	0.7637584885	1.685402344	2.072154716
0.2372424925	0.7627575075	1.676285097	2.075643925
0.2382434735	0.7617565265	1.667317212	2.079119503
0.2392444545	0.7607555455	1.658495549	2.082581479
0.2402454354	0.7597545646	1.64981705	2.086029887
0.2412464164	0.7587535836	1.641278736	2.089464757
0.2422473974	0.7577526026	1.632877705	2.092886121
0.2432483784	0.7567516216	1.624611129	2.096294012
0.2442493594	0.7557506406	1.616476254	2.099688461
0.2452503403	0.7547496597	1.608470397	2.1030695
0.2462513213	0.7537486787	1.600590939	2.106437162
0.2472523023	0.7527476977	1.592835332	2.10979148
0.2482532833	0.7517467167	1.585201089	2.113132486
0.2492542643	0.7507457357	1.577685786	2.116460213
0.2502552452	0.7497447548	1.570287058	2.119774693
0.2512562262	0.7487437738	1.563002601	2.12307596
0.2522572072	0.7477427928	1.555830166	2.126364048
0.2532581882	0.7467418118	1.54876756	2.129638988
0.2542591692	0.7457408308	1.541812642	2.132900814
0.2552601502	0.7447398498	1.534963325	2.136149561
0.2562611311	0.7437388689	1.52821757	2.139385261
0.2572621121	0.7427378879	1.52157339	2.142607948
0.2582630931	0.7417369069	1.515028842	2.145817655
0.2592640741	0.7407359259	1.508582033	2.149014417
0.2602650551	0.7397349449	1.502231112	2.152198268
0.261266036	0.738733964	1.495974273	2.155369241
0.262267017	0.737732983	1.489809751	2.15852737
0.263267998	0.736732002	1.483735824	2.16167269
0.264268979	0.735731021	1.47775081	2.164805234
0.26526996	0.73473004	1.471853064	2.167925037
0.2662709409	0.7337290591	1.46604098	2.171032133
0.2672719219	0.7327280781	1.46031299	2.174126556
0.2682729029	0.7317270971	1.45466756	2.177208342
0.2692738839	0.7307261161	1.449103192	2.180277523
0.2702748649	0.7297251351	1.44361842	2.183334136
0.2712758458	0.7287241542	1.438211814	2.186378213
0.2722768268	0.7277231732	1.432881974	2.189409791
0.2732778078	0.7267221922	1.427627532	2.192428902
0.2742787888	0.7257212112	1.422447149	2.195435583
0.2752797698	0.7247202302	1.417339518	2.198429868
0.2762807508	0.7237192492	1.412303359	2.201411791
0.2772817317	0.7227182683	1.407337419	2.204381388
0.2782827127	0.7217172873	1.402440476	2.207338692
0.2792836937	0.7207163063	1.397611331	2.210283739
0.2802846747	0.7197153253	1.392848813	2.213216564
0.2812856557	0.7187143443	1.388151775	2.216137201
0.2822866366	0.7177133634	1.383519096	2.219045686
0.2832876176	0.7167123824	1.378949676	2.221942052
0.2842885986	0.7157114014	1.374442442	2.224826336
0.2852895796	0.7147104204	1.369996342	2.227698571
0.2862905606	0.7137094394	1.365610345	2.230558793
0.2872915415	0.7127084585	1.361283444	2.233407036
0.2882925225	0.7117074775	1.357014651	2.236243336
0.2892935035	0.7107064965	1.352803001	2.239067728
0.2902944845	0.7097055155	1.348647545	2.241880245
0.2912954655	0.7087045345	1.344547358	2.244680924
0.2922964464	0.7077035536	1.340501531	2.247469799
0.2932974274	0.7067025726	1.336509175	2.250246905
0.2942984084	0.7057015916	1.332569417	2.253012276
0.2952993894	0.7047006106	1.328681406	2.255765948
0.2963003704	0.7036996296	1.324844303	2.258507956
0.2973013514	0.7026986486	1.32105729	2.261238333
0.2983023323	0.7016976677	1.317319563	2.263957116
0.2993033133	0.7006966867	1.313630335	2.266664339
0.3003042943	0.6996957057	1.309988834	2.269360036
0.3013052753	0.6986947247	1.306394304	2.272044242
0.3023062563	0.6976937437	1.302846004	2.274716993
0.3033072372	0.6966927628	1.299343206	2.277378322
0.3043082182	0.6956917818	1.295885198	2.280028265
0.3053091992	0.6946908008	1.292471281	2.282666856
0.3063101802	0.6936898198	1.28910077	2.28529413
0.3073111612	0.6926888388	1.285772992	2.287910121
0.3083121421	0.6916878579	1.282487289	2.290514863
0.3093131231	0.6906868769	1.279243014	2.293108393
0.3103141041	0.6896858959	1.276039533	2.295690743
0.3113150851	0.6886849149	1.272876223	2.298261948
0.3123160661	0.6876839339	1.269752475	2.300822044
0.313317047	0.686682953	1.266667689	2.303371063
0.314318028	0.685681972	1.263621278	2.305909041
0.315319009	0.684680991	1.260612664	2.308436011
0.31631999	0.68368001	1.257641283	2.310952009
0.317320971	0.682679029	1.254706579	2.313457068
0.318321952	0.681678048	1.251808006	2.315951223
0.3193229329	0.6806770671	1.24894503	2.318434507
0.3203239139	0.6796760861	1.246117124	2.320906955
0.3213248949	0.6786751051	1.243323775	2.3233686
0.3223258759	0.6776741241	1.240564474	2.325819477
0.3233268569	0.6766731431	1.237838726	2.32825962
0.3243278378	0.6756721622	1.235146041	2.330689063
0.3253288188	0.6746711812	1.232485941	2.333107838
0.3263297998	0.6736702002	1.229857955	2.335515981
0.3273307808	0.6726692192	1.22726162	2.337913525
0.3283317618	0.6716682382	1.224696482	2.340300504
0.3293327427	0.6706672573	1.222162095	2.342676951
0.3303337237	0.6696662763	1.219658022	2.3450429
0.3313347047	0.6686652953	1.217183831	2.347398384
0.3323356857	0.6676643143	1.214739099	2.349743437
0.3333366667	0.6666633333	1.212323411	2.352078092
0.3343376476	0.6656623524	1.209936359	2.354402383
0.3353386286	0.6646613714	1.207577541	2.356716342
0.3363396096	0.6636603904	1.205246563	2.359020004
0.3373405906	0.6626594094	1.202943037	2.361313402
0.3383415716	0.6616584284	1.200666584	2.363596567
0.3393425526	0.6606574474	1.198416827	2.365869534
0.3403435335	0.6596564665	1.196193399	2.368132336
0.3413445145	0.6586554855	1.193995939	2.370385005
0.3423454955	0.6576545045	1.191824091	2.372627574
0.3433464765	0.6566535235	1.189677505	2.374860077
0.3443474575	0.6556525425	1.187555837	2.377082545
0.3453484384	0.6546515616	1.18545875	2.379295011
0.3463494194	0.6536505806	1.18338591	2.381497509
0.3473504004	0.6526495996	1.181336992	2.383690071
0.3483513814	0.6516486186	1.179311673	2.385872728
0.3493523624	0.6506476376	1.177309637	2.388045514
0.3503533433	0.6496466567	1.175330574	2.390208461
0.3513543243	0.6486456757	1.173374178	2.392361601
0.3523553053	0.6476446947	1.171440147	2.394504967
0.3533562863	0.6466437137	1.169528186	2.396638589
0.3543572673	0.6456427327	1.167638003	2.398762502
0.3553582482	0.6446417518	1.165769313	2.400876736
0.3563592292	0.6436407708	1.163921832	2.402981323
0.3573602102	0.6426397898	1.162095284	2.405076295
0.3583611912	0.6416388088	1.160289397	2.407161685
0.3593621722	0.6406378278	1.1585039	2.409237524
0.3603631532	0.6396368468	1.156738531	2.411303842
0.3613641341	0.6386358659	1.154993028	2.413360673
0.3623651151	0.6376348849	1.153267137	2.415408048
0.3633660961	0.6366339039	1.151560604	2.417445997
0.3643670771	0.6356329229	1.149873182	2.419474552
0.3653680581	0.6346319419	1.148204627	2.421493745
0.366369039	0.633630961	1.146554698	2.423503607
0.36737002	0.63262998	1.144923159	2.425504168
0.368371001	0.631628999	1.143309777	2.42749546
0.369371982	0.630628018	1.141714322	2.429477515
0.370372963	0.629627037	1.140136568	2.431450361
0.3713739439	0.6286260561	1.138576294	2.433414032
0.3723749249	0.6276250751	1.13703328	2.435368557
0.3733759059	0.6266240941	1.13550731	2.437313966
0.3743768869	0.6256231131	1.133998172	2.439250292
0.3753778679	0.6246221321	1.132505658	2.441177563
0.3763788488	0.6236211512	1.13102956	2.443095811
0.3773798298	0.6226201702	1.129569676	2.445005065
0.3783808108	0.6216191892	1.128125806	2.446905357
0.3793817918	0.6206182082	1.126697753	2.448796717
0.3803827728	0.6196172272	1.125285324	2.450679173
0.3813837538	0.6186162462	1.123888326	2.452552758
0.3823847347	0.6176152653	1.122506572	2.454417499
0.3833857157	0.6166142843	1.121139877	2.456273429
0.3843866967	0.6156133033	1.119788057	2.458120575
0.3853876777	0.6146123223	1.118450932	2.459958968
0.3863886587	0.6136113413	1.117128325	2.461788638
0.3873896396	0.6126103604	1.115820062	2.463609615
0.3883906206	0.6116093794	1.114525969	2.465421927
0.3893916016	0.6106083984	1.113245877	2.467225604
0.3903925826	0.6096074174	1.111979618	2.469020675
0.3913935636	0.6086064364	1.110727028	2.47080717
0.3923945445	0.6076054555	1.109487944	2.472585119
0.3933955255	0.6066044745	1.108262205	2.474354549
0.3943965065	0.6056034935	1.107049654	2.47611549
0.3953974875	0.6046025125	1.105850135	2.477867971
0.3963984685	0.6036015315	1.104663494	2.479612021
0.3973994494	0.6026005506	1.10348958	2.481347669
0.3984004304	0.6015995696	1.102328243	2.483074943
0.3994014114	0.6005985886	1.101179337	2.484793872
0.4004023924	0.5995976076	1.100042716	2.486504485
0.4014033734	0.5985966266	1.098918237	2.48820681
0.4024043544	0.5975956456	1.097805759	2.489900875
0.4034053353	0.5965946647	1.096705144	2.491586708
0.4044063163	0.5955936837	1.095616253	2.493264339
0.4054072973	0.5945927027	1.094538952	2.494933794
0.4064082783	0.5935917217	1.093473106	2.496595103
0.4074092593	0.5925907407	1.092418586	2.498248293
0.4084102402	0.5915897598	1.091375259	2.499893392
0.4094112212	0.5905887788	1.090343	2.501530428
0.4104122022	0.5895877978	1.089321681	2.503159428
0.4114131832	0.5885868168	1.088311177	2.50478042
0.4124141642	0.5875858358	1.087311366	2.506393433
0.4134151451	0.5865848549	1.086322127	2.507998492
0.4144161261	0.5855838739	1.08534334	2.509595627
0.4154171071	0.5845828929	1.084374886	2.511184863
0.4164180881	0.5835819119	1.08341665	2.512766229
0.4174190691	0.5825809309	1.082468517	2.514339751
0.4184200501	0.5815799499	1.081530373	2.515905457
0.419421031	0.580578969	1.080602106	2.517463373
0.420422012	0.579577988	1.079683607	2.519013528
0.421422993	0.578577007	1.078774765	2.520555946
0.422423974	0.577576026	1.077875474	2.522090656
0.423424955	0.576575045	1.076985627	2.523617684
0.4244259359	0.5755740641	1.076105121	2.525137056
0.4254269169	0.5745730831	1.075233851	2.526648799
0.4264278979	0.5735721021	1.074371715	2.52815294
0.4274288789	0.5725711211	1.073518613	2.529649505
0.4284298599	0.5715701401	1.072674446	2.53113852
0.4294308408	0.5705691592	1.071839116	2.532620011
0.4304318218	0.5695681782	1.071012525	2.534094005
0.4314328028	0.5685671972	1.070194578	2.535560528
0.4324337838	0.5675662162	1.069385181	2.537019605
0.4334347648	0.5665652352	1.06858424	2.538471263
0.4344357457	0.5655642543	1.067791664	2.539915527
0.4354367267	0.5645632733	1.067007362	2.541352423
0.4364377077	0.5635622923	1.066231244	2.542781977
0.4374386887	0.5625613113	1.065463222	2.544204214
0.4384396697	0.5615603303	1.064703209	2.54561916
0.4394406507	0.5605593493	1.063951117	2.547026841
0.4404416316	0.5595583684	1.063206862	2.548427281
0.4414426126	0.5585573874	1.06247036	2.549820506
0.4424435936	0.5575564064	1.061741528	2.55120654
0.4434445746	0.5565554254	1.061020283	2.552585411
0.4444455556	0.5555544444	1.060306545	2.553957141
0.4454465365	0.5545534635	1.059600233	2.555321756
0.4464475175	0.5535524825	1.058901269	2.556679282
0.4474484985	0.5525515015	1.058209574	2.558029742
0.4484494795	0.5515505205	1.057525071	2.559373162
0.4494504605	0.5505495395	1.056847685	2.560709566
0.4504514414	0.5495485586	1.056177339	2.562038978
0.4514524224	0.5485475776	1.05551396	2.563361424
0.4524534034	0.5475465966	1.054857474	2.564676928
0.4534543844	0.5465456156	1.054207808	2.565985514
0.4544553654	0.5455446346	1.053564892	2.567287206
0.4554563463	0.5445436537	1.052928653	2.568582028
0.4564573273	0.5435426727	1.052299023	2.569870005
0.4574583083	0.5425416917	1.051675932	2.57115116
0.4584592893	0.5415407107	1.051059311	2.572425518
0.4594602703	0.5405397297	1.050449095	2.573693102
0.4604612513	0.5395387487	1.049845214	2.574953936
0.4614622322	0.5385377678	1.049247605	2.576208044
0.4624632132	0.5375367868	1.048656202	2.57745545
0.4634641942	0.5365358058	1.04807094	2.578696176
0.4644651752	0.5355348248	1.047491756	2.579930247
0.4654661562	0.5345338438	1.046918588	2.581157686
0.4664671371	0.5335328629	1.046351372	2.582378517
0.4674681181	0.5325318819	1.045790049	2.583592762
0.4684690991	0.5315309009	1.045234556	2.584800444
0.4694700801	0.5305299199	1.044684835	2.586001588
0.4704710611	0.5295289389	1.044140826	2.587196215
0.471472042	0.528527958	1.043602471	2.588384349
0.472473023	0.527526977	1.043069711	2.589566013
0.473474004	0.526525996	1.04254249	2.590741229
0.474474985	0.525525015	1.042020751	2.591910021
0.475475966	0.524524034	1.041504439	2.593072411
0.4764769469	0.5235230531	1.040993497	2.594228421
0.4774779279	0.5225220721	1.040487872	2.595378074
0.4784789089	0.5215210911	1.039987509	2.596521392
0.4794798899	0.5205201101	1.039492356	2.597658399
0.4804808709	0.5195191291	1.039002359	2.598789115
0.4814818519	0.5185181481	1.038517466	2.599913564
0.4824828328	0.5175171672	1.038037626	2.601031767
0.4834838138	0.5165161862	1.037562788	2.602143747
0.4844847948	0.5155152052	1.037092901	2.603249525
0.4854857758	0.5145142242	1.036627915	2.604349124
0.4864867568	0.5135132432	1.036167782	2.605442565
0.4874877377	0.5125122623	1.035712453	2.60652987
0.4884887187	0.5115112813	1.035261879	2.607611061
0.4894896997	0.5105103003	1.034816013	2.608686159
0.4904906807	0.5095093193	1.034374807	2.609755187
0.4914916617	0.5085083383	1.033938216	2.610818165
0.4924926426	0.5075073574	1.033506193	2.611875115
0.4934936236	0.5065063764	1.033078692	2.612926058
0.4944946046	0.5055053954	1.032655669	2.613971015
0.4954955856	0.5045044144	1.032237078	2.615010009
0.4964965666	0.5035034334	1.031822877	2.616043059
0.4974975475	0.5025024525	1.031413021	2.617070187
0.4984985285	0.5015014715	1.031007467	2.618091414
0.4994995095	0.5005004905	1.030606173	2.619106761
0.5005004905	0.4994995095	1.030209096	2.620116249
0.5015014715	0.4984985285	1.029816195	2.621119899
0.5025024525	0.4974975475	1.029427429	2.62211773
0.5035034334	0.4964965666	1.029042756	2.623109764
0.5045044144	0.4954955856	1.028662137	2.624096022
0.5055053954	0.4944946046	1.028285531	2.625076524
0.5065063764	0.4934936236	1.027912899	2.62605129
0.5075073574	0.4924926426	1.027544201	2.627020341
0.5085083383	0.4914916617	1.0271794	2.627983697
0.5095093193	0.4904906807	1.026818457	2.628941379
0.5105103003	0.4894896997	1.026461334	2.629893405
0.5115112813	0.4884887187	1.026107994	2.630839798
0.5125122623	0.4874877377	1.025758399	2.631780576
0.5135132432	0.4864867568	1.025412514	2.632715759
0.5145142242	0.4854857758	1.025070301	2.633645368
0.5155152052	0.4844847948	1.024731725	2.634569422
0.5165161862	0.4834838138	1.024396751	2.635487941
0.5175171672	0.4824828328	1.024065343	2.636400945
0.5185181481	0.4814818519	1.023737466	2.637308453
0.5195191291	0.4804808709	1.023413087	2.638210485
0.5205201101	0.4794798899	1.023092171	2.63910706
0.5215210911	0.4784789089	1.022774684	2.639998198
0.5225220721	0.4774779279	1.022460594	2.640883919
0.5235230531	0.4764769469	1.022149867	2.641764241
0.524524034	0.475475966	1.021842471	2.642639183
0.525525015	0.474474985	1.021538373	2.643508765
0.526525996	0.473474004	1.021237541	2.644373006
0.527526977	0.472473023	1.020939945	2.645231925
0.528527958	0.471472042	1.020645552	2.646085541
0.5295289389	0.4704710611	1.020354331	2.646933873
0.5305299199	0.4694700801	1.020066252	2.647776939
0.5315309009	0.4684690991	1.019781285	2.648614759
0.5325318819	0.4674681181	1.0194994	2.649447351
0.5335328629	0.4664671371	1.019220566	2.650274734
0.5345338438	0.4654661562	1.018944755	2.651096926
0.5355348248	0.4644651752	1.018671937	2.651913946
0.5365358058	0.4634641942	1.018402083	2.652725812
0.5375367868	0.4624632132	1.018135165	2.653532542
0.5385377678	0.4614622322	1.017871156	2.654334156
0.5395387487	0.4604612513	1.017610026	2.655130671
0.5405397297	0.4594602703	1.017351748	2.655922106
0.5415407107	0.4584592893	1.017096294	2.656708478
0.5425416917	0.4574583083	1.016843639	2.657489806
0.5435426727	0.4564573273	1.016593754	2.658266107
0.5445436537	0.4554563463	1.016346613	2.6590374
0.5455446346	0.4544553654	1.01610219	2.659803703
0.5465456156	0.4534543844	1.015860459	2.660565033
0.5475465966	0.4524534034	1.015621394	2.661321408
0.5485475776	0.4514524224	1.01538497	2.662072846
0.5495485586	0.4504514414	1.015151161	2.662819364
0.5505495395	0.4494504605	1.014919942	2.66356098
0.5515505205	0.4484494795	1.014691289	2.664297712
0.5525515015	0.4474484985	1.014465176	2.665029577
0.5535524825	0.4464475175	1.01424158	2.665756592
0.5545534635	0.4454465365	1.014020477	2.666478775
0.5555544444	0.4444455556	1.013801842	2.667196143
0.5565554254	0.4434445746	1.013585653	2.667908713
0.5575564064	0.4424435936	1.013371885	2.668616503
0.5585573874	0.4414426126	1.013160517	2.669319529
0.5595583684	0.4404416316	1.012951524	2.670017808
0.5605593493	0.4394406507	1.012744884	2.670711358
0.5615603303	0.4384396697	1.012540575	2.671400196
0.5625613113	0.4374386887	1.012338575	2.672084337
0.5635622923	0.4364377077	1.012138861	2.6727638
0.5645632733	0.4354367267	1.011941411	2.673438601
0.5655642543	0.4344357457	1.011746205	2.674108756
0.5665652352	0.4334347648	1.011553221	2.674774282
0.5675662162	0.4324337838	1.011362437	2.675435196
0.5685671972	0.4314328028	1.011173832	2.676091515
0.5695681782	0.4304318218	1.010987387	2.676743254
0.5705691592	0.4294308408	1.010803079	2.67739043
0.5715701401	0.4284298599	1.01062089	2.678033059
0.5725711211	0.4274288789	1.010440798	2.678671158
0.5735721021	0.4264278979	1.010262784	2.679304743
0.5745730831	0.4254269169	1.010086828	2.679933831
0.5755740641	0.4244259359	1.00991291	2.680558436
0.576575045	0.423424955	1.009741011	2.681178576
0.577576026	0.422423974	1.009571112	2.681794266
0.578577007	0.421422993	1.009403193	2.682405522
0.579577988	0.420422012	1.009237236	2.683012361
0.580578969	0.419421031	1.009073222	2.683614797
0.5815799499	0.4184200501	1.008911133	2.684212847
0.5825809309	0.4174190691	1.00875095	2.684806527
0.5835819119	0.4164180881	1.008592655	2.685395852
0.5845828929	0.4154171071	1.00843623	2.685980837
0.5855838739	0.4144161261	1.008281657	2.686561499
0.5865848549	0.4134151451	1.008128919	2.687137853
0.5875858358	0.4124141642	1.007977998	2.687709914
0.5885868168	0.4114131832	1.007828876	2.688277697
0.5895877978	0.4104122022	1.007681537	2.688841219
0.5905887788	0.4094112212	1.007535964	2.689400494
0.5915897598	0.4084102402	1.00739214	2.689955537
0.5925907407	0.4074092593	1.007250047	2.690506365
0.5935917217	0.4064082783	1.00710967	2.691052991
0.5945927027	0.4054072973	1.006970992	2.691595431
0.5955936837	0.4044063163	1.006833997	2.6921337
0.5965946647	0.4034053353	1.006698668	2.692667813
0.5975956456	0.4024043544	1.006564991	2.693197785
0.5985966266	0.4014033734	1.006432948	2.693723631
0.5995976076	0.4004023924	1.006302525	2.694245365
0.6005985886	0.3994014114	1.006173706	2.694763002
0.6015995696	0.3984004304	1.006046476	2.695276558
0.6026005506	0.3973994494	1.005920818	2.695786046
0.6036015315	0.3963984685	1.00579672	2.696291481
0.6046025125	0.3953974875	1.005674164	2.696792879
0.6056034935	0.3943965065	1.005553137	2.697290253
0.6066044745	0.3933955255	1.005433624	2.697783617
0.6076054555	0.3923945445	1.00531561	2.698272987
0.6086064364	0.3913935636	1.005199081	2.698758376
0.6096074174	0.3903925826	1.005084023	2.699239799
0.6106083984	0.3893916016	1.004970421	2.699717271
0.6116093794	0.3883906206	1.004858262	2.700190805
0.6126103604	0.3873896396	1.004747532	2.700660415
0.6136113413	0.3863886587	1.004638216	2.701126116
0.6146123223	0.3853876777	1.004530302	2.701587921
0.6156133033	0.3843866967	1.004423775	2.702045845
0.6166142843	0.3833857157	1.004318623	2.702499902
0.6176152653	0.3823847347	1.004214832	2.702950105
0.6186162462	0.3813837538	1.004112389	2.703396469
0.6196172272	0.3803827728	1.004011281	2.703839007
0.6206182082	0.3793817918	1.003911494	2.704277733
0.6216191892	0.3783808108	1.003813017	2.70471266
0.6226201702	0.3773798298	1.003715837	2.705143803
0.6236211512	0.3763788488	1.00361994	2.705571175
0.6246221321	0.3753778679	1.003525315	2.705994789
0.6256231131	0.3743768869	1.003431949	2.706414659
0.6266240941	0.3733759059	1.00333983	2.706830799
0.6276250751	0.3723749249	1.003248946	2.707243222
0.6286260561	0.3713739439	1.003159285	2.707651941
0.629627037	0.370372963	1.003070834	2.70805697
0.630628018	0.369371982	1.002983583	2.708458321
0.631628999	0.368371001	1.002897518	2.708856009
0.63262998	0.36737002	1.00281263	2.709250046
0.633630961	0.366369039	1.002728906	2.709640446
0.6346319419	0.3653680581	1.002646334	2.710027221
0.6356329229	0.3643670771	1.002564905	2.710410385
0.6366339039	0.3633660961	1.002484605	2.710789951
0.6376348849	0.3623651151	1.002405425	2.711165931
0.6386358659	0.3613641341	1.002327353	2.711538339
0.6396368468	0.3603631532	1.002250379	2.711907187
0.6406378278	0.3593621722	1.002174491	2.712272489
0.6416388088	0.3583611912	1.002099679	2.712634256
0.6426397898	0.3573602102	1.002025932	2.712992503
0.6436407708	0.3563592292	1.00195324	2.71334724
0.6446417518	0.3553582482	1.001881592	2.713698482
0.6456427327	0.3543572673	1.001810978	2.714046241
0.6466437137	0.3533562863	1.001741388	2.714390528
0.6476446947	0.3523553053	1.001672811	2.714731358
0.6486456757	0.3513543243	1.001605238	2.715068742
0.6496466567	0.3503533433	1.001538658	2.715402692
0.6506476376	0.3493523624	1.001473062	2.715733221
0.6516486186	0.3483513814	1.00140844	2.716060342
0.6526495996	0.3473504004	1.001344781	2.716384066
0.6536505806	0.3463494194	1.001282077	2.716704407
0.6546515616	0.3453484384	1.001220318	2.717021375
0.6556525425	0.3443474575	1.001159494	2.717334984
0.6566535235	0.3433464765	1.001099596	2.717645245
0.6576545045	0.3423454955	1.001040615	2.717952171
0.6586554855	0.3413445145	1.000982541	2.718255773
0.6596564665	0.3403435335	1.000925366	2.718556063
0.6606574474	0.3393425526	1.000869079	2.718853054
0.6616584284	0.3383415716	1.000813673	2.719146758
0.6626594094	0.3373405906	1.000759138	2.719437185
0.6636603904	0.3363396096	1.000705465	2.719724349
0.6646613714	0.3353386286	1.000652646	2.72000826
0.6656623524	0.3343376476	1.000600672	2.720288931
0.6666633333	0.3333366667	1.000549534	2.720566374
0.6676643143	0.3323356857	1.000499224	2.720840599
0.6686652953	0.3313347047	1.000449734	2.721111619
0.6696662763	0.3303337237	1.000401054	2.721379445
0.6706672573	0.3293327427	1.000353177	2.721644088
0.6716682382	0.3283317618	1.000306094	2.721905561
0.6726692192	0.3273307808	1.000259797	2.722163875
0.6736702002	0.3263297998	1.000214278	2.72241904
0.6746711812	0.3253288188	1.00016953	2.722671069
0.6756721622	0.3243278378	1.000125543	2.722919973
0.6766731431	0.3233268569	1.00008231	2.723165762
0.6776741241	0.3223258759	1.000039824	2.723408449
0.6786751051	0.3213248949	0.9999980755	2.723648045
0.6796760861	0.3203239139	0.9999570582	2.72388456
0.6806770671	0.3193229329	0.999916764	2.724118006
0.681678048	0.318321952	0.9998771853	2.724348394
0.682679029	0.317320971	0.9998383146	2.724575734
0.68368001	0.31631999	0.9998001444	2.724800039
0.684680991	0.315319009	0.9997626673	2.725021319
0.685681972	0.314318028	0.9997258761	2.725239585
0.686682953	0.313317047	0.9996897634	2.725454847
0.6876839339	0.3123160661	0.999654322	2.725667117
0.6886849149	0.3113150851	0.9996195449	2.725876406
0.6896858959	0.3103141041	0.9995854248	2.726082724
0.6906868769	0.3093131231	0.9995519548	2.726286082
0.6916878579	0.3083121421	0.9995191279	2.726486491
0.6926888388	0.3073111612	0.9994869373	2.726683961
0.6936898198	0.3063101802	0.9994553759	2.726878503
0.6946908008	0.3053091992	0.9994244371	2.727070128
0.6956917818	0.3043082182	0.9993941142	2.727258847
0.6966927628	0.3033072372	0.9993644003	2.727444669
0.6976937437	0.3023062563	0.999335289	2.727627605
0.6986947247	0.3013052753	0.9993067736	2.727807666
0.6996957057	0.3003042943	0.9992788477	2.727984862
0.7006966867	0.2993033133	0.9992515047	2.728159203
0.7016976677	0.2983023323	0.9992247382	2.7283307
0.7026986486	0.2973013514	0.999198542	2.728499364
0.7036996296	0.2963003704	0.9991729097	2.728665204
0.7047006106	0.2952993894	0.999147835	2.72882823
0.7057015916	0.2942984084	0.9991233118	2.728988453
0.7067025726	0.2932974274	0.9990993339	2.729145884
0.7077035536	0.2922964464	0.9990758952	2.729300531
0.7087045345	0.2912954655	0.9990529897	2.729452406
0.7097055155	0.2902944845	0.9990306115	2.729601517
0.7107064965	0.2892935035	0.9990087544	2.729747876
0.7117074775	0.2882925225	0.9989874127	2.729891493
0.7127084585	0.2872915415	0.9989665805	2.730032376
0.7137094394	0.2862905606	0.9989462521	2.730170537
0.7147104204	0.2852895796	0.9989264215	2.730305985
0.7157114014	0.2842885986	0.9989070833	2.730438729
0.7167123824	0.2832876176	0.9988882317	2.73056878
0.7177133634	0.2822866366	0.998869861	2.730696148
0.7187143443	0.2812856557	0.9988519659	2.730820842
0.7197153253	0.2802846747	0.9988345406	2.730942871
0.7207163063	0.2792836937	0.9988175798	2.731062246
0.7217172873	0.2782827127	0.998801078	2.731178977
0.7227182683	0.2772817317	0.9987850299	2.731293072
0.7237192492	0.2762807508	0.9987694301	2.731404541
0.7247202302	0.2752797698	0.9987542734	2.731513394
0.7257212112	0.2742787888	0.9987395544	2.731619641
0.7267221922	0.2732778078	0.998725268	2.731723291
0.7277231732	0.2722768268	0.998711409	2.731824352
0.7287241542	0.2712758458	0.9986979724	2.731922836
0.7297251351	0.2702748649	0.9986849529	2.73201875
0.7307261161	0.2692738839	0.9986723456	2.732112105
0.7317270971	0.2682729029	0.9986601456	2.73220291
0.7327280781	0.2672719219	0.9986483477	2.732291174
0.7337290591	0.2662709409	0.9986369472	2.732376905
0.73473004	0.26526996	0.9986259392	2.732460115
0.735731021	0.264268979	0.9986153188	2.732540811
0.736732002	0.263267998	0.9986050812	2.732619002
0.737732983	0.262267017	0.9985952217	2.732694699
0.738733964	0.261266036	0.9985857355	2.732767909
0.7397349449	0.2602650551	0.9985766181	2.732838642
0.7407359259	0.2592640741	0.9985678646	2.732906907
0.7417369069	0.2582630931	0.9985594707	2.732972714
0.7427378879	0.2572621121	0.9985514316	2.73303607
0.7437388689	0.2562611311	0.9985437429	2.733096985
0.7447398498	0.2552601502	0.9985364001	2.733155468
0.7457408308	0.2542591692	0.9985293987	2.733211527
0.7467418118	0.2532581882	0.9985227344	2.733265172
0.7477427928	0.2522572072	0.9985164026	2.73331641
0.7487437738	0.2512562262	0.9985103992	2.733365252
0.7497447548	0.2502552452	0.9985047197	2.733411706
0.7507457357	0.2492542643	0.99849936	2.73345578
0.7517467167	0.2482532833	0.9984943157	2.733497483
0.7527476977	0.2472523023	0.9984895828	2.733536824
0.7537486787	0.2462513213	0.9984851569	2.733573811
0.7547496597	0.2452503403	0.998481034	2.733608453
0.7557506406	0.2442493594	0.9984772099	2.733640758
0.7567516216	0.2432483784	0.9984736807	2.733670735
0.7577526026	0.2422473974	0.9984704423	2.733698393
0.7587535836	0.2412464164	0.9984674906	2.73372374
0.7597545646	0.2402454354	0.9984648217	2.733746784
0.7607555455	0.2392444545	0.9984624317	2.733767534
0.7617565265	0.2382434735	0.9984603166	2.733785998
0.7627575075	0.2372424925	0.9984584726	2.733802185
0.7637584885	0.2362415115	0.9984568959	2.733816102
0.7647594695	0.2352405305	0.9984555826	2.733827759
0.7657604505	0.2342395495	0.998454529	2.733837162
0.7667614314	0.2332385686	0.9984537313	2.733844322
0.7677624124	0.2322375876	0.9984531858	2.733849245
0.7687633934	0.2312366066	0.9984528888	2.73385194
0.7697643744	0.2302356256	0.9984528366	2.733852415
0.7707653554	0.2292346446	0.9984530257	2.733850678
0.7717663363	0.2282336637	0.9984534523	2.733846738
0.7727673173	0.2272326827	0.9984541131	2.733840602
0.7737682983	0.2262317017	0.9984550043	2.733832278
0.7747692793	0.2252307207	0.9984561226	2.733821775
0.7757702603	0.2242297397	0.9984574644	2.7338091
0.7767712412	0.2232287588	0.9984590262	2.733794261
0.7777722222	0.2222277778	0.9984608047	2.733777267
0.7787732032	0.2212267968	0.9984627964	2.733758124
0.7797741842	0.2202258158	0.998464998	2.733736842
0.7807751652	0.2192248348	0.9984674062	2.733713427
0.7817761461	0.2182238539	0.9984700175	2.733687888
0.7827771271	0.2172228729	0.9984728288	2.733660233
0.7837781081	0.2162218919	0.9984758367	2.733630468
0.7847790891	0.2152209109	0.9984790381	2.733598602
0.7857800701	0.2142199299	0.9984824296	2.733564643
0.7867810511	0.2132189489	0.9984860082	2.733528598
0.787782032	0.212217968	0.9984897707	2.733490475
0.788783013	0.211216987	0.9984937139	2.733450281
0.789783994	0.210216006	0.9984978348	2.733408025
0.790784975	0.209215025	0.9985021302	2.733363713
0.791785956	0.208214044	0.9985065971	2.733317353
0.7927869369	0.2072130631	0.9985112325	2.733268953
0.7937879179	0.2062120821	0.9985160333	2.73321852
0.7947888989	0.2052111011	0.9985209967	2.733166062
0.7957898799	0.2042101201	0.9985261195	2.733111586
0.7967908609	0.2032091391	0.9985313989	2.733055099
0.7977918418	0.2022081582	0.998536832	2.732996609
0.7987928228	0.2012071772	0.9985424159	2.732936123
0.7997938038	0.2002061962	0.9985481477	2.732873649
0.8007947848	0.1992052152	0.9985540246	2.732809194
0.8017957658	0.1982042342	0.9985600438	2.732742765
0.8027967467	0.1972032533	0.9985662024	2.732674369
0.8037977277	0.1962022723	0.9985724978	2.732604014
0.8047987087	0.1952012913	0.9985789271	2.732531707
0.8057996897	0.1942003103	0.9985854876	2.732457454
0.8068006707	0.1931993293	0.9985921767	2.732381264
0.8078016517	0.1921983483	0.9985989916	2.732303143
0.8088026326	0.1911973674	0.9986059297	2.732223099
0.8098036136	0.1901963864	0.9986129883	2.732141138
0.8108045946	0.1891954054	0.9986201649	2.732057267
0.8118055756	0.1881944244	0.9986274568	2.731971494
0.8128065566	0.1871934434	0.9986348615	2.731883826
0.8138075375	0.1861924625	0.9986423763	2.731794269
0.8148085185	0.1851914815	0.9986499988	2.73170283
0.8158094995	0.1841905005	0.9986577265	2.731609517
0.8168104805	0.1831895195	0.9986655569	2.731514337
0.8178114615	0.1821885385	0.9986734875	2.731417295
0.8188124424	0.1811875576	0.9986815158	2.7313184
0.8198134234	0.1801865766	0.9986896394	2.731217657
0.8208144044	0.1791855956	0.9986978559	2.731115075
0.8218153854	0.1781846146	0.998706163	2.731010659
0.8228163664	0.1771836336	0.9987145582	2.730904416
0.8238173473	0.1761826527	0.9987230392	2.730796353
0.8248183283	0.1751816717	0.9987316036	2.730686477
0.8258193093	0.1741806907	0.9987402492	2.730574794
0.8268202903	0.1731797097	0.9987489736	2.730461311
0.8278212713	0.1721787287	0.9987577746	2.730346036
0.8288222523	0.1711777477	0.9987666499	2.730228973
0.8298232332	0.1701767668	0.9987755973	2.730110131
0.8308242142	0.1691757858	0.9987846145	2.729989515
0.8318251952	0.1681748048	0.9987936994	2.729867132
0.8328261762	0.1671738238	0.9988028498	2.729742989
0.8338271572	0.1661728428	0.9988120635	2.729617093
0.8348281381	0.1651718619	0.9988213383	2.729489448
0.8358291191	0.1641708809	0.9988306721	2.729360063
0.8368301001	0.1631698999	0.9988400628	2.729228944
0.8378310811	0.1621689189	0.9988495084	2.729096097
0.8388320621	0.1611679379	0.9988590067	2.728961528
0.839833043	0.160166957	0.9988685556	2.728825243
0.840834024	0.159165976	0.9988781532	2.72868725
0.841835005	0.158164995	0.9988877974	2.728547555
0.842835986	0.157164014	0.9988974862	2.728406163
0.843836967	0.156163033	0.9989072175	2.728263081
0.8448379479	0.1551620521	0.9989169895	2.728118316
0.8458389289	0.1541610711	0.9989268002	2.727971873
0.8468399099	0.1531600901	0.9989366475	2.727823759
0.8478408909	0.1521591091	0.9989465296	2.72767398
0.8488418719	0.1511581281	0.9989564446	2.727522543
0.8498428529	0.1501571471	0.9989663905	2.727369452
0.8508438338	0.1491561662	0.9989763656	2.727214715
0.8518448148	0.1481551852	0.9989863678	2.727058338
0.8528457958	0.1471542042	0.9989963954	2.726900327
0.8538467768	0.1461532232	0.9990064466	2.726740687
0.8548477578	0.1451522422	0.9990165194	2.726579425
0.8558487387	0.1441512613	0.9990266122	2.726416547
0.8568497197	0.1431502803	0.9990367231	2.726252059
0.8578507007	0.1421492993	0.9990468503	2.726085967
0.8588516817	0.1411483183	0.9990569921	2.725918277
0.8598526627	0.1401473373	0.9990671467	2.725748994
0.8608536436	0.1391463564	0.9990773125	2.725578125
0.8618546246	0.1381453754	0.9990874876	2.725405676
0.8628556056	0.1371443944	0.9990976704	2.725231653
0.8638565866	0.1361434134	0.9991078592	2.725056061
0.8648575676	0.1351424324	0.9991180524	2.724878906
0.8658585485	0.1341414515	0.9991282482	2.724700194
0.8668595295	0.1331404705	0.999138445	2.724519931
0.8678605105	0.1321394895	0.9991486412	2.724338123
0.8688614915	0.1311385085	0.9991588352	2.724154775
0.8698624725	0.1301375275	0.9991690253	2.723969894
0.8708634535	0.1291365465	0.99917921	2.723783484
0.8718644344	0.1281355656	0.9991893877	2.723595553
0.8728654154	0.1271345846	0.9991995568	2.723406104
0.8738663964	0.1261336036	0.9992097158	2.723215144
0.8748673774	0.1251326226	0.9992198631	2.72302268
0.8758683584	0.1241316416	0.9992299973	2.722828715
0.8768693393	0.1231306607	0.9992401167	2.722633256
0.8778703203	0.1221296797	0.99925022	2.722436309
0.8788713013	0.1211286987	0.9992603055	2.722237879
0.8798722823	0.1201277177	0.9992703719	2.722037972
0.8808732633	0.1191267367	0.9992804177	2.721836592
0.8818742442	0.1181257558	0.9992904414	2.721633747
0.8828752252	0.1171247748	0.9993004416	2.72142944
0.8838762062	0.1161237938	0.9993104168	2.721223678
0.8848771872	0.1151228128	0.9993203657	2.721016466
0.8858781682	0.1141218318	0.9993302869	2.72080781
0.8868791491	0.1131208509	0.9993401789	2.720597715
0.8878801301	0.1121198699	0.9993500404	2.720386186
0.8888811111	0.1111188889	0.99935987	2.720173229
0.8898820921	0.1101179079	0.9993696664	2.719958849
0.8908830731	0.1091169269	0.9993794282	2.719743052
0.8918840541	0.1081159459	0.9993891541	2.719525842
0.892885035	0.107114965	0.9993988428	2.719307225
0.893886016	0.106113984	0.999408493	2.719087207
0.894886997	0.105113003	0.9994181033	2.718865793
0.895887978	0.104112022	0.9994276725	2.718642987
0.896888959	0.103111041	0.9994371993	2.718418796
0.8978899399	0.1021100601	0.9994466825	2.718193224
0.8988909209	0.1011090791	0.9994561207	2.717966277
0.8998919019	0.1001080981	0.9994655129	2.717737959
0.9008928829	0.09910711712	0.9994748576	2.717508276
0.9018938639	0.09810613614	0.9994841538	2.717277234
0.9028948448	0.09710515516	0.9994934001	2.717044836
0.9038958258	0.09610417417	0.9995025955	2.716811089
0.9048968068	0.09510319319	0.9995117386	2.716575998
0.9058977878	0.09410221221	0.9995208284	2.716339567
0.9068987688	0.09310123123	0.9995298637	2.716101801
0.9078997497	0.09210025025	0.9995388432	2.715862706
0.9089007307	0.09109926927	0.9995477659	2.715622287
0.9099017117	0.09009828829	0.9995566307	2.715380549
0.9109026927	0.08909730731	0.9995654363	2.715137496
0.9119036737	0.08809632633	0.9995741817	2.714893134
0.9129046547	0.08709534535	0.9995828658	2.714647467
0.9139056356	0.08609436436	0.9995914875	2.714400501
0.9149066166	0.08509338338	0.9996000456	2.71415224
0.9159075976	0.0840924024	0.9996085392	2.71390269
0.9169085786	0.08309142142	0.9996169671	2.713651855
0.9179095596	0.08209044044	0.9996253283	2.71339974
0.9189105405	0.08108945946	0.9996336217	2.71314635
0.9199115215	0.08008847848	0.9996418463	2.712891689
0.9209125025	0.0790874975	0.999650001	2.712635764
0.9219134835	0.07808651652	0.9996580849	2.712378578
0.9229144645	0.07708553554	0.999666097	2.712120136
0.9239154454	0.07608455455	0.9996740361	2.711860443
0.9249164264	0.07508357357	0.9996819014	2.711599504
0.9259174074	0.07408259259	0.9996896918	2.711337324
0.9269183884	0.07308161161	0.9996974064	2.711073906
0.9279193694	0.07208063063	0.9997050441	2.710809257
0.9289203504	0.07107964965	0.9997126041	2.71054338
0.9299213313	0.07007866867	0.9997200854	2.710276281
0.9309223123	0.06907768769	0.9997274871	2.710007964
0.9319232933	0.06807670671	0.9997348081	2.709738433
0.9329242743	0.06707572573	0.9997420477	2.709467693
0.9339252553	0.06607474474	0.9997492048	2.70919575
0.9349262362	0.06507376376	0.9997562785	2.708922607
0.9359272172	0.06407278278	0.9997632681	2.708648269
0.9369281982	0.0630718018	0.9997701725	2.70837274
0.9379291792	0.06207082082	0.9997769909	2.708096026
0.9389301602	0.06106983984	0.9997837224	2.70781813
0.9399311411	0.06006885886	0.9997903661	2.707539058
0.9409321221	0.05906787788	0.9997969213	2.707258814
0.9419331031	0.0580668969	0.9998033869	2.706977401
0.9429340841	0.05706591592	0.9998097623	2.706694826
0.9439350651	0.05606493493	0.9998160465	2.706411091
0.944936046	0.05506395395	0.9998222388	2.706126202
0.945937027	0.05406297297	0.9998283382	2.705840163
0.946938008	0.05306199199	0.9998343441	2.705552979
0.947938989	0.05206101101	0.9998402555	2.705264653
0.94893997	0.05106003003	0.9998460718	2.704975191
0.949940951	0.05005904905	0.999851792	2.704684596
0.9509419319	0.04905806807	0.9998574155	2.704392874
0.9519429129	0.04805708709	0.9998629414	2.704100027
0.9529438939	0.04705610611	0.999868369	2.703806061
0.9539448749	0.04605512513	0.9998736976	2.703510981
0.9549458559	0.04505414414	0.9998789263	2.703214789
0.9559468368	0.04405316316	0.9998840544	2.702917491
0.9569478178	0.04305218218	0.9998890812	2.70261909
0.9579487988	0.0420512012	0.999894006	2.702319592
0.9589497798	0.04105022022	0.999898828	2.702019
0.9599507608	0.04004923924	0.9999035465	2.701717318
0.9609517417	0.03904825826	0.9999081608	2.701414551
0.9619527227	0.03804727728	0.9999126702	2.701110703
0.9629537037	0.0370462963	0.999917074	2.700805778
0.9639546847	0.03604531532	0.9999213715	2.700499781
0.9649556657	0.03504433433	0.9999255621	2.700192714
0.9659566466	0.03404335335	0.999929645	2.699884583
0.9669576276	0.03304237237	0.9999336196	2.699575392
0.9679586086	0.03204139139	0.9999374852	2.699265145
0.9689595896	0.03104041041	0.9999412412	2.698953845
0.9699605706	0.03003942943	0.9999448868	2.698641497
0.9709615516	0.02903844845	0.9999484216	2.698328106
0.9719625325	0.02803746747	0.9999518448	2.698013674
0.9729635135	0.02703648649	0.9999551557	2.697698206
0.9739644945	0.02603550551	0.9999583539	2.697381707
0.9749654755	0.02503452452	0.9999614386	2.69706418
0.9759664565	0.02403354354	0.9999644092	2.696745628
0.9769674374	0.02303256256	0.9999672652	2.696426057
0.9779684184	0.02203158158	0.9999700059	2.69610547
0.9789693994	0.0210306006	0.9999726308	2.695783871
0.9799703804	0.02002961962	0.9999751392	2.695461265
0.9809713614	0.01902863864	0.9999775306	2.695137654
0.9819723423	0.01802765766	0.9999798044	2.694813042
0.9829733233	0.01702667668	0.99998196	2.694487435
0.9839743043	0.0160256957	0.9999839969	2.694160835
0.9849752853	0.01502471471	0.9999859144	2.693833247
0.9859762663	0.01402373373	0.9999877122	2.693504674
0.9869772472	0.01302275275	0.9999893895	2.69317512
0.9879782282	0.01202177177	0.9999909459	2.69284459
0.9889792092	0.01102079079	0.9999923808	2.692513086
0.9899801902	0.01001980981	0.9999936937	2.692180613
0.9909811712	0.009018828829	0.9999948841	2.691847174
0.9919821522	0.008017847848	0.9999959514	2.691512774
0.9929831331	0.007016866867	0.9999968952	2.691177416
0.9939841141	0.006015885886	0.9999977149	2.690841104
0.9949850951	0.005014904905	0.9999984101	2.690503841
0.9959860761	0.004013923924	0.9999989801	2.690165632
0.9969870571	0.003012942943	0.9999994247	2.689826479
0.997988038	0.002011961962	0.9999997431	2.689486388
0.998989019	0.001010980981	0.9999999351	2.689145361
0.99999	1e-05	1	2.688803402
