1e-05	0.99999	1.853243428e-05	0.9999999911
0.001010980981	0.998989019	2.210728323e-05	0.9999102931
0.002011961962	0.997988038	2.624769577e-05	0.9996508535
0.003012942943	0.9969870571	3.102264606e-05	0.9992304601
0.004013923924	0.9959860761	3.650676347e-05	0.9986574778
0.005014904905	0.9949850951	4.278050918e-05	0.9979398685
0.006015885886	0.9939841141	4.993033592e-05	0.9970852106
0.007016866867	0.9929831331	5.804882954e-05	0.9961007171
0.008017847848	0.9919821522	6.723483181e-05	0.9949932535
0.009018828829	0.9909811712	7.759354337e-05	0.9937693548
0.01001980981	0.9899801902	8.923660648e-05	0.992435241
0.01102079079	0.9889792092	0.000102282167	0.9909968326
0.01202177177	0.9879782282	0.0001168549152	0.9894597658
0.01302275275	0.9869772472	0.0001330861059	0.9878294054
0.01402373373	0.9859762663	0.0001511135565	0.9861108589
0.01502471471	0.9849752853	0.000171081625	0.9843089886
0.0160256957	0.9839743043	0.0001931411666	0.9824284239
0.01702667668	0.9829733233	0.0002174494699	0.9804735723
0.01802765766	0.9819723423	0.0002441701736	0.9784486308
0.01902863864	0.9809713614	0.0002734731633	0.9763575958
0.02002961962	0.9799703804	0.0003055344502	0.9742042728
0.0210306006	0.9789693994	0.0003405360313	0.9719922862
0.02203158158	0.9779684184	0.0003786657332	0.9697250876
0.02303256256	0.9769674374	0.0004201170389	0.9674059646
0.02403354354	0.9759664565	0.0004650889	0.9650380485
0.02503452452	0.9749654755	0.0005137855342	0.9626243221
0.02603550551	0.9739644945	0.0005664162097	0.9601676266
0.02703648649	0.9729635135	0.0006231950172	0.957670669
0.02803746747	0.9719625325	0.0006843406304	0.9551360277
0.02903844845	0.9709615516	0.0007500760574	0.9525661597
0.03003942943	0.9699605706	0.0008206283815	0.9499634055
0.03104041041	0.9689595896	0.0008962284949	0.9473299954
0.03204139139	0.9679586086	0.0009771108254	0.9446680543
0.03304237237	0.9669576276	0.001063513056	0.941979607
0.03404335335	0.9659566466	0.001155675842	0.9392665828
0.03504433433	0.9649556657	0.00125384252	0.9365308202
0.03604531532	0.9639546847	0.001358258819	0.933774071
0.0370462963	0.9629537037	0.001469172565	0.9309980045
0.03804727728	0.9619527227	0.001586833385	0.9282042115
0.03904825826	0.9609517417	0.001711492415	0.9253942077
0.04004923924	0.9599507608	0.001843402002	0.9225694374
0.04105022022	0.9589497798	0.001982815411	0.9197312771
0.0420512012	0.9579487988	0.002129986534	0.9168810379
0.04305218218	0.9569478178	0.0022851696	0.9140199695
0.04405316316	0.9559468368	0.002448618891	0.9111492623
0.04505414414	0.9549458559	0.002620588457	0.9082700506
0.04605512513	0.9539448749	0.002801331841	0.9053834147
0.04705610611	0.9529438939	0.002991101804	0.9024903841
0.04805708709	0.9519429129	0.003190150063	0.899591939
0.04905806807	0.9509419319	0.003398727023	0.8966890134
0.05005904905	0.949940951	0.003617081529	0.8937824966
0.05106003003	0.94893997	0.003845460612	0.8908732353
0.05206101101	0.947938989	0.004084109253	0.8879620358
0.05306199199	0.946938008	0.004333270147	0.8850496658
0.05406297297	0.945937027	0.004593183477	0.8821368559
0.05506395395	0.944936046	0.004864086694	0.8792243014
0.05606493493	0.9439350651	0.005146214312	0.876312664
0.05706591592	0.9429340841	0.0054397977	0.8734025733
0.0580668969	0.9419331031	0.00574506489	0.8704946279
0.05906787788	0.9409321221	0.006062240393	0.8675893974
0.06006885886	0.9399311411	0.006391545021	0.8646874229
0.06106983984	0.9389301602	0.006733195717	0.8617892191
0.06207082082	0.9379291792	0.007087405398	0.858895275
0.0630718018	0.9369281982	0.007454382799	0.856006055
0.06407278278	0.9359272172	0.007834332334	0.8531220003
0.06507376376	0.9349262362	0.008227453959	0.8502435295
0.06607474474	0.9339252553	0.008633943047	0.84737104
0.06707572573	0.9329242743	0.009053990268	0.8445049089
0.06807670671	0.9319232933	0.009487781481	0.8416454935
0.06907768769	0.9309223123	0.009935497634	0.8387931327
0.07007866867	0.9299213313	0.01039731467	0.8359481474
0.07107964965	0.9289203504	0.01087340342	0.8331108414
0.07208063063	0.9279193694	0.01136392958	0.8302815023
0.07308161161	0.9269183884	0.01186905357	0.8274604021
0.07408259259	0.9259174074	0.01238893053	0.8246477978
0.07508357357	0.9249164264	0.01292371022	0.8218439322
0.07608455455	0.9239154454	0.013473537	0.8190490344
0.07708553554	0.9229144645	0.01403854979	0.8162633204
0.07808651652	0.9219134835	0.014618882	0.8134869939
0.0790874975	0.9209125025	0.01521466154	0.8107202465
0.08008847848	0.9199115215	0.01582601078	0.8079632584
0.08108945946	0.9189105405	0.01645304653	0.805216199
0.08209044044	0.9179095596	0.01709588003	0.802479227
0.08309142142	0.9169085786	0.01775461697	0.7997524914
0.0840924024	0.9159075976	0.01842935745	0.7970361314
0.08509338338	0.9149066166	0.01912019601	0.7943302772
0.08609436436	0.9139056356	0.01982722165	0.7916350501
0.08709534535	0.9129046547	0.02055051781	0.7889505633
0.08809632633	0.9119036737	0.02129016243	0.7862769216
0.08909730731	0.9109026927	0.02204622797	0.7836142226
0.09009828829	0.9099017117	0.0228187814	0.7809625562
0.09109926927	0.9089007307	0.02360788428	0.7783220056
0.09210025025	0.9078997497	0.02441359277	0.7756926469
0.09310123123	0.9068987688	0.02523595769	0.7730745502
0.09410221221	0.9058977878	0.02607502455	0.7704677793
0.09510319319	0.9048968068	0.02693083358	0.7678723922
0.09610417417	0.9038958258	0.02780341985	0.7652884411
0.09710515516	0.9028948448	0.02869281324	0.7627159731
0.09810613614	0.9018938639	0.02959903854	0.7601550301
0.09910711712	0.9008928829	0.03052211551	0.7576056491
0.1001080981	0.8998919019	0.03146205895	0.7550678624
0.1011090791	0.8988909209	0.03241887872	0.7525416977
0.1021100601	0.8978899399	0.03339257987	0.7500271788
0.103111041	0.896888959	0.03438316264	0.747524325
0.104112022	0.895887978	0.03539062259	0.745033152
0.105113003	0.894886997	0.03641495064	0.7425536716
0.106113984	0.893886016	0.03745613317	0.7400858922
0.107114965	0.892885035	0.03851415203	0.7376298187
0.1081159459	0.8918840541	0.03958898472	0.7351854527
0.1091169269	0.8908830731	0.04068060438	0.7327527928
0.1101179079	0.8898820921	0.04178897989	0.7303318347
0.1111188889	0.8888811111	0.04291407598	0.7279225712
0.1121198699	0.8878801301	0.04405585328	0.7255249924
0.1131208509	0.8868791491	0.04521426842	0.7231390858
0.1141218318	0.8858781682	0.0463892741	0.7207648367
0.1151228128	0.8848771872	0.04758081916	0.7184022278
0.1161237938	0.8838762062	0.04878884869	0.7160512396
0.1171247748	0.8828752252	0.0500133041	0.7137118507
0.1181257558	0.8818742442	0.05125412322	0.7113840375
0.1191267367	0.8808732633	0.05251124033	0.7090677746
0.1201277177	0.8798722823	0.05378458631	0.7067630348
0.1211286987	0.8788713013	0.0550740887	0.7044697889
0.1221296797	0.8778703203	0.05637967175	0.7021880064
0.1231306607	0.8768693393	0.05770125657	0.699917655
0.1241316416	0.8758683584	0.05903876113	0.6976587012
0.1251326226	0.8748673774	0.06039210043	0.6954111097
0.1261336036	0.8738663964	0.06176118651	0.6931748442
0.1271345846	0.8728654154	0.06314592858	0.690949867
0.1281355656	0.8718644344	0.06454623307	0.6887361392
0.1291365465	0.8708634535	0.06596200373	0.6865336207
0.1301375275	0.8698624725	0.06739314172	0.6843422706
0.1311385085	0.8688614915	0.06883954566	0.6821620466
0.1321394895	0.8678605105	0.07030111172	0.6799929057
0.1331404705	0.8668595295	0.07177773372	0.6778348039
0.1341414515	0.8658585485	0.07326930317	0.6756876965
0.1351424324	0.8648575676	0.07477570939	0.6735515378
0.1361434134	0.8638565866	0.07629683956	0.6714262814
0.1371443944	0.8628556056	0.07783257877	0.6693118804
0.1381453754	0.8618546246	0.07938281017	0.6672082869
0.1391463564	0.8608536436	0.08094741498	0.6651154526
0.1401473373	0.8598526627	0.08252627256	0.6630333286
0.1411483183	0.8588516817	0.08411926054	0.6609618654
0.1421492993	0.8578507007	0.08572625482	0.6589010131
0.1431502803	0.8568497197	0.08734712969	0.6568507211
0.1441512613	0.8558487387	0.0889817579	0.6548109388
0.1451522422	0.8548477578	0.09063001067	0.6527816147
0.1461532232	0.8538467768	0.09229175784	0.6507626972
0.1471542042	0.8528457958	0.09396686785	0.6487541345
0.1481551852	0.8518448148	0.0956552079	0.6467558741
0.1491561662	0.8508438338	0.09735664392	0.6447678636
0.1501571471	0.8498428529	0.09907104069	0.6427900501
0.1511581281	0.8488418719	0.1007982619	0.6408223806
0.1521591091	0.8478408909	0.1025381702	0.6388648019
0.1531600901	0.8468399099	0.1042906271	0.6369172606
0.1541610711	0.8458389289	0.1060554936	0.634979703
0.1551620521	0.8448379479	0.1078326293	0.6330520754
0.156163033	0.843836967	0.1096218934	0.6311343241
0.157164014	0.842835986	0.1114231441	0.629226395
0.158164995	0.841835005	0.1132362391	0.6273282343
0.159165976	0.840834024	0.1150610353	0.6254397878
0.160166957	0.839833043	0.116897389	0.6235610014
0.1611679379	0.8388320621	0.118745156	0.6216918211
0.1621689189	0.8378310811	0.1206041918	0.6198321926
0.1631698999	0.8368301001	0.122474351	0.6179820619
0.1641708809	0.8358291191	0.1243554882	0.6161413748
0.1651718619	0.8348281381	0.1262474575	0.6143100773
0.1661728428	0.8338271572	0.1281501127	0.6124881154
0.1671738238	0.8328261762	0.1300633073	0.610675435
0.1681748048	0.8318251952	0.1319868947	0.6088719824
0.1691757858	0.8308242142	0.1339207281	0.6070777037
0.1701767668	0.8298232332	0.1358646604	0.6052925452
0.1711777477	0.8288222523	0.1378185445	0.6035164532
0.1721787287	0.8278212713	0.1397822334	0.6017493744
0.1731797097	0.8268202903	0.14175558	0.5999912552
0.1741806907	0.8258193093	0.143738437	0.5982420426
0.1751816717	0.8248183283	0.1457306574	0.5965016835
0.1761826527	0.8238173473	0.1477320943	0.5947701248
0.1771836336	0.8228163664	0.1497426009	0.5930473138
0.1781846146	0.8218153854	0.1517620304	0.5913331979
0.1791855956	0.8208144044	0.1537902364	0.5896277248
0.1801865766	0.8198134234	0.1558270727	0.587930842
0.1811875576	0.8188124424	0.1578723933	0.5862424976
0.1821885385	0.8178114615	0.1599260524	0.5845626396
0.1831895195	0.8168104805	0.1619879048	0.5828912165
0.1841905005	0.8158094995	0.1640578054	0.5812281766
0.1851914815	0.8148085185	0.1661356096	0.5795734689
0.1861924625	0.8138075375	0.1682211731	0.5779270421
0.1871934434	0.8128065566	0.1703143521	0.5762888456
0.1881944244	0.8118055756	0.1724150033	0.5746588286
0.1891954054	0.8108045946	0.1745229839	0.5730369408
0.1901963864	0.8098036136	0.1766381513	0.571423132
0.1911973674	0.8088026326	0.1787603639	0.5698173524
0.1921983483	0.8078016517	0.1808894803	0.5682195522
0.1931993293	0.8068006707	0.1830253598	0.5666296821
0.1942003103	0.8057996897	0.1851678622	0.5650476928
0.1952012913	0.8047987087	0.1873168482	0.5634735353
0.1962022723	0.8037977277	0.1894721787	0.561907161
0.1972032533	0.8027967467	0.1916337155	0.5603485215
0.1982042342	0.8017957658	0.1938013211	0.5587975685
0.1992052152	0.8007947848	0.1959748587	0.5572542541
0.2002061962	0.7997938038	0.1981541919	0.5557185306
0.2012071772	0.7987928228	0.2003391855	0.5541903507
0.2022081582	0.7977918418	0.2025297045	0.5526696671
0.2032091391	0.7967908609	0.2047256152	0.551156433
0.2042101201	0.7957898799	0.2069267842	0.5496506017
0.2052111011	0.7947888989	0.2091330791	0.5481521268
0.2062120821	0.7937879179	0.2113443683	0.5466609624
0.2072130631	0.7927869369	0.213560521	0.5451770625
0.208214044	0.791785956	0.2157814071	0.5437003816
0.209215025	0.790784975	0.2180068974	0.5422308744
0.210216006	0.789783994	0.2202368636	0.5407684958
0.211216987	0.788783013	0.2224711781	0.5393132012
0.212217968	0.787782032	0.2247097143	0.5378649459
0.2132189489	0.7867810511	0.2269523464	0.5364236859
0.2142199299	0.7857800701	0.2291989495	0.5349893772
0.2152209109	0.7847790891	0.2314493995	0.5335619761
0.2162218919	0.7837781081	0.2337035734	0.5321414391
0.2172228729	0.7827771271	0.2359613489	0.5307277233
0.2182238539	0.7817761461	0.2382226046	0.5293207856
0.2192248348	0.7807751652	0.2404872202	0.5279205836
0.2202258158	0.7797741842	0.2427550762	0.5265270749
0.2212267968	0.7787732032	0.245026054	0.5251402175
0.2222277778	0.7777722222	0.2473000359	0.5237599696
0.2232287588	0.7767712412	0.2495769054	0.5223862896
0.2242297397	0.7757702603	0.2518565465	0.5210191364
0.2252307207	0.7747692793	0.2541388446	0.519658469
0.2262317017	0.7737682983	0.2564236858	0.5183042467
0.2272326827	0.7727673173	0.2587109571	0.516956429
0.2282336637	0.7717663363	0.2610005466	0.5156149757
0.2292346446	0.7707653554	0.2632923434	0.5142798471
0.2302356256	0.7697643744	0.2655862374	0.5129510034
0.2312366066	0.7687633934	0.2678821196	0.5116284052
0.2322375876	0.7677624124	0.2701798819	0.5103120135
0.2332385686	0.7667614314	0.2724794171	0.5090017894
0.2342395495	0.7657604505	0.2747806192	0.5076976944
0.2352405305	0.7647594695	0.2770833829	0.50639969
0.2362415115	0.7637584885	0.2793876041	0.5051077382
0.2372424925	0.7627575075	0.2816931795	0.5038218013
0.2382434735	0.7617565265	0.2840000068	0.5025418417
0.2392444545	0.7607555455	0.2863079849	0.501267822
0.2402454354	0.7597545646	0.2886170134	0.4999997053
0.2412464164	0.7587535836	0.290926993	0.4987374548
0.2422473974	0.7577526026	0.2932378253	0.4974810338
0.2432483784	0.7567516216	0.2955494129	0.4962304062
0.2442493594	0.7557506406	0.2978616594	0.494985536
0.2452503403	0.7547496597	0.3001744694	0.4937463873
0.2462513213	0.7537486787	0.3024877485	0.4925129245
0.2472523023	0.7527476977	0.304801403	0.4912851126
0.2482532833	0.7517467167	0.3071153405	0.4900629162
0.2492542643	0.7507457357	0.3094294694	0.4888463008
0.2502552452	0.7497447548	0.311743699	0.4876352317
0.2512562262	0.7487437738	0.3140579398	0.4864296746
0.2522572072	0.7477427928	0.3163721029	0.4852295955
0.2532581882	0.7467418118	0.3186861008	0.4840349605
0.2542591692	0.7457408308	0.3209998465	0.482845736
0.2552601502	0.7447398498	0.3233132542	0.4816618887
0.2562611311	0.7437388689	0.3256262391	0.4804833854
0.2572621121	0.7427378879	0.3279387171	0.4793101933
0.2582630931	0.7417369069	0.3302506052	0.4781422797
0.2592640741	0.7407359259	0.3325618214	0.4769796121
0.2602650551	0.7397349449	0.3348722845	0.4758221584
0.261266036	0.738733964	0.3371819142	0.4746698866
0.262267017	0.737732983	0.3394906312	0.4735227649
0.263267998	0.736732002	0.3417983572	0.4723807619
0.264268979	0.735731021	0.3441050146	0.4712438461
0.26526996	0.73473004	0.346410527	0.4701119867
0.2662709409	0.7337290591	0.3487148186	0.4689851526
0.2672719219	0.7327280781	0.3510178146	0.4678633133
0.2682729029	0.7317270971	0.3533194413	0.4667464384
0.2692738839	0.7307261161	0.3556196257	0.4656344976
0.2702748649	0.7297251351	0.3579182956	0.464527461
0.2712758458	0.7287241542	0.3602153798	0.4634252987
0.2722768268	0.7277231732	0.3625108082	0.4623279813
0.2732778078	0.7267221922	0.3648045111	0.4612354794
0.2742787888	0.7257212112	0.36709642	0.4601477639
0.2752797698	0.7247202302	0.3693864672	0.4590648057
0.2762807508	0.7237192492	0.3716745859	0.4579865762
0.2772817317	0.7227182683	0.37396071	0.4569130469
0.2782827127	0.7217172873	0.3762447744	0.4558441894
0.2792836937	0.7207163063	0.3785267148	0.4547799757
0.2802846747	0.7197153253	0.3808064676	0.4537203778
0.2812856557	0.7187143443	0.3830839703	0.4526653679
0.2822866366	0.7177133634	0.385359161	0.4516149187
0.2832876176	0.7167123824	0.3876319787	0.4505690027
0.2842885986	0.7157114014	0.3899023633	0.4495275929
0.2852895796	0.7147104204	0.3921702552	0.4484906622
0.2862905606	0.7137094394	0.3944355961	0.4474581841
0.2872915415	0.7127084585	0.396698328	0.4464301318
0.2882925225	0.7117074775	0.398958394	0.4454064791
0.2892935035	0.7107064965	0.401215738	0.4443871998
0.2902944845	0.7097055155	0.4034703044	0.4433722679
0.2912954655	0.7087045345	0.4057220387	0.4423616575
0.2922964464	0.7077035536	0.407970887	0.4413553432
0.2932974274	0.7067025726	0.4102167961	0.4403532994
0.2942984084	0.7057015916	0.4124597138	0.4393555009
0.2952993894	0.7047006106	0.4146995884	0.4383619227
0.2963003704	0.7036996296	0.416936369	0.4373725398
0.2973013514	0.7026986486	0.4191700056	0.4363873275
0.2983023323	0.7016976677	0.4214004488	0.4354062612
0.2993033133	0.7006966867	0.4236276499	0.4344293168
0.3003042943	0.6996957057	0.4258515609	0.4334564698
0.3013052753	0.6986947247	0.4280721348	0.4324876963
0.3023062563	0.6976937437	0.4302893249	0.4315229726
0.3033072372	0.6966927628	0.4325030856	0.4305622747
0.3043082182	0.6956917818	0.4347133716	0.4296055794
0.3053091992	0.6946908008	0.4369201386	0.4286528632
0.3063101802	0.6936898198	0.4391233428	0.427704103
0.3073111612	0.6926888388	0.4413229413	0.4267592757
0.3083121421	0.6916878579	0.4435188917	0.4258183585
0.3093131231	0.6906868769	0.4457111522	0.4248813287
0.3103141041	0.6896858959	0.4478996819	0.4239481637
0.3113150851	0.6886849149	0.4500844404	0.4230188413
0.3123160661	0.6876839339	0.452265388	0.4220933392
0.313317047	0.686682953	0.4544424855	0.4211716354
0.314318028	0.685681972	0.4566156946	0.4202537078
0.315319009	0.684680991	0.4587849775	0.419339535
0.31631999	0.68368001	0.460950297	0.4184290951
0.317320971	0.682679029	0.4631116166	0.4175223668
0.318321952	0.681678048	0.4652689003	0.4166193288
0.3193229329	0.6806770671	0.4674221128	0.4157199601
0.3203239139	0.6796760861	0.4695712195	0.4148242394
0.3213248949	0.6786751051	0.4717161861	0.4139321462
0.3223258759	0.6776741241	0.4738569792	0.4130436596
0.3233268569	0.6766731431	0.4759935659	0.4121587591
0.3243278378	0.6756721622	0.4781259138	0.4112774243
0.3253288188	0.6746711812	0.4802539912	0.410399635
0.3263297998	0.6736702002	0.4823777668	0.4095253711
0.3273307808	0.6726692192	0.4844972101	0.4086546124
0.3283317618	0.6716682382	0.486612291	0.4077873394
0.3293327427	0.6706672573	0.4887229799	0.4069235321
0.3303337237	0.6696662763	0.4908292479	0.4060631711
0.3313347047	0.6686652953	0.4929310666	0.405206237
0.3323356857	0.6676643143	0.4950284081	0.4043527105
0.3333366667	0.6666633333	0.497121245	0.4035025723
0.3343376476	0.6656623524	0.4992095506	0.4026558036
0.3353386286	0.6646613714	0.5012932986	0.4018123853
0.3363396096	0.6636603904	0.5033724631	0.4009722988
0.3373405906	0.6626594094	0.505447019	0.4001355255
0.3383415716	0.6616584284	0.5075169414	0.3993020467
0.3393425526	0.6606574474	0.5095822061	0.3984718443
0.3403435335	0.6596564665	0.5116427893	0.3976448999
0.3413445145	0.6586554855	0.5136986678	0.3968211954
0.3423454955	0.6576545045	0.5157498188	0.3960007128
0.3433464765	0.6566535235	0.51779622	0.3951834343
0.3443474575	0.6556525425	0.5198378496	0.3943693421
0.3453484384	0.6546515616	0.5218746862	0.3935584186
0.3463494194	0.6536505806	0.5239067089	0.3927506463
0.3473504004	0.6526495996	0.5259338972	0.3919460079
0.3483513814	0.6516486186	0.5279562313	0.391144486
0.3493523624	0.6506476376	0.5299736916	0.3903460636
0.3503533433	0.6496466567	0.5319862591	0.3895507237
0.3513543243	0.6486456757	0.533993915	0.3887584492
0.3523553053	0.6476446947	0.5359966412	0.3879692235
0.3533562863	0.6466437137	0.5379944199	0.3871830299
0.3543572673	0.6456427327	0.5399872338	0.3863998517
0.3553582482	0.6446417518	0.5419750659	0.3856196726
0.3563592292	0.6436407708	0.5439578998	0.3848424763
0.3573602102	0.6426397898	0.5459357194	0.3840682465
0.3583611912	0.6416388088	0.547908509	0.383296967
0.3593621722	0.6406378278	0.5498762533	0.382528622
0.3603631532	0.6396368468	0.5518389374	0.3817631955
0.3613641341	0.6386358659	0.5537965469	0.3810006717
0.3623651151	0.6376348849	0.5557490676	0.3802410349
0.3633660961	0.6366339039	0.5576964859	0.3794842697
0.3643670771	0.6356329229	0.5596387884	0.3787303604
0.3653680581	0.6346319419	0.5615759622	0.3779792918
0.366369039	0.633630961	0.5635079946	0.3772310486
0.36737002	0.63262998	0.5654348735	0.3764856157
0.368371001	0.631628999	0.567356587	0.375742978
0.369371982	0.630628018	0.5692731237	0.3750031205
0.370372963	0.629627037	0.5711844723	0.3742660284
0.3713739439	0.6286260561	0.5730906222	0.3735316869
0.3723749249	0.6276250751	0.5749915628	0.3728000815
0.3733759059	0.6266240941	0.5768872842	0.3720711975
0.3743768869	0.6256231131	0.5787777764	0.3713450205
0.3753778679	0.6246221321	0.5806630302	0.3706215362
0.3763788488	0.6236211512	0.5825430363	0.3699007302
0.3773798298	0.6226201702	0.5844177861	0.3691825885
0.3783808108	0.6216191892	0.5862872711	0.3684670968
0.3793817918	0.6206182082	0.5881514832	0.3677542414
0.3803827728	0.6196172272	0.5900104146	0.3670440083
0.3813837538	0.6186162462	0.5918640577	0.3663363836
0.3823847347	0.6176152653	0.5937124054	0.3656313537
0.3833857157	0.6166142843	0.5955554508	0.364928905
0.3843866967	0.6156133033	0.5973931873	0.364229024
0.3853876777	0.6146123223	0.5992256086	0.3635316972
0.3863886587	0.6136113413	0.6010527087	0.3628369114
0.3873896396	0.6126103604	0.6028744819	0.3621446531
0.3883906206	0.6116093794	0.6046909227	0.3614549094
0.3893916016	0.6106083984	0.6065020261	0.360767667
0.3903925826	0.6096074174	0.6083077871	0.360082913
0.3913935636	0.6086064364	0.6101082012	0.3594006346
0.3923945445	0.6076054555	0.611903264	0.3587208188
0.3933955255	0.6066044745	0.6136929715	0.358043453
0.3943965065	0.6056034935	0.6154773199	0.3573685245
0.3953974875	0.6046025125	0.6172563056	0.3566960207
0.3963984685	0.6036015315	0.6190299254	0.3560259292
0.3973994494	0.6026005506	0.6207981762	0.3553582374
0.3984004304	0.6015995696	0.6225610553	0.3546929332
0.3994014114	0.6005985886	0.6243185601	0.3540300042
0.4004023924	0.5995976076	0.6260706885	0.3533694384
0.4014033734	0.5985966266	0.6278174382	0.3527112235
0.4024043544	0.5975956456	0.6295588076	0.3520553476
0.4034053353	0.5965946647	0.6312947951	0.3514017988
0.4044063163	0.5955936837	0.6330253992	0.3507505652
0.4054072973	0.5945927027	0.634750619	0.3501016351
0.4064082783	0.5935917217	0.6364704535	0.3494549967
0.4074092593	0.5925907407	0.6381849021	0.3488106384
0.4084102402	0.5915897598	0.6398939643	0.3481685487
0.4094112212	0.5905887788	0.6415976399	0.347528716
0.4104122022	0.5895877978	0.6432959289	0.3468911291
0.4114131832	0.5885868168	0.6449888315	0.3462557765
0.4124141642	0.5875858358	0.6466763481	0.3456226471
0.4134151451	0.5865848549	0.6483584792	0.3449917295
0.4144161261	0.5855838739	0.6500352258	0.3443630128
0.4154171071	0.5845828929	0.6517065888	0.3437364859
0.4164180881	0.5835819119	0.6533725694	0.3431121378
0.4174190691	0.5825809309	0.6550331691	0.3424899576
0.4184200501	0.5815799499	0.6566883894	0.3418699344
0.419421031	0.580578969	0.658338232	0.3412520576
0.420422012	0.579577988	0.6599826991	0.3406363164
0.421422993	0.578577007	0.6616217926	0.3400227003
0.422423974	0.577576026	0.663255515	0.3394111986
0.423424955	0.576575045	0.6648838687	0.3388018008
0.4244259359	0.5755740641	0.6665068564	0.3381944966
0.4254269169	0.5745730831	0.668124481	0.3375892755
0.4264278979	0.5735721021	0.6697367455	0.3369861274
0.4274288789	0.5725711211	0.6713436531	0.3363850419
0.4284298599	0.5715701401	0.6729452071	0.3357860089
0.4294308408	0.5705691592	0.6745414111	0.3351890183
0.4304318218	0.5695681782	0.6761322688	0.3345940601
0.4314328028	0.5685671972	0.6777177839	0.3340011243
0.4324337838	0.5675662162	0.6792979604	0.3334102009
0.4334347648	0.5665652352	0.6808728026	0.3328212802
0.4344357457	0.5655642543	0.6824423147	0.3322343524
0.4354367267	0.5645632733	0.6840065011	0.3316494076
0.4364377077	0.5635622923	0.6855653665	0.3310664364
0.4374386887	0.5625613113	0.6871189155	0.330485429
0.4384396697	0.5615603303	0.6886671532	0.3299063759
0.4394406507	0.5605593493	0.6902100844	0.3293292677
0.4404416316	0.5595583684	0.6917477143	0.3287540949
0.4414426126	0.5585573874	0.6932800483	0.3281808481
0.4424435936	0.5575564064	0.6948070917	0.327609518
0.4434445746	0.5565554254	0.6963288501	0.3270400955
0.4444455556	0.5555544444	0.6978453293	0.3264725712
0.4454465365	0.5545534635	0.6993565349	0.3259069361
0.4464475175	0.5535524825	0.700862473	0.325343181
0.4474484985	0.5525515015	0.7023631496	0.324781297
0.4484494795	0.5515505205	0.7038585709	0.3242212751
0.4494504605	0.5505495395	0.7053487432	0.3236631064
0.4504514414	0.5495485586	0.7068336729	0.3231067819
0.4514524224	0.5485475776	0.7083133666	0.322552293
0.4524534034	0.5475465966	0.7097878309	0.3219996308
0.4534543844	0.5465456156	0.7112570726	0.3214487866
0.4544553654	0.5455446346	0.7127210985	0.3208997519
0.4554563463	0.5445436537	0.7141799157	0.320352518
0.4564573273	0.5435426727	0.7156335311	0.3198070763
0.4574583083	0.5425416917	0.7170819521	0.3192634185
0.4584592893	0.5415407107	0.7185251859	0.318721536
0.4594602703	0.5405397297	0.7199632399	0.3181814205
0.4604612513	0.5395387487	0.7213961215	0.3176430636
0.4614622322	0.5385377678	0.7228238385	0.3171064571
0.4624632132	0.5375367868	0.7242463985	0.3165715927
0.4634641942	0.5365358058	0.7256638092	0.3160384622
0.4644651752	0.5355348248	0.7270760786	0.3155070576
0.4654661562	0.5345338438	0.7284832145	0.3149773707
0.4664671371	0.5335328629	0.7298852252	0.3144493934
0.4674681181	0.5325318819	0.7312821187	0.3139231179
0.4684690991	0.5315309009	0.7326739032	0.3133985361
0.4694700801	0.5305299199	0.7340605871	0.3128756402
0.4704710611	0.5295289389	0.7354421787	0.3123544223
0.471472042	0.528527958	0.7368186866	0.3118348746
0.472473023	0.527526977	0.7381901193	0.3113169894
0.473474004	0.526525996	0.7395564855	0.310800759
0.474474985	0.525525015	0.7409177939	0.3102861757
0.475475966	0.524524034	0.7422740532	0.3097732319
0.4764769469	0.5235230531	0.7436252724	0.30926192
0.4774779279	0.5225220721	0.7449714604	0.3087522325
0.4784789089	0.5215210911	0.7463126261	0.3082441619
0.4794798899	0.5205201101	0.7476487788	0.3077377009
0.4804808709	0.5195191291	0.7489799275	0.3072328419
0.4814818519	0.5185181481	0.7503060814	0.3067295777
0.4824828328	0.5175171672	0.7516272499	0.306227901
0.4834838138	0.5165161862	0.7529434423	0.3057278045
0.4844847948	0.5155152052	0.754254668	0.3052292809
0.4854857758	0.5145142242	0.7555609366	0.3047323232
0.4864867568	0.5135132432	0.7568622574	0.3042369241
0.4874877377	0.5125122623	0.7581586403	0.3037430766
0.4884887187	0.5115112813	0.7594500947	0.3032507736
0.4894896997	0.5105103003	0.7607366304	0.3027600082
0.4904906807	0.5095093193	0.7620182572	0.3022707733
0.4914916617	0.5085083383	0.763294985	0.3017830621
0.4924926426	0.5075073574	0.7645668235	0.3012968676
0.4934936236	0.5065063764	0.7658337828	0.300812183
0.4944946046	0.5055053954	0.7670958728	0.3003290015
0.4954955856	0.5045044144	0.7683531035	0.2998473164
0.4964965666	0.5035034334	0.7696054851	0.2993671208
0.4974975475	0.5025024525	0.7708530277	0.2988884082
0.4984985285	0.5015014715	0.7720957415	0.2984111719
0.4994995095	0.5005004905	0.7733336366	0.2979354052
0.5005004905	0.4994995095	0.7745667234	0.2974611016
0.5015014715	0.4984985285	0.7757950121	0.2969882545
0.5025024525	0.4974975475	0.7770185132	0.2965168575
0.5035034334	0.4964965666	0.7782372371	0.2960469042
0.5045044144	0.4954955856	0.7794511941	0.295578388
0.5055053954	0.4944946046	0.7806603947	0.2951113026
0.5065063764	0.4934936236	0.7818648496	0.2946456416
0.5075073574	0.4924926426	0.7830645692	0.2941813988
0.5085083383	0.4914916617	0.7842595641	0.2937185678
0.5095093193	0.4904906807	0.785449845	0.2932571424
0.5105103003	0.4894896997	0.7866354225	0.2927971165
0.5115112813	0.4884887187	0.7878163073	0.2923384838
0.5125122623	0.4874877377	0.7889925102	0.2918812382
0.5135132432	0.4864867568	0.790164042	0.2914253736
0.5145142242	0.4854857758	0.7913309133	0.290970884
0.5155152052	0.4844847948	0.7924931351	0.2905177633
0.5165161862	0.4834838138	0.7936507183	0.2900660055
0.5175171672	0.4824828328	0.7948036736	0.2896156047
0.5185181481	0.4814818519	0.795952012	0.289166555
0.5195191291	0.4804808709	0.7970957445	0.2887188503
0.5205201101	0.4794798899	0.798234882	0.288272485
0.5215210911	0.4784789089	0.7993694355	0.2878274531
0.5225220721	0.4774779279	0.800499416	0.2873837488
0.5235230531	0.4764769469	0.8016248346	0.2869413665
0.524524034	0.475475966	0.8027457024	0.2865003003
0.525525015	0.474474985	0.8038620303	0.2860605446
0.526525996	0.473474004	0.8049738296	0.2856220937
0.527526977	0.472473023	0.8060811113	0.2851849419
0.528527958	0.471472042	0.8071838866	0.2847490837
0.5295289389	0.4704710611	0.8082821667	0.2843145135
0.5305299199	0.4694700801	0.8093759628	0.2838812258
0.5315309009	0.4684690991	0.810465286	0.283449215
0.5325318819	0.4674681181	0.8115501476	0.2830184757
0.5335328629	0.4664671371	0.8126305588	0.2825890024
0.5345338438	0.4654661562	0.8137065309	0.2821607896
0.5355348248	0.4644651752	0.8147780751	0.2817338321
0.5365358058	0.4634641942	0.8158452027	0.2813081245
0.5375367868	0.4624632132	0.8169079251	0.2808836613
0.5385377678	0.4614622322	0.8179662535	0.2804604374
0.5395387487	0.4604612513	0.8190201992	0.2800384474
0.5405397297	0.4594602703	0.8200697736	0.2796176862
0.5415407107	0.4584592893	0.821114988	0.2791981484
0.5425416917	0.4574583083	0.8221558539	0.278779829
0.5435426727	0.4564573273	0.8231923824	0.2783627227
0.5445436537	0.4554563463	0.8242245851	0.2779468245
0.5455446346	0.4544553654	0.8252524733	0.2775321291
0.5465456156	0.4534543844	0.8262760584	0.2771186317
0.5475465966	0.4524534034	0.8272953517	0.2767063271
0.5485475776	0.4514524224	0.8283103648	0.2762952103
0.5495485586	0.4504514414	0.829321109	0.2758852763
0.5505495395	0.4494504605	0.8303275957	0.2754765201
0.5515505205	0.4484494795	0.8313298363	0.2750689369
0.5525515015	0.4474484985	0.8323278424	0.2746625217
0.5535524825	0.4464475175	0.8333216252	0.2742572696
0.5545534635	0.4454465365	0.8343111964	0.2738531758
0.5555544444	0.4444455556	0.8352965672	0.2734502355
0.5565554254	0.4434445746	0.8362777491	0.2730484438
0.5575564064	0.4424435936	0.8372547536	0.272647796
0.5585573874	0.4414426126	0.8382275921	0.2722482873
0.5595583684	0.4404416316	0.8391962761	0.2718499131
0.5605593493	0.4394406507	0.840160817	0.2714526685
0.5615603303	0.4384396697	0.8411212263	0.271056549
0.5625613113	0.4374386887	0.8420775154	0.2706615498
0.5635622923	0.4364377077	0.8430296958	0.2702676664
0.5645632733	0.4354367267	0.8439777789	0.2698748941
0.5655642543	0.4344357457	0.8449217761	0.2694832285
0.5665652352	0.4334347648	0.845861699	0.2690926649
0.5675662162	0.4324337838	0.8467975588	0.2687031987
0.5685671972	0.4314328028	0.8477293672	0.2683148256
0.5695681782	0.4304318218	0.8486571355	0.267927541
0.5705691592	0.4294308408	0.8495808751	0.2675413405
0.5715701401	0.4284298599	0.8505005975	0.2671562197
0.5725711211	0.4274288789	0.8514163141	0.2667721741
0.5735721021	0.4264278979	0.8523280363	0.2663891993
0.5745730831	0.4254269169	0.8532357755	0.2660072911
0.5755740641	0.4244259359	0.8541395432	0.265626445
0.576575045	0.423424955	0.8550393507	0.2652466567
0.577576026	0.422423974	0.8559352094	0.264867922
0.578577007	0.421422993	0.8568271307	0.2644902366
0.579577988	0.420422012	0.8577151261	0.2641135962
0.580578969	0.419421031	0.8585992068	0.2637379967
0.5815799499	0.4184200501	0.8594793843	0.2633634338
0.5825809309	0.4174190691	0.8603556698	0.2629899033
0.5835819119	0.4164180881	0.8612280748	0.2626174011
0.5845828929	0.4154171071	0.8620966106	0.262245923
0.5855838739	0.4144161261	0.8629612885	0.261875465
0.5865848549	0.4134151451	0.8638221199	0.2615060229
0.5875858358	0.4124141642	0.864679116	0.2611375927
0.5885868168	0.4114131832	0.8655322881	0.2607701703
0.5895877978	0.4104122022	0.8663816476	0.2604037516
0.5905887788	0.4094112212	0.8672272057	0.2600383328
0.5915897598	0.4084102402	0.8680689737	0.2596739098
0.5925907407	0.4074092593	0.8689069629	0.2593104785
0.5935917217	0.4064082783	0.8697411844	0.2589480352
0.5945927027	0.4054072973	0.8705716496	0.2585865758
0.5955936837	0.4044063163	0.8713983697	0.2582260965
0.5965946647	0.4034053353	0.8722213558	0.2578665933
0.5975956456	0.4024043544	0.8730406192	0.2575080625
0.5985966266	0.4014033734	0.873856171	0.2571505001
0.5995976076	0.4004023924	0.8746680225	0.2567939023
0.6005985886	0.3994014114	0.8754761847	0.2564382653
0.6015995696	0.3984004304	0.8762806689	0.2560835854
0.6026005506	0.3973994494	0.8770814861	0.2557298588
0.6036015315	0.3963984685	0.8778786475	0.2553770817
0.6046025125	0.3953974875	0.8786721641	0.2550252504
0.6056034935	0.3943965065	0.8794620471	0.2546743611
0.6066044745	0.3933955255	0.8802483075	0.2543244103
0.6076054555	0.3923945445	0.8810309564	0.2539753942
0.6086064364	0.3913935636	0.8818100049	0.2536273092
0.6096074174	0.3903925826	0.8825854639	0.2532801516
0.6106083984	0.3893916016	0.8833573444	0.2529339178
0.6116093794	0.3883906206	0.8841256575	0.2525886043
0.6126103604	0.3873896396	0.8848904142	0.2522442074
0.6136113413	0.3863886587	0.8856516253	0.2519007236
0.6146123223	0.3853876777	0.8864093019	0.2515581494
0.6156133033	0.3843866967	0.8871634548	0.2512164811
0.6166142843	0.3833857157	0.887914095	0.2508757154
0.6176152653	0.3823847347	0.8886612334	0.2505358487
0.6186162462	0.3813837538	0.8894048808	0.2501968776
0.6196172272	0.3803827728	0.8901450481	0.2498587985
0.6206182082	0.3793817918	0.8908817462	0.2495216081
0.6216191892	0.3783808108	0.8916149858	0.249185303
0.6226201702	0.3773798298	0.8923447778	0.2488498797
0.6236211512	0.3763788488	0.8930711329	0.2485153348
0.6246221321	0.3753778679	0.893794062	0.248181665
0.6256231131	0.3743768869	0.8945135757	0.247848867
0.6266240941	0.3733759059	0.8952296848	0.2475169374
0.6276250751	0.3723749249	0.8959424001	0.2471858728
0.6286260561	0.3713739439	0.8966517321	0.24685567
0.629627037	0.370372963	0.8973576916	0.2465263257
0.630628018	0.369371982	0.8980602892	0.2461978366
0.631628999	0.368371001	0.8987595356	0.2458701995
0.63262998	0.36737002	0.8994554414	0.2455434112
0.633630961	0.366369039	0.9001480171	0.2452174683
0.6346319419	0.3653680581	0.9008372733	0.2448923678
0.6356329229	0.3643670771	0.9015232207	0.2445681064
0.6366339039	0.3633660961	0.9022058696	0.2442446809
0.6376348849	0.3623651151	0.9028852308	0.2439220882
0.6386358659	0.3613641341	0.9035613145	0.2436003251
0.6396368468	0.3603631532	0.9042341313	0.2432793886
0.6406378278	0.3593621722	0.9049036917	0.2429592755
0.6416388088	0.3583611912	0.9055700061	0.2426399827
0.6426397898	0.3573602102	0.9062330848	0.2423215071
0.6436407708	0.3563592292	0.9068929384	0.2420038457
0.6446417518	0.3553582482	0.9075495771	0.2416869954
0.6456427327	0.3543572673	0.9082030112	0.2413709532
0.6466437137	0.3533562863	0.9088532512	0.241055716
0.6476446947	0.3523553053	0.9095003073	0.2407412809
0.6486456757	0.3513543243	0.9101441898	0.2404276449
0.6496466567	0.3503533433	0.9107849089	0.240114805
0.6506476376	0.3493523624	0.911422475	0.2398027581
0.6516486186	0.3483513814	0.9120568981	0.2394915015
0.6526495996	0.3473504004	0.9126881886	0.2391810321
0.6536505806	0.3463494194	0.9133163565	0.238871347
0.6546515616	0.3453484384	0.913941412	0.2385624433
0.6556525425	0.3443474575	0.9145633653	0.2382543182
0.6566535235	0.3433464765	0.9151822264	0.2379469687
0.6576545045	0.3423454955	0.9157980054	0.2376403919
0.6586554855	0.3413445145	0.9164107125	0.2373345852
0.6596564665	0.3403435335	0.9170203575	0.2370295455
0.6606574474	0.3393425526	0.9176269506	0.2367252701
0.6616584284	0.3383415716	0.9182305018	0.2364217561
0.6626594094	0.3373405906	0.9188310209	0.2361190009
0.6636603904	0.3363396096	0.919428518	0.2358170015
0.6646613714	0.3353386286	0.9200230029	0.2355157552
0.6656623524	0.3343376476	0.9206144856	0.2352152593
0.6666633333	0.3333366667	0.921202976	0.2349155111
0.6676643143	0.3323356857	0.9217884838	0.2346165077
0.6686652953	0.3313347047	0.9223710189	0.2343182465
0.6696662763	0.3303337237	0.9229505912	0.2340207248
0.6706672573	0.3293327427	0.9235272104	0.2337239399
0.6716682382	0.3283317618	0.9241008863	0.2334278891
0.6726692192	0.3273307808	0.9246716286	0.2331325697
0.6736702002	0.3263297998	0.925239447	0.2328379791
0.6746711812	0.3253288188	0.9258043512	0.2325441147
0.6756721622	0.3243278378	0.9263663509	0.2322509738
0.6766731431	0.3233268569	0.9269254557	0.2319585538
0.6776741241	0.3223258759	0.9274816752	0.2316668521
0.6786751051	0.3213248949	0.9280350191	0.2313758661
0.6796760861	0.3203239139	0.9285854969	0.2310855933
0.6806770671	0.3193229329	0.9291331181	0.2307960311
0.681678048	0.318321952	0.9296778923	0.2305071768
0.682679029	0.317320971	0.930219829	0.2302190281
0.68368001	0.31631999	0.9307589376	0.2299315823
0.684680991	0.315319009	0.9312952276	0.2296448369
0.685681972	0.314318028	0.9318287085	0.2293587895
0.686682953	0.313317047	0.9323593896	0.2290734375
0.6876839339	0.3123160661	0.9328872803	0.2287887784
0.6886849149	0.3113150851	0.9334123899	0.2285048098
0.6896858959	0.3103141041	0.9339347279	0.2282215293
0.6906868769	0.3093131231	0.9344543035	0.2279389343
0.6916878579	0.3083121421	0.9349711259	0.2276570224
0.6926888388	0.3073111612	0.9354852046	0.2273757913
0.6936898198	0.3063101802	0.9359965486	0.2270952384
0.6946908008	0.3053091992	0.9365051672	0.2268153615
0.6956917818	0.3043082182	0.9370110696	0.226536158
0.6966927628	0.3033072372	0.9375142649	0.2262576257
0.6976937437	0.3023062563	0.9380147623	0.2259797621
0.6986947247	0.3013052753	0.9385125709	0.2257025649
0.6996957057	0.3003042943	0.9390076998	0.2254260317
0.7006966867	0.2993033133	0.9395001581	0.2251501602
0.7016976677	0.2983023323	0.9399899547	0.2248749482
0.7026986486	0.2973013514	0.9404770988	0.2246003932
0.7036996296	0.2963003704	0.9409615993	0.2243264929
0.7047006106	0.2952993894	0.9414434651	0.2240532451
0.7057015916	0.2942984084	0.9419227053	0.2237806475
0.7067025726	0.2932974274	0.9423993287	0.2235086978
0.7077035536	0.2922964464	0.9428733443	0.2232373937
0.7087045345	0.2912954655	0.9433447609	0.2229667331
0.7097055155	0.2902944845	0.9438135873	0.2226967136
0.7107064965	0.2892935035	0.9442798324	0.222427333
0.7117074775	0.2882925225	0.944743505	0.222158589
0.7127084585	0.2872915415	0.9452046138	0.2218904796
0.7137094394	0.2862905606	0.9456631676	0.2216230025
0.7147104204	0.2852895796	0.9461191752	0.2213561554
0.7157114014	0.2842885986	0.9465726451	0.2210899363
0.7167123824	0.2832876176	0.9470235862	0.2208243429
0.7177133634	0.2822866366	0.9474720071	0.220559373
0.7187143443	0.2812856557	0.9479179163	0.2202950246
0.7197153253	0.2802846747	0.9483613225	0.2200312955
0.7207163063	0.2792836937	0.9488022343	0.2197681835
0.7217172873	0.2782827127	0.9492406603	0.2195056865
0.7227182683	0.2772817317	0.9496766088	0.2192438024
0.7237192492	0.2762807508	0.9501100886	0.2189825292
0.7247202302	0.2752797698	0.950541108	0.2187218646
0.7257212112	0.2742787888	0.9509696755	0.2184618067
0.7267221922	0.2732778078	0.9513957995	0.2182023533
0.7277231732	0.2722768268	0.9518194886	0.2179435024
0.7287241542	0.2712758458	0.9522407509	0.2176852519
0.7297251351	0.2702748649	0.9526595949	0.2174275998
0.7307261161	0.2692738839	0.953076029	0.217170544
0.7317270971	0.2682729029	0.9534900615	0.2169140826
0.7327280781	0.2672719219	0.9539017006	0.2166582134
0.7337290591	0.2662709409	0.9543109546	0.2164029345
0.73473004	0.26526996	0.9547178317	0.2161482438
0.735731021	0.264268979	0.9551223402	0.2158941395
0.736732002	0.263267998	0.9555244883	0.2156406194
0.737732983	0.262267017	0.9559242842	0.2153876816
0.738733964	0.261266036	0.9563217359	0.2151353242
0.7397349449	0.2602650551	0.9567168516	0.2148835452
0.7407359259	0.2592640741	0.9571096394	0.2146323426
0.7417369069	0.2582630931	0.9575001074	0.2143817145
0.7427378879	0.2572621121	0.9578882636	0.2141316589
0.7437388689	0.2562611311	0.958274116	0.213882174
0.7447398498	0.2552601502	0.9586576727	0.2136332578
0.7457408308	0.2542591692	0.9590389417	0.2133849085
0.7467418118	0.2532581882	0.9594179308	0.213137124
0.7477427928	0.2522572072	0.9597946481	0.2128899026
0.7487437738	0.2512562262	0.9601691014	0.2126432423
0.7497447548	0.2502552452	0.9605412986	0.2123971412
0.7507457357	0.2492542643	0.9609112475	0.2121515976
0.7517467167	0.2482532833	0.9612789561	0.2119066095
0.7527476977	0.2472523023	0.9616444321	0.2116621751
0.7537486787	0.2462513213	0.9620076833	0.2114182925
0.7547496597	0.2452503403	0.9623687175	0.21117496
0.7557506406	0.2442493594	0.9627275424	0.2109321756
0.7567516216	0.2432483784	0.9630841658	0.2106899376
0.7577526026	0.2422473974	0.9634385953	0.2104482442
0.7587535836	0.2412464164	0.9637908386	0.2102070935
0.7597545646	0.2402454354	0.9641409033	0.2099664838
0.7607555455	0.2392444545	0.9644887972	0.2097264133
0.7617565265	0.2382434735	0.9648345277	0.2094868802
0.7627575075	0.2372424925	0.9651781025	0.2092478827
0.7637584885	0.2362415115	0.9655195291	0.209009419
0.7647594695	0.2352405305	0.9658588151	0.2087714875
0.7657604505	0.2342395495	0.966195968	0.2085340863
0.7667614314	0.2332385686	0.9665309952	0.2082972138
0.7677624124	0.2322375876	0.9668639042	0.2080608681
0.7687633934	0.2312366066	0.9671947024	0.2078250476
0.7697643744	0.2302356256	0.9675233974	0.2075897505
0.7707653554	0.2292346446	0.9678499964	0.2073549752
0.7717663363	0.2282336637	0.9681745069	0.2071207198
0.7727673173	0.2272326827	0.9684969361	0.2068869828
0.7737682983	0.2262317017	0.9688172915	0.2066537625
0.7747692793	0.2252307207	0.9691355802	0.2064210571
0.7757702603	0.2242297397	0.9694518097	0.206188865
0.7767712412	0.2232287588	0.9697659872	0.2059571845
0.7777722222	0.2222277778	0.9700781198	0.2057260139
0.7787732032	0.2212267968	0.9703882149	0.2054953517
0.7797741842	0.2202258158	0.9706962795	0.2052651961
0.7807751652	0.2192248348	0.9710023209	0.2050355455
0.7817761461	0.2182238539	0.9713063462	0.2048063984
0.7827771271	0.2172228729	0.9716083626	0.2045777529
0.7837781081	0.2162218919	0.9719083771	0.2043496076
0.7847790891	0.2152209109	0.9722063968	0.2041219609
0.7857800701	0.2142199299	0.9725024287	0.203894811
0.7867810511	0.2132189489	0.97279648	0.2036681565
0.787782032	0.212217968	0.9730885576	0.2034419957
0.788783013	0.211216987	0.9733786685	0.203216327
0.789783994	0.210216006	0.9736668196	0.202991149
0.790784975	0.209215025	0.973953018	0.2027664599
0.791785956	0.208214044	0.9742372705	0.2025422582
0.7927869369	0.2072130631	0.974519584	0.2023185425
0.7937879179	0.2062120821	0.9747999654	0.202095311
0.7947888989	0.2052111011	0.9750784217	0.2018725623
0.7957898799	0.2042101201	0.9753549595	0.2016502949
0.7967908609	0.2032091391	0.9756295857	0.2014285072
0.7977918418	0.2022081582	0.9759023072	0.2012071976
0.7987928228	0.2012071772	0.9761731307	0.2009863647
0.7997938038	0.2002061962	0.9764420628	0.200766007
0.8007947848	0.1992052152	0.9767091105	0.2005461228
0.8017957658	0.1982042342	0.9769742803	0.2003267109
0.8027967467	0.1972032533	0.9772375789	0.2001077695
0.8037977277	0.1962022723	0.9774990131	0.1998892974
0.8047987087	0.1952012913	0.9777585893	0.1996712929
0.8057996897	0.1942003103	0.9780163144	0.1994537546
0.8068006707	0.1931993293	0.9782721948	0.199236681
0.8078016517	0.1921983483	0.9785262372	0.1990200707
0.8088026326	0.1911973674	0.9787784481	0.1988039222
0.8098036136	0.1901963864	0.979028834	0.1985882341
0.8108045946	0.1891954054	0.9792774014	0.1983730048
0.8118055756	0.1881944244	0.9795241569	0.1981582331
0.8128065566	0.1871934434	0.9797691069	0.1979439173
0.8138075375	0.1861924625	0.9800122578	0.1977300562
0.8148085185	0.1851914815	0.9802536161	0.1975166483
0.8158094995	0.1841905005	0.9804931883	0.1973036921
0.8168104805	0.1831895195	0.9807309806	0.1970911863
0.8178114615	0.1821885385	0.9809669994	0.1968791294
0.8188124424	0.1811875576	0.9812012511	0.1966675201
0.8198134234	0.1801865766	0.9814337421	0.196456357
0.8208144044	0.1791855956	0.9816644786	0.1962456386
0.8218153854	0.1781846146	0.9818934669	0.1960353637
0.8228163664	0.1771836336	0.9821207132	0.1958255307
0.8238173473	0.1761826527	0.9823462239	0.1956161384
0.8248183283	0.1751816717	0.9825700051	0.1954071854
0.8258193093	0.1741806907	0.982792063	0.1951986703
0.8268202903	0.1731797097	0.9830124039	0.1949905918
0.8278212713	0.1721787287	0.9832310338	0.1947829485
0.8288222523	0.1711777477	0.983447959	0.194575739
0.8298232332	0.1701767668	0.9836631855	0.1943689622
0.8308242142	0.1691757858	0.9838767194	0.1941626165
0.8318251952	0.1681748048	0.9840885669	0.1939567007
0.8328261762	0.1671738238	0.9842987339	0.1937512134
0.8338271572	0.1661728428	0.9845072266	0.1935461534
0.8348281381	0.1651718619	0.9847140509	0.1933415194
0.8358291191	0.1641708809	0.9849192128	0.1931373099
0.8368301001	0.1631698999	0.9851227184	0.1929335238
0.8378310811	0.1621689189	0.9853245736	0.1927301598
0.8388320621	0.1611679379	0.9855247843	0.1925272164
0.839833043	0.160166957	0.9857233564	0.1923246925
0.840834024	0.159165976	0.9859202959	0.1921225869
0.841835005	0.158164995	0.9861156087	0.1919208981
0.842835986	0.157164014	0.9863093005	0.1917196249
0.843836967	0.156163033	0.9865013773	0.1915187661
0.8448379479	0.1551620521	0.9866918448	0.1913183205
0.8458389289	0.1541610711	0.9868807089	0.1911182867
0.8468399099	0.1531600901	0.9870679754	0.1909186635
0.8478408909	0.1521591091	0.98725365	0.1907194496
0.8488418719	0.1511581281	0.9874377385	0.1905206439
0.8498428529	0.1501571471	0.9876202466	0.1903222451
0.8508438338	0.1491561662	0.98780118	0.190124252
0.8518448148	0.1481551852	0.9879805444	0.1899266633
0.8528457958	0.1471542042	0.9881583454	0.1897294778
0.8538467768	0.1461532232	0.9883345888	0.1895326943
0.8548477578	0.1451522422	0.9885092801	0.1893363116
0.8558487387	0.1441512613	0.988682425	0.1891403285
0.8568497197	0.1431502803	0.9888540291	0.1889447438
0.8578507007	0.1421492993	0.9890240979	0.1887495563
0.8588516817	0.1411483183	0.989192637	0.1885547648
0.8598526627	0.1401473373	0.989359652	0.1883603681
0.8608536436	0.1391463564	0.9895251483	0.188166365
0.8618546246	0.1381453754	0.9896891315	0.1879727544
0.8628556056	0.1371443944	0.989851607	0.1877795351
0.8638565866	0.1361434134	0.9900125804	0.1875867059
0.8648575676	0.1351424324	0.990172057	0.1873942657
0.8658585485	0.1341414515	0.9903300423	0.1872022132
0.8668595295	0.1331404705	0.9904865417	0.1870105475
0.8678605105	0.1321394895	0.9906415606	0.1868192672
0.8688614915	0.1311385085	0.9907951043	0.1866283712
0.8698624725	0.1301375275	0.9909471783	0.1864378585
0.8708634535	0.1291365465	0.9910977878	0.1862477278
0.8718644344	0.1281355656	0.9912469383	0.1860579781
0.8728654154	0.1271345846	0.9913946349	0.1858686082
0.8738663964	0.1261336036	0.991540883	0.1856796169
0.8748673774	0.1251326226	0.9916856878	0.1854910033
0.8758683584	0.1241316416	0.9918290546	0.1853027661
0.8768693393	0.1231306607	0.9919709886	0.1851149043
0.8778703203	0.1221296797	0.9921114951	0.1849274167
0.8788713013	0.1211286987	0.9922505791	0.1847403022
0.8798722823	0.1201277177	0.992388246	0.1845535598
0.8808732633	0.1191267367	0.9925245008	0.1843671883
0.8818742442	0.1181257558	0.9926593488	0.1841811868
0.8828752252	0.1171247748	0.992792795	0.1839955539
0.8838762062	0.1161237938	0.9929248445	0.1838102888
0.8848771872	0.1151228128	0.9930555024	0.1836253904
0.8858781682	0.1141218318	0.9931847739	0.1834408574
0.8868791491	0.1131208509	0.9933126639	0.183256689
0.8878801301	0.1121198699	0.9934391775	0.1830728839
0.8888811111	0.1111188889	0.9935643198	0.1828894413
0.8898820921	0.1101179079	0.9936880956	0.1827063599
0.8908830731	0.1091169269	0.9938105101	0.1825236388
0.8918840541	0.1081159459	0.9939315682	0.1823412769
0.892885035	0.107114965	0.9940512748	0.1821592732
0.893886016	0.106113984	0.9941696349	0.1819776266
0.894886997	0.105113003	0.9942866534	0.181796336
0.895887978	0.104112022	0.9944023352	0.1816154006
0.896888959	0.103111041	0.9945166852	0.1814348192
0.8978899399	0.1021100601	0.9946297083	0.1812545907
0.8988909209	0.1011090791	0.9947414093	0.1810747143
0.8998919019	0.1001080981	0.994851793	0.1808951888
0.9008928829	0.09910711712	0.9949608643	0.1807160133
0.9018938639	0.09810613614	0.995068628	0.1805371868
0.9028948448	0.09710515516	0.9951750889	0.1803587081
0.9038958258	0.09610417417	0.9952802517	0.1801805765
0.9048968068	0.09510319319	0.9953841211	0.1800027908
0.9058977878	0.09410221221	0.9954867021	0.17982535
0.9068987688	0.09310123123	0.9955879991	0.1796482532
0.9078997497	0.09210025025	0.9956880171	0.1794714994
0.9089007307	0.09109926927	0.9957867606	0.1792950876
0.9099017117	0.09009828829	0.9958842343	0.1791190168
0.9109026927	0.08909730731	0.9959804429	0.1789432861
0.9119036737	0.08809632633	0.9960753911	0.1787678944
0.9129046547	0.08709534535	0.9961690834	0.1785928409
0.9139056356	0.08609436436	0.9962615244	0.1784181244
0.9149066166	0.08509338338	0.9963527189	0.1782437442
0.9159075976	0.0840924024	0.9964426712	0.1780696992
0.9169085786	0.08309142142	0.9965313861	0.1778959885
0.9179095596	0.08209044044	0.996618868	0.1777226111
0.9189105405	0.08108945946	0.9967051216	0.1775495661
0.9199115215	0.08008847848	0.9967901512	0.1773768526
0.9209125025	0.0790874975	0.9968739614	0.1772044695
0.9219134835	0.07808651652	0.9969565567	0.177032416
0.9229144645	0.07708553554	0.9970379416	0.1768606912
0.9239154454	0.07608455455	0.9971181205	0.176689294
0.9249164264	0.07508357357	0.9971970978	0.1765182236
0.9259174074	0.07408259259	0.9972748781	0.1763474791
0.9269183884	0.07308161161	0.9973514656	0.1761770596
0.9279193694	0.07208063063	0.9974268648	0.176006964
0.9289203504	0.07107964965	0.9975010801	0.1758371916
0.9299213313	0.07007866867	0.9975741157	0.1756677414
0.9309223123	0.06907768769	0.9976459762	0.1754986125
0.9319232933	0.06807670671	0.9977166658	0.175329804
0.9329242743	0.06707572573	0.9977861888	0.175161315
0.9339252553	0.06607474474	0.9978545495	0.1749931447
0.9349262362	0.06507376376	0.9979217523	0.174825292
0.9359272172	0.06407278278	0.9979878014	0.1746577562
0.9369281982	0.0630718018	0.998052701	0.1744905364
0.9379291792	0.06207082082	0.9981164554	0.1743236316
0.9389301602	0.06106983984	0.9981790689	0.174157041
0.9399311411	0.06006885886	0.9982405456	0.1739907637
0.9409321221	0.05906787788	0.9983008897	0.1738247988
0.9419331031	0.0580668969	0.9983601055	0.1736591456
0.9429340841	0.05706591592	0.9984181971	0.173493803
0.9439350651	0.05606493493	0.9984751687	0.1733287703
0.944936046	0.05506395395	0.9985310244	0.1731640466
0.945937027	0.05406297297	0.9985857683	0.172999631
0.946938008	0.05306199199	0.9986394046	0.1728355227
0.947938989	0.05206101101	0.9986919373	0.1726717209
0.94893997	0.05106003003	0.9987433706	0.1725082246
0.949940951	0.05005904905	0.9987937085	0.1723450331
0.9509419319	0.04905806807	0.998842955	0.1721821455
0.9519429129	0.04805708709	0.9988911143	0.1720195609
0.9529438939	0.04705610611	0.9989381904	0.1718572786
0.9539448749	0.04605512513	0.9989841872	0.1716952976
0.9549458559	0.04505414414	0.9990291087	0.1715336173
0.9559468368	0.04405316316	0.9990729591	0.1713722367
0.9569478178	0.04305218218	0.9991157421	0.171211155
0.9579487988	0.0420512012	0.9991574619	0.1710503714
0.9589497798	0.04105022022	0.9991981223	0.1708898851
0.9599507608	0.04004923924	0.9992377272	0.1707296953
0.9609517417	0.03904825826	0.9992762807	0.1705698011
0.9619527227	0.03804727728	0.9993137866	0.1704102018
0.9629537037	0.0370462963	0.9993502487	0.1702508966
0.9639546847	0.03604531532	0.9993856711	0.1700918846
0.9649556657	0.03504433433	0.9994200575	0.1699331651
0.9659566466	0.03404335335	0.9994534117	0.1697747372
0.9669576276	0.03304237237	0.9994857377	0.1696166002
0.9679586086	0.03204139139	0.9995170393	0.1694587533
0.9689595896	0.03104041041	0.9995473203	0.1693011956
0.9699605706	0.03003942943	0.9995765844	0.1691439265
0.9709615516	0.02903844845	0.9996048354	0.168986945
0.9719625325	0.02803746747	0.9996320772	0.1688302505
0.9729635135	0.02703648649	0.9996583135	0.1686738422
0.9739644945	0.02603550551	0.9996835481	0.1685177193
0.9749654755	0.02503452452	0.9997077846	0.168361881
0.9759664565	0.02403354354	0.9997310268	0.1682063265
0.9769674374	0.02303256256	0.9997532784	0.1680510552
0.9779684184	0.02203158158	0.9997745431	0.1678960661
0.9789693994	0.0210306006	0.9997948246	0.1677413586
0.9799703804	0.02002961962	0.9998141265	0.167586932
0.9809713614	0.01902863864	0.9998324525	0.1674327854
0.9819723423	0.01802765766	0.9998498063	0.167278918
0.9829733233	0.01702667668	0.9998661915	0.1671253293
0.9839743043	0.0160256957	0.9998816117	0.1669720183
0.9849752853	0.01502471471	0.9998960705	0.1668189844
0.9859762663	0.01402373373	0.9999095715	0.1666662269
0.9869772472	0.01302275275	0.9999221183	0.1665137449
0.9879782282	0.01202177177	0.9999337144	0.1663615378
0.9889792092	0.01102079079	0.9999443635	0.1662096047
0.9899801902	0.01001980981	0.999954069	0.1660579451
0.9909811712	0.009018828829	0.9999628344	0.1659065581
0.9919821522	0.008017847848	0.9999706634	0.165755443
0.9929831331	0.007016866867	0.9999775594	0.1656045992
0.9939841141	0.006015885886	0.999983526	0.1654540258
0.9949850951	0.005014904905	0.9999885665	0.1653037222
0.9959860761	0.004013923924	0.9999926844	0.1651536877
0.9969870571	0.003012942943	0.9999958833	0.1650039215
0.997988038	0.002011961962	0.9999981666	0.1648544229
0.998989019	0.001010980981	0.9999995377	0.1647051912
0.99999	1e-05	1	0.1645562258
