1e-05	0.99999	0.5153498069	1.000000008
0.001010980981	0.998989019	0.4411476707	1.000078517
0.002011961962	0.997988038	0.3816297731	1.000297107
0.003012942943	0.9969870571	0.3333968712	1.000636814
0.004013923924	0.9959860761	0.2939349919	1.001080629
0.005014904905	0.9949850951	0.2613627298	1.001613283
0.006015885886	0.9939841141	0.2342563136	1.002221055
0.007016866867	0.9929831331	0.2115269402	1.002891613
0.008017847848	0.9919821522	0.1923337047	1.003613865
0.009018828829	0.9909811712	0.1760210837	1.004377831
0.01001980981	0.9899801902	0.1620735557	1.005174532
0.01102079079	0.9889792092	0.1500823195	1.005995886
0.01202177177	0.9879782282	0.1397206457	1.006834625
0.01302275275	0.9869772472	0.1307254517	1.00768421
0.01402373373	0.9859762663	0.1228834064	1.008538765
0.01502471471	0.9849752853	0.116020363	1.009393008
0.0160256957	0.9839743043	0.1099932589	1.010242204
0.01702667668	0.9829733233	0.1046838584	1.011082103
0.01802765766	0.9819723423	0.09999388391	1.011908905
0.01902863864	0.9809713614	0.09584120275	1.012719211
0.02002961962	0.9799703804	0.09215681863	1.01350999
0.0210306006	0.9789693994	0.08888248476	1.014278547
0.02203158158	0.9779684184	0.08596879794	1.015022489
0.02303256256	0.9769674374	0.08337366804	1.0157397
0.02403354354	0.9759664565	0.08106108218	1.016428317
0.02503452452	0.9749654755	0.07900010149	1.017086705
0.02603550551	0.9739644945	0.07716404264	1.01771344
0.02703648649	0.9729635135	0.07552980672	1.018307288
0.02803746747	0.9719625325	0.07407732657	1.018867187
0.02903844845	0.9709615516	0.07278910934	1.019392236
0.03003942943	0.9699605706	0.07164985651	1.019881677
0.03104041041	0.9689595896	0.07064614673	1.020334886
0.03204139139	0.9679586086	0.06976617015	1.020751354
0.03304237237	0.9669576276	0.06899950504	1.021130687
0.03404335335	0.9659566466	0.06833692915	1.021472586
0.03504433433	0.9649556657	0.06777025996	1.021776846
0.03604531532	0.9639546847	0.06729221893	1.022043341
0.0370462963	0.9629537037	0.06689631564	1.022272022
0.03804727728	0.9619527227	0.06657674871	1.022462908
0.03904825826	0.9609517417	0.06632832083	1.022616079
0.04004923924	0.9599507608	0.06614636546	1.02273167
0.04105022022	0.9589497798	0.06602668376	1.022809867
0.0420512012	0.9579487988	0.0659654898	1.022850903
0.04305218218	0.9569478178	0.06595936314	1.022855049
0.04405316316	0.9559468368	0.06600520752	1.022822617
0.04505414414	0.9549458559	0.06610021478	1.022753949
0.04605512513	0.9539448749	0.06624183335	1.022649417
0.04705610611	0.9529438939	0.06642774066	1.02250942
0.04805708709	0.9519429129	0.06665581879	1.022334382
0.04905806807	0.9509419319	0.06692413317	1.022124744
0.05005904905	0.949940951	0.06723091365	1.02188097
0.05106003003	0.94893997	0.06757453785	1.021603535
0.05206101101	0.947938989	0.06795351639	1.021292933
0.05306199199	0.946938008	0.06836647974	1.020949665
0.05406297297	0.945937027	0.06881216657	1.020574247
0.05506395395	0.944936046	0.06928941336	1.020167199
0.05606493493	0.9439350651	0.0697971451	1.019729052
0.05706591592	0.9429340841	0.07033436697	1.01926034
0.0580668969	0.9419331031	0.07090015697	1.018761602
0.05906787788	0.9409321221	0.0714936592	1.018233381
0.06006885886	0.9399311411	0.07211407789	1.017676221
0.06106983984	0.9389301602	0.072760672	1.01709067
0.06207082082	0.9379291792	0.07343275038	1.016477272
0.0630718018	0.9369281982	0.07412966736	1.015836575
0.06407278278	0.9359272172	0.07485081883	1.015169123
0.06507376376	0.9349262362	0.07559563861	1.014475458
0.06607474474	0.9339252553	0.07636359525	1.013756123
0.06707572573	0.9329242743	0.07715418907	1.013011653
0.06807670671	0.9319232933	0.07796694947	1.012242583
0.06907768769	0.9309223123	0.07880143251	1.011449444
0.07007866867	0.9299213313	0.07965721874	1.01063276
0.07107964965	0.9289203504	0.0805339111	1.009793053
0.07208063063	0.9279193694	0.08143113319	1.008930839
0.07308161161	0.9269183884	0.08234852748	1.008046629
0.07408259259	0.9259174074	0.08328575389	1.007140927
0.07508357357	0.9249164264	0.08424248832	1.006214232
0.07608455455	0.9239154454	0.08521842136	1.005267039
0.07708553554	0.9229144645	0.08621325718	1.004299833
0.07808651652	0.9219134835	0.08722671241	1.003313095
0.0790874975	0.9209125025	0.08825851514	1.002307299
0.08008847848	0.9199115215	0.08930840408	1.001282913
0.08108945946	0.9189105405	0.09037612764	1.000240398
0.08209044044	0.9179095596	0.09146144324	0.9991802063
0.08309142142	0.9169085786	0.09256411657	0.9981027862
0.0840924024	0.9159075976	0.09368392098	0.9970085775
0.08509338338	0.9149066166	0.09482063683	0.9958980134
0.08609436436	0.9139056356	0.09597405099	0.9947715203
0.08709534535	0.9129046547	0.09714395632	0.9936295175
0.08809632633	0.9119036737	0.09833015121	0.9924724171
0.08909730731	0.9109026927	0.09953243916	0.9913006248
0.09009828829	0.9099017117	0.1007506283	0.9901145388
0.09109926927	0.9089007307	0.1019845313	0.9889145507
0.09210025025	0.9078997497	0.1032339646	0.9877010451
0.09310123123	0.9068987688	0.1044987485	0.9864744
0.09410221221	0.9058977878	0.1057787067	0.9852349861
0.09510319319	0.9048968068	0.1070736659	0.9839831679
0.09610417417	0.9038958258	0.1083834559	0.9827193028
0.09710515516	0.9028948448	0.1097079092	0.9814437418
0.09810613614	0.9018938639	0.1110468606	0.9801568293
0.09910711712	0.9008928829	0.1124001474	0.9788589031
0.1001080981	0.8998919019	0.1137676088	0.9775502946
0.1011090791	0.8988909209	0.1151490862	0.9762313288
0.1021100601	0.8978899399	0.1165444227	0.9749023246
0.103111041	0.896888959	0.117953463	0.9735635945
0.104112022	0.895887978	0.1193760534	0.972215445
0.105113003	0.894886997	0.1208120418	0.9708581764
0.106113984	0.893886016	0.1222612772	0.9694920831
0.107114965	0.892885035	0.1237236099	0.9681174536
0.1081159459	0.8918840541	0.1251988916	0.9667345708
0.1091169269	0.8908830731	0.1266869746	0.9653437115
0.1101179079	0.8898820921	0.1281877125	0.9639451472
0.1111188889	0.8888811111	0.1297009599	0.9625391438
0.1121198699	0.8878801301	0.131226572	0.9611259615
0.1131208509	0.8868791491	0.1327644051	0.9597058555
0.1141218318	0.8858781682	0.1343143159	0.9582790754
0.1151228128	0.8848771872	0.1358761621	0.9568458657
0.1161237938	0.8838762062	0.1374498021	0.9554064659
0.1171247748	0.8828752252	0.1390350946	0.9539611103
0.1181257558	0.8818742442	0.1406318993	0.9525100284
0.1191267367	0.8808732633	0.1422400763	0.9510534448
0.1201277177	0.8798722823	0.1438594861	0.9495915792
0.1211286987	0.8788713013	0.1454899899	0.9481246468
0.1221296797	0.8778703203	0.1471314495	0.9466528581
0.1231306607	0.8768693393	0.1487837268	0.945176419
0.1241316416	0.8758683584	0.1504466846	0.9436955312
0.1251326226	0.8748673774	0.1521201858	0.9422103917
0.1261336036	0.8738663964	0.1538040941	0.9407211935
0.1271345846	0.8728654154	0.1554982732	0.9392281253
0.1281355656	0.8718644344	0.1572025877	0.9377313715
0.1291365465	0.8708634535	0.1589169021	0.9362311128
0.1301375275	0.8698624725	0.1606410819	0.9347275257
0.1311385085	0.8688614915	0.1623749925	0.9332207828
0.1321394895	0.8678605105	0.1641184999	0.931711053
0.1331404705	0.8668595295	0.1658714706	0.9301985012
0.1341414515	0.8658585485	0.1676337715	0.9286832889
0.1351424324	0.8648575676	0.1694052697	0.9271655739
0.1361434134	0.8638565866	0.1711858328	0.9256455104
0.1371443944	0.8628556056	0.1729753291	0.9241232492
0.1381453754	0.8618546246	0.174773627	0.9225989377
0.1391463564	0.8608536436	0.1765805953	0.9210727198
0.1401473373	0.8598526627	0.1783961034	0.9195447364
0.1411483183	0.8588516817	0.1802200212	0.9180151251
0.1421492993	0.8578507007	0.1820522187	0.9164840202
0.1431502803	0.8568497197	0.1838925668	0.9149515531
0.1441512613	0.8558487387	0.1857409365	0.9134178521
0.1451522422	0.8548477578	0.1875971994	0.9118830427
0.1461532232	0.8538467768	0.1894612275	0.9103472472
0.1471542042	0.8528457958	0.1913328934	0.9088105854
0.1481551852	0.8518448148	0.1932120702	0.9072731741
0.1491561662	0.8508438338	0.1950986312	0.9057351274
0.1501571471	0.8498428529	0.1969924505	0.9041965568
0.1511581281	0.8488418719	0.1988934027	0.9026575711
0.1521591091	0.8478408909	0.2008013628	0.9011182767
0.1531600901	0.8468399099	0.2027162063	0.8995787773
0.1541610711	0.8458389289	0.2046378094	0.8980391743
0.1551620521	0.8448379479	0.2065660487	0.8964995664
0.156163033	0.843836967	0.2085008013	0.8949600505
0.157164014	0.842835986	0.2104419451	0.8934207205
0.158164995	0.841835005	0.2123893584	0.8918816687
0.159165976	0.840834024	0.2143429201	0.8903429846
0.160166957	0.839833043	0.2163025097	0.888804756
0.1611679379	0.8388320621	0.2182680072	0.8872670683
0.1621689189	0.8378310811	0.2202392934	0.8857300049
0.1631698999	0.8368301001	0.2222162496	0.8841936472
0.1641708809	0.8358291191	0.2241987576	0.8826580746
0.1651718619	0.8348281381	0.2261867001	0.8811233644
0.1661728428	0.8338271572	0.2281799603	0.8795895921
0.1671738238	0.8328261762	0.2301784219	0.8780568315
0.1681748048	0.8318251952	0.2321819694	0.8765251543
0.1691757858	0.8308242142	0.2341904879	0.8749946305
0.1701767668	0.8298232332	0.2362038633	0.8734653284
0.1711777477	0.8288222523	0.2382219821	0.8719373144
0.1721787287	0.8278212713	0.2402447312	0.8704106535
0.1731797097	0.8268202903	0.2422719987	0.8688854089
0.1741806907	0.8258193093	0.244303673	0.8673616421
0.1751816717	0.8248183283	0.2463396432	0.8658394131
0.1761826527	0.8238173473	0.2483797994	0.8643187804
0.1771836336	0.8228163664	0.2504240322	0.862799801
0.1781846146	0.8218153854	0.2524722327	0.8612825303
0.1791855956	0.8208144044	0.2545242933	0.8597670223
0.1801865766	0.8198134234	0.2565801064	0.8582533297
0.1811875576	0.8188124424	0.2586395658	0.8567415036
0.1821885385	0.8178114615	0.2607025656	0.8552315939
0.1831895195	0.8168104805	0.2627690008	0.8537236491
0.1841905005	0.8158094995	0.264838767	0.8522177165
0.1851914815	0.8148085185	0.2669117608	0.8507138419
0.1861924625	0.8138075375	0.2689878793	0.8492120702
0.1871934434	0.8128065566	0.2710670206	0.8477124446
0.1881944244	0.8118055756	0.2731490832	0.8462150076
0.1891954054	0.8108045946	0.2752339667	0.8447198003
0.1901963864	0.8098036136	0.2773215713	0.8432268626
0.1911973674	0.8088026326	0.279411798	0.8417362333
0.1921983483	0.8078016517	0.2815045485	0.8402479503
0.1931993293	0.8068006707	0.2835997255	0.8387620502
0.1942003103	0.8057996897	0.2856972321	0.8372785686
0.1952012913	0.8047987087	0.2877969725	0.8357975402
0.1962022723	0.8037977277	0.2898988515	0.8343189985
0.1972032533	0.8027967467	0.2920027747	0.8328429761
0.1982042342	0.8017957658	0.2941086486	0.8313695048
0.1992052152	0.8007947848	0.2962163804	0.8298986152
0.2002061962	0.7997938038	0.298325878	0.8284303372
0.2012071772	0.7987928228	0.3004370501	0.8269646996
0.2022081582	0.7977918418	0.3025498063	0.8255017304
0.2032091391	0.7967908609	0.304664057	0.8240414568
0.2042101201	0.7957898799	0.3067797132	0.8225839051
0.2052111011	0.7947888989	0.3088966868	0.8211291008
0.2062120821	0.7937879179	0.3110148905	0.8196770686
0.2072130631	0.7927869369	0.3131342377	0.8182278323
0.208214044	0.791785956	0.3152546428	0.8167814151
0.209215025	0.790784975	0.3173760206	0.8153378392
0.210216006	0.789783994	0.3194982871	0.8138971264
0.211216987	0.788783013	0.3216213588	0.8124592975
0.212217968	0.787782032	0.3237451531	0.8110243728
0.2132189489	0.7867810511	0.3258695882	0.8095923716
0.2142199299	0.7857800701	0.3279945829	0.8081633128
0.2152209109	0.7847790891	0.3301200571	0.8067372146
0.2162218919	0.7837781081	0.3322459312	0.8053140945
0.2172228729	0.7827771271	0.3343721264	0.8038939694
0.2182238539	0.7817761461	0.3364985649	0.8024768554
0.2192248348	0.7807751652	0.3386251695	0.8010627683
0.2202258158	0.7797741842	0.3407518637	0.7996517231
0.2212267968	0.7787732032	0.3428785719	0.7982437343
0.2222277778	0.7777722222	0.3450052193	0.7968388157
0.2232287588	0.7767712412	0.3471317317	0.7954369808
0.2242297397	0.7757702603	0.3492580358	0.7940382424
0.2252307207	0.7747692793	0.351384059	0.7926426127
0.2262317017	0.7737682983	0.3535097295	0.7912501035
0.2272326827	0.7727673173	0.3556349763	0.789860726
0.2282336637	0.7717663363	0.3577597291	0.7884744911
0.2292346446	0.7707653554	0.3598839182	0.7870914089
0.2302356256	0.7697643744	0.3620074749	0.7857114894
0.2312366066	0.7687633934	0.3641303311	0.7843347417
0.2322375876	0.7677624124	0.3662524196	0.7829611749
0.2332385686	0.7667614314	0.3683736736	0.7815907974
0.2342395495	0.7657604505	0.3704940275	0.7802236171
0.2352405305	0.7647594695	0.372613416	0.7788596417
0.2362415115	0.7637584885	0.3747317749	0.7774988783
0.2372424925	0.7627575075	0.3768490403	0.7761413337
0.2382434735	0.7617565265	0.3789651496	0.7747870143
0.2392444545	0.7607555455	0.3810800403	0.773435926
0.2402454354	0.7597545646	0.3831936511	0.7720880746
0.2412464164	0.7587535836	0.3853059211	0.7707434651
0.2422473974	0.7577526026	0.3874167904	0.7694021025
0.2432483784	0.7567516216	0.3895261995	0.7680639914
0.2442493594	0.7557506406	0.3916340897	0.7667291359
0.2452503403	0.7547496597	0.3937404032	0.7653975399
0.2462513213	0.7537486787	0.3958450827	0.7640692068
0.2472523023	0.7527476977	0.3979480716	0.7627441399
0.2482532833	0.7517467167	0.4000493139	0.7614223421
0.2492542643	0.7507457357	0.4021487546	0.7601038159
0.2502552452	0.7497447548	0.4042463391	0.7587885637
0.2512562262	0.7487437738	0.4063420135	0.7574765874
0.2522572072	0.7477427928	0.4084357247	0.7561678887
0.2532581882	0.7467418118	0.4105274202	0.754862469
0.2542591692	0.7457408308	0.4126170481	0.7535603295
0.2552601502	0.7447398498	0.4147045572	0.7522614711
0.2562611311	0.7437388689	0.416789897	0.7509658944
0.2572621121	0.7427378879	0.4188730176	0.7496735998
0.2582630931	0.7417369069	0.4209538698	0.7483845873
0.2592640741	0.7407359259	0.423032405	0.7470988569
0.2602650551	0.7397349449	0.4251085753	0.7458164083
0.261266036	0.738733964	0.4271823333	0.7445372407
0.262267017	0.737732983	0.4292536323	0.7432613535
0.263267998	0.736732002	0.4313224262	0.7419887456
0.264268979	0.735731021	0.4333886697	0.7407194158
0.26526996	0.73473004	0.4354523178	0.7394533625
0.2662709409	0.7337290591	0.4375133264	0.7381905842
0.2672719219	0.7327280781	0.4395716518	0.7369310789
0.2682729029	0.7317270971	0.4416272511	0.7356748447
0.2692738839	0.7307261161	0.4436800818	0.7344218793
0.2702748649	0.7297251351	0.445730102	0.7331721802
0.2712758458	0.7287241542	0.4477772707	0.7319257449
0.2722768268	0.7277231732	0.449821547	0.7306825706
0.2732778078	0.7267221922	0.451862891	0.7294426543
0.2742787888	0.7257212112	0.4539012632	0.728205993
0.2752797698	0.7247202302	0.4559366246	0.7269725832
0.2762807508	0.7237192492	0.457968937	0.7257424217
0.2772817317	0.7227182683	0.4599981624	0.7245155047
0.2782827127	0.7217172873	0.4620242637	0.7232918285
0.2792836937	0.7207163063	0.4640472042	0.7220713894
0.2802846747	0.7197153253	0.4660669478	0.7208541831
0.2812856557	0.7187143443	0.4680834588	0.7196402055
0.2822866366	0.7177133634	0.4700967023	0.7184294524
0.2832876176	0.7167123824	0.4721066438	0.7172219193
0.2842885986	0.7157114014	0.4741132492	0.7160176015
0.2852895796	0.7147104204	0.476116485	0.7148164945
0.2862905606	0.7137094394	0.4781163185	0.7136185933
0.2872915415	0.7127084585	0.4801127171	0.7124238931
0.2882925225	0.7117074775	0.482105649	0.7112323888
0.2892935035	0.7107064965	0.4840950828	0.7100440752
0.2902944845	0.7097055155	0.4860809875	0.708858947
0.2912954655	0.7087045345	0.4880633329	0.7076769988
0.2922964464	0.7077035536	0.4900420889	0.7064982253
0.2932974274	0.7067025726	0.4920172263	0.7053226207
0.2942984084	0.7057015916	0.4939887161	0.7041501793
0.2952993894	0.7047006106	0.4959565298	0.7029808955
0.2963003704	0.7036996296	0.4979206396	0.7018147633
0.2973013514	0.7026986486	0.4998810179	0.7006517767
0.2983023323	0.7016976677	0.5018376377	0.6994919298
0.2993033133	0.7006966867	0.5037904726	0.6983352163
0.3003042943	0.6996957057	0.5057394963	0.69718163
0.3013052753	0.6986947247	0.5076846833	0.6960311647
0.3023062563	0.6976937437	0.5096260084	0.694883814
0.3033072372	0.6966927628	0.5115634469	0.6937395714
0.3043082182	0.6956917818	0.5134969745	0.6925984303
0.3053091992	0.6946908008	0.5154265674	0.6914603843
0.3063101802	0.6936898198	0.5173522021	0.6903254265
0.3073111612	0.6926888388	0.5192738556	0.6891935504
0.3083121421	0.6916878579	0.5211915055	0.6880647491
0.3093131231	0.6906868769	0.5231051296	0.6869390156
0.3103141041	0.6896858959	0.5250147062	0.6858163432
0.3113150851	0.6886849149	0.5269202139	0.6846967249
0.3123160661	0.6876839339	0.528821632	0.6835801535
0.313317047	0.686682953	0.5307189399	0.6824666221
0.314318028	0.685681972	0.5326121176	0.6813561234
0.315319009	0.684680991	0.5345011454	0.6802486503
0.31631999	0.68368001	0.536386004	0.6791441956
0.317320971	0.682679029	0.5382666745	0.6780427519
0.318321952	0.681678048	0.5401431384	0.6769443119
0.3193229329	0.6806770671	0.5420153776	0.6758488682
0.3203239139	0.6796760861	0.5438833744	0.6747564135
0.3213248949	0.6786751051	0.5457471114	0.6736669402
0.3223258759	0.6776741241	0.5476065715	0.6725804408
0.3233268569	0.6766731431	0.5494617383	0.6714969079
0.3243278378	0.6756721622	0.5513125953	0.6704163338
0.3253288188	0.6746711812	0.5531591267	0.6693387109
0.3263297998	0.6736702002	0.555001317	0.6682640316
0.3273307808	0.6726692192	0.556839151	0.6671922881
0.3283317618	0.6716682382	0.5586726137	0.6661234729
0.3293327427	0.6706672573	0.5605016908	0.6650575781
0.3303337237	0.6696662763	0.562326368	0.663994596
0.3313347047	0.6686652953	0.5641466315	0.6629345188
0.3323356857	0.6676643143	0.5659624679	0.6618773387
0.3333366667	0.6666633333	0.5677738639	0.6608230478
0.3343376476	0.6656623524	0.5695808067	0.6597716382
0.3353386286	0.6646613714	0.5713832839	0.6587231022
0.3363396096	0.6636603904	0.5731812832	0.6576774317
0.3373405906	0.6626594094	0.5749747928	0.6566346188
0.3383415716	0.6616584284	0.5767638011	0.6555946556
0.3393425526	0.6606574474	0.5785482968	0.6545575341
0.3403435335	0.6596564665	0.580328269	0.6535232464
0.3413445145	0.6586554855	0.5821037071	0.6524917844
0.3423454955	0.6576545045	0.5838746007	0.6514631401
0.3433464765	0.6566535235	0.5856409397	0.6504373055
0.3443474575	0.6556525425	0.5874027145	0.6494142726
0.3453484384	0.6546515616	0.5891599155	0.6483940333
0.3463494194	0.6536505806	0.5909125335	0.6473765795
0.3473504004	0.6526495996	0.5926605597	0.6463619032
0.3483513814	0.6516486186	0.5944039854	0.6453499962
0.3493523624	0.6506476376	0.5961428024	0.6443408506
0.3503533433	0.6496466567	0.5978770024	0.6433344581
0.3513543243	0.6486456757	0.5996065778	0.6423308108
0.3523553053	0.6476446947	0.601331521	0.6413299004
0.3533562863	0.6466437137	0.6030518247	0.6403317189
0.3543572673	0.6456427327	0.6047674819	0.6393362581
0.3553582482	0.6446417518	0.6064784859	0.63834351
0.3563592292	0.6436407708	0.6081848301	0.6373534663
0.3573602102	0.6426397898	0.6098865083	0.6363661191
0.3583611912	0.6416388088	0.6115835146	0.63538146
0.3593621722	0.6406378278	0.6132758432	0.634399481
0.3603631532	0.6396368468	0.6149634885	0.6334201741
0.3613641341	0.6386358659	0.6166464453	0.6324435309
0.3623651151	0.6376348849	0.6183247086	0.6314695435
0.3633660961	0.6366339039	0.6199982735	0.6304982036
0.3643670771	0.6356329229	0.6216671356	0.6295295032
0.3653680581	0.6346319419	0.6233312904	0.6285634341
0.366369039	0.633630961	0.6249907339	0.6275999883
0.36737002	0.63262998	0.6266454622	0.6266391575
0.368371001	0.631628999	0.6282954715	0.6256809337
0.369371982	0.630628018	0.6299407585	0.6247253088
0.370372963	0.629627037	0.6315813199	0.6237722746
0.3713739439	0.6286260561	0.6332171528	0.6228218232
0.3723749249	0.6276250751	0.6348482542	0.6218739463
0.3733759059	0.6266240941	0.6364746215	0.620928636
0.3743768869	0.6256231131	0.6380962525	0.619985884
0.3753778679	0.6246221321	0.6397131448	0.6190456825
0.3763788488	0.6236211512	0.6413252965	0.6181080233
0.3773798298	0.6226201702	0.6429327058	0.6171728983
0.3783808108	0.6216191892	0.644535371	0.6162402996
0.3793817918	0.6206182082	0.6461332908	0.615310219
0.3803827728	0.6196172272	0.6477264639	0.6143826487
0.3813837538	0.6186162462	0.6493148892	0.6134575805
0.3823847347	0.6176152653	0.650898566	0.6125350065
0.3833857157	0.6166142843	0.6524774936	0.6116149187
0.3843866967	0.6156133033	0.6540516714	0.6106973091
0.3853876777	0.6146123223	0.6556210991	0.6097821697
0.3863886587	0.6136113413	0.6571857766	0.6088694927
0.3873896396	0.6126103604	0.658745704	0.60795927
0.3883906206	0.6116093794	0.6603008814	0.6070514937
0.3893916016	0.6106083984	0.6618513092	0.606146156
0.3903925826	0.6096074174	0.6633969879	0.6052432489
0.3913935636	0.6086064364	0.6649379183	0.6043427646
0.3923945445	0.6076054555	0.6664741011	0.6034446951
0.3933955255	0.6066044745	0.6680055376	0.6025490327
0.3943965065	0.6056034935	0.6695322287	0.6016557694
0.3953974875	0.6046025125	0.6710541758	0.6007648975
0.3963984685	0.6036015315	0.6725713805	0.5998764091
0.3973994494	0.6026005506	0.6740838444	0.5989902966
0.3984004304	0.6015995696	0.6755915692	0.5981065519
0.3994014114	0.6005985886	0.677094557	0.5972251675
0.4004023924	0.5995976076	0.6785928097	0.5963461356
0.4014033734	0.5985966266	0.6800863296	0.5954694484
0.4024043544	0.5975956456	0.6815751191	0.5945950982
0.4034053353	0.5965946647	0.6830591807	0.5937230774
0.4044063163	0.5955936837	0.684538517	0.5928533783
0.4054072973	0.5945927027	0.6860131307	0.5919859931
0.4064082783	0.5935917217	0.6874830249	0.5911209143
0.4074092593	0.5925907407	0.6889482026	0.5902581342
0.4084102402	0.5915897598	0.6904086669	0.5893976452
0.4094112212	0.5905887788	0.6918644211	0.5885394397
0.4104122022	0.5895877978	0.6933154686	0.5876835103
0.4114131832	0.5885868168	0.6947618131	0.5868298492
0.4124141642	0.5875858358	0.6962034581	0.585978449
0.4134151451	0.5865848549	0.6976404075	0.5851293022
0.4144161261	0.5855838739	0.6990726652	0.5842824012
0.4154171071	0.5845828929	0.7005002352	0.5834377386
0.4164180881	0.5835819119	0.7019231216	0.582595307
0.4174190691	0.5825809309	0.7033413288	0.5817550988
0.4184200501	0.5815799499	0.704754861	0.5809171067
0.419421031	0.580578969	0.7061637228	0.5800813234
0.420422012	0.579577988	0.7075679187	0.5792477413
0.421422993	0.578577007	0.7089674535	0.5784163531
0.422423974	0.577576026	0.710362332	0.5775871516
0.423424955	0.576575045	0.711752559	0.5767601293
0.4244259359	0.5755740641	0.7131381396	0.575935279
0.4254269169	0.5745730831	0.7145190788	0.5751125934
0.4264278979	0.5735721021	0.715895382	0.5742920653
0.4274288789	0.5725711211	0.7172670543	0.5734736874
0.4284298599	0.5715701401	0.7186341012	0.5726574525
0.4294308408	0.5705691592	0.7199965282	0.5718433534
0.4304318218	0.5695681782	0.7213543409	0.5710313829
0.4314328028	0.5685671972	0.7227075449	0.5702215339
0.4324337838	0.5675662162	0.7240561461	0.5694137993
0.4334347648	0.5665652352	0.7254001503	0.5686081719
0.4344357457	0.5655642543	0.7267395634	0.5678046446
0.4354367267	0.5645632733	0.7280743915	0.5670032104
0.4364377077	0.5635622923	0.7294046407	0.5662038622
0.4374386887	0.5625613113	0.7307303171	0.565406593
0.4384396697	0.5615603303	0.7320514272	0.5646113958
0.4394406507	0.5605593493	0.7333679772	0.5638182635
0.4404416316	0.5595583684	0.7346799736	0.5630271894
0.4414426126	0.5585573874	0.7359874229	0.5622381663
0.4424435936	0.5575564064	0.7372903318	0.5614511875
0.4434445746	0.5565554254	0.7385887068	0.5606662459
0.4444455556	0.5555544444	0.7398825547	0.5598833347
0.4454465365	0.5545534635	0.7411718824	0.5591024471
0.4464475175	0.5535524825	0.7424566967	0.5583235761
0.4474484985	0.5525515015	0.7437370047	0.5575467152
0.4484494795	0.5515505205	0.7450128132	0.5567718573
0.4494504605	0.5505495395	0.7462841296	0.5559989957
0.4504514414	0.5495485586	0.7475509608	0.5552281238
0.4514524224	0.5485475776	0.7488133141	0.5544592348
0.4524534034	0.5475465966	0.7500711969	0.5536923219
0.4534543844	0.5465456156	0.7513246165	0.5529273786
0.4544553654	0.5455446346	0.7525735803	0.5521643981
0.4554563463	0.5445436537	0.7538180958	0.5514033738
0.4564573273	0.5435426727	0.7550581706	0.5506442991
0.4574583083	0.5425416917	0.7562938121	0.5498871673
0.4584592893	0.5415407107	0.7575250282	0.5491319721
0.4594602703	0.5405397297	0.7587518265	0.5483787067
0.4604612513	0.5395387487	0.7599742148	0.5476273646
0.4614622322	0.5385377678	0.7611922009	0.5468779394
0.4624632132	0.5375367868	0.7624057926	0.5461304246
0.4634641942	0.5365358058	0.763614998	0.5453848136
0.4644651752	0.5355348248	0.764819825	0.5446411001
0.4654661562	0.5345338438	0.7660202817	0.5438992777
0.4664671371	0.5335328629	0.7672163761	0.5431593399
0.4674681181	0.5325318819	0.7684081163	0.5424212804
0.4684690991	0.5315309009	0.7695955105	0.5416850929
0.4694700801	0.5305299199	0.770778567	0.5409507709
0.4704710611	0.5295289389	0.7719572941	0.5402183082
0.471472042	0.528527958	0.7731316999	0.5394876985
0.472473023	0.527526977	0.774301793	0.5387589356
0.473474004	0.526525996	0.7754675817	0.5380320132
0.474474985	0.525525015	0.7766290744	0.537306925
0.475475966	0.524524034	0.7777862797	0.5365836649
0.4764769469	0.5235230531	0.7789392061	0.5358622267
0.4774779279	0.5225220721	0.780087862	0.5351426043
0.4784789089	0.5215210911	0.7812322562	0.5344247915
0.4794798899	0.5205201101	0.7823723973	0.5337087822
0.4804808709	0.5195191291	0.7835082939	0.5329945703
0.4814818519	0.5185181481	0.7846399547	0.5322821497
0.4824828328	0.5175171672	0.7857673886	0.5315715144
0.4834838138	0.5165161862	0.7868906043	0.5308626584
0.4844847948	0.5155152052	0.7880096105	0.5301555757
0.4854857758	0.5145142242	0.7891244163	0.5294502602
0.4864867568	0.5135132432	0.7902350303	0.5287467061
0.4874877377	0.5125122623	0.7913414617	0.5280449074
0.4884887187	0.5115112813	0.7924437192	0.5273448581
0.4894896997	0.5105103003	0.7935418118	0.5266465524
0.4904906807	0.5095093193	0.7946357487	0.5259499844
0.4914916617	0.5085083383	0.7957255387	0.5252551482
0.4924926426	0.5075073574	0.796811191	0.5245620381
0.4934936236	0.5065063764	0.7978927146	0.5238706481
0.4944946046	0.5055053954	0.7989701187	0.5231809725
0.4954955856	0.5045044144	0.8000434124	0.5224930056
0.4964965666	0.5035034334	0.8011126048	0.5218067415
0.4974975475	0.5025024525	0.8021777051	0.5211221747
0.4984985285	0.5015014715	0.8032387225	0.5204392992
0.4994995095	0.5005004905	0.8042956663	0.5197581096
0.5005004905	0.4994995095	0.8053485457	0.5190786
0.5015014715	0.4984985285	0.80639737	0.5184007649
0.5025024525	0.4974975475	0.8074421485	0.5177245986
0.5035034334	0.4964965666	0.8084828905	0.5170500956
0.5045044144	0.4954955856	0.8095196053	0.5163772502
0.5055053954	0.4944946046	0.8105523022	0.5157060569
0.5065063764	0.4934936236	0.8115809907	0.5150365102
0.5075073574	0.4924926426	0.8126056801	0.5143686045
0.5085083383	0.4914916617	0.8136263799	0.5137023343
0.5095093193	0.4904906807	0.8146430994	0.5130376942
0.5105103003	0.4894896997	0.8156558481	0.5123746787
0.5115112813	0.4884887187	0.8166646355	0.5117132824
0.5125122623	0.4874877377	0.8176694709	0.5110534997
0.5135132432	0.4864867568	0.818670364	0.5103953255
0.5145142242	0.4854857758	0.8196673241	0.5097387542
0.5155152052	0.4844847948	0.8206603609	0.5090837805
0.5165161862	0.4834838138	0.8216494837	0.508430399
0.5175171672	0.4824828328	0.8226347022	0.5077786046
0.5185181481	0.4814818519	0.8236160259	0.5071283918
0.5195191291	0.4804808709	0.8245934643	0.5064797553
0.5205201101	0.4794798899	0.825567027	0.50583269
0.5215210911	0.4784789089	0.8265367236	0.5051871906
0.5225220721	0.4774779279	0.8275025636	0.5045432519
0.5235230531	0.4764769469	0.8284645567	0.5039008686
0.524524034	0.475475966	0.8294227125	0.5032600356
0.525525015	0.474474985	0.8303770406	0.5026207478
0.526525996	0.473474004	0.8313275505	0.5019829999
0.527526977	0.472473023	0.8322742519	0.5013467869
0.528527958	0.471472042	0.8332171545	0.5007121037
0.5295289389	0.4704710611	0.8341562678	0.5000789452
0.5305299199	0.4694700801	0.8350916016	0.4994473063
0.5315309009	0.4684690991	0.8360231654	0.498817182
0.5325318819	0.4674681181	0.836950969	0.4981885673
0.5335328629	0.4664671371	0.8378750219	0.4975614572
0.5345338438	0.4654661562	0.8387953338	0.4969358466
0.5355348248	0.4644651752	0.8397119145	0.4963117306
0.5365358058	0.4634641942	0.8406247735	0.4956891043
0.5375367868	0.4624632132	0.8415339206	0.4950679627
0.5385377678	0.4614622322	0.8424393654	0.494448301
0.5395387487	0.4604612513	0.8433411175	0.4938301141
0.5405397297	0.4594602703	0.8442391868	0.4932133974
0.5415407107	0.4584592893	0.8451335827	0.4925981458
0.5425416917	0.4574583083	0.8460243151	0.4919843547
0.5435426727	0.4564573273	0.8469113936	0.4913720191
0.5445436537	0.4554563463	0.8477948279	0.4907611342
0.5455446346	0.4544553654	0.8486746276	0.4901516953
0.5465456156	0.4534543844	0.8495508024	0.4895436977
0.5475465966	0.4524534034	0.8504233621	0.4889371365
0.5485475776	0.4514524224	0.8512923162	0.488332007
0.5495485586	0.4504514414	0.8521576745	0.4877283046
0.5505495395	0.4494504605	0.8530194467	0.4871260246
0.5515505205	0.4484494795	0.8538776423	0.4865251622
0.5525515015	0.4474484985	0.8547322711	0.4859257129
0.5535524825	0.4464475175	0.8555833428	0.485327672
0.5545534635	0.4454465365	0.8564308669	0.4847310348
0.5555544444	0.4444455556	0.8572748532	0.4841357968
0.5565554254	0.4434445746	0.8581153113	0.4835419534
0.5575564064	0.4424435936	0.8589522508	0.4829495001
0.5585573874	0.4414426126	0.8597856815	0.4823584322
0.5595583684	0.4404416316	0.8606156129	0.4817687453
0.5605593493	0.4394406507	0.8614420546	0.4811804348
0.5615603303	0.4384396697	0.8622650164	0.4805934963
0.5625613113	0.4374386887	0.8630845077	0.4800079253
0.5635622923	0.4364377077	0.8639005384	0.4794237173
0.5645632733	0.4354367267	0.8647131178	0.4788408678
0.5655642543	0.4344357457	0.8655222558	0.4782593725
0.5665652352	0.4334347648	0.8663279617	0.4776792269
0.5675662162	0.4324337838	0.8671302454	0.4771004267
0.5685671972	0.4314328028	0.8679291162	0.4765229675
0.5695681782	0.4304318218	0.8687245839	0.4759468448
0.5705691592	0.4294308408	0.8695166579	0.4753720545
0.5715701401	0.4284298599	0.8703053478	0.474798592
0.5725711211	0.4274288789	0.8710906633	0.4742264533
0.5735721021	0.4264278979	0.8718726138	0.4736556339
0.5745730831	0.4254269169	0.8726512088	0.4730861295
0.5755740641	0.4244259359	0.8734264579	0.472517936
0.576575045	0.423424955	0.8741983706	0.471951049
0.577576026	0.422423974	0.8749669564	0.4713854645
0.578577007	0.421422993	0.8757322249	0.470821178
0.579577988	0.420422012	0.8764941854	0.4702581855
0.580578969	0.419421031	0.8772528475	0.4696964828
0.5815799499	0.4184200501	0.8780082206	0.4691360657
0.5825809309	0.4174190691	0.8787603142	0.4685769301
0.5835819119	0.4164180881	0.8795091378	0.4680190719
0.5845828929	0.4154171071	0.8802547007	0.4674624868
0.5855838739	0.4144161261	0.8809970124	0.4669071709
0.5865848549	0.4134151451	0.8817360823	0.4663531201
0.5875858358	0.4124141642	0.8824719198	0.4658003303
0.5885868168	0.4114131832	0.8832045343	0.4652487974
0.5895877978	0.4104122022	0.8839339352	0.4646985174
0.5905887788	0.4094112212	0.8846601318	0.4641494863
0.5915897598	0.4084102402	0.8853831335	0.4636017001
0.5925907407	0.4074092593	0.8861029496	0.4630551548
0.5935917217	0.4064082783	0.8868195895	0.4625098465
0.5945927027	0.4054072973	0.8875330625	0.4619657711
0.5955936837	0.4044063163	0.8882433778	0.4614229248
0.5965946647	0.4034053353	0.8889505447	0.4608813036
0.5975956456	0.4024043544	0.8896545726	0.4603409036
0.5985966266	0.4014033734	0.8903554707	0.4598017209
0.5995976076	0.4004023924	0.8910532482	0.4592637516
0.6005985886	0.3994014114	0.8917479144	0.4587269919
0.6015995696	0.3984004304	0.8924394785	0.458191438
0.6026005506	0.3973994494	0.8931279497	0.4576570859
0.6036015315	0.3963984685	0.8938133372	0.4571239318
0.6046025125	0.3953974875	0.8944956502	0.456591972
0.6056034935	0.3943965065	0.8951748977	0.4560612027
0.6066044745	0.3933955255	0.8958510891	0.4555316201
0.6076054555	0.3923945445	0.8965242334	0.4550032204
0.6086064364	0.3913935636	0.8971943397	0.4544759998
0.6096074174	0.3903925826	0.8978614171	0.4539499547
0.6106083984	0.3893916016	0.8985254748	0.4534250814
0.6116093794	0.3883906206	0.8991865218	0.452901376
0.6126103604	0.3873896396	0.8998445671	0.452378835
0.6136113413	0.3863886587	0.9004996198	0.4518574547
0.6146123223	0.3853876777	0.9011516889	0.4513372314
0.6156133033	0.3843866967	0.9018007835	0.4508181614
0.6166142843	0.3833857157	0.9024469125	0.4503002411
0.6176152653	0.3823847347	0.9030900849	0.4497834669
0.6186162462	0.3813837538	0.9037303097	0.4492678352
0.6196172272	0.3803827728	0.9043675958	0.4487533424
0.6206182082	0.3793817918	0.9050019521	0.4482399849
0.6216191892	0.3783808108	0.9056333877	0.4477277592
0.6226201702	0.3773798298	0.9062619112	0.4472166617
0.6236211512	0.3763788488	0.9068875317	0.4467066889
0.6246221321	0.3753778679	0.907510258	0.4461978372
0.6256231131	0.3743768869	0.908130099	0.4456901032
0.6266240941	0.3733759059	0.9087470634	0.4451834833
0.6276250751	0.3723749249	0.9093611602	0.4446779741
0.6286260561	0.3713739439	0.909972398	0.444173572
0.629627037	0.370372963	0.9105807857	0.4436702737
0.630628018	0.369371982	0.911186332	0.4431680757
0.631628999	0.368371001	0.9117890458	0.4426669746
0.63262998	0.36737002	0.9123889356	0.4421669669
0.633630961	0.366369039	0.9129860102	0.4416680492
0.6346319419	0.3653680581	0.9135802783	0.4411702182
0.6356329229	0.3643670771	0.9141717486	0.4406734705
0.6366339039	0.3633660961	0.9147604298	0.4401778027
0.6376348849	0.3623651151	0.9153463304	0.4396832115
0.6386358659	0.3613641341	0.9159294591	0.4391896935
0.6396368468	0.3603631532	0.9165098245	0.4386972454
0.6406378278	0.3593621722	0.9170874352	0.4382058639
0.6416388088	0.3583611912	0.9176622998	0.4377155457
0.6426397898	0.3573602102	0.9182344267	0.4372262874
0.6436407708	0.3563592292	0.9188038246	0.4367380859
0.6446417518	0.3553582482	0.9193705019	0.4362509379
0.6456427327	0.3543572673	0.9199344671	0.4357648401
0.6466437137	0.3533562863	0.9204957288	0.4352797892
0.6476446947	0.3523553053	0.9210542953	0.4347957821
0.6486456757	0.3513543243	0.9216101752	0.4343128156
0.6496466567	0.3503533433	0.9221633767	0.4338308864
0.6506476376	0.3493523624	0.9227139084	0.4333499913
0.6516486186	0.3483513814	0.9232617786	0.4328701272
0.6526495996	0.3473504004	0.9238069957	0.4323912909
0.6536505806	0.3463494194	0.924349568	0.4319134792
0.6546515616	0.3453484384	0.9248895038	0.4314366891
0.6556525425	0.3443474575	0.9254268115	0.4309609174
0.6566535235	0.3433464765	0.9259614993	0.4304861609
0.6576545045	0.3423454955	0.9264935756	0.4300124166
0.6586554855	0.3413445145	0.9270230485	0.4295396814
0.6596564665	0.3403435335	0.9275499263	0.4290679522
0.6606574474	0.3393425526	0.9280742172	0.4285972259
0.6616584284	0.3383415716	0.9285959294	0.4281274994
0.6626594094	0.3373405906	0.9291150711	0.4276587698
0.6636603904	0.3363396096	0.9296316504	0.427191034
0.6646613714	0.3353386286	0.9301456755	0.4267242889
0.6656623524	0.3343376476	0.9306571544	0.4262585316
0.6666633333	0.3333366667	0.9311660954	0.4257937591
0.6676643143	0.3323356857	0.9316725064	0.4253299683
0.6686652953	0.3313347047	0.9321763955	0.4248671563
0.6696662763	0.3303337237	0.9326777708	0.4244053201
0.6706672573	0.3293327427	0.9331766402	0.4239444568
0.6716682382	0.3283317618	0.9336730119	0.4234845634
0.6726692192	0.3273307808	0.9341668937	0.423025637
0.6736702002	0.3263297998	0.9346582936	0.4225676746
0.6746711812	0.3253288188	0.9351472196	0.4221106734
0.6756721622	0.3243278378	0.9356336795	0.4216546305
0.6766731431	0.3233268569	0.9361176814	0.421199543
0.6776741241	0.3223258759	0.936599233	0.4207454079
0.6786751051	0.3213248949	0.9370783423	0.4202922225
0.6796760861	0.3203239139	0.9375550171	0.4198399838
0.6806770671	0.3193229329	0.9380292652	0.4193886891
0.681678048	0.318321952	0.9385010944	0.4189383355
0.682679029	0.317320971	0.9389705125	0.4184889201
0.68368001	0.31631999	0.9394375272	0.4180404402
0.684680991	0.315319009	0.9399021464	0.4175928929
0.685681972	0.314318028	0.9403643777	0.4171462755
0.686682953	0.313317047	0.9408242289	0.4167005852
0.6876839339	0.3123160661	0.9412817076	0.4162558191
0.6886849149	0.3113150851	0.9417368215	0.4158119747
0.6896858959	0.3103141041	0.9421895783	0.415369049
0.6906868769	0.3093131231	0.9426399855	0.4149270394
0.6916878579	0.3083121421	0.9430880509	0.4144859431
0.6926888388	0.3073111612	0.9435337819	0.4140457574
0.6936898198	0.3063101802	0.9439771862	0.4136064796
0.6946908008	0.3053091992	0.9444182713	0.413168107
0.6956917818	0.3043082182	0.9448570447	0.4127306369
0.6966927628	0.3033072372	0.9452935139	0.4122940666
0.6976937437	0.3023062563	0.9457276865	0.4118583935
0.6986947247	0.3013052753	0.9461595699	0.4114236149
0.6996957057	0.3003042943	0.9465891716	0.4109897282
0.7006966867	0.2993033133	0.9470164989	0.4105567307
0.7016976677	0.2983023323	0.9474415594	0.4101246197
0.7026986486	0.2973013514	0.9478643603	0.4096933927
0.7036996296	0.2963003704	0.9482849091	0.4092630471
0.7047006106	0.2952993894	0.9487032131	0.4088335802
0.7057015916	0.2942984084	0.9491192797	0.4084049895
0.7067025726	0.2932974274	0.9495331161	0.4079772724
0.7077035536	0.2922964464	0.9499447297	0.4075504263
0.7087045345	0.2912954655	0.9503541277	0.4071244486
0.7097055155	0.2902944845	0.9507613174	0.4066993368
0.7107064965	0.2892935035	0.9511663061	0.4062750884
0.7117074775	0.2882925225	0.9515691009	0.4058517008
0.7127084585	0.2872915415	0.951969709	0.4054291715
0.7137094394	0.2862905606	0.9523681376	0.405007498
0.7147104204	0.2852895796	0.9527643938	0.4045866777
0.7157114014	0.2842885986	0.9531584849	0.4041667082
0.7167123824	0.2832876176	0.9535504179	0.4037475871
0.7177133634	0.2822866366	0.9539401999	0.4033293117
0.7187143443	0.2812856557	0.954327838	0.4029118797
0.7197153253	0.2802846747	0.9547133393	0.4024952886
0.7207163063	0.2792836937	0.9550967107	0.4020795359
0.7217172873	0.2782827127	0.9554779594	0.4016646192
0.7227182683	0.2772817317	0.9558570923	0.4012505361
0.7237192492	0.2762807508	0.9562341163	0.4008372841
0.7247202302	0.2752797698	0.9566090385	0.4004248608
0.7257212112	0.2742787888	0.9569818658	0.4000132639
0.7267221922	0.2732778078	0.9573526051	0.3996024909
0.7277231732	0.2722768268	0.9577212634	0.3991925394
0.7287241542	0.2712758458	0.9580878474	0.3987834071
0.7297251351	0.2702748649	0.9584523641	0.3983750915
0.7307261161	0.2692738839	0.9588148203	0.3979675904
0.7317270971	0.2682729029	0.9591752228	0.3975609014
0.7327280781	0.2672719219	0.9595335785	0.3971550221
0.7337290591	0.2662709409	0.959889894	0.3967499502
0.73473004	0.26526996	0.9602441763	0.3963456833
0.735731021	0.264268979	0.960596432	0.3959422192
0.736732002	0.263267998	0.9609466679	0.3955395556
0.737732983	0.262267017	0.9612948907	0.39513769
0.738733964	0.261266036	0.961641107	0.3947366203
0.7397349449	0.2602650551	0.9619853235	0.3943363442
0.7407359259	0.2592640741	0.962327547	0.3939368593
0.7417369069	0.2582630931	0.9626677839	0.3935381635
0.7427378879	0.2572621121	0.963006041	0.3931402544
0.7437388689	0.2562611311	0.9633423248	0.3927431298
0.7447398498	0.2552601502	0.9636766419	0.3923467874
0.7457408308	0.2542591692	0.9640089989	0.3919512251
0.7467418118	0.2532581882	0.9643394023	0.3915564406
0.7477427928	0.2522572072	0.9646678586	0.3911624316
0.7487437738	0.2512562262	0.9649943743	0.390769196
0.7497447548	0.2502552452	0.9653189558	0.3903767316
0.7507457357	0.2492542643	0.9656416098	0.3899850361
0.7517467167	0.2482532833	0.9659623425	0.3895941074
0.7527476977	0.2472523023	0.9662811605	0.3892039433
0.7537486787	0.2462513213	0.96659807	0.3888145416
0.7547496597	0.2452503403	0.9669130776	0.3884259002
0.7557506406	0.2442493594	0.9672261896	0.3880380169
0.7567516216	0.2432483784	0.9675374122	0.3876508895
0.7577526026	0.2422473974	0.967846752	0.387264516
0.7587535836	0.2412464164	0.9681542151	0.3868788941
0.7597545646	0.2402454354	0.9684598078	0.3864940219
0.7607555455	0.2392444545	0.9687635365	0.386109897
0.7617565265	0.2382434735	0.9690654074	0.3857265175
0.7627575075	0.2372424925	0.9693654267	0.3853438812
0.7637584885	0.2362415115	0.9696636006	0.3849619861
0.7647594695	0.2352405305	0.9699599354	0.38458083
0.7657604505	0.2342395495	0.9702544372	0.3842004108
0.7667614314	0.2332385686	0.9705471122	0.3838207266
0.7677624124	0.2322375876	0.9708379665	0.3834417752
0.7687633934	0.2312366066	0.9711270063	0.3830635546
0.7697643744	0.2302356256	0.9714142376	0.3826860627
0.7707653554	0.2292346446	0.9716996666	0.3823092975
0.7717663363	0.2282336637	0.9719832993	0.381933257
0.7727673173	0.2272326827	0.9722651418	0.381557939
0.7737682983	0.2262317017	0.9725452	0.3811833417
0.7747692793	0.2252307207	0.9728234802	0.380809463
0.7757702603	0.2242297397	0.9730999881	0.3804363008
0.7767712412	0.2232287588	0.9733747298	0.3800638533
0.7777722222	0.2222277778	0.9736477113	0.3796921183
0.7787732032	0.2212267968	0.9739189385	0.3793210939
0.7797741842	0.2202258158	0.9741884174	0.3789507782
0.7807751652	0.2192248348	0.9744561538	0.3785811691
0.7817761461	0.2182238539	0.9747221536	0.3782122647
0.7827771271	0.2172228729	0.9749864228	0.3778440631
0.7837781081	0.2162218919	0.9752489671	0.3774765622
0.7847790891	0.2152209109	0.9755097924	0.3771097602
0.7857800701	0.2142199299	0.9757689045	0.3767436551
0.7867810511	0.2132189489	0.9760263092	0.376378245
0.787782032	0.212217968	0.9762820123	0.376013528
0.788783013	0.211216987	0.9765360196	0.3756495021
0.789783994	0.210216006	0.9767883368	0.3752861654
0.790784975	0.209215025	0.9770389697	0.3749235161
0.791785956	0.208214044	0.9772879239	0.3745615522
0.7927869369	0.2072130631	0.9775352052	0.3742002719
0.7937879179	0.2062120821	0.9777808192	0.3738396732
0.7947888989	0.2052111011	0.9780247716	0.3734797543
0.7957898799	0.2042101201	0.978267068	0.3731205134
0.7967908609	0.2032091391	0.9785077141	0.3727619485
0.7977918418	0.2022081582	0.9787467155	0.3724040578
0.7987928228	0.2012071772	0.9789840777	0.3720468395
0.7997938038	0.2002061962	0.9792198063	0.3716902917
0.8007947848	0.1992052152	0.979453907	0.3713344126
0.8017957658	0.1982042342	0.9796863851	0.3709792004
0.8027967467	0.1972032533	0.9799172464	0.3706246532
0.8037977277	0.1962022723	0.9801464961	0.3702707692
0.8047987087	0.1952012913	0.98037414	0.3699175466
0.8057996897	0.1942003103	0.9806001833	0.3695649836
0.8068006707	0.1931993293	0.9808246316	0.3692130784
0.8078016517	0.1921983483	0.9810474903	0.3688618292
0.8088026326	0.1911973674	0.9812687649	0.3685112342
0.8098036136	0.1901963864	0.9814884607	0.3681612917
0.8108045946	0.1891954054	0.981706583	0.3678119999
0.8118055756	0.1881944244	0.9819231374	0.367463357
0.8128065566	0.1871934434	0.9821381291	0.3671153612
0.8138075375	0.1861924625	0.9823515635	0.3667680109
0.8148085185	0.1851914815	0.9825634459	0.3664213041
0.8158094995	0.1841905005	0.9827737816	0.3660752393
0.8168104805	0.1831895195	0.9829825759	0.3657298147
0.8178114615	0.1821885385	0.983189834	0.3653850285
0.8188124424	0.1811875576	0.9833955612	0.365040879
0.8198134234	0.1801865766	0.9835997628	0.3646973645
0.8208144044	0.1791855956	0.9838024439	0.3643544833
0.8218153854	0.1781846146	0.9840036098	0.3640122337
0.8228163664	0.1771836336	0.9842032657	0.363670614
0.8238173473	0.1761826527	0.9844014167	0.3633296225
0.8248183283	0.1751816717	0.9845980679	0.3629892574
0.8258193093	0.1741806907	0.9847932246	0.3626495172
0.8268202903	0.1731797097	0.9849868918	0.3623104001
0.8278212713	0.1721787287	0.9851790747	0.3619719045
0.8288222523	0.1711777477	0.9853697783	0.3616340287
0.8298232332	0.1701767668	0.9855590077	0.3612967711
0.8308242142	0.1691757858	0.985746768	0.3609601299
0.8318251952	0.1681748048	0.9859330642	0.3606241036
0.8328261762	0.1671738238	0.9861179014	0.3602886905
0.8338271572	0.1661728428	0.9863012844	0.359953889
0.8348281381	0.1651718619	0.9864832185	0.3596196974
0.8358291191	0.1641708809	0.9866637084	0.3592861142
0.8368301001	0.1631698999	0.9868427592	0.3589531376
0.8378310811	0.1621689189	0.9870203759	0.3586207661
0.8388320621	0.1611679379	0.9871965633	0.358288998
0.839833043	0.160166957	0.9873713264	0.3579578319
0.840834024	0.159165976	0.9875446701	0.357627266
0.841835005	0.158164995	0.9877165992	0.3572972988
0.842835986	0.157164014	0.9878871187	0.3569679286
0.843836967	0.156163033	0.9880562333	0.356639154
0.8448379479	0.1551620521	0.988223948	0.3563109734
0.8458389289	0.1541610711	0.9883902675	0.355983385
0.8468399099	0.1531600901	0.9885551967	0.3556563875
0.8478408909	0.1521591091	0.9887187402	0.3553299793
0.8488418719	0.1511581281	0.9888809031	0.3550041587
0.8498428529	0.1501571471	0.9890416898	0.3546789242
0.8508438338	0.1491561662	0.9892011054	0.3543542744
0.8518448148	0.1481551852	0.9893591543	0.3540302076
0.8528457958	0.1471542042	0.9895158414	0.3537067223
0.8538467768	0.1461532232	0.9896711714	0.353383817
0.8548477578	0.1451522422	0.989825149	0.3530614902
0.8558487387	0.1441512613	0.9899777788	0.3527397403
0.8568497197	0.1431502803	0.9901290654	0.3524185659
0.8578507007	0.1421492993	0.9902790136	0.3520979654
0.8588516817	0.1411483183	0.9904276279	0.3517779374
0.8598526627	0.1401473373	0.990574913	0.3514584803
0.8608536436	0.1391463564	0.9907208734	0.3511395926
0.8618546246	0.1381453754	0.9908655138	0.3508212729
0.8628556056	0.1371443944	0.9910088387	0.3505035196
0.8638565866	0.1361434134	0.9911508526	0.3501863313
0.8648575676	0.1351424324	0.9912915601	0.3498697066
0.8658585485	0.1341414515	0.9914309657	0.3495536439
0.8668595295	0.1331404705	0.9915690739	0.3492381418
0.8678605105	0.1321394895	0.9917058892	0.3489231989
0.8688614915	0.1311385085	0.9918414161	0.3486088136
0.8698624725	0.1301375275	0.9919756591	0.3482949846
0.8708634535	0.1291365465	0.9921086225	0.3479817104
0.8718644344	0.1281355656	0.9922403109	0.3476689895
0.8728654154	0.1271345846	0.9923707287	0.3473568205
0.8738663964	0.1261336036	0.9924998802	0.347045202
0.8748673774	0.1251326226	0.9926277699	0.3467341326
0.8758683584	0.1241316416	0.9927544021	0.3464236109
0.8768693393	0.1231306607	0.9928797812	0.3461136354
0.8778703203	0.1221296797	0.9930039115	0.3458042047
0.8788713013	0.1211286987	0.9931267975	0.3454953175
0.8798722823	0.1201277177	0.9932484433	0.3451869722
0.8808732633	0.1191267367	0.9933688534	0.3448791676
0.8818742442	0.1181257558	0.9934880319	0.3445719023
0.8828752252	0.1171247748	0.9936059833	0.3442651748
0.8838762062	0.1161237938	0.9937227117	0.3439589837
0.8848771872	0.1151228128	0.9938382214	0.3436533278
0.8858781682	0.1141218318	0.9939525166	0.3433482056
0.8868791491	0.1131208509	0.9940656016	0.3430436157
0.8878801301	0.1121198699	0.9941774806	0.3427395569
0.8888811111	0.1111188889	0.9942881578	0.3424360276
0.8898820921	0.1101179079	0.9943976373	0.3421330267
0.8908830731	0.1091169269	0.9945059233	0.3418305526
0.8918840541	0.1081159459	0.9946130201	0.3415286042
0.892885035	0.107114965	0.9947189316	0.34122718
0.893886016	0.106113984	0.9948236621	0.3409262787
0.894886997	0.105113003	0.9949272157	0.340625899
0.895887978	0.104112022	0.9950295965	0.3403260396
0.896888959	0.103111041	0.9951308085	0.340026699
0.8978899399	0.1021100601	0.9952308559	0.3397278761
0.8988909209	0.1011090791	0.9953297426	0.3394295695
0.8998919019	0.1001080981	0.9954274728	0.3391317779
0.9008928829	0.09910711712	0.9955240505	0.3388344999
0.9018938639	0.09810613614	0.9956194797	0.3385377343
0.9028948448	0.09710515516	0.9957137644	0.3382414798
0.9038958258	0.09610417417	0.9958069087	0.3379457351
0.9048968068	0.09510319319	0.9958989164	0.3376504989
0.9058977878	0.09410221221	0.9959897916	0.3373557699
0.9068987688	0.09310123123	0.9960795382	0.3370615468
0.9078997497	0.09210025025	0.9961681602	0.3367678284
0.9089007307	0.09109926927	0.9962556615	0.3364746134
0.9099017117	0.09009828829	0.996342046	0.3361819005
0.9109026927	0.08909730731	0.9964273176	0.3358896884
0.9119036737	0.08809632633	0.9965114802	0.335597976
0.9129046547	0.08709534535	0.9965945378	0.3353067619
0.9139056356	0.08609436436	0.9966764941	0.3350160449
0.9149066166	0.08509338338	0.996757353	0.3347258237
0.9159075976	0.0840924024	0.9968371184	0.3344360971
0.9169085786	0.08309142142	0.996915794	0.3341468639
0.9179095596	0.08209044044	0.9969933838	0.3338581228
0.9189105405	0.08108945946	0.9970698915	0.3335698727
0.9199115215	0.08008847848	0.9971453209	0.3332821121
0.9209125025	0.0790874975	0.9972196758	0.3329948401
0.9219134835	0.07808651652	0.9972929599	0.3327080552
0.9229144645	0.07708553554	0.9973651771	0.3324217564
0.9239154454	0.07608455455	0.9974363309	0.3321359424
0.9249164264	0.07508357357	0.9975064253	0.331850612
0.9259174074	0.07408259259	0.9975754639	0.3315657639
0.9269183884	0.07308161161	0.9976434503	0.3312813971
0.9279193694	0.07208063063	0.9977103884	0.3309975102
0.9289203504	0.07107964965	0.9977762817	0.3307141022
0.9299213313	0.07007866867	0.997841134	0.3304311718
0.9309223123	0.06907768769	0.9979049488	0.3301487178
0.9319232933	0.06807670671	0.9979677299	0.3298667391
0.9329242743	0.06707572573	0.9980294809	0.3295852344
0.9339252553	0.06607474474	0.9980902054	0.3293042026
0.9349262362	0.06507376376	0.9981499071	0.3290236426
0.9359272172	0.06407278278	0.9982085894	0.3287435532
0.9369281982	0.0630718018	0.998266256	0.3284639332
0.9379291792	0.06207082082	0.9983229105	0.3281847814
0.9389301602	0.06106983984	0.9983785564	0.3279060967
0.9399311411	0.06006885886	0.9984331972	0.327627878
0.9409321221	0.05906787788	0.9984868366	0.327350124
0.9419331031	0.0580668969	0.9985394781	0.3270728338
0.9429340841	0.05706591592	0.9985911251	0.326796006
0.9439350651	0.05606493493	0.9986417811	0.3265196397
0.944936046	0.05506395395	0.9986914498	0.3262437336
0.945937027	0.05406297297	0.9987401344	0.3259682866
0.946938008	0.05306199199	0.9987878386	0.3256932976
0.947938989	0.05206101101	0.9988345657	0.3254187655
0.94893997	0.05106003003	0.9988803192	0.3251446892
0.949940951	0.05005904905	0.9989251025	0.3248710675
0.9509419319	0.04905806807	0.9989689191	0.3245978993
0.9519429129	0.04805708709	0.9990117724	0.3243251836
0.9529438939	0.04705610611	0.9990536658	0.3240529192
0.9539448749	0.04605512513	0.9990946027	0.3237811051
0.9549458559	0.04505414414	0.9991345863	0.32350974
0.9559468368	0.04405316316	0.9991736202	0.3232388231
0.9569478178	0.04305218218	0.9992117077	0.322968353
0.9579487988	0.0420512012	0.9992488521	0.3226983288
0.9589497798	0.04105022022	0.9992850567	0.3224287495
0.9599507608	0.04004923924	0.9993203249	0.3221596138
0.9609517417	0.03904825826	0.9993546599	0.3218909207
0.9619527227	0.03804727728	0.9993880652	0.3216226692
0.9629537037	0.0370462963	0.9994205439	0.3213548582
0.9639546847	0.03604531532	0.9994520994	0.3210874866
0.9649556657	0.03504433433	0.9994827349	0.3208205534
0.9659566466	0.03404335335	0.9995124536	0.3205540574
0.9669576276	0.03304237237	0.9995412589	0.3202879977
0.9679586086	0.03204139139	0.9995691539	0.3200223732
0.9689595896	0.03104041041	0.999596142	0.3197571829
0.9699605706	0.03003942943	0.9996222262	0.3194924256
0.9709615516	0.02903844845	0.9996474098	0.3192281004
0.9719625325	0.02803746747	0.999671696	0.3189642063
0.9729635135	0.02703648649	0.999695088	0.3187007421
0.9739644945	0.02603550551	0.9997175889	0.3184377068
0.9749654755	0.02503452452	0.999739202	0.3181750995
0.9759664565	0.02403354354	0.9997599303	0.3179129191
0.9769674374	0.02303256256	0.999779777	0.3176511645
0.9779684184	0.02203158158	0.9997987453	0.3173898348
0.9789693994	0.0210306006	0.9998168382	0.3171289289
0.9799703804	0.02002961962	0.9998340588	0.3168684459
0.9809713614	0.01902863864	0.9998504103	0.3166083846
0.9819723423	0.01802765766	0.9998658958	0.3163487442
0.9829733233	0.01702667668	0.9998805183	0.3160895235
0.9839743043	0.0160256957	0.9998942809	0.3158307217
0.9849752853	0.01502471471	0.9999071866	0.3155723377
0.9859762663	0.01402373373	0.9999192386	0.3153143705
0.9869772472	0.01302275275	0.9999304397	0.315056819
0.9879782282	0.01202177177	0.9999407932	0.3147996825
0.9889792092	0.01102079079	0.9999503019	0.3145429597
0.9899801902	0.01001980981	0.999958969	0.3142866499
0.9909811712	0.009018828829	0.9999667973	0.3140307519
0.9919821522	0.008017847848	0.9999737899	0.3137752648
0.9929831331	0.007016866867	0.9999799497	0.3135201877
0.9939841141	0.006015885886	0.9999852798	0.3132655195
0.9949850951	0.005014904905	0.9999897831	0.3130112593
0.9959860761	0.004013923924	0.9999934625	0.3127574061
0.9969870571	0.003012942943	0.9999963209	0.3125039591
0.997988038	0.002011961962	0.9999983614	0.3122509171
0.998989019	0.001010980981	0.9999995868	0.3119982793
0.99999	1e-05	1	0.3117460447
