1e-05	0.99999	36.58590007	1.000000006
0.001010980981	0.998989019	32.5232146	1.000059812
0.002011961962	0.997988038	29.02226522	1.000231937
0.003012942943	0.9969870571	25.99341123	1.000509368
0.004013923924	0.9959860761	23.36298638	1.000885519
0.005014904905	0.9949850951	21.07018392	1.001354198
0.006015885886	0.9939841141	19.06459701	1.001909583
0.007016866867	0.9929831331	17.30426732	1.002546192
0.008017847848	0.9919821522	15.7541296	1.003258863
0.009018828829	0.9909811712	14.38476611	1.004042731
0.01001980981	0.9899801902	13.17140498	1.004893206
0.01102079079	0.9889792092	12.0931112	1.005805959
0.01202177177	0.9879782282	11.13213056	1.006776904
0.01302275275	0.9869772472	10.27335544	1.007802178
0.01402373373	0.9859762663	9.503888251	1.008878133
0.01502471471	0.9849752853	8.812683228	1.010001319
0.0160256957	0.9839743043	8.190251484	1.011168472
0.01702667668	0.9829733233	7.628417325	1.012376505
0.01802765766	0.9819723423	7.120116185	1.013622492
0.01902863864	0.9809713614	6.659226537	1.014903665
0.02002961962	0.9799703804	6.240429619	1.016217399
0.0210306006	0.9789693994	5.859091988	1.017561208
0.02203158158	0.9779684184	5.511166903	1.018932734
0.02303256256	0.9769674374	5.193111266	1.020329742
0.02403354354	0.9759664565	4.90181547	1.021750108
0.02503452452	0.9749654755	4.634543969	1.023191822
0.02603550551	0.9739644945	4.388884814	1.024652972
0.02703648649	0.9729635135	4.162706675	1.026131745
0.02803746747	0.9719625325	3.95412214	1.027626418
0.02903844845	0.9709615516	3.761456316	1.029135356
0.03003942943	0.9699605706	3.583219876	1.030657005
0.03104041041	0.9689595896	3.41808588	1.032189889
0.03204139139	0.9679586086	3.264869801	1.033732606
0.03304237237	0.9669576276	3.122512255	1.035283823
0.03404335335	0.9659566466	2.990064058	1.036842274
0.03504433433	0.9649556657	2.866673248	1.038406755
0.03604531532	0.9639546847	2.751573811	1.039976122
0.0370462963	0.9629537037	2.644075844	1.041549288
0.03804727728	0.9619527227	2.543556976	1.043125219
0.03904825826	0.9609517417	2.449454861	1.044702933
0.04004923924	0.9599507608	2.361260592	1.046281497
0.04105022022	0.9589497798	2.278512926	1.047860023
0.0420512012	0.9579487988	2.200793199	1.049437669
0.04305218218	0.9569478178	2.127720843	1.051013632
0.04405316316	0.9559468368	2.058949434	1.052587152
0.04505414414	0.9549458559	1.994163195	1.054157507
0.04605512513	0.9539448749	1.933073893	1.055724008
0.04705610611	0.9529438939	1.875418095	1.057286004
0.04805708709	0.9519429129	1.820954725	1.058842877
0.04905806807	0.9509419319	1.769462889	1.060394037
0.05005904905	0.949940951	1.720739937	1.061938929
0.05106003003	0.94893997	1.674599738	1.063477022
0.05206101101	0.947938989	1.630871128	1.065007816
0.05306199199	0.946938008	1.589396532	1.066530835
0.05406297297	0.945937027	1.55003072	1.068045629
0.05506395395	0.944936046	1.512639695	1.069551772
0.05606493493	0.9439350651	1.477099692	1.071048859
0.05706591592	0.9429340841	1.443296276	1.07253651
0.0580668969	0.9419331031	1.411123534	1.074014362
0.05906787788	0.9409321221	1.380483337	1.075482076
0.06006885886	0.9399311411	1.351284686	1.076939328
0.06106983984	0.9389301602	1.323443105	1.078385816
0.06207082082	0.9379291792	1.296880108	1.079821252
0.0630718018	0.9369281982	1.2715227	1.081245368
0.06407278278	0.9359272172	1.247302937	1.082657909
0.06507376376	0.9349262362	1.22415752	1.084058637
0.06607474474	0.9339252553	1.202027422	1.085447329
0.06707572573	0.9329242743	1.180857562	1.086823775
0.06807670671	0.9319232933	1.160596488	1.088187777
0.06907768769	0.9309223123	1.141196107	1.089539153
0.07007866867	0.9299213313	1.122611428	1.090877732
0.07107964965	0.9289203504	1.104800326	1.092203353
0.07208063063	0.9279193694	1.087723332	1.093515869
0.07308161161	0.9269183884	1.071343439	1.094815142
0.07408259259	0.9259174074	1.055625919	1.096101045
0.07508357357	0.9249164264	1.040538163	1.097373461
0.07608455455	0.9239154454	1.026049527	1.098632282
0.07708553554	0.9229144645	1.012131195	1.099877409
0.07808651652	0.9219134835	0.9987560524	1.101108753
0.0790874975	0.9209125025	0.985898566	1.102326231
0.08008847848	0.9199115215	0.9735346781	1.10352977
0.08108945946	0.9189105405	0.9616417057	1.104719304
0.08209044044	0.9179095596	0.9501982484	1.105894774
0.08309142142	0.9169085786	0.9391841034	1.107056129
0.0840924024	0.9159075976	0.9285801869	1.108203323
0.08509338338	0.9149066166	0.9183684611	1.109336317
0.08609436436	0.9139056356	0.9085318671	1.11045508
0.08709534535	0.9129046547	0.899054262	1.111559584
0.08809632633	0.9119036737	0.8899203612	1.112649809
0.08909730731	0.9109026927	0.881115685	1.11372574
0.09009828829	0.9099017117	0.8726265079	1.114787364
0.09109926927	0.9089007307	0.864439813	1.115834678
0.09210025025	0.9078997497	0.8565432483	1.116867681
0.09310123123	0.9068987688	0.848925087	1.117886375
0.09410221221	0.9058977878	0.84157419	1.11889077
0.09510319319	0.9048968068	0.8344799708	1.119880878
0.09610417417	0.9038958258	0.8276323634	1.120856714
0.09710515516	0.9028948448	0.821021792	1.121818299
0.09810613614	0.9018938639	0.8146391426	1.122765655
0.09910711712	0.9008928829	0.8084757365	1.123698811
0.1001080981	0.8998919019	0.8025233059	1.124617797
0.1011090791	0.8988909209	0.7967739708	1.125522645
0.1021100601	0.8978899399	0.7912202172	1.126413392
0.103111041	0.896888959	0.785854877	1.127290078
0.104112022	0.895887978	0.7806711092	1.128152744
0.105113003	0.894886997	0.7756623819	1.129001435
0.106113984	0.893886016	0.7708224559	1.129836198
0.107114965	0.892885035	0.7661453689	1.130657083
0.1081159459	0.8918840541	0.7616254212	1.131464141
0.1091169269	0.8908830731	0.7572571614	1.132257426
0.1101179079	0.8898820921	0.7530353739	1.133036994
0.1111188889	0.8888811111	0.7489550664	1.133802902
0.1121198699	0.8878801301	0.7450114588	1.13455521
0.1131208509	0.8868791491	0.7411999723	1.13529398
0.1141218318	0.8858781682	0.7375162192	1.136019274
0.1151228128	0.8848771872	0.7339559934	1.136731157
0.1161237938	0.8838762062	0.7305152612	1.137429695
0.1171247748	0.8828752252	0.7271901534	1.138114955
0.1181257558	0.8818742442	0.7239769566	1.138787007
0.1191267367	0.8808732633	0.720872106	1.139445919
0.1201277177	0.8798722823	0.7178721783	1.140091763
0.1211286987	0.8788713013	0.7149738847	1.140724612
0.1221296797	0.8778703203	0.712174065	1.141344539
0.1231306607	0.8768693393	0.7094696809	1.141951618
0.1241316416	0.8758683584	0.706857811	1.142545924
0.1251326226	0.8748673774	0.704335645	1.143127533
0.1261336036	0.8738663964	0.7019004787	1.143696522
0.1271345846	0.8728654154	0.6995497091	1.144252968
0.1281355656	0.8718644344	0.6972808301	1.144796951
0.1291365465	0.8708634535	0.6950914276	1.145328548
0.1301375275	0.8698624725	0.6929791762	1.14584784
0.1311385085	0.8688614915	0.6909418346	1.146354906
0.1321394895	0.8678605105	0.6889772421	1.146849827
0.1331404705	0.8668595295	0.6870833152	1.147332684
0.1341414515	0.8658585485	0.6852580442	1.147803559
0.1351424324	0.8648575676	0.6834994901	1.148262532
0.1361434134	0.8638565866	0.6818057816	1.148709688
0.1371443944	0.8628556056	0.6801751118	1.149145107
0.1381453754	0.8618546246	0.6786057362	1.149568872
0.1391463564	0.8608536436	0.6770959696	1.149981068
0.1401473373	0.8598526627	0.6756441839	1.150381776
0.1411483183	0.8588516817	0.6742488056	1.15077108
0.1421492993	0.8578507007	0.6729083135	1.151149064
0.1431502803	0.8568497197	0.6716212368	1.151515811
0.1441512613	0.8558487387	0.670386153	1.151871405
0.1451522422	0.8548477578	0.669201686	1.152215929
0.1461532232	0.8538467768	0.6680665039	1.152549468
0.1471542042	0.8528457958	0.6669793178	1.152872105
0.1481551852	0.8518448148	0.6659388798	1.153183924
0.1491561662	0.8508438338	0.6649439815	1.153485008
0.1501571471	0.8498428529	0.6639934523	1.153775442
0.1511581281	0.8488418719	0.6630861583	1.154055309
0.1521591091	0.8478408909	0.6622210005	1.154324691
0.1531600901	0.8468399099	0.6613969138	1.154583674
0.1541610711	0.8458389289	0.6606128655	1.154832339
0.1551620521	0.8448379479	0.6598678542	1.15507077
0.156163033	0.843836967	0.6591609086	1.155299049
0.157164014	0.842835986	0.6584910865	1.15551726
0.158164995	0.841835005	0.6578574736	1.155725485
0.159165976	0.840834024	0.6572591824	1.155923806
0.160166957	0.839833043	0.6566953515	1.156112306
0.1611679379	0.8388320621	0.6561651444	1.156291065
0.1621689189	0.8378310811	0.6556677489	1.156460165
0.1631698999	0.8368301001	0.6552023758	1.156619688
0.1641708809	0.8358291191	0.6547682587	1.156769715
0.1651718619	0.8348281381	0.6543646525	1.156910326
0.1661728428	0.8338271572	0.6539908332	1.157041601
0.1671738238	0.8328261762	0.653646097	1.157163621
0.1681748048	0.8318251952	0.6533297595	1.157276466
0.1691757858	0.8308242142	0.6530411552	1.157380214
0.1701767668	0.8298232332	0.6527796366	1.157474944
0.1711777477	0.8288222523	0.6525445741	1.157560736
0.1721787287	0.8278212713	0.6523353549	1.157637668
0.1731797097	0.8268202903	0.6521513825	1.157705817
0.1741806907	0.8258193093	0.6519920764	1.157765261
0.1751816717	0.8248183283	0.6518568715	1.157816078
0.1761826527	0.8238173473	0.6517452175	1.157858344
0.1771836336	0.8228163664	0.6516565784	1.157892135
0.1781846146	0.8218153854	0.6515904321	1.157917527
0.1791855956	0.8208144044	0.6515462702	1.157934597
0.1801865766	0.8198134234	0.651523597	1.157943419
0.1811875576	0.8188124424	0.6515219295	1.157944068
0.1821885385	0.8178114615	0.6515407971	1.157936618
0.1831895195	0.8168104805	0.6515797408	1.157921144
0.1841905005	0.8158094995	0.6516383132	1.157897718
0.1851914815	0.8148085185	0.6517160779	1.157866415
0.1861924625	0.8138075375	0.6518126095	1.157827305
0.1871934434	0.8128065566	0.6519274927	1.157780463
0.1881944244	0.8118055756	0.6520603225	1.157725958
0.1891954054	0.8108045946	0.6522107039	1.157663864
0.1901963864	0.8098036136	0.652378251	1.15759425
0.1911973674	0.8088026326	0.6525625875	1.157517187
0.1921983483	0.8078016517	0.6527633459	1.157432745
0.1931993293	0.8068006707	0.6529801674	1.157340993
0.1942003103	0.8057996897	0.6532127016	1.157242001
0.1952012913	0.8047987087	0.6534606064	1.157135837
0.1962022723	0.8037977277	0.6537235477	1.157022569
0.1972032533	0.8027967467	0.6540011988	1.156902266
0.1982042342	0.8017957658	0.654293241	1.156774993
0.1992052152	0.8007947848	0.6545993625	1.156640819
0.2002061962	0.7997938038	0.6549192588	1.156499809
0.2012071772	0.7987928228	0.6552526321	1.156352029
0.2022081582	0.7977918418	0.6555991914	1.156197545
0.2032091391	0.7967908609	0.6559586523	1.156036421
0.2042101201	0.7957898799	0.6563307365	1.155868722
0.2052111011	0.7947888989	0.656715172	1.155694513
0.2062120821	0.7937879179	0.6571116929	1.155513856
0.2072130631	0.7927869369	0.6575200388	1.155326815
0.208214044	0.791785956	0.6579399552	1.155133452
0.209215025	0.790784975	0.6583711931	1.15493383
0.210216006	0.789783994	0.6588135088	1.154728011
0.211216987	0.788783013	0.6592666637	1.154516055
0.212217968	0.787782032	0.6597304246	1.154298024
0.2132189489	0.7867810511	0.6602045629	1.154073977
0.2142199299	0.7857800701	0.6606888551	1.153843975
0.2152209109	0.7847790891	0.6611830822	1.153608078
0.2162218919	0.7837781081	0.6616870299	1.153366344
0.2172228729	0.7827771271	0.6622004881	1.153118831
0.2182238539	0.7817761461	0.6627232515	1.152865599
0.2192248348	0.7807751652	0.6632551186	1.152606704
0.2202258158	0.7797741842	0.6637958921	1.152342204
0.2212267968	0.7787732032	0.664345379	1.152072156
0.2222277778	0.7777722222	0.6649033899	1.151796616
0.2232287588	0.7767712412	0.6654697394	1.15151564
0.2242297397	0.7757702603	0.6660442456	1.151229283
0.2252307207	0.7747692793	0.6666267305	1.150937601
0.2262317017	0.7737682983	0.6672170196	1.150640648
0.2272326827	0.7727673173	0.6678149416	1.150338478
0.2282336637	0.7717663363	0.6684203289	1.150031144
0.2292346446	0.7707653554	0.6690330171	1.149718701
0.2302356256	0.7697643744	0.6696528448	1.149401201
0.2312366066	0.7687633934	0.670279654	1.149078697
0.2322375876	0.7677624124	0.6709132897	1.14875124
0.2332385686	0.7667614314	0.6715535998	1.148418882
0.2342395495	0.7657604505	0.6722004351	1.148081674
0.2352405305	0.7647594695	0.6728536495	1.147739668
0.2362415115	0.7637584885	0.6735130994	1.147392913
0.2372424925	0.7627575075	0.6741786439	1.147041459
0.2382434735	0.7617565265	0.6748501452	1.146685357
0.2392444545	0.7607555455	0.6755274675	1.146324654
0.2402454354	0.7597545646	0.6762104779	1.1459594
0.2412464164	0.7587535836	0.6768990459	1.145589642
0.2422473974	0.7577526026	0.6775930435	1.14521543
0.2432483784	0.7567516216	0.6782923449	1.14483681
0.2442493594	0.7557506406	0.6789968268	1.14445383
0.2452503403	0.7547496597	0.679706368	1.144066536
0.2462513213	0.7537486787	0.6804208495	1.143674974
0.2472523023	0.7527476977	0.6811401548	1.143279191
0.2482532833	0.7517467167	0.681864169	1.142879232
0.2492542643	0.7507457357	0.6825927798	1.142475142
0.2502552452	0.7497447548	0.6833258765	1.142066967
0.2512562262	0.7487437738	0.6840633507	1.141654749
0.2522572072	0.7477427928	0.6848050957	1.141238534
0.2532581882	0.7467418118	0.6855510068	1.140818365
0.2542591692	0.7457408308	0.6863009812	1.140394285
0.2552601502	0.7447398498	0.687054918	1.139966337
0.2562611311	0.7437388689	0.6878127178	1.139534564
0.2572621121	0.7427378879	0.6885742832	1.139099008
0.2582630931	0.7417369069	0.6893395183	1.13865971
0.2592640741	0.7407359259	0.6901083293	1.138216713
0.2602650551	0.7397349449	0.6908806234	1.137770057
0.261266036	0.738733964	0.69165631	1.137319783
0.262267017	0.737732983	0.6924352996	1.136865931
0.263267998	0.736732002	0.6932175047	1.136408542
0.264268979	0.735731021	0.6940028389	1.135947654
0.26526996	0.73473004	0.6947912175	1.135483308
0.2662709409	0.7337290591	0.6955825572	1.135015543
0.2672719219	0.7327280781	0.6963767761	1.134544396
0.2682729029	0.7317270971	0.6971737937	1.134069907
0.2692738839	0.7307261161	0.697973531	1.133592113
0.2702748649	0.7297251351	0.6987759101	1.133111052
0.2712758458	0.7287241542	0.6995808546	1.132626762
0.2722768268	0.7277231732	0.7003882892	1.132139278
0.2732778078	0.7267221922	0.7011981402	1.131648639
0.2742787888	0.7257212112	0.7020103347	1.13115488
0.2752797698	0.7247202302	0.7028248013	1.130658037
0.2762807508	0.7237192492	0.7036414698	1.130158146
0.2772817317	0.7227182683	0.704460271	1.129655243
0.2782827127	0.7217172873	0.7052811371	1.129149362
0.2792836937	0.7207163063	0.706104001	1.128640538
0.2802846747	0.7197153253	0.7069287971	1.128128806
0.2812856557	0.7187143443	0.7077554608	1.1276142
0.2822866366	0.7177133634	0.7085839285	1.127096754
0.2832876176	0.7167123824	0.7094141376	1.126576501
0.2842885986	0.7157114014	0.7102460266	1.126053474
0.2852895796	0.7147104204	0.711079535	1.125527706
0.2862905606	0.7137094394	0.7119146032	1.124999231
0.2872915415	0.7127084585	0.7127511727	1.12446808
0.2882925225	0.7117074775	0.7135891859	1.123934286
0.2892935035	0.7107064965	0.714428586	1.12339788
0.2902944845	0.7097055155	0.7152693175	1.122858893
0.2912954655	0.7087045345	0.7161113253	1.122317358
0.2922964464	0.7077035536	0.7169545555	1.121773304
0.2932974274	0.7067025726	0.717798955	1.121226763
0.2942984084	0.7057015916	0.7186444715	1.120677765
0.2952993894	0.7047006106	0.7194910537	1.120126341
0.2963003704	0.7036996296	0.7203386509	1.119572519
0.2973013514	0.7026986486	0.7211872134	1.119016329
0.2983023323	0.7016976677	0.7220366921	1.118457801
0.2993033133	0.7006966867	0.722887039	1.117896964
0.3003042943	0.6996957057	0.7237382064	1.117333847
0.3013052753	0.6986947247	0.7245901478	1.116768477
0.3023062563	0.6976937437	0.7254428172	1.116200884
0.3033072372	0.6966927628	0.7262961694	1.115631096
0.3043082182	0.6956917818	0.72715016	1.115059139
0.3053091992	0.6946908008	0.728004745	1.114485042
0.3063101802	0.6936898198	0.7288598815	1.113908831
0.3073111612	0.6926888388	0.7297155269	1.113330535
0.3083121421	0.6916878579	0.7305716397	1.112750179
0.3093131231	0.6906868769	0.7314281786	1.11216779
0.3103141041	0.6896858959	0.7322851032	1.111583394
0.3113150851	0.6886849149	0.7331423738	1.110997017
0.3123160661	0.6876839339	0.7339999512	1.110408686
0.313317047	0.686682953	0.7348577967	1.109818425
0.314318028	0.685681972	0.7357158725	1.10922626
0.315319009	0.684680991	0.7365741412	1.108632216
0.31631999	0.68368001	0.737432566	1.108036318
0.317320971	0.682679029	0.7382911108	1.107438591
0.318321952	0.681678048	0.7391497399	1.106839058
0.3193229329	0.6806770671	0.7400084182	1.106237745
0.3203239139	0.6796760861	0.7408671112	1.105634674
0.3213248949	0.6786751051	0.741725785	1.10502987
0.3223258759	0.6776741241	0.7425844061	1.104423357
0.3233268569	0.6766731431	0.7434429415	1.103815157
0.3243278378	0.6756721622	0.744301359	1.103205293
0.3253288188	0.6746711812	0.7451596266	1.102593789
0.3263297998	0.6736702002	0.7460177128	1.101980667
0.3273307808	0.6726692192	0.7468755868	1.10136595
0.3283317618	0.6716682382	0.7477332182	1.10074966
0.3293327427	0.6706672573	0.748590577	1.100131818
0.3303337237	0.6696662763	0.7494476337	1.099512448
0.3313347047	0.6686652953	0.7503043594	1.098891569
0.3323356857	0.6676643143	0.7511607255	1.098269205
0.3333366667	0.6666633333	0.7520167038	1.097645375
0.3343376476	0.6656623524	0.7528722667	1.097020101
0.3353386286	0.6646613714	0.7537273869	1.096393405
0.3363396096	0.6636603904	0.7545820377	1.095765305
0.3373405906	0.6626594094	0.7554361927	1.095135824
0.3383415716	0.6616584284	0.7562898258	1.094504981
0.3393425526	0.6606574474	0.7571429116	1.093872797
0.3403435335	0.6596564665	0.7579954248	1.09323929
0.3413445145	0.6586554855	0.7588473407	1.092604482
0.3423454955	0.6576545045	0.7596986349	1.09196839
0.3433464765	0.6566535235	0.7605492835	1.091331036
0.3443474575	0.6556525425	0.7613992628	1.090692438
0.3453484384	0.6546515616	0.7622485495	1.090052614
0.3463494194	0.6536505806	0.7630971209	1.089411585
0.3473504004	0.6526495996	0.7639449544	1.088769367
0.3483513814	0.6516486186	0.7647920278	1.088125981
0.3493523624	0.6506476376	0.7656383193	1.087481443
0.3503533433	0.6496466567	0.7664838076	1.086835773
0.3513543243	0.6486456757	0.7673284714	1.086188988
0.3523553053	0.6476446947	0.7681722901	1.085541105
0.3533562863	0.6466437137	0.7690152431	1.084892144
0.3543572673	0.6456427327	0.7698573104	1.08424212
0.3553582482	0.6446417518	0.7706984721	1.083591051
0.3563592292	0.6436407708	0.7715387088	1.082938955
0.3573602102	0.6426397898	0.7723780013	1.082285849
0.3583611912	0.6416388088	0.7732163308	1.081631748
0.3593621722	0.6406378278	0.7740536786	1.08097667
0.3603631532	0.6396368468	0.7748900267	1.080320631
0.3613641341	0.6386358659	0.7757253569	1.079663648
0.3623651151	0.6376348849	0.7765596517	1.079005737
0.3633660961	0.6366339039	0.7773928936	1.078346913
0.3643670771	0.6356329229	0.7782250656	1.077687193
0.3653680581	0.6346319419	0.7790561509	1.077026592
0.366369039	0.633630961	0.7798861329	1.076365127
0.36737002	0.63262998	0.7807149953	1.075702811
0.368371001	0.631628999	0.7815427221	1.075039662
0.369371982	0.630628018	0.7823692977	1.074375693
0.370372963	0.629627037	0.7831947064	1.073710919
0.3713739439	0.6286260561	0.7840189332	1.073045357
0.3723749249	0.6276250751	0.784841963	1.07237902
0.3733759059	0.6266240941	0.7856637812	1.071711922
0.3743768869	0.6256231131	0.7864843732	1.071044079
0.3753778679	0.6246221321	0.7873037248	1.070375505
0.3763788488	0.6236211512	0.788121822	1.069706213
0.3773798298	0.6226201702	0.7889386511	1.069036219
0.3783808108	0.6216191892	0.7897541986	1.068365535
0.3793817918	0.6206182082	0.7905684511	1.067694175
0.3803827728	0.6196172272	0.7913813956	1.067022154
0.3813837538	0.6186162462	0.7921930192	1.066349484
0.3823847347	0.6176152653	0.7930033094	1.065676179
0.3833857157	0.6166142843	0.7938122537	1.065002252
0.3843866967	0.6156133033	0.7946198399	1.064327717
0.3853876777	0.6146123223	0.7954260561	1.063652586
0.3863886587	0.6136113413	0.7962308905	1.062976873
0.3873896396	0.6126103604	0.7970343315	1.062300589
0.3883906206	0.6116093794	0.7978363677	1.061623748
0.3893916016	0.6106083984	0.798636988	1.060946362
0.3903925826	0.6096074174	0.7994361815	1.060268443
0.3913935636	0.6086064364	0.8002339373	1.059590004
0.3923945445	0.6076054555	0.8010302448	1.058911057
0.3933955255	0.6066044745	0.8018250938	1.058231614
0.3943965065	0.6056034935	0.802618474	1.057551687
0.3953974875	0.6046025125	0.8034103753	1.056871288
0.3963984685	0.6036015315	0.804200788	1.056190428
0.3973994494	0.6026005506	0.8049897023	1.055509119
0.3984004304	0.6015995696	0.8057771089	1.054827372
0.3994014114	0.6005985886	0.8065629983	1.054145199
0.4004023924	0.5995976076	0.8073473616	1.053462611
0.4014033734	0.5985966266	0.8081301896	1.052779619
0.4024043544	0.5975956456	0.8089114737	1.052096234
0.4034053353	0.5965946647	0.8096912052	1.051412467
0.4044063163	0.5955936837	0.8104693756	1.05072833
0.4054072973	0.5945927027	0.8112459767	1.050043832
0.4064082783	0.5935917217	0.8120210002	1.049358984
0.4074092593	0.5925907407	0.8127944383	1.048673797
0.4084102402	0.5915897598	0.8135662831	1.047988281
0.4094112212	0.5905887788	0.8143365269	1.047302447
0.4104122022	0.5895877978	0.8151051621	1.046616304
0.4114131832	0.5885868168	0.8158721815	1.045929863
0.4124141642	0.5875858358	0.8166375778	1.045243134
0.4134151451	0.5865848549	0.8174013439	1.044556126
0.4144161261	0.5855838739	0.8181634729	1.04386885
0.4154171071	0.5845828929	0.8189239579	1.043181316
0.4164180881	0.5835819119	0.8196827924	1.042493532
0.4174190691	0.5825809309	0.8204399698	1.041805509
0.4184200501	0.5815799499	0.8211954837	1.041117255
0.419421031	0.580578969	0.8219493278	1.040428781
0.420422012	0.579577988	0.8227014961	1.039740095
0.421422993	0.578577007	0.8234519826	1.039051207
0.422423974	0.577576026	0.8242007814	1.038362126
0.423424955	0.576575045	0.8249478868	1.03767286
0.4244259359	0.5755740641	0.8256932932	1.036983419
0.4254269169	0.5745730831	0.8264369951	1.036293811
0.4264278979	0.5735721021	0.8271789872	1.035604046
0.4274288789	0.5725711211	0.8279192641	1.034914131
0.4284298599	0.5715701401	0.8286578209	1.034224076
0.4294308408	0.5705691592	0.8293946525	1.033533888
0.4304318218	0.5695681782	0.830129754	1.032843577
0.4314328028	0.5685671972	0.8308631207	1.03215315
0.4324337838	0.5675662162	0.8315947478	1.031462616
0.4334347648	0.5665652352	0.832324631	1.030771982
0.4344357457	0.5655642543	0.8330527657	1.030081258
0.4354367267	0.5645632733	0.8337791476	1.029390451
0.4364377077	0.5635622923	0.8345037725	1.028699568
0.4374386887	0.5625613113	0.8352266364	1.028008618
0.4384396697	0.5615603303	0.8359477351	1.027317609
0.4394406507	0.5605593493	0.8366670648	1.026626547
0.4404416316	0.5595583684	0.8373846218	1.025935442
0.4414426126	0.5585573874	0.8381004022	1.025244299
0.4424435936	0.5575564064	0.8388144026	1.024553127
0.4434445746	0.5565554254	0.8395266194	1.023861933
0.4444455556	0.5555544444	0.8402370492	1.023170725
0.4454465365	0.5545534635	0.8409456888	1.022479509
0.4464475175	0.5535524825	0.8416525348	1.021788293
0.4474484985	0.5525515015	0.8423575842	1.021097083
0.4484494795	0.5515505205	0.8430608341	1.020405887
0.4494504605	0.5505495395	0.8437622813	1.019714712
0.4504514414	0.5495485586	0.8444619231	1.019023565
0.4514524224	0.5485475776	0.8451597568	1.018332452
0.4524534034	0.5475465966	0.8458557797	1.01764138
0.4534543844	0.5465456156	0.8465499891	1.016950356
0.4544553654	0.5455446346	0.8472423827	1.016259387
0.4554563463	0.5445436537	0.8479329579	1.015568478
0.4564573273	0.5435426727	0.8486217125	1.014877637
0.4574583083	0.5425416917	0.8493086442	1.014186869
0.4584592893	0.5415407107	0.8499937509	1.013496182
0.4594602703	0.5405397297	0.8506770304	1.012805581
0.4604612513	0.5395387487	0.8513584808	1.012115073
0.4614622322	0.5385377678	0.8520381001	1.011424663
0.4624632132	0.5375367868	0.8527158865	1.010734359
0.4634641942	0.5365358058	0.8533918382	1.010044165
0.4644651752	0.5355348248	0.8540659535	1.009354088
0.4654661562	0.5345338438	0.8547382308	1.008664134
0.4664671371	0.5335328629	0.8554086685	1.007974309
0.4674681181	0.5325318819	0.8560772652	1.007284617
0.4684690991	0.5315309009	0.8567440194	1.006595066
0.4694700801	0.5305299199	0.8574089298	1.005905661
0.4704710611	0.5295289389	0.8580719951	1.005216407
0.471472042	0.528527958	0.8587332142	1.00452731
0.472473023	0.527526977	0.8593925858	1.003838375
0.473474004	0.526525996	0.860050109	1.003149608
0.474474985	0.525525015	0.8607057827	1.002461014
0.475475966	0.524524034	0.861359606	1.001772599
0.4764769469	0.5235230531	0.8620115779	1.001084368
0.4774779279	0.5225220721	0.8626616978	1.000396326
0.4784789089	0.5215210911	0.8633099649	0.9997084773
0.4794798899	0.5205201101	0.8639563784	0.9990208283
0.4804808709	0.5195191291	0.8646009377	0.9983333837
0.4814818519	0.5185181481	0.8652436424	0.9976461483
0.4824828328	0.5175171672	0.8658844918	0.9969591273
0.4834838138	0.5165161862	0.8665234855	0.9962723253
0.4844847948	0.5155152052	0.8671606232	0.9955857474
0.4854857758	0.5145142242	0.8677959045	0.9948993983
0.4864867568	0.5135132432	0.8684293291	0.9942132827
0.4874877377	0.5125122623	0.8690608968	0.9935274054
0.4884887187	0.5115112813	0.8696906075	0.9928417709
0.4894896997	0.5105103003	0.870318461	0.9921563839
0.4904906807	0.5095093193	0.8709444572	0.9914712489
0.4914916617	0.5085083383	0.8715685963	0.9907863704
0.4924926426	0.5075073574	0.8721908781	0.9901017529
0.4934936236	0.5065063764	0.8728113029	0.9894174008
0.4944946046	0.5055053954	0.8734298707	0.9887333184
0.4954955856	0.5045044144	0.8740465818	0.98804951
0.4964965666	0.5035034334	0.8746614363	0.9873659799
0.4974975475	0.5025024525	0.8752744347	0.9866827324
0.4984985285	0.5015014715	0.8758855772	0.9859997715
0.4994995095	0.5005004905	0.8764948642	0.9853171015
0.5005004905	0.4994995095	0.8771022962	0.9846347263
0.5015014715	0.4984985285	0.8777078737	0.9839526502
0.5025024525	0.4974975475	0.8783115971	0.9832708769
0.5035034334	0.4964965666	0.8789134671	0.9825894106
0.5045044144	0.4954955856	0.8795134842	0.9819082551
0.5055053954	0.4944946046	0.8801116492	0.9812274143
0.5065063764	0.4934936236	0.8807079628	0.9805468919
0.5075073574	0.4924926426	0.8813024256	0.9798666919
0.5085083383	0.4914916617	0.8818950384	0.9791868179
0.5095093193	0.4904906807	0.8824858022	0.9785072737
0.5105103003	0.4894896997	0.8830747178	0.9778280629
0.5115112813	0.4884887187	0.883661786	0.9771491891
0.5125122623	0.4874877377	0.8842470079	0.9764706559
0.5135132432	0.4864867568	0.8848303844	0.9757924669
0.5145142242	0.4854857758	0.8854119165	0.9751146255
0.5155152052	0.4844847948	0.8859916054	0.9744371353
0.5165161862	0.4834838138	0.8865694521	0.9737599996
0.5175171672	0.4824828328	0.8871454577	0.9730832218
0.5185181481	0.4814818519	0.8877196235	0.9724068054
0.5195191291	0.4804808709	0.8882919506	0.9717307536
0.5205201101	0.4794798899	0.8888624404	0.9710550697
0.5215210911	0.4784789089	0.889431094	0.9703797569
0.5225220721	0.4774779279	0.8899979128	0.9697048184
0.5235230531	0.4764769469	0.8905628982	0.9690302574
0.524524034	0.475475966	0.8911260516	0.9683560771
0.525525015	0.474474985	0.8916873743	0.9676822805
0.526525996	0.473474004	0.8922468678	0.9670088708
0.527526977	0.472473023	0.8928045336	0.9663358508
0.528527958	0.471472042	0.8933603732	0.9656632237
0.5295289389	0.4704710611	0.8939143881	0.9649909923
0.5305299199	0.4694700801	0.8944665801	0.9643191597
0.5315309009	0.4684690991	0.8950169505	0.9636477286
0.5325318819	0.4674681181	0.8955655011	0.962976702
0.5335328629	0.4664671371	0.8961122336	0.9623060827
0.5345338438	0.4654661562	0.8966571497	0.9616358735
0.5355348248	0.4644651752	0.897200251	0.9609660771
0.5365358058	0.4634641942	0.8977415393	0.9602966962
0.5375367868	0.4624632132	0.8982810164	0.9596277336
0.5385377678	0.4614622322	0.8988186842	0.958959192
0.5395387487	0.4604612513	0.8993545444	0.9582910739
0.5405397297	0.4594602703	0.8998885989	0.957623382
0.5415407107	0.4584592893	0.9004208497	0.9569561188
0.5425416917	0.4574583083	0.9009512985	0.9562892869
0.5435426727	0.4564573273	0.9014799474	0.9556228888
0.5445436537	0.4554563463	0.9020067983	0.954956927
0.5455446346	0.4544553654	0.9025318533	0.9542914039
0.5465456156	0.4534543844	0.9030551142	0.9536263219
0.5475465966	0.4524534034	0.9035765833	0.9529616835
0.5485475776	0.4514524224	0.9040962625	0.952297491
0.5495485586	0.4504514414	0.9046141538	0.9516337468
0.5505495395	0.4494504605	0.9051302596	0.9509704532
0.5515505205	0.4484494795	0.9056445817	0.9503076123
0.5525515015	0.4474484985	0.9061571225	0.9496452266
0.5535524825	0.4464475175	0.9066678841	0.9489832982
0.5545534635	0.4454465365	0.9071768686	0.9483218294
0.5555544444	0.4444455556	0.9076840784	0.9476608222
0.5565554254	0.4434445746	0.9081895156	0.9470002789
0.5575564064	0.4424435936	0.9086931824	0.9463402015
0.5585573874	0.4414426126	0.9091950813	0.9456805922
0.5595583684	0.4404416316	0.9096952145	0.945021453
0.5605593493	0.4394406507	0.9101935842	0.9443627859
0.5615603303	0.4384396697	0.9106901929	0.9437045931
0.5625613113	0.4374386887	0.9111850429	0.9430468764
0.5635622923	0.4364377077	0.9116781365	0.9423896378
0.5645632733	0.4354367267	0.9121694763	0.9417328793
0.5655642543	0.4344357457	0.9126590645	0.9410766028
0.5665652352	0.4334347648	0.9131469036	0.9404208102
0.5675662162	0.4324337838	0.9136329961	0.9397655033
0.5685671972	0.4314328028	0.9141173444	0.939110684
0.5695681782	0.4304318218	0.9145999511	0.9384563541
0.5705691592	0.4294308408	0.9150808185	0.9378025154
0.5715701401	0.4284298599	0.9155599493	0.9371491697
0.5725711211	0.4274288789	0.916037346	0.9364963186
0.5735721021	0.4264278979	0.916513011	0.9358439641
0.5745730831	0.4254269169	0.9169869471	0.9351921077
0.5755740641	0.4244259359	0.9174591567	0.9345407511
0.576575045	0.423424955	0.9179296424	0.933889896
0.577576026	0.422423974	0.9183984069	0.933239544
0.578577007	0.421422993	0.9188654528	0.9325896968
0.579577988	0.420422012	0.9193307827	0.9319403559
0.580578969	0.419421031	0.9197943993	0.9312915229
0.5815799499	0.4184200501	0.9202563053	0.9306431994
0.5825809309	0.4174190691	0.9207165032	0.9299953868
0.5835819119	0.4164180881	0.9211749959	0.9293480867
0.5845828929	0.4154171071	0.921631786	0.9287013006
0.5855838739	0.4144161261	0.9220868762	0.92805503
0.5865848549	0.4134151451	0.9225402693	0.9274092762
0.5875858358	0.4124141642	0.9229919681	0.9267640407
0.5885868168	0.4114131832	0.9234419752	0.926119325
0.5895877978	0.4104122022	0.9238902934	0.9254751304
0.5905887788	0.4094112212	0.9243369256	0.9248314582
0.5915897598	0.4084102402	0.9247818745	0.9241883099
0.5925907407	0.4074092593	0.9252251429	0.9235456866
0.5935917217	0.4064082783	0.9256667337	0.9229035899
0.5945927027	0.4054072973	0.9261066496	0.9222620209
0.5955936837	0.4044063163	0.9265448935	0.9216209809
0.5965946647	0.4034053353	0.9269814682	0.9209804712
0.5975956456	0.4024043544	0.9274163767	0.9203404929
0.5985966266	0.4014033734	0.9278496217	0.9197010474
0.5995976076	0.4004023924	0.9282812062	0.9190621358
0.6005985886	0.3994014114	0.928711133	0.9184237593
0.6015995696	0.3984004304	0.929139405	0.917785919
0.6026005506	0.3973994494	0.9295660251	0.9171486161
0.6036015315	0.3963984685	0.9299909963	0.9165118518
0.6046025125	0.3953974875	0.9304143215	0.915875627
0.6056034935	0.3943965065	0.9308360035	0.915239943
0.6066044745	0.3933955255	0.9312560454	0.9146048008
0.6076054555	0.3923945445	0.9316744501	0.9139702014
0.6086064364	0.3913935636	0.9320912206	0.913336146
0.6096074174	0.3903925826	0.9325063597	0.9127026354
0.6106083984	0.3893916016	0.9329198705	0.9120696708
0.6116093794	0.3883906206	0.933331756	0.9114372531
0.6126103604	0.3873896396	0.9337420192	0.9108053833
0.6136113413	0.3863886587	0.934150663	0.9101740623
0.6146123223	0.3853876777	0.9345576904	0.9095432912
0.6156133033	0.3843866967	0.9349631046	0.9089130708
0.6166142843	0.3833857157	0.9353669083	0.908283402
0.6176152653	0.3823847347	0.9357691048	0.9076542857
0.6186162462	0.3813837538	0.936169697	0.9070257229
0.6196172272	0.3803827728	0.936568688	0.9063977144
0.6206182082	0.3793817918	0.9369660808	0.905770261
0.6216191892	0.3783808108	0.9373618784	0.9051433636
0.6226201702	0.3773798298	0.9377560839	0.904517023
0.6236211512	0.3763788488	0.9381487004	0.90389124
0.6246221321	0.3753778679	0.9385397309	0.9032660154
0.6256231131	0.3743768869	0.9389291785	0.90264135
0.6266240941	0.3733759059	0.9393170463	0.9020172445
0.6276250751	0.3723749249	0.9397033374	0.9013936997
0.6286260561	0.3713739439	0.9400880548	0.9007707164
0.629627037	0.370372963	0.9404712016	0.9001482953
0.630628018	0.369371982	0.9408527809	0.899526437
0.631628999	0.368371001	0.9412327959	0.8989051422
0.63262998	0.36737002	0.9416112496	0.8982844118
0.633630961	0.366369039	0.9419881451	0.8976642462
0.6346319419	0.3653680581	0.9423634856	0.8970446463
0.6356329229	0.3643670771	0.9427372741	0.8964256125
0.6366339039	0.3633660961	0.9431095138	0.8958071456
0.6376348849	0.3623651151	0.9434802078	0.8951892462
0.6386358659	0.3613641341	0.9438493593	0.8945719149
0.6396368468	0.3603631532	0.9442169713	0.8939551522
0.6406378278	0.3593621722	0.9445830471	0.8933389588
0.6416388088	0.3583611912	0.9449475896	0.8927233352
0.6426397898	0.3573602102	0.9453106022	0.8921082819
0.6436407708	0.3563592292	0.9456720878	0.8914937996
0.6446417518	0.3553582482	0.9460320498	0.8908798888
0.6456427327	0.3543572673	0.9463904911	0.8902665499
0.6466437137	0.3533562863	0.946747415	0.8896537835
0.6476446947	0.3523553053	0.9471028247	0.8890415901
0.6486456757	0.3513543243	0.9474567232	0.8884299701
0.6496466567	0.3503533433	0.9478091138	0.8878189241
0.6506476376	0.3493523624	0.9481599995	0.8872084524
0.6516486186	0.3483513814	0.9485093837	0.8865985556
0.6526495996	0.3473504004	0.9488572693	0.8859892341
0.6536505806	0.3463494194	0.9492036597	0.8853804883
0.6546515616	0.3453484384	0.9495485579	0.8847723187
0.6556525425	0.3443474575	0.9498919672	0.8841647256
0.6566535235	0.3433464765	0.9502338906	0.8835577094
0.6576545045	0.3423454955	0.9505743315	0.8829512706
0.6586554855	0.3413445145	0.9509132929	0.8823454094
0.6596564665	0.3403435335	0.9512507781	0.8817401263
0.6606574474	0.3393425526	0.9515867901	0.8811354216
0.6616584284	0.3383415716	0.9519213323	0.8805312957
0.6626594094	0.3373405906	0.9522544077	0.8799277489
0.6636603904	0.3363396096	0.9525860196	0.8793247815
0.6646613714	0.3353386286	0.9529161711	0.8787223939
0.6656623524	0.3343376476	0.9532448654	0.8781205863
0.6666633333	0.3333366667	0.9535721057	0.877519359
0.6676643143	0.3323356857	0.9538978952	0.8769187123
0.6686652953	0.3313347047	0.9542222371	0.8763186466
0.6696662763	0.3303337237	0.9545451345	0.875719162
0.6706672573	0.3293327427	0.9548665906	0.8751202588
0.6716682382	0.3283317618	0.9551866087	0.8745219372
0.6726692192	0.3273307808	0.9555051918	0.8739241976
0.6736702002	0.3263297998	0.9558223433	0.8733270401
0.6746711812	0.3253288188	0.9561380662	0.872730465
0.6756721622	0.3243278378	0.9564523637	0.8721344724
0.6766731431	0.3233268569	0.9567652391	0.8715390626
0.6776741241	0.3223258759	0.9570766956	0.8709442357
0.6786751051	0.3213248949	0.9573867362	0.870349992
0.6796760861	0.3203239139	0.9576953642	0.8697563316
0.6806770671	0.3193229329	0.9580025827	0.8691632546
0.681678048	0.318321952	0.9583083951	0.8685707614
0.682679029	0.317320971	0.9586128043	0.8679788519
0.68368001	0.31631999	0.9589158137	0.8673875263
0.684680991	0.315319009	0.9592174263	0.8667967848
0.685681972	0.314318028	0.9595176455	0.8662066275
0.686682953	0.313317047	0.9598164742	0.8656170545
0.6876839339	0.3123160661	0.9601139158	0.865028066
0.6886849149	0.3113150851	0.9604099734	0.8644396619
0.6896858959	0.3103141041	0.9607046501	0.8638518425
0.6906868769	0.3093131231	0.9609979492	0.8632646078
0.6916878579	0.3083121421	0.9612898738	0.8626779578
0.6926888388	0.3073111612	0.9615804271	0.8620918927
0.6936898198	0.3063101802	0.9618696122	0.8615064125
0.6946908008	0.3053091992	0.9621574323	0.8609215173
0.6956917818	0.3043082182	0.9624438907	0.8603372071
0.6966927628	0.3033072372	0.9627289903	0.859753482
0.6976937437	0.3023062563	0.9630127345	0.859170342
0.6986947247	0.3013052753	0.9632951264	0.8585877871
0.6996957057	0.3003042943	0.963576169	0.8580058173
0.7006966867	0.2993033133	0.9638558657	0.8574244327
0.7016976677	0.2983023323	0.9641342195	0.8568436332
0.7026986486	0.2973013514	0.9644112335	0.8562634189
0.7036996296	0.2963003704	0.964686911	0.8556837897
0.7047006106	0.2952993894	0.9649612551	0.8551047457
0.7057015916	0.2942984084	0.9652342689	0.8545262867
0.7067025726	0.2932974274	0.9655059556	0.8539484129
0.7077035536	0.2922964464	0.9657763184	0.8533711241
0.7087045345	0.2912954655	0.9660453602	0.8527944203
0.7097055155	0.2902944845	0.9663130844	0.8522183014
0.7107064965	0.2892935035	0.966579494	0.8516427675
0.7117074775	0.2882925225	0.9668445921	0.8510678184
0.7127084585	0.2872915415	0.9671083819	0.8504934541
0.7137094394	0.2862905606	0.9673708666	0.8499196744
0.7147104204	0.2852895796	0.9676320491	0.8493464794
0.7157114014	0.2842885986	0.9678919328	0.8487738689
0.7167123824	0.2832876176	0.9681505206	0.8482018429
0.7177133634	0.2822866366	0.9684078156	0.8476304012
0.7187143443	0.2812856557	0.9686638211	0.8470595438
0.7197153253	0.2802846747	0.9689185401	0.8464892705
0.7207163063	0.2792836937	0.9691719758	0.8459195812
0.7217172873	0.2782827127	0.9694241311	0.8453504758
0.7227182683	0.2772817317	0.9696750093	0.8447819541
0.7237192492	0.2762807508	0.9699246134	0.8442140162
0.7247202302	0.2752797698	0.9701729465	0.8436466617
0.7257212112	0.2742787888	0.9704200117	0.8430798905
0.7267221922	0.2732778078	0.9706658121	0.8425137026
0.7277231732	0.2722768268	0.9709103508	0.8419480977
0.7287241542	0.2712758458	0.9711536308	0.8413830757
0.7297251351	0.2702748649	0.9713956553	0.8408186365
0.7307261161	0.2692738839	0.9716364273	0.8402547798
0.7317270971	0.2682729029	0.9718759499	0.8396915055
0.7327280781	0.2672719219	0.9721142262	0.8391288133
0.7337290591	0.2662709409	0.9723512592	0.8385667032
0.73473004	0.26526996	0.9725870519	0.838005175
0.735731021	0.264268979	0.9728216075	0.8374442283
0.736732002	0.263267998	0.973054929	0.8368838631
0.737732983	0.262267017	0.9732870194	0.8363240791
0.738733964	0.261266036	0.9735178818	0.8357648762
0.7397349449	0.2602650551	0.9737475193	0.835206254
0.7407359259	0.2592640741	0.9739759348	0.8346482124
0.7417369069	0.2582630931	0.9742031314	0.8340907512
0.7427378879	0.2572621121	0.9744291122	0.8335338701
0.7437388689	0.2562611311	0.9746538801	0.8329775689
0.7447398498	0.2552601502	0.9748774383	0.8324218473
0.7457408308	0.2542591692	0.9750997896	0.8318667052
0.7467418118	0.2532581882	0.9753209372	0.8313121422
0.7477427928	0.2522572072	0.975540884	0.8307581581
0.7487437738	0.2512562262	0.9757596331	0.8302047527
0.7497447548	0.2502552452	0.9759771874	0.8296519257
0.7507457357	0.2492542643	0.97619355	0.8290996768
0.7517467167	0.2482532833	0.9764087238	0.8285480058
0.7527476977	0.2472523023	0.9766227119	0.8279969124
0.7537486787	0.2462513213	0.9768355172	0.8274463962
0.7547496597	0.2452503403	0.9770471427	0.8268964572
0.7557506406	0.2442493594	0.9772575914	0.8263470948
0.7567516216	0.2432483784	0.9774668663	0.8257983089
0.7577526026	0.2422473974	0.9776749704	0.8252500992
0.7587535836	0.2412464164	0.9778819065	0.8247024654
0.7597545646	0.2402454354	0.9780876777	0.8241554071
0.7607555455	0.2392444545	0.978292287	0.8236089241
0.7617565265	0.2382434735	0.9784957372	0.823063016
0.7627575075	0.2372424925	0.9786980314	0.8225176826
0.7637584885	0.2362415115	0.9788991725	0.8219729235
0.7647594695	0.2352405305	0.9790991634	0.8214287384
0.7657604505	0.2342395495	0.979298007	0.820885127
0.7667614314	0.2332385686	0.9794957063	0.8203420889
0.7677624124	0.2322375876	0.9796922643	0.8197996239
0.7687633934	0.2312366066	0.9798876838	0.8192577315
0.7697643744	0.2302356256	0.9800819678	0.8187164115
0.7707653554	0.2292346446	0.9802751191	0.8181756635
0.7717663363	0.2282336637	0.9804671408	0.8176354872
0.7727673173	0.2272326827	0.9806580356	0.8170958822
0.7737682983	0.2262317017	0.9808478065	0.8165568481
0.7747692793	0.2252307207	0.9810364565	0.8160183847
0.7757702603	0.2242297397	0.9812239883	0.8154804915
0.7767712412	0.2232287588	0.9814104048	0.8149431682
0.7777722222	0.2222277778	0.981595709	0.8144064145
0.7787732032	0.2212267968	0.9817799038	0.8138702299
0.7797741842	0.2202258158	0.9819629919	0.8133346141
0.7807751652	0.2192248348	0.9821449764	0.8127995667
0.7817761461	0.2182238539	0.9823258599	0.8122650873
0.7827771271	0.2172228729	0.9825056455	0.8117311756
0.7837781081	0.2162218919	0.9826843359	0.8111978312
0.7847790891	0.2152209109	0.9828619339	0.8106650537
0.7857800701	0.2142199299	0.9830384426	0.8101328426
0.7867810511	0.2132189489	0.9832138646	0.8096011977
0.787782032	0.212217968	0.9833882028	0.8090701185
0.788783013	0.211216987	0.98356146	0.8085396046
0.789783994	0.210216006	0.9837336392	0.8080096557
0.790784975	0.209215025	0.983904743	0.8074802712
0.791785956	0.208214044	0.9840747743	0.8069514509
0.7927869369	0.2072130631	0.984243736	0.8064231942
0.7937879179	0.2062120821	0.9844116307	0.8058955009
0.7947888989	0.2052111011	0.9845784614	0.8053683704
0.7957898799	0.2042101201	0.9847442308	0.8048418024
0.7967908609	0.2032091391	0.9849089417	0.8043157964
0.7977918418	0.2022081582	0.9850725969	0.8037903521
0.7987928228	0.2012071772	0.9852351991	0.8032654689
0.7997938038	0.2002061962	0.9853967512	0.8027411466
0.8007947848	0.1992052152	0.985557256	0.8022173845
0.8017957658	0.1982042342	0.9857167161	0.8016941824
0.8027967467	0.1972032533	0.9858751343	0.8011715397
0.8037977277	0.1962022723	0.9860325135	0.8006494561
0.8047987087	0.1952012913	0.9861888563	0.8001279311
0.8057996897	0.1942003103	0.9863441655	0.7996069643
0.8068006707	0.1931993293	0.9864984439	0.7990865552
0.8078016517	0.1921983483	0.9866516941	0.7985667033
0.8088026326	0.1911973674	0.9868039189	0.7980474083
0.8098036136	0.1901963864	0.9869551211	0.7975286696
0.8108045946	0.1891954054	0.9871053033	0.7970104869
0.8118055756	0.1881944244	0.9872544683	0.7964928596
0.8128065566	0.1871934434	0.9874026187	0.7959757874
0.8138075375	0.1861924625	0.9875497574	0.7954592697
0.8148085185	0.1851914815	0.9876958869	0.7949433061
0.8158094995	0.1841905005	0.98784101	0.7944278961
0.8168104805	0.1831895195	0.9879851293	0.7939130393
0.8178114615	0.1821885385	0.9881282476	0.7933987352
0.8188124424	0.1811875576	0.9882703675	0.7928849834
0.8198134234	0.1801865766	0.9884114918	0.7923717833
0.8208144044	0.1791855956	0.9885516229	0.7918591345
0.8218153854	0.1781846146	0.9886907638	0.7913470365
0.8228163664	0.1771836336	0.9888289169	0.7908354888
0.8238173473	0.1761826527	0.988966085	0.790324491
0.8248183283	0.1751816717	0.9891022706	0.7898140426
0.8258193093	0.1741806907	0.9892374765	0.7893041431
0.8268202903	0.1731797097	0.9893717053	0.788794792
0.8278212713	0.1721787287	0.9895049596	0.7882859889
0.8288222523	0.1711777477	0.989637242	0.7877777332
0.8298232332	0.1701767668	0.9897685551	0.7872700244
0.8308242142	0.1691757858	0.9898989017	0.7867628621
0.8318251952	0.1681748048	0.9900282842	0.7862562458
0.8328261762	0.1671738238	0.9901567053	0.785750175
0.8338271572	0.1661728428	0.9902841676	0.7852446491
0.8348281381	0.1651718619	0.9904106737	0.7847396678
0.8358291191	0.1641708809	0.9905362262	0.7842352304
0.8368301001	0.1631698999	0.9906608276	0.7837313365
0.8378310811	0.1621689189	0.9907844806	0.7832279856
0.8388320621	0.1611679379	0.9909071877	0.7827251772
0.839833043	0.160166957	0.9910289515	0.7822229108
0.840834024	0.159165976	0.9911497745	0.7817211859
0.841835005	0.158164995	0.9912696594	0.7812200019
0.842835986	0.157164014	0.9913886086	0.7807193583
0.843836967	0.156163033	0.9915066247	0.7802192548
0.8448379479	0.1551620521	0.9916237103	0.7797196906
0.8458389289	0.1541610711	0.9917398679	0.7792206654
0.8468399099	0.1531600901	0.9918551	0.7787221786
0.8478408909	0.1521591091	0.9919694092	0.7782242297
0.8488418719	0.1511581281	0.9920827979	0.7777268181
0.8498428529	0.1501571471	0.9921952688	0.7772299434
0.8508438338	0.1491561662	0.9923068242	0.7767336051
0.8518448148	0.1481551852	0.9924174668	0.7762378025
0.8528457958	0.1471542042	0.9925271989	0.7757425353
0.8538467768	0.1461532232	0.9926360232	0.7752478028
0.8548477578	0.1451522422	0.9927439421	0.7747536046
0.8558487387	0.1441512613	0.9928509581	0.77425994
0.8568497197	0.1431502803	0.9929570736	0.7737668087
0.8578507007	0.1421492993	0.9930622912	0.7732742101
0.8588516817	0.1411483183	0.9931666132	0.7727821435
0.8598526627	0.1401473373	0.9932700423	0.7722906086
0.8608536436	0.1391463564	0.9933725807	0.7717996047
0.8618546246	0.1381453754	0.9934742311	0.7713091314
0.8628556056	0.1371443944	0.9935749958	0.7708191881
0.8638565866	0.1361434134	0.9936748773	0.7703297743
0.8648575676	0.1351424324	0.9937738779	0.7698408894
0.8658585485	0.1341414515	0.9938720003	0.7693525329
0.8668595295	0.1331404705	0.9939692467	0.7688647042
0.8678605105	0.1321394895	0.9940656196	0.7683774029
0.8688614915	0.1311385085	0.9941611214	0.7678906283
0.8698624725	0.1301375275	0.9942557545	0.76740438
0.8708634535	0.1291365465	0.9943495213	0.7669186574
0.8718644344	0.1281355656	0.9944424243	0.7664334599
0.8728654154	0.1271345846	0.9945344658	0.7659487871
0.8738663964	0.1261336036	0.9946256482	0.7654646383
0.8748673774	0.1251326226	0.994715974	0.764981013
0.8758683584	0.1241316416	0.9948054453	0.7644979107
0.8768693393	0.1231306607	0.9948940648	0.7640153309
0.8778703203	0.1221296797	0.9949818346	0.7635332729
0.8788713013	0.1211286987	0.9950687573	0.7630517362
0.8798722823	0.1201277177	0.9951548351	0.7625707203
0.8808732633	0.1191267367	0.9952400704	0.7620902247
0.8818742442	0.1181257558	0.9953244655	0.7616102487
0.8828752252	0.1171247748	0.9954080228	0.7611307919
0.8838762062	0.1161237938	0.9954907447	0.7606518536
0.8848771872	0.1151228128	0.9955726334	0.7601734334
0.8858781682	0.1141218318	0.9956536912	0.7596955306
0.8868791491	0.1131208509	0.9957339206	0.7592181448
0.8878801301	0.1121198699	0.9958133238	0.7587412753
0.8888811111	0.1111188889	0.9958919032	0.7582649216
0.8898820921	0.1101179079	0.9959696609	0.7577890831
0.8908830731	0.1091169269	0.9960465995	0.7573137593
0.8918840541	0.1081159459	0.996122721	0.7568389497
0.892885035	0.107114965	0.9961980279	0.7563646536
0.893886016	0.106113984	0.9962725224	0.7558908706
0.894886997	0.105113003	0.9963462068	0.7554176
0.895887978	0.104112022	0.9964190833	0.7549448412
0.896888959	0.103111041	0.9964911543	0.7544725938
0.8978899399	0.1021100601	0.9965624219	0.7540008572
0.8988909209	0.1011090791	0.9966328886	0.7535296308
0.8998919019	0.1001080981	0.9967025564	0.753058914
0.9008928829	0.09910711712	0.9967714277	0.7525887063
0.9018938639	0.09810613614	0.9968395047	0.7521190071
0.9028948448	0.09710515516	0.9969067897	0.7516498159
0.9038958258	0.09610417417	0.9969732848	0.751181132
0.9048968068	0.09510319319	0.9970389923	0.750712955
0.9058977878	0.09410221221	0.9971039145	0.7502452842
0.9068987688	0.09310123123	0.9971680535	0.7497781191
0.9078997497	0.09210025025	0.9972314115	0.7493114592
0.9089007307	0.09109926927	0.9972939909	0.7488453038
0.9099017117	0.09009828829	0.9973557937	0.7483796523
0.9109026927	0.08909730731	0.9974168221	0.7479145043
0.9119036737	0.08809632633	0.9974770784	0.7474498592
0.9129046547	0.08709534535	0.9975365647	0.7469857163
0.9139056356	0.08609436436	0.9975952833	0.7465220751
0.9149066166	0.08509338338	0.9976532363	0.7460589351
0.9159075976	0.0840924024	0.9977104258	0.7455962957
0.9169085786	0.08309142142	0.9977668541	0.7451341563
0.9179095596	0.08209044044	0.9978225233	0.7446725162
0.9189105405	0.08108945946	0.9978774355	0.7442113751
0.9199115215	0.08008847848	0.9979315929	0.7437507323
0.9209125025	0.0790874975	0.9979849977	0.7432905871
0.9219134835	0.07808651652	0.998037652	0.7428309391
0.9229144645	0.07708553554	0.9980895579	0.7423717877
0.9239154454	0.07608455455	0.9981407176	0.7419131323
0.9249164264	0.07508357357	0.9981911332	0.7414549724
0.9259174074	0.07408259259	0.9982408067	0.7409973073
0.9269183884	0.07308161161	0.9982897404	0.7405401364
0.9279193694	0.07208063063	0.9983379363	0.7400834593
0.9289203504	0.07107964965	0.9983853966	0.7396272754
0.9299213313	0.07007866867	0.9984321233	0.739171584
0.9309223123	0.06907768769	0.9984781185	0.7387163845
0.9319232933	0.06807670671	0.9985233843	0.7382616765
0.9329242743	0.06707572573	0.9985679229	0.7378074594
0.9339252553	0.06607474474	0.9986117363	0.7373537325
0.9349262362	0.06507376376	0.9986548265	0.7369004953
0.9359272172	0.06407278278	0.9986971956	0.7364477472
0.9369281982	0.0630718018	0.9987388458	0.7359954877
0.9379291792	0.06207082082	0.998779779	0.7355437162
0.9389301602	0.06106983984	0.9988199973	0.735092432
0.9399311411	0.06006885886	0.9988595028	0.7346416346
0.9409321221	0.05906787788	0.9988982975	0.7341913235
0.9419331031	0.0580668969	0.9989363835	0.7337414981
0.9429340841	0.05706591592	0.9989737628	0.7332921578
0.9439350651	0.05606493493	0.9990104374	0.7328433019
0.944936046	0.05506395395	0.9990464093	0.7323949301
0.945937027	0.05406297297	0.9990816806	0.7319470415
0.946938008	0.05306199199	0.9991162532	0.7314996358
0.947938989	0.05206101101	0.9991501293	0.7310527123
0.94893997	0.05106003003	0.9991833108	0.7306062704
0.949940951	0.05005904905	0.9992157997	0.7301603096
0.9509419319	0.04905806807	0.9992475979	0.7297148292
0.9519429129	0.04805708709	0.9992787076	0.7292698288
0.9529438939	0.04705610611	0.9993091306	0.7288253077
0.9539448749	0.04605512513	0.999338869	0.7283812654
0.9549458559	0.04505414414	0.9993679248	0.7279377012
0.9559468368	0.04405316316	0.9993962998	0.7274946146
0.9569478178	0.04305218218	0.9994239961	0.7270520051
0.9579487988	0.0420512012	0.9994510157	0.726609872
0.9589497798	0.04105022022	0.9994773604	0.7261682148
0.9599507608	0.04004923924	0.9995030323	0.7257270329
0.9609517417	0.03904825826	0.9995280333	0.7252863257
0.9619527227	0.03804727728	0.9995523653	0.7248460927
0.9629537037	0.0370462963	0.9995760303	0.7244063332
0.9639546847	0.03604531532	0.9995990302	0.7239670467
0.9649556657	0.03504433433	0.999621367	0.7235282326
0.9659566466	0.03404335335	0.9996430425	0.7230898904
0.9669576276	0.03304237237	0.9996640587	0.7226520195
0.9679586086	0.03204139139	0.9996844175	0.7222146192
0.9689595896	0.03104041041	0.9997041208	0.721777689
0.9699605706	0.03003942943	0.9997231705	0.7213412284
0.9709615516	0.02903844845	0.9997415685	0.7209052368
0.9719625325	0.02803746747	0.9997593167	0.7204697135
0.9729635135	0.02703648649	0.9997764171	0.7200346581
0.9739644945	0.02603550551	0.9997928714	0.7196000698
0.9749654755	0.02503452452	0.9998086815	0.7191659483
0.9759664565	0.02403354354	0.9998238495	0.7187322928
0.9769674374	0.02303256256	0.999838377	0.7182991029
0.9779684184	0.02203158158	0.999852266	0.7178663779
0.9789693994	0.0210306006	0.9998655184	0.7174341172
0.9799703804	0.02002961962	0.9998781359	0.7170023204
0.9809713614	0.01902863864	0.9998901205	0.7165709867
0.9819723423	0.01802765766	0.9999014741	0.7161401157
0.9829733233	0.01702667668	0.9999121983	0.7157097068
0.9839743043	0.0160256957	0.9999222952	0.7152797594
0.9849752853	0.01502471471	0.9999317665	0.7148502729
0.9859762663	0.01402373373	0.999940614	0.7144212467
0.9869772472	0.01302275275	0.9999488396	0.7139926803
0.9879782282	0.01202177177	0.9999564451	0.7135645731
0.9889792092	0.01102079079	0.9999634323	0.7131369245
0.9899801902	0.01001980981	0.9999698031	0.712709734
0.9909811712	0.009018828829	0.9999755592	0.712283001
0.9919821522	0.008017847848	0.9999807024	0.7118567249
0.9929831331	0.007016866867	0.9999852346	0.7114309052
0.9939841141	0.006015885886	0.9999891575	0.7110055412
0.9949850951	0.005014904905	0.9999924729	0.7105806324
0.9959860761	0.004013923924	0.9999951826	0.7101561782
0.9969870571	0.003012942943	0.9999972884	0.7097321781
0.997988038	0.002011961962	0.999998792	0.7093086315
0.998989019	0.001010980981	0.9999996953	0.7088855378
0.99999	1e-05	1	0.7084628964
