1e-05	0.99999	0.001959492118	0.9999999979
0.001010980981	0.998989019	0.002043023574	0.9999786495
0.002011961962	0.997988038	0.002130667256	0.9999150452
0.003012942943	0.9969870571	0.002222545136	0.9998087028
0.004013923924	0.9959860761	0.002318782489	0.9996592693
0.005014904905	0.9949850951	0.002419507707	0.9994665087
0.006015885886	0.9939841141	0.00252485211	0.9992302915
0.007016866867	0.9929831331	0.002634949773	0.9989505847
0.008017847848	0.9919821522	0.002749937359	0.9986274427
0.009018828829	0.9909811712	0.002869953961	0.9982609994
0.01001980981	0.9899801902	0.002995140943	0.99785146
0.01102079079	0.9889792092	0.003125641793	0.9973990944
0.01202177177	0.9879782282	0.003261601974	0.9969042305
0.01302275275	0.9869772472	0.003403168784	0.9963672487
0.01402373373	0.9859762663	0.003550491213	0.9957885762
0.01502471471	0.9849752853	0.003703719805	0.995168682
0.0160256957	0.9839743043	0.00386300652	0.9945080724
0.01702667668	0.9829733233	0.004028504603	0.9938072871
0.01802765766	0.9819723423	0.004200368447	0.9930668946
0.01902863864	0.9809713614	0.004378753463	0.9922874896
0.02002961962	0.9799703804	0.004563815948	0.991469689
0.0210306006	0.9789693994	0.004755712957	0.9906141293
0.02203158158	0.9779684184	0.004954602173	0.9897214635
0.02303256256	0.9769674374	0.005160641781	0.9887923592
0.02403354354	0.9759664565	0.005373990343	0.9878274956
0.02503452452	0.9749654755	0.005594806668	0.9868275618
0.02603550551	0.9739644945	0.005823249695	0.9857932548
0.02703648649	0.9729635135	0.006059478366	0.9847252775
0.02803746747	0.9719625325	0.006303651506	0.9836243373
0.02903844845	0.9709615516	0.006555927702	0.9824911448
0.03003942943	0.9699605706	0.006816465189	0.9813264116
0.03104041041	0.9689595896	0.007085421729	0.9801308502
0.03204139139	0.9679586086	0.007362954495	0.978905172
0.03304237237	0.9669576276	0.007649219963	0.9776500866
0.03404335335	0.9659566466	0.007944373794	0.9763663009
0.03504433433	0.9649556657	0.00824857073	0.975054518
0.03604531532	0.9639546847	0.008561964482	0.9737154368
0.0370462963	0.9629537037	0.008884707625	0.972349751
0.03804727728	0.9619527227	0.009216951497	0.9709581485
0.03904825826	0.9609517417	0.009558846093	0.969541311
0.04004923924	0.9599507608	0.009910539972	0.9680999134
0.04105022022	0.9589497798	0.01027218015	0.9666346231
0.0420512012	0.9579487988	0.01064391203	0.9651461002
0.04305218218	0.9569478178	0.01102587926	0.9636349964
0.04405316316	0.9559468368	0.01141822371	0.9621019554
0.04505414414	0.9549458559	0.01182108532	0.9605476119
0.04605512513	0.9539448749	0.01223460208	0.958972592
0.04705610611	0.9529438939	0.01265890989	0.9573775127
0.04805708709	0.9519429129	0.0130941425	0.9557629815
0.04905806807	0.9509419319	0.01354043147	0.9541295968
0.05005904905	0.949940951	0.01399790605	0.9524779474
0.05106003003	0.94893997	0.01446669312	0.9508086124
0.05206101101	0.947938989	0.01494691712	0.9491221612
0.05306199199	0.946938008	0.01543870004	0.9474191534
0.05406297297	0.945937027	0.01594216125	0.945700139
0.05506395395	0.944936046	0.01645741754	0.943965658
0.05606493493	0.9439350651	0.01698458301	0.9422162407
0.05706591592	0.9429340841	0.01752376906	0.9404524075
0.0580668969	0.9419331031	0.01807508427	0.9386746691
0.05906787788	0.9409321221	0.01863863441	0.9368835264
0.06006885886	0.9399311411	0.0192145224	0.9350794707
0.06106983984	0.9389301602	0.01980284822	0.9332629835
0.06207082082	0.9379291792	0.02040370891	0.9314345368
0.0630718018	0.9369281982	0.02101719851	0.9295945931
0.06407278278	0.9359272172	0.02164340805	0.9277436056
0.06507376376	0.9349262362	0.0222824255	0.9258820179
0.06607474474	0.9339252553	0.02293433574	0.9240102645
0.06707572573	0.9329242743	0.02359922056	0.9221287709
0.06807670671	0.9319232933	0.0242771586	0.9202379533
0.06907768769	0.9309223123	0.02496822536	0.9183382192
0.07007866867	0.9299213313	0.02567249317	0.9164299671
0.07107964965	0.9289203504	0.02639003116	0.914513587
0.07208063063	0.9279193694	0.02712090528	0.9125894601
0.07308161161	0.9269183884	0.02786517825	0.9106579593
0.07408259259	0.9259174074	0.02862290961	0.9087194491
0.07508357357	0.9249164264	0.02939415564	0.9067742857
0.07608455455	0.9239154454	0.0301789694	0.9048228174
0.07708553554	0.9229144645	0.03097740074	0.9028653844
0.07808651652	0.9219134835	0.03178949626	0.9009023191
0.0790874975	0.9209125025	0.03261529936	0.8989339462
0.08008847848	0.9199115215	0.0334548502	0.8969605828
0.08108945946	0.9189105405	0.03430818573	0.8949825386
0.08209044044	0.9179095596	0.03517533971	0.8930001159
0.08309142142	0.9169085786	0.0360563427	0.8910136099
0.0840924024	0.9159075976	0.03695122206	0.8890233087
0.08509338338	0.9149066166	0.03786000202	0.8870294933
0.08609436436	0.9139056356	0.03878270363	0.8850324382
0.08709534535	0.9129046547	0.03971934483	0.8830324109
0.08809632633	0.9119036737	0.04066994042	0.8810296727
0.08909730731	0.9109026927	0.04163450214	0.8790244781
0.09009828829	0.9099017117	0.04261303863	0.8770170756
0.09109926927	0.9089007307	0.04360555551	0.8750077072
0.09210025025	0.9078997497	0.04461205537	0.872996609
0.09310123123	0.9068987688	0.04563253779	0.8709840113
0.09410221221	0.9058977878	0.04666699941	0.8689701382
0.09510319319	0.9048968068	0.04771543392	0.8669552085
0.09610417417	0.9038958258	0.04877783209	0.8649394351
0.09710515516	0.9028948448	0.04985418183	0.8629230255
0.09810613614	0.9018938639	0.05094446821	0.8609061818
0.09910711712	0.9008928829	0.05204867349	0.858889101
0.1001080981	0.8998919019	0.05316677712	0.8568719748
0.1011090791	0.8988909209	0.05429875586	0.8548549899
0.1021100601	0.8978899399	0.05544458373	0.8528383279
0.103111041	0.896888959	0.05660423209	0.8508221658
0.104112022	0.895887978	0.05777766967	0.8488066758
0.105113003	0.894886997	0.05896486261	0.8467920254
0.106113984	0.893886016	0.06016577449	0.8447783777
0.107114965	0.892885035	0.06138036639	0.8427658911
0.1081159459	0.8918840541	0.06260859689	0.84075472
0.1091169269	0.8908830731	0.06385042216	0.8387450143
0.1101179079	0.8898820921	0.06510579597	0.8367369198
0.1111188889	0.8888811111	0.06637466973	0.8347305784
0.1121198699	0.8878801301	0.06765699255	0.8327261278
0.1131208509	0.8868791491	0.06895271127	0.8307237021
0.1141218318	0.8858781682	0.07026177051	0.8287234312
0.1151228128	0.8848771872	0.07158411269	0.8267254416
0.1161237938	0.8838762062	0.07291967812	0.8247298561
0.1171247748	0.8828752252	0.07426840498	0.8227367939
0.1181257558	0.8818742442	0.07563022942	0.8207463708
0.1191267367	0.8808732633	0.07700508558	0.8187586992
0.1201277177	0.8798722823	0.07839290562	0.8167738881
0.1211286987	0.8788713013	0.0797936198	0.8147920434
0.1221296797	0.8778703203	0.08120715649	0.8128132677
0.1231306607	0.8768693393	0.08263344222	0.8108376605
0.1241316416	0.8758683584	0.08407240173	0.8088653185
0.1251326226	0.8748673774	0.08552395803	0.8068963352
0.1261336036	0.8738663964	0.0869880324	0.8049308013
0.1271345846	0.8728654154	0.08846454449	0.8029688047
0.1281355656	0.8718644344	0.08995341231	0.8010104306
0.1291365465	0.8708634535	0.0914545523	0.7990557613
0.1301375275	0.8698624725	0.09296787938	0.7971048768
0.1311385085	0.8688614915	0.09449330698	0.7951578543
0.1321394895	0.8678605105	0.09603074708	0.7932147685
0.1331404705	0.8668595295	0.09758011025	0.7912756918
0.1341414515	0.8658585485	0.09914130572	0.7893406941
0.1351424324	0.8648575676	0.1007142414	0.787409843
0.1361434134	0.8638565866	0.1022988239	0.7854832037
0.1371443944	0.8628556056	0.1038949586	0.7835608395
0.1381453754	0.8618546246	0.1055025497	0.7816428111
0.1391463564	0.8608536436	0.1071215003	0.7797291775
0.1401473373	0.8598526627	0.1087517122	0.7778199953
0.1411483183	0.8588516817	0.1103930864	0.7759153193
0.1421492993	0.8578507007	0.1120455226	0.7740152022
0.1431502803	0.8568497197	0.1137089197	0.7721196949
0.1441512613	0.8558487387	0.1153831756	0.7702288464
0.1451522422	0.8548477578	0.1170681871	0.7683427036
0.1461532232	0.8538467768	0.1187638505	0.766461312
0.1471542042	0.8528457958	0.1204700608	0.7645847152
0.1481551852	0.8518448148	0.1221867126	0.7627129551
0.1491561662	0.8508438338	0.1239136994	0.7608460718
0.1501571471	0.8498428529	0.1256509143	0.7589841041
0.1511581281	0.8488418719	0.1273982494	0.7571270889
0.1521591091	0.8478408909	0.1291555963	0.7552750617
0.1531600901	0.8468399099	0.130922846	0.7534280566
0.1541610711	0.8458389289	0.1326998888	0.751586106
0.1551620521	0.8448379479	0.1344866145	0.7497492411
0.156163033	0.843836967	0.1362829123	0.7479174915
0.157164014	0.842835986	0.1380886711	0.7460908856
0.158164995	0.841835005	0.1399037792	0.7442694505
0.159165976	0.840834024	0.1417281244	0.7424532118
0.160166957	0.839833043	0.1435615942	0.7406421941
0.1611679379	0.8388320621	0.1454040758	0.7388364205
0.1621689189	0.8378310811	0.147255456	0.7370359131
0.1631698999	0.8368301001	0.1491156212	0.7352406928
0.1641708809	0.8358291191	0.1509844576	0.7334507793
0.1651718619	0.8348281381	0.1528618513	0.7316661912
0.1661728428	0.8338271572	0.1547476879	0.7298869462
0.1671738238	0.8328261762	0.156641853	0.7281130606
0.1681748048	0.8318251952	0.1585442321	0.7263445499
0.1691757858	0.8308242142	0.1604547103	0.7245814287
0.1701767668	0.8298232332	0.1623731728	0.7228237103
0.1711777477	0.8288222523	0.1642995047	0.7210714075
0.1721787287	0.8278212713	0.1662335909	0.7193245316
0.1731797097	0.8268202903	0.1681753165	0.7175830936
0.1741806907	0.8258193093	0.1701245663	0.7158471032
0.1751816717	0.8248183283	0.1720812254	0.7141165694
0.1761826527	0.8238173473	0.1740451788	0.7123915004
0.1771836336	0.8228163664	0.1760163115	0.7106719034
0.1781846146	0.8218153854	0.1779945087	0.7089577852
0.1791855956	0.8208144044	0.1799796556	0.7072491513
0.1801865766	0.8198134234	0.1819716376	0.705546007
0.1811875576	0.8188124424	0.1839703403	0.7038483565
0.1821885385	0.8178114615	0.1859756493	0.7021562033
0.1831895195	0.8168104805	0.1879874504	0.7004695505
0.1841905005	0.8158094995	0.1900056299	0.6987884002
0.1851914815	0.8148085185	0.192030074	0.697112754
0.1861924625	0.8138075375	0.1940606693	0.695442613
0.1871934434	0.8128065566	0.1960973025	0.6937779774
0.1881944244	0.8118055756	0.1981398608	0.692118847
0.1891954054	0.8108045946	0.2001882316	0.6904652208
0.1901963864	0.8098036136	0.2022423025	0.6888170976
0.1911973674	0.8088026326	0.2043019617	0.6871744753
0.1921983483	0.8078016517	0.2063670975	0.6855373514
0.1931993293	0.8068006707	0.2084375986	0.683905723
0.1942003103	0.8057996897	0.2105133542	0.6822795864
0.1952012913	0.8047987087	0.2125942538	0.6806589376
0.1962022723	0.8037977277	0.2146801873	0.6790437721
0.1972032533	0.8027967467	0.2167710451	0.677434085
0.1982042342	0.8017957658	0.2188667179	0.6758298708
0.1992052152	0.8007947848	0.220967097	0.6742311237
0.2002061962	0.7997938038	0.223072074	0.6726378373
0.2012071772	0.7987928228	0.225181541	0.671050005
0.2022081582	0.7977918418	0.2272953909	0.6694676196
0.2032091391	0.7967908609	0.2294135165	0.6678906737
0.2042101201	0.7957898799	0.2315358117	0.6663191593
0.2052111011	0.7947888989	0.2336621705	0.6647530683
0.2062120821	0.7937879179	0.2357924876	0.663192392
0.2072130631	0.7927869369	0.2379266583	0.6616371214
0.208214044	0.791785956	0.2400645783	0.6600872474
0.209215025	0.790784975	0.2422061439	0.6585427602
0.210216006	0.789783994	0.2443512521	0.65700365
0.211216987	0.788783013	0.2464998002	0.6554699066
0.212217968	0.787782032	0.2486516863	0.6539415193
0.2132189489	0.7867810511	0.2508068092	0.6524184775
0.2142199299	0.7857800701	0.2529650679	0.65090077
0.2152209109	0.7847790891	0.2551263624	0.6493883854
0.2162218919	0.7837781081	0.2572905931	0.6478813123
0.2172228729	0.7827771271	0.2594576611	0.6463795386
0.2182238539	0.7817761461	0.261627468	0.6448830523
0.2192248348	0.7807751652	0.2637999163	0.643391841
0.2202258158	0.7797741842	0.265974909	0.6419058923
0.2212267968	0.7787732032	0.2681523495	0.6404251932
0.2222277778	0.7777722222	0.2703321422	0.6389497307
0.2232287588	0.7767712412	0.2725141921	0.6374794918
0.2242297397	0.7757702603	0.2746984047	0.636014463
0.2252307207	0.7747692793	0.2768846864	0.6345546306
0.2262317017	0.7737682983	0.2790729439	0.633099981
0.2272326827	0.7727673173	0.2812630849	0.6316505001
0.2282336637	0.7717663363	0.2834550178	0.6302061738
0.2292346446	0.7707653554	0.2856486514	0.6287669879
0.2302356256	0.7697643744	0.2878438955	0.6273329279
0.2312366066	0.7687633934	0.2900406603	0.6259039792
0.2322375876	0.7677624124	0.2922388569	0.624480127
0.2332385686	0.7667614314	0.2944383971	0.6230613565
0.2342395495	0.7657604505	0.2966391932	0.6216476527
0.2352405305	0.7647594695	0.2988411583	0.6202390003
0.2362415115	0.7637584885	0.3010442064	0.6188353842
0.2372424925	0.7627575075	0.3032482519	0.6174367889
0.2382434735	0.7617565265	0.3054532101	0.616043199
0.2392444545	0.7607555455	0.3076589969	0.6146545987
0.2402454354	0.7597545646	0.309865529	0.6132709725
0.2412464164	0.7587535836	0.3120727238	0.6118923044
0.2422473974	0.7577526026	0.3142804993	0.6105185786
0.2432483784	0.7567516216	0.3164887743	0.609149779
0.2442493594	0.7557506406	0.3186974683	0.6077858895
0.2452503403	0.7547496597	0.3209065016	0.6064268941
0.2462513213	0.7537486787	0.3231157951	0.6050727764
0.2472523023	0.7527476977	0.3253252704	0.60372352
0.2482532833	0.7517467167	0.3275348499	0.6023791087
0.2492542643	0.7507457357	0.3297444567	0.6010395259
0.2502552452	0.7497447548	0.3319540146	0.5997047552
0.2512562262	0.7487437738	0.3341634481	0.5983747799
0.2522572072	0.7477427928	0.3363726823	0.5970495833
0.2532581882	0.7467418118	0.3385816434	0.5957291489
0.2542591692	0.7457408308	0.3407902578	0.5944134598
0.2552601502	0.7447398498	0.342998453	0.5931024993
0.2562611311	0.7437388689	0.345206157	0.5917962505
0.2572621121	0.7427378879	0.3474132986	0.5904946967
0.2582630931	0.7417369069	0.3496198073	0.5891978208
0.2592640741	0.7407359259	0.3518256133	0.5879056059
0.2602650551	0.7397349449	0.3540306475	0.5866180352
0.261266036	0.738733964	0.3562348416	0.5853350915
0.262267017	0.737732983	0.3584381277	0.5840567579
0.263267998	0.736732002	0.360640439	0.5827830173
0.264268979	0.735731021	0.3628417091	0.5815138526
0.26526996	0.73473004	0.3650418725	0.5802492469
0.2662709409	0.7337290591	0.3672408643	0.578989183
0.2672719219	0.7327280781	0.3694386202	0.5777336438
0.2682729029	0.7317270971	0.3716350767	0.5764826121
0.2692738839	0.7307261161	0.3738301711	0.575236071
0.2702748649	0.7297251351	0.3760238411	0.5739940032
0.2712758458	0.7287241542	0.3782160253	0.5727563915
0.2722768268	0.7277231732	0.380406663	0.571523219
0.2732778078	0.7267221922	0.382595694	0.5702944685
0.2742787888	0.7257212112	0.3847830589	0.5690701227
0.2752797698	0.7247202302	0.386968699	0.5678501647
0.2762807508	0.7237192492	0.3891525562	0.5666345773
0.2772817317	0.7227182683	0.3913345731	0.5654233434
0.2782827127	0.7217172873	0.3935146929	0.5642164458
0.2792836937	0.7207163063	0.3956928595	0.5630138676
0.2802846747	0.7197153253	0.3978690176	0.5618155917
0.2812856557	0.7187143443	0.4000431124	0.5606216009
0.2822866366	0.7177133634	0.4022150896	0.5594318782
0.2832876176	0.7167123824	0.4043848959	0.5582464067
0.2842885986	0.7157114014	0.4065524784	0.5570651693
0.2852895796	0.7147104204	0.408717785	0.5558881491
0.2862905606	0.7137094394	0.410880764	0.5547153291
0.2872915415	0.7127084585	0.4130413646	0.5535466923
0.2882925225	0.7117074775	0.4151995365	0.5523822219
0.2892935035	0.7107064965	0.41735523	0.551221901
0.2902944845	0.7097055155	0.4195083962	0.5500657126
0.2912954655	0.7087045345	0.4216589865	0.5489136401
0.2922964464	0.7077035536	0.4238069533	0.5477656666
0.2932974274	0.7067025726	0.4259522492	0.5466217753
0.2942984084	0.7057015916	0.4280948279	0.5454819496
0.2952993894	0.7047006106	0.4302346432	0.5443461726
0.2963003704	0.7036996296	0.4323716499	0.5432144278
0.2973013514	0.7026986486	0.4345058031	0.5420866985
0.2983023323	0.7016976677	0.4366370588	0.5409629682
0.2993033133	0.7006966867	0.4387653733	0.5398432202
0.3003042943	0.6996957057	0.4408907037	0.5387274381
0.3013052753	0.6986947247	0.4430130075	0.5376156054
0.3023062563	0.6976937437	0.4451322429	0.5365077057
0.3033072372	0.6966927628	0.4472483686	0.5354037225
0.3043082182	0.6956917818	0.4493613441	0.5343036395
0.3053091992	0.6946908008	0.4514711292	0.5332074404
0.3063101802	0.6936898198	0.4535776842	0.5321151089
0.3073111612	0.6926888388	0.4556809704	0.5310266288
0.3083121421	0.6916878579	0.4577809491	0.5299419839
0.3093131231	0.6906868769	0.4598775825	0.5288611582
0.3103141041	0.6896858959	0.4619708334	0.5277841354
0.3113150851	0.6886849149	0.4640606649	0.5267108995
0.3123160661	0.6876839339	0.4661470407	0.5256414347
0.313317047	0.686682953	0.4682299252	0.5245757248
0.314318028	0.685681972	0.4703092831	0.523513754
0.315319009	0.684680991	0.4723850798	0.5224555065
0.31631999	0.68368001	0.4744572813	0.5214009664
0.317320971	0.682679029	0.4765258538	0.520350118
0.318321952	0.681678048	0.4785907642	0.5193029456
0.3193229329	0.6806770671	0.4806519801	0.5182594336
0.3203239139	0.6796760861	0.4827094692	0.5172195663
0.3213248949	0.6786751051	0.4847632001	0.5161833281
0.3223258759	0.6776741241	0.4868131416	0.5151507037
0.3233268569	0.6766731431	0.4888592633	0.5141216775
0.3243278378	0.6756721622	0.4909015349	0.5130962341
0.3253288188	0.6746711812	0.4929399269	0.5120743583
0.3263297998	0.6736702002	0.4949744101	0.5110560347
0.3273307808	0.6726692192	0.497004956	0.510041248
0.3283317618	0.6716682382	0.4990315364	0.5090299832
0.3293327427	0.6706672573	0.5010541235	0.5080222251
0.3303337237	0.6696662763	0.5030726902	0.5070179585
0.3313347047	0.6686652953	0.5050872097	0.5060171685
0.3323356857	0.6676643143	0.5070976556	0.5050198402
0.3333366667	0.6666633333	0.5091040022	0.5040259586
0.3343376476	0.6656623524	0.511106224	0.5030355088
0.3353386286	0.6646613714	0.5131042961	0.5020484762
0.3363396096	0.6636603904	0.5150981939	0.5010648458
0.3373405906	0.6626594094	0.5170878935	0.5000846031
0.3383415716	0.6616584284	0.5190733711	0.4991077334
0.3393425526	0.6606574474	0.5210546036	0.4981342222
0.3403435335	0.6596564665	0.5230315682	0.4971640548
0.3413445145	0.6586554855	0.5250042425	0.496197217
0.3423454955	0.6576545045	0.5269726046	0.4952336942
0.3433464765	0.6566535235	0.5289366331	0.4942734721
0.3443474575	0.6556525425	0.5308963067	0.4933165365
0.3453484384	0.6546515616	0.5328516048	0.492362873
0.3463494194	0.6536505806	0.5348025072	0.4914124676
0.3473504004	0.6526495996	0.5367489938	0.4904653061
0.3483513814	0.6516486186	0.5386910453	0.4895213744
0.3493523624	0.6506476376	0.5406286425	0.4885806585
0.3503533433	0.6496466567	0.5425617667	0.4876431446
0.3513543243	0.6486456757	0.5444903996	0.4867088186
0.3523553053	0.6476446947	0.5464145232	0.4857776669
0.3533562863	0.6466437137	0.54833412	0.4848496755
0.3543572673	0.6456427327	0.5502491728	0.4839248308
0.3553582482	0.6446417518	0.5521596647	0.4830031191
0.3563592292	0.6436407708	0.5540655794	0.4820845269
0.3573602102	0.6426397898	0.5559669007	0.4811690405
0.3583611912	0.6416388088	0.5578636128	0.4802566465
0.3593621722	0.6406378278	0.5597557005	0.4793473315
0.3603631532	0.6396368468	0.5616431487	0.4784410821
0.3613641341	0.6386358659	0.5635259427	0.4775378849
0.3623651151	0.6376348849	0.5654040682	0.4766377267
0.3633660961	0.6366339039	0.5672775112	0.4757405944
0.3643670771	0.6356329229	0.5691462581	0.4748464748
0.3653680581	0.6346319419	0.5710102955	0.4739553547
0.366369039	0.633630961	0.5728696105	0.4730672212
0.36737002	0.63262998	0.5747241905	0.4721820613
0.368371001	0.631628999	0.576574023	0.471299862
0.369371982	0.630628018	0.5784190961	0.4704206106
0.370372963	0.629627037	0.5802593982	0.4695442942
0.3713739439	0.6286260561	0.5820949178	0.4686709
0.3723749249	0.6276250751	0.5839256438	0.4678004155
0.3733759059	0.6266240941	0.5857515656	0.4669328278
0.3743768869	0.6256231131	0.5875726727	0.4660681246
0.3753778679	0.6246221321	0.5893889549	0.4652062933
0.3763788488	0.6236211512	0.5912004024	0.4643473213
0.3773798298	0.6226201702	0.5930070056	0.4634911963
0.3783808108	0.6216191892	0.5948087553	0.462637906
0.3793817918	0.6206182082	0.5966056425	0.461787438
0.3803827728	0.6196172272	0.5983976586	0.4609397802
0.3813837538	0.6186162462	0.600184795	0.4600949203
0.3823847347	0.6176152653	0.6019670438	0.4592528462
0.3833857157	0.6166142843	0.603744397	0.4584135458
0.3843866967	0.6156133033	0.605516847	0.4575770072
0.3853876777	0.6146123223	0.6072843867	0.4567432183
0.3863886587	0.6136113413	0.6090470088	0.4559121672
0.3873896396	0.6126103604	0.6108047067	0.4550838422
0.3883906206	0.6116093794	0.6125574739	0.4542582314
0.3893916016	0.6106083984	0.6143053041	0.4534353231
0.3903925826	0.6096074174	0.6160481912	0.4526151055
0.3913935636	0.6086064364	0.6177861296	0.4517975671
0.3923945445	0.6076054555	0.6195191138	0.4509826962
0.3933955255	0.6066044745	0.6212471385	0.4501704815
0.3943965065	0.6056034935	0.6229701986	0.4493609112
0.3953974875	0.6046025125	0.6246882896	0.4485539742
0.3963984685	0.6036015315	0.6264014067	0.4477496589
0.3973994494	0.6026005506	0.6281095457	0.4469479541
0.3984004304	0.6015995696	0.6298127026	0.4461488486
0.3994014114	0.6005985886	0.6315108735	0.4453523311
0.4004023924	0.5995976076	0.6332040548	0.4445583904
0.4014033734	0.5985966266	0.6348922432	0.4437670156
0.4024043544	0.5975956456	0.6365754355	0.4429781954
0.4034053353	0.5965946647	0.6382536288	0.442191919
0.4044063163	0.5955936837	0.6399268203	0.4414081754
0.4054072973	0.5945927027	0.6415950075	0.4406269537
0.4064082783	0.5935917217	0.6432581882	0.4398482431
0.4074092593	0.5925907407	0.6449163602	0.4390720327
0.4084102402	0.5915897598	0.6465695217	0.4382983119
0.4094112212	0.5905887788	0.648217671	0.4375270699
0.4104122022	0.5895877978	0.6498608066	0.4367582962
0.4114131832	0.5885868168	0.6514989272	0.4359919801
0.4124141642	0.5875858358	0.6531320319	0.4352281111
0.4134151451	0.5865848549	0.6547601196	0.4344666787
0.4144161261	0.5855838739	0.6563831897	0.4337076726
0.4154171071	0.5845828929	0.6580012417	0.4329510822
0.4164180881	0.5835819119	0.6596142753	0.4321968974
0.4174190691	0.5825809309	0.6612222903	0.4314451077
0.4184200501	0.5815799499	0.6628252868	0.430695703
0.419421031	0.580578969	0.6644232649	0.4299486731
0.420422012	0.579577988	0.6660162252	0.4292040079
0.421422993	0.578577007	0.6676041682	0.4284616972
0.422423974	0.577576026	0.6691870947	0.4277217311
0.423424955	0.576575045	0.6707650055	0.4269840995
0.4244259359	0.5755740641	0.6723379017	0.4262487925
0.4254269169	0.5745730831	0.6739057847	0.4255158002
0.4264278979	0.5735721021	0.6754686558	0.4247851128
0.4274288789	0.5725711211	0.6770265167	0.4240567204
0.4284298599	0.5715701401	0.678579369	0.4233306134
0.4294308408	0.5705691592	0.6801272147	0.422606782
0.4304318218	0.5695681782	0.6816700558	0.4218852165
0.4314328028	0.5685671972	0.6832078945	0.4211659074
0.4324337838	0.5675662162	0.6847407332	0.4204488451
0.4334347648	0.5665652352	0.6862685745	0.4197340201
0.4344357457	0.5655642543	0.6877914209	0.4190214229
0.4354367267	0.5645632733	0.6893092753	0.4183110441
0.4364377077	0.5635622923	0.6908221406	0.4176028743
0.4374386887	0.5625613113	0.6923300199	0.4168969041
0.4384396697	0.5615603303	0.6938329165	0.4161931244
0.4394406507	0.5605593493	0.6953308337	0.4154915258
0.4404416316	0.5595583684	0.6968237749	0.4147920992
0.4414426126	0.5585573874	0.6983117439	0.4140948354
0.4424435936	0.5575564064	0.6997947444	0.4133997253
0.4434445746	0.5565554254	0.7012727804	0.4127067599
0.4444455556	0.5555544444	0.7027458557	0.41201593
0.4454465365	0.5545534635	0.7042139746	0.4113272269
0.4464475175	0.5535524825	0.7056771414	0.4106406414
0.4474484985	0.5525515015	0.7071353605	0.4099561648
0.4484494795	0.5515505205	0.7085886363	0.4092737881
0.4494504605	0.5505495395	0.7100369735	0.4085935027
0.4504514414	0.5495485586	0.7114803769	0.4079152997
0.4514524224	0.5485475776	0.7129188514	0.4072391704
0.4524534034	0.5475465966	0.7143524019	0.4065651062
0.4534543844	0.5465456156	0.7157810335	0.4058930984
0.4544553654	0.5455446346	0.7172047515	0.4052231384
0.4554563463	0.5445436537	0.7186235612	0.4045552177
0.4564573273	0.5435426727	0.7200374679	0.4038893279
0.4574583083	0.5425416917	0.7214464773	0.4032254603
0.4584592893	0.5415407107	0.7228505949	0.4025636067
0.4594602703	0.5405397297	0.7242498266	0.4019037586
0.4604612513	0.5395387487	0.7256441781	0.4012459077
0.4614622322	0.5385377678	0.7270336554	0.4005900456
0.4624632132	0.5375367868	0.7284182645	0.3999361643
0.4634641942	0.5365358058	0.7297980116	0.3992842553
0.4644651752	0.5355348248	0.7311729029	0.3986343106
0.4654661562	0.5345338438	0.7325429447	0.3979863221
0.4664671371	0.5335328629	0.7339081435	0.3973402815
0.4674681181	0.5325318819	0.7352685057	0.3966961809
0.4684690991	0.5315309009	0.736624038	0.3960540123
0.4694700801	0.5305299199	0.737974747	0.3954137676
0.4704710611	0.5295289389	0.7393206396	0.394775439
0.471472042	0.528527958	0.7406617225	0.3941390185
0.472473023	0.527526977	0.7419980027	0.3935044982
0.473474004	0.526525996	0.7433294872	0.3928718705
0.474474985	0.525525015	0.7446561832	0.3922411273
0.475475966	0.524524034	0.7459780978	0.3916122612
0.4764769469	0.5235230531	0.7472952382	0.3909852642
0.4774779279	0.5225220721	0.7486076119	0.3903601288
0.4784789089	0.5215210911	0.7499152262	0.3897368473
0.4794798899	0.5205201101	0.7512180887	0.3891154121
0.4804808709	0.5195191291	0.7525162069	0.3884958156
0.4814818519	0.5185181481	0.7538095883	0.3878780504
0.4824828328	0.5175171672	0.7550982408	0.387262109
0.4834838138	0.5165161862	0.7563821721	0.3866479839
0.4844847948	0.5155152052	0.7576613901	0.3860356676
0.4854857758	0.5145142242	0.7589359026	0.3854251529
0.4864867568	0.5135132432	0.7602057176	0.3848164323
0.4874877377	0.5125122623	0.7614708433	0.3842094987
0.4884887187	0.5115112813	0.7627312876	0.3836043446
0.4894896997	0.5105103003	0.7639870587	0.383000963
0.4904906807	0.5095093193	0.7652381649	0.3823993465
0.4914916617	0.5085083383	0.7664846145	0.381799488
0.4924926426	0.5075073574	0.7677264158	0.3812013804
0.4934936236	0.5065063764	0.7689635772	0.3806050166
0.4944946046	0.5055053954	0.7701961072	0.3800103896
0.4954955856	0.5045044144	0.7714240143	0.3794174923
0.4964965666	0.5035034334	0.772647307	0.3788263177
0.4974975475	0.5025024525	0.773865994	0.3782368589
0.4984985285	0.5015014715	0.775080084	0.3776491089
0.4994995095	0.5005004905	0.7762895857	0.377063061
0.5005004905	0.4994995095	0.7774945079	0.3764787081
0.5015014715	0.4984985285	0.7786948594	0.3758960436
0.5025024525	0.4974975475	0.7798906491	0.3753150605
0.5035034334	0.4964965666	0.7810818859	0.3747357522
0.5045044144	0.4954955856	0.7822685787	0.3741581119
0.5055053954	0.4944946046	0.7834507367	0.373582133
0.5065063764	0.4934936236	0.7846283689	0.3730078088
0.5075073574	0.4924926426	0.7858014843	0.3724351327
0.5085083383	0.4914916617	0.7869700922	0.371864098
0.5095093193	0.4904906807	0.7881342017	0.3712946982
0.5105103003	0.4894896997	0.789293822	0.3707269268
0.5115112813	0.4884887187	0.7904489624	0.3701607774
0.5125122623	0.4874877377	0.7915996323	0.3695962433
0.5135132432	0.4864867568	0.792745841	0.3690333183
0.5145142242	0.4854857758	0.7938875979	0.3684719958
0.5155152052	0.4844847948	0.7950249123	0.3679122696
0.5165161862	0.4834838138	0.7961577938	0.3673541332
0.5175171672	0.4824828328	0.7972862519	0.3667975804
0.5185181481	0.4814818519	0.798410296	0.366242605
0.5195191291	0.4804808709	0.7995299358	0.3656892005
0.5205201101	0.4794798899	0.8006451808	0.3651373609
0.5215210911	0.4784789089	0.8017560407	0.36458708
0.5225220721	0.4774779279	0.8028625251	0.3640383515
0.5235230531	0.4764769469	0.8039646438	0.3634911694
0.524524034	0.475475966	0.8050624063	0.3629455275
0.525525015	0.474474985	0.8061558226	0.3624014198
0.526525996	0.473474004	0.8072449022	0.3618588403
0.527526977	0.472473023	0.8083296552	0.3613177828
0.528527958	0.471472042	0.8094100912	0.3607782416
0.5295289389	0.4704710611	0.8104862201	0.3602402105
0.5305299199	0.4694700801	0.8115580519	0.3597036838
0.5315309009	0.4684690991	0.8126255964	0.3591686553
0.5325318819	0.4674681181	0.8136888635	0.3586351194
0.5335328629	0.4664671371	0.8147478631	0.3581030702
0.5345338438	0.4654661562	0.8158026054	0.3575725019
0.5355348248	0.4644651752	0.8168531002	0.3570434086
0.5365358058	0.4634641942	0.8178993575	0.3565157846
0.5375367868	0.4624632132	0.8189413874	0.3559896242
0.5385377678	0.4614622322	0.8199792	0.3554649217
0.5395387487	0.4604612513	0.8210128053	0.3549416714
0.5405397297	0.4594602703	0.8220422134	0.3544198677
0.5415407107	0.4584592893	0.8230674344	0.3538995049
0.5425416917	0.4574583083	0.8240884785	0.3533805775
0.5435426727	0.4564573273	0.8251053557	0.3528630799
0.5445436537	0.4554563463	0.8261180763	0.3523470065
0.5455446346	0.4544553654	0.8271266504	0.3518323519
0.5465456156	0.4534543844	0.8281310882	0.3513191105
0.5475465966	0.4524534034	0.8291313998	0.3508072769
0.5485475776	0.4514524224	0.8301275956	0.3502968457
0.5495485586	0.4504514414	0.8311196857	0.3497878114
0.5505495395	0.4494504605	0.8321076804	0.3492801687
0.5515505205	0.4484494795	0.8330915899	0.3487739122
0.5525515015	0.4474484985	0.8340714245	0.3482690366
0.5535524825	0.4464475175	0.8350471945	0.3477655365
0.5545534635	0.4454465365	0.8360189101	0.3472634067
0.5555544444	0.4444455556	0.8369865816	0.346762642
0.5565554254	0.4434445746	0.8379502194	0.3462632371
0.5575564064	0.4424435936	0.8389098337	0.3457651867
0.5585573874	0.4414426126	0.8398654349	0.3452684858
0.5595583684	0.4404416316	0.8408170332	0.3447731291
0.5605593493	0.4394406507	0.8417646391	0.3442791116
0.5615603303	0.4384396697	0.8427082629	0.3437864281
0.5625613113	0.4374386887	0.8436479149	0.3432950735
0.5635622923	0.4364377077	0.8445836054	0.3428050428
0.5645632733	0.4354367267	0.8455153449	0.3423163309
0.5655642543	0.4344357457	0.8464431436	0.3418289328
0.5665652352	0.4334347648	0.847367012	0.3413428436
0.5675662162	0.4324337838	0.8482869605	0.3408580582
0.5685671972	0.4314328028	0.8492029993	0.3403745718
0.5695681782	0.4304318218	0.8501151389	0.3398923794
0.5705691592	0.4294308408	0.8510233896	0.3394114761
0.5715701401	0.4284298599	0.8519277619	0.3389318571
0.5725711211	0.4274288789	0.852828266	0.3384535174
0.5735721021	0.4264278979	0.8537249125	0.3379764523
0.5745730831	0.4254269169	0.8546177117	0.337500657
0.5755740641	0.4244259359	0.8555066739	0.3370261266
0.576575045	0.423424955	0.8563918096	0.3365528565
0.577576026	0.422423974	0.8572731291	0.3360808418
0.578577007	0.421422993	0.8581506429	0.3356100779
0.579577988	0.420422012	0.8590243612	0.3351405601
0.580578969	0.419421031	0.8598942946	0.3346722837
0.5815799499	0.4184200501	0.8607604533	0.3342052441
0.5825809309	0.4174190691	0.8616228478	0.3337394366
0.5835819119	0.4164180881	0.8624814884	0.3332748566
0.5845828929	0.4154171071	0.8633363855	0.3328114995
0.5855838739	0.4144161261	0.8641875495	0.3323493608
0.5865848549	0.4134151451	0.8650349907	0.331888436
0.5875858358	0.4124141642	0.8658787196	0.3314287205
0.5885868168	0.4114131832	0.8667187463	0.3309702098
0.5895877978	0.4104122022	0.8675550814	0.3305128994
0.5905887788	0.4094112212	0.8683877352	0.3300567849
0.5915897598	0.4084102402	0.869216718	0.3296018619
0.5925907407	0.4074092593	0.8700420401	0.3291481259
0.5935917217	0.4064082783	0.8708637119	0.3286955725
0.5945927027	0.4054072973	0.8716817437	0.3282441973
0.5955936837	0.4044063163	0.8724961458	0.3277939961
0.5965946647	0.4034053353	0.8733069286	0.3273449644
0.5975956456	0.4024043544	0.8741141023	0.326897098
0.5985966266	0.4014033734	0.8749176773	0.3264503926
0.5995976076	0.4004023924	0.8757176638	0.3260048438
0.6005985886	0.3994014114	0.8765140721	0.3255604474
0.6015995696	0.3984004304	0.8773069125	0.3251171992
0.6026005506	0.3973994494	0.8780961953	0.3246750951
0.6036015315	0.3963984685	0.8788819307	0.3242341306
0.6046025125	0.3953974875	0.8796641289	0.3237943018
0.6056034935	0.3943965065	0.8804428003	0.3233556044
0.6066044745	0.3933955255	0.881217955	0.3229180343
0.6076054555	0.3923945445	0.8819896032	0.3224815874
0.6086064364	0.3913935636	0.8827577553	0.3220462596
0.6096074174	0.3903925826	0.8835224213	0.3216120467
0.6106083984	0.3893916016	0.8842836115	0.3211789448
0.6116093794	0.3883906206	0.885041336	0.3207469498
0.6126103604	0.3873896396	0.885795605	0.3203160576
0.6136113413	0.3863886587	0.8865464287	0.3198862643
0.6146123223	0.3853876777	0.8872938172	0.3194575659
0.6156133033	0.3843866967	0.8880377807	0.3190299583
0.6166142843	0.3833857157	0.8887783292	0.3186034377
0.6176152653	0.3823847347	0.8895154729	0.318178
0.6186162462	0.3813837538	0.8902492219	0.3177536415
0.6196172272	0.3803827728	0.8909795863	0.3173303581
0.6206182082	0.3793817918	0.8917065761	0.316908146
0.6216191892	0.3783808108	0.8924302014	0.3164870014
0.6226201702	0.3773798298	0.8931504722	0.3160669203
0.6236211512	0.3763788488	0.8938673986	0.315647899
0.6246221321	0.3753778679	0.8945809907	0.3152299336
0.6256231131	0.3743768869	0.8952912583	0.3148130204
0.6266240941	0.3733759059	0.8959982115	0.3143971556
0.6276250751	0.3723749249	0.8967018604	0.3139823353
0.6286260561	0.3713739439	0.8974022147	0.313568556
0.629627037	0.370372963	0.8980992846	0.3131558137
0.630628018	0.369371982	0.8987930799	0.3127441049
0.631628999	0.368371001	0.8994836105	0.3123334259
0.63262998	0.36737002	0.9001708865	0.3119237729
0.633630961	0.366369039	0.9008549175	0.3115151423
0.6346319419	0.3653680581	0.9015357136	0.3111075304
0.6356329229	0.3643670771	0.9022132846	0.3107009337
0.6366339039	0.3633660961	0.9028876403	0.3102953485
0.6376348849	0.3623651151	0.9035587906	0.3098907712
0.6386358659	0.3613641341	0.9042267452	0.3094871982
0.6396368468	0.3603631532	0.904891514	0.3090846261
0.6406378278	0.3593621722	0.9055531068	0.3086830512
0.6416388088	0.3583611912	0.9062115333	0.3082824699
0.6426397898	0.3573602102	0.9068668033	0.3078828789
0.6436407708	0.3563592292	0.9075189264	0.3074842746
0.6446417518	0.3553582482	0.9081679125	0.3070866534
0.6456427327	0.3543572673	0.9088137712	0.306690012
0.6466437137	0.3533562863	0.9094565122	0.3062943469
0.6476446947	0.3523553053	0.9100961452	0.3058996546
0.6486456757	0.3513543243	0.9107326797	0.3055059318
0.6496466567	0.3503533433	0.9113661255	0.305113175
0.6506476376	0.3493523624	0.9119964922	0.3047213808
0.6516486186	0.3483513814	0.9126237893	0.3043305459
0.6526495996	0.3473504004	0.9132480265	0.3039406668
0.6536505806	0.3463494194	0.9138692132	0.3035517403
0.6546515616	0.3453484384	0.914487359	0.303163763
0.6556525425	0.3443474575	0.9151024735	0.3027767317
0.6566535235	0.3433464765	0.9157145662	0.3023906429
0.6576545045	0.3423454955	0.9163236465	0.3020054934
0.6586554855	0.3413445145	0.9169297239	0.3016212799
0.6596564665	0.3403435335	0.9175328079	0.3012379992
0.6606574474	0.3393425526	0.9181329079	0.3008556481
0.6616584284	0.3383415716	0.9187300333	0.3004742232
0.6626594094	0.3373405906	0.9193241934	0.3000937215
0.6636603904	0.3363396096	0.9199153978	0.2997141396
0.6646613714	0.3353386286	0.9205036557	0.2993354744
0.6656623524	0.3343376476	0.9210889765	0.2989577227
0.6666633333	0.3333366667	0.9216713695	0.2985808814
0.6676643143	0.3323356857	0.922250844	0.2982049473
0.6686652953	0.3313347047	0.9228274092	0.2978299173
0.6696662763	0.3303337237	0.9234010745	0.2974557883
0.6706672573	0.3293327427	0.9239718491	0.2970825571
0.6716682382	0.3283317618	0.9245397421	0.2967102207
0.6726692192	0.3273307808	0.9251047629	0.296338776
0.6736702002	0.3263297998	0.9256669205	0.2959682199
0.6746711812	0.3253288188	0.9262262243	0.2955985495
0.6756721622	0.3243278378	0.9267826832	0.2952297615
0.6766731431	0.3233268569	0.9273363064	0.2948618531
0.6776741241	0.3223258759	0.927887103	0.2944948211
0.6786751051	0.3213248949	0.9284350822	0.2941286627
0.6796760861	0.3203239139	0.9289802529	0.2937633748
0.6806770671	0.3193229329	0.9295226242	0.2933989545
0.681678048	0.318321952	0.9300622052	0.2930353988
0.682679029	0.317320971	0.9305990048	0.2926727047
0.68368001	0.31631999	0.931133032	0.2923108693
0.684680991	0.315319009	0.9316642959	0.2919498897
0.685681972	0.314318028	0.9321928052	0.291589763
0.686682953	0.313317047	0.932718569	0.2912304863
0.6876839339	0.3123160661	0.9332415962	0.2908720568
0.6886849149	0.3113150851	0.9337618956	0.2905144714
0.6896858959	0.3103141041	0.9342794761	0.2901577274
0.6906868769	0.3093131231	0.9347943466	0.289801822
0.6916878579	0.3083121421	0.9353065158	0.2894467523
0.6926888388	0.3073111612	0.9358159925	0.2890925154
0.6936898198	0.3063101802	0.9363227856	0.2887391086
0.6946908008	0.3053091992	0.9368269038	0.2883865291
0.6956917818	0.3043082182	0.9373283558	0.2880347741
0.6966927628	0.3033072372	0.9378271503	0.2876838408
0.6976937437	0.3023062563	0.9383232961	0.2873337265
0.6986947247	0.3013052753	0.9388168018	0.2869844284
0.6996957057	0.3003042943	0.939307676	0.2866359437
0.7006966867	0.2993033133	0.9397959275	0.2862882698
0.7016976677	0.2983023323	0.9402815647	0.2859414039
0.7026986486	0.2973013514	0.9407645964	0.2855953433
0.7036996296	0.2963003704	0.941245031	0.2852500854
0.7047006106	0.2952993894	0.9417228771	0.2849056274
0.7057015916	0.2942984084	0.9421981433	0.2845619667
0.7067025726	0.2932974274	0.942670838	0.2842191007
0.7077035536	0.2922964464	0.9431409697	0.2838770266
0.7087045345	0.2912954655	0.9436085469	0.2835357419
0.7097055155	0.2902944845	0.944073578	0.2831952439
0.7107064965	0.2892935035	0.9445360715	0.28285553
0.7117074775	0.2882925225	0.9449960358	0.2825165976
0.7127084585	0.2872915415	0.9454534792	0.2821784442
0.7137094394	0.2862905606	0.94590841	0.2818410671
0.7147104204	0.2852895796	0.9463608367	0.2815044638
0.7157114014	0.2842885986	0.9468107675	0.2811686317
0.7167123824	0.2832876176	0.9472582107	0.2808335683
0.7177133634	0.2822866366	0.9477031747	0.280499271
0.7187143443	0.2812856557	0.9481456675	0.2801657373
0.7197153253	0.2802846747	0.9485856976	0.2798329648
0.7207163063	0.2792836937	0.949023273	0.2795009508
0.7217172873	0.2782827127	0.949458402	0.2791696929
0.7227182683	0.2772817317	0.9498910927	0.2788391887
0.7237192492	0.2762807508	0.9503213533	0.2785094356
0.7247202302	0.2752797698	0.9507491919	0.2781804312
0.7257212112	0.2742787888	0.9511746166	0.277852173
0.7267221922	0.2732778078	0.9515976355	0.2775246586
0.7277231732	0.2722768268	0.9520182565	0.2771978856
0.7287241542	0.2712758458	0.9524364879	0.2768718515
0.7297251351	0.2702748649	0.9528523375	0.2765465539
0.7307261161	0.2692738839	0.9532658134	0.2762219905
0.7317270971	0.2682729029	0.9536769235	0.2758981588
0.7327280781	0.2672719219	0.9540856758	0.2755750565
0.7337290591	0.2662709409	0.9544920783	0.2752526811
0.73473004	0.26526996	0.9548961388	0.2749310304
0.735731021	0.264268979	0.9552978651	0.274610102
0.736732002	0.263267998	0.9556972653	0.2742898935
0.737732983	0.262267017	0.9560943471	0.2739704026
0.738733964	0.261266036	0.9564891183	0.2736516269
0.7397349449	0.2602650551	0.9568815867	0.2733335643
0.7407359259	0.2592640741	0.9572717602	0.2730162123
0.7417369069	0.2582630931	0.9576596464	0.2726995687
0.7427378879	0.2572621121	0.9580452531	0.2723836311
0.7437388689	0.2562611311	0.9584285881	0.2720683974
0.7447398498	0.2552601502	0.958809659	0.2717538652
0.7457408308	0.2542591692	0.9591884734	0.2714400324
0.7467418118	0.2532581882	0.9595650391	0.2711268965
0.7477427928	0.2522572072	0.9599393637	0.2708144555
0.7487437738	0.2512562262	0.9603114547	0.270502707
0.7497447548	0.2502552452	0.9606813198	0.270191649
0.7507457357	0.2492542643	0.9610489665	0.269881279
0.7517467167	0.2482532833	0.9614144024	0.269571595
0.7527476977	0.2472523023	0.961777635	0.2692625948
0.7537486787	0.2462513213	0.9621386717	0.2689542762
0.7547496597	0.2452503403	0.9624975202	0.268646637
0.7557506406	0.2442493594	0.9628541877	0.268339675
0.7567516216	0.2432483784	0.9632086818	0.268033388
0.7577526026	0.2422473974	0.9635610099	0.2677277741
0.7587535836	0.2412464164	0.9639111793	0.2674228309
0.7597545646	0.2402454354	0.9642591976	0.2671185564
0.7607555455	0.2392444545	0.9646050719	0.2668149484
0.7617565265	0.2382434735	0.9649488096	0.2665120049
0.7627575075	0.2372424925	0.9652904181	0.2662097237
0.7637584885	0.2362415115	0.9656299046	0.2659081028
0.7647594695	0.2352405305	0.9659672764	0.26560714
0.7657604505	0.2342395495	0.9663025407	0.2653068332
0.7667614314	0.2332385686	0.9666357049	0.2650071805
0.7677624124	0.2322375876	0.966966776	0.2647081797
0.7687633934	0.2312366066	0.9672957612	0.2644098288
0.7697643744	0.2302356256	0.9676226678	0.2641121258
0.7707653554	0.2292346446	0.9679475028	0.2638150686
0.7717663363	0.2282336637	0.9682702735	0.2635186551
0.7727673173	0.2272326827	0.9685909868	0.2632228834
0.7737682983	0.2262317017	0.9689096499	0.2629277514
0.7747692793	0.2252307207	0.9692262698	0.2626332572
0.7757702603	0.2242297397	0.9695408536	0.2623393988
0.7767712412	0.2232287588	0.9698534083	0.2620461741
0.7777722222	0.2222277778	0.9701639408	0.2617535812
0.7787732032	0.2212267968	0.9704724582	0.261461618
0.7797741842	0.2202258158	0.9707789675	0.2611702828
0.7807751652	0.2192248348	0.9710834754	0.2608795734
0.7817761461	0.2182238539	0.971385989	0.260589488
0.7827771271	0.2172228729	0.9716865152	0.2603000246
0.7837781081	0.2162218919	0.9719850608	0.2600111812
0.7847790891	0.2152209109	0.9722816327	0.259722956
0.7857800701	0.2142199299	0.9725762377	0.259435347
0.7867810511	0.2132189489	0.9728688826	0.2591483523
0.787782032	0.212217968	0.9731595742	0.2588619701
0.788783013	0.211216987	0.9734483193	0.2585761983
0.789783994	0.210216006	0.9737351247	0.2582910352
0.790784975	0.209215025	0.974019997	0.2580064789
0.791785956	0.208214044	0.974302943	0.2577225275
0.7927869369	0.2072130631	0.9745839693	0.257439179
0.7937879179	0.2062120821	0.9748630827	0.2571564318
0.7947888989	0.2052111011	0.9751402897	0.2568742838
0.7957898799	0.2042101201	0.9754155971	0.2565927333
0.7967908609	0.2032091391	0.9756890114	0.2563117785
0.7977918418	0.2022081582	0.9759605392	0.2560314174
0.7987928228	0.2012071772	0.9762301871	0.2557516484
0.7997938038	0.2002061962	0.9764979616	0.2554724695
0.8007947848	0.1992052152	0.9767638692	0.255193879
0.8017957658	0.1982042342	0.9770279165	0.2549158751
0.8027967467	0.1972032533	0.97729011	0.2546384559
0.8037977277	0.1962022723	0.9775504561	0.2543616197
0.8047987087	0.1952012913	0.9778089613	0.2540853648
0.8057996897	0.1942003103	0.9780656319	0.2538096893
0.8068006707	0.1931993293	0.9783204745	0.2535345915
0.8078016517	0.1921983483	0.9785734954	0.2532600696
0.8088026326	0.1911973674	0.9788247009	0.2529861219
0.8098036136	0.1901963864	0.9790740974	0.2527127466
0.8108045946	0.1891954054	0.9793216913	0.252439942
0.8118055756	0.1881944244	0.9795674889	0.2521677064
0.8128065566	0.1871934434	0.9798114964	0.251896038
0.8138075375	0.1861924625	0.9800537202	0.2516249351
0.8148085185	0.1851914815	0.9802941664	0.2513543961
0.8158094995	0.1841905005	0.9805328413	0.2510844191
0.8168104805	0.1831895195	0.9807697512	0.2508150026
0.8178114615	0.1821885385	0.9810049021	0.2505461448
0.8188124424	0.1811875576	0.9812383004	0.2502778441
0.8198134234	0.1801865766	0.9814699521	0.2500100987
0.8208144044	0.1791855956	0.9816998634	0.2497429071
0.8218153854	0.1781846146	0.9819280404	0.2494762675
0.8228163664	0.1771836336	0.9821544892	0.2492101782
0.8238173473	0.1761826527	0.9823792159	0.2489446377
0.8248183283	0.1751816717	0.9826022265	0.2486796442
0.8258193093	0.1741806907	0.9828235271	0.2484151963
0.8268202903	0.1731797097	0.9830431238	0.2481512921
0.8278212713	0.1721787287	0.9832610224	0.2478879301
0.8288222523	0.1711777477	0.983477229	0.2476251087
0.8298232332	0.1701767668	0.9836917496	0.2473628262
0.8308242142	0.1691757858	0.9839045901	0.2471010811
0.8318251952	0.1681748048	0.9841157564	0.2468398718
0.8328261762	0.1671738238	0.9843252545	0.2465791966
0.8338271572	0.1661728428	0.9845330902	0.246319054
0.8348281381	0.1651718619	0.9847392694	0.2460594423
0.8358291191	0.1641708809	0.984943798	0.2458003601
0.8368301001	0.1631698999	0.9851466817	0.2455418057
0.8378310811	0.1621689189	0.9853479265	0.2452837776
0.8388320621	0.1611679379	0.9855475381	0.2450262743
0.839833043	0.160166957	0.9857455223	0.2447692941
0.840834024	0.159165976	0.9859418848	0.2445128355
0.841835005	0.158164995	0.9861366314	0.244256897
0.842835986	0.157164014	0.9863297678	0.244001477
0.843836967	0.156163033	0.9865212998	0.2437465741
0.8448379479	0.1551620521	0.9867112329	0.2434921867
0.8458389289	0.1541610711	0.986899573	0.2432383132
0.8468399099	0.1531600901	0.9870863255	0.2429849522
0.8478408909	0.1521591091	0.9872714962	0.2427321022
0.8488418719	0.1511581281	0.9874550907	0.2424797617
0.8498428529	0.1501571471	0.9876371146	0.2422279291
0.8508438338	0.1491561662	0.9878175735	0.241976603
0.8518448148	0.1481551852	0.9879964728	0.241725782
0.8528457958	0.1471542042	0.9881738182	0.2414754644
0.8538467768	0.1461532232	0.9883496152	0.2412256489
0.8548477578	0.1451522422	0.9885238693	0.240976334
0.8558487387	0.1441512613	0.988696586	0.2407275182
0.8568497197	0.1431502803	0.9888677708	0.2404792001
0.8578507007	0.1421492993	0.989037429	0.2402313782
0.8588516817	0.1411483183	0.9892055662	0.2399840511
0.8598526627	0.1401473373	0.9893721878	0.2397372174
0.8608536436	0.1391463564	0.9895372991	0.2394908755
0.8618546246	0.1381453754	0.9897009056	0.2392450242
0.8628556056	0.1371443944	0.9898630127	0.2389996619
0.8638565866	0.1361434134	0.9900236255	0.2387547872
0.8648575676	0.1351424324	0.9901827497	0.2385103988
0.8658585485	0.1341414515	0.9903403903	0.2382664952
0.8668595295	0.1331404705	0.9904965527	0.238023075
0.8678605105	0.1321394895	0.9906512423	0.2377801369
0.8688614915	0.1311385085	0.9908044642	0.2375376794
0.8698624725	0.1301375275	0.9909562237	0.2372957012
0.8708634535	0.1291365465	0.991106526	0.2370542008
0.8718644344	0.1281355656	0.9912553764	0.2368131769
0.8728654154	0.1271345846	0.9914027801	0.2365726282
0.8738663964	0.1261336036	0.9915487422	0.2363325532
0.8748673774	0.1251326226	0.9916932679	0.2360929506
0.8758683584	0.1241316416	0.9918363623	0.2358538191
0.8768693393	0.1231306607	0.9919780305	0.2356151573
0.8778703203	0.1221296797	0.9921182778	0.2353769638
0.8788713013	0.1211286987	0.9922571091	0.2351392374
0.8798722823	0.1201277177	0.9923945295	0.2349019767
0.8808732633	0.1191267367	0.9925305442	0.2346651802
0.8818742442	0.1181257558	0.9926651581	0.2344288469
0.8828752252	0.1171247748	0.9927983762	0.2341929752
0.8838762062	0.1161237938	0.9929302037	0.2339575639
0.8848771872	0.1151228128	0.9930606455	0.2337226117
0.8858781682	0.1141218318	0.9931897065	0.2334881173
0.8868791491	0.1131208509	0.9933173917	0.2332540794
0.8878801301	0.1121198699	0.9934437061	0.2330204967
0.8888811111	0.1111188889	0.9935686547	0.2327873678
0.8898820921	0.1101179079	0.9936922422	0.2325546915
0.8908830731	0.1091169269	0.9938144736	0.2323224666
0.8918840541	0.1081159459	0.9939353539	0.2320906917
0.892885035	0.107114965	0.9940548878	0.2318593656
0.893886016	0.106113984	0.9941730802	0.231628487
0.894886997	0.105113003	0.9942899359	0.2313980547
0.895887978	0.104112022	0.9944054598	0.2311680673
0.896888959	0.103111041	0.9945196567	0.2309385237
0.8978899399	0.1021100601	0.9946325313	0.2307094225
0.8988909209	0.1011090791	0.9947440884	0.2304807626
0.8998919019	0.1001080981	0.9948543328	0.2302525427
0.9008928829	0.09910711712	0.9949632692	0.2300247616
0.9018938639	0.09810613614	0.9950709024	0.229797418
0.9028948448	0.09710515516	0.9951772369	0.2295705107
0.9038958258	0.09610417417	0.9952822776	0.2293440385
0.9048968068	0.09510319319	0.9953860291	0.2291180001
0.9058977878	0.09410221221	0.9954884961	0.2288923944
0.9068987688	0.09310123123	0.9955896832	0.2286672202
0.9078997497	0.09210025025	0.995689595	0.2284424762
0.9089007307	0.09109926927	0.9957882361	0.2282181612
0.9099017117	0.09009828829	0.9958856112	0.2279942741
0.9109026927	0.08909730731	0.9959817248	0.2277708137
0.9119036737	0.08809632633	0.9960765816	0.2275477787
0.9129046547	0.08709534535	0.996170186	0.227325168
0.9139056356	0.08609436436	0.9962625426	0.2271029804
0.9149066166	0.08509338338	0.9963536558	0.2268812147
0.9159075976	0.0840924024	0.9964435304	0.2266598698
0.9169085786	0.08309142142	0.9965321706	0.2264389446
0.9179095596	0.08209044044	0.996619581	0.2262184377
0.9189105405	0.08108945946	0.9967057661	0.2259983481
0.9199115215	0.08008847848	0.9967907302	0.2257786747
0.9209125025	0.0790874975	0.9968744779	0.2255594162
0.9219134835	0.07808651652	0.9969570136	0.2253405716
0.9229144645	0.07708553554	0.9970383416	0.2251221396
0.9239154454	0.07608455455	0.9971184664	0.2249041192
0.9249164264	0.07508357357	0.9971973922	0.2246865092
0.9259174074	0.07408259259	0.9972751236	0.2244693086
0.9269183884	0.07308161161	0.9973516647	0.224252516
0.9279193694	0.07208063063	0.99742702	0.2240361306
0.9289203504	0.07107964965	0.9975011938	0.2238201511
0.9299213313	0.07007866867	0.9975741904	0.2236045763
0.9309223123	0.06907768769	0.997646014	0.2233894054
0.9319232933	0.06807670671	0.9977166689	0.223174637
0.9329242743	0.06707572573	0.9977861594	0.2229602701
0.9339252553	0.06607474474	0.9978544898	0.2227463036
0.9349262362	0.06507376376	0.9979216642	0.2225327364
0.9359272172	0.06407278278	0.9979876869	0.2223195675
0.9369281982	0.0630718018	0.998052562	0.2221067957
0.9379291792	0.06207082082	0.9981162938	0.22189442
0.9389301602	0.06106983984	0.9981788865	0.2216824392
0.9399311411	0.06006885886	0.9982403441	0.2214708524
0.9409321221	0.05906787788	0.9983006709	0.2212596584
0.9419331031	0.0580668969	0.998359871	0.2210488561
0.9429340841	0.05706591592	0.9984179484	0.2208384446
0.9439350651	0.05606493493	0.9984749073	0.2206284227
0.944936046	0.05506395395	0.9985307518	0.2204187895
0.945937027	0.05406297297	0.998585486	0.2202095437
0.946938008	0.05306199199	0.9986391139	0.2200006845
0.947938989	0.05206101101	0.9986916395	0.2197922107
0.94893997	0.05106003003	0.998743067	0.2195841214
0.949940951	0.05005904905	0.9987934002	0.2193764154
0.9509419319	0.04905806807	0.9988426433	0.2191690918
0.9519429129	0.04805708709	0.9988908002	0.2189621494
0.9529438939	0.04705610611	0.998937875	0.2187555874
0.9539448749	0.04605512513	0.9989838715	0.2185494046
0.9549458559	0.04505414414	0.9990287937	0.2183436001
0.9559468368	0.04405316316	0.9990726456	0.2181381728
0.9569478178	0.04305218218	0.999115431	0.2179331218
0.9579487988	0.0420512012	0.999157154	0.2177284459
0.9589497798	0.04105022022	0.9991978184	0.2175241443
0.9599507608	0.04004923924	0.9992374281	0.2173202159
0.9609517417	0.03904825826	0.9992759869	0.2171166596
0.9619527227	0.03804727728	0.9993134988	0.2169134746
0.9629537037	0.0370462963	0.9993499676	0.2167106599
0.9639546847	0.03604531532	0.999385397	0.2165082143
0.9649556657	0.03504433433	0.999419791	0.2163061371
0.9659566466	0.03404335335	0.9994531534	0.2161044271
0.9669576276	0.03304237237	0.9994854878	0.2159030834
0.9679586086	0.03204139139	0.9995167983	0.215702105
0.9689595896	0.03104041041	0.9995470884	0.215501491
0.9699605706	0.03003942943	0.9995763619	0.2153012404
0.9709615516	0.02903844845	0.9996046226	0.2151013522
0.9719625325	0.02803746747	0.9996318743	0.2149018255
0.9729635135	0.02703648649	0.9996581206	0.2147026593
0.9739644945	0.02603550551	0.9996833653	0.2145038526
0.9749654755	0.02503452452	0.999707612	0.2143054045
0.9759664565	0.02403354354	0.9997308645	0.2141073141
0.9769674374	0.02303256256	0.9997531264	0.2139095805
0.9779684184	0.02203158158	0.9997744013	0.2137122026
0.9789693994	0.0210306006	0.9997946929	0.2135151795
0.9799703804	0.02002961962	0.9998140048	0.2133185103
0.9809713614	0.01902863864	0.9998323408	0.2131221941
0.9819723423	0.01802765766	0.9998497042	0.21292623
0.9829733233	0.01702667668	0.9998660989	0.212730617
0.9839743043	0.0160256957	0.9998815282	0.2125353542
0.9849752853	0.01502471471	0.9998959959	0.2123404406
0.9859762663	0.01402373373	0.9999095055	0.2121458755
0.9869772472	0.01302275275	0.9999220604	0.2119516577
0.9879782282	0.01202177177	0.9999336644	0.2117577866
0.9889792092	0.01102079079	0.9999443208	0.211564261
0.9899801902	0.01001980981	0.9999540331	0.2113710803
0.9909811712	0.009018828829	0.999962805	0.2111782433
0.9919821522	0.008017847848	0.9999706398	0.2109857493
0.9929831331	0.007016866867	0.9999775411	0.2107935973
0.9939841141	0.006015885886	0.9999835123	0.2106017866
0.9949850951	0.005014904905	0.9999885568	0.210410316
0.9959860761	0.004013923924	0.9999926782	0.2102191849
0.9969870571	0.003012942943	0.9999958798	0.2100283923
0.997988038	0.002011961962	0.999998165	0.2098379373
0.998989019	0.001010980981	0.9999995373	0.209647819
0.99999	1e-05	1	0.2094580366
