1e-05	0.99999	9188.631537	1.000000029
0.001010980981	0.998989019	5209.466742	1.000287043
0.002011961962	0.997988038	3054.662977	1.001092989
0.003012942943	0.9969870571	1847.968544	1.002358585
0.004013923924	0.9959860761	1150.842405	1.004031409
0.005014904905	0.9949850951	736.27651	1.006064951
0.006015885886	0.9939841141	483.0141188	1.008417825
0.007016866867	0.9929831331	324.3626815	1.011053091
0.008017847848	0.9919821522	222.6250543	1.013937699
0.009018828829	0.9909811712	155.9425723	1.017042001
0.01001980981	0.9899801902	111.3341377	1.020339339
0.01102079079	0.9889792092	80.91626748	1.023805696
0.01202177177	0.9879782282	59.79971197	1.02741939
0.01302275275	0.9869772472	44.89183224	1.031160811
0.01402373373	0.9859762663	34.19981149	1.035012193
0.01502471471	0.9849752853	26.41692648	1.038957418
0.0160256957	0.9839743043	20.67213322	1.042981844
0.01702667668	0.9829733233	16.37573193	1.047072147
0.01802765766	0.9819723423	13.12260641	1.051216196
0.01902863864	0.9809713614	10.63057019	1.055402933
0.02002961962	0.9799703804	8.700475668	1.059622265
0.0210306006	0.9789693994	7.190026644	1.06386498
0.02203158158	0.9779684184	5.996348525	1.06812266
0.02303256256	0.9769674374	5.044234724	1.072387612
0.02403354354	0.9759664565	4.278121672	1.076652798
0.02503452452	0.9749654755	3.656544487	1.080911784
0.02603550551	0.9739644945	3.148263167	1.085158683
0.02703648649	0.9729635135	2.729526817	1.089388111
0.02803746747	0.9719625325	2.382121763	1.093595143
0.02903844845	0.9709615516	2.091965307	1.097775277
0.03003942943	0.9699605706	1.848083121	1.101924398
0.03104041041	0.9689595896	1.641858993	1.106038748
0.03204139139	0.9679586086	1.466479686	1.110114898
0.03304237237	0.9669576276	1.316520823	1.11414972
0.03404335335	0.9659566466	1.187635555	1.118140367
0.03504433433	0.9649556657	1.076318759	1.122084251
0.03604531532	0.9639546847	0.9797271586	1.12597902
0.0370462963	0.9629537037	0.8955411543	1.129822546
0.03804727728	0.9619527227	0.8218580103	1.133612902
0.03904825826	0.9609517417	0.7571087424	1.137348354
0.04004923924	0.9599507608	0.6999930637	1.141027342
0.04105022022	0.9589497798	0.6494281651	1.144648469
0.0420512012	0.9579487988	0.6045081621	1.148210491
0.04305218218	0.9569478178	0.5644718128	1.151712301
0.04405316316	0.9559468368	0.5286766873	1.155152928
0.04505414414	0.9549458559	0.4965783951	1.158531517
0.04605512513	0.9539448749	0.4677138	1.161847331
0.04705610611	0.9529438939	0.4416873931	1.165099735
0.04805708709	0.9519429129	0.4181601816	1.168288192
0.04905806807	0.9509419319	0.3968405879	1.171412256
0.05005904905	0.949940951	0.3774769657	1.174471568
0.05106003003	0.94893997	0.3598514203	1.177465845
0.05206101101	0.947938989	0.3437746859	1.180394879
0.05306199199	0.946938008	0.3290818631	1.183258528
0.05406297297	0.945937027	0.31562886	1.186056717
0.05506395395	0.944936046	0.3032894088	1.188789427
0.05606493493	0.9439350651	0.2919525578	1.191456697
0.05706591592	0.9429340841	0.2815205557	1.194058613
0.0580668969	0.9419331031	0.2719070601	1.196595312
0.05906787788	0.9409321221	0.2630356174	1.199066973
0.06006885886	0.9399311411	0.2548383681	1.201473819
0.06106983984	0.9389301602	0.2472549413	1.203816107
0.06207082082	0.9379291792	0.2402315077	1.206094132
0.0630718018	0.9369281982	0.2337199664	1.20830822
0.06407278278	0.9359272172	0.2276772453	1.21045873
0.06507376376	0.9349262362	0.2220646965	1.212546045
0.06607474474	0.9339252553	0.2168475732	1.214570577
0.06707572573	0.9329242743	0.2119945763	1.21653276
0.06807670671	0.9319232933	0.2074774599	1.218433052
0.06907768769	0.9309223123	0.2032706872	1.220271929
0.07007866867	0.9299213313	0.1993511308	1.222049887
0.07107964965	0.9289203504	0.1956978093	1.223767437
0.07208063063	0.9279193694	0.1922916569	1.225425108
0.07308161161	0.9269183884	0.1891153209	1.227023441
0.07408259259	0.9259174074	0.1861529828	1.228562992
0.07508357357	0.9249164264	0.1833902011	1.230044327
0.07608455455	0.9239154454	0.180813772	1.231468023
0.07708553554	0.9229144645	0.1784116058	1.232834666
0.07808651652	0.9219134835	0.1761726176	1.234144851
0.0790874975	0.9209125025	0.1740866299	1.23539918
0.08008847848	0.9199115215	0.172144286	1.236598261
0.08108945946	0.9189105405	0.1703369728	1.23774271
0.08209044044	0.9179095596	0.1686567514	1.238833145
0.08309142142	0.9169085786	0.1670962959	1.23987019
0.0840924024	0.9159075976	0.1656488374	1.240854473
0.08509338338	0.9149066166	0.1643081148	1.241786623
0.08609436436	0.9139056356	0.16306833	1.242667272
0.08709534535	0.9129046547	0.1619241074	1.243497053
0.08809632633	0.9119036737	0.1608704582	1.244276603
0.08909730731	0.9109026927	0.1599027472	1.245006557
0.09009828829	0.9099017117	0.1590166635	1.24568755
0.09109926927	0.9089007307	0.1582081936	1.246320217
0.09210025025	0.9078997497	0.1574735975	1.246905193
0.09310123123	0.9068987688	0.1568093862	1.247443112
0.09410221221	0.9058977878	0.156212302	1.247934606
0.09510319319	0.9048968068	0.1556793003	1.248380304
0.09610417417	0.9038958258	0.1552075331	1.248780836
0.09710515516	0.9028948448	0.1547943339	1.249136826
0.09810613614	0.9018938639	0.1544372036	1.249448897
0.09910711712	0.9008928829	0.1541337987	1.24971767
0.1001080981	0.8998919019	0.1538819188	1.249943761
0.1011090791	0.8988909209	0.1536794969	1.250127783
0.1021100601	0.8978899399	0.1535245894	1.250270345
0.103111041	0.896888959	0.1534153671	1.250372054
0.104112022	0.895887978	0.1533501076	1.250433511
0.105113003	0.894886997	0.1533271871	1.250455314
0.106113984	0.893886016	0.1533450741	1.250438055
0.107114965	0.892885035	0.1534023228	1.250382324
0.1081159459	0.8918840541	0.1534975674	1.250288703
0.1091169269	0.8908830731	0.1536295166	1.250157773
0.1101179079	0.8898820921	0.1537969487	1.249990108
0.1111188889	0.8888811111	0.153998707	1.249786276
0.1121198699	0.8878801301	0.1542336955	1.249546843
0.1131208509	0.8868791491	0.154500875	1.249272368
0.1141218318	0.8858781682	0.1547992596	1.248963405
0.1151228128	0.8848771872	0.155127913	1.248620502
0.1161237938	0.8838762062	0.1554859456	1.248244203
0.1171247748	0.8828752252	0.1558725117	1.247835045
0.1181257558	0.8818742442	0.1562868065	1.247393562
0.1191267367	0.8808732633	0.1567280637	1.246920281
0.1201277177	0.8798722823	0.1571955534	1.246415723
0.1211286987	0.8788713013	0.1576885794	1.245880405
0.1221296797	0.8778703203	0.1582064778	1.245314836
0.1231306607	0.8768693393	0.1587486147	1.244719523
0.1241316416	0.8758683584	0.1593143843	1.244094964
0.1251326226	0.8748673774	0.1599032079	1.243441653
0.1261336036	0.8738663964	0.1605145316	1.242760079
0.1271345846	0.8728654154	0.1611478253	1.242050724
0.1281355656	0.8718644344	0.1618025814	1.241314066
0.1291365465	0.8708634535	0.1624783132	1.240550575
0.1301375275	0.8698624725	0.1631745541	1.239760718
0.1311385085	0.8688614915	0.1638908563	1.238944955
0.1321394895	0.8678605105	0.1646267896	1.238103741
0.1331404705	0.8668595295	0.1653819409	1.237237525
0.1341414515	0.8658585485	0.1661559127	1.236346751
0.1351424324	0.8648575676	0.1669483228	1.235431857
0.1361434134	0.8638565866	0.1677588031	1.234493276
0.1371443944	0.8628556056	0.1685869991	1.233531435
0.1381453754	0.8618546246	0.1694325689	1.232546757
0.1391463564	0.8608536436	0.170295183	1.231539657
0.1401473373	0.8598526627	0.1711745232	1.230510548
0.1411483183	0.8588516817	0.1720702821	1.229459835
0.1421492993	0.8578507007	0.1729821628	1.228387919
0.1431502803	0.8568497197	0.1739098782	1.227295195
0.1441512613	0.8558487387	0.1748531505	1.226182054
0.1451522422	0.8548477578	0.1758117106	1.22504888
0.1461532232	0.8538467768	0.176785298	1.223896054
0.1471542042	0.8528457958	0.1777736602	1.22272395
0.1481551852	0.8518448148	0.1787765522	1.221532939
0.1491561662	0.8508438338	0.1797937362	1.220323385
0.1501571471	0.8498428529	0.1808249813	1.219095647
0.1511581281	0.8488418719	0.1818700634	1.217850082
0.1521591091	0.8478408909	0.1829287641	1.216587038
0.1531600901	0.8468399099	0.1840008715	1.215306862
0.1541610711	0.8458389289	0.1850861791	1.214009894
0.1551620521	0.8448379479	0.1861844856	1.21269647
0.156163033	0.843836967	0.1872955953	1.21136692
0.157164014	0.842835986	0.188419317	1.210021571
0.158164995	0.841835005	0.1895554644	1.208660746
0.159165976	0.840834024	0.1907038555	1.207284761
0.160166957	0.839833043	0.1918643127	1.205893929
0.1611679379	0.8388320621	0.1930366624	1.204488559
0.1621689189	0.8378310811	0.194220735	1.203068955
0.1631698999	0.8368301001	0.1954163645	1.201635416
0.1641708809	0.8358291191	0.1966233884	1.200188238
0.1651718619	0.8348281381	0.1978416477	1.198727712
0.1661728428	0.8338271572	0.1990709866	1.197254124
0.1671738238	0.8328261762	0.2003112525	1.195767758
0.1681748048	0.8318251952	0.2015622956	1.194268891
0.1691757858	0.8308242142	0.2028239691	1.192757799
0.1701767668	0.8298232332	0.204096129	1.191234752
0.1711777477	0.8288222523	0.2053786336	1.189700017
0.1721787287	0.8278212713	0.2066713439	1.188153856
0.1731797097	0.8268202903	0.2079741235	1.186596528
0.1741806907	0.8258193093	0.2092868379	1.185028287
0.1751816717	0.8248183283	0.2106093551	1.183449386
0.1761826527	0.8238173473	0.2119415451	1.181860071
0.1771836336	0.8228163664	0.21328328	1.180260586
0.1781846146	0.8218153854	0.2146344338	1.178651171
0.1791855956	0.8208144044	0.2159948825	1.177032063
0.1801865766	0.8198134234	0.2173645037	1.175403494
0.1811875576	0.8188124424	0.218743177	1.173765694
0.1821885385	0.8178114615	0.2201307834	1.172118888
0.1831895195	0.8168104805	0.2215272058	1.1704633
0.1841905005	0.8158094995	0.2229323283	1.168799148
0.1851914815	0.8148085185	0.2243460369	1.167126648
0.1861924625	0.8138075375	0.2257682187	1.165446013
0.1871934434	0.8128065566	0.2271987623	1.163757451
0.1881944244	0.8118055756	0.2286375578	1.162061169
0.1891954054	0.8108045946	0.2300844964	1.16035737
0.1901963864	0.8098036136	0.2315394707	1.158646253
0.1911973674	0.8088026326	0.2330023742	1.156928015
0.1921983483	0.8078016517	0.2344731019	1.155202849
0.1931993293	0.8068006707	0.2359515499	1.153470946
0.1942003103	0.8057996897	0.2374376152	1.151732495
0.1952012913	0.8047987087	0.238931196	1.149987678
0.1962022723	0.8037977277	0.2404321915	1.148236679
0.1972032533	0.8027967467	0.2419405019	1.146479676
0.1982042342	0.8017957658	0.2434560282	1.144716846
0.1992052152	0.8007947848	0.2449786727	1.142948361
0.2002061962	0.7997938038	0.2465083383	1.141174393
0.2012071772	0.7987928228	0.2480449288	1.139395109
0.2022081582	0.7977918418	0.2495883489	1.137610675
0.2032091391	0.7967908609	0.2511385043	1.135821253
0.2042101201	0.7957898799	0.2526953014	1.134027004
0.2052111011	0.7947888989	0.2542586471	1.132228085
0.2062120821	0.7937879179	0.2558284496	1.130424651
0.2072130631	0.7927869369	0.2574046174	1.128616855
0.208214044	0.791785956	0.25898706	1.126804847
0.209215025	0.790784975	0.2605756875	1.124988774
0.210216006	0.789783994	0.2621704106	1.123168783
0.211216987	0.788783013	0.263771141	1.121345015
0.212217968	0.787782032	0.2653777908	1.119517612
0.2132189489	0.7867810511	0.2669902727	1.117686712
0.2142199299	0.7857800701	0.2686085003	1.115852451
0.2152209109	0.7847790891	0.2702323876	1.114014964
0.2162218919	0.7837781081	0.2718618493	1.112174382
0.2172228729	0.7827771271	0.2734968008	1.110330834
0.2182238539	0.7817761461	0.2751371578	1.108484448
0.2192248348	0.7807751652	0.2767828368	1.10663535
0.2202258158	0.7797741842	0.2784337549	1.104783663
0.2212267968	0.7787732032	0.2800898297	1.102929508
0.2222277778	0.7777722222	0.2817509793	1.101073005
0.2232287588	0.7767712412	0.2834171223	1.099214271
0.2242297397	0.7757702603	0.2850881781	1.097353421
0.2252307207	0.7747692793	0.2867640662	1.095490569
0.2262317017	0.7737682983	0.2884447071	1.093625826
0.2272326827	0.7727673173	0.2901300214	1.091759303
0.2282336637	0.7717663363	0.2918199304	1.089891107
0.2292346446	0.7707653554	0.2935143559	1.088021343
0.2302356256	0.7697643744	0.2952132202	1.086150118
0.2312366066	0.7687633934	0.2969164459	1.084277533
0.2322375876	0.7677624124	0.2986239563	1.082403688
0.2332385686	0.7667614314	0.3003356752	1.080528684
0.2342395495	0.7657604505	0.3020515266	1.078652617
0.2352405305	0.7647594695	0.3037714352	1.076775583
0.2362415115	0.7637584885	0.3054953261	1.074897677
0.2372424925	0.7627575075	0.3072231249	1.073018991
0.2382434735	0.7617565265	0.3089547575	1.071139616
0.2392444545	0.7607555455	0.3106901505	1.069259642
0.2402454354	0.7597545646	0.3124292306	1.067379155
0.2412464164	0.7587535836	0.3141719253	1.065498244
0.2422473974	0.7577526026	0.3159181623	1.063616991
0.2432483784	0.7567516216	0.3176678699	1.061735482
0.2442493594	0.7557506406	0.3194209766	1.059853798
0.2452503403	0.7547496597	0.3211774116	1.057972019
0.2462513213	0.7537486787	0.3229371044	1.056090224
0.2472523023	0.7527476977	0.3246999848	1.054208492
0.2482532833	0.7517467167	0.3264659834	1.052326898
0.2492542643	0.7507457357	0.3282350307	1.050445518
0.2502552452	0.7497447548	0.330007058	1.048564425
0.2512562262	0.7487437738	0.331781997	1.046683692
0.2522572072	0.7477427928	0.3335597796	1.044803389
0.2532581882	0.7467418118	0.3353403382	1.042923587
0.2542591692	0.7457408308	0.3371236058	1.041044355
0.2552601502	0.7447398498	0.3389095155	1.039165758
0.2562611311	0.7437388689	0.3406980011	1.037287865
0.2572621121	0.7427378879	0.3424889966	1.035410739
0.2582630931	0.7417369069	0.3442824364	1.033534444
0.2592640741	0.7407359259	0.3460782555	1.031659043
0.2602650551	0.7397349449	0.3478763891	1.029784598
0.261266036	0.738733964	0.3496767728	1.027911169
0.262267017	0.737732983	0.3514793429	1.026038815
0.263267998	0.736732002	0.3532840357	1.024167594
0.264268979	0.735731021	0.3550907882	1.022297563
0.26526996	0.73473004	0.3568995376	1.020428779
0.2662709409	0.7337290591	0.3587102215	1.018561296
0.2672719219	0.7327280781	0.3605227781	1.016695168
0.2682729029	0.7317270971	0.3623371457	1.014830449
0.2692738839	0.7307261161	0.3641532633	1.012967189
0.2702748649	0.7297251351	0.3659710701	1.011105441
0.2712758458	0.7287241542	0.3677905057	1.009245255
0.2722768268	0.7277231732	0.3696115101	1.007386678
0.2732778078	0.7267221922	0.3714340238	1.00552976
0.2742787888	0.7257212112	0.3732579875	1.003674548
0.2752797698	0.7247202302	0.3750833425	1.001821087
0.2762807508	0.7237192492	0.3769100303	0.9999694239
0.2772817317	0.7227182683	0.3787379929	0.9981196026
0.2782827127	0.7217172873	0.3805671727	0.9962716668
0.2792836937	0.7207163063	0.3823975123	0.9944256593
0.2802846747	0.7197153253	0.3842289549	0.9925816222
0.2812856557	0.7187143443	0.386061444	0.9907395964
0.2822866366	0.7177133634	0.3878949235	0.9888996225
0.2832876176	0.7167123824	0.3897293377	0.9870617398
0.2842885986	0.7157114014	0.3915646313	0.9852259871
0.2852895796	0.7147104204	0.3934007492	0.9833924024
0.2862905606	0.7137094394	0.3952376368	0.9815610229
0.2872915415	0.7127084585	0.3970752401	0.979731885
0.2882925225	0.7117074775	0.3989135051	0.9779050243
0.2892935035	0.7107064965	0.4007523785	0.976080476
0.2902944845	0.7097055155	0.4025918071	0.974258274
0.2912954655	0.7087045345	0.4044317383	0.9724384522
0.2922964464	0.7077035536	0.4062721197	0.9706210431
0.2932974274	0.7067025726	0.4081128995	0.9688060791
0.2942984084	0.7057015916	0.4099540261	0.9669935915
0.2952993894	0.7047006106	0.4117954483	0.9651836112
0.2963003704	0.7036996296	0.4136371152	0.9633761683
0.2973013514	0.7026986486	0.4154789765	0.9615712923
0.2983023323	0.7016976677	0.4173209822	0.959769012
0.2993033133	0.7006966867	0.4191630824	0.9579693558
0.3003042943	0.6996957057	0.4210052279	0.9561723513
0.3013052753	0.6986947247	0.4228473699	0.9543780253
0.3023062563	0.6976937437	0.4246894595	0.9525864045
0.3033072372	0.6966927628	0.4265314488	0.9507975145
0.3043082182	0.6956917818	0.4283732898	0.9490113807
0.3053091992	0.6946908008	0.4302149352	0.9472280278
0.3063101802	0.6936898198	0.4320563376	0.9454474797
0.3073111612	0.6926888388	0.4338974506	0.9436697603
0.3083121421	0.6916878579	0.4357382276	0.9418948923
0.3093131231	0.6906868769	0.4375786227	0.9401228984
0.3103141041	0.6896858959	0.4394185903	0.9383538004
0.3113150851	0.6886849149	0.441258085	0.93658762
0.3123160661	0.6876839339	0.443097062	0.9348243779
0.313317047	0.686682953	0.4449354766	0.9330640945
0.314318028	0.685681972	0.4467732848	0.93130679
0.315319009	0.684680991	0.4486104427	0.9295524836
0.31631999	0.68368001	0.4504469067	0.9278011944
0.317320971	0.682679029	0.4522826339	0.9260529409
0.318321952	0.681678048	0.4541175814	0.924307741
0.3193229329	0.6806770671	0.4559517069	0.9225656125
0.3203239139	0.6796760861	0.4577849682	0.9208265723
0.3213248949	0.6786751051	0.4596173237	0.9190906373
0.3223258759	0.6776741241	0.4614487321	0.9173578236
0.3233268569	0.6766731431	0.4632791523	0.9156281471
0.3243278378	0.6756721622	0.4651085438	0.9139016232
0.3253288188	0.6746711812	0.4669368662	0.9121782668
0.3263297998	0.6736702002	0.4687640796	0.9104580926
0.3273307808	0.6726692192	0.4705901444	0.9087411147
0.3283317618	0.6716682382	0.4724150214	0.9070273469
0.3293327427	0.6706672573	0.4742386716	0.9053168026
0.3303337237	0.6696662763	0.4760610566	0.9036094948
0.3313347047	0.6686652953	0.4778821381	0.9019054361
0.3323356857	0.6676643143	0.4797018782	0.9002046389
0.3333366667	0.6666633333	0.4815202394	0.898507115
0.3343376476	0.6656623524	0.4833371845	0.8968128759
0.3353386286	0.6646613714	0.4851526768	0.8951219329
0.3363396096	0.6636603904	0.4869666795	0.8934342967
0.3373405906	0.6626594094	0.4887791567	0.8917499779
0.3383415716	0.6616584284	0.4905900724	0.8900689866
0.3393425526	0.6606574474	0.4923993912	0.8883913327
0.3403435335	0.6596564665	0.4942070779	0.8867170256
0.3413445145	0.6586554855	0.4960130976	0.8850460747
0.3423454955	0.6576545045	0.4978174158	0.8833784886
0.3433464765	0.6566535235	0.4996199984	0.881714276
0.3443474575	0.6556525425	0.5014208114	0.8800534452
0.3453484384	0.6546515616	0.5032198214	0.878396004
0.3463494194	0.6536505806	0.5050169952	0.8767419602
0.3473504004	0.6526495996	0.5068122999	0.8750913211
0.3483513814	0.6516486186	0.508605703	0.8734440939
0.3493523624	0.6506476376	0.5103971721	0.8718002852
0.3503533433	0.6496466567	0.5121866754	0.8701599018
0.3513543243	0.6486456757	0.5139741813	0.8685229497
0.3523553053	0.6476446947	0.5157596586	0.866889435
0.3533562863	0.6466437137	0.5175430762	0.8652593634
0.3543572673	0.6456427327	0.5193244035	0.8636327404
0.3553582482	0.6446417518	0.5211036102	0.8620095713
0.3563592292	0.6436407708	0.5228806662	0.8603898609
0.3573602102	0.6426397898	0.5246555419	0.858773614
0.3583611912	0.6416388088	0.5264282079	0.8571608351
0.3593621722	0.6406378278	0.528198635	0.8555515284
0.3603631532	0.6396368468	0.5299667945	0.853945698
0.3613641341	0.6386358659	0.5317326578	0.8523433476
0.3623651151	0.6376348849	0.5334961969	0.8507444807
0.3633660961	0.6366339039	0.5352573838	0.8491491007
0.3643670771	0.6356329229	0.537016191	0.8475572107
0.3653680581	0.6346319419	0.5387725911	0.8459688137
0.366369039	0.633630961	0.5405265572	0.8443839122
0.36737002	0.63262998	0.5422780627	0.8428025088
0.368371001	0.631628999	0.544027081	0.8412246058
0.369371982	0.630628018	0.5457735862	0.8396502052
0.370372963	0.629627037	0.5475175525	0.8380793089
0.3713739439	0.6286260561	0.5492589542	0.8365119187
0.3723749249	0.6276250751	0.5509977662	0.8349480359
0.3733759059	0.6266240941	0.5527339636	0.8333876619
0.3743768869	0.6256231131	0.5544675217	0.8318307979
0.3753778679	0.6246221321	0.5561984161	0.8302774448
0.3763788488	0.6236211512	0.5579266228	0.8287276033
0.3773798298	0.6226201702	0.5596521179	0.8271812741
0.3783808108	0.6216191892	0.561374878	0.8256384575
0.3793817918	0.6206182082	0.5630948797	0.8240991539
0.3803827728	0.6196172272	0.5648121002	0.8225633633
0.3813837538	0.6186162462	0.5665265166	0.8210310856
0.3823847347	0.6176152653	0.5682381067	0.8195023207
0.3833857157	0.6166142843	0.5699468483	0.8179770681
0.3843866967	0.6156133033	0.5716527194	0.8164553273
0.3853876777	0.6146123223	0.5733556985	0.8149370976
0.3863886587	0.6136113413	0.5750557642	0.8134223781
0.3873896396	0.6126103604	0.5767528955	0.8119111679
0.3883906206	0.6116093794	0.5784470716	0.8104034658
0.3893916016	0.6106083984	0.5801382719	0.8088992706
0.3903925826	0.6096074174	0.5818264761	0.8073985809
0.3913935636	0.6086064364	0.5835116642	0.8059013951
0.3923945445	0.6076054555	0.5851938165	0.8044077115
0.3933955255	0.6066044745	0.5868729134	0.8029175283
0.3943965065	0.6056034935	0.5885489357	0.8014308436
0.3953974875	0.6046025125	0.5902218644	0.7999476554
0.3963984685	0.6036015315	0.5918916807	0.7984679613
0.3973994494	0.6026005506	0.5935583662	0.7969917592
0.3984004304	0.6015995696	0.5952219025	0.7955190466
0.3994014114	0.6005985886	0.5968822718	0.794049821
0.4004023924	0.5995976076	0.5985394562	0.7925840796
0.4014033734	0.5985966266	0.6001934383	0.7911218198
0.4024043544	0.5975956456	0.6018442007	0.7896630386
0.4034053353	0.5965946647	0.6034917265	0.7882077331
0.4044063163	0.5955936837	0.6051359988	0.7867559001
0.4054072973	0.5945927027	0.6067770012	0.7853075365
0.4064082783	0.5935917217	0.6084147172	0.7838626389
0.4074092593	0.5925907407	0.610049131	0.7824212039
0.4084102402	0.5915897598	0.6116802265	0.7809832281
0.4094112212	0.5905887788	0.6133079882	0.7795487078
0.4104122022	0.5895877978	0.6149324007	0.7781176394
0.4114131832	0.5885868168	0.6165534489	0.776690019
0.4124141642	0.5875858358	0.6181711179	0.7752658428
0.4134151451	0.5865848549	0.6197853929	0.7738451068
0.4144161261	0.5855838739	0.6213962595	0.7724278069
0.4154171071	0.5845828929	0.6230037034	0.771013939
0.4164180881	0.5835819119	0.6246077107	0.769603499
0.4174190691	0.5825809309	0.6262082674	0.7681964823
0.4184200501	0.5815799499	0.6278053601	0.7667928848
0.419421031	0.580578969	0.6293989754	0.7653927019
0.420422012	0.579577988	0.6309891	0.763995929
0.421422993	0.578577007	0.6325757212	0.7626025616
0.422423974	0.577576026	0.634158826	0.7612125949
0.423424955	0.576575045	0.6357384021	0.7598260242
0.4244259359	0.5755740641	0.6373144371	0.7584428446
0.4254269169	0.5745730831	0.6388869189	0.7570630513
0.4264278979	0.5735721021	0.6404558357	0.7556866392
0.4274288789	0.5725711211	0.6420211757	0.7543136032
0.4284298599	0.5715701401	0.6435829274	0.7529439384
0.4294308408	0.5705691592	0.6451410796	0.7515776395
0.4304318218	0.5695681782	0.6466956212	0.7502147012
0.4314328028	0.5685671972	0.6482465413	0.7488551183
0.4324337838	0.5675662162	0.6497938293	0.7474988853
0.4334347648	0.5665652352	0.6513374745	0.746145997
0.4344357457	0.5655642543	0.6528774668	0.7447964478
0.4354367267	0.5645632733	0.6544137961	0.7434502321
0.4364377077	0.5635622923	0.6559464524	0.7421073444
0.4374386887	0.5625613113	0.657475426	0.740767779
0.4384396697	0.5615603303	0.6590007074	0.7394315303
0.4394406507	0.5605593493	0.6605222872	0.7380985925
0.4404416316	0.5595583684	0.6620401563	0.7367689597
0.4414426126	0.5585573874	0.6635543057	0.7354426262
0.4424435936	0.5575564064	0.6650647267	0.7341195861
0.4434445746	0.5565554254	0.6665714105	0.7327998333
0.4444455556	0.5555544444	0.6680743489	0.731483362
0.4454465365	0.5545534635	0.6695735335	0.7301701661
0.4464475175	0.5535524825	0.6710689563	0.7288602395
0.4474484985	0.5525515015	0.6725606093	0.727553576
0.4484494795	0.5515505205	0.6740484849	0.7262501696
0.4494504605	0.5505495395	0.6755325756	0.7249500141
0.4504514414	0.5495485586	0.6770128738	0.7236531031
0.4514524224	0.5485475776	0.6784893725	0.7223594305
0.4524534034	0.5475465966	0.6799620646	0.7210689898
0.4534543844	0.5465456156	0.6814309432	0.7197817748
0.4544553654	0.5455446346	0.6828960017	0.7184977791
0.4554563463	0.5445436537	0.6843572335	0.7172169962
0.4564573273	0.5435426727	0.6858146321	0.7159394197
0.4574583083	0.5425416917	0.6872681915	0.7146650431
0.4584592893	0.5415407107	0.6887179056	0.7133938599
0.4594602703	0.5405397297	0.6901637684	0.7121258635
0.4604612513	0.5395387487	0.6916057743	0.7108610473
0.4614622322	0.5385377678	0.6930439177	0.7095994048
0.4624632132	0.5375367868	0.6944781931	0.7083409292
0.4634641942	0.5365358058	0.6959085953	0.707085614
0.4644651752	0.5355348248	0.6973351192	0.7058334524
0.4654661562	0.5345338438	0.6987577598	0.7045844377
0.4664671371	0.5335328629	0.7001765124	0.7033385632
0.4674681181	0.5325318819	0.7015913722	0.702095822
0.4684690991	0.5315309009	0.7030023347	0.7008562075
0.4694700801	0.5305299199	0.7044093956	0.6996197127
0.4704710611	0.5295289389	0.7058125507	0.6983863309
0.471472042	0.528527958	0.7072117959	0.6971560551
0.472473023	0.527526977	0.7086071272	0.6959288786
0.473474004	0.526525996	0.7099985409	0.6947047943
0.474474985	0.525525015	0.7113860333	0.6934837954
0.475475966	0.524524034	0.7127696009	0.692265875
0.4764769469	0.5235230531	0.7141492404	0.691051026
0.4774779279	0.5225220721	0.7155249485	0.6898392415
0.4784789089	0.5215210911	0.716896722	0.6886305145
0.4794798899	0.5205201101	0.7182645581	0.687424838
0.4804808709	0.5195191291	0.7196284539	0.686222205
0.4814818519	0.5185181481	0.7209884066	0.6850226084
0.4824828328	0.5175171672	0.7223444138	0.6838260412
0.4834838138	0.5165161862	0.723696473	0.6826324962
0.4844847948	0.5155152052	0.7250445819	0.6814419665
0.4854857758	0.5145142242	0.7263887382	0.6802544449
0.4864867568	0.5135132432	0.7277289399	0.6790699244
0.4874877377	0.5125122623	0.7290651852	0.6778883977
0.4884887187	0.5115112813	0.7303974721	0.6767098578
0.4894896997	0.5105103003	0.731725799	0.6755342976
0.4904906807	0.5095093193	0.7330501643	0.6743617098
0.4914916617	0.5085083383	0.7343705666	0.6731920874
0.4924926426	0.5075073574	0.7356870045	0.6720254231
0.4934936236	0.5065063764	0.7369994768	0.6708617098
0.4944946046	0.5055053954	0.7383079825	0.6697009403
0.4954955856	0.5045044144	0.7396125205	0.6685431074
0.4964965666	0.5035034334	0.74091309	0.6673882039
0.4974975475	0.5025024525	0.7422096903	0.6662362227
0.4984985285	0.5015014715	0.7435023206	0.6650871564
0.4994995095	0.5005004905	0.7447909806	0.6639409978
0.5005004905	0.4994995095	0.7460756696	0.6627977399
0.5015014715	0.4984985285	0.7473563876	0.6616573753
0.5025024525	0.4974975475	0.7486331341	0.6605198967
0.5035034334	0.4964965666	0.7499059092	0.6593852971
0.5045044144	0.4954955856	0.7511747129	0.658253569
0.5055053954	0.4944946046	0.7524395453	0.6571247054
0.5065063764	0.4934936236	0.7537004066	0.6559986988
0.5075073574	0.4924926426	0.7549572971	0.6548755422
0.5085083383	0.4914916617	0.7562102172	0.6537552283
0.5095093193	0.4904906807	0.7574591676	0.6526377497
0.5105103003	0.4894896997	0.7587041487	0.6515230993
0.5115112813	0.4884887187	0.7599451614	0.6504112698
0.5125122623	0.4874877377	0.7611822065	0.6493022539
0.5135132432	0.4864867568	0.7624152848	0.6481960444
0.5145142242	0.4854857758	0.7636443974	0.6470926341
0.5155152052	0.4844847948	0.7648695454	0.6459920157
0.5165161862	0.4834838138	0.76609073	0.6448941819
0.5175171672	0.4824828328	0.7673079526	0.6437991256
0.5185181481	0.4814818519	0.7685212144	0.6427068394
0.5195191291	0.4804808709	0.769730517	0.6416173161
0.5205201101	0.4794798899	0.7709358619	0.6405305485
0.5215210911	0.4784789089	0.7721372508	0.6394465293
0.5225220721	0.4774779279	0.7733346855	0.6383652514
0.5235230531	0.4764769469	0.7745281678	0.6372867074
0.524524034	0.475475966	0.7757176996	0.6362108902
0.525525015	0.474474985	0.7769032828	0.6351377924
0.526525996	0.473474004	0.7780849197	0.634067407
0.527526977	0.472473023	0.7792626123	0.6329997266
0.528527958	0.471472042	0.780436363	0.6319347442
0.5295289389	0.4704710611	0.781606174	0.6308724524
0.5305299199	0.4694700801	0.7827720478	0.629812844
0.5315309009	0.4684690991	0.7839339869	0.628755912
0.5325318819	0.4674681181	0.7850919938	0.627701649
0.5335328629	0.4664671371	0.7862460712	0.6266500479
0.5345338438	0.4654661562	0.7873962219	0.6256011015
0.5355348248	0.4644651752	0.7885424486	0.6245548027
0.5365358058	0.4634641942	0.7896847543	0.6235111442
0.5375367868	0.4624632132	0.7908231418	0.622470119
0.5385377678	0.4614622322	0.7919576143	0.6214317199
0.5395387487	0.4604612513	0.7930881748	0.6203959397
0.5405397297	0.4594602703	0.7942148265	0.6193627713
0.5415407107	0.4584592893	0.7953375726	0.6183322076
0.5425416917	0.4574583083	0.7964564165	0.6173042414
0.5435426727	0.4564573273	0.7975713616	0.6162788657
0.5445436537	0.4554563463	0.7986824113	0.6152560733
0.5455446346	0.4544553654	0.7997895691	0.6142358571
0.5465456156	0.4534543844	0.8008928387	0.6132182101
0.5475465966	0.4524534034	0.8019922237	0.6122031253
0.5485475776	0.4514524224	0.8030877278	0.6111905954
0.5495485586	0.4504514414	0.8041793548	0.6101806135
0.5505495395	0.4494504605	0.8052671086	0.6091731725
0.5515505205	0.4484494795	0.8063509931	0.6081682654
0.5525515015	0.4474484985	0.8074310123	0.6071658851
0.5535524825	0.4464475175	0.8085071701	0.6061660246
0.5545534635	0.4454465365	0.8095794708	0.605168677
0.5555544444	0.4444455556	0.8106479184	0.6041738352
0.5565554254	0.4434445746	0.8117125173	0.6031814923
0.5575564064	0.4424435936	0.8127732716	0.6021916412
0.5585573874	0.4414426126	0.8138301858	0.601204275
0.5595583684	0.4404416316	0.8148832642	0.6002193867
0.5605593493	0.4394406507	0.8159325113	0.5992369695
0.5615603303	0.4384396697	0.8169779315	0.5982570163
0.5625613113	0.4374386887	0.8180195296	0.5972795203
0.5635622923	0.4364377077	0.81905731	0.5963044745
0.5645632733	0.4354367267	0.8200912774	0.595331872
0.5655642543	0.4344357457	0.8211214367	0.594361706
0.5665652352	0.4334347648	0.8221477925	0.5933939696
0.5675662162	0.4324337838	0.8231703497	0.592428656
0.5685671972	0.4314328028	0.8241891132	0.5914657581
0.5695681782	0.4304318218	0.8252040879	0.5905052694
0.5705691592	0.4294308408	0.8262152788	0.5895471828
0.5715701401	0.4284298599	0.827222691	0.5885914917
0.5725711211	0.4274288789	0.8282263295	0.5876381891
0.5735721021	0.4264278979	0.8292261994	0.5866872684
0.5745730831	0.4254269169	0.8302223059	0.5857387227
0.5755740641	0.4244259359	0.8312146543	0.5847925454
0.576575045	0.423424955	0.8322032499	0.5838487295
0.577576026	0.422423974	0.8331880978	0.5829072685
0.578577007	0.421422993	0.8341692036	0.5819681555
0.579577988	0.420422012	0.8351465726	0.5810313839
0.580578969	0.419421031	0.8361202102	0.580096947
0.5815799499	0.4184200501	0.837090122	0.5791648382
0.5825809309	0.4174190691	0.8380563134	0.5782350506
0.5835819119	0.4164180881	0.8390187901	0.5773075778
0.5845828929	0.4154171071	0.8399775577	0.5763824129
0.5855838739	0.4144161261	0.8409326218	0.5754595496
0.5865848549	0.4134151451	0.8418839881	0.574538981
0.5875858358	0.4124141642	0.8428316624	0.5736207006
0.5885868168	0.4114131832	0.8437756505	0.5727047019
0.5895877978	0.4104122022	0.8447159581	0.5717909783
0.5905887788	0.4094112212	0.8456525911	0.5708795231
0.5915897598	0.4084102402	0.8465855553	0.56997033
0.5925907407	0.4074092593	0.8475148569	0.5690633922
0.5935917217	0.4064082783	0.8484405015	0.5681587035
0.5945927027	0.4054072973	0.8493624954	0.5672562571
0.5955936837	0.4044063163	0.8502808445	0.5663560467
0.5965946647	0.4034053353	0.8511955548	0.5654580659
0.5975956456	0.4024043544	0.8521066326	0.564562308
0.5985966266	0.4014033734	0.8530140838	0.5636687668
0.5995976076	0.4004023924	0.8539179147	0.5627774357
0.6005985886	0.3994014114	0.8548181315	0.5618883084
0.6015995696	0.3984004304	0.8557147404	0.5610013785
0.6026005506	0.3973994494	0.8566077476	0.5601166396
0.6036015315	0.3963984685	0.8574971596	0.5592340854
0.6046025125	0.3953974875	0.8583829825	0.5583537094
0.6056034935	0.3943965065	0.8592652227	0.5574755054
0.6066044745	0.3933955255	0.8601438867	0.5565994671
0.6076054555	0.3923945445	0.8610189808	0.555725588
0.6086064364	0.3913935636	0.8618905114	0.5548538621
0.6096074174	0.3903925826	0.8627584852	0.5539842829
0.6106083984	0.3893916016	0.8636229084	0.5531168443
0.6116093794	0.3883906206	0.8644837877	0.5522515399
0.6126103604	0.3873896396	0.8653411296	0.5513883636
0.6136113413	0.3863886587	0.8661949406	0.5505273092
0.6146123223	0.3853876777	0.8670452275	0.5496683704
0.6156133033	0.3843866967	0.8678919967	0.5488115411
0.6166142843	0.3833857157	0.868735255	0.5479568151
0.6176152653	0.3823847347	0.869575009	0.5471041863
0.6186162462	0.3813837538	0.8704112655	0.5462536485
0.6196172272	0.3803827728	0.8712440311	0.5454051957
0.6206182082	0.3793817918	0.8720733125	0.5445588216
0.6216191892	0.3783808108	0.8728991167	0.5437145203
0.6226201702	0.3773798298	0.8737214502	0.5428722857
0.6236211512	0.3763788488	0.87454032	0.5420321117
0.6246221321	0.3753778679	0.8753557329	0.5411939922
0.6256231131	0.3743768869	0.8761676958	0.5403579213
0.6266240941	0.3733759059	0.8769762154	0.539523893
0.6276250751	0.3723749249	0.8777812987	0.5386919012
0.6286260561	0.3713739439	0.8785829527	0.5378619399
0.629627037	0.370372963	0.8793811841	0.5370340033
0.630628018	0.369371982	0.8801760001	0.5362080854
0.631628999	0.368371001	0.8809674075	0.5353841802
0.63262998	0.36737002	0.8817554134	0.5345622819
0.633630961	0.366369039	0.8825400247	0.5337423845
0.6346319419	0.3653680581	0.8833212485	0.5329244821
0.6356329229	0.3643670771	0.8840990918	0.532108569
0.6366339039	0.3633660961	0.8848735616	0.5312946392
0.6376348849	0.3623651151	0.8856446651	0.5304826869
0.6386358659	0.3613641341	0.8864124093	0.5296727063
0.6396368468	0.3603631532	0.8871768013	0.5288646917
0.6406378278	0.3593621722	0.8879378482	0.5280586371
0.6416388088	0.3583611912	0.8886955572	0.5272545369
0.6426397898	0.3573602102	0.8894499355	0.5264523852
0.6436407708	0.3563592292	0.89020099	0.5256521765
0.6446417518	0.3553582482	0.8909487281	0.5248539048
0.6456427327	0.3543572673	0.891693157	0.5240575646
0.6466437137	0.3533562863	0.8924342837	0.5232631501
0.6476446947	0.3523553053	0.8931721156	0.5224706557
0.6486456757	0.3513543243	0.8939066599	0.5216800757
0.6496466567	0.3503533433	0.8946379238	0.5208914045
0.6506476376	0.3493523624	0.8953659145	0.5201046364
0.6516486186	0.3483513814	0.8960906393	0.5193197658
0.6526495996	0.3473504004	0.8968121054	0.5185367872
0.6536505806	0.3463494194	0.8975303202	0.517755695
0.6546515616	0.3453484384	0.898245291	0.5169764835
0.6556525425	0.3443474575	0.898957025	0.5161991473
0.6566535235	0.3433464765	0.8996655295	0.5154236808
0.6576545045	0.3423454955	0.9003708119	0.5146500785
0.6586554855	0.3413445145	0.9010728796	0.5138783349
0.6596564665	0.3403435335	0.9017717397	0.5131084445
0.6606574474	0.3393425526	0.9024673997	0.5123404019
0.6616584284	0.3383415716	0.903159867	0.5115742016
0.6626594094	0.3373405906	0.9038491488	0.5108098381
0.6636603904	0.3363396096	0.9045352527	0.5100473061
0.6646613714	0.3353386286	0.9052181858	0.5092866001
0.6656623524	0.3343376476	0.9058979557	0.5085277148
0.6666633333	0.3333366667	0.9065745697	0.5077706448
0.6676643143	0.3323356857	0.9072480352	0.5070153847
0.6686652953	0.3313347047	0.9079183597	0.5062619292
0.6696662763	0.3303337237	0.9085855504	0.5055102729
0.6706672573	0.3293327427	0.9092496149	0.5047604106
0.6716682382	0.3283317618	0.9099105606	0.5040123369
0.6726692192	0.3273307808	0.9105683948	0.5032660466
0.6736702002	0.3263297998	0.9112231251	0.5025215344
0.6746711812	0.3253288188	0.9118747588	0.5017787951
0.6756721622	0.3243278378	0.9125233033	0.5010378234
0.6766731431	0.3233268569	0.9131687663	0.5002986141
0.6776741241	0.3223258759	0.913811155	0.499561162
0.6786751051	0.3213248949	0.9144504769	0.498825462
0.6796760861	0.3203239139	0.9150867395	0.4980915088
0.6806770671	0.3193229329	0.9157199503	0.4973592973
0.681678048	0.318321952	0.9163501166	0.4966288224
0.682679029	0.317320971	0.916977246	0.4959000789
0.68368001	0.31631999	0.917601346	0.4951730617
0.684680991	0.315319009	0.9182224239	0.4944477658
0.685681972	0.314318028	0.9188404873	0.493724186
0.686682953	0.313317047	0.9194555437	0.4930023173
0.6876839339	0.3123160661	0.9200676005	0.4922821547
0.6886849149	0.3113150851	0.9206766651	0.4915636931
0.6896858959	0.3103141041	0.9212827451	0.4908469275
0.6906868769	0.3093131231	0.9218858479	0.4901318529
0.6916878579	0.3083121421	0.9224859811	0.4894184643
0.6926888388	0.3073111612	0.923083152	0.4887067568
0.6936898198	0.3063101802	0.9236773682	0.4879967253
0.6946908008	0.3053091992	0.9242686372	0.487288365
0.6956917818	0.3043082182	0.9248569664	0.4865816709
0.6966927628	0.3033072372	0.9254423632	0.4858766381
0.6976937437	0.3023062563	0.9260248353	0.4851732617
0.6986947247	0.3013052753	0.92660439	0.4844715369
0.6996957057	0.3003042943	0.9271810348	0.4837714587
0.7006966867	0.2993033133	0.9277547772	0.4830730224
0.7016976677	0.2983023323	0.9283256247	0.482376223
0.7026986486	0.2973013514	0.9288935847	0.4816810558
0.7036996296	0.2963003704	0.9294586647	0.4809875159
0.7047006106	0.2952993894	0.9300208722	0.4802955987
0.7057015916	0.2942984084	0.9305802146	0.4796052992
0.7067025726	0.2932974274	0.9311366995	0.4789166127
0.7077035536	0.2922964464	0.9316903342	0.4782295345
0.7087045345	0.2912954655	0.9322411262	0.4775440599
0.7097055155	0.2902944845	0.932789083	0.4768601841
0.7107064965	0.2892935035	0.933334212	0.4761779024
0.7117074775	0.2882925225	0.9338765206	0.4754972102
0.7127084585	0.2872915415	0.9344160164	0.4748181027
0.7137094394	0.2862905606	0.9349527068	0.4741405754
0.7147104204	0.2852895796	0.9354865991	0.4734646235
0.7157114014	0.2842885986	0.9360177009	0.4727902424
0.7167123824	0.2832876176	0.9365460195	0.4721174276
0.7177133634	0.2822866366	0.9370715624	0.4714461744
0.7187143443	0.2812856557	0.937594337	0.4707764782
0.7197153253	0.2802846747	0.9381143507	0.4701083345
0.7207163063	0.2792836937	0.938631611	0.4694417387
0.7217172873	0.2782827127	0.9391461252	0.4687766863
0.7227182683	0.2772817317	0.9396579007	0.4681131727
0.7237192492	0.2762807508	0.940166945	0.4674511934
0.7247202302	0.2752797698	0.9406732654	0.4667907439
0.7257212112	0.2742787888	0.9411768693	0.4661318198
0.7267221922	0.2732778078	0.9416777642	0.4654744165
0.7277231732	0.2722768268	0.9421759573	0.4648185296
0.7287241542	0.2712758458	0.942671456	0.4641641547
0.7297251351	0.2702748649	0.9431642678	0.4635112873
0.7307261161	0.2692738839	0.9436543999	0.4628599231
0.7317270971	0.2682729029	0.9441418597	0.4622100575
0.7327280781	0.2672719219	0.9446266546	0.4615616862
0.7337290591	0.2662709409	0.9451087919	0.4609148049
0.73473004	0.26526996	0.9455882789	0.4602694092
0.735731021	0.264268979	0.946065123	0.4596254948
0.736732002	0.263267998	0.9465393314	0.4589830572
0.737732983	0.262267017	0.9470109115	0.4583420922
0.738733964	0.261266036	0.9474798707	0.4577025955
0.7397349449	0.2602650551	0.9479462161	0.4570645629
0.7407359259	0.2592640741	0.9484099551	0.4564279899
0.7417369069	0.2582630931	0.9488710949	0.4557928724
0.7427378879	0.2572621121	0.9493296429	0.455159206
0.7437388689	0.2562611311	0.9497856063	0.4545269867
0.7447398498	0.2552601502	0.9502389924	0.4538962101
0.7457408308	0.2542591692	0.9506898083	0.453266872
0.7467418118	0.2532581882	0.9511380615	0.4526389682
0.7477427928	0.2522572072	0.951583759	0.4520124947
0.7487437738	0.2512562262	0.9520269081	0.4513874471
0.7497447548	0.2502552452	0.9524675161	0.4507638213
0.7507457357	0.2492542643	0.9529055901	0.4501416132
0.7517467167	0.2482532833	0.9533411373	0.4495208186
0.7527476977	0.2472523023	0.953774165	0.4489014335
0.7537486787	0.2462513213	0.9542046803	0.4482834538
0.7547496597	0.2452503403	0.9546326904	0.4476668753
0.7557506406	0.2442493594	0.9550582025	0.4470516939
0.7567516216	0.2432483784	0.9554812237	0.4464379057
0.7577526026	0.2422473974	0.9559017612	0.4458255065
0.7587535836	0.2412464164	0.9563198221	0.4452144923
0.7597545646	0.2402454354	0.9567354135	0.4446048591
0.7607555455	0.2392444545	0.9571485426	0.443996603
0.7617565265	0.2382434735	0.9575592164	0.4433897197
0.7627575075	0.2372424925	0.9579674421	0.4427842055
0.7637584885	0.2362415115	0.9583732268	0.4421800563
0.7647594695	0.2352405305	0.9587765775	0.4415772682
0.7657604505	0.2342395495	0.9591775013	0.4409758372
0.7667614314	0.2332385686	0.9595760053	0.4403757594
0.7677624124	0.2322375876	0.9599720965	0.4397770308
0.7687633934	0.2312366066	0.960365782	0.4391796476
0.7697643744	0.2302356256	0.9607570688	0.4385836058
0.7707653554	0.2292346446	0.9611459639	0.4379889016
0.7717663363	0.2282336637	0.9615324743	0.4373955311
0.7727673173	0.2272326827	0.9619166071	0.4368034905
0.7737682983	0.2262317017	0.9622983692	0.4362127758
0.7747692793	0.2252307207	0.9626777675	0.4356233833
0.7757702603	0.2242297397	0.9630548091	0.4350353091
0.7767712412	0.2232287588	0.963429501	0.4344485495
0.7777722222	0.2222277778	0.96380185	0.4338631006
0.7787732032	0.2212267968	0.9641718631	0.4332789586
0.7797741842	0.2202258158	0.9645395472	0.4326961199
0.7807751652	0.2192248348	0.9649049093	0.4321145805
0.7817761461	0.2182238539	0.9652679562	0.4315343368
0.7827771271	0.2172228729	0.9656286949	0.430955385
0.7837781081	0.2162218919	0.9659871322	0.4303777215
0.7847790891	0.2152209109	0.9663432749	0.4298013424
0.7857800701	0.2142199299	0.96669713	0.4292262441
0.7867810511	0.2132189489	0.9670487043	0.428652423
0.787782032	0.212217968	0.9673980046	0.4280798752
0.788783013	0.211216987	0.9677450377	0.4275085973
0.789783994	0.210216006	0.9680898105	0.4269385855
0.790784975	0.209215025	0.9684323298	0.4263698361
0.791785956	0.208214044	0.9687726023	0.4258023456
0.7927869369	0.2072130631	0.9691106348	0.4252361103
0.7937879179	0.2062120821	0.9694464341	0.4246711267
0.7947888989	0.2052111011	0.9697800069	0.4241073911
0.7957898799	0.2042101201	0.97011136	0.4235449
0.7967908609	0.2032091391	0.9704405002	0.4229836497
0.7977918418	0.2022081582	0.970767434	0.4224236368
0.7987928228	0.2012071772	0.9710921683	0.4218648577
0.7997938038	0.2002061962	0.9714147097	0.4213073088
0.8007947848	0.1992052152	0.9717350649	0.4207509866
0.8017957658	0.1982042342	0.9720532405	0.4201958877
0.8027967467	0.1972032533	0.9723692433	0.4196420084
0.8037977277	0.1962022723	0.9726830799	0.4190893454
0.8047987087	0.1952012913	0.9729947568	0.4185378952
0.8057996897	0.1942003103	0.9733042808	0.4179876542
0.8068006707	0.1931993293	0.9736116584	0.4174386191
0.8078016517	0.1921983483	0.9739168962	0.4168907864
0.8088026326	0.1911973674	0.9742200009	0.4163441526
0.8098036136	0.1901963864	0.9745209789	0.4157987143
0.8108045946	0.1891954054	0.9748198368	0.4152544682
0.8118055756	0.1881944244	0.9751165812	0.4147114108
0.8128065566	0.1871934434	0.9754112186	0.4141695387
0.8138075375	0.1861924625	0.9757037555	0.4136288486
0.8148085185	0.1851914815	0.9759941984	0.413089337
0.8158094995	0.1841905005	0.9762825538	0.4125510008
0.8168104805	0.1831895195	0.9765688283	0.4120138364
0.8178114615	0.1821885385	0.9768530282	0.4114778406
0.8188124424	0.1811875576	0.97713516	0.41094301
0.8198134234	0.1801865766	0.9774152302	0.4104093414
0.8208144044	0.1791855956	0.9776932452	0.4098768313
0.8218153854	0.1781846146	0.9779692114	0.4093454767
0.8228163664	0.1771836336	0.9782431351	0.4088152741
0.8238173473	0.1761826527	0.9785150229	0.4082862203
0.8248183283	0.1751816717	0.9787848811	0.407758312
0.8258193093	0.1741806907	0.9790527159	0.407231546
0.8268202903	0.1731797097	0.9793185339	0.4067059191
0.8278212713	0.1721787287	0.9795823413	0.406181428
0.8288222523	0.1711777477	0.9798441444	0.4056580695
0.8298232332	0.1701767668	0.9801039496	0.4051358404
0.8308242142	0.1691757858	0.9803617631	0.4046147376
0.8318251952	0.1681748048	0.9806175913	0.4040947578
0.8328261762	0.1671738238	0.9808714404	0.4035758978
0.8338271572	0.1661728428	0.9811233166	0.4030581546
0.8348281381	0.1651718619	0.9813732262	0.4025415248
0.8358291191	0.1641708809	0.9816211755	0.4020260055
0.8368301001	0.1631698999	0.9818671706	0.4015115935
0.8378310811	0.1621689189	0.9821112178	0.4009982856
0.8388320621	0.1611679379	0.9823533232	0.4004860787
0.839833043	0.160166957	0.9825934931	0.3999749698
0.840834024	0.159165976	0.9828317335	0.3994649557
0.841835005	0.158164995	0.9830680507	0.3989560334
0.842835986	0.157164014	0.9833024508	0.3984481998
0.843836967	0.156163033	0.9835349398	0.3979414518
0.8448379479	0.1551620521	0.983765524	0.3974357864
0.8458389289	0.1541610711	0.9839942093	0.3969312006
0.8468399099	0.1531600901	0.984221002	0.3964276912
0.8478408909	0.1521591091	0.984445908	0.3959252553
0.8488418719	0.1511581281	0.9846689334	0.39542389
0.8498428529	0.1501571471	0.9848900842	0.394923592
0.8508438338	0.1491561662	0.9851093665	0.3944243586
0.8518448148	0.1481551852	0.9853267864	0.3939261867
0.8528457958	0.1471542042	0.9855423497	0.3934290733
0.8538467768	0.1461532232	0.9857560625	0.3929330154
0.8548477578	0.1451522422	0.9859679307	0.3924380102
0.8558487387	0.1441512613	0.9861779604	0.3919440546
0.8568497197	0.1431502803	0.9863861574	0.3914511458
0.8578507007	0.1421492993	0.9865925277	0.3909592808
0.8588516817	0.1411483183	0.9867970773	0.3904684567
0.8598526627	0.1401473373	0.9869998119	0.3899786705
0.8608536436	0.1391463564	0.9872007376	0.3894899195
0.8618546246	0.1381453754	0.9873998601	0.3890022007
0.8628556056	0.1371443944	0.9875971854	0.3885155112
0.8638565866	0.1361434134	0.9877927193	0.3880298482
0.8648575676	0.1351424324	0.9879864676	0.3875452088
0.8658585485	0.1341414515	0.9881784361	0.3870615901
0.8668595295	0.1331404705	0.9883686308	0.3865789894
0.8678605105	0.1321394895	0.9885570573	0.3860974038
0.8688614915	0.1311385085	0.9887437214	0.3856168304
0.8698624725	0.1301375275	0.9889286289	0.3851372665
0.8708634535	0.1291365465	0.9891117857	0.3846587092
0.8718644344	0.1281355656	0.9892931973	0.3841811558
0.8728654154	0.1271345846	0.9894728695	0.3837046035
0.8738663964	0.1261336036	0.9896508081	0.3832290494
0.8748673774	0.1251326226	0.9898270187	0.3827544909
0.8758683584	0.1241316416	0.9900015071	0.3822809252
0.8768693393	0.1231306607	0.9901742788	0.3818083495
0.8778703203	0.1221296797	0.9903453396	0.3813367611
0.8788713013	0.1211286987	0.9905146951	0.3808661573
0.8798722823	0.1201277177	0.9906823509	0.3803965353
0.8808732633	0.1191267367	0.9908483127	0.3799278924
0.8818742442	0.1181257558	0.991012586	0.3794602259
0.8828752252	0.1171247748	0.9911751765	0.3789935332
0.8838762062	0.1161237938	0.9913360896	0.3785278115
0.8848771872	0.1151228128	0.991495331	0.3780630582
0.8858781682	0.1141218318	0.9916529063	0.3775992705
0.8868791491	0.1131208509	0.9918088209	0.3771364459
0.8878801301	0.1121198699	0.9919630803	0.3766745817
0.8888811111	0.1111188889	0.9921156902	0.3762136752
0.8898820921	0.1101179079	0.9922666559	0.3757537238
0.8908830731	0.1091169269	0.9924159829	0.3752947248
0.8918840541	0.1081159459	0.9925636768	0.3748366758
0.892885035	0.107114965	0.9927097429	0.374379574
0.893886016	0.106113984	0.9928541867	0.3739234168
0.894886997	0.105113003	0.9929970136	0.3734682017
0.895887978	0.104112022	0.9931382291	0.3730139261
0.896888959	0.103111041	0.9932778385	0.3725605873
0.8978899399	0.1021100601	0.9934158472	0.3721081829
0.8988909209	0.1011090791	0.9935522606	0.3716567103
0.8998919019	0.1001080981	0.993687084	0.3712061669
0.9008928829	0.09910711712	0.9938203228	0.3707565502
0.9018938639	0.09810613614	0.9939519823	0.3703078576
0.9028948448	0.09710515516	0.9940820678	0.3698600866
0.9038958258	0.09610417417	0.9942105846	0.3694132348
0.9048968068	0.09510319319	0.994337538	0.3689672995
0.9058977878	0.09410221221	0.9944629333	0.3685222783
0.9068987688	0.09310123123	0.9945867757	0.3680781688
0.9078997497	0.09210025025	0.9947090705	0.3676349683
0.9089007307	0.09109926927	0.9948298229	0.3671926745
0.9099017117	0.09009828829	0.9949490382	0.3667512848
0.9109026927	0.08909730731	0.9950667215	0.3663107969
0.9119036737	0.08809632633	0.9951828779	0.3658712082
0.9129046547	0.08709534535	0.9952975128	0.3654325163
0.9139056356	0.08609436436	0.9954106313	0.3649947188
0.9149066166	0.08509338338	0.9955222385	0.3645578133
0.9159075976	0.0840924024	0.9956323395	0.3641217972
0.9169085786	0.08309142142	0.9957409395	0.3636866683
0.9179095596	0.08209044044	0.9958480436	0.3632524241
0.9189105405	0.08108945946	0.9959536569	0.3628190622
0.9199115215	0.08008847848	0.9960577844	0.3623865802
0.9209125025	0.0790874975	0.9961604313	0.3619549757
0.9219134835	0.07808651652	0.9962616025	0.3615242464
0.9229144645	0.07708553554	0.9963613032	0.3610943898
0.9239154454	0.07608455455	0.9964595384	0.3606654037
0.9249164264	0.07508357357	0.996556313	0.3602372857
0.9259174074	0.07408259259	0.9966516321	0.3598100334
0.9269183884	0.07308161161	0.9967455007	0.3593836445
0.9279193694	0.07208063063	0.9968379237	0.3589581167
0.9289203504	0.07107964965	0.9969289061	0.3585334476
0.9299213313	0.07007866867	0.9970184528	0.3581096349
0.9309223123	0.06907768769	0.9971065689	0.3576866764
0.9319232933	0.06807670671	0.9971932591	0.3572645696
0.9329242743	0.06707572573	0.9972785285	0.3568433124
0.9339252553	0.06607474474	0.9973623819	0.3564229025
0.9349262362	0.06507376376	0.9974448242	0.3560033375
0.9359272172	0.06407278278	0.9975258602	0.3555846152
0.9369281982	0.0630718018	0.9976054949	0.3551667334
0.9379291792	0.06207082082	0.997683733	0.3547496897
0.9389301602	0.06106983984	0.9977605794	0.354333482
0.9399311411	0.06006885886	0.9978360389	0.3539181079
0.9409321221	0.05906787788	0.9979101163	0.3535035653
0.9419331031	0.0580668969	0.9979828165	0.353089852
0.9429340841	0.05706591592	0.998054144	0.3526769656
0.9439350651	0.05606493493	0.9981241039	0.3522649041
0.944936046	0.05506395395	0.9981927007	0.3518536651
0.945937027	0.05406297297	0.9982599392	0.3514432465
0.946938008	0.05306199199	0.9983258242	0.3510336461
0.947938989	0.05206101101	0.9983903603	0.3506248617
0.94893997	0.05106003003	0.9984535523	0.3502168912
0.949940951	0.05005904905	0.9985154049	0.3498097323
0.9509419319	0.04905806807	0.9985759226	0.349403383
0.9519429129	0.04805708709	0.9986351102	0.348997841
0.9529438939	0.04705610611	0.9986929724	0.3485931041
0.9539448749	0.04605512513	0.9987495136	0.3481891704
0.9549458559	0.04505414414	0.9988047387	0.3477860375
0.9559468368	0.04405316316	0.9988586521	0.3473837035
0.9569478178	0.04305218218	0.9989112585	0.3469821661
0.9579487988	0.0420512012	0.9989625625	0.3465814232
0.9589497798	0.04105022022	0.9990125685	0.3461814728
0.9599507608	0.04004923924	0.9990612813	0.3457823128
0.9609517417	0.03904825826	0.9991087052	0.3453839409
0.9619527227	0.03804727728	0.9991548449	0.3449863553
0.9629537037	0.0370462963	0.9991997049	0.3445895537
0.9639546847	0.03604531532	0.9992432896	0.3441935341
0.9649556657	0.03504433433	0.9992856036	0.3437982944
0.9659566466	0.03404335335	0.9993266513	0.3434038326
0.9669576276	0.03304237237	0.9993664373	0.3430101466
0.9679586086	0.03204139139	0.9994049659	0.3426172344
0.9689595896	0.03104041041	0.9994422416	0.3422250939
0.9699605706	0.03003942943	0.9994782688	0.3418337231
0.9709615516	0.02903844845	0.999513052	0.3414431199
0.9719625325	0.02803746747	0.9995465955	0.3410532823
0.9729635135	0.02703648649	0.9995789037	0.3406642084
0.9739644945	0.02603550551	0.9996099811	0.340275896
0.9749654755	0.02503452452	0.9996398319	0.3398883433
0.9759664565	0.02403354354	0.9996684606	0.3395015481
0.9769674374	0.02303256256	0.9996958715	0.3391155086
0.9779684184	0.02203158158	0.9997220688	0.3387302227
0.9789693994	0.0210306006	0.999747057	0.3383456884
0.9799703804	0.02002961962	0.9997708403	0.3379619038
0.9809713614	0.01902863864	0.999793423	0.3375788669
0.9819723423	0.01802765766	0.9998148094	0.3371965757
0.9829733233	0.01702667668	0.9998350038	0.3368150284
0.9839743043	0.0160256957	0.9998540104	0.3364342229
0.9849752853	0.01502471471	0.9998718334	0.3360541572
0.9859762663	0.01402373373	0.9998884771	0.3356748296
0.9869772472	0.01302275275	0.9999039457	0.3352962379
0.9879782282	0.01202177177	0.9999182434	0.3349183804
0.9889792092	0.01102079079	0.9999313744	0.3345412551
0.9899801902	0.01001980981	0.9999433429	0.3341648601
0.9909811712	0.009018828829	0.999954153	0.3337891934
0.9919821522	0.008017847848	0.999963809	0.3334142532
0.9929831331	0.007016866867	0.9999723148	0.3330400377
0.9939841141	0.006015885886	0.9999796748	0.3326665448
0.9949850951	0.005014904905	0.9999858929	0.3322937727
0.9959860761	0.004013923924	0.9999909734	0.3319217196
0.9969870571	0.003012942943	0.9999949202	0.3315503835
0.997988038	0.002011961962	0.9999977376	0.3311797627
0.998989019	0.001010980981	0.9999994294	0.3308098552
0.99999	1e-05	0.9999999999	0.3304406592
