1e-05	0.99999	0.5053401256	1.000000008
0.001010980981	0.998989019	0.4326028009	1.0000786
0.002011961962	0.997988038	0.373791972	1.000299092
0.003012942943	0.9969870571	0.3258062862	1.00064463
0.004013923924	0.9959860761	0.2863181447	1.001099904
0.005014904905	0.9949850951	0.2535625993	1.001650999
0.006015885886	0.9939841141	0.2261882576	1.002285251
0.007016866867	0.9929831331	0.2031508043	1.002991133
0.008017847848	0.9919821522	0.1836361489	1.003758138
0.009018828829	0.9909811712	0.1670043967	1.004576691
0.01001980981	0.9899801902	0.1527486092	1.005438059
0.01102079079	0.9889792092	0.1404641714	1.006334276
0.01202177177	0.9879782282	0.1298258407	1.007258073
0.01302275275	0.9869772472	0.1205704083	1.008202819
0.01402373373	0.9859762663	0.1124834965	1.009162462
0.01502471471	0.9849752853	0.1053894293	1.010131482
0.0160256957	0.9839743043	0.0991434054	1.011104845
0.01702667668	0.9829733233	0.09362540797	1.012077964
0.01802765766	0.9819723423	0.08873543425	1.013046656
0.01902863864	0.9809713614	0.08438973619	1.014007117
0.02002961962	0.9799703804	0.08051783911	1.014955885
0.0210306006	0.9789693994	0.07706016402	1.015889815
0.02203158158	0.9779684184	0.07396612071	1.016806054
0.02303256256	0.9769674374	0.07119257026	1.017702017
0.02403354354	0.9759664565	0.06870257897	1.018575365
0.02503452452	0.9749654755	0.06646440361	1.019423989
0.02603550551	0.9739644945	0.06445066103	1.020245988
0.02703648649	0.9729635135	0.06263764556	1.021039656
0.02803746747	0.9719625325	0.0610047655	1.021803467
0.02903844845	0.9709615516	0.05953407587	1.022536059
0.03003942943	0.9699605706	0.05820988942	1.023236223
0.03104041041	0.9689595896	0.05701845161	1.023902891
0.03204139139	0.9679586086	0.05594766788	1.024535126
0.03304237237	0.9669576276	0.05498687403	1.025132111
0.03404335335	0.9659566466	0.05412664224	1.02569314
0.03504433433	0.9649556657	0.05335861662	1.026217612
0.03604531532	0.9639546847	0.05267537325	1.02670502
0.0370462963	0.9629537037	0.05207030087	1.027154943
0.03804727728	0.9619527227	0.05153749867	1.027567045
0.03904825826	0.9609517417	0.05107168858	1.027941061
0.04004923924	0.9599507608	0.05066813978	1.028276799
0.04105022022	0.9589497798	0.05032260347	1.028574129
0.0420512012	0.9579487988	0.05003125649	1.02883298
0.04305218218	0.9569478178	0.0497906523	1.029053336
0.04405316316	0.9559468368	0.04959767837	1.029235231
0.04505414414	0.9549458559	0.04944951903	1.029378744
0.04605512513	0.9539448749	0.04934362294	1.029483999
0.04705610611	0.9529438939	0.04927767463	1.029551156
0.04805708709	0.9519429129	0.04924956946	1.029580414
0.04905806807	0.9509419319	0.04925739164	1.029572001
0.05005904905	0.949940951	0.04929939477	1.029526179
0.05106003003	0.94893997	0.04937398466	1.029443235
0.05206101101	0.947938989	0.04947970419	1.029323481
0.05306199199	0.946938008	0.04961521973	1.029167253
0.05406297297	0.945937027	0.0497793092	1.028974907
0.05506395395	0.944936046	0.04997085139	1.028746818
0.05606493493	0.9439350651	0.05018881636	1.028483378
0.05706591592	0.9429340841	0.05043225699	1.028184993
0.0580668969	0.9419331031	0.05070030131	1.027852086
0.05906787788	0.9409321221	0.05099214566	1.027485089
0.06006885886	0.9399311411	0.05130704854	1.027084445
0.06106983984	0.9389301602	0.0516443251	1.026650608
0.06207082082	0.9379291792	0.0520033421	1.02618404
0.0630718018	0.9369281982	0.0523835135	1.025685211
0.06407278278	0.9359272172	0.0527842963	1.025154594
0.06507376376	0.9349262362	0.05320518693	1.024592672
0.06607474474	0.9339252553	0.0536457179	1.023999929
0.06707572573	0.9329242743	0.05410545473	1.023376853
0.06807670671	0.9319232933	0.05458399329	1.022723936
0.06907768769	0.9309223123	0.0550809572	1.022041672
0.07007866867	0.9299213313	0.05559599564	1.021330555
0.07107964965	0.9289203504	0.05612878122	1.020591081
0.07208063063	0.9279193694	0.05667900809	1.019823746
0.07308161161	0.9269183884	0.05724639023	1.019029045
0.07408259259	0.9259174074	0.05783065984	1.018207473
0.07508357357	0.9249164264	0.05843156592	1.017359524
0.07608455455	0.9239154454	0.0590488729	1.01648569
0.07708553554	0.9229144645	0.05968235944	1.01558646
0.07808651652	0.9219134835	0.06033181729	1.014662322
0.0790874975	0.9209125025	0.0609970503	1.01371376
0.08008847848	0.9199115215	0.06167787342	1.012741256
0.08108945946	0.9189105405	0.06237411186	1.011745288
0.08209044044	0.9179095596	0.06308560026	1.01072633
0.08309142142	0.9169085786	0.06381218196	1.009684855
0.0840924024	0.9159075976	0.06455370832	1.008621327
0.08509338338	0.9149066166	0.06531003807	1.007536211
0.08609436436	0.9139056356	0.06608103672	1.006429963
0.08709534535	0.9129046547	0.06686657604	1.005303039
0.08809632633	0.9119036737	0.06766653353	1.004155886
0.08909730731	0.9109026927	0.068480792	1.002988948
0.09009828829	0.9099017117	0.06930923907	1.001802666
0.09109926927	0.9089007307	0.07015176684	1.000597472
0.09210025025	0.9078997497	0.07100827147	0.9993737962
0.09310123123	0.9068987688	0.07187865287	0.9981320621
0.09410221221	0.9058977878	0.07276281434	0.9968726882
0.09510319319	0.9048968068	0.07366066232	0.9955960875
0.09610417417	0.9038958258	0.0745721061	0.9943026679
0.09710515516	0.9028948448	0.07549705753	0.9929928317
0.09810613614	0.9018938639	0.07643543083	0.9916669758
0.09910711712	0.9008928829	0.07738714234	0.9903254916
0.1001080981	0.8998919019	0.07835211033	0.988968765
0.1011090791	0.8988909209	0.07933025479	0.9875971764
0.1021100601	0.8978899399	0.08032149729	0.9862111007
0.103111041	0.896888959	0.08132576075	0.9848109074
0.104112022	0.895887978	0.08234296937	0.9833969603
0.105113003	0.894886997	0.0833730484	0.9819696178
0.106113984	0.893886016	0.08441592408	0.9805292328
0.107114965	0.892885035	0.08547152348	0.9790761529
0.1081159459	0.8918840541	0.0865397744	0.97761072
0.1091169269	0.8908830731	0.08762060522	0.9761332708
0.1101179079	0.8898820921	0.0887139449	0.9746441366
0.1111188889	0.8888811111	0.08981972277	0.9731436432
0.1121198699	0.8878801301	0.09093786854	0.9716321113
0.1131208509	0.8868791491	0.09206831217	0.9701098563
0.1141218318	0.8858781682	0.0932109838	0.9685771882
0.1151228128	0.8848771872	0.09436581372	0.9670344121
0.1161237938	0.8838762062	0.09553273226	0.9654818277
0.1171247748	0.8828752252	0.09671166977	0.9639197298
0.1181257558	0.8818742442	0.09790255654	0.962348408
0.1191267367	0.8808732633	0.09910532279	0.9607681472
0.1201277177	0.8798722823	0.1003198986	0.9591792269
0.1211286987	0.8788713013	0.1015462138	0.9575819222
0.1221296797	0.8778703203	0.102784198	0.955976503
0.1231306607	0.8768693393	0.1040337808	0.9543632347
0.1241316416	0.8758683584	0.1052948912	0.9527423779
0.1251326226	0.8748673774	0.1065674581	0.9511141883
0.1261336036	0.8738663964	0.10785141	0.9494789173
0.1271345846	0.8728654154	0.1091466749	0.9478368116
0.1281355656	0.8718644344	0.1104531807	0.9461881136
0.1291365465	0.8708634535	0.1117708547	0.9445330609
0.1301375275	0.8698624725	0.1130996239	0.9428718871
0.1311385085	0.8688614915	0.1144394148	0.9412048212
0.1321394895	0.8678605105	0.1157901535	0.9395320882
0.1331404705	0.8668595295	0.1171517657	0.9378539086
0.1341414515	0.8658585485	0.1185241766	0.9361704991
0.1351424324	0.8648575676	0.1199073109	0.934482072
0.1361434134	0.8638565866	0.1213010929	0.9327888358
0.1371443944	0.8628556056	0.1227054464	0.9310909949
0.1381453754	0.8618546246	0.1241202948	0.9293887498
0.1391463564	0.8608536436	0.1255455609	0.9276822973
0.1401473373	0.8598526627	0.1269811672	0.9259718303
0.1411483183	0.8588516817	0.1284270355	0.9242575379
0.1421492993	0.8578507007	0.1298830873	0.9225396055
0.1431502803	0.8568497197	0.1313492436	0.9208182152
0.1441512613	0.8558487387	0.132825425	0.9190935451
0.1451522422	0.8548477578	0.1343115515	0.9173657701
0.1461532232	0.8538467768	0.1358075427	0.9156350615
0.1471542042	0.8528457958	0.1373133178	0.9139015871
0.1481551852	0.8518448148	0.1388287955	0.9121655118
0.1491561662	0.8508438338	0.1403538942	0.9104269966
0.1501571471	0.8498428529	0.1418885317	0.9086861997
0.1511581281	0.8488418719	0.1434326255	0.9069432759
0.1521591091	0.8478408909	0.1449860926	0.9051983771
0.1531600901	0.8468399099	0.1465488497	0.9034516518
0.1541610711	0.8458389289	0.148120813	0.9017032456
0.1551620521	0.8448379479	0.1497018985	0.8999533012
0.156163033	0.843836967	0.1512920216	0.8982019584
0.157164014	0.842835986	0.1528910976	0.896449354
0.158164995	0.841835005	0.1544990413	0.8946956219
0.159165976	0.840834024	0.1561157671	0.8929408933
0.160166957	0.839833043	0.1577411892	0.8911852969
0.1611679379	0.8388320621	0.1593752215	0.8894289582
0.1621689189	0.8378310811	0.1610177775	0.8876720006
0.1631698999	0.8368301001	0.1626687706	0.8859145444
0.1641708809	0.8358291191	0.1643281137	0.8841567078
0.1651718619	0.8348281381	0.1659957195	0.8823986062
0.1661728428	0.8338271572	0.1676715006	0.8806403526
0.1671738238	0.8328261762	0.1693553692	0.8788820576
0.1681748048	0.8318251952	0.1710472373	0.8771238294
0.1691757858	0.8308242142	0.1727470169	0.875365774
0.1701767668	0.8298232332	0.1744546195	0.8736079948
0.1711777477	0.8288222523	0.1761699565	0.8718505932
0.1721787287	0.8278212713	0.1778929393	0.8700936683
0.1731797097	0.8268202903	0.179623479	0.8683373171
0.1741806907	0.8258193093	0.1813614866	0.8665816343
0.1751816717	0.8248183283	0.1831068728	0.8648267127
0.1761826527	0.8238173473	0.1848595486	0.8630726428
0.1771836336	0.8228163664	0.1866194244	0.8613195134
0.1781846146	0.8218153854	0.1883864108	0.8595674109
0.1791855956	0.8208144044	0.1901604183	0.8578164202
0.1801865766	0.8198134234	0.1919413574	0.8560666238
0.1811875576	0.8188124424	0.1937291382	0.8543181029
0.1821885385	0.8178114615	0.1955236712	0.8525709362
0.1831895195	0.8168104805	0.1973248665	0.8508252012
0.1841905005	0.8158094995	0.1991326345	0.8490809731
0.1851914815	0.8148085185	0.2009468855	0.8473383258
0.1861924625	0.8138075375	0.2027675296	0.8455973312
0.1871934434	0.8128065566	0.2045944772	0.8438580595
0.1881944244	0.8118055756	0.2064276386	0.8421205795
0.1891954054	0.8108045946	0.2082669242	0.8403849581
0.1901963864	0.8098036136	0.2101122444	0.8386512608
0.1911973674	0.8088026326	0.2119635096	0.8369195515
0.1921983483	0.8078016517	0.2138206305	0.8351898924
0.1931993293	0.8068006707	0.2156835177	0.8334623445
0.1942003103	0.8057996897	0.217552082	0.831736967
0.1952012913	0.8047987087	0.2194262343	0.830013818
0.1962022723	0.8037977277	0.2213058855	0.8282929538
0.1972032533	0.8027967467	0.2231909469	0.8265744296
0.1982042342	0.8017957658	0.2250813297	0.8248582992
0.1992052152	0.8007947848	0.2269769453	0.8231446148
0.2002061962	0.7997938038	0.2288777055	0.8214334276
0.2012071772	0.7987928228	0.2307835219	0.8197247873
0.2022081582	0.7977918418	0.2326943065	0.8180187425
0.2032091391	0.7967908609	0.2346099716	0.8163153404
0.2042101201	0.7957898799	0.2365304295	0.8146146271
0.2052111011	0.7947888989	0.2384555929	0.8129166474
0.2062120821	0.7937879179	0.2403853744	0.811221445
0.2072130631	0.7927869369	0.2423196873	0.8095290624
0.208214044	0.791785956	0.2442584447	0.8078395411
0.209215025	0.790784975	0.2462015603	0.8061529213
0.210216006	0.789783994	0.2481489479	0.8044692423
0.211216987	0.788783013	0.2501005215	0.8027885421
0.212217968	0.787782032	0.2520561956	0.801110858
0.2132189489	0.7867810511	0.2540158847	0.7994362258
0.2142199299	0.7857800701	0.2559795039	0.7977646808
0.2152209109	0.7847790891	0.2579469683	0.796096257
0.2162218919	0.7837781081	0.2599181935	0.7944309875
0.2172228729	0.7827771271	0.2618930955	0.7927689046
0.2182238539	0.7817761461	0.2638715903	0.7911100393
0.2192248348	0.7807751652	0.2658535945	0.7894544221
0.2202258158	0.7797741842	0.267839025	0.7878020825
0.2212267968	0.7787732032	0.2698277989	0.7861530489
0.2222277778	0.7777722222	0.2718198339	0.7845073491
0.2232287588	0.7767712412	0.2738150479	0.78286501
0.2242297397	0.7757702603	0.2758133591	0.7812260575
0.2252307207	0.7747692793	0.2778146862	0.779590517
0.2262317017	0.7737682983	0.2798189482	0.7779584128
0.2272326827	0.7727673173	0.2818260645	0.7763297686
0.2282336637	0.7717663363	0.283835955	0.7747046074
0.2292346446	0.7707653554	0.2858485397	0.7730829512
0.2302356256	0.7697643744	0.2878637393	0.7714648215
0.2312366066	0.7687633934	0.2898814748	0.7698502391
0.2322375876	0.7677624124	0.2919016676	0.7682392238
0.2332385686	0.7667614314	0.2939242394	0.766631795
0.2342395495	0.7657604505	0.2959491126	0.7650279714
0.2352405305	0.7647594695	0.2979762097	0.7634277709
0.2362415115	0.7637584885	0.3000054538	0.7618312109
0.2372424925	0.7627575075	0.3020367685	0.760238308
0.2382434735	0.7617565265	0.3040700777	0.7586490784
0.2392444545	0.7607555455	0.3061053057	0.7570635374
0.2402454354	0.7597545646	0.3081423774	0.7554816999
0.2412464164	0.7587535836	0.310181218	0.7539035803
0.2422473974	0.7577526026	0.3122217533	0.7523291922
0.2432483784	0.7567516216	0.3142639095	0.7507585487
0.2442493594	0.7557506406	0.3163076131	0.7491916624
0.2452503403	0.7547496597	0.3183527912	0.7476285455
0.2462513213	0.7537486787	0.3203993714	0.7460692094
0.2472523023	0.7527476977	0.3224472818	0.744513665
0.2482532833	0.7517467167	0.3244964507	0.742961923
0.2492542643	0.7507457357	0.3265468072	0.7414139933
0.2502552452	0.7497447548	0.3285982807	0.7398698855
0.2512562262	0.7487437738	0.3306508011	0.7383296085
0.2522572072	0.7477427928	0.3327042987	0.7367931709
0.2532581882	0.7467418118	0.3347587044	0.7352605808
0.2542591692	0.7457408308	0.3368139496	0.733731846
0.2552601502	0.7447398498	0.338869966	0.7322069736
0.2562611311	0.7437388689	0.3409266861	0.7306859704
0.2572621121	0.7427378879	0.3429840425	0.7291688429
0.2582630931	0.7417369069	0.3450419686	0.7276555969
0.2592640741	0.7407359259	0.3471003982	0.7261462381
0.2602650551	0.7397349449	0.3491592655	0.7246407716
0.261266036	0.738733964	0.3512185053	0.7231392021
0.262267017	0.737732983	0.3532780528	0.7216415342
0.263267998	0.736732002	0.3553378439	0.7201477718
0.264268979	0.735731021	0.3573978146	0.7186579186
0.26526996	0.73473004	0.3594579019	0.717171978
0.2662709409	0.7337290591	0.3615180429	0.7156899529
0.2672719219	0.7327280781	0.3635781753	0.7142118459
0.2682729029	0.7317270971	0.3656382375	0.7127376594
0.2692738839	0.7307261161	0.3676981681	0.7112673953
0.2702748649	0.7297251351	0.3697579064	0.7098010553
0.2712758458	0.7287241542	0.3718173921	0.7083386407
0.2722768268	0.7277231732	0.3738765654	0.7068801526
0.2732778078	0.7267221922	0.3759353672	0.7054255917
0.2742787888	0.7257212112	0.3779937386	0.7039749586
0.2752797698	0.7247202302	0.3800516214	0.7025282533
0.2762807508	0.7237192492	0.3821089577	0.7010854757
0.2772817317	0.7227182683	0.3841656905	0.6996466256
0.2782827127	0.7217172873	0.3862217628	0.6982117022
0.2792836937	0.7207163063	0.3882771185	0.6967807046
0.2802846747	0.7197153253	0.3903317017	0.6953536317
0.2812856557	0.7187143443	0.3923854572	0.693930482
0.2822866366	0.7177133634	0.3944383303	0.692511254
0.2832876176	0.7167123824	0.3964902667	0.6910959458
0.2842885986	0.7157114014	0.3985412125	0.6896845551
0.2852895796	0.7147104204	0.4005911146	0.6882770797
0.2862905606	0.7137094394	0.4026399202	0.6868735171
0.2872915415	0.7127084585	0.4046875769	0.6854738643
0.2882925225	0.7117074775	0.406734033	0.6840781185
0.2892935035	0.7107064965	0.4087792371	0.6826862764
0.2902944845	0.7097055155	0.4108231386	0.6812983346
0.2912954655	0.7087045345	0.4128656869	0.6799142895
0.2922964464	0.7077035536	0.4149068324	0.6785341373
0.2932974274	0.7067025726	0.4169465257	0.6771578741
0.2942984084	0.7057015916	0.4189847179	0.6757854956
0.2952993894	0.7047006106	0.4210213607	0.6744169976
0.2963003704	0.7036996296	0.4230564061	0.6730523754
0.2973013514	0.7026986486	0.4250898068	0.6716916245
0.2983023323	0.7016976677	0.4271215159	0.6703347399
0.2993033133	0.7006966867	0.4291514869	0.6689817166
0.3003042943	0.6996957057	0.4311796739	0.6676325495
0.3013052753	0.6986947247	0.4332060313	0.6662872332
0.3023062563	0.6976937437	0.4352305142	0.6649457622
0.3033072372	0.6966927628	0.4372530779	0.6636081309
0.3043082182	0.6956917818	0.4392736786	0.6622743335
0.3053091992	0.6946908008	0.4412922725	0.6609443641
0.3063101802	0.6936898198	0.4433088166	0.6596182166
0.3073111612	0.6926888388	0.4453232681	0.6582958849
0.3083121421	0.6916878579	0.4473355849	0.6569773626
0.3093131231	0.6906868769	0.4493457252	0.6556626433
0.3103141041	0.6896858959	0.4513536478	0.6543517204
0.3113150851	0.6886849149	0.4533593118	0.6530445872
0.3123160661	0.6876839339	0.455362677	0.651741237
0.313317047	0.686682953	0.4573637033	0.6504416627
0.314318028	0.685681972	0.4593623514	0.6491458575
0.315319009	0.684680991	0.4613585822	0.6478538141
0.31631999	0.68368001	0.4633523571	0.6465655253
0.317320971	0.682679029	0.4653436382	0.6452809837
0.318321952	0.681678048	0.4673323877	0.644000182
0.3193229329	0.6806770671	0.4693185683	0.6427231126
0.3203239139	0.6796760861	0.4713021434	0.6414497678
0.3213248949	0.6786751051	0.4732830766	0.6401801399
0.3223258759	0.6776741241	0.4752613319	0.6389142211
0.3233268569	0.6766731431	0.4772368739	0.6376520035
0.3243278378	0.6756721622	0.4792096676	0.6363934792
0.3253288188	0.6746711812	0.4811796783	0.63513864
0.3263297998	0.6736702002	0.4831468718	0.6338874778
0.3273307808	0.6726692192	0.4851112144	0.6326399845
0.3283317618	0.6716682382	0.4870726728	0.6313961516
0.3293327427	0.6706672573	0.4890312139	0.6301559709
0.3303337237	0.6696662763	0.4909868054	0.6289194339
0.3313347047	0.6686652953	0.4929394151	0.6276865321
0.3323356857	0.6676643143	0.4948890113	0.626457257
0.3333366667	0.6666633333	0.4968355628	0.6252315998
0.3343376476	0.6656623524	0.4987790386	0.624009552
0.3353386286	0.6646613714	0.5007194084	0.6227911047
0.3363396096	0.6636603904	0.502656642	0.6215762492
0.3373405906	0.6626594094	0.5045907099	0.6203649766
0.3383415716	0.6616584284	0.5065215827	0.6191572779
0.3393425526	0.6606574474	0.5084492316	0.6179531443
0.3403435335	0.6596564665	0.5103736282	0.6167525666
0.3413445145	0.6586554855	0.5122947442	0.6155555359
0.3423454955	0.6576545045	0.5142125521	0.6143620429
0.3433464765	0.6566535235	0.5161270245	0.6131720786
0.3443474575	0.6556525425	0.5180381344	0.6119856338
0.3453484384	0.6546515616	0.5199458554	0.6108026991
0.3463494194	0.6536505806	0.5218501613	0.6096232654
0.3473504004	0.6526495996	0.5237510262	0.6084473232
0.3483513814	0.6516486186	0.5256484248	0.6072748633
0.3493523624	0.6506476376	0.5275423319	0.6061058762
0.3503533433	0.6496466567	0.529432723	0.6049403526
0.3513543243	0.6486456757	0.5313195735	0.6037782828
0.3523553053	0.6476446947	0.5332028597	0.6026196576
0.3533562863	0.6466437137	0.5350825579	0.6014644673
0.3543572673	0.6456427327	0.5369586447	0.6003127024
0.3553582482	0.6446417518	0.5388310975	0.5991643533
0.3563592292	0.6436407708	0.5406998935	0.5980194105
0.3573602102	0.6426397898	0.5425650106	0.5968778642
0.3583611912	0.6416388088	0.544426427	0.5957397049
0.3593621722	0.6406378278	0.5462841211	0.5946049229
0.3603631532	0.6396368468	0.5481380718	0.5934735085
0.3613641341	0.6386358659	0.5499882583	0.5923454519
0.3623651151	0.6376348849	0.55183466	0.5912207435
0.3633660961	0.6366339039	0.5536772569	0.5900993736
0.3643670771	0.6356329229	0.555516029	0.5889813323
0.3653680581	0.6346319419	0.557350957	0.5878666098
0.366369039	0.633630961	0.5591820216	0.5867551964
0.36737002	0.63262998	0.5610092039	0.5856470824
0.368371001	0.631628999	0.5628324856	0.5845422578
0.369371982	0.630628018	0.5646518482	0.5834407128
0.370372963	0.629627037	0.5664672741	0.5823424377
0.3713739439	0.6286260561	0.5682787455	0.5812474225
0.3723749249	0.6276250751	0.5700862452	0.5801556574
0.3733759059	0.6266240941	0.5718897563	0.5790671327
0.3743768869	0.6256231131	0.5736892621	0.5779818383
0.3753778679	0.6246221321	0.5754847463	0.5768997644
0.3763788488	0.6236211512	0.5772761928	0.5758209012
0.3773798298	0.6226201702	0.5790635858	0.5747452387
0.3783808108	0.6216191892	0.58084691	0.5736727672
0.3793817918	0.6206182082	0.5826261501	0.5726034767
0.3803827728	0.6196172272	0.5844012912	0.5715373572
0.3813837538	0.6186162462	0.5861723189	0.5704743991
0.3823847347	0.6176152653	0.5879392188	0.5694145923
0.3833857157	0.6166142843	0.5897019769	0.568357927
0.3843866967	0.6156133033	0.5914605794	0.5673043932
0.3853876777	0.6146123223	0.593215013	0.5662539812
0.3863886587	0.6136113413	0.5949652643	0.5652066811
0.3873896396	0.6126103604	0.5967113207	0.5641624829
0.3883906206	0.6116093794	0.5984531693	0.5631213768
0.3893916016	0.6106083984	0.6001907978	0.562083353
0.3903925826	0.6096074174	0.6019241943	0.5610484015
0.3913935636	0.6086064364	0.6036533467	0.5600165126
0.3923945445	0.6076054555	0.6053782436	0.5589876764
0.3933955255	0.6066044745	0.6070988737	0.557961883
0.3943965065	0.6056034935	0.6088152258	0.5569391227
0.3953974875	0.6046025125	0.6105272893	0.5559193856
0.3963984685	0.6036015315	0.6122350535	0.5549026619
0.3973994494	0.6026005506	0.6139385082	0.5538889418
0.3984004304	0.6015995696	0.6156376433	0.5528782155
0.3994014114	0.6005985886	0.6173324491	0.5518704733
0.4004023924	0.5995976076	0.6190229159	0.5508657053
0.4014033734	0.5985966266	0.6207090345	0.5498639019
0.4024043544	0.5975956456	0.6223907958	0.5488650532
0.4034053353	0.5965946647	0.6240681909	0.5478691496
0.4044063163	0.5955936837	0.6257412113	0.5468761813
0.4054072973	0.5945927027	0.6274098486	0.5458861386
0.4064082783	0.5935917217	0.6290740947	0.5448990118
0.4074092593	0.5925907407	0.6307339415	0.5439147913
0.4084102402	0.5915897598	0.6323893815	0.5429334674
0.4094112212	0.5905887788	0.6340404072	0.5419550305
0.4104122022	0.5895877978	0.6356870114	0.5409794709
0.4114131832	0.5885868168	0.6373291869	0.5400067789
0.4124141642	0.5875858358	0.6389669271	0.5390369451
0.4134151451	0.5865848549	0.6406002254	0.5380699599
0.4144161261	0.5855838739	0.6422290752	0.5371058136
0.4154171071	0.5845828929	0.6438534706	0.5361444967
0.4164180881	0.5835819119	0.6454734055	0.5351859997
0.4174190691	0.5825809309	0.6470888742	0.5342303131
0.4184200501	0.5815799499	0.6486998711	0.5332774274
0.419421031	0.580578969	0.650306391	0.5323273331
0.420422012	0.579577988	0.6519084285	0.5313800208
0.421422993	0.578577007	0.6535059789	0.530435481
0.422423974	0.577576026	0.6550990374	0.5294937043
0.423424955	0.576575045	0.6566875994	0.5285546813
0.4244259359	0.5755740641	0.6582716605	0.5276184027
0.4254269169	0.5745730831	0.6598512167	0.5266848591
0.4264278979	0.5735721021	0.6614262638	0.5257540411
0.4274288789	0.5725711211	0.6629967981	0.5248259395
0.4284298599	0.5715701401	0.6645628161	0.5239005449
0.4294308408	0.5705691592	0.6661243142	0.5229778481
0.4304318218	0.5695681782	0.6676812892	0.5220578399
0.4314328028	0.5685671972	0.6692337381	0.5211405109
0.4324337838	0.5675662162	0.670781658	0.520225852
0.4334347648	0.5665652352	0.6723250461	0.5193138541
0.4344357457	0.5655642543	0.6738639	0.5184045079
0.4354367267	0.5645632733	0.6753982172	0.5174978043
0.4364377077	0.5635622923	0.6769279955	0.5165937342
0.4374386887	0.5625613113	0.678453233	0.5156922886
0.4384396697	0.5615603303	0.6799739277	0.5147934582
0.4394406507	0.5605593493	0.681490078	0.5138972342
0.4404416316	0.5595583684	0.6830016822	0.5130036074
0.4414426126	0.5585573874	0.6845087391	0.512112569
0.4424435936	0.5575564064	0.6860112474	0.5112241098
0.4434445746	0.5565554254	0.687509206	0.5103382209
0.4444455556	0.5555544444	0.6890026141	0.5094548935
0.4454465365	0.5545534635	0.6904914708	0.5085741186
0.4464475175	0.5535524825	0.6919757756	0.5076958873
0.4474484985	0.5525515015	0.6934555281	0.5068201908
0.4484494795	0.5515505205	0.6949307278	0.5059470203
0.4494504605	0.5505495395	0.6964013747	0.5050763669
0.4504514414	0.5495485586	0.6978674688	0.5042082219
0.4514524224	0.5485475776	0.6993290102	0.5033425765
0.4524534034	0.5475465966	0.7007859991	0.502479422
0.4534543844	0.5465456156	0.7022384359	0.5016187497
0.4544553654	0.5455446346	0.7036863213	0.5007605509
0.4554563463	0.5445436537	0.7051296559	0.499904817
0.4564573273	0.5435426727	0.7065684406	0.4990515393
0.4574583083	0.5425416917	0.7080026762	0.4982007092
0.4584592893	0.5415407107	0.7094323639	0.4973523181
0.4594602703	0.5405397297	0.710857505	0.4965063575
0.4604612513	0.5395387487	0.7122781007	0.4956628189
0.4614622322	0.5385377678	0.7136941525	0.4948216938
0.4624632132	0.5375367868	0.715105662	0.4939829737
0.4634641942	0.5365358058	0.7165126311	0.4931466501
0.4644651752	0.5355348248	0.7179150614	0.4923127147
0.4654661562	0.5345338438	0.7193129551	0.491481159
0.4664671371	0.5335328629	0.7207063141	0.4906519746
0.4674681181	0.5325318819	0.7220951408	0.4898251533
0.4684690991	0.5315309009	0.7234794374	0.4890006866
0.4694700801	0.5305299199	0.7248592063	0.4881785664
0.4704710611	0.5295289389	0.7262344502	0.4873587843
0.471472042	0.528527958	0.7276051718	0.4865413322
0.472473023	0.527526977	0.7289713737	0.4857262017
0.473474004	0.526525996	0.7303330589	0.4849133848
0.474474985	0.525525015	0.7316902304	0.4841028732
0.475475966	0.524524034	0.7330428913	0.4832946588
0.4764769469	0.5235230531	0.7343910449	0.4824887336
0.4774779279	0.5225220721	0.7357346944	0.4816850894
0.4784789089	0.5215210911	0.7370738433	0.4808837182
0.4794798899	0.5205201101	0.7384084951	0.480084612
0.4804808709	0.5195191291	0.7397386535	0.4792877627
0.4814818519	0.5185181481	0.7410643221	0.4784931624
0.4824828328	0.5175171672	0.7423855047	0.4777008032
0.4834838138	0.5165161862	0.7437022055	0.4769106771
0.4844847948	0.5155152052	0.7450144282	0.4761227762
0.4854857758	0.5145142242	0.7463221771	0.4753370927
0.4864867568	0.5135132432	0.7476254563	0.4745536188
0.4874877377	0.5125122623	0.7489242703	0.4737723465
0.4884887187	0.5115112813	0.7502186232	0.4729932682
0.4894896997	0.5105103003	0.7515085197	0.4722163761
0.4904906807	0.5095093193	0.7527939643	0.4714416624
0.4914916617	0.5085083383	0.7540749616	0.4706691195
0.4924926426	0.5075073574	0.7553515164	0.4698987396
0.4934936236	0.5065063764	0.7566236335	0.4691305151
0.4944946046	0.5055053954	0.7578913178	0.4683644385
0.4954955856	0.5045044144	0.7591545744	0.4676005019
0.4964965666	0.5035034334	0.7604134082	0.4668386981
0.4974975475	0.5025024525	0.7616678245	0.4660790192
0.4984985285	0.5015014715	0.7629178284	0.4653214579
0.4994995095	0.5005004905	0.7641634254	0.4645660067
0.5005004905	0.4994995095	0.7654046207	0.4638126581
0.5015014715	0.4984985285	0.7666414198	0.4630614046
0.5025024525	0.4974975475	0.7678738283	0.4623122388
0.5035034334	0.4964965666	0.7691018518	0.4615651534
0.5045044144	0.4954955856	0.7703254959	0.4608201409
0.5055053954	0.4944946046	0.7715447665	0.4600771941
0.5065063764	0.4934936236	0.7727596693	0.4593363057
0.5075073574	0.4924926426	0.7739702102	0.4585974683
0.5085083383	0.4914916617	0.7751763953	0.4578606747
0.5095093193	0.4904906807	0.7763782305	0.4571259177
0.5105103003	0.4894896997	0.7775757219	0.45639319
0.5115112813	0.4884887187	0.7787688757	0.4556624846
0.5125122623	0.4874877377	0.7799576981	0.4549337941
0.5135132432	0.4864867568	0.7811421954	0.4542071117
0.5145142242	0.4854857758	0.782322374	0.45348243
0.5155152052	0.4844847948	0.7834982402	0.452759742
0.5165161862	0.4834838138	0.7846698006	0.4520390408
0.5175171672	0.4824828328	0.7858370617	0.4513203192
0.5185181481	0.4814818519	0.7870000301	0.4506035703
0.5195191291	0.4804808709	0.7881587124	0.4498887871
0.5205201101	0.4794798899	0.7893131154	0.4491759627
0.5215210911	0.4784789089	0.7904632457	0.4484650902
0.5225220721	0.4774779279	0.7916091103	0.4477561625
0.5235230531	0.4764769469	0.792750716	0.447049173
0.524524034	0.475475966	0.7938880696	0.4463441147
0.525525015	0.474474985	0.7950211783	0.4456409808
0.526525996	0.473474004	0.796150049	0.4449397646
0.527526977	0.472473023	0.7972746889	0.4442404593
0.528527958	0.471472042	0.7983951049	0.443543058
0.5295289389	0.4704710611	0.7995113044	0.4428475542
0.5305299199	0.4694700801	0.8006232945	0.4421539411
0.5315309009	0.4684690991	0.8017310826	0.4414622121
0.5325318819	0.4674681181	0.8028346759	0.4407723605
0.5335328629	0.4664671371	0.8039340818	0.4400843797
0.5345338438	0.4654661562	0.8050293078	0.4393982631
0.5355348248	0.4644651752	0.8061203612	0.4387140041
0.5365358058	0.4634641942	0.8072072496	0.4380315963
0.5375367868	0.4624632132	0.8082899806	0.437351033
0.5385377678	0.4614622322	0.8093685617	0.4366723079
0.5395387487	0.4604612513	0.8104430005	0.4359954144
0.5405397297	0.4594602703	0.8115133047	0.435320346
0.5415407107	0.4584592893	0.812579482	0.4346470965
0.5425416917	0.4574583083	0.8136415402	0.4339756593
0.5435426727	0.4564573273	0.814699487	0.4333060282
0.5445436537	0.4554563463	0.8157533303	0.4326381967
0.5455446346	0.4544553654	0.816803078	0.4319721586
0.5465456156	0.4534543844	0.8178487378	0.4313079075
0.5475465966	0.4524534034	0.8188903178	0.4306454372
0.5485475776	0.4514524224	0.8199278258	0.4299847415
0.5495485586	0.4504514414	0.82096127	0.429325814
0.5505495395	0.4494504605	0.8219906583	0.4286686487
0.5515505205	0.4484494795	0.8230159988	0.4280132393
0.5525515015	0.4474484985	0.8240372996	0.4273595797
0.5535524825	0.4464475175	0.8250545689	0.4267076637
0.5545534635	0.4454465365	0.8260678147	0.4260574853
0.5555544444	0.4444455556	0.8270770452	0.4254090384
0.5565554254	0.4434445746	0.8280822688	0.4247623169
0.5575564064	0.4424435936	0.8290834935	0.4241173147
0.5585573874	0.4414426126	0.8300807278	0.4234740259
0.5595583684	0.4404416316	0.8310739798	0.4228324445
0.5605593493	0.4394406507	0.832063258	0.4221925645
0.5615603303	0.4384396697	0.8330485707	0.4215543799
0.5625613113	0.4374386887	0.8340299262	0.420917885
0.5635622923	0.4364377077	0.835007333	0.4202830736
0.5645632733	0.4354367267	0.8359807995	0.4196499401
0.5655642543	0.4344357457	0.8369503341	0.4190184785
0.5665652352	0.4334347648	0.8379159454	0.418388683
0.5675662162	0.4324337838	0.8388776418	0.4177605477
0.5685671972	0.4314328028	0.8398354318	0.417134067
0.5695681782	0.4304318218	0.840789324	0.4165092351
0.5705691592	0.4294308408	0.841739327	0.4158860462
0.5715701401	0.4284298599	0.8426854493	0.4152644946
0.5725711211	0.4274288789	0.8436276995	0.4146445746
0.5735721021	0.4264278979	0.8445660864	0.4140262806
0.5745730831	0.4254269169	0.8455006184	0.4134096068
0.5755740641	0.4244259359	0.8464313043	0.4127945477
0.576575045	0.423424955	0.8473581527	0.4121810977
0.577576026	0.422423974	0.8482811724	0.4115692512
0.578577007	0.421422993	0.8492003721	0.4109590026
0.579577988	0.420422012	0.8501157605	0.4103503464
0.580578969	0.419421031	0.8510273463	0.409743277
0.5815799499	0.4184200501	0.8519351383	0.4091377891
0.5825809309	0.4174190691	0.8528391453	0.408533877
0.5835819119	0.4164180881	0.8537393761	0.4079315354
0.5845828929	0.4154171071	0.8546358395	0.4073307588
0.5855838739	0.4144161261	0.8555285443	0.4067315418
0.5865848549	0.4134151451	0.8564174993	0.4061338791
0.5875858358	0.4124141642	0.8573027133	0.4055377651
0.5885868168	0.4114131832	0.8581841954	0.4049431948
0.5895877978	0.4104122022	0.8590619542	0.4043501625
0.5905887788	0.4094112212	0.8599359987	0.4037586632
0.5915897598	0.4084102402	0.8608063378	0.4031686915
0.5925907407	0.4074092593	0.8616729804	0.4025802421
0.5935917217	0.4064082783	0.8625359354	0.4019933098
0.5945927027	0.4054072973	0.8633952117	0.4014078894
0.5955936837	0.4044063163	0.8642508183	0.4008239757
0.5965946647	0.4034053353	0.8651027641	0.4002415634
0.5975956456	0.4024043544	0.865951058	0.3996606475
0.5985966266	0.4014033734	0.866795709	0.3990812228
0.5995976076	0.4004023924	0.867636726	0.3985032842
0.6005985886	0.3994014114	0.8684741181	0.3979268265
0.6015995696	0.3984004304	0.8693078943	0.3973518448
0.6026005506	0.3973994494	0.8701380634	0.3967783339
0.6036015315	0.3963984685	0.8709646345	0.3962062888
0.6046025125	0.3953974875	0.8717876166	0.3956357046
0.6056034935	0.3943965065	0.8726070187	0.3950665761
0.6066044745	0.3933955255	0.8734228498	0.3944988984
0.6076054555	0.3923945445	0.8742351189	0.3939326665
0.6086064364	0.3913935636	0.875043835	0.3933678756
0.6096074174	0.3903925826	0.8758490072	0.3928045207
0.6106083984	0.3893916016	0.8766506445	0.3922425969
0.6116093794	0.3883906206	0.8774487558	0.3916820993
0.6126103604	0.3873896396	0.8782433503	0.391123023
0.6136113413	0.3863886587	0.879034437	0.3905653633
0.6146123223	0.3853876777	0.8798220248	0.3900091153
0.6156133033	0.3843866967	0.8806061229	0.3894542741
0.6166142843	0.3833857157	0.8813867403	0.388900835
0.6176152653	0.3823847347	0.882163886	0.3883487933
0.6186162462	0.3813837538	0.882937569	0.3877981442
0.6196172272	0.3803827728	0.8837077985	0.3872488829
0.6206182082	0.3793817918	0.8844745834	0.3867010047
0.6216191892	0.3783808108	0.8852379328	0.386154505
0.6226201702	0.3773798298	0.8859978557	0.3856093791
0.6236211512	0.3763788488	0.8867543612	0.3850656224
0.6246221321	0.3753778679	0.8875074583	0.3845232301
0.6256231131	0.3743768869	0.888257156	0.3839821977
0.6266240941	0.3733759059	0.8890034635	0.3834425206
0.6276250751	0.3723749249	0.8897463897	0.3829041942
0.6286260561	0.3713739439	0.8904859436	0.3823672139
0.629627037	0.370372963	0.8912221343	0.3818315752
0.630628018	0.369371982	0.8919549709	0.3812972736
0.631628999	0.368371001	0.8926844623	0.3807643045
0.63262998	0.36737002	0.8934106176	0.3802326635
0.633630961	0.366369039	0.8941334458	0.3797023461
0.6346319419	0.3653680581	0.8948529559	0.3791733478
0.6356329229	0.3643670771	0.8955691569	0.3786456643
0.6366339039	0.3633660961	0.8962820579	0.378119291
0.6376348849	0.3623651151	0.8969916678	0.3775942236
0.6386358659	0.3613641341	0.8976979957	0.3770704576
0.6396368468	0.3603631532	0.8984010505	0.3765479888
0.6406378278	0.3593621722	0.8991008413	0.3760268128
0.6416388088	0.3583611912	0.8997973769	0.3755069252
0.6426397898	0.3573602102	0.9004906665	0.3749883218
0.6436407708	0.3563592292	0.901180719	0.3744709982
0.6446417518	0.3553582482	0.9018675433	0.3739549501
0.6456427327	0.3543572673	0.9025511484	0.3734401733
0.6466437137	0.3533562863	0.9032315433	0.3729266635
0.6476446947	0.3523553053	0.903908737	0.3724144165
0.6486456757	0.3513543243	0.9045827383	0.3719034282
0.6496466567	0.3503533433	0.9052535562	0.3713936942
0.6506476376	0.3493523624	0.9059211996	0.3708852104
0.6516486186	0.3483513814	0.9065856775	0.3703779726
0.6526495996	0.3473504004	0.9072469987	0.3698719768
0.6536505806	0.3463494194	0.9079051722	0.3693672187
0.6546515616	0.3453484384	0.9085602069	0.3688636942
0.6556525425	0.3443474575	0.9092121117	0.3683613993
0.6566535235	0.3433464765	0.9098608954	0.3678603299
0.6576545045	0.3423454955	0.9105065669	0.3673604819
0.6586554855	0.3413445145	0.9111491351	0.3668618512
0.6596564665	0.3403435335	0.9117886089	0.3663644338
0.6606574474	0.3393425526	0.912424997	0.3658682257
0.6616584284	0.3383415716	0.9130583084	0.3653732229
0.6626594094	0.3373405906	0.9136885518	0.3648794214
0.6636603904	0.3363396096	0.9143157361	0.3643868173
0.6646613714	0.3353386286	0.9149398701	0.3638954065
0.6656623524	0.3343376476	0.9155609626	0.3634051851
0.6666633333	0.3333366667	0.9161790223	0.3629161493
0.6676643143	0.3323356857	0.9167940581	0.362428295
0.6686652953	0.3313347047	0.9174060787	0.3619416185
0.6696662763	0.3303337237	0.9180150929	0.3614561158
0.6706672573	0.3293327427	0.9186211094	0.360971783
0.6716682382	0.3283317618	0.919224137	0.3604886164
0.6726692192	0.3273307808	0.9198241844	0.360006612
0.6736702002	0.3263297998	0.9204212603	0.3595257661
0.6746711812	0.3253288188	0.9210153733	0.3590460749
0.6756721622	0.3243278378	0.9216065323	0.3585675346
0.6766731431	0.3233268569	0.9221947458	0.3580901413
0.6776741241	0.3223258759	0.9227800226	0.3576138914
0.6786751051	0.3213248949	0.9233623713	0.3571387811
0.6796760861	0.3203239139	0.9239418005	0.3566648067
0.6806770671	0.3193229329	0.9245183189	0.3561919644
0.681678048	0.318321952	0.9250919351	0.3557202506
0.682679029	0.317320971	0.9256626577	0.3552496616
0.68368001	0.31631999	0.9262304952	0.3547801936
0.684680991	0.315319009	0.9267954564	0.3543118432
0.685681972	0.314318028	0.9273575497	0.3538446065
0.686682953	0.313317047	0.9279167837	0.35337848
0.6876839339	0.3123160661	0.9284731669	0.3529134601
0.6886849149	0.3113150851	0.929026708	0.3524495431
0.6896858959	0.3103141041	0.9295774153	0.3519867255
0.6906868769	0.3093131231	0.9301252974	0.3515250037
0.6916878579	0.3083121421	0.9306703628	0.3510643742
0.6926888388	0.3073111612	0.9312126199	0.3506048334
0.6936898198	0.3063101802	0.9317520773	0.3501463778
0.6946908008	0.3053091992	0.9322887433	0.3496890039
0.6956917818	0.3043082182	0.9328226265	0.3492327081
0.6966927628	0.3033072372	0.9333537352	0.348777487
0.6976937437	0.3023062563	0.9338820778	0.3483233371
0.6986947247	0.3013052753	0.9344076627	0.3478702549
0.6996957057	0.3003042943	0.9349304984	0.3474182371
0.7006966867	0.2993033133	0.9354505931	0.3469672801
0.7016976677	0.2983023323	0.9359679552	0.3465173805
0.7026986486	0.2973013514	0.9364825931	0.346068535
0.7036996296	0.2963003704	0.9369945151	0.3456207402
0.7047006106	0.2952993894	0.9375037294	0.3451739926
0.7057015916	0.2942984084	0.9380102444	0.3447282889
0.7067025726	0.2932974274	0.9385140684	0.3442836257
0.7077035536	0.2922964464	0.9390152095	0.3438399997
0.7087045345	0.2912954655	0.9395136761	0.3433974077
0.7097055155	0.2902944845	0.9400094764	0.3429558461
0.7107064965	0.2892935035	0.9405026186	0.3425153119
0.7117074775	0.2882925225	0.9409931109	0.3420758016
0.7127084585	0.2872915415	0.9414809615	0.341637312
0.7137094394	0.2862905606	0.9419661785	0.3411998398
0.7147104204	0.2852895796	0.9424487701	0.3407633818
0.7157114014	0.2842885986	0.9429287445	0.3403279347
0.7167123824	0.2832876176	0.9434061097	0.3398934954
0.7177133634	0.2822866366	0.9438808739	0.3394600606
0.7187143443	0.2812856557	0.9443530451	0.339027627
0.7197153253	0.2802846747	0.9448226315	0.3385961916
0.7207163063	0.2792836937	0.9452896411	0.3381657511
0.7217172873	0.2782827127	0.9457540819	0.3377363024
0.7227182683	0.2772817317	0.946215962	0.3373078423
0.7237192492	0.2762807508	0.9466752894	0.3368803676
0.7247202302	0.2752797698	0.947132072	0.3364538754
0.7257212112	0.2742787888	0.9475863178	0.3360283624
0.7267221922	0.2732778078	0.9480380349	0.3356038255
0.7277231732	0.2722768268	0.9484872311	0.3351802616
0.7287241542	0.2712758458	0.9489339144	0.3347576677
0.7297251351	0.2702748649	0.9493780927	0.3343360408
0.7307261161	0.2692738839	0.9498197739	0.3339153776
0.7317270971	0.2682729029	0.9502589658	0.3334956753
0.7327280781	0.2672719219	0.9506956764	0.3330769307
0.7337290591	0.2662709409	0.9511299134	0.3326591409
0.73473004	0.26526996	0.9515616848	0.3322423029
0.735731021	0.264268979	0.9519909983	0.3318264135
0.736732002	0.263267998	0.9524178617	0.33141147
0.737732983	0.262267017	0.9528422827	0.3309974692
0.738733964	0.261266036	0.9532642693	0.3305844082
0.7397349449	0.2602650551	0.953683829	0.3301722841
0.7407359259	0.2592640741	0.9541009697	0.329761094
0.7417369069	0.2582630931	0.954515699	0.3293508348
0.7427378879	0.2572621121	0.9549280246	0.3289415038
0.7437388689	0.2562611311	0.9553379543	0.3285330979
0.7447398498	0.2552601502	0.9557454956	0.3281256143
0.7457408308	0.2542591692	0.9561506562	0.3277190501
0.7467418118	0.2532581882	0.9565534438	0.3273134024
0.7477427928	0.2522572072	0.9569538659	0.3269086685
0.7487437738	0.2512562262	0.9573519301	0.3265048453
0.7497447548	0.2502552452	0.9577476441	0.3261019301
0.7507457357	0.2492542643	0.9581410153	0.3256999201
0.7517467167	0.2482532833	0.9585320514	0.3252988123
0.7527476977	0.2472523023	0.9589207597	0.3248986042
0.7537486787	0.2462513213	0.9593071479	0.3244992927
0.7547496597	0.2452503403	0.9596912235	0.3241008752
0.7557506406	0.2442493594	0.9600729938	0.3237033489
0.7567516216	0.2432483784	0.9604524663	0.3233067109
0.7577526026	0.2422473974	0.9608296486	0.3229109586
0.7587535836	0.2412464164	0.9612045479	0.3225160892
0.7597545646	0.2402454354	0.9615771717	0.3221221
0.7607555455	0.2392444545	0.9619475274	0.3217289883
0.7617565265	0.2382434735	0.9623156223	0.3213367512
0.7627575075	0.2372424925	0.9626814638	0.3209453863
0.7637584885	0.2362415115	0.9630450593	0.3205548906
0.7647594695	0.2352405305	0.9634064159	0.3201652616
0.7657604505	0.2342395495	0.9637655411	0.3197764966
0.7667614314	0.2332385686	0.9641224421	0.319388593
0.7677624124	0.2322375876	0.9644771261	0.319001548
0.7687633934	0.2312366066	0.9648296005	0.3186153591
0.7697643744	0.2302356256	0.9651798723	0.3182300235
0.7707653554	0.2292346446	0.9655279489	0.3178455388
0.7717663363	0.2282336637	0.9658738374	0.3174619022
0.7727673173	0.2272326827	0.966217545	0.3170791112
0.7737682983	0.2262317017	0.9665590788	0.3166971632
0.7747692793	0.2252307207	0.966898446	0.3163160556
0.7757702603	0.2242297397	0.9672356537	0.3159357858
0.7767712412	0.2232287588	0.967570709	0.3155563513
0.7777722222	0.2222277778	0.9679036189	0.3151777495
0.7787732032	0.2212267968	0.9682343906	0.3147999779
0.7797741842	0.2202258158	0.9685630311	0.3144230339
0.7807751652	0.2192248348	0.9688895474	0.314046915
0.7817761461	0.2182238539	0.9692139465	0.3136716187
0.7827771271	0.2172228729	0.9695362354	0.3132971425
0.7837781081	0.2162218919	0.969856421	0.312923484
0.7847790891	0.2152209109	0.9701745105	0.3125506405
0.7857800701	0.2142199299	0.9704905106	0.3121786097
0.7867810511	0.2132189489	0.9708044283	0.311807389
0.787782032	0.212217968	0.9711162705	0.3114369761
0.788783013	0.211216987	0.9714260441	0.3110673684
0.789783994	0.210216006	0.971733756	0.3106985636
0.790784975	0.209215025	0.972039413	0.3103305591
0.791785956	0.208214044	0.972343022	0.3099633526
0.7927869369	0.2072130631	0.9726445896	0.3095969417
0.7937879179	0.2062120821	0.9729441229	0.309231324
0.7947888989	0.2052111011	0.9732416285	0.308866497
0.7957898799	0.2042101201	0.9735371132	0.3085024584
0.7967908609	0.2032091391	0.9738305837	0.3081392058
0.7977918418	0.2022081582	0.9741220468	0.3077767368
0.7987928228	0.2012071772	0.9744115091	0.3074150491
0.7997938038	0.2002061962	0.9746989774	0.3070541403
0.8007947848	0.1992052152	0.9749844584	0.3066940082
0.8017957658	0.1982042342	0.9752679586	0.3063346502
0.8027967467	0.1972032533	0.9755494848	0.3059760642
0.8037977277	0.1962022723	0.9758290435	0.3056182479
0.8047987087	0.1952012913	0.9761066414	0.3052611988
0.8057996897	0.1942003103	0.976382285	0.3049049147
0.8068006707	0.1931993293	0.9766559809	0.3045493934
0.8078016517	0.1921983483	0.9769277356	0.3041946325
0.8088026326	0.1911973674	0.9771975558	0.3038406298
0.8098036136	0.1901963864	0.9774654478	0.303487383
0.8108045946	0.1891954054	0.9777314182	0.3031348898
0.8118055756	0.1881944244	0.9779954734	0.302783148
0.8128065566	0.1871934434	0.97825762	0.3024321554
0.8138075375	0.1861924625	0.9785178644	0.3020819098
0.8148085185	0.1851914815	0.9787762129	0.3017324088
0.8158094995	0.1841905005	0.9790326721	0.3013836504
0.8168104805	0.1831895195	0.9792872482	0.3010356322
0.8178114615	0.1821885385	0.9795399477	0.3006883521
0.8188124424	0.1811875576	0.9797907769	0.300341808
0.8198134234	0.1801865766	0.9800397422	0.2999959976
0.8208144044	0.1791855956	0.9802868498	0.2996509187
0.8218153854	0.1781846146	0.9805321061	0.2993065692
0.8228163664	0.1771836336	0.9807755174	0.2989629469
0.8238173473	0.1761826527	0.9810170899	0.2986200497
0.8248183283	0.1751816717	0.9812568299	0.2982778755
0.8258193093	0.1741806907	0.9814947435	0.297936422
0.8268202903	0.1731797097	0.9817308371	0.2975956873
0.8278212713	0.1721787287	0.9819651169	0.297255669
0.8288222523	0.1711777477	0.9821975889	0.2969163653
0.8298232332	0.1701767668	0.9824282594	0.2965777739
0.8308242142	0.1691757858	0.9826571345	0.2962398927
0.8318251952	0.1681748048	0.9828842203	0.2959027197
0.8328261762	0.1671738238	0.983109523	0.2955662528
0.8338271572	0.1661728428	0.9833330486	0.2952304899
0.8348281381	0.1651718619	0.9835548033	0.294895429
0.8358291191	0.1641708809	0.983774793	0.2945610679
0.8368301001	0.1631698999	0.9839930238	0.2942274047
0.8378310811	0.1621689189	0.9842095018	0.2938944374
0.8388320621	0.1611679379	0.9844242329	0.2935621637
0.839833043	0.160166957	0.9846372232	0.2932305818
0.840834024	0.159165976	0.9848484786	0.2928996897
0.841835005	0.158164995	0.9850580051	0.2925694852
0.842835986	0.157164014	0.9852658085	0.2922399665
0.843836967	0.156163033	0.9854718949	0.2919111314
0.8448379479	0.1551620521	0.9856762702	0.2915829781
0.8458389289	0.1541610711	0.9858789402	0.2912555046
0.8468399099	0.1531600901	0.9860799107	0.2909287087
0.8478408909	0.1521591091	0.9862791877	0.2906025887
0.8488418719	0.1511581281	0.986476777	0.2902771425
0.8498428529	0.1501571471	0.9866726845	0.2899523682
0.8508438338	0.1491561662	0.9868669158	0.2896282638
0.8518448148	0.1481551852	0.9870594768	0.2893048274
0.8528457958	0.1471542042	0.9872503733	0.2889820571
0.8538467768	0.1461532232	0.987439611	0.2886599508
0.8548477578	0.1451522422	0.9876271957	0.2883385068
0.8558487387	0.1441512613	0.987813133	0.2880177231
0.8568497197	0.1431502803	0.9879974287	0.2876975978
0.8578507007	0.1421492993	0.9881800885	0.287378129
0.8588516817	0.1411483183	0.988361118	0.2870593148
0.8598526627	0.1401473373	0.9885405229	0.2867411533
0.8608536436	0.1391463564	0.9887183088	0.2864236427
0.8618546246	0.1381453754	0.9888944814	0.286106781
0.8628556056	0.1371443944	0.9890690462	0.2857905664
0.8638565866	0.1361434134	0.9892420088	0.2854749971
0.8648575676	0.1351424324	0.9894133749	0.2851600712
0.8658585485	0.1341414515	0.9895831499	0.2848457868
0.8668595295	0.1331404705	0.9897513393	0.2845321421
0.8678605105	0.1321394895	0.9899179488	0.2842191353
0.8688614915	0.1311385085	0.9900829839	0.2839067646
0.8698624725	0.1301375275	0.9902464499	0.2835950282
0.8708634535	0.1291365465	0.9904083524	0.2832839241
0.8718644344	0.1281355656	0.9905686968	0.2829734507
0.8728654154	0.1271345846	0.9907274886	0.2826636061
0.8738663964	0.1261336036	0.9908847331	0.2823543885
0.8748673774	0.1251326226	0.9910404359	0.2820457962
0.8758683584	0.1241316416	0.9911946023	0.2817378274
0.8768693393	0.1231306607	0.9913472376	0.2814304803
0.8778703203	0.1221296797	0.9914983472	0.281123753
0.8788713013	0.1211286987	0.9916479365	0.280817644
0.8798722823	0.1201277177	0.9917960108	0.2805121514
0.8808732633	0.1191267367	0.9919425754	0.2802072734
0.8818742442	0.1181257558	0.9920876356	0.2799030084
0.8828752252	0.1171247748	0.9922311966	0.2795993545
0.8838762062	0.1161237938	0.9923732638	0.2792963102
0.8848771872	0.1151228128	0.9925138424	0.2789938735
0.8858781682	0.1141218318	0.9926529375	0.2786920429
0.8868791491	0.1131208509	0.9927905545	0.2783908166
0.8878801301	0.1121198699	0.9929266985	0.2780901929
0.8888811111	0.1111188889	0.9930613747	0.2777901701
0.8898820921	0.1101179079	0.9931945883	0.2774907465
0.8908830731	0.1091169269	0.9933263444	0.2771919204
0.8918840541	0.1081159459	0.9934566482	0.2768936902
0.892885035	0.107114965	0.9935855047	0.2765960542
0.893886016	0.106113984	0.9937129191	0.2762990107
0.894886997	0.105113003	0.9938388965	0.276002558
0.895887978	0.104112022	0.9939634419	0.2757066944
0.896888959	0.103111041	0.9940865604	0.2754114185
0.8978899399	0.1021100601	0.9942082571	0.2751167284
0.8988909209	0.1011090791	0.994328537	0.2748226225
0.8998919019	0.1001080981	0.994447405	0.2745290993
0.9008928829	0.09910711712	0.9945648662	0.274236157
0.9018938639	0.09810613614	0.9946809255	0.2739437942
0.9028948448	0.09710515516	0.994795588	0.273652009
0.9038958258	0.09610417417	0.9949088585	0.2733608
0.9048968068	0.09510319319	0.9950207421	0.2730701655
0.9058977878	0.09410221221	0.9951312436	0.272780104
0.9068987688	0.09310123123	0.9952403679	0.2724906138
0.9078997497	0.09210025025	0.99534812	0.2722016933
0.9089007307	0.09109926927	0.9954545046	0.271913341
0.9099017117	0.09009828829	0.9955595267	0.2716255553
0.9109026927	0.08909730731	0.9956631911	0.2713383345
0.9119036737	0.08809632633	0.9957655026	0.2710516773
0.9129046547	0.08709534535	0.9958664661	0.2707655819
0.9139056356	0.08609436436	0.9959660863	0.2704800469
0.9149066166	0.08509338338	0.996064368	0.2701950706
0.9159075976	0.0840924024	0.996161316	0.2699106516
0.9169085786	0.08309142142	0.9962569351	0.2696267883
0.9179095596	0.08209044044	0.99635123	0.2693434791
0.9189105405	0.08108945946	0.9964442054	0.2690607226
0.9199115215	0.08008847848	0.996535866	0.2687785171
0.9209125025	0.0790874975	0.9966262165	0.2684968613
0.9219134835	0.07808651652	0.9967152616	0.2682157536
0.9229144645	0.07708553554	0.996803006	0.2679351924
0.9239154454	0.07608455455	0.9968894543	0.2676551763
0.9249164264	0.07508357357	0.9969746112	0.2673757037
0.9259174074	0.07408259259	0.9970584813	0.2670967733
0.9269183884	0.07308161161	0.9971410691	0.2668183834
0.9279193694	0.07208063063	0.9972223793	0.2665405327
0.9289203504	0.07107964965	0.9973024165	0.2662632196
0.9299213313	0.07007866867	0.9973811852	0.2659864426
0.9309223123	0.06907768769	0.99745869	0.2657102004
0.9319232933	0.06807670671	0.9975349354	0.2654344914
0.9329242743	0.06707572573	0.9976099259	0.2651593142
0.9339252553	0.06607474474	0.9976836661	0.2648846673
0.9349262362	0.06507376376	0.9977561604	0.2646105493
0.9359272172	0.06407278278	0.9978274133	0.2643369587
0.9369281982	0.0630718018	0.9978974293	0.2640638942
0.9379291792	0.06207082082	0.9979662129	0.2637913542
0.9389301602	0.06106983984	0.9980337684	0.2635193374
0.9399311411	0.06006885886	0.9981001003	0.2632478423
0.9409321221	0.05906787788	0.998165213	0.2629768675
0.9419331031	0.0580668969	0.9982291109	0.2627064116
0.9429340841	0.05706591592	0.9982917983	0.2624364732
0.9439350651	0.05606493493	0.9983532797	0.2621670509
0.944936046	0.05506395395	0.9984135595	0.2618981433
0.945937027	0.05406297297	0.9984726418	0.261629749
0.946938008	0.05306199199	0.9985305311	0.2613618666
0.947938989	0.05206101101	0.9985872317	0.2610944948
0.94893997	0.05106003003	0.9986427479	0.2608276321
0.949940951	0.05005904905	0.9986970839	0.2605612771
0.9509419319	0.04905806807	0.998750244	0.2602954286
0.9519429129	0.04805708709	0.9988022325	0.2600300851
0.9529438939	0.04705610611	0.9988530537	0.2597652454
0.9539448749	0.04605512513	0.9989027117	0.2595009079
0.9549458559	0.04505414414	0.9989512108	0.2592370715
0.9559468368	0.04405316316	0.9989985552	0.2589737346
0.9569478178	0.04305218218	0.999044749	0.2587108961
0.9579487988	0.0420512012	0.9990897965	0.2584485545
0.9589497798	0.04105022022	0.9991337018	0.2581867086
0.9599507608	0.04004923924	0.9991764691	0.2579253569
0.9609517417	0.03904825826	0.9992181024	0.2576644983
0.9619527227	0.03804727728	0.999258606	0.2574041312
0.9629537037	0.0370462963	0.9992979839	0.2571442546
0.9639546847	0.03604531532	0.9993362403	0.2568848669
0.9649556657	0.03504433433	0.9993733791	0.256625967
0.9659566466	0.03404335335	0.9994094045	0.2563675536
0.9669576276	0.03304237237	0.9994443206	0.2561096252
0.9679586086	0.03204139139	0.9994781313	0.2558521807
0.9689595896	0.03104041041	0.9995108408	0.2555952188
0.9699605706	0.03003942943	0.999542453	0.2553387381
0.9709615516	0.02903844845	0.9995729719	0.2550827374
0.9719625325	0.02803746747	0.9996024016	0.2548272154
0.9729635135	0.02703648649	0.9996307459	0.2545721709
0.9739644945	0.02603550551	0.999658009	0.2543176026
0.9749654755	0.02503452452	0.9996841947	0.2540635091
0.9759664565	0.02403354354	0.9997093069	0.2538098894
0.9769674374	0.02303256256	0.9997333497	0.253556742
0.9779684184	0.02203158158	0.9997563268	0.2533040658
0.9789693994	0.0210306006	0.9997782423	0.2530518595
0.9799703804	0.02002961962	0.9997991	0.2528001219
0.9809713614	0.01902863864	0.9998189038	0.2525488517
0.9819723423	0.01802765766	0.9998376576	0.2522980477
0.9829733233	0.01702667668	0.9998553651	0.2520477087
0.9839743043	0.0160256957	0.9998720303	0.2517978335
0.9849752853	0.01502471471	0.999887657	0.2515484207
0.9859762663	0.01402373373	0.999902249	0.2512994693
0.9869772472	0.01302275275	0.9999158101	0.251050978
0.9879782282	0.01202177177	0.999928344	0.2508029456
0.9889792092	0.01102079079	0.9999398547	0.2505553709
0.9899801902	0.01001980981	0.9999503457	0.2503082526
0.9909811712	0.009018828829	0.999959821	0.2500615897
0.9919821522	0.008017847848	0.9999682841	0.2498153809
0.9929831331	0.007016866867	0.999975739	0.2495696249
0.9939841141	0.006015885886	0.9999821892	0.2493243207
0.9949850951	0.005014904905	0.9999876385	0.2490794671
0.9959860761	0.004013923924	0.9999920905	0.2488350628
0.9969870571	0.003012942943	0.999995549	0.2485911068
0.997988038	0.002011961962	0.9999980177	0.2483475977
0.998989019	0.001010980981	0.9999995001	0.2481045345
0.99999	1e-05	1	0.2478619161
