1e-05	0.99999	78.96326536	1.000000013
0.001010980981	0.998989019	61.12656324	1.000129703
0.002011961962	0.997988038	47.93358588	1.000496832
0.003012942943	0.9969870571	38.04723225	1.001078129
0.004013923924	0.9959860761	30.54717502	1.001852465
0.005014904905	0.9949850951	24.79116987	1.002800618
0.006015885886	0.9939841141	20.32515587	1.003905082
0.007016866867	0.9929831331	16.82413406	1.00514989
0.008017847848	0.9919821522	14.05274995	1.006520457
0.009018828829	0.9909811712	11.83866878	1.008003448
0.01001980981	0.9899801902	10.05436781	1.009586657
0.01102079079	0.9889792092	8.604537244	1.011258898
0.01202177177	0.9879782282	7.417264161	1.013009914
0.01302275275	0.9869772472	6.437797156	1.014830287
0.01402373373	0.9859762663	5.624091353	1.016711368
0.01502471471	0.9849752853	4.943594322	1.018645205
0.0160256957	0.9839743043	4.370905723	1.020624485
0.01702667668	0.9829733233	3.886057994	1.022642477
0.01802765766	0.9819723423	3.473242572	1.024692985
0.01902863864	0.9809713614	3.119858512	1.026770303
0.02002961962	0.9799703804	2.815796395	1.028869171
0.0210306006	0.9789693994	2.552895312	1.030984747
0.02203158158	0.9779684184	2.324528163	1.033112565
0.02303256256	0.9769674374	2.125282774	1.035248512
0.02403354354	0.9759664565	1.9507151	1.037388794
0.02503452452	0.9749654755	1.797156994	1.039529918
0.02603550551	0.9739644945	1.661565597	1.041668666
0.02703648649	0.9729635135	1.541404624	1.043802073
0.02803746747	0.9719625325	1.434550296	1.045927409
0.02903844845	0.9709615516	1.339216376	1.048042165
0.03003942943	0.9699605706	1.253894139	1.05014403
0.03104041041	0.9689595896	1.177304044	1.052230884
0.03204139139	0.9679586086	1.108356663	1.054300778
0.03304237237	0.9669576276	1.046120919	1.056351928
0.03404335335	0.9659566466	0.9897981773	1.058382695
0.03504433433	0.9649556657	0.9387010012	1.060391585
0.03604531532	0.9639546847	0.8922356727	1.062377229
0.0370462963	0.9629537037	0.8498877445	1.064338381
0.03804727728	0.9619527227	0.8112100569	1.066273908
0.03904825826	0.9609517417	0.7758127586	1.068182779
0.04004923924	0.9599507608	0.7433549686	1.070064064
0.04105022022	0.9589497798	0.7135377826	1.071916919
0.0420512012	0.9579487988	0.6860983889	1.07374059
0.04305218218	0.9569478178	0.6608051016	1.075534398
0.04405316316	0.9559468368	0.6374531527	1.077297738
0.04505414414	0.9549458559	0.6158611193	1.079030075
0.04605512513	0.9539448749	0.5958678783	1.080730937
0.04705610611	0.9529438939	0.5773300046	1.082399912
0.04805708709	0.9519429129	0.5601195418	1.084036642
0.04905806807	0.9509419319	0.5441220866	1.085640824
0.05005904905	0.949940951	0.5292351384	1.087212199
0.05106003003	0.94893997	0.5153666745	1.088750558
0.05206101101	0.947938989	0.5024339156	1.09025573
0.05306199199	0.946938008	0.4903622551	1.091727585
0.05406297297	0.945937027	0.479084327	1.09316603
0.05506395395	0.944936046	0.4685391938	1.094571004
0.05606493493	0.9439350651	0.4586716366	1.095942479
0.05706591592	0.9429340841	0.4494315328	1.097280456
0.0580668969	0.9419331031	0.440773311	1.098584965
0.05906787788	0.9409321221	0.4326554711	1.099856059
0.06006885886	0.9399311411	0.4250401613	1.101093816
0.06106983984	0.9389301602	0.4178928048	1.102298336
0.06207082082	0.9379291792	0.4111817701	1.103469739
0.0630718018	0.9369281982	0.404878078	1.104608164
0.06407278278	0.9359272172	0.3989551421	1.105713769
0.06507376376	0.9349262362	0.3933885379	1.106786726
0.06607474474	0.9339252553	0.3881557972	1.107827222
0.06707572573	0.9329242743	0.3832362242	1.108835461
0.06807670671	0.9319232933	0.3786107321	1.109811655
0.06907768769	0.9309223123	0.3742616957	1.110756033
0.07007866867	0.9299213313	0.3701728201	1.11166883
0.07107964965	0.9289203504	0.3663290228	1.112550293
0.07208063063	0.9279193694	0.3627163268	1.11340068
0.07308161161	0.9269183884	0.3593217657	1.114220253
0.07408259259	0.9259174074	0.3561332971	1.115009285
0.07508357357	0.9249164264	0.3531397247	1.115768054
0.07608455455	0.9239154454	0.3503306281	1.116496846
0.07708553554	0.9229144645	0.347696299	1.117195949
0.07808651652	0.9219134835	0.3452276835	1.117865661
0.0790874975	0.9209125025	0.3429163295	1.11850628
0.08008847848	0.9199115215	0.3407543395	1.119118111
0.08108945946	0.9189105405	0.3387343269	1.119701459
0.08209044044	0.9179095596	0.3368493767	1.120256636
0.08309142142	0.9169085786	0.3350930094	1.120783953
0.0840924024	0.9159075976	0.3334591484	1.121283726
0.08509338338	0.9149066166	0.3319420901	1.121756272
0.08609436436	0.9139056356	0.3305364758	1.122201907
0.08709534535	0.9129046547	0.3292372674	1.122620952
0.08809632633	0.9119036737	0.3280397239	1.123013727
0.08909730731	0.9109026927	0.3269393802	1.123380551
0.09009828829	0.9099017117	0.325932028	1.123721746
0.09109926927	0.9089007307	0.3250136979	1.124037633
0.09210025025	0.9078997497	0.3241806426	1.124328531
0.09310123123	0.9068987688	0.3234293224	1.124594762
0.09410221221	0.9058977878	0.3227563906	1.124836644
0.09510319319	0.9048968068	0.3221586813	1.125054497
0.09610417417	0.9038958258	0.3216331969	1.125248637
0.09710515516	0.9028948448	0.3211770976	1.125419382
0.09810613614	0.9018938639	0.320787691	1.125567046
0.09910711712	0.9008928829	0.3204624228	1.125691943
0.1001080981	0.8998919019	0.3201988679	1.125794386
0.1011090791	0.8988909209	0.3199947228	1.125874684
0.1021100601	0.8978899399	0.3198477974	1.125933146
0.103111041	0.896888959	0.3197560087	1.125970078
0.104112022	0.895887978	0.319717374	1.125985786
0.105113003	0.894886997	0.3197300048	1.12598057
0.106113984	0.893886016	0.3197921017	1.125954732
0.107114965	0.892885035	0.3199019484	1.125908569
0.1081159459	0.8918840541	0.3200579076	1.125842376
0.1091169269	0.8908830731	0.320258416	1.125756446
0.1101179079	0.8898820921	0.3205019804	1.125651071
0.1111188889	0.8888811111	0.3207871734	1.125526537
0.1121198699	0.8878801301	0.3211126299	1.12538313
0.1131208509	0.8868791491	0.3214770438	1.125221134
0.1141218318	0.8858781682	0.3218791645	1.125040827
0.1151228128	0.8848771872	0.322317794	1.124842488
0.1161237938	0.8838762062	0.322791784	1.12462639
0.1171247748	0.8828752252	0.3233000336	1.124392806
0.1181257558	0.8818742442	0.3238414863	1.124142005
0.1191267367	0.8808732633	0.3244151278	1.123874253
0.1201277177	0.8798722823	0.3250199842	1.123589814
0.1211286987	0.8788713013	0.3256551195	1.123288947
0.1221296797	0.8778703203	0.3263196339	1.122971911
0.1231306607	0.8768693393	0.3270126616	1.122638961
0.1241316416	0.8758683584	0.3277333699	1.122290349
0.1251326226	0.8748673774	0.3284809566	1.121926324
0.1261336036	0.8738663964	0.3292546494	1.121547131
0.1271345846	0.8728654154	0.3300537037	1.121153016
0.1281355656	0.8718644344	0.3308774017	1.120744218
0.1291365465	0.8708634535	0.3317250511	1.120320975
0.1301375275	0.8698624725	0.3325959837	1.119883523
0.1311385085	0.8688614915	0.3334895546	1.119432092
0.1321394895	0.8678605105	0.3344051406	1.118966913
0.1331404705	0.8668595295	0.3353421397	1.118488212
0.1341414515	0.8658585485	0.3362999702	1.117996212
0.1351424324	0.8648575676	0.337278069	1.117491135
0.1361434134	0.8638565866	0.3382758918	1.116973198
0.1371443944	0.8628556056	0.3392929116	1.116442618
0.1381453754	0.8618546246	0.3403286181	1.115899606
0.1391463564	0.8608536436	0.341382517	1.115344372
0.1401473373	0.8598526627	0.3424541295	1.114777124
0.1411483183	0.8588516817	0.3435429911	1.114198066
0.1421492993	0.8578507007	0.3446486518	1.113607401
0.1431502803	0.8568497197	0.3457706747	1.113005326
0.1441512613	0.8558487387	0.346908636	1.112392039
0.1451522422	0.8548477578	0.3480621241	1.111767734
0.1461532232	0.8538467768	0.3492307394	1.111132602
0.1471542042	0.8528457958	0.3504140938	1.110486832
0.1481551852	0.8518448148	0.3516118098	1.10983061
0.1491561662	0.8508438338	0.3528235208	1.10916412
0.1501571471	0.8498428529	0.35404887	1.108487544
0.1511581281	0.8488418719	0.3552875105	1.10780106
0.1521591091	0.8478408909	0.3565391046	1.107104844
0.1531600901	0.8468399099	0.3578033236	1.106399071
0.1541610711	0.8458389289	0.3590798475	1.105683913
0.1551620521	0.8448379479	0.3603683647	1.104959538
0.156163033	0.843836967	0.3616685714	1.104226113
0.157164014	0.842835986	0.3629801716	1.103483804
0.158164995	0.841835005	0.3643028768	1.102732771
0.159165976	0.840834024	0.3656364056	1.101973176
0.160166957	0.839833043	0.3669804837	1.101205176
0.1611679379	0.8388320621	0.3683348432	1.100428927
0.1621689189	0.8378310811	0.3696992228	1.099644582
0.1631698999	0.8368301001	0.3710733674	1.098852293
0.1641708809	0.8358291191	0.372457028	1.098052207
0.1651718619	0.8348281381	0.3738499612	1.097244473
0.1661728428	0.8338271572	0.3752519294	1.096429236
0.1671738238	0.8328261762	0.3766627003	1.095606637
0.1681748048	0.8318251952	0.378082047	1.094776819
0.1691757858	0.8308242142	0.3795097476	1.093939919
0.1701767668	0.8298232332	0.3809455849	1.093096074
0.1711777477	0.8288222523	0.3823893469	1.09224542
0.1721787287	0.8278212713	0.3838408259	1.091388089
0.1731797097	0.8268202903	0.3852998186	1.090524212
0.1741806907	0.8258193093	0.3867661264	1.089653918
0.1751816717	0.8248183283	0.3882395545	1.088777334
0.1761826527	0.8238173473	0.3897199125	1.087894586
0.1771836336	0.8228163664	0.3912070136	1.087005798
0.1781846146	0.8218153854	0.3927006751	1.08611109
0.1791855956	0.8208144044	0.3942007179	1.085210583
0.1801865766	0.8198134234	0.3957069667	1.084304395
0.1811875576	0.8188124424	0.3972192494	1.083392643
0.1821885385	0.8178114615	0.3987373975	1.082475441
0.1831895195	0.8168104805	0.4002612459	1.081552902
0.1841905005	0.8158094995	0.4017906325	1.080625138
0.1851914815	0.8148085185	0.4033253984	1.079692259
0.1861924625	0.8138075375	0.4048653879	1.078754373
0.1871934434	0.8128065566	0.4064104481	1.077811585
0.1881944244	0.8118055756	0.4079604291	1.076864003
0.1891954054	0.8108045946	0.4095151837	1.075911727
0.1901963864	0.8098036136	0.4110745674	1.074954862
0.1911973674	0.8088026326	0.4126384387	1.073993507
0.1921983483	0.8078016517	0.4142066582	1.07302776
0.1931993293	0.8068006707	0.4157790895	1.07205772
0.1942003103	0.8057996897	0.4173555984	1.071083482
0.1952012913	0.8047987087	0.4189360531	1.070105142
0.1962022723	0.8037977277	0.4205203243	1.069122791
0.1972032533	0.8027967467	0.4221082849	1.068136522
0.1982042342	0.8017957658	0.4236998101	1.067146425
0.1992052152	0.8007947848	0.4252947772	1.06615259
0.2002061962	0.7997938038	0.4268930657	1.065155103
0.2012071772	0.7987928228	0.4284945571	1.064154051
0.2022081582	0.7977918418	0.4300991351	1.06314952
0.2032091391	0.7967908609	0.4317066853	1.062141593
0.2042101201	0.7957898799	0.4333170951	1.061130353
0.2052111011	0.7947888989	0.4349302541	1.060115881
0.2062120821	0.7937879179	0.4365460535	1.059098256
0.2072130631	0.7927869369	0.4381643865	1.058077559
0.208214044	0.791785956	0.4397851479	1.057053865
0.209215025	0.790784975	0.4414082345	1.056027253
0.210216006	0.789783994	0.4430335445	1.054997798
0.211216987	0.788783013	0.444660978	1.053965572
0.212217968	0.787782032	0.4462904366	1.052930651
0.2132189489	0.7867810511	0.4479218237	1.051893105
0.2142199299	0.7857800701	0.449555044	1.050853005
0.2152209109	0.7847790891	0.4511900039	1.049810421
0.2162218919	0.7837781081	0.4528266113	1.048765422
0.2172228729	0.7827771271	0.4544647756	1.047718076
0.2182238539	0.7817761461	0.4561044075	1.046668449
0.2192248348	0.7807751652	0.4577454192	1.045616607
0.2202258158	0.7797741842	0.4593877245	1.044562614
0.2212267968	0.7787732032	0.4610312382	1.043506534
0.2222277778	0.7777722222	0.4626758767	1.042448429
0.2232287588	0.7767712412	0.4643215577	1.041388362
0.2242297397	0.7757702603	0.4659682	1.040326393
0.2252307207	0.7747692793	0.4676157239	1.039262582
0.2262317017	0.7737682983	0.4692640508	1.038196987
0.2272326827	0.7727673173	0.4709131034	1.037129668
0.2282336637	0.7717663363	0.4725628055	1.03606068
0.2292346446	0.7707653554	0.4742130822	1.03499008
0.2302356256	0.7697643744	0.4758638597	1.033917923
0.2312366066	0.7687633934	0.4775150654	1.032844264
0.2322375876	0.7677624124	0.4791666277	1.031769156
0.2332385686	0.7667614314	0.4808184762	1.030692653
0.2342395495	0.7657604505	0.4824705415	1.029614806
0.2352405305	0.7647594695	0.4841227553	1.028535666
0.2362415115	0.7637584885	0.4857750504	1.027455283
0.2372424925	0.7627575075	0.4874273605	1.026373709
0.2382434735	0.7617565265	0.4890796206	1.02529099
0.2392444545	0.7607555455	0.4907317662	1.024207175
0.2402454354	0.7597545646	0.4923837343	1.023122312
0.2412464164	0.7587535836	0.4940354625	1.022036447
0.2422473974	0.7577526026	0.4956868895	1.020949626
0.2432483784	0.7567516216	0.497337955	1.019861894
0.2442493594	0.7557506406	0.4989885993	1.018773295
0.2452503403	0.7547496597	0.5006387641	1.017683874
0.2462513213	0.7537486787	0.5022883916	1.016593672
0.2472523023	0.7527476977	0.5039374249	1.015502733
0.2482532833	0.7517467167	0.5055858082	1.014411099
0.2492542643	0.7507457357	0.5072334863	1.013318809
0.2502552452	0.7497447548	0.508880405	1.012225905
0.2512562262	0.7487437738	0.5105265109	1.011132426
0.2522572072	0.7477427928	0.5121717513	1.010038412
0.2532581882	0.7467418118	0.5138160744	1.008943901
0.2542591692	0.7457408308	0.5154594292	1.00784893
0.2552601502	0.7447398498	0.5171017654	1.006753538
0.2562611311	0.7437388689	0.5187430335	1.00565776
0.2572621121	0.7427378879	0.5203831847	1.004561633
0.2582630931	0.7417369069	0.5220221712	1.003465192
0.2592640741	0.7407359259	0.5236599455	1.002368473
0.2602650551	0.7397349449	0.5252964613	1.001271509
0.261266036	0.738733964	0.5269316725	1.000174335
0.262267017	0.737732983	0.5285655342	0.9990769831
0.263267998	0.736732002	0.5301980018	0.997979487
0.264268979	0.735731021	0.5318290316	0.9968818788
0.26526996	0.73473004	0.5334585806	0.99578419
0.2662709409	0.7337290591	0.5350866062	0.9946864518
0.2672719219	0.7327280781	0.5367130668	0.993588695
0.2682729029	0.7317270971	0.5383379212	0.9924909497
0.2692738839	0.7307261161	0.5399611289	0.9913932456
0.2702748649	0.7297251351	0.5415826501	0.990295612
0.2712758458	0.7287241542	0.5432024455	0.9891980775
0.2722768268	0.7277231732	0.5448204765	0.9881006705
0.2732778078	0.7267221922	0.5464367051	0.9870034188
0.2742787888	0.7257212112	0.5480510939	0.9859063497
0.2752797698	0.7247202302	0.5496636059	0.9848094901
0.2762807508	0.7237192492	0.551274205	0.9837128664
0.2772817317	0.7227182683	0.5528828555	0.9826165048
0.2782827127	0.7217172873	0.5544895222	0.9815204307
0.2792836937	0.7207163063	0.5560941706	0.9804246694
0.2802846747	0.7197153253	0.5576967665	0.9793292456
0.2812856557	0.7187143443	0.5592972767	0.9782341836
0.2822866366	0.7177133634	0.560895668	0.9771395075
0.2832876176	0.7167123824	0.5624919082	0.9760452406
0.2842885986	0.7157114014	0.5640859652	0.9749514062
0.2852895796	0.7147104204	0.5656778078	0.9738580271
0.2862905606	0.7137094394	0.567267405	0.9727651255
0.2872915415	0.7127084585	0.5688547264	0.9716727235
0.2882925225	0.7117074775	0.5704397423	0.9705808427
0.2892935035	0.7107064965	0.5720224232	0.9694895044
0.2902944845	0.7097055155	0.5736027401	0.9683987295
0.2912954655	0.7087045345	0.5751806648	0.9673085384
0.2922964464	0.7077035536	0.5767561692	0.9662189515
0.2932974274	0.7067025726	0.5783292257	0.9651299885
0.2942984084	0.7057015916	0.5798998075	0.964041669
0.2952993894	0.7047006106	0.5814678879	0.9629540121
0.2963003704	0.7036996296	0.5830334408	0.9618670367
0.2973013514	0.7026986486	0.5845964404	0.9607807613
0.2983023323	0.7016976677	0.5861568616	0.9596952041
0.2993033133	0.7006966867	0.5877146794	0.958610383
0.3003042943	0.6996957057	0.5892698696	0.9575263155
0.3013052753	0.6986947247	0.590822408	0.9564430189
0.3023062563	0.6976937437	0.5923722712	0.9553605102
0.3033072372	0.6966927628	0.593919436	0.9542788061
0.3043082182	0.6956917818	0.5954638797	0.9531979228
0.3053091992	0.6946908008	0.5970055798	0.9521178766
0.3063101802	0.6936898198	0.5985445144	0.9510386831
0.3073111612	0.6926888388	0.6000806621	0.949960358
0.3083121421	0.6916878579	0.6016140014	0.9488829164
0.3093131231	0.6906868769	0.6031445118	0.9478063733
0.3103141041	0.6896858959	0.6046721727	0.9467307434
0.3113150851	0.6886849149	0.6061969641	0.9456560412
0.3123160661	0.6876839339	0.6077188663	0.9445822808
0.313317047	0.686682953	0.60923786	0.9435094761
0.314318028	0.685681972	0.6107539262	0.9424376409
0.315319009	0.684680991	0.6122670463	0.9413667884
0.31631999	0.68368001	0.613777202	0.9402969319
0.317320971	0.682679029	0.6152843754	0.9392280844
0.318321952	0.681678048	0.6167885489	0.9381602584
0.3193229329	0.6806770671	0.6182897053	0.9370934665
0.3203239139	0.6796760861	0.6197878276	0.9360277208
0.3213248949	0.6786751051	0.6212828993	0.9349630334
0.3223258759	0.6776741241	0.6227749041	0.933899416
0.3233268569	0.6766731431	0.6242638261	0.9328368801
0.3243278378	0.6756721622	0.6257496496	0.9317754372
0.3253288188	0.6746711812	0.6272323593	0.9307150982
0.3263297998	0.6736702002	0.6287119403	0.9296558741
0.3273307808	0.6726692192	0.6301883778	0.9285977756
0.3283317618	0.6716682382	0.6316616573	0.9275408131
0.3293327427	0.6706672573	0.633131765	0.926484997
0.3303337237	0.6696662763	0.6345986868	0.9254303373
0.3313347047	0.6686652953	0.6360624093	0.9243768439
0.3323356857	0.6676643143	0.6375229193	0.9233245264
0.3333366667	0.6666633333	0.6389802038	0.9222733944
0.3343376476	0.6656623524	0.6404342502	0.9212234572
0.3353386286	0.6646613714	0.6418850461	0.9201747239
0.3363396096	0.6636603904	0.6433325792	0.9191272035
0.3373405906	0.6626594094	0.6447768379	0.9180809046
0.3383415716	0.6616584284	0.6462178105	0.9170358358
0.3393425526	0.6606574474	0.6476554857	0.9159920057
0.3403435335	0.6596564665	0.6490898525	0.9149494223
0.3413445145	0.6586554855	0.6505209	0.9139080938
0.3423454955	0.6576545045	0.6519486176	0.9128680281
0.3433464765	0.6566535235	0.6533729952	0.9118292328
0.3443474575	0.6556525425	0.6547940227	0.9107917156
0.3453484384	0.6546515616	0.6562116901	0.9097554838
0.3463494194	0.6536505806	0.6576259881	0.9087205446
0.3473504004	0.6526495996	0.6590369072	0.9076869053
0.3483513814	0.6516486186	0.6604444384	0.9066545727
0.3493523624	0.6506476376	0.6618485729	0.9056235535
0.3503533433	0.6496466567	0.6632493019	0.9045938545
0.3513543243	0.6486456757	0.6646466171	0.9035654821
0.3523553053	0.6476446947	0.6660405103	0.9025384427
0.3533562863	0.6466437137	0.6674309736	0.9015127424
0.3543572673	0.6456427327	0.6688179992	0.9004883873
0.3553582482	0.6446417518	0.6702015797	0.8994653834
0.3563592292	0.6436407708	0.6715817077	0.8984437364
0.3573602102	0.6426397898	0.6729583761	0.897423452
0.3583611912	0.6416388088	0.674331578	0.8964045356
0.3593621722	0.6406378278	0.6757013068	0.8953869928
0.3603631532	0.6396368468	0.677067556	0.8943708287
0.3613641341	0.6386358659	0.6784303193	0.8933560485
0.3623651151	0.6376348849	0.6797895906	0.8923426572
0.3633660961	0.6366339039	0.6811453641	0.8913306596
0.3643670771	0.6356329229	0.6824976341	0.8903200606
0.3653680581	0.6346319419	0.683846395	0.8893108647
0.366369039	0.633630961	0.6851916416	0.8883030766
0.36737002	0.63262998	0.6865333688	0.8872967005
0.368371001	0.631628999	0.6878715715	0.8862917409
0.369371982	0.630628018	0.6892062452	0.8852882019
0.370372963	0.629627037	0.690537385	0.8842860876
0.3713739439	0.6286260561	0.6918649868	0.8832854018
0.3723749249	0.6276250751	0.6931890462	0.8822861486
0.3733759059	0.6266240941	0.6945095592	0.8812883317
0.3743768869	0.6256231131	0.695826522	0.8802919546
0.3753778679	0.6246221321	0.6971399307	0.8792970209
0.3763788488	0.6236211512	0.6984497819	0.8783035342
0.3773798298	0.6226201702	0.6997560722	0.8773114977
0.3783808108	0.6216191892	0.7010587983	0.8763209146
0.3793817918	0.6206182082	0.7023579573	0.8753317881
0.3803827728	0.6196172272	0.7036535461	0.8743441214
0.3813837538	0.6186162462	0.704945562	0.8733579172
0.3823847347	0.6176152653	0.7062340026	0.8723731786
0.3833857157	0.6166142843	0.7075188652	0.8713899082
0.3843866967	0.6156133033	0.7088001476	0.8704081087
0.3853876777	0.6146123223	0.7100778478	0.8694277829
0.3863886587	0.6136113413	0.7113519636	0.868448933
0.3873896396	0.6126103604	0.7126224932	0.8674715617
0.3883906206	0.6116093794	0.713889435	0.8664956712
0.3893916016	0.6106083984	0.7151527873	0.8655212638
0.3903925826	0.6096074174	0.7164125488	0.8645483416
0.3913935636	0.6086064364	0.717668718	0.8635769068
0.3923945445	0.6076054555	0.718921294	0.8626069613
0.3933955255	0.6066044745	0.7201702755	0.8616385072
0.3943965065	0.6056034935	0.7214156619	0.8606715462
0.3953974875	0.6046025125	0.7226574522	0.8597060801
0.3963984685	0.6036015315	0.7238956459	0.8587421107
0.3973994494	0.6026005506	0.7251302424	0.8577796395
0.3984004304	0.6015995696	0.7263612414	0.8568186683
0.3994014114	0.6005985886	0.7275886427	0.8558591983
0.4004023924	0.5995976076	0.7288124459	0.8549012311
0.4014033734	0.5985966266	0.7300326513	0.853944768
0.4024043544	0.5975956456	0.7312492588	0.8529898102
0.4034053353	0.5965946647	0.7324622686	0.8520363591
0.4044063163	0.5955936837	0.7336716812	0.8510844157
0.4054072973	0.5945927027	0.7348774969	0.8501339811
0.4064082783	0.5935917217	0.7360797163	0.8491850564
0.4074092593	0.5925907407	0.7372783402	0.8482376425
0.4084102402	0.5915897598	0.7384733691	0.8472917403
0.4094112212	0.5905887788	0.7396648042	0.8463473506
0.4104122022	0.5895877978	0.7408526462	0.8454044742
0.4114131832	0.5885868168	0.7420368964	0.8444631118
0.4124141642	0.5875858358	0.743217556	0.8435232641
0.4134151451	0.5865848549	0.7443946262	0.8425849316
0.4144161261	0.5855838739	0.7455681085	0.8416481149
0.4154171071	0.5845828929	0.7467380043	0.8407128145
0.4164180881	0.5835819119	0.7479043153	0.8397790308
0.4174190691	0.5825809309	0.7490670431	0.8388467642
0.4184200501	0.5815799499	0.7502261896	0.8379160151
0.419421031	0.580578969	0.7513817566	0.8369867835
0.420422012	0.579577988	0.7525337462	0.8360590699
0.421422993	0.578577007	0.7536821603	0.8351328743
0.422423974	0.577576026	0.7548270012	0.8342081969
0.423424955	0.576575045	0.7559682711	0.8332850378
0.4244259359	0.5755740641	0.7571059724	0.8323633969
0.4254269169	0.5745730831	0.7582401074	0.8314432742
0.4264278979	0.5735721021	0.7593706787	0.8305246697
0.4274288789	0.5725711211	0.7604976889	0.8296075832
0.4284298599	0.5715701401	0.7616211406	0.8286920146
0.4294308408	0.5705691592	0.7627410367	0.8277779636
0.4304318218	0.5695681782	0.7638573799	0.82686543
0.4314328028	0.5685671972	0.7649701731	0.8259544135
0.4324337838	0.5675662162	0.7660794195	0.8250449137
0.4334347648	0.5665652352	0.7671851219	0.8241369303
0.4344357457	0.5655642543	0.7682872837	0.8232304629
0.4354367267	0.5645632733	0.7693859079	0.8223255109
0.4364377077	0.5635622923	0.7704809979	0.8214220739
0.4374386887	0.5625613113	0.7715725572	0.8205201513
0.4384396697	0.5615603303	0.772660589	0.8196197425
0.4394406507	0.5605593493	0.7737450969	0.818720847
0.4404416316	0.5595583684	0.7748260846	0.817823464
0.4414426126	0.5585573874	0.7759035556	0.8169275928
0.4424435936	0.5575564064	0.7769775136	0.8160332328
0.4434445746	0.5565554254	0.7780479626	0.8151403831
0.4444455556	0.5555544444	0.7791149062	0.814249043
0.4454465365	0.5545534635	0.7801783484	0.8133592115
0.4464475175	0.5535524825	0.7812382932	0.812470888
0.4474484985	0.5525515015	0.7822947446	0.8115840713
0.4484494795	0.5515505205	0.7833477068	0.8106987606
0.4494504605	0.5505495395	0.7843971838	0.809814955
0.4504514414	0.5495485586	0.7854431799	0.8089326533
0.4514524224	0.5485475776	0.7864856994	0.8080518547
0.4524534034	0.5475465966	0.7875247466	0.807172558
0.4534543844	0.5465456156	0.7885603259	0.8062947621
0.4544553654	0.5455446346	0.7895924418	0.8054184658
0.4554563463	0.5445436537	0.7906210987	0.8045436682
0.4564573273	0.5435426727	0.7916463012	0.8036703679
0.4574583083	0.5425416917	0.7926680539	0.8027985637
0.4584592893	0.5415407107	0.7936863615	0.8019282545
0.4594602703	0.5405397297	0.7947012287	0.8010594389
0.4604612513	0.5395387487	0.7957126602	0.8001921157
0.4614622322	0.5385377678	0.7967206609	0.7993262836
0.4624632132	0.5375367868	0.7977252357	0.7984619411
0.4634641942	0.5365358058	0.7987263894	0.7975990869
0.4644651752	0.5355348248	0.799724127	0.7967377197
0.4654661562	0.5345338438	0.8007184535	0.795877838
0.4664671371	0.5335328629	0.8017093739	0.7950194404
0.4674681181	0.5325318819	0.8026968934	0.7941625253
0.4684690991	0.5315309009	0.8036810172	0.7933070914
0.4694700801	0.5305299199	0.8046617503	0.7924531371
0.4704710611	0.5295289389	0.805639098	0.7916006608
0.471472042	0.528527958	0.8066130655	0.7907496611
0.472473023	0.527526977	0.8075836583	0.7899001363
0.473474004	0.526525996	0.8085508816	0.7890520848
0.474474985	0.525525015	0.8095147409	0.7882055051
0.475475966	0.524524034	0.8104752415	0.7873603954
0.4764769469	0.5235230531	0.8114323889	0.7865167541
0.4774779279	0.5225220721	0.8123861886	0.7856745795
0.4784789089	0.5215210911	0.8133366463	0.78483387
0.4794798899	0.5205201101	0.8142837674	0.7839946237
0.4804808709	0.5195191291	0.8152275576	0.7831568391
0.4814818519	0.5185181481	0.8161680225	0.7823205142
0.4824828328	0.5175171672	0.8171051678	0.7814856474
0.4834838138	0.5165161862	0.8180389993	0.7806522368
0.4844847948	0.5155152052	0.8189695226	0.7798202807
0.4854857758	0.5145142242	0.8198967436	0.7789897771
0.4864867568	0.5135132432	0.8208206681	0.7781607244
0.4874877377	0.5125122623	0.821741302	0.7773331205
0.4884887187	0.5115112813	0.822658651	0.7765069637
0.4894896997	0.5105103003	0.8235727212	0.775682252
0.4904906807	0.5095093193	0.8244835185	0.7748589836
0.4914916617	0.5085083383	0.8253910488	0.7740371565
0.4924926426	0.5075073574	0.8262953181	0.7732167687
0.4934936236	0.5065063764	0.8271963325	0.7723978184
0.4944946046	0.5055053954	0.828094098	0.7715803035
0.4954955856	0.5045044144	0.8289886206	0.7707642221
0.4964965666	0.5035034334	0.8298799066	0.7699495722
0.4974975475	0.5025024525	0.830767962	0.7691363518
0.4984985285	0.5015014715	0.831652793	0.7683245589
0.4994995095	0.5005004905	0.8325344057	0.7675141914
0.5005004905	0.4994995095	0.8334128064	0.7667052473
0.5015014715	0.4984985285	0.8342880013	0.7658977245
0.5025024525	0.4974975475	0.8351599966	0.765091621
0.5035034334	0.4964965666	0.8360287986	0.7642869347
0.5045044144	0.4954955856	0.8368944136	0.7634836634
0.5055053954	0.4944946046	0.837756848	0.7626818052
0.5065063764	0.4934936236	0.838616108	0.7618813578
0.5075073574	0.4924926426	0.8394722001	0.7610823192
0.5085083383	0.4914916617	0.8403251305	0.7602846872
0.5095093193	0.4904906807	0.8411749057	0.7594884596
0.5105103003	0.4894896997	0.8420215321	0.7586936344
0.5115112813	0.4884887187	0.8428650162	0.7579002093
0.5125122623	0.4874877377	0.8437053644	0.7571081823
0.5135132432	0.4864867568	0.8445425831	0.7563175509
0.5145142242	0.4854857758	0.8453766789	0.7555283132
0.5155152052	0.4844847948	0.8462076583	0.7547404669
0.5165161862	0.4834838138	0.8470355277	0.7539540098
0.5175171672	0.4824828328	0.8478602938	0.7531689396
0.5185181481	0.4814818519	0.848681963	0.7523852541
0.5195191291	0.4804808709	0.849500542	0.7516029512
0.5205201101	0.4794798899	0.8503160373	0.7508220285
0.5215210911	0.4784789089	0.8511284555	0.7500424838
0.5225220721	0.4774779279	0.8519378033	0.7492643148
0.5235230531	0.4764769469	0.8527440872	0.7484875193
0.524524034	0.475475966	0.8535473138	0.747712095
0.525525015	0.474474985	0.85434749	0.7469380397
0.526525996	0.473474004	0.8551446222	0.7461653509
0.527526977	0.472473023	0.8559387172	0.7453940265
0.528527958	0.471472042	0.8567297817	0.7446240641
0.5295289389	0.4704710611	0.8575178223	0.7438554615
0.5305299199	0.4694700801	0.8583028458	0.7430882162
0.5315309009	0.4684690991	0.8590848589	0.7423223261
0.5325318819	0.4674681181	0.8598638682	0.7415577887
0.5335328629	0.4664671371	0.8606398807	0.7407946017
0.5345338438	0.4654661562	0.8614129029	0.7400327629
0.5355348248	0.4644651752	0.8621829417	0.7392722698
0.5365358058	0.4634641942	0.8629500038	0.7385131201
0.5375367868	0.4624632132	0.863714096	0.7377553115
0.5385377678	0.4614622322	0.8644752251	0.7369988415
0.5395387487	0.4604612513	0.8652333978	0.736243708
0.5405397297	0.4594602703	0.865988621	0.7354899084
0.5415407107	0.4584592893	0.8667409014	0.7347374404
0.5425416917	0.4574583083	0.8674902459	0.7339863016
0.5435426727	0.4564573273	0.8682366613	0.7332364898
0.5445436537	0.4554563463	0.8689801544	0.7324880023
0.5455446346	0.4544553654	0.8697207321	0.731740837
0.5465456156	0.4534543844	0.8704584011	0.7309949914
0.5475465966	0.4524534034	0.8711931683	0.7302504631
0.5485475776	0.4514524224	0.8719250406	0.7295072497
0.5495485586	0.4504514414	0.8726540248	0.7287653488
0.5505495395	0.4494504605	0.8733801277	0.728024758
0.5515505205	0.4484494795	0.8741033563	0.7272854749
0.5525515015	0.4474484985	0.8748237173	0.7265474972
0.5535524825	0.4464475175	0.8755412177	0.7258108223
0.5545534635	0.4454465365	0.8762558642	0.7250754479
0.5555544444	0.4444455556	0.8769676639	0.7243413715
0.5565554254	0.4434445746	0.8776766235	0.7236085908
0.5575564064	0.4424435936	0.8783827499	0.7228771033
0.5585573874	0.4414426126	0.87908605	0.7221469066
0.5595583684	0.4404416316	0.8797865307	0.7214179983
0.5605593493	0.4394406507	0.8804841989	0.7206903759
0.5615603303	0.4384396697	0.8811790614	0.719964037
0.5625613113	0.4374386887	0.8818711252	0.7192389793
0.5635622923	0.4364377077	0.882560397	0.7185152002
0.5645632733	0.4354367267	0.8832468839	0.7177926973
0.5655642543	0.4344357457	0.8839305926	0.7170714682
0.5665652352	0.4334347648	0.8846115302	0.7163515104
0.5675662162	0.4324337838	0.8852897034	0.7156328216
0.5685671972	0.4314328028	0.8859651191	0.7149153992
0.5695681782	0.4304318218	0.8866377843	0.7141992409
0.5705691592	0.4294308408	0.8873077058	0.7134843442
0.5715701401	0.4284298599	0.8879748904	0.7127707067
0.5725711211	0.4274288789	0.8886393452	0.7120583259
0.5735721021	0.4264278979	0.889301077	0.7113471994
0.5745730831	0.4254269169	0.8899600926	0.7106373247
0.5755740641	0.4244259359	0.8906163989	0.7099286994
0.576575045	0.423424955	0.8912700028	0.709221321
0.577576026	0.422423974	0.8919209112	0.7085151872
0.578577007	0.421422993	0.8925691309	0.7078102954
0.579577988	0.420422012	0.8932146689	0.7071066432
0.580578969	0.419421031	0.893857532	0.7064042283
0.5815799499	0.4184200501	0.894497727	0.7057030481
0.5825809309	0.4174190691	0.8951352608	0.7050031001
0.5835819119	0.4164180881	0.8957701403	0.704304382
0.5845828929	0.4154171071	0.8964023723	0.7036068914
0.5855838739	0.4144161261	0.8970319637	0.7029106257
0.5865848549	0.4134151451	0.8976589213	0.7022155825
0.5875858358	0.4124141642	0.898283252	0.7015217594
0.5885868168	0.4114131832	0.8989049626	0.700829154
0.5895877978	0.4104122022	0.89952406	0.7001377638
0.5905887788	0.4094112212	0.9001405509	0.6994475863
0.5915897598	0.4084102402	0.9007544422	0.6987586192
0.5925907407	0.4074092593	0.9013657407	0.69807086
0.5935917217	0.4064082783	0.9019744532	0.6973843062
0.5945927027	0.4054072973	0.9025805866	0.6966989555
0.5955936837	0.4044063163	0.9031841477	0.6960148053
0.5965946647	0.4034053353	0.9037851432	0.6953318534
0.5975956456	0.4024043544	0.9043835799	0.6946500971
0.5985966266	0.4014033734	0.9049794647	0.6939695342
0.5995976076	0.4004023924	0.9055728043	0.6932901621
0.6005985886	0.3994014114	0.9061636055	0.6926119784
0.6015995696	0.3984004304	0.906751875	0.6919349808
0.6026005506	0.3973994494	0.9073376197	0.6912591668
0.6036015315	0.3963984685	0.9079208463	0.690584534
0.6046025125	0.3953974875	0.9085015615	0.6899110799
0.6056034935	0.3943965065	0.9090797721	0.6892388021
0.6066044745	0.3933955255	0.9096554848	0.6885676983
0.6076054555	0.3923945445	0.9102287064	0.6878977659
0.6086064364	0.3913935636	0.9107994435	0.6872290027
0.6096074174	0.3903925826	0.9113677029	0.6865614061
0.6106083984	0.3893916016	0.9119334914	0.6858949738
0.6116093794	0.3883906206	0.9124968155	0.6852297034
0.6126103604	0.3873896396	0.913057682	0.6845655924
0.6136113413	0.3863886587	0.9136160976	0.6839026385
0.6146123223	0.3853876777	0.914172069	0.6832408392
0.6156133033	0.3843866967	0.9147256029	0.6825801922
0.6166142843	0.3833857157	0.9152767058	0.681920695
0.6176152653	0.3823847347	0.9158253844	0.6812623453
0.6186162462	0.3813837538	0.9163716455	0.6806051407
0.6196172272	0.3803827728	0.9169154956	0.6799490788
0.6206182082	0.3793817918	0.9174569414	0.6792941571
0.6216191892	0.3783808108	0.9179959894	0.6786403734
0.6226201702	0.3773798298	0.9185326464	0.6779877252
0.6236211512	0.3763788488	0.9190669189	0.6773362101
0.6246221321	0.3753778679	0.9195988134	0.6766858258
0.6256231131	0.3743768869	0.9201283367	0.67603657
0.6266240941	0.3733759059	0.9206554952	0.6753884401
0.6276250751	0.3723749249	0.9211802955	0.6747414339
0.6286260561	0.3713739439	0.9217027443	0.6740955491
0.629627037	0.370372963	0.9222228479	0.6734507831
0.630628018	0.369371982	0.922740613	0.6728071337
0.631628999	0.368371001	0.9232560462	0.6721645986
0.63262998	0.36737002	0.9237691538	0.6715231753
0.633630961	0.366369039	0.9242799425	0.6708828615
0.6346319419	0.3653680581	0.9247884188	0.6702436549
0.6356329229	0.3643670771	0.925294589	0.669605553
0.6366339039	0.3633660961	0.9257984598	0.6689685537
0.6376348849	0.3623651151	0.9263000375	0.6683326545
0.6386358659	0.3613641341	0.9267993287	0.6676978531
0.6396368468	0.3603631532	0.9272963398	0.6670641472
0.6406378278	0.3593621722	0.9277910772	0.6664315345
0.6416388088	0.3583611912	0.9282835474	0.6658000125
0.6426397898	0.3573602102	0.9287737567	0.665169579
0.6436407708	0.3563592292	0.9292617116	0.6645402317
0.6446417518	0.3553582482	0.9297474186	0.6639119683
0.6456427327	0.3543572673	0.9302308839	0.6632847864
0.6466437137	0.3533562863	0.9307121139	0.6626586837
0.6476446947	0.3523553053	0.9311911151	0.6620336579
0.6486456757	0.3513543243	0.9316678937	0.6614097068
0.6496466567	0.3503533433	0.9321424562	0.660786828
0.6506476376	0.3493523624	0.9326148088	0.6601650192
0.6516486186	0.3483513814	0.9330849579	0.6595442782
0.6526495996	0.3473504004	0.9335529097	0.6589246026
0.6536505806	0.3463494194	0.9340186707	0.6583059901
0.6546515616	0.3453484384	0.934482247	0.6576884386
0.6556525425	0.3443474575	0.934943645	0.6570719456
0.6566535235	0.3433464765	0.9354028709	0.656456509
0.6576545045	0.3423454955	0.935859931	0.6558421264
0.6586554855	0.3413445145	0.9363148316	0.6552287956
0.6596564665	0.3403435335	0.9367675787	0.6546165143
0.6606574474	0.3393425526	0.9372181788	0.6540052803
0.6616584284	0.3383415716	0.9376666379	0.6533950913
0.6626594094	0.3373405906	0.9381129623	0.652785945
0.6636603904	0.3363396096	0.9385571582	0.6521778392
0.6646613714	0.3353386286	0.9389992317	0.6515707717
0.6656623524	0.3343376476	0.939439189	0.6509647402
0.6666633333	0.3333366667	0.9398770363	0.6503597425
0.6676643143	0.3323356857	0.9403127797	0.6497557763
0.6686652953	0.3313347047	0.9407464253	0.6491528395
0.6696662763	0.3303337237	0.9411779793	0.6485509297
0.6706672573	0.3293327427	0.9416074476	0.6479500448
0.6716682382	0.3283317618	0.9420348366	0.6473501825
0.6726692192	0.3273307808	0.9424601521	0.6467513407
0.6736702002	0.3263297998	0.9428834003	0.6461535171
0.6746711812	0.3253288188	0.9433045873	0.6455567094
0.6756721622	0.3243278378	0.943723719	0.6449609156
0.6766731431	0.3233268569	0.9441408015	0.6443661335
0.6776741241	0.3223258759	0.9445558409	0.6437723607
0.6786751051	0.3213248949	0.9449688431	0.6431795951
0.6796760861	0.3203239139	0.9453798141	0.6425878346
0.6806770671	0.3193229329	0.9457887599	0.641997077
0.681678048	0.318321952	0.9461956865	0.64140732
0.682679029	0.317320971	0.9466005998	0.6408185615
0.68368001	0.31631999	0.9470035059	0.6402307993
0.684680991	0.315319009	0.9474044105	0.6396440314
0.685681972	0.314318028	0.9478033196	0.6390582554
0.686682953	0.313317047	0.9482002392	0.6384734692
0.6876839339	0.3123160661	0.9485951752	0.6378896707
0.6886849149	0.3113150851	0.9489881333	0.6373068578
0.6896858959	0.3103141041	0.9493791195	0.6367250282
0.6906868769	0.3093131231	0.9497681397	0.6361441799
0.6916878579	0.3083121421	0.9501551996	0.6355643107
0.6926888388	0.3073111612	0.9505403052	0.6349854184
0.6936898198	0.3063101802	0.9509234621	0.6344075011
0.6946908008	0.3053091992	0.9513046764	0.6338305564
0.6956917818	0.3043082182	0.9516839536	0.6332545823
0.6966927628	0.3033072372	0.9520612997	0.6326795767
0.6976937437	0.3023062563	0.9524367203	0.6321055374
0.6986947247	0.3013052753	0.9528102213	0.6315324624
0.6996957057	0.3003042943	0.9531818084	0.6309603495
0.7006966867	0.2993033133	0.9535514872	0.6303891967
0.7016976677	0.2983023323	0.9539192636	0.6298190018
0.7026986486	0.2973013514	0.9542851432	0.6292497628
0.7036996296	0.2963003704	0.9546491317	0.6286814776
0.7047006106	0.2952993894	0.9550112348	0.628114144
0.7057015916	0.2942984084	0.9553714582	0.62754776
0.7067025726	0.2932974274	0.9557298075	0.6269823236
0.7077035536	0.2922964464	0.9560862883	0.6264178326
0.7087045345	0.2912954655	0.9564409064	0.625854285
0.7097055155	0.2902944845	0.9567936672	0.6252916787
0.7107064965	0.2892935035	0.9571445763	0.6247300117
0.7117074775	0.2882925225	0.9574936395	0.6241692819
0.7127084585	0.2872915415	0.9578408622	0.6236094872
0.7137094394	0.2862905606	0.9581862501	0.6230506257
0.7147104204	0.2852895796	0.9585298086	0.6224926952
0.7157114014	0.2842885986	0.9588715432	0.6219356937
0.7167123824	0.2832876176	0.9592114597	0.6213796193
0.7177133634	0.2822866366	0.9595495633	0.6208244698
0.7187143443	0.2812856557	0.9598858596	0.6202702433
0.7197153253	0.2802846747	0.9602203542	0.6197169377
0.7207163063	0.2792836937	0.9605530524	0.619164551
0.7217172873	0.2782827127	0.9608839598	0.6186130812
0.7227182683	0.2772817317	0.9612130818	0.6180625263
0.7237192492	0.2762807508	0.9615404237	0.6175128842
0.7247202302	0.2752797698	0.9618659911	0.6169641531
0.7257212112	0.2742787888	0.9621897893	0.6164163308
0.7267221922	0.2732778078	0.9625118238	0.6158694154
0.7277231732	0.2722768268	0.9628320998	0.615323405
0.7287241542	0.2712758458	0.9631506229	0.6147782974
0.7297251351	0.2702748649	0.9634673982	0.6142340908
0.7307261161	0.2692738839	0.9637824312	0.6136907832
0.7317270971	0.2682729029	0.9640957272	0.6131483726
0.7327280781	0.2672719219	0.9644072915	0.6126068571
0.7337290591	0.2662709409	0.9647171294	0.6120662346
0.73473004	0.26526996	0.9650252461	0.6115265032
0.735731021	0.264268979	0.9653316471	0.6109876611
0.736732002	0.263267998	0.9656363374	0.6104497061
0.737732983	0.262267017	0.9659393225	0.6099126364
0.738733964	0.261266036	0.9662406074	0.6093764501
0.7397349449	0.2602650551	0.9665401975	0.6088411451
0.7407359259	0.2592640741	0.9668380979	0.6083067197
0.7417369069	0.2582630931	0.9671343138	0.6077731718
0.7427378879	0.2572621121	0.9674288505	0.6072404995
0.7437388689	0.2562611311	0.967721713	0.6067087009
0.7447398498	0.2552601502	0.9680129066	0.6061777741
0.7457408308	0.2542591692	0.9683024364	0.6056477172
0.7467418118	0.2532581882	0.9685903075	0.6051185283
0.7477427928	0.2522572072	0.968876525	0.6045902054
0.7487437738	0.2512562262	0.9691610941	0.6040627468
0.7497447548	0.2502552452	0.9694440198	0.6035361504
0.7507457357	0.2492542643	0.9697253072	0.6030104144
0.7517467167	0.2482532833	0.9700049614	0.6024855369
0.7527476977	0.2472523023	0.9702829874	0.6019615161
0.7537486787	0.2462513213	0.9705593902	0.60143835
0.7547496597	0.2452503403	0.970834175	0.6009160369
0.7557506406	0.2442493594	0.9711073467	0.6003945747
0.7567516216	0.2432483784	0.9713789103	0.5998739617
0.7577526026	0.2422473974	0.9716488708	0.599354196
0.7587535836	0.2412464164	0.9719172332	0.5988352757
0.7597545646	0.2402454354	0.9721840024	0.5983171991
0.7607555455	0.2392444545	0.9724491833	0.5977999642
0.7617565265	0.2382434735	0.972712781	0.5972835692
0.7627575075	0.2372424925	0.9729748004	0.5967680123
0.7637584885	0.2362415115	0.9732352463	0.5962532916
0.7647594695	0.2352405305	0.9734941236	0.5957394053
0.7657604505	0.2342395495	0.9737514373	0.5952263516
0.7667614314	0.2332385686	0.9740071922	0.5947141287
0.7677624124	0.2322375876	0.9742613932	0.5942027348
0.7687633934	0.2312366066	0.974514045	0.5936921679
0.7697643744	0.2302356256	0.9747651526	0.5931824264
0.7707653554	0.2292346446	0.9750147208	0.5926735085
0.7717663363	0.2282336637	0.9752627544	0.5921654122
0.7727673173	0.2272326827	0.9755092581	0.5916581359
0.7737682983	0.2262317017	0.9757542368	0.5911516777
0.7747692793	0.2252307207	0.9759976952	0.5906460359
0.7757702603	0.2242297397	0.9762396381	0.5901412086
0.7767712412	0.2232287588	0.9764800702	0.5896371942
0.7777722222	0.2222277778	0.9767189962	0.5891339907
0.7787732032	0.2212267968	0.976956421	0.5886315966
0.7797741842	0.2202258158	0.9771923491	0.5881300098
0.7807751652	0.2192248348	0.9774267853	0.5876292289
0.7817761461	0.2182238539	0.9776597342	0.5871292518
0.7827771271	0.2172228729	0.9778912005	0.586630077
0.7837781081	0.2162218919	0.978121189	0.5861317027
0.7847790891	0.2152209109	0.9783497041	0.585634127
0.7857800701	0.2142199299	0.9785767506	0.5851373484
0.7867810511	0.2132189489	0.9788023331	0.5846413649
0.787782032	0.212217968	0.9790264561	0.584146175
0.788783013	0.211216987	0.9792491244	0.5836517768
0.789783994	0.210216006	0.9794703423	0.5831581687
0.790784975	0.209215025	0.9796901146	0.582665349
0.791785956	0.208214044	0.9799084457	0.5821733158
0.7927869369	0.2072130631	0.9801253403	0.5816820676
0.7937879179	0.2062120821	0.9803408028	0.5811916025
0.7947888989	0.2052111011	0.9805548377	0.5807019189
0.7957898799	0.2042101201	0.9807674496	0.5802130151
0.7967908609	0.2032091391	0.980978643	0.5797248894
0.7977918418	0.2022081582	0.9811884223	0.5792375401
0.7987928228	0.2012071772	0.981396792	0.5787509655
0.7997938038	0.2002061962	0.9816037566	0.578265164
0.8007947848	0.1992052152	0.9818093205	0.5777801338
0.8017957658	0.1982042342	0.9820134882	0.5772958732
0.8027967467	0.1972032533	0.982216264	0.5768123807
0.8037977277	0.1962022723	0.9824176523	0.5763296545
0.8047987087	0.1952012913	0.9826176577	0.575847693
0.8057996897	0.1942003103	0.9828162843	0.5753664944
0.8068006707	0.1931993293	0.9830135367	0.5748860573
0.8078016517	0.1921983483	0.9832094192	0.5744063798
0.8088026326	0.1911973674	0.983403936	0.5739274604
0.8098036136	0.1901963864	0.9835970917	0.5734492974
0.8108045946	0.1891954054	0.9837888904	0.5729718891
0.8118055756	0.1881944244	0.9839793365	0.572495234
0.8128065566	0.1871934434	0.9841684342	0.5720193304
0.8138075375	0.1861924625	0.984356188	0.5715441767
0.8148085185	0.1851914815	0.9845426019	0.5710697712
0.8158094995	0.1841905005	0.9847276804	0.5705961124
0.8168104805	0.1831895195	0.9849114277	0.5701231985
0.8178114615	0.1821885385	0.9850938479	0.5696510281
0.8188124424	0.1811875576	0.9852749453	0.5691795995
0.8198134234	0.1801865766	0.9854547242	0.568708911
0.8208144044	0.1791855956	0.9856331887	0.5682389612
0.8218153854	0.1781846146	0.985810343	0.5677697483
0.8228163664	0.1771836336	0.9859861913	0.5673012708
0.8238173473	0.1761826527	0.9861607378	0.5668335272
0.8248183283	0.1751816717	0.9863339866	0.5663665157
0.8258193093	0.1741806907	0.9865059419	0.565900235
0.8268202903	0.1731797097	0.9866766078	0.5654346832
0.8278212713	0.1721787287	0.9868459884	0.564969859
0.8288222523	0.1711777477	0.9870140878	0.5645057607
0.8298232332	0.1701767668	0.9871809101	0.5640423868
0.8308242142	0.1691757858	0.9873464594	0.5635797356
0.8318251952	0.1681748048	0.9875107398	0.5631178057
0.8328261762	0.1671738238	0.9876737553	0.5626565955
0.8338271572	0.1661728428	0.9878355101	0.5621961034
0.8348281381	0.1651718619	0.987996008	0.5617363279
0.8358291191	0.1641708809	0.9881552532	0.5612772675
0.8368301001	0.1631698999	0.9883132496	0.5608189206
0.8378310811	0.1621689189	0.9884700014	0.5603612856
0.8388320621	0.1611679379	0.9886255123	0.5599043611
0.839833043	0.160166957	0.9887797865	0.5594481455
0.840834024	0.159165976	0.988932828	0.5589926372
0.841835005	0.158164995	0.9890846405	0.5585378349
0.842835986	0.157164014	0.9892352282	0.5580837369
0.843836967	0.156163033	0.9893845949	0.5576303417
0.8448379479	0.1551620521	0.9895327446	0.5571776479
0.8458389289	0.1541610711	0.9896796812	0.5567256539
0.8468399099	0.1531600901	0.9898254086	0.5562743582
0.8478408909	0.1521591091	0.9899699306	0.5558237594
0.8488418719	0.1511581281	0.9901132512	0.5553738558
0.8498428529	0.1501571471	0.9902553742	0.5549246462
0.8508438338	0.1491561662	0.9903963034	0.5544761289
0.8518448148	0.1481551852	0.9905360428	0.5540283024
0.8528457958	0.1471542042	0.9906745961	0.5535811654
0.8538467768	0.1461532232	0.9908119672	0.5531347162
0.8548477578	0.1451522422	0.9909481598	0.5526889536
0.8558487387	0.1441512613	0.9910831779	0.5522438759
0.8568497197	0.1431502803	0.9912170251	0.5517994817
0.8578507007	0.1421492993	0.9913497052	0.5513557695
0.8588516817	0.1411483183	0.9914812221	0.550912738
0.8598526627	0.1401473373	0.9916115794	0.5504703856
0.8608536436	0.1391463564	0.9917407809	0.5500287109
0.8618546246	0.1381453754	0.9918688304	0.5495877124
0.8628556056	0.1371443944	0.9919957316	0.5491473888
0.8638565866	0.1361434134	0.9921214881	0.5487077385
0.8648575676	0.1351424324	0.9922461037	0.5482687601
0.8658585485	0.1341414515	0.9923695821	0.5478304522
0.8668595295	0.1331404705	0.992491927	0.5473928134
0.8678605105	0.1321394895	0.9926131419	0.5469558423
0.8688614915	0.1311385085	0.9927332307	0.5465195373
0.8698624725	0.1301375275	0.9928521968	0.5460838972
0.8708634535	0.1291365465	0.9929700441	0.5456489204
0.8718644344	0.1281355656	0.993086776	0.5452146056
0.8728654154	0.1271345846	0.9932023962	0.5447809514
0.8738663964	0.1261336036	0.9933169083	0.5443479564
0.8748673774	0.1251326226	0.9934303159	0.5439156191
0.8758683584	0.1241316416	0.9935426227	0.5434839382
0.8768693393	0.1231306607	0.993653832	0.5430529122
0.8778703203	0.1221296797	0.9937639476	0.5426225399
0.8788713013	0.1211286987	0.993872973	0.5421928197
0.8798722823	0.1201277177	0.9939809117	0.5417637504
0.8808732633	0.1191267367	0.9940877672	0.5413353304
0.8818742442	0.1181257558	0.994193543	0.5409075586
0.8828752252	0.1171247748	0.9942982428	0.5404804334
0.8838762062	0.1161237938	0.9944018699	0.5400539536
0.8848771872	0.1151228128	0.9945044279	0.5396281177
0.8858781682	0.1141218318	0.9946059202	0.5392029243
0.8868791491	0.1131208509	0.9947063504	0.5387783723
0.8878801301	0.1121198699	0.9948057217	0.53835446
0.8888811111	0.1111188889	0.9949040379	0.5379311864
0.8898820921	0.1101179079	0.9950013021	0.5375085498
0.8908830731	0.1091169269	0.995097518	0.5370865491
0.8918840541	0.1081159459	0.9951926888	0.5366651829
0.892885035	0.107114965	0.995286818	0.5362444499
0.893886016	0.106113984	0.9953799091	0.5358243486
0.894886997	0.105113003	0.9954719653	0.5354048778
0.895887978	0.104112022	0.9955629901	0.5349860362
0.896888959	0.103111041	0.9956529868	0.5345678224
0.8978899399	0.1021100601	0.9957419588	0.5341502351
0.8988909209	0.1011090791	0.9958299094	0.533733273
0.8998919019	0.1001080981	0.995916842	0.5333169347
0.9008928829	0.09910711712	0.9960027599	0.532901219
0.9018938639	0.09810613614	0.9960876664	0.5324861246
0.9028948448	0.09710515516	0.9961715648	0.53207165
0.9038958258	0.09610417417	0.9962544585	0.5316577942
0.9048968068	0.09510319319	0.9963363506	0.5312445556
0.9058977878	0.09410221221	0.9964172445	0.5308319331
0.9068987688	0.09310123123	0.9964971435	0.5304199254
0.9078997497	0.09210025025	0.9965760507	0.5300085311
0.9089007307	0.09109926927	0.9966539695	0.529597749
0.9099017117	0.09009828829	0.9967309031	0.5291875778
0.9109026927	0.08909730731	0.9968068548	0.5287780161
0.9119036737	0.08809632633	0.9968818276	0.5283690629
0.9129046547	0.08709534535	0.9969558249	0.5279607166
0.9139056356	0.08609436436	0.9970288498	0.5275529762
0.9149066166	0.08509338338	0.9971009056	0.5271458403
0.9159075976	0.0840924024	0.9971719954	0.5267393077
0.9169085786	0.08309142142	0.9972421224	0.526333377
0.9179095596	0.08209044044	0.9973112897	0.5259280471
0.9189105405	0.08108945946	0.9973795005	0.5255233167
0.9199115215	0.08008847848	0.9974467579	0.5251191845
0.9209125025	0.0790874975	0.9975130651	0.5247156494
0.9219134835	0.07808651652	0.9975784252	0.5243127099
0.9229144645	0.07708553554	0.9976428413	0.523910365
0.9239154454	0.07608455455	0.9977063165	0.5235086133
0.9249164264	0.07508357357	0.997768854	0.5231074536
0.9259174074	0.07408259259	0.9978304567	0.5227068848
0.9269183884	0.07308161161	0.9978911277	0.5223069055
0.9279193694	0.07208063063	0.9979508702	0.5219075145
0.9289203504	0.07107964965	0.9980096872	0.5215087107
0.9299213313	0.07007866867	0.9980675818	0.5211104928
0.9309223123	0.06907768769	0.9981245569	0.5207128595
0.9319232933	0.06807670671	0.9981806156	0.5203158097
0.9329242743	0.06707572573	0.9982357609	0.5199193422
0.9339252553	0.06607474474	0.9982899959	0.5195234557
0.9349262362	0.06507376376	0.9983433235	0.519128149
0.9359272172	0.06407278278	0.9983957468	0.518733421
0.9369281982	0.0630718018	0.9984472686	0.5183392704
0.9379291792	0.06207082082	0.9984978921	0.5179456961
0.9389301602	0.06106983984	0.9985476201	0.5175526968
0.9399311411	0.06006885886	0.9985964557	0.5171602713
0.9409321221	0.05906787788	0.9986444017	0.5167684186
0.9419331031	0.0580668969	0.9986914611	0.5163771373
0.9429340841	0.05706591592	0.9987376368	0.5159864264
0.9439350651	0.05606493493	0.9987829318	0.5155962845
0.944936046	0.05506395395	0.998827349	0.5152067107
0.945937027	0.05406297297	0.9988708912	0.5148177036
0.946938008	0.05306199199	0.9989135614	0.5144292621
0.947938989	0.05206101101	0.9989553624	0.5140413851
0.94893997	0.05106003003	0.9989962972	0.5136540713
0.949940951	0.05005904905	0.9990363686	0.5132673197
0.9509419319	0.04905806807	0.9990755794	0.5128811291
0.9519429129	0.04805708709	0.9991139326	0.5124954982
0.9529438939	0.04705610611	0.9991514308	0.512110426
0.9539448749	0.04605512513	0.9991880771	0.5117259114
0.9549458559	0.04505414414	0.9992238742	0.5113419531
0.9559468368	0.04405316316	0.9992588249	0.51095855
0.9569478178	0.04305218218	0.999292932	0.510575701
0.9579487988	0.0420512012	0.9993261984	0.5101934049
0.9589497798	0.04105022022	0.9993586268	0.5098116607
0.9599507608	0.04004923924	0.99939022	0.5094304671
0.9609517417	0.03904825826	0.9994209808	0.509049823
0.9619527227	0.03804727728	0.9994509119	0.5086697274
0.9629537037	0.0370462963	0.9994800161	0.5082901791
0.9639546847	0.03604531532	0.9995082962	0.507911177
0.9649556657	0.03504433433	0.9995357548	0.5075327199
0.9659566466	0.03404335335	0.9995623948	0.5071548068
0.9669576276	0.03304237237	0.9995882188	0.5067774365
0.9679586086	0.03204139139	0.9996132296	0.5064006079
0.9689595896	0.03104041041	0.9996374298	0.50602432
0.9699605706	0.03003942943	0.9996608222	0.5056485716
0.9709615516	0.02903844845	0.9996834095	0.5052733615
0.9719625325	0.02803746747	0.9997051943	0.5048986888
0.9729635135	0.02703648649	0.9997261793	0.5045245523
0.9739644945	0.02603550551	0.9997463671	0.504150951
0.9749654755	0.02503452452	0.9997657605	0.5037778836
0.9759664565	0.02403354354	0.9997843621	0.5034053493
0.9769674374	0.02303256256	0.9998021745	0.5030333467
0.9779684184	0.02203158158	0.9998192003	0.502661875
0.9789693994	0.0210306006	0.9998354422	0.502290933
0.9799703804	0.02002961962	0.9998509028	0.5019205196
0.9809713614	0.01902863864	0.9998655848	0.5015506337
0.9819723423	0.01802765766	0.9998794906	0.5011812743
0.9829733233	0.01702667668	0.9998926229	0.5008124404
0.9839743043	0.0160256957	0.9999049843	0.5004441308
0.9849752853	0.01502471471	0.9999165773	0.5000763444
0.9859762663	0.01402373373	0.9999274046	0.4997090803
0.9869772472	0.01302275275	0.9999374687	0.4993423374
0.9879782282	0.01202177177	0.9999467721	0.4989761145
0.9889792092	0.01102079079	0.9999553173	0.4986104108
0.9899801902	0.01001980981	0.999963107	0.498245225
0.9909811712	0.009018828829	0.9999701437	0.4978805562
0.9919821522	0.008017847848	0.9999764298	0.4975164033
0.9929831331	0.007016866867	0.999981968	0.4971527653
0.9939841141	0.006015885886	0.9999867606	0.4967896411
0.9949850951	0.005014904905	0.9999908102	0.4964270297
0.9959860761	0.004013923924	0.9999941192	0.4960649301
0.9969870571	0.003012942943	0.9999966903	0.4957033411
0.997988038	0.002011961962	0.9999985258	0.4953422619
0.998989019	0.001010980981	0.9999996282	0.4949816914
0.99999	1e-05	1	0.4946216285
