1e-05	0.99999	3.513298264	1.000000006
0.001010980981	0.998989019	3.107758984	1.000062186
0.002011961962	0.997988038	2.764410272	1.00023899
0.003012942943	0.9969870571	2.472058498	1.000520213
0.004013923924	0.9959860761	2.22178233	1.000896427
0.005014904905	0.9949850951	2.006425109	1.001358919
0.006015885886	0.9939841141	1.820210011	1.001899626
0.007016866867	0.9929831331	1.658446216	1.002511084
0.008017847848	0.9919821522	1.517303024	1.003186378
0.009018828829	0.9909811712	1.393635053	1.003919097
0.01001980981	0.9899801902	1.284846119	1.004703292
0.01102079079	0.9889792092	1.188782596	1.005533446
0.01202177177	0.9879782282	1.103649377	1.006404432
0.01302275275	0.9869772472	1.027943281	1.007311491
0.01402373373	0.9859762663	0.9603999992	1.008250197
0.01502471471	0.9849752853	0.8999516056	1.009216439
0.0160256957	0.9839743043	0.8456923597	1.010206394
0.01702667668	0.9829733233	0.7968510515	1.011216505
0.01802765766	0.9819723423	0.7527685322	1.012243464
0.01902863864	0.9809713614	0.7128793771	1.013284195
0.02002961962	0.9799703804	0.6766968562	1.014335836
0.0210306006	0.9789693994	0.6438005641	1.015395725
0.02203158158	0.9779684184	0.6138261987	1.016461384
0.02303256256	0.9769674374	0.5864570815	1.01753051
0.02403354354	0.9759664565	0.5614170971	1.018600961
0.02503452452	0.9749654755	0.5384647928	1.019670746
0.02603550551	0.9739644945	0.5173884305	1.020738014
0.02703648649	0.9729635135	0.4980018227	1.021801046
0.02803746747	0.9719625325	0.480140818	1.022858246
0.02903844845	0.9709615516	0.4636603231	1.023908132
0.03003942943	0.9699605706	0.4484317747	1.02494933
0.03104041041	0.9689595896	0.4343409839	1.025980566
0.03204139139	0.9679586086	0.4212862951	1.027000662
0.03304237237	0.9669576276	0.4091770081	1.028008526
0.03404335335	0.9659566466	0.3979320219	1.029003151
0.03504433433	0.9649556657	0.3874786669	1.029983605
0.03604531532	0.9639546847	0.3777516954	1.030949032
0.0370462963	0.9629537037	0.3686924089	1.031898641
0.03804727728	0.9619527227	0.3602478989	1.032831708
0.03904825826	0.9609517417	0.3523703876	1.033747566
0.04004923924	0.9599507608	0.3450166526	1.034645608
0.04105022022	0.9589497798	0.3381475239	1.035525277
0.0420512012	0.9579487988	0.331727444	1.036386068
0.04305218218	0.9569478178	0.3257240809	1.037227521
0.04405316316	0.9559468368	0.3201079888	1.038049221
0.04505414414	0.9549458559	0.3148523081	1.038850795
0.04605512513	0.9539448749	0.3099325013	1.039631908
0.04705610611	0.9529438939	0.3053261189	1.04039226
0.04805708709	0.9519429129	0.3010125924	1.041131588
0.04905806807	0.9509419319	0.29697305	1.04184966
0.05005904905	0.949940951	0.2931901531	1.042546273
0.05106003003	0.94893997	0.2896479504	1.043221256
0.05206101101	0.947938989	0.2863317479	1.04387446
0.05306199199	0.946938008	0.2832279929	1.044505765
0.05406297297	0.945937027	0.2803241694	1.045115072
0.05506395395	0.944936046	0.2776087052	1.045702307
0.05606493493	0.9439350651	0.2750708881	1.046267413
0.05706591592	0.9429340841	0.2727007904	1.046810356
0.0580668969	0.9419331031	0.2704892012	1.047331117
0.05906787788	0.9409321221	0.2684275652	1.047829698
0.06006885886	0.9399311411	0.2665079277	1.048306114
0.06106983984	0.9389301602	0.2647228843	1.048760397
0.06207082082	0.9379291792	0.2630655358	1.04919259
0.0630718018	0.9369281982	0.2615294477	1.049602754
0.06407278278	0.9359272172	0.2601086121	1.049990958
0.06507376376	0.9349262362	0.258797415	1.050357285
0.06607474474	0.9339252553	0.2575906046	1.050701829
0.06707572573	0.9329242743	0.2564832639	1.051024692
0.06807670671	0.9319232933	0.255470785	1.051325986
0.06907768769	0.9309223123	0.2545488456	1.051605834
0.07007866867	0.9299213313	0.2537133881	1.051864365
0.07107964965	0.9289203504	0.2529605999	1.052101716
0.07208063063	0.9279193694	0.2522868954	1.05231803
0.07308161161	0.9269183884	0.2516888999	1.052513459
0.07408259259	0.9259174074	0.2511634345	1.052688159
0.07508357357	0.9249164264	0.2507075024	1.052842292
0.07608455455	0.9239154454	0.250318276	1.052976026
0.07708553554	0.9229144645	0.2499930856	1.053089531
0.07808651652	0.9219134835	0.2497294082	1.053182986
0.0790874975	0.9209125025	0.2495248581	1.05325657
0.08008847848	0.9199115215	0.2493771773	1.053310467
0.08108945946	0.9189105405	0.2492842274	1.053344864
0.08209044044	0.9179095596	0.2492439817	1.053359951
0.08309142142	0.9169085786	0.2492545179	1.053355922
0.0840924024	0.9159075976	0.2493140115	1.053332971
0.08509338338	0.9149066166	0.2494207297	1.053291295
0.08609436436	0.9139056356	0.2495730254	1.053231095
0.08709534535	0.9129046547	0.2497693322	1.053152571
0.08809632633	0.9119036737	0.2500081592	1.053055925
0.08909730731	0.9109026927	0.2502880866	1.052941361
0.09009828829	0.9099017117	0.2506077612	1.052809083
0.09109926927	0.9089007307	0.2509658927	1.052659298
0.09210025025	0.9078997497	0.2513612499	1.05249221
0.09310123123	0.9068987688	0.2517926569	1.052308028
0.09410221221	0.9058977878	0.2522589906	1.052106957
0.09510319319	0.9048968068	0.252759177	1.051889205
0.09610417417	0.9038958258	0.2532921889	1.051654979
0.09710515516	0.9028948448	0.2538570428	1.051404486
0.09810613614	0.9018938639	0.2544527969	1.051137934
0.09910711712	0.9008928829	0.2550785487	1.050855528
0.1001080981	0.8998919019	0.2557334326	1.050557476
0.1011090791	0.8988909209	0.2564166182	1.050243982
0.1021100601	0.8978899399	0.2571273083	1.049915253
0.103111041	0.896888959	0.257864737	1.049571491
0.104112022	0.895887978	0.2586281684	1.049212901
0.105113003	0.894886997	0.2594168946	1.048839686
0.106113984	0.893886016	0.2602302346	1.048452046
0.107114965	0.892885035	0.2610675328	1.048050184
0.1081159459	0.8918840541	0.2619281577	1.047634299
0.1091169269	0.8908830731	0.2628115006	1.047204588
0.1101179079	0.8898820921	0.2637169746	1.04676125
0.1111188889	0.8888811111	0.2646440136	1.04630448
0.1121198699	0.8878801301	0.265592071	1.045834473
0.1131208509	0.8868791491	0.2665606191	1.045351423
0.1141218318	0.8858781682	0.2675491478	1.044855522
0.1151228128	0.8848771872	0.2685571641	1.04434696
0.1161237938	0.8838762062	0.2695841913	1.043825925
0.1171247748	0.8828752252	0.2706297678	1.043292607
0.1181257558	0.8818742442	0.2716934469	1.042747191
0.1191267367	0.8808732633	0.272774796	1.042189861
0.1201277177	0.8798722823	0.2738733958	1.041620801
0.1211286987	0.8788713013	0.2749888397	1.041040192
0.1221296797	0.8778703203	0.2761207335	1.040448213
0.1231306607	0.8768693393	0.2772686945	1.039845043
0.1241316416	0.8758683584	0.2784323514	1.039230858
0.1251326226	0.8748673774	0.2796113433	1.038605833
0.1261336036	0.8738663964	0.2808053197	1.037970141
0.1271345846	0.8728654154	0.28201394	1.037323954
0.1281355656	0.8718644344	0.2832368727	1.036667441
0.1291365465	0.8708634535	0.2844737955	1.036000769
0.1301375275	0.8698624725	0.2857243946	1.035324107
0.1311385085	0.8688614915	0.2869883646	1.034637617
0.1321394895	0.8678605105	0.2882654079	1.033941463
0.1331404705	0.8668595295	0.2895552346	1.033235805
0.1341414515	0.8658585485	0.2908575621	1.032520804
0.1351424324	0.8648575676	0.2921721148	1.031796617
0.1361434134	0.8638565866	0.2934986239	1.031063399
0.1371443944	0.8628556056	0.2948368269	1.030321306
0.1381453754	0.8618546246	0.2961864679	1.029570489
0.1391463564	0.8608536436	0.2975472967	1.028811098
0.1401473373	0.8598526627	0.298919069	1.028043284
0.1411483183	0.8588516817	0.3003015461	1.027267194
0.1421492993	0.8578507007	0.3016944947	1.026482972
0.1431502803	0.8568497197	0.3030976865	1.025690763
0.1441512613	0.8558487387	0.3045108985	1.024890709
0.1451522422	0.8548477578	0.3059339121	1.02408295
0.1461532232	0.8538467768	0.3073665137	1.023267626
0.1471542042	0.8528457958	0.3088084942	1.022444874
0.1481551852	0.8518448148	0.3102596484	1.021614828
0.1491561662	0.8508438338	0.3117197759	1.020777623
0.1501571471	0.8498428529	0.3131886798	1.019933392
0.1511581281	0.8488418719	0.3146661676	1.019082263
0.1521591091	0.8478408909	0.3161520501	1.018224368
0.1531600901	0.8468399099	0.3176461422	1.017359832
0.1541610711	0.8458389289	0.319148262	1.016488782
0.1551620521	0.8448379479	0.3206582314	1.015611342
0.156163033	0.843836967	0.3221758753	1.014727634
0.157164014	0.842835986	0.3237010219	1.013837779
0.158164995	0.841835005	0.3252335028	1.012941897
0.159165976	0.840834024	0.3267731523	1.012040107
0.160166957	0.839833043	0.3283198079	1.011132523
0.1611679379	0.8388320621	0.3298733097	1.010219261
0.1621689189	0.8378310811	0.3314335008	1.009300435
0.1631698999	0.8368301001	0.333000227	1.008376157
0.1641708809	0.8358291191	0.3345733366	1.007446536
0.1651718619	0.8348281381	0.3361526805	1.006511683
0.1661728428	0.8338271572	0.3377381122	1.005571704
0.1671738238	0.8328261762	0.3393294874	1.004626705
0.1681748048	0.8318251952	0.3409266643	1.003676792
0.1691757858	0.8308242142	0.3425295034	1.002722067
0.1701767668	0.8298232332	0.3441378674	1.001762633
0.1711777477	0.8288222523	0.3457516212	1.00079859
0.1721787287	0.8278212713	0.3473706318	0.9998300379
0.1731797097	0.8268202903	0.3489947681	0.9988570735
0.1741806907	0.8258193093	0.3506239014	0.9978797939
0.1751816717	0.8248183283	0.3522579047	0.9968982941
0.1761826527	0.8238173473	0.3538966529	0.9959126681
0.1771836336	0.8228163664	0.3555400229	0.9949230086
0.1781846146	0.8218153854	0.3571878933	0.9939294068
0.1791855956	0.8208144044	0.3588401448	0.9929319528
0.1801865766	0.8198134234	0.3604966594	0.9919307355
0.1811875576	0.8188124424	0.3621573212	0.9909258424
0.1821885385	0.8178114615	0.3638220157	0.9899173599
0.1831895195	0.8168104805	0.3654906303	0.9889053733
0.1841905005	0.8158094995	0.3671630537	0.9878899664
0.1851914815	0.8148085185	0.3688391765	0.9868712221
0.1861924625	0.8138075375	0.3705188906	0.985849222
0.1871934434	0.8128065566	0.3722020895	0.9848240467
0.1881944244	0.8118055756	0.3738886681	0.9837957754
0.1891954054	0.8108045946	0.3755785229	0.9827644864
0.1901963864	0.8098036136	0.3772715517	0.9817302568
0.1911973674	0.8088026326	0.3789676537	0.9806931626
0.1921983483	0.8078016517	0.3806667295	0.9796532787
0.1931993293	0.8068006707	0.382368681	0.9786106791
0.1942003103	0.8057996897	0.3840734115	0.9775654366
0.1952012913	0.8047987087	0.3857808255	0.9765176228
0.1962022723	0.8037977277	0.3874908288	0.9754673085
0.1972032533	0.8027967467	0.3892033285	0.9744145634
0.1982042342	0.8017957658	0.3909182328	0.9733594563
0.1992052152	0.8007947848	0.3926354512	0.9723020547
0.2002061962	0.7997938038	0.3943548945	0.9712424256
0.2012071772	0.7987928228	0.3960764743	0.9701806345
0.2022081582	0.7977918418	0.3978001038	0.9691167463
0.2032091391	0.7967908609	0.3995256969	0.9680508249
0.2042101201	0.7957898799	0.4012531688	0.9669829332
0.2052111011	0.7947888989	0.402982436	0.9659131331
0.2062120821	0.7937879179	0.4047134157	0.9648414857
0.2072130631	0.7927869369	0.4064460263	0.9637680512
0.208214044	0.791785956	0.4081801874	0.962692889
0.209215025	0.790784975	0.4099158193	0.9616160574
0.210216006	0.789783994	0.4116528436	0.9605376139
0.211216987	0.788783013	0.4133911828	0.9594576154
0.212217968	0.787782032	0.4151307604	0.9583761176
0.2132189489	0.7867810511	0.4168715006	0.9572931755
0.2142199299	0.7857800701	0.4186133291	0.9562088434
0.2152209109	0.7847790891	0.4203561719	0.9551231747
0.2162218919	0.7837781081	0.4220999565	0.954036222
0.2172228729	0.7827771271	0.4238446109	0.952948037
0.2182238539	0.7817761461	0.4255900642	0.9518586708
0.2192248348	0.7807751652	0.4273362464	0.9507681736
0.2202258158	0.7797741842	0.4290830882	0.949676595
0.2212267968	0.7787732032	0.4308305214	0.9485839837
0.2222277778	0.7777722222	0.4325784784	0.9474903877
0.2232287588	0.7767712412	0.4343268927	0.9463958543
0.2242297397	0.7757702603	0.4360756984	0.9453004301
0.2252307207	0.7747692793	0.4378248306	0.9442041608
0.2262317017	0.7737682983	0.4395742251	0.9431070917
0.2272326827	0.7727673173	0.4413238185	0.9420092673
0.2282336637	0.7717663363	0.4430735483	0.9409107312
0.2292346446	0.7707653554	0.4448233526	0.9398115267
0.2302356256	0.7697643744	0.4465731705	0.9387116961
0.2312366066	0.7687633934	0.4483229417	0.9376112813
0.2322375876	0.7677624124	0.4500726066	0.9365103234
0.2332385686	0.7667614314	0.4518221065	0.9354088629
0.2342395495	0.7657604505	0.4535713834	0.9343069397
0.2352405305	0.7647594695	0.4553203799	0.9332045931
0.2362415115	0.7637584885	0.4570690394	0.9321018617
0.2372424925	0.7627575075	0.4588173061	0.9309987835
0.2382434735	0.7617565265	0.4605651248	0.929895396
0.2392444545	0.7607555455	0.462312441	0.928791736
0.2402454354	0.7597545646	0.4640592009	0.92768784
0.2412464164	0.7587535836	0.4658053514	0.9265837435
0.2422473974	0.7577526026	0.46755084	0.9254794817
0.2432483784	0.7567516216	0.4692956149	0.9243750892
0.2442493594	0.7557506406	0.471039625	0.9232706001
0.2452503403	0.7547496597	0.4727828198	0.9221660479
0.2462513213	0.7537486787	0.4745251494	0.9210614655
0.2472523023	0.7527476977	0.4762665647	0.9199568854
0.2482532833	0.7517467167	0.478007017	0.9188523396
0.2492542643	0.7507457357	0.4797464584	0.9177478594
0.2502552452	0.7497447548	0.4814848415	0.9166434757
0.2512562262	0.7487437738	0.4832221197	0.9155392191
0.2522572072	0.7477427928	0.4849582466	0.9144351194
0.2532581882	0.7467418118	0.4866931769	0.913331206
0.2542591692	0.7457408308	0.4884268655	0.912227508
0.2552601502	0.7447398498	0.490159268	0.9111240538
0.2562611311	0.7437388689	0.4918903407	0.9100208715
0.2572621121	0.7427378879	0.4936200403	0.9089179886
0.2582630931	0.7417369069	0.4953483242	0.9078154323
0.2592640741	0.7407359259	0.4970751502	0.9067132292
0.2602650551	0.7397349449	0.4988004768	0.9056114056
0.261266036	0.738733964	0.500524263	0.9045099873
0.262267017	0.737732983	0.5022464683	0.9034089998
0.263267998	0.736732002	0.5039670528	0.9023084678
0.264268979	0.735731021	0.505685977	0.9012084161
0.26526996	0.73473004	0.5074032022	0.9001088687
0.2662709409	0.7337290591	0.5091186899	0.8990098493
0.2672719219	0.7327280781	0.5108324024	0.8979113814
0.2682729029	0.7317270971	0.5125443022	0.8968134879
0.2692738839	0.7307261161	0.5142543526	0.8957161913
0.2702748649	0.7297251351	0.5159625172	0.8946195138
0.2712758458	0.7287241542	0.5176687601	0.8935234772
0.2722768268	0.7277231732	0.5193730462	0.8924281029
0.2732778078	0.7267221922	0.5210753404	0.8913334121
0.2742787888	0.7257212112	0.5227756084	0.8902394254
0.2752797698	0.7247202302	0.5244738164	0.8891461631
0.2762807508	0.7237192492	0.5261699308	0.8880536454
0.2772817317	0.7227182683	0.5278639187	0.8869618918
0.2782827127	0.7217172873	0.5295557476	0.8858709216
0.2792836937	0.7207163063	0.5312453854	0.8847807539
0.2802846747	0.7197153253	0.5329328006	0.8836914073
0.2812856557	0.7187143443	0.5346179619	0.8826029002
0.2822866366	0.7177133634	0.5363008388	0.8815152504
0.2832876176	0.7167123824	0.5379814008	0.8804284758
0.2842885986	0.7157114014	0.5396596182	0.8793425937
0.2852895796	0.7147104204	0.5413354616	0.8782576211
0.2862905606	0.7137094394	0.5430089019	0.8771735749
0.2872915415	0.7127084585	0.5446799107	0.8760904714
0.2882925225	0.7117074775	0.5463484597	0.875008327
0.2892935035	0.7107064965	0.5480145213	0.8739271573
0.2902944845	0.7097055155	0.5496780681	0.8728469782
0.2912954655	0.7087045345	0.5513390732	0.8717678047
0.2922964464	0.7077035536	0.55299751	0.8706896521
0.2932974274	0.7067025726	0.5546533526	0.8696125349
0.2942984084	0.7057015916	0.5563065751	0.8685364678
0.2952993894	0.7047006106	0.5579571522	0.867461465
0.2963003704	0.7036996296	0.559605059	0.8663875403
0.2973013514	0.7026986486	0.5612502709	0.8653147076
0.2983023323	0.7016976677	0.5628927636	0.8642429801
0.2993033133	0.7006966867	0.5645325135	0.8631723712
0.3003042943	0.6996957057	0.566169497	0.8621028938
0.3013052753	0.6986947247	0.5678036911	0.8610345605
0.3023062563	0.6976937437	0.569435073	0.8599673839
0.3033072372	0.6966927628	0.5710636203	0.858901376
0.3043082182	0.6956917818	0.5726893112	0.857836549
0.3053091992	0.6946908008	0.5743121239	0.8567729146
0.3063101802	0.6936898198	0.5759320372	0.8557104842
0.3073111612	0.6926888388	0.57754903	0.8546492692
0.3083121421	0.6916878579	0.5791630818	0.8535892807
0.3093131231	0.6906868769	0.5807741723	0.8525305295
0.3103141041	0.6896858959	0.5823822816	0.8514730263
0.3113150851	0.6886849149	0.58398739	0.8504167814
0.3123160661	0.6876839339	0.5855894782	0.8493618052
0.313317047	0.686682953	0.5871885274	0.8483081076
0.314318028	0.685681972	0.5887845189	0.8472556985
0.315319009	0.684680991	0.5903774343	0.8462045874
0.31631999	0.68368001	0.5919672558	0.8451547838
0.317320971	0.682679029	0.5935539655	0.8441062969
0.318321952	0.681678048	0.5951375461	0.8430591358
0.3193229329	0.6806770671	0.5967179806	0.8420133092
0.3203239139	0.6796760861	0.5982952521	0.8409688258
0.3213248949	0.6786751051	0.5998693443	0.8399256942
0.3223258759	0.6776741241	0.6014402409	0.8388839225
0.3233268569	0.6766731431	0.6030079261	0.8378435189
0.3243278378	0.6756721622	0.6045723842	0.8368044914
0.3253288188	0.6746711812	0.6061336001	0.8357668477
0.3263297998	0.6736702002	0.6076915585	0.8347305955
0.3273307808	0.6726692192	0.609246245	0.833695742
0.3283317618	0.6716682382	0.6107976449	0.8326622946
0.3293327427	0.6706672573	0.6123457441	0.8316302605
0.3303337237	0.6696662763	0.6138905287	0.8305996465
0.3313347047	0.6686652953	0.6154319851	0.8295704594
0.3323356857	0.6676643143	0.6169700999	0.8285427058
0.3333366667	0.6666633333	0.61850486	0.8275163922
0.3343376476	0.6656623524	0.6200362526	0.826491525
0.3353386286	0.6646613714	0.6215642651	0.8254681102
0.3363396096	0.6636603904	0.6230888851	0.824446154
0.3373405906	0.6626594094	0.6246101007	0.8234256621
0.3383415716	0.6616584284	0.6261279	0.8224066404
0.3393425526	0.6606574474	0.6276422713	0.8213890944
0.3403435335	0.6596564665	0.6291532035	0.8203730296
0.3413445145	0.6586554855	0.6306606855	0.8193584512
0.3423454955	0.6576545045	0.6321647063	0.8183453645
0.3433464765	0.6566535235	0.6336652554	0.8173337746
0.3443474575	0.6556525425	0.6351623225	0.8163236863
0.3453484384	0.6546515616	0.6366558974	0.8153151044
0.3463494194	0.6536505806	0.6381459702	0.8143080336
0.3473504004	0.6526495996	0.6396325312	0.8133024785
0.3483513814	0.6516486186	0.6411155711	0.8122984434
0.3493523624	0.6506476376	0.6425950806	0.8112959326
0.3503533433	0.6496466567	0.6440710507	0.8102949504
0.3513543243	0.6486456757	0.6455434726	0.8092955008
0.3523553053	0.6476446947	0.6470123377	0.8082975876
0.3533562863	0.6466437137	0.6484776378	0.8073012148
0.3543572673	0.6456427327	0.6499393647	0.8063063861
0.3553582482	0.6446417518	0.6513975105	0.805313105
0.3563592292	0.6436407708	0.6528520674	0.804321375
0.3573602102	0.6426397898	0.6543030279	0.8033311997
0.3583611912	0.6416388088	0.6557503848	0.8023425821
0.3593621722	0.6406378278	0.6571941309	0.8013555255
0.3603631532	0.6396368468	0.6586342594	0.8003700329
0.3613641341	0.6386358659	0.6600707634	0.7993861074
0.3623651151	0.6376348849	0.6615036366	0.7984037519
0.3633660961	0.6366339039	0.6629328725	0.7974229689
0.3643670771	0.6356329229	0.6643584651	0.7964437614
0.3653680581	0.6346319419	0.6657804084	0.7954661317
0.366369039	0.633630961	0.6671986966	0.7944900825
0.36737002	0.63262998	0.6686133241	0.7935156161
0.368371001	0.631628999	0.6700242856	0.7925427348
0.369371982	0.630628018	0.6714315759	0.7915714409
0.370372963	0.629627037	0.6728351899	0.7906017364
0.3713739439	0.6286260561	0.6742351227	0.7896336234
0.3723749249	0.6276250751	0.6756313697	0.7886671038
0.3733759059	0.6266240941	0.6770239263	0.7877021795
0.3743768869	0.6256231131	0.6784127883	0.7867388523
0.3753778679	0.6246221321	0.6797979513	0.7857771239
0.3763788488	0.6236211512	0.6811794115	0.7848169959
0.3773798298	0.6226201702	0.682557165	0.7838584698
0.3783808108	0.6216191892	0.683931208	0.7829015472
0.3793817918	0.6206182082	0.6853015371	0.7819462294
0.3803827728	0.6196172272	0.6866681489	0.7809925177
0.3813837538	0.6186162462	0.6880310402	0.7800404133
0.3823847347	0.6176152653	0.6893902079	0.7790899174
0.3833857157	0.6166142843	0.6907456492	0.7781410311
0.3843866967	0.6156133033	0.6920973613	0.7771937555
0.3853876777	0.6146123223	0.6934453415	0.7762480914
0.3863886587	0.6136113413	0.6947895875	0.7753040397
0.3873896396	0.6126103604	0.6961300969	0.7743616013
0.3883906206	0.6116093794	0.6974668676	0.7734207769
0.3893916016	0.6106083984	0.6987998976	0.7724815671
0.3903925826	0.6096074174	0.7001291849	0.7715439727
0.3913935636	0.6086064364	0.7014547279	0.7706079941
0.3923945445	0.6076054555	0.7027765249	0.7696736317
0.3933955255	0.6066044745	0.7040945746	0.7687408862
0.3943965065	0.6056034935	0.7054088755	0.7678097577
0.3953974875	0.6046025125	0.7067194265	0.7668802467
0.3963984685	0.6036015315	0.7080262264	0.7659523533
0.3973994494	0.6026005506	0.7093292745	0.7650260777
0.3984004304	0.6015995696	0.7106285698	0.7641014202
0.3994014114	0.6005985886	0.7119241118	0.7631783806
0.4004023924	0.5995976076	0.7132158997	0.7622569591
0.4014033734	0.5985966266	0.7145039333	0.7613371557
0.4024043544	0.5975956456	0.7157882122	0.7604189702
0.4034053353	0.5965946647	0.7170687363	0.7595024024
0.4044063163	0.5955936837	0.7183455054	0.7585874523
0.4054072973	0.5945927027	0.7196185196	0.7576741195
0.4064082783	0.5935917217	0.7208877791	0.7567624037
0.4074092593	0.5925907407	0.7221532841	0.7558523046
0.4084102402	0.5915897598	0.7234150352	0.7549438219
0.4094112212	0.5905887788	0.7246730327	0.754036955
0.4104122022	0.5895877978	0.7259272773	0.7531317034
0.4114131832	0.5885868168	0.7271777697	0.7522280668
0.4124141642	0.5875858358	0.7284245108	0.7513260443
0.4134151451	0.5865848549	0.7296675015	0.7504256355
0.4144161261	0.5855838739	0.7309067429	0.7495268396
0.4154171071	0.5845828929	0.7321422361	0.748629656
0.4164180881	0.5835819119	0.7333739824	0.7477340839
0.4174190691	0.5825809309	0.734601983	0.7468401224
0.4184200501	0.5815799499	0.7358262396	0.7459477708
0.419421031	0.580578969	0.7370467537	0.7450570282
0.420422012	0.579577988	0.7382635268	0.7441678935
0.421422993	0.578577007	0.7394765608	0.743280366
0.422423974	0.577576026	0.7406858574	0.7423944445
0.423424955	0.576575045	0.7418914188	0.7415101281
0.4244259359	0.5755740641	0.7430932467	0.7406274157
0.4254269169	0.5745730831	0.7442913435	0.7397463061
0.4264278979	0.5735721021	0.7454857113	0.7388667983
0.4274288789	0.5725711211	0.7466763524	0.7379888909
0.4284298599	0.5715701401	0.7478632692	0.7371125829
0.4294308408	0.5705691592	0.7490464642	0.736237873
0.4304318218	0.5695681782	0.75022594	0.7353647598
0.4314328028	0.5685671972	0.7514016991	0.7344932421
0.4324337838	0.5675662162	0.7525737443	0.7336233184
0.4334347648	0.5665652352	0.7537420785	0.7327549876
0.4344357457	0.5655642543	0.7549067046	0.731888248
0.4354367267	0.5645632733	0.7560676254	0.7310230983
0.4364377077	0.5635622923	0.7572248441	0.730159537
0.4374386887	0.5625613113	0.7583783638	0.7292975626
0.4384396697	0.5615603303	0.7595281877	0.7284371735
0.4394406507	0.5605593493	0.760674319	0.7275783683
0.4404416316	0.5595583684	0.7618167612	0.7267211452
0.4414426126	0.5585573874	0.7629555177	0.7258655027
0.4424435936	0.5575564064	0.764090592	0.7250114392
0.4434445746	0.5565554254	0.7652219876	0.7241589529
0.4444455556	0.5555544444	0.7663497082	0.7233080422
0.4454465365	0.5545534635	0.7674737575	0.7224587054
0.4464475175	0.5535524825	0.7685941393	0.7216109406
0.4474484985	0.5525515015	0.7697108575	0.7207647461
0.4484494795	0.5515505205	0.770823916	0.7199201202
0.4494504605	0.5505495395	0.7719333187	0.719077061
0.4504514414	0.5495485586	0.7730390697	0.7182355666
0.4514524224	0.5485475776	0.7741411731	0.7173956352
0.4524534034	0.5475465966	0.7752396331	0.7165572649
0.4534543844	0.5465456156	0.776334454	0.7157204538
0.4544553654	0.5455446346	0.77742564	0.7148851999
0.4554563463	0.5445436537	0.7785131954	0.7140515013
0.4564573273	0.5435426727	0.7795971248	0.713219356
0.4574583083	0.5425416917	0.7806774326	0.712388762
0.4584592893	0.5415407107	0.7817541233	0.7115597174
0.4594602703	0.5405397297	0.7828272015	0.7107322199
0.4604612513	0.5395387487	0.7838966719	0.7099062677
0.4614622322	0.5385377678	0.7849625392	0.7090818585
0.4624632132	0.5375367868	0.786024808	0.7082589904
0.4634641942	0.5365358058	0.7870834833	0.7074376612
0.4644651752	0.5355348248	0.7881385699	0.7066178688
0.4654661562	0.5345338438	0.7891900727	0.705799611
0.4664671371	0.5335328629	0.7902379967	0.7049828856
0.4674681181	0.5325318819	0.7912823468	0.7041676906
0.4684690991	0.5315309009	0.7923231282	0.7033540236
0.4694700801	0.5305299199	0.793360346	0.7025418825
0.4704710611	0.5295289389	0.7943940053	0.701731265
0.471472042	0.528527958	0.7954241113	0.7009221689
0.472473023	0.527526977	0.7964506693	0.7001145919
0.473474004	0.526525996	0.7974736846	0.6993085317
0.474474985	0.525525015	0.7984931626	0.6985039861
0.475475966	0.524524034	0.7995091085	0.6977009528
0.4764769469	0.5235230531	0.8005215279	0.6968994294
0.4774779279	0.5225220721	0.8015304263	0.6960994136
0.4784789089	0.5215210911	0.802535809	0.695300903
0.4794798899	0.5205201101	0.8035376818	0.6945038953
0.4804808709	0.5195191291	0.8045360501	0.6937083882
0.4814818519	0.5185181481	0.8055309197	0.6929143792
0.4824828328	0.5175171672	0.8065222962	0.6921218659
0.4834838138	0.5165161862	0.8075101854	0.6913308459
0.4844847948	0.5155152052	0.8084945929	0.6905413169
0.4854857758	0.5145142242	0.8094755246	0.6897532763
0.4864867568	0.5135132432	0.8104529862	0.6889667218
0.4874877377	0.5125122623	0.8114269838	0.6881816508
0.4884887187	0.5115112813	0.8123975231	0.687398061
0.4894896997	0.5105103003	0.8133646101	0.6866159498
0.4904906807	0.5095093193	0.8143282507	0.6858353148
0.4914916617	0.5085083383	0.815288451	0.6850561534
0.4924926426	0.5075073574	0.816245217	0.6842784633
0.4934936236	0.5065063764	0.8171985547	0.6835022417
0.4944946046	0.5055053954	0.8181484703	0.6827274863
0.4954955856	0.5045044144	0.8190949698	0.6819541945
0.4964965666	0.5035034334	0.8200380595	0.6811823637
0.4974975475	0.5025024525	0.8209777455	0.6804119915
0.4984985285	0.5015014715	0.8219140341	0.6796430752
0.4994995095	0.5005004905	0.8228469314	0.6788756123
0.5005004905	0.4994995095	0.8237764438	0.6781096002
0.5015014715	0.4984985285	0.8247025775	0.6773450364
0.5025024525	0.4974975475	0.8256253389	0.6765819182
0.5035034334	0.4964965666	0.8265447344	0.6758202431
0.5045044144	0.4954955856	0.8274607702	0.6750600084
0.5055053954	0.4944946046	0.8283734529	0.6743012116
0.5065063764	0.4934936236	0.8292827889	0.6735438501
0.5075073574	0.4924926426	0.8301887845	0.6727879212
0.5085083383	0.4914916617	0.8310914464	0.6720334222
0.5095093193	0.4904906807	0.8319907809	0.6712803507
0.5105103003	0.4894896997	0.8328867946	0.6705287039
0.5115112813	0.4884887187	0.8337794941	0.6697784791
0.5125122623	0.4874877377	0.834668886	0.6690296738
0.5135132432	0.4864867568	0.8355549767	0.6682822853
0.5145142242	0.4854857758	0.836437773	0.6675363109
0.5155152052	0.4844847948	0.8373172814	0.666791748
0.5165161862	0.4834838138	0.8381935087	0.6660485939
0.5175171672	0.4824828328	0.8390664614	0.6653068459
0.5185181481	0.4814818519	0.8399361463	0.6645665014
0.5195191291	0.4804808709	0.8408025701	0.6638275576
0.5205201101	0.4794798899	0.8416657395	0.6630900119
0.5215210911	0.4784789089	0.8425256612	0.6623538616
0.5225220721	0.4774779279	0.8433823421	0.661619104
0.5235230531	0.4764769469	0.8442357889	0.6608857364
0.524524034	0.475475966	0.8450860083	0.6601537562
0.525525015	0.474474985	0.8459330072	0.6594231605
0.526525996	0.473474004	0.8467767925	0.6586939468
0.527526977	0.472473023	0.8476173709	0.6579661122
0.528527958	0.471472042	0.8484547493	0.6572396541
0.5295289389	0.4704710611	0.8492889347	0.6565145698
0.5305299199	0.4694700801	0.8501199337	0.6557908566
0.5315309009	0.4684690991	0.8509477535	0.6550685117
0.5325318819	0.4674681181	0.8517724009	0.6543475324
0.5335328629	0.4664671371	0.8525938827	0.653627916
0.5345338438	0.4654661562	0.853412206	0.6529096598
0.5355348248	0.4644651752	0.8542273777	0.652192761
0.5365358058	0.4634641942	0.8550394047	0.651477217
0.5375367868	0.4624632132	0.8558482941	0.6507630249
0.5385377678	0.4614622322	0.8566540527	0.6500501821
0.5395387487	0.4604612513	0.8574566877	0.6493386858
0.5405397297	0.4594602703	0.8582562059	0.6486285333
0.5415407107	0.4584592893	0.8590526144	0.6479197219
0.5425416917	0.4574583083	0.8598459203	0.6472122488
0.5435426727	0.4564573273	0.8606361305	0.6465061112
0.5445436537	0.4554563463	0.8614232521	0.6458013066
0.5455446346	0.4544553654	0.8622072922	0.645097832
0.5465456156	0.4534543844	0.8629882577	0.6443956848
0.5475465966	0.4524534034	0.8637661559	0.6436948622
0.5485475776	0.4514524224	0.8645409936	0.6429953616
0.5495485586	0.4504514414	0.8653127781	0.6422971801
0.5505495395	0.4494504605	0.8660815163	0.641600315
0.5515505205	0.4484494795	0.8668472155	0.6409047636
0.5525515015	0.4474484985	0.8676098826	0.6402105231
0.5535524825	0.4464475175	0.8683695248	0.6395175908
0.5545534635	0.4454465365	0.8691261492	0.638825964
0.5555544444	0.4444455556	0.869879763	0.6381356399
0.5565554254	0.4434445746	0.8706303731	0.6374466158
0.5575564064	0.4424435936	0.8713779869	0.6367588889
0.5585573874	0.4414426126	0.8721226112	0.6360724566
0.5595583684	0.4404416316	0.8728642535	0.635387316
0.5605593493	0.4394406507	0.8736029206	0.6347034644
0.5615603303	0.4384396697	0.8743386199	0.6340208992
0.5625613113	0.4374386887	0.8750713584	0.6333396175
0.5635622923	0.4364377077	0.8758011433	0.6326596167
0.5645632733	0.4354367267	0.8765279817	0.631980894
0.5655642543	0.4344357457	0.8772518808	0.6313034467
0.5665652352	0.4334347648	0.8779728477	0.630627272
0.5675662162	0.4324337838	0.8786908896	0.6299523673
0.5685671972	0.4314328028	0.8794060137	0.6292787297
0.5695681782	0.4304318218	0.8801182271	0.6286063566
0.5705691592	0.4294308408	0.8808275369	0.6279352453
0.5715701401	0.4284298599	0.8815339504	0.627265393
0.5725711211	0.4274288789	0.8822374747	0.6265967971
0.5735721021	0.4264278979	0.8829381169	0.6259294547
0.5745730831	0.4254269169	0.8836358843	0.6252633632
0.5755740641	0.4244259359	0.8843307839	0.6245985199
0.576575045	0.423424955	0.885022823	0.623934922
0.577576026	0.422423974	0.8857120087	0.6232725669
0.578577007	0.421422993	0.8863983481	0.6226114519
0.579577988	0.420422012	0.8870818485	0.6219515741
0.580578969	0.419421031	0.887762517	0.6212929311
0.5815799499	0.4184200501	0.8884403607	0.6206355199
0.5825809309	0.4174190691	0.8891153869	0.619979338
0.5835819119	0.4164180881	0.8897876026	0.6193243826
0.5845828929	0.4154171071	0.890457015	0.6186706511
0.5855838739	0.4144161261	0.8911236313	0.6180181408
0.5865848549	0.4134151451	0.8917874586	0.6173668489
0.5875858358	0.4124141642	0.8924485041	0.6167167729
0.5885868168	0.4114131832	0.8931067748	0.6160679099
0.5895877978	0.4104122022	0.8937622781	0.6154202574
0.5905887788	0.4094112212	0.8944150209	0.6147738126
0.5915897598	0.4084102402	0.8950650104	0.6141285729
0.5925907407	0.4074092593	0.8957122538	0.6134845357
0.5935917217	0.4064082783	0.8963567582	0.6128416981
0.5945927027	0.4054072973	0.8969985307	0.6122000577
0.5955936837	0.4044063163	0.8976375784	0.6115596117
0.5965946647	0.4034053353	0.8982739084	0.6109203574
0.5975956456	0.4024043544	0.8989075279	0.6102822923
0.5985966266	0.4014033734	0.899538444	0.6096454136
0.5995976076	0.4004023924	0.9001666637	0.6090097188
0.6005985886	0.3994014114	0.9007921942	0.6083752051
0.6015995696	0.3984004304	0.9014150426	0.6077418699
0.6026005506	0.3973994494	0.9020352159	0.6071097107
0.6036015315	0.3963984685	0.9026527212	0.6064787247
0.6046025125	0.3953974875	0.9032675656	0.6058489093
0.6056034935	0.3943965065	0.9038797562	0.6052202619
0.6066044745	0.3933955255	0.9044893	0.6045927799
0.6076054555	0.3923945445	0.9050962041	0.6039664606
0.6086064364	0.3913935636	0.9057004755	0.6033413015
0.6096074174	0.3903925826	0.9063021214	0.6027173
0.6106083984	0.3893916016	0.9069011487	0.6020944533
0.6116093794	0.3883906206	0.9074975644	0.601472759
0.6126103604	0.3873896396	0.9080913757	0.6008522143
0.6136113413	0.3863886587	0.9086825894	0.6002328168
0.6146123223	0.3853876777	0.9092712127	0.5996145639
0.6156133033	0.3843866967	0.9098572526	0.5989974528
0.6166142843	0.3833857157	0.9104407159	0.5983814811
0.6176152653	0.3823847347	0.9110216098	0.5977666462
0.6186162462	0.3813837538	0.9115999413	0.5971529455
0.6196172272	0.3803827728	0.9121757172	0.5965403764
0.6206182082	0.3793817918	0.9127489445	0.5959289363
0.6216191892	0.3783808108	0.9133196303	0.5953186228
0.6226201702	0.3773798298	0.9138877815	0.5947094331
0.6236211512	0.3763788488	0.9144534049	0.5941013648
0.6246221321	0.3753778679	0.9150165077	0.5934944154
0.6256231131	0.3743768869	0.9155770966	0.5928885822
0.6266240941	0.3733759059	0.9161351786	0.5922838627
0.6276250751	0.3723749249	0.9166907606	0.5916802544
0.6286260561	0.3713739439	0.9172438496	0.5910777548
0.629627037	0.370372963	0.9177944524	0.5904763613
0.630628018	0.369371982	0.9183425758	0.5898760713
0.631628999	0.368371001	0.9188882269	0.5892768825
0.63262998	0.36737002	0.9194314124	0.5886787922
0.633630961	0.366369039	0.9199721392	0.5880817979
0.6346319419	0.3653680581	0.9205104141	0.5874858972
0.6356329229	0.3643670771	0.9210462441	0.5868910874
0.6366339039	0.3633660961	0.9215796359	0.5862973662
0.6376348849	0.3623651151	0.9221105963	0.5857047311
0.6386358659	0.3613641341	0.9226391321	0.5851131794
0.6396368468	0.3603631532	0.9231652503	0.5845227088
0.6406378278	0.3593621722	0.9236889574	0.5839333168
0.6416388088	0.3583611912	0.9242102604	0.5833450009
0.6426397898	0.3573602102	0.924729166	0.5827577586
0.6436407708	0.3563592292	0.925245681	0.5821715874
0.6446417518	0.3553582482	0.9257598121	0.5815864849
0.6456427327	0.3543572673	0.926271566	0.5810024487
0.6466437137	0.3533562863	0.9267809495	0.5804194762
0.6476446947	0.3523553053	0.9272879693	0.5798375651
0.6486456757	0.3513543243	0.9277926322	0.5792567128
0.6496466567	0.3503533433	0.9282949447	0.5786769169
0.6506476376	0.3493523624	0.9287949137	0.5780981751
0.6516486186	0.3483513814	0.9292925457	0.5775204848
0.6526495996	0.3473504004	0.9297878475	0.5769438437
0.6536505806	0.3463494194	0.9302808257	0.5763682492
0.6546515616	0.3453484384	0.9307714869	0.5757936991
0.6556525425	0.3443474575	0.9312598378	0.5752201909
0.6566535235	0.3433464765	0.931745885	0.5746477222
0.6576545045	0.3423454955	0.9322296352	0.5740762906
0.6586554855	0.3413445145	0.9327110948	0.5735058936
0.6596564665	0.3403435335	0.9331902706	0.5729365289
0.6606574474	0.3393425526	0.933667169	0.5723681942
0.6616584284	0.3383415716	0.9341417967	0.571800887
0.6626594094	0.3373405906	0.9346141602	0.5712346049
0.6636603904	0.3363396096	0.935084266	0.5706693456
0.6646613714	0.3353386286	0.9355521208	0.5701051066
0.6656623524	0.3343376476	0.9360177309	0.5695418858
0.6666633333	0.3333366667	0.9364811029	0.5689796806
0.6676643143	0.3323356857	0.9369422433	0.5684184887
0.6686652953	0.3313347047	0.9374011587	0.5678583079
0.6696662763	0.3303337237	0.9378578553	0.5672991356
0.6706672573	0.3293327427	0.9383123398	0.5667409697
0.6716682382	0.3283317618	0.9387646186	0.5661838077
0.6726692192	0.3273307808	0.9392146981	0.5656276474
0.6736702002	0.3263297998	0.9396625847	0.5650724863
0.6746711812	0.3253288188	0.9401082849	0.5645183223
0.6756721622	0.3243278378	0.940551805	0.5639651529
0.6766731431	0.3233268569	0.9409931514	0.5634129759
0.6776741241	0.3223258759	0.9414323306	0.562861789
0.6786751051	0.3213248949	0.9418693488	0.5623115899
0.6796760861	0.3203239139	0.9423042124	0.5617623762
0.6806770671	0.3193229329	0.9427369278	0.5612141457
0.681678048	0.318321952	0.9431675013	0.5606668961
0.682679029	0.317320971	0.9435959392	0.5601206251
0.68368001	0.31631999	0.9440222478	0.5595753304
0.684680991	0.315319009	0.9444464334	0.5590310099
0.685681972	0.314318028	0.9448685023	0.5584876611
0.686682953	0.313317047	0.9452884607	0.5579452819
0.6876839339	0.3123160661	0.9457063148	0.55740387
0.6886849149	0.3113150851	0.946122071	0.5568634232
0.6896858959	0.3103141041	0.9465357354	0.5563239391
0.6906868769	0.3093131231	0.9469473143	0.5557854157
0.6916878579	0.3083121421	0.9473568139	0.5552478505
0.6926888388	0.3073111612	0.9477642402	0.5547112415
0.6936898198	0.3063101802	0.9481695996	0.5541755863
0.6946908008	0.3053091992	0.9485728982	0.5536408828
0.6956917818	0.3043082182	0.9489741421	0.5531071288
0.6966927628	0.3033072372	0.9493733375	0.552574322
0.6976937437	0.3023062563	0.9497704904	0.5520424602
0.6986947247	0.3013052753	0.950165607	0.5515115413
0.6996957057	0.3003042943	0.9505586935	0.550981563
0.7006966867	0.2993033133	0.9509497557	0.5504525231
0.7016976677	0.2983023323	0.9513388	0.5499244196
0.7026986486	0.2973013514	0.9517258322	0.5493972501
0.7036996296	0.2963003704	0.9521108584	0.5488710125
0.7047006106	0.2952993894	0.9524938847	0.5483457047
0.7057015916	0.2942984084	0.9528749171	0.5478213245
0.7067025726	0.2932974274	0.9532539616	0.5472978697
0.7077035536	0.2922964464	0.9536310242	0.5467753382
0.7087045345	0.2912954655	0.9540061108	0.5462537278
0.7097055155	0.2902944845	0.9543792275	0.5457330364
0.7107064965	0.2892935035	0.9547503801	0.5452132618
0.7117074775	0.2882925225	0.9551195746	0.5446944019
0.7127084585	0.2872915415	0.955486817	0.5441764546
0.7137094394	0.2862905606	0.9558521131	0.5436594178
0.7147104204	0.2852895796	0.9562154688	0.5431432894
0.7157114014	0.2842885986	0.9565768901	0.5426280671
0.7167123824	0.2832876176	0.9569363827	0.542113749
0.7177133634	0.2822866366	0.9572939526	0.5416003329
0.7187143443	0.2812856557	0.9576496056	0.5410878167
0.7197153253	0.2802846747	0.9580033475	0.5405761983
0.7207163063	0.2792836937	0.9583551842	0.5400654757
0.7217172873	0.2782827127	0.9587051214	0.5395556467
0.7227182683	0.2772817317	0.9590531649	0.5390467093
0.7237192492	0.2762807508	0.9593993206	0.5385386614
0.7247202302	0.2752797698	0.9597435941	0.5380315009
0.7257212112	0.2742787888	0.9600859912	0.5375252258
0.7267221922	0.2732778078	0.9604265177	0.537019834
0.7277231732	0.2722768268	0.9607651793	0.5365153235
0.7287241542	0.2712758458	0.9611019817	0.5360116922
0.7297251351	0.2702748649	0.9614369305	0.535508938
0.7307261161	0.2692738839	0.9617700315	0.535007059
0.7317270971	0.2682729029	0.9621012904	0.534506053
0.7327280781	0.2672719219	0.9624307127	0.5340059182
0.7337290591	0.2662709409	0.9627583042	0.5335066524
0.73473004	0.26526996	0.9630840704	0.5330082536
0.735731021	0.264268979	0.963408017	0.5325107198
0.736732002	0.263267998	0.9637301496	0.532014049
0.737732983	0.262267017	0.9640504737	0.5315182392
0.738733964	0.261266036	0.964368995	0.5310232884
0.7397349449	0.2602650551	0.9646857189	0.5305291946
0.7407359259	0.2592640741	0.9650006511	0.5300359559
0.7417369069	0.2582630931	0.9653137971	0.5295435701
0.7427378879	0.2572621121	0.9656251623	0.5290520354
0.7437388689	0.2562611311	0.9659347524	0.5285613498
0.7447398498	0.2552601502	0.9662425727	0.5280715113
0.7457408308	0.2542591692	0.9665486288	0.527582518
0.7467418118	0.2532581882	0.9668529261	0.5270943678
0.7477427928	0.2522572072	0.9671554701	0.5266070588
0.7487437738	0.2512562262	0.9674562662	0.5261205892
0.7497447548	0.2502552452	0.9677553199	0.5256349568
0.7507457357	0.2492542643	0.9680526365	0.5251501599
0.7517467167	0.2482532833	0.9683482215	0.5246661964
0.7527476977	0.2472523023	0.9686420802	0.5241830645
0.7537486787	0.2462513213	0.968934218	0.5237007621
0.7547496597	0.2452503403	0.9692246402	0.5232192875
0.7557506406	0.2442493594	0.9695133523	0.5227386385
0.7567516216	0.2432483784	0.9698003595	0.5222588135
0.7577526026	0.2422473974	0.9700856671	0.5217798104
0.7587535836	0.2412464164	0.9703692805	0.5213016273
0.7597545646	0.2402454354	0.9706512049	0.5208242624
0.7607555455	0.2392444545	0.9709314456	0.5203477137
0.7617565265	0.2382434735	0.9712100079	0.5198719794
0.7627575075	0.2372424925	0.9714868971	0.5193970576
0.7637584885	0.2362415115	0.9717621183	0.5189229464
0.7647594695	0.2352405305	0.9720356767	0.518449644
0.7657604505	0.2342395495	0.9723075777	0.5179771484
0.7667614314	0.2332385686	0.9725778263	0.5175054578
0.7677624124	0.2322375876	0.9728464278	0.5170345703
0.7687633934	0.2312366066	0.9731133873	0.5165644841
0.7697643744	0.2302356256	0.97337871	0.5160951974
0.7707653554	0.2292346446	0.973642401	0.5156267083
0.7717663363	0.2282336637	0.9739044654	0.5151590149
0.7727673173	0.2272326827	0.9741649084	0.5146921154
0.7737682983	0.2262317017	0.9744237351	0.514226008
0.7747692793	0.2252307207	0.9746809506	0.5137606909
0.7757702603	0.2242297397	0.9749365598	0.5132961622
0.7767712412	0.2232287588	0.9751905679	0.5128324202
0.7777722222	0.2222277778	0.97544298	0.5123694629
0.7787732032	0.2212267968	0.975693801	0.5119072887
0.7797741842	0.2202258158	0.975943036	0.5114458956
0.7807751652	0.2192248348	0.97619069	0.510985282
0.7817761461	0.2182238539	0.976436768	0.510525446
0.7827771271	0.2172228729	0.976681275	0.5100663858
0.7837781081	0.2162218919	0.9769242158	0.5096080996
0.7847790891	0.2152209109	0.9771655956	0.5091505857
0.7857800701	0.2142199299	0.9774054192	0.5086938422
0.7867810511	0.2132189489	0.9776436915	0.5082378675
0.787782032	0.212217968	0.9778804175	0.5077826597
0.788783013	0.211216987	0.9781156021	0.5073282171
0.789783994	0.210216006	0.9783492501	0.5068745379
0.790784975	0.209215025	0.9785813664	0.5064216204
0.791785956	0.208214044	0.978811956	0.5059694628
0.7927869369	0.2072130631	0.9790410235	0.5055180634
0.7937879179	0.2062120821	0.979268574	0.5050674204
0.7947888989	0.2052111011	0.9794946121	0.5046175322
0.7957898799	0.2042101201	0.9797191428	0.5041683969
0.7967908609	0.2032091391	0.9799421707	0.5037200129
0.7977918418	0.2022081582	0.9801637008	0.5032723783
0.7987928228	0.2012071772	0.9803837376	0.5028254917
0.7997938038	0.2002061962	0.9806022861	0.5023793511
0.8007947848	0.1992052152	0.980819351	0.5019339549
0.8017957658	0.1982042342	0.9810349369	0.5014893013
0.8027967467	0.1972032533	0.9812490486	0.5010453888
0.8037977277	0.1962022723	0.9814616909	0.5006022156
0.8047987087	0.1952012913	0.9816728683	0.50015978
0.8057996897	0.1942003103	0.9818825856	0.4997180803
0.8068006707	0.1931993293	0.9820908475	0.4992771148
0.8078016517	0.1921983483	0.9822976585	0.498836882
0.8088026326	0.1911973674	0.9825030234	0.4983973799
0.8098036136	0.1901963864	0.9827069468	0.4979586072
0.8108045946	0.1891954054	0.9829094332	0.4975205619
0.8118055756	0.1881944244	0.9831104873	0.4970832426
0.8128065566	0.1871934434	0.9833101137	0.4966466475
0.8138075375	0.1861924625	0.9835083169	0.4962107751
0.8148085185	0.1851914815	0.9837051016	0.4957756235
0.8158094995	0.1841905005	0.9839004722	0.4953411913
0.8168104805	0.1831895195	0.9840944333	0.4949074767
0.8178114615	0.1821885385	0.9842869894	0.4944744782
0.8188124424	0.1811875576	0.9844781451	0.494042194
0.8198134234	0.1801865766	0.9846679048	0.4936106227
0.8208144044	0.1791855956	0.984856273	0.4931797625
0.8218153854	0.1781846146	0.9850432543	0.4927496118
0.8228163664	0.1771836336	0.985228853	0.4923201691
0.8238173473	0.1761826527	0.9854130736	0.4918914327
0.8248183283	0.1751816717	0.9855959206	0.491463401
0.8258193093	0.1741806907	0.9857773983	0.4910360724
0.8268202903	0.1731797097	0.9859575113	0.4906094454
0.8278212713	0.1721787287	0.9861362638	0.4901835182
0.8288222523	0.1711777477	0.9863136603	0.4897582894
0.8298232332	0.1701767668	0.9864897052	0.4893337574
0.8308242142	0.1691757858	0.9866644027	0.4889099206
0.8318251952	0.1681748048	0.9868377574	0.4884867773
0.8328261762	0.1671738238	0.9870097734	0.4880643261
0.8338271572	0.1661728428	0.9871804552	0.4876425654
0.8348281381	0.1651718619	0.987349807	0.4872214936
0.8358291191	0.1641708809	0.9875178332	0.4868011091
0.8368301001	0.1631698999	0.987684538	0.4863814104
0.8378310811	0.1621689189	0.9878499257	0.485962396
0.8388320621	0.1611679379	0.9880140006	0.4855440643
0.839833043	0.160166957	0.9881767669	0.4851264137
0.840834024	0.159165976	0.9883382288	0.4847094427
0.841835005	0.158164995	0.9884983907	0.4842931499
0.842835986	0.157164014	0.9886572567	0.4838775335
0.843836967	0.156163033	0.988814831	0.4834625923
0.8448379479	0.1551620521	0.9889711178	0.4830483245
0.8458389289	0.1541610711	0.9891261213	0.4826347287
0.8468399099	0.1531600901	0.9892798456	0.4822218034
0.8478408909	0.1521591091	0.989432295	0.481809547
0.8488418719	0.1511581281	0.9895834735	0.4813979582
0.8498428529	0.1501571471	0.9897333853	0.4809870352
0.8508438338	0.1491561662	0.9898820345	0.4805767768
0.8518448148	0.1481551852	0.9900294252	0.4801671813
0.8528457958	0.1471542042	0.9901755615	0.4797582473
0.8538467768	0.1461532232	0.9903204475	0.4793499733
0.8548477578	0.1451522422	0.9904640872	0.4789423578
0.8558487387	0.1441512613	0.9906064848	0.4785353993
0.8568497197	0.1431502803	0.9907476443	0.4781290964
0.8578507007	0.1421492993	0.9908875697	0.4777234476
0.8588516817	0.1411483183	0.991026265	0.4773184514
0.8598526627	0.1401473373	0.9911637343	0.4769141064
0.8608536436	0.1391463564	0.9912999815	0.4765104111
0.8618546246	0.1381453754	0.9914350107	0.476107364
0.8628556056	0.1371443944	0.9915688257	0.4757049637
0.8638565866	0.1361434134	0.9917014307	0.4753032088
0.8648575676	0.1351424324	0.9918328295	0.4749020977
0.8658585485	0.1341414515	0.9919630261	0.4745016292
0.8668595295	0.1331404705	0.9920920244	0.4741018017
0.8678605105	0.1321394895	0.9922198284	0.4737026137
0.8688614915	0.1311385085	0.9923464418	0.473304064
0.8698624725	0.1301375275	0.9924718688	0.472906151
0.8708634535	0.1291365465	0.9925961131	0.4725088733
0.8718644344	0.1281355656	0.9927191785	0.4721122295
0.8728654154	0.1271345846	0.9928410691	0.4717162182
0.8738663964	0.1261336036	0.9929617886	0.4713208381
0.8748673774	0.1251326226	0.9930813408	0.4709260876
0.8758683584	0.1241316416	0.9931997296	0.4705319653
0.8768693393	0.1231306607	0.9933169589	0.47013847
0.8778703203	0.1221296797	0.9934330323	0.4697456001
0.8788713013	0.1211286987	0.9935479538	0.4693533544
0.8798722823	0.1201277177	0.9936617271	0.4689617314
0.8808732633	0.1191267367	0.9937743559	0.4685707296
0.8818742442	0.1181257558	0.9938858441	0.4681803479
0.8828752252	0.1171247748	0.9939961954	0.4677905847
0.8838762062	0.1161237938	0.9941054135	0.4674014387
0.8848771872	0.1151228128	0.9942135021	0.4670129085
0.8858781682	0.1141218318	0.994320465	0.4666249929
0.8868791491	0.1131208509	0.9944263059	0.4662376903
0.8878801301	0.1121198699	0.9945310285	0.4658509994
0.8888811111	0.1111188889	0.9946346364	0.465464919
0.8898820921	0.1101179079	0.9947371333	0.4650794476
0.8908830731	0.1091169269	0.994838523	0.4646945839
0.8918840541	0.1081159459	0.994938809	0.4643103265
0.892885035	0.107114965	0.995037995	0.4639266742
0.893886016	0.106113984	0.9951360846	0.4635436255
0.894886997	0.105113003	0.9952330814	0.4631611792
0.895887978	0.104112022	0.9953289891	0.4627793338
0.896888959	0.103111041	0.9954238113	0.4623980882
0.8978899399	0.1021100601	0.9955175515	0.462017441
0.8988909209	0.1011090791	0.9956102132	0.4616373907
0.8998919019	0.1001080981	0.9957018002	0.4612579362
0.9008928829	0.09910711712	0.9957923159	0.4608790762
0.9018938639	0.09810613614	0.9958817639	0.4605008092
0.9028948448	0.09710515516	0.9959701476	0.4601231341
0.9038958258	0.09610417417	0.9960574707	0.4597460494
0.9048968068	0.09510319319	0.9961437367	0.459369554
0.9058977878	0.09410221221	0.996228949	0.4589936465
0.9068987688	0.09310123123	0.9963131111	0.4586183256
0.9078997497	0.09210025025	0.9963962266	0.45824359
0.9089007307	0.09109926927	0.9964782988	0.4578694385
0.9099017117	0.09009828829	0.9965593313	0.4574958697
0.9109026927	0.08909730731	0.9966393275	0.4571228824
0.9119036737	0.08809632633	0.9967182909	0.4567504754
0.9129046547	0.08709534535	0.9967962248	0.4563786473
0.9139056356	0.08609436436	0.9968731327	0.4560073969
0.9149066166	0.08509338338	0.996949018	0.4556367228
0.9159075976	0.0840924024	0.9970238841	0.455266624
0.9169085786	0.08309142142	0.9970977344	0.454897099
0.9179095596	0.08209044044	0.9971705722	0.4545281467
0.9189105405	0.08108945946	0.997242401	0.4541597658
0.9199115215	0.08008847848	0.997313224	0.453791955
0.9209125025	0.0790874975	0.9973830447	0.4534247131
0.9219134835	0.07808651652	0.9974518664	0.4530580389
0.9229144645	0.07708553554	0.9975196924	0.4526919311
0.9239154454	0.07608455455	0.9975865259	0.4523263885
0.9249164264	0.07508357357	0.9976523704	0.4519614098
0.9259174074	0.07408259259	0.9977172291	0.4515969939
0.9269183884	0.07308161161	0.9977811054	0.4512331394
0.9279193694	0.07208063063	0.9978440024	0.4508698453
0.9289203504	0.07107964965	0.9979059234	0.4505071102
0.9299213313	0.07007866867	0.9979668718	0.450144933
0.9309223123	0.06907768769	0.9980268507	0.4497833124
0.9319232933	0.06807670671	0.9980858634	0.4494222472
0.9329242743	0.06707572573	0.9981439132	0.4490617363
0.9339252553	0.06607474474	0.9982010031	0.4487017784
0.9349262362	0.06507376376	0.9982571365	0.4483423723
0.9359272172	0.06407278278	0.9983123166	0.4479835168
0.9369281982	0.0630718018	0.9983665465	0.4476252108
0.9379291792	0.06207082082	0.9984198294	0.447267453
0.9389301602	0.06106983984	0.9984721685	0.4469102423
0.9399311411	0.06006885886	0.9985235669	0.4465535774
0.9409321221	0.05906787788	0.9985740278	0.4461974573
0.9419331031	0.0580668969	0.9986235544	0.4458418807
0.9429340841	0.05706591592	0.9986721497	0.4454868464
0.9439350651	0.05606493493	0.9987198169	0.4451323533
0.944936046	0.05506395395	0.9987665591	0.4447784002
0.945937027	0.05406297297	0.9988123793	0.4444249859
0.946938008	0.05306199199	0.9988572808	0.4440721094
0.947938989	0.05206101101	0.9989012665	0.4437197693
0.94893997	0.05106003003	0.9989443396	0.4433679646
0.949940951	0.05005904905	0.9989865031	0.4430166942
0.9509419319	0.04905806807	0.9990277601	0.4426659568
0.9519429129	0.04805708709	0.9990681136	0.4423157513
0.9529438939	0.04705610611	0.9991075666	0.4419660766
0.9539448749	0.04605512513	0.9991461222	0.4416169315
0.9549458559	0.04505414414	0.9991837833	0.4412683149
0.9559468368	0.04405316316	0.9992205531	0.4409202257
0.9569478178	0.04305218218	0.9992564345	0.4405726628
0.9579487988	0.0420512012	0.9992914305	0.4402256249
0.9589497798	0.04105022022	0.999325544	0.439879111
0.9599507608	0.04004923924	0.9993587781	0.43953312
0.9609517417	0.03904825826	0.9993911357	0.4391876507
0.9619527227	0.03804727728	0.9994226197	0.4388427021
0.9629537037	0.0370462963	0.9994532332	0.4384982729
0.9639546847	0.03604531532	0.999482979	0.4381543622
0.9649556657	0.03504433433	0.99951186	0.4378109687
0.9659566466	0.03404335335	0.9995398793	0.4374680914
0.9669576276	0.03304237237	0.9995670396	0.4371257292
0.9679586086	0.03204139139	0.9995933439	0.436783881
0.9689595896	0.03104041041	0.9996187951	0.4364425457
0.9699605706	0.03003942943	0.999643396	0.4361017222
0.9709615516	0.02903844845	0.9996671496	0.4357614094
0.9719625325	0.02803746747	0.9996900587	0.4354216062
0.9729635135	0.02703648649	0.9997121262	0.4350823115
0.9739644945	0.02603550551	0.9997333548	0.4347435243
0.9749654755	0.02503452452	0.9997537475	0.4344052434
0.9759664565	0.02403354354	0.999773307	0.4340674679
0.9769674374	0.02303256256	0.9997920363	0.4337301966
0.9779684184	0.02203158158	0.999809938	0.4333934284
0.9789693994	0.0210306006	0.999827015	0.4330571623
0.9799703804	0.02002961962	0.9998432702	0.4327213972
0.9809713614	0.01902863864	0.9998587062	0.4323861321
0.9819723423	0.01802765766	0.9998733258	0.4320513659
0.9829733233	0.01702667668	0.9998871319	0.4317170975
0.9839743043	0.0160256957	0.9999001272	0.4313833259
0.9849752853	0.01502471471	0.9999123144	0.4310500501
0.9859762663	0.01402373373	0.9999236963	0.4307172689
0.9869772472	0.01302275275	0.9999342756	0.4303849814
0.9879782282	0.01202177177	0.9999440551	0.4300531865
0.9889792092	0.01102079079	0.9999530374	0.4297218832
0.9899801902	0.01001980981	0.9999612252	0.4293910703
0.9909811712	0.009018828829	0.9999686214	0.429060747
0.9919821522	0.008017847848	0.9999752285	0.4287309121
0.9929831331	0.007016866867	0.9999810492	0.4284015646
0.9939841141	0.006015885886	0.9999860862	0.4280727036
0.9949850951	0.005014904905	0.9999903423	0.4277443279
0.9959860761	0.004013923924	0.9999938199	0.4274164366
0.9969870571	0.003012942943	0.9999965219	0.4270890286
0.997988038	0.002011961962	0.9999984508	0.4267621029
0.998989019	0.001010980981	0.9999996093	0.4264356585
0.99999	1e-05	1	0.4261096944
