1e-05	0.99999	11.47119923	1.000000001
0.001010980981	0.998989019	11.34745784	1.000005536
0.002011961962	0.997988038	11.22576801	1.000021853
0.003012942943	0.9969870571	11.10608662	1.000048847
0.004013923924	0.9959860761	10.98837164	1.000086415
0.005014904905	0.9949850951	10.8725821	1.000134456
0.006015885886	0.9939841141	10.75867805	1.000192869
0.007016866867	0.9929831331	10.64662051	1.000261555
0.008017847848	0.9919821522	10.5363715	1.000340418
0.009018828829	0.9909811712	10.42789395	1.000429361
0.01001980981	0.9899801902	10.32115171	1.000528289
0.01102079079	0.9889792092	10.21610951	1.00063711
0.01202177177	0.9879782282	10.11273293	1.000755732
0.01302275275	0.9869772472	10.0109884	1.000884063
0.01402373373	0.9859762663	9.910843146	1.001022016
0.01502471471	0.9849752853	9.8122652	1.001169501
0.0160256957	0.9839743043	9.715223346	1.001326432
0.01702667668	0.9829733233	9.619687117	1.001492724
0.01802765766	0.9819723423	9.525626771	1.001668292
0.01902863864	0.9809713614	9.43301327	1.001853053
0.02002961962	0.9799703804	9.341818261	1.002046924
0.0210306006	0.9789693994	9.252014059	1.002249825
0.02203158158	0.9779684184	9.163573624	1.002461677
0.02303256256	0.9769674374	9.076470551	1.0026824
0.02403354354	0.9759664565	8.990679046	1.002911917
0.02503452452	0.9749654755	8.906173912	1.003150151
0.02603550551	0.9739644945	8.822930535	1.003397026
0.02703648649	0.9729635135	8.740924864	1.00365247
0.02803746747	0.9719625325	8.660133401	1.003916407
0.02903844845	0.9709615516	8.580533184	1.004188765
0.03003942943	0.9699605706	8.50210177	1.004469474
0.03104041041	0.9689595896	8.424817226	1.004758461
0.03204139139	0.9679586086	8.348658114	1.005055659
0.03304237237	0.9669576276	8.273603478	1.005360997
0.03404335335	0.9659566466	8.199632829	1.005674409
0.03504433433	0.9649556657	8.126726136	1.005995828
0.03604531532	0.9639546847	8.054863816	1.006325187
0.0370462963	0.9629537037	7.984026715	1.006662422
0.03804727728	0.9619527227	7.914196104	1.007007468
0.03904825826	0.9609517417	7.845353667	1.007360262
0.04004923924	0.9599507608	7.777481487	1.007720741
0.04105022022	0.9589497798	7.710562038	1.008088844
0.0420512012	0.9579487988	7.644578178	1.00846451
0.04305218218	0.9569478178	7.579513133	1.008847678
0.04405316316	0.9559468368	7.515350492	1.00923829
0.04505414414	0.9549458559	7.452074199	1.009636286
0.04605512513	0.9539448749	7.38966854	1.01004161
0.04705610611	0.9529438939	7.328118138	1.010454203
0.04805708709	0.9519429129	7.267407944	1.010874009
0.04905806807	0.9509419319	7.207523225	1.011300974
0.05005904905	0.949940951	7.148449562	1.011735042
0.05106003003	0.94893997	7.090172841	1.012176158
0.05206101101	0.947938989	7.03267924	1.012624269
0.05306199199	0.946938008	6.975955231	1.013079324
0.05406297297	0.945937027	6.919987564	1.013541268
0.05506395395	0.944936046	6.864763267	1.014010051
0.05606493493	0.9439350651	6.810269634	1.014485622
0.05706591592	0.9429340841	6.756494224	1.014967931
0.0580668969	0.9419331031	6.703424849	1.015456928
0.05906787788	0.9409321221	6.651049572	1.015952564
0.06006885886	0.9399311411	6.599356701	1.016454791
0.06106983984	0.9389301602	6.548334778	1.016963562
0.06207082082	0.9379291792	6.497972583	1.017478828
0.0630718018	0.9369281982	6.448259117	1.018000544
0.06407278278	0.9359272172	6.399183607	1.018528663
0.06507376376	0.9349262362	6.350735493	1.01906314
0.06607474474	0.9339252553	6.302904429	1.019603931
0.06707572573	0.9329242743	6.255680274	1.02015099
0.06807670671	0.9319232933	6.209053087	1.020704275
0.06907768769	0.9309223123	6.163013127	1.021263741
0.07007866867	0.9299213313	6.117550843	1.021829347
0.07107964965	0.9289203504	6.072656873	1.02240105
0.07208063063	0.9279193694	6.028322038	1.022978809
0.07308161161	0.9269183884	5.984537338	1.023562582
0.07408259259	0.9259174074	5.94129395	1.024152328
0.07508357357	0.9249164264	5.89858322	1.024748009
0.07608455455	0.9239154454	5.856396664	1.025349583
0.07708553554	0.9229144645	5.81472596	1.025957012
0.07808651652	0.9219134835	5.773562945	1.026570257
0.0790874975	0.9209125025	5.732899616	1.02718928
0.08008847848	0.9199115215	5.692728119	1.027814044
0.08108945946	0.9189105405	5.653040751	1.02844451
0.08209044044	0.9179095596	5.613829957	1.029080642
0.08309142142	0.9169085786	5.575088322	1.029722404
0.0840924024	0.9159075976	5.536808573	1.030369759
0.08509338338	0.9149066166	5.498983572	1.031022672
0.08609436436	0.9139056356	5.461606316	1.031681109
0.08709534535	0.9129046547	5.424669932	1.032345033
0.08809632633	0.9119036737	5.388167676	1.033014412
0.08909730731	0.9109026927	5.352092928	1.03368921
0.09009828829	0.9099017117	5.316439191	1.034369395
0.09109926927	0.9089007307	5.281200087	1.035054934
0.09210025025	0.9078997497	5.246369357	1.035745793
0.09310123123	0.9068987688	5.211940856	1.036441941
0.09410221221	0.9058977878	5.177908549	1.037143346
0.09510319319	0.9048968068	5.144266515	1.037849976
0.09610417417	0.9038958258	5.111008937	1.0385618
0.09710515516	0.9028948448	5.078130106	1.039278787
0.09810613614	0.9018938639	5.045624412	1.040000906
0.09910711712	0.9008928829	5.013486351	1.040728129
0.1001080981	0.8998919019	4.981710514	1.041460424
0.1011090791	0.8988909209	4.95029159	1.042197763
0.1021100601	0.8978899399	4.919224362	1.042940117
0.103111041	0.896888959	4.888503707	1.043687456
0.104112022	0.895887978	4.858124592	1.044439753
0.105113003	0.894886997	4.828082072	1.04519698
0.106113984	0.893886016	4.79837129	1.045959109
0.107114965	0.892885035	4.768987474	1.046726112
0.1081159459	0.8918840541	4.739925936	1.047497963
0.1091169269	0.8908830731	4.711182069	1.048274634
0.1101179079	0.8898820921	4.682751346	1.049056101
0.1111188889	0.8888811111	4.65462932	1.049842335
0.1121198699	0.8878801301	4.626811618	1.050633312
0.1131208509	0.8868791491	4.599293946	1.051429006
0.1141218318	0.8858781682	4.572072081	1.052229393
0.1151228128	0.8848771872	4.545141874	1.053034446
0.1161237938	0.8838762062	4.518499245	1.053844142
0.1171247748	0.8828752252	4.492140185	1.054658456
0.1181257558	0.8818742442	4.466060753	1.055477364
0.1191267367	0.8808732633	4.440257074	1.056300843
0.1201277177	0.8798722823	4.41472534	1.057128868
0.1211286987	0.8788713013	4.389461805	1.057961418
0.1221296797	0.8778703203	4.364462786	1.058798468
0.1231306607	0.8768693393	4.339724664	1.059639997
0.1241316416	0.8758683584	4.315243878	1.060485981
0.1251326226	0.8748673774	4.291016927	1.0613364
0.1261336036	0.8738663964	4.267040368	1.06219123
0.1271345846	0.8728654154	4.243310815	1.063050451
0.1281355656	0.8718644344	4.219824938	1.06391404
0.1291365465	0.8708634535	4.196579461	1.064781978
0.1301375275	0.8698624725	4.173571164	1.065654243
0.1311385085	0.8688614915	4.150796876	1.066530814
0.1321394895	0.8678605105	4.128253481	1.067411672
0.1331404705	0.8668595295	4.105937912	1.068296795
0.1341414515	0.8658585485	4.083847151	1.069186165
0.1351424324	0.8648575676	4.061978231	1.070079762
0.1361434134	0.8638565866	4.040328232	1.070977565
0.1371443944	0.8628556056	4.018894278	1.071879557
0.1381453754	0.8618546246	3.997673545	1.072785718
0.1391463564	0.8608536436	3.976663248	1.073696029
0.1401473373	0.8598526627	3.95586065	1.074610472
0.1411483183	0.8588516817	3.935263057	1.075529029
0.1421492993	0.8578507007	3.914867817	1.076451682
0.1431502803	0.8568497197	3.894672321	1.077378412
0.1441512613	0.8558487387	3.874673998	1.078309202
0.1451522422	0.8548477578	3.854870322	1.079244035
0.1461532232	0.8538467768	3.835258804	1.080182894
0.1471542042	0.8528457958	3.815836993	1.081125761
0.1481551852	0.8518448148	3.796602478	1.08207262
0.1491561662	0.8508438338	3.777552885	1.083023454
0.1501571471	0.8498428529	3.758685876	1.083978247
0.1511581281	0.8488418719	3.739999151	1.084936983
0.1521591091	0.8478408909	3.721490443	1.085899646
0.1531600901	0.8468399099	3.703157521	1.086866219
0.1541610711	0.8458389289	3.684998189	1.087836688
0.1551620521	0.8448379479	3.667010283	1.088811037
0.156163033	0.843836967	3.649191674	1.08978925
0.157164014	0.842835986	3.631540263	1.090771313
0.158164995	0.841835005	3.614053984	1.091757212
0.159165976	0.840834024	3.596730802	1.09274693
0.160166957	0.839833043	3.579568714	1.093740454
0.1611679379	0.8388320621	3.562565746	1.09473777
0.1621689189	0.8378310811	3.545719952	1.095738863
0.1631698999	0.8368301001	3.529029419	1.09674372
0.1641708809	0.8358291191	3.512492258	1.097752326
0.1651718619	0.8348281381	3.496106611	1.098764669
0.1661728428	0.8338271572	3.479870648	1.099780735
0.1671738238	0.8328261762	3.463782565	1.10080051
0.1681748048	0.8318251952	3.447840583	1.101823981
0.1691757858	0.8308242142	3.432042952	1.102851137
0.1701767668	0.8298232332	3.416387947	1.103881963
0.1711777477	0.8288222523	3.400873867	1.104916448
0.1721787287	0.8278212713	3.385499036	1.105954579
0.1731797097	0.8268202903	3.370261804	1.106996343
0.1741806907	0.8258193093	3.355160545	1.10804173
0.1751816717	0.8248183283	3.340193653	1.109090726
0.1761826527	0.8238173473	3.32535955	1.11014332
0.1771836336	0.8228163664	3.310656678	1.111199501
0.1781846146	0.8218153854	3.296083501	1.112259257
0.1791855956	0.8208144044	3.281638507	1.113322577
0.1801865766	0.8198134234	3.267320204	1.11438945
0.1811875576	0.8188124424	3.253127122	1.115459864
0.1821885385	0.8178114615	3.239057812	1.11653381
0.1831895195	0.8168104805	3.225110845	1.117611276
0.1841905005	0.8158094995	3.211284813	1.118692251
0.1851914815	0.8148085185	3.197578327	1.119776726
0.1861924625	0.8138075375	3.183990019	1.12086469
0.1871934434	0.8128065566	3.170518538	1.121956134
0.1881944244	0.8118055756	3.157162553	1.123051046
0.1891954054	0.8108045946	3.143920753	1.124149418
0.1901963864	0.8098036136	3.130791844	1.12525124
0.1911973674	0.8088026326	3.117774548	1.126356502
0.1921983483	0.8078016517	3.104867609	1.127465196
0.1931993293	0.8068006707	3.092069786	1.128577311
0.1942003103	0.8057996897	3.079379854	1.129692838
0.1952012913	0.8047987087	3.066796606	1.13081177
0.1962022723	0.8037977277	3.054318853	1.131934096
0.1972032533	0.8027967467	3.041945421	1.133059808
0.1982042342	0.8017957658	3.02967515	1.134188899
0.1992052152	0.8007947848	3.0175069	1.135321358
0.2002061962	0.7997938038	3.005439544	1.136457179
0.2012071772	0.7987928228	2.993471969	1.137596352
0.2022081582	0.7977918418	2.981603081	1.138738871
0.2032091391	0.7967908609	2.969831796	1.139884726
0.2042101201	0.7957898799	2.958157049	1.141033911
0.2052111011	0.7947888989	2.946577786	1.142186417
0.2062120821	0.7937879179	2.93509297	1.143342238
0.2072130631	0.7927869369	2.923701574	1.144501365
0.208214044	0.791785956	2.912402589	1.145663792
0.209215025	0.790784975	2.901195016	1.146829511
0.210216006	0.789783994	2.890077871	1.147998516
0.211216987	0.788783013	2.879050184	1.1491708
0.212217968	0.787782032	2.868110994	1.150346355
0.2132189489	0.7867810511	2.857259357	1.151525176
0.2142199299	0.7857800701	2.846494339	1.152707255
0.2152209109	0.7847790891	2.835815018	1.153892587
0.2162218919	0.7837781081	2.825220486	1.155081164
0.2172228729	0.7827771271	2.814709845	1.156272982
0.2182238539	0.7817761461	2.804282209	1.157468034
0.2192248348	0.7807751652	2.793936705	1.158666314
0.2202258158	0.7797741842	2.783672469	1.159867816
0.2212267968	0.7787732032	2.773488649	1.161072534
0.2222277778	0.7777722222	2.763384405	1.162280464
0.2232287588	0.7767712412	2.753358907	1.163491599
0.2242297397	0.7757702603	2.743411335	1.164705935
0.2252307207	0.7747692793	2.733540881	1.165923465
0.2262317017	0.7737682983	2.723746746	1.167144186
0.2272326827	0.7727673173	2.714028143	1.168368091
0.2282336637	0.7717663363	2.704384291	1.169595177
0.2292346446	0.7707653554	2.694814424	1.170825438
0.2302356256	0.7697643744	2.685317781	1.17205887
0.2312366066	0.7687633934	2.675893615	1.173295468
0.2322375876	0.7677624124	2.666541185	1.174535227
0.2332385686	0.7667614314	2.657259761	1.175778145
0.2342395495	0.7657604505	2.648048622	1.177024215
0.2352405305	0.7647594695	2.638907054	1.178273435
0.2362415115	0.7637584885	2.629834356	1.1795258
0.2372424925	0.7627575075	2.620829831	1.180781306
0.2382434735	0.7617565265	2.611892795	1.182039949
0.2392444545	0.7607555455	2.603022569	1.183301727
0.2402454354	0.7597545646	2.594218484	1.184566635
0.2412464164	0.7587535836	2.585479879	1.185834669
0.2422473974	0.7577526026	2.576806102	1.187105828
0.2432483784	0.7567516216	2.568196508	1.188380106
0.2442493594	0.7557506406	2.559650459	1.189657502
0.2452503403	0.7547496597	2.551167326	1.190938011
0.2462513213	0.7537486787	2.542746489	1.192221632
0.2472523023	0.7527476977	2.534387332	1.193508362
0.2482532833	0.7517467167	2.52608925	1.194798197
0.2492542643	0.7507457357	2.517851644	1.196091135
0.2502552452	0.7497447548	2.509673921	1.197387173
0.2512562262	0.7487437738	2.501555496	1.19868631
0.2522572072	0.7477427928	2.493495793	1.199988543
0.2532581882	0.7467418118	2.485494239	1.201293869
0.2542591692	0.7457408308	2.477550272	1.202602287
0.2552601502	0.7447398498	2.469663333	1.203913794
0.2562611311	0.7437388689	2.461832872	1.205228389
0.2572621121	0.7427378879	2.454058345	1.20654607
0.2582630931	0.7417369069	2.446339215	1.207866834
0.2592640741	0.7407359259	2.438674949	1.209190682
0.2602650551	0.7397349449	2.431065024	1.21051761
0.261266036	0.738733964	2.423508919	1.211847618
0.262267017	0.737732983	2.416006123	1.213180705
0.263267998	0.736732002	2.408556129	1.214516868
0.264268979	0.735731021	2.401158435	1.215856108
0.26526996	0.73473004	2.393812548	1.217198423
0.2662709409	0.7337290591	2.386517976	1.218543811
0.2672719219	0.7327280781	2.379274238	1.219892274
0.2682729029	0.7317270971	2.372080856	1.221243808
0.2692738839	0.7307261161	2.364937356	1.222598415
0.2702748649	0.7297251351	2.357843271	1.223956094
0.2712758458	0.7287241542	2.350798142	1.225316843
0.2722768268	0.7277231732	2.34380151	1.226680663
0.2732778078	0.7267221922	2.336852926	1.228047554
0.2742787888	0.7257212112	2.329951942	1.229417515
0.2752797698	0.7247202302	2.323098119	1.230790547
0.2762807508	0.7237192492	2.316291021	1.232166649
0.2772817317	0.7227182683	2.309530217	1.233545822
0.2782827127	0.7217172873	2.302815281	1.234928066
0.2792836937	0.7207163063	2.296145792	1.236313381
0.2802846747	0.7197153253	2.289521334	1.237701768
0.2812856557	0.7187143443	2.282941494	1.239093227
0.2822866366	0.7177133634	2.276405867	1.24048776
0.2832876176	0.7167123824	2.269914049	1.241885366
0.2842885986	0.7157114014	2.263465643	1.243286046
0.2852895796	0.7147104204	2.257060255	1.244689802
0.2862905606	0.7137094394	2.250697497	1.246096635
0.2872915415	0.7127084585	2.244376982	1.247506545
0.2882925225	0.7117074775	2.238098332	1.248919535
0.2892935035	0.7107064965	2.231861169	1.250335604
0.2902944845	0.7097055155	2.225665122	1.251754755
0.2912954655	0.7087045345	2.219509822	1.25317699
0.2922964464	0.7077035536	2.213394906	1.254602309
0.2932974274	0.7067025726	2.207320013	1.256030714
0.2942984084	0.7057015916	2.201284788	1.257462208
0.2952993894	0.7047006106	2.195288879	1.258896792
0.2963003704	0.7036996296	2.189331936	1.260334468
0.2973013514	0.7026986486	2.183413617	1.261775239
0.2983023323	0.7016976677	2.17753358	1.263219106
0.2993033133	0.7006966867	2.171691487	1.264666071
0.3003042943	0.6996957057	2.165887006	1.266116138
0.3013052753	0.6986947247	2.160119807	1.267569309
0.3023062563	0.6976937437	2.154389564	1.269025585
0.3033072372	0.6966927628	2.148695954	1.27048497
0.3043082182	0.6956917818	2.143038657	1.271947467
0.3053091992	0.6946908008	2.137417359	1.273413078
0.3063101802	0.6936898198	2.131831745	1.274881807
0.3073111612	0.6926888388	2.126281508	1.276353656
0.3083121421	0.6916878579	2.120766342	1.277828629
0.3093131231	0.6906868769	2.115285943	1.279306728
0.3103141041	0.6896858959	2.109840013	1.280787957
0.3113150851	0.6886849149	2.104428256	1.28227232
0.3123160661	0.6876839339	2.099050378	1.28375982
0.313317047	0.686682953	2.093706089	1.285250461
0.314318028	0.685681972	2.088395103	1.286744246
0.315319009	0.684680991	2.083117135	1.288241179
0.31631999	0.68368001	2.077871905	1.289741265
0.317320971	0.682679029	2.072659134	1.291244506
0.318321952	0.681678048	2.067478549	1.292750908
0.3193229329	0.6806770671	2.062329875	1.294260474
0.3203239139	0.6796760861	2.057212844	1.295773209
0.3213248949	0.6786751051	2.05212719	1.297289117
0.3223258759	0.6776741241	2.047072648	1.298808203
0.3233268569	0.6766731431	2.042048958	1.30033047
0.3243278378	0.6756721622	2.03705586	1.301855925
0.3253288188	0.6746711812	2.0320931	1.303384572
0.3263297998	0.6736702002	2.027160423	1.304916414
0.3273307808	0.6726692192	2.022257581	1.306451459
0.3283317618	0.6716682382	2.017384324	1.30798971
0.3293327427	0.6706672573	2.012540406	1.309531173
0.3303337237	0.6696662763	2.007725586	1.311075853
0.3313347047	0.6686652953	2.002939623	1.312623755
0.3323356857	0.6676643143	1.998182279	1.314174885
0.3333366667	0.6666633333	1.993453317	1.315729249
0.3343376476	0.6656623524	1.988752505	1.317286852
0.3353386286	0.6646613714	1.984079612	1.3188477
0.3363396096	0.6636603904	1.97943441	1.320411799
0.3373405906	0.6626594094	1.974816671	1.321979154
0.3383415716	0.6616584284	1.970226173	1.323549772
0.3393425526	0.6606574474	1.965662693	1.32512366
0.3403435335	0.6596564665	1.961126012	1.326700822
0.3413445145	0.6586554855	1.956615912	1.328281267
0.3423454955	0.6576545045	1.952132178	1.329864999
0.3433464765	0.6566535235	1.947674598	1.331452027
0.3443474575	0.6556525425	1.94324296	1.333042355
0.3453484384	0.6546515616	1.938837056	1.334635992
0.3463494194	0.6536505806	1.934456678	1.336232945
0.3473504004	0.6526495996	1.930101622	1.337833219
0.3483513814	0.6516486186	1.925771686	1.339436822
0.3493523624	0.6506476376	1.921466668	1.341043762
0.3503533433	0.6496466567	1.917186369	1.342654046
0.3513543243	0.6486456757	1.912930594	1.34426768
0.3523553053	0.6476446947	1.908699146	1.345884674
0.3533562863	0.6466437137	1.904491834	1.347505033
0.3543572673	0.6456427327	1.900308465	1.349128767
0.3553582482	0.6446417518	1.896148852	1.350755882
0.3563592292	0.6436407708	1.892012805	1.352386387
0.3573602102	0.6426397898	1.88790014	1.35402029
0.3583611912	0.6416388088	1.883810672	1.355657599
0.3593621722	0.6406378278	1.879744221	1.357298322
0.3603631532	0.6396368468	1.875700604	1.358942468
0.3613641341	0.6386358659	1.871679645	1.360590044
0.3623651151	0.6376348849	1.867681165	1.36224106
0.3633660961	0.6366339039	1.863704991	1.363895525
0.3643670771	0.6356329229	1.859750947	1.365553446
0.3653680581	0.6346319419	1.855818863	1.367214834
0.366369039	0.633630961	1.851908569	1.368879697
0.36737002	0.63262998	1.848019895	1.370548043
0.368371001	0.631628999	1.844152674	1.372219883
0.369371982	0.630628018	1.840306742	1.373895226
0.370372963	0.629627037	1.836481934	1.375574081
0.3713739439	0.6286260561	1.832678089	1.377256458
0.3723749249	0.6276250751	1.828895045	1.378942366
0.3733759059	0.6266240941	1.825132643	1.380631815
0.3743768869	0.6256231131	1.821390725	1.382324816
0.3753778679	0.6246221321	1.817669135	1.384021378
0.3763788488	0.6236211512	1.813967718	1.385721511
0.3773798298	0.6226201702	1.810286321	1.387425225
0.3783808108	0.6216191892	1.806624792	1.389132532
0.3793817918	0.6206182082	1.80298298	1.390843441
0.3803827728	0.6196172272	1.799360737	1.392557963
0.3813837538	0.6186162462	1.795757913	1.394276109
0.3823847347	0.6176152653	1.792174364	1.39599789
0.3833857157	0.6166142843	1.788609943	1.397723316
0.3843866967	0.6156133033	1.785064508	1.399452398
0.3853876777	0.6146123223	1.781537915	1.401185149
0.3863886587	0.6136113413	1.778030024	1.402921578
0.3873896396	0.6126103604	1.774540695	1.404661698
0.3883906206	0.6116093794	1.771069789	1.406405521
0.3893916016	0.6106083984	1.767617169	1.408153057
0.3903925826	0.6096074174	1.764182699	1.409904319
0.3913935636	0.6086064364	1.760766244	1.411659318
0.3923945445	0.6076054555	1.757367671	1.413418067
0.3933955255	0.6066044745	1.753986848	1.415180577
0.3943965065	0.6056034935	1.750623643	1.416946862
0.3953974875	0.6046025125	1.747277926	1.418716933
0.3963984685	0.6036015315	1.743949568	1.420490803
0.3973994494	0.6026005506	1.740638443	1.422268485
0.3984004304	0.6015995696	1.737344423	1.424049991
0.3994014114	0.6005985886	1.734067382	1.425835334
0.4004023924	0.5995976076	1.730807198	1.427624528
0.4014033734	0.5985966266	1.727563747	1.429417586
0.4024043544	0.5975956456	1.724336906	1.431214521
0.4034053353	0.5965946647	1.721126555	1.433015345
0.4044063163	0.5955936837	1.717932574	1.434820074
0.4054072973	0.5945927027	1.714754844	1.436628721
0.4064082783	0.5935917217	1.711593248	1.438441299
0.4074092593	0.5925907407	1.708447669	1.440257822
0.4084102402	0.5915897598	1.70531799	1.442078306
0.4094112212	0.5905887788	1.702204098	1.443902762
0.4104122022	0.5895877978	1.699105879	1.445731208
0.4114131832	0.5885868168	1.69602322	1.447563655
0.4124141642	0.5875858358	1.69295601	1.44940012
0.4134151451	0.5865848549	1.689904137	1.451240618
0.4144161261	0.5855838739	1.686867493	1.453085162
0.4154171071	0.5845828929	1.683845968	1.454933768
0.4164180881	0.5835819119	1.680839455	1.456786452
0.4174190691	0.5825809309	1.677847847	1.458643228
0.4184200501	0.5815799499	1.674871038	1.460504113
0.419421031	0.580578969	1.671908923	1.462369121
0.420422012	0.579577988	1.668961397	1.464238269
0.421422993	0.578577007	1.666028358	1.466111572
0.422423974	0.577576026	1.663109704	1.467989047
0.423424955	0.576575045	1.660205332	1.469870709
0.4244259359	0.5755740641	1.657315143	1.471756576
0.4254269169	0.5745730831	1.654439036	1.473646663
0.4264278979	0.5735721021	1.651576913	1.475540987
0.4274288789	0.5725711211	1.648728676	1.477439566
0.4284298599	0.5715701401	1.645894228	1.479342415
0.4294308408	0.5705691592	1.643073473	1.481249552
0.4304318218	0.5695681782	1.640266314	1.483160995
0.4314328028	0.5685671972	1.637472657	1.48507676
0.4324337838	0.5675662162	1.634692409	1.486996866
0.4334347648	0.5665652352	1.631925476	1.488921329
0.4344357457	0.5655642543	1.629171766	1.490850169
0.4354367267	0.5645632733	1.626431188	1.492783402
0.4364377077	0.5635622923	1.62370365	1.494721047
0.4374386887	0.5625613113	1.620989063	1.496663123
0.4384396697	0.5615603303	1.618287338	1.498609648
0.4394406507	0.5605593493	1.615598385	1.50056064
0.4404416316	0.5595583684	1.612922119	1.502516119
0.4414426126	0.5585573874	1.61025845	1.504476103
0.4424435936	0.5575564064	1.607607294	1.506440611
0.4434445746	0.5565554254	1.604968564	1.508409663
0.4444455556	0.5555544444	1.602342176	1.510383279
0.4454465365	0.5545534635	1.599728045	1.512361478
0.4464475175	0.5535524825	1.597126089	1.514344279
0.4474484985	0.5525515015	1.594536224	1.516331703
0.4484494795	0.5515505205	1.591958369	1.51832377
0.4494504605	0.5505495395	1.589392441	1.520320501
0.4504514414	0.5495485586	1.586838362	1.522321915
0.4514524224	0.5485475776	1.584296049	1.524328033
0.4524534034	0.5475465966	1.581765424	1.526338877
0.4534543844	0.5465456156	1.579246409	1.528354467
0.4544553654	0.5455446346	1.576738925	1.530374825
0.4554563463	0.5445436537	1.574242895	1.532399971
0.4564573273	0.5435426727	1.571758242	1.534429928
0.4574583083	0.5425416917	1.569284889	1.536464717
0.4584592893	0.5415407107	1.566822762	1.538504361
0.4594602703	0.5405397297	1.564371786	1.54054888
0.4604612513	0.5395387487	1.561931885	1.542598298
0.4614622322	0.5385377678	1.559502987	1.544652637
0.4624632132	0.5375367868	1.557085018	1.54671192
0.4634641942	0.5365358058	1.554677905	1.54877617
0.4644651752	0.5355348248	1.552281578	1.550845408
0.4654661562	0.5345338438	1.549895964	1.55291966
0.4664671371	0.5335328629	1.547520993	1.554998948
0.4674681181	0.5325318819	1.545156594	1.557083296
0.4684690991	0.5315309009	1.542802698	1.559172728
0.4694700801	0.5305299199	1.540459236	1.561267267
0.4704710611	0.5295289389	1.538126139	1.563366938
0.471472042	0.528527958	1.53580334	1.565471766
0.472473023	0.527526977	1.53349077	1.567581774
0.473474004	0.526525996	1.531188363	1.569696988
0.474474985	0.525525015	1.528896053	1.571817434
0.475475966	0.524524034	1.526613774	1.573943135
0.4764769469	0.5235230531	1.524341461	1.576074117
0.4774779279	0.5225220721	1.522079048	1.578210407
0.4784789089	0.5215210911	1.519826472	1.58035203
0.4794798899	0.5205201101	1.517583668	1.582499011
0.4804808709	0.5195191291	1.515350574	1.584651378
0.4814818519	0.5185181481	1.513127127	1.586809157
0.4824828328	0.5175171672	1.510913264	1.588972375
0.4834838138	0.5165161862	1.508708924	1.591141058
0.4844847948	0.5155152052	1.506514046	1.593315233
0.4854857758	0.5145142242	1.504328568	1.595494928
0.4864867568	0.5135132432	1.50215243	1.597680171
0.4874877377	0.5125122623	1.499985574	1.59987099
0.4884887187	0.5115112813	1.497827938	1.602067411
0.4894896997	0.5105103003	1.495679465	1.604269465
0.4904906807	0.5095093193	1.493540096	1.606477178
0.4914916617	0.5085083383	1.491409772	1.608690581
0.4924926426	0.5075073574	1.489288437	1.610909701
0.4934936236	0.5065063764	1.487176033	1.613134568
0.4944946046	0.5055053954	1.485072504	1.615365212
0.4954955856	0.5045044144	1.482977794	1.617601662
0.4964965666	0.5035034334	1.480891846	1.619843949
0.4974975475	0.5025024525	1.478814605	1.622092101
0.4984985285	0.5015014715	1.476746017	1.62434615
0.4994995095	0.5005004905	1.474686027	1.626606127
0.5005004905	0.4994995095	1.472634581	1.628872061
0.5015014715	0.4984985285	1.470591626	1.631143985
0.5025024525	0.4974975475	1.468557107	1.63342193
0.5035034334	0.4964965666	1.466530973	1.635705927
0.5045044144	0.4954955856	1.464513171	1.637996009
0.5055053954	0.4944946046	1.462503649	1.640292207
0.5065063764	0.4934936236	1.460502355	1.642594553
0.5075073574	0.4924926426	1.458509239	1.644903082
0.5085083383	0.4914916617	1.456524248	1.647217824
0.5095093193	0.4904906807	1.454547334	1.649538815
0.5105103003	0.4894896997	1.452578446	1.651866087
0.5115112813	0.4884887187	1.450617534	1.654199674
0.5125122623	0.4874877377	1.448664549	1.656539609
0.5135132432	0.4864867568	1.446719442	1.658885928
0.5145142242	0.4854857758	1.444782164	1.661238665
0.5155152052	0.4844847948	1.442852668	1.663597855
0.5165161862	0.4834838138	1.440930906	1.665963532
0.5175171672	0.4824828328	1.43901683	1.668335733
0.5185181481	0.4814818519	1.437110394	1.670714493
0.5195191291	0.4804808709	1.435211549	1.673099848
0.5205201101	0.4794798899	1.433320251	1.675491834
0.5215210911	0.4784789089	1.431436453	1.677890488
0.5225220721	0.4774779279	1.42956011	1.680295847
0.5235230531	0.4764769469	1.427691176	1.682707947
0.524524034	0.475475966	1.425829606	1.685126828
0.525525015	0.474474985	1.423975355	1.687552525
0.526525996	0.473474004	1.422128381	1.689985077
0.527526977	0.472473023	1.420288637	1.692424523
0.528527958	0.471472042	1.418456081	1.694870902
0.5295289389	0.4704710611	1.41663067	1.697324251
0.5305299199	0.4694700801	1.41481236	1.699784612
0.5315309009	0.4684690991	1.413001109	1.702252023
0.5325318819	0.4674681181	1.411196875	1.704726524
0.5335328629	0.4664671371	1.409399615	1.707208156
0.5345338438	0.4654661562	1.407609288	1.709696958
0.5355348248	0.4644651752	1.405825853	1.712192973
0.5365358058	0.4634641942	1.404049268	1.714696242
0.5375367868	0.4624632132	1.402279493	1.717206805
0.5385377678	0.4614622322	1.400516486	1.719724706
0.5395387487	0.4604612513	1.398760209	1.722249986
0.5405397297	0.4594602703	1.397010621	1.724782688
0.5415407107	0.4584592893	1.395267683	1.727322854
0.5425416917	0.4574583083	1.393531355	1.729870529
0.5435426727	0.4564573273	1.391801599	1.732425756
0.5445436537	0.4554563463	1.390078375	1.734988579
0.5455446346	0.4544553654	1.388361645	1.737559042
0.5465456156	0.4534543844	1.386651372	1.740137191
0.5475465966	0.4524534034	1.384947517	1.742723069
0.5485475776	0.4514524224	1.383250043	1.745316724
0.5495485586	0.4504514414	1.381558913	1.7479182
0.5505495395	0.4494504605	1.379874089	1.750527543
0.5515505205	0.4484494795	1.378195535	1.753144802
0.5525515015	0.4474484985	1.376523214	1.755770022
0.5535524825	0.4464475175	1.374857091	1.75840325
0.5545534635	0.4454465365	1.373197129	1.761044535
0.5555544444	0.4444455556	1.371543293	1.763693925
0.5565554254	0.4434445746	1.369895547	1.766351469
0.5575564064	0.4424435936	1.368253857	1.769017215
0.5585573874	0.4414426126	1.366618186	1.771691212
0.5595583684	0.4404416316	1.364988502	1.774373511
0.5605593493	0.4394406507	1.363364769	1.777064161
0.5615603303	0.4384396697	1.361746953	1.779763213
0.5625613113	0.4374386887	1.360135021	1.782470719
0.5635622923	0.4364377077	1.358528939	1.785186729
0.5645632733	0.4354367267	1.356928673	1.787911296
0.5655642543	0.4344357457	1.355334191	1.790644471
0.5665652352	0.4334347648	1.353745459	1.793386308
0.5675662162	0.4324337838	1.352162446	1.796136859
0.5685671972	0.4314328028	1.350585118	1.798896179
0.5695681782	0.4304318218	1.349013443	1.80166432
0.5705691592	0.4294308408	1.347447391	1.804441339
0.5715701401	0.4284298599	1.345886928	1.807227288
0.5725711211	0.4274288789	1.344332024	1.810022225
0.5735721021	0.4264278979	1.342782647	1.812826204
0.5745730831	0.4254269169	1.341238767	1.815639282
0.5755740641	0.4244259359	1.339700352	1.818461517
0.576575045	0.423424955	1.338167373	1.821292964
0.577576026	0.422423974	1.336639798	1.824133682
0.578577007	0.421422993	1.335117599	1.826983729
0.579577988	0.420422012	1.333600744	1.829843163
0.580578969	0.419421031	1.332089204	1.832712045
0.5815799499	0.4184200501	1.330582951	1.835590433
0.5825809309	0.4174190691	1.329081954	1.838478387
0.5835819119	0.4164180881	1.327586185	1.841375969
0.5845828929	0.4154171071	1.326095616	1.844283239
0.5855838739	0.4144161261	1.324610216	1.84720026
0.5865848549	0.4134151451	1.323129959	1.850127093
0.5875858358	0.4124141642	1.321654816	1.853063802
0.5885868168	0.4114131832	1.320184759	1.856010448
0.5895877978	0.4104122022	1.318719761	1.858967097
0.5905887788	0.4094112212	1.317259793	1.861933813
0.5915897598	0.4084102402	1.315804829	1.86491066
0.5925907407	0.4074092593	1.314354842	1.867897704
0.5935917217	0.4064082783	1.312909804	1.870895011
0.5945927027	0.4054072973	1.311469689	1.873902648
0.5955936837	0.4044063163	1.31003447	1.876920681
0.5965946647	0.4034053353	1.308604122	1.879949178
0.5975956456	0.4024043544	1.307178617	1.882988208
0.5985966266	0.4014033734	1.30575793	1.88603784
0.5995976076	0.4004023924	1.304342036	1.889098142
0.6005985886	0.3994014114	1.302930909	1.892169185
0.6015995696	0.3984004304	1.301524523	1.895251039
0.6026005506	0.3973994494	1.300122853	1.898343776
0.6036015315	0.3963984685	1.298725874	1.901447468
0.6046025125	0.3953974875	1.297333562	1.904562187
0.6056034935	0.3943965065	1.295945892	1.907688006
0.6066044745	0.3933955255	1.294562839	1.910824998
0.6076054555	0.3923945445	1.29318438	1.913973239
0.6086064364	0.3913935636	1.291810489	1.917132803
0.6096074174	0.3903925826	1.290441144	1.920303765
0.6106083984	0.3893916016	1.289076321	1.923486203
0.6116093794	0.3883906206	1.287715995	1.926680192
0.6126103604	0.3873896396	1.286360145	1.929885811
0.6136113413	0.3863886587	1.285008745	1.933103138
0.6146123223	0.3853876777	1.283661775	1.936332252
0.6156133033	0.3843866967	1.282319209	1.939573233
0.6166142843	0.3833857157	1.280981027	1.94282616
0.6176152653	0.3823847347	1.279647206	1.946091115
0.6186162462	0.3813837538	1.278317723	1.94936818
0.6196172272	0.3803827728	1.276992556	1.952657436
0.6206182082	0.3793817918	1.275671683	1.955958969
0.6216191892	0.3783808108	1.274355082	1.95927286
0.6226201702	0.3773798298	1.273042732	1.962599195
0.6236211512	0.3763788488	1.271734611	1.96593806
0.6246221321	0.3753778679	1.270430698	1.96928954
0.6256231131	0.3743768869	1.269130971	1.972653722
0.6266240941	0.3733759059	1.267835411	1.976030695
0.6276250751	0.3723749249	1.266543995	1.979420546
0.6286260561	0.3713739439	1.265256703	1.982823364
0.629627037	0.370372963	1.263973515	1.986239241
0.630628018	0.369371982	1.26269441	1.989668266
0.631628999	0.368371001	1.261419369	1.993110532
0.63262998	0.36737002	1.26014837	1.99656613
0.633630961	0.366369039	1.258881394	2.000035155
0.6346319419	0.3653680581	1.257618422	2.003517699
0.6356329229	0.3643670771	1.256359434	2.007013859
0.6366339039	0.3633660961	1.25510441	2.01052373
0.6376348849	0.3623651151	1.253853331	2.014047408
0.6386358659	0.3613641341	1.252606178	2.017584991
0.6396368468	0.3603631532	1.251362932	2.021136578
0.6406378278	0.3593621722	1.250123574	2.024702268
0.6416388088	0.3583611912	1.248888085	2.028282161
0.6426397898	0.3573602102	1.247656447	2.031876358
0.6436407708	0.3563592292	1.246428642	2.035484962
0.6446417518	0.3553582482	1.245204651	2.039108074
0.6456427327	0.3543572673	1.243984456	2.0427458
0.6466437137	0.3533562863	1.24276804	2.046398244
0.6476446947	0.3523553053	1.241555383	2.050065511
0.6486456757	0.3513543243	1.24034647	2.053747709
0.6496466567	0.3503533433	1.239141281	2.057444945
0.6506476376	0.3493523624	1.2379398	2.061157328
0.6516486186	0.3483513814	1.23674201	2.064884968
0.6526495996	0.3473504004	1.235547893	2.068627974
0.6536505806	0.3463494194	1.234357432	2.07238646
0.6546515616	0.3453484384	1.233170611	2.076160538
0.6556525425	0.3443474575	1.231987413	2.079950322
0.6566535235	0.3433464765	1.230807821	2.083755926
0.6576545045	0.3423454955	1.229631818	2.087577466
0.6586554855	0.3413445145	1.22845939	2.09141506
0.6596564665	0.3403435335	1.227290518	2.095268826
0.6606574474	0.3393425526	1.226125189	2.099138882
0.6616584284	0.3383415716	1.224963384	2.103025349
0.6626594094	0.3373405906	1.223805089	2.106928349
0.6636603904	0.3363396096	1.222650288	2.110848004
0.6646613714	0.3353386286	1.221498966	2.114784438
0.6656623524	0.3343376476	1.220351107	2.118737775
0.6666633333	0.3333366667	1.219206696	2.122708142
0.6676643143	0.3323356857	1.218065718	2.126695666
0.6686652953	0.3313347047	1.216928158	2.130700475
0.6696662763	0.3303337237	1.215794001	2.134722699
0.6706672573	0.3293327427	1.214663232	2.138762469
0.6716682382	0.3283317618	1.213535836	2.142819917
0.6726692192	0.3273307808	1.2124118	2.146895176
0.6736702002	0.3263297998	1.211291109	2.150988381
0.6746711812	0.3253288188	1.210173749	2.155099668
0.6756721622	0.3243278378	1.209059705	2.159229175
0.6766731431	0.3233268569	1.207948964	2.163377038
0.6776741241	0.3223258759	1.206841511	2.1675434
0.6786751051	0.3213248949	1.205737334	2.1717284
0.6796760861	0.3203239139	1.204636418	2.175932181
0.6806770671	0.3193229329	1.20353875	2.180154888
0.681678048	0.318321952	1.202444317	2.184396665
0.682679029	0.317320971	1.201353105	2.188657659
0.68368001	0.31631999	1.200265102	2.192938019
0.684680991	0.315319009	1.199180294	2.197237894
0.685681972	0.314318028	1.198098668	2.201557435
0.686682953	0.313317047	1.197020212	2.205896794
0.6876839339	0.3123160661	1.195944913	2.210256126
0.6886849149	0.3113150851	1.194872759	2.214635586
0.6896858959	0.3103141041	1.193803737	2.219035331
0.6906868769	0.3093131231	1.192737835	2.22345552
0.6916878579	0.3083121421	1.191675041	2.227896313
0.6926888388	0.3073111612	1.190615342	2.232357871
0.6936898198	0.3063101802	1.189558728	2.236840358
0.6946908008	0.3053091992	1.188505185	2.241343939
0.6956917818	0.3043082182	1.187454703	2.24586878
0.6966927628	0.3033072372	1.186407269	2.25041505
0.6976937437	0.3023062563	1.185362873	2.254982918
0.6986947247	0.3013052753	1.184321503	2.259572556
0.6996957057	0.3003042943	1.183283147	2.264184138
0.7006966867	0.2993033133	1.182247796	2.268817838
0.7016976677	0.2983023323	1.181215437	2.273473833
0.7026986486	0.2973013514	1.180186059	2.278152301
0.7036996296	0.2963003704	1.179159653	2.282853424
0.7047006106	0.2952993894	1.178136207	2.287577382
0.7057015916	0.2942984084	1.177115712	2.292324361
0.7067025726	0.2932974274	1.176098155	2.297094546
0.7077035536	0.2922964464	1.175083528	2.301888125
0.7087045345	0.2912954655	1.174071819	2.306705287
0.7097055155	0.2902944845	1.17306302	2.311546224
0.7107064965	0.2892935035	1.172057119	2.31641113
0.7117074775	0.2882925225	1.171054107	2.321300199
0.7127084585	0.2872915415	1.170053975	2.326213631
0.7137094394	0.2862905606	1.169056712	2.331151624
0.7147104204	0.2852895796	1.16806231	2.336114379
0.7157114014	0.2842885986	1.167070758	2.341102101
0.7167123824	0.2832876176	1.166082047	2.346114995
0.7177133634	0.2822866366	1.165096169	2.351153269
0.7187143443	0.2812856557	1.164113113	2.356217134
0.7197153253	0.2802846747	1.163132872	2.361306801
0.7207163063	0.2792836937	1.162155436	2.366422485
0.7217172873	0.2782827127	1.161180797	2.371564403
0.7227182683	0.2772817317	1.160208945	2.376732773
0.7237192492	0.2762807508	1.159239873	2.381927818
0.7247202302	0.2752797698	1.158273572	2.387149759
0.7257212112	0.2742787888	1.157310033	2.392398824
0.7267221922	0.2732778078	1.156349249	2.397675241
0.7277231732	0.2722768268	1.155391211	2.402979241
0.7287241542	0.2712758458	1.154435911	2.408311056
0.7297251351	0.2702748649	1.153483341	2.413670922
0.7307261161	0.2692738839	1.152533495	2.419059077
0.7317270971	0.2682729029	1.151586363	2.424475763
0.7327280781	0.2672719219	1.150641939	2.429921222
0.7337290591	0.2662709409	1.149700214	2.4353957
0.73473004	0.26526996	1.148761182	2.440899446
0.735731021	0.264268979	1.147824836	2.446432711
0.736732002	0.263267998	1.146891168	2.451995748
0.737732983	0.262267017	1.145960171	2.457588815
0.738733964	0.261266036	1.145031839	2.46321217
0.7397349449	0.2602650551	1.144106164	2.468866077
0.7407359259	0.2592640741	1.14318314	2.474550799
0.7417369069	0.2582630931	1.14226276	2.480266605
0.7427378879	0.2572621121	1.141345019	2.486013765
0.7437388689	0.2562611311	1.140429908	2.491792555
0.7447398498	0.2552601502	1.139517423	2.497603249
0.7457408308	0.2542591692	1.138607557	2.503446129
0.7467418118	0.2532581882	1.137700304	2.509321476
0.7477427928	0.2522572072	1.136795658	2.515229578
0.7487437738	0.2512562262	1.135893613	2.521170723
0.7497447548	0.2502552452	1.134994164	2.527145204
0.7507457357	0.2492542643	1.134097305	2.533153316
0.7517467167	0.2482532833	1.133203031	2.539195359
0.7527476977	0.2472523023	1.132311335	2.545271634
0.7537486787	0.2462513213	1.131422213	2.551382447
0.7547496597	0.2452503403	1.13053566	2.557528108
0.7557506406	0.2442493594	1.129651671	2.563708928
0.7567516216	0.2432483784	1.12877024	2.569925225
0.7577526026	0.2422473974	1.127891363	2.576177317
0.7587535836	0.2412464164	1.127015035	2.582465528
0.7597545646	0.2402454354	1.126141251	2.588790185
0.7607555455	0.2392444545	1.125270007	2.595151619
0.7617565265	0.2382434735	1.124401299	2.601550163
0.7627575075	0.2372424925	1.123535122	2.607986156
0.7637584885	0.2362415115	1.122671473	2.614459941
0.7647594695	0.2352405305	1.121810346	2.620971862
0.7657604505	0.2342395495	1.120951738	2.627522271
0.7667614314	0.2332385686	1.120095645	2.634111521
0.7677624124	0.2322375876	1.119242064	2.640739969
0.7687633934	0.2312366066	1.118390991	2.64740798
0.7697643744	0.2302356256	1.117542421	2.654115918
0.7707653554	0.2292346446	1.116696353	2.660864155
0.7717663363	0.2282336637	1.115852783	2.667653066
0.7727673173	0.2272326827	1.115011706	2.67448303
0.7737682983	0.2262317017	1.114173122	2.68135443
0.7747692793	0.2252307207	1.113337025	2.688267656
0.7757702603	0.2242297397	1.112503415	2.6952231
0.7767712412	0.2232287588	1.111672287	2.70222116
0.7777722222	0.2222277778	1.110843639	2.709262238
0.7787732032	0.2212267968	1.110017469	2.716346741
0.7797741842	0.2202258158	1.109193774	2.723475081
0.7807751652	0.2192248348	1.108372553	2.730647674
0.7817761461	0.2182238539	1.107553803	2.737864943
0.7827771271	0.2172228729	1.106737521	2.745127314
0.7837781081	0.2162218919	1.105923706	2.75243522
0.7847790891	0.2152209109	1.105112357	2.759789097
0.7857800701	0.2142199299	1.104303471	2.767189387
0.7867810511	0.2132189489	1.103497047	2.774636539
0.787782032	0.212217968	1.102693084	2.782131005
0.788783013	0.211216987	1.10189158	2.789673245
0.789783994	0.210216006	1.101092534	2.797263722
0.790784975	0.209215025	1.100295944	2.804902906
0.791785956	0.208214044	1.099501811	2.812591274
0.7927869369	0.2072130631	1.098710132	2.820329306
0.7937879179	0.2062120821	1.097920908	2.82811749
0.7947888989	0.2052111011	1.097134138	2.835956319
0.7957898799	0.2042101201	1.096349821	2.843846294
0.7967908609	0.2032091391	1.095567957	2.851787919
0.7977918418	0.2022081582	1.094788545	2.859781707
0.7987928228	0.2012071772	1.094011586	2.867828176
0.7997938038	0.2002061962	1.093237079	2.875927851
0.8007947848	0.1992052152	1.092465025	2.884081263
0.8017957658	0.1982042342	1.091695424	2.892288951
0.8027967467	0.1972032533	1.090928277	2.900551459
0.8037977277	0.1962022723	1.090163583	2.908869339
0.8047987087	0.1952012913	1.089401343	2.91724315
0.8057996897	0.1942003103	1.088641559	2.925673458
0.8068006707	0.1931993293	1.087884231	2.934160835
0.8078016517	0.1921983483	1.087129359	2.942705863
0.8088026326	0.1911973674	1.086376947	2.951309128
0.8098036136	0.1901963864	1.085626993	2.959971227
0.8108045946	0.1891954054	1.084879501	2.968692761
0.8118055756	0.1881944244	1.084134471	2.977474342
0.8128065566	0.1871934434	1.083391906	2.986316588
0.8138075375	0.1861924625	1.082651806	2.995220126
0.8148085185	0.1851914815	1.081914175	3.00418559
0.8158094995	0.1841905005	1.081179013	3.013213625
0.8168104805	0.1831895195	1.080446324	3.02230488
0.8178114615	0.1821885385	1.07971611	3.031460016
0.8188124424	0.1811875576	1.078988372	3.040679701
0.8198134234	0.1801865766	1.078263115	3.049964613
0.8208144044	0.1791855956	1.07754034	3.059315439
0.8218153854	0.1781846146	1.076820051	3.068732873
0.8228163664	0.1771836336	1.07610225	3.07821762
0.8238173473	0.1761826527	1.075386941	3.087770394
0.8248183283	0.1751816717	1.074674127	3.09739192
0.8258193093	0.1741806907	1.073963811	3.107082929
0.8268202903	0.1731797097	1.073255998	3.116844165
0.8278212713	0.1721787287	1.072550691	3.126676381
0.8288222523	0.1711777477	1.071847894	3.136580341
0.8298232332	0.1701767668	1.071147611	3.146556817
0.8308242142	0.1691757858	1.070449846	3.156606594
0.8318251952	0.1681748048	1.069754604	3.166730467
0.8328261762	0.1671738238	1.06906189	3.176929241
0.8338271572	0.1661728428	1.068371707	3.187203732
0.8348281381	0.1651718619	1.067684061	3.197554769
0.8358291191	0.1641708809	1.066998957	3.20798319
0.8368301001	0.1631698999	1.066316399	3.218489847
0.8378310811	0.1621689189	1.065636394	3.229075601
0.8388320621	0.1611679379	1.064958947	3.239741327
0.839833043	0.160166957	1.064284063	3.250487912
0.840834024	0.159165976	1.063611748	3.261316254
0.841835005	0.158164995	1.062942009	3.272227266
0.842835986	0.157164014	1.062274851	3.283221871
0.843836967	0.156163033	1.06161028	3.294301008
0.8448379479	0.1551620521	1.060948304	3.305465625
0.8458389289	0.1541610711	1.060288928	3.316716689
0.8468399099	0.1531600901	1.05963216	3.328055175
0.8478408909	0.1521591091	1.058978006	3.339482076
0.8488418719	0.1511581281	1.058326474	3.350998398
0.8498428529	0.1501571471	1.057677571	3.362605161
0.8508438338	0.1491561662	1.057031304	3.3743034
0.8518448148	0.1481551852	1.056387682	3.386094164
0.8528457958	0.1471542042	1.055746712	3.397978518
0.8538467768	0.1461532232	1.055108402	3.409957542
0.8548477578	0.1451522422	1.05447276	3.422032334
0.8558487387	0.1441512613	1.053839795	3.434204004
0.8568497197	0.1431502803	1.053209516	3.446473681
0.8578507007	0.1421492993	1.052581931	3.458842509
0.8588516817	0.1411483183	1.051957049	3.471311651
0.8598526627	0.1401473373	1.051334879	3.483882285
0.8608536436	0.1391463564	1.050715431	3.496555607
0.8618546246	0.1381453754	1.050098715	3.509332832
0.8628556056	0.1371443944	1.049484739	3.52221519
0.8638565866	0.1361434134	1.048873515	3.535203933
0.8648575676	0.1351424324	1.048265052	3.54830033
0.8658585485	0.1341414515	1.047659361	3.561505669
0.8668595295	0.1331404705	1.047056452	3.574821257
0.8678605105	0.1321394895	1.046456336	3.588248421
0.8688614915	0.1311385085	1.045859024	3.60178851
0.8698624725	0.1301375275	1.045264527	3.615442891
0.8708634535	0.1291365465	1.044672857	3.629212953
0.8718644344	0.1281355656	1.044084026	3.643100106
0.8728654154	0.1271345846	1.043498044	3.657105781
0.8738663964	0.1261336036	1.042914926	3.671231433
0.8748673774	0.1251326226	1.042334681	3.685478537
0.8758683584	0.1241316416	1.041757324	3.699848593
0.8768693393	0.1231306607	1.041182868	3.714343122
0.8778703203	0.1221296797	1.040611324	3.728963671
0.8788713013	0.1211286987	1.040042706	3.74371181
0.8798722823	0.1201277177	1.039477029	3.758589134
0.8808732633	0.1191267367	1.038914304	3.773597262
0.8818742442	0.1181257558	1.038354548	3.788737841
0.8828752252	0.1171247748	1.037797773	3.804012541
0.8838762062	0.1161237938	1.037243994	3.819423062
0.8848771872	0.1151228128	1.036693227	3.834971127
0.8858781682	0.1141218318	1.036145485	3.85065849
0.8868791491	0.1131208509	1.035600784	3.866486932
0.8878801301	0.1121198699	1.03505914	3.882458262
0.8888811111	0.1111188889	1.034520568	3.898574319
0.8898820921	0.1101179079	1.033985085	3.914836971
0.8908830731	0.1091169269	1.033452707	3.931248117
0.8918840541	0.1081159459	1.03292345	3.947809687
0.892885035	0.107114965	1.032397331	3.964523643
0.893886016	0.106113984	1.031874367	3.981391978
0.894886997	0.105113003	1.031354576	3.998416718
0.895887978	0.104112022	1.030837975	4.015599924
0.896888959	0.103111041	1.030324583	4.032943689
0.8978899399	0.1021100601	1.029814417	4.050450142
0.8988909209	0.1011090791	1.029307497	4.068121447
0.8998919019	0.1001080981	1.028803841	4.085959806
0.9008928829	0.09910711712	1.028303468	4.103967455
0.9018938639	0.09810613614	1.027806398	4.12214667
0.9028948448	0.09710515516	1.027312651	4.140499765
0.9038958258	0.09610417417	1.026822246	4.159029092
0.9048968068	0.09510319319	1.026335205	4.177737045
0.9058977878	0.09410221221	1.025851548	4.196626057
0.9068987688	0.09310123123	1.025371296	4.215698605
0.9078997497	0.09210025025	1.02489447	4.234957206
0.9089007307	0.09109926927	1.024421093	4.254404423
0.9099017117	0.09009828829	1.023951186	4.27404286
0.9109026927	0.08909730731	1.023484772	4.29387517
0.9119036737	0.08809632633	1.023021875	4.313904051
0.9129046547	0.08709534535	1.022562516	4.334132246
0.9139056356	0.08609436436	1.022106719	4.35456255
0.9149066166	0.08509338338	1.021654509	4.375197804
0.9159075976	0.0840924024	1.02120591	4.3960409
0.9169085786	0.08309142142	1.020760946	4.417094784
0.9179095596	0.08209044044	1.020319643	4.43836245
0.9189105405	0.08108945946	1.019882026	4.459846949
0.9199115215	0.08008847848	1.01944812	4.481551385
0.9209125025	0.0790874975	1.019017953	4.503478919
0.9219134835	0.07808651652	1.01859155	4.525632768
0.9229144645	0.07708553554	1.018168938	4.548016208
0.9239154454	0.07608455455	1.017750146	4.570632575
0.9249164264	0.07508357357	1.017335201	4.593485264
0.9259174074	0.07408259259	1.016924131	4.616577735
0.9269183884	0.07308161161	1.016516965	4.63991351
0.9279193694	0.07208063063	1.016113733	4.663496176
0.9289203504	0.07107964965	1.015714463	4.687329386
0.9299213313	0.07007866867	1.015319187	4.711416863
0.9309223123	0.06907768769	1.014927934	4.735762397
0.9319232933	0.06807670671	1.014540735	4.760369851
0.9329242743	0.06707572573	1.014157623	4.78524316
0.9339252553	0.06607474474	1.013778629	4.810386332
0.9349262362	0.06507376376	1.013403785	4.835803452
0.9359272172	0.06407278278	1.013033125	4.861498684
0.9369281982	0.0630718018	1.012666681	4.887476269
0.9379291792	0.06207082082	1.012304489	4.913740531
0.9389301602	0.06106983984	1.011946582	4.940295876
0.9399311411	0.06006885886	1.011592996	4.967146796
0.9409321221	0.05906787788	1.011243765	4.994297869
0.9419331031	0.0580668969	1.010898927	5.021753764
0.9429340841	0.05706591592	1.010558517	5.049519238
0.9439350651	0.05606493493	1.010222574	5.077599144
0.944936046	0.05506395395	1.009891134	5.10599843
0.945937027	0.05406297297	1.009564237	5.134722141
0.946938008	0.05306199199	1.00924192	5.163775422
0.947938989	0.05206101101	1.008924224	5.193163521
0.94893997	0.05106003003	1.008611189	5.22289179
0.949940951	0.05005904905	1.008302856	5.252965689
0.9509419319	0.04905806807	1.007999266	5.283390789
0.9519429129	0.04805708709	1.00770046	5.314172771
0.9529438939	0.04705610611	1.007406483	5.345317434
0.9539448749	0.04605512513	1.007117376	5.376830693
0.9549458559	0.04505414414	1.006833185	5.408718586
0.9559468368	0.04405316316	1.006553953	5.440987274
0.9569478178	0.04305218218	1.006279726	5.473643044
0.9579487988	0.0420512012	1.006010551	5.506692315
0.9589497798	0.04105022022	1.005746474	5.54014164
0.9599507608	0.04004923924	1.005487542	5.573997705
0.9609517417	0.03904825826	1.005233804	5.60826734
0.9619527227	0.03804727728	1.004985309	5.642957518
0.9629537037	0.0370462963	1.004742106	5.678075358
0.9639546847	0.03604531532	1.004504246	5.71362813
0.9649556657	0.03504433433	1.004271781	5.749623261
0.9659566466	0.03404335335	1.004044763	5.786068334
0.9669576276	0.03304237237	1.003823244	5.822971098
0.9679586086	0.03204139139	1.003607278	5.860339467
0.9689595896	0.03104041041	1.00339692	5.898181527
0.9699605706	0.03003942943	1.003192226	5.936505539
0.9709615516	0.02903844845	1.002993251	5.975319945
0.9719625325	0.02803746747	1.002800054	6.014633374
0.9729635135	0.02703648649	1.002612692	6.054454643
0.9739644945	0.02603550551	1.002431224	6.094792763
0.9749654755	0.02503452452	1.00225571	6.135656948
0.9759664565	0.02403354354	1.002086212	6.177056617
0.9769674374	0.02303256256	1.001922791	6.219001397
0.9779684184	0.02203158158	1.00176551	6.261501135
0.9789693994	0.0210306006	1.001614433	6.3045659
0.9799703804	0.02002961962	1.001469626	6.348205987
0.9809713614	0.01902863864	1.001331153	6.39243193
0.9819723423	0.01802765766	1.001199083	6.4372545
0.9829733233	0.01702667668	1.001073483	6.482684718
0.9839743043	0.0160256957	1.000954423	6.528733859
0.9849752853	0.01502471471	1.000841973	6.575413459
0.9859762663	0.01402373373	1.000736204	6.622735324
0.9869772472	0.01302275275	1.00063719	6.670711535
0.9879782282	0.01202177177	1.000545004	6.719354457
0.9889792092	0.01102079079	1.000459722	6.76867675
0.9899801902	0.01001980981	1.000381419	6.818691369
0.9909811712	0.009018828829	1.000310173	6.869411582
0.9919821522	0.008017847848	1.000246064	6.920850974
0.9929831331	0.007016866867	1.00018917	6.973023454
0.9939841141	0.006015885886	1.000139575	7.02594327
0.9949850951	0.005014904905	1.000097361	7.079625014
0.9959860761	0.004013923924	1.000062612	7.134083634
0.9969870571	0.003012942943	1.000035413	7.189334444
0.997988038	0.002011961962	1.000015852	7.245393136
0.998989019	0.001010980981	1.000004018	7.302275788
0.99999	1e-05	1	7.359998878
