1e-05	0.99999	7.62304038	1.000000001
0.001010980981	0.998989019	7.543020696	1.000005386
0.002011961962	0.997988038	7.464332743	1.000021256
0.003012942943	0.9969870571	7.386948317	1.000047501
0.004013923924	0.9959860761	7.310839932	1.000084014
0.005014904905	0.9949850951	7.235980795	1.000130689
0.006015885886	0.9939841141	7.16234479	1.00018742
0.007016866867	0.9929831331	7.089906456	1.000254106
0.008017847848	0.9919821522	7.018640966	1.000330643
0.009018828829	0.9909811712	6.948524115	1.000416933
0.01001980981	0.9899801902	6.879532295	1.000512876
0.01102079079	0.9889792092	6.811642481	1.000618374
0.01202177177	0.9879782282	6.744832216	1.000733333
0.01302275275	0.9869772472	6.679079591	1.000857656
0.01402373373	0.9859762663	6.614363233	1.000991252
0.01502471471	0.9849752853	6.550662288	1.001134027
0.0160256957	0.9839743043	6.487956405	1.001285891
0.01702667668	0.9829733233	6.426225726	1.001446755
0.01802765766	0.9819723423	6.365450869	1.001616531
0.01902863864	0.9809713614	6.305612915	1.001795131
0.02002961962	0.9799703804	6.246693396	1.001982469
0.0210306006	0.9789693994	6.188674282	1.002178462
0.02203158158	0.9779684184	6.131537969	1.002383024
0.02303256256	0.9769674374	6.075267269	1.002596075
0.02403354354	0.9759664565	6.019845396	1.002817533
0.02503452452	0.9749654755	5.965255955	1.003047318
0.02603550551	0.9739644945	5.911482936	1.00328535
0.02703648649	0.9729635135	5.858510696	1.003531552
0.02803746747	0.9719625325	5.806323956	1.003785847
0.02903844845	0.9709615516	5.754907788	1.004048158
0.03003942943	0.9699605706	5.704247606	1.004318411
0.03104041041	0.9689595896	5.654329158	1.004596532
0.03204139139	0.9679586086	5.605138514	1.004882447
0.03304237237	0.9669576276	5.556662061	1.005176086
0.03404335335	0.9659566466	5.508886494	1.005477376
0.03504433433	0.9649556657	5.461798807	1.005786248
0.03604531532	0.9639546847	5.415386283	1.006102632
0.0370462963	0.9629537037	5.369636494	1.006426459
0.03804727728	0.9619527227	5.324537283	1.006757664
0.03904825826	0.9609517417	5.280076765	1.007096178
0.04004923924	0.9599507608	5.236243318	1.007441936
0.04105022022	0.9589497798	5.193025575	1.007794874
0.0420512012	0.9579487988	5.150412416	1.008154927
0.04305218218	0.9569478178	5.108392968	1.008522031
0.04405316316	0.9559468368	5.066956591	1.008896125
0.04505414414	0.9549458559	5.026092877	1.009277146
0.04605512513	0.9539448749	4.985791644	1.009665034
0.04705610611	0.9529438939	4.946042925	1.010059728
0.04805708709	0.9519429129	4.906836972	1.01046117
0.04905806807	0.9509419319	4.868164242	1.0108693
0.05005904905	0.949940951	4.830015396	1.01128406
0.05106003003	0.94893997	4.792381293	1.011705394
0.05206101101	0.947938989	4.755252985	1.012133244
0.05306199199	0.946938008	4.718621712	1.012567555
0.05406297297	0.945937027	4.6824789	1.013008271
0.05506395395	0.944936046	4.646816152	1.013455339
0.05606493493	0.9439350651	4.611625247	1.013908703
0.05706591592	0.9429340841	4.576898135	1.014368312
0.0580668969	0.9419331031	4.54262693	1.014834113
0.05906787788	0.9409321221	4.508803913	1.015306053
0.06006885886	0.9399311411	4.47542152	1.015784081
0.06106983984	0.9389301602	4.442472343	1.016268147
0.06207082082	0.9379291792	4.409949126	1.0167582
0.0630718018	0.9369281982	4.377844759	1.017254191
0.06407278278	0.9359272172	4.346152278	1.017756071
0.06507376376	0.9349262362	4.314864857	1.018263792
0.06607474474	0.9339252553	4.28397581	1.018777306
0.06707572573	0.9329242743	4.253478583	1.019296566
0.06807670671	0.9319232933	4.223366755	1.019821524
0.06907768769	0.9309223123	4.193634031	1.020352135
0.07007866867	0.9299213313	4.164274243	1.020888354
0.07107964965	0.9289203504	4.135281342	1.021430135
0.07208063063	0.9279193694	4.1066494	1.021977433
0.07308161161	0.9269183884	4.078372607	1.022530206
0.07408259259	0.9259174074	4.050445265	1.023088408
0.07508357357	0.9249164264	4.022861787	1.023651997
0.07608455455	0.9239154454	3.995616695	1.02422093
0.07708553554	0.9229144645	3.968704618	1.024795166
0.07808651652	0.9219134835	3.942120288	1.025374662
0.0790874975	0.9209125025	3.915858538	1.025959378
0.08008847848	0.9199115215	3.889914302	1.026549273
0.08108945946	0.9189105405	3.864282608	1.027144307
0.08209044044	0.9179095596	3.838958582	1.027744439
0.08309142142	0.9169085786	3.81393744	1.028349631
0.0840924024	0.9159075976	3.789214491	1.028959843
0.08509338338	0.9149066166	3.76478513	1.029575038
0.08609436436	0.9139056356	3.74064484	1.030195176
0.08709534535	0.9129046547	3.71678919	1.030820221
0.08809632633	0.9119036737	3.69321383	1.031450135
0.08909730731	0.9109026927	3.669914491	1.032084882
0.09009828829	0.9099017117	3.646886984	1.032724424
0.09109926927	0.9089007307	3.624127197	1.033368726
0.09210025025	0.9078997497	3.601631096	1.034017752
0.09310123123	0.9068987688	3.579394718	1.034671466
0.09410221221	0.9058977878	3.557414175	1.035329835
0.09510319319	0.9048968068	3.53568565	1.035992824
0.09610417417	0.9038958258	3.514205393	1.036660397
0.09710515516	0.9028948448	3.492969724	1.037332522
0.09810613614	0.9018938639	3.471975032	1.038009165
0.09910711712	0.9008928829	3.451217766	1.038690293
0.1001080981	0.8998919019	3.430694443	1.039375873
0.1011090791	0.8988909209	3.410401641	1.040065873
0.1021100601	0.8978899399	3.390336	1.04076026
0.103111041	0.896888959	3.370494217	1.041459004
0.104112022	0.895887978	3.350873052	1.042162072
0.105113003	0.894886997	3.331469319	1.042869433
0.106113984	0.893886016	3.31227989	1.043581057
0.107114965	0.892885035	3.293301692	1.044296914
0.1081159459	0.8918840541	3.274531704	1.045016972
0.1091169269	0.8908830731	3.255966961	1.045741203
0.1101179079	0.8898820921	3.237604547	1.046469576
0.1111188889	0.8888811111	3.219441597	1.047202063
0.1121198699	0.8878801301	3.201475298	1.047938635
0.1131208509	0.8868791491	3.183702883	1.048679262
0.1141218318	0.8858781682	3.166121634	1.049423917
0.1151228128	0.8848771872	3.148728879	1.050172571
0.1161237938	0.8838762062	3.131521992	1.050925197
0.1171247748	0.8828752252	3.114498392	1.051681768
0.1181257558	0.8818742442	3.097655542	1.052442255
0.1191267367	0.8808732633	3.080990947	1.053206632
0.1201277177	0.8798722823	3.064502157	1.053974872
0.1211286987	0.8788713013	3.048186759	1.054746949
0.1221296797	0.8778703203	3.032042384	1.055522837
0.1231306607	0.8768693393	3.016066703	1.056302509
0.1241316416	0.8758683584	3.000257422	1.05708594
0.1251326226	0.8748673774	2.98461229	1.057873105
0.1261336036	0.8738663964	2.969129089	1.058663977
0.1271345846	0.8728654154	2.953805642	1.059458534
0.1281355656	0.8718644344	2.938639805	1.060256749
0.1291365465	0.8708634535	2.923629471	1.061058598
0.1301375275	0.8698624725	2.908772566	1.061864056
0.1311385085	0.8688614915	2.89406705	1.062673101
0.1321394895	0.8678605105	2.879510919	1.063485708
0.1331404705	0.8668595295	2.865102198	1.064301854
0.1341414515	0.8658585485	2.850838947	1.065121514
0.1351424324	0.8648575676	2.836719256	1.065944667
0.1361434134	0.8638565866	2.822741244	1.066771289
0.1371443944	0.8628556056	2.808903065	1.067601358
0.1381453754	0.8618546246	2.795202898	1.06843485
0.1391463564	0.8608536436	2.781638954	1.069271744
0.1401473373	0.8598526627	2.76820947	1.070112018
0.1411483183	0.8588516817	2.754912714	1.07095565
0.1421492993	0.8578507007	2.74174698	1.071802618
0.1431502803	0.8568497197	2.728710588	1.072652901
0.1441512613	0.8558487387	2.715801886	1.073506477
0.1451522422	0.8548477578	2.703019247	1.074363325
0.1461532232	0.8538467768	2.69036107	1.075223425
0.1471542042	0.8528457958	2.67782578	1.076086756
0.1481551852	0.8518448148	2.665411824	1.076953297
0.1491561662	0.8508438338	2.653117676	1.077823028
0.1501571471	0.8498428529	2.640941831	1.078695929
0.1511581281	0.8488418719	2.628882809	1.07957198
0.1521591091	0.8478408909	2.616939153	1.08045116
0.1531600901	0.8468399099	2.605109428	1.081333452
0.1541610711	0.8458389289	2.59339222	1.082218834
0.1551620521	0.8448379479	2.581786137	1.083107288
0.156163033	0.843836967	2.57028981	1.083998795
0.157164014	0.842835986	2.558901888	1.084893336
0.158164995	0.841835005	2.547621043	1.085790892
0.159165976	0.840834024	2.536445965	1.086691444
0.160166957	0.839833043	2.525375366	1.087594975
0.1611679379	0.8388320621	2.514407975	1.088501465
0.1621689189	0.8378310811	2.503542541	1.089410897
0.1631698999	0.8368301001	2.492777833	1.090323252
0.1641708809	0.8358291191	2.482112637	1.091238513
0.1651718619	0.8348281381	2.471545756	1.092156663
0.1661728428	0.8338271572	2.461076014	1.093077683
0.1671738238	0.8328261762	2.450702249	1.094001557
0.1681748048	0.8318251952	2.440423318	1.094928267
0.1691757858	0.8308242142	2.430238094	1.095857796
0.1701767668	0.8298232332	2.420145467	1.096790128
0.1711777477	0.8288222523	2.410144344	1.097725245
0.1721787287	0.8278212713	2.400233646	1.098663131
0.1731797097	0.8268202903	2.390412311	1.099603769
0.1741806907	0.8258193093	2.380679293	1.100547143
0.1751816717	0.8248183283	2.37103356	1.101493237
0.1761826527	0.8238173473	2.361474095	1.102442035
0.1771836336	0.8228163664	2.351999896	1.103393521
0.1781846146	0.8218153854	2.342609975	1.104347679
0.1791855956	0.8208144044	2.333303359	1.105304493
0.1801865766	0.8198134234	2.324079088	1.106263947
0.1811875576	0.8188124424	2.314936216	1.107226028
0.1821885385	0.8178114615	2.305873811	1.108190718
0.1831895195	0.8168104805	2.296890953	1.109158003
0.1841905005	0.8158094995	2.287986736	1.110127868
0.1851914815	0.8148085185	2.279160266	1.111100298
0.1861924625	0.8138075375	2.270410663	1.112075278
0.1871934434	0.8128065566	2.261737057	1.113052794
0.1881944244	0.8118055756	2.253138593	1.11403283
0.1891954054	0.8108045946	2.244614425	1.115015373
0.1901963864	0.8098036136	2.236163721	1.116000408
0.1911973674	0.8088026326	2.22778566	1.11698792
0.1921983483	0.8078016517	2.219479432	1.117977897
0.1931993293	0.8068006707	2.211244239	1.118970323
0.1942003103	0.8057996897	2.203079291	1.119965185
0.1952012913	0.8047987087	2.194983814	1.120962469
0.1962022723	0.8037977277	2.186957039	1.121962162
0.1972032533	0.8027967467	2.178998213	1.12296425
0.1982042342	0.8017957658	2.171106589	1.123968719
0.1992052152	0.8007947848	2.163281432	1.124975556
0.2002061962	0.7997938038	2.155522017	1.125984748
0.2012071772	0.7987928228	2.147827628	1.126996281
0.2022081582	0.7977918418	2.140197559	1.128010144
0.2032091391	0.7967908609	2.132631114	1.129026322
0.2042101201	0.7957898799	2.125127607	1.130044803
0.2052111011	0.7947888989	2.117686359	1.131065574
0.2062120821	0.7937879179	2.110306701	1.132088622
0.2072130631	0.7927869369	2.102987973	1.133113936
0.208214044	0.791785956	2.095729526	1.134141502
0.209215025	0.790784975	2.088530715	1.135171308
0.210216006	0.789783994	2.081390908	1.136203343
0.211216987	0.788783013	2.074309479	1.137237592
0.212217968	0.787782032	2.06728581	1.138274046
0.2132189489	0.7867810511	2.060319292	1.139312691
0.2142199299	0.7857800701	2.053409324	1.140353517
0.2152209109	0.7847790891	2.046555312	1.14139651
0.2162218919	0.7837781081	2.039756671	1.142441659
0.2172228729	0.7827771271	2.033012823	1.143488953
0.2182238539	0.7817761461	2.026323197	1.144538381
0.2192248348	0.7807751652	2.019687231	1.145589929
0.2202258158	0.7797741842	2.013104367	1.146643589
0.2212267968	0.7787732032	2.006574058	1.147699347
0.2222277778	0.7777722222	2.000095762	1.148757193
0.2232287588	0.7767712412	1.993668943	1.149817115
0.2242297397	0.7757702603	1.987293075	1.150879104
0.2252307207	0.7747692793	1.980967635	1.151943147
0.2262317017	0.7737682983	1.97469211	1.153009234
0.2272326827	0.7727673173	1.968465991	1.154077354
0.2282336637	0.7717663363	1.962288777	1.155147496
0.2292346446	0.7707653554	1.956159972	1.15621965
0.2302356256	0.7697643744	1.950079087	1.157293805
0.2312366066	0.7687633934	1.94404564	1.15836995
0.2322375876	0.7677624124	1.938059153	1.159448076
0.2332385686	0.7667614314	1.932119156	1.160528172
0.2342395495	0.7657604505	1.926225183	1.161610227
0.2352405305	0.7647594695	1.920376776	1.162694231
0.2362415115	0.7637584885	1.914573482	1.163780175
0.2372424925	0.7627575075	1.908814851	1.164868049
0.2382434735	0.7617565265	1.903100442	1.165957841
0.2392444545	0.7607555455	1.897429817	1.167049543
0.2402454354	0.7597545646	1.891802546	1.168143144
0.2412464164	0.7587535836	1.886218202	1.169238636
0.2422473974	0.7577526026	1.880676364	1.170336007
0.2432483784	0.7567516216	1.875176616	1.171435249
0.2442493594	0.7557506406	1.869718548	1.172536352
0.2452503403	0.7547496597	1.864301753	1.173639306
0.2462513213	0.7537486787	1.85892583	1.174744102
0.2472523023	0.7527476977	1.853590385	1.175850731
0.2482532833	0.7517467167	1.848295024	1.176959183
0.2492542643	0.7507457357	1.843039362	1.17806945
0.2502552452	0.7497447548	1.837823017	1.179181521
0.2512562262	0.7487437738	1.832645612	1.180295388
0.2522572072	0.7477427928	1.827506773	1.181411042
0.2532581882	0.7467418118	1.822406133	1.182528474
0.2542591692	0.7457408308	1.817343327	1.183647675
0.2552601502	0.7447398498	1.812317996	1.184768637
0.2562611311	0.7437388689	1.807329784	1.185891349
0.2572621121	0.7427378879	1.80237834	1.187015804
0.2582630931	0.7417369069	1.797463317	1.188141993
0.2592640741	0.7407359259	1.792584372	1.189269908
0.2602650551	0.7397349449	1.787741166	1.190399539
0.261266036	0.738733964	1.782933365	1.191530878
0.262267017	0.737732983	1.778160637	1.192663918
0.263267998	0.736732002	1.773422654	1.193798649
0.264268979	0.735731021	1.768719094	1.194935063
0.26526996	0.73473004	1.764049637	1.196073152
0.2662709409	0.7337290591	1.759413967	1.197212907
0.2672719219	0.7327280781	1.754811772	1.198354322
0.2682729029	0.7317270971	1.750242743	1.199497386
0.2692738839	0.7307261161	1.745706574	1.200642094
0.2702748649	0.7297251351	1.741202965	1.201788435
0.2712758458	0.7287241542	1.736731617	1.202936404
0.2722768268	0.7277231732	1.732292235	1.20408599
0.2732778078	0.7267221922	1.727884529	1.205237188
0.2742787888	0.7257212112	1.723508209	1.206389989
0.2752797698	0.7247202302	1.719162991	1.207544385
0.2762807508	0.7237192492	1.714848593	1.208700369
0.2772817317	0.7227182683	1.710564738	1.209857933
0.2782827127	0.7217172873	1.706311149	1.211017069
0.2792836937	0.7207163063	1.702087555	1.21217777
0.2802846747	0.7197153253	1.697893687	1.213340029
0.2812856557	0.7187143443	1.693729278	1.214503838
0.2822866366	0.7177133634	1.689594065	1.21566919
0.2832876176	0.7167123824	1.685487789	1.216836077
0.2842885986	0.7157114014	1.681410191	1.218004492
0.2852895796	0.7147104204	1.677361017	1.219174429
0.2862905606	0.7137094394	1.673340017	1.220345879
0.2872915415	0.7127084585	1.66934694	1.221518835
0.2882925225	0.7117074775	1.665381541	1.222693292
0.2892935035	0.7107064965	1.661443576	1.223869241
0.2902944845	0.7097055155	1.657532806	1.225046675
0.2912954655	0.7087045345	1.653648991	1.226225588
0.2922964464	0.7077035536	1.649791896	1.227405973
0.2932974274	0.7067025726	1.645961288	1.228587822
0.2942984084	0.7057015916	1.642156938	1.22977113
0.2952993894	0.7047006106	1.638378616	1.230955889
0.2963003704	0.7036996296	1.634626098	1.232142093
0.2973013514	0.7026986486	1.630899161	1.233329735
0.2983023323	0.7016976677	1.627197585	1.234518808
0.2993033133	0.7006966867	1.62352115	1.235709306
0.3003042943	0.6996957057	1.619869642	1.236901223
0.3013052753	0.6986947247	1.616242846	1.238094551
0.3023062563	0.6976937437	1.612640552	1.239289284
0.3033072372	0.6966927628	1.60906255	1.240485416
0.3043082182	0.6956917818	1.605508635	1.241682941
0.3053091992	0.6946908008	1.6019786	1.242881852
0.3063101802	0.6936898198	1.598472245	1.244082143
0.3073111612	0.6926888388	1.594989368	1.245283808
0.3083121421	0.6916878579	1.591529772	1.246486841
0.3093131231	0.6906868769	1.58809326	1.247691234
0.3103141041	0.6896858959	1.584679639	1.248896983
0.3113150851	0.6886849149	1.581288717	1.250104082
0.3123160661	0.6876839339	1.577920304	1.251312523
0.313317047	0.686682953	1.574574211	1.252522302
0.314318028	0.685681972	1.571250254	1.253733412
0.315319009	0.684680991	1.567948247	1.254945847
0.31631999	0.68368001	1.564668009	1.256159602
0.317320971	0.682679029	1.56140936	1.25737467
0.318321952	0.681678048	1.558172121	1.258591047
0.3193229329	0.6806770671	1.554956116	1.259808725
0.3203239139	0.6796760861	1.551761169	1.2610277
0.3213248949	0.6786751051	1.548587109	1.262247965
0.3223258759	0.6776741241	1.545433764	1.263469516
0.3233268569	0.6766731431	1.542300965	1.264692346
0.3243278378	0.6756721622	1.539188543	1.26591645
0.3253288188	0.6746711812	1.536096333	1.267141822
0.3263297998	0.6736702002	1.533024172	1.268368457
0.3273307808	0.6726692192	1.529971895	1.269596349
0.3283317618	0.6716682382	1.526939343	1.270825494
0.3293327427	0.6706672573	1.523926356	1.272055885
0.3303337237	0.6696662763	1.520932776	1.273287518
0.3313347047	0.6686652953	1.517958448	1.274520386
0.3323356857	0.6676643143	1.515003216	1.275754486
0.3333366667	0.6666633333	1.512066928	1.27698981
0.3343376476	0.6656623524	1.509149432	1.278226356
0.3353386286	0.6646613714	1.506250578	1.279464116
0.3363396096	0.6636603904	1.503370218	1.280703086
0.3373405906	0.6626594094	1.500508206	1.281943261
0.3383415716	0.6616584284	1.497664394	1.283184636
0.3393425526	0.6606574474	1.49483864	1.284427206
0.3403435335	0.6596564665	1.492030801	1.285670966
0.3413445145	0.6586554855	1.489240735	1.286915911
0.3423454955	0.6576545045	1.486468303	1.288162035
0.3433464765	0.6566535235	1.483713366	1.289409335
0.3443474575	0.6556525425	1.480975787	1.290657805
0.3453484384	0.6546515616	1.478255431	1.291907441
0.3463494194	0.6536505806	1.475552162	1.293158237
0.3473504004	0.6526495996	1.472865848	1.294410189
0.3483513814	0.6516486186	1.470196358	1.295663293
0.3493523624	0.6506476376	1.467543559	1.296917543
0.3503533433	0.6496466567	1.464907324	1.298172935
0.3513543243	0.6486456757	1.462287523	1.299429464
0.3523553053	0.6476446947	1.459684031	1.300687126
0.3533562863	0.6466437137	1.457096722	1.301945916
0.3543572673	0.6456427327	1.454525471	1.30320583
0.3553582482	0.6446417518	1.451970155	1.304466863
0.3563592292	0.6436407708	1.449430652	1.30572901
0.3573602102	0.6426397898	1.446906842	1.306992269
0.3583611912	0.6416388088	1.444398604	1.308256633
0.3593621722	0.6406378278	1.441905821	1.309522098
0.3603631532	0.6396368468	1.439428374	1.310788661
0.3613641341	0.6386358659	1.436966148	1.312056317
0.3623651151	0.6376348849	1.434519026	1.313325061
0.3633660961	0.6366339039	1.432086896	1.314594891
0.3643670771	0.6356329229	1.429669644	1.3158658
0.3653680581	0.6346319419	1.427267159	1.317137786
0.366369039	0.633630961	1.424879328	1.318410844
0.36737002	0.63262998	1.422506043	1.319684969
0.368371001	0.631628999	1.420147194	1.320960159
0.369371982	0.630628018	1.417802674	1.322236409
0.370372963	0.629627037	1.415472376	1.323513714
0.3713739439	0.6286260561	1.413156194	1.324792071
0.3723749249	0.6276250751	1.410854023	1.326071477
0.3733759059	0.6266240941	1.408565759	1.327351926
0.3743768869	0.6256231131	1.4062913	1.328633416
0.3753778679	0.6246221321	1.404030543	1.329915942
0.3763788488	0.6236211512	1.401783387	1.3311995
0.3773798298	0.6226201702	1.399549733	1.332484088
0.3783808108	0.6216191892	1.397329481	1.3337697
0.3793817918	0.6206182082	1.395122532	1.335056334
0.3803827728	0.6196172272	1.39292879	1.336343985
0.3813837538	0.6186162462	1.390748158	1.337632651
0.3823847347	0.6176152653	1.38858054	1.338922326
0.3833857157	0.6166142843	1.386425842	1.340213009
0.3843866967	0.6156133033	1.384283969	1.341504695
0.3853876777	0.6146123223	1.38215483	1.34279738
0.3863886587	0.6136113413	1.38003833	1.344091061
0.3873896396	0.6126103604	1.37793438	1.345385736
0.3883906206	0.6116093794	1.375842888	1.346681399
0.3893916016	0.6106083984	1.373763765	1.347978048
0.3903925826	0.6096074174	1.371696922	1.34927568
0.3913935636	0.6086064364	1.369642271	1.350574291
0.3923945445	0.6076054555	1.367599724	1.351873878
0.3933955255	0.6066044745	1.365569195	1.353174437
0.3943965065	0.6056034935	1.363550598	1.354475965
0.3953974875	0.6046025125	1.361543848	1.35577846
0.3963984685	0.6036015315	1.359548861	1.357081917
0.3973994494	0.6026005506	1.357565554	1.358386334
0.3984004304	0.6015995696	1.355593842	1.359691707
0.3994014114	0.6005985886	1.353633645	1.360998034
0.4004023924	0.5995976076	1.351684882	1.362305311
0.4014033734	0.5985966266	1.34974747	1.363613536
0.4024043544	0.5975956456	1.347821331	1.364922705
0.4034053353	0.5965946647	1.345906385	1.366232815
0.4044063163	0.5955936837	1.344002555	1.367543863
0.4054072973	0.5945927027	1.34210976	1.368855847
0.4064082783	0.5935917217	1.340227926	1.370168763
0.4074092593	0.5925907407	1.338356975	1.371482609
0.4084102402	0.5915897598	1.336496831	1.372797382
0.4094112212	0.5905887788	1.33464742	1.374113078
0.4104122022	0.5895877978	1.332808666	1.375429696
0.4114131832	0.5885868168	1.330980495	1.376747233
0.4124141642	0.5875858358	1.329162836	1.378065685
0.4134151451	0.5865848549	1.327355614	1.37938505
0.4144161261	0.5855838739	1.325558758	1.380705326
0.4154171071	0.5845828929	1.323772197	1.38202651
0.4164180881	0.5835819119	1.321995859	1.383348599
0.4174190691	0.5825809309	1.320229675	1.38467159
0.4184200501	0.5815799499	1.318473574	1.385995482
0.419421031	0.580578969	1.316727489	1.387320271
0.420422012	0.579577988	1.31499135	1.388645956
0.421422993	0.578577007	1.31326509	1.389972533
0.422423974	0.577576026	1.311548641	1.3913
0.423424955	0.576575045	1.309841937	1.392628356
0.4244259359	0.5755740641	1.308144912	1.393957597
0.4254269169	0.5745730831	1.306457499	1.395287721
0.4264278979	0.5735721021	1.304779635	1.396618726
0.4274288789	0.5725711211	1.303111254	1.397950611
0.4284298599	0.5715701401	1.301452293	1.399283371
0.4294308408	0.5705691592	1.299802688	1.400617006
0.4304318218	0.5695681782	1.298162376	1.401951513
0.4314328028	0.5685671972	1.296531295	1.40328689
0.4324337838	0.5675662162	1.294909383	1.404623135
0.4334347648	0.5665652352	1.293296579	1.405960246
0.4344357457	0.5655642543	1.291692822	1.407298221
0.4354367267	0.5645632733	1.290098052	1.408637058
0.4364377077	0.5635622923	1.288512208	1.409976754
0.4374386887	0.5625613113	1.286935231	1.411317309
0.4384396697	0.5615603303	1.285367064	1.412658719
0.4394406507	0.5605593493	1.283807646	1.414000984
0.4404416316	0.5595583684	1.28225692	1.415344101
0.4414426126	0.5585573874	1.28071483	1.416688068
0.4424435936	0.5575564064	1.279181317	1.418032884
0.4434445746	0.5565554254	1.277656326	1.419378547
0.4444455556	0.5555544444	1.2761398	1.420725055
0.4454465365	0.5545534635	1.274631683	1.422072407
0.4464475175	0.5535524825	1.273131922	1.4234206
0.4474484985	0.5525515015	1.27164046	1.424769634
0.4484494795	0.5515505205	1.270157244	1.426119507
0.4494504605	0.5505495395	1.26868222	1.427470216
0.4504514414	0.5495485586	1.267215334	1.428821762
0.4514524224	0.5485475776	1.265756534	1.430174141
0.4524534034	0.5475465966	1.264305767	1.431527353
0.4534543844	0.5465456156	1.26286298	1.432881396
0.4544553654	0.5455446346	1.261428123	1.434236269
0.4554563463	0.5445436537	1.260001143	1.43559197
0.4564573273	0.5435426727	1.258581991	1.436948499
0.4574583083	0.5425416917	1.257170615	1.438305853
0.4584592893	0.5415407107	1.255766965	1.439664033
0.4594602703	0.5405397297	1.254370992	1.441023035
0.4604612513	0.5395387487	1.252982647	1.442382859
0.4614622322	0.5385377678	1.25160188	1.443743505
0.4624632132	0.5375367868	1.250228642	1.445104971
0.4634641942	0.5365358058	1.248862887	1.446467255
0.4644651752	0.5355348248	1.247504566	1.447830357
0.4654661562	0.5345338438	1.246153631	1.449194276
0.4664671371	0.5335328629	1.244810036	1.45055901
0.4674681181	0.5325318819	1.243473734	1.45192456
0.4684690991	0.5315309009	1.242144678	1.453290923
0.4694700801	0.5305299199	1.240822823	1.454658099
0.4704710611	0.5295289389	1.239508123	1.456026088
0.471472042	0.528527958	1.238200533	1.457394887
0.472473023	0.527526977	1.236900008	1.458764498
0.473474004	0.526525996	1.235606503	1.460134918
0.474474985	0.525525015	1.234319974	1.461506147
0.475475966	0.524524034	1.233040378	1.462878185
0.4764769469	0.5235230531	1.23176767	1.464251031
0.4774779279	0.5225220721	1.230501808	1.465624684
0.4784789089	0.5215210911	1.229242749	1.466999143
0.4794798899	0.5205201101	1.22799045	1.468374409
0.4804808709	0.5195191291	1.226744869	1.469750481
0.4814818519	0.5185181481	1.225505964	1.471127358
0.4824828328	0.5175171672	1.224273693	1.472505039
0.4834838138	0.5165161862	1.223048016	1.473883526
0.4844847948	0.5155152052	1.22182889	1.475262816
0.4854857758	0.5145142242	1.220616277	1.47664291
0.4864867568	0.5135132432	1.219410134	1.478023808
0.4874877377	0.5125122623	1.218210423	1.479405509
0.4884887187	0.5115112813	1.217017103	1.480788013
0.4894896997	0.5105103003	1.215830135	1.482171321
0.4904906807	0.5095093193	1.21464948	1.483555431
0.4914916617	0.5085083383	1.213475099	1.484940344
0.4924926426	0.5075073574	1.212306953	1.486326061
0.4934936236	0.5065063764	1.211145004	1.48771258
0.4944946046	0.5055053954	1.209989214	1.489099902
0.4954955856	0.5045044144	1.208839546	1.490488027
0.4964965666	0.5035034334	1.207695962	1.491876955
0.4974975475	0.5025024525	1.206558424	1.493266686
0.4984985285	0.5015014715	1.205426896	1.494657221
0.4994995095	0.5005004905	1.204301342	1.49604856
0.5005004905	0.4994995095	1.203181724	1.497440704
0.5015014715	0.4984985285	1.202068007	1.498833651
0.5025024525	0.4974975475	1.200960155	1.500227404
0.5035034334	0.4964965666	1.199858132	1.501621961
0.5045044144	0.4954955856	1.198761904	1.503017325
0.5055053954	0.4944946046	1.197671434	1.504413494
0.5065063764	0.4934936236	1.196586689	1.505810471
0.5075073574	0.4924926426	1.195507633	1.507208255
0.5085083383	0.4914916617	1.194434233	1.508606847
0.5095093193	0.4904906807	1.193366454	1.510006248
0.5105103003	0.4894896997	1.192304262	1.511406458
0.5115112813	0.4884887187	1.191247625	1.512807478
0.5125122623	0.4874877377	1.190196508	1.514209309
0.5135132432	0.4864867568	1.189150878	1.515611953
0.5145142242	0.4854857758	1.188110703	1.517015409
0.5155152052	0.4844847948	1.18707595	1.518419678
0.5165161862	0.4834838138	1.186046587	1.519824763
0.5175171672	0.4824828328	1.185022582	1.521230663
0.5185181481	0.4814818519	1.184003902	1.52263738
0.5195191291	0.4804808709	1.182990516	1.524044915
0.5205201101	0.4794798899	1.181982392	1.525453269
0.5215210911	0.4784789089	1.1809795	1.526862444
0.5225220721	0.4774779279	1.179981808	1.52827244
0.5235230531	0.4764769469	1.178989285	1.529683259
0.524524034	0.475475966	1.178001901	1.531094903
0.525525015	0.474474985	1.177019625	1.532507372
0.526525996	0.473474004	1.176042427	1.533920668
0.527526977	0.472473023	1.175070278	1.535334794
0.528527958	0.471472042	1.174103147	1.536749749
0.5295289389	0.4704710611	1.173141005	1.538165536
0.5305299199	0.4694700801	1.172183823	1.539582157
0.5315309009	0.4684690991	1.171231571	1.540999613
0.5325318819	0.4674681181	1.170284221	1.542417907
0.5335328629	0.4664671371	1.169341744	1.543837039
0.5345338438	0.4654661562	1.168404111	1.545257011
0.5355348248	0.4644651752	1.167471293	1.546677827
0.5365358058	0.4634641942	1.166543264	1.548099487
0.5375367868	0.4624632132	1.165619995	1.549521993
0.5385377678	0.4614622322	1.164701457	1.550945348
0.5395387487	0.4604612513	1.163787624	1.552369554
0.5405397297	0.4594602703	1.162878469	1.553794613
0.5415407107	0.4584592893	1.161973963	1.555220527
0.5425416917	0.4574583083	1.16107408	1.556647299
0.5435426727	0.4564573273	1.160178794	1.55807493
0.5445436537	0.4554563463	1.159288076	1.559503424
0.5455446346	0.4544553654	1.158401902	1.560932782
0.5465456156	0.4534543844	1.157520245	1.562363007
0.5475465966	0.4524534034	1.156643078	1.563794102
0.5485475776	0.4514524224	1.155770377	1.56522607
0.5495485586	0.4504514414	1.154902114	1.566658913
0.5505495395	0.4494504605	1.154038264	1.568092633
0.5515505205	0.4484494795	1.153178803	1.569527234
0.5525515015	0.4474484985	1.152323704	1.570962718
0.5535524825	0.4464475175	1.151472943	1.572399089
0.5545534635	0.4454465365	1.150626494	1.573836348
0.5555544444	0.4444455556	1.149784334	1.575274501
0.5565554254	0.4434445746	1.148946437	1.576713548
0.5575564064	0.4424435936	1.148112779	1.578153494
0.5585573874	0.4414426126	1.147283336	1.579594342
0.5595583684	0.4404416316	1.146458084	1.581036095
0.5605593493	0.4394406507	1.145636999	1.582478756
0.5615603303	0.4384396697	1.144820056	1.583922329
0.5625613113	0.4374386887	1.144007233	1.585366817
0.5635622923	0.4364377077	1.143198506	1.586812224
0.5645632733	0.4354367267	1.142393852	1.588258553
0.5655642543	0.4344357457	1.141593247	1.589705809
0.5665652352	0.4334347648	1.140796669	1.591153994
0.5675662162	0.4324337838	1.140004095	1.592603112
0.5685671972	0.4314328028	1.139215501	1.594053167
0.5695681782	0.4304318218	1.138430866	1.595504164
0.5705691592	0.4294308408	1.137650166	1.596956106
0.5715701401	0.4284298599	1.136873381	1.598408998
0.5725711211	0.4274288789	1.136100487	1.599862842
0.5735721021	0.4264278979	1.135331463	1.601317645
0.5745730831	0.4254269169	1.134566287	1.602773408
0.5755740641	0.4244259359	1.133804937	1.604230139
0.576575045	0.423424955	1.133047391	1.605687839
0.577576026	0.422423974	1.132293629	1.607146515
0.578577007	0.421422993	1.131543628	1.60860617
0.579577988	0.420422012	1.130797369	1.610066809
0.580578969	0.419421031	1.130054829	1.611528437
0.5815799499	0.4184200501	1.129315988	1.612991059
0.5825809309	0.4174190691	1.128580825	1.614454679
0.5835819119	0.4164180881	1.12784932	1.615919302
0.5845828929	0.4154171071	1.127121452	1.617384934
0.5855838739	0.4144161261	1.126397201	1.618851578
0.5865848549	0.4134151451	1.125676547	1.620319242
0.5875858358	0.4124141642	1.124959468	1.621787929
0.5885868168	0.4114131832	1.124245947	1.623257644
0.5895877978	0.4104122022	1.123535962	1.624728394
0.5905887788	0.4094112212	1.122829494	1.626200184
0.5915897598	0.4084102402	1.122126524	1.627673019
0.5925907407	0.4074092593	1.121427031	1.629146905
0.5935917217	0.4064082783	1.120730997	1.630621848
0.5945927027	0.4054072973	1.120038403	1.632097853
0.5955936837	0.4044063163	1.119349229	1.633574926
0.5965946647	0.4034053353	1.118663456	1.635053073
0.5975956456	0.4024043544	1.117981066	1.6365323
0.5985966266	0.4014033734	1.117302039	1.638012613
0.5995976076	0.4004023924	1.116626358	1.639494019
0.6005985886	0.3994014114	1.115954003	1.640976523
0.6015995696	0.3984004304	1.115284957	1.642460132
0.6026005506	0.3973994494	1.114619201	1.643944853
0.6036015315	0.3963984685	1.113956716	1.645430691
0.6046025125	0.3953974875	1.113297485	1.646917655
0.6056034935	0.3943965065	1.11264149	1.648405749
0.6066044745	0.3933955255	1.111988713	1.649894981
0.6076054555	0.3923945445	1.111339137	1.651385359
0.6086064364	0.3913935636	1.110692743	1.652876888
0.6096074174	0.3903925826	1.110049514	1.654369577
0.6106083984	0.3893916016	1.109409433	1.655863431
0.6116093794	0.3883906206	1.108772482	1.657358459
0.6126103604	0.3873896396	1.108138645	1.658854668
0.6136113413	0.3863886587	1.107507904	1.660352065
0.6146123223	0.3853876777	1.106880243	1.661850658
0.6156133033	0.3843866967	1.106255644	1.663350454
0.6166142843	0.3833857157	1.10563409	1.664851461
0.6176152653	0.3823847347	1.105015566	1.666353688
0.6186162462	0.3813837538	1.104400054	1.667857141
0.6196172272	0.3803827728	1.103787538	1.66936183
0.6206182082	0.3793817918	1.103178001	1.670867761
0.6216191892	0.3783808108	1.102571428	1.672374944
0.6226201702	0.3773798298	1.101967802	1.673883387
0.6236211512	0.3763788488	1.101367108	1.675393098
0.6246221321	0.3753778679	1.100769328	1.676904086
0.6256231131	0.3743768869	1.100174448	1.678416359
0.6266240941	0.3733759059	1.099582451	1.679929927
0.6276250751	0.3723749249	1.098993322	1.681444797
0.6286260561	0.3713739439	1.098407046	1.68296098
0.629627037	0.370372963	1.097823606	1.684478484
0.630628018	0.369371982	1.097242988	1.685997319
0.631628999	0.368371001	1.096665176	1.687517493
0.63262998	0.36737002	1.096090154	1.689039016
0.633630961	0.366369039	1.095517908	1.690561899
0.6346319419	0.3653680581	1.094948424	1.69208615
0.6356329229	0.3643670771	1.094381684	1.693611779
0.6366339039	0.3633660961	1.093817676	1.695138796
0.6376348849	0.3623651151	1.093256384	1.696667211
0.6386358659	0.3613641341	1.092697793	1.698197035
0.6396368468	0.3603631532	1.09214189	1.699728278
0.6406378278	0.3593621722	1.091588658	1.701260949
0.6416388088	0.3583611912	1.091038085	1.70279506
0.6426397898	0.3573602102	1.090490155	1.704330621
0.6436407708	0.3563592292	1.089944855	1.705867643
0.6446417518	0.3553582482	1.08940217	1.707406137
0.6456427327	0.3543572673	1.088862086	1.708946114
0.6466437137	0.3533562863	1.088324589	1.710487585
0.6476446947	0.3523553053	1.087789666	1.712030561
0.6486456757	0.3513543243	1.087257302	1.713575054
0.6496466567	0.3503533433	1.086727484	1.715121076
0.6506476376	0.3493523624	1.086200198	1.716668637
0.6516486186	0.3483513814	1.08567543	1.71821775
0.6526495996	0.3473504004	1.085153167	1.719768426
0.6536505806	0.3463494194	1.084633396	1.721320678
0.6546515616	0.3453484384	1.084116103	1.722874519
0.6556525425	0.3443474575	1.083601275	1.72442996
0.6566535235	0.3433464765	1.083088898	1.725987013
0.6576545045	0.3423454955	1.08257896	1.727545693
0.6586554855	0.3413445145	1.082071448	1.72910601
0.6596564665	0.3403435335	1.081566349	1.730667979
0.6606574474	0.3393425526	1.081063649	1.732231613
0.6616584284	0.3383415716	1.080563336	1.733796924
0.6626594094	0.3373405906	1.080065398	1.735363926
0.6636603904	0.3363396096	1.079569821	1.736932632
0.6646613714	0.3353386286	1.079076593	1.738503057
0.6656623524	0.3343376476	1.078585701	1.740075214
0.6666633333	0.3333366667	1.078097134	1.741649117
0.6676643143	0.3323356857	1.077610879	1.743224781
0.6686652953	0.3313347047	1.077126922	1.744802219
0.6696662763	0.3303337237	1.076645254	1.746381446
0.6706672573	0.3293327427	1.07616586	1.747962477
0.6716682382	0.3283317618	1.075688729	1.749545326
0.6726692192	0.3273307808	1.075213849	1.751130009
0.6736702002	0.3263297998	1.074741209	1.75271654
0.6746711812	0.3253288188	1.074270796	1.754304936
0.6756721622	0.3243278378	1.073802598	1.755895211
0.6766731431	0.3233268569	1.073336604	1.757487381
0.6776741241	0.3223258759	1.072872802	1.759081462
0.6786751051	0.3213248949	1.072411181	1.76067747
0.6796760861	0.3203239139	1.071951728	1.762275421
0.6806770671	0.3193229329	1.071494434	1.763875331
0.681678048	0.318321952	1.071039285	1.765477218
0.682679029	0.317320971	1.070586271	1.767081097
0.68368001	0.31631999	1.070135382	1.768686985
0.684680991	0.315319009	1.069686604	1.770294901
0.685681972	0.314318028	1.069239928	1.77190486
0.686682953	0.313317047	1.068795343	1.773516881
0.6876839339	0.3123160661	1.068352836	1.77513098
0.6886849149	0.3113150851	1.067912399	1.776747177
0.6896858959	0.3103141041	1.067474019	1.778365489
0.6906868769	0.3093131231	1.067037685	1.779985934
0.6916878579	0.3083121421	1.066603388	1.78160853
0.6926888388	0.3073111612	1.066171117	1.783233297
0.6936898198	0.3063101802	1.06574086	1.784860253
0.6946908008	0.3053091992	1.065312608	1.786489417
0.6956917818	0.3043082182	1.06488635	1.788120808
0.6966927628	0.3033072372	1.064462075	1.789754447
0.6976937437	0.3023062563	1.064039773	1.791390351
0.6986947247	0.3013052753	1.063619434	1.793028543
0.6996957057	0.3003042943	1.063201048	1.79466904
0.7006966867	0.2993033133	1.062784605	1.796311865
0.7016976677	0.2983023323	1.062370094	1.797957037
0.7026986486	0.2973013514	1.061957506	1.799604577
0.7036996296	0.2963003704	1.061546829	1.801254507
0.7047006106	0.2952993894	1.061138056	1.802906846
0.7057015916	0.2942984084	1.060731175	1.804561618
0.7067025726	0.2932974274	1.060326177	1.806218843
0.7077035536	0.2922964464	1.059923053	1.807878543
0.7087045345	0.2912954655	1.059521792	1.809540741
0.7097055155	0.2902944845	1.059122385	1.811205459
0.7107064965	0.2892935035	1.058724822	1.812872719
0.7117074775	0.2882925225	1.058329094	1.814542545
0.7127084585	0.2872915415	1.057935192	1.816214959
0.7137094394	0.2862905606	1.057543105	1.817889985
0.7147104204	0.2852895796	1.057152826	1.819567646
0.7157114014	0.2842885986	1.056764344	1.821247967
0.7167123824	0.2832876176	1.05637765	1.822930971
0.7177133634	0.2822866366	1.055992736	1.824616683
0.7187143443	0.2812856557	1.055609592	1.826305128
0.7197153253	0.2802846747	1.055228208	1.827996329
0.7207163063	0.2792836937	1.054848577	1.829690314
0.7217172873	0.2782827127	1.054470689	1.831387106
0.7227182683	0.2772817317	1.054094536	1.833086732
0.7237192492	0.2762807508	1.053720108	1.834789218
0.7247202302	0.2752797698	1.053347396	1.83649459
0.7257212112	0.2742787888	1.052976393	1.838202874
0.7267221922	0.2732778078	1.05260709	1.839914098
0.7277231732	0.2722768268	1.052239477	1.841628288
0.7287241542	0.2712758458	1.051873546	1.843345472
0.7297251351	0.2702748649	1.05150929	1.845065678
0.7307261161	0.2692738839	1.051146699	1.846788933
0.7317270971	0.2682729029	1.050785765	1.848515266
0.7327280781	0.2672719219	1.05042648	1.850244705
0.7337290591	0.2662709409	1.050068836	1.85197728
0.73473004	0.26526996	1.049712824	1.85371302
0.735731021	0.264268979	1.049358436	1.855451954
0.736732002	0.263267998	1.049005665	1.857194111
0.737732983	0.262267017	1.048654502	1.858939523
0.738733964	0.261266036	1.048304939	1.86068822
0.7397349449	0.2602650551	1.047956968	1.862440232
0.7407359259	0.2592640741	1.047610582	1.864195591
0.7417369069	0.2582630931	1.047265772	1.865954327
0.7427378879	0.2572621121	1.046922531	1.867716474
0.7437388689	0.2562611311	1.046580851	1.869482063
0.7447398498	0.2552601502	1.046240725	1.871251127
0.7457408308	0.2542591692	1.045902145	1.873023698
0.7467418118	0.2532581882	1.045565103	1.874799809
0.7477427928	0.2522572072	1.045229592	1.876579495
0.7487437738	0.2512562262	1.044895604	1.878362789
0.7497447548	0.2502552452	1.044563133	1.880149726
0.7507457357	0.2492542643	1.04423217	1.881940339
0.7517467167	0.2482532833	1.043902709	1.883734665
0.7527476977	0.2472523023	1.043574742	1.885532738
0.7537486787	0.2462513213	1.043248262	1.887334594
0.7547496597	0.2452503403	1.042923262	1.88914027
0.7557506406	0.2442493594	1.042599735	1.890949802
0.7567516216	0.2432483784	1.042277673	1.892763227
0.7577526026	0.2422473974	1.041957071	1.894580582
0.7587535836	0.2412464164	1.041637921	1.896401905
0.7597545646	0.2402454354	1.041320215	1.898227234
0.7607555455	0.2392444545	1.041003949	1.900056608
0.7617565265	0.2382434735	1.040689113	1.901890066
0.7627575075	0.2372424925	1.040375703	1.903727647
0.7637584885	0.2362415115	1.040063711	1.905569391
0.7647594695	0.2352405305	1.039753131	1.907415338
0.7657604505	0.2342395495	1.039443956	1.909265528
0.7667614314	0.2332385686	1.039136179	1.911120004
0.7677624124	0.2322375876	1.038829795	1.912978807
0.7687633934	0.2312366066	1.038524797	1.914841977
0.7697643744	0.2302356256	1.038221178	1.916709559
0.7707653554	0.2292346446	1.037918933	1.918581595
0.7717663363	0.2282336637	1.037618054	1.920458129
0.7727673173	0.2272326827	1.037318537	1.922339203
0.7737682983	0.2262317017	1.037020374	1.924224863
0.7747692793	0.2252307207	1.03672356	1.926115154
0.7757702603	0.2242297397	1.036428088	1.92801012
0.7767712412	0.2232287588	1.036133954	1.929909807
0.7777722222	0.2222277778	1.03584115	1.931814263
0.7787732032	0.2212267968	1.035549672	1.933723533
0.7797741842	0.2202258158	1.035259512	1.935637665
0.7807751652	0.2192248348	1.034970666	1.937556706
0.7817761461	0.2182238539	1.034683128	1.939480706
0.7827771271	0.2172228729	1.034396892	1.941409712
0.7837781081	0.2162218919	1.034111953	1.943343775
0.7847790891	0.2152209109	1.033828304	1.945282944
0.7857800701	0.2142199299	1.033545942	1.94722727
0.7867810511	0.2132189489	1.033264859	1.949176804
0.787782032	0.212217968	1.032985051	1.951131597
0.788783013	0.211216987	1.032706513	1.953091701
0.789783994	0.210216006	1.032429239	1.95505717
0.790784975	0.209215025	1.032153224	1.957028056
0.791785956	0.208214044	1.031878463	1.959004414
0.7927869369	0.2072130631	1.031604951	1.960986298
0.7937879179	0.2062120821	1.031332683	1.962973763
0.7947888989	0.2052111011	1.031061653	1.964966865
0.7957898799	0.2042101201	1.030791857	1.96696566
0.7967908609	0.2032091391	1.030523291	1.968970205
0.7977918418	0.2022081582	1.030255948	1.970980557
0.7987928228	0.2012071772	1.029989825	1.972996776
0.7997938038	0.2002061962	1.029724917	1.975018918
0.8007947848	0.1992052152	1.029461218	1.977047045
0.8017957658	0.1982042342	1.029198726	1.979081217
0.8027967467	0.1972032533	1.028937434	1.981121493
0.8037977277	0.1962022723	1.028677339	1.983167936
0.8047987087	0.1952012913	1.028418436	1.985220608
0.8057996897	0.1942003103	1.02816072	1.987279571
0.8068006707	0.1931993293	1.027904188	1.989344889
0.8078016517	0.1921983483	1.027648835	1.991416627
0.8088026326	0.1911973674	1.027394657	1.99349485
0.8098036136	0.1901963864	1.02714165	1.995579622
0.8108045946	0.1891954054	1.02688981	1.997671011
0.8118055756	0.1881944244	1.026639133	1.999769085
0.8128065566	0.1871934434	1.026389614	2.001873909
0.8138075375	0.1861924625	1.02614125	2.003985555
0.8148085185	0.1851914815	1.025894038	2.00610409
0.8158094995	0.1841905005	1.025647972	2.008229586
0.8168104805	0.1831895195	1.025403051	2.010362113
0.8178114615	0.1821885385	1.025159269	2.012501743
0.8188124424	0.1811875576	1.024916623	2.014648549
0.8198134234	0.1801865766	1.024675111	2.016802604
0.8208144044	0.1791855956	1.024434727	2.018963983
0.8218153854	0.1781846146	1.02419547	2.021132761
0.8228163664	0.1771836336	1.023957335	2.023309014
0.8238173473	0.1761826527	1.02372032	2.025492819
0.8248183283	0.1751816717	1.02348442	2.027684253
0.8258193093	0.1741806907	1.023249634	2.029883396
0.8268202903	0.1731797097	1.023015957	2.032090326
0.8278212713	0.1721787287	1.022783387	2.034305124
0.8288222523	0.1711777477	1.022551921	2.036527872
0.8298232332	0.1701767668	1.022321556	2.038758652
0.8308242142	0.1691757858	1.022092289	2.040997547
0.8318251952	0.1681748048	1.021864117	2.043244642
0.8328261762	0.1671738238	1.021637038	2.04550002
0.8338271572	0.1661728428	1.021411049	2.04776377
0.8348281381	0.1651718619	1.021186147	2.050035977
0.8358291191	0.1641708809	1.02096233	2.052316731
0.8368301001	0.1631698999	1.020739595	2.054606119
0.8378310811	0.1621689189	1.020517941	2.056904233
0.8388320621	0.1611679379	1.020297364	2.059211163
0.839833043	0.160166957	1.020077863	2.061527003
0.840834024	0.159165976	1.019859435	2.063851845
0.841835005	0.158164995	1.019642079	2.066185783
0.842835986	0.157164014	1.019425791	2.068528914
0.843836967	0.156163033	1.019210571	2.070881334
0.8448379479	0.1551620521	1.018996417	2.07324314
0.8458389289	0.1541610711	1.018783325	2.075614433
0.8468399099	0.1531600901	1.018571296	2.077995312
0.8478408909	0.1521591091	1.018360327	2.080385878
0.8488418719	0.1511581281	1.018150417	2.082786233
0.8498428529	0.1501571471	1.017941564	2.085196482
0.8508438338	0.1491561662	1.017733766	2.08761673
0.8518448148	0.1481551852	1.017527023	2.090047082
0.8528457958	0.1471542042	1.017321332	2.092487647
0.8538467768	0.1461532232	1.017116694	2.094938532
0.8548477578	0.1451522422	1.016913106	2.097399848
0.8558487387	0.1441512613	1.016710567	2.099871706
0.8568497197	0.1431502803	1.016509078	2.102354218
0.8578507007	0.1421492993	1.016308636	2.1048475
0.8588516817	0.1411483183	1.016109241	2.107351665
0.8598526627	0.1401473373	1.015910892	2.109866831
0.8608536436	0.1391463564	1.015713588	2.112393116
0.8618546246	0.1381453754	1.01551733	2.11493064
0.8628556056	0.1371443944	1.015322116	2.117479523
0.8638565866	0.1361434134	1.015127946	2.120039888
0.8648575676	0.1351424324	1.014934819	2.122611859
0.8658585485	0.1341414515	1.014742736	2.125195562
0.8668595295	0.1331404705	1.014551697	2.127791122
0.8678605105	0.1321394895	1.014361701	2.13039867
0.8688614915	0.1311385085	1.014172748	2.133018334
0.8698624725	0.1301375275	1.013984838	2.135650247
0.8708634535	0.1291365465	1.013797972	2.138294541
0.8718644344	0.1281355656	1.01361215	2.140951353
0.8728654154	0.1271345846	1.013427372	2.143620817
0.8738663964	0.1261336036	1.013243639	2.146303073
0.8748673774	0.1251326226	1.013060951	2.148998261
0.8758683584	0.1241316416	1.012879309	2.151706522
0.8768693393	0.1231306607	1.012698714	2.154427999
0.8778703203	0.1221296797	1.012519166	2.157162837
0.8788713013	0.1211286987	1.012340667	2.159911185
0.8798722823	0.1201277177	1.012163217	2.16267319
0.8808732633	0.1191267367	1.011986818	2.165449003
0.8818742442	0.1181257558	1.011811471	2.168238778
0.8828752252	0.1171247748	1.011637177	2.171042667
0.8838762062	0.1161237938	1.011463938	2.173860828
0.8848771872	0.1151228128	1.011291755	2.176693419
0.8858781682	0.1141218318	1.01112063	2.1795406
0.8868791491	0.1131208509	1.010950565	2.182402534
0.8878801301	0.1121198699	1.010781561	2.185279385
0.8888811111	0.1111188889	1.010613621	2.18817132
0.8898820921	0.1101179079	1.010446746	2.191078507
0.8908830731	0.1091169269	1.010280939	2.194001118
0.8918840541	0.1081159459	1.010116202	2.196939324
0.892885035	0.107114965	1.009952537	2.199893302
0.893886016	0.106113984	1.009789947	2.202863228
0.894886997	0.105113003	1.009628435	2.205849282
0.895887978	0.104112022	1.009468003	2.208851647
0.896888959	0.103111041	1.009308655	2.211870506
0.8978899399	0.1021100601	1.009150392	2.214906047
0.8988909209	0.1011090791	1.008993219	2.217958458
0.8998919019	0.1001080981	1.008837138	2.221027931
0.9008928829	0.09910711712	1.008682153	2.22411466
0.9018938639	0.09810613614	1.008528267	2.227218841
0.9028948448	0.09710515516	1.008375484	2.230340675
0.9038958258	0.09610417417	1.008223807	2.233480361
0.9048968068	0.09510319319	1.008073241	2.236638106
0.9058977878	0.09410221221	1.00792379	2.239814116
0.9068987688	0.09310123123	1.007775456	2.2430086
0.9078997497	0.09210025025	1.007628246	2.246221772
0.9089007307	0.09109926927	1.007482162	2.249453846
0.9099017117	0.09009828829	1.007337211	2.252705042
0.9109026927	0.08909730731	1.007193395	2.255975579
0.9119036737	0.08809632633	1.00705072	2.259265683
0.9129046547	0.08709534535	1.006909191	2.26257558
0.9139056356	0.08609436436	1.006768814	2.2659055
0.9149066166	0.08509338338	1.006629592	2.269255677
0.9159075976	0.0840924024	1.006491532	2.272626347
0.9169085786	0.08309142142	1.006354639	2.276017749
0.9179095596	0.08209044044	1.006218918	2.279430127
0.9189105405	0.08108945946	1.006084376	2.282863725
0.9199115215	0.08008847848	1.005951018	2.286318795
0.9209125025	0.0790874975	1.005818851	2.289795587
0.9219134835	0.07808651652	1.005687881	2.293294359
0.9229144645	0.07708553554	1.005558113	2.296815371
0.9239154454	0.07608455455	1.005429556	2.300358885
0.9249164264	0.07508357357	1.005302215	2.303925168
0.9259174074	0.07408259259	1.005176097	2.307514492
0.9269183884	0.07308161161	1.005051209	2.311127129
0.9279193694	0.07208063063	1.00492756	2.31476336
0.9289203504	0.07107964965	1.004805155	2.318423464
0.9299213313	0.07007866867	1.004684003	2.322107729
0.9309223123	0.06907768769	1.004564111	2.325816445
0.9319232933	0.06807670671	1.004445488	2.329549904
0.9329242743	0.06707572573	1.004328141	2.333308406
0.9339252553	0.06607474474	1.004212079	2.337092252
0.9349262362	0.06507376376	1.00409731	2.340901749
0.9359272172	0.06407278278	1.003983842	2.344737207
0.9369281982	0.0630718018	1.003871686	2.348598943
0.9379291792	0.06207082082	1.003760849	2.352487275
0.9389301602	0.06106983984	1.003651341	2.356402529
0.9399311411	0.06006885886	1.003543172	2.360345032
0.9409321221	0.05906787788	1.00343635	2.364315119
0.9419331031	0.0580668969	1.003330887	2.368313128
0.9429340841	0.05706591592	1.003226791	2.372339402
0.9439350651	0.05606493493	1.003124074	2.376394289
0.944936046	0.05506395395	1.003022745	2.380478143
0.945937027	0.05406297297	1.002922815	2.384591322
0.946938008	0.05306199199	1.002824296	2.38873419
0.947938989	0.05206101101	1.002727198	2.392907116
0.94893997	0.05106003003	1.002631532	2.397110473
0.949940951	0.05005904905	1.002537311	2.401344643
0.9509419319	0.04905806807	1.002444545	2.405610009
0.9519429129	0.04805708709	1.002353248	2.409906964
0.9529438939	0.04705610611	1.00226343	2.414235904
0.9539448749	0.04605512513	1.002175105	2.418597232
0.9549458559	0.04505414414	1.002088286	2.422991357
0.9559468368	0.04405316316	1.002002985	2.427418694
0.9569478178	0.04305218218	1.001919215	2.431879663
0.9579487988	0.0420512012	1.001836991	2.436374692
0.9589497798	0.04105022022	1.001756325	2.440904216
0.9599507608	0.04004923924	1.001677232	2.445468673
0.9609517417	0.03904825826	1.001599725	2.450068513
0.9619527227	0.03804727728	1.001523821	2.454704187
0.9629537037	0.0370462963	1.001449532	2.459376158
0.9639546847	0.03604531532	1.001376875	2.464084893
0.9649556657	0.03504433433	1.001305865	2.468830867
0.9659566466	0.03404335335	1.001236516	2.473614562
0.9669576276	0.03304237237	1.001168846	2.478436469
0.9679586086	0.03204139139	1.00110287	2.483297083
0.9689595896	0.03104041041	1.001038605	2.488196911
0.9699605706	0.03003942943	1.000976067	2.493136466
0.9709615516	0.02903844845	1.000915274	2.498116267
0.9719625325	0.02803746747	1.000856243	2.503136845
0.9729635135	0.02703648649	1.000798992	2.508198737
0.9739644945	0.02603550551	1.000743538	2.513302488
0.9749654755	0.02503452452	1.000689901	2.518448653
0.9759664565	0.02403354354	1.000638098	2.523637795
0.9769674374	0.02303256256	1.000588149	2.528870487
0.9779684184	0.02203158158	1.000540073	2.534147309
0.9789693994	0.0210306006	1.00049389	2.539468853
0.9799703804	0.02002961962	1.00044962	2.544835719
0.9809713614	0.01902863864	1.000407282	2.550248515
0.9819723423	0.01802765766	1.000366899	2.555707863
0.9829733233	0.01702667668	1.00032849	2.561214392
0.9839743043	0.0160256957	1.000292077	2.566768741
0.9849752853	0.01502471471	1.000257683	2.572371561
0.9859762663	0.01402373373	1.000225329	2.578023514
0.9869772472	0.01302275275	1.000195038	2.58372527
0.9879782282	0.01202177177	1.000166833	2.589477514
0.9889792092	0.01102079079	1.000140738	2.595280938
0.9899801902	0.01001980981	1.000116775	2.60113625
0.9909811712	0.009018828829	1.00009497	2.607044165
0.9919821522	0.008017847848	1.000075346	2.613005415
0.9929831331	0.007016866867	1.00005793	2.619020741
0.9939841141	0.006015885886	1.000042746	2.625090897
0.9949850951	0.005014904905	1.00002982	2.631216649
0.9959860761	0.004013923924	1.000019178	2.637398778
0.9969870571	0.003012942943	1.000010848	2.643638077
0.997988038	0.002011961962	1.000004856	2.649935353
0.998989019	0.001010980981	1.000001231	2.656291425
0.99999	1e-05	1	2.662707129
