1e-05	0.99999	0.102987744	1.000000002
0.001010980981	0.998989019	0.09879524045	1.000020987
0.002011961962	0.997988038	0.09504485903	1.000079344
0.003012942943	0.9969870571	0.09168449543	1.000169803
0.004013923924	0.9959860761	0.08866952056	1.000287517
0.005014904905	0.9949850951	0.08596155844	1.000428026
0.006015885886	0.9939841141	0.08352748626	1.000587226
0.007016866867	0.9929831331	0.08133861268	1.000761344
0.008017847848	0.9919821522	0.07936999946	1.000946909
0.009018828829	0.9909811712	0.07759989899	1.001140728
0.01001980981	0.9899801902	0.07600928612	1.00133987
0.01102079079	0.9889792092	0.07458146686	1.001541639
0.01202177177	0.9879782282	0.07330175003	1.001743564
0.01302275275	0.9869772472	0.07215717084	1.001943374
0.01402373373	0.9859762663	0.07113625723	1.002138991
0.01502471471	0.9849752853	0.07022883175	1.00232851
0.0160256957	0.9839743043	0.06942584303	1.002510189
0.01702667668	0.9829733233	0.06871922188	1.002682437
0.01802765766	0.9819723423	0.06810175816	1.002843802
0.01902863864	0.9809713614	0.06756699499	1.002992962
0.02002961962	0.9799703804	0.06710913763	1.003128717
0.0210306006	0.9789693994	0.06672297487	1.003249976
0.02203158158	0.9779684184	0.06640381088	1.003355753
0.02303256256	0.9769674374	0.06614740604	1.003445158
0.02403354354	0.9759664565	0.06594992552	1.003517392
0.02503452452	0.9749654755	0.06580789429	1.003571737
0.02603550551	0.9739644945	0.06571815787	1.003607555
0.02703648649	0.9729635135	0.06567784788	1.003624276
0.02803746747	0.9719625325	0.06568435175	1.0036214
0.02903844845	0.9709615516	0.06573528611	1.003598489
0.03003942943	0.9699605706	0.06582847324	1.00355516
0.03104041041	0.9689595896	0.06596192025	1.003491087
0.03204139139	0.9679586086	0.06613380074	1.00340599
0.03304237237	0.9669576276	0.06634243836	1.003299638
0.03404335335	0.9659566466	0.0665862923	1.003171842
0.03504433433	0.9649556657	0.06686394435	1.003022453
0.03604531532	0.9639546847	0.0671740873	1.002851358
0.0370462963	0.9629537037	0.06751551458	1.002658479
0.03804727728	0.9619527227	0.06788711108	1.002443769
0.03904825826	0.9609517417	0.06828784476	1.002207213
0.04004923924	0.9599507608	0.0687167592	1.001948819
0.04105022022	0.9589497798	0.06917296692	1.001668623
0.0420512012	0.9579487988	0.06965564331	1.001366683
0.04305218218	0.9569478178	0.07016402115	1.001043079
0.04405316316	0.9559468368	0.07069738569	1.000697911
0.04505414414	0.9549458559	0.07125507017	1.000331297
0.04605512513	0.9539448749	0.07183645182	0.9999433712
0.04705610611	0.9529438939	0.0724409481	0.999534284
0.04805708709	0.9519429129	0.07306801346	0.9991041993
0.04905806807	0.9509419319	0.07371713625	0.9986532943
0.05005904905	0.949940951	0.07438783597	0.9981817578
0.05106003003	0.94893997	0.07507966075	0.9976897896
0.05206101101	0.947938989	0.07579218506	0.9971775992
0.05306199199	0.946938008	0.07652500761	0.9966454048
0.05406297297	0.945937027	0.07727774943	0.9960934328
0.05506395395	0.944936046	0.07805005212	0.9955219169
0.05606493493	0.9439350651	0.07884157622	0.9949310971
0.05706591592	0.9429340841	0.07965199976	0.9943212194
0.0580668969	0.9419331031	0.0804810169	0.9936925347
0.05906787788	0.9409321221	0.08132833667	0.9930452986
0.06006885886	0.9399311411	0.08219368184	0.9923797705
0.06106983984	0.9389301602	0.08307678789	0.9916962135
0.06207082082	0.9379291792	0.08397740199	0.9909948932
0.0630718018	0.9369281982	0.08489528215	0.9902760781
0.06407278278	0.9359272172	0.08583019639	0.9895400384
0.06507376376	0.9349262362	0.08678192197	0.9887870461
0.06607474474	0.9339252553	0.08775024471	0.9880173745
0.06707572573	0.9329242743	0.0887349583	0.9872312975
0.06807670671	0.9319232933	0.08973586379	0.98642909
0.06907768769	0.9309223123	0.09075276892	0.9856110268
0.07007866867	0.9299213313	0.09178548771	0.9847773829
0.07107964965	0.9289203504	0.09283383994	0.9839284329
0.07208063063	0.9279193694	0.09389765073	0.9830644509
0.07308161161	0.9269183884	0.09497675011	0.9821857105
0.07408259259	0.9259174074	0.09607097269	0.9812924839
0.07508357357	0.9249164264	0.09718015726	0.9803850424
0.07608455455	0.9239154454	0.09830414651	0.979463656
0.07708553554	0.9229144645	0.09944278671	0.9785285933
0.07808651652	0.9219134835	0.1005959275	0.9775801208
0.0790874975	0.9209125025	0.1017634214	0.9766185038
0.08008847848	0.9199115215	0.102945124	0.9756440052
0.08108945946	0.9189105405	0.1041408932	0.9746568862
0.08209044044	0.9179095596	0.1053505897	0.9736574056
0.08309142142	0.9169085786	0.1065740759	0.9726458202
0.0840924024	0.9159075976	0.1078112167	0.9716223842
0.08509338338	0.9149066166	0.1090618785	0.9705873496
0.08609436436	0.9139056356	0.1103259297	0.9695409658
0.08709534535	0.9129046547	0.1116032401	0.9684834798
0.08809632633	0.9119036737	0.1128936811	0.9674151356
0.08909730731	0.9109026927	0.1141971252	0.966336175
0.09009828829	0.9099017117	0.1155134464	0.9652468368
0.09109926927	0.9089007307	0.1168425196	0.9641473571
0.09210025025	0.9078997497	0.118184221	0.9630379693
0.09310123123	0.9068987688	0.1195384274	0.9619189038
0.09410221221	0.9058977878	0.1209050166	0.9607903882
0.09510319319	0.9048968068	0.1222838674	0.9596526474
0.09610417417	0.9038958258	0.123674859	0.9585059031
0.09710515516	0.9028948448	0.1250778715	0.9573503745
0.09810613614	0.9018938639	0.1264927855	0.9561862774
0.09910711712	0.9008928829	0.127919482	0.955013825
0.1001080981	0.8998919019	0.1293578429	0.9538332276
0.1011090791	0.8988909209	0.1308077502	0.9526446923
0.1021100601	0.8978899399	0.1322690865	0.9514484236
0.103111041	0.896888959	0.1337417347	0.9502446227
0.104112022	0.895887978	0.1352255781	0.9490334882
0.105113003	0.894886997	0.1367205003	0.9478152157
0.106113984	0.893886016	0.1382263853	0.9465899978
0.107114965	0.892885035	0.1397431172	0.9453580244
0.1081159459	0.8918840541	0.1412705804	0.9441194822
0.1091169269	0.8908830731	0.1428086598	0.9428745554
0.1101179079	0.8898820921	0.14435724	0.9416234252
0.1111188889	0.8888811111	0.1459162064	0.94036627
0.1121198699	0.8878801301	0.1474854441	0.9391032653
0.1131208509	0.8868791491	0.1490648387	0.9378345839
0.1141218318	0.8858781682	0.1506542758	0.936560396
0.1151228128	0.8848771872	0.1522536413	0.9352808687
0.1161237938	0.8838762062	0.1538628211	0.9339961667
0.1171247748	0.8828752252	0.1554817013	0.932706452
0.1181257558	0.8818742442	0.1571101684	0.9314118836
0.1191267367	0.8808732633	0.1587481087	0.9301126183
0.1201277177	0.8798722823	0.1603954088	0.9288088099
0.1211286987	0.8788713013	0.1620519556	0.9275006101
0.1221296797	0.8778703203	0.1637176359	0.9261881675
0.1231306607	0.8768693393	0.1653923367	0.9248716285
0.1241316416	0.8758683584	0.1670759454	0.9235511369
0.1251326226	0.8748673774	0.1687683494	0.9222268342
0.1261336036	0.8738663964	0.170469436	0.9208988592
0.1271345846	0.8728654154	0.1721790932	0.9195673484
0.1281355656	0.8718644344	0.1738972088	0.918232436
0.1291365465	0.8708634535	0.1756236708	0.9168942537
0.1301375275	0.8698624725	0.1773583676	0.915552931
0.1311385085	0.8688614915	0.1791011876	0.914208595
0.1321394895	0.8678605105	0.1808520195	0.9128613707
0.1331404705	0.8668595295	0.1826107522	0.9115113807
0.1341414515	0.8658585485	0.1843772747	0.9101587455
0.1351424324	0.8648575676	0.1861514764	0.9088035833
0.1361434134	0.8638565866	0.1879332469	0.9074460104
0.1371443944	0.8628556056	0.1897224759	0.9060861407
0.1381453754	0.8618546246	0.1915190534	0.9047240861
0.1391463564	0.8608536436	0.1933228699	0.9033599567
0.1401473373	0.8598526627	0.1951338158	0.9019938602
0.1411483183	0.8588516817	0.1969517821	0.9006259026
0.1421492993	0.8578507007	0.1987766598	0.8992561876
0.1431502803	0.8568497197	0.2006083404	0.8978848174
0.1441512613	0.8558487387	0.2024467156	0.896511892
0.1451522422	0.8548477578	0.2042916775	0.8951375096
0.1461532232	0.8538467768	0.2061431185	0.8937617664
0.1471542042	0.8528457958	0.2080009312	0.892384757
0.1481551852	0.8518448148	0.2098650087	0.8910065741
0.1491561662	0.8508438338	0.2117352444	0.8896273086
0.1501571471	0.8498428529	0.2136115321	0.8882470498
0.1511581281	0.8488418719	0.2154937659	0.8868658851
0.1521591091	0.8478408909	0.2173818402	0.8854839003
0.1531600901	0.8468399099	0.21927565	0.8841011796
0.1541610711	0.8458389289	0.2211750906	0.8827178054
0.1551620521	0.8448379479	0.2230800576	0.8813338586
0.156163033	0.843836967	0.2249904471	0.8799494186
0.157164014	0.842835986	0.2269061557	0.8785645631
0.158164995	0.841835005	0.2288270803	0.8771793683
0.159165976	0.840834024	0.2307531183	0.8757939089
0.160166957	0.839833043	0.2326841675	0.8744082581
0.1611679379	0.8388320621	0.2346201261	0.8730224877
0.1621689189	0.8378310811	0.236560893	0.871636668
0.1631698999	0.8368301001	0.2385063674	0.870250868
0.1641708809	0.8358291191	0.2404564489	0.8688651552
0.1651718619	0.8348281381	0.2424110376	0.8674795956
0.1661728428	0.8338271572	0.2443700344	0.8660942542
0.1671738238	0.8328261762	0.2463333402	0.8647091944
0.1681748048	0.8318251952	0.2483008568	0.8633244785
0.1691757858	0.8308242142	0.2502724863	0.8619401672
0.1701767668	0.8298232332	0.2522481314	0.8605563204
0.1711777477	0.8288222523	0.2542276953	0.8591729964
0.1721787287	0.8278212713	0.2562110818	0.8577902525
0.1731797097	0.8268202903	0.2581981951	0.8564081446
0.1741806907	0.8258193093	0.26018894	0.8550267276
0.1751816717	0.8248183283	0.2621832219	0.8536460552
0.1761826527	0.8238173473	0.2641809467	0.8522661799
0.1771836336	0.8228163664	0.2661820209	0.8508871533
0.1781846146	0.8218153854	0.2681863514	0.8495090257
0.1791855956	0.8208144044	0.270193846	0.8481318462
0.1801865766	0.8198134234	0.2722044126	0.8467556632
0.1811875576	0.8188124424	0.2742179602	0.8453805239
0.1821885385	0.8178114615	0.2762343979	0.8440064743
0.1831895195	0.8168104805	0.2782536358	0.8426335597
0.1841905005	0.8158094995	0.2802755842	0.8412618242
0.1851914815	0.8148085185	0.2823001543	0.839891311
0.1861924625	0.8138075375	0.2843272578	0.8385220624
0.1871934434	0.8128065566	0.2863568069	0.8371541197
0.1881944244	0.8118055756	0.2883887146	0.8357875232
0.1891954054	0.8108045946	0.2904228942	0.8344223125
0.1901963864	0.8098036136	0.29245926	0.8330585261
0.1911973674	0.8088026326	0.2944977265	0.8316962019
0.1921983483	0.8078016517	0.2965382093	0.8303353766
0.1931993293	0.8068006707	0.2985806241	0.8289760864
0.1942003103	0.8057996897	0.3006248875	0.8276183664
0.1952012913	0.8047987087	0.3026709167	0.826262251
0.1962022723	0.8037977277	0.3047186296	0.8249077738
0.1972032533	0.8027967467	0.3067679445	0.8235549677
0.1982042342	0.8017957658	0.3088187806	0.8222038647
0.1992052152	0.8007947848	0.3108710574	0.8208544962
0.2002061962	0.7997938038	0.3129246953	0.8195068926
0.2012071772	0.7987928228	0.3149796153	0.8181610838
0.2022081582	0.7977918418	0.317035739	0.8168170989
0.2032091391	0.7967908609	0.3190929885	0.8154749663
0.2042101201	0.7957898799	0.3211512866	0.8141347138
0.2052111011	0.7947888989	0.323210557	0.8127963683
0.2062120821	0.7937879179	0.3252707237	0.8114599564
0.2072130631	0.7927869369	0.3273317115	0.8101255037
0.208214044	0.791785956	0.3293934457	0.8087930352
0.209215025	0.790784975	0.3314558524	0.8074625755
0.210216006	0.789783994	0.3335188583	0.8061341484
0.211216987	0.788783013	0.3355823906	0.8048077772
0.212217968	0.787782032	0.3376463774	0.8034834844
0.2132189489	0.7867810511	0.3397107472	0.8021612921
0.2142199299	0.7857800701	0.3417754293	0.8008412219
0.2152209109	0.7847790891	0.3438403534	0.7995232945
0.2162218919	0.7837781081	0.3459054501	0.7982075305
0.2172228729	0.7827771271	0.3479706505	0.7968939496
0.2182238539	0.7817761461	0.3500358864	0.795582571
0.2192248348	0.7807751652	0.3521010902	0.7942734136
0.2202258158	0.7797741842	0.354166195	0.7929664957
0.2212267968	0.7787732032	0.3562311343	0.7916618348
0.2222277778	0.7777722222	0.3582958425	0.7903594484
0.2232287588	0.7767712412	0.3603602545	0.7890593532
0.2242297397	0.7757702603	0.3624243059	0.7877615654
0.2252307207	0.7747692793	0.3644879329	0.7864661009
0.2262317017	0.7737682983	0.3665510722	0.7851729751
0.2272326827	0.7727673173	0.3686136614	0.7838822028
0.2282336637	0.7717663363	0.3706756384	0.7825937985
0.2292346446	0.7707653554	0.372736942	0.7813077763
0.2302356256	0.7697643744	0.3747975115	0.7800241498
0.2312366066	0.7687633934	0.3768572868	0.7787429322
0.2322375876	0.7677624124	0.3789162083	0.7774641362
0.2332385686	0.7667614314	0.3809742174	0.7761877742
0.2342395495	0.7657604505	0.3830312556	0.7749138582
0.2352405305	0.7647594695	0.3850872655	0.7736423998
0.2362415115	0.7637584885	0.38714219	0.7723734102
0.2372424925	0.7627575075	0.3891959726	0.7711069003
0.2382434735	0.7617565265	0.3912485576	0.7698428806
0.2392444545	0.7607555455	0.3932998897	0.768581361
0.2402454354	0.7597545646	0.3953499144	0.7673223515
0.2412464164	0.7587535836	0.3973985776	0.7660658615
0.2422473974	0.7577526026	0.399445826	0.7648119
0.2432483784	0.7567516216	0.4014916066	0.7635604757
0.2442493594	0.7557506406	0.4035358672	0.7623115971
0.2452503403	0.7547496597	0.4055785563	0.7610652724
0.2462513213	0.7537486787	0.4076196226	0.7598215092
0.2472523023	0.7527476977	0.4096590158	0.758580315
0.2482532833	0.7517467167	0.4116966858	0.7573416972
0.2492542643	0.7507457357	0.4137325835	0.7561056624
0.2502552452	0.7497447548	0.41576666	0.7548722173
0.2512562262	0.7487437738	0.417798867	0.7536413683
0.2522572072	0.7477427928	0.4198291571	0.7524131213
0.2532581882	0.7467418118	0.421857483	0.7511874821
0.2542591692	0.7457408308	0.4238837984	0.7499644563
0.2552601502	0.7447398498	0.4259080572	0.7487440489
0.2562611311	0.7437388689	0.4279302141	0.747526265
0.2572621121	0.7427378879	0.4299502241	0.7463111092
0.2582630931	0.7417369069	0.4319680431	0.7450985861
0.2592640741	0.7407359259	0.4339836273	0.7438886999
0.2602650551	0.7397349449	0.4359969334	0.7426814545
0.261266036	0.738733964	0.4380079188	0.7414768537
0.262267017	0.737732983	0.4400165413	0.740274901
0.263267998	0.736732002	0.4420227594	0.7390755997
0.264268979	0.735731021	0.444026532	0.7378789528
0.26526996	0.73473004	0.4460278184	0.7366849633
0.2662709409	0.7337290591	0.4480265787	0.7354936337
0.2672719219	0.7327280781	0.4500227734	0.7343049665
0.2682729029	0.7317270971	0.4520163635	0.7331189639
0.2692738839	0.7307261161	0.4540073105	0.731935628
0.2702748649	0.7297251351	0.4559955764	0.7307549606
0.2712758458	0.7287241542	0.4579811237	0.7295769633
0.2722768268	0.7277231732	0.4599639155	0.7284016376
0.2732778078	0.7267221922	0.4619439154	0.7272289848
0.2742787888	0.7257212112	0.4639210872	0.726059006
0.2752797698	0.7247202302	0.4658953956	0.724891702
0.2762807508	0.7237192492	0.4678668056	0.7237270736
0.2772817317	0.7227182683	0.4698352826	0.7225651215
0.2782827127	0.7217172873	0.4718007927	0.721405846
0.2792836937	0.7207163063	0.4737633022	0.7202492473
0.2802846747	0.7197153253	0.4757227781	0.7190953255
0.2812856557	0.7187143443	0.4776791878	0.7179440807
0.2822866366	0.7177133634	0.4796324991	0.7167955125
0.2832876176	0.7167123824	0.4815826804	0.7156496205
0.2842885986	0.7157114014	0.4835297004	0.7145064044
0.2852895796	0.7147104204	0.4854735284	0.7133658633
0.2862905606	0.7137094394	0.4874141342	0.7122279966
0.2872915415	0.7127084585	0.4893514877	0.7110928032
0.2882925225	0.7117074775	0.4912855597	0.7099602821
0.2892935035	0.7107064965	0.4932163211	0.7088304321
0.2902944845	0.7097055155	0.4951437435	0.7077032519
0.2912954655	0.7087045345	0.4970677987	0.7065787399
0.2922964464	0.7077035536	0.4989884591	0.7054568947
0.2932974274	0.7067025726	0.5009056974	0.7043377145
0.2942984084	0.7057015916	0.5028194869	0.7032211975
0.2952993894	0.7047006106	0.5047298011	0.7021073417
0.2963003704	0.7036996296	0.5066366142	0.7009961452
0.2973013514	0.7026986486	0.5085399005	0.6998876057
0.2983023323	0.7016976677	0.5104396349	0.6987817209
0.2993033133	0.7006966867	0.5123357927	0.6976784886
0.3003042943	0.6996957057	0.5142283496	0.6965779062
0.3013052753	0.6986947247	0.5161172816	0.6954799711
0.3023062563	0.6976937437	0.5180025653	0.6943846807
0.3033072372	0.6966927628	0.5198841774	0.6932920322
0.3043082182	0.6956917818	0.5217620952	0.6922020227
0.3053091992	0.6946908008	0.5236362965	0.6911146492
0.3063101802	0.6936898198	0.5255067592	0.6900299088
0.3073111612	0.6926888388	0.5273734617	0.6889477982
0.3083121421	0.6916878579	0.5292363829	0.6878683142
0.3093131231	0.6906868769	0.5310955019	0.6867914536
0.3103141041	0.6896858959	0.5329507982	0.6857172128
0.3113150851	0.6886849149	0.5348022517	0.6846455885
0.3123160661	0.6876839339	0.5366498428	0.6835765772
0.313317047	0.686682953	0.538493552	0.682510175
0.314318028	0.685681972	0.5403333603	0.6814463784
0.315319009	0.684680991	0.5421692492	0.6803851836
0.31631999	0.68368001	0.5440012001	0.6793265867
0.317320971	0.682679029	0.5458291953	0.6782705838
0.318321952	0.681678048	0.5476532171	0.677217171
0.3193229329	0.6806770671	0.5494732482	0.6761663441
0.3203239139	0.6796760861	0.5512892717	0.675118099
0.3213248949	0.6786751051	0.553101271	0.6740724315
0.3223258759	0.6776741241	0.5549092298	0.6730293375
0.3233268569	0.6766731431	0.5567131321	0.6719888126
0.3243278378	0.6756721622	0.5585129625	0.6709508524
0.3253288188	0.6746711812	0.5603087055	0.6699154525
0.3263297998	0.6736702002	0.5621003463	0.6688826085
0.3273307808	0.6726692192	0.56388787	0.6678523158
0.3283317618	0.6716682382	0.5656712626	0.6668245697
0.3293327427	0.6706672573	0.5674505098	0.6657993658
0.3303337237	0.6696662763	0.5692255979	0.6647766993
0.3313347047	0.6686652953	0.5709965136	0.6637565654
0.3323356857	0.6676643143	0.5727632437	0.6627389594
0.3333366667	0.6666633333	0.5745257755	0.6617238765
0.3343376476	0.6656623524	0.5762840963	0.6607113117
0.3353386286	0.6646613714	0.5780381939	0.6597012602
0.3363396096	0.6636603904	0.5797880565	0.658693717
0.3373405906	0.6626594094	0.5815336723	0.6576886771
0.3383415716	0.6616584284	0.5832750299	0.6566861354
0.3393425526	0.6606574474	0.5850121184	0.6556860869
0.3403435335	0.6596564665	0.5867449268	0.6546885265
0.3413445145	0.6586554855	0.5884734446	0.6536934489
0.3423454955	0.6576545045	0.5901976616	0.652700849
0.3433464765	0.6566535235	0.5919175677	0.6517107216
0.3443474575	0.6556525425	0.5936331533	0.6507230615
0.3453484384	0.6546515616	0.5953444088	0.6497378632
0.3463494194	0.6536505806	0.597051325	0.6487551215
0.3473504004	0.6526495996	0.5987538931	0.6477748311
0.3483513814	0.6516486186	0.6004521042	0.6467969865
0.3493523624	0.6506476376	0.60214595	0.6458215823
0.3503533433	0.6496466567	0.6038354222	0.6448486131
0.3513543243	0.6486456757	0.6055205129	0.6438780734
0.3523553053	0.6476446947	0.6072012145	0.6429099578
0.3533562863	0.6466437137	0.6088775194	0.6419442606
0.3543572673	0.6456427327	0.6105494204	0.6409809764
0.3553582482	0.6446417518	0.6122169106	0.6400200996
0.3563592292	0.6436407708	0.6138799832	0.6390616246
0.3573602102	0.6426397898	0.6155386316	0.6381055457
0.3583611912	0.6416388088	0.6171928497	0.6371518574
0.3593621722	0.6406378278	0.6188426313	0.636200554
0.3603631532	0.6396368468	0.6204879706	0.6352516298
0.3613641341	0.6386358659	0.6221288619	0.6343050791
0.3623651151	0.6376348849	0.6237652999	0.6333608962
0.3633660961	0.6366339039	0.6253972795	0.6324190753
0.3643670771	0.6356329229	0.6270247955	0.6314796108
0.3653680581	0.6346319419	0.6286478434	0.6305424969
0.366369039	0.633630961	0.6302664184	0.6296077277
0.36737002	0.63262998	0.6318805164	0.6286752976
0.368371001	0.631628999	0.6334901331	0.6277452006
0.369371982	0.630628018	0.6350952647	0.626817431
0.370372963	0.629627037	0.6366959073	0.625891983
0.3713739439	0.6286260561	0.6382920576	0.6249688506
0.3723749249	0.6276250751	0.639883712	0.6240480281
0.3733759059	0.6266240941	0.6414708675	0.6231295095
0.3743768869	0.6256231131	0.6430535212	0.6222132891
0.3753778679	0.6246221321	0.6446316702	0.6212993608
0.3763788488	0.6236211512	0.646205312	0.6203877189
0.3773798298	0.6226201702	0.6477744442	0.6194783574
0.3783808108	0.6216191892	0.6493390646	0.6185712704
0.3793817918	0.6206182082	0.6508991711	0.6176664519
0.3803827728	0.6196172272	0.6524547619	0.6167638961
0.3813837538	0.6186162462	0.6540058353	0.6158635971
0.3823847347	0.6176152653	0.6555523898	0.6149655488
0.3833857157	0.6166142843	0.6570944241	0.6140697454
0.3843866967	0.6156133033	0.658631937	0.6131761808
0.3853876777	0.6146123223	0.6601649275	0.6122848492
0.3863886587	0.6136113413	0.6616933948	0.6113957446
0.3873896396	0.6126103604	0.6632173381	0.610508861
0.3883906206	0.6116093794	0.6647367571	0.6096241925
0.3893916016	0.6106083984	0.6662516513	0.6087417331
0.3903925826	0.6096074174	0.6677620206	0.6078614767
0.3913935636	0.6086064364	0.6692678649	0.6069834176
0.3923945445	0.6076054555	0.6707691844	0.6061075496
0.3933955255	0.6066044745	0.6722659792	0.6052338668
0.3943965065	0.6056034935	0.6737582499	0.6043623632
0.3953974875	0.6046025125	0.675245997	0.6034930329
0.3963984685	0.6036015315	0.6767292212	0.6026258699
0.3973994494	0.6026005506	0.6782079233	0.6017608682
0.3984004304	0.6015995696	0.6796821045	0.6008980219
0.3994014114	0.6005985886	0.6811517657	0.6000373249
0.4004023924	0.5995976076	0.6826169083	0.5991787713
0.4014033734	0.5985966266	0.6840775337	0.5983223551
0.4024043544	0.5975956456	0.6855336434	0.5974680704
0.4034053353	0.5965946647	0.6869852392	0.5966159112
0.4044063163	0.5955936837	0.6884323228	0.5957658716
0.4054072973	0.5945927027	0.6898748962	0.5949179455
0.4064082783	0.5935917217	0.6913129615	0.5940721271
0.4074092593	0.5925907407	0.6927465208	0.5932284103
0.4084102402	0.5915897598	0.6941755765	0.5923867893
0.4094112212	0.5905887788	0.695600131	0.591547258
0.4104122022	0.5895877978	0.697020187	0.5907098107
0.4114131832	0.5885868168	0.698435747	0.5898744412
0.4124141642	0.5875858358	0.6998468139	0.5890411438
0.4134151451	0.5865848549	0.7012533906	0.5882099124
0.4144161261	0.5855838739	0.7026554802	0.5873807412
0.4154171071	0.5845828929	0.7040530858	0.5865536242
0.4164180881	0.5835819119	0.7054462106	0.5857285556
0.4174190691	0.5825809309	0.7068348581	0.5849055295
0.4184200501	0.5815799499	0.7082190317	0.5840845399
0.419421031	0.580578969	0.7095987351	0.583265581
0.420422012	0.579577988	0.7109739718	0.5824486469
0.421422993	0.578577007	0.7123447457	0.5816337317
0.422423974	0.577576026	0.7137110608	0.5808208296
0.423424955	0.576575045	0.715072921	0.5800099347
0.4244259359	0.5755740641	0.7164303304	0.5792010412
0.4254269169	0.5745730831	0.7177832933	0.5783941433
0.4264278979	0.5735721021	0.7191318138	0.577589235
0.4274288789	0.5725711211	0.7204758965	0.5767863107
0.4284298599	0.5715701401	0.7218155458	0.5759853644
0.4294308408	0.5705691592	0.7231507663	0.5751863904
0.4304318218	0.5695681782	0.7244815627	0.5743893829
0.4314328028	0.5685671972	0.7258079397	0.5735943361
0.4324337838	0.5675662162	0.7271299023	0.5728012442
0.4334347648	0.5665652352	0.7284474552	0.5720101015
0.4344357457	0.5655642543	0.7297606037	0.5712209021
0.4354367267	0.5645632733	0.7310693527	0.5704336405
0.4364377077	0.5635622923	0.7323737075	0.5696483108
0.4374386887	0.5625613113	0.7336736734	0.5688649072
0.4384396697	0.5615603303	0.7349692557	0.5680834242
0.4394406507	0.5605593493	0.7362604599	0.567303856
0.4404416316	0.5595583684	0.7375472915	0.5665261968
0.4414426126	0.5585573874	0.738829756	0.5657504411
0.4424435936	0.5575564064	0.7401078592	0.5649765831
0.4434445746	0.5565554254	0.7413816069	0.5642046171
0.4444455556	0.5555544444	0.7426510048	0.5634345376
0.4454465365	0.5545534635	0.7439160588	0.5626663389
0.4464475175	0.5535524825	0.745176775	0.5619000154
0.4474484985	0.5525515015	0.7464331593	0.5611355614
0.4484494795	0.5515505205	0.7476852178	0.5603729714
0.4494504605	0.5505495395	0.7489329568	0.5596122398
0.4504514414	0.5495485586	0.7501763825	0.5588533609
0.4514524224	0.5485475776	0.7514155012	0.5580963292
0.4524534034	0.5475465966	0.7526503193	0.5573411392
0.4534543844	0.5465456156	0.7538808432	0.5565877853
0.4544553654	0.5455446346	0.7551070795	0.555836262
0.4554563463	0.5445436537	0.7563290346	0.5550865638
0.4564573273	0.5435426727	0.7575467152	0.5543386851
0.4574583083	0.5425416917	0.7587601281	0.5535926206
0.4584592893	0.5415407107	0.7599692799	0.5528483646
0.4594602703	0.5405397297	0.7611741775	0.5521059117
0.4604612513	0.5395387487	0.7623748277	0.5513652565
0.4614622322	0.5385377678	0.7635712374	0.5506263935
0.4624632132	0.5375367868	0.7647634136	0.5498893174
0.4634641942	0.5365358058	0.7659513634	0.5491540226
0.4644651752	0.5355348248	0.7671350938	0.5484205038
0.4654661562	0.5345338438	0.768314612	0.5476887556
0.4664671371	0.5335328629	0.7694899251	0.5469587726
0.4674681181	0.5325318819	0.7706610403	0.5462305495
0.4684690991	0.5315309009	0.771827965	0.5455040809
0.4694700801	0.5305299199	0.7729907065	0.5447793614
0.4704710611	0.5295289389	0.7741492722	0.5440563858
0.471472042	0.528527958	0.7753036694	0.5433351488
0.472473023	0.527526977	0.7764539057	0.542615645
0.473474004	0.526525996	0.7775999885	0.5418978691
0.474474985	0.525525015	0.7787419255	0.541181816
0.475475966	0.524524034	0.7798797242	0.5404674803
0.4764769469	0.5235230531	0.7810133923	0.5397548568
0.4774779279	0.5225220721	0.7821429375	0.5390439403
0.4784789089	0.5215210911	0.7832683675	0.5383347255
0.4794798899	0.5205201101	0.78438969	0.5376272073
0.4804808709	0.5195191291	0.7855069129	0.5369213805
0.4814818519	0.5185181481	0.786620044	0.5362172399
0.4824828328	0.5175171672	0.7877290913	0.5355147804
0.4834838138	0.5165161862	0.7888340625	0.5348139968
0.4844847948	0.5155152052	0.7899349657	0.5341148839
0.4854857758	0.5145142242	0.7910318089	0.5334174368
0.4864867568	0.5135132432	0.7921246001	0.5327216502
0.4874877377	0.5125122623	0.7932133474	0.5320275191
0.4884887187	0.5115112813	0.7942980588	0.5313350384
0.4894896997	0.5105103003	0.7953787425	0.530644203
0.4904906807	0.5095093193	0.7964554066	0.529955008
0.4914916617	0.5085083383	0.7975280593	0.5292674483
0.4924926426	0.5075073574	0.7985967089	0.5285815188
0.4934936236	0.5065063764	0.7996613636	0.5278972146
0.4944946046	0.5055053954	0.8007220316	0.5272145307
0.4954955856	0.5045044144	0.8017787213	0.5265334622
0.4964965666	0.5035034334	0.802831441	0.5258540039
0.4974975475	0.5025024525	0.8038801991	0.5251761511
0.4984985285	0.5015014715	0.8049250039	0.5244998988
0.4994995095	0.5005004905	0.8059658639	0.5238252421
0.5005004905	0.4994995095	0.8070027875	0.523152176
0.5015014715	0.4984985285	0.8080357832	0.5224806957
0.5025024525	0.4974975475	0.8090648594	0.5218107964
0.5035034334	0.4964965666	0.8100900246	0.5211424731
0.5045044144	0.4954955856	0.8111112875	0.520475721
0.5055053954	0.4944946046	0.8121286565	0.5198105353
0.5065063764	0.4934936236	0.8131421402	0.5191469112
0.5075073574	0.4924926426	0.8141517472	0.5184848439
0.5085083383	0.4914916617	0.8151574861	0.5178243286
0.5095093193	0.4904906807	0.8161593656	0.5171653605
0.5105103003	0.4894896997	0.8171573943	0.516507935
0.5115112813	0.4884887187	0.8181515808	0.5158520471
0.5125122623	0.4874877377	0.819141934	0.5151976923
0.5135132432	0.4864867568	0.8201284624	0.5145448657
0.5145142242	0.4854857758	0.8211111748	0.5138935628
0.5155152052	0.4844847948	0.82209008	0.5132437788
0.5165161862	0.4834838138	0.8230651867	0.512595509
0.5175171672	0.4824828328	0.8240365036	0.5119487489
0.5185181481	0.4814818519	0.8250040397	0.5113034937
0.5195191291	0.4804808709	0.8259678035	0.5106597389
0.5205201101	0.4794798899	0.8269278041	0.5100174797
0.5215210911	0.4784789089	0.8278840502	0.5093767117
0.5225220721	0.4774779279	0.8288365506	0.5087374303
0.5235230531	0.4764769469	0.8297853142	0.5080996308
0.524524034	0.475475966	0.8307303498	0.5074633088
0.525525015	0.474474985	0.8316716664	0.5068284597
0.526525996	0.473474004	0.8326092729	0.5061950789
0.527526977	0.472473023	0.833543178	0.505563162
0.528527958	0.471472042	0.8344733908	0.5049327045
0.5295289389	0.4704710611	0.8353999202	0.5043037019
0.5305299199	0.4694700801	0.836322775	0.5036761496
0.5315309009	0.4684690991	0.8372419642	0.5030500434
0.5325318819	0.4674681181	0.8381574968	0.5024253786
0.5335328629	0.4664671371	0.8390693817	0.501802151
0.5345338438	0.4654661562	0.8399776279	0.5011803561
0.5355348248	0.4644651752	0.8408822443	0.5005599894
0.5365358058	0.4634641942	0.8417832399	0.4999410467
0.5375367868	0.4624632132	0.8426806236	0.4993235235
0.5385377678	0.4614622322	0.8435744046	0.4987074155
0.5395387487	0.4604612513	0.8444645917	0.4980927184
0.5405397297	0.4594602703	0.8453511939	0.4974794278
0.5415407107	0.4584592893	0.8462342203	0.4968675395
0.5425416917	0.4574583083	0.8471136799	0.4962570491
0.5435426727	0.4564573273	0.8479895816	0.4956479523
0.5445436537	0.4554563463	0.8488619344	0.4950402449
0.5455446346	0.4544553654	0.8497307475	0.4944339226
0.5465456156	0.4534543844	0.8505960298	0.4938289812
0.5475465966	0.4524534034	0.8514577902	0.4932254164
0.5485475776	0.4514524224	0.852316038	0.4926232241
0.5495485586	0.4504514414	0.853170782	0.4920224
0.5505495395	0.4494504605	0.8540220312	0.49142294
0.5515505205	0.4484494795	0.8548697948	0.4908248399
0.5525515015	0.4474484985	0.8557140818	0.4902280955
0.5535524825	0.4464475175	0.8565549011	0.4896327027
0.5545534635	0.4454465365	0.8573922618	0.4890386574
0.5555544444	0.4444455556	0.8582261729	0.4884459554
0.5565554254	0.4434445746	0.8590566434	0.4878545926
0.5575564064	0.4424435936	0.8598836825	0.487264565
0.5585573874	0.4414426126	0.860707299	0.4866758684
0.5595583684	0.4404416316	0.861527502	0.4860884989
0.5605593493	0.4394406507	0.8623443006	0.4855024523
0.5615603303	0.4384396697	0.8631577037	0.4849177247
0.5625613113	0.4374386887	0.8639677204	0.484334312
0.5635622923	0.4364377077	0.8647743597	0.4837522101
0.5645632733	0.4354367267	0.8655776306	0.4831714152
0.5655642543	0.4344357457	0.8663775421	0.4825919232
0.5665652352	0.4334347648	0.8671741032	0.4820137302
0.5675662162	0.4324337838	0.8679673229	0.4814368322
0.5685671972	0.4314328028	0.8687572102	0.4808612253
0.5695681782	0.4304318218	0.8695437741	0.4802869055
0.5705691592	0.4294308408	0.8703270236	0.4797138689
0.5715701401	0.4284298599	0.8711069677	0.4791421116
0.5725711211	0.4274288789	0.8718836153	0.4785716298
0.5735721021	0.4264278979	0.8726569754	0.4780024196
0.5745730831	0.4254269169	0.873427057	0.477434477
0.5755740641	0.4244259359	0.874193869	0.4768677983
0.576575045	0.423424955	0.8749574204	0.4763023797
0.577576026	0.422423974	0.8757177202	0.4757382172
0.578577007	0.421422993	0.8764747773	0.4751753072
0.579577988	0.420422012	0.8772286006	0.4746136457
0.580578969	0.419421031	0.877979199	0.474053229
0.5815799499	0.4184200501	0.8787265815	0.4734940534
0.5825809309	0.4174190691	0.879470757	0.4729361151
0.5835819119	0.4164180881	0.8802117344	0.4723794103
0.5845828929	0.4154171071	0.8809495226	0.4718239353
0.5855838739	0.4144161261	0.8816841304	0.4712696864
0.5865848549	0.4134151451	0.8824155669	0.4707166599
0.5875858358	0.4124141642	0.8831438407	0.4701648521
0.5885868168	0.4114131832	0.8838689609	0.4696142593
0.5895877978	0.4104122022	0.8845909362	0.4690648779
0.5905887788	0.4094112212	0.8853097756	0.4685167042
0.5915897598	0.4084102402	0.8860254878	0.4679697345
0.5925907407	0.4074092593	0.8867380816	0.4674239652
0.5935917217	0.4064082783	0.887447566	0.4668793927
0.5945927027	0.4054072973	0.8881539497	0.4663360134
0.5955936837	0.4044063163	0.8888572414	0.4657938237
0.5965946647	0.4034053353	0.8895574501	0.46525282
0.5975956456	0.4024043544	0.8902545844	0.4647129988
0.5985966266	0.4014033734	0.8909486532	0.4641743565
0.5995976076	0.4004023924	0.8916396652	0.4636368895
0.6005985886	0.3994014114	0.8923276291	0.4631005944
0.6015995696	0.3984004304	0.8930125538	0.4625654676
0.6026005506	0.3973994494	0.8936944478	0.4620315055
0.6036015315	0.3963984685	0.8943733199	0.4614987048
0.6046025125	0.3953974875	0.8950491789	0.4609670619
0.6056034935	0.3943965065	0.8957220334	0.4604365733
0.6066044745	0.3933955255	0.8963918921	0.4599072357
0.6076054555	0.3923945445	0.8970587637	0.4593790454
0.6086064364	0.3913935636	0.8977226568	0.4588519992
0.6096074174	0.3903925826	0.89838358	0.4583260936
0.6106083984	0.3893916016	0.8990415421	0.4578013252
0.6116093794	0.3883906206	0.8996965516	0.4572776905
0.6126103604	0.3873896396	0.9003486171	0.4567551862
0.6136113413	0.3863886587	0.9009977472	0.4562338089
0.6146123223	0.3853876777	0.9016439505	0.4557135553
0.6156133033	0.3843866967	0.9022872356	0.455194422
0.6166142843	0.3833857157	0.9029276109	0.4546764057
0.6176152653	0.3823847347	0.9035650852	0.4541595029
0.6186162462	0.3813837538	0.9041996669	0.4536437105
0.6196172272	0.3803827728	0.9048313644	0.4531290251
0.6206182082	0.3793817918	0.9054601864	0.4526154434
0.6216191892	0.3783808108	0.9060861412	0.4521029622
0.6226201702	0.3773798298	0.9067092374	0.4515915781
0.6236211512	0.3763788488	0.9073294835	0.4510812879
0.6246221321	0.3753778679	0.9079468878	0.4505720883
0.6256231131	0.3743768869	0.9085614588	0.4500639762
0.6266240941	0.3733759059	0.909173205	0.4495569482
0.6276250751	0.3723749249	0.9097821346	0.4490510013
0.6286260561	0.3713739439	0.9103882562	0.4485461321
0.629627037	0.370372963	0.9109915781	0.4480423374
0.630628018	0.369371982	0.9115921086	0.4475396142
0.631628999	0.368371001	0.9121898561	0.4470379592
0.63262998	0.36737002	0.912784829	0.4465373693
0.633630961	0.366369039	0.9133770355	0.4460378413
0.6346319419	0.3653680581	0.9139664839	0.445539372
0.6356329229	0.3643670771	0.9145531825	0.4450419585
0.6366339039	0.3633660961	0.9151371397	0.4445455974
0.6376348849	0.3623651151	0.9157183635	0.4440502859
0.6386358659	0.3613641341	0.9162968624	0.4435560206
0.6396368468	0.3603631532	0.9168726445	0.4430627986
0.6406378278	0.3593621722	0.917445718	0.4425706168
0.6416388088	0.3583611912	0.9180160911	0.4420794722
0.6426397898	0.3573602102	0.918583772	0.4415893616
0.6436407708	0.3563592292	0.9191487688	0.4411002821
0.6446417518	0.3553582482	0.9197110898	0.4406122305
0.6456427327	0.3543572673	0.920270743	0.440125204
0.6466437137	0.3533562863	0.9208277365	0.4396391994
0.6476446947	0.3523553053	0.9213820784	0.4391542139
0.6486456757	0.3513543243	0.9219337769	0.4386702443
0.6496466567	0.3503533433	0.9224828399	0.4381872877
0.6506476376	0.3493523624	0.9230292756	0.4377053412
0.6516486186	0.3483513814	0.9235730919	0.4372244019
0.6526495996	0.3473504004	0.9241142969	0.4367444666
0.6536505806	0.3463494194	0.9246528986	0.4362655326
0.6546515616	0.3453484384	0.925188905	0.4357875969
0.6556525425	0.3443474575	0.925722324	0.4353106566
0.6566535235	0.3433464765	0.9262531636	0.4348347087
0.6576545045	0.3423454955	0.9267814317	0.4343597504
0.6586554855	0.3413445145	0.9273071362	0.4338857788
0.6596564665	0.3403435335	0.927830285	0.4334127911
0.6606574474	0.3393425526	0.9283508861	0.4329407843
0.6616584284	0.3383415716	0.9288689472	0.4324697556
0.6626594094	0.3373405906	0.9293844763	0.4319997022
0.6636603904	0.3363396096	0.9298974812	0.4315306212
0.6646613714	0.3353386286	0.9304079696	0.4310625098
0.6656623524	0.3343376476	0.9309159494	0.4305953652
0.6666633333	0.3333366667	0.9314214284	0.4301291846
0.6676643143	0.3323356857	0.9319244143	0.4296639651
0.6686652953	0.3313347047	0.9324249148	0.4291997041
0.6696662763	0.3303337237	0.9329229378	0.4287363987
0.6706672573	0.3293327427	0.9334184909	0.4282740462
0.6716682382	0.3283317618	0.9339115818	0.4278126438
0.6726692192	0.3273307808	0.9344022182	0.4273521887
0.6736702002	0.3263297998	0.9348904077	0.4268926783
0.6746711812	0.3253288188	0.935376158	0.4264341097
0.6756721622	0.3243278378	0.9358594768	0.4259764804
0.6766731431	0.3233268569	0.9363403715	0.4255197875
0.6776741241	0.3223258759	0.9368188499	0.4250640284
0.6786751051	0.3213248949	0.9372949195	0.4246092004
0.6796760861	0.3203239139	0.9377685878	0.4241553008
0.6806770671	0.3193229329	0.9382398625	0.4237023269
0.681678048	0.318321952	0.9387087509	0.4232502761
0.682679029	0.317320971	0.9391752606	0.4227991457
0.68368001	0.31631999	0.9396393992	0.4223489331
0.684680991	0.315319009	0.940101174	0.4218996356
0.685681972	0.314318028	0.9405605925	0.4214512507
0.686682953	0.313317047	0.9410176622	0.4210037756
0.6876839339	0.3123160661	0.9414723904	0.4205572079
0.6886849149	0.3113150851	0.9419247846	0.4201115449
0.6896858959	0.3103141041	0.9423748522	0.4196667839
0.6906868769	0.3093131231	0.9428226004	0.4192229226
0.6916878579	0.3083121421	0.9432680367	0.4187799581
0.6926888388	0.3073111612	0.9437111684	0.4183378881
0.6936898198	0.3063101802	0.9441520027	0.41789671
0.6946908008	0.3053091992	0.944590547	0.4174564211
0.6956917818	0.3043082182	0.9450268086	0.417017019
0.6966927628	0.3033072372	0.9454607947	0.4165785012
0.6976937437	0.3023062563	0.9458925124	0.4161408651
0.6986947247	0.3013052753	0.9463219692	0.4157041083
0.6996957057	0.3003042943	0.9467491721	0.4152682281
0.7006966867	0.2993033133	0.9471741283	0.4148332222
0.7016976677	0.2983023323	0.947596845	0.4143990881
0.7026986486	0.2973013514	0.9480173294	0.4139658232
0.7036996296	0.2963003704	0.9484355886	0.4135334251
0.7047006106	0.2952993894	0.9488516296	0.4131018915
0.7057015916	0.2942984084	0.9492654597	0.4126712197
0.7067025726	0.2932974274	0.9496770857	0.4122414074
0.7077035536	0.2922964464	0.9500865149	0.4118124521
0.7087045345	0.2912954655	0.9504937543	0.4113843514
0.7097055155	0.2902944845	0.9508988108	0.410957103
0.7107064965	0.2892935035	0.9513016915	0.4105307044
0.7117074775	0.2882925225	0.9517024034	0.4101051531
0.7127084585	0.2872915415	0.9521009534	0.4096804469
0.7137094394	0.2862905606	0.9524973485	0.4092565833
0.7147104204	0.2852895796	0.9528915956	0.40883356
0.7157114014	0.2842885986	0.9532837016	0.4084113745
0.7167123824	0.2832876176	0.9536736734	0.4079900247
0.7177133634	0.2822866366	0.954061518	0.407569508
0.7187143443	0.2812856557	0.9544472421	0.4071498221
0.7197153253	0.2802846747	0.9548308526	0.4067309648
0.7207163063	0.2792836937	0.9552123563	0.4063129337
0.7217172873	0.2782827127	0.95559176	0.4058957264
0.7227182683	0.2772817317	0.9559690706	0.4054793408
0.7237192492	0.2762807508	0.9563442947	0.4050637744
0.7247202302	0.2752797698	0.9567174392	0.404649025
0.7257212112	0.2742787888	0.9570885108	0.4042350903
0.7267221922	0.2732778078	0.9574575161	0.403821968
0.7277231732	0.2722768268	0.9578244619	0.4034096559
0.7287241542	0.2712758458	0.9581893549	0.4029981517
0.7297251351	0.2702748649	0.9585522017	0.4025874531
0.7307261161	0.2692738839	0.958913009	0.4021775579
0.7317270971	0.2682729029	0.9592717834	0.4017684639
0.7327280781	0.2672719219	0.9596285315	0.4013601688
0.7337290591	0.2662709409	0.9599832598	0.4009526705
0.73473004	0.26526996	0.9603359751	0.4005459666
0.735731021	0.264268979	0.9606866838	0.400140055
0.736732002	0.263267998	0.9610353924	0.3997349335
0.737732983	0.262267017	0.9613821075	0.3993306
0.738733964	0.261266036	0.9617268356	0.3989270521
0.7397349449	0.2602650551	0.9620695832	0.3985242878
0.7407359259	0.2592640741	0.9624103567	0.3981223048
0.7417369069	0.2582630931	0.9627491626	0.3977211011
0.7427378879	0.2572621121	0.9630860072	0.3973206744
0.7437388689	0.2562611311	0.9634208971	0.3969210227
0.7447398498	0.2552601502	0.9637538387	0.3965221437
0.7457408308	0.2542591692	0.9640848382	0.3961240354
0.7467418118	0.2532581882	0.9644139021	0.3957266956
0.7477427928	0.2522572072	0.9647410366	0.3953301221
0.7487437738	0.2512562262	0.9650662482	0.394934313
0.7497447548	0.2502552452	0.9653895431	0.3945392661
0.7507457357	0.2492542643	0.9657109277	0.3941449792
0.7517467167	0.2482532833	0.9660304081	0.3937514504
0.7527476977	0.2472523023	0.9663479906	0.3933586775
0.7537486787	0.2462513213	0.9666636816	0.3929666584
0.7547496597	0.2452503403	0.9669774871	0.3925753911
0.7557506406	0.2442493594	0.9672894135	0.3921848736
0.7567516216	0.2432483784	0.9675994668	0.3917951037
0.7577526026	0.2422473974	0.9679076533	0.3914060794
0.7587535836	0.2412464164	0.968213979	0.3910177987
0.7597545646	0.2402454354	0.9685184502	0.3906302596
0.7607555455	0.2392444545	0.968821073	0.39024346
0.7617565265	0.2382434735	0.9691218534	0.3898573979
0.7627575075	0.2372424925	0.9694207975	0.3894720713
0.7637584885	0.2362415115	0.9697179113	0.3890874783
0.7647594695	0.2352405305	0.9700132011	0.3887036167
0.7657604505	0.2342395495	0.9703066726	0.3883204846
0.7667614314	0.2332385686	0.9705983321	0.38793808
0.7677624124	0.2322375876	0.9708881854	0.387556401
0.7687633934	0.2312366066	0.9711762385	0.3871754455
0.7697643744	0.2302356256	0.9714624974	0.3867952117
0.7707653554	0.2292346446	0.9717469681	0.3864156975
0.7717663363	0.2282336637	0.9720296564	0.386036901
0.7727673173	0.2272326827	0.9723105682	0.3856588203
0.7737682983	0.2262317017	0.9725897096	0.3852814534
0.7747692793	0.2252307207	0.9728670863	0.3849047984
0.7757702603	0.2242297397	0.9731427041	0.3845288534
0.7767712412	0.2232287588	0.973416569	0.3841536164
0.7777722222	0.2222277778	0.9736886867	0.3837790855
0.7787732032	0.2212267968	0.9739590631	0.3834052589
0.7797741842	0.2202258158	0.9742277039	0.3830321346
0.7807751652	0.2192248348	0.9744946149	0.3826597107
0.7817761461	0.2182238539	0.9747598019	0.3822879854
0.7827771271	0.2172228729	0.9750232706	0.3819169568
0.7837781081	0.2162218919	0.9752850268	0.381546623
0.7847790891	0.2152209109	0.975545076	0.3811769821
0.7857800701	0.2142199299	0.9758034241	0.3808080323
0.7867810511	0.2132189489	0.9760600767	0.3804397718
0.787782032	0.212217968	0.9763150394	0.3800721986
0.788783013	0.211216987	0.9765683178	0.3797053109
0.789783994	0.210216006	0.9768199177	0.3793391069
0.790784975	0.209215025	0.9770698446	0.3789735848
0.791785956	0.208214044	0.9773181041	0.3786087428
0.7927869369	0.2072130631	0.9775647017	0.3782445789
0.7937879179	0.2062120821	0.9778096431	0.3778810915
0.7947888989	0.2052111011	0.9780529337	0.3775182787
0.7957898799	0.2042101201	0.9782945791	0.3771561388
0.7967908609	0.2032091391	0.9785345848	0.3767946698
0.7977918418	0.2022081582	0.9787729562	0.3764338701
0.7987928228	0.2012071772	0.9790096989	0.3760737378
0.7997938038	0.2002061962	0.9792448183	0.3757142712
0.8007947848	0.1992052152	0.9794783198	0.3753554686
0.8017957658	0.1982042342	0.9797102089	0.374997328
0.8027967467	0.1972032533	0.979940491	0.3746398479
0.8037977277	0.1962022723	0.9801691714	0.3742830264
0.8047987087	0.1952012913	0.9803962556	0.3739268618
0.8057996897	0.1942003103	0.9806217488	0.3735713524
0.8068006707	0.1931993293	0.9808456565	0.3732164964
0.8078016517	0.1921983483	0.981067984	0.372862292
0.8088026326	0.1911973674	0.9812887365	0.3725087377
0.8098036136	0.1901963864	0.9815079194	0.3721558316
0.8108045946	0.1891954054	0.981725538	0.371803572
0.8118055756	0.1881944244	0.9819415975	0.3714519573
0.8128065566	0.1871934434	0.9821561031	0.3711009857
0.8138075375	0.1861924625	0.9823690601	0.3707506556
0.8148085185	0.1851914815	0.9825804737	0.3704009652
0.8158094995	0.1841905005	0.9827903491	0.3700519129
0.8168104805	0.1831895195	0.9829986915	0.369703497
0.8178114615	0.1821885385	0.9832055061	0.3693557159
0.8188124424	0.1811875576	0.983410798	0.3690085678
0.8198134234	0.1801865766	0.9836145723	0.3686620511
0.8208144044	0.1791855956	0.9838168342	0.3683161641
0.8218153854	0.1781846146	0.9840175887	0.3679709053
0.8228163664	0.1771836336	0.9842168411	0.3676262729
0.8238173473	0.1761826527	0.9844145962	0.3672822653
0.8248183283	0.1751816717	0.9846108592	0.3669388809
0.8258193093	0.1741806907	0.9848056352	0.366596118
0.8268202903	0.1731797097	0.9849989292	0.3662539751
0.8278212713	0.1721787287	0.9851907461	0.3659124505
0.8288222523	0.1711777477	0.985381091	0.3655715426
0.8298232332	0.1701767668	0.9855699688	0.3652312499
0.8308242142	0.1691757858	0.9857573846	0.3648915706
0.8318251952	0.1681748048	0.9859433432	0.3645525032
0.8328261762	0.1671738238	0.9861278497	0.3642140461
0.8338271572	0.1661728428	0.9863109089	0.3638761978
0.8348281381	0.1651718619	0.9864925257	0.3635389566
0.8358291191	0.1641708809	0.986672705	0.363202321
0.8368301001	0.1631698999	0.9868514518	0.3628662893
0.8378310811	0.1621689189	0.9870287708	0.3625308602
0.8388320621	0.1611679379	0.9872046669	0.3621960319
0.839833043	0.160166957	0.987379145	0.3618618029
0.840834024	0.159165976	0.9875522098	0.3615281717
0.841835005	0.158164995	0.9877238661	0.3611951368
0.842835986	0.157164014	0.9878941189	0.3608626965
0.843836967	0.156163033	0.9880629727	0.3605308494
0.8448379479	0.1551620521	0.9882304324	0.3601995939
0.8458389289	0.1541610711	0.9883965027	0.3598689285
0.8468399099	0.1531600901	0.9885611883	0.3595388518
0.8478408909	0.1521591091	0.988724494	0.3592093621
0.8488418719	0.1511581281	0.9888864244	0.3588804579
0.8498428529	0.1501571471	0.9890469842	0.3585521379
0.8508438338	0.1491561662	0.9892061782	0.3582244004
0.8518448148	0.1481551852	0.9893640109	0.3578972439
0.8528457958	0.1471542042	0.989520487	0.3575706671
0.8538467768	0.1461532232	0.9896756111	0.3572446683
0.8548477578	0.1451522422	0.9898293878	0.3569192462
0.8558487387	0.1441512613	0.9899818218	0.3565943992
0.8568497197	0.1431502803	0.9901329175	0.3562701258
0.8578507007	0.1421492993	0.9902826797	0.3559464247
0.8588516817	0.1411483183	0.9904311127	0.3556232943
0.8598526627	0.1401473373	0.9905782212	0.3553007332
0.8608536436	0.1391463564	0.9907240097	0.35497874
0.8618546246	0.1381453754	0.9908684827	0.3546573131
0.8628556056	0.1371443944	0.9910116447	0.3543364512
0.8638565866	0.1361434134	0.9911535002	0.3540161528
0.8648575676	0.1351424324	0.9912940536	0.3536964165
0.8658585485	0.1341414515	0.9914333094	0.3533772408
0.8668595295	0.1331404705	0.991571272	0.3530586244
0.8678605105	0.1321394895	0.9917079459	0.3527405658
0.8688614915	0.1311385085	0.9918433355	0.3524230636
0.8698624725	0.1301375275	0.9919774451	0.3521061163
0.8708634535	0.1291365465	0.9921102792	0.3517897227
0.8718644344	0.1281355656	0.9922418421	0.3514738812
0.8728654154	0.1271345846	0.9923721383	0.3511585905
0.8738663964	0.1261336036	0.9925011719	0.3508438493
0.8748673774	0.1251326226	0.9926289474	0.350529656
0.8758683584	0.1241316416	0.9927554691	0.3502160094
0.8768693393	0.1231306607	0.9928807412	0.349902908
0.8778703203	0.1221296797	0.9930047682	0.3495903504
0.8788713013	0.1211286987	0.9931275541	0.3492783354
0.8798722823	0.1201277177	0.9932491034	0.3489668616
0.8808732633	0.1191267367	0.9933694202	0.3486559275
0.8818742442	0.1181257558	0.9934885088	0.3483455318
0.8828752252	0.1171247748	0.9936063734	0.3480356733
0.8838762062	0.1161237938	0.9937230182	0.3477263504
0.8848771872	0.1151228128	0.9938384474	0.3474175619
0.8858781682	0.1141218318	0.9939526652	0.3471093065
0.8868791491	0.1131208509	0.9940656757	0.3468015828
0.8878801301	0.1121198699	0.9941774832	0.3464943895
0.8888811111	0.1111188889	0.9942880917	0.3461877252
0.8898820921	0.1101179079	0.9943975054	0.3458815887
0.8908830731	0.1091169269	0.9945057284	0.3455759785
0.8918840541	0.1081159459	0.9946127648	0.3452708935
0.892885035	0.107114965	0.9947186186	0.3449663323
0.893886016	0.106113984	0.9948232941	0.3446622936
0.894886997	0.105113003	0.9949267951	0.344358776
0.895887978	0.104112022	0.9950291259	0.3440557784
0.896888959	0.103111041	0.9951302903	0.3437532993
0.8978899399	0.1021100601	0.9952302925	0.3434513376
0.8988909209	0.1011090791	0.9953291364	0.3431498919
0.8998919019	0.1001080981	0.9954268261	0.3428489609
0.9008928829	0.09910711712	0.9955233655	0.3425485434
0.9018938639	0.09810613614	0.9956187586	0.3422486382
0.9028948448	0.09710515516	0.9957130093	0.3419492438
0.9038958258	0.09610417417	0.9958061217	0.3416503591
0.9048968068	0.09510319319	0.9958980996	0.3413519828
0.9058977878	0.09410221221	0.995988947	0.3410541137
0.9068987688	0.09310123123	0.9960786678	0.3407567505
0.9078997497	0.09210025025	0.9961672659	0.3404598919
0.9089007307	0.09109926927	0.9962547451	0.3401635367
0.9099017117	0.09009828829	0.9963411093	0.3398676837
0.9109026927	0.08909730731	0.9964263625	0.3395723317
0.9119036737	0.08809632633	0.9965105084	0.3392774793
0.9129046547	0.08709534535	0.9965935509	0.3389831254
0.9139056356	0.08609436436	0.9966754937	0.3386892687
0.9149066166	0.08509338338	0.9967563408	0.3383959081
0.9159075976	0.0840924024	0.9968360959	0.3381030423
0.9169085786	0.08309142142	0.9969147628	0.3378106701
0.9179095596	0.08209044044	0.9969923453	0.3375187902
0.9189105405	0.08108945946	0.9970688471	0.3372274016
0.9199115215	0.08008847848	0.997144272	0.3369365029
0.9209125025	0.0790874975	0.9972186237	0.336646093
0.9219134835	0.07808651652	0.997291906	0.3363561707
0.9229144645	0.07708553554	0.9973641225	0.3360667348
0.9239154454	0.07608455455	0.997435277	0.3357777841
0.9249164264	0.07508357357	0.9975053731	0.3354893174
0.9259174074	0.07408259259	0.9975744146	0.3352013335
0.9269183884	0.07308161161	0.997642405	0.3349138314
0.9279193694	0.07208063063	0.9977093482	0.3346268097
0.9289203504	0.07107964965	0.9977752476	0.3343402674
0.9299213313	0.07007866867	0.9978401069	0.3340542032
0.9309223123	0.06907768769	0.9979039298	0.3337686161
0.9319232933	0.06807670671	0.9979667199	0.3334835047
0.9329242743	0.06707572573	0.9980284807	0.3331988681
0.9339252553	0.06607474474	0.9980892158	0.3329147051
0.9349262362	0.06507376376	0.9981489289	0.3326310144
0.9359272172	0.06407278278	0.9982076234	0.332347795
0.9369281982	0.0630718018	0.9982653029	0.3320650456
0.9379291792	0.06207082082	0.998321971	0.3317827653
0.9389301602	0.06106983984	0.9983776312	0.3315009528
0.9399311411	0.06006885886	0.998432287	0.3312196071
0.9409321221	0.05906787788	0.9984859419	0.3309387269
0.9419331031	0.0580668969	0.9985385993	0.3306583112
0.9429340841	0.05706591592	0.9985902629	0.3303783588
0.9439350651	0.05606493493	0.998640936	0.3300988687
0.944936046	0.05506395395	0.9986906221	0.3298198397
0.945937027	0.05406297297	0.9987393247	0.3295412707
0.946938008	0.05306199199	0.9987870471	0.3292631607
0.947938989	0.05206101101	0.9988337929	0.3289855084
0.94893997	0.05106003003	0.9988795654	0.3287083129
0.949940951	0.05005904905	0.9989243681	0.328431573
0.9509419319	0.04905806807	0.9989682042	0.3281552876
0.9519429129	0.04805708709	0.9990110773	0.3278794556
0.9529438939	0.04705610611	0.9990529907	0.327604076
0.9539448749	0.04605512513	0.9990939477	0.3273291477
0.9549458559	0.04505414414	0.9991339517	0.3270546696
0.9559468368	0.04405316316	0.999173006	0.3267806406
0.9569478178	0.04305218218	0.9992111139	0.3265070596
0.9579487988	0.0420512012	0.9992482789	0.3262339256
0.9589497798	0.04105022022	0.9992845041	0.3259612376
0.9599507608	0.04004923924	0.9993197928	0.3256889944
0.9609517417	0.03904825826	0.9993541485	0.325417195
0.9619527227	0.03804727728	0.9993875742	0.3251458383
0.9629537037	0.0370462963	0.9994200733	0.3248749233
0.9639546847	0.03604531532	0.9994516491	0.324604449
0.9649556657	0.03504433433	0.9994823048	0.3243344143
0.9659566466	0.03404335335	0.9995120435	0.3240648181
0.9669576276	0.03304237237	0.9995408686	0.3237956595
0.9679586086	0.03204139139	0.9995687833	0.3235269373
0.9689595896	0.03104041041	0.9995957906	0.3232586506
0.9699605706	0.03003942943	0.9996218939	0.3229907983
0.9709615516	0.02903844845	0.9996470964	0.3227233794
0.9719625325	0.02803746747	0.999671401	0.3224563928
0.9729635135	0.02703648649	0.9996948112	0.3221898377
0.9739644945	0.02603550551	0.9997173299	0.3219237128
0.9749654755	0.02503452452	0.9997389603	0.3216580173
0.9759664565	0.02403354354	0.9997597056	0.3213927501
0.9769674374	0.02303256256	0.9997795688	0.3211279101
0.9779684184	0.02203158158	0.9997985531	0.3208634965
0.9789693994	0.0210306006	0.9998166616	0.3205995082
0.9799703804	0.02002961962	0.9998338973	0.3203359442
0.9809713614	0.01902863864	0.9998502633	0.3200728034
0.9819723423	0.01802765766	0.9998657628	0.319810085
0.9829733233	0.01702667668	0.9998803987	0.3195477879
0.9839743043	0.0160256957	0.9998941741	0.3192859111
0.9849752853	0.01502471471	0.999907092	0.3190244537
0.9859762663	0.01402373373	0.9999191555	0.3187634147
0.9869772472	0.01302275275	0.9999303676	0.318502793
0.9879782282	0.01202177177	0.9999407312	0.3182425878
0.9889792092	0.01102079079	0.9999502495	0.317982798
0.9899801902	0.01001980981	0.9999589253	0.3177234227
0.9909811712	0.009018828829	0.9999667616	0.3174644609
0.9919821522	0.008017847848	0.9999737615	0.3172059116
0.9929831331	0.007016866867	0.9999799278	0.3169477739
0.9939841141	0.006015885886	0.9999852636	0.3166900469
0.9949850951	0.005014904905	0.9999897717	0.3164327295
0.9959860761	0.004013923924	0.9999934551	0.3161758209
0.9969870571	0.003012942943	0.9999963168	0.31591932
0.997988038	0.002011961962	0.9999983595	0.315663226
0.998989019	0.001010980981	0.9999995863	0.3154075378
0.99999	1e-05	1	0.3151522546
