1e-05	0.99999	167.4274318	1.00000001
0.001010980981	0.998989019	137.6850394	1.000099267
0.002011961962	0.997988038	114.0997154	1.000383153
0.003012942943	0.9969870571	95.24917716	1.000837679
0.004013923924	0.9959860761	80.06950051	1.001449909
0.005014904905	0.9949850951	67.75808216	1.002207865
0.006015885886	0.9939841141	57.70454615	1.003100447
0.007016866867	0.9929831331	49.44110365	1.004117354
0.008017847848	0.9919821522	42.60658097	1.005249017
0.009018828829	0.9909811712	36.92013616	1.00648654
0.01001980981	0.9899801902	32.1619022	1.007821643
0.01102079079	0.9889792092	28.15862231	1.009246613
0.01202177177	0.9879782282	24.77291185	1.01075426
0.01302275275	0.9869772472	21.89517459	1.012337874
0.01402373373	0.9859762663	19.43747583	1.01399119
0.01502471471	0.9849752853	17.32886857	1.015708355
0.0160256957	0.9839743043	15.51180548	1.017483894
0.01702667668	0.9829733233	13.93936801	1.019312686
0.01802765766	0.9819723423	12.57311384	1.021189935
0.01902863864	0.9809713614	11.38139542	1.02311115
0.02002961962	0.9799703804	10.33803937	1.02507212
0.0210306006	0.9789693994	9.421303773	1.027068899
0.02203158158	0.9779684184	8.613050863	1.029097783
0.02303256256	0.9769674374	7.898087312	1.031155297
0.02403354354	0.9759664565	7.263635718	1.033238178
0.02503452452	0.9749654755	6.698909285	1.035343362
0.02603550551	0.9739644945	6.194768011	1.037467969
0.02703648649	0.9729635135	5.743439611	1.039609296
0.02803746747	0.9719625325	5.338292027	1.041764798
0.02903844845	0.9709615516	4.973647269	1.043932087
0.03003942943	0.9699605706	4.644628474	1.046108913
0.03104041041	0.9689595896	4.347033798	1.048293165
0.03204139139	0.9679586086	4.077232046	1.050482853
0.03304237237	0.9669576276	3.832075998	1.052676109
0.03404335335	0.9659566466	3.608830176	1.054871174
0.03504433433	0.9649556657	3.405110461	1.057066394
0.03604531532	0.9639546847	3.218833435	1.059260214
0.0370462963	0.9629537037	3.048173766	1.061451172
0.03804727728	0.9619527227	2.891528243	1.063637892
0.03904825826	0.9609517417	2.747485336	1.065819081
0.04004923924	0.9599507608	2.614799356	1.067993524
0.04105022022	0.9589497798	2.492368464	1.07016008
0.0420512012	0.9579487988	2.379215901	1.072317675
0.04305218218	0.9569478178	2.27447393	1.074465304
0.04405316316	0.9559468368	2.177370051	1.07660202
0.04505414414	0.9549458559	2.087215162	1.078726937
0.04605512513	0.9539448749	2.003393336	1.080839223
0.04705610611	0.9529438939	1.925352998	1.0829381
0.04805708709	0.9519429129	1.852599283	1.085022837
0.04905806807	0.9509419319	1.784687397	1.087092753
0.05005904905	0.949940951	1.721216848	1.089147208
0.05106003003	0.94893997	1.661826412	1.091185607
0.05206101101	0.947938989	1.606189743	1.093207394
0.05306199199	0.946938008	1.55401152	1.095212049
0.05406297297	0.945937027	1.505024079	1.09719909
0.05506395395	0.944936046	1.458984447	1.099168069
0.05606493493	0.9439350651	1.415671731	1.101118569
0.05706591592	0.9429340841	1.374884819	1.103050204
0.0580668969	0.9419331031	1.336440349	1.104962617
0.05906787788	0.9409321221	1.300170903	1.106855479
0.06006885886	0.9399311411	1.265923422	1.108728486
0.06106983984	0.9389301602	1.233557782	1.110581361
0.06207082082	0.9379291792	1.202945537	1.112413848
0.0630718018	0.9369281982	1.1739688	1.114225716
0.06407278278	0.9359272172	1.146519236	1.116016751
0.06507376376	0.9349262362	1.120497175	1.117786765
0.06607474474	0.9339252553	1.095810806	1.119535584
0.06707572573	0.9329242743	1.072375464	1.121263056
0.06807670671	0.9319232933	1.050112983	1.122969043
0.06907768769	0.9309223123	1.028951122	1.124653425
0.07007866867	0.9299213313	1.00882304	1.126316099
0.07107964965	0.9289203504	0.9896668305	1.127956974
0.07208063063	0.9279193694	0.9714250995	1.129575974
0.07308161161	0.9269183884	0.9540445806	1.131173038
0.07408259259	0.9259174074	0.9374757913	1.132748116
0.07508357357	0.9249164264	0.9216727201	1.134301169
0.07608455455	0.9239154454	0.906592543	1.135832173
0.07708553554	0.9229144645	0.8921953656	1.137341111
0.07808651652	0.9219134835	0.8784439903	1.138827978
0.0790874975	0.9209125025	0.8653037025	1.140292778
0.08008847848	0.9199115215	0.8527420777	1.141735527
0.08108945946	0.9189105405	0.8407288046	1.143156246
0.08209044044	0.9179095596	0.8292355242	1.144554966
0.08309142142	0.9169085786	0.8182356824	1.145931725
0.0840924024	0.9159075976	0.8077043955	1.147286571
0.08509338338	0.9149066166	0.7976183269	1.148619556
0.08609436436	0.9139056356	0.7879555745	1.14993074
0.08709534535	0.9129046547	0.778695567	1.151220189
0.08809632633	0.9119036737	0.769818969	1.152487976
0.08909730731	0.9109026927	0.7613075934	1.153734178
0.09009828829	0.9099017117	0.7531443216	1.154958879
0.09109926927	0.9089007307	0.7453130293	1.156162166
0.09210025025	0.9078997497	0.7377985184	1.157344133
0.09310123123	0.9068987688	0.7305864547	1.158504877
0.09410221221	0.9058977878	0.7236633093	1.159644499
0.09510319319	0.9048968068	0.7170163056	1.160763106
0.09610417417	0.9038958258	0.7106333699	1.161860806
0.09710515516	0.9028948448	0.7045030855	1.162937712
0.09810613614	0.9018938639	0.6986146504	1.163993941
0.09910711712	0.9008928829	0.692957838	1.16502961
0.1001080981	0.8998919019	0.6875229613	1.166044844
0.1011090791	0.8988909209	0.6823008383	1.167039765
0.1021100601	0.8978899399	0.6772827614	1.168014502
0.103111041	0.896888959	0.6724604683	1.168969184
0.104112022	0.895887978	0.6678261143	1.169903942
0.105113003	0.894886997	0.6633722479	1.170818911
0.106113984	0.893886016	0.659091787	1.171714226
0.107114965	0.892885035	0.654977997	1.172590024
0.1081159459	0.8918840541	0.6510244707	1.173446444
0.1091169269	0.8908830731	0.6472251094	1.174283627
0.1101179079	0.8898820921	0.6435741046	1.175101715
0.1111188889	0.8888811111	0.6400659222	1.17590085
0.1121198699	0.8878801301	0.6366952865	1.176681176
0.1131208509	0.8868791491	0.6334571661	1.177442838
0.1141218318	0.8858781682	0.63034676	1.178185983
0.1151228128	0.8848771872	0.6273594852	1.178910757
0.1161237938	0.8838762062	0.624490965	1.179617307
0.1171247748	0.8828752252	0.6217370173	1.180305781
0.1181257558	0.8818742442	0.6190936447	1.180976329
0.1191267367	0.8808732633	0.6165570245	1.181629098
0.1201277177	0.8798722823	0.6141234996	1.182264238
0.1211286987	0.8788713013	0.6117895697	1.1828819
0.1221296797	0.8778703203	0.6095518834	1.183482231
0.1231306607	0.8768693393	0.6074072304	1.184065384
0.1241316416	0.8758683584	0.6053525343	1.184631507
0.1251326226	0.8748673774	0.6033848461	1.185180751
0.1261336036	0.8738663964	0.6015013377	1.185713265
0.1271345846	0.8728654154	0.5996992957	1.1862292
0.1281355656	0.8718644344	0.597976116	1.186728705
0.1291365465	0.8708634535	0.5963292984	1.187211931
0.1301375275	0.8698624725	0.5947564417	1.187679026
0.1311385085	0.8688614915	0.5932552385	1.188130139
0.1321394895	0.8678605105	0.5918234714	1.18856542
0.1331404705	0.8668595295	0.5904590083	1.188985016
0.1341414515	0.8658585485	0.5891597984	1.189389075
0.1351424324	0.8648575676	0.5879238685	1.189777745
0.1361434134	0.8638565866	0.5867493197	1.190151174
0.1371443944	0.8628556056	0.5856343234	1.190509506
0.1381453754	0.8618546246	0.5845771188	1.190852889
0.1391463564	0.8608536436	0.5835760092	1.191181468
0.1401473373	0.8598526627	0.5826293595	1.191495387
0.1411483183	0.8588516817	0.5817355937	1.19179479
0.1421492993	0.8578507007	0.5808931914	1.192079822
0.1431502803	0.8568497197	0.5801006866	1.192350624
0.1441512613	0.8558487387	0.5793566642	1.192607339
0.1451522422	0.8548477578	0.5786597586	1.192850107
0.1461532232	0.8538467768	0.5780086512	1.193079071
0.1471542042	0.8528457958	0.5774020686	1.193294369
0.1481551852	0.8518448148	0.5768387803	1.19349614
0.1491561662	0.8508438338	0.5763175976	1.193684522
0.1501571471	0.8498428529	0.5758373712	1.193859654
0.1511581281	0.8488418719	0.5753969901	1.194021671
0.1521591091	0.8478408909	0.5749953795	1.19417071
0.1531600901	0.8468399099	0.5746314997	1.194306905
0.1541610711	0.8458389289	0.5743043448	1.19443039
0.1551620521	0.8448379479	0.574012941	1.194541298
0.156163033	0.843836967	0.5737563454	1.194639761
0.157164014	0.842835986	0.573533645	1.194725911
0.158164995	0.841835005	0.5733439553	1.194799879
0.159165976	0.840834024	0.5731864193	1.194861793
0.160166957	0.839833043	0.5730602066	1.194911782
0.1611679379	0.8388320621	0.5729645118	1.194949975
0.1621689189	0.8378310811	0.5728985544	1.194976497
0.1631698999	0.8368301001	0.5728615771	1.194991474
0.1641708809	0.8358291191	0.5728528454	1.194995032
0.1651718619	0.8348281381	0.5728716464	1.194987294
0.1661728428	0.8338271572	0.5729172885	1.194968383
0.1671738238	0.8328261762	0.5729891	1.194938421
0.1681748048	0.8318251952	0.5730864289	1.194897529
0.1691757858	0.8308242142	0.5732086418	1.194845827
0.1701767668	0.8298232332	0.5733551235	1.194783435
0.1711777477	0.8288222523	0.5735252763	1.19471047
0.1721787287	0.8278212713	0.5737185192	1.194627049
0.1731797097	0.8268202903	0.5739342876	1.19453329
0.1741806907	0.8258193093	0.5741720323	1.194429307
0.1751816717	0.8248183283	0.5744312195	1.194315214
0.1761826527	0.8238173473	0.5747113299	1.194191125
0.1771836336	0.8228163664	0.5750118582	1.194057152
0.1781846146	0.8218153854	0.5753323129	1.193913407
0.1791855956	0.8208144044	0.5756722156	1.19376
0.1801865766	0.8198134234	0.5760311006	1.19359704
0.1811875576	0.8188124424	0.5764085144	1.193424637
0.1821885385	0.8178114615	0.5768040154	1.193242898
0.1831895195	0.8168104805	0.5772171738	1.193051929
0.1841905005	0.8158094995	0.5776475704	1.192851837
0.1851914815	0.8148085185	0.5780947973	1.192642725
0.1861924625	0.8138075375	0.5785584566	1.192424699
0.1871934434	0.8128065566	0.5790381605	1.19219786
0.1881944244	0.8118055756	0.5795335313	1.191962311
0.1891954054	0.8108045946	0.5800442003	1.191718153
0.1901963864	0.8098036136	0.5805698083	1.191465486
0.1911973674	0.8088026326	0.5811100048	1.19120441
0.1921983483	0.8078016517	0.5816644478	1.190935022
0.1931993293	0.8068006707	0.5822328038	1.19065742
0.1942003103	0.8057996897	0.5828147473	1.190371701
0.1952012913	0.8047987087	0.5834099605	1.190077959
0.1962022723	0.8037977277	0.5840181334	1.189776291
0.1972032533	0.8027967467	0.5846389632	1.189466789
0.1982042342	0.8017957658	0.5852721542	1.189149547
0.1992052152	0.8007947848	0.5859174178	1.188824656
0.2002061962	0.7997938038	0.5865744721	1.188492209
0.2012071772	0.7987928228	0.5872430414	1.188152294
0.2022081582	0.7977918418	0.5879228567	1.187805002
0.2032091391	0.7967908609	0.5886136551	1.187450422
0.2042101201	0.7957898799	0.5893151795	1.18708864
0.2052111011	0.7947888989	0.5900271787	1.186719744
0.2062120821	0.7937879179	0.5907494072	1.18634382
0.2072130631	0.7927869369	0.5914816248	1.185960954
0.208214044	0.791785956	0.5922235969	1.185571228
0.209215025	0.790784975	0.5929750937	1.185174728
0.210216006	0.789783994	0.5937358908	1.184771536
0.211216987	0.788783013	0.5945057685	1.184361734
0.212217968	0.787782032	0.595284512	1.183945402
0.2132189489	0.7867810511	0.5960719108	1.183522622
0.2142199299	0.7857800701	0.5968677593	1.183093472
0.2152209109	0.7847790891	0.5976718561	1.182658032
0.2162218919	0.7837781081	0.5984840041	1.18221638
0.2172228729	0.7827771271	0.5993040104	1.181768593
0.2182238539	0.7817761461	0.600131686	1.181314746
0.2192248348	0.7807751652	0.6009668459	1.180854917
0.2202258158	0.7797741842	0.6018093091	1.180389179
0.2212267968	0.7787732032	0.6026588981	1.179917607
0.2222277778	0.7777722222	0.6035154393	1.179440275
0.2232287588	0.7767712412	0.6043787623	1.178957254
0.2242297397	0.7757702603	0.6052487006	1.178468617
0.2252307207	0.7747692793	0.6061250906	1.177974436
0.2262317017	0.7737682983	0.6070077724	1.17747478
0.2272326827	0.7727673173	0.6078965891	1.17696972
0.2282336637	0.7717663363	0.6087913869	1.176459324
0.2292346446	0.7707653554	0.6096920151	1.175943661
0.2302356256	0.7697643744	0.610598326	1.175422799
0.2312366066	0.7687633934	0.6115101748	1.174896804
0.2322375876	0.7677624124	0.6124274195	1.174365743
0.2332385686	0.7667614314	0.6133499209	1.173829681
0.2342395495	0.7657604505	0.6142775424	1.173288684
0.2352405305	0.7647594695	0.6152101503	1.172742816
0.2362415115	0.7637584885	0.616147613	1.17219214
0.2372424925	0.7627575075	0.617089802	1.171636719
0.2382434735	0.7617565265	0.6180365907	1.171076616
0.2392444545	0.7607555455	0.6189878553	1.170511892
0.2402454354	0.7597545646	0.6199434741	1.169942608
0.2412464164	0.7587535836	0.6209033278	1.169368825
0.2422473974	0.7577526026	0.6218672994	1.168790603
0.2432483784	0.7567516216	0.6228352738	1.168208
0.2442493594	0.7557506406	0.6238071384	1.167621075
0.2452503403	0.7547496597	0.6247827824	1.167029887
0.2462513213	0.7537486787	0.6257620971	1.166434492
0.2472523023	0.7527476977	0.6267449761	1.165834947
0.2482532833	0.7517467167	0.6277313145	1.165231309
0.2492542643	0.7507457357	0.6287210095	1.164623633
0.2502552452	0.7497447548	0.6297139603	1.164011973
0.2512562262	0.7487437738	0.6307100677	1.163396385
0.2522572072	0.7477427928	0.6317092345	1.162776922
0.2532581882	0.7467418118	0.632711365	1.162153638
0.2542591692	0.7457408308	0.6337163655	1.161526585
0.2552601502	0.7447398498	0.6347241437	1.160895815
0.2562611311	0.7437388689	0.6357346091	1.16026138
0.2572621121	0.7427378879	0.6367476729	1.159623331
0.2582630931	0.7417369069	0.6377632476	1.158981719
0.2592640741	0.7407359259	0.6387812475	1.158336593
0.2602650551	0.7397349449	0.6398015882	1.157688003
0.261266036	0.738733964	0.640824187	1.157035999
0.262267017	0.737732983	0.6418489623	1.156380628
0.263267998	0.736732002	0.6428758344	1.155721938
0.264268979	0.735731021	0.6439047246	1.155059977
0.26526996	0.73473004	0.6449355556	1.154394792
0.2662709409	0.7337290591	0.6459682518	1.153726429
0.2672719219	0.7327280781	0.6470027383	1.153054933
0.2682729029	0.7317270971	0.6480389421	1.152380352
0.2692738839	0.7307261161	0.649076791	1.151702729
0.2702748649	0.7297251351	0.6501162143	1.151022109
0.2712758458	0.7287241542	0.6511571424	1.150338536
0.2722768268	0.7277231732	0.6521995068	1.149652053
0.2732778078	0.7267221922	0.6532432404	1.148962704
0.2742787888	0.7257212112	0.654288277	1.148270532
0.2752797698	0.7247202302	0.6553345516	1.147575577
0.2762807508	0.7237192492	0.6563820005	1.146877883
0.2772817317	0.7227182683	0.6574305607	1.14617749
0.2782827127	0.7217172873	0.6584801705	1.145474439
0.2792836937	0.7207163063	0.6595307692	1.144768771
0.2802846747	0.7197153253	0.6605822972	1.144060526
0.2812856557	0.7187143443	0.6616346956	1.143349743
0.2822866366	0.7177133634	0.6626879068	1.142636461
0.2832876176	0.7167123824	0.6637418741	1.141920718
0.2842885986	0.7157114014	0.6647965416	1.141202554
0.2852895796	0.7147104204	0.6658518544	1.140482007
0.2862905606	0.7137094394	0.6669077585	1.139759112
0.2872915415	0.7127084585	0.6679642009	1.139033908
0.2882925225	0.7117074775	0.6690211295	1.138306432
0.2892935035	0.7107064965	0.6700784927	1.137576719
0.2902944845	0.7097055155	0.6711362402	1.136844805
0.2912954655	0.7087045345	0.6721943223	1.136110727
0.2922964464	0.7077035536	0.6732526901	1.135374518
0.2932974274	0.7067025726	0.6743112956	1.134636214
0.2942984084	0.7057015916	0.6753700916	1.133895849
0.2952993894	0.7047006106	0.6764290315	1.133153458
0.2963003704	0.7036996296	0.6774880697	1.132409073
0.2973013514	0.7026986486	0.6785471613	1.131662728
0.2983023323	0.7016976677	0.6796062619	1.130914456
0.2993033133	0.7006966867	0.680665328	1.130164289
0.3003042943	0.6996957057	0.681724317	1.12941226
0.3013052753	0.6986947247	0.6827831867	1.128658401
0.3023062563	0.6976937437	0.6838418956	1.127902742
0.3033072372	0.6966927628	0.6849004032	1.127145316
0.3043082182	0.6956917818	0.6859586692	1.126386152
0.3053091992	0.6946908008	0.6870166543	1.125625282
0.3063101802	0.6936898198	0.6880743198	1.124862736
0.3073111612	0.6926888388	0.6891316274	1.124098543
0.3083121421	0.6916878579	0.6901885398	1.123332733
0.3093131231	0.6906868769	0.6912450199	1.122565335
0.3103141041	0.6896858959	0.6923010316	1.121796378
0.3113150851	0.6886849149	0.693356539	1.121025891
0.3123160661	0.6876839339	0.6944115071	1.120253901
0.313317047	0.686682953	0.6954659013	1.119480437
0.314318028	0.685681972	0.6965196876	1.118705527
0.315319009	0.684680991	0.6975728326	1.117929197
0.31631999	0.68368001	0.6986253035	1.117151475
0.317320971	0.682679029	0.6996770678	1.116372387
0.318321952	0.681678048	0.7007280938	1.11559196
0.3193229329	0.6806770671	0.7017783501	1.114810221
0.3203239139	0.6796760861	0.702827806	1.114027194
0.3213248949	0.6786751051	0.7038764312	1.113242906
0.3223258759	0.6776741241	0.7049241959	1.112457382
0.3233268569	0.6766731431	0.7059710709	1.111670646
0.3243278378	0.6756721622	0.7070170272	1.110882725
0.3253288188	0.6746711812	0.7080620366	1.110093641
0.3263297998	0.6736702002	0.7091060711	1.10930342
0.3273307808	0.6726692192	0.7101491035	1.108512085
0.3283317618	0.6716682382	0.7111911066	1.10771966
0.3293327427	0.6706672573	0.7122320541	1.106926169
0.3303337237	0.6696662763	0.7132719197	1.106131634
0.3313347047	0.6686652953	0.714310678	1.105336078
0.3323356857	0.6676643143	0.7153483035	1.104539525
0.3333366667	0.6666633333	0.7163847717	1.103741997
0.3343376476	0.6656623524	0.717420058	1.102943515
0.3353386286	0.6646613714	0.7184541384	1.102144102
0.3363396096	0.6636603904	0.7194869895	1.101343779
0.3373405906	0.6626594094	0.7205185879	1.100542568
0.3383415716	0.6616584284	0.721548911	1.09974049
0.3393425526	0.6606574474	0.7225779363	1.098937567
0.3403435335	0.6596564665	0.7236056417	1.098133818
0.3413445145	0.6586554855	0.7246320056	1.097329264
0.3423454955	0.6576545045	0.7256570067	1.096523926
0.3433464765	0.6566535235	0.7266806241	1.095717823
0.3443474575	0.6556525425	0.7277028371	1.094910976
0.3453484384	0.6546515616	0.7287236255	1.094103405
0.3463494194	0.6536505806	0.7297429695	1.093295127
0.3473504004	0.6526495996	0.7307608495	1.092486164
0.3483513814	0.6516486186	0.7317772463	1.091676532
0.3493523624	0.6506476376	0.732792141	1.090866253
0.3503533433	0.6496466567	0.733805515	1.090055343
0.3513543243	0.6486456757	0.7348173502	1.089243822
0.3523553053	0.6476446947	0.7358276285	1.088431707
0.3533562863	0.6466437137	0.7368363325	1.087619017
0.3543572673	0.6456427327	0.7378434447	1.086805769
0.3553582482	0.6446417518	0.7388489483	1.08599198
0.3563592292	0.6436407708	0.7398528264	1.085177669
0.3573602102	0.6426397898	0.7408550627	1.084362852
0.3583611912	0.6416388088	0.7418556412	1.083547546
0.3593621722	0.6406378278	0.7428545459	1.082731768
0.3603631532	0.6396368468	0.7438517613	1.081915535
0.3613641341	0.6386358659	0.7448472722	1.081098862
0.3623651151	0.6376348849	0.7458410635	1.080281767
0.3633660961	0.6366339039	0.7468331206	1.079464265
0.3643670771	0.6356329229	0.7478234291	1.078646371
0.3653680581	0.6346319419	0.7488119746	1.077828103
0.366369039	0.633630961	0.7497987433	1.077009475
0.36737002	0.63262998	0.7507837216	1.076190502
0.368371001	0.631628999	0.7517668959	1.0753712
0.369371982	0.630628018	0.7527482532	1.074551584
0.370372963	0.629627037	0.7537277804	1.073731669
0.3713739439	0.6286260561	0.754705465	1.072911468
0.3723749249	0.6276250751	0.7556812945	1.072090997
0.3733759059	0.6266240941	0.7566552566	1.07127027
0.3743768869	0.6256231131	0.7576273394	1.070449301
0.3753778679	0.6246221321	0.7585975311	1.069628105
0.3763788488	0.6236211512	0.7595658203	1.068806694
0.3773798298	0.6226201702	0.7605321955	1.067985082
0.3783808108	0.6216191892	0.7614966459	1.067163284
0.3793817918	0.6206182082	0.7624591603	1.066341313
0.3803827728	0.6196172272	0.7634197284	1.065519181
0.3813837538	0.6186162462	0.7643783395	1.064696902
0.3823847347	0.6176152653	0.7653349834	1.063874488
0.3833857157	0.6166142843	0.7662896502	1.063051953
0.3843866967	0.6156133033	0.7672423301	1.062229309
0.3853876777	0.6146123223	0.7681930133	1.061406569
0.3863886587	0.6136113413	0.7691416905	1.060583744
0.3873896396	0.6126103604	0.7700883524	1.059760848
0.3883906206	0.6116093794	0.77103299	1.058937892
0.3893916016	0.6106083984	0.7719755945	1.058114888
0.3903925826	0.6096074174	0.7729161572	1.057291847
0.3913935636	0.6086064364	0.7738546696	1.056468782
0.3923945445	0.6076054555	0.7747911234	1.055645705
0.3933955255	0.6066044745	0.7757255105	1.054822625
0.3943965065	0.6056034935	0.7766578229	1.053999555
0.3953974875	0.6046025125	0.777588053	1.053176506
0.3963984685	0.6036015315	0.778516193	1.052353489
0.3973994494	0.6026005506	0.7794422357	1.051530514
0.3984004304	0.6015995696	0.7803661736	1.050707593
0.3994014114	0.6005985886	0.7812879998	1.049884735
0.4004023924	0.5995976076	0.7822077073	1.049061952
0.4014033734	0.5985966266	0.7831252893	1.048239253
0.4024043544	0.5975956456	0.7840407393	1.04741665
0.4034053353	0.5965946647	0.7849540507	1.046594152
0.4044063163	0.5955936837	0.7858652173	1.045771768
0.4054072973	0.5945927027	0.786774233	1.04494951
0.4064082783	0.5935917217	0.7876810917	1.044127387
0.4074092593	0.5925907407	0.7885857876	1.043305408
0.4084102402	0.5915897598	0.789488315	1.042483583
0.4094112212	0.5905887788	0.7903886684	1.041661922
0.4104122022	0.5895877978	0.7912868423	1.040840433
0.4114131832	0.5885868168	0.7921828315	1.040019126
0.4124141642	0.5875858358	0.7930766308	1.03919801
0.4134151451	0.5865848549	0.7939682353	1.038377095
0.4144161261	0.5855838739	0.7948576401	1.037556388
0.4154171071	0.5845828929	0.7957448404	1.036735899
0.4164180881	0.5835819119	0.7966298317	1.035915636
0.4174190691	0.5825809309	0.7975126096	1.035095608
0.4184200501	0.5815799499	0.7983931696	1.034275824
0.419421031	0.580578969	0.7992715077	1.033456292
0.420422012	0.579577988	0.8001476196	1.032637019
0.421422993	0.578577007	0.8010215014	1.031818015
0.422423974	0.577576026	0.8018931494	1.030999287
0.423424955	0.576575045	0.8027625597	1.030180843
0.4244259359	0.5755740641	0.8036297288	1.029362692
0.4254269169	0.5745730831	0.8044946533	1.02854484
0.4264278979	0.5735721021	0.8053573297	1.027727297
0.4274288789	0.5725711211	0.8062177547	1.026910068
0.4284298599	0.5715701401	0.8070759254	1.026093162
0.4294308408	0.5705691592	0.8079318385	1.025276586
0.4304318218	0.5695681782	0.8087854912	1.024460348
0.4314328028	0.5685671972	0.8096368808	1.023644455
0.4324337838	0.5675662162	0.8104860044	1.022828913
0.4334347648	0.5665652352	0.8113328595	1.02201373
0.4344357457	0.5655642543	0.8121774437	1.021198913
0.4354367267	0.5645632733	0.8130197544	1.020384469
0.4364377077	0.5635622923	0.8138597894	1.019570405
0.4374386887	0.5625613113	0.8146975465	1.018756727
0.4384396697	0.5615603303	0.8155330237	1.017943442
0.4394406507	0.5605593493	0.8163662189	1.017130556
0.4404416316	0.5595583684	0.8171971302	1.016318076
0.4414426126	0.5585573874	0.8180257559	1.015506009
0.4424435936	0.5575564064	0.8188520941	1.01469436
0.4434445746	0.5565554254	0.8196761434	1.013883136
0.4444455556	0.5555544444	0.820497902	1.013072344
0.4454465365	0.5545534635	0.8213173687	1.012261988
0.4464475175	0.5535524825	0.8221345421	1.011452076
0.4474484985	0.5525515015	0.8229494209	1.010642612
0.4484494795	0.5515505205	0.8237620039	1.009833604
0.4494504605	0.5505495395	0.82457229	1.009025056
0.4504514414	0.5495485586	0.8253802782	1.008216975
0.4514524224	0.5485475776	0.8261859676	1.007409366
0.4524534034	0.5475465966	0.8269893573	1.006602234
0.4534543844	0.5465456156	0.8277904467	1.005795586
0.4544553654	0.5455446346	0.8285892349	1.004989426
0.4554563463	0.5445436537	0.8293857214	1.004183759
0.4564573273	0.5435426727	0.8301799056	1.003378592
0.4574583083	0.5425416917	0.8309717872	1.00257393
0.4584592893	0.5415407107	0.8317613656	1.001769777
0.4594602703	0.5405397297	0.8325486407	1.000966138
0.4604612513	0.5395387487	0.8333336121	1.000163019
0.4614622322	0.5385377678	0.8341162798	0.9993604248
0.4624632132	0.5375367868	0.8348966436	0.9985583599
0.4634641942	0.5365358058	0.8356747035	0.9977568292
0.4644651752	0.5355348248	0.8364504596	0.9969558376
0.4654661562	0.5345338438	0.8372239119	0.9961553897
0.4664671371	0.5335328629	0.8379950608	0.9953554901
0.4674681181	0.5325318819	0.8387639063	0.9945561434
0.4684690991	0.5315309009	0.8395304489	0.9937573542
0.4694700801	0.5305299199	0.840294689	0.9929591269
0.4704710611	0.5295289389	0.8410566269	0.9921614658
0.471472042	0.528527958	0.8418162632	0.9913643753
0.472473023	0.527526977	0.8425735984	0.9905678598
0.473474004	0.526525996	0.8433286333	0.9897719233
0.474474985	0.525525015	0.8440813684	0.9889765701
0.475475966	0.524524034	0.8448318046	0.9881818042
0.4764769469	0.5235230531	0.8455799426	0.9873876298
0.4774779279	0.5225220721	0.8463257834	0.9865940507
0.4784789089	0.5215210911	0.8470693278	0.985801071
0.4794798899	0.5205201101	0.8478105768	0.9850086946
0.4804808709	0.5195191291	0.8485495315	0.9842169252
0.4814818519	0.5185181481	0.849286193	0.9834257666
0.4824828328	0.5175171672	0.8500205624	0.9826352226
0.4834838138	0.5165161862	0.850752641	0.9818452968
0.4844847948	0.5155152052	0.8514824299	0.9810559929
0.4854857758	0.5145142242	0.8522099305	0.9802673144
0.4864867568	0.5135132432	0.8529351441	0.9794792649
0.4874877377	0.5125122623	0.8536580722	0.9786918477
0.4884887187	0.5115112813	0.8543787162	0.9779050665
0.4894896997	0.5105103003	0.8550970776	0.9771189244
0.4904906807	0.5095093193	0.8558131579	0.9763334249
0.4914916617	0.5085083383	0.8565269589	0.9755485712
0.4924926426	0.5075073574	0.857238482	0.9747643666
0.4934936236	0.5065063764	0.8579477291	0.9739808142
0.4944946046	0.5055053954	0.8586547018	0.9731979171
0.4954955856	0.5045044144	0.8593594019	0.9724156786
0.4964965666	0.5035034334	0.8600618313	0.9716341015
0.4974975475	0.5025024525	0.8607619918	0.970853189
0.4984985285	0.5015014715	0.8614598854	0.9700729439
0.4994995095	0.5005004905	0.862155514	0.9692933692
0.5005004905	0.4994995095	0.8628488796	0.9685144678
0.5015014715	0.4984985285	0.8635399843	0.9677362424
0.5025024525	0.4974975475	0.8642288301	0.9669586959
0.5035034334	0.4964965666	0.8649154192	0.9661818311
0.5045044144	0.4954955856	0.8655997536	0.9654056505
0.5055053954	0.4944946046	0.8662818357	0.9646301569
0.5065063764	0.4934936236	0.8669616677	0.9638553529
0.5075073574	0.4924926426	0.8676392518	0.963081241
0.5085083383	0.4914916617	0.8683145903	0.9623078239
0.5095093193	0.4904906807	0.8689876856	0.9615351039
0.5105103003	0.4894896997	0.8696585401	0.9607630837
0.5115112813	0.4884887187	0.8703271562	0.9599917655
0.5125122623	0.4874877377	0.8709935363	0.9592211518
0.5135132432	0.4864867568	0.871657683	0.9584512449
0.5145142242	0.4854857758	0.8723195987	0.9576820471
0.5155152052	0.4844847948	0.8729792861	0.9569135607
0.5165161862	0.4834838138	0.8736367476	0.9561457879
0.5175171672	0.4824828328	0.874291986	0.955378731
0.5185181481	0.4814818519	0.8749450039	0.954612392
0.5195191291	0.4804808709	0.875595804	0.9538467731
0.5205201101	0.4794798899	0.8762443889	0.9530818765
0.5215210911	0.4784789089	0.8768907615	0.9523177041
0.5225220721	0.4774779279	0.8775349245	0.951554258
0.5235230531	0.4764769469	0.8781768807	0.9507915401
0.524524034	0.475475966	0.8788166329	0.9500295525
0.525525015	0.474474985	0.879454184	0.949268297
0.526525996	0.473474004	0.880089537	0.9485077756
0.527526977	0.472473023	0.8807226946	0.94774799
0.528527958	0.471472042	0.88135366	0.9469889421
0.5295289389	0.4704710611	0.8819824359	0.9462306337
0.5305299199	0.4694700801	0.8826090255	0.9454730666
0.5315309009	0.4684690991	0.8832334317	0.9447162424
0.5325318819	0.4674681181	0.8838556577	0.943960163
0.5335328629	0.4664671371	0.8844757064	0.9432048298
0.5345338438	0.4654661562	0.885093581	0.9424502446
0.5355348248	0.4644651752	0.8857092846	0.9416964091
0.5365358058	0.4634641942	0.8863228203	0.9409433246
0.5375367868	0.4624632132	0.8869341914	0.9401909929
0.5385377678	0.4614622322	0.8875434009	0.9394394154
0.5395387487	0.4604612513	0.8881504522	0.9386885935
0.5405397297	0.4594602703	0.8887553485	0.9379385289
0.5415407107	0.4584592893	0.8893580929	0.9371892228
0.5425416917	0.4574583083	0.8899586889	0.9364406768
0.5435426727	0.4564573273	0.8905571397	0.9356928921
0.5445436537	0.4554563463	0.8911534486	0.9349458701
0.5455446346	0.4544553654	0.891747619	0.9341996122
0.5465456156	0.4534543844	0.8923396542	0.9334541195
0.5475465966	0.4524534034	0.8929295576	0.9327093935
0.5485475776	0.4514524224	0.8935173326	0.9319654354
0.5495485586	0.4504514414	0.8941029827	0.9312222463
0.5505495395	0.4494504605	0.8946865112	0.9304798274
0.5515505205	0.4484494795	0.8952679217	0.92973818
0.5525515015	0.4474484985	0.8958472176	0.9289973051
0.5535524825	0.4464475175	0.8964244024	0.9282572039
0.5545534635	0.4454465365	0.8969994796	0.9275178774
0.5555544444	0.4444455556	0.8975724528	0.9267793268
0.5565554254	0.4434445746	0.8981433254	0.926041553
0.5575564064	0.4424435936	0.8987121011	0.9253045571
0.5585573874	0.4414426126	0.8992787833	0.9245683401
0.5595583684	0.4404416316	0.8998433758	0.923832903
0.5605593493	0.4394406507	0.9004058822	0.9230982466
0.5615603303	0.4384396697	0.9009663059	0.9223643719
0.5625613113	0.4374386887	0.9015246507	0.9216312799
0.5635622923	0.4364377077	0.9020809203	0.9208989714
0.5645632733	0.4354367267	0.9026351183	0.9201674472
0.5655642543	0.4344357457	0.9031872483	0.9194367082
0.5665652352	0.4334347648	0.9037373141	0.9187067553
0.5675662162	0.4324337838	0.9042853193	0.9179775891
0.5685671972	0.4314328028	0.9048312678	0.9172492105
0.5695681782	0.4304318218	0.9053751631	0.9165216202
0.5705691592	0.4294308408	0.9059170092	0.915794819
0.5715701401	0.4284298599	0.9064568097	0.9150688076
0.5725711211	0.4274288789	0.9069945683	0.9143435866
0.5735721021	0.4264278979	0.9075302889	0.9136191568
0.5745730831	0.4254269169	0.9080639753	0.9128955187
0.5755740641	0.4244259359	0.9085956313	0.912172673
0.576575045	0.423424955	0.9091252607	0.9114506204
0.577576026	0.422423974	0.9096528672	0.9107293613
0.578577007	0.421422993	0.9101784548	0.9100088965
0.579577988	0.420422012	0.9107020273	0.9092892263
0.580578969	0.419421031	0.9112235885	0.9085703514
0.5815799499	0.4184200501	0.9117431424	0.9078522724
0.5825809309	0.4174190691	0.9122606927	0.9071349896
0.5835819119	0.4164180881	0.9127762434	0.9064185035
0.5845828929	0.4154171071	0.9132897984	0.9057028147
0.5855838739	0.4144161261	0.9138013615	0.9049879236
0.5865848549	0.4134151451	0.9143109367	0.9042738305
0.5875858358	0.4124141642	0.9148185279	0.903560536
0.5885868168	0.4114131832	0.915324139	0.9028480403
0.5895877978	0.4104122022	0.915827774	0.902136344
0.5905887788	0.4094112212	0.9163294368	0.9014254472
0.5915897598	0.4084102402	0.9168291313	0.9007153505
0.5925907407	0.4074092593	0.9173268615	0.9000060541
0.5935917217	0.4064082783	0.9178226314	0.8992975583
0.5945927027	0.4054072973	0.9183164449	0.8985898633
0.5955936837	0.4044063163	0.9188083061	0.8978829696
0.5965946647	0.4034053353	0.9192982188	0.8971768774
0.5975956456	0.4024043544	0.9197861872	0.8964715868
0.5985966266	0.4014033734	0.9202722152	0.8957670982
0.5995976076	0.4004023924	0.9207563067	0.8950634117
0.6005985886	0.3994014114	0.9212384659	0.8943605276
0.6015995696	0.3984004304	0.9217186966	0.893658446
0.6026005506	0.3973994494	0.922197003	0.8929571672
0.6036015315	0.3963984685	0.9226733891	0.8922566912
0.6046025125	0.3953974875	0.9231478589	0.8915570182
0.6056034935	0.3943965065	0.9236204164	0.8908581484
0.6066044745	0.3933955255	0.9240910657	0.8901600819
0.6076054555	0.3923945445	0.9245598108	0.8894628187
0.6086064364	0.3913935636	0.9250266557	0.8887663589
0.6096074174	0.3903925826	0.9254916046	0.8880707027
0.6106083984	0.3893916016	0.9259546614	0.8873758501
0.6116093794	0.3883906206	0.9264158302	0.8866818012
0.6126103604	0.3873896396	0.9268751152	0.8859885559
0.6136113413	0.3863886587	0.9273325203	0.8852961143
0.6146123223	0.3853876777	0.9277880497	0.8846044764
0.6156133033	0.3843866967	0.9282417073	0.8839136422
0.6166142843	0.3833857157	0.9286934973	0.8832236117
0.6176152653	0.3823847347	0.9291434238	0.8825343849
0.6186162462	0.3813837538	0.9295914909	0.8818459617
0.6196172272	0.3803827728	0.9300377025	0.8811583421
0.6206182082	0.3793817918	0.9304820629	0.880471526
0.6216191892	0.3783808108	0.9309245761	0.8797855133
0.6226201702	0.3773798298	0.9313652461	0.8791003039
0.6236211512	0.3763788488	0.9318040772	0.8784158978
0.6246221321	0.3753778679	0.9322410734	0.8777322948
0.6256231131	0.3743768869	0.9326762387	0.8770494949
0.6266240941	0.3733759059	0.9331095773	0.8763674978
0.6276250751	0.3723749249	0.9335410933	0.8756863034
0.6286260561	0.3713739439	0.9339707908	0.8750059117
0.629627037	0.370372963	0.9343986739	0.8743263223
0.630628018	0.369371982	0.9348247466	0.8736475352
0.631628999	0.368371001	0.9352490132	0.8729695501
0.63262998	0.36737002	0.9356714776	0.8722923669
0.633630961	0.366369039	0.936092144	0.8716159853
0.6346319419	0.3653680581	0.9365110166	0.8709404051
0.6356329229	0.3643670771	0.9369280994	0.8702656261
0.6366339039	0.3633660961	0.9373433965	0.8695916481
0.6376348849	0.3623651151	0.937756912	0.8689184709
0.6386358659	0.3613641341	0.9381686501	0.868246094
0.6396368468	0.3603631532	0.9385786148	0.8675745174
0.6406378278	0.3593621722	0.9389868102	0.8669037406
0.6416388088	0.3583611912	0.9393932405	0.8662337635
0.6426397898	0.3573602102	0.9397979098	0.8655645857
0.6436407708	0.3563592292	0.9402008222	0.8648962069
0.6446417518	0.3553582482	0.9406019817	0.8642286269
0.6456427327	0.3543572673	0.9410013925	0.8635618452
0.6466437137	0.3533562863	0.9413990587	0.8628958616
0.6476446947	0.3523553053	0.9417949844	0.8622306757
0.6486456757	0.3513543243	0.9421891737	0.8615662872
0.6496466567	0.3503533433	0.9425816306	0.8609026956
0.6506476376	0.3493523624	0.9429723593	0.8602399008
0.6516486186	0.3483513814	0.943361364	0.8595779021
0.6526495996	0.3473504004	0.9437486486	0.8589166994
0.6536505806	0.3463494194	0.9441342172	0.8582562922
0.6546515616	0.3453484384	0.9445180741	0.85759668
0.6556525425	0.3443474575	0.9449002232	0.8569378626
0.6566535235	0.3433464765	0.9452806686	0.8562798394
0.6576545045	0.3423454955	0.9456594145	0.8556226101
0.6586554855	0.3413445145	0.9460364649	0.8549661742
0.6596564665	0.3403435335	0.9464118239	0.8543105313
0.6606574474	0.3393425526	0.9467854956	0.8536556809
0.6616584284	0.3383415716	0.9471574841	0.8530016226
0.6626594094	0.3373405906	0.9475277934	0.852348356
0.6636603904	0.3363396096	0.9478964276	0.8516958805
0.6646613714	0.3353386286	0.9482633908	0.8510441956
0.6656623524	0.3343376476	0.948628687	0.850393301
0.6666633333	0.3333366667	0.9489923204	0.8497431961
0.6676643143	0.3323356857	0.9493542949	0.8490938805
0.6686652953	0.3313347047	0.9497146147	0.8484453535
0.6696662763	0.3303337237	0.9500732838	0.8477976148
0.6706672573	0.3293327427	0.9504303063	0.8471506637
0.6716682382	0.3283317618	0.9507856861	0.8465044998
0.6726692192	0.3273307808	0.9511394275	0.8458591226
0.6736702002	0.3263297998	0.9514915343	0.8452145315
0.6746711812	0.3253288188	0.9518420106	0.8445707259
0.6756721622	0.3243278378	0.9521908606	0.8439277054
0.6766731431	0.3233268569	0.9525380881	0.8432854693
0.6776741241	0.3223258759	0.9528836973	0.8426440171
0.6786751051	0.3213248949	0.9532276922	0.8420033483
0.6796760861	0.3203239139	0.9535700767	0.8413634622
0.6806770671	0.3193229329	0.953910855	0.8407243584
0.681678048	0.318321952	0.954250031	0.8400860361
0.682679029	0.317320971	0.9545876088	0.8394484949
0.68368001	0.31631999	0.9549235923	0.8388117341
0.684680991	0.315319009	0.9552579856	0.8381757532
0.685681972	0.314318028	0.9555907926	0.8375405514
0.686682953	0.313317047	0.9559220174	0.8369061283
0.6876839339	0.3123160661	0.956251664	0.8362724831
0.6886849149	0.3113150851	0.9565797363	0.8356396154
0.6896858959	0.3103141041	0.9569062383	0.8350075243
0.6906868769	0.3093131231	0.957231174	0.8343762094
0.6916878579	0.3083121421	0.9575545473	0.83374567
0.6926888388	0.3073111612	0.9578763624	0.8331159054
0.6936898198	0.3063101802	0.958196623	0.832486915
0.6946908008	0.3053091992	0.9585153332	0.8318586981
0.6956917818	0.3043082182	0.9588324969	0.8312312542
0.6966927628	0.3033072372	0.9591481181	0.8306045824
0.6976937437	0.3023062563	0.9594622008	0.8299786822
0.6986947247	0.3013052753	0.9597747488	0.8293535528
0.6996957057	0.3003042943	0.9600857661	0.8287291937
0.7006966867	0.2993033133	0.9603952567	0.8281056041
0.7016976677	0.2983023323	0.9607032244	0.8274827834
0.7026986486	0.2973013514	0.9610096732	0.8268607308
0.7036996296	0.2963003704	0.9613146071	0.8262394456
0.7047006106	0.2952993894	0.9616180298	0.8256189272
0.7057015916	0.2942984084	0.9619199454	0.8249991749
0.7067025726	0.2932974274	0.9622203577	0.824380188
0.7077035536	0.2922964464	0.9625192707	0.8237619657
0.7087045345	0.2912954655	0.9628166882	0.8231445073
0.7097055155	0.2902944845	0.9631126141	0.8225278122
0.7107064965	0.2892935035	0.9634070522	0.8219118795
0.7117074775	0.2882925225	0.9637000066	0.8212967086
0.7127084585	0.2872915415	0.9639914809	0.8206822988
0.7137094394	0.2862905606	0.9642814792	0.8200686493
0.7147104204	0.2852895796	0.9645700053	0.8194557593
0.7157114014	0.2842885986	0.9648570629	0.8188436282
0.7167123824	0.2832876176	0.965142656	0.8182322551
0.7177133634	0.2822866366	0.9654267885	0.8176216394
0.7187143443	0.2812856557	0.965709464	0.8170117803
0.7197153253	0.2802846747	0.9659906866	0.8164026771
0.7207163063	0.2792836937	0.9662704599	0.8157943289
0.7217172873	0.2782827127	0.9665487879	0.815186735
0.7227182683	0.2772817317	0.9668256743	0.8145798947
0.7237192492	0.2762807508	0.9671011229	0.8139738071
0.7247202302	0.2752797698	0.9673751376	0.8133684716
0.7257212112	0.2742787888	0.9676477221	0.8127638873
0.7267221922	0.2732778078	0.9679188803	0.8121600535
0.7277231732	0.2722768268	0.9681886158	0.8115569694
0.7287241542	0.2712758458	0.9684569326	0.8109546341
0.7297251351	0.2702748649	0.9687238343	0.810353047
0.7307261161	0.2692738839	0.9689893248	0.8097522072
0.7317270971	0.2682729029	0.9692534078	0.8091521139
0.7327280781	0.2672719219	0.969516087	0.8085527664
0.7337290591	0.2662709409	0.9697773662	0.8079541638
0.73473004	0.26526996	0.9700372491	0.8073563054
0.735731021	0.264268979	0.9702957396	0.8067591903
0.736732002	0.263267998	0.9705528412	0.8061628177
0.737732983	0.262267017	0.9708085577	0.8055671869
0.738733964	0.261266036	0.9710628929	0.804972297
0.7397349449	0.2602650551	0.9713158505	0.8043781472
0.7407359259	0.2592640741	0.9715674341	0.8037847366
0.7417369069	0.2582630931	0.9718176474	0.8031920645
0.7427378879	0.2572621121	0.9720664942	0.8026001301
0.7437388689	0.2562611311	0.9723139782	0.8020089325
0.7447398498	0.2552601502	0.9725601029	0.8014184709
0.7457408308	0.2542591692	0.9728048722	0.8008287445
0.7467418118	0.2532581882	0.9730482895	0.8002397524
0.7477427928	0.2522572072	0.9732903587	0.7996514938
0.7487437738	0.2512562262	0.9735310834	0.7990639679
0.7497447548	0.2502552452	0.9737704672	0.7984771739
0.7507457357	0.2492542643	0.9740085137	0.7978911108
0.7517467167	0.2482532833	0.9742452266	0.7973057779
0.7527476977	0.2472523023	0.9744806095	0.7967211744
0.7537486787	0.2462513213	0.974714666	0.7961372993
0.7547496597	0.2452503403	0.9749473997	0.7955541518
0.7557506406	0.2442493594	0.9751788143	0.7949717311
0.7567516216	0.2432483784	0.9754089134	0.7943900363
0.7577526026	0.2422473974	0.9756377005	0.7938090667
0.7587535836	0.2412464164	0.9758651792	0.7932288212
0.7597545646	0.2402454354	0.9760913531	0.7926492991
0.7607555455	0.2392444545	0.9763162258	0.7920704995
0.7617565265	0.2382434735	0.9765398009	0.7914924216
0.7627575075	0.2372424925	0.9767620818	0.7909150645
0.7637584885	0.2362415115	0.9769830722	0.7903384273
0.7647594695	0.2352405305	0.9772027756	0.7897625091
0.7657604505	0.2342395495	0.9774211956	0.7891873092
0.7667614314	0.2332385686	0.9776383356	0.7886128266
0.7677624124	0.2322375876	0.9778541992	0.7880390605
0.7687633934	0.2312366066	0.9780687899	0.7874660099
0.7697643744	0.2302356256	0.9782821113	0.7868936741
0.7707653554	0.2292346446	0.9784941668	0.7863220521
0.7717663363	0.2282336637	0.9787049599	0.7857511431
0.7727673173	0.2272326827	0.9789144942	0.7851809462
0.7737682983	0.2262317017	0.979122773	0.7846114606
0.7747692793	0.2252307207	0.9793297999	0.7840426852
0.7757702603	0.2242297397	0.9795355784	0.7834746194
0.7767712412	0.2232287588	0.9797401119	0.7829072621
0.7777722222	0.2222277778	0.9799434039	0.7823406125
0.7787732032	0.2212267968	0.9801454578	0.7817746698
0.7797741842	0.2202258158	0.9803462771	0.781209433
0.7807751652	0.2192248348	0.9805458651	0.7806449012
0.7817761461	0.2182238539	0.9807442254	0.7800810736
0.7827771271	0.2172228729	0.9809413614	0.7795179493
0.7837781081	0.2162218919	0.9811372764	0.7789555273
0.7847790891	0.2152209109	0.9813319739	0.7783938069
0.7857800701	0.2142199299	0.9815254572	0.7778327871
0.7867810511	0.2132189489	0.9817177298	0.777272467
0.787782032	0.212217968	0.9819087951	0.7767128457
0.788783013	0.211216987	0.9820986564	0.7761539223
0.789783994	0.210216006	0.9822873171	0.775595696
0.790784975	0.209215025	0.9824747805	0.7750381658
0.791785956	0.208214044	0.9826610501	0.7744813308
0.7927869369	0.2072130631	0.9828461291	0.7739251902
0.7937879179	0.2062120821	0.983030021	0.773369743
0.7947888989	0.2052111011	0.983212729	0.7728149884
0.7957898799	0.2042101201	0.9833942566	0.7722609255
0.7967908609	0.2032091391	0.9835746069	0.7717075533
0.7977918418	0.2022081582	0.9837537833	0.7711548709
0.7987928228	0.2012071772	0.9839317892	0.7706028775
0.7997938038	0.2002061962	0.9841086278	0.7700515721
0.8007947848	0.1992052152	0.9842843024	0.7695009539
0.8017957658	0.1982042342	0.9844588164	0.7689510219
0.8027967467	0.1972032533	0.9846321729	0.7684017752
0.8037977277	0.1962022723	0.9848043753	0.767853213
0.8047987087	0.1952012913	0.9849754268	0.7673053343
0.8057996897	0.1942003103	0.9851453307	0.7667581382
0.8068006707	0.1931993293	0.9853140903	0.7662116239
0.8078016517	0.1921983483	0.9854817087	0.7656657903
0.8088026326	0.1911973674	0.9856481893	0.7651206366
0.8098036136	0.1901963864	0.9858135352	0.764576162
0.8108045946	0.1891954054	0.9859777497	0.7640323654
0.8118055756	0.1881944244	0.986140836	0.763489246
0.8128065566	0.1871934434	0.9863027973	0.7629468028
0.8138075375	0.1861924625	0.9864636367	0.762405035
0.8148085185	0.1851914815	0.9866233576	0.7618639417
0.8158094995	0.1841905005	0.986781963	0.7613235219
0.8168104805	0.1831895195	0.9869394563	0.7607837747
0.8178114615	0.1821885385	0.9870958404	0.7602446993
0.8188124424	0.1811875576	0.9872511186	0.7597062946
0.8198134234	0.1801865766	0.9874052941	0.7591685599
0.8208144044	0.1791855956	0.98755837	0.7586314941
0.8218153854	0.1781846146	0.9877103495	0.7580950964
0.8228163664	0.1771836336	0.9878612357	0.7575593659
0.8238173473	0.1761826527	0.9880110316	0.7570243016
0.8248183283	0.1751816717	0.9881597405	0.7564899026
0.8258193093	0.1741806907	0.9883073655	0.7559561681
0.8268202903	0.1731797097	0.9884539096	0.7554230971
0.8278212713	0.1721787287	0.988599376	0.7548906887
0.8288222523	0.1711777477	0.9887437678	0.7543589419
0.8298232332	0.1701767668	0.988887088	0.753827856
0.8308242142	0.1691757858	0.9890293398	0.7532974299
0.8318251952	0.1681748048	0.9891705261	0.7527676627
0.8328261762	0.1671738238	0.9893106501	0.7522385536
0.8338271572	0.1661728428	0.9894497149	0.7517101016
0.8348281381	0.1651718619	0.9895877234	0.7511823059
0.8358291191	0.1641708809	0.9897246788	0.7506551654
0.8368301001	0.1631698999	0.989860584	0.7501286793
0.8378310811	0.1621689189	0.9899954421	0.7496028467
0.8388320621	0.1611679379	0.9901292561	0.7490776666
0.839833043	0.160166957	0.990262029	0.7485531382
0.840834024	0.159165976	0.9903937639	0.7480292605
0.841835005	0.158164995	0.9905244637	0.7475060327
0.842835986	0.157164014	0.9906541315	0.7469834537
0.843836967	0.156163033	0.9907827701	0.7464615228
0.8448379479	0.1551620521	0.9909103827	0.7459402389
0.8458389289	0.1541610711	0.9910369722	0.7454196012
0.8468399099	0.1531600901	0.9911625415	0.7448996088
0.8478408909	0.1521591091	0.9912870936	0.7443802607
0.8488418719	0.1511581281	0.9914106314	0.7438615561
0.8498428529	0.1501571471	0.991533158	0.7433434939
0.8508438338	0.1491561662	0.9916546762	0.7428260734
0.8518448148	0.1481551852	0.991775189	0.7423092936
0.8528457958	0.1471542042	0.9918946993	0.7417931536
0.8538467768	0.1461532232	0.9920132099	0.7412776525
0.8548477578	0.1451522422	0.992130724	0.7407627894
0.8558487387	0.1441512613	0.9922472442	0.7402485633
0.8568497197	0.1431502803	0.9923627735	0.7397349734
0.8578507007	0.1421492993	0.9924773149	0.7392220187
0.8588516817	0.1411483183	0.9925908712	0.7387096984
0.8598526627	0.1401473373	0.9927034452	0.7381980115
0.8608536436	0.1391463564	0.9928150399	0.7376869571
0.8618546246	0.1381453754	0.9929256581	0.7371765343
0.8628556056	0.1371443944	0.9930353026	0.7366667423
0.8638565866	0.1361434134	0.9931439763	0.73615758
0.8648575676	0.1351424324	0.9932516821	0.7356490466
0.8658585485	0.1341414515	0.9933584227	0.7351411413
0.8668595295	0.1331404705	0.993464201	0.734633863
0.8678605105	0.1321394895	0.9935690199	0.7341272108
0.8688614915	0.1311385085	0.9936728821	0.733621184
0.8698624725	0.1301375275	0.9937757904	0.7331157815
0.8708634535	0.1291365465	0.9938777477	0.7326110025
0.8718644344	0.1281355656	0.9939787567	0.732106846
0.8728654154	0.1271345846	0.9940788202	0.7316033112
0.8738663964	0.1261336036	0.9941779411	0.7311003971
0.8748673774	0.1251326226	0.9942761219	0.7305981029
0.8758683584	0.1241316416	0.9943733657	0.7300964276
0.8768693393	0.1231306607	0.994469675	0.7295953704
0.8778703203	0.1221296797	0.9945650526	0.7290949304
0.8788713013	0.1211286987	0.9946595013	0.7285951065
0.8798722823	0.1201277177	0.9947530239	0.7280958981
0.8808732633	0.1191267367	0.9948456229	0.7275973041
0.8818742442	0.1181257558	0.9949373013	0.7270993236
0.8828752252	0.1171247748	0.9950280617	0.7266019558
0.8838762062	0.1161237938	0.9951179067	0.7261051997
0.8848771872	0.1151228128	0.9952068392	0.7256090545
0.8858781682	0.1141218318	0.9952948617	0.7251135192
0.8868791491	0.1131208509	0.9953819771	0.7246185931
0.8878801301	0.1121198699	0.9954681879	0.7241242751
0.8888811111	0.1111188889	0.9955534969	0.7236305643
0.8898820921	0.1101179079	0.9956379066	0.72313746
0.8908830731	0.1091169269	0.9957214199	0.7226449611
0.8918840541	0.1081159459	0.9958040393	0.7221530669
0.892885035	0.107114965	0.9958857675	0.7216617764
0.893886016	0.106113984	0.9959666071	0.7211710886
0.894886997	0.105113003	0.9960465608	0.7206810028
0.895887978	0.104112022	0.9961256312	0.7201915181
0.896888959	0.103111041	0.9962038208	0.7197026334
0.8978899399	0.1021100601	0.9962811325	0.7192143481
0.8988909209	0.1011090791	0.9963575686	0.7187266611
0.8998919019	0.1001080981	0.9964331319	0.7182395716
0.9008928829	0.09910711712	0.9965078249	0.7177530787
0.9018938639	0.09810613614	0.9965816503	0.7172671815
0.9028948448	0.09710515516	0.9966546106	0.7167818791
0.9038958258	0.09610417417	0.9967267083	0.7162971707
0.9048968068	0.09510319319	0.9967979462	0.7158130553
0.9058977878	0.09410221221	0.9968683266	0.7153295321
0.9068987688	0.09310123123	0.9969378522	0.7148466002
0.9078997497	0.09210025025	0.9970065255	0.7143642588
0.9089007307	0.09109926927	0.9970743491	0.7138825068
0.9099017117	0.09009828829	0.9971413255	0.7134013435
0.9109026927	0.08909730731	0.9972074573	0.712920768
0.9119036737	0.08809632633	0.9972727468	0.7124407794
0.9129046547	0.08709534535	0.9973371968	0.7119613768
0.9139056356	0.08609436436	0.9974008097	0.7114825594
0.9149066166	0.08509338338	0.9974635879	0.7110043262
0.9159075976	0.0840924024	0.997525534	0.7105266765
0.9169085786	0.08309142142	0.9975866505	0.7100496092
0.9179095596	0.08209044044	0.9976469399	0.7095731236
0.9189105405	0.08108945946	0.9977064046	0.7090972188
0.9199115215	0.08008847848	0.9977650471	0.7086218938
0.9209125025	0.0790874975	0.9978228699	0.7081471479
0.9219134835	0.07808651652	0.9978798755	0.7076729802
0.9229144645	0.07708553554	0.9979360662	0.7071993898
0.9239154454	0.07608455455	0.9979914445	0.7067263758
0.9249164264	0.07508357357	0.998046013	0.7062539373
0.9259174074	0.07408259259	0.9980997739	0.7057820736
0.9269183884	0.07308161161	0.9981527298	0.7053107837
0.9279193694	0.07208063063	0.998204883	0.7048400667
0.9289203504	0.07107964965	0.998256236	0.7043699218
0.9299213313	0.07007866867	0.9983067912	0.7039003482
0.9309223123	0.06907768769	0.998356551	0.703431345
0.9319232933	0.06807670671	0.9984055177	0.7029629112
0.9329242743	0.06707572573	0.9984536938	0.7024950462
0.9339252553	0.06607474474	0.9985010817	0.7020277489
0.9349262362	0.06507376376	0.9985476837	0.7015610185
0.9359272172	0.06407278278	0.9985935021	0.7010948543
0.9369281982	0.0630718018	0.9986385395	0.7006292552
0.9379291792	0.06207082082	0.998682798	0.7001642206
0.9389301602	0.06106983984	0.9987262801	0.6996997494
0.9399311411	0.06006885886	0.9987689882	0.6992358409
0.9409321221	0.05906787788	0.9988109245	0.6987724942
0.9419331031	0.0580668969	0.9988520913	0.6983097085
0.9429340841	0.05706591592	0.9988924911	0.6978474828
0.9439350651	0.05606493493	0.9989321262	0.6973858165
0.944936046	0.05506395395	0.9989709987	0.6969247085
0.945937027	0.05406297297	0.9990091112	0.6964641581
0.946938008	0.05306199199	0.9990464658	0.6960041644
0.947938989	0.05206101101	0.9990830648	0.6955447265
0.94893997	0.05106003003	0.9991189106	0.6950858437
0.949940951	0.05005904905	0.9991540055	0.694627515
0.9509419319	0.04905806807	0.9991883516	0.6941697397
0.9519429129	0.04805708709	0.9992219513	0.6937125169
0.9529438939	0.04705610611	0.9992548069	0.6932558457
0.9539448749	0.04605512513	0.9992869206	0.6927997254
0.9549458559	0.04505414414	0.9993182946	0.692344155
0.9559468368	0.04405316316	0.9993489313	0.6918891337
0.9569478178	0.04305218218	0.9993788328	0.6914346607
0.9579487988	0.0420512012	0.9994080014	0.6909807352
0.9589497798	0.04105022022	0.9994364393	0.6905273563
0.9599507608	0.04004923924	0.9994641487	0.6900745232
0.9609517417	0.03904825826	0.9994911319	0.689622235
0.9619527227	0.03804727728	0.9995173911	0.689170491
0.9629537037	0.0370462963	0.9995429285	0.6887192903
0.9639546847	0.03604531532	0.9995677462	0.688268632
0.9649556657	0.03504433433	0.9995918465	0.6878185154
0.9659566466	0.03404335335	0.9996152316	0.6873689395
0.9669576276	0.03304237237	0.9996379036	0.6869199037
0.9679586086	0.03204139139	0.9996598647	0.686471407
0.9689595896	0.03104041041	0.9996811172	0.6860234486
0.9699605706	0.03003942943	0.999701663	0.6855760277
0.9709615516	0.02903844845	0.9997215045	0.6851291435
0.9719625325	0.02803746747	0.9997406438	0.6846827952
0.9729635135	0.02703648649	0.999759083	0.6842369819
0.9739644945	0.02603550551	0.9997768242	0.6837917028
0.9749654755	0.02503452452	0.9997938697	0.6833469571
0.9759664565	0.02403354354	0.9998102214	0.682902744
0.9769674374	0.02303256256	0.9998258816	0.6824590626
0.9779684184	0.02203158158	0.9998408524	0.6820159122
0.9789693994	0.0210306006	0.9998551359	0.6815732919
0.9799703804	0.02002961962	0.9998687341	0.681131201
0.9809713614	0.01902863864	0.9998816493	0.6806896386
0.9819723423	0.01802765766	0.9998938834	0.6802486038
0.9829733233	0.01702667668	0.9999054386	0.679808096
0.9839743043	0.0160256957	0.999916317	0.6793681142
0.9849752853	0.01502471471	0.9999265206	0.6789286577
0.9859762663	0.01402373373	0.9999360515	0.6784897256
0.9869772472	0.01302275275	0.9999449118	0.6780513172
0.9879782282	0.01202177177	0.9999531035	0.6776134317
0.9889792092	0.01102079079	0.9999606288	0.6771760682
0.9899801902	0.01001980981	0.9999674895	0.6767392259
0.9909811712	0.009018828829	0.9999736879	0.6763029041
0.9919821522	0.008017847848	0.999979226	0.6758671019
0.9929831331	0.007016866867	0.9999841057	0.6754318186
0.9939841141	0.006015885886	0.999988329	0.6749970533
0.9949850951	0.005014904905	0.9999918982	0.6745628053
0.9959860761	0.004013923924	0.999994815	0.6741290737
0.9969870571	0.003012942943	0.9999970816	0.6736958577
0.997988038	0.002011961962	0.9999987	0.6732631566
0.998989019	0.001010980981	0.9999996721	0.6728309696
0.99999	1e-05	1	0.6723992959
