1e-05	0.99999	16699.40257	1.000000012
0.001010980981	0.998989019	13150.25627	1.00012143
0.002011961962	0.997988038	10433.89154	1.000471192
0.003012942943	0.9969870571	8338.772424	1.001035609
0.004013923924	0.9959860761	6710.787948	1.001801949
0.005014904905	0.9949850951	5436.744876	1.002758349
0.006015885886	0.9939841141	4432.850093	1.003893746
0.007016866867	0.9929831331	3636.60539	1.005197808
0.008017847848	0.9919821522	3001.056489	1.006660876
0.009018828829	0.9909811712	2490.680046	1.008273909
0.01001980981	0.9899801902	2078.419516	1.010028436
0.01102079079	0.9889792092	1743.533193	1.011916511
0.01202177177	0.9879782282	1470.020737	1.013930672
0.01302275275	0.9869772472	1245.464759	1.016063907
0.01402373373	0.9859762663	1060.172317	1.018309619
0.01502471471	0.9849752853	906.5345795	1.020661594
0.0160256957	0.9839743043	778.5462676	1.023113978
0.01702667668	0.9829733233	671.4428344	1.025661244
0.01802765766	0.9819723423	581.4249519	1.028298179
0.01902863864	0.9809713614	505.4481222	1.031019852
0.02002961962	0.9799703804	441.0611471	1.033821602
0.0210306006	0.9789693994	386.2814588	1.036699018
0.02203158158	0.9779684184	339.4984087	1.039647922
0.02303256256	0.9769674374	299.397877	1.042664351
0.02403354354	0.9759664565	264.9032196	1.045744549
0.02503452452	0.9749654755	235.1287995	1.048884951
0.02603550551	0.9739644945	209.3432557	1.052082168
0.02703648649	0.9729635135	186.9403426	1.055332983
0.02803746747	0.9719625325	167.4156823	1.058634332
0.02903844845	0.9709615516	150.3481543	1.061983304
0.03003942943	0.9699605706	135.3849377	1.065377123
0.03104041041	0.9689595896	122.2294435	1.068813148
0.03204139139	0.9679586086	110.6315417	1.072288858
0.03304237237	0.9669576276	100.379617	1.075801852
0.03404335335	0.9659566466	91.29408923	1.079349838
0.03504433433	0.9649556657	83.22210948	1.082930626
0.03604531532	0.9639546847	76.03320405	1.086542126
0.0370462963	0.9629537037	69.61568538	1.09018234
0.03804727728	0.9619527227	63.87368542	1.09384936
0.03904825826	0.9609517417	58.72469572	1.097541358
0.04004923924	0.9599507608	54.09752178	1.101256587
0.04105022022	0.9589497798	49.93057676	1.104993374
0.0420512012	0.9579487988	46.17045424	1.108750118
0.04305218218	0.9569478178	42.77073095	1.112525284
0.04405316316	0.9559468368	39.69095989	1.116317401
0.04505414414	0.9549458559	36.89582112	1.120125061
0.04605512513	0.9539448749	34.35440378	1.123946911
0.04705610611	0.9529438939	32.03959754	1.127781656
0.04805708709	0.9519429129	29.92757545	1.131628051
0.04905806807	0.9509419319	27.99735355	1.135484903
0.05005904905	0.949940951	26.23041476	1.139351066
0.05106003003	0.94893997	24.6103872	1.143225438
0.05206101101	0.947938989	23.12276819	1.147106963
0.05306199199	0.946938008	21.75468711	1.150994625
0.05406297297	0.945937027	20.49470109	1.154887448
0.05506395395	0.944936046	19.33261876	1.158784493
0.05606493493	0.9439350651	18.25934774	1.162684859
0.05706591592	0.9429340841	17.26676251	1.166587678
0.0580668969	0.9419331031	16.34758972	1.170492116
0.05906787788	0.9409321221	15.49530834	1.174397371
0.06006885886	0.9399311411	14.70406276	1.178302671
0.06106983984	0.9389301602	13.9685868	1.182207273
0.06207082082	0.9379291792	13.28413734	1.186110462
0.0630718018	0.9369281982	12.64643609	1.19001155
0.06407278278	0.9359272172	12.05161857	1.193909876
0.06507376376	0.9349262362	11.49618917	1.197804801
0.06607474474	0.9339252553	10.97698166	1.201695712
0.06707572573	0.9329242743	10.4911243	1.205582019
0.06807670671	0.9319232933	10.03600905	1.209463152
0.06907768769	0.9309223123	9.609264337	1.213338563
0.07007866867	0.9299213313	9.20873091	1.217207725
0.07107964965	0.9289203504	8.832440425	1.22107013
0.07208063063	0.9279193694	8.478596419	1.224925289
0.07308161161	0.9269183884	8.14555737	1.22877273
0.07408259259	0.9259174074	7.831821618	1.232612
0.07508357357	0.9249164264	7.536013894	1.236442662
0.07608455455	0.9239154454	7.256873301	1.240264295
0.07708553554	0.9229144645	6.993242549	1.244076494
0.07808651652	0.9219134835	6.74405832	1.247878869
0.0790874975	0.9209125025	6.508342622	1.251671044
0.08008847848	0.9199115215	6.285195032	1.255452658
0.08108945946	0.9189105405	6.073785713	1.259223362
0.08209044044	0.9179095596	5.873349137	1.262982821
0.08309142142	0.9169085786	5.683178425	1.266730714
0.0840924024	0.9159075976	5.502620237	1.270466729
0.08509338338	0.9149066166	5.331070167	1.274190568
0.08609436436	0.9139056356	5.167968568	1.277901944
0.08709534535	0.9129046547	5.012796781	1.281600581
0.08809632633	0.9119036737	4.865073711	1.285286212
0.08909730731	0.9109026927	4.724352733	1.288958583
0.09009828829	0.9099017117	4.590218868	1.292617448
0.09109926927	0.9089007307	4.462286227	1.296262571
0.09210025025	0.9078997497	4.340195684	1.299893725
0.09310123123	0.9068987688	4.22361275	1.303510694
0.09410221221	0.9058977878	4.112225647	1.307113267
0.09510319319	0.9048968068	4.005743539	1.310701245
0.09610417417	0.9038958258	3.903894926	1.314274434
0.09710515516	0.9028948448	3.806426167	1.317832652
0.09810613614	0.9018938639	3.713100138	1.32137572
0.09910711712	0.9008928829	3.623694998	1.324903469
0.1001080981	0.8998919019	3.538003058	1.328415738
0.1011090791	0.8988909209	3.455829746	1.33191237
0.1021100601	0.8978899399	3.376992652	1.335393218
0.103111041	0.896888959	3.301320661	1.338858139
0.104112022	0.895887978	3.228653144	1.342306997
0.105113003	0.894886997	3.15883922	1.345739664
0.106113984	0.893886016	3.091737075	1.349156015
0.107114965	0.892885035	3.027213337	1.352555932
0.1081159459	0.8918840541	2.965142493	1.355939304
0.1091169269	0.8908830731	2.90540636	1.359306024
0.1101179079	0.8898820921	2.847893585	1.362655989
0.1111188889	0.8888811111	2.792499197	1.365989105
0.1121198699	0.8878801301	2.739124178	1.369305278
0.1131208509	0.8868791491	2.687675079	1.372604424
0.1141218318	0.8858781682	2.638063654	1.375886459
0.1151228128	0.8848771872	2.590206525	1.379151306
0.1161237938	0.8838762062	2.544024875	1.382398893
0.1171247748	0.8828752252	2.499444156	1.38562915
0.1181257558	0.8818742442	2.456393821	1.388842014
0.1191267367	0.8808732633	2.41480708	1.392037422
0.1201277177	0.8798722823	2.374620661	1.39521532
0.1211286987	0.8788713013	2.335774601	1.398375654
0.1221296797	0.8778703203	2.298212043	1.401518374
0.1231306607	0.8768693393	2.261879049	1.404643436
0.1241316416	0.8758683584	2.226724426	1.407750797
0.1251326226	0.8748673774	2.192699566	1.410840419
0.1261336036	0.8738663964	2.159758291	1.413912266
0.1271345846	0.8728654154	2.127856713	1.416966305
0.1281355656	0.8718644344	2.096953104	1.420002509
0.1291365465	0.8708634535	2.067007768	1.42302085
0.1301375275	0.8698624725	2.037982931	1.426021305
0.1311385085	0.8688614915	2.009842629	1.429003855
0.1321394895	0.8678605105	1.982552606	1.431968481
0.1331404705	0.8668595295	1.956080224	1.434915168
0.1341414515	0.8658585485	1.93039437	1.437843905
0.1351424324	0.8648575676	1.905465374	1.440754681
0.1361434134	0.8638565866	1.881264931	1.44364749
0.1371443944	0.8628556056	1.857766029	1.446522325
0.1381453754	0.8618546246	1.834942876	1.449379185
0.1391463564	0.8608536436	1.812770841	1.452218069
0.1401473373	0.8598526627	1.791226389	1.455038978
0.1411483183	0.8588516817	1.770287024	1.457841918
0.1421492993	0.8578507007	1.74993124	1.460626893
0.1431502803	0.8568497197	1.730138461	1.463393912
0.1441512613	0.8558487387	1.710889005	1.466142985
0.1451522422	0.8548477578	1.692164029	1.468874123
0.1461532232	0.8538467768	1.673945493	1.47158734
0.1471542042	0.8528457958	1.656216117	1.474282652
0.1481551852	0.8518448148	1.638959345	1.476960076
0.1491561662	0.8508438338	1.622159308	1.47961963
0.1501571471	0.8498428529	1.605800791	1.482261335
0.1511581281	0.8488418719	1.589869202	1.484885214
0.1521591091	0.8478408909	1.574350543	1.487491289
0.1531600901	0.8468399099	1.559231378	1.490079586
0.1541610711	0.8458389289	1.544498809	1.492650131
0.1551620521	0.8448379479	1.530140453	1.495202952
0.156163033	0.843836967	1.516144411	1.497738079
0.157164014	0.842835986	1.502499254	1.500255543
0.158164995	0.841835005	1.489193994	1.502755374
0.159165976	0.840834024	1.476218069	1.505237606
0.160166957	0.839833043	1.46356132	1.507702274
0.1611679379	0.8388320621	1.451213975	1.510149414
0.1621689189	0.8378310811	1.439166633	1.512579061
0.1631698999	0.8368301001	1.427410241	1.514991253
0.1641708809	0.8358291191	1.415936089	1.51738603
0.1651718619	0.8348281381	1.404735783	1.519763431
0.1661728428	0.8338271572	1.393801242	1.522123497
0.1671738238	0.8328261762	1.383124677	1.52446627
0.1681748048	0.8318251952	1.372698583	1.526791793
0.1691757858	0.8308242142	1.362515722	1.529100109
0.1701767668	0.8298232332	1.352569118	1.531391263
0.1711777477	0.8288222523	1.34285204	1.533665301
0.1721787287	0.8278212713	1.333357996	1.535922268
0.1731797097	0.8268202903	1.32408072	1.538162212
0.1741806907	0.8258193093	1.315014164	1.54038518
0.1751816717	0.8248183283	1.30615249	1.542591221
0.1761826527	0.8238173473	1.297490058	1.544780384
0.1771836336	0.8228163664	1.289021423	1.54695272
0.1781846146	0.8218153854	1.280741323	1.549108278
0.1791855956	0.8208144044	1.272644672	1.55124711
0.1801865766	0.8198134234	1.264726557	1.553369269
0.1811875576	0.8188124424	1.256982225	1.555474806
0.1821885385	0.8178114615	1.249407081	1.557563775
0.1831895195	0.8168104805	1.241996681	1.55963623
0.1841905005	0.8158094995	1.234746726	1.561692223
0.1851914815	0.8148085185	1.227653055	1.563731812
0.1861924625	0.8138075375	1.220711641	1.56575505
0.1871934434	0.8128065566	1.213918587	1.567761993
0.1881944244	0.8118055756	1.207270118	1.569752697
0.1891954054	0.8108045946	1.20076258	1.57172722
0.1901963864	0.8098036136	1.194392432	1.573685618
0.1911973674	0.8088026326	1.188156244	1.575627949
0.1921983483	0.8078016517	1.182050692	1.57755427
0.1931993293	0.8068006707	1.176072556	1.57946464
0.1942003103	0.8057996897	1.170218711	1.581359117
0.1952012913	0.8047987087	1.164486131	1.583237761
0.1962022723	0.8037977277	1.158871879	1.58510063
0.1972032533	0.8027967467	1.153373106	1.586947785
0.1982042342	0.8017957658	1.147987051	1.588779285
0.1992052152	0.8007947848	1.142711031	1.590595191
0.2002061962	0.7997938038	1.137542445	1.592395562
0.2012071772	0.7987928228	1.132478767	1.59418046
0.2022081582	0.7977918418	1.127517546	1.595949946
0.2032091391	0.7967908609	1.122656401	1.59770408
0.2042101201	0.7957898799	1.117893019	1.599442925
0.2052111011	0.7947888989	1.113225155	1.601166542
0.2062120821	0.7937879179	1.108650627	1.602874993
0.2072130631	0.7927869369	1.104167314	1.60456834
0.208214044	0.791785956	1.099773157	1.606246645
0.209215025	0.790784975	1.095466153	1.607909971
0.210216006	0.789783994	1.091244353	1.60955838
0.211216987	0.788783013	1.087105867	1.611191934
0.212217968	0.787782032	1.083048852	1.612810697
0.2132189489	0.7867810511	1.079071519	1.614414732
0.2142199299	0.7857800701	1.075172124	1.616004102
0.2152209109	0.7847790891	1.071348974	1.617578869
0.2162218919	0.7837781081	1.06760042	1.619139098
0.2172228729	0.7827771271	1.063924857	1.620684851
0.2182238539	0.7817761461	1.060320721	1.622216192
0.2192248348	0.7807751652	1.056786494	1.623733185
0.2202258158	0.7797741842	1.053320693	1.625235892
0.2212267968	0.7787732032	1.049921877	1.626724378
0.2222277778	0.7777722222	1.046588642	1.628198707
0.2232287588	0.7767712412	1.043319618	1.629658941
0.2242297397	0.7757702603	1.040113474	1.631105145
0.2252307207	0.7747692793	1.036968911	1.632537382
0.2262317017	0.7737682983	1.033884662	1.633955717
0.2272326827	0.7727673173	1.030859495	1.635360213
0.2282336637	0.7717663363	1.027892208	1.636750933
0.2292346446	0.7707653554	1.024981626	1.638127942
0.2302356256	0.7697643744	1.022126609	1.639491304
0.2312366066	0.7687633934	1.01932604	1.640841081
0.2322375876	0.7677624124	1.016578834	1.642177338
0.2332385686	0.7667614314	1.013883929	1.643500138
0.2342395495	0.7657604505	1.011240291	1.644809546
0.2352405305	0.7647594695	1.00864691	1.646105624
0.2362415115	0.7637584885	1.006102802	1.647388436
0.2372424925	0.7627575075	1.003607005	1.648658046
0.2382434735	0.7617565265	1.001158581	1.649914517
0.2392444545	0.7607555455	0.9987566142	1.651157912
0.2402454354	0.7597545646	0.9964002101	1.652388295
0.2412464164	0.7587535836	0.9940884955	1.653605729
0.2422473974	0.7577526026	0.9918206177	1.654810278
0.2432483784	0.7567516216	0.9895957441	1.656002003
0.2442493594	0.7557506406	0.9874130611	1.657180969
0.2452503403	0.7547496597	0.985271774	1.658347237
0.2462513213	0.7537486787	0.9831711064	1.659500872
0.2472523023	0.7527476977	0.9811102998	1.660641935
0.2482532833	0.7517467167	0.9790886127	1.661770489
0.2492542643	0.7507457357	0.9771053205	1.662886597
0.2502552452	0.7497447548	0.975159715	1.66399032
0.2512562262	0.7487437738	0.9732511039	1.665081722
0.2522572072	0.7477427928	0.9713788101	1.666160864
0.2532581882	0.7467418118	0.9695421719	1.667227808
0.2542591692	0.7457408308	0.9677405419	1.668282616
0.2552601502	0.7447398498	0.9659732872	1.669325351
0.2562611311	0.7437388689	0.9642397887	1.670356072
0.2572621121	0.7427378879	0.9625394406	1.671374843
0.2582630931	0.7417369069	0.9608716504	1.672381723
0.2592640741	0.7407359259	0.9592358385	1.673376776
0.2602650551	0.7397349449	0.9576314375	1.67436006
0.261266036	0.738733964	0.9560578923	1.675331638
0.262267017	0.737732983	0.9545146596	1.67629157
0.263267998	0.736732002	0.9530012075	1.677239917
0.264268979	0.735731021	0.9515170154	1.678176738
0.26526996	0.73473004	0.9500615737	1.679102095
0.2662709409	0.7337290591	0.9486343833	1.680016048
0.2672719219	0.7327280781	0.9472349556	1.680918655
0.2682729029	0.7317270971	0.945862812	1.681809978
0.2692738839	0.7307261161	0.9445174839	1.682690076
0.2702748649	0.7297251351	0.9431985122	1.683559007
0.2712758458	0.7287241542	0.9419054471	1.684416832
0.2722768268	0.7277231732	0.9406378483	1.68526361
0.2732778078	0.7267221922	0.939395284	1.686099399
0.2742787888	0.7257212112	0.9381773312	1.686924258
0.2752797698	0.7247202302	0.9369835757	1.687738246
0.2762807508	0.7237192492	0.9358136111	1.688541421
0.2772817317	0.7227182683	0.9346670394	1.689333841
0.2782827127	0.7217172873	0.9335434704	1.690115564
0.2792836937	0.7207163063	0.9324425216	1.690886648
0.2802846747	0.7197153253	0.9313638179	1.691647151
0.2812856557	0.7187143443	0.9303069916	1.69239713
0.2822866366	0.7177133634	0.9292716823	1.693136642
0.2832876176	0.7167123824	0.9282575363	1.693865745
0.2842885986	0.7157114014	0.927264207	1.694584495
0.2852895796	0.7147104204	0.9262913542	1.695292948
0.2862905606	0.7137094394	0.9253386444	1.695991162
0.2872915415	0.7127084585	0.9244057503	1.696679193
0.2882925225	0.7117074775	0.923492351	1.697357096
0.2892935035	0.7107064965	0.9225981315	1.698024928
0.2902944845	0.7097055155	0.9217227827	1.698682744
0.2912954655	0.7087045345	0.9208660014	1.6993306
0.2922964464	0.7077035536	0.9200274901	1.699968551
0.2932974274	0.7067025726	0.9192069566	1.700596652
0.2942984084	0.7057015916	0.9184041143	1.701214958
0.2952993894	0.7047006106	0.9176186818	1.701823523
0.2963003704	0.7036996296	0.9168503829	1.702422402
0.2973013514	0.7026986486	0.9160989464	1.703011649
0.2983023323	0.7016976677	0.9153641061	1.703591319
0.2993033133	0.7006966867	0.9146456005	1.704161465
0.3003042943	0.6996957057	0.913943173	1.70472214
0.3013052753	0.6986947247	0.9132565714	1.705273399
0.3023062563	0.6976937437	0.9125855482	1.705815293
0.3033072372	0.6966927628	0.9119298603	1.706347878
0.3043082182	0.6956917818	0.9112892687	1.706871204
0.3053091992	0.6946908008	0.9106635389	1.707385325
0.3063101802	0.6936898198	0.9100524404	1.707890293
0.3073111612	0.6926888388	0.9094557468	1.70838616
0.3083121421	0.6916878579	0.9088732355	1.708872978
0.3093131231	0.6906868769	0.9083046881	1.709350799
0.3103141041	0.6896858959	0.9077498896	1.709819674
0.3113150851	0.6886849149	0.9072086291	1.710279655
0.3123160661	0.6876839339	0.906680699	1.710730793
0.313317047	0.686682953	0.9061658954	1.711173138
0.314318028	0.685681972	0.905664018	1.711606742
0.315319009	0.684680991	0.9051748696	1.712031654
0.31631999	0.68368001	0.9046982568	1.712447925
0.317320971	0.682679029	0.904233989	1.712855606
0.318321952	0.681678048	0.9037818791	1.713254745
0.3193229329	0.6806770671	0.9033417431	1.713645392
0.3203239139	0.6796760861	0.9029134	1.714027597
0.3213248949	0.6786751051	0.9024966718	1.714401409
0.3223258759	0.6776741241	0.9020913835	1.714766877
0.3233268569	0.6766731431	0.9016973631	1.715124049
0.3243278378	0.6756721622	0.9013144412	1.715472975
0.3253288188	0.6746711812	0.9009424513	1.715813702
0.3263297998	0.6736702002	0.9005812297	1.716146279
0.3273307808	0.6726692192	0.9002306153	1.716470753
0.3283317618	0.6716682382	0.8998904496	1.716787172
0.3293327427	0.6706672573	0.8995605766	1.717095583
0.3303337237	0.6696662763	0.899240843	1.717396035
0.3313347047	0.6686652953	0.8989310978	1.717688573
0.3323356857	0.6676643143	0.8986311924	1.717973245
0.3333366667	0.6666633333	0.8983409807	1.718250097
0.3343376476	0.6656623524	0.8980603189	1.718519176
0.3353386286	0.6646613714	0.8977890654	1.718780527
0.3363396096	0.6636603904	0.8975270809	1.719034198
0.3373405906	0.6626594094	0.8972742283	1.719280232
0.3383415716	0.6616584284	0.8970303725	1.719518677
0.3393425526	0.6606574474	0.8967953807	1.719749578
0.3403435335	0.6596564665	0.8965691222	1.719972979
0.3413445145	0.6586554855	0.896351468	1.720188925
0.3423454955	0.6576545045	0.8961422916	1.720397462
0.3433464765	0.6566535235	0.895941468	1.720598633
0.3443474575	0.6556525425	0.8957488744	1.720792484
0.3453484384	0.6546515616	0.8955643896	1.720979057
0.3463494194	0.6536505806	0.8953878947	1.721158397
0.3473504004	0.6526495996	0.8952192722	1.721330548
0.3483513814	0.6516486186	0.8950584065	1.721495553
0.3493523624	0.6506476376	0.8949051838	1.721653456
0.3503533433	0.6496466567	0.894759492	1.721804298
0.3513543243	0.6486456757	0.8946212208	1.721948124
0.3523553053	0.6476446947	0.8944902612	1.722084975
0.3533562863	0.6466437137	0.8943665063	1.722214895
0.3543572673	0.6456427327	0.8942498504	1.722337925
0.3553582482	0.6446417518	0.8941401896	1.722454108
0.3563592292	0.6436407708	0.8940374214	1.722563485
0.3573602102	0.6426397898	0.8939414449	1.722666098
0.3583611912	0.6416388088	0.8938521607	1.722761988
0.3593621722	0.6406378278	0.8937694707	1.722851197
0.3603631532	0.6396368468	0.8936932785	1.722933765
0.3613641341	0.6386358659	0.8936234889	1.723009733
0.3623651151	0.6376348849	0.8935600081	1.723079142
0.3633660961	0.6366339039	0.8935027438	1.723142033
0.3643670771	0.6356329229	0.8934516049	1.723198445
0.3653680581	0.6346319419	0.8934065016	1.723248419
0.366369039	0.633630961	0.8933673455	1.723291993
0.36737002	0.63262998	0.8933340493	1.723329209
0.368371001	0.631628999	0.8933065272	1.723360105
0.369371982	0.630628018	0.8932846944	1.723384721
0.370372963	0.629627037	0.8932684674	1.723403095
0.3713739439	0.6286260561	0.8932577639	1.723415267
0.3723749249	0.6276250751	0.8932525027	1.723421274
0.3733759059	0.6266240941	0.8932526038	1.723421156
0.3743768869	0.6256231131	0.8932579882	1.72341495
0.3753778679	0.6246221321	0.8932685783	1.723402696
0.3763788488	0.6236211512	0.8932842972	1.723384429
0.3773798298	0.6226201702	0.8933050693	1.723360189
0.3783808108	0.6216191892	0.8933308201	1.723330013
0.3793817918	0.6206182082	0.893361476	1.723293938
0.3803827728	0.6196172272	0.8933969645	1.723252
0.3813837538	0.6186162462	0.893437214	1.723204238
0.3823847347	0.6176152653	0.893482154	1.723150687
0.3833857157	0.6166142843	0.8935317149	1.723091384
0.3843866967	0.6156133033	0.893585828	1.723026366
0.3853876777	0.6146123223	0.8936444258	1.722955669
0.3863886587	0.6136113413	0.8937074414	1.722879328
0.3873896396	0.6126103604	0.8937748089	1.722797379
0.3883906206	0.6116093794	0.8938464634	1.722709859
0.3893916016	0.6106083984	0.8939223409	1.722616802
0.3903925826	0.6096074174	0.8940023779	1.722518243
0.3913935636	0.6086064364	0.8940865123	1.722414218
0.3923945445	0.6076054555	0.8941746825	1.722304762
0.3933955255	0.6066044745	0.8942668276	1.722189909
0.3943965065	0.6056034935	0.894362888	1.722069693
0.3953974875	0.6046025125	0.8944628043	1.72194415
0.3963984685	0.6036015315	0.8945665184	1.721813312
0.3973994494	0.6026005506	0.8946739726	1.721677215
0.3984004304	0.6015995696	0.8947851103	1.721535892
0.3994014114	0.6005985886	0.8948998752	1.721389376
0.4004023924	0.5995976076	0.8950182123	1.721237701
0.4014033734	0.5985966266	0.8951400668	1.721080901
0.4024043544	0.5975956456	0.895265385	1.720919007
0.4034053353	0.5965946647	0.8953941136	1.720752054
0.4044063163	0.5955936837	0.8955262003	1.720580074
0.4054072973	0.5945927027	0.8956615932	1.720403099
0.4064082783	0.5935917217	0.8958002414	1.720221162
0.4074092593	0.5925907407	0.8959420942	1.720034295
0.4084102402	0.5915897598	0.896087102	1.719842531
0.4094112212	0.5905887788	0.8962352156	1.7196459
0.4104122022	0.5895877978	0.8963863865	1.719444435
0.4114131832	0.5885868168	0.8965405669	1.719238167
0.4124141642	0.5875858358	0.8966977094	1.719027128
0.4134151451	0.5865848549	0.8968577674	1.718811348
0.4144161261	0.5855838739	0.8970206949	1.71859086
0.4154171071	0.5845828929	0.8971864464	1.718365693
0.4164180881	0.5835819119	0.8973549769	1.718135878
0.4174190691	0.5825809309	0.8975262422	1.717901447
0.4184200501	0.5815799499	0.8977001984	1.717662428
0.419421031	0.580578969	0.8978768025	1.717418854
0.420422012	0.579577988	0.8980560117	1.717170752
0.421422993	0.578577007	0.8982377839	1.716918155
0.422423974	0.577576026	0.8984220775	1.71666109
0.423424955	0.576575045	0.8986088514	1.716399589
0.4244259359	0.5755740641	0.8987980651	1.716133679
0.4254269169	0.5745730831	0.8989896786	1.715863391
0.4264278979	0.5735721021	0.8991836523	1.715588753
0.4274288789	0.5725711211	0.8993799472	1.715309795
0.4284298599	0.5715701401	0.8995785246	1.715026545
0.4294308408	0.5705691592	0.8997793466	1.714739032
0.4304318218	0.5695681782	0.8999823755	1.714447284
0.4314328028	0.5685671972	0.9001875741	1.71415133
0.4324337838	0.5675662162	0.9003949058	1.713851198
0.4334347648	0.5665652352	0.9006043343	1.713546915
0.4344357457	0.5655642543	0.900815824	1.71323851
0.4354367267	0.5645632733	0.9010293393	1.71292601
0.4364377077	0.5635622923	0.9012448455	1.712609443
0.4374386887	0.5625613113	0.901462308	1.712288837
0.4384396697	0.5615603303	0.9016816928	1.711964218
0.4394406507	0.5605593493	0.9019029662	1.711635613
0.4404416316	0.5595583684	0.9021260951	1.711303051
0.4414426126	0.5585573874	0.9023510465	1.710966556
0.4424435936	0.5575564064	0.9025777882	1.710626157
0.4434445746	0.5565554254	0.902806288	1.710281879
0.4444455556	0.5555544444	0.9030365143	1.709933749
0.4454465365	0.5545534635	0.9032684359	1.709581793
0.4464475175	0.5535524825	0.9035020219	1.709226038
0.4474484985	0.5525515015	0.9037372418	1.708866508
0.4484494795	0.5515505205	0.9039740655	1.708503231
0.4494504605	0.5505495395	0.9042124632	1.708136231
0.4504514414	0.5495485586	0.9044524055	1.707765534
0.4514524224	0.5485475776	0.9046938633	1.707391165
0.4524534034	0.5475465966	0.904936808	1.70701315
0.4534543844	0.5465456156	0.9051812112	1.706631514
0.4544553654	0.5455446346	0.9054270448	1.706246282
0.4554563463	0.5445436537	0.9056742812	1.705857478
0.4564573273	0.5435426727	0.9059228931	1.705465127
0.4574583083	0.5425416917	0.9061728534	1.705069254
0.4584592893	0.5415407107	0.9064241354	1.704669883
0.4594602703	0.5405397297	0.9066767128	1.704267039
0.4604612513	0.5395387487	0.9069305594	1.703860745
0.4614622322	0.5385377678	0.9071856495	1.703451025
0.4624632132	0.5375367868	0.9074419578	1.703037904
0.4634641942	0.5365358058	0.9076994589	1.702621405
0.4644651752	0.5355348248	0.9079581281	1.702201552
0.4654661562	0.5345338438	0.9082179408	1.701778367
0.4664671371	0.5335328629	0.9084788728	1.701351875
0.4674681181	0.5325318819	0.9087409001	1.700922099
0.4684690991	0.5315309009	0.909003999	1.700489062
0.4694700801	0.5305299199	0.909268146	1.700052786
0.4704710611	0.5295289389	0.9095333181	1.699613295
0.471472042	0.528527958	0.9097994924	1.699170611
0.472473023	0.527526977	0.9100666463	1.698724756
0.473474004	0.526525996	0.9103347574	1.698275754
0.474474985	0.525525015	0.9106038038	1.697823626
0.475475966	0.524524034	0.9108737635	1.697368395
0.4764769469	0.5235230531	0.9111446152	1.696910083
0.4774779279	0.5225220721	0.9114163373	1.696448711
0.4784789089	0.5215210911	0.911688909	1.695984302
0.4794798899	0.5205201101	0.9119623094	1.695516877
0.4804808709	0.5195191291	0.912236518	1.695046458
0.4814818519	0.5185181481	0.9125115144	1.694573066
0.4824828328	0.5175171672	0.9127872785	1.694096722
0.4834838138	0.5165161862	0.9130637907	1.693617448
0.4844847948	0.5155152052	0.9133410311	1.693135265
0.4854857758	0.5145142242	0.9136189805	1.692650194
0.4864867568	0.5135132432	0.9138976197	1.692162255
0.4874877377	0.5125122623	0.9141769297	1.69167147
0.4884887187	0.5115112813	0.9144568919	1.691177858
0.4894896997	0.5105103003	0.9147374878	1.690681441
0.4904906807	0.5095093193	0.915018699	1.690182239
0.4914916617	0.5085083383	0.9153005076	1.689680272
0.4924926426	0.5075073574	0.9155828956	1.68917556
0.4934936236	0.5065063764	0.9158658455	1.688668123
0.4944946046	0.5055053954	0.9161493398	1.688157982
0.4954955856	0.5045044144	0.9164333612	1.687645155
0.4964965666	0.5035034334	0.9167178928	1.687129663
0.4974975475	0.5025024525	0.9170029176	1.686611526
0.4984985285	0.5015014715	0.9172884191	1.686090762
0.4994995095	0.5005004905	0.9175743807	1.685567391
0.5005004905	0.4994995095	0.9178607863	1.685041433
0.5015014715	0.4984985285	0.9181476198	1.684512906
0.5025024525	0.4974975475	0.9184348653	1.68398183
0.5035034334	0.4964965666	0.918722507	1.683448223
0.5045044144	0.4954955856	0.9190105296	1.682912105
0.5055053954	0.4944946046	0.9192989175	1.682373494
0.5065063764	0.4934936236	0.9195876558	1.681832408
0.5075073574	0.4924926426	0.9198767294	1.681288866
0.5085083383	0.4914916617	0.9201661234	1.680742887
0.5095093193	0.4904906807	0.9204558233	1.680194488
0.5105103003	0.4894896997	0.9207458146	1.679643689
0.5115112813	0.4884887187	0.921036083	1.679090506
0.5125122623	0.4874877377	0.9213266144	1.678534959
0.5135132432	0.4864867568	0.9216173948	1.677977064
0.5145142242	0.4854857758	0.9219084104	1.677416841
0.5155152052	0.4844847948	0.9221996475	1.676854305
0.5165161862	0.4834838138	0.9224910927	1.676289475
0.5175171672	0.4824828328	0.9227827326	1.675722369
0.5185181481	0.4814818519	0.923074554	1.675153004
0.5195191291	0.4804808709	0.9233665441	1.674581396
0.5205201101	0.4794798899	0.9236586897	1.674007564
0.5215210911	0.4784789089	0.9239509783	1.673431524
0.5225220721	0.4774779279	0.9242433973	1.672853293
0.5235230531	0.4764769469	0.9245359342	1.672272888
0.524524034	0.475475966	0.9248285768	1.671690326
0.525525015	0.474474985	0.9251213129	1.671105623
0.526525996	0.473474004	0.9254141306	1.670518797
0.527526977	0.472473023	0.9257070179	1.669929863
0.528527958	0.471472042	0.9259999631	1.669338839
0.5295289389	0.4704710611	0.9262929547	1.668745739
0.5305299199	0.4694700801	0.9265859812	1.668150581
0.5315309009	0.4684690991	0.9268790313	1.667553381
0.5325318819	0.4674681181	0.9271720938	1.666954155
0.5335328629	0.4664671371	0.9274651577	1.666352918
0.5345338438	0.4654661562	0.927758212	1.665749686
0.5355348248	0.4644651752	0.928051246	1.665144475
0.5365358058	0.4634641942	0.928344249	1.664537302
0.5375367868	0.4624632132	0.9286372103	1.66392818
0.5385377678	0.4614622322	0.9289301197	1.663317127
0.5395387487	0.4604612513	0.9292229668	1.662704157
0.5405397297	0.4594602703	0.9295157414	1.662089285
0.5415407107	0.4584592893	0.9298084336	1.661472527
0.5425416917	0.4574583083	0.9301010332	1.660853898
0.5435426727	0.4564573273	0.9303935306	1.660233412
0.5445436537	0.4554563463	0.9306859159	1.659611086
0.5455446346	0.4544553654	0.9309781797	1.658986933
0.5465456156	0.4534543844	0.9312703125	1.658360969
0.5475465966	0.4524534034	0.9315623048	1.657733207
0.5485475776	0.4514524224	0.9318541474	1.657103664
0.5495485586	0.4504514414	0.9321458311	1.656472352
0.5505495395	0.4494504605	0.9324373471	1.655839288
0.5515505205	0.4484494795	0.9327286861	1.655204484
0.5525515015	0.4474484985	0.9330198396	1.654567955
0.5535524825	0.4464475175	0.9333107987	1.653929716
0.5545534635	0.4454465365	0.9336015549	1.653289781
0.5555544444	0.4444455556	0.9338920996	1.652648163
0.5565554254	0.4434445746	0.9341824243	1.652004876
0.5575564064	0.4424435936	0.9344725209	1.651359935
0.5585573874	0.4414426126	0.934762381	1.650713353
0.5595583684	0.4404416316	0.9350519966	1.650065144
0.5605593493	0.4394406507	0.9353413597	1.649415321
0.5615603303	0.4384396697	0.9356304622	1.648763899
0.5625613113	0.4374386887	0.9359192965	1.648110889
0.5635622923	0.4364377077	0.9362078547	1.647456306
0.5645632733	0.4354367267	0.9364961293	1.646800164
0.5655642543	0.4344357457	0.9367841127	1.646142475
0.5665652352	0.4334347648	0.9370717973	1.645483252
0.5675662162	0.4324337838	0.9373591759	1.644822508
0.5685671972	0.4314328028	0.9376462412	1.644160257
0.5695681782	0.4304318218	0.9379329861	1.643496512
0.5705691592	0.4294308408	0.9382194032	1.642831285
0.5715701401	0.4284298599	0.9385054858	1.642164588
0.5725711211	0.4274288789	0.9387912269	1.641496436
0.5735721021	0.4264278979	0.9390766195	1.640826839
0.5745730831	0.4254269169	0.939361657	1.640155812
0.5755740641	0.4244259359	0.9396463327	1.639483365
0.576575045	0.423424955	0.9399306399	1.638809513
0.577576026	0.422423974	0.9402145722	1.638134266
0.578577007	0.421422993	0.9404981231	1.637457638
0.579577988	0.420422012	0.9407812864	1.63677964
0.580578969	0.419421031	0.9410640556	1.636100285
0.5815799499	0.4184200501	0.9413464246	1.635419584
0.5825809309	0.4174190691	0.9416283873	1.63473755
0.5835819119	0.4164180881	0.9419099377	1.634054194
0.5845828929	0.4154171071	0.9421910697	1.633369528
0.5855838739	0.4144161261	0.9424717775	1.632683565
0.5865848549	0.4134151451	0.9427520553	1.631996315
0.5875858358	0.4124141642	0.9430318973	1.63130779
0.5885868168	0.4114131832	0.9433112978	1.630618002
0.5895877978	0.4104122022	0.9435902513	1.629926963
0.5905887788	0.4094112212	0.9438687522	1.629234683
0.5915897598	0.4084102402	0.9441467951	1.628541174
0.5925907407	0.4074092593	0.9444243744	1.627846447
0.5935917217	0.4064082783	0.9447014851	1.627150514
0.5945927027	0.4054072973	0.9449781217	1.626453386
0.5955936837	0.4044063163	0.9452542791	1.625755074
0.5965946647	0.4034053353	0.9455299522	1.625055588
0.5975956456	0.4024043544	0.9458051358	1.62435494
0.5985966266	0.4014033734	0.9460798252	1.62365314
0.5995976076	0.4004023924	0.9463540152	1.6229502
0.6005985886	0.3994014114	0.9466277011	1.622246131
0.6015995696	0.3984004304	0.946900878	1.621540942
0.6026005506	0.3973994494	0.9471735412	1.620834644
0.6036015315	0.3963984685	0.947445686	1.620127249
0.6046025125	0.3953974875	0.9477173079	1.619418766
0.6056034935	0.3943965065	0.9479884023	1.618709206
0.6066044745	0.3933955255	0.9482589647	1.617998579
0.6076054555	0.3923945445	0.9485289906	1.617286896
0.6086064364	0.3913935636	0.9487984757	1.616574167
0.6096074174	0.3903925826	0.9490674156	1.615860402
0.6106083984	0.3893916016	0.9493358062	1.615145612
0.6116093794	0.3883906206	0.9496036433	1.614429805
0.6126103604	0.3873896396	0.9498709226	1.613712993
0.6136113413	0.3863886587	0.95013764	1.612995186
0.6146123223	0.3853876777	0.9504037917	1.612276392
0.6156133033	0.3843866967	0.9506693735	1.611556623
0.6166142843	0.3833857157	0.9509343817	1.610835887
0.6176152653	0.3823847347	0.9511988122	1.610114195
0.6186162462	0.3813837538	0.9514626613	1.609391556
0.6196172272	0.3803827728	0.9517259252	1.608667979
0.6206182082	0.3793817918	0.9519886003	1.607943476
0.6216191892	0.3783808108	0.9522506828	1.607218053
0.6226201702	0.3773798298	0.9525121692	1.606491723
0.6236211512	0.3763788488	0.9527730559	1.605764492
0.6246221321	0.3753778679	0.9530333394	1.605036372
0.6256231131	0.3743768869	0.9532930163	1.604307371
0.6266240941	0.3733759059	0.9535520831	1.603577498
0.6276250751	0.3723749249	0.9538105365	1.602846763
0.6286260561	0.3713739439	0.9540683731	1.602115174
0.629627037	0.370372963	0.9543255898	1.601382742
0.630628018	0.369371982	0.9545821833	1.600649473
0.631628999	0.368371001	0.9548381504	1.599915379
0.63262998	0.36737002	0.955093488	1.599180467
0.633630961	0.366369039	0.9553481931	1.598444746
0.6346319419	0.3653680581	0.9556022626	1.597708226
0.6356329229	0.3643670771	0.9558556936	1.596970914
0.6366339039	0.3633660961	0.956108483	1.59623282
0.6376348849	0.3623651151	0.956360628	1.595493952
0.6386358659	0.3613641341	0.9566121258	1.594754318
0.6396368468	0.3603631532	0.9568629735	1.594013928
0.6406378278	0.3593621722	0.9571131683	1.59327279
0.6416388088	0.3583611912	0.9573627077	1.592530911
0.6426397898	0.3573602102	0.9576115887	1.591788301
0.6436407708	0.3563592292	0.9578598089	1.591044968
0.6446417518	0.3553582482	0.9581073657	1.59030092
0.6456427327	0.3543572673	0.9583542564	1.589556165
0.6466437137	0.3533562863	0.9586004785	1.588810712
0.6476446947	0.3523553053	0.9588460297	1.588064568
0.6486456757	0.3513543243	0.9590909073	1.587317741
0.6496466567	0.3503533433	0.9593351091	1.586570241
0.6506476376	0.3493523624	0.9595786327	1.585822074
0.6516486186	0.3483513814	0.9598214757	1.585073248
0.6526495996	0.3473504004	0.9600636359	1.584323772
0.6536505806	0.3463494194	0.960305111	1.583573652
0.6546515616	0.3453484384	0.9605458988	1.582822898
0.6556525425	0.3443474575	0.9607859972	1.582071517
0.6566535235	0.3433464765	0.961025404	1.581319516
0.6576545045	0.3423454955	0.961264117	1.580566903
0.6586554855	0.3413445145	0.9615021343	1.579813686
0.6596564665	0.3403435335	0.9617394538	1.579059871
0.6606574474	0.3393425526	0.9619760736	1.578305468
0.6616584284	0.3383415716	0.9622119916	1.577550482
0.6626594094	0.3373405906	0.9624472059	1.576794923
0.6636603904	0.3363396096	0.9626817146	1.576038796
0.6646613714	0.3353386286	0.962915516	1.575282109
0.6656623524	0.3343376476	0.9631486081	1.574524869
0.6666633333	0.3333366667	0.9633809892	1.573767085
0.6676643143	0.3323356857	0.9636126575	1.573008762
0.6686652953	0.3313347047	0.9638436112	1.572249909
0.6696662763	0.3303337237	0.9640738488	1.571490531
0.6706672573	0.3293327427	0.9643033685	1.570730637
0.6716682382	0.3283317618	0.9645321687	1.569970233
0.6726692192	0.3273307808	0.9647602478	1.569209326
0.6736702002	0.3263297998	0.9649876043	1.568447923
0.6746711812	0.3253288188	0.9652142365	1.567686032
0.6756721622	0.3243278378	0.9654401431	1.566923658
0.6766731431	0.3233268569	0.9656653224	1.566160809
0.6776741241	0.3223258759	0.9658897731	1.565397491
0.6786751051	0.3213248949	0.9661134938	1.564633711
0.6796760861	0.3203239139	0.966336483	1.563869477
0.6806770671	0.3193229329	0.9665587394	1.563104793
0.681678048	0.318321952	0.9667802617	1.562339668
0.682679029	0.317320971	0.9670010486	1.561574107
0.68368001	0.31631999	0.9672210987	1.560808118
0.684680991	0.315319009	0.9674404109	1.560041706
0.685681972	0.314318028	0.9676589839	1.559274878
0.686682953	0.313317047	0.9678768165	1.55850764
0.6876839339	0.3123160661	0.9680939075	1.557739999
0.6886849149	0.3113150851	0.9683102559	1.556971962
0.6896858959	0.3103141041	0.9685258605	1.556203534
0.6906868769	0.3093131231	0.9687407202	1.555434721
0.6916878579	0.3083121421	0.9689548339	1.55466553
0.6926888388	0.3073111612	0.9691682007	1.553895968
0.6936898198	0.3063101802	0.9693808194	1.553126039
0.6946908008	0.3053091992	0.9695926892	1.552355751
0.6956917818	0.3043082182	0.969803809	1.551585109
0.6966927628	0.3033072372	0.970014178	1.550814119
0.6976937437	0.3023062563	0.9702237951	1.550042787
0.6986947247	0.3013052753	0.9704326596	1.54927112
0.6996957057	0.3003042943	0.9706407705	1.548499123
0.7006966867	0.2993033133	0.970848127	1.547726802
0.7016976677	0.2983023323	0.9710547284	1.546954162
0.7026986486	0.2973013514	0.9712605737	1.546181211
0.7036996296	0.2963003704	0.9714656622	1.545407952
0.7047006106	0.2952993894	0.9716699933	1.544634393
0.7057015916	0.2942984084	0.971873566	1.543860538
0.7067025726	0.2932974274	0.9720763799	1.543086394
0.7077035536	0.2922964464	0.9722784341	1.542311966
0.7087045345	0.2912954655	0.9724797279	1.54153726
0.7097055155	0.2902944845	0.9726802609	1.54076228
0.7107064965	0.2892935035	0.9728800323	1.539987034
0.7117074775	0.2882925225	0.9730790415	1.539211526
0.7127084585	0.2872915415	0.9732772881	1.538435761
0.7137094394	0.2862905606	0.9734747713	1.537659745
0.7147104204	0.2852895796	0.9736714907	1.536883484
0.7157114014	0.2842885986	0.9738674458	1.536106982
0.7167123824	0.2832876176	0.9740626361	1.535330246
0.7177133634	0.2822866366	0.9742570611	1.53455328
0.7187143443	0.2812856557	0.9744507203	1.533776089
0.7197153253	0.2802846747	0.9746436133	1.53299868
0.7207163063	0.2792836937	0.9748357398	1.532221056
0.7217172873	0.2782827127	0.9750270992	1.531443224
0.7227182683	0.2772817317	0.9752176912	1.530665187
0.7237192492	0.2762807508	0.9754075156	1.529886952
0.7247202302	0.2752797698	0.9755965718	1.529108524
0.7257212112	0.2742787888	0.9757848596	1.528329907
0.7267221922	0.2732778078	0.9759723788	1.527551106
0.7277231732	0.2722768268	0.9761591289	1.526772127
0.7287241542	0.2712758458	0.9763451099	1.525992974
0.7297251351	0.2702748649	0.9765303212	1.525213652
0.7307261161	0.2692738839	0.9767147629	1.524434166
0.7317270971	0.2682729029	0.9768984346	1.523654521
0.7327280781	0.2672719219	0.9770813362	1.522874722
0.7337290591	0.2662709409	0.9772634674	1.522094773
0.73473004	0.26526996	0.9774448281	1.52131468
0.735731021	0.264268979	0.9776254182	1.520534446
0.736732002	0.263267998	0.9778052375	1.519754077
0.737732983	0.262267017	0.9779842859	1.518973577
0.738733964	0.261266036	0.9781625633	1.518192951
0.7397349449	0.2602650551	0.9783400696	1.517412204
0.7407359259	0.2592640741	0.9785168048	1.516631339
0.7417369069	0.2582630931	0.9786927688	1.515850362
0.7427378879	0.2572621121	0.9788679616	1.515069278
0.7437388689	0.2562611311	0.9790423831	1.51428809
0.7447398498	0.2552601502	0.9792160334	1.513506803
0.7457408308	0.2542591692	0.9793889124	1.512725421
0.7467418118	0.2532581882	0.9795610202	1.511943949
0.7477427928	0.2522572072	0.9797323568	1.511162391
0.7487437738	0.2512562262	0.9799029222	1.510380752
0.7497447548	0.2502552452	0.9800727166	1.509599036
0.7507457357	0.2492542643	0.98024174	1.508817247
0.7517467167	0.2482532833	0.9804099925	1.50803539
0.7527476977	0.2472523023	0.9805774743	1.507253468
0.7537486787	0.2462513213	0.9807441853	1.506471485
0.7547496597	0.2452503403	0.9809101259	1.505689447
0.7557506406	0.2442493594	0.9810752961	1.504907357
0.7567516216	0.2432483784	0.981239696	1.50412522
0.7577526026	0.2422473974	0.981403326	1.503343038
0.7587535836	0.2412464164	0.9815661861	1.502560818
0.7597545646	0.2402454354	0.9817282766	1.501778561
0.7607555455	0.2392444545	0.9818895976	1.500996274
0.7617565265	0.2382434735	0.9820501495	1.500213958
0.7627575075	0.2372424925	0.9822099324	1.49943162
0.7637584885	0.2362415115	0.9823689466	1.498649261
0.7647594695	0.2352405305	0.9825271924	1.497866887
0.7657604505	0.2342395495	0.98268467	1.497084502
0.7667614314	0.2332385686	0.9828413798	1.496302108
0.7677624124	0.2322375876	0.982997322	1.49551971
0.7687633934	0.2312366066	0.9831524969	1.494737313
0.7697643744	0.2302356256	0.983306905	1.493954918
0.7707653554	0.2292346446	0.9834605464	1.493172531
0.7717663363	0.2282336637	0.9836134216	1.492390155
0.7727673173	0.2272326827	0.983765531	1.491607794
0.7737682983	0.2262317017	0.9839168748	1.490825451
0.7747692793	0.2252307207	0.9840674535	1.490043131
0.7757702603	0.2242297397	0.9842172675	1.489260836
0.7767712412	0.2232287588	0.9843663171	1.488478571
0.7777722222	0.2222277778	0.9845146028	1.487696339
0.7787732032	0.2212267968	0.9846621251	1.486914143
0.7797741842	0.2202258158	0.9848088843	1.486131987
0.7807751652	0.2192248348	0.9849548809	1.485349876
0.7817761461	0.2182238539	0.9851001153	1.484567811
0.7827771271	0.2172228729	0.9852445881	1.483785797
0.7837781081	0.2162218919	0.9853882996	1.483003837
0.7847790891	0.2152209109	0.9855312504	1.482221935
0.7857800701	0.2142199299	0.985673441	1.481440094
0.7867810511	0.2132189489	0.9858148719	1.480658317
0.787782032	0.212217968	0.9859555435	1.479876608
0.788783013	0.211216987	0.9860954565	1.47909497
0.789783994	0.210216006	0.9862346113	1.478313406
0.790784975	0.209215025	0.9863730086	1.477531921
0.791785956	0.208214044	0.9865106487	1.476750516
0.7927869369	0.2072130631	0.9866475324	1.475969195
0.7937879179	0.2062120821	0.9867836602	1.475187962
0.7947888989	0.2052111011	0.9869190326	1.47440682
0.7957898799	0.2042101201	0.9870536503	1.473625772
0.7967908609	0.2032091391	0.9871875138	1.472844821
0.7977918418	0.2022081582	0.9873206238	1.47206397
0.7987928228	0.2012071772	0.9874529808	1.471283223
0.7997938038	0.2002061962	0.9875845855	1.470502582
0.8007947848	0.1992052152	0.9877154385	1.469722051
0.8017957658	0.1982042342	0.9878455405	1.468941632
0.8027967467	0.1972032533	0.9879748921	1.468161329
0.8037977277	0.1962022723	0.988103494	1.467381145
0.8047987087	0.1952012913	0.9882313468	1.466601083
0.8057996897	0.1942003103	0.9883584511	1.465821146
0.8068006707	0.1931993293	0.9884848078	1.465041336
0.8078016517	0.1921983483	0.9886104174	1.464261657
0.8088026326	0.1911973674	0.9887352806	1.463482112
0.8098036136	0.1901963864	0.9888593982	1.462702703
0.8108045946	0.1891954054	0.9889827709	1.461923434
0.8118055756	0.1881944244	0.9891053993	1.461144307
0.8128065566	0.1871934434	0.9892272842	1.460365325
0.8138075375	0.1861924625	0.9893484264	1.459586492
0.8148085185	0.1851914815	0.9894688265	1.458807809
0.8158094995	0.1841905005	0.9895884853	1.45802928
0.8168104805	0.1831895195	0.9897074037	1.457250907
0.8178114615	0.1821885385	0.9898255822	1.456472693
0.8188124424	0.1811875576	0.9899430217	1.455694642
0.8198134234	0.1801865766	0.990059723	1.454916755
0.8208144044	0.1791855956	0.9901756868	1.454139035
0.8218153854	0.1781846146	0.9902909139	1.453361485
0.8228163664	0.1771836336	0.9904054051	1.452584108
0.8238173473	0.1761826527	0.9905191613	1.451806907
0.8248183283	0.1751816717	0.9906321831	1.451029883
0.8258193093	0.1741806907	0.9907444715	1.45025304
0.8268202903	0.1731797097	0.9908560272	1.449476381
0.8278212713	0.1721787287	0.9909668511	1.448699907
0.8288222523	0.1711777477	0.991076944	1.447923621
0.8298232332	0.1701767668	0.9911863067	1.447147526
0.8308242142	0.1691757858	0.99129494	1.446371625
0.8318251952	0.1681748048	0.9914028449	1.445595919
0.8328261762	0.1671738238	0.9915100221	1.444820412
0.8338271572	0.1661728428	0.9916164725	1.444045106
0.8348281381	0.1651718619	0.991722197	1.443270003
0.8358291191	0.1641708809	0.9918271965	1.442495106
0.8368301001	0.1631698999	0.9919314717	1.441720417
0.8378310811	0.1621689189	0.9920350237	1.440945939
0.8388320621	0.1611679379	0.9921378532	1.440171674
0.839833043	0.160166957	0.9922399613	1.439397624
0.840834024	0.159165976	0.9923413486	1.438623792
0.841835005	0.158164995	0.9924420163	1.43785018
0.842835986	0.157164014	0.9925419651	1.43707679
0.843836967	0.156163033	0.992641196	1.436303626
0.8448379479	0.1551620521	0.9927397098	1.435530688
0.8458389289	0.1541610711	0.9928375076	1.434757979
0.8468399099	0.1531600901	0.9929345902	1.433985502
0.8478408909	0.1521591091	0.9930309586	1.433213259
0.8488418719	0.1511581281	0.9931266137	1.432441252
0.8498428529	0.1501571471	0.9932215564	1.431669482
0.8508438338	0.1491561662	0.9933157876	1.430897954
0.8518448148	0.1481551852	0.9934093084	1.430126668
0.8528457958	0.1471542042	0.9935021197	1.429355627
0.8538467768	0.1461532232	0.9935942224	1.428584832
0.8548477578	0.1451522422	0.9936856174	1.427814287
0.8558487387	0.1441512613	0.9937763058	1.427043993
0.8568497197	0.1431502803	0.9938662886	1.426273952
0.8578507007	0.1421492993	0.9939555666	1.425504167
0.8588516817	0.1411483183	0.9940441409	1.424734639
0.8598526627	0.1401473373	0.9941320124	1.423965371
0.8608536436	0.1391463564	0.9942191821	1.423196364
0.8618546246	0.1381453754	0.9943056511	1.422427621
0.8628556056	0.1371443944	0.9943914203	1.421659144
0.8638565866	0.1361434134	0.9944764906	1.420890934
0.8648575676	0.1351424324	0.9945608632	1.420122994
0.8658585485	0.1341414515	0.994644539	1.419355325
0.8668595295	0.1331404705	0.9947275189	1.41858793
0.8678605105	0.1321394895	0.9948098041	1.41782081
0.8688614915	0.1311385085	0.9948913956	1.417053968
0.8698624725	0.1301375275	0.9949722942	1.416287405
0.8708634535	0.1291365465	0.9950525012	1.415521124
0.8718644344	0.1281355656	0.9951320174	1.414755126
0.8728654154	0.1271345846	0.995210844	1.413989412
0.8738663964	0.1261336036	0.9952889818	1.413223986
0.8748673774	0.1251326226	0.9953664321	1.412458848
0.8758683584	0.1241316416	0.9954431958	1.411694001
0.8768693393	0.1231306607	0.995519274	1.410929447
0.8778703203	0.1221296797	0.9955946676	1.410165186
0.8788713013	0.1211286987	0.9956693778	1.409401222
0.8798722823	0.1201277177	0.9957434056	1.408637555
0.8808732633	0.1191267367	0.995816752	1.407874188
0.8818742442	0.1181257558	0.9958894182	1.407111123
0.8828752252	0.1171247748	0.9959614051	1.40634836
0.8838762062	0.1161237938	0.9960327138	1.405585903
0.8848771872	0.1151228128	0.9961033453	1.404823752
0.8858781682	0.1141218318	0.9961733009	1.404061909
0.8868791491	0.1131208509	0.9962425814	1.403300376
0.8878801301	0.1121198699	0.996311188	1.402539154
0.8888811111	0.1111188889	0.9963791218	1.401778246
0.8898820921	0.1101179079	0.9964463838	1.401017653
0.8908830731	0.1091169269	0.9965129751	1.400257377
0.8918840541	0.1081159459	0.9965788968	1.399497418
0.892885035	0.107114965	0.99664415	1.39873778
0.893886016	0.106113984	0.9967087357	1.397978463
0.894886997	0.105113003	0.996772655	1.397219469
0.895887978	0.104112022	0.9968359091	1.3964608
0.896888959	0.103111041	0.9968984991	1.395702457
0.8978899399	0.1021100601	0.9969604259	1.394944442
0.8988909209	0.1011090791	0.9970216908	1.394186756
0.8998919019	0.1001080981	0.9970822947	1.393429401
0.9008928829	0.09910711712	0.9971422389	1.392672378
0.9018938639	0.09810613614	0.9972015244	1.391915689
0.9028948448	0.09710515516	0.9972601524	1.391159336
0.9038958258	0.09610417417	0.9973181238	1.390403319
0.9048968068	0.09510319319	0.9973754399	1.389647641
0.9058977878	0.09410221221	0.9974321017	1.388892303
0.9068987688	0.09310123123	0.9974881104	1.388137306
0.9078997497	0.09210025025	0.9975434671	1.387382652
0.9089007307	0.09109926927	0.9975981728	1.386628342
0.9099017117	0.09009828829	0.9976522288	1.385874377
0.9109026927	0.08909730731	0.9977056361	1.38512076
0.9119036737	0.08809632633	0.9977583958	1.384367491
0.9129046547	0.08709534535	0.9978105091	1.383614572
0.9139056356	0.08609436436	0.9978619771	1.382862004
0.9149066166	0.08509338338	0.9979128009	1.382109788
0.9159075976	0.0840924024	0.9979629816	1.381357927
0.9169085786	0.08309142142	0.9980125204	1.38060642
0.9179095596	0.08209044044	0.9980614185	1.379855271
0.9189105405	0.08108945946	0.9981096768	1.379104479
0.9199115215	0.08008847848	0.9981572966	1.378354046
0.9209125025	0.0790874975	0.998204279	1.377603974
0.9219134835	0.07808651652	0.9982506252	1.376854264
0.9229144645	0.07708553554	0.9982963362	1.376104917
0.9239154454	0.07608455455	0.9983414132	1.375355935
0.9249164264	0.07508357357	0.9983858574	1.374607318
0.9259174074	0.07408259259	0.9984296699	1.373859068
0.9269183884	0.07308161161	0.9984728518	1.373111186
0.9279193694	0.07208063063	0.9985154042	1.372363673
0.9289203504	0.07107964965	0.9985573284	1.371616532
0.9299213313	0.07007866867	0.9985986255	1.370869762
0.9309223123	0.06907768769	0.9986392965	1.370123365
0.9319232933	0.06807670671	0.9986793427	1.369377342
0.9329242743	0.06707572573	0.9987187652	1.368631695
0.9339252553	0.06607474474	0.9987575652	1.367886424
0.9349262362	0.06507376376	0.9987957438	1.367141531
0.9359272172	0.06407278278	0.9988333021	1.366397017
0.9369281982	0.0630718018	0.9988702413	1.365652883
0.9379291792	0.06207082082	0.9989065626	1.364909131
0.9389301602	0.06106983984	0.9989422671	1.36416576
0.9399311411	0.06006885886	0.9989773559	1.363422774
0.9409321221	0.05906787788	0.9990118303	1.362680171
0.9419331031	0.0580668969	0.9990456913	1.361937955
0.9429340841	0.05706591592	0.9990789402	1.361196125
0.9439350651	0.05606493493	0.9991115781	1.360454683
0.944936046	0.05506395395	0.9991436061	1.35971363
0.945937027	0.05406297297	0.9991750254	1.358972967
0.946938008	0.05306199199	0.9992058371	1.358232695
0.947938989	0.05206101101	0.9992360425	1.357492815
0.94893997	0.05106003003	0.9992656427	1.356753328
0.949940951	0.05005904905	0.9992946388	1.356014235
0.9509419319	0.04905806807	0.999323032	1.355275538
0.9519429129	0.04805708709	0.9993508235	1.354537237
0.9529438939	0.04705610611	0.9993780144	1.353799333
0.9539448749	0.04605512513	0.9994046059	1.353061827
0.9549458559	0.04505414414	0.9994305991	1.35232472
0.9559468368	0.04405316316	0.9994559953	1.351588013
0.9569478178	0.04305218218	0.9994807955	1.350851708
0.9579487988	0.0420512012	0.999505001	1.350115805
0.9589497798	0.04105022022	0.9995286129	1.349380304
0.9599507608	0.04004923924	0.9995516323	1.348645208
0.9609517417	0.03904825826	0.9995740605	1.347910517
0.9619527227	0.03804727728	0.9995958986	1.347176231
0.9629537037	0.0370462963	0.9996171477	1.346442352
0.9639546847	0.03604531532	0.9996378091	1.345708881
0.9649556657	0.03504433433	0.9996578839	1.344975818
0.9659566466	0.03404335335	0.9996773732	1.344243165
0.9669576276	0.03304237237	0.9996962783	1.343510923
0.9679586086	0.03204139139	0.9997146002	1.342779091
0.9689595896	0.03104041041	0.9997323403	1.342047672
0.9699605706	0.03003942943	0.9997494995	1.341316665
0.9709615516	0.02903844845	0.9997660792	1.340586073
0.9719625325	0.02803746747	0.9997820804	1.339855895
0.9729635135	0.02703648649	0.9997975043	1.339126133
0.9739644945	0.02603550551	0.9998123521	1.338396787
0.9749654755	0.02503452452	0.999826625	1.337667858
0.9759664565	0.02403354354	0.9998403241	1.336939347
0.9769674374	0.02303256256	0.9998534506	1.336211255
0.9779684184	0.02203158158	0.9998660056	1.335483583
0.9789693994	0.0210306006	0.9998779904	1.334756331
0.9799703804	0.02002961962	0.9998894061	1.3340295
0.9809713614	0.01902863864	0.9999002538	1.333303091
0.9819723423	0.01802765766	0.9999105347	1.332577105
0.9829733233	0.01702667668	0.9999202501	1.331851543
0.9839743043	0.0160256957	0.9999294009	1.331126404
0.9849752853	0.01502471471	0.9999379885	1.330401691
0.9859762663	0.01402373373	0.999946014	1.329677404
0.9869772472	0.01302275275	0.9999534785	1.328953543
0.9879782282	0.01202177177	0.9999603833	1.328230109
0.9889792092	0.01102079079	0.9999667294	1.327507103
0.9899801902	0.01001980981	0.999972518	1.326784526
0.9909811712	0.009018828829	0.9999777504	1.326062379
0.9919821522	0.008017847848	0.9999824276	1.325340661
0.9929831331	0.007016866867	0.9999865508	1.324619374
0.9939841141	0.006015885886	0.9999901213	1.323898519
0.9949850951	0.005014904905	0.9999931401	1.323178096
0.9959860761	0.004013923924	0.9999956084	1.322458106
0.9969870571	0.003012942943	0.9999975274	1.321738549
0.997988038	0.002011961962	0.9999988982	1.321019426
0.998989019	0.001010980981	0.999999722	1.320300739
0.99999	1e-05	1	1.319582486
